0.6098 	WARNING 	Monitor specification not found. Creating a temporary one...
23.4601 	EXP 	Created window1 = Window(allowGUI=False, allowStencil=False, autoLog=True, bitsMode=UNKNOWN, blendMode='avg', color=array([-0.7, -0.7, -0.7]), colorSpace='rgb', fullscr=UNKNOWN, gamma=None, lms=UNKNOWN, monitor=<psychopy.monitors.calibTools.Monitor object at 0x1AE3A030>, name='window1', pos=[0, 0], screen=0, size=array([1920, 1080]), stereo=False, units='deg', useFBO=False, useRetina=False, viewOri=0.0, viewPos=None, viewScale=None, waitBlanking=False, winType='pyglet')
23.4602 	INFO 	Mouse: using default window
23.4606 	EXP 	window1: units = 'norm'
23.5453 	EXP 	Created unnamed ImageStim = ImageStim(autoLog=True, color=array([ 1.,  1.,  1.]), colorSpace='rgb', contrast=1.0, depth=0, flipHoriz=False, flipVert=False, image=str(...), interpolate=False, mask=None, maskParams=None, name='unnamed ImageStim', opacity=1.0, ori=0.0, pos=array([-0.5,  0. ]), size=array([ 1.290625  ,  3.24814815]), texRes=128, units='norm', win=Window(...))
23.6234 	EXP 	Created unnamed ImageStim = ImageStim(autoLog=True, color=array([ 1.,  1.,  1.]), colorSpace='rgb', contrast=1.0, depth=0, flipHoriz=False, flipVert=False, image=str(...), interpolate=False, mask=None, maskParams=None, name='unnamed ImageStim', opacity=1.0, ori=0.0, pos=array([ 0.5,  0. ]), size=array([ 1.290625  ,  3.24814815]), texRes=128, units='norm', win=Window(...))
23.6401 	EXP 	Created OKrespZone = GratingStim(autoDraw=False, autoLog=True, color=array([ 1. ,  0.5,  0.5]), colorSpace='rgb', contrast=1.0, depth=0, interpolate=False, mask='gauss', maskParams=None, name='OKrespZone', opacity=1.0, ori=0.0, phase=array([ 0.,  0.]), pos=array([-0.2 , -0.92]), rgbPedestal=array([ 0.,  0.,  0.]), sf=array([ 0.,  0.]), size=array([ 2.3,  0.2]), tex='sin', texRes=256, units='norm', win=Window(...))
23.7826 	EXP 	unnamed ImageStim: size = (1, 2)
23.7826 	EXP 	unnamed ImageStim: size = (1, 2)
110.1597 	DATA 	Mouse: Left button down, pos=(812,52)
110.1761 	EXP 	window1: units = 'deg'
110.1763 	EXP 	window1: units = 'norm'
110.1977 	EXP 	Created OKrespZone = GratingStim(autoDraw=False, autoLog=True, color=array([ 1. ,  0.5,  0.5]), colorSpace='rgb', contrast=1.0, depth=0, interpolate=False, mask='gauss', maskParams=None, name='OKrespZone', opacity=1.0, ori=0.0, phase=array([ 0.,  0.]), pos=array([-0.2 , -0.92]), rgbPedestal=array([ 0.,  0.,  0.]), sf=array([ 0.,  0.]), size=array([ 2.3,  0.2]), tex='sin', texRes=256, units='norm', win=Window(...))
110.2782 	EXP 	Created unnamed ImageStim = ImageStim(autoLog=True, color=array([ 1.,  1.,  1.]), colorSpace='rgb', contrast=1.0, depth=0, flipHoriz=False, flipVert=False, image='abgdj\\PISandConsentForm\\consentForm.png', interpolate=False, mask=None, maskParams=None, name='unnamed ImageStim', opacity=1.0, ori=0.0, pos=array([ 0.,  0.]), size=array([ 1.3375    ,  2.97407407]), texRes=128, units='norm', win=Window(...))
110.3188 	EXP 	Created unnamed GratingStim = GratingStim(autoDraw=False, autoLog=True, color=array([ 1. ,  0.5,  0.5]), colorSpace='rgb', contrast=1.0, depth=0, interpolate=False, mask='gauss', maskParams=None, name='unnamed GratingStim', opacity=1.0, ori=0.0, phase=array([ 0.,  0.]), pos=array([-0.2 , -0.42]), rgbPedestal=array([ 0.,  0.,  0.]), sf=array([ 0.,  0.]), size=array([ 0.3,  0.2]), tex='sin', texRes=256, units='norm', win=Window(...))
110.3559 	EXP 	Created unnamed GratingStim = GratingStim(autoDraw=False, autoLog=True, color=array([ 1. ,  0.5,  0.5]), colorSpace='rgb', contrast=1.0, depth=0, interpolate=False, mask='gauss', maskParams=None, name='unnamed GratingStim', opacity=1.0, ori=0.0, phase=array([ 0.,  0.]), pos=array([ 0.1 , -0.42]), rgbPedestal=array([ 0.,  0.,  0.]), sf=array([ 0.,  0.]), size=array([ 0.3,  0.2]), tex='sin', texRes=256, units='norm', win=Window(...))
110.3777 	EXP 	Created unnamed GratingStim = GratingStim(autoDraw=False, autoLog=True, color=array([ 1. ,  0.5,  0.5]), colorSpace='rgb', contrast=1.0, depth=0, interpolate=False, mask='gauss', maskParams=None, name='unnamed GratingStim', opacity=1.0, ori=0.0, phase=array([ 0.,  0.]), pos=array([-0.2 , -0.72]), rgbPedestal=array([ 0.,  0.,  0.]), sf=array([ 0.,  0.]), size=array([ 0.3,  0.2]), tex='sin', texRes=256, units='norm', win=Window(...))
110.3993 	EXP 	Created unnamed GratingStim = GratingStim(autoDraw=False, autoLog=True, color=array([ 1. ,  0.5,  0.5]), colorSpace='rgb', contrast=1.0, depth=0, interpolate=False, mask='gauss', maskParams=None, name='unnamed GratingStim', opacity=1.0, ori=0.0, phase=array([ 0.,  0.]), pos=array([ 0.1 , -0.72]), rgbPedestal=array([ 0.,  0.,  0.]), sf=array([ 0.,  0.]), size=array([ 0.3,  0.2]), tex='sin', texRes=256, units='norm', win=Window(...))
110.4031 	DATA 	Mouse:  Left button up, pos=(813,52)
110.4092 	EXP 	unnamed ImageStim: size = (1.1, 2)
117.3098 	DATA 	Mouse: Left button down, pos=(788,313)
117.4095 	DATA 	Mouse:  Left button up, pos=(788,313)
121.9266 	DATA 	Mouse: Left button down, pos=(771,143)
122.0595 	DATA 	Mouse:  Left button up, pos=(771,143)
123.7435 	DATA 	Mouse: Left button down, pos=(770,37)
123.7595 	EXP 	window1: units = 'deg'
123.7659 	EXP 	window1: mouseVisible = True
145.0438 	EXP 	Created window1 = Window(allowGUI=False, allowStencil=False, autoLog=True, bitsMode=UNKNOWN, blendMode='avg', color=array([-0.7, -0.7, -0.7]), colorSpace='rgb', fullscr=UNKNOWN, gamma=None, lms=UNKNOWN, monitor=<psychopy.monitors.calibTools.Monitor object at 0x1AE3A030>, name='window1', pos=[0, 0], screen=0, size=array([1920, 1080]), stereo=False, units='deg', useFBO=False, useRetina=False, viewOri=0.0, viewPos=None, viewScale=None, waitBlanking=False, winType='pyglet')
149.4104 	INFO 	#[ PsychoPy2 RuntimeInfoStart ]
  #[[ PsychoPy ]] #---------
    psychopyVersion: 1.84.2
    psychopyHaveExtRush: True
  #[[ Experiment ]] #---------
    experimentAuthor: None
    experimentAuthVersion: None
    experimentRunTime: 2018_08_06 16:07 (Year_Month_Day Hour:Min)
    experimentRunTime.epoch: 1533535638
    experimentScript: psyc1002.py
    experimentScript.digestSHA1: 03993779484d600ea4c1b8cc2288f3d37a5025d5
    experimentScript.directory: U:\PSYC1002\abgdj
  #[[ System ]] #---------
    systemHaveInternetAccess: True
    systemHostName: W5FH2LG2
    systemLocale: English_United States.1252
    systemMemFreeRAM: 4187.3515625
    systemMemTotalRAM: 8076.9453125
    systemPlatform: windowsversion=sys.getwindowsversion(major=6, minor=2, build=9200, platform=2, service_pack='')
    systemPyo.InputDevices: {4: {'host api index': 2, 'latency': 0.008707483299076557, 'default sr': 44100, 'name': u'Realtek ASIO'}}
    systemPyo.OutputDevices: {0: {'host api index': 0, 'latency': 0.09000000357627869, 'default sr': 44100, 'name': u'Microsoft Sound Mapper - Output'}, 1: {'host api index': 0, 'latency': 0.09000000357627869, 'default sr': 44100, 'name': u'Speakers / Headphones (Realtek '}, 2: {'host api index': 1, 'latency': 0.11999999731779099, 'default sr': 44100, 'name': u'Primary Sound Driver'}, 3: {'host api index': 1, 'latency': 0.11999999731779099, 'default sr': 44100, 'name': u'Speakers / Headphones (Realtek High Definition Audio)'}, 4: {'host api index': 2, 'latency': 0.008707483299076557, 'default sr': 44100, 'name': u'Realtek ASIO'}, 5: {'host api index': 3, 'latency': 0.003000000026077032, 'default sr': 48000, 'name': u'Speakers / Headphones (Realtek High Definition Audio)'}}
    systemPyoVersion: 0.8.0
    systemRebooted: System Boot Time:          8/6/2018, 2:30:38 AM
    systemSec.pythonSSL: True
    systemTimeNumpySD1000000_sec: 0.0083
    systemUser: abul5306
    systemUserID: 1000
    systemUserProcCmdPid: LabStatsUserSpace.exe dwm.exe TiWorker.exe CmRcService.exe nierserver.exe LabStatsClient.exe tagsrv.exe SearchUI.exe OneDrive.exe nipxism.exe SettingSyncHost.exe WmiPrvSE.exe niLxiDiscovery.exe SecurityHealthService.exe redirector.exe server_admin.exe pc-client.exe lkads.exe svchost.exe smartscreen.exe ni_usbmon.exe AGSService.exe System SISIDSService.exe SelfServicePlugin.exe explorer.exe smss.exe ApplicationWebServer.exe RuntimeBroker.exe acrotray.exe niauth_daemon.exe cmd.exe nidmsrv.exe Receiver.exe SISIPSService.exe lktsrv.exe lsass.exe python.exe RtkNGUI64.exe sisipsutil.exe AdobeUpdateService.exe armsvc.exe policyHost.exe ssonsvr.exe concentr.exe nidevldu.exe taskhostw.exe ctfmon.exe RAVBg64.exe ''Memory Compression'' NIWebServiceContainer.exe nimxs.exe RtkAudioService64.exe SystemWebServer.exe tasklist.exe snowagent.exe CcmExec.exe SmcGui.exe nicitdl5.exe ''System Idle Process'' services.exe niDiscSvc.exe sqlwriter.exe MSASCuiL.exe SCNotification.exe nimdnsResponder.exe server_runtime.exe sihost.exe spoolsv.exe wininit.exe winlogon.exe ShellExperienceHost.exe nidevmon.exe SearchIndexer.exe csrss.exe TrustedInstaller.exe audiodg.exe fontdrvhost.exe dllhost.exe unsecapp.exe ccSvcHst.exe wfcrun32.exe nisvcloc.exe server_eventlog.exe lkcitdl.exe AuthManSvr.exe conhost.exe
    systemUserProcCount: 180
    systemUserProcFlagged: Explorer
    systemUsersCount: False
  #[[ Window ]] #---------
    windowWinType: pyglet
    windowWaitBlanking: False
    windowUseNativeGamma: True
    windowUnits: deg
    windowSize_pix: [1920 1080]
    windowScreen: 0
    windowRgb: [-0.7 -0.7 -0.7]
    windowRefreshTimeSD_ms: 0.169
    windowRefreshTimeMedian_ms: 16.664
    windowRefreshTimeAvg_ms: 16.668
    windowRefreshThreshold_sec: 0.0200
    windowRecordFrameIntervals: False
    windowPos_pix: [0, 0]
    windowMonitor.name: testmonitor
    windowMonitor.getWidth_cm: 57.0
    windowMonitor.getLinearizeMethod: 1
    windowMonitor.getGammaGrid: [[  0.   1.   1.  nan  nan  nan]
 [  0.   1.   1.  nan  nan  nan]
 [  0.   1.   1.  nan  nan  nan]
 [  0.   1.   1.  nan  nan  nan]]
    windowMonitor.getDistance_cm: 57.0
    windowMonitor.gammaInterpolator2: None
    windowMonitor.gammaInterpolator: None
    windowMonitor.currentCalibName: 2018_08_06 16:04
    windowIsFullScr: True
    windowHaveShaders: True
    windowAllowGUI: False
  #[[ Python ]] #---------
    pythonWxVersion: 3.0.2.0 msw (classic)
    pythonVersion: 2.7.11
    pythonScipyVersion: 0.17.1
    pythonPygletVersion: 1.2.4
    pythonPygameVersion: 1.9.2pre
    pythonNumpyVersion: 1.11.0
    pythonMatplotlibVersion: 1.5.1
    pythonFullVersion: 2.7.11 (v2.7.11:6d1b6a68f775, Dec  5 2015, 20:32:19) [MSC v.1500 32 bit (Intel)]
    pythonExecutable: C:\Program Files (x86)\PsychoPy2\python.exe
  #[[ OpenGL ]] #---------
    openGLVersion: 4.4.0 - Build 21.20.16.4627
    openGLVendor: Intel
    openGLRenderingEngine: Intel(R) HD Graphics 530
    openGLmaxVerticesInVertexArray: 1048576
    False: openGLext.GL_STEREO
    True: openGLext.GL_EXT_framebuffer_object
    True: openGLext.GL_ARB_vertex_shader
    True: openGLext.GL_ARB_texture_non_power_of_two
    True: openGLext.GL_ARB_texture_float
    True: openGLext.GL_ARB_shader_objects
    True: openGLext.GL_ARB_multitexture
    True: openGLext.GL_ARB_fragment_program
#[ PsychoPy2 RuntimeInfoEnd ]

149.4595 	EXP 	window1: recordFrameIntervals = True
150.2929 	EXP 	window1: recordFrameIntervals = False
150.2931 	INFO 	Frames per second ~=60.0, which is close enough to desired val of 60.0
150.7804 	EXP 	Created sequence: random, trialTypes=12, nReps=30, seed=None
150.9274 	INFO 	Mouse: using default window
150.9493 	EXP 	Created OKrespZone = GratingStim(autoDraw=False, autoLog=True, color=array([ 1.,  1.,  1.]), colorSpace='rgb', contrast=1.0, depth=0, interpolate=False, mask='gauss', maskParams=None, name='OKrespZone', opacity=1.0, ori=0.0, phase=array([ 0.,  0.]), pos=array([ 0.  ,  0.88]), rgbPedestal=array([ 0.,  0.,  0.]), sf=array([ 0.,  0.]), size=array([ 2. ,  0.2]), tex='sin', texRes=256, units='norm', win=Window(...))
186.8134 	DATA 	Mouse: Left button down, pos=(158,954)
186.9247 	DATA 	Mouse:  Left button up, pos=(158,954)
192.4453 	DATA 	Mouse: Left button down, pos=(107,189)
192.5887 	DATA 	Mouse:  Left button up, pos=(107,189)
195.6207 	DATA 	Mouse: Left button down, pos=(309,181)
195.7326 	DATA 	Mouse:  Left button up, pos=(309,181)
200.5490 	DATA 	Mouse: Left button down, pos=(323,464)
200.6606 	DATA 	Mouse:  Left button up, pos=(323,464)
201.6690 	DATA 	Mouse: Left button down, pos=(336,676)
201.7966 	DATA 	Mouse:  Left button up, pos=(336,676)
235.9568 	DATA 	Mouse: Left button down, pos=(916,395)
236.0606 	DATA 	Mouse:  Left button up, pos=(916,395)
243.1488 	DATA 	Mouse: Left button down, pos=(1135,403)
243.2446 	DATA 	Mouse:  Left button up, pos=(1135,403)
250.8608 	DATA 	Mouse: Left button down, pos=(1322,752)
251.0045 	DATA 	Mouse:  Left button up, pos=(1322,752)
254.1889 	DATA 	Mouse: Left button down, pos=(1493,682)
254.3646 	DATA 	Mouse:  Left button up, pos=(1493,682)
255.7569 	DATA 	Mouse: Left button down, pos=(1675,674)
255.8764 	DATA 	Mouse:  Left button up, pos=(1675,674)
267.8055 	DATA 	Mouse: Left button down, pos=(1737,336)
267.9005 	DATA 	Mouse:  Left button up, pos=(1737,336)
269.0456 	DATA 	Mouse: Left button down, pos=(1720,181)
269.1324 	DATA 	Mouse:  Left button up, pos=(1720,181)
270.0051 	DATA 	Mouse: Left button down, pos=(1712,48)
270.1006 	DATA 	Mouse:  Left button up, pos=(1712,48)
275.9977 	DATA 	Mouse: Left button down, pos=(720,747)
276.1165 	DATA 	Mouse:  Left button up, pos=(720,747)
277.0774 	DATA 	Mouse: Left button down, pos=(979,1010)
277.1377 	INFO 	Experiment will have 360 trials. Letters will be drawn with superposed noise of 0.00%
277.1559 	EXP 	New trial (rep=0, index=0): {'leftStreamFlip': False, 'oneTarget': True, 'trialInstructionPos': (0, -1), 'probe': 'both', 'rightStreamFlip': False, 'horizVert': False, 'ISIframes': 2, 'rightResponseFirst': True}
277.1560 	INFO 	Starting main part of experiment
277.1935 	DATA 	Mouse:  Left button up, pos=(979,1010)
278.3434 	INFO 	numtrials=360 and this trialDurFrames=28 or 466.666666667 ms  task=T1
280.2596 	EXP 	window1: recordFrameIntervals = False
280.2700 	INFO 	Mouse: using default window
284.0101 	DATA 	Keypress: lshift
284.1764 	DATA 	Keypress: a
285.1266 	DATA 	Keypress: r
285.6431 	DATA 	Keypress: e
285.8220 	EXP 	New trial (rep=0, index=1): {'leftStreamFlip': False, 'oneTarget': True, 'trialInstructionPos': (0, 1), 'probe': 'both', 'rightStreamFlip': False, 'horizVert': False, 'ISIframes': 2, 'rightResponseFirst': False}
295.3428 	INFO 	numtrials=360 and this trialDurFrames=22 or 366.666666667 ms  task=T1
297.3594 	EXP 	window1: recordFrameIntervals = False
297.3678 	INFO 	Mouse: using default window
300.1263 	DATA 	Keypress: a
300.2775 	DATA 	Keypress: i
300.5435 	DATA 	Keypress: r
300.6886 	EXP 	New trial (rep=0, index=2): {'leftStreamFlip': False, 'oneTarget': False, 'trialInstructionPos': (0, -1), 'probe': 'both', 'rightStreamFlip': False, 'horizVert': False, 'ISIframes': 2, 'rightResponseFirst': True}
300.7098 	INFO 	numtrials=360 and this trialDurFrames=18 or 300.0 ms  task=T1
302.5430 	EXP 	window1: recordFrameIntervals = False
302.5515 	INFO 	Mouse: using default window
307.0097 	DATA 	Keypress: a
307.2598 	DATA 	Keypress: i
307.6764 	DATA 	Keypress: m
309.6431 	DATA 	Keypress: o
309.8430 	DATA 	Keypress: l
309.9430 	DATA 	Keypress: d
310.0887 	EXP 	New trial (rep=0, index=3): {'leftStreamFlip': False, 'oneTarget': True, 'trialInstructionPos': (0, 1), 'probe': 'both', 'rightStreamFlip': False, 'horizVert': False, 'ISIframes': 2, 'rightResponseFirst': True}
310.1097 	INFO 	numtrials=360 and this trialDurFrames=18 or 300.0 ms  task=T1
311.3429 	EXP 	window1: recordFrameIntervals = False
311.3513 	INFO 	Mouse: using default window
313.5930 	DATA 	Keypress: n
313.7263 	DATA 	Keypress: e
314.5264 	DATA 	Keypress: t
314.6680 	EXP 	New trial (rep=0, index=4): {'leftStreamFlip': False, 'oneTarget': False, 'trialInstructionPos': (0, 1), 'probe': 'both', 'rightStreamFlip': False, 'horizVert': False, 'ISIframes': 2, 'rightResponseFirst': True}
323.0262 	INFO 	numtrials=360 and this trialDurFrames=14 or 233.333333333 ms  task=T1
324.2930 	EXP 	window1: recordFrameIntervals = False
324.3012 	INFO 	Mouse: using default window
325.9932 	DATA 	Keypress: t
326.2609 	DATA 	Keypress: e
326.3930 	DATA 	Keypress: n
327.8099 	DATA 	Keypress: s
327.9098 	DATA 	Keypress: i
329.6596 	DATA 	Keypress: n
329.8032 	EXP 	New trial (rep=0, index=5): {'leftStreamFlip': False, 'oneTarget': False, 'trialInstructionPos': (0, 1), 'probe': 'both', 'rightStreamFlip': False, 'horizVert': False, 'ISIframes': 2, 'rightResponseFirst': True}
329.8256 	INFO 	numtrials=360 and this trialDurFrames=4 or 66.6666666667 ms  task=T1
330.9094 	EXP 	window1: recordFrameIntervals = False
330.9180 	INFO 	Mouse: using default window
333.0263 	DATA 	Keypress: p
333.1931 	DATA 	Keypress: a
333.5431 	DATA 	Keypress: w
334.5771 	DATA 	Keypress: s
335.0096 	DATA 	Keypress: e
335.1265 	DATA 	Keypress: e
335.2696 	EXP 	New trial (rep=0, index=6): {'leftStreamFlip': False, 'oneTarget': True, 'trialInstructionPos': (0, -1), 'probe': 'both', 'rightStreamFlip': False, 'horizVert': False, 'ISIframes': 2, 'rightResponseFirst': False}
335.2923 	INFO 	numtrials=360 and this trialDurFrames=5 or 83.3333333333 ms  task=T1
336.3429 	EXP 	window1: recordFrameIntervals = False
336.3517 	INFO 	Mouse: using default window
337.6596 	DATA 	Keypress: r
338.1096 	DATA 	Keypress: a
339.0934 	DATA 	Keypress: t
339.2385 	EXP 	New trial (rep=0, index=7): {'leftStreamFlip': False, 'oneTarget': False, 'trialInstructionPos': (0, 1), 'probe': 'both', 'rightStreamFlip': False, 'horizVert': False, 'ISIframes': 2, 'rightResponseFirst': False}
339.2591 	INFO 	numtrials=360 and this trialDurFrames=4 or 66.6666666667 ms  task=T1
340.4596 	EXP 	window1: recordFrameIntervals = False
340.4679 	INFO 	Mouse: using default window
341.9763 	DATA 	Keypress: w
342.2264 	DATA 	Keypress: e
342.5263 	DATA 	Keypress: t
343.4599 	DATA 	Keypress: a
343.5931 	DATA 	Keypress: i
343.7931 	DATA 	Keypress: d
343.9372 	EXP 	New trial (rep=0, index=8): {'leftStreamFlip': False, 'oneTarget': False, 'trialInstructionPos': (0, -1), 'probe': 'both', 'rightStreamFlip': False, 'horizVert': False, 'ISIframes': 2, 'rightResponseFirst': True}
343.9587 	INFO 	numtrials=360 and this trialDurFrames=4 or 66.6666666667 ms  task=T1
344.9761 	EXP 	window1: recordFrameIntervals = False
344.9850 	INFO 	Mouse: using default window
347.0263 	DATA 	Keypress: h
347.1764 	DATA 	Keypress: i
347.4596 	DATA 	Keypress: p
348.8597 	DATA 	Keypress: f
348.9763 	DATA 	Keypress: o
349.1932 	DATA 	Keypress: g
349.3382 	EXP 	New trial (rep=0, index=9): {'leftStreamFlip': False, 'oneTarget': False, 'trialInstructionPos': (0, -1), 'probe': 'both', 'rightStreamFlip': False, 'horizVert': False, 'ISIframes': 2, 'rightResponseFirst': False}
349.3590 	INFO 	numtrials=360 and this trialDurFrames=4 or 66.6666666667 ms  task=T1
350.4594 	EXP 	window1: recordFrameIntervals = False
350.4676 	INFO 	Mouse: using default window
352.3264 	DATA 	Keypress: s
352.4931 	DATA 	Keypress: i
352.6596 	DATA 	Keypress: n
353.8610 	DATA 	Keypress: h
354.2430 	DATA 	Keypress: o
354.4431 	DATA 	Keypress: t
354.5903 	EXP 	New trial (rep=0, index=10): {'leftStreamFlip': False, 'oneTarget': False, 'trialInstructionPos': (0, 1), 'probe': 'both', 'rightStreamFlip': False, 'horizVert': False, 'ISIframes': 2, 'rightResponseFirst': False}
354.6087 	INFO 	numtrials=360 and this trialDurFrames=4 or 66.6666666667 ms  task=T1
355.6761 	EXP 	window1: recordFrameIntervals = False
355.6854 	INFO 	Mouse: using default window
357.4097 	DATA 	Keypress: r
357.5269 	DATA 	Keypress: u
357.7264 	DATA 	Keypress: g
358.6097 	DATA 	Keypress: c
358.9432 	DATA 	Keypress: a
359.3097 	DATA 	Keypress: r
359.4531 	EXP 	New trial (rep=0, index=11): {'leftStreamFlip': False, 'oneTarget': False, 'trialInstructionPos': (0, -1), 'probe': 'both', 'rightStreamFlip': False, 'horizVert': False, 'ISIframes': 2, 'rightResponseFirst': False}
359.4756 	INFO 	numtrials=360 and this trialDurFrames=3 or 50.0 ms  task=T1
360.6760 	EXP 	window1: recordFrameIntervals = False
360.6846 	INFO 	Mouse: using default window
362.9765 	DATA 	Keypress: t
363.2097 	DATA 	Keypress: e
363.5763 	DATA 	Keypress: a
364.4264 	DATA 	Keypress: m
364.5602 	DATA 	Keypress: a
364.7272 	DATA 	Keypress: p
364.8733 	EXP 	New trial (rep=1, index=0): {'leftStreamFlip': False, 'oneTarget': False, 'trialInstructionPos': (0, -1), 'probe': 'both', 'rightStreamFlip': False, 'horizVert': False, 'ISIframes': 2, 'rightResponseFirst': True}
364.8922 	INFO 	numtrials=360 and this trialDurFrames=3 or 50.0 ms  task=T1
365.9431 	EXP 	window1: recordFrameIntervals = False
365.9510 	INFO 	Mouse: using default window
368.5931 	DATA 	Keypress: p
368.7930 	DATA 	Keypress: a
369.2440 	DATA 	Keypress: s
370.3597 	DATA 	Keypress: l
370.6098 	DATA 	Keypress: o
370.7098 	DATA 	Keypress: g
370.8550 	EXP 	New trial (rep=1, index=1): {'leftStreamFlip': False, 'oneTarget': False, 'trialInstructionPos': (0, -1), 'probe': 'both', 'rightStreamFlip': False, 'horizVert': False, 'ISIframes': 2, 'rightResponseFirst': True}
370.8756 	INFO 	numtrials=360 and this trialDurFrames=4 or 66.6666666667 ms  task=T1
371.9430 	EXP 	window1: recordFrameIntervals = False
371.9519 	INFO 	Mouse: using default window
374.6432 	DATA 	Keypress: c
375.0431 	DATA 	Keypress: a
375.4431 	DATA 	Keypress: s
376.5598 	DATA 	Keypress: s
376.9763 	DATA 	Keypress: h
377.4933 	DATA 	Keypress: y
377.6377 	EXP 	New trial (rep=1, index=2): {'leftStreamFlip': False, 'oneTarget': False, 'trialInstructionPos': (0, 1), 'probe': 'both', 'rightStreamFlip': False, 'horizVert': False, 'ISIframes': 2, 'rightResponseFirst': False}
377.6589 	INFO 	numtrials=360 and this trialDurFrames=4 or 66.6666666667 ms  task=T1
378.8428 	EXP 	window1: recordFrameIntervals = False
378.8515 	INFO 	Mouse: using default window
380.4764 	DATA 	Keypress: g
380.6611 	DATA 	Keypress: u
380.9263 	DATA 	Keypress: y
381.8431 	DATA 	Keypress: f
382.0930 	DATA 	Keypress: e
382.3598 	DATA 	Keypress: w
382.5039 	EXP 	New trial (rep=1, index=3): {'leftStreamFlip': False, 'oneTarget': False, 'trialInstructionPos': (0, -1), 'probe': 'both', 'rightStreamFlip': False, 'horizVert': False, 'ISIframes': 2, 'rightResponseFirst': False}
382.5258 	INFO 	numtrials=360 and this trialDurFrames=3 or 50.0 ms  task=T1
383.6929 	EXP 	window1: recordFrameIntervals = False
383.7014 	INFO 	Mouse: using default window
384.9931 	DATA 	Keypress: o
385.1931 	DATA 	Keypress: i
385.4609 	DATA 	Keypress: l
386.6932 	DATA 	Keypress: m
386.8125 	DATA 	Keypress: e
387.1097 	DATA 	Keypress: t
387.2565 	EXP 	New trial (rep=1, index=4): {'leftStreamFlip': False, 'oneTarget': False, 'trialInstructionPos': (0, 1), 'probe': 'both', 'rightStreamFlip': False, 'horizVert': False, 'ISIframes': 2, 'rightResponseFirst': True}
387.2756 	INFO 	numtrials=360 and this trialDurFrames=3 or 50.0 ms  task=T1
388.4595 	EXP 	window1: recordFrameIntervals = False
388.4676 	INFO 	Mouse: using default window
389.8598 	DATA 	Keypress: s
390.1763 	DATA 	Keypress: a
390.4930 	DATA 	Keypress: w
391.6598 	DATA 	Keypress: b
391.8097 	DATA 	Keypress: u
391.9264 	DATA 	Keypress: t
392.0705 	EXP 	New trial (rep=1, index=5): {'leftStreamFlip': False, 'oneTarget': True, 'trialInstructionPos': (0, -1), 'probe': 'both', 'rightStreamFlip': False, 'horizVert': False, 'ISIframes': 2, 'rightResponseFirst': False}
392.0926 	INFO 	numtrials=360 and this trialDurFrames=3 or 50.0 ms  task=T1
393.1929 	EXP 	window1: recordFrameIntervals = False
393.2016 	INFO 	Mouse: using default window
398.1097 	DATA 	Keypress: c
398.4263 	DATA 	Keypress: a
398.8097 	DATA 	Keypress: t
398.9565 	EXP 	New trial (rep=1, index=6): {'leftStreamFlip': False, 'oneTarget': False, 'trialInstructionPos': (0, 1), 'probe': 'both', 'rightStreamFlip': False, 'horizVert': False, 'ISIframes': 2, 'rightResponseFirst': True}
398.9755 	INFO 	numtrials=360 and this trialDurFrames=3 or 50.0 ms  task=T1
400.0093 	EXP 	window1: recordFrameIntervals = False
400.0178 	INFO 	Mouse: using default window
402.0100 	DATA 	Keypress: b
402.2097 	DATA 	Keypress: a
402.3266 	DATA 	Keypress: y
403.5596 	DATA 	Keypress: r
403.9265 	DATA 	Keypress: i
404.0763 	DATA 	Keypress: t
404.2227 	EXP 	New trial (rep=1, index=7): {'leftStreamFlip': False, 'oneTarget': True, 'trialInstructionPos': (0, 1), 'probe': 'both', 'rightStreamFlip': False, 'horizVert': False, 'ISIframes': 2, 'rightResponseFirst': False}
404.2423 	INFO 	numtrials=360 and this trialDurFrames=4 or 66.6666666667 ms  task=T1
405.3761 	EXP 	window1: recordFrameIntervals = False
405.3847 	INFO 	Mouse: using default window
406.4763 	DATA 	Keypress: w
406.8433 	DATA 	Keypress: a
407.0264 	DATA 	Keypress: y
407.1674 	EXP 	New trial (rep=1, index=8): {'leftStreamFlip': False, 'oneTarget': False, 'trialInstructionPos': (0, -1), 'probe': 'both', 'rightStreamFlip': False, 'horizVert': False, 'ISIframes': 2, 'rightResponseFirst': False}
407.1923 	INFO 	numtrials=360 and this trialDurFrames=4 or 66.6666666667 ms  task=T1
408.3095 	EXP 	window1: recordFrameIntervals = False
408.3180 	INFO 	Mouse: using default window
411.2443 	DATA 	Keypress: r
411.3763 	DATA 	Keypress: o
411.5097 	DATA 	Keypress: t
412.4597 	DATA 	Keypress: m
412.7762 	DATA 	Keypress: i
412.9432 	DATA 	Keypress: x
413.0884 	EXP 	New trial (rep=1, index=9): {'leftStreamFlip': False, 'oneTarget': False, 'trialInstructionPos': (0, 1), 'probe': 'both', 'rightStreamFlip': False, 'horizVert': False, 'ISIframes': 2, 'rightResponseFirst': False}
413.1088 	INFO 	numtrials=360 and this trialDurFrames=3 or 50.0 ms  task=T1
414.2761 	EXP 	window1: recordFrameIntervals = False
414.2843 	INFO 	Mouse: using default window
415.4436 	DATA 	Keypress: e
415.6596 	DATA 	Keypress: a
415.9763 	DATA 	Keypress: t
417.2271 	DATA 	Keypress: g
417.3764 	DATA 	Keypress: a
417.5097 	DATA 	Keypress: y
417.6547 	EXP 	New trial (rep=1, index=10): {'leftStreamFlip': False, 'oneTarget': True, 'trialInstructionPos': (0, 1), 'probe': 'both', 'rightStreamFlip': False, 'horizVert': False, 'ISIframes': 2, 'rightResponseFirst': True}
417.6756 	INFO 	numtrials=360 and this trialDurFrames=3 or 50.0 ms  task=T1
418.8594 	EXP 	window1: recordFrameIntervals = False
418.8675 	INFO 	Mouse: using default window
421.1598 	DATA 	Keypress: i
421.2598 	DATA 	Keypress: d
421.4263 	DATA 	Keypress: k
421.5681 	EXP 	New trial (rep=1, index=11): {'leftStreamFlip': False, 'oneTarget': True, 'trialInstructionPos': (0, -1), 'probe': 'both', 'rightStreamFlip': False, 'horizVert': False, 'ISIframes': 2, 'rightResponseFirst': True}
421.5922 	INFO 	numtrials=360 and this trialDurFrames=4 or 66.6666666667 ms  task=T1
422.6762 	EXP 	window1: recordFrameIntervals = False
422.6846 	INFO 	Mouse: using default window
423.7597 	DATA 	Keypress: f
424.0263 	DATA 	Keypress: e
424.1596 	DATA 	Keypress: e
424.3021 	EXP 	New trial (rep=2, index=0): {'leftStreamFlip': False, 'oneTarget': False, 'trialInstructionPos': (0, -1), 'probe': 'both', 'rightStreamFlip': False, 'horizVert': False, 'ISIframes': 2, 'rightResponseFirst': False}
424.3257 	INFO 	numtrials=360 and this trialDurFrames=4 or 66.6666666667 ms  task=T1
425.3927 	EXP 	window1: recordFrameIntervals = False
425.4013 	INFO 	Mouse: using default window
426.6596 	DATA 	Keypress: t
426.9096 	DATA 	Keypress: o
427.0432 	DATA 	Keypress: o
428.1097 	DATA 	Keypress: b
428.7268 	DATA 	Keypress: i
428.8929 	DATA 	Keypress: d
429.0378 	EXP 	New trial (rep=2, index=1): {'leftStreamFlip': False, 'oneTarget': False, 'trialInstructionPos': (0, -1), 'probe': 'both', 'rightStreamFlip': False, 'horizVert': False, 'ISIframes': 2, 'rightResponseFirst': False}
429.0588 	INFO 	numtrials=360 and this trialDurFrames=4 or 66.6666666667 ms  task=T1
430.0761 	EXP 	window1: recordFrameIntervals = False
430.0847 	INFO 	Mouse: using default window
431.5098 	DATA 	Keypress: f
431.6264 	DATA 	Keypress: i
431.7596 	DATA 	Keypress: t
432.3432 	DATA 	Keypress: m
432.4764 	DATA 	Keypress: a
432.6263 	DATA 	Keypress: p
432.7706 	EXP 	New trial (rep=2, index=2): {'leftStreamFlip': False, 'oneTarget': True, 'trialInstructionPos': (0, 1), 'probe': 'both', 'rightStreamFlip': False, 'horizVert': False, 'ISIframes': 2, 'rightResponseFirst': False}
432.7921 	INFO 	numtrials=360 and this trialDurFrames=4 or 66.6666666667 ms  task=T1
433.9594 	EXP 	window1: recordFrameIntervals = False
433.9678 	INFO 	Mouse: using default window
435.2096 	DATA 	Keypress: s
435.4097 	DATA 	Keypress: p
435.9098 	DATA 	Keypress: y
436.0517 	EXP 	New trial (rep=2, index=3): {'leftStreamFlip': False, 'oneTarget': True, 'trialInstructionPos': (0, -1), 'probe': 'both', 'rightStreamFlip': False, 'horizVert': False, 'ISIframes': 2, 'rightResponseFirst': False}
436.0762 	INFO 	numtrials=360 and this trialDurFrames=4 or 66.6666666667 ms  task=T1
437.2762 	EXP 	window1: recordFrameIntervals = False
437.2845 	INFO 	Mouse: using default window
440.4263 	DATA 	Keypress: i
440.6098 	DATA 	Keypress: d
440.7597 	DATA 	Keypress: k
440.9026 	EXP 	New trial (rep=2, index=4): {'leftStreamFlip': False, 'oneTarget': False, 'trialInstructionPos': (0, -1), 'probe': 'both', 'rightStreamFlip': False, 'horizVert': False, 'ISIframes': 2, 'rightResponseFirst': True}
440.9253 	INFO 	numtrials=360 and this trialDurFrames=4 or 66.6666666667 ms  task=T1
441.9096 	EXP 	window1: recordFrameIntervals = False
441.9180 	INFO 	Mouse: using default window
443.5930 	DATA 	Keypress: t
443.7096 	DATA 	Keypress: a
443.9934 	DATA 	Keypress: x
444.9597 	DATA 	Keypress: r
445.0930 	DATA 	Keypress: i
445.4446 	DATA 	Keypress: t
445.6018 	EXP 	New trial (rep=2, index=5): {'leftStreamFlip': False, 'oneTarget': True, 'trialInstructionPos': (0, 1), 'probe': 'both', 'rightStreamFlip': False, 'horizVert': False, 'ISIframes': 2, 'rightResponseFirst': True}
445.6255 	INFO 	numtrials=360 and this trialDurFrames=4 or 66.6666666667 ms  task=T1
446.8262 	EXP 	window1: recordFrameIntervals = False
446.8344 	INFO 	Mouse: using default window
448.2610 	DATA 	Keypress: r
448.3597 	DATA 	Keypress: u
448.6627 	DATA 	Keypress: b
448.8194 	EXP 	New trial (rep=2, index=6): {'leftStreamFlip': False, 'oneTarget': False, 'trialInstructionPos': (0, 1), 'probe': 'both', 'rightStreamFlip': False, 'horizVert': False, 'ISIframes': 2, 'rightResponseFirst': True}
448.8422 	INFO 	numtrials=360 and this trialDurFrames=4 or 66.6666666667 ms  task=T1
449.9261 	EXP 	window1: recordFrameIntervals = False
449.9348 	INFO 	Mouse: using default window
451.3263 	DATA 	Keypress: t
451.7763 	DATA 	Keypress: i
451.9098 	DATA 	Keypress: i
453.1431 	DATA 	Keypress: k
453.3432 	DATA 	Keypress: i
453.4264 	DATA 	Keypress: d
453.5715 	EXP 	New trial (rep=2, index=7): {'leftStreamFlip': False, 'oneTarget': False, 'trialInstructionPos': (0, 1), 'probe': 'both', 'rightStreamFlip': False, 'horizVert': False, 'ISIframes': 2, 'rightResponseFirst': False}
453.5924 	INFO 	numtrials=360 and this trialDurFrames=4 or 66.6666666667 ms  task=T1
454.7595 	EXP 	window1: recordFrameIntervals = False
454.7683 	INFO 	Mouse: using default window
455.9266 	DATA 	Keypress: r
456.6607 	DATA 	Keypress: e
456.8263 	DATA 	Keypress: y
457.9596 	DATA 	Keypress: h
458.2097 	DATA 	Keypress: o
458.4097 	DATA 	Keypress: p
458.5547 	EXP 	New trial (rep=2, index=8): {'leftStreamFlip': False, 'oneTarget': False, 'trialInstructionPos': (0, 1), 'probe': 'both', 'rightStreamFlip': False, 'horizVert': False, 'ISIframes': 2, 'rightResponseFirst': False}
458.5754 	INFO 	numtrials=360 and this trialDurFrames=4 or 66.6666666667 ms  task=T1
459.6095 	EXP 	window1: recordFrameIntervals = False
459.6180 	INFO 	Mouse: using default window
461.2430 	DATA 	Keypress: a
461.3763 	DATA 	Keypress: t
461.5596 	DATA 	Keypress: e
462.5263 	DATA 	Keypress: l
462.7097 	DATA 	Keypress: a
463.0932 	DATA 	Keypress: w
463.2392 	EXP 	New trial (rep=2, index=9): {'leftStreamFlip': False, 'oneTarget': False, 'trialInstructionPos': (0, 1), 'probe': 'both', 'rightStreamFlip': False, 'horizVert': False, 'ISIframes': 2, 'rightResponseFirst': True}
463.2589 	INFO 	numtrials=360 and this trialDurFrames=4 or 66.6666666667 ms  task=T1
464.2762 	EXP 	window1: recordFrameIntervals = False
464.2842 	INFO 	Mouse: using default window
465.5265 	DATA 	Keypress: a
465.5930 	DATA 	Keypress: s
466.5096 	DATA 	Keypress: k
467.4431 	DATA 	Keypress: y
467.5432 	DATA 	Keypress: e
467.6596 	DATA 	Keypress: t
467.8047 	EXP 	New trial (rep=2, index=10): {'leftStreamFlip': False, 'oneTarget': True, 'trialInstructionPos': (0, -1), 'probe': 'both', 'rightStreamFlip': False, 'horizVert': False, 'ISIframes': 2, 'rightResponseFirst': True}
467.8260 	INFO 	numtrials=360 and this trialDurFrames=4 or 66.6666666667 ms  task=T1
469.0096 	EXP 	window1: recordFrameIntervals = False
469.0181 	INFO 	Mouse: using default window
470.1431 	DATA 	Keypress: s
470.4264 	DATA 	Keypress: e
470.6764 	DATA 	Keypress: x
470.8207 	EXP 	New trial (rep=2, index=11): {'leftStreamFlip': False, 'oneTarget': False, 'trialInstructionPos': (0, -1), 'probe': 'both', 'rightStreamFlip': False, 'horizVert': False, 'ISIframes': 2, 'rightResponseFirst': True}
470.8421 	INFO 	numtrials=360 and this trialDurFrames=4 or 66.6666666667 ms  task=T1
471.9594 	EXP 	window1: recordFrameIntervals = False
471.9679 	INFO 	Mouse: using default window
473.4430 	DATA 	Keypress: t
473.7763 	DATA 	Keypress: a
473.9431 	DATA 	Keypress: n
474.6932 	DATA 	Keypress: t
474.8430 	DATA 	Keypress: o
475.0432 	DATA 	Keypress: n
475.1901 	EXP 	New trial (rep=3, index=0): {'leftStreamFlip': False, 'oneTarget': False, 'trialInstructionPos': (0, -1), 'probe': 'both', 'rightStreamFlip': False, 'horizVert': False, 'ISIframes': 2, 'rightResponseFirst': True}
475.2088 	INFO 	numtrials=360 and this trialDurFrames=4 or 66.6666666667 ms  task=T1
476.3427 	EXP 	window1: recordFrameIntervals = False
476.3511 	INFO 	Mouse: using default window
477.9097 	DATA 	Keypress: h
478.0930 	DATA 	Keypress: i
478.7763 	DATA 	Keypress: p
479.6763 	DATA 	Keypress: d
479.7598 	DATA 	Keypress: o
479.9596 	DATA 	Keypress: g
480.1039 	EXP 	New trial (rep=3, index=1): {'leftStreamFlip': False, 'oneTarget': False, 'trialInstructionPos': (0, 1), 'probe': 'both', 'rightStreamFlip': False, 'horizVert': False, 'ISIframes': 2, 'rightResponseFirst': True}
480.1252 	INFO 	numtrials=360 and this trialDurFrames=4 or 66.6666666667 ms  task=T1
481.2094 	EXP 	window1: recordFrameIntervals = False
481.2180 	INFO 	Mouse: using default window
482.3597 	DATA 	Keypress: p
482.5430 	DATA 	Keypress: a
483.8763 	DATA 	Keypress: m
484.8931 	DATA 	Keypress: g
485.1931 	DATA 	Keypress: y
485.5098 	DATA 	Keypress: m
485.6543 	EXP 	New trial (rep=3, index=2): {'leftStreamFlip': False, 'oneTarget': True, 'trialInstructionPos': (0, 1), 'probe': 'both', 'rightStreamFlip': False, 'horizVert': False, 'ISIframes': 2, 'rightResponseFirst': True}
485.6755 	INFO 	numtrials=360 and this trialDurFrames=4 or 66.6666666667 ms  task=T1
486.7427 	EXP 	window1: recordFrameIntervals = False
486.7511 	INFO 	Mouse: using default window
487.8932 	DATA 	Keypress: i
488.0097 	DATA 	Keypress: c
488.1430 	DATA 	Keypress: e
488.2838 	EXP 	New trial (rep=3, index=3): {'leftStreamFlip': False, 'oneTarget': True, 'trialInstructionPos': (0, -1), 'probe': 'both', 'rightStreamFlip': False, 'horizVert': False, 'ISIframes': 2, 'rightResponseFirst': False}
488.3093 	INFO 	numtrials=360 and this trialDurFrames=4 or 66.6666666667 ms  task=T1
489.4094 	EXP 	window1: recordFrameIntervals = False
489.4180 	INFO 	Mouse: using default window
490.5096 	DATA 	Keypress: g
490.8097 	DATA 	Keypress: y
490.9432 	DATA 	Keypress: m
491.0849 	EXP 	New trial (rep=3, index=4): {'leftStreamFlip': False, 'oneTarget': False, 'trialInstructionPos': (0, 1), 'probe': 'both', 'rightStreamFlip': False, 'horizVert': False, 'ISIframes': 2, 'rightResponseFirst': False}
491.1089 	INFO 	numtrials=360 and this trialDurFrames=4 or 66.6666666667 ms  task=T1
492.2595 	EXP 	window1: recordFrameIntervals = False
492.2683 	INFO 	Mouse: using default window
493.3097 	DATA 	Keypress: t
493.9603 	DATA 	Keypress: o
494.1097 	DATA 	Keypress: o
495.2598 	DATA 	Keypress: b
495.4096 	DATA 	Keypress: u
495.5431 	DATA 	Keypress: g
495.6871 	EXP 	New trial (rep=3, index=5): {'leftStreamFlip': False, 'oneTarget': True, 'trialInstructionPos': (0, 1), 'probe': 'both', 'rightStreamFlip': False, 'horizVert': False, 'ISIframes': 2, 'rightResponseFirst': False}
495.7090 	INFO 	numtrials=360 and this trialDurFrames=4 or 66.6666666667 ms  task=T1
496.8762 	EXP 	window1: recordFrameIntervals = False
496.8848 	INFO 	Mouse: using default window
498.4762 	DATA 	Keypress: p
498.7097 	DATA 	Keypress: i
498.8763 	DATA 	Keypress: g
499.0193 	EXP 	New trial (rep=3, index=6): {'leftStreamFlip': False, 'oneTarget': False, 'trialInstructionPos': (0, -1), 'probe': 'both', 'rightStreamFlip': False, 'horizVert': False, 'ISIframes': 2, 'rightResponseFirst': True}
499.0426 	INFO 	numtrials=360 and this trialDurFrames=4 or 66.6666666667 ms  task=T1
500.2261 	EXP 	window1: recordFrameIntervals = False
500.2346 	INFO 	Mouse: using default window
502.2936 	DATA 	Keypress: j
502.4263 	DATA 	Keypress: a
502.7597 	DATA 	Keypress: r
503.5597 	DATA 	Keypress: s
503.8932 	DATA 	Keypress: e
504.0596 	DATA 	Keypress: e
504.2040 	EXP 	New trial (rep=3, index=7): {'leftStreamFlip': False, 'oneTarget': False, 'trialInstructionPos': (0, 1), 'probe': 'both', 'rightStreamFlip': False, 'horizVert': False, 'ISIframes': 2, 'rightResponseFirst': True}
504.2254 	INFO 	numtrials=360 and this trialDurFrames=4 or 66.6666666667 ms  task=T1
505.4261 	EXP 	window1: recordFrameIntervals = False
505.4351 	INFO 	Mouse: using default window
507.0613 	DATA 	Keypress: b
507.2263 	DATA 	Keypress: u
507.3763 	DATA 	Keypress: t
508.3763 	DATA 	Keypress: t
508.7430 	DATA 	Keypress: o
508.8930 	DATA 	Keypress: o
509.0394 	EXP 	New trial (rep=3, index=8): {'leftStreamFlip': False, 'oneTarget': False, 'trialInstructionPos': (0, 1), 'probe': 'both', 'rightStreamFlip': False, 'horizVert': False, 'ISIframes': 2, 'rightResponseFirst': False}
509.0588 	INFO 	numtrials=360 and this trialDurFrames=4 or 66.6666666667 ms  task=T1
510.1261 	EXP 	window1: recordFrameIntervals = False
510.1346 	INFO 	Mouse: using default window
511.1598 	DATA 	Keypress: r
511.5763 	DATA 	Keypress: u
511.8096 	DATA 	Keypress: n
512.5764 	DATA 	Keypress: g
512.9263 	DATA 	Keypress: a
513.0931 	DATA 	Keypress: l
513.2392 	EXP 	New trial (rep=3, index=9): {'leftStreamFlip': False, 'oneTarget': False, 'trialInstructionPos': (0, -1), 'probe': 'both', 'rightStreamFlip': False, 'horizVert': False, 'ISIframes': 2, 'rightResponseFirst': False}
513.2589 	INFO 	numtrials=360 and this trialDurFrames=4 or 66.6666666667 ms  task=T1
514.4761 	EXP 	window1: recordFrameIntervals = False
514.4848 	INFO 	Mouse: using default window
515.4429 	DATA 	Keypress: s
515.6431 	DATA 	Keypress: a
515.9762 	DATA 	Keypress: t
517.0609 	DATA 	Keypress: k
517.2932 	DATA 	Keypress: i
517.4264 	DATA 	Keypress: d
517.5739 	EXP 	New trial (rep=3, index=10): {'leftStreamFlip': False, 'oneTarget': False, 'trialInstructionPos': (0, -1), 'probe': 'both', 'rightStreamFlip': False, 'horizVert': False, 'ISIframes': 2, 'rightResponseFirst': False}
517.5917 	INFO 	numtrials=360 and this trialDurFrames=4 or 66.6666666667 ms  task=T1
518.7595 	EXP 	window1: recordFrameIntervals = False
518.7679 	INFO 	Mouse: using default window
520.0597 	DATA 	Keypress: s
520.2264 	DATA 	Keypress: u
520.6610 	DATA 	Keypress: b
521.2764 	DATA 	Keypress: z
521.5597 	DATA 	Keypress: o
521.6596 	DATA 	Keypress: o
521.8042 	EXP 	New trial (rep=3, index=11): {'leftStreamFlip': False, 'oneTarget': True, 'trialInstructionPos': (0, -1), 'probe': 'both', 'rightStreamFlip': False, 'horizVert': False, 'ISIframes': 2, 'rightResponseFirst': True}
521.8256 	INFO 	numtrials=360 and this trialDurFrames=4 or 66.6666666667 ms  task=T1
522.9429 	EXP 	window1: recordFrameIntervals = False
522.9515 	INFO 	Mouse: using default window
523.7930 	DATA 	Keypress: m
523.9097 	DATA 	Keypress: a
524.1931 	DATA 	Keypress: y
524.3356 	EXP 	New trial (rep=4, index=0): {'leftStreamFlip': False, 'oneTarget': True, 'trialInstructionPos': (0, -1), 'probe': 'both', 'rightStreamFlip': False, 'horizVert': False, 'ISIframes': 2, 'rightResponseFirst': True}
524.3589 	INFO 	numtrials=360 and this trialDurFrames=4 or 66.6666666667 ms  task=T1
525.4595 	EXP 	window1: recordFrameIntervals = False
525.4677 	INFO 	Mouse: using default window
526.3263 	DATA 	Keypress: n
526.4934 	DATA 	Keypress: o
526.5930 	DATA 	Keypress: r
526.7350 	EXP 	New trial (rep=4, index=1): {'leftStreamFlip': False, 'oneTarget': False, 'trialInstructionPos': (0, -1), 'probe': 'both', 'rightStreamFlip': False, 'horizVert': False, 'ISIframes': 2, 'rightResponseFirst': True}
526.7587 	INFO 	numtrials=360 and this trialDurFrames=4 or 66.6666666667 ms  task=T1
527.9427 	EXP 	window1: recordFrameIntervals = False
527.9525 	INFO 	Mouse: using default window
529.7430 	DATA 	Keypress: h
529.9763 	DATA 	Keypress: o
530.1763 	DATA 	Keypress: p
530.6098 	DATA 	Keypress: o
530.7096 	DATA 	Keypress: w
530.8597 	DATA 	Keypress: n
531.0038 	EXP 	New trial (rep=4, index=2): {'leftStreamFlip': False, 'oneTarget': False, 'trialInstructionPos': (0, -1), 'probe': 'both', 'rightStreamFlip': False, 'horizVert': False, 'ISIframes': 2, 'rightResponseFirst': True}
531.0254 	INFO 	numtrials=360 and this trialDurFrames=4 or 66.6666666667 ms  task=T1
532.1094 	EXP 	window1: recordFrameIntervals = False
532.1180 	INFO 	Mouse: using default window
533.1266 	DATA 	Keypress: l
533.4097 	DATA 	Keypress: a
533.7764 	DATA 	Keypress: p
534.6431 	DATA 	Keypress: h
534.8264 	DATA 	Keypress: o
534.9762 	DATA 	Keypress: t
535.1215 	EXP 	New trial (rep=4, index=3): {'leftStreamFlip': False, 'oneTarget': False, 'trialInstructionPos': (0, 1), 'probe': 'both', 'rightStreamFlip': False, 'horizVert': False, 'ISIframes': 2, 'rightResponseFirst': False}
535.1424 	INFO 	numtrials=360 and this trialDurFrames=4 or 66.6666666667 ms  task=T1
536.3595 	EXP 	window1: recordFrameIntervals = False
536.3676 	INFO 	Mouse: using default window
538.4432 	DATA 	Keypress: w
538.6612 	DATA 	Keypress: a
538.7934 	DATA 	Keypress: y
539.8763 	DATA 	Keypress: g
540.2767 	DATA 	Keypress: o
540.3930 	DATA 	Keypress: d
540.5387 	EXP 	New trial (rep=4, index=4): {'leftStreamFlip': False, 'oneTarget': False, 'trialInstructionPos': (0, -1), 'probe': 'both', 'rightStreamFlip': False, 'horizVert': False, 'ISIframes': 2, 'rightResponseFirst': False}
540.5588 	INFO 	numtrials=360 and this trialDurFrames=4 or 66.6666666667 ms  task=T1
541.6095 	EXP 	window1: recordFrameIntervals = False
541.6179 	INFO 	Mouse: using default window
542.9598 	DATA 	Keypress: p
543.0612 	DATA 	Keypress: e
543.3931 	DATA 	Keypress: t
544.2098 	DATA 	Keypress: h
544.3264 	DATA 	Keypress: i
544.4430 	DATA 	Keypress: t
544.5982 	EXP 	New trial (rep=4, index=5): {'leftStreamFlip': False, 'oneTarget': True, 'trialInstructionPos': (0, 1), 'probe': 'both', 'rightStreamFlip': False, 'horizVert': False, 'ISIframes': 2, 'rightResponseFirst': True}
544.6266 	INFO 	numtrials=360 and this trialDurFrames=4 or 66.6666666667 ms  task=T1
545.7594 	EXP 	window1: recordFrameIntervals = False
545.7680 	INFO 	Mouse: using default window
546.5931 	DATA 	Keypress: a
546.8930 	DATA 	Keypress: c
547.1430 	DATA 	Keypress: t
547.2859 	EXP 	New trial (rep=4, index=6): {'leftStreamFlip': False, 'oneTarget': False, 'trialInstructionPos': (0, 1), 'probe': 'both', 'rightStreamFlip': False, 'horizVert': False, 'ISIframes': 2, 'rightResponseFirst': True}
547.3091 	INFO 	numtrials=360 and this trialDurFrames=4 or 66.6666666667 ms  task=T1
548.4262 	EXP 	window1: recordFrameIntervals = False
548.4351 	INFO 	Mouse: using default window
549.7431 	DATA 	Keypress: h
549.8764 	DATA 	Keypress: u
550.0264 	DATA 	Keypress: g
550.7431 	DATA 	Keypress: p
550.8930 	DATA 	Keypress: r
551.0597 	DATA 	Keypress: o
551.2050 	EXP 	New trial (rep=4, index=7): {'leftStreamFlip': False, 'oneTarget': False, 'trialInstructionPos': (0, 1), 'probe': 'both', 'rightStreamFlip': False, 'horizVert': False, 'ISIframes': 2, 'rightResponseFirst': False}
551.2256 	INFO 	numtrials=360 and this trialDurFrames=4 or 66.6666666667 ms  task=T1
552.4261 	EXP 	window1: recordFrameIntervals = False
552.4348 	INFO 	Mouse: using default window
553.3934 	DATA 	Keypress: b
553.6266 	DATA 	Keypress: w
554.3597 	DATA 	Keypress: backspace
555.1263 	DATA 	Keypress: o
555.2098 	DATA 	Keypress: w
555.8765 	DATA 	Keypress: e
556.0930 	DATA 	Keypress: a
556.3596 	DATA 	Keypress: r
556.5065 	EXP 	New trial (rep=4, index=8): {'leftStreamFlip': False, 'oneTarget': True, 'trialInstructionPos': (0, 1), 'probe': 'both', 'rightStreamFlip': False, 'horizVert': False, 'ISIframes': 2, 'rightResponseFirst': False}
556.5253 	INFO 	numtrials=360 and this trialDurFrames=4 or 66.6666666667 ms  task=T1
557.6762 	EXP 	window1: recordFrameIntervals = False
557.6846 	INFO 	Mouse: using default window
558.4597 	DATA 	Keypress: r
558.7931 	DATA 	Keypress: a
559.1764 	DATA 	Keypress: w
559.3183 	EXP 	New trial (rep=4, index=9): {'leftStreamFlip': False, 'oneTarget': False, 'trialInstructionPos': (0, 1), 'probe': 'both', 'rightStreamFlip': False, 'horizVert': False, 'ISIframes': 2, 'rightResponseFirst': True}
559.3424 	INFO 	numtrials=360 and this trialDurFrames=4 or 66.6666666667 ms  task=T1
560.3765 	EXP 	window1: recordFrameIntervals = False
560.3855 	INFO 	Mouse: using default window
561.4611 	DATA 	Keypress: b
561.6098 	DATA 	Keypress: a
561.8596 	DATA 	Keypress: r
562.6098 	DATA 	Keypress: s
562.7429 	DATA 	Keypress: k
563.0935 	DATA 	Keypress: y
563.2374 	EXP 	New trial (rep=4, index=10): {'leftStreamFlip': False, 'oneTarget': True, 'trialInstructionPos': (0, -1), 'probe': 'both', 'rightStreamFlip': False, 'horizVert': False, 'ISIframes': 2, 'rightResponseFirst': False}
563.2588 	INFO 	numtrials=360 and this trialDurFrames=4 or 66.6666666667 ms  task=T1
564.4595 	EXP 	window1: recordFrameIntervals = False
564.4680 	INFO 	Mouse: using default window
565.2764 	DATA 	Keypress: s
565.3763 	DATA 	Keypress: o
565.5263 	DATA 	Keypress: n
565.6697 	EXP 	New trial (rep=4, index=11): {'leftStreamFlip': False, 'oneTarget': False, 'trialInstructionPos': (0, -1), 'probe': 'both', 'rightStreamFlip': False, 'horizVert': False, 'ISIframes': 2, 'rightResponseFirst': False}
565.6922 	INFO 	numtrials=360 and this trialDurFrames=4 or 66.6666666667 ms  task=T1
566.8429 	EXP 	window1: recordFrameIntervals = False
566.8516 	INFO 	Mouse: using default window
568.0433 	DATA 	Keypress: g
568.1929 	DATA 	Keypress: u
568.4269 	DATA 	Keypress: m
569.0597 	DATA 	Keypress: l
569.2930 	DATA 	Keypress: o
569.4097 	DATA 	Keypress: g
569.5546 	EXP 	New trial (rep=5, index=0): {'leftStreamFlip': False, 'oneTarget': True, 'trialInstructionPos': (0, -1), 'probe': 'both', 'rightStreamFlip': False, 'horizVert': False, 'ISIframes': 2, 'rightResponseFirst': False}
569.5759 	INFO 	numtrials=360 and this trialDurFrames=4 or 66.6666666667 ms  task=T1
570.7595 	EXP 	window1: recordFrameIntervals = False
570.7680 	INFO 	Mouse: using default window
571.9596 	DATA 	Keypress: s
572.0764 	DATA 	Keypress: i
572.2264 	DATA 	Keypress: d
572.3703 	EXP 	New trial (rep=5, index=1): {'leftStreamFlip': False, 'oneTarget': False, 'trialInstructionPos': (0, -1), 'probe': 'both', 'rightStreamFlip': False, 'horizVert': False, 'ISIframes': 2, 'rightResponseFirst': True}
572.3923 	INFO 	numtrials=360 and this trialDurFrames=4 or 66.6666666667 ms  task=T1
573.5927 	EXP 	window1: recordFrameIntervals = False
573.6010 	INFO 	Mouse: using default window
574.6263 	DATA 	Keypress: u
574.7263 	DATA 	Keypress: s
574.9099 	DATA 	Keypress: e
575.6432 	DATA 	Keypress: m
575.8614 	DATA 	Keypress: u
576.0596 	DATA 	Keypress: m
576.2071 	EXP 	New trial (rep=5, index=2): {'leftStreamFlip': False, 'oneTarget': False, 'trialInstructionPos': (0, 1), 'probe': 'both', 'rightStreamFlip': False, 'horizVert': False, 'ISIframes': 2, 'rightResponseFirst': False}
576.2253 	INFO 	numtrials=360 and this trialDurFrames=4 or 66.6666666667 ms  task=T1
577.2432 	EXP 	window1: recordFrameIntervals = False
577.2519 	INFO 	Mouse: using default window
578.3430 	DATA 	Keypress: r
578.4430 	DATA 	Keypress: i
578.5763 	DATA 	Keypress: d
579.1763 	DATA 	Keypress: a
579.3929 	DATA 	Keypress: r
579.4932 	DATA 	Keypress: m
579.6380 	EXP 	New trial (rep=5, index=3): {'leftStreamFlip': False, 'oneTarget': False, 'trialInstructionPos': (0, -1), 'probe': 'both', 'rightStreamFlip': False, 'horizVert': False, 'ISIframes': 2, 'rightResponseFirst': True}
579.6590 	INFO 	numtrials=360 and this trialDurFrames=4 or 66.6666666667 ms  task=T1
580.8595 	EXP 	window1: recordFrameIntervals = False
580.8683 	INFO 	Mouse: using default window
581.9097 	DATA 	Keypress: c
582.1929 	DATA 	Keypress: a
582.3431 	DATA 	Keypress: n
582.8096 	DATA 	Keypress: t
583.1096 	DATA 	Keypress: o
583.2600 	DATA 	Keypress: o
583.4037 	EXP 	New trial (rep=5, index=4): {'leftStreamFlip': False, 'oneTarget': True, 'trialInstructionPos': (0, 1), 'probe': 'both', 'rightStreamFlip': False, 'horizVert': False, 'ISIframes': 2, 'rightResponseFirst': False}
583.4257 	INFO 	numtrials=360 and this trialDurFrames=4 or 66.6666666667 ms  task=T1
584.5428 	EXP 	window1: recordFrameIntervals = False
584.5512 	INFO 	Mouse: using default window
585.4609 	DATA 	Keypress: h
585.5763 	DATA 	Keypress: a
585.6596 	DATA 	Keypress: s
585.8025 	EXP 	New trial (rep=5, index=5): {'leftStreamFlip': False, 'oneTarget': True, 'trialInstructionPos': (0, 1), 'probe': 'both', 'rightStreamFlip': False, 'horizVert': False, 'ISIframes': 2, 'rightResponseFirst': True}
585.8253 	INFO 	numtrials=360 and this trialDurFrames=4 or 66.6666666667 ms  task=T1
586.9433 	EXP 	window1: recordFrameIntervals = False
586.9516 	INFO 	Mouse: using default window
587.5931 	DATA 	Keypress: a
587.9762 	DATA 	Keypress: t
588.2430 	DATA 	Keypress: e
588.3853 	EXP 	New trial (rep=5, index=6): {'leftStreamFlip': False, 'oneTarget': False, 'trialInstructionPos': (0, 1), 'probe': 'both', 'rightStreamFlip': False, 'horizVert': False, 'ISIframes': 2, 'rightResponseFirst': True}
588.4092 	INFO 	numtrials=360 and this trialDurFrames=4 or 66.6666666667 ms  task=T1
589.5260 	EXP 	window1: recordFrameIntervals = False
589.5347 	INFO 	Mouse: using default window
590.6597 	DATA 	Keypress: d
590.7763 	DATA 	Keypress: i
590.8929 	DATA 	Keypress: e
591.6430 	DATA 	Keypress: h
591.7430 	DATA 	Keypress: o
591.8609 	DATA 	Keypress: t
592.0215 	EXP 	New trial (rep=5, index=7): {'leftStreamFlip': False, 'oneTarget': False, 'trialInstructionPos': (0, -1), 'probe': 'both', 'rightStreamFlip': False, 'horizVert': False, 'ISIframes': 2, 'rightResponseFirst': False}
592.0423 	INFO 	numtrials=360 and this trialDurFrames=4 or 66.6666666667 ms  task=T1
593.0930 	EXP 	window1: recordFrameIntervals = False
593.1016 	INFO 	Mouse: using default window
594.6608 	DATA 	Keypress: p
594.9429 	DATA 	Keypress: i
595.0263 	DATA 	Keypress: g
595.4764 	DATA 	Keypress: h
595.6098 	DATA 	Keypress: o
595.7597 	DATA 	Keypress: t
595.9042 	EXP 	New trial (rep=5, index=8): {'leftStreamFlip': False, 'oneTarget': False, 'trialInstructionPos': (0, 1), 'probe': 'both', 'rightStreamFlip': False, 'horizVert': False, 'ISIframes': 2, 'rightResponseFirst': False}
595.9254 	INFO 	numtrials=360 and this trialDurFrames=4 or 66.6666666667 ms  task=T1
596.9594 	EXP 	window1: recordFrameIntervals = False
596.9676 	INFO 	Mouse: using default window
598.5430 	DATA 	Keypress: r
599.2763 	DATA 	Keypress: o
599.7431 	DATA 	Keypress: r
601.0430 	DATA 	Keypress: p
601.5930 	DATA 	Keypress: a
601.9263 	DATA 	Keypress: t
602.0705 	EXP 	New trial (rep=5, index=9): {'leftStreamFlip': False, 'oneTarget': True, 'trialInstructionPos': (0, -1), 'probe': 'both', 'rightStreamFlip': False, 'horizVert': False, 'ISIframes': 2, 'rightResponseFirst': True}
602.0922 	INFO 	numtrials=360 and this trialDurFrames=4 or 66.6666666667 ms  task=T1
603.0761 	EXP 	window1: recordFrameIntervals = False
603.0848 	INFO 	Mouse: using default window
604.0596 	DATA 	Keypress: r
604.7263 	DATA 	Keypress: a
604.8096 	DATA 	Keypress: y
604.9517 	EXP 	New trial (rep=5, index=10): {'leftStreamFlip': False, 'oneTarget': False, 'trialInstructionPos': (0, 1), 'probe': 'both', 'rightStreamFlip': False, 'horizVert': False, 'ISIframes': 2, 'rightResponseFirst': True}
604.9753 	INFO 	numtrials=360 and this trialDurFrames=4 or 66.6666666667 ms  task=T1
606.1594 	EXP 	window1: recordFrameIntervals = False
606.1675 	INFO 	Mouse: using default window
607.1929 	DATA 	Keypress: b
607.3763 	DATA 	Keypress: e
607.5263 	DATA 	Keypress: e
608.0263 	DATA 	Keypress: t
608.2445 	DATA 	Keypress: o
608.3931 	DATA 	Keypress: o
608.5373 	EXP 	New trial (rep=5, index=11): {'leftStreamFlip': False, 'oneTarget': False, 'trialInstructionPos': (0, -1), 'probe': 'both', 'rightStreamFlip': False, 'horizVert': False, 'ISIframes': 2, 'rightResponseFirst': False}
608.5588 	INFO 	numtrials=360 and this trialDurFrames=4 or 66.6666666667 ms  task=T1
609.5594 	EXP 	window1: recordFrameIntervals = False
609.5679 	INFO 	Mouse: using default window
610.4096 	DATA 	Keypress: a
610.5097 	DATA 	Keypress: i
610.6931 	DATA 	Keypress: m
611.6595 	DATA 	Keypress: t
611.7432 	DATA 	Keypress: i
611.8597 	DATA 	Keypress: p
612.0044 	EXP 	New trial (rep=6, index=0): {'leftStreamFlip': False, 'oneTarget': False, 'trialInstructionPos': (0, -1), 'probe': 'both', 'rightStreamFlip': False, 'horizVert': False, 'ISIframes': 2, 'rightResponseFirst': True}
612.0258 	INFO 	numtrials=360 and this trialDurFrames=4 or 66.6666666667 ms  task=T1
613.2094 	EXP 	window1: recordFrameIntervals = False
613.2202 	INFO 	Mouse: using default window
614.1931 	DATA 	Keypress: t
614.4597 	DATA 	Keypress: a
614.5763 	DATA 	Keypress: n
615.0444 	DATA 	Keypress: w
615.1596 	DATA 	Keypress: o
615.3095 	DATA 	Keypress: n
615.4545 	EXP 	New trial (rep=6, index=1): {'leftStreamFlip': False, 'oneTarget': False, 'trialInstructionPos': (0, 1), 'probe': 'both', 'rightStreamFlip': False, 'horizVert': False, 'ISIframes': 2, 'rightResponseFirst': False}
615.4756 	INFO 	numtrials=360 and this trialDurFrames=4 or 66.6666666667 ms  task=T1
616.6427 	EXP 	window1: recordFrameIntervals = False
616.6506 	INFO 	Mouse: using default window
617.5929 	DATA 	Keypress: a
617.7931 	DATA 	Keypress: u
617.9098 	DATA 	Keypress: t
619.3430 	DATA 	Keypress: c
619.4264 	DATA 	Keypress: u
620.0429 	DATA 	Keypress: backspace
620.1929 	DATA 	Keypress: backspace
621.0097 	DATA 	Keypress: r
621.3263 	DATA 	Keypress: a
621.4609 	DATA 	Keypress: t
621.6250 	EXP 	New trial (rep=6, index=2): {'leftStreamFlip': False, 'oneTarget': True, 'trialInstructionPos': (0, -1), 'probe': 'both', 'rightStreamFlip': False, 'horizVert': False, 'ISIframes': 2, 'rightResponseFirst': True}
621.6424 	INFO 	numtrials=360 and this trialDurFrames=4 or 66.6666666667 ms  task=T1
621.6681 	DATA 	Keypress: e
622.7427 	EXP 	window1: recordFrameIntervals = False
622.7515 	INFO 	Mouse: using default window
623.8264 	DATA 	Keypress: d
623.9098 	DATA 	Keypress: i
624.0263 	DATA 	Keypress: e
624.1685 	EXP 	New trial (rep=6, index=3): {'leftStreamFlip': False, 'oneTarget': False, 'trialInstructionPos': (0, 1), 'probe': 'both', 'rightStreamFlip': False, 'horizVert': False, 'ISIframes': 2, 'rightResponseFirst': True}
624.1923 	INFO 	numtrials=360 and this trialDurFrames=4 or 66.6666666667 ms  task=T1
625.4094 	EXP 	window1: recordFrameIntervals = False
625.4176 	INFO 	Mouse: using default window
626.7595 	DATA 	Keypress: d
626.8765 	DATA 	Keypress: i
627.0611 	DATA 	Keypress: g
627.6097 	DATA 	Keypress: s
627.8607 	DATA 	Keypress: u
628.1930 	DATA 	Keypress: m
628.3380 	EXP 	New trial (rep=6, index=4): {'leftStreamFlip': False, 'oneTarget': False, 'trialInstructionPos': (0, -1), 'probe': 'both', 'rightStreamFlip': False, 'horizVert': False, 'ISIframes': 2, 'rightResponseFirst': False}
628.3588 	INFO 	numtrials=360 and this trialDurFrames=4 or 66.6666666667 ms  task=T1
629.4762 	EXP 	window1: recordFrameIntervals = False
629.4848 	INFO 	Mouse: using default window
630.6445 	DATA 	Keypress: s
631.0609 	DATA 	Keypress: e
631.4099 	DATA 	Keypress: a
632.1930 	DATA 	Keypress: g
632.2611 	DATA 	Keypress: i
632.3929 	DATA 	Keypress: n
632.5377 	EXP 	New trial (rep=6, index=5): {'leftStreamFlip': False, 'oneTarget': True, 'trialInstructionPos': (0, 1), 'probe': 'both', 'rightStreamFlip': False, 'horizVert': False, 'ISIframes': 2, 'rightResponseFirst': False}
632.5588 	INFO 	numtrials=360 and this trialDurFrames=4 or 66.6666666667 ms  task=T1
633.6593 	EXP 	window1: recordFrameIntervals = False
633.6669 	INFO 	Mouse: using default window
634.3932 	DATA 	Keypress: l
634.6264 	DATA 	Keypress: a
635.5597 	DATA 	Keypress: y
635.7016 	EXP 	New trial (rep=6, index=6): {'leftStreamFlip': False, 'oneTarget': False, 'trialInstructionPos': (0, 1), 'probe': 'both', 'rightStreamFlip': False, 'horizVert': False, 'ISIframes': 2, 'rightResponseFirst': False}
635.7258 	INFO 	numtrials=360 and this trialDurFrames=4 or 66.6666666667 ms  task=T1
636.8093 	EXP 	window1: recordFrameIntervals = False
636.8176 	INFO 	Mouse: using default window
638.1931 	DATA 	Keypress: g
638.3429 	DATA 	Keypress: a
638.5096 	DATA 	Keypress: y
638.9430 	DATA 	Keypress: s
639.1930 	DATA 	Keypress: e
639.3263 	DATA 	Keypress: e
639.4702 	EXP 	New trial (rep=6, index=7): {'leftStreamFlip': False, 'oneTarget': False, 'trialInstructionPos': (0, -1), 'probe': 'both', 'rightStreamFlip': False, 'horizVert': False, 'ISIframes': 2, 'rightResponseFirst': False}
639.4926 	INFO 	numtrials=360 and this trialDurFrames=4 or 66.6666666667 ms  task=T1
640.5429 	EXP 	window1: recordFrameIntervals = False
640.5512 	INFO 	Mouse: using default window
641.6431 	DATA 	Keypress: b
641.8763 	DATA 	Keypress: u
642.2610 	DATA 	Keypress: m
644.1930 	DATA 	Keypress: b
644.2609 	DATA 	Keypress: r
644.5762 	DATA 	Keypress: a
644.7206 	EXP 	New trial (rep=6, index=8): {'leftStreamFlip': False, 'oneTarget': False, 'trialInstructionPos': (0, -1), 'probe': 'both', 'rightStreamFlip': False, 'horizVert': False, 'ISIframes': 2, 'rightResponseFirst': True}
644.7420 	INFO 	numtrials=360 and this trialDurFrames=4 or 66.6666666667 ms  task=T1
645.7593 	EXP 	window1: recordFrameIntervals = False
645.7678 	INFO 	Mouse: using default window
646.8597 	DATA 	Keypress: r
647.1265 	DATA 	Keypress: a
647.2762 	DATA 	Keypress: y
648.5098 	DATA 	Keypress: g
648.6430 	DATA 	Keypress: u
648.9596 	DATA 	Keypress: m
649.1043 	EXP 	New trial (rep=6, index=9): {'leftStreamFlip': False, 'oneTarget': True, 'trialInstructionPos': (0, 1), 'probe': 'both', 'rightStreamFlip': False, 'horizVert': False, 'ISIframes': 2, 'rightResponseFirst': True}
649.1254 	INFO 	numtrials=360 and this trialDurFrames=4 or 66.6666666667 ms  task=T1
650.3427 	EXP 	window1: recordFrameIntervals = False
650.3516 	INFO 	Mouse: using default window
652.1597 	DATA 	Keypress: g
652.3264 	DATA 	Keypress: i
653.0263 	DATA 	Keypress: backspace
653.1596 	DATA 	Keypress: backspace
653.9597 	DATA 	Keypress: b
654.0596 	DATA 	Keypress: i
654.1763 	DATA 	Keypress: g
654.3220 	EXP 	New trial (rep=6, index=10): {'leftStreamFlip': False, 'oneTarget': False, 'trialInstructionPos': (0, 1), 'probe': 'both', 'rightStreamFlip': False, 'horizVert': False, 'ISIframes': 2, 'rightResponseFirst': True}
654.3421 	INFO 	numtrials=360 and this trialDurFrames=4 or 66.6666666667 ms  task=T1
655.5594 	EXP 	window1: recordFrameIntervals = False
655.5676 	INFO 	Mouse: using default window
656.6931 	DATA 	Keypress: l
656.8929 	DATA 	Keypress: o
657.0263 	DATA 	Keypress: g
657.5096 	DATA 	Keypress: a
657.8609 	DATA 	Keypress: t
658.1597 	DATA 	Keypress: e
658.3063 	EXP 	New trial (rep=6, index=11): {'leftStreamFlip': False, 'oneTarget': True, 'trialInstructionPos': (0, -1), 'probe': 'both', 'rightStreamFlip': False, 'horizVert': False, 'ISIframes': 2, 'rightResponseFirst': False}
658.3255 	INFO 	numtrials=360 and this trialDurFrames=4 or 66.6666666667 ms  task=T1
659.4260 	EXP 	window1: recordFrameIntervals = False
659.4345 	INFO 	Mouse: using default window
660.3929 	DATA 	Keypress: w
660.6430 	DATA 	Keypress: a
660.9595 	DATA 	Keypress: s
661.1024 	EXP 	New trial (rep=7, index=0): {'leftStreamFlip': False, 'oneTarget': True, 'trialInstructionPos': (0, -1), 'probe': 'both', 'rightStreamFlip': False, 'horizVert': False, 'ISIframes': 2, 'rightResponseFirst': True}
661.1256 	INFO 	numtrials=360 and this trialDurFrames=4 or 66.6666666667 ms  task=T1
662.1762 	EXP 	window1: recordFrameIntervals = False
662.1842 	INFO 	Mouse: using default window
662.9762 	DATA 	Keypress: s
663.0610 	DATA 	Keypress: h
663.2429 	DATA 	Keypress: e
663.3842 	EXP 	New trial (rep=7, index=1): {'leftStreamFlip': False, 'oneTarget': False, 'trialInstructionPos': (0, -1), 'probe': 'both', 'rightStreamFlip': False, 'horizVert': False, 'ISIframes': 2, 'rightResponseFirst': False}
663.4089 	INFO 	numtrials=360 and this trialDurFrames=4 or 66.6666666667 ms  task=T1
664.4927 	EXP 	window1: recordFrameIntervals = False
664.5013 	INFO 	Mouse: using default window
665.6263 	DATA 	Keypress: a
665.9096 	DATA 	Keypress: n
666.1597 	DATA 	Keypress: t
666.9596 	DATA 	Keypress: b
667.0604 	DATA 	Keypress: a
667.3432 	DATA 	Keypress: r
667.4876 	EXP 	New trial (rep=7, index=2): {'leftStreamFlip': False, 'oneTarget': False, 'trialInstructionPos': (0, 1), 'probe': 'both', 'rightStreamFlip': False, 'horizVert': False, 'ISIframes': 2, 'rightResponseFirst': False}
667.5086 	INFO 	numtrials=360 and this trialDurFrames=4 or 66.6666666667 ms  task=T1
668.5594 	EXP 	window1: recordFrameIntervals = False
668.5680 	INFO 	Mouse: using default window
669.3596 	DATA 	Keypress: o
669.4611 	DATA 	Keypress: w
669.6264 	DATA 	Keypress: n
670.3099 	DATA 	Keypress: b
670.7763 	DATA 	Keypress: o
671.0097 	DATA 	Keypress: w
671.1570 	EXP 	New trial (rep=7, index=3): {'leftStreamFlip': False, 'oneTarget': False, 'trialInstructionPos': (0, -1), 'probe': 'both', 'rightStreamFlip': False, 'horizVert': False, 'ISIframes': 2, 'rightResponseFirst': True}
671.1760 	INFO 	numtrials=360 and this trialDurFrames=4 or 66.6666666667 ms  task=T1
672.1759 	EXP 	window1: recordFrameIntervals = False
672.1843 	INFO 	Mouse: using default window
673.4431 	DATA 	Keypress: c
673.7263 	DATA 	Keypress: a
673.8931 	DATA 	Keypress: t
676.0763 	DATA 	Keypress: r
676.3262 	DATA 	Keypress: a
676.4762 	DATA 	Keypress: b
676.6199 	EXP 	New trial (rep=7, index=4): {'leftStreamFlip': False, 'oneTarget': True, 'trialInstructionPos': (0, 1), 'probe': 'both', 'rightStreamFlip': False, 'horizVert': False, 'ISIframes': 2, 'rightResponseFirst': True}
676.6423 	INFO 	numtrials=360 and this trialDurFrames=4 or 66.6666666667 ms  task=T1
677.8262 	EXP 	window1: recordFrameIntervals = False
677.8345 	INFO 	Mouse: using default window
679.4431 	DATA 	Keypress: i
679.5763 	DATA 	Keypress: d
679.7263 	DATA 	Keypress: k
679.8719 	EXP 	New trial (rep=7, index=5): {'leftStreamFlip': False, 'oneTarget': True, 'trialInstructionPos': (0, 1), 'probe': 'both', 'rightStreamFlip': False, 'horizVert': False, 'ISIframes': 2, 'rightResponseFirst': False}
679.8921 	INFO 	numtrials=360 and this trialDurFrames=4 or 66.6666666667 ms  task=T1
681.0594 	EXP 	window1: recordFrameIntervals = False
681.0679 	INFO 	Mouse: using default window
682.5931 	DATA 	Keypress: g
682.7267 	DATA 	Keypress: a
682.8929 	DATA 	Keypress: y
683.0363 	EXP 	New trial (rep=7, index=6): {'leftStreamFlip': False, 'oneTarget': False, 'trialInstructionPos': (0, -1), 'probe': 'both', 'rightStreamFlip': False, 'horizVert': False, 'ISIframes': 2, 'rightResponseFirst': True}
683.0589 	INFO 	numtrials=360 and this trialDurFrames=4 or 66.6666666667 ms  task=T1
684.2260 	EXP 	window1: recordFrameIntervals = False
684.2348 	INFO 	Mouse: using default window
685.9762 	DATA 	Keypress: t
686.3097 	DATA 	Keypress: a
686.4763 	DATA 	Keypress: p
687.1929 	DATA 	Keypress: b
687.3270 	DATA 	Keypress: a
687.6596 	DATA 	Keypress: r
687.8044 	EXP 	New trial (rep=7, index=7): {'leftStreamFlip': False, 'oneTarget': False, 'trialInstructionPos': (0, -1), 'probe': 'both', 'rightStreamFlip': False, 'horizVert': False, 'ISIframes': 2, 'rightResponseFirst': False}
687.8252 	INFO 	numtrials=360 and this trialDurFrames=4 or 66.6666666667 ms  task=T1
689.0428 	EXP 	window1: recordFrameIntervals = False
689.0509 	INFO 	Mouse: using default window
690.0429 	DATA 	Keypress: s
690.1931 	DATA 	Keypress: i
690.3763 	DATA 	Keypress: t
690.9596 	DATA 	Keypress: n
691.4096 	DATA 	Keypress: o
691.5596 	DATA 	Keypress: t
691.7053 	EXP 	New trial (rep=7, index=8): {'leftStreamFlip': False, 'oneTarget': False, 'trialInstructionPos': (0, 1), 'probe': 'both', 'rightStreamFlip': False, 'horizVert': False, 'ISIframes': 2, 'rightResponseFirst': True}
691.7254 	INFO 	numtrials=360 and this trialDurFrames=4 or 66.6666666667 ms  task=T1
692.7262 	EXP 	window1: recordFrameIntervals = False
692.7344 	INFO 	Mouse: using default window
693.8264 	DATA 	Keypress: e
693.8764 	DATA 	Keypress: y
693.9762 	DATA 	Keypress: e
694.7596 	DATA 	Keypress: o
694.9097 	DATA 	Keypress: w
695.0609 	DATA 	Keypress: n
695.2203 	EXP 	New trial (rep=7, index=9): {'leftStreamFlip': False, 'oneTarget': True, 'trialInstructionPos': (0, -1), 'probe': 'both', 'rightStreamFlip': False, 'horizVert': False, 'ISIframes': 2, 'rightResponseFirst': False}
695.2422 	INFO 	numtrials=360 and this trialDurFrames=4 or 66.6666666667 ms  task=T1
696.3594 	EXP 	window1: recordFrameIntervals = False
696.3681 	INFO 	Mouse: using default window
697.2263 	DATA 	Keypress: f
697.4443 	DATA 	Keypress: e
697.6930 	DATA 	Keypress: w
697.8669 	EXP 	New trial (rep=7, index=10): {'leftStreamFlip': False, 'oneTarget': False, 'trialInstructionPos': (0, 1), 'probe': 'both', 'rightStreamFlip': False, 'horizVert': False, 'ISIframes': 2, 'rightResponseFirst': True}
697.8923 	INFO 	numtrials=360 and this trialDurFrames=4 or 66.6666666667 ms  task=T1
698.9261 	EXP 	window1: recordFrameIntervals = False
698.9345 	INFO 	Mouse: using default window
700.2443 	DATA 	Keypress: l
700.6264 	DATA 	Keypress: o
700.7930 	DATA 	Keypress: w
701.8265 	DATA 	Keypress: h
701.9430 	DATA 	Keypress: u
702.1430 	DATA 	Keypress: n
702.2916 	EXP 	New trial (rep=7, index=11): {'leftStreamFlip': False, 'oneTarget': False, 'trialInstructionPos': (0, 1), 'probe': 'both', 'rightStreamFlip': False, 'horizVert': False, 'ISIframes': 2, 'rightResponseFirst': False}
702.3087 	INFO 	numtrials=360 and this trialDurFrames=4 or 66.6666666667 ms  task=T1
703.3927 	EXP 	window1: recordFrameIntervals = False
703.4011 	INFO 	Mouse: using default window
706.2932 	DATA 	Keypress: m
706.7429 	DATA 	Keypress: o
707.0264 	DATA 	Keypress: e
708.3930 	DATA 	Keypress: m
708.5762 	DATA 	Keypress: o
708.6930 	DATA 	Keypress: e
708.8375 	EXP 	New trial (rep=8, index=0): {'leftStreamFlip': False, 'oneTarget': False, 'trialInstructionPos': (0, 1), 'probe': 'both', 'rightStreamFlip': False, 'horizVert': False, 'ISIframes': 2, 'rightResponseFirst': True}
708.8587 	INFO 	numtrials=360 and this trialDurFrames=4 or 66.6666666667 ms  task=T1
709.9594 	EXP 	window1: recordFrameIntervals = False
709.9683 	INFO 	Mouse: using default window
711.2095 	DATA 	Keypress: o
711.3596 	DATA 	Keypress: n
711.4264 	DATA 	Keypress: e
712.1429 	DATA 	Keypress: m
712.3763 	DATA 	Keypress: u
712.6764 	DATA 	Keypress: d
712.8193 	EXP 	New trial (rep=8, index=1): {'leftStreamFlip': False, 'oneTarget': False, 'trialInstructionPos': (0, 1), 'probe': 'both', 'rightStreamFlip': False, 'horizVert': False, 'ISIframes': 2, 'rightResponseFirst': True}
712.8426 	INFO 	numtrials=360 and this trialDurFrames=4 or 66.6666666667 ms  task=T1
713.9261 	EXP 	window1: recordFrameIntervals = False
713.9342 	INFO 	Mouse: using default window
715.0443 	DATA 	Keypress: g
715.1264 	DATA 	Keypress: o
715.2596 	DATA 	Keypress: t
715.8931 	DATA 	Keypress: r
715.9930 	DATA 	Keypress: o
716.0930 	DATA 	Keypress: w
716.2385 	EXP 	New trial (rep=8, index=2): {'leftStreamFlip': False, 'oneTarget': True, 'trialInstructionPos': (0, -1), 'probe': 'both', 'rightStreamFlip': False, 'horizVert': False, 'ISIframes': 2, 'rightResponseFirst': True}
716.2589 	INFO 	numtrials=360 and this trialDurFrames=4 or 66.6666666667 ms  task=T1
717.3261 	EXP 	window1: recordFrameIntervals = False
717.3347 	INFO 	Mouse: using default window
718.0263 	DATA 	Keypress: o
718.1262 	DATA 	Keypress: w
718.8597 	DATA 	Keypress: e
719.0014 	EXP 	New trial (rep=8, index=3): {'leftStreamFlip': False, 'oneTarget': False, 'trialInstructionPos': (0, -1), 'probe': 'both', 'rightStreamFlip': False, 'horizVert': False, 'ISIframes': 2, 'rightResponseFirst': False}
719.0256 	INFO 	numtrials=360 and this trialDurFrames=4 or 66.6666666667 ms  task=T1
720.0429 	EXP 	window1: recordFrameIntervals = False
720.0516 	INFO 	Mouse: using default window
721.0443 	DATA 	Keypress: c
721.3762 	DATA 	Keypress: u
721.4763 	DATA 	Keypress: t
722.2766 	DATA 	Keypress: a
722.3931 	DATA 	Keypress: i
722.5263 	DATA 	Keypress: d
722.6711 	EXP 	New trial (rep=8, index=4): {'leftStreamFlip': False, 'oneTarget': False, 'trialInstructionPos': (0, -1), 'probe': 'both', 'rightStreamFlip': False, 'horizVert': False, 'ISIframes': 2, 'rightResponseFirst': False}
722.6923 	INFO 	numtrials=360 and this trialDurFrames=4 or 66.6666666667 ms  task=T1
723.7927 	EXP 	window1: recordFrameIntervals = False
723.8009 	INFO 	Mouse: using default window
725.0096 	DATA 	Keypress: i
725.2431 	DATA 	Keypress: t
725.3764 	DATA 	Keypress: t
725.7764 	DATA 	Keypress: w
726.0763 	DATA 	Keypress: e
726.1929 	DATA 	Keypress: e
726.3384 	EXP 	New trial (rep=8, index=5): {'leftStreamFlip': False, 'oneTarget': False, 'trialInstructionPos': (0, 1), 'probe': 'both', 'rightStreamFlip': False, 'horizVert': False, 'ISIframes': 2, 'rightResponseFirst': False}
726.3590 	INFO 	numtrials=360 and this trialDurFrames=4 or 66.6666666667 ms  task=T1
727.5094 	EXP 	window1: recordFrameIntervals = False
727.5179 	INFO 	Mouse: using default window
729.3764 	DATA 	Keypress: b
729.5097 	DATA 	Keypress: a
729.8608 	DATA 	Keypress: y
730.7596 	DATA 	Keypress: f
730.8930 	DATA 	Keypress: e
731.0764 	DATA 	Keypress: d
731.2224 	EXP 	New trial (rep=8, index=6): {'leftStreamFlip': False, 'oneTarget': False, 'trialInstructionPos': (0, -1), 'probe': 'both', 'rightStreamFlip': False, 'horizVert': False, 'ISIframes': 2, 'rightResponseFirst': True}
731.2426 	INFO 	numtrials=360 and this trialDurFrames=4 or 66.6666666667 ms  task=T1
732.4094 	EXP 	window1: recordFrameIntervals = False
732.4201 	INFO 	Mouse: using default window
733.4446 	DATA 	Keypress: f
733.6262 	DATA 	Keypress: i
735.4444 	DATA 	Keypress: x
737.0767 	DATA 	Keypress: p
739.4931 	DATA 	Keypress: i
742.4930 	DATA 	Keypress: t
742.6381 	EXP 	New trial (rep=8, index=7): {'leftStreamFlip': False, 'oneTarget': False, 'trialInstructionPos': (0, 1), 'probe': 'both', 'rightStreamFlip': False, 'horizVert': False, 'ISIframes': 2, 'rightResponseFirst': False}
742.6586 	INFO 	numtrials=360 and this trialDurFrames=4 or 66.6666666667 ms  task=T1
743.6760 	EXP 	window1: recordFrameIntervals = False
743.6844 	INFO 	Mouse: using default window
745.2262 	DATA 	Keypress: s
745.3596 	DATA 	Keypress: i
745.4766 	DATA 	Keypress: n
747.0096 	DATA 	Keypress: r
747.1763 	DATA 	Keypress: i
747.3096 	DATA 	Keypress: n
747.4552 	EXP 	New trial (rep=8, index=8): {'leftStreamFlip': False, 'oneTarget': True, 'trialInstructionPos': (0, 1), 'probe': 'both', 'rightStreamFlip': False, 'horizVert': False, 'ISIframes': 2, 'rightResponseFirst': True}
747.4754 	INFO 	numtrials=360 and this trialDurFrames=4 or 66.6666666667 ms  task=T1
748.6761 	EXP 	window1: recordFrameIntervals = False
748.6846 	INFO 	Mouse: using default window
751.5434 	DATA 	Keypress: i
751.6930 	DATA 	Keypress: d
751.8263 	DATA 	Keypress: k
751.9674 	EXP 	New trial (rep=8, index=9): {'leftStreamFlip': False, 'oneTarget': True, 'trialInstructionPos': (0, -1), 'probe': 'both', 'rightStreamFlip': False, 'horizVert': False, 'ISIframes': 2, 'rightResponseFirst': False}
751.9922 	INFO 	numtrials=360 and this trialDurFrames=4 or 66.6666666667 ms  task=T1
752.9927 	EXP 	window1: recordFrameIntervals = False
753.0012 	INFO 	Mouse: using default window
754.4429 	DATA 	Keypress: i
754.5929 	DATA 	Keypress: d
754.7097 	DATA 	Keypress: k
754.8536 	EXP 	New trial (rep=8, index=10): {'leftStreamFlip': False, 'oneTarget': False, 'trialInstructionPos': (0, -1), 'probe': 'both', 'rightStreamFlip': False, 'horizVert': False, 'ISIframes': 2, 'rightResponseFirst': True}
754.8754 	INFO 	numtrials=360 and this trialDurFrames=4 or 66.6666666667 ms  task=T1
755.9259 	EXP 	window1: recordFrameIntervals = False
755.9343 	INFO 	Mouse: using default window
757.4766 	DATA 	Keypress: o
757.6262 	DATA 	Keypress: n
757.7264 	DATA 	Keypress: e
758.5262 	DATA 	Keypress: n
758.6431 	DATA 	Keypress: o
758.7596 	DATA 	Keypress: t
758.9047 	EXP 	New trial (rep=8, index=11): {'leftStreamFlip': False, 'oneTarget': True, 'trialInstructionPos': (0, 1), 'probe': 'both', 'rightStreamFlip': False, 'horizVert': False, 'ISIframes': 2, 'rightResponseFirst': False}
758.9255 	INFO 	numtrials=360 and this trialDurFrames=4 or 66.6666666667 ms  task=T1
760.0761 	EXP 	window1: recordFrameIntervals = False
760.0842 	INFO 	Mouse: using default window
761.6601 	DATA 	Keypress: t
761.7762 	DATA 	Keypress: o
761.8608 	DATA 	Keypress: p
762.0177 	EXP 	New trial (rep=9, index=0): {'leftStreamFlip': False, 'oneTarget': False, 'trialInstructionPos': (0, 1), 'probe': 'both', 'rightStreamFlip': False, 'horizVert': False, 'ISIframes': 2, 'rightResponseFirst': False}
762.0426 	INFO 	numtrials=360 and this trialDurFrames=4 or 66.6666666667 ms  task=T1
763.0260 	EXP 	window1: recordFrameIntervals = False
763.0346 	INFO 	Mouse: using default window
764.4095 	DATA 	Keypress: m
764.6262 	DATA 	Keypress: a
765.0263 	DATA 	Keypress: n
765.7431 	DATA 	Keypress: e
766.2763 	DATA 	Keypress: a
766.6764 	DATA 	Keypress: t
766.8205 	EXP 	New trial (rep=9, index=1): {'leftStreamFlip': False, 'oneTarget': False, 'trialInstructionPos': (0, 1), 'probe': 'both', 'rightStreamFlip': False, 'horizVert': False, 'ISIframes': 2, 'rightResponseFirst': False}
766.8415 	INFO 	numtrials=360 and this trialDurFrames=4 or 66.6666666667 ms  task=T1
767.9760 	EXP 	window1: recordFrameIntervals = False
767.9844 	INFO 	Mouse: using default window
769.9930 	DATA 	Keypress: y
770.1095 	DATA 	Keypress: e
770.4929 	DATA 	Keypress: s
772.0096 	DATA 	Keypress: b
772.0763 	DATA 	Keypress: l
772.2931 	DATA 	Keypress: u
772.4398 	EXP 	New trial (rep=9, index=2): {'leftStreamFlip': False, 'oneTarget': True, 'trialInstructionPos': (0, -1), 'probe': 'both', 'rightStreamFlip': False, 'horizVert': False, 'ISIframes': 2, 'rightResponseFirst': False}
772.4456 	DATA 	Keypress: e
772.4589 	INFO 	numtrials=360 and this trialDurFrames=4 or 66.6666666667 ms  task=T1
773.5260 	EXP 	window1: recordFrameIntervals = False
773.5342 	INFO 	Mouse: using default window
775.1429 	DATA 	Keypress: h
775.2931 	DATA 	Keypress: i
775.4443 	DATA 	Keypress: d
775.6020 	EXP 	New trial (rep=9, index=3): {'leftStreamFlip': False, 'oneTarget': True, 'trialInstructionPos': (0, 1), 'probe': 'both', 'rightStreamFlip': False, 'horizVert': False, 'ISIframes': 2, 'rightResponseFirst': True}
775.6256 	INFO 	numtrials=360 and this trialDurFrames=4 or 66.6666666667 ms  task=T1
776.6593 	EXP 	window1: recordFrameIntervals = False
776.6678 	INFO 	Mouse: using default window
778.5767 	DATA 	Keypress: o
778.7264 	DATA 	Keypress: w
778.8428 	DATA 	Keypress: n
778.9865 	EXP 	New trial (rep=9, index=4): {'leftStreamFlip': False, 'oneTarget': False, 'trialInstructionPos': (0, -1), 'probe': 'both', 'rightStreamFlip': False, 'horizVert': False, 'ISIframes': 2, 'rightResponseFirst': False}
779.0080 	INFO 	numtrials=360 and this trialDurFrames=5 or 83.3333333333 ms  task=T1
780.1094 	EXP 	window1: recordFrameIntervals = False
780.1180 	INFO 	Mouse: using default window
781.8766 	DATA 	Keypress: a
782.1263 	DATA 	Keypress: i
782.4096 	DATA 	Keypress: m
784.6765 	DATA 	Keypress: r
785.0930 	DATA 	Keypress: a
785.5263 	DATA 	Keypress: p
785.6706 	EXP 	New trial (rep=9, index=5): {'leftStreamFlip': False, 'oneTarget': False, 'trialInstructionPos': (0, -1), 'probe': 'both', 'rightStreamFlip': False, 'horizVert': False, 'ISIframes': 2, 'rightResponseFirst': False}
785.6925 	INFO 	numtrials=360 and this trialDurFrames=5 or 83.3333333333 ms  task=T1
786.7095 	EXP 	window1: recordFrameIntervals = False
786.7192 	INFO 	Mouse: using default window
788.9765 	DATA 	Keypress: w
789.0933 	DATA 	Keypress: i
789.2931 	DATA 	Keypress: g
790.5438 	DATA 	Keypress: s
791.0442 	DATA 	Keypress: a
791.2099 	DATA 	Keypress: i
791.3528 	EXP 	New trial (rep=9, index=6): {'leftStreamFlip': False, 'oneTarget': False, 'trialInstructionPos': (0, 1), 'probe': 'both', 'rightStreamFlip': False, 'horizVert': False, 'ISIframes': 2, 'rightResponseFirst': True}
791.3576 	DATA 	Keypress: d
791.3754 	INFO 	numtrials=360 and this trialDurFrames=5 or 83.3333333333 ms  task=T1
792.4267 	EXP 	window1: recordFrameIntervals = False
792.4343 	INFO 	Mouse: using default window
795.2597 	DATA 	Keypress: w
795.6768 	DATA 	Keypress: i
795.9431 	DATA 	Keypress: n
796.9430 	DATA 	Keypress: g
797.0934 	DATA 	Keypress: u
797.3437 	DATA 	Keypress: y
797.4875 	EXP 	New trial (rep=9, index=7): {'leftStreamFlip': False, 'oneTarget': True, 'trialInstructionPos': (0, 1), 'probe': 'both', 'rightStreamFlip': False, 'horizVert': False, 'ISIframes': 2, 'rightResponseFirst': False}
797.5089 	INFO 	numtrials=360 and this trialDurFrames=5 or 83.3333333333 ms  task=T1
798.7427 	EXP 	window1: recordFrameIntervals = False
798.7512 	INFO 	Mouse: using default window
800.2766 	DATA 	Keypress: g
800.4596 	DATA 	Keypress: i
800.6096 	DATA 	Keypress: n
800.7508 	EXP 	New trial (rep=9, index=8): {'leftStreamFlip': False, 'oneTarget': False, 'trialInstructionPos': (0, -1), 'probe': 'both', 'rightStreamFlip': False, 'horizVert': False, 'ISIframes': 2, 'rightResponseFirst': True}
800.7755 	INFO 	numtrials=360 and this trialDurFrames=5 or 83.3333333333 ms  task=T1
801.8760 	EXP 	window1: recordFrameIntervals = False
801.8844 	INFO 	Mouse: using default window
803.6433 	DATA 	Keypress: w
803.7602 	DATA 	Keypress: o
803.8764 	DATA 	Keypress: n
804.5095 	DATA 	Keypress: a
804.8263 	DATA 	Keypress: d
804.9600 	DATA 	Keypress: d
805.1037 	EXP 	New trial (rep=9, index=9): {'leftStreamFlip': False, 'oneTarget': False, 'trialInstructionPos': (0, 1), 'probe': 'both', 'rightStreamFlip': False, 'horizVert': False, 'ISIframes': 2, 'rightResponseFirst': True}
805.1256 	INFO 	numtrials=360 and this trialDurFrames=4 or 66.6666666667 ms  task=T1
806.2261 	EXP 	window1: recordFrameIntervals = False
806.2344 	INFO 	Mouse: using default window
807.7764 	DATA 	Keypress: b
807.9930 	DATA 	Keypress: u
808.2262 	DATA 	Keypress: g
808.6931 	DATA 	Keypress: s
808.9603 	DATA 	Keypress: e
809.0763 	DATA 	Keypress: e
809.2204 	EXP 	New trial (rep=9, index=10): {'leftStreamFlip': False, 'oneTarget': True, 'trialInstructionPos': (0, -1), 'probe': 'both', 'rightStreamFlip': False, 'horizVert': False, 'ISIframes': 2, 'rightResponseFirst': True}
809.2422 	INFO 	numtrials=360 and this trialDurFrames=4 or 66.6666666667 ms  task=T1
810.3594 	EXP 	window1: recordFrameIntervals = False
810.3674 	INFO 	Mouse: using default window
811.1763 	DATA 	Keypress: o
811.3097 	DATA 	Keypress: w
811.4766 	DATA 	Keypress: n
811.6161 	EXP 	New trial (rep=9, index=11): {'leftStreamFlip': False, 'oneTarget': False, 'trialInstructionPos': (0, -1), 'probe': 'both', 'rightStreamFlip': False, 'horizVert': False, 'ISIframes': 2, 'rightResponseFirst': True}
811.6433 	INFO 	numtrials=360 and this trialDurFrames=5 or 83.3333333333 ms  task=T1
812.8595 	EXP 	window1: recordFrameIntervals = False
812.8681 	INFO 	Mouse: using default window
814.5096 	DATA 	Keypress: b
814.6264 	DATA 	Keypress: u
814.8929 	DATA 	Keypress: m
815.5929 	DATA 	Keypress: a
816.6096 	DATA 	Keypress: x
818.0428 	DATA 	Keypress: e
818.1891 	EXP 	New trial (rep=10, index=0): {'leftStreamFlip': False, 'oneTarget': False, 'trialInstructionPos': (0, 1), 'probe': 'both', 'rightStreamFlip': False, 'horizVert': False, 'ISIframes': 2, 'rightResponseFirst': True}
818.2090 	INFO 	numtrials=360 and this trialDurFrames=5 or 83.3333333333 ms  task=T1
819.4094 	EXP 	window1: recordFrameIntervals = False
819.4178 	INFO 	Mouse: using default window
820.9929 	DATA 	Keypress: h
821.3096 	DATA 	Keypress: o
821.5431 	DATA 	Keypress: p
822.6764 	DATA 	Keypress: p
822.8262 	DATA 	Keypress: e
823.1595 	DATA 	Keypress: t
823.3045 	EXP 	New trial (rep=10, index=1): {'leftStreamFlip': False, 'oneTarget': True, 'trialInstructionPos': (0, -1), 'probe': 'both', 'rightStreamFlip': False, 'horizVert': False, 'ISIframes': 2, 'rightResponseFirst': True}
823.3255 	INFO 	numtrials=360 and this trialDurFrames=4 or 66.6666666667 ms  task=T1
824.3760 	EXP 	window1: recordFrameIntervals = False
824.3845 	INFO 	Mouse: using default window
825.5099 	DATA 	Keypress: i
825.6430 	DATA 	Keypress: n
825.8766 	DATA 	Keypress: k
826.0179 	EXP 	New trial (rep=10, index=2): {'leftStreamFlip': False, 'oneTarget': False, 'trialInstructionPos': (0, 1), 'probe': 'both', 'rightStreamFlip': False, 'horizVert': False, 'ISIframes': 2, 'rightResponseFirst': False}
826.0425 	INFO 	numtrials=360 and this trialDurFrames=5 or 83.3333333333 ms  task=T1
827.0926 	EXP 	window1: recordFrameIntervals = False
827.1010 	INFO 	Mouse: using default window
830.1596 	DATA 	Keypress: t
830.5431 	DATA 	Keypress: r
830.6931 	DATA 	Keypress: y
831.3596 	DATA 	Keypress: t
831.8263 	DATA 	Keypress: o
831.9596 	DATA 	Keypress: o
832.1037 	EXP 	New trial (rep=10, index=3): {'leftStreamFlip': False, 'oneTarget': False, 'trialInstructionPos': (0, -1), 'probe': 'both', 'rightStreamFlip': False, 'horizVert': False, 'ISIframes': 2, 'rightResponseFirst': False}
832.1257 	INFO 	numtrials=360 and this trialDurFrames=5 or 83.3333333333 ms  task=T1
833.3263 	EXP 	window1: recordFrameIntervals = False
833.3342 	INFO 	Mouse: using default window
834.8095 	DATA 	Keypress: p
835.3430 	DATA 	Keypress: o
835.4931 	DATA 	Keypress: o
836.7762 	DATA 	Keypress: i
836.9096 	DATA 	Keypress: d
837.0262 	DATA 	Keypress: k
837.1714 	EXP 	New trial (rep=10, index=4): {'leftStreamFlip': False, 'oneTarget': False, 'trialInstructionPos': (0, -1), 'probe': 'both', 'rightStreamFlip': False, 'horizVert': False, 'ISIframes': 2, 'rightResponseFirst': True}
837.1917 	INFO 	numtrials=360 and this trialDurFrames=5 or 83.3333333333 ms  task=T1
838.3761 	EXP 	window1: recordFrameIntervals = False
838.3841 	INFO 	Mouse: using default window
840.1602 	DATA 	Keypress: g
840.6930 	DATA 	Keypress: e
840.8430 	DATA 	Keypress: e
845.6929 	DATA 	Keypress: i
845.9098 	DATA 	Keypress: d
846.1095 	DATA 	Keypress: k
846.2531 	EXP 	New trial (rep=10, index=5): {'leftStreamFlip': False, 'oneTarget': False, 'trialInstructionPos': (0, 1), 'probe': 'both', 'rightStreamFlip': False, 'horizVert': False, 'ISIframes': 2, 'rightResponseFirst': True}
846.2755 	INFO 	numtrials=360 and this trialDurFrames=5 or 83.3333333333 ms  task=T1
847.3428 	EXP 	window1: recordFrameIntervals = False
847.3512 	INFO 	Mouse: using default window
848.7596 	DATA 	Keypress: y
848.8931 	DATA 	Keypress: o
849.0430 	DATA 	Keypress: u
850.0097 	DATA 	Keypress: d
850.1763 	DATA 	Keypress: i
850.5596 	DATA 	Keypress: g
850.7042 	EXP 	New trial (rep=10, index=6): {'leftStreamFlip': False, 'oneTarget': True, 'trialInstructionPos': (0, 1), 'probe': 'both', 'rightStreamFlip': False, 'horizVert': False, 'ISIframes': 2, 'rightResponseFirst': True}
850.7253 	INFO 	numtrials=360 and this trialDurFrames=5 or 83.3333333333 ms  task=T1
851.9095 	EXP 	window1: recordFrameIntervals = False
851.9181 	INFO 	Mouse: using default window
853.4096 	DATA 	Keypress: h
853.5431 	DATA 	Keypress: i
853.6930 	DATA 	Keypress: d
853.8347 	EXP 	New trial (rep=10, index=7): {'leftStreamFlip': False, 'oneTarget': True, 'trialInstructionPos': (0, 1), 'probe': 'both', 'rightStreamFlip': False, 'horizVert': False, 'ISIframes': 2, 'rightResponseFirst': False}
853.8589 	INFO 	numtrials=360 and this trialDurFrames=5 or 83.3333333333 ms  task=T1
854.8926 	EXP 	window1: recordFrameIntervals = False
854.9009 	INFO 	Mouse: using default window
856.0261 	DATA 	Keypress: l
856.1761 	DATA 	Keypress: e
856.4430 	DATA 	Keypress: t
856.5831 	EXP 	New trial (rep=10, index=8): {'leftStreamFlip': False, 'oneTarget': False, 'trialInstructionPos': (0, -1), 'probe': 'both', 'rightStreamFlip': False, 'horizVert': False, 'ISIframes': 2, 'rightResponseFirst': False}
856.6084 	INFO 	numtrials=360 and this trialDurFrames=5 or 83.3333333333 ms  task=T1
857.6426 	EXP 	window1: recordFrameIntervals = False
857.6506 	INFO 	Mouse: using default window
859.0263 	DATA 	Keypress: w
859.0933 	DATA 	Keypress: o
859.2097 	DATA 	Keypress: w
860.7099 	DATA 	Keypress: b
860.9100 	DATA 	Keypress: u
861.1263 	DATA 	Keypress: d
861.2686 	EXP 	New trial (rep=10, index=9): {'leftStreamFlip': False, 'oneTarget': True, 'trialInstructionPos': (0, -1), 'probe': 'both', 'rightStreamFlip': False, 'horizVert': False, 'ISIframes': 2, 'rightResponseFirst': False}
861.2916 	INFO 	numtrials=360 and this trialDurFrames=5 or 83.3333333333 ms  task=T1
862.3260 	EXP 	window1: recordFrameIntervals = False
862.3349 	INFO 	Mouse: using default window
863.2263 	DATA 	Keypress: s
863.5261 	DATA 	Keypress: e
863.6761 	DATA 	Keypress: e
863.8192 	EXP 	New trial (rep=10, index=10): {'leftStreamFlip': False, 'oneTarget': False, 'trialInstructionPos': (0, -1), 'probe': 'both', 'rightStreamFlip': False, 'horizVert': False, 'ISIframes': 2, 'rightResponseFirst': True}
863.8418 	INFO 	numtrials=360 and this trialDurFrames=5 or 83.3333333333 ms  task=T1
864.9093 	EXP 	window1: recordFrameIntervals = False
864.9183 	INFO 	Mouse: using default window
866.2439 	DATA 	Keypress: t
866.3764 	DATA 	Keypress: o
866.5099 	DATA 	Keypress: n
867.0599 	DATA 	Keypress: s
867.3439 	DATA 	Keypress: e
867.4441 	DATA 	Keypress: e
867.6019 	EXP 	New trial (rep=10, index=11): {'leftStreamFlip': False, 'oneTarget': False, 'trialInstructionPos': (0, 1), 'probe': 'both', 'rightStreamFlip': False, 'horizVert': False, 'ISIframes': 2, 'rightResponseFirst': False}
867.6248 	INFO 	numtrials=360 and this trialDurFrames=5 or 83.3333333333 ms  task=T1
868.7761 	EXP 	window1: recordFrameIntervals = False
868.7856 	INFO 	Mouse: using default window
870.6430 	DATA 	Keypress: b
870.7596 	DATA 	Keypress: a
871.4605 	DATA 	Keypress: t
872.2606 	DATA 	Keypress: f
873.0613 	DATA 	Keypress: a
873.5094 	DATA 	Keypress: t
873.6510 	EXP 	New trial (rep=11, index=0): {'leftStreamFlip': False, 'oneTarget': False, 'trialInstructionPos': (0, -1), 'probe': 'both', 'rightStreamFlip': False, 'horizVert': False, 'ISIframes': 2, 'rightResponseFirst': True}
873.6747 	INFO 	numtrials=360 and this trialDurFrames=5 or 83.3333333333 ms  task=T1
874.8759 	EXP 	window1: recordFrameIntervals = False
874.8844 	INFO 	Mouse: using default window
876.7595 	DATA 	Keypress: t
876.8596 	DATA 	Keypress: i
877.0606 	DATA 	Keypress: p
878.0595 	DATA 	Keypress: i
878.1595 	DATA 	Keypress: c
878.2931 	DATA 	Keypress: e
878.4371 	EXP 	New trial (rep=11, index=1): {'leftStreamFlip': False, 'oneTarget': False, 'trialInstructionPos': (0, 1), 'probe': 'both', 'rightStreamFlip': False, 'horizVert': False, 'ISIframes': 2, 'rightResponseFirst': True}
878.4581 	INFO 	numtrials=360 and this trialDurFrames=5 or 83.3333333333 ms  task=T1
879.6760 	EXP 	window1: recordFrameIntervals = False
879.6840 	INFO 	Mouse: using default window
881.7092 	DATA 	Keypress: i
881.8450 	DATA 	Keypress: d
881.9596 	DATA 	Keypress: k
883.6431 	DATA 	Keypress: i
883.8130 	DATA 	Keypress: d
883.9428 	DATA 	Keypress: k
884.0820 	EXP 	New trial (rep=11, index=2): {'leftStreamFlip': False, 'oneTarget': False, 'trialInstructionPos': (0, 1), 'probe': 'both', 'rightStreamFlip': False, 'horizVert': False, 'ISIframes': 2, 'rightResponseFirst': False}
884.1091 	INFO 	numtrials=360 and this trialDurFrames=5 or 83.3333333333 ms  task=T1
885.1259 	EXP 	window1: recordFrameIntervals = False
885.1343 	INFO 	Mouse: using default window
886.5429 	DATA 	Keypress: r
886.6432 	DATA 	Keypress: o
886.7432 	DATA 	Keypress: d
887.6761 	DATA 	Keypress: p
887.8102 	DATA 	Keypress: e
888.0764 	DATA 	Keypress: t
888.2183 	EXP 	New trial (rep=11, index=3): {'leftStreamFlip': False, 'oneTarget': True, 'trialInstructionPos': (0, -1), 'probe': 'both', 'rightStreamFlip': False, 'horizVert': False, 'ISIframes': 2, 'rightResponseFirst': True}
888.2415 	INFO 	numtrials=360 and this trialDurFrames=5 or 83.3333333333 ms  task=T1
889.4760 	EXP 	window1: recordFrameIntervals = False
889.4845 	INFO 	Mouse: using default window
890.7430 	DATA 	Keypress: p
891.0451 	DATA 	Keypress: i
891.5099 	DATA 	Keypress: g
891.6477 	EXP 	New trial (rep=11, index=4): {'leftStreamFlip': False, 'oneTarget': True, 'trialInstructionPos': (0, 1), 'probe': 'both', 'rightStreamFlip': False, 'horizVert': False, 'ISIframes': 2, 'rightResponseFirst': True}
891.6764 	INFO 	numtrials=360 and this trialDurFrames=5 or 83.3333333333 ms  task=T1
892.9093 	EXP 	window1: recordFrameIntervals = False
892.9189 	INFO 	Mouse: using default window
893.8600 	DATA 	Keypress: c
894.0097 	DATA 	Keypress: u
894.1927 	DATA 	Keypress: t
894.3324 	EXP 	New trial (rep=11, index=5): {'leftStreamFlip': False, 'oneTarget': False, 'trialInstructionPos': (0, -1), 'probe': 'both', 'rightStreamFlip': False, 'horizVert': False, 'ISIframes': 2, 'rightResponseFirst': True}
894.3592 	INFO 	numtrials=360 and this trialDurFrames=5 or 83.3333333333 ms  task=T1
895.5594 	EXP 	window1: recordFrameIntervals = False
895.5677 	INFO 	Mouse: using default window
897.6096 	DATA 	Keypress: w
897.7597 	DATA 	Keypress: i
897.9602 	DATA 	Keypress: g
899.0441 	DATA 	Keypress: t
899.4767 	DATA 	Keypress: a
899.6931 	DATA 	Keypress: g
899.8386 	EXP 	New trial (rep=11, index=6): {'leftStreamFlip': False, 'oneTarget': False, 'trialInstructionPos': (0, 1), 'probe': 'both', 'rightStreamFlip': False, 'horizVert': False, 'ISIframes': 2, 'rightResponseFirst': True}
899.8586 	INFO 	numtrials=360 and this trialDurFrames=5 or 83.3333333333 ms  task=T1
900.9094 	EXP 	window1: recordFrameIntervals = False
900.9179 	INFO 	Mouse: using default window
902.6766 	DATA 	Keypress: h
902.8266 	DATA 	Keypress: u
903.0441 	DATA 	Keypress: d
903.8930 	DATA 	Keypress: t
904.2263 	DATA 	Keypress: a
904.3596 	DATA 	Keypress: g
904.5037 	EXP 	New trial (rep=11, index=7): {'leftStreamFlip': False, 'oneTarget': False, 'trialInstructionPos': (0, -1), 'probe': 'both', 'rightStreamFlip': False, 'horizVert': False, 'ISIframes': 2, 'rightResponseFirst': False}
904.5252 	INFO 	numtrials=360 and this trialDurFrames=5 or 83.3333333333 ms  task=T1
905.5427 	EXP 	window1: recordFrameIntervals = False
905.5512 	INFO 	Mouse: using default window
907.0096 	DATA 	Keypress: t
908.2763 	DATA 	Keypress: o
908.5763 	DATA 	Keypress: y
909.9429 	DATA 	Keypress: l
910.3267 	DATA 	Keypress: u
910.4929 	DATA 	Keypress: g
910.6384 	EXP 	New trial (rep=11, index=8): {'leftStreamFlip': False, 'oneTarget': False, 'trialInstructionPos': (0, -1), 'probe': 'both', 'rightStreamFlip': False, 'horizVert': False, 'ISIframes': 2, 'rightResponseFirst': False}
910.6591 	INFO 	numtrials=360 and this trialDurFrames=5 or 83.3333333333 ms  task=T1
911.6760 	EXP 	window1: recordFrameIntervals = False
911.6842 	INFO 	Mouse: using default window
914.1929 	DATA 	Keypress: v
914.3596 	DATA 	Keypress: a
914.5263 	DATA 	Keypress: n
915.6595 	DATA 	Keypress: z
915.9765 	DATA 	Keypress: o
916.1428 	DATA 	Keypress: o
916.2895 	EXP 	New trial (rep=11, index=9): {'leftStreamFlip': False, 'oneTarget': True, 'trialInstructionPos': (0, 1), 'probe': 'both', 'rightStreamFlip': False, 'horizVert': False, 'ISIframes': 2, 'rightResponseFirst': False}
916.3082 	INFO 	numtrials=360 and this trialDurFrames=5 or 83.3333333333 ms  task=T1
917.4927 	EXP 	window1: recordFrameIntervals = False
917.5012 	INFO 	Mouse: using default window
918.8096 	DATA 	Keypress: z
918.8929 	DATA 	Keypress: i
919.0607 	DATA 	Keypress: p
919.2178 	EXP 	New trial (rep=11, index=10): {'leftStreamFlip': False, 'oneTarget': True, 'trialInstructionPos': (0, -1), 'probe': 'both', 'rightStreamFlip': False, 'horizVert': False, 'ISIframes': 2, 'rightResponseFirst': False}
919.2424 	INFO 	numtrials=360 and this trialDurFrames=5 or 83.3333333333 ms  task=T1
920.3428 	EXP 	window1: recordFrameIntervals = False
920.3509 	INFO 	Mouse: using default window
921.2262 	DATA 	Keypress: f
921.4428 	DATA 	Keypress: a
921.7763 	DATA 	Keypress: t
921.9189 	EXP 	New trial (rep=11, index=11): {'leftStreamFlip': False, 'oneTarget': False, 'trialInstructionPos': (0, 1), 'probe': 'both', 'rightStreamFlip': False, 'horizVert': False, 'ISIframes': 2, 'rightResponseFirst': False}
921.9422 	INFO 	numtrials=360 and this trialDurFrames=5 or 83.3333333333 ms  task=T1
923.0926 	EXP 	window1: recordFrameIntervals = False
923.1009 	INFO 	Mouse: using default window
925.9762 	DATA 	Keypress: r
926.0771 	DATA 	Keypress: o
926.2431 	DATA 	Keypress: d
927.5666 	DATA 	Keypress: s
927.6933 	DATA 	Keypress: k
928.2443 	DATA 	Keypress: y
928.4046 	EXP 	New trial (rep=12, index=0): {'leftStreamFlip': False, 'oneTarget': False, 'trialInstructionPos': (0, -1), 'probe': 'both', 'rightStreamFlip': False, 'horizVert': False, 'ISIframes': 2, 'rightResponseFirst': False}
928.4254 	INFO 	numtrials=360 and this trialDurFrames=5 or 83.3333333333 ms  task=T1
929.5760 	EXP 	window1: recordFrameIntervals = False
929.5844 	INFO 	Mouse: using default window
934.7429 	DATA 	Keypress: lctrl
935.0095 	DATA 	Keypress: lctrl
938.8929 	DATA 	Keypress: lctrl
939.4607 	DATA 	Keypress: z
940.8097 	DATA 	Keypress: lctrl
941.0597 	DATA 	Keypress: lalt
942.0428 	DATA 	Keypress: z
943.1763 	DATA 	Keypress: escape
943.4606 	DATA 	Keypress: escape
947.1930 	DATA 	Keypress: lctrl
947.7095 	DATA 	Keypress: lshift
947.9762 	DATA 	Keypress: z
947.9962 	INFO 	Stopping at 16:20 on 06 Aug 2018
947.9976 	ERROR 	user aborted experiment on keypress with trials done=144 of 361
948.0220 	INFO 	Program terminating normally.
