0.6676 	WARNING 	Monitor specification not found. Creating a temporary one...
17.3784 	EXP 	Created window1 = Window(allowGUI=False, allowStencil=False, autoLog=True, bitsMode=UNKNOWN, blendMode='avg', color=array([-0.7, -0.7, -0.7]), colorSpace='rgb', fullscr=UNKNOWN, gamma=None, lms=UNKNOWN, monitor=<psychopy.monitors.calibTools.Monitor object at 0x1E742170>, name='window1', pos=[0, 0], screen=0, size=array([1920, 1080]), stereo=False, units='deg', useFBO=False, useRetina=False, viewOri=0.0, viewPos=None, viewScale=None, waitBlanking=False, winType='pyglet')
17.3784 	INFO 	Mouse: using default window
17.3788 	EXP 	window1: units = 'norm'
17.6105 	EXP 	Created unnamed ImageStim = ImageStim(autoLog=True, color=array([ 1.,  1.,  1.]), colorSpace='rgb', contrast=1.0, depth=0, flipHoriz=False, flipVert=False, image=str(...), interpolate=False, mask=None, maskParams=None, name='unnamed ImageStim', opacity=1.0, ori=0.0, pos=array([-0.5,  0. ]), size=array([ 1.290625  ,  3.24814815]), texRes=128, units='norm', win=Window(...))
17.8373 	EXP 	Created unnamed ImageStim = ImageStim(autoLog=True, color=array([ 1.,  1.,  1.]), colorSpace='rgb', contrast=1.0, depth=0, flipHoriz=False, flipVert=False, image=str(...), interpolate=False, mask=None, maskParams=None, name='unnamed ImageStim', opacity=1.0, ori=0.0, pos=array([ 0.5,  0. ]), size=array([ 1.290625  ,  3.24814815]), texRes=128, units='norm', win=Window(...))
17.8728 	EXP 	Created OKrespZone = GratingStim(autoDraw=False, autoLog=True, color=array([ 1. ,  0.5,  0.5]), colorSpace='rgb', contrast=1.0, depth=0, interpolate=False, mask='gauss', maskParams=None, name='OKrespZone', opacity=1.0, ori=0.0, phase=array([ 0.,  0.]), pos=array([-0.2 , -0.92]), rgbPedestal=array([ 0.,  0.,  0.]), sf=array([ 0.,  0.]), size=array([ 2.3,  0.2]), tex='sin', texRes=256, units='norm', win=Window(...))
18.0844 	EXP 	unnamed ImageStim: size = (1, 2)
18.0844 	EXP 	unnamed ImageStim: size = (1, 2)
29.0949 	DATA 	Mouse: wheel shift=(0,-1), pos=(608,430)
29.2781 	DATA 	Mouse: wheel shift=(0,-1), pos=(608,430)
29.5283 	DATA 	Mouse: wheel shift=(0,1), pos=(608,430)
68.3116 	DATA 	Mouse: Left button down, pos=(778,55)
68.3276 	EXP 	window1: units = 'deg'
68.3281 	EXP 	window1: units = 'norm'
68.3439 	EXP 	Created OKrespZone = GratingStim(autoDraw=False, autoLog=True, color=array([ 1. ,  0.5,  0.5]), colorSpace='rgb', contrast=1.0, depth=0, interpolate=False, mask='gauss', maskParams=None, name='OKrespZone', opacity=1.0, ori=0.0, phase=array([ 0.,  0.]), pos=array([-0.2 , -0.92]), rgbPedestal=array([ 0.,  0.,  0.]), sf=array([ 0.,  0.]), size=array([ 2.3,  0.2]), tex='sin', texRes=256, units='norm', win=Window(...))
68.5289 	EXP 	Created unnamed ImageStim = ImageStim(autoLog=True, color=array([ 1.,  1.,  1.]), colorSpace='rgb', contrast=1.0, depth=0, flipHoriz=False, flipVert=False, image='abgdj\\PISandConsentForm\\consentForm.png', interpolate=False, mask=None, maskParams=None, name='unnamed ImageStim', opacity=1.0, ori=0.0, pos=array([ 0.,  0.]), size=array([ 1.3375    ,  2.97407407]), texRes=128, units='norm', win=Window(...))
68.5697 	EXP 	Created unnamed GratingStim = GratingStim(autoDraw=False, autoLog=True, color=array([ 1. ,  0.5,  0.5]), colorSpace='rgb', contrast=1.0, depth=0, interpolate=False, mask='gauss', maskParams=None, name='unnamed GratingStim', opacity=1.0, ori=0.0, phase=array([ 0.,  0.]), pos=array([-0.2 , -0.42]), rgbPedestal=array([ 0.,  0.,  0.]), sf=array([ 0.,  0.]), size=array([ 0.3,  0.2]), tex='sin', texRes=256, units='norm', win=Window(...))
68.6216 	EXP 	Created unnamed GratingStim = GratingStim(autoDraw=False, autoLog=True, color=array([ 1. ,  0.5,  0.5]), colorSpace='rgb', contrast=1.0, depth=0, interpolate=False, mask='gauss', maskParams=None, name='unnamed GratingStim', opacity=1.0, ori=0.0, phase=array([ 0.,  0.]), pos=array([ 0.1 , -0.42]), rgbPedestal=array([ 0.,  0.,  0.]), sf=array([ 0.,  0.]), size=array([ 0.3,  0.2]), tex='sin', texRes=256, units='norm', win=Window(...))
68.6632 	EXP 	Created unnamed GratingStim = GratingStim(autoDraw=False, autoLog=True, color=array([ 1. ,  0.5,  0.5]), colorSpace='rgb', contrast=1.0, depth=0, interpolate=False, mask='gauss', maskParams=None, name='unnamed GratingStim', opacity=1.0, ori=0.0, phase=array([ 0.,  0.]), pos=array([-0.2 , -0.72]), rgbPedestal=array([ 0.,  0.,  0.]), sf=array([ 0.,  0.]), size=array([ 0.3,  0.2]), tex='sin', texRes=256, units='norm', win=Window(...))
68.7029 	EXP 	Created unnamed GratingStim = GratingStim(autoDraw=False, autoLog=True, color=array([ 1. ,  0.5,  0.5]), colorSpace='rgb', contrast=1.0, depth=0, interpolate=False, mask='gauss', maskParams=None, name='unnamed GratingStim', opacity=1.0, ori=0.0, phase=array([ 0.,  0.]), pos=array([ 0.1 , -0.72]), rgbPedestal=array([ 0.,  0.,  0.]), sf=array([ 0.,  0.]), size=array([ 0.3,  0.2]), tex='sin', texRes=256, units='norm', win=Window(...))
68.7060 	DATA 	Mouse:  Left button up, pos=(778,55)
68.7111 	EXP 	unnamed ImageStim: size = (1.1, 2)
73.1475 	DATA 	Mouse: Left button down, pos=(756,312)
73.2949 	DATA 	Mouse:  Left button up, pos=(756,312)
78.2284 	DATA 	Mouse: Left button down, pos=(774,165)
78.3638 	DATA 	Mouse:  Left button up, pos=(774,165)
79.5950 	DATA 	Mouse: Left button down, pos=(760,38)
79.6110 	EXP 	window1: units = 'deg'
79.6158 	EXP 	window1: mouseVisible = True
100.1122 	EXP 	Created window1 = Window(allowGUI=False, allowStencil=False, autoLog=True, bitsMode=UNKNOWN, blendMode='avg', color=array([-0.7, -0.7, -0.7]), colorSpace='rgb', fullscr=UNKNOWN, gamma=None, lms=UNKNOWN, monitor=<psychopy.monitors.calibTools.Monitor object at 0x1E742170>, name='window1', pos=[0, 0], screen=0, size=array([1920, 1080]), stereo=False, units='deg', useFBO=False, useRetina=False, viewOri=0.0, viewPos=None, viewScale=None, waitBlanking=False, winType='pyglet')
104.6124 	INFO 	#[ PsychoPy2 RuntimeInfoStart ]
  #[[ PsychoPy ]] #---------
    psychopyVersion: 1.84.2
    psychopyHaveExtRush: True
  #[[ Experiment ]] #---------
    experimentAuthor: None
    experimentAuthVersion: None
    experimentRunTime: 2018_08_09 09:30 (Year_Month_Day Hour:Min)
    experimentRunTime.epoch: 1533771010
    experimentScript: psyc1002.py
    experimentScript.digestSHA1: 03993779484d600ea4c1b8cc2288f3d37a5025d5
    experimentScript.directory: U:\PSYC1002\abgdj
  #[[ System ]] #---------
    systemHaveInternetAccess: True
    systemHostName: W5FGZKG2
    systemLocale: English_Australia.1252
    systemMemFreeRAM: 4260.6015625
    systemMemTotalRAM: 8076.9453125
    systemPlatform: windowsversion=sys.getwindowsversion(major=6, minor=2, build=9200, platform=2, service_pack='')
    systemPyo.InputDevices: {4: {'host api index': 2, 'latency': 0.008707483299076557, 'default sr': 44100, 'name': u'Realtek ASIO'}}
    systemPyo.OutputDevices: {0: {'host api index': 0, 'latency': 0.09000000357627869, 'default sr': 44100, 'name': u'Microsoft Sound Mapper - Output'}, 1: {'host api index': 0, 'latency': 0.09000000357627869, 'default sr': 44100, 'name': u'Speakers / Headphones (Realtek '}, 2: {'host api index': 1, 'latency': 0.11999999731779099, 'default sr': 44100, 'name': u'Primary Sound Driver'}, 3: {'host api index': 1, 'latency': 0.11999999731779099, 'default sr': 44100, 'name': u'Speakers / Headphones (Realtek High Definition Audio)'}, 4: {'host api index': 2, 'latency': 0.008707483299076557, 'default sr': 44100, 'name': u'Realtek ASIO'}, 5: {'host api index': 3, 'latency': 0.003000000026077032, 'default sr': 48000, 'name': u'Speakers / Headphones (Realtek High Definition Audio)'}}
    systemPyoVersion: 0.8.0
    systemRebooted: System Boot Time:          8/08/2018, 2:09:56 AM
    systemSec.pythonSSL: True
    systemTimeNumpySD1000000_sec: 0.0079
    systemUser: acar5819
    systemUserID: 1000
    systemUserProcCmdPid: LabStatsUserSpace.exe dwm.exe TiWorker.exe CmRcService.exe nierserver.exe LabStatsClient.exe tagsrv.exe SearchUI.exe ApplicationFrameHost.exe OneDrive.exe nipxism.exe TrustedInstaller.exe niLxiDiscovery.exe SecurityHealthService.exe redirector.exe server_admin.exe pc-client.exe lkads.exe svchost.exe smartscreen.exe ni_usbmon.exe JKIUpdate.exe AGSService.exe System SISIDSService.exe IntelCpHeciSvc.exe SelfServicePlugin.exe explorer.exe smss.exe ApplicationWebServer.exe RuntimeBroker.exe acrotray.exe IntelCpHDCPSvc.exe niauth_daemon.exe cmd.exe nidmsrv.exe Receiver.exe SISIPSService.exe lktsrv.exe lsass.exe python.exe RtkNGUI64.exe sisipsutil.exe AdobeUpdateService.exe armsvc.exe ssonsvr.exe concentr.exe nidevldu.exe taskhostw.exe ctfmon.exe RAVBg64.exe ''Memory Compression'' NIWebServiceContainer.exe nimxs.exe RtkAudioService64.exe chrome.exe SystemWebServer.exe tasklist.exe snowagent.exe CcmExec.exe SmcGui.exe nicitdl5.exe ''System Idle Process'' services.exe niDiscSvc.exe sqlwriter.exe MSASCuiL.exe SCNotification.exe nimdnsResponder.exe server_runtime.exe sihost.exe spoolsv.exe wininit.exe winlogon.exe ShellExperienceHost.exe nidevmon.exe SearchIndexer.exe csrss.exe WmiPrvSE.exe audiodg.exe fontdrvhost.exe dllhost.exe unsecapp.exe ccSvcHst.exe wfcrun32.exe nisvcloc.exe server_eventlog.exe lkcitdl.exe AuthManSvr.exe conhost.exe
    systemUserProcCount: 188
    systemUserProcFlagged: Explorer
    systemUsersCount: False
  #[[ Window ]] #---------
    windowWinType: pyglet
    windowWaitBlanking: False
    windowUseNativeGamma: True
    windowUnits: deg
    windowSize_pix: [1920 1080]
    windowScreen: 0
    windowRgb: [-0.7 -0.7 -0.7]
    windowRefreshTimeSD_ms: 0.194
    windowRefreshTimeMedian_ms: 16.689
    windowRefreshTimeAvg_ms: 16.674
    windowRefreshThreshold_sec: 0.0200
    windowRecordFrameIntervals: False
    windowPos_pix: [0, 0]
    windowMonitor.name: testmonitor
    windowMonitor.getWidth_cm: 57.0
    windowMonitor.getLinearizeMethod: 1
    windowMonitor.getGammaGrid: [[  0.   1.   1.  nan  nan  nan]
 [  0.   1.   1.  nan  nan  nan]
 [  0.   1.   1.  nan  nan  nan]
 [  0.   1.   1.  nan  nan  nan]]
    windowMonitor.getDistance_cm: 57.0
    windowMonitor.gammaInterpolator2: None
    windowMonitor.gammaInterpolator: None
    windowMonitor.currentCalibName: 2018_08_09 09:28
    windowIsFullScr: True
    windowHaveShaders: True
    windowAllowGUI: False
  #[[ Python ]] #---------
    pythonWxVersion: 3.0.2.0 msw (classic)
    pythonVersion: 2.7.11
    pythonScipyVersion: 0.17.1
    pythonPygletVersion: 1.2.4
    pythonPygameVersion: 1.9.2pre
    pythonNumpyVersion: 1.11.0
    pythonMatplotlibVersion: 1.5.1
    pythonFullVersion: 2.7.11 (v2.7.11:6d1b6a68f775, Dec  5 2015, 20:32:19) [MSC v.1500 32 bit (Intel)]
    pythonExecutable: C:\Program Files (x86)\PsychoPy2\python.exe
  #[[ OpenGL ]] #---------
    openGLVersion: 4.5.0 - Build 22.20.16.4836
    openGLVendor: Intel
    openGLRenderingEngine: Intel(R) HD Graphics 530
    openGLmaxVerticesInVertexArray: 1048576
    False: openGLext.GL_STEREO
    True: openGLext.GL_EXT_framebuffer_object
    True: openGLext.GL_ARB_vertex_shader
    True: openGLext.GL_ARB_texture_non_power_of_two
    True: openGLext.GL_ARB_texture_float
    True: openGLext.GL_ARB_shader_objects
    True: openGLext.GL_ARB_multitexture
    True: openGLext.GL_ARB_fragment_program
#[ PsychoPy2 RuntimeInfoEnd ]

104.6610 	EXP 	window1: recordFrameIntervals = True
105.4946 	EXP 	window1: recordFrameIntervals = False
105.4951 	INFO 	Frames per second ~=60.0, which is close enough to desired val of 60.0
105.7078 	EXP 	Created sequence: random, trialTypes=12, nReps=30, seed=None
105.8514 	INFO 	Mouse: using default window
105.8716 	EXP 	Created OKrespZone = GratingStim(autoDraw=False, autoLog=True, color=array([ 1.,  1.,  1.]), colorSpace='rgb', contrast=1.0, depth=0, interpolate=False, mask='gauss', maskParams=None, name='OKrespZone', opacity=1.0, ori=0.0, phase=array([ 0.,  0.]), pos=array([ 0.  ,  0.88]), rgbPedestal=array([ 0.,  0.,  0.]), sf=array([ 0.,  0.]), size=array([ 2. ,  0.2]), tex='sin', texRes=256, units='norm', win=Window(...))
114.9621 	DATA 	Mouse: Left button down, pos=(156,954)
115.0817 	DATA 	Mouse:  Left button up, pos=(156,954)
122.6019 	DATA 	Mouse: Left button down, pos=(98,393)
122.7297 	DATA 	Mouse:  Left button up, pos=(98,393)
124.0421 	DATA 	Mouse: Left button down, pos=(114,535)
124.1377 	DATA 	Mouse:  Left button up, pos=(114,535)
125.8658 	DATA 	Mouse: Left button down, pos=(93,746)
125.9777 	DATA 	Mouse:  Left button up, pos=(93,746)
127.9312 	DATA 	Mouse: Left button down, pos=(67,184)
128.0817 	DATA 	Mouse:  Left button up, pos=(67,184)
135.5300 	DATA 	Mouse: Left button down, pos=(277,184)
135.6576 	DATA 	Mouse:  Left button up, pos=(277,184)
143.0580 	DATA 	Mouse: Left button down, pos=(302,741)
143.1456 	DATA 	Mouse:  Left button up, pos=(302,741)
144.1620 	DATA 	Mouse: Left button down, pos=(284,679)
144.2895 	DATA 	Mouse:  Left button up, pos=(284,679)
149.6579 	DATA 	Mouse: Left button down, pos=(506,882)
149.7776 	DATA 	Mouse:  Left button up, pos=(506,882)
152.1940 	DATA 	Mouse: Left button down, pos=(513,747)
152.3056 	DATA 	Mouse:  Left button up, pos=(513,747)
159.2739 	DATA 	Mouse: Left button down, pos=(515,46)
159.4336 	DATA 	Mouse:  Left button up, pos=(515,46)
166.1459 	DATA 	Mouse: Left button down, pos=(694,616)
166.2816 	DATA 	Mouse:  Left button up, pos=(694,616)
171.4099 	DATA 	Mouse: Left button down, pos=(929,742)
171.5296 	DATA 	Mouse:  Left button up, pos=(929,742)
176.8500 	DATA 	Mouse: Left button down, pos=(939,461)
176.9616 	DATA 	Mouse:  Left button up, pos=(939,461)
185.1859 	DATA 	Mouse: Left button down, pos=(942,675)
185.2976 	DATA 	Mouse:  Left button up, pos=(942,675)
186.2669 	DATA 	Mouse: Left button down, pos=(1116,960)
186.3936 	DATA 	Mouse:  Left button up, pos=(1116,960)
187.9219 	DATA 	Mouse: Left button down, pos=(1120,817)
188.0576 	DATA 	Mouse:  Left button up, pos=(1120,817)
189.4420 	DATA 	Mouse: Left button down, pos=(1114,685)
189.5776 	DATA 	Mouse:  Left button up, pos=(1114,685)
192.9698 	DATA 	Mouse: Left button down, pos=(1108,464)
193.0896 	DATA 	Mouse:  Left button up, pos=(1108,464)
199.8107 	DATA 	Mouse: Left button down, pos=(1338,957)
199.9056 	DATA 	Mouse:  Left button up, pos=(1338,957)
202.8905 	DATA 	Mouse: Left button down, pos=(1325,745)
203.0336 	DATA 	Mouse:  Left button up, pos=(1325,745)
215.8018 	DATA 	Mouse: Left button down, pos=(1731,195)
215.9376 	DATA 	Mouse:  Left button up, pos=(1731,195)
217.8340 	DATA 	Mouse: Left button down, pos=(1731,681)
217.9855 	DATA 	Mouse:  Left button up, pos=(1731,681)
219.2018 	DATA 	Mouse: Left button down, pos=(1724,743)
219.3455 	DATA 	Mouse:  Left button up, pos=(1724,743)
223.3858 	DATA 	Mouse: Left button down, pos=(1538,954)
223.4575 	DATA 	Mouse:  Left button up, pos=(1538,954)
227.2258 	DATA 	Mouse: Left button down, pos=(1525,261)
227.3695 	DATA 	Mouse:  Left button up, pos=(1525,261)
235.5778 	DATA 	Mouse: Left button down, pos=(999,1014)
235.6121 	INFO 	Experiment will have 360 trials. Letters will be drawn with superposed noise of 0.00%
235.6261 	EXP 	New trial (rep=0, index=0): {'leftStreamFlip': False, 'oneTarget': False, 'trialInstructionPos': (0, 1), 'probe': 'both', 'rightStreamFlip': False, 'horizVert': False, 'ISIframes': 2, 'rightResponseFirst': False}
235.6262 	INFO 	Starting main part of experiment
235.6621 	DATA 	Mouse:  Left button up, pos=(999,1014)
236.8110 	INFO 	numtrials=360 and this trialDurFrames=28 or 466.666666667 ms  task=T1
238.7945 	EXP 	window1: recordFrameIntervals = False
238.8042 	INFO 	Mouse: using default window
242.3116 	DATA 	Keypress: m
244.6785 	DATA 	Keypress: z
245.7953 	DATA 	Keypress: f
245.9926 	EXP 	New trial (rep=0, index=1): {'leftStreamFlip': False, 'oneTarget': False, 'trialInstructionPos': (0, 1), 'probe': 'both', 'rightStreamFlip': False, 'horizVert': False, 'ISIframes': 2, 'rightResponseFirst': True}
255.5111 	INFO 	numtrials=360 and this trialDurFrames=22 or 366.666666667 ms  task=T1
257.5278 	EXP 	window1: recordFrameIntervals = False
257.5349 	INFO 	Mouse: using default window
259.7285 	DATA 	Keypress: k
260.7452 	DATA 	Keypress: u
261.7618 	DATA 	Keypress: s
261.9045 	EXP 	New trial (rep=0, index=2): {'leftStreamFlip': False, 'oneTarget': False, 'trialInstructionPos': (0, -1), 'probe': 'both', 'rightStreamFlip': False, 'horizVert': False, 'ISIframes': 2, 'rightResponseFirst': True}
261.9113 	INFO 	numtrials=360 and this trialDurFrames=18 or 300.0 ms  task=T1
263.8277 	EXP 	window1: recordFrameIntervals = False
263.8349 	INFO 	Mouse: using default window
266.3631 	DATA 	Keypress: t
267.3285 	DATA 	Keypress: a
268.0118 	DATA 	Keypress: m
268.1528 	EXP 	New trial (rep=0, index=3): {'leftStreamFlip': False, 'oneTarget': False, 'trialInstructionPos': (0, 1), 'probe': 'both', 'rightStreamFlip': False, 'horizVert': False, 'ISIframes': 2, 'rightResponseFirst': True}
268.1605 	INFO 	numtrials=360 and this trialDurFrames=18 or 300.0 ms  task=T1
269.5279 	EXP 	window1: recordFrameIntervals = False
269.5350 	INFO 	Mouse: using default window
270.6616 	DATA 	Keypress: r
273.8780 	DATA 	Keypress: t
274.6451 	DATA 	Keypress: r
274.7897 	EXP 	New trial (rep=0, index=4): {'leftStreamFlip': False, 'oneTarget': False, 'trialInstructionPos': (0, -1), 'probe': 'both', 'rightStreamFlip': False, 'horizVert': False, 'ISIframes': 2, 'rightResponseFirst': False}
283.1444 	INFO 	numtrials=360 and this trialDurFrames=14 or 233.333333333 ms  task=T1
284.3445 	EXP 	window1: recordFrameIntervals = False
284.3514 	INFO 	Mouse: using default window
285.9953 	DATA 	Keypress: j
287.2949 	DATA 	Keypress: s
288.2784 	DATA 	Keypress: n
288.4205 	EXP 	New trial (rep=0, index=5): {'leftStreamFlip': False, 'oneTarget': False, 'trialInstructionPos': (0, -1), 'probe': 'both', 'rightStreamFlip': False, 'horizVert': False, 'ISIframes': 2, 'rightResponseFirst': True}
288.4449 	INFO 	numtrials=360 and this trialDurFrames=4 or 66.6666666667 ms  task=T1
289.6445 	EXP 	window1: recordFrameIntervals = False
289.6514 	INFO 	Mouse: using default window
292.0283 	DATA 	Keypress: s
294.7284 	DATA 	Keypress: t
295.3950 	DATA 	Keypress: m
295.5383 	EXP 	New trial (rep=0, index=6): {'leftStreamFlip': False, 'oneTarget': False, 'trialInstructionPos': (0, -1), 'probe': 'both', 'rightStreamFlip': False, 'horizVert': False, 'ISIframes': 2, 'rightResponseFirst': False}
295.5608 	INFO 	numtrials=360 and this trialDurFrames=5 or 83.3333333333 ms  task=T1
296.7279 	EXP 	window1: recordFrameIntervals = False
296.7348 	INFO 	Mouse: using default window
299.8620 	DATA 	Keypress: z
300.7951 	DATA 	Keypress: t
301.7785 	DATA 	Keypress: c
301.9183 	EXP 	New trial (rep=0, index=7): {'leftStreamFlip': False, 'oneTarget': False, 'trialInstructionPos': (0, 1), 'probe': 'both', 'rightStreamFlip': False, 'horizVert': False, 'ISIframes': 2, 'rightResponseFirst': False}
301.9284 	INFO 	numtrials=360 and this trialDurFrames=6 or 100.0 ms  task=T1
303.0778 	EXP 	window1: recordFrameIntervals = False
303.0848 	INFO 	Mouse: using default window
305.6952 	DATA 	Keypress: h
306.8452 	DATA 	Keypress: j
307.8118 	DATA 	Keypress: s
307.9540 	EXP 	New trial (rep=0, index=8): {'leftStreamFlip': False, 'oneTarget': False, 'trialInstructionPos': (0, -1), 'probe': 'both', 'rightStreamFlip': False, 'horizVert': False, 'ISIframes': 2, 'rightResponseFirst': True}
307.9776 	INFO 	numtrials=360 and this trialDurFrames=5 or 83.3333333333 ms  task=T1
309.0946 	EXP 	window1: recordFrameIntervals = False
309.1015 	INFO 	Mouse: using default window
314.4117 	DATA 	Keypress: g
315.7618 	DATA 	Keypress: m
316.3463 	DATA 	Keypress: s
316.5039 	EXP 	New trial (rep=0, index=9): {'leftStreamFlip': False, 'oneTarget': False, 'trialInstructionPos': (0, 1), 'probe': 'both', 'rightStreamFlip': False, 'horizVert': False, 'ISIframes': 2, 'rightResponseFirst': True}
316.5276 	INFO 	numtrials=360 and this trialDurFrames=5 or 83.3333333333 ms  task=T1
317.5779 	EXP 	window1: recordFrameIntervals = False
317.5849 	INFO 	Mouse: using default window
320.5949 	DATA 	Keypress: t
321.6122 	DATA 	Keypress: m
323.3281 	DATA 	Keypress: z
323.4690 	EXP 	New trial (rep=0, index=10): {'leftStreamFlip': False, 'oneTarget': False, 'trialInstructionPos': (0, -1), 'probe': 'both', 'rightStreamFlip': False, 'horizVert': False, 'ISIframes': 2, 'rightResponseFirst': False}
323.4781 	INFO 	numtrials=360 and this trialDurFrames=4 or 66.6666666667 ms  task=T1
324.6442 	EXP 	window1: recordFrameIntervals = False
324.6520 	INFO 	Mouse: using default window
327.3117 	DATA 	Keypress: a
328.3954 	DATA 	Keypress: m
329.1463 	DATA 	Keypress: t
329.3014 	EXP 	New trial (rep=0, index=11): {'leftStreamFlip': False, 'oneTarget': False, 'trialInstructionPos': (0, 1), 'probe': 'both', 'rightStreamFlip': False, 'horizVert': False, 'ISIframes': 2, 'rightResponseFirst': False}
329.3132 	INFO 	numtrials=360 and this trialDurFrames=4 or 66.6666666667 ms  task=T1
330.4112 	EXP 	window1: recordFrameIntervals = False
330.4199 	INFO 	Mouse: using default window
334.3117 	DATA 	Keypress: m
335.0118 	DATA 	Keypress: a
337.6617 	DATA 	Keypress: o
337.8114 	EXP 	New trial (rep=1, index=0): {'leftStreamFlip': False, 'oneTarget': False, 'trialInstructionPos': (0, -1), 'probe': 'both', 'rightStreamFlip': False, 'horizVert': False, 'ISIframes': 2, 'rightResponseFirst': False}
337.8273 	INFO 	numtrials=360 and this trialDurFrames=5 or 83.3333333333 ms  task=T1
338.9612 	EXP 	window1: recordFrameIntervals = False
338.9683 	INFO 	Mouse: using default window
340.1450 	DATA 	Keypress: s
340.9451 	DATA 	Keypress: g
341.6783 	DATA 	Keypress: c
341.8200 	EXP 	New trial (rep=1, index=1): {'leftStreamFlip': False, 'oneTarget': False, 'trialInstructionPos': (0, 1), 'probe': 'both', 'rightStreamFlip': False, 'horizVert': False, 'ISIframes': 2, 'rightResponseFirst': False}
341.8443 	INFO 	numtrials=360 and this trialDurFrames=5 or 83.3333333333 ms  task=T1
343.0446 	EXP 	window1: recordFrameIntervals = False
343.0517 	INFO 	Mouse: using default window
348.8617 	DATA 	Keypress: z
350.7953 	DATA 	Keypress: i
351.3114 	DATA 	Keypress: h
351.4547 	EXP 	New trial (rep=1, index=2): {'leftStreamFlip': False, 'oneTarget': False, 'trialInstructionPos': (0, 1), 'probe': 'both', 'rightStreamFlip': False, 'horizVert': False, 'ISIframes': 2, 'rightResponseFirst': False}
351.4773 	INFO 	numtrials=360 and this trialDurFrames=6 or 100.0 ms  task=T1
352.7107 	EXP 	window1: recordFrameIntervals = False
352.7190 	INFO 	Mouse: using default window
353.9630 	DATA 	Keypress: e
354.5452 	DATA 	Keypress: e
355.2284 	DATA 	Keypress: e
355.3706 	EXP 	New trial (rep=1, index=3): {'leftStreamFlip': False, 'oneTarget': False, 'trialInstructionPos': (0, 1), 'probe': 'both', 'rightStreamFlip': False, 'horizVert': False, 'ISIframes': 2, 'rightResponseFirst': True}
355.3940 	INFO 	numtrials=360 and this trialDurFrames=6 or 100.0 ms  task=T1
356.4112 	EXP 	window1: recordFrameIntervals = False
356.4183 	INFO 	Mouse: using default window
357.3954 	DATA 	Keypress: k
359.0783 	DATA 	Keypress: s
359.5952 	DATA 	Keypress: r
359.7380 	EXP 	New trial (rep=1, index=4): {'leftStreamFlip': False, 'oneTarget': False, 'trialInstructionPos': (0, 1), 'probe': 'both', 'rightStreamFlip': False, 'horizVert': False, 'ISIframes': 2, 'rightResponseFirst': True}
359.7607 	INFO 	numtrials=360 and this trialDurFrames=5 or 83.3333333333 ms  task=T1
360.8947 	EXP 	window1: recordFrameIntervals = False
360.9013 	INFO 	Mouse: using default window
362.6785 	DATA 	Keypress: r
363.7952 	DATA 	Keypress: y
364.3118 	DATA 	Keypress: n
364.4533 	EXP 	New trial (rep=1, index=5): {'leftStreamFlip': False, 'oneTarget': False, 'trialInstructionPos': (0, -1), 'probe': 'both', 'rightStreamFlip': False, 'horizVert': False, 'ISIframes': 2, 'rightResponseFirst': False}
364.4773 	INFO 	numtrials=360 and this trialDurFrames=5 or 83.3333333333 ms  task=T1
365.6610 	EXP 	window1: recordFrameIntervals = False
365.6683 	INFO 	Mouse: using default window
367.1117 	DATA 	Keypress: e
369.5951 	DATA 	Keypress: y
370.0451 	DATA 	Keypress: z
370.1938 	EXP 	New trial (rep=1, index=6): {'leftStreamFlip': False, 'oneTarget': False, 'trialInstructionPos': (0, -1), 'probe': 'both', 'rightStreamFlip': False, 'horizVert': False, 'ISIframes': 2, 'rightResponseFirst': True}
370.2106 	INFO 	numtrials=360 and this trialDurFrames=5 or 83.3333333333 ms  task=T1
371.2445 	EXP 	window1: recordFrameIntervals = False
371.2517 	INFO 	Mouse: using default window
373.3787 	DATA 	Keypress: j
379.9117 	DATA 	Keypress: z
380.9784 	DATA 	Keypress: h
381.1276 	EXP 	New trial (rep=1, index=7): {'leftStreamFlip': False, 'oneTarget': False, 'trialInstructionPos': (0, 1), 'probe': 'both', 'rightStreamFlip': False, 'horizVert': False, 'ISIframes': 2, 'rightResponseFirst': True}
381.1604 	INFO 	numtrials=360 and this trialDurFrames=5 or 83.3333333333 ms  task=T1
382.1608 	EXP 	window1: recordFrameIntervals = False
382.1687 	INFO 	Mouse: using default window
383.6450 	DATA 	Keypress: r
384.5114 	DATA 	Keypress: s
384.9284 	DATA 	Keypress: c
385.0697 	EXP 	New trial (rep=1, index=8): {'leftStreamFlip': False, 'oneTarget': False, 'trialInstructionPos': (0, -1), 'probe': 'both', 'rightStreamFlip': False, 'horizVert': False, 'ISIframes': 2, 'rightResponseFirst': True}
385.0939 	INFO 	numtrials=360 and this trialDurFrames=5 or 83.3333333333 ms  task=T1
386.1779 	EXP 	window1: recordFrameIntervals = False
386.1855 	INFO 	Mouse: using default window
388.6778 	DATA 	Keypress: a
389.9789 	DATA 	Keypress: y
390.6120 	DATA 	Keypress: a
390.7638 	EXP 	New trial (rep=1, index=9): {'leftStreamFlip': False, 'oneTarget': False, 'trialInstructionPos': (0, -1), 'probe': 'both', 'rightStreamFlip': False, 'horizVert': False, 'ISIframes': 2, 'rightResponseFirst': True}
390.7772 	INFO 	numtrials=360 and this trialDurFrames=5 or 83.3333333333 ms  task=T1
391.8778 	EXP 	window1: recordFrameIntervals = False
391.8856 	INFO 	Mouse: using default window
395.9624 	DATA 	Keypress: e
397.8454 	DATA 	Keypress: a
398.4448 	DATA 	Keypress: u
398.5869 	EXP 	New trial (rep=1, index=10): {'leftStreamFlip': False, 'oneTarget': False, 'trialInstructionPos': (0, 1), 'probe': 'both', 'rightStreamFlip': False, 'horizVert': False, 'ISIframes': 2, 'rightResponseFirst': False}
398.6104 	INFO 	numtrials=360 and this trialDurFrames=5 or 83.3333333333 ms  task=T1
399.7611 	EXP 	window1: recordFrameIntervals = False
399.7697 	INFO 	Mouse: using default window
402.0282 	DATA 	Keypress: t
404.3452 	DATA 	Keypress: u
404.9281 	DATA 	Keypress: g
405.0661 	EXP 	New trial (rep=1, index=11): {'leftStreamFlip': False, 'oneTarget': False, 'trialInstructionPos': (0, -1), 'probe': 'both', 'rightStreamFlip': False, 'horizVert': False, 'ISIframes': 2, 'rightResponseFirst': False}
405.0937 	INFO 	numtrials=360 and this trialDurFrames=5 or 83.3333333333 ms  task=T1
406.1281 	EXP 	window1: recordFrameIntervals = False
406.1358 	INFO 	Mouse: using default window
407.2451 	DATA 	Keypress: s
408.2617 	DATA 	Keypress: r
408.6947 	DATA 	Keypress: t
408.8339 	EXP 	New trial (rep=2, index=0): {'leftStreamFlip': False, 'oneTarget': False, 'trialInstructionPos': (0, 1), 'probe': 'both', 'rightStreamFlip': False, 'horizVert': False, 'ISIframes': 2, 'rightResponseFirst': True}
408.8602 	INFO 	numtrials=360 and this trialDurFrames=6 or 100.0 ms  task=T1
409.9607 	EXP 	window1: recordFrameIntervals = False
409.9697 	INFO 	Mouse: using default window
413.5631 	DATA 	Keypress: z
414.2445 	DATA 	Keypress: t
414.6452 	DATA 	Keypress: f
414.7819 	EXP 	New trial (rep=2, index=1): {'leftStreamFlip': False, 'oneTarget': False, 'trialInstructionPos': (0, -1), 'probe': 'both', 'rightStreamFlip': False, 'horizVert': False, 'ISIframes': 2, 'rightResponseFirst': False}
414.8102 	INFO 	numtrials=360 and this trialDurFrames=6 or 100.0 ms  task=T1
415.8608 	EXP 	window1: recordFrameIntervals = False
415.8682 	INFO 	Mouse: using default window
417.4778 	DATA 	Keypress: g
419.4780 	DATA 	Keypress: y
419.8779 	DATA 	Keypress: t
420.0190 	EXP 	New trial (rep=2, index=2): {'leftStreamFlip': False, 'oneTarget': False, 'trialInstructionPos': (0, -1), 'probe': 'both', 'rightStreamFlip': False, 'horizVert': False, 'ISIframes': 2, 'rightResponseFirst': True}
420.0440 	INFO 	numtrials=360 and this trialDurFrames=6 or 100.0 ms  task=T1
421.2273 	EXP 	window1: recordFrameIntervals = False
421.2352 	INFO 	Mouse: using default window
423.3118 	DATA 	Keypress: n
423.9118 	DATA 	Keypress: m
424.5283 	DATA 	Keypress: e
424.6694 	EXP 	New trial (rep=2, index=3): {'leftStreamFlip': False, 'oneTarget': False, 'trialInstructionPos': (0, -1), 'probe': 'both', 'rightStreamFlip': False, 'horizVert': False, 'ISIframes': 2, 'rightResponseFirst': False}
424.6936 	INFO 	numtrials=360 and this trialDurFrames=6 or 100.0 ms  task=T1
425.9447 	EXP 	window1: recordFrameIntervals = False
425.9515 	INFO 	Mouse: using default window
427.8289 	DATA 	Keypress: m
428.2451 	DATA 	Keypress: n
428.5452 	DATA 	Keypress: a
428.6866 	EXP 	New trial (rep=2, index=4): {'leftStreamFlip': False, 'oneTarget': False, 'trialInstructionPos': (0, 1), 'probe': 'both', 'rightStreamFlip': False, 'horizVert': False, 'ISIframes': 2, 'rightResponseFirst': True}
428.7106 	INFO 	numtrials=360 and this trialDurFrames=6 or 100.0 ms  task=T1
429.9446 	EXP 	window1: recordFrameIntervals = False
429.9518 	INFO 	Mouse: using default window
431.1286 	DATA 	Keypress: k
432.6285 	DATA 	Keypress: k
433.3284 	DATA 	Keypress: e
433.4786 	EXP 	New trial (rep=2, index=5): {'leftStreamFlip': False, 'oneTarget': False, 'trialInstructionPos': (0, 1), 'probe': 'both', 'rightStreamFlip': False, 'horizVert': False, 'ISIframes': 2, 'rightResponseFirst': True}
433.5112 	INFO 	numtrials=360 and this trialDurFrames=6 or 100.0 ms  task=T1
434.6946 	EXP 	window1: recordFrameIntervals = False
434.7017 	INFO 	Mouse: using default window
443.4452 	DATA 	Keypress: y
444.1624 	DATA 	Keypress: c
444.6117 	DATA 	Keypress: j
444.7529 	EXP 	New trial (rep=2, index=6): {'leftStreamFlip': False, 'oneTarget': False, 'trialInstructionPos': (0, -1), 'probe': 'both', 'rightStreamFlip': False, 'horizVert': False, 'ISIframes': 2, 'rightResponseFirst': True}
444.7773 	INFO 	numtrials=360 and this trialDurFrames=6 or 100.0 ms  task=T1
445.7944 	EXP 	window1: recordFrameIntervals = False
445.8018 	INFO 	Mouse: using default window
448.0118 	DATA 	Keypress: k
448.6618 	DATA 	Keypress: c
449.1464 	DATA 	Keypress: c
449.3026 	EXP 	New trial (rep=2, index=7): {'leftStreamFlip': False, 'oneTarget': False, 'trialInstructionPos': (0, -1), 'probe': 'both', 'rightStreamFlip': False, 'horizVert': False, 'ISIframes': 2, 'rightResponseFirst': True}
449.3273 	INFO 	numtrials=360 and this trialDurFrames=6 or 100.0 ms  task=T1
450.3611 	EXP 	window1: recordFrameIntervals = False
450.3683 	INFO 	Mouse: using default window
451.9296 	DATA 	Keypress: s
452.6953 	DATA 	Keypress: f
454.0951 	DATA 	Keypress: c
454.2449 	EXP 	New trial (rep=2, index=8): {'leftStreamFlip': False, 'oneTarget': False, 'trialInstructionPos': (0, 1), 'probe': 'both', 'rightStreamFlip': False, 'horizVert': False, 'ISIframes': 2, 'rightResponseFirst': False}
454.2777 	INFO 	numtrials=360 and this trialDurFrames=6 or 100.0 ms  task=T1
455.4942 	EXP 	window1: recordFrameIntervals = False
455.5026 	INFO 	Mouse: using default window
456.9618 	DATA 	Keypress: y
457.4283 	DATA 	Keypress: n
458.3298 	DATA 	Keypress: a
458.4862 	EXP 	New trial (rep=2, index=9): {'leftStreamFlip': False, 'oneTarget': False, 'trialInstructionPos': (0, 1), 'probe': 'both', 'rightStreamFlip': False, 'horizVert': False, 'ISIframes': 2, 'rightResponseFirst': False}
458.5106 	INFO 	numtrials=360 and this trialDurFrames=6 or 100.0 ms  task=T1
459.7613 	EXP 	window1: recordFrameIntervals = False
459.7684 	INFO 	Mouse: using default window
461.1286 	DATA 	Keypress: m
462.0452 	DATA 	Keypress: k
462.6117 	DATA 	Keypress: e
462.7542 	EXP 	New trial (rep=2, index=10): {'leftStreamFlip': False, 'oneTarget': False, 'trialInstructionPos': (0, 1), 'probe': 'both', 'rightStreamFlip': False, 'horizVert': False, 'ISIframes': 2, 'rightResponseFirst': False}
462.7773 	INFO 	numtrials=360 and this trialDurFrames=6 or 100.0 ms  task=T1
464.0111 	EXP 	window1: recordFrameIntervals = False
464.0183 	INFO 	Mouse: using default window
466.4616 	DATA 	Keypress: z
467.6620 	DATA 	Keypress: m
468.5453 	DATA 	Keypress: s
468.6871 	EXP 	New trial (rep=2, index=11): {'leftStreamFlip': False, 'oneTarget': False, 'trialInstructionPos': (0, -1), 'probe': 'both', 'rightStreamFlip': False, 'horizVert': False, 'ISIframes': 2, 'rightResponseFirst': False}
468.7106 	INFO 	numtrials=360 and this trialDurFrames=6 or 100.0 ms  task=T1
469.9113 	EXP 	window1: recordFrameIntervals = False
469.9187 	INFO 	Mouse: using default window
470.9618 	DATA 	Keypress: g
471.9468 	DATA 	Keypress: r
472.6619 	DATA 	Keypress: e
472.8034 	EXP 	New trial (rep=3, index=0): {'leftStreamFlip': False, 'oneTarget': False, 'trialInstructionPos': (0, -1), 'probe': 'both', 'rightStreamFlip': False, 'horizVert': False, 'ISIframes': 2, 'rightResponseFirst': True}
472.8273 	INFO 	numtrials=360 and this trialDurFrames=6 or 100.0 ms  task=T1
473.8611 	EXP 	window1: recordFrameIntervals = False
473.8686 	INFO 	Mouse: using default window
475.2451 	DATA 	Keypress: n
475.8784 	DATA 	Keypress: e
476.2952 	DATA 	Keypress: k
476.4366 	EXP 	New trial (rep=3, index=1): {'leftStreamFlip': False, 'oneTarget': False, 'trialInstructionPos': (0, 1), 'probe': 'both', 'rightStreamFlip': False, 'horizVert': False, 'ISIframes': 2, 'rightResponseFirst': False}
476.4606 	INFO 	numtrials=360 and this trialDurFrames=6 or 100.0 ms  task=T1
477.6944 	EXP 	window1: recordFrameIntervals = False
477.7017 	INFO 	Mouse: using default window
478.5618 	DATA 	Keypress: e
479.2451 	DATA 	Keypress: e
479.6951 	DATA 	Keypress: k
479.8371 	EXP 	New trial (rep=3, index=2): {'leftStreamFlip': False, 'oneTarget': False, 'trialInstructionPos': (0, 1), 'probe': 'both', 'rightStreamFlip': False, 'horizVert': False, 'ISIframes': 2, 'rightResponseFirst': True}
479.8607 	INFO 	numtrials=360 and this trialDurFrames=6 or 100.0 ms  task=T1
481.0280 	EXP 	window1: recordFrameIntervals = False
481.0352 	INFO 	Mouse: using default window
482.4952 	DATA 	Keypress: y
482.8784 	DATA 	Keypress: g
483.3284 	DATA 	Keypress: h
483.4704 	EXP 	New trial (rep=3, index=3): {'leftStreamFlip': False, 'oneTarget': False, 'trialInstructionPos': (0, -1), 'probe': 'both', 'rightStreamFlip': False, 'horizVert': False, 'ISIframes': 2, 'rightResponseFirst': False}
483.4941 	INFO 	numtrials=360 and this trialDurFrames=6 or 100.0 ms  task=T1
484.7445 	EXP 	window1: recordFrameIntervals = False
484.7513 	INFO 	Mouse: using default window
487.3950 	DATA 	Keypress: u
488.7281 	DATA 	Keypress: f
489.2785 	DATA 	Keypress: g
489.4312 	EXP 	New trial (rep=3, index=4): {'leftStreamFlip': False, 'oneTarget': False, 'trialInstructionPos': (0, 1), 'probe': 'both', 'rightStreamFlip': False, 'horizVert': False, 'ISIframes': 2, 'rightResponseFirst': True}
489.4604 	INFO 	numtrials=360 and this trialDurFrames=6 or 100.0 ms  task=T1
490.7112 	EXP 	window1: recordFrameIntervals = False
490.7181 	INFO 	Mouse: using default window
492.4451 	DATA 	Keypress: u
494.2450 	DATA 	Keypress: g
494.6618 	DATA 	Keypress: y
494.8033 	EXP 	New trial (rep=3, index=5): {'leftStreamFlip': False, 'oneTarget': False, 'trialInstructionPos': (0, -1), 'probe': 'both', 'rightStreamFlip': False, 'horizVert': False, 'ISIframes': 2, 'rightResponseFirst': False}
494.8273 	INFO 	numtrials=360 and this trialDurFrames=6 or 100.0 ms  task=T1
495.9778 	EXP 	window1: recordFrameIntervals = False
495.9847 	INFO 	Mouse: using default window
499.2118 	DATA 	Keypress: e
500.7954 	DATA 	Keypress: h
503.0953 	DATA 	Keypress: h
503.2464 	EXP 	New trial (rep=3, index=6): {'leftStreamFlip': False, 'oneTarget': False, 'trialInstructionPos': (0, 1), 'probe': 'both', 'rightStreamFlip': False, 'horizVert': False, 'ISIframes': 2, 'rightResponseFirst': False}
503.2780 	INFO 	numtrials=360 and this trialDurFrames=6 or 100.0 ms  task=T1
504.3447 	EXP 	window1: recordFrameIntervals = False
504.3514 	INFO 	Mouse: using default window
509.4784 	DATA 	Keypress: f
510.1452 	DATA 	Keypress: j
511.1949 	DATA 	Keypress: r
511.3449 	EXP 	New trial (rep=3, index=7): {'leftStreamFlip': False, 'oneTarget': False, 'trialInstructionPos': (0, 1), 'probe': 'both', 'rightStreamFlip': False, 'horizVert': False, 'ISIframes': 2, 'rightResponseFirst': True}
511.3778 	INFO 	numtrials=360 and this trialDurFrames=6 or 100.0 ms  task=T1
512.4278 	EXP 	window1: recordFrameIntervals = False
512.4349 	INFO 	Mouse: using default window
513.8778 	DATA 	Keypress: j
519.3119 	DATA 	Keypress: t
520.1951 	DATA 	Keypress: h
520.3435 	EXP 	New trial (rep=3, index=8): {'leftStreamFlip': False, 'oneTarget': False, 'trialInstructionPos': (0, -1), 'probe': 'both', 'rightStreamFlip': False, 'horizVert': False, 'ISIframes': 2, 'rightResponseFirst': False}
520.3775 	INFO 	numtrials=360 and this trialDurFrames=6 or 100.0 ms  task=T1
521.4612 	EXP 	window1: recordFrameIntervals = False
521.4689 	INFO 	Mouse: using default window
523.8285 	DATA 	Keypress: j
526.9621 	DATA 	Keypress: g
527.3284 	DATA 	Keypress: h
527.4708 	EXP 	New trial (rep=3, index=9): {'leftStreamFlip': False, 'oneTarget': False, 'trialInstructionPos': (0, 1), 'probe': 'both', 'rightStreamFlip': False, 'horizVert': False, 'ISIframes': 2, 'rightResponseFirst': False}
527.4941 	INFO 	numtrials=360 and this trialDurFrames=6 or 100.0 ms  task=T1
528.5445 	EXP 	window1: recordFrameIntervals = False
528.5513 	INFO 	Mouse: using default window
529.5622 	DATA 	Keypress: c
530.6286 	DATA 	Keypress: y
531.8450 	DATA 	Keypress: y
531.9867 	EXP 	New trial (rep=3, index=10): {'leftStreamFlip': False, 'oneTarget': False, 'trialInstructionPos': (0, -1), 'probe': 'both', 'rightStreamFlip': False, 'horizVert': False, 'ISIframes': 2, 'rightResponseFirst': True}
532.0106 	INFO 	numtrials=360 and this trialDurFrames=6 or 100.0 ms  task=T1
533.1279 	EXP 	window1: recordFrameIntervals = False
533.1348 	INFO 	Mouse: using default window
535.1463 	DATA 	Keypress: a
535.8784 	DATA 	Keypress: e
536.3953 	DATA 	Keypress: m
536.5368 	EXP 	New trial (rep=3, index=11): {'leftStreamFlip': False, 'oneTarget': False, 'trialInstructionPos': (0, -1), 'probe': 'both', 'rightStreamFlip': False, 'horizVert': False, 'ISIframes': 2, 'rightResponseFirst': True}
536.5606 	INFO 	numtrials=360 and this trialDurFrames=6 or 100.0 ms  task=T1
537.6444 	EXP 	window1: recordFrameIntervals = False
537.6519 	INFO 	Mouse: using default window
538.7118 	DATA 	Keypress: g
539.1296 	DATA 	Keypress: n
539.5621 	DATA 	Keypress: f
539.7126 	EXP 	New trial (rep=4, index=0): {'leftStreamFlip': False, 'oneTarget': False, 'trialInstructionPos': (0, -1), 'probe': 'both', 'rightStreamFlip': False, 'horizVert': False, 'ISIframes': 2, 'rightResponseFirst': False}
539.7447 	INFO 	numtrials=360 and this trialDurFrames=6 or 100.0 ms  task=T1
540.9106 	EXP 	window1: recordFrameIntervals = False
540.9185 	INFO 	Mouse: using default window
542.5787 	DATA 	Keypress: k
545.1285 	DATA 	Keypress: a
546.6116 	DATA 	Keypress: f
546.7533 	EXP 	New trial (rep=4, index=1): {'leftStreamFlip': False, 'oneTarget': False, 'trialInstructionPos': (0, 1), 'probe': 'both', 'rightStreamFlip': False, 'horizVert': False, 'ISIframes': 2, 'rightResponseFirst': False}
546.7773 	INFO 	numtrials=360 and this trialDurFrames=6 or 100.0 ms  task=T1
547.8778 	EXP 	window1: recordFrameIntervals = False
547.8846 	INFO 	Mouse: using default window
549.6951 	DATA 	Keypress: c
550.5787 	DATA 	Keypress: g
552.4285 	DATA 	Keypress: j
552.5788 	EXP 	New trial (rep=4, index=2): {'leftStreamFlip': False, 'oneTarget': False, 'trialInstructionPos': (0, -1), 'probe': 'both', 'rightStreamFlip': False, 'horizVert': False, 'ISIframes': 2, 'rightResponseFirst': True}
552.5937 	INFO 	numtrials=360 and this trialDurFrames=6 or 100.0 ms  task=T1
553.6611 	EXP 	window1: recordFrameIntervals = False
553.6686 	INFO 	Mouse: using default window
556.4119 	DATA 	Keypress: n
557.3952 	DATA 	Keypress: u
557.6953 	DATA 	Keypress: n
557.8437 	EXP 	New trial (rep=4, index=3): {'leftStreamFlip': False, 'oneTarget': False, 'trialInstructionPos': (0, -1), 'probe': 'both', 'rightStreamFlip': False, 'horizVert': False, 'ISIframes': 2, 'rightResponseFirst': True}
557.8772 	INFO 	numtrials=360 and this trialDurFrames=6 or 100.0 ms  task=T1
559.1110 	EXP 	window1: recordFrameIntervals = False
559.1183 	INFO 	Mouse: using default window
560.6285 	DATA 	Keypress: y
562.3631 	DATA 	Keypress: h
562.9286 	DATA 	Keypress: e
563.0686 	EXP 	New trial (rep=4, index=4): {'leftStreamFlip': False, 'oneTarget': False, 'trialInstructionPos': (0, 1), 'probe': 'both', 'rightStreamFlip': False, 'horizVert': False, 'ISIframes': 2, 'rightResponseFirst': False}
563.0939 	INFO 	numtrials=360 and this trialDurFrames=6 or 100.0 ms  task=T1
564.1112 	EXP 	window1: recordFrameIntervals = False
564.1184 	INFO 	Mouse: using default window
565.5118 	DATA 	Keypress: k
566.3115 	DATA 	Keypress: f
566.8786 	DATA 	Keypress: s
567.0204 	EXP 	New trial (rep=4, index=5): {'leftStreamFlip': False, 'oneTarget': False, 'trialInstructionPos': (0, -1), 'probe': 'both', 'rightStreamFlip': False, 'horizVert': False, 'ISIframes': 2, 'rightResponseFirst': True}
567.0439 	INFO 	numtrials=360 and this trialDurFrames=6 or 100.0 ms  task=T1
568.0612 	EXP 	window1: recordFrameIntervals = False
568.0681 	INFO 	Mouse: using default window
569.6784 	DATA 	Keypress: e
570.8952 	DATA 	Keypress: s
571.7785 	DATA 	Keypress: n
571.9276 	EXP 	New trial (rep=4, index=6): {'leftStreamFlip': False, 'oneTarget': False, 'trialInstructionPos': (0, 1), 'probe': 'both', 'rightStreamFlip': False, 'horizVert': False, 'ISIframes': 2, 'rightResponseFirst': True}
571.9605 	INFO 	numtrials=360 and this trialDurFrames=6 or 100.0 ms  task=T1
573.0445 	EXP 	window1: recordFrameIntervals = False
573.0516 	INFO 	Mouse: using default window
574.1451 	DATA 	Keypress: t
574.6287 	DATA 	Keypress: u
574.8951 	DATA 	Keypress: g
575.0364 	EXP 	New trial (rep=4, index=7): {'leftStreamFlip': False, 'oneTarget': False, 'trialInstructionPos': (0, -1), 'probe': 'both', 'rightStreamFlip': False, 'horizVert': False, 'ISIframes': 2, 'rightResponseFirst': False}
575.0608 	INFO 	numtrials=360 and this trialDurFrames=6 or 100.0 ms  task=T1
576.2779 	EXP 	window1: recordFrameIntervals = False
576.2849 	INFO 	Mouse: using default window
579.5623 	DATA 	Keypress: a
580.7283 	DATA 	Keypress: g
581.2287 	DATA 	Keypress: s
581.3702 	EXP 	New trial (rep=4, index=8): {'leftStreamFlip': False, 'oneTarget': False, 'trialInstructionPos': (0, 1), 'probe': 'both', 'rightStreamFlip': False, 'horizVert': False, 'ISIframes': 2, 'rightResponseFirst': True}
581.3939 	INFO 	numtrials=360 and this trialDurFrames=6 or 100.0 ms  task=T1
582.5947 	EXP 	window1: recordFrameIntervals = False
582.6016 	INFO 	Mouse: using default window
583.4118 	DATA 	Keypress: g
584.1286 	DATA 	Keypress: j
586.3117 	DATA 	Keypress: g
586.4535 	EXP 	New trial (rep=4, index=9): {'leftStreamFlip': False, 'oneTarget': False, 'trialInstructionPos': (0, 1), 'probe': 'both', 'rightStreamFlip': False, 'horizVert': False, 'ISIframes': 2, 'rightResponseFirst': False}
586.4773 	INFO 	numtrials=360 and this trialDurFrames=6 or 100.0 ms  task=T1
587.6279 	EXP 	window1: recordFrameIntervals = False
587.6359 	INFO 	Mouse: using default window
588.9452 	DATA 	Keypress: g
589.5465 	DATA 	Keypress: g
589.9951 	DATA 	Keypress: j
590.1375 	EXP 	New trial (rep=4, index=10): {'leftStreamFlip': False, 'oneTarget': False, 'trialInstructionPos': (0, 1), 'probe': 'both', 'rightStreamFlip': False, 'horizVert': False, 'ISIframes': 2, 'rightResponseFirst': True}
590.1606 	INFO 	numtrials=360 and this trialDurFrames=6 or 100.0 ms  task=T1
591.3945 	EXP 	window1: recordFrameIntervals = False
591.4026 	INFO 	Mouse: using default window
592.6455 	DATA 	Keypress: y
593.9624 	DATA 	Keypress: e
594.3297 	DATA 	Keypress: g
594.4963 	EXP 	New trial (rep=4, index=11): {'leftStreamFlip': False, 'oneTarget': False, 'trialInstructionPos': (0, -1), 'probe': 'both', 'rightStreamFlip': False, 'horizVert': False, 'ISIframes': 2, 'rightResponseFirst': False}
594.5272 	INFO 	numtrials=360 and this trialDurFrames=6 or 100.0 ms  task=T1
595.6443 	EXP 	window1: recordFrameIntervals = False
595.6514 	INFO 	Mouse: using default window
598.5451 	DATA 	Keypress: e
599.3953 	DATA 	Keypress: g
599.8618 	DATA 	Keypress: j
600.0036 	EXP 	New trial (rep=5, index=0): {'leftStreamFlip': False, 'oneTarget': False, 'trialInstructionPos': (0, -1), 'probe': 'both', 'rightStreamFlip': False, 'horizVert': False, 'ISIframes': 2, 'rightResponseFirst': False}
600.0273 	INFO 	numtrials=360 and this trialDurFrames=6 or 100.0 ms  task=T1
601.0448 	EXP 	window1: recordFrameIntervals = False
601.0518 	INFO 	Mouse: using default window
602.8287 	DATA 	Keypress: h
603.4452 	DATA 	Keypress: t
603.9791 	DATA 	Keypress: k
604.1198 	EXP 	New trial (rep=5, index=1): {'leftStreamFlip': False, 'oneTarget': False, 'trialInstructionPos': (0, 1), 'probe': 'both', 'rightStreamFlip': False, 'horizVert': False, 'ISIframes': 2, 'rightResponseFirst': True}
604.1441 	INFO 	numtrials=360 and this trialDurFrames=6 or 100.0 ms  task=T1
605.3611 	EXP 	window1: recordFrameIntervals = False
605.3683 	INFO 	Mouse: using default window
606.2784 	DATA 	Keypress: m
606.6785 	DATA 	Keypress: g
607.1468 	DATA 	Keypress: j
607.3030 	EXP 	New trial (rep=5, index=2): {'leftStreamFlip': False, 'oneTarget': False, 'trialInstructionPos': (0, -1), 'probe': 'both', 'rightStreamFlip': False, 'horizVert': False, 'ISIframes': 2, 'rightResponseFirst': True}
607.3274 	INFO 	numtrials=360 and this trialDurFrames=6 or 100.0 ms  task=T1
608.5278 	EXP 	window1: recordFrameIntervals = False
608.5349 	INFO 	Mouse: using default window
610.0784 	DATA 	Keypress: a
610.6452 	DATA 	Keypress: r
611.1623 	DATA 	Keypress: a
611.3042 	EXP 	New trial (rep=5, index=3): {'leftStreamFlip': False, 'oneTarget': False, 'trialInstructionPos': (0, 1), 'probe': 'both', 'rightStreamFlip': False, 'horizVert': False, 'ISIframes': 2, 'rightResponseFirst': False}
611.3273 	INFO 	numtrials=360 and this trialDurFrames=6 or 100.0 ms  task=T1
612.4447 	EXP 	window1: recordFrameIntervals = False
612.4518 	INFO 	Mouse: using default window
613.4119 	DATA 	Keypress: j
614.7791 	DATA 	Keypress: u
615.1790 	DATA 	Keypress: c
615.3207 	EXP 	New trial (rep=5, index=4): {'leftStreamFlip': False, 'oneTarget': False, 'trialInstructionPos': (0, -1), 'probe': 'both', 'rightStreamFlip': False, 'horizVert': False, 'ISIframes': 2, 'rightResponseFirst': True}
615.3441 	INFO 	numtrials=360 and this trialDurFrames=6 or 100.0 ms  task=T1
616.5608 	EXP 	window1: recordFrameIntervals = False
616.5686 	INFO 	Mouse: using default window
617.3451 	DATA 	Keypress: j
620.4120 	DATA 	Keypress: g
620.7466 	DATA 	Keypress: j
620.9027 	EXP 	New trial (rep=5, index=5): {'leftStreamFlip': False, 'oneTarget': False, 'trialInstructionPos': (0, 1), 'probe': 'both', 'rightStreamFlip': False, 'horizVert': False, 'ISIframes': 2, 'rightResponseFirst': True}
620.9274 	INFO 	numtrials=360 and this trialDurFrames=6 or 100.0 ms  task=T1
622.0946 	EXP 	window1: recordFrameIntervals = False
622.1017 	INFO 	Mouse: using default window
623.9286 	DATA 	Keypress: z
625.8619 	DATA 	Keypress: y
626.3791 	DATA 	Keypress: m
626.5208 	EXP 	New trial (rep=5, index=6): {'leftStreamFlip': False, 'oneTarget': False, 'trialInstructionPos': (0, -1), 'probe': 'both', 'rightStreamFlip': False, 'horizVert': False, 'ISIframes': 2, 'rightResponseFirst': False}
626.5441 	INFO 	numtrials=360 and this trialDurFrames=6 or 100.0 ms  task=T1
627.7447 	EXP 	window1: recordFrameIntervals = False
627.7526 	INFO 	Mouse: using default window
628.8118 	DATA 	Keypress: k
629.4783 	DATA 	Keypress: r
629.8785 	DATA 	Keypress: s
630.0285 	EXP 	New trial (rep=5, index=7): {'leftStreamFlip': False, 'oneTarget': False, 'trialInstructionPos': (0, 1), 'probe': 'both', 'rightStreamFlip': False, 'horizVert': False, 'ISIframes': 2, 'rightResponseFirst': False}
630.0438 	INFO 	numtrials=360 and this trialDurFrames=6 or 100.0 ms  task=T1
631.1278 	EXP 	window1: recordFrameIntervals = False
631.1348 	INFO 	Mouse: using default window
632.9283 	DATA 	Keypress: g
633.5623 	DATA 	Keypress: u
634.2117 	DATA 	Keypress: y
634.3527 	EXP 	New trial (rep=5, index=8): {'leftStreamFlip': False, 'oneTarget': False, 'trialInstructionPos': (0, -1), 'probe': 'both', 'rightStreamFlip': False, 'horizVert': False, 'ISIframes': 2, 'rightResponseFirst': True}
634.3774 	INFO 	numtrials=360 and this trialDurFrames=6 or 100.0 ms  task=T1
635.5613 	EXP 	window1: recordFrameIntervals = False
635.5684 	INFO 	Mouse: using default window
636.8453 	DATA 	Keypress: z
637.8450 	DATA 	Keypress: y
638.2951 	DATA 	Keypress: z
638.4437 	EXP 	New trial (rep=5, index=9): {'leftStreamFlip': False, 'oneTarget': False, 'trialInstructionPos': (0, 1), 'probe': 'both', 'rightStreamFlip': False, 'horizVert': False, 'ISIframes': 2, 'rightResponseFirst': True}
638.4606 	INFO 	numtrials=360 and this trialDurFrames=6 or 100.0 ms  task=T1
639.4777 	EXP 	window1: recordFrameIntervals = False
639.4852 	INFO 	Mouse: using default window
640.6117 	DATA 	Keypress: g
641.4452 	DATA 	Keypress: m
641.9284 	DATA 	Keypress: f
642.0701 	EXP 	New trial (rep=5, index=10): {'leftStreamFlip': False, 'oneTarget': False, 'trialInstructionPos': (0, 1), 'probe': 'both', 'rightStreamFlip': False, 'horizVert': False, 'ISIframes': 2, 'rightResponseFirst': False}
642.0942 	INFO 	numtrials=360 and this trialDurFrames=6 or 100.0 ms  task=T1
643.1447 	EXP 	window1: recordFrameIntervals = False
643.1517 	INFO 	Mouse: using default window
644.4284 	DATA 	Keypress: m
644.9787 	DATA 	Keypress: f
645.3450 	DATA 	Keypress: g
645.4935 	EXP 	New trial (rep=5, index=11): {'leftStreamFlip': False, 'oneTarget': False, 'trialInstructionPos': (0, -1), 'probe': 'both', 'rightStreamFlip': False, 'horizVert': False, 'ISIframes': 2, 'rightResponseFirst': False}
645.5271 	INFO 	numtrials=360 and this trialDurFrames=6 or 100.0 ms  task=T1
646.6279 	EXP 	window1: recordFrameIntervals = False
646.6350 	INFO 	Mouse: using default window
649.0451 	DATA 	Keypress: s
649.9118 	DATA 	Keypress: f
651.0280 	DATA 	Keypress: g
651.1698 	EXP 	New trial (rep=6, index=0): {'leftStreamFlip': False, 'oneTarget': False, 'trialInstructionPos': (0, -1), 'probe': 'both', 'rightStreamFlip': False, 'horizVert': False, 'ISIframes': 2, 'rightResponseFirst': False}
651.1940 	INFO 	numtrials=360 and this trialDurFrames=6 or 100.0 ms  task=T1
652.3779 	EXP 	window1: recordFrameIntervals = False
652.3849 	INFO 	Mouse: using default window
657.2285 	DATA 	Keypress: g
657.9297 	DATA 	Keypress: m
658.6786 	DATA 	Keypress: e
658.8277 	EXP 	New trial (rep=6, index=1): {'leftStreamFlip': False, 'oneTarget': False, 'trialInstructionPos': (0, -1), 'probe': 'both', 'rightStreamFlip': False, 'horizVert': False, 'ISIframes': 2, 'rightResponseFirst': True}
658.8602 	INFO 	numtrials=360 and this trialDurFrames=6 or 100.0 ms  task=T1
660.0779 	EXP 	window1: recordFrameIntervals = False
660.0851 	INFO 	Mouse: using default window
660.8781 	DATA 	Keypress: m
661.3287 	DATA 	Keypress: m
662.8951 	DATA 	Keypress: m
663.0373 	EXP 	New trial (rep=6, index=2): {'leftStreamFlip': False, 'oneTarget': False, 'trialInstructionPos': (0, -1), 'probe': 'both', 'rightStreamFlip': False, 'horizVert': False, 'ISIframes': 2, 'rightResponseFirst': False}
663.0605 	INFO 	numtrials=360 and this trialDurFrames=6 or 100.0 ms  task=T1
664.2446 	EXP 	window1: recordFrameIntervals = False
664.2517 	INFO 	Mouse: using default window
665.3285 	DATA 	Keypress: y
665.6622 	DATA 	Keypress: f
666.0118 	DATA 	Keypress: c
666.1539 	EXP 	New trial (rep=6, index=3): {'leftStreamFlip': False, 'oneTarget': False, 'trialInstructionPos': (0, 1), 'probe': 'both', 'rightStreamFlip': False, 'horizVert': False, 'ISIframes': 2, 'rightResponseFirst': False}
666.1772 	INFO 	numtrials=360 and this trialDurFrames=6 or 100.0 ms  task=T1
667.2612 	EXP 	window1: recordFrameIntervals = False
667.2685 	INFO 	Mouse: using default window
669.1467 	DATA 	Keypress: n
670.2784 	DATA 	Keypress: c
671.0118 	DATA 	Keypress: f
671.1537 	EXP 	New trial (rep=6, index=4): {'leftStreamFlip': False, 'oneTarget': False, 'trialInstructionPos': (0, 1), 'probe': 'both', 'rightStreamFlip': False, 'horizVert': False, 'ISIframes': 2, 'rightResponseFirst': True}
671.1772 	INFO 	numtrials=360 and this trialDurFrames=6 or 100.0 ms  task=T1
672.2112 	EXP 	window1: recordFrameIntervals = False
672.2181 	INFO 	Mouse: using default window
673.4452 	DATA 	Keypress: k
674.2120 	DATA 	Keypress: a
674.9617 	DATA 	Keypress: n
675.1032 	EXP 	New trial (rep=6, index=5): {'leftStreamFlip': False, 'oneTarget': False, 'trialInstructionPos': (0, 1), 'probe': 'both', 'rightStreamFlip': False, 'horizVert': False, 'ISIframes': 2, 'rightResponseFirst': True}
675.1273 	INFO 	numtrials=360 and this trialDurFrames=6 or 100.0 ms  task=T1
676.2446 	EXP 	window1: recordFrameIntervals = False
676.2520 	INFO 	Mouse: using default window
677.5285 	DATA 	Keypress: s
678.9951 	DATA 	Keypress: j
679.5622 	DATA 	Keypress: f
679.7080 	EXP 	New trial (rep=6, index=6): {'leftStreamFlip': False, 'oneTarget': False, 'trialInstructionPos': (0, -1), 'probe': 'both', 'rightStreamFlip': False, 'horizVert': False, 'ISIframes': 2, 'rightResponseFirst': True}
679.7439 	INFO 	numtrials=360 and this trialDurFrames=6 or 100.0 ms  task=T1
680.9946 	EXP 	window1: recordFrameIntervals = False
681.0017 	INFO 	Mouse: using default window
682.9449 	DATA 	Keypress: a
683.7951 	DATA 	Keypress: f
684.4452 	DATA 	Keypress: j
684.5876 	EXP 	New trial (rep=6, index=7): {'leftStreamFlip': False, 'oneTarget': False, 'trialInstructionPos': (0, 1), 'probe': 'both', 'rightStreamFlip': False, 'horizVert': False, 'ISIframes': 2, 'rightResponseFirst': False}
684.6108 	INFO 	numtrials=360 and this trialDurFrames=6 or 100.0 ms  task=T1
685.6448 	EXP 	window1: recordFrameIntervals = False
685.6517 	INFO 	Mouse: using default window
689.0285 	DATA 	Keypress: f
690.6454 	DATA 	Keypress: h
691.1463 	DATA 	Keypress: c
691.3023 	EXP 	New trial (rep=6, index=8): {'leftStreamFlip': False, 'oneTarget': False, 'trialInstructionPos': (0, -1), 'probe': 'both', 'rightStreamFlip': False, 'horizVert': False, 'ISIframes': 2, 'rightResponseFirst': True}
691.3272 	INFO 	numtrials=360 and this trialDurFrames=6 or 100.0 ms  task=T1
692.4112 	EXP 	window1: recordFrameIntervals = False
692.4188 	INFO 	Mouse: using default window
693.6453 	DATA 	Keypress: e
694.1950 	DATA 	Keypress: z
695.3451 	DATA 	Keypress: z
695.4940 	EXP 	New trial (rep=6, index=9): {'leftStreamFlip': False, 'oneTarget': False, 'trialInstructionPos': (0, 1), 'probe': 'both', 'rightStreamFlip': False, 'horizVert': False, 'ISIframes': 2, 'rightResponseFirst': True}
695.5269 	INFO 	numtrials=360 and this trialDurFrames=6 or 100.0 ms  task=T1
696.7612 	EXP 	window1: recordFrameIntervals = False
696.7684 	INFO 	Mouse: using default window
698.6286 	DATA 	Keypress: a
698.8120 	DATA 	Keypress: y
698.9788 	DATA 	Keypress: z
699.1209 	EXP 	New trial (rep=6, index=10): {'leftStreamFlip': False, 'oneTarget': False, 'trialInstructionPos': (0, -1), 'probe': 'both', 'rightStreamFlip': False, 'horizVert': False, 'ISIframes': 2, 'rightResponseFirst': False}
699.1440 	INFO 	numtrials=360 and this trialDurFrames=6 or 100.0 ms  task=T1
700.3114 	EXP 	window1: recordFrameIntervals = False
700.3184 	INFO 	Mouse: using default window
701.8454 	DATA 	Keypress: g
703.1464 	DATA 	Keypress: k
703.7619 	DATA 	Keypress: r
703.9030 	EXP 	New trial (rep=6, index=11): {'leftStreamFlip': False, 'oneTarget': False, 'trialInstructionPos': (0, 1), 'probe': 'both', 'rightStreamFlip': False, 'horizVert': False, 'ISIframes': 2, 'rightResponseFirst': False}
703.9274 	INFO 	numtrials=360 and this trialDurFrames=6 or 100.0 ms  task=T1
705.1776 	EXP 	window1: recordFrameIntervals = False
705.1855 	INFO 	Mouse: using default window
706.1786 	DATA 	Keypress: f
706.6785 	DATA 	Keypress: t
707.5622 	DATA 	Keypress: y
707.7039 	EXP 	New trial (rep=7, index=0): {'leftStreamFlip': False, 'oneTarget': False, 'trialInstructionPos': (0, 1), 'probe': 'both', 'rightStreamFlip': False, 'horizVert': False, 'ISIframes': 2, 'rightResponseFirst': True}
707.7273 	INFO 	numtrials=360 and this trialDurFrames=6 or 100.0 ms  task=T1
708.9446 	EXP 	window1: recordFrameIntervals = False
708.9521 	INFO 	Mouse: using default window
711.5956 	DATA 	Keypress: y
712.1451 	DATA 	Keypress: g
712.5784 	DATA 	Keypress: r
712.7203 	EXP 	New trial (rep=7, index=1): {'leftStreamFlip': False, 'oneTarget': False, 'trialInstructionPos': (0, 1), 'probe': 'both', 'rightStreamFlip': False, 'horizVert': False, 'ISIframes': 2, 'rightResponseFirst': True}
712.7441 	INFO 	numtrials=360 and this trialDurFrames=6 or 100.0 ms  task=T1
713.9445 	EXP 	window1: recordFrameIntervals = False
713.9514 	INFO 	Mouse: using default window
715.8118 	DATA 	Keypress: z
716.4951 	DATA 	Keypress: t
717.2618 	DATA 	Keypress: c
717.4018 	EXP 	New trial (rep=7, index=2): {'leftStreamFlip': False, 'oneTarget': False, 'trialInstructionPos': (0, -1), 'probe': 'both', 'rightStreamFlip': False, 'horizVert': False, 'ISIframes': 2, 'rightResponseFirst': False}
717.4273 	INFO 	numtrials=360 and this trialDurFrames=6 or 100.0 ms  task=T1
718.5446 	EXP 	window1: recordFrameIntervals = False
718.5516 	INFO 	Mouse: using default window
719.8117 	DATA 	Keypress: c
721.1620 	DATA 	Keypress: r
721.6616 	DATA 	Keypress: y
721.8018 	EXP 	New trial (rep=7, index=3): {'leftStreamFlip': False, 'oneTarget': False, 'trialInstructionPos': (0, -1), 'probe': 'both', 'rightStreamFlip': False, 'horizVert': False, 'ISIframes': 2, 'rightResponseFirst': True}
721.8273 	INFO 	numtrials=360 and this trialDurFrames=6 or 100.0 ms  task=T1
723.0279 	EXP 	window1: recordFrameIntervals = False
723.0351 	INFO 	Mouse: using default window
726.4618 	DATA 	Keypress: y
727.6283 	DATA 	Keypress: z
727.9952 	DATA 	Keypress: y
728.1362 	EXP 	New trial (rep=7, index=4): {'leftStreamFlip': False, 'oneTarget': False, 'trialInstructionPos': (0, -1), 'probe': 'both', 'rightStreamFlip': False, 'horizVert': False, 'ISIframes': 2, 'rightResponseFirst': True}
728.1608 	INFO 	numtrials=360 and this trialDurFrames=6 or 100.0 ms  task=T1
729.2612 	EXP 	window1: recordFrameIntervals = False
729.2681 	INFO 	Mouse: using default window
730.5119 	DATA 	Keypress: k
731.2951 	DATA 	Keypress: y
731.7784 	DATA 	Keypress: e
731.9206 	EXP 	New trial (rep=7, index=5): {'leftStreamFlip': False, 'oneTarget': False, 'trialInstructionPos': (0, 1), 'probe': 'both', 'rightStreamFlip': False, 'horizVert': False, 'ISIframes': 2, 'rightResponseFirst': False}
731.9440 	INFO 	numtrials=360 and this trialDurFrames=6 or 100.0 ms  task=T1
732.9614 	EXP 	window1: recordFrameIntervals = False
732.9684 	INFO 	Mouse: using default window
734.1780 	DATA 	Keypress: j
735.2451 	DATA 	Keypress: k
735.6285 	DATA 	Keypress: a
735.7711 	EXP 	New trial (rep=7, index=6): {'leftStreamFlip': False, 'oneTarget': False, 'trialInstructionPos': (0, 1), 'probe': 'both', 'rightStreamFlip': False, 'horizVert': False, 'ISIframes': 2, 'rightResponseFirst': False}
735.7941 	INFO 	numtrials=360 and this trialDurFrames=6 or 100.0 ms  task=T1
737.0278 	EXP 	window1: recordFrameIntervals = False
737.0348 	INFO 	Mouse: using default window
739.6118 	DATA 	Keypress: c
739.8950 	DATA 	Keypress: h
740.7467 	DATA 	Keypress: j
740.9042 	EXP 	New trial (rep=7, index=7): {'leftStreamFlip': False, 'oneTarget': False, 'trialInstructionPos': (0, -1), 'probe': 'both', 'rightStreamFlip': False, 'horizVert': False, 'ISIframes': 2, 'rightResponseFirst': True}
740.9273 	INFO 	numtrials=360 and this trialDurFrames=6 or 100.0 ms  task=T1
742.1112 	EXP 	window1: recordFrameIntervals = False
742.1186 	INFO 	Mouse: using default window
743.0452 	DATA 	Keypress: a
743.5297 	DATA 	Keypress: c
743.9622 	DATA 	Keypress: n
744.1016 	EXP 	New trial (rep=7, index=8): {'leftStreamFlip': False, 'oneTarget': False, 'trialInstructionPos': (0, 1), 'probe': 'both', 'rightStreamFlip': False, 'horizVert': False, 'ISIframes': 2, 'rightResponseFirst': False}
744.1273 	INFO 	numtrials=360 and this trialDurFrames=6 or 100.0 ms  task=T1
745.2778 	EXP 	window1: recordFrameIntervals = False
745.2850 	INFO 	Mouse: using default window
746.1619 	DATA 	Keypress: f
746.4119 	DATA 	Keypress: f
746.6452 	DATA 	Keypress: m
746.7873 	EXP 	New trial (rep=7, index=9): {'leftStreamFlip': False, 'oneTarget': False, 'trialInstructionPos': (0, -1), 'probe': 'both', 'rightStreamFlip': False, 'horizVert': False, 'ISIframes': 2, 'rightResponseFirst': False}
746.8106 	INFO 	numtrials=360 and this trialDurFrames=6 or 100.0 ms  task=T1
748.0112 	EXP 	window1: recordFrameIntervals = False
748.0191 	INFO 	Mouse: using default window
748.8784 	DATA 	Keypress: z
750.3296 	DATA 	Keypress: m
750.7119 	DATA 	Keypress: s
750.8611 	EXP 	New trial (rep=7, index=10): {'leftStreamFlip': False, 'oneTarget': False, 'trialInstructionPos': (0, 1), 'probe': 'both', 'rightStreamFlip': False, 'horizVert': False, 'ISIframes': 2, 'rightResponseFirst': True}
750.8940 	INFO 	numtrials=360 and this trialDurFrames=6 or 100.0 ms  task=T1
752.0446 	EXP 	window1: recordFrameIntervals = False
752.0516 	INFO 	Mouse: using default window
754.4117 	DATA 	Keypress: k
755.1285 	DATA 	Keypress: y
755.5786 	DATA 	Keypress: e
755.7189 	EXP 	New trial (rep=7, index=11): {'leftStreamFlip': False, 'oneTarget': False, 'trialInstructionPos': (0, -1), 'probe': 'both', 'rightStreamFlip': False, 'horizVert': False, 'ISIframes': 2, 'rightResponseFirst': False}
755.7441 	INFO 	numtrials=360 and this trialDurFrames=6 or 100.0 ms  task=T1
756.8278 	EXP 	window1: recordFrameIntervals = False
756.8348 	INFO 	Mouse: using default window
759.4953 	DATA 	Keypress: s
760.3285 	DATA 	Keypress: j
760.9618 	DATA 	Keypress: r
761.1028 	EXP 	New trial (rep=8, index=0): {'leftStreamFlip': False, 'oneTarget': False, 'trialInstructionPos': (0, -1), 'probe': 'both', 'rightStreamFlip': False, 'horizVert': False, 'ISIframes': 2, 'rightResponseFirst': True}
761.1273 	INFO 	numtrials=360 and this trialDurFrames=6 or 100.0 ms  task=T1
762.1445 	EXP 	window1: recordFrameIntervals = False
762.1516 	INFO 	Mouse: using default window
763.8951 	DATA 	Keypress: n
764.9784 	DATA 	Keypress: c
765.2951 	DATA 	Keypress: h
765.4449 	EXP 	New trial (rep=8, index=1): {'leftStreamFlip': False, 'oneTarget': False, 'trialInstructionPos': (0, -1), 'probe': 'both', 'rightStreamFlip': False, 'horizVert': False, 'ISIframes': 2, 'rightResponseFirst': True}
765.4767 	INFO 	numtrials=360 and this trialDurFrames=6 or 100.0 ms  task=T1
766.4946 	EXP 	window1: recordFrameIntervals = False
766.5017 	INFO 	Mouse: using default window
768.1951 	DATA 	Keypress: e
769.2618 	DATA 	Keypress: t
769.6458 	DATA 	Keypress: j
769.7859 	EXP 	New trial (rep=8, index=2): {'leftStreamFlip': False, 'oneTarget': False, 'trialInstructionPos': (0, -1), 'probe': 'both', 'rightStreamFlip': False, 'horizVert': False, 'ISIframes': 2, 'rightResponseFirst': False}
769.8106 	INFO 	numtrials=360 and this trialDurFrames=6 or 100.0 ms  task=T1
770.9442 	EXP 	window1: recordFrameIntervals = False
770.9518 	INFO 	Mouse: using default window
773.2285 	DATA 	Keypress: c
774.2617 	DATA 	Keypress: y
774.6286 	DATA 	Keypress: e
774.7773 	EXP 	New trial (rep=8, index=3): {'leftStreamFlip': False, 'oneTarget': False, 'trialInstructionPos': (0, -1), 'probe': 'both', 'rightStreamFlip': False, 'horizVert': False, 'ISIframes': 2, 'rightResponseFirst': False}
774.7938 	INFO 	numtrials=360 and this trialDurFrames=6 or 100.0 ms  task=T1
775.8946 	EXP 	window1: recordFrameIntervals = False
775.9017 	INFO 	Mouse: using default window
777.2452 	DATA 	Keypress: e
778.0452 	DATA 	Keypress: k
778.3296 	DATA 	Keypress: a
778.4944 	EXP 	New trial (rep=8, index=4): {'leftStreamFlip': False, 'oneTarget': False, 'trialInstructionPos': (0, -1), 'probe': 'both', 'rightStreamFlip': False, 'horizVert': False, 'ISIframes': 2, 'rightResponseFirst': False}
778.5108 	INFO 	numtrials=360 and this trialDurFrames=6 or 100.0 ms  task=T1
779.5279 	EXP 	window1: recordFrameIntervals = False
779.5351 	INFO 	Mouse: using default window
780.8618 	DATA 	Keypress: c
782.1284 	DATA 	Keypress: s
782.5116 	DATA 	Keypress: m
782.6529 	EXP 	New trial (rep=8, index=5): {'leftStreamFlip': False, 'oneTarget': False, 'trialInstructionPos': (0, 1), 'probe': 'both', 'rightStreamFlip': False, 'horizVert': False, 'ISIframes': 2, 'rightResponseFirst': False}
782.6772 	INFO 	numtrials=360 and this trialDurFrames=6 or 100.0 ms  task=T1
783.7447 	EXP 	window1: recordFrameIntervals = False
783.7517 	INFO 	Mouse: using default window
784.5952 	DATA 	Keypress: z
785.4954 	DATA 	Keypress: a
785.9285 	DATA 	Keypress: c
786.0708 	EXP 	New trial (rep=8, index=6): {'leftStreamFlip': False, 'oneTarget': False, 'trialInstructionPos': (0, 1), 'probe': 'both', 'rightStreamFlip': False, 'horizVert': False, 'ISIframes': 2, 'rightResponseFirst': False}
786.0939 	INFO 	numtrials=360 and this trialDurFrames=6 or 100.0 ms  task=T1
787.1778 	EXP 	window1: recordFrameIntervals = False
787.1850 	INFO 	Mouse: using default window
788.2452 	DATA 	Keypress: k
788.9786 	DATA 	Keypress: n
789.5119 	DATA 	Keypress: a
789.6538 	EXP 	New trial (rep=8, index=7): {'leftStreamFlip': False, 'oneTarget': False, 'trialInstructionPos': (0, 1), 'probe': 'both', 'rightStreamFlip': False, 'horizVert': False, 'ISIframes': 2, 'rightResponseFirst': True}
789.6772 	INFO 	numtrials=360 and this trialDurFrames=6 or 100.0 ms  task=T1
790.7279 	EXP 	window1: recordFrameIntervals = False
790.7349 	INFO 	Mouse: using default window
791.6951 	DATA 	Keypress: k
792.2285 	DATA 	Keypress: f
792.6614 	DATA 	Keypress: c
792.8037 	EXP 	New trial (rep=8, index=8): {'leftStreamFlip': False, 'oneTarget': False, 'trialInstructionPos': (0, 1), 'probe': 'both', 'rightStreamFlip': False, 'horizVert': False, 'ISIframes': 2, 'rightResponseFirst': True}
792.8274 	INFO 	numtrials=360 and this trialDurFrames=6 or 100.0 ms  task=T1
793.9779 	EXP 	window1: recordFrameIntervals = False
793.9849 	INFO 	Mouse: using default window
795.1788 	DATA 	Keypress: c
795.7949 	DATA 	Keypress: f
796.3296 	DATA 	Keypress: k
796.4977 	EXP 	New trial (rep=8, index=9): {'leftStreamFlip': False, 'oneTarget': False, 'trialInstructionPos': (0, 1), 'probe': 'both', 'rightStreamFlip': False, 'horizVert': False, 'ISIframes': 2, 'rightResponseFirst': True}
796.5269 	INFO 	numtrials=360 and this trialDurFrames=6 or 100.0 ms  task=T1
797.6945 	EXP 	window1: recordFrameIntervals = False
797.7014 	INFO 	Mouse: using default window
799.9952 	DATA 	Keypress: lctrl
800.0115 	DATA 	Keypress: lshift
800.4786 	DATA 	Keypress: z
800.4984 	INFO 	Stopping at 09:41 on 09 Aug 2018
800.5000 	ERROR 	user aborted experiment on keypress with trials done=105 of 361
800.5208 	INFO 	Program terminating normally.
