1.0557 	WARNING 	Monitor specification not found. Creating a temporary one...
10.3564 	EXP 	Created window1 = Window(allowGUI=False, allowStencil=False, autoLog=True, bitsMode=UNKNOWN, blendMode='avg', color=array([-0.7, -0.7, -0.7]), colorSpace='rgb', fullscr=UNKNOWN, gamma=None, lms=UNKNOWN, monitor=<psychopy.monitors.calibTools.Monitor object at 0x18F135B0>, name='window1', pos=[0, 0], screen=0, size=array([1920, 1080]), stereo=False, units='deg', useFBO=False, useRetina=False, viewOri=0.0, viewPos=None, viewScale=None, waitBlanking=False, winType='pyglet')
10.3565 	INFO 	Mouse: using default window
10.3567 	EXP 	window1: units = 'norm'
10.4445 	EXP 	Created unnamed ImageStim = ImageStim(autoLog=True, color=array([ 1.,  1.,  1.]), colorSpace='rgb', contrast=1.0, depth=0, flipHoriz=False, flipVert=False, image=str(...), interpolate=False, mask=None, maskParams=None, name='unnamed ImageStim', opacity=1.0, ori=0.0, pos=array([-0.5,  0. ]), size=array([ 1.290625  ,  3.24814815]), texRes=128, units='norm', win=Window(...))
10.5212 	EXP 	Created unnamed ImageStim = ImageStim(autoLog=True, color=array([ 1.,  1.,  1.]), colorSpace='rgb', contrast=1.0, depth=0, flipHoriz=False, flipVert=False, image=str(...), interpolate=False, mask=None, maskParams=None, name='unnamed ImageStim', opacity=1.0, ori=0.0, pos=array([ 0.5,  0. ]), size=array([ 1.290625  ,  3.24814815]), texRes=128, units='norm', win=Window(...))
10.5367 	EXP 	Created OKrespZone = GratingStim(autoDraw=False, autoLog=True, color=array([ 1. ,  0.5,  0.5]), colorSpace='rgb', contrast=1.0, depth=0, interpolate=False, mask='gauss', maskParams=None, name='OKrespZone', opacity=1.0, ori=0.0, phase=array([ 0.,  0.]), pos=array([-0.2 , -0.92]), rgbPedestal=array([ 0.,  0.,  0.]), sf=array([ 0.,  0.]), size=array([ 2.3,  0.2]), tex='sin', texRes=256, units='norm', win=Window(...))
10.6770 	EXP 	unnamed ImageStim: size = (1, 2)
10.6770 	EXP 	unnamed ImageStim: size = (1, 2)
70.2550 	DATA 	Mouse: Left button down, pos=(863,43)
70.2711 	EXP 	window1: units = 'deg'
70.2716 	EXP 	window1: units = 'norm'
70.2938 	EXP 	Created OKrespZone = GratingStim(autoDraw=False, autoLog=True, color=array([ 1. ,  0.5,  0.5]), colorSpace='rgb', contrast=1.0, depth=0, interpolate=False, mask='gauss', maskParams=None, name='OKrespZone', opacity=1.0, ori=0.0, phase=array([ 0.,  0.]), pos=array([-0.2 , -0.92]), rgbPedestal=array([ 0.,  0.,  0.]), sf=array([ 0.,  0.]), size=array([ 2.3,  0.2]), tex='sin', texRes=256, units='norm', win=Window(...))
70.3770 	EXP 	Created unnamed ImageStim = ImageStim(autoLog=True, color=array([ 1.,  1.,  1.]), colorSpace='rgb', contrast=1.0, depth=0, flipHoriz=False, flipVert=False, image='abgdj\\PISandConsentForm\\consentForm.png', interpolate=False, mask=None, maskParams=None, name='unnamed ImageStim', opacity=1.0, ori=0.0, pos=array([ 0.,  0.]), size=array([ 1.3375    ,  2.97407407]), texRes=128, units='norm', win=Window(...))
70.4121 	EXP 	Created unnamed GratingStim = GratingStim(autoDraw=False, autoLog=True, color=array([ 1. ,  0.5,  0.5]), colorSpace='rgb', contrast=1.0, depth=0, interpolate=False, mask='gauss', maskParams=None, name='unnamed GratingStim', opacity=1.0, ori=0.0, phase=array([ 0.,  0.]), pos=array([-0.2 , -0.42]), rgbPedestal=array([ 0.,  0.,  0.]), sf=array([ 0.,  0.]), size=array([ 0.3,  0.2]), tex='sin', texRes=256, units='norm', win=Window(...))
70.4430 	EXP 	Created unnamed GratingStim = GratingStim(autoDraw=False, autoLog=True, color=array([ 1. ,  0.5,  0.5]), colorSpace='rgb', contrast=1.0, depth=0, interpolate=False, mask='gauss', maskParams=None, name='unnamed GratingStim', opacity=1.0, ori=0.0, phase=array([ 0.,  0.]), pos=array([ 0.1 , -0.42]), rgbPedestal=array([ 0.,  0.,  0.]), sf=array([ 0.,  0.]), size=array([ 0.3,  0.2]), tex='sin', texRes=256, units='norm', win=Window(...))
70.4643 	EXP 	Created unnamed GratingStim = GratingStim(autoDraw=False, autoLog=True, color=array([ 1. ,  0.5,  0.5]), colorSpace='rgb', contrast=1.0, depth=0, interpolate=False, mask='gauss', maskParams=None, name='unnamed GratingStim', opacity=1.0, ori=0.0, phase=array([ 0.,  0.]), pos=array([-0.2 , -0.72]), rgbPedestal=array([ 0.,  0.,  0.]), sf=array([ 0.,  0.]), size=array([ 0.3,  0.2]), tex='sin', texRes=256, units='norm', win=Window(...))
70.4870 	EXP 	Created unnamed GratingStim = GratingStim(autoDraw=False, autoLog=True, color=array([ 1. ,  0.5,  0.5]), colorSpace='rgb', contrast=1.0, depth=0, interpolate=False, mask='gauss', maskParams=None, name='unnamed GratingStim', opacity=1.0, ori=0.0, phase=array([ 0.,  0.]), pos=array([ 0.1 , -0.72]), rgbPedestal=array([ 0.,  0.,  0.]), sf=array([ 0.,  0.]), size=array([ 0.3,  0.2]), tex='sin', texRes=256, units='norm', win=Window(...))
70.4903 	DATA 	Mouse:  Left button up, pos=(863,43)
70.4977 	EXP 	unnamed ImageStim: size = (1.1, 2)
97.8408 	DATA 	Mouse: Left button down, pos=(776,318)
97.9549 	DATA 	Mouse:  Left button up, pos=(776,318)
99.9210 	DATA 	Mouse: Left button down, pos=(768,138)
100.0205 	DATA 	Mouse:  Left button up, pos=(768,138)
101.9540 	DATA 	Mouse: Left button down, pos=(706,39)
101.9703 	EXP 	window1: units = 'deg'
101.9763 	EXP 	window1: mouseVisible = True
120.3566 	EXP 	Created window1 = Window(allowGUI=False, allowStencil=False, autoLog=True, bitsMode=UNKNOWN, blendMode='avg', color=array([-0.7, -0.7, -0.7]), colorSpace='rgb', fullscr=UNKNOWN, gamma=None, lms=UNKNOWN, monitor=<psychopy.monitors.calibTools.Monitor object at 0x18F135B0>, name='window1', pos=[0, 0], screen=0, size=array([1920, 1080]), stereo=False, units='deg', useFBO=False, useRetina=False, viewOri=0.0, viewPos=None, viewScale=None, waitBlanking=False, winType='pyglet')
124.7234 	INFO 	#[ PsychoPy2 RuntimeInfoStart ]
  #[[ PsychoPy ]] #---------
    psychopyVersion: 1.84.2
    psychopyHaveExtRush: True
  #[[ Experiment ]] #---------
    experimentAuthor: None
    experimentAuthVersion: None
    experimentRunTime: 2018_08_09 14:09 (Year_Month_Day Hour:Min)
    experimentRunTime.epoch: 1533787770
    experimentScript: psyc1002.py
    experimentScript.digestSHA1: 03993779484d600ea4c1b8cc2288f3d37a5025d5
    experimentScript.directory: U:\PSYC1002\abgdj
  #[[ System ]] #---------
    systemHaveInternetAccess: True
    systemHostName: W5FDZKG2
    systemLocale: English_Australia.1252
    systemMemFreeRAM: 4361.37890625
    systemMemTotalRAM: 8076.9453125
    systemPlatform: windowsversion=sys.getwindowsversion(major=6, minor=2, build=9200, platform=2, service_pack='')
    systemPyo.InputDevices: {4: {'host api index': 2, 'latency': 0.008707483299076557, 'default sr': 44100, 'name': u'Realtek ASIO'}}
    systemPyo.OutputDevices: {0: {'host api index': 0, 'latency': 0.09000000357627869, 'default sr': 44100, 'name': u'Microsoft Sound Mapper - Output'}, 1: {'host api index': 0, 'latency': 0.09000000357627869, 'default sr': 44100, 'name': u'Speakers / Headphones (Realtek '}, 2: {'host api index': 1, 'latency': 0.11999999731779099, 'default sr': 44100, 'name': u'Primary Sound Driver'}, 3: {'host api index': 1, 'latency': 0.11999999731779099, 'default sr': 44100, 'name': u'Speakers / Headphones (Realtek High Definition Audio)'}, 4: {'host api index': 2, 'latency': 0.008707483299076557, 'default sr': 44100, 'name': u'Realtek ASIO'}, 5: {'host api index': 3, 'latency': 0.003000000026077032, 'default sr': 48000, 'name': u'Speakers / Headphones (Realtek High Definition Audio)'}}
    systemPyoVersion: 0.8.0
    systemRebooted: System Boot Time:          9/08/2018, 2:06:53 AM
    systemSec.pythonSSL: True
    systemTimeNumpySD1000000_sec: 0.0073
    systemUser: akha3928
    systemUserID: 1000
    systemUserProcCmdPid: LabStatsUserSpace.exe dwm.exe TiWorker.exe CmRcService.exe nierserver.exe LabStatsClient.exe tagsrv.exe SearchUI.exe DWRCST.EXE OneDrive.exe nipxism.exe WmiPrvSE.exe niLxiDiscovery.exe SecurityHealthService.exe redirector.exe server_admin.exe pc-client.exe lkads.exe svchost.exe smartscreen.exe ni_usbmon.exe AGSService.exe System SISIDSService.exe SelfServicePlugin.exe explorer.exe smss.exe ApplicationWebServer.exe RuntimeBroker.exe acrotray.exe niauth_daemon.exe cmd.exe nidmsrv.exe Receiver.exe SISIPSService.exe lktsrv.exe lsass.exe python.exe RtkNGUI64.exe sisipsutil.exe AdobeUpdateService.exe armsvc.exe ssonsvr.exe concentr.exe nidevldu.exe RemindersServer.exe taskhostw.exe ctfmon.exe RAVBg64.exe ''Memory Compression'' NIWebServiceContainer.exe nimxs.exe lkcitdl.exe RtkAudioService64.exe SystemWebServer.exe tasklist.exe snowagent.exe CcmExec.exe SmcGui.exe nicitdl5.exe services.exe niDiscSvc.exe sqlwriter.exe MSASCuiL.exe SCNotification.exe nimdnsResponder.exe server_runtime.exe DWRCS.EXE sihost.exe backgroundTaskHost.exe spoolsv.exe wininit.exe winlogon.exe ShellExperienceHost.exe nidevmon.exe SearchIndexer.exe csrss.exe TrustedInstaller.exe audiodg.exe fontdrvhost.exe dllhost.exe unsecapp.exe ccSvcHst.exe wfcrun32.exe nisvcloc.exe server_eventlog.exe AuthManSvr.exe conhost.exe AdobeGCClient.exe
    systemUserProcCount: 181
    systemUserProcFlagged: Explorer
    systemUsersCount: False
  #[[ Window ]] #---------
    windowWinType: pyglet
    windowWaitBlanking: False
    windowUseNativeGamma: True
    windowUnits: deg
    windowSize_pix: [1920 1080]
    windowScreen: 0
    windowRgb: [-0.7 -0.7 -0.7]
    windowRefreshTimeSD_ms: 0.387
    windowRefreshTimeMedian_ms: 16.686
    windowRefreshTimeAvg_ms: 16.679
    windowRefreshThreshold_sec: 0.0199
    windowRecordFrameIntervals: False
    windowPos_pix: [0, 0]
    windowMonitor.name: testmonitor
    windowMonitor.getWidth_cm: 57.0
    windowMonitor.getLinearizeMethod: 1
    windowMonitor.getGammaGrid: [[  0.   1.   1.  nan  nan  nan]
 [  0.   1.   1.  nan  nan  nan]
 [  0.   1.   1.  nan  nan  nan]
 [  0.   1.   1.  nan  nan  nan]]
    windowMonitor.getDistance_cm: 57.0
    windowMonitor.gammaInterpolator2: None
    windowMonitor.gammaInterpolator: None
    windowMonitor.currentCalibName: 2018_08_09 14:07
    windowIsFullScr: True
    windowHaveShaders: True
    windowAllowGUI: False
  #[[ Python ]] #---------
    pythonWxVersion: 3.0.2.0 msw (classic)
    pythonVersion: 2.7.11
    pythonScipyVersion: 0.17.1
    pythonPygletVersion: 1.2.4
    pythonPygameVersion: 1.9.2pre
    pythonNumpyVersion: 1.11.0
    pythonMatplotlibVersion: 1.5.1
    pythonFullVersion: 2.7.11 (v2.7.11:6d1b6a68f775, Dec  5 2015, 20:32:19) [MSC v.1500 32 bit (Intel)]
    pythonExecutable: C:\Program Files (x86)\PsychoPy2\python.exe
  #[[ OpenGL ]] #---------
    openGLVersion: 4.4.0 - Build 20.19.15.4454
    openGLVendor: Intel
    openGLRenderingEngine: Intel(R) HD Graphics 530
    openGLmaxVerticesInVertexArray: 1048576
    False: openGLext.GL_STEREO
    True: openGLext.GL_EXT_framebuffer_object
    True: openGLext.GL_ARB_vertex_shader
    True: openGLext.GL_ARB_texture_non_power_of_two
    True: openGLext.GL_ARB_texture_float
    True: openGLext.GL_ARB_shader_objects
    True: openGLext.GL_ARB_multitexture
    True: openGLext.GL_ARB_fragment_program
#[ PsychoPy2 RuntimeInfoEnd ]

124.7703 	EXP 	window1: recordFrameIntervals = True
125.6061 	EXP 	window1: recordFrameIntervals = False
125.6072 	INFO 	Frames per second ~=59.9, which is close enough to desired val of 60.0
125.8193 	EXP 	Created sequence: random, trialTypes=12, nReps=30, seed=None
126.0331 	INFO 	Mouse: using default window
126.0539 	EXP 	Created OKrespZone = GratingStim(autoDraw=False, autoLog=True, color=array([ 1.,  1.,  1.]), colorSpace='rgb', contrast=1.0, depth=0, interpolate=False, mask='gauss', maskParams=None, name='OKrespZone', opacity=1.0, ori=0.0, phase=array([ 0.,  0.]), pos=array([ 0.  ,  0.88]), rgbPedestal=array([ 0.,  0.,  0.]), sf=array([ 0.,  0.]), size=array([ 2. ,  0.2]), tex='sin', texRes=256, units='norm', win=Window(...))
132.6243 	DATA 	Mouse: Left button down, pos=(112,958)
132.7033 	DATA 	Mouse:  Left button up, pos=(112,958)
142.9198 	DATA 	Mouse: Left button down, pos=(82,186)
142.9913 	DATA 	Mouse:  Left button up, pos=(82,186)
152.6809 	DATA 	Mouse: Left button down, pos=(99,468)
152.7993 	DATA 	Mouse:  Left button up, pos=(99,468)
161.5757 	DATA 	Mouse: Left button down, pos=(300,467)
161.6713 	DATA 	Mouse:  Left button up, pos=(300,467)
163.0323 	DATA 	Mouse: Left button down, pos=(310,324)
163.1433 	DATA 	Mouse:  Left button up, pos=(310,324)
167.8725 	DATA 	Mouse: Left button down, pos=(323,119)
167.9594 	DATA 	Mouse:  Left button up, pos=(323,119)
180.2330 	DATA 	Mouse: Left button down, pos=(719,685)
180.3274 	DATA 	Mouse:  Left button up, pos=(719,685)
181.4161 	DATA 	Mouse: Left button down, pos=(731,603)
181.4794 	DATA 	Mouse:  Left button up, pos=(731,603)
188.6168 	DATA 	Mouse: Left button down, pos=(936,672)
188.7363 	DATA 	Mouse:  Left button up, pos=(936,671)
195.6402 	DATA 	Mouse: Left button down, pos=(1151,665)
195.7273 	DATA 	Mouse:  Left button up, pos=(1151,665)
204.6567 	DATA 	Mouse: Left button down, pos=(1163,58)
204.7273 	DATA 	Mouse:  Left button up, pos=(1163,58)
207.6331 	DATA 	Mouse: Left button down, pos=(1362,743)
207.7113 	DATA 	Mouse:  Left button up, pos=(1362,743)
220.2001 	DATA 	Mouse: Left button down, pos=(1528,273)
220.2954 	DATA 	Mouse:  Left button up, pos=(1528,273)
229.8488 	DATA 	Mouse: Left button down, pos=(1743,673)
229.9514 	DATA 	Mouse:  Left button up, pos=(1743,673)
234.9922 	DATA 	Mouse: Left button down, pos=(895,1019)
235.0096 	INFO 	Experiment will have 360 trials. Letters will be drawn with superposed noise of 0.00%
235.0247 	EXP 	New trial (rep=0, index=0): {'leftStreamFlip': False, 'oneTarget': False, 'trialInstructionPos': (0, 1), 'probe': 'both', 'rightStreamFlip': False, 'horizVert': True, 'ISIframes': 2, 'rightResponseFirst': False}
235.0247 	INFO 	Starting main part of experiment
235.0887 	DATA 	Mouse:  Left button up, pos=(895,1019)
236.2048 	INFO 	numtrials=360 and this trialDurFrames=28 or 466.666666667 ms  task=T1
238.2209 	EXP 	window1: recordFrameIntervals = False
238.2340 	INFO 	Mouse: using default window
243.6270 	DATA 	Keypress: r
245.0550 	DATA 	Keypress: f
245.2425 	EXP 	New trial (rep=0, index=1): {'leftStreamFlip': False, 'oneTarget': True, 'trialInstructionPos': (0, -1), 'probe': 'both', 'rightStreamFlip': False, 'horizVert': True, 'ISIframes': 2, 'rightResponseFirst': False}
254.7552 	INFO 	numtrials=360 and this trialDurFrames=22 or 366.666666667 ms  task=T1
256.6379 	EXP 	window1: recordFrameIntervals = False
256.6448 	INFO 	Mouse: using default window
258.2379 	DATA 	Keypress: e
258.3799 	EXP 	New trial (rep=0, index=2): {'leftStreamFlip': False, 'oneTarget': False, 'trialInstructionPos': (0, -1), 'probe': 'both', 'rightStreamFlip': False, 'horizVert': True, 'ISIframes': 2, 'rightResponseFirst': True}
258.4039 	INFO 	numtrials=360 and this trialDurFrames=18 or 300.0 ms  task=T1
260.3372 	EXP 	window1: recordFrameIntervals = False
260.3454 	INFO 	Mouse: using default window
261.9214 	DATA 	Keypress: g
263.2729 	DATA 	Keypress: t
263.4208 	EXP 	New trial (rep=0, index=3): {'leftStreamFlip': False, 'oneTarget': True, 'trialInstructionPos': (0, 1), 'probe': 'both', 'rightStreamFlip': False, 'horizVert': True, 'ISIframes': 2, 'rightResponseFirst': True}
263.4371 	INFO 	numtrials=360 and this trialDurFrames=18 or 300.0 ms  task=T1
264.7555 	EXP 	window1: recordFrameIntervals = False
264.7730 	INFO 	Mouse: using default window
265.8736 	DATA 	Keypress: y
266.0242 	EXP 	New trial (rep=0, index=4): {'leftStreamFlip': False, 'oneTarget': False, 'trialInstructionPos': (0, 1), 'probe': 'both', 'rightStreamFlip': False, 'horizVert': True, 'ISIframes': 2, 'rightResponseFirst': True}
271.6722 	DATA 	Keypress: return
271.7039 	INFO 	numtrials=360 and this trialDurFrames=14 or 233.333333333 ms  task=T1
272.9721 	EXP 	window1: recordFrameIntervals = False
272.9880 	INFO 	Mouse: using default window
274.0089 	DATA 	Keypress: t
275.5233 	DATA 	Keypress: z
275.6737 	EXP 	New trial (rep=0, index=5): {'leftStreamFlip': False, 'oneTarget': False, 'trialInstructionPos': (0, 1), 'probe': 'both', 'rightStreamFlip': False, 'horizVert': True, 'ISIframes': 2, 'rightResponseFirst': True}
275.6860 	INFO 	numtrials=360 and this trialDurFrames=4 or 66.6666666667 ms  task=T1
276.8054 	EXP 	window1: recordFrameIntervals = False
276.8140 	INFO 	Mouse: using default window
278.2381 	DATA 	Keypress: e
279.3227 	DATA 	Keypress: x
279.4712 	EXP 	New trial (rep=0, index=6): {'leftStreamFlip': False, 'oneTarget': False, 'trialInstructionPos': (0, -1), 'probe': 'both', 'rightStreamFlip': False, 'horizVert': True, 'ISIframes': 2, 'rightResponseFirst': False}
279.4859 	INFO 	numtrials=360 and this trialDurFrames=4 or 66.6666666667 ms  task=T1
280.5556 	EXP 	window1: recordFrameIntervals = False
280.5736 	INFO 	Mouse: using default window
282.9905 	DATA 	Keypress: h
284.5890 	DATA 	Keypress: f
284.7340 	EXP 	New trial (rep=0, index=7): {'leftStreamFlip': False, 'oneTarget': False, 'trialInstructionPos': (0, 1), 'probe': 'both', 'rightStreamFlip': False, 'horizVert': True, 'ISIframes': 2, 'rightResponseFirst': False}
284.7530 	INFO 	numtrials=360 and this trialDurFrames=3 or 50.0 ms  task=T1
285.8216 	EXP 	window1: recordFrameIntervals = False
285.8312 	INFO 	Mouse: using default window
289.8573 	DATA 	Keypress: u
290.9057 	DATA 	Keypress: f
291.0519 	EXP 	New trial (rep=0, index=8): {'leftStreamFlip': False, 'oneTarget': False, 'trialInstructionPos': (0, -1), 'probe': 'both', 'rightStreamFlip': False, 'horizVert': True, 'ISIframes': 2, 'rightResponseFirst': True}
291.0728 	INFO 	numtrials=360 and this trialDurFrames=4 or 66.6666666667 ms  task=T1
292.2046 	EXP 	window1: recordFrameIntervals = False
292.2127 	INFO 	Mouse: using default window
294.0732 	DATA 	Keypress: f
295.0383 	DATA 	Keypress: h
295.1909 	EXP 	New trial (rep=0, index=9): {'leftStreamFlip': False, 'oneTarget': True, 'trialInstructionPos': (0, -1), 'probe': 'both', 'rightStreamFlip': False, 'horizVert': True, 'ISIframes': 2, 'rightResponseFirst': True}
295.2043 	INFO 	numtrials=360 and this trialDurFrames=4 or 66.6666666667 ms  task=T1
296.3878 	EXP 	window1: recordFrameIntervals = False
296.3964 	INFO 	Mouse: using default window
297.5400 	DATA 	Keypress: a
297.6814 	EXP 	New trial (rep=0, index=10): {'leftStreamFlip': False, 'oneTarget': True, 'trialInstructionPos': (0, 1), 'probe': 'both', 'rightStreamFlip': False, 'horizVert': True, 'ISIframes': 2, 'rightResponseFirst': False}
297.7031 	INFO 	numtrials=360 and this trialDurFrames=4 or 66.6666666667 ms  task=T1
298.8398 	EXP 	window1: recordFrameIntervals = False
298.8520 	INFO 	Mouse: using default window
300.1057 	DATA 	Keypress: u
300.2487 	EXP 	New trial (rep=0, index=11): {'leftStreamFlip': False, 'oneTarget': False, 'trialInstructionPos': (0, -1), 'probe': 'both', 'rightStreamFlip': False, 'horizVert': True, 'ISIframes': 2, 'rightResponseFirst': False}
300.2696 	INFO 	numtrials=360 and this trialDurFrames=4 or 66.6666666667 ms  task=T1
301.2874 	EXP 	window1: recordFrameIntervals = False
301.2954 	INFO 	Mouse: using default window
303.0892 	DATA 	Keypress: y
304.6052 	DATA 	Keypress: a
304.7489 	EXP 	New trial (rep=1, index=0): {'leftStreamFlip': False, 'oneTarget': False, 'trialInstructionPos': (0, 1), 'probe': 'both', 'rightStreamFlip': False, 'horizVert': True, 'ISIframes': 2, 'rightResponseFirst': True}
304.7692 	INFO 	numtrials=360 and this trialDurFrames=4 or 66.6666666667 ms  task=T1
305.8713 	EXP 	window1: recordFrameIntervals = False
305.8808 	INFO 	Mouse: using default window
307.8384 	DATA 	Keypress: s
308.9061 	DATA 	Keypress: j
309.1034 	EXP 	New trial (rep=1, index=1): {'leftStreamFlip': False, 'oneTarget': True, 'trialInstructionPos': (0, 1), 'probe': 'both', 'rightStreamFlip': False, 'horizVert': True, 'ISIframes': 2, 'rightResponseFirst': True}
309.1195 	INFO 	numtrials=360 and this trialDurFrames=4 or 66.6666666667 ms  task=T1
310.1713 	EXP 	window1: recordFrameIntervals = False
310.1795 	INFO 	Mouse: using default window
311.9718 	DATA 	Keypress: z
312.1159 	EXP 	New trial (rep=1, index=2): {'leftStreamFlip': False, 'oneTarget': False, 'trialInstructionPos': (0, -1), 'probe': 'both', 'rightStreamFlip': False, 'horizVert': True, 'ISIframes': 2, 'rightResponseFirst': False}
312.1360 	INFO 	numtrials=360 and this trialDurFrames=4 or 66.6666666667 ms  task=T1
313.1551 	EXP 	window1: recordFrameIntervals = False
313.1640 	INFO 	Mouse: using default window
314.8577 	DATA 	Keypress: r
315.8384 	DATA 	Keypress: h
315.9839 	EXP 	New trial (rep=1, index=3): {'leftStreamFlip': False, 'oneTarget': False, 'trialInstructionPos': (0, -1), 'probe': 'both', 'rightStreamFlip': False, 'horizVert': True, 'ISIframes': 2, 'rightResponseFirst': True}
316.0026 	INFO 	numtrials=360 and this trialDurFrames=4 or 66.6666666667 ms  task=T1
317.1892 	EXP 	window1: recordFrameIntervals = False
317.2062 	INFO 	Mouse: using default window
319.2083 	DATA 	Keypress: u
320.8243 	DATA 	Keypress: g
320.9821 	EXP 	New trial (rep=1, index=4): {'leftStreamFlip': False, 'oneTarget': True, 'trialInstructionPos': (0, -1), 'probe': 'both', 'rightStreamFlip': False, 'horizVert': True, 'ISIframes': 2, 'rightResponseFirst': False}
321.0030 	INFO 	numtrials=360 and this trialDurFrames=4 or 66.6666666667 ms  task=T1
322.0223 	EXP 	window1: recordFrameIntervals = False
322.0327 	INFO 	Mouse: using default window
323.3051 	DATA 	Keypress: k
323.4481 	EXP 	New trial (rep=1, index=5): {'leftStreamFlip': False, 'oneTarget': False, 'trialInstructionPos': (0, 1), 'probe': 'both', 'rightStreamFlip': False, 'horizVert': True, 'ISIframes': 2, 'rightResponseFirst': True}
323.4693 	INFO 	numtrials=360 and this trialDurFrames=4 or 66.6666666667 ms  task=T1
324.6715 	EXP 	window1: recordFrameIntervals = False
324.6861 	INFO 	Mouse: using default window
326.4584 	DATA 	Keypress: n
327.1386 	DATA 	Keypress: m
327.2828 	EXP 	New trial (rep=1, index=6): {'leftStreamFlip': False, 'oneTarget': True, 'trialInstructionPos': (0, 1), 'probe': 'both', 'rightStreamFlip': False, 'horizVert': True, 'ISIframes': 2, 'rightResponseFirst': False}
327.3028 	INFO 	numtrials=360 and this trialDurFrames=4 or 66.6666666667 ms  task=T1
328.5040 	EXP 	window1: recordFrameIntervals = False
328.5109 	INFO 	Mouse: using default window
329.6570 	DATA 	Keypress: h
329.8181 	EXP 	New trial (rep=1, index=7): {'leftStreamFlip': False, 'oneTarget': False, 'trialInstructionPos': (0, -1), 'probe': 'both', 'rightStreamFlip': False, 'horizVert': True, 'ISIframes': 2, 'rightResponseFirst': False}
329.8364 	INFO 	numtrials=360 and this trialDurFrames=4 or 66.6666666667 ms  task=T1
330.9223 	EXP 	window1: recordFrameIntervals = False
330.9380 	INFO 	Mouse: using default window
332.5050 	DATA 	Keypress: z
333.2897 	DATA 	Keypress: m
333.4318 	EXP 	New trial (rep=1, index=8): {'leftStreamFlip': False, 'oneTarget': True, 'trialInstructionPos': (0, -1), 'probe': 'both', 'rightStreamFlip': False, 'horizVert': True, 'ISIframes': 2, 'rightResponseFirst': True}
333.4527 	INFO 	numtrials=360 and this trialDurFrames=3 or 50.0 ms  task=T1
334.4557 	EXP 	window1: recordFrameIntervals = False
334.4735 	INFO 	Mouse: using default window
335.7882 	DATA 	Keypress: f
335.9376 	EXP 	New trial (rep=1, index=9): {'leftStreamFlip': False, 'oneTarget': False, 'trialInstructionPos': (0, -1), 'probe': 'both', 'rightStreamFlip': False, 'horizVert': True, 'ISIframes': 2, 'rightResponseFirst': True}
335.9530 	INFO 	numtrials=360 and this trialDurFrames=3 or 50.0 ms  task=T1
337.1392 	EXP 	window1: recordFrameIntervals = False
337.1565 	INFO 	Mouse: using default window
339.5898 	DATA 	Keypress: k
340.4249 	DATA 	Keypress: z
340.5810 	EXP 	New trial (rep=1, index=10): {'leftStreamFlip': False, 'oneTarget': False, 'trialInstructionPos': (0, 1), 'probe': 'both', 'rightStreamFlip': False, 'horizVert': True, 'ISIframes': 2, 'rightResponseFirst': False}
340.6026 	INFO 	numtrials=360 and this trialDurFrames=3 or 50.0 ms  task=T1
341.7716 	EXP 	window1: recordFrameIntervals = False
341.7796 	INFO 	Mouse: using default window
343.6250 	DATA 	Keypress: h
344.2724 	DATA 	Keypress: a
344.4146 	EXP 	New trial (rep=1, index=11): {'leftStreamFlip': False, 'oneTarget': False, 'trialInstructionPos': (0, 1), 'probe': 'both', 'rightStreamFlip': False, 'horizVert': True, 'ISIframes': 2, 'rightResponseFirst': False}
344.4359 	INFO 	numtrials=360 and this trialDurFrames=3 or 50.0 ms  task=T1
345.5376 	EXP 	window1: recordFrameIntervals = False
345.5474 	INFO 	Mouse: using default window
347.3227 	DATA 	Keypress: j
347.8719 	DATA 	Keypress: k
348.0202 	EXP 	New trial (rep=2, index=0): {'leftStreamFlip': False, 'oneTarget': False, 'trialInstructionPos': (0, -1), 'probe': 'both', 'rightStreamFlip': False, 'horizVert': True, 'ISIframes': 2, 'rightResponseFirst': True}
348.0359 	INFO 	numtrials=360 and this trialDurFrames=3 or 50.0 ms  task=T1
349.2384 	EXP 	window1: recordFrameIntervals = False
349.2505 	INFO 	Mouse: using default window
351.1228 	DATA 	Keypress: s
352.0085 	DATA 	Keypress: u
352.1692 	EXP 	New trial (rep=2, index=1): {'leftStreamFlip': False, 'oneTarget': True, 'trialInstructionPos': (0, -1), 'probe': 'both', 'rightStreamFlip': False, 'horizVert': True, 'ISIframes': 2, 'rightResponseFirst': True}
352.1860 	INFO 	numtrials=360 and this trialDurFrames=3 or 50.0 ms  task=T1
353.2555 	EXP 	window1: recordFrameIntervals = False
353.2715 	INFO 	Mouse: using default window
354.6551 	DATA 	Keypress: h
354.7989 	EXP 	New trial (rep=2, index=2): {'leftStreamFlip': False, 'oneTarget': True, 'trialInstructionPos': (0, 1), 'probe': 'both', 'rightStreamFlip': False, 'horizVert': True, 'ISIframes': 2, 'rightResponseFirst': True}
354.8194 	INFO 	numtrials=360 and this trialDurFrames=3 or 50.0 ms  task=T1
355.8396 	EXP 	window1: recordFrameIntervals = False
355.8582 	INFO 	Mouse: using default window
356.8891 	DATA 	Keypress: e
357.0338 	EXP 	New trial (rep=2, index=3): {'leftStreamFlip': False, 'oneTarget': False, 'trialInstructionPos': (0, -1), 'probe': 'both', 'rightStreamFlip': False, 'horizVert': True, 'ISIframes': 2, 'rightResponseFirst': False}
357.0531 	INFO 	numtrials=360 and this trialDurFrames=3 or 50.0 ms  task=T1
358.1054 	EXP 	window1: recordFrameIntervals = False
358.1203 	INFO 	Mouse: using default window
359.9888 	DATA 	Keypress: u
360.7061 	DATA 	Keypress: h
360.8504 	EXP 	New trial (rep=2, index=4): {'leftStreamFlip': False, 'oneTarget': True, 'trialInstructionPos': (0, 1), 'probe': 'both', 'rightStreamFlip': False, 'horizVert': True, 'ISIframes': 2, 'rightResponseFirst': False}
360.8695 	INFO 	numtrials=360 and this trialDurFrames=3 or 50.0 ms  task=T1
361.9566 	EXP 	window1: recordFrameIntervals = False
361.9699 	INFO 	Mouse: using default window
363.4564 	DATA 	Keypress: h
363.5990 	EXP 	New trial (rep=2, index=5): {'leftStreamFlip': False, 'oneTarget': False, 'trialInstructionPos': (0, -1), 'probe': 'both', 'rightStreamFlip': False, 'horizVert': True, 'ISIframes': 2, 'rightResponseFirst': False}
363.6194 	INFO 	numtrials=360 and this trialDurFrames=3 or 50.0 ms  task=T1
364.5883 	EXP 	window1: recordFrameIntervals = False
364.5968 	INFO 	Mouse: using default window
365.8724 	DATA 	Keypress: j
367.1383 	DATA 	Keypress: m
367.2834 	EXP 	New trial (rep=2, index=6): {'leftStreamFlip': False, 'oneTarget': False, 'trialInstructionPos': (0, 1), 'probe': 'both', 'rightStreamFlip': False, 'horizVert': True, 'ISIframes': 2, 'rightResponseFirst': False}
367.3028 	INFO 	numtrials=360 and this trialDurFrames=3 or 50.0 ms  task=T1
368.3216 	EXP 	window1: recordFrameIntervals = False
368.3297 	INFO 	Mouse: using default window
370.0254 	DATA 	Keypress: g
370.4246 	DATA 	Keypress: c
370.5835 	EXP 	New trial (rep=2, index=7): {'leftStreamFlip': False, 'oneTarget': False, 'trialInstructionPos': (0, 1), 'probe': 'both', 'rightStreamFlip': False, 'horizVert': True, 'ISIframes': 2, 'rightResponseFirst': False}
370.6028 	INFO 	numtrials=360 and this trialDurFrames=3 or 50.0 ms  task=T1
371.7046 	EXP 	window1: recordFrameIntervals = False
371.7123 	INFO 	Mouse: using default window
373.0386 	DATA 	Keypress: g
373.5602 	DATA 	Keypress: e
373.7170 	EXP 	New trial (rep=2, index=8): {'leftStreamFlip': False, 'oneTarget': False, 'trialInstructionPos': (0, -1), 'probe': 'both', 'rightStreamFlip': False, 'horizVert': True, 'ISIframes': 2, 'rightResponseFirst': True}
373.7360 	INFO 	numtrials=360 and this trialDurFrames=3 or 50.0 ms  task=T1
374.8721 	EXP 	window1: recordFrameIntervals = False
374.8864 	INFO 	Mouse: using default window
376.4412 	DATA 	Keypress: u
377.0229 	DATA 	Keypress: j
377.1670 	EXP 	New trial (rep=2, index=9): {'leftStreamFlip': False, 'oneTarget': False, 'trialInstructionPos': (0, 1), 'probe': 'both', 'rightStreamFlip': False, 'horizVert': True, 'ISIframes': 2, 'rightResponseFirst': True}
377.1861 	INFO 	numtrials=360 and this trialDurFrames=3 or 50.0 ms  task=T1
378.1546 	EXP 	window1: recordFrameIntervals = False
378.1628 	INFO 	Mouse: using default window
379.8228 	DATA 	Keypress: k
380.5234 	DATA 	Keypress: e
380.6712 	EXP 	New trial (rep=2, index=10): {'leftStreamFlip': False, 'oneTarget': False, 'trialInstructionPos': (0, 1), 'probe': 'both', 'rightStreamFlip': False, 'horizVert': True, 'ISIframes': 2, 'rightResponseFirst': True}
380.6861 	INFO 	numtrials=360 and this trialDurFrames=3 or 50.0 ms  task=T1
381.7396 	EXP 	window1: recordFrameIntervals = False
381.7521 	INFO 	Mouse: using default window
383.5558 	DATA 	Keypress: k
383.8888 	DATA 	Keypress: j
384.0351 	EXP 	New trial (rep=2, index=11): {'leftStreamFlip': False, 'oneTarget': True, 'trialInstructionPos': (0, -1), 'probe': 'both', 'rightStreamFlip': False, 'horizVert': True, 'ISIframes': 2, 'rightResponseFirst': False}
384.0528 	INFO 	numtrials=360 and this trialDurFrames=3 or 50.0 ms  task=T1
385.1385 	EXP 	window1: recordFrameIntervals = False
385.1482 	INFO 	Mouse: using default window
386.5058 	DATA 	Keypress: j
386.6543 	EXP 	New trial (rep=3, index=0): {'leftStreamFlip': False, 'oneTarget': False, 'trialInstructionPos': (0, 1), 'probe': 'both', 'rightStreamFlip': False, 'horizVert': True, 'ISIframes': 2, 'rightResponseFirst': False}
386.6697 	INFO 	numtrials=360 and this trialDurFrames=3 or 50.0 ms  task=T1
387.7700 	EXP 	window1: recordFrameIntervals = False
387.7770 	INFO 	Mouse: using default window
389.7391 	DATA 	Keypress: t
390.5562 	DATA 	Keypress: j
390.7022 	EXP 	New trial (rep=3, index=1): {'leftStreamFlip': False, 'oneTarget': False, 'trialInstructionPos': (0, 1), 'probe': 'both', 'rightStreamFlip': False, 'horizVert': True, 'ISIframes': 2, 'rightResponseFirst': False}
390.7226 	INFO 	numtrials=360 and this trialDurFrames=3 or 50.0 ms  task=T1
391.7052 	EXP 	window1: recordFrameIntervals = False
391.7138 	INFO 	Mouse: using default window
393.0399 	DATA 	Keypress: y
394.0081 	DATA 	Keypress: u
394.1650 	EXP 	New trial (rep=3, index=2): {'leftStreamFlip': False, 'oneTarget': True, 'trialInstructionPos': (0, -1), 'probe': 'both', 'rightStreamFlip': False, 'horizVert': True, 'ISIframes': 2, 'rightResponseFirst': True}
394.1862 	INFO 	numtrials=360 and this trialDurFrames=3 or 50.0 ms  task=T1
395.3727 	EXP 	window1: recordFrameIntervals = False
395.3909 	INFO 	Mouse: using default window
397.6733 	DATA 	Keypress: w
397.8184 	EXP 	New trial (rep=3, index=3): {'leftStreamFlip': False, 'oneTarget': True, 'trialInstructionPos': (0, -1), 'probe': 'both', 'rightStreamFlip': False, 'horizVert': True, 'ISIframes': 2, 'rightResponseFirst': False}
397.8362 	INFO 	numtrials=360 and this trialDurFrames=3 or 50.0 ms  task=T1
398.9397 	EXP 	window1: recordFrameIntervals = False
398.9596 	INFO 	Mouse: using default window
400.8059 	DATA 	Keypress: t
400.9515 	EXP 	New trial (rep=3, index=4): {'leftStreamFlip': False, 'oneTarget': False, 'trialInstructionPos': (0, -1), 'probe': 'both', 'rightStreamFlip': False, 'horizVert': True, 'ISIframes': 2, 'rightResponseFirst': True}
400.9693 	INFO 	numtrials=360 and this trialDurFrames=3 or 50.0 ms  task=T1
402.1541 	EXP 	window1: recordFrameIntervals = False
402.1617 	INFO 	Mouse: using default window
404.1050 	DATA 	Keypress: y
404.4086 	DATA 	Keypress: m
404.5678 	EXP 	New trial (rep=3, index=5): {'leftStreamFlip': False, 'oneTarget': True, 'trialInstructionPos': (0, 1), 'probe': 'both', 'rightStreamFlip': False, 'horizVert': True, 'ISIframes': 2, 'rightResponseFirst': False}
404.5862 	INFO 	numtrials=360 and this trialDurFrames=3 or 50.0 ms  task=T1
405.5555 	EXP 	window1: recordFrameIntervals = False
405.5679 	INFO 	Mouse: using default window
406.8417 	DATA 	Keypress: m
406.9988 	EXP 	New trial (rep=3, index=6): {'leftStreamFlip': False, 'oneTarget': True, 'trialInstructionPos': (0, 1), 'probe': 'both', 'rightStreamFlip': False, 'horizVert': True, 'ISIframes': 2, 'rightResponseFirst': True}
407.0197 	INFO 	numtrials=360 and this trialDurFrames=3 or 50.0 ms  task=T1
408.0897 	EXP 	window1: recordFrameIntervals = False
408.1008 	INFO 	Mouse: using default window
410.0253 	DATA 	Keypress: w
410.1787 	EXP 	New trial (rep=3, index=7): {'leftStreamFlip': False, 'oneTarget': False, 'trialInstructionPos': (0, -1), 'probe': 'both', 'rightStreamFlip': False, 'horizVert': True, 'ISIframes': 2, 'rightResponseFirst': False}
410.2028 	INFO 	numtrials=360 and this trialDurFrames=3 or 50.0 ms  task=T1
411.4045 	EXP 	window1: recordFrameIntervals = False
411.4128 	INFO 	Mouse: using default window
412.9235 	DATA 	Keypress: u
413.8064 	DATA 	Keypress: c
413.9514 	EXP 	New trial (rep=3, index=8): {'leftStreamFlip': False, 'oneTarget': False, 'trialInstructionPos': (0, 1), 'probe': 'both', 'rightStreamFlip': False, 'horizVert': True, 'ISIframes': 2, 'rightResponseFirst': True}
413.9697 	INFO 	numtrials=360 and this trialDurFrames=3 or 50.0 ms  task=T1
414.9886 	EXP 	window1: recordFrameIntervals = False
414.9967 	INFO 	Mouse: using default window
419.6391 	DATA 	Keypress: y
419.9064 	DATA 	Keypress: r
420.0440 	EXP 	New trial (rep=3, index=9): {'leftStreamFlip': False, 'oneTarget': False, 'trialInstructionPos': (0, -1), 'probe': 'both', 'rightStreamFlip': False, 'horizVert': True, 'ISIframes': 2, 'rightResponseFirst': False}
420.0735 	INFO 	numtrials=360 and this trialDurFrames=3 or 50.0 ms  task=T1
421.1719 	EXP 	window1: recordFrameIntervals = False
421.1798 	INFO 	Mouse: using default window
422.5889 	DATA 	Keypress: h
422.8568 	DATA 	Keypress: e
423.0159 	EXP 	New trial (rep=3, index=10): {'leftStreamFlip': False, 'oneTarget': False, 'trialInstructionPos': (0, 1), 'probe': 'both', 'rightStreamFlip': False, 'horizVert': True, 'ISIframes': 2, 'rightResponseFirst': True}
423.0362 	INFO 	numtrials=360 and this trialDurFrames=3 or 50.0 ms  task=T1
424.1542 	EXP 	window1: recordFrameIntervals = False
424.1626 	INFO 	Mouse: using default window
426.0582 	DATA 	Keypress: j
426.2895 	DATA 	Keypress: h
426.4352 	EXP 	New trial (rep=3, index=11): {'leftStreamFlip': False, 'oneTarget': False, 'trialInstructionPos': (0, -1), 'probe': 'both', 'rightStreamFlip': False, 'horizVert': True, 'ISIframes': 2, 'rightResponseFirst': True}
426.4528 	INFO 	numtrials=360 and this trialDurFrames=3 or 50.0 ms  task=T1
427.6391 	EXP 	window1: recordFrameIntervals = False
427.6492 	INFO 	Mouse: using default window
429.1065 	DATA 	Keypress: t
429.7233 	DATA 	Keypress: h
429.8716 	EXP 	New trial (rep=4, index=0): {'leftStreamFlip': False, 'oneTarget': True, 'trialInstructionPos': (0, 1), 'probe': 'both', 'rightStreamFlip': False, 'horizVert': True, 'ISIframes': 2, 'rightResponseFirst': True}
429.8863 	INFO 	numtrials=360 and this trialDurFrames=3 or 50.0 ms  task=T1
431.0051 	EXP 	window1: recordFrameIntervals = False
431.0139 	INFO 	Mouse: using default window
432.4730 	DATA 	Keypress: m
432.6232 	EXP 	New trial (rep=4, index=1): {'leftStreamFlip': False, 'oneTarget': True, 'trialInstructionPos': (0, -1), 'probe': 'both', 'rightStreamFlip': False, 'horizVert': True, 'ISIframes': 2, 'rightResponseFirst': True}
432.6360 	INFO 	numtrials=360 and this trialDurFrames=3 or 50.0 ms  task=T1
433.7219 	EXP 	window1: recordFrameIntervals = False
433.7369 	INFO 	Mouse: using default window
435.0729 	DATA 	Keypress: w
435.2159 	EXP 	New trial (rep=4, index=2): {'leftStreamFlip': False, 'oneTarget': False, 'trialInstructionPos': (0, 1), 'probe': 'both', 'rightStreamFlip': False, 'horizVert': True, 'ISIframes': 2, 'rightResponseFirst': False}
435.2362 	INFO 	numtrials=360 and this trialDurFrames=3 or 50.0 ms  task=T1
436.2375 	EXP 	window1: recordFrameIntervals = False
436.2457 	INFO 	Mouse: using default window
438.7559 	DATA 	Keypress: s
439.0730 	DATA 	Keypress: j
439.2191 	EXP 	New trial (rep=4, index=3): {'leftStreamFlip': False, 'oneTarget': True, 'trialInstructionPos': (0, 1), 'probe': 'both', 'rightStreamFlip': False, 'horizVert': True, 'ISIframes': 2, 'rightResponseFirst': False}
439.2364 	INFO 	numtrials=360 and this trialDurFrames=3 or 50.0 ms  task=T1
440.3061 	EXP 	window1: recordFrameIntervals = False
440.3192 	INFO 	Mouse: using default window
441.3892 	DATA 	Keypress: t
441.5314 	EXP 	New trial (rep=4, index=4): {'leftStreamFlip': False, 'oneTarget': True, 'trialInstructionPos': (0, -1), 'probe': 'both', 'rightStreamFlip': False, 'horizVert': True, 'ISIframes': 2, 'rightResponseFirst': False}
441.5528 	INFO 	numtrials=360 and this trialDurFrames=3 or 50.0 ms  task=T1
442.5392 	EXP 	window1: recordFrameIntervals = False
442.5484 	INFO 	Mouse: using default window
443.3733 	DATA 	Keypress: s
443.5164 	EXP 	New trial (rep=4, index=5): {'leftStreamFlip': False, 'oneTarget': False, 'trialInstructionPos': (0, 1), 'probe': 'both', 'rightStreamFlip': False, 'horizVert': True, 'ISIframes': 2, 'rightResponseFirst': True}
443.5368 	INFO 	numtrials=360 and this trialDurFrames=3 or 50.0 ms  task=T1
444.6886 	EXP 	window1: recordFrameIntervals = False
444.6978 	INFO 	Mouse: using default window
446.4264 	DATA 	Keypress: m
446.6553 	DATA 	Keypress: z
446.8013 	EXP 	New trial (rep=4, index=6): {'leftStreamFlip': False, 'oneTarget': False, 'trialInstructionPos': (0, 1), 'probe': 'both', 'rightStreamFlip': False, 'horizVert': True, 'ISIframes': 2, 'rightResponseFirst': True}
446.8195 	INFO 	numtrials=360 and this trialDurFrames=3 or 50.0 ms  task=T1
447.8393 	EXP 	window1: recordFrameIntervals = False
447.8562 	INFO 	Mouse: using default window
448.8054 	DATA 	Keypress: m
449.2569 	DATA 	Keypress: z
449.4169 	EXP 	New trial (rep=4, index=7): {'leftStreamFlip': False, 'oneTarget': False, 'trialInstructionPos': (0, -1), 'probe': 'both', 'rightStreamFlip': False, 'horizVert': True, 'ISIframes': 2, 'rightResponseFirst': True}
449.4361 	INFO 	numtrials=360 and this trialDurFrames=3 or 50.0 ms  task=T1
450.6064 	EXP 	window1: recordFrameIntervals = False
450.6145 	INFO 	Mouse: using default window
452.0889 	DATA 	Keypress: u
452.2724 	DATA 	Keypress: z
452.4109 	EXP 	New trial (rep=4, index=8): {'leftStreamFlip': False, 'oneTarget': False, 'trialInstructionPos': (0, -1), 'probe': 'both', 'rightStreamFlip': False, 'horizVert': True, 'ISIframes': 2, 'rightResponseFirst': False}
452.4392 	INFO 	numtrials=360 and this trialDurFrames=3 or 50.0 ms  task=T1
453.4545 	EXP 	window1: recordFrameIntervals = False
453.4630 	INFO 	Mouse: using default window
454.3884 	DATA 	Keypress: e
454.6064 	DATA 	Keypress: t
454.7465 	EXP 	New trial (rep=4, index=9): {'leftStreamFlip': False, 'oneTarget': False, 'trialInstructionPos': (0, -1), 'probe': 'both', 'rightStreamFlip': False, 'horizVert': True, 'ISIframes': 2, 'rightResponseFirst': True}
454.7691 	INFO 	numtrials=360 and this trialDurFrames=3 or 50.0 ms  task=T1
455.8376 	EXP 	window1: recordFrameIntervals = False
455.8456 	INFO 	Mouse: using default window
457.6734 	DATA 	Keypress: m
458.1384 	DATA 	Keypress: w
458.2787 	EXP 	New trial (rep=4, index=10): {'leftStreamFlip': False, 'oneTarget': False, 'trialInstructionPos': (0, -1), 'probe': 'both', 'rightStreamFlip': False, 'horizVert': True, 'ISIframes': 2, 'rightResponseFirst': False}
458.3028 	INFO 	numtrials=360 and this trialDurFrames=3 or 50.0 ms  task=T1
459.3375 	EXP 	window1: recordFrameIntervals = False
459.3451 	INFO 	Mouse: using default window
461.0707 	DATA 	Keypress: t
461.2883 	DATA 	Keypress: e
461.4234 	EXP 	New trial (rep=4, index=11): {'leftStreamFlip': False, 'oneTarget': False, 'trialInstructionPos': (0, 1), 'probe': 'both', 'rightStreamFlip': False, 'horizVert': True, 'ISIframes': 2, 'rightResponseFirst': False}
461.4356 	INFO 	numtrials=360 and this trialDurFrames=3 or 50.0 ms  task=T1
462.6041 	EXP 	window1: recordFrameIntervals = False
462.6107 	INFO 	Mouse: using default window
463.9226 	DATA 	Keypress: w
464.1385 	DATA 	Keypress: y
464.2808 	EXP 	New trial (rep=5, index=0): {'leftStreamFlip': False, 'oneTarget': False, 'trialInstructionPos': (0, 1), 'probe': 'both', 'rightStreamFlip': False, 'horizVert': True, 'ISIframes': 2, 'rightResponseFirst': True}
464.3027 	INFO 	numtrials=360 and this trialDurFrames=3 or 50.0 ms  task=T1
465.4710 	EXP 	window1: recordFrameIntervals = False
465.4799 	INFO 	Mouse: using default window
467.1564 	DATA 	Keypress: f
467.6887 	DATA 	Keypress: j
467.8266 	EXP 	New trial (rep=5, index=1): {'leftStreamFlip': False, 'oneTarget': False, 'trialInstructionPos': (0, -1), 'probe': 'both', 'rightStreamFlip': False, 'horizVert': True, 'ISIframes': 2, 'rightResponseFirst': True}
467.8525 	INFO 	numtrials=360 and this trialDurFrames=3 or 50.0 ms  task=T1
468.8878 	EXP 	window1: recordFrameIntervals = False
468.8962 	INFO 	Mouse: using default window
470.6218 	DATA 	Keypress: e
470.8064 	DATA 	Keypress: h
470.9483 	EXP 	New trial (rep=5, index=2): {'leftStreamFlip': False, 'oneTarget': True, 'trialInstructionPos': (0, -1), 'probe': 'both', 'rightStreamFlip': False, 'horizVert': True, 'ISIframes': 2, 'rightResponseFirst': False}
470.9697 	INFO 	numtrials=360 and this trialDurFrames=3 or 50.0 ms  task=T1
472.1051 	EXP 	window1: recordFrameIntervals = False
472.1118 	INFO 	Mouse: using default window
473.1389 	DATA 	Keypress: h
473.2819 	EXP 	New trial (rep=5, index=3): {'leftStreamFlip': False, 'oneTarget': True, 'trialInstructionPos': (0, 1), 'probe': 'both', 'rightStreamFlip': False, 'horizVert': True, 'ISIframes': 2, 'rightResponseFirst': True}
473.3033 	INFO 	numtrials=360 and this trialDurFrames=3 or 50.0 ms  task=T1
474.4234 	EXP 	window1: recordFrameIntervals = False
474.4329 	INFO 	Mouse: using default window
476.0076 	DATA 	Keypress: t
476.1645 	EXP 	New trial (rep=5, index=4): {'leftStreamFlip': False, 'oneTarget': False, 'trialInstructionPos': (0, -1), 'probe': 'both', 'rightStreamFlip': False, 'horizVert': True, 'ISIframes': 2, 'rightResponseFirst': False}
476.1861 	INFO 	numtrials=360 and this trialDurFrames=3 or 50.0 ms  task=T1
477.2058 	EXP 	window1: recordFrameIntervals = False
477.2230 	INFO 	Mouse: using default window
478.9225 	DATA 	Keypress: k
479.1883 	DATA 	Keypress: y
479.3361 	EXP 	New trial (rep=5, index=5): {'leftStreamFlip': False, 'oneTarget': False, 'trialInstructionPos': (0, 1), 'probe': 'both', 'rightStreamFlip': False, 'horizVert': True, 'ISIframes': 2, 'rightResponseFirst': False}
479.3530 	INFO 	numtrials=360 and this trialDurFrames=3 or 50.0 ms  task=T1
480.4556 	EXP 	window1: recordFrameIntervals = False
480.4654 	INFO 	Mouse: using default window
482.6727 	DATA 	Keypress: j
482.8580 	DATA 	Keypress: h
483.0143 	EXP 	New trial (rep=5, index=6): {'leftStreamFlip': False, 'oneTarget': False, 'trialInstructionPos': (0, 1), 'probe': 'both', 'rightStreamFlip': False, 'horizVert': True, 'ISIframes': 2, 'rightResponseFirst': True}
483.0364 	INFO 	numtrials=360 and this trialDurFrames=3 or 50.0 ms  task=T1
484.1549 	EXP 	window1: recordFrameIntervals = False
484.1638 	INFO 	Mouse: using default window
485.9219 	DATA 	Keypress: m
486.1389 	DATA 	Keypress: u
486.2891 	EXP 	New trial (rep=5, index=7): {'leftStreamFlip': False, 'oneTarget': True, 'trialInstructionPos': (0, -1), 'probe': 'both', 'rightStreamFlip': False, 'horizVert': True, 'ISIframes': 2, 'rightResponseFirst': True}
486.3029 	INFO 	numtrials=360 and this trialDurFrames=3 or 50.0 ms  task=T1
487.2727 	EXP 	window1: recordFrameIntervals = False
487.2826 	INFO 	Mouse: using default window
488.2559 	DATA 	Keypress: g
488.3985 	EXP 	New trial (rep=5, index=8): {'leftStreamFlip': False, 'oneTarget': True, 'trialInstructionPos': (0, 1), 'probe': 'both', 'rightStreamFlip': False, 'horizVert': True, 'ISIframes': 2, 'rightResponseFirst': False}
488.4194 	INFO 	numtrials=360 and this trialDurFrames=3 or 50.0 ms  task=T1
489.6061 	EXP 	window1: recordFrameIntervals = False
489.6151 	INFO 	Mouse: using default window
490.7381 	DATA 	Keypress: j
490.8898 	EXP 	New trial (rep=5, index=9): {'leftStreamFlip': False, 'oneTarget': False, 'trialInstructionPos': (0, -1), 'probe': 'both', 'rightStreamFlip': False, 'horizVert': True, 'ISIframes': 2, 'rightResponseFirst': False}
490.9031 	INFO 	numtrials=360 and this trialDurFrames=3 or 50.0 ms  task=T1
492.0714 	EXP 	window1: recordFrameIntervals = False
492.0802 	INFO 	Mouse: using default window
493.7560 	DATA 	Keypress: g
493.9887 	DATA 	Keypress: r
494.1393 	EXP 	New trial (rep=5, index=10): {'leftStreamFlip': False, 'oneTarget': False, 'trialInstructionPos': (0, -1), 'probe': 'both', 'rightStreamFlip': False, 'horizVert': True, 'ISIframes': 2, 'rightResponseFirst': True}
494.1530 	INFO 	numtrials=360 and this trialDurFrames=3 or 50.0 ms  task=T1
495.3543 	EXP 	window1: recordFrameIntervals = False
495.3620 	INFO 	Mouse: using default window
497.2085 	DATA 	Keypress: f
497.9565 	DATA 	Keypress: k
498.1005 	EXP 	New trial (rep=5, index=11): {'leftStreamFlip': False, 'oneTarget': False, 'trialInstructionPos': (0, 1), 'probe': 'both', 'rightStreamFlip': False, 'horizVert': True, 'ISIframes': 2, 'rightResponseFirst': False}
498.1196 	INFO 	numtrials=360 and this trialDurFrames=3 or 50.0 ms  task=T1
499.2227 	EXP 	window1: recordFrameIntervals = False
499.2404 	INFO 	Mouse: using default window
501.3059 	DATA 	Keypress: y
501.6091 	DATA 	Keypress: c
501.7691 	EXP 	New trial (rep=6, index=0): {'leftStreamFlip': False, 'oneTarget': True, 'trialInstructionPos': (0, 1), 'probe': 'both', 'rightStreamFlip': False, 'horizVert': True, 'ISIframes': 2, 'rightResponseFirst': False}
501.7869 	INFO 	numtrials=360 and this trialDurFrames=3 or 50.0 ms  task=T1
502.8562 	EXP 	window1: recordFrameIntervals = False
502.8734 	INFO 	Mouse: using default window
503.6902 	DATA 	Keypress: t
503.8300 	EXP 	New trial (rep=6, index=1): {'leftStreamFlip': False, 'oneTarget': False, 'trialInstructionPos': (0, -1), 'probe': 'both', 'rightStreamFlip': False, 'horizVert': True, 'ISIframes': 2, 'rightResponseFirst': True}
503.8529 	INFO 	numtrials=360 and this trialDurFrames=3 or 50.0 ms  task=T1
504.9545 	EXP 	window1: recordFrameIntervals = False
504.9634 	INFO 	Mouse: using default window
507.3222 	DATA 	Keypress: k
507.4221 	DATA 	Keypress: t
507.5681 	EXP 	New trial (rep=6, index=2): {'leftStreamFlip': False, 'oneTarget': False, 'trialInstructionPos': (0, 1), 'probe': 'both', 'rightStreamFlip': False, 'horizVert': True, 'ISIframes': 2, 'rightResponseFirst': True}
507.5862 	INFO 	numtrials=360 and this trialDurFrames=3 or 50.0 ms  task=T1
508.6380 	EXP 	window1: recordFrameIntervals = False
508.6461 	INFO 	Mouse: using default window
510.5402 	DATA 	Keypress: y
511.0240 	DATA 	Keypress: x
511.1648 	EXP 	New trial (rep=6, index=3): {'leftStreamFlip': False, 'oneTarget': True, 'trialInstructionPos': (0, -1), 'probe': 'both', 'rightStreamFlip': False, 'horizVert': True, 'ISIframes': 2, 'rightResponseFirst': True}
511.1899 	INFO 	numtrials=360 and this trialDurFrames=3 or 50.0 ms  task=T1
512.1717 	EXP 	window1: recordFrameIntervals = False
512.1794 	INFO 	Mouse: using default window
513.3228 	DATA 	Keypress: m
513.4636 	EXP 	New trial (rep=6, index=4): {'leftStreamFlip': False, 'oneTarget': True, 'trialInstructionPos': (0, 1), 'probe': 'both', 'rightStreamFlip': False, 'horizVert': True, 'ISIframes': 2, 'rightResponseFirst': True}
513.4863 	INFO 	numtrials=360 and this trialDurFrames=3 or 50.0 ms  task=T1
514.4712 	EXP 	window1: recordFrameIntervals = False
514.4783 	INFO 	Mouse: using default window
515.3390 	DATA 	Keypress: c
515.4796 	EXP 	New trial (rep=6, index=5): {'leftStreamFlip': False, 'oneTarget': False, 'trialInstructionPos': (0, -1), 'probe': 'both', 'rightStreamFlip': False, 'horizVert': True, 'ISIframes': 2, 'rightResponseFirst': False}
515.5061 	INFO 	numtrials=360 and this trialDurFrames=3 or 50.0 ms  task=T1
516.7216 	EXP 	window1: recordFrameIntervals = False
516.7302 	INFO 	Mouse: using default window
520.3058 	DATA 	Keypress: k
520.5561 	DATA 	Keypress: g
520.6990 	EXP 	New trial (rep=6, index=6): {'leftStreamFlip': False, 'oneTarget': False, 'trialInstructionPos': (0, -1), 'probe': 'both', 'rightStreamFlip': False, 'horizVert': True, 'ISIframes': 2, 'rightResponseFirst': True}
520.7198 	INFO 	numtrials=360 and this trialDurFrames=3 or 50.0 ms  task=T1
521.8726 	EXP 	window1: recordFrameIntervals = False
521.8874 	INFO 	Mouse: using default window
523.2412 	DATA 	Keypress: y
523.4901 	DATA 	Keypress: n
523.6320 	EXP 	New trial (rep=6, index=7): {'leftStreamFlip': False, 'oneTarget': False, 'trialInstructionPos': (0, 1), 'probe': 'both', 'rightStreamFlip': False, 'horizVert': True, 'ISIframes': 2, 'rightResponseFirst': False}
523.6530 	INFO 	numtrials=360 and this trialDurFrames=3 or 50.0 ms  task=T1
524.6882 	EXP 	window1: recordFrameIntervals = False
524.6963 	INFO 	Mouse: using default window
526.7604 	DATA 	Keypress: g
526.8734 	DATA 	Keypress: f
527.0324 	EXP 	New trial (rep=6, index=8): {'leftStreamFlip': False, 'oneTarget': False, 'trialInstructionPos': (0, -1), 'probe': 'both', 'rightStreamFlip': False, 'horizVert': True, 'ISIframes': 2, 'rightResponseFirst': False}
527.0534 	INFO 	numtrials=360 and this trialDurFrames=3 or 50.0 ms  task=T1
528.0384 	EXP 	window1: recordFrameIntervals = False
528.0469 	INFO 	Mouse: using default window
529.6236 	DATA 	Keypress: t
530.1065 	DATA 	Keypress: s
530.2520 	EXP 	New trial (rep=6, index=9): {'leftStreamFlip': False, 'oneTarget': False, 'trialInstructionPos': (0, 1), 'probe': 'both', 'rightStreamFlip': False, 'horizVert': True, 'ISIframes': 2, 'rightResponseFirst': True}
530.2696 	INFO 	numtrials=360 and this trialDurFrames=3 or 50.0 ms  task=T1
531.3212 	EXP 	window1: recordFrameIntervals = False
531.3291 	INFO 	Mouse: using default window
533.0544 	DATA 	Keypress: f
533.1552 	DATA 	Keypress: g
533.3023 	EXP 	New trial (rep=6, index=10): {'leftStreamFlip': False, 'oneTarget': False, 'trialInstructionPos': (0, 1), 'probe': 'both', 'rightStreamFlip': False, 'horizVert': True, 'ISIframes': 2, 'rightResponseFirst': False}
533.3197 	INFO 	numtrials=360 and this trialDurFrames=3 or 50.0 ms  task=T1
534.2888 	EXP 	window1: recordFrameIntervals = False
534.3042 	INFO 	Mouse: using default window
535.5725 	DATA 	Keypress: t
535.8552 	DATA 	Keypress: u
535.9947 	EXP 	New trial (rep=6, index=11): {'leftStreamFlip': False, 'oneTarget': True, 'trialInstructionPos': (0, -1), 'probe': 'both', 'rightStreamFlip': False, 'horizVert': True, 'ISIframes': 2, 'rightResponseFirst': False}
536.0199 	INFO 	numtrials=360 and this trialDurFrames=3 or 50.0 ms  task=T1
537.1231 	EXP 	window1: recordFrameIntervals = False
537.1422 	INFO 	Mouse: using default window
539.0223 	DATA 	Keypress: h
539.1667 	EXP 	New trial (rep=7, index=0): {'leftStreamFlip': False, 'oneTarget': False, 'trialInstructionPos': (0, -1), 'probe': 'both', 'rightStreamFlip': False, 'horizVert': True, 'ISIframes': 2, 'rightResponseFirst': True}
539.1861 	INFO 	numtrials=360 and this trialDurFrames=3 or 50.0 ms  task=T1
540.2383 	EXP 	window1: recordFrameIntervals = False
540.2508 	INFO 	Mouse: using default window
541.9565 	DATA 	Keypress: k
542.1898 	DATA 	Keypress: c
542.3374 	EXP 	New trial (rep=7, index=1): {'leftStreamFlip': False, 'oneTarget': False, 'trialInstructionPos': (0, -1), 'probe': 'both', 'rightStreamFlip': False, 'horizVert': True, 'ISIframes': 2, 'rightResponseFirst': False}
542.3531 	INFO 	numtrials=360 and this trialDurFrames=3 or 50.0 ms  task=T1
543.5381 	EXP 	window1: recordFrameIntervals = False
543.5462 	INFO 	Mouse: using default window
546.3735 	DATA 	Keypress: z
546.4405 	DATA 	Keypress: g
546.6018 	EXP 	New trial (rep=7, index=2): {'leftStreamFlip': False, 'oneTarget': False, 'trialInstructionPos': (0, 1), 'probe': 'both', 'rightStreamFlip': False, 'horizVert': True, 'ISIframes': 2, 'rightResponseFirst': False}
546.6197 	INFO 	numtrials=360 and this trialDurFrames=3 or 50.0 ms  task=T1
547.6382 	EXP 	window1: recordFrameIntervals = False
547.6459 	INFO 	Mouse: using default window
549.3409 	DATA 	Keypress: k
549.4213 	DATA 	Keypress: a
549.5659 	EXP 	New trial (rep=7, index=3): {'leftStreamFlip': False, 'oneTarget': False, 'trialInstructionPos': (0, 1), 'probe': 'both', 'rightStreamFlip': False, 'horizVert': True, 'ISIframes': 2, 'rightResponseFirst': False}
549.5863 	INFO 	numtrials=360 and this trialDurFrames=3 or 50.0 ms  task=T1
550.5887 	EXP 	window1: recordFrameIntervals = False
550.5982 	INFO 	Mouse: using default window
552.5226 	DATA 	Keypress: y
552.6059 	DATA 	Keypress: t
552.7511 	EXP 	New trial (rep=7, index=4): {'leftStreamFlip': False, 'oneTarget': False, 'trialInstructionPos': (0, 1), 'probe': 'both', 'rightStreamFlip': False, 'horizVert': True, 'ISIframes': 2, 'rightResponseFirst': True}
552.7697 	INFO 	numtrials=360 and this trialDurFrames=3 or 50.0 ms  task=T1
553.8061 	EXP 	window1: recordFrameIntervals = False
553.8226 	INFO 	Mouse: using default window
555.0902 	DATA 	Keypress: n
555.3225 	DATA 	Keypress: y
555.4728 	EXP 	New trial (rep=7, index=5): {'leftStreamFlip': False, 'oneTarget': False, 'trialInstructionPos': (0, 1), 'probe': 'both', 'rightStreamFlip': False, 'horizVert': True, 'ISIframes': 2, 'rightResponseFirst': True}
555.4860 	INFO 	numtrials=360 and this trialDurFrames=3 or 50.0 ms  task=T1
556.6885 	EXP 	window1: recordFrameIntervals = False
556.6982 	INFO 	Mouse: using default window
558.2066 	DATA 	Keypress: g
558.3231 	DATA 	Keypress: y
558.4605 	EXP 	New trial (rep=7, index=6): {'leftStreamFlip': False, 'oneTarget': True, 'trialInstructionPos': (0, -1), 'probe': 'both', 'rightStreamFlip': False, 'horizVert': True, 'ISIframes': 2, 'rightResponseFirst': True}
558.4861 	INFO 	numtrials=360 and this trialDurFrames=3 or 50.0 ms  task=T1
559.5056 	EXP 	window1: recordFrameIntervals = False
559.5134 	INFO 	Mouse: using default window
561.2249 	DATA 	Keypress: d
561.3834 	EXP 	New trial (rep=7, index=7): {'leftStreamFlip': False, 'oneTarget': True, 'trialInstructionPos': (0, 1), 'probe': 'both', 'rightStreamFlip': False, 'horizVert': True, 'ISIframes': 2, 'rightResponseFirst': True}
561.4030 	INFO 	numtrials=360 and this trialDurFrames=3 or 50.0 ms  task=T1
562.3896 	EXP 	window1: recordFrameIntervals = False
562.3986 	INFO 	Mouse: using default window
563.1562 	DATA 	Keypress: m
563.3009 	EXP 	New trial (rep=7, index=8): {'leftStreamFlip': False, 'oneTarget': True, 'trialInstructionPos': (0, 1), 'probe': 'both', 'rightStreamFlip': False, 'horizVert': True, 'ISIframes': 2, 'rightResponseFirst': False}
563.3198 	INFO 	numtrials=360 and this trialDurFrames=3 or 50.0 ms  task=T1
564.4716 	EXP 	window1: recordFrameIntervals = False
564.4793 	INFO 	Mouse: using default window
565.7059 	DATA 	Keypress: a
565.8514 	EXP 	New trial (rep=7, index=9): {'leftStreamFlip': False, 'oneTarget': True, 'trialInstructionPos': (0, -1), 'probe': 'both', 'rightStreamFlip': False, 'horizVert': True, 'ISIframes': 2, 'rightResponseFirst': False}
565.8698 	INFO 	numtrials=360 and this trialDurFrames=3 or 50.0 ms  task=T1
566.9211 	EXP 	window1: recordFrameIntervals = False
566.9293 	INFO 	Mouse: using default window
568.4053 	DATA 	Keypress: g
568.5512 	EXP 	New trial (rep=7, index=10): {'leftStreamFlip': False, 'oneTarget': False, 'trialInstructionPos': (0, -1), 'probe': 'both', 'rightStreamFlip': False, 'horizVert': True, 'ISIframes': 2, 'rightResponseFirst': True}
568.5698 	INFO 	numtrials=360 and this trialDurFrames=3 or 50.0 ms  task=T1
569.7211 	EXP 	window1: recordFrameIntervals = False
569.7283 	INFO 	Mouse: using default window
571.3558 	DATA 	Keypress: n
571.6255 	DATA 	Keypress: f
571.7812 	EXP 	New trial (rep=7, index=11): {'leftStreamFlip': False, 'oneTarget': False, 'trialInstructionPos': (0, -1), 'probe': 'both', 'rightStreamFlip': False, 'horizVert': True, 'ISIframes': 2, 'rightResponseFirst': False}
571.8031 	INFO 	numtrials=360 and this trialDurFrames=3 or 50.0 ms  task=T1
572.9220 	EXP 	window1: recordFrameIntervals = False
572.9332 	INFO 	Mouse: using default window
574.0087 	DATA 	Keypress: a
574.2742 	DATA 	Keypress: c
574.4171 	EXP 	New trial (rep=8, index=0): {'leftStreamFlip': False, 'oneTarget': True, 'trialInstructionPos': (0, -1), 'probe': 'both', 'rightStreamFlip': False, 'horizVert': True, 'ISIframes': 2, 'rightResponseFirst': True}
574.4362 	INFO 	numtrials=360 and this trialDurFrames=3 or 50.0 ms  task=T1
575.4399 	EXP 	window1: recordFrameIntervals = False
575.4532 	INFO 	Mouse: using default window
576.4077 	DATA 	Keypress: a
576.5659 	EXP 	New trial (rep=8, index=1): {'leftStreamFlip': False, 'oneTarget': True, 'trialInstructionPos': (0, 1), 'probe': 'both', 'rightStreamFlip': False, 'horizVert': True, 'ISIframes': 2, 'rightResponseFirst': False}
576.5868 	INFO 	numtrials=360 and this trialDurFrames=3 or 50.0 ms  task=T1
577.7558 	EXP 	window1: recordFrameIntervals = False
577.7690 	INFO 	Mouse: using default window
578.7555 	DATA 	Keypress: z
578.8988 	EXP 	New trial (rep=8, index=2): {'leftStreamFlip': False, 'oneTarget': False, 'trialInstructionPos': (0, 1), 'probe': 'both', 'rightStreamFlip': False, 'horizVert': True, 'ISIframes': 2, 'rightResponseFirst': False}
578.9198 	INFO 	numtrials=360 and this trialDurFrames=3 or 50.0 ms  task=T1
579.9554 	EXP 	window1: recordFrameIntervals = False
579.9627 	INFO 	Mouse: using default window
581.7908 	DATA 	Keypress: a
582.0895 	DATA 	Keypress: f
582.2339 	EXP 	New trial (rep=8, index=3): {'leftStreamFlip': False, 'oneTarget': False, 'trialInstructionPos': (0, 1), 'probe': 'both', 'rightStreamFlip': False, 'horizVert': True, 'ISIframes': 2, 'rightResponseFirst': False}
582.2533 	INFO 	numtrials=360 and this trialDurFrames=3 or 50.0 ms  task=T1
583.3889 	EXP 	window1: recordFrameIntervals = False
583.3976 	INFO 	Mouse: using default window
584.7233 	DATA 	Keypress: i
584.8886 	DATA 	Keypress: i
585.0334 	EXP 	New trial (rep=8, index=4): {'leftStreamFlip': False, 'oneTarget': True, 'trialInstructionPos': (0, 1), 'probe': 'both', 'rightStreamFlip': False, 'horizVert': True, 'ISIframes': 2, 'rightResponseFirst': True}
585.0532 	INFO 	numtrials=360 and this trialDurFrames=3 or 50.0 ms  task=T1
586.2379 	EXP 	window1: recordFrameIntervals = False
586.2458 	INFO 	Mouse: using default window
586.9567 	DATA 	Keypress: h
587.1044 	EXP 	New trial (rep=8, index=5): {'leftStreamFlip': False, 'oneTarget': False, 'trialInstructionPos': (0, 1), 'probe': 'both', 'rightStreamFlip': False, 'horizVert': True, 'ISIframes': 2, 'rightResponseFirst': True}
587.1197 	INFO 	numtrials=360 and this trialDurFrames=3 or 50.0 ms  task=T1
588.2397 	EXP 	window1: recordFrameIntervals = False
588.2508 	INFO 	Mouse: using default window
589.7051 	DATA 	Keypress: u
590.0727 	DATA 	Keypress: v
590.2192 	EXP 	New trial (rep=8, index=6): {'leftStreamFlip': False, 'oneTarget': False, 'trialInstructionPos': (0, 1), 'probe': 'both', 'rightStreamFlip': False, 'horizVert': True, 'ISIframes': 2, 'rightResponseFirst': True}
590.2367 	INFO 	numtrials=360 and this trialDurFrames=3 or 50.0 ms  task=T1
591.3044 	EXP 	window1: recordFrameIntervals = False
591.3130 	INFO 	Mouse: using default window
593.1559 	DATA 	Keypress: e
593.4398 	DATA 	Keypress: z
593.5819 	EXP 	New trial (rep=8, index=7): {'leftStreamFlip': False, 'oneTarget': False, 'trialInstructionPos': (0, -1), 'probe': 'both', 'rightStreamFlip': False, 'horizVert': True, 'ISIframes': 2, 'rightResponseFirst': False}
593.6034 	INFO 	numtrials=360 and this trialDurFrames=3 or 50.0 ms  task=T1
594.6716 	EXP 	window1: recordFrameIntervals = False
594.6799 	INFO 	Mouse: using default window
596.5721 	DATA 	Keypress: s
596.7055 	DATA 	Keypress: g
596.8506 	EXP 	New trial (rep=8, index=8): {'leftStreamFlip': False, 'oneTarget': False, 'trialInstructionPos': (0, -1), 'probe': 'both', 'rightStreamFlip': False, 'horizVert': True, 'ISIframes': 2, 'rightResponseFirst': True}
596.8699 	INFO 	numtrials=360 and this trialDurFrames=3 or 50.0 ms  task=T1
597.8715 	EXP 	window1: recordFrameIntervals = False
597.8794 	INFO 	Mouse: using default window
599.2265 	DATA 	Keypress: m
599.4393 	DATA 	Keypress: j
599.5854 	EXP 	New trial (rep=8, index=9): {'leftStreamFlip': False, 'oneTarget': False, 'trialInstructionPos': (0, -1), 'probe': 'both', 'rightStreamFlip': False, 'horizVert': True, 'ISIframes': 2, 'rightResponseFirst': False}
599.6033 	INFO 	numtrials=360 and this trialDurFrames=3 or 50.0 ms  task=T1
600.7715 	EXP 	window1: recordFrameIntervals = False
600.7796 	INFO 	Mouse: using default window
602.2903 	DATA 	Keypress: a
602.3554 	DATA 	Keypress: t
602.5003 	EXP 	New trial (rep=8, index=10): {'leftStreamFlip': False, 'oneTarget': False, 'trialInstructionPos': (0, -1), 'probe': 'both', 'rightStreamFlip': False, 'horizVert': True, 'ISIframes': 2, 'rightResponseFirst': True}
602.5198 	INFO 	numtrials=360 and this trialDurFrames=3 or 50.0 ms  task=T1
603.5216 	EXP 	window1: recordFrameIntervals = False
603.5287 	INFO 	Mouse: using default window
605.6431 	DATA 	Keypress: a
606.0414 	DATA 	Keypress: h
606.1988 	EXP 	New trial (rep=8, index=11): {'leftStreamFlip': False, 'oneTarget': True, 'trialInstructionPos': (0, -1), 'probe': 'both', 'rightStreamFlip': False, 'horizVert': True, 'ISIframes': 2, 'rightResponseFirst': False}
606.2197 	INFO 	numtrials=360 and this trialDurFrames=3 or 50.0 ms  task=T1
607.3233 	EXP 	window1: recordFrameIntervals = False
607.3411 	INFO 	Mouse: using default window
608.1734 	DATA 	Keypress: a
608.3174 	EXP 	New trial (rep=9, index=0): {'leftStreamFlip': False, 'oneTarget': False, 'trialInstructionPos': (0, 1), 'probe': 'both', 'rightStreamFlip': False, 'horizVert': True, 'ISIframes': 2, 'rightResponseFirst': False}
608.3366 	INFO 	numtrials=360 and this trialDurFrames=3 or 50.0 ms  task=T1
609.5382 	EXP 	window1: recordFrameIntervals = False
609.5458 	INFO 	Mouse: using default window
610.7051 	DATA 	Keypress: t
610.9555 	DATA 	Keypress: a
611.1024 	EXP 	New trial (rep=9, index=1): {'leftStreamFlip': False, 'oneTarget': False, 'trialInstructionPos': (0, -1), 'probe': 'both', 'rightStreamFlip': False, 'horizVert': True, 'ISIframes': 2, 'rightResponseFirst': True}
611.1199 	INFO 	numtrials=360 and this trialDurFrames=3 or 50.0 ms  task=T1
612.2221 	EXP 	window1: recordFrameIntervals = False
612.2306 	INFO 	Mouse: using default window
614.0573 	DATA 	Keypress: c
614.1720 	DATA 	Keypress: k
614.3166 	EXP 	New trial (rep=9, index=2): {'leftStreamFlip': False, 'oneTarget': True, 'trialInstructionPos': (0, -1), 'probe': 'both', 'rightStreamFlip': False, 'horizVert': True, 'ISIframes': 2, 'rightResponseFirst': True}
614.3367 	INFO 	numtrials=360 and this trialDurFrames=3 or 50.0 ms  task=T1
615.5058 	EXP 	window1: recordFrameIntervals = False
615.5196 	INFO 	Mouse: using default window
616.3891 	DATA 	Keypress: t
616.5308 	EXP 	New trial (rep=9, index=3): {'leftStreamFlip': False, 'oneTarget': False, 'trialInstructionPos': (0, 1), 'probe': 'both', 'rightStreamFlip': False, 'horizVert': True, 'ISIframes': 2, 'rightResponseFirst': True}
616.5533 	INFO 	numtrials=360 and this trialDurFrames=3 or 50.0 ms  task=T1
617.5383 	EXP 	window1: recordFrameIntervals = False
617.5464 	INFO 	Mouse: using default window
618.6402 	DATA 	Keypress: t
618.7721 	DATA 	Keypress: r
618.9177 	EXP 	New trial (rep=9, index=4): {'leftStreamFlip': False, 'oneTarget': True, 'trialInstructionPos': (0, -1), 'probe': 'both', 'rightStreamFlip': False, 'horizVert': True, 'ISIframes': 2, 'rightResponseFirst': False}
618.9364 	INFO 	numtrials=360 and this trialDurFrames=3 or 50.0 ms  task=T1
620.0384 	EXP 	window1: recordFrameIntervals = False
620.0461 	INFO 	Mouse: using default window
621.2408 	DATA 	Keypress: o
621.3986 	EXP 	New trial (rep=9, index=5): {'leftStreamFlip': False, 'oneTarget': False, 'trialInstructionPos': (0, 1), 'probe': 'both', 'rightStreamFlip': False, 'horizVert': True, 'ISIframes': 2, 'rightResponseFirst': False}
621.4196 	INFO 	numtrials=360 and this trialDurFrames=3 or 50.0 ms  task=T1
622.4043 	EXP 	window1: recordFrameIntervals = False
622.4124 	INFO 	Mouse: using default window
624.5732 	DATA 	Keypress: y
624.6742 	DATA 	Keypress: a
624.8169 	EXP 	New trial (rep=9, index=6): {'leftStreamFlip': False, 'oneTarget': False, 'trialInstructionPos': (0, 1), 'probe': 'both', 'rightStreamFlip': False, 'horizVert': True, 'ISIframes': 2, 'rightResponseFirst': True}
624.8365 	INFO 	numtrials=360 and this trialDurFrames=3 or 50.0 ms  task=T1
625.9890 	EXP 	window1: recordFrameIntervals = False
625.9978 	INFO 	Mouse: using default window
627.2423 	DATA 	Keypress: n
627.3389 	DATA 	Keypress: e
627.4841 	EXP 	New trial (rep=9, index=7): {'leftStreamFlip': False, 'oneTarget': False, 'trialInstructionPos': (0, -1), 'probe': 'both', 'rightStreamFlip': False, 'horizVert': True, 'ISIframes': 2, 'rightResponseFirst': False}
627.5034 	INFO 	numtrials=360 and this trialDurFrames=3 or 50.0 ms  task=T1
628.6226 	EXP 	window1: recordFrameIntervals = False
628.6378 	INFO 	Mouse: using default window
630.0737 	DATA 	Keypress: j
630.7547 	DATA 	Keypress: z
630.9002 	EXP 	New trial (rep=9, index=8): {'leftStreamFlip': False, 'oneTarget': True, 'trialInstructionPos': (0, 1), 'probe': 'both', 'rightStreamFlip': False, 'horizVert': True, 'ISIframes': 2, 'rightResponseFirst': True}
630.9197 	INFO 	numtrials=360 and this trialDurFrames=3 or 50.0 ms  task=T1
632.0066 	EXP 	window1: recordFrameIntervals = False
632.0285 	INFO 	Mouse: using default window
633.0732 	DATA 	Keypress: h
633.2162 	EXP 	New trial (rep=9, index=9): {'leftStreamFlip': False, 'oneTarget': False, 'trialInstructionPos': (0, -1), 'probe': 'both', 'rightStreamFlip': False, 'horizVert': True, 'ISIframes': 2, 'rightResponseFirst': False}
633.2365 	INFO 	numtrials=360 and this trialDurFrames=3 or 50.0 ms  task=T1
634.2224 	EXP 	window1: recordFrameIntervals = False
634.2306 	INFO 	Mouse: using default window
635.8398 	DATA 	Keypress: t
636.0077 	DATA 	Keypress: n
636.1691 	EXP 	New trial (rep=9, index=10): {'leftStreamFlip': False, 'oneTarget': False, 'trialInstructionPos': (0, -1), 'probe': 'both', 'rightStreamFlip': False, 'horizVert': True, 'ISIframes': 2, 'rightResponseFirst': True}
636.1865 	INFO 	numtrials=360 and this trialDurFrames=3 or 50.0 ms  task=T1
637.3384 	EXP 	window1: recordFrameIntervals = False
637.3465 	INFO 	Mouse: using default window
639.1388 	DATA 	Keypress: t
639.2577 	DATA 	Keypress: n
639.4216 	EXP 	New trial (rep=9, index=11): {'leftStreamFlip': False, 'oneTarget': True, 'trialInstructionPos': (0, 1), 'probe': 'both', 'rightStreamFlip': False, 'horizVert': True, 'ISIframes': 2, 'rightResponseFirst': False}
639.4366 	INFO 	numtrials=360 and this trialDurFrames=3 or 50.0 ms  task=T1
640.5732 	EXP 	window1: recordFrameIntervals = False
640.5862 	INFO 	Mouse: using default window
642.0730 	DATA 	Keypress: z
642.2161 	EXP 	New trial (rep=10, index=0): {'leftStreamFlip': False, 'oneTarget': False, 'trialInstructionPos': (0, 1), 'probe': 'both', 'rightStreamFlip': False, 'horizVert': True, 'ISIframes': 2, 'rightResponseFirst': True}
642.2362 	INFO 	numtrials=360 and this trialDurFrames=3 or 50.0 ms  task=T1
643.4390 	EXP 	window1: recordFrameIntervals = False
643.4546 	INFO 	Mouse: using default window
645.0891 	DATA 	Keypress: m
645.2386 	DATA 	Keypress: f
645.3840 	EXP 	New trial (rep=10, index=1): {'leftStreamFlip': False, 'oneTarget': True, 'trialInstructionPos': (0, -1), 'probe': 'both', 'rightStreamFlip': False, 'horizVert': True, 'ISIframes': 2, 'rightResponseFirst': True}
645.4033 	INFO 	numtrials=360 and this trialDurFrames=3 or 50.0 ms  task=T1
646.4892 	EXP 	window1: recordFrameIntervals = False
646.4994 	INFO 	Mouse: using default window
647.3218 	DATA 	Keypress: y
647.4663 	EXP 	New trial (rep=10, index=2): {'leftStreamFlip': False, 'oneTarget': True, 'trialInstructionPos': (0, 1), 'probe': 'both', 'rightStreamFlip': False, 'horizVert': True, 'ISIframes': 2, 'rightResponseFirst': True}
647.4862 	INFO 	numtrials=360 and this trialDurFrames=3 or 50.0 ms  task=T1
648.4560 	EXP 	window1: recordFrameIntervals = False
648.4732 	INFO 	Mouse: using default window
649.4219 	DATA 	Keypress: f
649.5627 	EXP 	New trial (rep=10, index=3): {'leftStreamFlip': False, 'oneTarget': False, 'trialInstructionPos': (0, -1), 'probe': 'both', 'rightStreamFlip': False, 'horizVert': True, 'ISIframes': 2, 'rightResponseFirst': True}
649.5866 	INFO 	numtrials=360 and this trialDurFrames=3 or 50.0 ms  task=T1
650.6885 	EXP 	window1: recordFrameIntervals = False
650.6982 	INFO 	Mouse: using default window
652.4730 	DATA 	Keypress: f
652.6902 	DATA 	Keypress: h
652.8324 	EXP 	New trial (rep=10, index=4): {'leftStreamFlip': False, 'oneTarget': False, 'trialInstructionPos': (0, -1), 'probe': 'both', 'rightStreamFlip': False, 'horizVert': True, 'ISIframes': 2, 'rightResponseFirst': False}
652.8541 	INFO 	numtrials=360 and this trialDurFrames=3 or 50.0 ms  task=T1
653.8557 	EXP 	window1: recordFrameIntervals = False
653.8646 	INFO 	Mouse: using default window
654.8896 	DATA 	Keypress: y
656.2722 	DATA 	Keypress: a
656.4154 	EXP 	New trial (rep=10, index=5): {'leftStreamFlip': False, 'oneTarget': False, 'trialInstructionPos': (0, 1), 'probe': 'both', 'rightStreamFlip': False, 'horizVert': True, 'ISIframes': 2, 'rightResponseFirst': True}
656.4364 	INFO 	numtrials=360 and this trialDurFrames=4 or 66.6666666667 ms  task=T1
657.6391 	EXP 	window1: recordFrameIntervals = False
657.6536 	INFO 	Mouse: using default window
658.9401 	DATA 	Keypress: j
659.2241 	DATA 	Keypress: e
659.3921 	EXP 	New trial (rep=10, index=6): {'leftStreamFlip': False, 'oneTarget': False, 'trialInstructionPos': (0, 1), 'probe': 'both', 'rightStreamFlip': False, 'horizVert': True, 'ISIframes': 2, 'rightResponseFirst': False}
659.4032 	INFO 	numtrials=360 and this trialDurFrames=4 or 66.6666666667 ms  task=T1
660.5882 	EXP 	window1: recordFrameIntervals = False
660.5960 	INFO 	Mouse: using default window
662.0566 	DATA 	Keypress: g
662.2224 	DATA 	Keypress: t
662.3664 	EXP 	New trial (rep=10, index=7): {'leftStreamFlip': False, 'oneTarget': True, 'trialInstructionPos': (0, 1), 'probe': 'both', 'rightStreamFlip': False, 'horizVert': True, 'ISIframes': 2, 'rightResponseFirst': False}
662.3862 	INFO 	numtrials=360 and this trialDurFrames=3 or 50.0 ms  task=T1
663.5735 	EXP 	window1: recordFrameIntervals = False
663.5890 	INFO 	Mouse: using default window
664.5884 	DATA 	Keypress: a
664.7431 	EXP 	New trial (rep=10, index=8): {'leftStreamFlip': False, 'oneTarget': True, 'trialInstructionPos': (0, -1), 'probe': 'both', 'rightStreamFlip': False, 'horizVert': True, 'ISIframes': 2, 'rightResponseFirst': False}
664.7712 	INFO 	numtrials=360 and this trialDurFrames=4 or 66.6666666667 ms  task=T1
665.7558 	EXP 	window1: recordFrameIntervals = False
665.7650 	INFO 	Mouse: using default window
666.6404 	DATA 	Keypress: s
666.7820 	EXP 	New trial (rep=10, index=9): {'leftStreamFlip': False, 'oneTarget': False, 'trialInstructionPos': (0, -1), 'probe': 'both', 'rightStreamFlip': False, 'horizVert': True, 'ISIframes': 2, 'rightResponseFirst': False}
666.8033 	INFO 	numtrials=360 and this trialDurFrames=4 or 66.6666666667 ms  task=T1
667.8212 	EXP 	window1: recordFrameIntervals = False
667.8290 	INFO 	Mouse: using default window
669.1231 	DATA 	Keypress: e
669.4712 	DATA 	Keypress: g
669.6176 	EXP 	New trial (rep=10, index=10): {'leftStreamFlip': False, 'oneTarget': False, 'trialInstructionPos': (0, 1), 'probe': 'both', 'rightStreamFlip': False, 'horizVert': True, 'ISIframes': 2, 'rightResponseFirst': False}
669.6366 	INFO 	numtrials=360 and this trialDurFrames=3 or 50.0 ms  task=T1
670.7225 	EXP 	window1: recordFrameIntervals = False
670.7320 	INFO 	Mouse: using default window
672.2063 	DATA 	Keypress: s
672.5392 	DATA 	Keypress: g
672.6893 	EXP 	New trial (rep=10, index=11): {'leftStreamFlip': False, 'oneTarget': False, 'trialInstructionPos': (0, -1), 'probe': 'both', 'rightStreamFlip': False, 'horizVert': True, 'ISIframes': 2, 'rightResponseFirst': True}
672.7031 	INFO 	numtrials=360 and this trialDurFrames=3 or 50.0 ms  task=T1
673.7894 	EXP 	window1: recordFrameIntervals = False
673.8051 	INFO 	Mouse: using default window
675.1227 	DATA 	Keypress: n
675.4232 	DATA 	Keypress: e
675.5690 	EXP 	New trial (rep=11, index=0): {'leftStreamFlip': False, 'oneTarget': False, 'trialInstructionPos': (0, 1), 'probe': 'both', 'rightStreamFlip': False, 'horizVert': True, 'ISIframes': 2, 'rightResponseFirst': True}
675.5868 	INFO 	numtrials=360 and this trialDurFrames=3 or 50.0 ms  task=T1
676.7217 	EXP 	window1: recordFrameIntervals = False
676.7296 	INFO 	Mouse: using default window
677.8056 	DATA 	Keypress: m
678.0243 	DATA 	Keypress: u
678.1826 	EXP 	New trial (rep=11, index=1): {'leftStreamFlip': False, 'oneTarget': True, 'trialInstructionPos': (0, -1), 'probe': 'both', 'rightStreamFlip': False, 'horizVert': True, 'ISIframes': 2, 'rightResponseFirst': False}
678.2027 	INFO 	numtrials=360 and this trialDurFrames=3 or 50.0 ms  task=T1
679.1890 	EXP 	window1: recordFrameIntervals = False
679.1986 	INFO 	Mouse: using default window
680.1067 	DATA 	Keypress: u
680.2509 	EXP 	New trial (rep=11, index=2): {'leftStreamFlip': False, 'oneTarget': False, 'trialInstructionPos': (0, -1), 'probe': 'both', 'rightStreamFlip': False, 'horizVert': True, 'ISIframes': 2, 'rightResponseFirst': False}
680.2699 	INFO 	numtrials=360 and this trialDurFrames=3 or 50.0 ms  task=T1
681.3233 	EXP 	window1: recordFrameIntervals = False
681.3444 	INFO 	Mouse: using default window
682.7896 	DATA 	Keypress: y
683.1059 	DATA 	Keypress: f
683.2512 	EXP 	New trial (rep=11, index=3): {'leftStreamFlip': False, 'oneTarget': False, 'trialInstructionPos': (0, -1), 'probe': 'both', 'rightStreamFlip': False, 'horizVert': True, 'ISIframes': 2, 'rightResponseFirst': True}
683.2699 	INFO 	numtrials=360 and this trialDurFrames=3 or 50.0 ms  task=T1
684.4398 	EXP 	window1: recordFrameIntervals = False
684.4562 	INFO 	Mouse: using default window
685.8389 	DATA 	Keypress: k
686.0906 	DATA 	Keypress: u
686.2353 	EXP 	New trial (rep=11, index=4): {'leftStreamFlip': False, 'oneTarget': False, 'trialInstructionPos': (0, 1), 'probe': 'both', 'rightStreamFlip': False, 'horizVert': True, 'ISIframes': 2, 'rightResponseFirst': False}
686.2531 	INFO 	numtrials=360 and this trialDurFrames=3 or 50.0 ms  task=T1
687.4380 	EXP 	window1: recordFrameIntervals = False
687.4463 	INFO 	Mouse: using default window
688.6088 	DATA 	Keypress: m
688.8250 	DATA 	Keypress: u
688.9831 	EXP 	New trial (rep=11, index=5): {'leftStreamFlip': False, 'oneTarget': False, 'trialInstructionPos': (0, 1), 'probe': 'both', 'rightStreamFlip': False, 'horizVert': True, 'ISIframes': 2, 'rightResponseFirst': True}
689.0031 	INFO 	numtrials=360 and this trialDurFrames=3 or 50.0 ms  task=T1
690.0067 	EXP 	window1: recordFrameIntervals = False
690.0236 	INFO 	Mouse: using default window
691.3052 	DATA 	Keypress: m
691.7046 	DATA 	Keypress: z
691.8493 	EXP 	New trial (rep=11, index=6): {'leftStreamFlip': False, 'oneTarget': True, 'trialInstructionPos': (0, 1), 'probe': 'both', 'rightStreamFlip': False, 'horizVert': True, 'ISIframes': 2, 'rightResponseFirst': True}
691.8700 	INFO 	numtrials=360 and this trialDurFrames=3 or 50.0 ms  task=T1
693.0731 	EXP 	window1: recordFrameIntervals = False
693.0829 	INFO 	Mouse: using default window
694.1416 	DATA 	Keypress: h
694.2820 	EXP 	New trial (rep=11, index=7): {'leftStreamFlip': False, 'oneTarget': True, 'trialInstructionPos': (0, -1), 'probe': 'both', 'rightStreamFlip': False, 'horizVert': True, 'ISIframes': 2, 'rightResponseFirst': True}
694.3030 	INFO 	numtrials=360 and this trialDurFrames=3 or 50.0 ms  task=T1
695.3557 	EXP 	window1: recordFrameIntervals = False
695.3707 	INFO 	Mouse: using default window
697.2748 	DATA 	Keypress: y
697.4158 	EXP 	New trial (rep=11, index=8): {'leftStreamFlip': False, 'oneTarget': False, 'trialInstructionPos': (0, 1), 'probe': 'both', 'rightStreamFlip': False, 'horizVert': True, 'ISIframes': 2, 'rightResponseFirst': False}
697.4365 	INFO 	numtrials=360 and this trialDurFrames=3 or 50.0 ms  task=T1
698.6058 	EXP 	window1: recordFrameIntervals = False
698.6235 	INFO 	Mouse: using default window
699.9049 	DATA 	Keypress: u
700.0894 	DATA 	Keypress: m
700.2345 	EXP 	New trial (rep=11, index=9): {'leftStreamFlip': False, 'oneTarget': False, 'trialInstructionPos': (0, -1), 'probe': 'both', 'rightStreamFlip': False, 'horizVert': True, 'ISIframes': 2, 'rightResponseFirst': True}
700.2538 	INFO 	numtrials=360 and this trialDurFrames=3 or 50.0 ms  task=T1
701.3400 	EXP 	window1: recordFrameIntervals = False
701.3627 	INFO 	Mouse: using default window
702.2882 	DATA 	Keypress: e
702.5726 	DATA 	Keypress: u
702.7198 	EXP 	New trial (rep=11, index=10): {'leftStreamFlip': False, 'oneTarget': False, 'trialInstructionPos': (0, -1), 'probe': 'both', 'rightStreamFlip': False, 'horizVert': True, 'ISIframes': 2, 'rightResponseFirst': False}
702.7364 	INFO 	numtrials=360 and this trialDurFrames=3 or 50.0 ms  task=T1
703.7226 	EXP 	window1: recordFrameIntervals = False
703.7374 	INFO 	Mouse: using default window
704.9555 	DATA 	Keypress: a
705.3728 	DATA 	Keypress: m
705.5182 	EXP 	New trial (rep=11, index=11): {'leftStreamFlip': False, 'oneTarget': True, 'trialInstructionPos': (0, 1), 'probe': 'both', 'rightStreamFlip': False, 'horizVert': True, 'ISIframes': 2, 'rightResponseFirst': False}
705.5364 	INFO 	numtrials=360 and this trialDurFrames=3 or 50.0 ms  task=T1
706.6735 	EXP 	window1: recordFrameIntervals = False
706.6837 	INFO 	Mouse: using default window
707.9055 	DATA 	Keypress: o
708.0486 	EXP 	New trial (rep=12, index=0): {'leftStreamFlip': False, 'oneTarget': True, 'trialInstructionPos': (0, 1), 'probe': 'both', 'rightStreamFlip': False, 'horizVert': True, 'ISIframes': 2, 'rightResponseFirst': True}
708.0700 	INFO 	numtrials=360 and this trialDurFrames=3 or 50.0 ms  task=T1
709.2729 	EXP 	window1: recordFrameIntervals = False
709.2828 	INFO 	Mouse: using default window
710.1393 	DATA 	Keypress: g
710.2817 	EXP 	New trial (rep=12, index=1): {'leftStreamFlip': False, 'oneTarget': False, 'trialInstructionPos': (0, -1), 'probe': 'both', 'rightStreamFlip': False, 'horizVert': True, 'ISIframes': 2, 'rightResponseFirst': False}
710.3028 	INFO 	numtrials=360 and this trialDurFrames=4 or 66.6666666667 ms  task=T1
711.5053 	EXP 	window1: recordFrameIntervals = False
711.5145 	INFO 	Mouse: using default window
712.6570 	DATA 	Keypress: g
712.8569 	DATA 	Keypress: e
712.9988 	EXP 	New trial (rep=12, index=2): {'leftStreamFlip': False, 'oneTarget': False, 'trialInstructionPos': (0, -1), 'probe': 'both', 'rightStreamFlip': False, 'horizVert': True, 'ISIframes': 2, 'rightResponseFirst': True}
713.0201 	INFO 	numtrials=360 and this trialDurFrames=4 or 66.6666666667 ms  task=T1
714.1561 	EXP 	window1: recordFrameIntervals = False
714.1704 	INFO 	Mouse: using default window
715.1557 	DATA 	Keypress: m
715.3401 	DATA 	Keypress: u
715.4832 	EXP 	New trial (rep=12, index=3): {'leftStreamFlip': False, 'oneTarget': False, 'trialInstructionPos': (0, 1), 'probe': 'both', 'rightStreamFlip': False, 'horizVert': True, 'ISIframes': 2, 'rightResponseFirst': False}
715.5034 	INFO 	numtrials=360 and this trialDurFrames=3 or 50.0 ms  task=T1
716.5892 	EXP 	window1: recordFrameIntervals = False
716.5995 	INFO 	Mouse: using default window
718.0734 	DATA 	Keypress: y
718.2728 	DATA 	Keypress: u
718.4176 	EXP 	New trial (rep=12, index=4): {'leftStreamFlip': False, 'oneTarget': False, 'trialInstructionPos': (0, 1), 'probe': 'both', 'rightStreamFlip': False, 'horizVert': True, 'ISIframes': 2, 'rightResponseFirst': True}
718.4366 	INFO 	numtrials=360 and this trialDurFrames=3 or 50.0 ms  task=T1
719.5880 	EXP 	window1: recordFrameIntervals = False
719.5945 	INFO 	Mouse: using default window
720.8250 	DATA 	Keypress: e
721.3722 	DATA 	Keypress: p
721.5216 	EXP 	New trial (rep=12, index=5): {'leftStreamFlip': False, 'oneTarget': False, 'trialInstructionPos': (0, -1), 'probe': 'both', 'rightStreamFlip': False, 'horizVert': True, 'ISIframes': 2, 'rightResponseFirst': False}
721.5367 	INFO 	numtrials=360 and this trialDurFrames=3 or 50.0 ms  task=T1
722.6900 	EXP 	window1: recordFrameIntervals = False
722.7110 	INFO 	Mouse: using default window
724.0417 	DATA 	Keypress: z
724.4910 	DATA 	Keypress: y
724.6356 	EXP 	New trial (rep=12, index=6): {'leftStreamFlip': False, 'oneTarget': True, 'trialInstructionPos': (0, -1), 'probe': 'both', 'rightStreamFlip': False, 'horizVert': True, 'ISIframes': 2, 'rightResponseFirst': False}
724.6535 	INFO 	numtrials=360 and this trialDurFrames=3 or 50.0 ms  task=T1
725.7730 	EXP 	window1: recordFrameIntervals = False
725.7884 	INFO 	Mouse: using default window
726.7922 	DATA 	Keypress: e
726.9480 	EXP 	New trial (rep=12, index=7): {'leftStreamFlip': False, 'oneTarget': True, 'trialInstructionPos': (0, -1), 'probe': 'both', 'rightStreamFlip': False, 'horizVert': True, 'ISIframes': 2, 'rightResponseFirst': True}
726.9700 	INFO 	numtrials=360 and this trialDurFrames=3 or 50.0 ms  task=T1
728.1735 	EXP 	window1: recordFrameIntervals = False
728.1923 	INFO 	Mouse: using default window
728.9907 	DATA 	Keypress: s
729.1357 	EXP 	New trial (rep=12, index=8): {'leftStreamFlip': False, 'oneTarget': True, 'trialInstructionPos': (0, 1), 'probe': 'both', 'rightStreamFlip': False, 'horizVert': True, 'ISIframes': 2, 'rightResponseFirst': False}
729.1534 	INFO 	numtrials=360 and this trialDurFrames=4 or 66.6666666667 ms  task=T1
730.2229 	EXP 	window1: recordFrameIntervals = False
730.2340 	INFO 	Mouse: using default window
731.2909 	DATA 	Keypress: m
731.4330 	EXP 	New trial (rep=12, index=9): {'leftStreamFlip': False, 'oneTarget': False, 'trialInstructionPos': (0, 1), 'probe': 'both', 'rightStreamFlip': False, 'horizVert': True, 'ISIframes': 2, 'rightResponseFirst': True}
731.4538 	INFO 	numtrials=360 and this trialDurFrames=4 or 66.6666666667 ms  task=T1
732.4894 	EXP 	window1: recordFrameIntervals = False
732.4993 	INFO 	Mouse: using default window
733.9738 	DATA 	Keypress: e
734.2226 	DATA 	Keypress: f
734.3704 	EXP 	New trial (rep=12, index=10): {'leftStreamFlip': False, 'oneTarget': False, 'trialInstructionPos': (0, 1), 'probe': 'both', 'rightStreamFlip': False, 'horizVert': True, 'ISIframes': 2, 'rightResponseFirst': False}
734.3868 	INFO 	numtrials=360 and this trialDurFrames=3 or 50.0 ms  task=T1
735.5227 	EXP 	window1: recordFrameIntervals = False
735.5333 	INFO 	Mouse: using default window
736.7404 	DATA 	Keypress: n
737.0558 	DATA 	Keypress: k
737.2005 	EXP 	New trial (rep=12, index=11): {'leftStreamFlip': False, 'oneTarget': False, 'trialInstructionPos': (0, -1), 'probe': 'both', 'rightStreamFlip': False, 'horizVert': True, 'ISIframes': 2, 'rightResponseFirst': True}
737.2199 	INFO 	numtrials=360 and this trialDurFrames=3 or 50.0 ms  task=T1
738.1881 	EXP 	window1: recordFrameIntervals = False
738.1960 	INFO 	Mouse: using default window
739.5567 	DATA 	Keypress: z
740.2726 	DATA 	Keypress: f
740.4228 	EXP 	New trial (rep=13, index=0): {'leftStreamFlip': False, 'oneTarget': False, 'trialInstructionPos': (0, 1), 'probe': 'both', 'rightStreamFlip': False, 'horizVert': True, 'ISIframes': 2, 'rightResponseFirst': True}
740.4367 	INFO 	numtrials=360 and this trialDurFrames=3 or 50.0 ms  task=T1
741.5725 	EXP 	window1: recordFrameIntervals = False
741.5856 	INFO 	Mouse: using default window
742.7567 	DATA 	Keypress: s
742.9225 	DATA 	Keypress: a
743.0706 	EXP 	New trial (rep=13, index=1): {'leftStreamFlip': False, 'oneTarget': False, 'trialInstructionPos': (0, -1), 'probe': 'both', 'rightStreamFlip': False, 'horizVert': True, 'ISIframes': 2, 'rightResponseFirst': True}
743.0867 	INFO 	numtrials=360 and this trialDurFrames=3 or 50.0 ms  task=T1
744.2062 	EXP 	window1: recordFrameIntervals = False
744.2163 	INFO 	Mouse: using default window
745.2733 	DATA 	Keypress: s
745.3891 	DATA 	Keypress: e
745.5336 	EXP 	New trial (rep=13, index=2): {'leftStreamFlip': False, 'oneTarget': True, 'trialInstructionPos': (0, 1), 'probe': 'both', 'rightStreamFlip': False, 'horizVert': True, 'ISIframes': 2, 'rightResponseFirst': True}
745.5535 	INFO 	numtrials=360 and this trialDurFrames=3 or 50.0 ms  task=T1
746.5237 	EXP 	window1: recordFrameIntervals = False
746.5420 	INFO 	Mouse: using default window
747.4394 	DATA 	Keypress: f
747.5810 	EXP 	New trial (rep=13, index=3): {'leftStreamFlip': False, 'oneTarget': False, 'trialInstructionPos': (0, -1), 'probe': 'both', 'rightStreamFlip': False, 'horizVert': True, 'ISIframes': 2, 'rightResponseFirst': False}
747.6062 	INFO 	numtrials=360 and this trialDurFrames=3 or 50.0 ms  task=T1
748.8051 	EXP 	window1: recordFrameIntervals = False
748.8156 	INFO 	Mouse: using default window
750.3891 	DATA 	Keypress: u
750.5889 	DATA 	Keypress: f
750.7328 	EXP 	New trial (rep=13, index=4): {'leftStreamFlip': False, 'oneTarget': False, 'trialInstructionPos': (0, 1), 'probe': 'both', 'rightStreamFlip': False, 'horizVert': True, 'ISIframes': 2, 'rightResponseFirst': False}
750.7537 	INFO 	numtrials=360 and this trialDurFrames=3 or 50.0 ms  task=T1
751.7884 	EXP 	window1: recordFrameIntervals = False
751.7967 	INFO 	Mouse: using default window
752.8735 	DATA 	Keypress: g
753.0395 	DATA 	Keypress: t
753.1838 	EXP 	New trial (rep=13, index=5): {'leftStreamFlip': False, 'oneTarget': False, 'trialInstructionPos': (0, -1), 'probe': 'both', 'rightStreamFlip': False, 'horizVert': True, 'ISIframes': 2, 'rightResponseFirst': False}
753.2034 	INFO 	numtrials=360 and this trialDurFrames=3 or 50.0 ms  task=T1
754.4051 	EXP 	window1: recordFrameIntervals = False
754.4134 	INFO 	Mouse: using default window
755.5562 	DATA 	Keypress: n
755.9226 	DATA 	Keypress: s
756.0728 	EXP 	New trial (rep=13, index=6): {'leftStreamFlip': False, 'oneTarget': True, 'trialInstructionPos': (0, -1), 'probe': 'both', 'rightStreamFlip': False, 'horizVert': True, 'ISIframes': 2, 'rightResponseFirst': False}
756.0868 	INFO 	numtrials=360 and this trialDurFrames=3 or 50.0 ms  task=T1
757.2069 	EXP 	window1: recordFrameIntervals = False
757.2201 	INFO 	Mouse: using default window
758.4415 	DATA 	Keypress: f
758.5858 	EXP 	New trial (rep=13, index=7): {'leftStreamFlip': False, 'oneTarget': False, 'trialInstructionPos': (0, -1), 'probe': 'both', 'rightStreamFlip': False, 'horizVert': True, 'ISIframes': 2, 'rightResponseFirst': True}
758.6035 	INFO 	numtrials=360 and this trialDurFrames=3 or 50.0 ms  task=T1
759.7380 	EXP 	window1: recordFrameIntervals = False
759.7455 	INFO 	Mouse: using default window
760.8424 	DATA 	Keypress: e
761.2257 	DATA 	Keypress: h
761.3855 	EXP 	New trial (rep=13, index=8): {'leftStreamFlip': False, 'oneTarget': False, 'trialInstructionPos': (0, 1), 'probe': 'both', 'rightStreamFlip': False, 'horizVert': True, 'ISIframes': 2, 'rightResponseFirst': False}
761.4032 	INFO 	numtrials=360 and this trialDurFrames=3 or 50.0 ms  task=T1
762.3715 	EXP 	window1: recordFrameIntervals = False
762.3796 	INFO 	Mouse: using default window
767.0573 	DATA 	Keypress: k
771.4728 	DATA 	Keypress: s
771.6219 	EXP 	New trial (rep=13, index=9): {'leftStreamFlip': False, 'oneTarget': False, 'trialInstructionPos': (0, 1), 'probe': 'both', 'rightStreamFlip': False, 'horizVert': True, 'ISIframes': 2, 'rightResponseFirst': True}
771.6370 	INFO 	numtrials=360 and this trialDurFrames=3 or 50.0 ms  task=T1
772.7228 	EXP 	window1: recordFrameIntervals = False
772.7300 	INFO 	Mouse: using default window
773.8397 	DATA 	Keypress: n
774.0406 	DATA 	Keypress: u
774.2008 	EXP 	New trial (rep=13, index=10): {'leftStreamFlip': False, 'oneTarget': True, 'trialInstructionPos': (0, -1), 'probe': 'both', 'rightStreamFlip': False, 'horizVert': True, 'ISIframes': 2, 'rightResponseFirst': True}
774.2204 	INFO 	numtrials=360 and this trialDurFrames=3 or 50.0 ms  task=T1
775.2568 	EXP 	window1: recordFrameIntervals = False
775.2768 	INFO 	Mouse: using default window
776.1401 	DATA 	Keypress: w
776.2819 	EXP 	New trial (rep=13, index=11): {'leftStreamFlip': False, 'oneTarget': True, 'trialInstructionPos': (0, 1), 'probe': 'both', 'rightStreamFlip': False, 'horizVert': True, 'ISIframes': 2, 'rightResponseFirst': False}
776.3033 	INFO 	numtrials=360 and this trialDurFrames=3 or 50.0 ms  task=T1
777.3061 	EXP 	window1: recordFrameIntervals = False
777.3228 	INFO 	Mouse: using default window
778.0732 	DATA 	Keypress: a
778.2184 	EXP 	New trial (rep=14, index=0): {'leftStreamFlip': False, 'oneTarget': False, 'trialInstructionPos': (0, 1), 'probe': 'both', 'rightStreamFlip': False, 'horizVert': True, 'ISIframes': 2, 'rightResponseFirst': True}
778.2368 	INFO 	numtrials=360 and this trialDurFrames=3 or 50.0 ms  task=T1
779.2225 	EXP 	window1: recordFrameIntervals = False
779.2317 	INFO 	Mouse: using default window
780.0898 	DATA 	Keypress: e
780.7919 	DATA 	Keypress: x
780.9576 	EXP 	New trial (rep=14, index=1): {'leftStreamFlip': False, 'oneTarget': False, 'trialInstructionPos': (0, -1), 'probe': 'both', 'rightStreamFlip': False, 'horizVert': True, 'ISIframes': 2, 'rightResponseFirst': True}
780.9702 	INFO 	numtrials=360 and this trialDurFrames=3 or 50.0 ms  task=T1
782.1219 	EXP 	window1: recordFrameIntervals = False
782.1308 	INFO 	Mouse: using default window
783.2905 	DATA 	Keypress: a
783.6240 	DATA 	Keypress: y
783.7835 	EXP 	New trial (rep=14, index=2): {'leftStreamFlip': False, 'oneTarget': True, 'trialInstructionPos': (0, 1), 'probe': 'both', 'rightStreamFlip': False, 'horizVert': True, 'ISIframes': 2, 'rightResponseFirst': True}
783.8036 	INFO 	numtrials=360 and this trialDurFrames=3 or 50.0 ms  task=T1
785.0059 	EXP 	window1: recordFrameIntervals = False
785.0147 	INFO 	Mouse: using default window
785.8410 	DATA 	Keypress: u
785.9824 	EXP 	New trial (rep=14, index=3): {'leftStreamFlip': False, 'oneTarget': True, 'trialInstructionPos': (0, -1), 'probe': 'both', 'rightStreamFlip': False, 'horizVert': True, 'ISIframes': 2, 'rightResponseFirst': False}
786.0035 	INFO 	numtrials=360 and this trialDurFrames=3 or 50.0 ms  task=T1
787.1570 	EXP 	window1: recordFrameIntervals = False
787.1801 	INFO 	Mouse: using default window
787.9223 	DATA 	Keypress: e
788.0674 	EXP 	New trial (rep=14, index=4): {'leftStreamFlip': False, 'oneTarget': False, 'trialInstructionPos': (0, 1), 'probe': 'both', 'rightStreamFlip': False, 'horizVert': True, 'ISIframes': 2, 'rightResponseFirst': False}
788.0868 	INFO 	numtrials=360 and this trialDurFrames=3 or 50.0 ms  task=T1
789.0736 	EXP 	window1: recordFrameIntervals = False
789.0918 	INFO 	Mouse: using default window
790.0737 	DATA 	Keypress: j
790.1886 	DATA 	Keypress: e
790.3384 	EXP 	New trial (rep=14, index=5): {'leftStreamFlip': False, 'oneTarget': False, 'trialInstructionPos': (0, 1), 'probe': 'both', 'rightStreamFlip': False, 'horizVert': True, 'ISIframes': 2, 'rightResponseFirst': True}
790.3534 	INFO 	numtrials=360 and this trialDurFrames=4 or 66.6666666667 ms  task=T1
791.5061 	EXP 	window1: recordFrameIntervals = False
791.5219 	INFO 	Mouse: using default window
793.0228 	DATA 	Keypress: h
793.2229 	DATA 	Keypress: j
793.3744 	EXP 	New trial (rep=14, index=6): {'leftStreamFlip': False, 'oneTarget': False, 'trialInstructionPos': (0, -1), 'probe': 'both', 'rightStreamFlip': False, 'horizVert': True, 'ISIframes': 2, 'rightResponseFirst': False}
793.3869 	INFO 	numtrials=360 and this trialDurFrames=4 or 66.6666666667 ms  task=T1
794.4384 	EXP 	window1: recordFrameIntervals = False
794.4458 	INFO 	Mouse: using default window
796.7578 	DATA 	Keypress: a
796.8894 	DATA 	Keypress: c
797.0337 	EXP 	New trial (rep=14, index=7): {'leftStreamFlip': False, 'oneTarget': True, 'trialInstructionPos': (0, 1), 'probe': 'both', 'rightStreamFlip': False, 'horizVert': True, 'ISIframes': 2, 'rightResponseFirst': False}
797.0534 	INFO 	numtrials=360 and this trialDurFrames=3 or 50.0 ms  task=T1
798.1891 	EXP 	window1: recordFrameIntervals = False
798.2051 	INFO 	Mouse: using default window
799.3406 	DATA 	Keypress: h
799.4812 	EXP 	New trial (rep=14, index=8): {'leftStreamFlip': False, 'oneTarget': False, 'trialInstructionPos': (0, -1), 'probe': 'both', 'rightStreamFlip': False, 'horizVert': True, 'ISIframes': 2, 'rightResponseFirst': False}
799.5034 	INFO 	numtrials=360 and this trialDurFrames=4 or 66.6666666667 ms  task=T1
800.6061 	EXP 	window1: recordFrameIntervals = False
800.6168 	INFO 	Mouse: using default window
801.4571 	DATA 	Keypress: n
801.7739 	DATA 	Keypress: z
801.9229 	EXP 	New trial (rep=14, index=9): {'leftStreamFlip': False, 'oneTarget': False, 'trialInstructionPos': (0, 1), 'probe': 'both', 'rightStreamFlip': False, 'horizVert': True, 'ISIframes': 2, 'rightResponseFirst': False}
801.9367 	INFO 	numtrials=360 and this trialDurFrames=4 or 66.6666666667 ms  task=T1
803.0226 	EXP 	window1: recordFrameIntervals = False
803.0389 	INFO 	Mouse: using default window
804.2730 	DATA 	Keypress: z
804.6235 	DATA 	Keypress: s
804.7685 	EXP 	New trial (rep=14, index=10): {'leftStreamFlip': False, 'oneTarget': False, 'trialInstructionPos': (0, -1), 'probe': 'both', 'rightStreamFlip': False, 'horizVert': True, 'ISIframes': 2, 'rightResponseFirst': True}
804.7867 	INFO 	numtrials=360 and this trialDurFrames=4 or 66.6666666667 ms  task=T1
805.9384 	EXP 	window1: recordFrameIntervals = False
805.9464 	INFO 	Mouse: using default window
807.0895 	DATA 	Keypress: t
807.4410 	DATA 	Keypress: m
807.5896 	EXP 	New trial (rep=14, index=11): {'leftStreamFlip': False, 'oneTarget': True, 'trialInstructionPos': (0, -1), 'probe': 'both', 'rightStreamFlip': False, 'horizVert': True, 'ISIframes': 2, 'rightResponseFirst': True}
807.6033 	INFO 	numtrials=360 and this trialDurFrames=4 or 66.6666666667 ms  task=T1
808.6221 	EXP 	window1: recordFrameIntervals = False
808.6305 	INFO 	Mouse: using default window
809.3405 	DATA 	Keypress: e
809.4870 	EXP 	New trial (rep=15, index=0): {'leftStreamFlip': False, 'oneTarget': True, 'trialInstructionPos': (0, 1), 'probe': 'both', 'rightStreamFlip': False, 'horizVert': True, 'ISIframes': 2, 'rightResponseFirst': True}
809.5033 	INFO 	numtrials=360 and this trialDurFrames=4 or 66.6666666667 ms  task=T1
810.5227 	EXP 	window1: recordFrameIntervals = False
810.5312 	INFO 	Mouse: using default window
811.1226 	DATA 	Keypress: m
811.2673 	EXP 	New trial (rep=15, index=1): {'leftStreamFlip': False, 'oneTarget': False, 'trialInstructionPos': (0, -1), 'probe': 'both', 'rightStreamFlip': False, 'horizVert': True, 'ISIframes': 2, 'rightResponseFirst': False}
811.2866 	INFO 	numtrials=360 and this trialDurFrames=4 or 66.6666666667 ms  task=T1
812.3548 	EXP 	window1: recordFrameIntervals = False
812.3629 	INFO 	Mouse: using default window
814.0057 	DATA 	Keypress: z
814.0573 	DATA 	Keypress: y
814.2159 	EXP 	New trial (rep=15, index=2): {'leftStreamFlip': False, 'oneTarget': False, 'trialInstructionPos': (0, 1), 'probe': 'both', 'rightStreamFlip': False, 'horizVert': True, 'ISIframes': 2, 'rightResponseFirst': True}
814.2368 	INFO 	numtrials=360 and this trialDurFrames=4 or 66.6666666667 ms  task=T1
815.4229 	EXP 	window1: recordFrameIntervals = False
815.4386 	INFO 	Mouse: using default window
816.1227 	DATA 	Keypress: a
816.1718 	DATA 	Keypress: h
816.3194 	EXP 	New trial (rep=15, index=3): {'leftStreamFlip': False, 'oneTarget': False, 'trialInstructionPos': (0, 1), 'probe': 'both', 'rightStreamFlip': False, 'horizVert': True, 'ISIframes': 2, 'rightResponseFirst': True}
816.3369 	INFO 	numtrials=360 and this trialDurFrames=4 or 66.6666666667 ms  task=T1
817.5553 	EXP 	window1: recordFrameIntervals = False
817.5638 	INFO 	Mouse: using default window
818.4257 	DATA 	Keypress: r
818.4727 	DATA 	Keypress: u
818.6168 	EXP 	New trial (rep=15, index=4): {'leftStreamFlip': False, 'oneTarget': False, 'trialInstructionPos': (0, -1), 'probe': 'both', 'rightStreamFlip': False, 'horizVert': True, 'ISIframes': 2, 'rightResponseFirst': True}
818.6368 	INFO 	numtrials=360 and this trialDurFrames=4 or 66.6666666667 ms  task=T1
819.8381 	EXP 	window1: recordFrameIntervals = False
819.8461 	INFO 	Mouse: using default window
820.5572 	DATA 	Keypress: a
820.6386 	DATA 	Keypress: j
820.7860 	EXP 	New trial (rep=15, index=5): {'leftStreamFlip': False, 'oneTarget': True, 'trialInstructionPos': (0, -1), 'probe': 'both', 'rightStreamFlip': False, 'horizVert': True, 'ISIframes': 2, 'rightResponseFirst': True}
820.8032 	INFO 	numtrials=360 and this trialDurFrames=4 or 66.6666666667 ms  task=T1
821.8734 	EXP 	window1: recordFrameIntervals = False
821.8885 	INFO 	Mouse: using default window
825.9564 	DATA 	Keypress: n
826.1011 	EXP 	New trial (rep=15, index=6): {'leftStreamFlip': False, 'oneTarget': False, 'trialInstructionPos': (0, -1), 'probe': 'both', 'rightStreamFlip': False, 'horizVert': True, 'ISIframes': 2, 'rightResponseFirst': False}
826.1201 	INFO 	numtrials=360 and this trialDurFrames=4 or 66.6666666667 ms  task=T1
827.3389 	EXP 	window1: recordFrameIntervals = False
827.3457 	INFO 	Mouse: using default window
829.9730 	DATA 	Keypress: j
830.4730 	DATA 	Keypress: j
830.6198 	EXP 	New trial (rep=15, index=7): {'leftStreamFlip': False, 'oneTarget': True, 'trialInstructionPos': (0, 1), 'probe': 'both', 'rightStreamFlip': False, 'horizVert': True, 'ISIframes': 2, 'rightResponseFirst': False}
830.6366 	INFO 	numtrials=360 and this trialDurFrames=4 or 66.6666666667 ms  task=T1
831.6404 	EXP 	window1: recordFrameIntervals = False
831.6567 	INFO 	Mouse: using default window
832.5229 	DATA 	Keypress: g
832.6670 	EXP 	New trial (rep=15, index=8): {'leftStreamFlip': False, 'oneTarget': False, 'trialInstructionPos': (0, 1), 'probe': 'both', 'rightStreamFlip': False, 'horizVert': True, 'ISIframes': 2, 'rightResponseFirst': False}
832.6868 	INFO 	numtrials=360 and this trialDurFrames=4 or 66.6666666667 ms  task=T1
833.7886 	EXP 	window1: recordFrameIntervals = False
833.7969 	INFO 	Mouse: using default window
834.5061 	DATA 	Keypress: m
834.7393 	DATA 	Keypress: k
834.8844 	EXP 	New trial (rep=15, index=9): {'leftStreamFlip': False, 'oneTarget': False, 'trialInstructionPos': (0, 1), 'probe': 'both', 'rightStreamFlip': False, 'horizVert': True, 'ISIframes': 2, 'rightResponseFirst': False}
834.9035 	INFO 	numtrials=360 and this trialDurFrames=4 or 66.6666666667 ms  task=T1
836.0396 	EXP 	window1: recordFrameIntervals = False
836.0498 	INFO 	Mouse: using default window
837.3228 	DATA 	Keypress: h
837.5065 	DATA 	Keypress: t
837.6502 	EXP 	New trial (rep=15, index=10): {'leftStreamFlip': False, 'oneTarget': False, 'trialInstructionPos': (0, -1), 'probe': 'both', 'rightStreamFlip': False, 'horizVert': True, 'ISIframes': 2, 'rightResponseFirst': True}
837.6732 	INFO 	numtrials=360 and this trialDurFrames=4 or 66.6666666667 ms  task=T1
838.8393 	EXP 	window1: recordFrameIntervals = False
838.8489 	INFO 	Mouse: using default window
840.2895 	DATA 	Keypress: lctrl
840.4091 	DATA 	Keypress: lshift
855.9562 	DATA 	Keypress: lctrl
856.0570 	DATA 	Keypress: lshift
856.4731 	DATA 	Keypress: z
856.4928 	INFO 	Stopping at 14:21 on 09 Aug 2018
856.4941 	ERROR 	user aborted experiment on keypress with trials done=190 of 361
856.5119 	INFO 	Program terminating normally.
