21.1769 	EXP 	Created window1 = Window(allowGUI=False, allowStencil=False, autoLog=True, bitsMode=UNKNOWN, blendMode='avg', color=array([-0.7, -0.7, -0.7]), colorSpace='rgb', fullscr=UNKNOWN, gamma=None, lms=UNKNOWN, monitor=<psychopy.monitors.calibTools.Monitor object at 0x1B3FE3B0>, name='window1', pos=[0, 0], screen=0, size=array([1920, 1080]), stereo=False, units='deg', useFBO=False, useRetina=False, viewOri=0.0, viewPos=None, viewScale=None, waitBlanking=False, winType='pyglet')
21.1769 	INFO 	Mouse: using default window
21.1772 	EXP 	window1: units = 'norm'
21.2739 	EXP 	Created unnamed ImageStim = ImageStim(autoLog=True, color=array([ 1.,  1.,  1.]), colorSpace='rgb', contrast=1.0, depth=0, flipHoriz=False, flipVert=False, image=str(...), interpolate=False, mask=None, maskParams=None, name='unnamed ImageStim', opacity=1.0, ori=0.0, pos=array([-0.5,  0. ]), size=array([ 1.290625  ,  3.24814815]), texRes=128, units='norm', win=Window(...))
21.3410 	EXP 	Created unnamed ImageStim = ImageStim(autoLog=True, color=array([ 1.,  1.,  1.]), colorSpace='rgb', contrast=1.0, depth=0, flipHoriz=False, flipVert=False, image=str(...), interpolate=False, mask=None, maskParams=None, name='unnamed ImageStim', opacity=1.0, ori=0.0, pos=array([ 0.5,  0. ]), size=array([ 1.290625  ,  3.24814815]), texRes=128, units='norm', win=Window(...))
21.3565 	EXP 	Created OKrespZone = GratingStim(autoDraw=False, autoLog=True, color=array([ 1. ,  0.5,  0.5]), colorSpace='rgb', contrast=1.0, depth=0, interpolate=False, mask='gauss', maskParams=None, name='OKrespZone', opacity=1.0, ori=0.0, phase=array([ 0.,  0.]), pos=array([-0.2 , -0.92]), rgbPedestal=array([ 0.,  0.,  0.]), sf=array([ 0.,  0.]), size=array([ 2.3,  0.2]), tex='sin', texRes=256, units='norm', win=Window(...))
21.5631 	EXP 	unnamed ImageStim: size = (1, 2)
21.5631 	EXP 	unnamed ImageStim: size = (1, 2)
41.4530 	DATA 	Mouse: Left button down, pos=(858,56)
41.4694 	EXP 	window1: units = 'deg'
41.4696 	EXP 	window1: units = 'norm'
41.4898 	EXP 	Created OKrespZone = GratingStim(autoDraw=False, autoLog=True, color=array([ 1. ,  0.5,  0.5]), colorSpace='rgb', contrast=1.0, depth=0, interpolate=False, mask='gauss', maskParams=None, name='OKrespZone', opacity=1.0, ori=0.0, phase=array([ 0.,  0.]), pos=array([-0.2 , -0.92]), rgbPedestal=array([ 0.,  0.,  0.]), sf=array([ 0.,  0.]), size=array([ 2.3,  0.2]), tex='sin', texRes=256, units='norm', win=Window(...))
41.5723 	EXP 	Created unnamed ImageStim = ImageStim(autoLog=True, color=array([ 1.,  1.,  1.]), colorSpace='rgb', contrast=1.0, depth=0, flipHoriz=False, flipVert=False, image='abgdj\\PISandConsentForm\\consentForm.png', interpolate=False, mask=None, maskParams=None, name='unnamed ImageStim', opacity=1.0, ori=0.0, pos=array([ 0.,  0.]), size=array([ 1.3375    ,  2.97407407]), texRes=128, units='norm', win=Window(...))
41.6080 	EXP 	Created unnamed GratingStim = GratingStim(autoDraw=False, autoLog=True, color=array([ 1. ,  0.5,  0.5]), colorSpace='rgb', contrast=1.0, depth=0, interpolate=False, mask='gauss', maskParams=None, name='unnamed GratingStim', opacity=1.0, ori=0.0, phase=array([ 0.,  0.]), pos=array([-0.2 , -0.42]), rgbPedestal=array([ 0.,  0.,  0.]), sf=array([ 0.,  0.]), size=array([ 0.3,  0.2]), tex='sin', texRes=256, units='norm', win=Window(...))
41.6519 	EXP 	Created unnamed GratingStim = GratingStim(autoDraw=False, autoLog=True, color=array([ 1. ,  0.5,  0.5]), colorSpace='rgb', contrast=1.0, depth=0, interpolate=False, mask='gauss', maskParams=None, name='unnamed GratingStim', opacity=1.0, ori=0.0, phase=array([ 0.,  0.]), pos=array([ 0.1 , -0.42]), rgbPedestal=array([ 0.,  0.,  0.]), sf=array([ 0.,  0.]), size=array([ 0.3,  0.2]), tex='sin', texRes=256, units='norm', win=Window(...))
41.6741 	EXP 	Created unnamed GratingStim = GratingStim(autoDraw=False, autoLog=True, color=array([ 1. ,  0.5,  0.5]), colorSpace='rgb', contrast=1.0, depth=0, interpolate=False, mask='gauss', maskParams=None, name='unnamed GratingStim', opacity=1.0, ori=0.0, phase=array([ 0.,  0.]), pos=array([-0.2 , -0.72]), rgbPedestal=array([ 0.,  0.,  0.]), sf=array([ 0.,  0.]), size=array([ 0.3,  0.2]), tex='sin', texRes=256, units='norm', win=Window(...))
41.6958 	EXP 	Created unnamed GratingStim = GratingStim(autoDraw=False, autoLog=True, color=array([ 1. ,  0.5,  0.5]), colorSpace='rgb', contrast=1.0, depth=0, interpolate=False, mask='gauss', maskParams=None, name='unnamed GratingStim', opacity=1.0, ori=0.0, phase=array([ 0.,  0.]), pos=array([ 0.1 , -0.72]), rgbPedestal=array([ 0.,  0.,  0.]), sf=array([ 0.,  0.]), size=array([ 0.3,  0.2]), tex='sin', texRes=256, units='norm', win=Window(...))
41.6989 	DATA 	Mouse:  Left button up, pos=(858,56)
41.7041 	EXP 	unnamed ImageStim: size = (1.1, 2)
54.1717 	DATA 	Mouse: Left button down, pos=(789,303)
54.2695 	DATA 	Mouse:  Left button up, pos=(789,303)
55.0381 	DATA 	Mouse: Left button down, pos=(774,144)
55.1398 	DATA 	Mouse:  Left button up, pos=(774,143)
74.7197 	DATA 	Mouse: Left button down, pos=(916,37)
74.7362 	EXP 	window1: units = 'deg'
74.7412 	EXP 	window1: mouseVisible = True
86.4867 	EXP 	Created window1 = Window(allowGUI=False, allowStencil=False, autoLog=True, bitsMode=UNKNOWN, blendMode='avg', color=array([-0.7, -0.7, -0.7]), colorSpace='rgb', fullscr=UNKNOWN, gamma=None, lms=UNKNOWN, monitor=<psychopy.monitors.calibTools.Monitor object at 0x1B3FE3B0>, name='window1', pos=[0, 0], screen=0, size=array([1920, 1080]), stereo=False, units='deg', useFBO=False, useRetina=False, viewOri=0.0, viewPos=None, viewScale=None, waitBlanking=False, winType='pyglet')
90.9206 	INFO 	#[ PsychoPy2 RuntimeInfoStart ]
  #[[ PsychoPy ]] #---------
    psychopyVersion: 1.84.2
    psychopyHaveExtRush: True
  #[[ Experiment ]] #---------
    experimentAuthor: None
    experimentAuthVersion: None
    experimentRunTime: 2018_08_09 11:11 (Year_Month_Day Hour:Min)
    experimentRunTime.epoch: 1533777113
    experimentScript: psyc1002.py
    experimentScript.digestSHA1: 03993779484d600ea4c1b8cc2288f3d37a5025d5
    experimentScript.directory: U:\PSYC1002\abgdj
  #[[ System ]] #---------
    systemHaveInternetAccess: True
    systemHostName: W5FH1LG2
    systemLocale: English_United States.1252
    systemMemFreeRAM: 3787.94140625
    systemMemTotalRAM: 8076.9453125
    systemPlatform: windowsversion=sys.getwindowsversion(major=6, minor=2, build=9200, platform=2, service_pack='')
    systemPyo.InputDevices: {4: {'host api index': 2, 'latency': 0.008707483299076557, 'default sr': 44100, 'name': u'Realtek ASIO'}}
    systemPyo.OutputDevices: {0: {'host api index': 0, 'latency': 0.09000000357627869, 'default sr': 44100, 'name': u'Microsoft Sound Mapper - Output'}, 1: {'host api index': 0, 'latency': 0.09000000357627869, 'default sr': 44100, 'name': u'Speakers / Headphones (Realtek '}, 2: {'host api index': 1, 'latency': 0.11999999731779099, 'default sr': 44100, 'name': u'Primary Sound Driver'}, 3: {'host api index': 1, 'latency': 0.11999999731779099, 'default sr': 44100, 'name': u'Speakers / Headphones (Realtek High Definition Audio)'}, 4: {'host api index': 2, 'latency': 0.008707483299076557, 'default sr': 44100, 'name': u'Realtek ASIO'}, 5: {'host api index': 3, 'latency': 0.003000000026077032, 'default sr': 48000, 'name': u'Speakers / Headphones (Realtek High Definition Audio)'}}
    systemPyoVersion: 0.8.0
    systemRebooted: System Boot Time:          8/9/2018, 2:24:14 AM
    systemSec.pythonSSL: True
    systemTimeNumpySD1000000_sec: 0.0082
    systemUser: allo6448
    systemUserID: 1000
    systemUserProcCmdPid: LabStatsUserSpace.exe dwm.exe TiWorker.exe CmRcService.exe nierserver.exe LabStatsClient.exe tagsrv.exe SearchUI.exe OneDrive.exe nipxism.exe WmiPrvSE.exe niLxiDiscovery.exe SecurityHealthService.exe redirector.exe SearchProtocolHost.exe server_admin.exe pc-client.exe lkads.exe svchost.exe ni_usbmon.exe AGSService.exe System SISIDSService.exe SelfServicePlugin.exe explorer.exe smss.exe ApplicationWebServer.exe RuntimeBroker.exe acrotray.exe niauth_daemon.exe cmd.exe nidmsrv.exe Receiver.exe SISIPSService.exe lktsrv.exe lsass.exe python.exe RtkNGUI64.exe sisipsutil.exe AdobeUpdateService.exe armsvc.exe ssonsvr.exe concentr.exe nidevldu.exe taskhostw.exe ctfmon.exe RAVBg64.exe ''Memory Compression'' NIWebServiceContainer.exe nimxs.exe RtkAudioService64.exe chrome.exe SystemWebServer.exe tasklist.exe snowagent.exe CcmExec.exe SearchFilterHost.exe SmcGui.exe nicitdl5.exe ''System Idle Process'' services.exe niDiscSvc.exe sqlwriter.exe MSASCuiL.exe SCNotification.exe nimdnsResponder.exe server_runtime.exe sihost.exe spoolsv.exe wininit.exe winlogon.exe ShellExperienceHost.exe nidevmon.exe SearchIndexer.exe csrss.exe TrustedInstaller.exe audiodg.exe fontdrvhost.exe unsecapp.exe ccSvcHst.exe wfcrun32.exe MSOSYNC.EXE nisvcloc.exe server_eventlog.exe lkcitdl.exe AuthManSvr.exe conhost.exe
    systemUserProcCount: 181
    systemUserProcFlagged: Explorer
    systemUsersCount: False
  #[[ Window ]] #---------
    windowWinType: pyglet
    windowWaitBlanking: False
    windowUseNativeGamma: True
    windowUnits: deg
    windowSize_pix: [1920 1080]
    windowScreen: 0
    windowRgb: [-0.7 -0.7 -0.7]
    windowRefreshTimeSD_ms: 0.253
    windowRefreshTimeMedian_ms: 16.691
    windowRefreshTimeAvg_ms: 16.669
    windowRefreshThreshold_sec: 0.0199
    windowRecordFrameIntervals: False
    windowPos_pix: [0, 0]
    windowMonitor.name: testmonitor
    windowMonitor.getWidth_cm: 57.0
    windowMonitor.getLinearizeMethod: 1
    windowMonitor.getGammaGrid: [[  0.   1.   1.  nan  nan  nan]
 [  0.   1.   1.  nan  nan  nan]
 [  0.   1.   1.  nan  nan  nan]
 [  0.   1.   1.  nan  nan  nan]]
    windowMonitor.getDistance_cm: 57.0
    windowMonitor.gammaInterpolator2: None
    windowMonitor.gammaInterpolator: None
    windowMonitor.currentCalibName: 2018_08_09 11:09
    windowIsFullScr: True
    windowHaveShaders: True
    windowAllowGUI: False
  #[[ Python ]] #---------
    pythonWxVersion: 3.0.2.0 msw (classic)
    pythonVersion: 2.7.11
    pythonScipyVersion: 0.17.1
    pythonPygletVersion: 1.2.4
    pythonPygameVersion: 1.9.2pre
    pythonNumpyVersion: 1.11.0
    pythonMatplotlibVersion: 1.5.1
    pythonFullVersion: 2.7.11 (v2.7.11:6d1b6a68f775, Dec  5 2015, 20:32:19) [MSC v.1500 32 bit (Intel)]
    pythonExecutable: C:\Program Files (x86)\PsychoPy2\python.exe
  #[[ OpenGL ]] #---------
    openGLVersion: 4.4.0 - Build 21.20.16.4627
    openGLVendor: Intel
    openGLRenderingEngine: Intel(R) HD Graphics 530
    openGLmaxVerticesInVertexArray: 1048576
    False: openGLext.GL_STEREO
    True: openGLext.GL_EXT_framebuffer_object
    True: openGLext.GL_ARB_vertex_shader
    True: openGLext.GL_ARB_texture_non_power_of_two
    True: openGLext.GL_ARB_texture_float
    True: openGLext.GL_ARB_shader_objects
    True: openGLext.GL_ARB_multitexture
    True: openGLext.GL_ARB_fragment_program
#[ PsychoPy2 RuntimeInfoEnd ]

90.9695 	EXP 	window1: recordFrameIntervals = True
91.8028 	EXP 	window1: recordFrameIntervals = False
91.8101 	INFO 	Frames per second ~=60.1, which is close enough to desired val of 60.0
92.0192 	EXP 	Created sequence: random, trialTypes=12, nReps=30, seed=None
92.2045 	INFO 	Mouse: using default window
92.2261 	EXP 	Created OKrespZone = GratingStim(autoDraw=False, autoLog=True, color=array([ 1.,  1.,  1.]), colorSpace='rgb', contrast=1.0, depth=0, interpolate=False, mask='gauss', maskParams=None, name='OKrespZone', opacity=1.0, ori=0.0, phase=array([ 0.,  0.]), pos=array([ 0.  ,  0.88]), rgbPedestal=array([ 0.,  0.,  0.]), sf=array([ 0.,  0.]), size=array([ 2. ,  0.2]), tex='sin', texRes=256, units='norm', win=Window(...))
100.9070 	DATA 	Mouse: Left button down, pos=(176,944)
100.9866 	DATA 	Mouse:  Left button up, pos=(175,944)
116.1389 	DATA 	Mouse: Left button down, pos=(577,670)
116.2346 	DATA 	Mouse:  Left button up, pos=(577,670)
122.6589 	DATA 	Mouse: Left button down, pos=(893,679)
122.7626 	DATA 	Mouse:  Left button up, pos=(893,679)
130.6997 	DATA 	Mouse: Left button down, pos=(1196,681)
130.8106 	DATA 	Mouse:  Left button up, pos=(1196,681)
137.3633 	DATA 	Mouse: Left button down, pos=(1385,749)
137.4746 	DATA 	Mouse:  Left button up, pos=(1385,749)
141.7469 	DATA 	Mouse: Left button down, pos=(1322,53)
141.8509 	DATA 	Mouse:  Left button up, pos=(1322,49)
149.8910 	DATA 	Mouse: Left button down, pos=(1781,672)
149.9867 	DATA 	Mouse:  Left button up, pos=(1781,672)
158.1310 	DATA 	Mouse: Left button down, pos=(1134,824)
158.2587 	DATA 	Mouse:  Left button up, pos=(1134,824)
160.5069 	DATA 	Mouse: Left button down, pos=(492,191)
160.6186 	DATA 	Mouse:  Left button up, pos=(492,191)
161.2428 	DATA 	Mouse: Left button down, pos=(130,403)
161.3708 	DATA 	Mouse:  Left button up, pos=(130,402)
162.8109 	DATA 	Mouse: Left button down, pos=(1050,1019)
162.8273 	INFO 	Experiment will have 360 trials. Letters will be drawn with superposed noise of 0.00%
162.8415 	EXP 	New trial (rep=0, index=0): {'leftStreamFlip': False, 'oneTarget': True, 'trialInstructionPos': (0, 1), 'probe': 'both', 'rightStreamFlip': False, 'horizVert': True, 'ISIframes': 3, 'rightResponseFirst': False}
162.8416 	INFO 	Starting main part of experiment
162.9204 	DATA 	Mouse:  Left button up, pos=(1050,1019)
164.0366 	INFO 	numtrials=360 and this trialDurFrames=41 or 683.333333333 ms  task=T1
166.1697 	EXP 	window1: recordFrameIntervals = False
166.1809 	INFO 	Mouse: using default window
171.8867 	DATA 	Keypress: r
172.0510 	EXP 	New trial (rep=0, index=1): {'leftStreamFlip': False, 'oneTarget': False, 'trialInstructionPos': (0, 1), 'probe': 'both', 'rightStreamFlip': False, 'horizVert': True, 'ISIframes': 3, 'rightResponseFirst': False}
178.2034 	DATA 	Mouse: Left button down, pos=(1445,638)
178.3366 	DATA 	Mouse:  Left button up, pos=(1445,638)
179.7367 	DATA 	Mouse: Left button down, pos=(1856,727)
179.8699 	DATA 	Mouse:  Left button up, pos=(1856,727)
181.5698 	INFO 	numtrials=360 and this trialDurFrames=32 or 533.333333333 ms  task=T1
183.6199 	EXP 	window1: recordFrameIntervals = False
183.6282 	INFO 	Mouse: using default window
186.4033 	DATA 	Keypress: s
188.2700 	DATA 	Keypress: z
188.4148 	EXP 	New trial (rep=0, index=2): {'leftStreamFlip': False, 'oneTarget': True, 'trialInstructionPos': (0, -1), 'probe': 'both', 'rightStreamFlip': False, 'horizVert': True, 'ISIframes': 3, 'rightResponseFirst': True}
188.4368 	INFO 	numtrials=360 and this trialDurFrames=26 or 433.333333333 ms  task=T1
190.2866 	EXP 	window1: recordFrameIntervals = False
190.2949 	INFO 	Mouse: using default window
191.7534 	DATA 	Keypress: j
191.8952 	EXP 	New trial (rep=0, index=3): {'leftStreamFlip': False, 'oneTarget': True, 'trialInstructionPos': (0, -1), 'probe': 'both', 'rightStreamFlip': False, 'horizVert': True, 'ISIframes': 3, 'rightResponseFirst': False}
191.9201 	INFO 	numtrials=360 and this trialDurFrames=26 or 433.333333333 ms  task=T1
193.4531 	EXP 	window1: recordFrameIntervals = False
193.4614 	INFO 	Mouse: using default window
194.4534 	DATA 	Keypress: f
194.5925 	EXP 	New trial (rep=0, index=4): {'leftStreamFlip': False, 'oneTarget': False, 'trialInstructionPos': (0, 1), 'probe': 'both', 'rightStreamFlip': False, 'horizVert': True, 'ISIframes': 3, 'rightResponseFirst': True}
202.9368 	INFO 	numtrials=360 and this trialDurFrames=20 or 333.333333333 ms  task=T1
204.3197 	EXP 	window1: recordFrameIntervals = False
204.3276 	INFO 	Mouse: using default window
206.0033 	DATA 	Keypress: f
206.9202 	DATA 	Keypress: h
207.0609 	EXP 	New trial (rep=0, index=5): {'leftStreamFlip': False, 'oneTarget': False, 'trialInstructionPos': (0, 1), 'probe': 'both', 'rightStreamFlip': False, 'horizVert': True, 'ISIframes': 3, 'rightResponseFirst': True}
207.0861 	INFO 	numtrials=360 and this trialDurFrames=5 or 83.3333333333 ms  task=T1
208.1365 	EXP 	window1: recordFrameIntervals = False
208.1449 	INFO 	Mouse: using default window
209.4369 	DATA 	Keypress: a
210.1701 	DATA 	Keypress: g
210.3135 	EXP 	New trial (rep=0, index=6): {'leftStreamFlip': False, 'oneTarget': True, 'trialInstructionPos': (0, 1), 'probe': 'both', 'rightStreamFlip': False, 'horizVert': True, 'ISIframes': 3, 'rightResponseFirst': True}
210.3362 	INFO 	numtrials=360 and this trialDurFrames=5 or 83.3333333333 ms  task=T1
211.4366 	EXP 	window1: recordFrameIntervals = False
211.4442 	INFO 	Mouse: using default window
212.4869 	DATA 	Keypress: h
212.6278 	EXP 	New trial (rep=0, index=7): {'leftStreamFlip': False, 'oneTarget': False, 'trialInstructionPos': (0, -1), 'probe': 'both', 'rightStreamFlip': False, 'horizVert': True, 'ISIframes': 3, 'rightResponseFirst': True}
212.6527 	INFO 	numtrials=360 and this trialDurFrames=5 or 83.3333333333 ms  task=T1
213.8700 	EXP 	window1: recordFrameIntervals = False
213.8785 	INFO 	Mouse: using default window
215.0368 	DATA 	Keypress: k
215.9867 	DATA 	Keypress: e
216.1297 	EXP 	New trial (rep=0, index=8): {'leftStreamFlip': False, 'oneTarget': False, 'trialInstructionPos': (0, 1), 'probe': 'both', 'rightStreamFlip': False, 'horizVert': True, 'ISIframes': 3, 'rightResponseFirst': False}
216.1527 	INFO 	numtrials=360 and this trialDurFrames=5 or 83.3333333333 ms  task=T1
217.1532 	EXP 	window1: recordFrameIntervals = False
217.1616 	INFO 	Mouse: using default window
218.9034 	DATA 	Keypress: f
219.5367 	DATA 	Keypress: a
219.6784 	EXP 	New trial (rep=0, index=9): {'leftStreamFlip': False, 'oneTarget': False, 'trialInstructionPos': (0, -1), 'probe': 'both', 'rightStreamFlip': False, 'horizVert': True, 'ISIframes': 3, 'rightResponseFirst': False}
219.7028 	INFO 	numtrials=360 and this trialDurFrames=5 or 83.3333333333 ms  task=T1
220.8032 	EXP 	window1: recordFrameIntervals = False
220.8115 	INFO 	Mouse: using default window
223.6201 	DATA 	Keypress: y
224.9034 	DATA 	Keypress: j
225.0424 	EXP 	New trial (rep=0, index=10): {'leftStreamFlip': False, 'oneTarget': False, 'trialInstructionPos': (0, -1), 'probe': 'both', 'rightStreamFlip': False, 'horizVert': True, 'ISIframes': 3, 'rightResponseFirst': False}
225.0706 	INFO 	numtrials=360 and this trialDurFrames=5 or 83.3333333333 ms  task=T1
226.1033 	EXP 	window1: recordFrameIntervals = False
226.1118 	INFO 	Mouse: using default window
227.4702 	DATA 	Keypress: g
227.9702 	DATA 	Keypress: y
228.1101 	EXP 	New trial (rep=0, index=11): {'leftStreamFlip': False, 'oneTarget': False, 'trialInstructionPos': (0, -1), 'probe': 'both', 'rightStreamFlip': False, 'horizVert': True, 'ISIframes': 3, 'rightResponseFirst': True}
228.1362 	INFO 	numtrials=360 and this trialDurFrames=4 or 66.6666666667 ms  task=T1
229.1865 	EXP 	window1: recordFrameIntervals = False
229.1949 	INFO 	Mouse: using default window
231.3368 	DATA 	Keypress: r
231.8869 	DATA 	Keypress: k
232.0263 	EXP 	New trial (rep=1, index=0): {'leftStreamFlip': False, 'oneTarget': False, 'trialInstructionPos': (0, -1), 'probe': 'both', 'rightStreamFlip': False, 'horizVert': True, 'ISIframes': 3, 'rightResponseFirst': True}
232.0539 	INFO 	numtrials=360 and this trialDurFrames=5 or 83.3333333333 ms  task=T1
233.2199 	EXP 	window1: recordFrameIntervals = False
233.2282 	INFO 	Mouse: using default window
234.5702 	DATA 	Keypress: a
234.8702 	DATA 	Keypress: y
235.0103 	EXP 	New trial (rep=1, index=1): {'leftStreamFlip': False, 'oneTarget': False, 'trialInstructionPos': (0, 1), 'probe': 'both', 'rightStreamFlip': False, 'horizVert': True, 'ISIframes': 3, 'rightResponseFirst': True}
235.0362 	INFO 	numtrials=360 and this trialDurFrames=5 or 83.3333333333 ms  task=T1
236.1533 	EXP 	window1: recordFrameIntervals = False
236.1617 	INFO 	Mouse: using default window
237.2872 	DATA 	Keypress: f
237.4369 	DATA 	Keypress: h
237.5756 	EXP 	New trial (rep=1, index=2): {'leftStreamFlip': False, 'oneTarget': False, 'trialInstructionPos': (0, 1), 'probe': 'both', 'rightStreamFlip': False, 'horizVert': True, 'ISIframes': 3, 'rightResponseFirst': False}
237.6039 	INFO 	numtrials=360 and this trialDurFrames=5 or 83.3333333333 ms  task=T1
238.6032 	EXP 	window1: recordFrameIntervals = False
238.6118 	INFO 	Mouse: using default window
239.8701 	DATA 	Keypress: g
240.0369 	DATA 	Keypress: a
240.1775 	EXP 	New trial (rep=1, index=3): {'leftStreamFlip': False, 'oneTarget': False, 'trialInstructionPos': (0, -1), 'probe': 'both', 'rightStreamFlip': False, 'horizVert': True, 'ISIframes': 3, 'rightResponseFirst': False}
240.2040 	INFO 	numtrials=360 and this trialDurFrames=5 or 83.3333333333 ms  task=T1
241.4200 	EXP 	window1: recordFrameIntervals = False
241.4283 	INFO 	Mouse: using default window
243.3536 	DATA 	Keypress: g
243.6869 	DATA 	Keypress: f
243.8263 	EXP 	New trial (rep=1, index=4): {'leftStreamFlip': False, 'oneTarget': False, 'trialInstructionPos': (0, -1), 'probe': 'both', 'rightStreamFlip': False, 'horizVert': True, 'ISIframes': 3, 'rightResponseFirst': True}
243.8531 	INFO 	numtrials=360 and this trialDurFrames=4 or 66.6666666667 ms  task=T1
244.9698 	EXP 	window1: recordFrameIntervals = False
244.9784 	INFO 	Mouse: using default window
246.9202 	DATA 	Keypress: g
248.6701 	DATA 	Keypress: g
248.8099 	EXP 	New trial (rep=1, index=5): {'leftStreamFlip': False, 'oneTarget': True, 'trialInstructionPos': (0, 1), 'probe': 'both', 'rightStreamFlip': False, 'horizVert': True, 'ISIframes': 3, 'rightResponseFirst': False}
248.8362 	INFO 	numtrials=360 and this trialDurFrames=4 or 66.6666666667 ms  task=T1
249.9533 	EXP 	window1: recordFrameIntervals = False
249.9618 	INFO 	Mouse: using default window
251.0369 	DATA 	Keypress: s
251.1774 	EXP 	New trial (rep=1, index=6): {'leftStreamFlip': False, 'oneTarget': True, 'trialInstructionPos': (0, -1), 'probe': 'both', 'rightStreamFlip': False, 'horizVert': True, 'ISIframes': 3, 'rightResponseFirst': False}
251.2040 	INFO 	numtrials=360 and this trialDurFrames=4 or 66.6666666667 ms  task=T1
252.4201 	EXP 	window1: recordFrameIntervals = False
252.4292 	INFO 	Mouse: using default window
253.9535 	DATA 	Keypress: t
254.0934 	EXP 	New trial (rep=1, index=7): {'leftStreamFlip': False, 'oneTarget': False, 'trialInstructionPos': (0, -1), 'probe': 'both', 'rightStreamFlip': False, 'horizVert': True, 'ISIframes': 3, 'rightResponseFirst': False}
254.1200 	INFO 	numtrials=360 and this trialDurFrames=4 or 66.6666666667 ms  task=T1
255.3365 	EXP 	window1: recordFrameIntervals = False
255.3453 	INFO 	Mouse: using default window
256.3371 	DATA 	Keypress: h
257.3536 	DATA 	Keypress: a
257.4929 	EXP 	New trial (rep=1, index=8): {'leftStreamFlip': False, 'oneTarget': True, 'trialInstructionPos': (0, -1), 'probe': 'both', 'rightStreamFlip': False, 'horizVert': True, 'ISIframes': 3, 'rightResponseFirst': True}
257.5197 	INFO 	numtrials=360 and this trialDurFrames=4 or 66.6666666667 ms  task=T1
258.6370 	EXP 	window1: recordFrameIntervals = False
258.6454 	INFO 	Mouse: using default window
259.8869 	DATA 	Keypress: t
260.0254 	EXP 	New trial (rep=1, index=9): {'leftStreamFlip': False, 'oneTarget': True, 'trialInstructionPos': (0, 1), 'probe': 'both', 'rightStreamFlip': False, 'horizVert': True, 'ISIframes': 3, 'rightResponseFirst': True}
260.0361 	INFO 	numtrials=360 and this trialDurFrames=4 or 66.6666666667 ms  task=T1
261.0200 	EXP 	window1: recordFrameIntervals = False
261.0289 	INFO 	Mouse: using default window
261.9368 	DATA 	Keypress: u
262.0752 	EXP 	New trial (rep=1, index=10): {'leftStreamFlip': False, 'oneTarget': False, 'trialInstructionPos': (0, 1), 'probe': 'both', 'rightStreamFlip': False, 'horizVert': True, 'ISIframes': 3, 'rightResponseFirst': True}
262.1024 	INFO 	numtrials=360 and this trialDurFrames=4 or 66.6666666667 ms  task=T1
263.2034 	EXP 	window1: recordFrameIntervals = False
263.2122 	INFO 	Mouse: using default window
264.4535 	DATA 	Keypress: r
266.2534 	DATA 	Keypress: s
266.3934 	EXP 	New trial (rep=1, index=11): {'leftStreamFlip': False, 'oneTarget': False, 'trialInstructionPos': (0, 1), 'probe': 'both', 'rightStreamFlip': False, 'horizVert': True, 'ISIframes': 3, 'rightResponseFirst': False}
266.4199 	INFO 	numtrials=360 and this trialDurFrames=4 or 66.6666666667 ms  task=T1
267.4200 	EXP 	window1: recordFrameIntervals = False
267.4285 	INFO 	Mouse: using default window
268.6702 	DATA 	Keypress: f
268.9202 	DATA 	Keypress: a
269.0589 	EXP 	New trial (rep=2, index=0): {'leftStreamFlip': False, 'oneTarget': False, 'trialInstructionPos': (0, -1), 'probe': 'both', 'rightStreamFlip': False, 'horizVert': True, 'ISIframes': 3, 'rightResponseFirst': True}
269.0858 	INFO 	numtrials=360 and this trialDurFrames=4 or 66.6666666667 ms  task=T1
270.0867 	EXP 	window1: recordFrameIntervals = False
270.0950 	INFO 	Mouse: using default window
271.2703 	DATA 	Keypress: z
271.7370 	DATA 	Keypress: g
271.8757 	EXP 	New trial (rep=2, index=1): {'leftStreamFlip': False, 'oneTarget': True, 'trialInstructionPos': (0, -1), 'probe': 'both', 'rightStreamFlip': False, 'horizVert': True, 'ISIframes': 3, 'rightResponseFirst': False}
271.8866 	INFO 	numtrials=360 and this trialDurFrames=4 or 66.6666666667 ms  task=T1
272.9369 	EXP 	window1: recordFrameIntervals = False
272.9450 	INFO 	Mouse: using default window
273.8037 	DATA 	Keypress: c
273.9432 	EXP 	New trial (rep=2, index=2): {'leftStreamFlip': False, 'oneTarget': True, 'trialInstructionPos': (0, 1), 'probe': 'both', 'rightStreamFlip': False, 'horizVert': True, 'ISIframes': 3, 'rightResponseFirst': True}
273.9702 	INFO 	numtrials=360 and this trialDurFrames=4 or 66.6666666667 ms  task=T1
274.9867 	EXP 	window1: recordFrameIntervals = False
274.9951 	INFO 	Mouse: using default window
275.9369 	DATA 	Keypress: a
276.0756 	EXP 	New trial (rep=2, index=3): {'leftStreamFlip': False, 'oneTarget': False, 'trialInstructionPos': (0, 1), 'probe': 'both', 'rightStreamFlip': False, 'horizVert': True, 'ISIframes': 3, 'rightResponseFirst': False}
276.1039 	INFO 	numtrials=360 and this trialDurFrames=4 or 66.6666666667 ms  task=T1
277.1534 	EXP 	window1: recordFrameIntervals = False
277.1623 	INFO 	Mouse: using default window
278.7038 	DATA 	Keypress: g
279.3715 	DATA 	Keypress: n
279.5277 	EXP 	New trial (rep=2, index=4): {'leftStreamFlip': False, 'oneTarget': False, 'trialInstructionPos': (0, -1), 'probe': 'both', 'rightStreamFlip': False, 'horizVert': True, 'ISIframes': 3, 'rightResponseFirst': True}
279.5530 	INFO 	numtrials=360 and this trialDurFrames=4 or 66.6666666667 ms  task=T1
280.7034 	EXP 	window1: recordFrameIntervals = False
280.7118 	INFO 	Mouse: using default window
281.7710 	DATA 	Keypress: g
282.6537 	DATA 	Keypress: e
282.7925 	EXP 	New trial (rep=2, index=5): {'leftStreamFlip': False, 'oneTarget': True, 'trialInstructionPos': (0, -1), 'probe': 'both', 'rightStreamFlip': False, 'horizVert': True, 'ISIframes': 3, 'rightResponseFirst': True}
282.8032 	INFO 	numtrials=360 and this trialDurFrames=4 or 66.6666666667 ms  task=T1
283.7868 	EXP 	window1: recordFrameIntervals = False
283.7951 	INFO 	Mouse: using default window
284.4869 	DATA 	Keypress: s
284.6264 	EXP 	New trial (rep=2, index=6): {'leftStreamFlip': False, 'oneTarget': False, 'trialInstructionPos': (0, 1), 'probe': 'both', 'rightStreamFlip': False, 'horizVert': True, 'ISIframes': 3, 'rightResponseFirst': False}
284.6541 	INFO 	numtrials=360 and this trialDurFrames=4 or 66.6666666667 ms  task=T1
285.8533 	EXP 	window1: recordFrameIntervals = False
285.8619 	INFO 	Mouse: using default window
287.3871 	DATA 	Keypress: h
290.0206 	DATA 	Keypress: j
290.1598 	EXP 	New trial (rep=2, index=7): {'leftStreamFlip': False, 'oneTarget': False, 'trialInstructionPos': (0, -1), 'probe': 'both', 'rightStreamFlip': False, 'horizVert': True, 'ISIframes': 3, 'rightResponseFirst': False}
290.1865 	INFO 	numtrials=360 and this trialDurFrames=4 or 66.6666666667 ms  task=T1
291.4034 	EXP 	window1: recordFrameIntervals = False
291.4120 	INFO 	Mouse: using default window
293.1370 	DATA 	Keypress: j
294.0871 	DATA 	Keypress: h
294.2270 	EXP 	New trial (rep=2, index=8): {'leftStreamFlip': False, 'oneTarget': True, 'trialInstructionPos': (0, 1), 'probe': 'both', 'rightStreamFlip': False, 'horizVert': True, 'ISIframes': 3, 'rightResponseFirst': False}
294.2532 	INFO 	numtrials=360 and this trialDurFrames=4 or 66.6666666667 ms  task=T1
295.4201 	EXP 	window1: recordFrameIntervals = False
295.4285 	INFO 	Mouse: using default window
296.4870 	DATA 	Keypress: g
296.6254 	EXP 	New trial (rep=2, index=9): {'leftStreamFlip': False, 'oneTarget': False, 'trialInstructionPos': (0, 1), 'probe': 'both', 'rightStreamFlip': False, 'horizVert': True, 'ISIframes': 3, 'rightResponseFirst': True}
296.6540 	INFO 	numtrials=360 and this trialDurFrames=4 or 66.6666666667 ms  task=T1
297.7867 	EXP 	window1: recordFrameIntervals = False
297.7950 	INFO 	Mouse: using default window
298.7870 	DATA 	Keypress: g
299.3036 	DATA 	Keypress: r
299.4439 	EXP 	New trial (rep=2, index=10): {'leftStreamFlip': False, 'oneTarget': False, 'trialInstructionPos': (0, -1), 'probe': 'both', 'rightStreamFlip': False, 'horizVert': True, 'ISIframes': 3, 'rightResponseFirst': False}
299.4697 	INFO 	numtrials=360 and this trialDurFrames=4 or 66.6666666667 ms  task=T1
300.6868 	EXP 	window1: recordFrameIntervals = False
300.6950 	INFO 	Mouse: using default window
302.0872 	DATA 	Keypress: r
302.6204 	DATA 	Keypress: t
302.7604 	EXP 	New trial (rep=2, index=11): {'leftStreamFlip': False, 'oneTarget': False, 'trialInstructionPos': (0, 1), 'probe': 'both', 'rightStreamFlip': False, 'horizVert': True, 'ISIframes': 3, 'rightResponseFirst': True}
302.7866 	INFO 	numtrials=360 and this trialDurFrames=4 or 66.6666666667 ms  task=T1
303.8372 	EXP 	window1: recordFrameIntervals = False
303.8449 	INFO 	Mouse: using default window
304.7869 	DATA 	Keypress: s
305.9202 	DATA 	Keypress: g
306.0610 	EXP 	New trial (rep=3, index=0): {'leftStreamFlip': False, 'oneTarget': False, 'trialInstructionPos': (0, -1), 'probe': 'both', 'rightStreamFlip': False, 'horizVert': True, 'ISIframes': 3, 'rightResponseFirst': True}
306.0864 	INFO 	numtrials=360 and this trialDurFrames=4 or 66.6666666667 ms  task=T1
307.0701 	EXP 	window1: recordFrameIntervals = False
307.0783 	INFO 	Mouse: using default window
308.4704 	DATA 	Keypress: g
311.0535 	DATA 	Keypress: f
311.1939 	EXP 	New trial (rep=3, index=1): {'leftStreamFlip': False, 'oneTarget': False, 'trialInstructionPos': (0, 1), 'probe': 'both', 'rightStreamFlip': False, 'horizVert': True, 'ISIframes': 3, 'rightResponseFirst': False}
311.2200 	INFO 	numtrials=360 and this trialDurFrames=4 or 66.6666666667 ms  task=T1
312.2700 	EXP 	window1: recordFrameIntervals = False
312.2791 	INFO 	Mouse: using default window
338.3871 	DATA 	Keypress: g
339.8703 	DATA 	Keypress: a
340.0120 	EXP 	New trial (rep=3, index=2): {'leftStreamFlip': False, 'oneTarget': True, 'trialInstructionPos': (0, -1), 'probe': 'both', 'rightStreamFlip': False, 'horizVert': True, 'ISIframes': 3, 'rightResponseFirst': False}
340.0366 	INFO 	numtrials=360 and this trialDurFrames=4 or 66.6666666667 ms  task=T1
341.1869 	EXP 	window1: recordFrameIntervals = False
341.1953 	INFO 	Mouse: using default window
342.1535 	DATA 	Keypress: m
342.2919 	EXP 	New trial (rep=3, index=3): {'leftStreamFlip': False, 'oneTarget': False, 'trialInstructionPos': (0, -1), 'probe': 'both', 'rightStreamFlip': False, 'horizVert': True, 'ISIframes': 3, 'rightResponseFirst': True}
342.3207 	INFO 	numtrials=360 and this trialDurFrames=4 or 66.6666666667 ms  task=T1
343.4535 	EXP 	window1: recordFrameIntervals = False
343.4622 	INFO 	Mouse: using default window
344.5722 	DATA 	Keypress: k
345.2037 	DATA 	Keypress: g
345.3868 	EXP 	New trial (rep=3, index=4): {'leftStreamFlip': False, 'oneTarget': False, 'trialInstructionPos': (0, 1), 'probe': 'both', 'rightStreamFlip': False, 'horizVert': True, 'ISIframes': 3, 'rightResponseFirst': True}
345.4032 	INFO 	numtrials=360 and this trialDurFrames=4 or 66.6666666667 ms  task=T1
346.4201 	EXP 	window1: recordFrameIntervals = False
346.4283 	INFO 	Mouse: using default window
348.0204 	DATA 	Keypress: h
348.5371 	DATA 	Keypress: r
348.6766 	EXP 	New trial (rep=3, index=5): {'leftStreamFlip': False, 'oneTarget': False, 'trialInstructionPos': (0, 1), 'probe': 'both', 'rightStreamFlip': False, 'horizVert': True, 'ISIframes': 3, 'rightResponseFirst': True}
348.7033 	INFO 	numtrials=360 and this trialDurFrames=4 or 66.6666666667 ms  task=T1
349.8532 	EXP 	window1: recordFrameIntervals = False
349.8620 	INFO 	Mouse: using default window
351.2037 	DATA 	Keypress: u
351.5371 	DATA 	Keypress: y
351.6756 	EXP 	New trial (rep=3, index=6): {'leftStreamFlip': False, 'oneTarget': True, 'trialInstructionPos': (0, -1), 'probe': 'both', 'rightStreamFlip': False, 'horizVert': True, 'ISIframes': 3, 'rightResponseFirst': True}
351.7032 	INFO 	numtrials=360 and this trialDurFrames=4 or 66.6666666667 ms  task=T1
352.8535 	EXP 	window1: recordFrameIntervals = False
352.8618 	INFO 	Mouse: using default window
353.8705 	DATA 	Keypress: j
354.0098 	EXP 	New trial (rep=3, index=7): {'leftStreamFlip': False, 'oneTarget': False, 'trialInstructionPos': (0, -1), 'probe': 'both', 'rightStreamFlip': False, 'horizVert': True, 'ISIframes': 3, 'rightResponseFirst': False}
354.0365 	INFO 	numtrials=360 and this trialDurFrames=4 or 66.6666666667 ms  task=T1
355.0202 	EXP 	window1: recordFrameIntervals = False
355.0285 	INFO 	Mouse: using default window
356.3209 	DATA 	Keypress: s
356.8038 	DATA 	Keypress: y
356.9450 	EXP 	New trial (rep=3, index=8): {'leftStreamFlip': False, 'oneTarget': False, 'trialInstructionPos': (0, 1), 'probe': 'both', 'rightStreamFlip': False, 'horizVert': True, 'ISIframes': 3, 'rightResponseFirst': False}
356.9700 	INFO 	numtrials=360 and this trialDurFrames=4 or 66.6666666667 ms  task=T1
358.0037 	EXP 	window1: recordFrameIntervals = False
358.0119 	INFO 	Mouse: using default window
358.9720 	DATA 	Keypress: n
359.5703 	DATA 	Keypress: r
359.7103 	EXP 	New trial (rep=3, index=9): {'leftStreamFlip': False, 'oneTarget': True, 'trialInstructionPos': (0, 1), 'probe': 'both', 'rightStreamFlip': False, 'horizVert': True, 'ISIframes': 3, 'rightResponseFirst': False}
359.7364 	INFO 	numtrials=360 and this trialDurFrames=4 or 66.6666666667 ms  task=T1
360.9035 	EXP 	window1: recordFrameIntervals = False
360.9119 	INFO 	Mouse: using default window
424.7205 	DATA 	Keypress: z
424.8608 	EXP 	New trial (rep=3, index=10): {'leftStreamFlip': False, 'oneTarget': False, 'trialInstructionPos': (0, -1), 'probe': 'both', 'rightStreamFlip': False, 'horizVert': True, 'ISIframes': 3, 'rightResponseFirst': False}
424.8876 	INFO 	numtrials=360 and this trialDurFrames=4 or 66.6666666667 ms  task=T1
425.9704 	EXP 	window1: recordFrameIntervals = False
425.9787 	INFO 	Mouse: using default window
426.0041 	DATA 	Keypress: lctrl
428.1707 	DATA 	Keypress: lctrl
428.3705 	DATA 	Keypress: lshift
428.7709 	DATA 	Keypress: z
428.7890 	INFO 	Stopping at 11:17 on 09 Aug 2018
428.7922 	ERROR 	user aborted experiment on keypress with trials done=46 of 361
428.8110 	INFO 	Program terminating normally.
