0.5908 	WARNING 	Monitor specification not found. Creating a temporary one...
19.7168 	EXP 	Created window1 = Window(allowGUI=False, allowStencil=False, autoLog=True, bitsMode=UNKNOWN, blendMode='avg', color=array([-0.7, -0.7, -0.7]), colorSpace='rgb', fullscr=UNKNOWN, gamma=None, lms=UNKNOWN, monitor=<psychopy.monitors.calibTools.Monitor object at 0x1AB53370>, name='window1', pos=[0, 0], screen=0, size=array([1920, 1080]), stereo=False, units='deg', useFBO=False, useRetina=False, viewOri=0.0, viewPos=None, viewScale=None, waitBlanking=False, winType='pyglet')
19.7168 	INFO 	Mouse: using default window
19.7173 	EXP 	window1: units = 'norm'
19.7941 	EXP 	Created unnamed ImageStim = ImageStim(autoLog=True, color=array([ 1.,  1.,  1.]), colorSpace='rgb', contrast=1.0, depth=0, flipHoriz=False, flipVert=False, image=str(...), interpolate=False, mask=None, maskParams=None, name='unnamed ImageStim', opacity=1.0, ori=0.0, pos=array([-0.5,  0. ]), size=array([ 1.290625  ,  3.24814815]), texRes=128, units='norm', win=Window(...))
19.8660 	EXP 	Created unnamed ImageStim = ImageStim(autoLog=True, color=array([ 1.,  1.,  1.]), colorSpace='rgb', contrast=1.0, depth=0, flipHoriz=False, flipVert=False, image=str(...), interpolate=False, mask=None, maskParams=None, name='unnamed ImageStim', opacity=1.0, ori=0.0, pos=array([ 0.5,  0. ]), size=array([ 1.290625  ,  3.24814815]), texRes=128, units='norm', win=Window(...))
19.8811 	EXP 	Created OKrespZone = GratingStim(autoDraw=False, autoLog=True, color=array([ 1. ,  0.5,  0.5]), colorSpace='rgb', contrast=1.0, depth=0, interpolate=False, mask='gauss', maskParams=None, name='OKrespZone', opacity=1.0, ori=0.0, phase=array([ 0.,  0.]), pos=array([-0.2 , -0.92]), rgbPedestal=array([ 0.,  0.,  0.]), sf=array([ 0.,  0.]), size=array([ 2.3,  0.2]), tex='sin', texRes=256, units='norm', win=Window(...))
20.0231 	EXP 	unnamed ImageStim: size = (1, 2)
20.0231 	EXP 	unnamed ImageStim: size = (1, 2)
73.8333 	DATA 	Mouse: Left button down, pos=(1068,41)
73.8492 	EXP 	window1: units = 'deg'
73.8496 	EXP 	window1: units = 'norm'
73.8703 	EXP 	Created OKrespZone = GratingStim(autoDraw=False, autoLog=True, color=array([ 1. ,  0.5,  0.5]), colorSpace='rgb', contrast=1.0, depth=0, interpolate=False, mask='gauss', maskParams=None, name='OKrespZone', opacity=1.0, ori=0.0, phase=array([ 0.,  0.]), pos=array([-0.2 , -0.92]), rgbPedestal=array([ 0.,  0.,  0.]), sf=array([ 0.,  0.]), size=array([ 2.3,  0.2]), tex='sin', texRes=256, units='norm', win=Window(...))
73.9479 	EXP 	Created unnamed ImageStim = ImageStim(autoLog=True, color=array([ 1.,  1.,  1.]), colorSpace='rgb', contrast=1.0, depth=0, flipHoriz=False, flipVert=False, image='abgdj\\PISandConsentForm\\consentForm.png', interpolate=False, mask=None, maskParams=None, name='unnamed ImageStim', opacity=1.0, ori=0.0, pos=array([ 0.,  0.]), size=array([ 1.3375    ,  2.97407407]), texRes=128, units='norm', win=Window(...))
73.9835 	EXP 	Created unnamed GratingStim = GratingStim(autoDraw=False, autoLog=True, color=array([ 1. ,  0.5,  0.5]), colorSpace='rgb', contrast=1.0, depth=0, interpolate=False, mask='gauss', maskParams=None, name='unnamed GratingStim', opacity=1.0, ori=0.0, phase=array([ 0.,  0.]), pos=array([-0.2 , -0.42]), rgbPedestal=array([ 0.,  0.,  0.]), sf=array([ 0.,  0.]), size=array([ 0.3,  0.2]), tex='sin', texRes=256, units='norm', win=Window(...))
74.0192 	EXP 	Created unnamed GratingStim = GratingStim(autoDraw=False, autoLog=True, color=array([ 1. ,  0.5,  0.5]), colorSpace='rgb', contrast=1.0, depth=0, interpolate=False, mask='gauss', maskParams=None, name='unnamed GratingStim', opacity=1.0, ori=0.0, phase=array([ 0.,  0.]), pos=array([ 0.1 , -0.42]), rgbPedestal=array([ 0.,  0.,  0.]), sf=array([ 0.,  0.]), size=array([ 0.3,  0.2]), tex='sin', texRes=256, units='norm', win=Window(...))
74.0394 	EXP 	Created unnamed GratingStim = GratingStim(autoDraw=False, autoLog=True, color=array([ 1. ,  0.5,  0.5]), colorSpace='rgb', contrast=1.0, depth=0, interpolate=False, mask='gauss', maskParams=None, name='unnamed GratingStim', opacity=1.0, ori=0.0, phase=array([ 0.,  0.]), pos=array([-0.2 , -0.72]), rgbPedestal=array([ 0.,  0.,  0.]), sf=array([ 0.,  0.]), size=array([ 0.3,  0.2]), tex='sin', texRes=256, units='norm', win=Window(...))
74.0601 	EXP 	Created unnamed GratingStim = GratingStim(autoDraw=False, autoLog=True, color=array([ 1. ,  0.5,  0.5]), colorSpace='rgb', contrast=1.0, depth=0, interpolate=False, mask='gauss', maskParams=None, name='unnamed GratingStim', opacity=1.0, ori=0.0, phase=array([ 0.,  0.]), pos=array([ 0.1 , -0.72]), rgbPedestal=array([ 0.,  0.,  0.]), sf=array([ 0.,  0.]), size=array([ 0.3,  0.2]), tex='sin', texRes=256, units='norm', win=Window(...))
74.0633 	DATA 	Mouse:  Left button up, pos=(1068,40)
74.0690 	EXP 	unnamed ImageStim: size = (1.1, 2)
77.3330 	DATA 	Mouse: Left button down, pos=(767,321)
77.4164 	DATA 	Mouse:  Left button up, pos=(767,321)
82.3496 	DATA 	Mouse: Left button down, pos=(777,146)
82.4185 	DATA 	Mouse:  Left button up, pos=(777,146)
83.9662 	DATA 	Mouse: Left button down, pos=(824,26)
83.9825 	EXP 	window1: units = 'deg'
83.9864 	EXP 	window1: mouseVisible = True
103.6170 	EXP 	Created window1 = Window(allowGUI=False, allowStencil=False, autoLog=True, bitsMode=UNKNOWN, blendMode='avg', color=array([-0.7, -0.7, -0.7]), colorSpace='rgb', fullscr=UNKNOWN, gamma=None, lms=UNKNOWN, monitor=<psychopy.monitors.calibTools.Monitor object at 0x1AB53370>, name='window1', pos=[0, 0], screen=0, size=array([1920, 1080]), stereo=False, units='deg', useFBO=False, useRetina=False, viewOri=0.0, viewPos=None, viewScale=None, waitBlanking=False, winType='pyglet')
107.9003 	INFO 	#[ PsychoPy2 RuntimeInfoStart ]
  #[[ PsychoPy ]] #---------
    psychopyVersion: 1.84.2
    psychopyHaveExtRush: True
  #[[ Experiment ]] #---------
    experimentAuthor: None
    experimentAuthVersion: None
    experimentRunTime: 2018_08_08 14:07 (Year_Month_Day Hour:Min)
    experimentRunTime.epoch: 1533701228
    experimentScript: psyc1002.py
    experimentScript.digestSHA1: 03993779484d600ea4c1b8cc2288f3d37a5025d5
    experimentScript.directory: U:\PSYC1002\abgdj
  #[[ System ]] #---------
    systemHaveInternetAccess: True
    systemHostName: W5FH5LG2
    systemLocale: English_Australia.1252
    systemMemFreeRAM: 4465.265625
    systemMemTotalRAM: 8076.9453125
    systemPlatform: windowsversion=sys.getwindowsversion(major=6, minor=2, build=9200, platform=2, service_pack='')
    systemPyo.InputDevices: {4: {'host api index': 2, 'latency': 0.008707483299076557, 'default sr': 44100, 'name': u'Realtek ASIO'}}
    systemPyo.OutputDevices: {0: {'host api index': 0, 'latency': 0.09000000357627869, 'default sr': 44100, 'name': u'Microsoft Sound Mapper - Output'}, 1: {'host api index': 0, 'latency': 0.09000000357627869, 'default sr': 44100, 'name': u'Speakers / Headphones (Realtek '}, 2: {'host api index': 1, 'latency': 0.11999999731779099, 'default sr': 44100, 'name': u'Primary Sound Driver'}, 3: {'host api index': 1, 'latency': 0.11999999731779099, 'default sr': 44100, 'name': u'Speakers / Headphones (Realtek High Definition Audio)'}, 4: {'host api index': 2, 'latency': 0.008707483299076557, 'default sr': 44100, 'name': u'Realtek ASIO'}, 5: {'host api index': 3, 'latency': 0.003000000026077032, 'default sr': 48000, 'name': u'Speakers / Headphones (Realtek High Definition Audio)'}}
    systemPyoVersion: 0.8.0
    systemRebooted: System Boot Time:          7/08/2018, 2:19:49 AM
    systemSec.pythonSSL: True
    systemTimeNumpySD1000000_sec: 0.0073
    systemUser: asan3886
    systemUserID: 1000
    systemUserProcCmdPid: LabStatsUserSpace.exe dwm.exe TiWorker.exe CmRcService.exe nierserver.exe LabStatsClient.exe tagsrv.exe SearchUI.exe DWRCST.EXE OneDrive.exe nipxism.exe TrustedInstaller.exe niLxiDiscovery.exe SecurityHealthService.exe redirector.exe SearchProtocolHost.exe server_admin.exe pc-client.exe lkads.exe svchost.exe smartscreen.exe ni_usbmon.exe JKIUpdate.exe AGSService.exe System SISIDSService.exe SelfServicePlugin.exe explorer.exe smss.exe ApplicationWebServer.exe RuntimeBroker.exe acrotray.exe niauth_daemon.exe cmd.exe nidmsrv.exe Receiver.exe SISIPSService.exe lktsrv.exe lsass.exe python.exe RtkNGUI64.exe sisipsutil.exe AdobeUpdateService.exe armsvc.exe concentr.exe nidevldu.exe taskhostw.exe ctfmon.exe RAVBg64.exe ''Memory Compression'' NIWebServiceContainer.exe nimxs.exe RtkAudioService64.exe SystemWebServer.exe tasklist.exe snowagent.exe CcmExec.exe SearchFilterHost.exe SmcGui.exe nicitdl5.exe ''System Idle Process'' services.exe niDiscSvc.exe sqlwriter.exe MSASCuiL.exe SCNotification.exe nimdnsResponder.exe server_runtime.exe DWRCS.EXE sihost.exe backgroundTaskHost.exe spoolsv.exe wininit.exe winlogon.exe ShellExperienceHost.exe nidevmon.exe SearchIndexer.exe csrss.exe WmiPrvSE.exe audiodg.exe fontdrvhost.exe unsecapp.exe ccSvcHst.exe wfcrun32.exe nisvcloc.exe server_eventlog.exe lkcitdl.exe AuthManSvr.exe conhost.exe
    systemUserProcCount: 181
    systemUserProcFlagged: Explorer
    systemUsersCount: False
  #[[ Window ]] #---------
    windowWinType: pyglet
    windowWaitBlanking: False
    windowUseNativeGamma: True
    windowUnits: deg
    windowSize_pix: [1920 1080]
    windowScreen: 0
    windowRgb: [-0.7 -0.7 -0.7]
    windowRefreshTimeSD_ms: 0.104
    windowRefreshTimeMedian_ms: 16.659
    windowRefreshTimeAvg_ms: 16.665
    windowRefreshThreshold_sec: 0.0200
    windowRecordFrameIntervals: False
    windowPos_pix: [0, 0]
    windowMonitor.name: testmonitor
    windowMonitor.getWidth_cm: 57.0
    windowMonitor.getLinearizeMethod: 1
    windowMonitor.getGammaGrid: [[  0.   1.   1.  nan  nan  nan]
 [  0.   1.   1.  nan  nan  nan]
 [  0.   1.   1.  nan  nan  nan]
 [  0.   1.   1.  nan  nan  nan]]
    windowMonitor.getDistance_cm: 57.0
    windowMonitor.gammaInterpolator2: None
    windowMonitor.gammaInterpolator: None
    windowMonitor.currentCalibName: 2018_08_08 14:05
    windowIsFullScr: True
    windowHaveShaders: True
    windowAllowGUI: False
  #[[ Python ]] #---------
    pythonWxVersion: 3.0.2.0 msw (classic)
    pythonVersion: 2.7.11
    pythonScipyVersion: 0.17.1
    pythonPygletVersion: 1.2.4
    pythonPygameVersion: 1.9.2pre
    pythonNumpyVersion: 1.11.0
    pythonMatplotlibVersion: 1.5.1
    pythonFullVersion: 2.7.11 (v2.7.11:6d1b6a68f775, Dec  5 2015, 20:32:19) [MSC v.1500 32 bit (Intel)]
    pythonExecutable: C:\Program Files (x86)\PsychoPy2\python.exe
  #[[ OpenGL ]] #---------
    openGLVersion: 4.4.0 - Build 21.20.16.4627
    openGLVendor: Intel
    openGLRenderingEngine: Intel(R) HD Graphics 530
    openGLmaxVerticesInVertexArray: 1048576
    False: openGLext.GL_STEREO
    True: openGLext.GL_EXT_framebuffer_object
    True: openGLext.GL_ARB_vertex_shader
    True: openGLext.GL_ARB_texture_non_power_of_two
    True: openGLext.GL_ARB_texture_float
    True: openGLext.GL_ARB_shader_objects
    True: openGLext.GL_ARB_multitexture
    True: openGLext.GL_ARB_fragment_program
#[ PsychoPy2 RuntimeInfoEnd ]

107.9496 	EXP 	window1: recordFrameIntervals = True
108.7828 	EXP 	window1: recordFrameIntervals = False
108.7830 	INFO 	Frames per second ~=60.1, which is close enough to desired val of 60.0
108.9835 	EXP 	Created sequence: random, trialTypes=12, nReps=30, seed=None
109.1270 	INFO 	Mouse: using default window
109.1458 	EXP 	Created OKrespZone = GratingStim(autoDraw=False, autoLog=True, color=array([ 1.,  1.,  1.]), colorSpace='rgb', contrast=1.0, depth=0, interpolate=False, mask='gauss', maskParams=None, name='OKrespZone', opacity=1.0, ori=0.0, phase=array([ 0.,  0.]), pos=array([ 0.  ,  0.88]), rgbPedestal=array([ 0.,  0.,  0.]), sf=array([ 0.,  0.]), size=array([ 2. ,  0.2]), tex='sin', texRes=256, units='norm', win=Window(...))
121.8729 	DATA 	Mouse: Left button down, pos=(128,950)
121.9525 	DATA 	Mouse:  Left button up, pos=(128,950)
128.6167 	DATA 	Mouse: Left button down, pos=(89,196)
128.7046 	DATA 	Mouse:  Left button up, pos=(89,196)
134.3611 	DATA 	Mouse: Left button down, pos=(287,335)
134.4406 	DATA 	Mouse:  Left button up, pos=(287,335)
180.6007 	DATA 	Mouse: Left button down, pos=(1739,665)
180.6586 	DATA 	Mouse:  Left button up, pos=(1739,665)
193.3445 	DATA 	Mouse: wheel shift=(0,-1), pos=(982,498)
193.6004 	DATA 	Mouse: wheel shift=(0,-1), pos=(982,498)
193.8165 	DATA 	Mouse: wheel shift=(0,-1), pos=(982,498)
205.7056 	DATA 	Mouse: Left button down, pos=(580,745)
205.7767 	DATA 	Mouse:  Left button up, pos=(578,744)
213.1769 	DATA 	Mouse: Left button down, pos=(711,397)
213.2346 	DATA 	Mouse:  Left button up, pos=(711,397)
219.9296 	DATA 	Mouse: Left button down, pos=(945,387)
219.9875 	DATA 	Mouse:  Left button up, pos=(945,387)
228.5768 	DATA 	Mouse: Left button down, pos=(1497,880)
228.6726 	DATA 	Mouse:  Left button up, pos=(1497,880)
247.0087 	DATA 	Mouse: Left button down, pos=(1124,684)
247.0677 	DATA 	Mouse:  Left button up, pos=(1124,684)
258.0896 	DATA 	Mouse: Left button down, pos=(1318,41)
258.1476 	DATA 	Mouse:  Left button up, pos=(1318,41)
267.3208 	DATA 	Mouse: Left button down, pos=(997,1018)
267.3430 	INFO 	Experiment will have 360 trials. Letters will be drawn with superposed noise of 0.00%
267.3574 	EXP 	New trial (rep=0, index=0): {'leftStreamFlip': False, 'oneTarget': False, 'trialInstructionPos': (0, 1), 'probe': 'both', 'rightStreamFlip': False, 'horizVert': False, 'ISIframes': 2, 'rightResponseFirst': True}
267.3575 	INFO 	Starting main part of experiment
267.4168 	DATA 	Mouse:  Left button up, pos=(997,1018)
268.5330 	INFO 	numtrials=360 and this trialDurFrames=28 or 466.666666667 ms  task=T1
270.5997 	EXP 	window1: recordFrameIntervals = False
270.6106 	INFO 	Mouse: using default window
275.9501 	DATA 	Keypress: s
277.3332 	DATA 	Keypress: m
277.5041 	EXP 	New trial (rep=0, index=1): {'leftStreamFlip': False, 'oneTarget': True, 'trialInstructionPos': (0, 1), 'probe': 'both', 'rightStreamFlip': False, 'horizVert': False, 'ISIframes': 2, 'rightResponseFirst': True}
287.0163 	INFO 	numtrials=360 and this trialDurFrames=22 or 366.666666667 ms  task=T1
288.8998 	EXP 	window1: recordFrameIntervals = False
288.9079 	INFO 	Mouse: using default window
290.9165 	DATA 	Keypress: e
291.0562 	EXP 	New trial (rep=0, index=2): {'leftStreamFlip': False, 'oneTarget': False, 'trialInstructionPos': (0, -1), 'probe': 'both', 'rightStreamFlip': False, 'horizVert': False, 'ISIframes': 2, 'rightResponseFirst': True}
291.0670 	INFO 	numtrials=360 and this trialDurFrames=18 or 300.0 ms  task=T1
292.7997 	EXP 	window1: recordFrameIntervals = False
292.8082 	INFO 	Mouse: using default window
295.6999 	DATA 	Keypress: a
296.9332 	DATA 	Keypress: f
297.0734 	EXP 	New trial (rep=0, index=3): {'leftStreamFlip': False, 'oneTarget': True, 'trialInstructionPos': (0, 1), 'probe': 'both', 'rightStreamFlip': False, 'horizVert': False, 'ISIframes': 2, 'rightResponseFirst': False}
297.0825 	INFO 	numtrials=360 and this trialDurFrames=18 or 300.0 ms  task=T1
298.4165 	EXP 	window1: recordFrameIntervals = False
298.4248 	INFO 	Mouse: using default window
299.8667 	DATA 	Keypress: g
300.0079 	EXP 	New trial (rep=0, index=4): {'leftStreamFlip': False, 'oneTarget': False, 'trialInstructionPos': (0, -1), 'probe': 'both', 'rightStreamFlip': False, 'horizVert': False, 'ISIframes': 2, 'rightResponseFirst': False}
305.6166 	DATA 	Keypress: return
305.6496 	INFO 	numtrials=360 and this trialDurFrames=14 or 233.333333333 ms  task=T1
307.0332 	EXP 	window1: recordFrameIntervals = False
307.0413 	INFO 	Mouse: using default window
309.3665 	DATA 	Keypress: z
309.9500 	DATA 	Keypress: j
310.0907 	EXP 	New trial (rep=0, index=5): {'leftStreamFlip': False, 'oneTarget': False, 'trialInstructionPos': (0, -1), 'probe': 'both', 'rightStreamFlip': False, 'horizVert': False, 'ISIframes': 2, 'rightResponseFirst': False}
310.1163 	INFO 	numtrials=360 and this trialDurFrames=4 or 66.6666666667 ms  task=T1
311.0997 	EXP 	window1: recordFrameIntervals = False
311.1082 	INFO 	Mouse: using default window
312.6833 	DATA 	Keypress: y
312.8833 	DATA 	Keypress: a
313.0249 	EXP 	New trial (rep=0, index=6): {'leftStreamFlip': False, 'oneTarget': False, 'trialInstructionPos': (0, 1), 'probe': 'both', 'rightStreamFlip': False, 'horizVert': False, 'ISIframes': 2, 'rightResponseFirst': False}
313.0494 	INFO 	numtrials=360 and this trialDurFrames=4 or 66.6666666667 ms  task=T1
314.1831 	EXP 	window1: recordFrameIntervals = False
314.1913 	INFO 	Mouse: using default window
316.7501 	DATA 	Keypress: r
317.0334 	DATA 	Keypress: f
317.1821 	EXP 	New trial (rep=0, index=7): {'leftStreamFlip': False, 'oneTarget': True, 'trialInstructionPos': (0, -1), 'probe': 'both', 'rightStreamFlip': False, 'horizVert': False, 'ISIframes': 2, 'rightResponseFirst': True}
317.1991 	INFO 	numtrials=360 and this trialDurFrames=3 or 50.0 ms  task=T1
318.2997 	EXP 	window1: recordFrameIntervals = False
318.3080 	INFO 	Mouse: using default window
320.4834 	DATA 	Keypress: o
320.6228 	EXP 	New trial (rep=0, index=8): {'leftStreamFlip': False, 'oneTarget': False, 'trialInstructionPos': (0, 1), 'probe': 'both', 'rightStreamFlip': False, 'horizVert': False, 'ISIframes': 2, 'rightResponseFirst': False}
320.6494 	INFO 	numtrials=360 and this trialDurFrames=4 or 66.6666666667 ms  task=T1
321.7164 	EXP 	window1: recordFrameIntervals = False
321.7247 	INFO 	Mouse: using default window
322.8834 	DATA 	Keypress: s
323.1333 	DATA 	Keypress: j
323.2751 	EXP 	New trial (rep=0, index=9): {'leftStreamFlip': False, 'oneTarget': False, 'trialInstructionPos': (0, -1), 'probe': 'both', 'rightStreamFlip': False, 'horizVert': False, 'ISIframes': 2, 'rightResponseFirst': True}
323.2991 	INFO 	numtrials=360 and this trialDurFrames=4 or 66.6666666667 ms  task=T1
324.3665 	EXP 	window1: recordFrameIntervals = False
324.3755 	INFO 	Mouse: using default window
328.3334 	DATA 	Keypress: r
328.4346 	DATA 	Keypress: z
328.5734 	EXP 	New trial (rep=0, index=10): {'leftStreamFlip': False, 'oneTarget': True, 'trialInstructionPos': (0, -1), 'probe': 'both', 'rightStreamFlip': False, 'horizVert': False, 'ISIframes': 2, 'rightResponseFirst': False}
328.6001 	INFO 	numtrials=360 and this trialDurFrames=4 or 66.6666666667 ms  task=T1
329.5831 	EXP 	window1: recordFrameIntervals = False
329.5916 	INFO 	Mouse: using default window
334.5166 	DATA 	Keypress: m
334.6557 	EXP 	New trial (rep=0, index=11): {'leftStreamFlip': False, 'oneTarget': False, 'trialInstructionPos': (0, 1), 'probe': 'both', 'rightStreamFlip': False, 'horizVert': False, 'ISIframes': 2, 'rightResponseFirst': True}
334.6839 	INFO 	numtrials=360 and this trialDurFrames=4 or 66.6666666667 ms  task=T1
335.8331 	EXP 	window1: recordFrameIntervals = False
335.8418 	INFO 	Mouse: using default window
336.9501 	DATA 	Keypress: g
337.8668 	DATA 	Keypress: g
338.0073 	EXP 	New trial (rep=1, index=0): {'leftStreamFlip': False, 'oneTarget': False, 'trialInstructionPos': (0, -1), 'probe': 'both', 'rightStreamFlip': False, 'horizVert': False, 'ISIframes': 2, 'rightResponseFirst': False}
338.0329 	INFO 	numtrials=360 and this trialDurFrames=4 or 66.6666666667 ms  task=T1
339.0164 	EXP 	window1: recordFrameIntervals = False
339.0249 	INFO 	Mouse: using default window
341.1667 	DATA 	Keypress: t
344.6168 	DATA 	Keypress: j
344.7582 	EXP 	New trial (rep=1, index=1): {'leftStreamFlip': False, 'oneTarget': True, 'trialInstructionPos': (0, 1), 'probe': 'both', 'rightStreamFlip': False, 'horizVert': False, 'ISIframes': 2, 'rightResponseFirst': True}
344.7827 	INFO 	numtrials=360 and this trialDurFrames=4 or 66.6666666667 ms  task=T1
345.9999 	EXP 	window1: recordFrameIntervals = False
346.0087 	INFO 	Mouse: using default window
347.2669 	DATA 	Keypress: m
347.4062 	EXP 	New trial (rep=1, index=2): {'leftStreamFlip': False, 'oneTarget': False, 'trialInstructionPos': (0, 1), 'probe': 'both', 'rightStreamFlip': False, 'horizVert': False, 'ISIframes': 2, 'rightResponseFirst': False}
347.4329 	INFO 	numtrials=360 and this trialDurFrames=4 or 66.6666666667 ms  task=T1
348.5165 	EXP 	window1: recordFrameIntervals = False
348.5252 	INFO 	Mouse: using default window
350.3500 	DATA 	Keypress: g
354.4335 	DATA 	Keypress: y
354.5746 	EXP 	New trial (rep=1, index=3): {'leftStreamFlip': False, 'oneTarget': False, 'trialInstructionPos': (0, 1), 'probe': 'both', 'rightStreamFlip': False, 'horizVert': False, 'ISIframes': 2, 'rightResponseFirst': True}
354.5994 	INFO 	numtrials=360 and this trialDurFrames=4 or 66.6666666667 ms  task=T1
355.7833 	EXP 	window1: recordFrameIntervals = False
355.7917 	INFO 	Mouse: using default window
357.2015 	DATA 	Keypress: j
357.2833 	DATA 	Keypress: y
357.4240 	EXP 	New trial (rep=1, index=4): {'leftStreamFlip': False, 'oneTarget': True, 'trialInstructionPos': (0, -1), 'probe': 'both', 'rightStreamFlip': False, 'horizVert': False, 'ISIframes': 2, 'rightResponseFirst': True}
357.4494 	INFO 	numtrials=360 and this trialDurFrames=4 or 66.6666666667 ms  task=T1
358.6166 	EXP 	window1: recordFrameIntervals = False
358.6250 	INFO 	Mouse: using default window
360.3168 	DATA 	Keypress: k
360.4558 	EXP 	New trial (rep=1, index=5): {'leftStreamFlip': False, 'oneTarget': False, 'trialInstructionPos': (0, 1), 'probe': 'both', 'rightStreamFlip': False, 'horizVert': False, 'ISIframes': 2, 'rightResponseFirst': False}
360.4663 	INFO 	numtrials=360 and this trialDurFrames=4 or 66.6666666667 ms  task=T1
361.5999 	EXP 	window1: recordFrameIntervals = False
361.6083 	INFO 	Mouse: using default window
363.1501 	DATA 	Keypress: j
369.0002 	DATA 	Keypress: g
369.1403 	EXP 	New trial (rep=1, index=6): {'leftStreamFlip': False, 'oneTarget': False, 'trialInstructionPos': (0, -1), 'probe': 'both', 'rightStreamFlip': False, 'horizVert': False, 'ISIframes': 2, 'rightResponseFirst': True}
369.1662 	INFO 	numtrials=360 and this trialDurFrames=4 or 66.6666666667 ms  task=T1
370.3332 	EXP 	window1: recordFrameIntervals = False
370.3416 	INFO 	Mouse: using default window
371.7001 	DATA 	Keypress: m
372.0501 	DATA 	Keypress: r
372.1938 	EXP 	New trial (rep=1, index=7): {'leftStreamFlip': False, 'oneTarget': True, 'trialInstructionPos': (0, 1), 'probe': 'both', 'rightStreamFlip': False, 'horizVert': False, 'ISIframes': 2, 'rightResponseFirst': False}
372.2160 	INFO 	numtrials=360 and this trialDurFrames=5 or 83.3333333333 ms  task=T1
373.2831 	EXP 	window1: recordFrameIntervals = False
373.2917 	INFO 	Mouse: using default window
375.0002 	DATA 	Keypress: m
375.1386 	EXP 	New trial (rep=1, index=8): {'leftStreamFlip': False, 'oneTarget': True, 'trialInstructionPos': (0, -1), 'probe': 'both', 'rightStreamFlip': False, 'horizVert': False, 'ISIframes': 2, 'rightResponseFirst': False}
375.1672 	INFO 	numtrials=360 and this trialDurFrames=5 or 83.3333333333 ms  task=T1
376.2333 	EXP 	window1: recordFrameIntervals = False
376.2421 	INFO 	Mouse: using default window
378.0169 	DATA 	Keypress: r
378.1555 	EXP 	New trial (rep=1, index=9): {'leftStreamFlip': False, 'oneTarget': False, 'trialInstructionPos': (0, -1), 'probe': 'both', 'rightStreamFlip': False, 'horizVert': False, 'ISIframes': 2, 'rightResponseFirst': True}
378.1829 	INFO 	numtrials=360 and this trialDurFrames=5 or 83.3333333333 ms  task=T1
379.3500 	EXP 	window1: recordFrameIntervals = False
379.3583 	INFO 	Mouse: using default window
380.6335 	DATA 	Keypress: g
380.7502 	DATA 	Keypress: h
380.8915 	EXP 	New trial (rep=1, index=10): {'leftStreamFlip': False, 'oneTarget': False, 'trialInstructionPos': (0, 1), 'probe': 'both', 'rightStreamFlip': False, 'horizVert': False, 'ISIframes': 2, 'rightResponseFirst': True}
380.9161 	INFO 	numtrials=360 and this trialDurFrames=6 or 100.0 ms  task=T1
381.9667 	EXP 	window1: recordFrameIntervals = False
381.9752 	INFO 	Mouse: using default window
384.0014 	DATA 	Keypress: e
384.5669 	DATA 	Keypress: c
384.7055 	EXP 	New trial (rep=1, index=11): {'leftStreamFlip': False, 'oneTarget': False, 'trialInstructionPos': (0, -1), 'probe': 'both', 'rightStreamFlip': False, 'horizVert': False, 'ISIframes': 2, 'rightResponseFirst': False}
384.7330 	INFO 	numtrials=360 and this trialDurFrames=6 or 100.0 ms  task=T1
385.7833 	EXP 	window1: recordFrameIntervals = False
385.7917 	INFO 	Mouse: using default window
387.9834 	DATA 	Keypress: e
389.7001 	DATA 	Keypress: s
389.8389 	EXP 	New trial (rep=2, index=0): {'leftStreamFlip': False, 'oneTarget': True, 'trialInstructionPos': (0, -1), 'probe': 'both', 'rightStreamFlip': False, 'horizVert': False, 'ISIframes': 2, 'rightResponseFirst': False}
389.8673 	INFO 	numtrials=360 and this trialDurFrames=6 or 100.0 ms  task=T1
390.9167 	EXP 	window1: recordFrameIntervals = False
390.9254 	INFO 	Mouse: using default window
392.1669 	DATA 	Keypress: m
392.3048 	EXP 	New trial (rep=2, index=1): {'leftStreamFlip': False, 'oneTarget': True, 'trialInstructionPos': (0, 1), 'probe': 'both', 'rightStreamFlip': False, 'horizVert': False, 'ISIframes': 2, 'rightResponseFirst': False}
392.3158 	INFO 	numtrials=360 and this trialDurFrames=6 or 100.0 ms  task=T1
393.5004 	EXP 	window1: recordFrameIntervals = False
393.5093 	INFO 	Mouse: using default window
395.3502 	DATA 	Keypress: k
395.4913 	EXP 	New trial (rep=2, index=2): {'leftStreamFlip': False, 'oneTarget': False, 'trialInstructionPos': (0, -1), 'probe': 'both', 'rightStreamFlip': False, 'horizVert': False, 'ISIframes': 2, 'rightResponseFirst': False}
395.5171 	INFO 	numtrials=360 and this trialDurFrames=6 or 100.0 ms  task=T1
396.5999 	EXP 	window1: recordFrameIntervals = False
396.6083 	INFO 	Mouse: using default window
398.0002 	DATA 	Keypress: r
398.4502 	DATA 	Keypress: s
398.5899 	EXP 	New trial (rep=2, index=3): {'leftStreamFlip': False, 'oneTarget': False, 'trialInstructionPos': (0, 1), 'probe': 'both', 'rightStreamFlip': False, 'horizVert': False, 'ISIframes': 2, 'rightResponseFirst': False}
398.6159 	INFO 	numtrials=360 and this trialDurFrames=6 or 100.0 ms  task=T1
399.6333 	EXP 	window1: recordFrameIntervals = False
399.6416 	INFO 	Mouse: using default window
401.2834 	DATA 	Keypress: m
401.9835 	DATA 	Keypress: r
402.1223 	EXP 	New trial (rep=2, index=4): {'leftStreamFlip': False, 'oneTarget': False, 'trialInstructionPos': (0, 1), 'probe': 'both', 'rightStreamFlip': False, 'horizVert': False, 'ISIframes': 2, 'rightResponseFirst': True}
402.1496 	INFO 	numtrials=360 and this trialDurFrames=5 or 83.3333333333 ms  task=T1
403.2834 	EXP 	window1: recordFrameIntervals = False
403.2917 	INFO 	Mouse: using default window
404.7669 	DATA 	Keypress: s
405.2502 	DATA 	Keypress: r
405.3915 	EXP 	New trial (rep=2, index=5): {'leftStreamFlip': False, 'oneTarget': True, 'trialInstructionPos': (0, -1), 'probe': 'both', 'rightStreamFlip': False, 'horizVert': False, 'ISIframes': 2, 'rightResponseFirst': True}
405.4162 	INFO 	numtrials=360 and this trialDurFrames=5 or 83.3333333333 ms  task=T1
406.6000 	EXP 	window1: recordFrameIntervals = False
406.6085 	INFO 	Mouse: using default window
412.9669 	DATA 	Keypress: m
413.1048 	EXP 	New trial (rep=2, index=6): {'leftStreamFlip': False, 'oneTarget': False, 'trialInstructionPos': (0, -1), 'probe': 'both', 'rightStreamFlip': False, 'horizVert': False, 'ISIframes': 2, 'rightResponseFirst': True}
413.1340 	INFO 	numtrials=360 and this trialDurFrames=6 or 100.0 ms  task=T1
414.3334 	EXP 	window1: recordFrameIntervals = False
414.3418 	INFO 	Mouse: using default window
415.7836 	DATA 	Keypress: c
416.2835 	DATA 	Keypress: r
416.4230 	EXP 	New trial (rep=2, index=7): {'leftStreamFlip': False, 'oneTarget': False, 'trialInstructionPos': (0, -1), 'probe': 'both', 'rightStreamFlip': False, 'horizVert': False, 'ISIframes': 2, 'rightResponseFirst': False}
416.4496 	INFO 	numtrials=360 and this trialDurFrames=6 or 100.0 ms  task=T1
417.5833 	EXP 	window1: recordFrameIntervals = False
417.5915 	INFO 	Mouse: using default window
419.4501 	DATA 	Keypress: r
420.3335 	DATA 	Keypress: s
420.4726 	EXP 	New trial (rep=2, index=8): {'leftStreamFlip': False, 'oneTarget': False, 'trialInstructionPos': (0, 1), 'probe': 'both', 'rightStreamFlip': False, 'horizVert': False, 'ISIframes': 2, 'rightResponseFirst': True}
420.4998 	INFO 	numtrials=360 and this trialDurFrames=5 or 83.3333333333 ms  task=T1
421.6166 	EXP 	window1: recordFrameIntervals = False
421.6251 	INFO 	Mouse: using default window
423.1335 	DATA 	Keypress: k
423.8671 	DATA 	Keypress: e
424.0080 	EXP 	New trial (rep=2, index=9): {'leftStreamFlip': False, 'oneTarget': True, 'trialInstructionPos': (0, 1), 'probe': 'both', 'rightStreamFlip': False, 'horizVert': False, 'ISIframes': 2, 'rightResponseFirst': True}
424.0333 	INFO 	numtrials=360 and this trialDurFrames=5 or 83.3333333333 ms  task=T1
425.1667 	EXP 	window1: recordFrameIntervals = False
425.1751 	INFO 	Mouse: using default window
427.3668 	DATA 	Keypress: m
427.5058 	EXP 	New trial (rep=2, index=10): {'leftStreamFlip': False, 'oneTarget': False, 'trialInstructionPos': (0, 1), 'probe': 'both', 'rightStreamFlip': False, 'horizVert': False, 'ISIframes': 2, 'rightResponseFirst': False}
427.5340 	INFO 	numtrials=360 and this trialDurFrames=5 or 83.3333333333 ms  task=T1
428.5333 	EXP 	window1: recordFrameIntervals = False
428.5418 	INFO 	Mouse: using default window
429.6337 	DATA 	Keypress: m
430.6003 	DATA 	Keypress: f
430.7394 	EXP 	New trial (rep=2, index=11): {'leftStreamFlip': False, 'oneTarget': False, 'trialInstructionPos': (0, -1), 'probe': 'both', 'rightStreamFlip': False, 'horizVert': False, 'ISIframes': 2, 'rightResponseFirst': True}
430.7662 	INFO 	numtrials=360 and this trialDurFrames=5 or 83.3333333333 ms  task=T1
431.8833 	EXP 	window1: recordFrameIntervals = False
431.8923 	INFO 	Mouse: using default window
433.3002 	DATA 	Keypress: r
434.3502 	DATA 	Keypress: c
434.4928 	EXP 	New trial (rep=3, index=0): {'leftStreamFlip': False, 'oneTarget': False, 'trialInstructionPos': (0, 1), 'probe': 'both', 'rightStreamFlip': False, 'horizVert': False, 'ISIframes': 2, 'rightResponseFirst': True}
434.5162 	INFO 	numtrials=360 and this trialDurFrames=5 or 83.3333333333 ms  task=T1
435.6834 	EXP 	window1: recordFrameIntervals = False
435.6915 	INFO 	Mouse: using default window
436.9002 	DATA 	Keypress: s
437.3007 	DATA 	Keypress: m
437.4349 	EXP 	New trial (rep=3, index=1): {'leftStreamFlip': False, 'oneTarget': False, 'trialInstructionPos': (0, -1), 'probe': 'both', 'rightStreamFlip': False, 'horizVert': False, 'ISIframes': 2, 'rightResponseFirst': True}
437.4491 	INFO 	numtrials=360 and this trialDurFrames=5 or 83.3333333333 ms  task=T1
438.5833 	EXP 	window1: recordFrameIntervals = False
438.5917 	INFO 	Mouse: using default window
440.0836 	DATA 	Keypress: h
441.1334 	DATA 	Keypress: g
441.2724 	EXP 	New trial (rep=3, index=2): {'leftStreamFlip': False, 'oneTarget': True, 'trialInstructionPos': (0, -1), 'probe': 'both', 'rightStreamFlip': False, 'horizVert': False, 'ISIframes': 2, 'rightResponseFirst': True}
441.2996 	INFO 	numtrials=360 and this trialDurFrames=5 or 83.3333333333 ms  task=T1
442.4336 	EXP 	window1: recordFrameIntervals = False
442.4414 	INFO 	Mouse: using default window
443.5503 	DATA 	Keypress: r
443.6963 	EXP 	New trial (rep=3, index=3): {'leftStreamFlip': False, 'oneTarget': False, 'trialInstructionPos': (0, 1), 'probe': 'both', 'rightStreamFlip': False, 'horizVert': False, 'ISIframes': 2, 'rightResponseFirst': False}
443.7164 	INFO 	numtrials=360 and this trialDurFrames=5 or 83.3333333333 ms  task=T1
444.7167 	EXP 	window1: recordFrameIntervals = False
444.7253 	INFO 	Mouse: using default window
446.0503 	DATA 	Keypress: u
446.5840 	DATA 	Keypress: g
446.7229 	EXP 	New trial (rep=3, index=4): {'leftStreamFlip': False, 'oneTarget': True, 'trialInstructionPos': (0, 1), 'probe': 'both', 'rightStreamFlip': False, 'horizVert': False, 'ISIframes': 2, 'rightResponseFirst': True}
446.7497 	INFO 	numtrials=360 and this trialDurFrames=5 or 83.3333333333 ms  task=T1
447.9833 	EXP 	window1: recordFrameIntervals = False
447.9921 	INFO 	Mouse: using default window
449.9835 	DATA 	Keypress: y
450.1219 	EXP 	New trial (rep=3, index=5): {'leftStreamFlip': False, 'oneTarget': True, 'trialInstructionPos': (0, -1), 'probe': 'both', 'rightStreamFlip': False, 'horizVert': False, 'ISIframes': 2, 'rightResponseFirst': False}
450.1505 	INFO 	numtrials=360 and this trialDurFrames=5 or 83.3333333333 ms  task=T1
451.2334 	EXP 	window1: recordFrameIntervals = False
451.2421 	INFO 	Mouse: using default window
452.4835 	DATA 	Keypress: g
452.6223 	EXP 	New trial (rep=3, index=6): {'leftStreamFlip': False, 'oneTarget': False, 'trialInstructionPos': (0, 1), 'probe': 'both', 'rightStreamFlip': False, 'horizVert': False, 'ISIframes': 2, 'rightResponseFirst': False}
452.6507 	INFO 	numtrials=360 and this trialDurFrames=5 or 83.3333333333 ms  task=T1
453.8667 	EXP 	window1: recordFrameIntervals = False
453.8754 	INFO 	Mouse: using default window
454.9668 	DATA 	Keypress: m
455.3837 	DATA 	Keypress: k
455.5243 	EXP 	New trial (rep=3, index=7): {'leftStreamFlip': False, 'oneTarget': False, 'trialInstructionPos': (0, -1), 'probe': 'both', 'rightStreamFlip': False, 'horizVert': False, 'ISIframes': 2, 'rightResponseFirst': False}
455.5496 	INFO 	numtrials=360 and this trialDurFrames=5 or 83.3333333333 ms  task=T1
456.7500 	EXP 	window1: recordFrameIntervals = False
456.7585 	INFO 	Mouse: using default window
458.3002 	DATA 	Keypress: c
458.6669 	DATA 	Keypress: k
458.8072 	EXP 	New trial (rep=3, index=8): {'leftStreamFlip': False, 'oneTarget': False, 'trialInstructionPos': (0, -1), 'probe': 'both', 'rightStreamFlip': False, 'horizVert': False, 'ISIframes': 2, 'rightResponseFirst': True}
458.8330 	INFO 	numtrials=360 and this trialDurFrames=5 or 83.3333333333 ms  task=T1
460.0167 	EXP 	window1: recordFrameIntervals = False
460.0253 	INFO 	Mouse: using default window
461.2338 	DATA 	Keypress: c
461.6337 	DATA 	Keypress: r
461.7724 	EXP 	New trial (rep=3, index=9): {'leftStreamFlip': False, 'oneTarget': False, 'trialInstructionPos': (0, -1), 'probe': 'both', 'rightStreamFlip': False, 'horizVert': False, 'ISIframes': 2, 'rightResponseFirst': False}
461.8009 	INFO 	numtrials=360 and this trialDurFrames=5 or 83.3333333333 ms  task=T1
462.9000 	EXP 	window1: recordFrameIntervals = False
462.9086 	INFO 	Mouse: using default window
464.2002 	DATA 	Keypress: h
464.7336 	DATA 	Keypress: y
464.8757 	EXP 	New trial (rep=3, index=10): {'leftStreamFlip': False, 'oneTarget': False, 'trialInstructionPos': (0, 1), 'probe': 'both', 'rightStreamFlip': False, 'horizVert': False, 'ISIframes': 2, 'rightResponseFirst': True}
464.9005 	INFO 	numtrials=360 and this trialDurFrames=5 or 83.3333333333 ms  task=T1
466.0000 	EXP 	window1: recordFrameIntervals = False
466.0084 	INFO 	Mouse: using default window
467.6016 	DATA 	Keypress: a
468.0338 	DATA 	Keypress: s
468.1739 	EXP 	New trial (rep=3, index=11): {'leftStreamFlip': False, 'oneTarget': True, 'trialInstructionPos': (0, 1), 'probe': 'both', 'rightStreamFlip': False, 'horizVert': False, 'ISIframes': 2, 'rightResponseFirst': False}
468.1997 	INFO 	numtrials=360 and this trialDurFrames=5 or 83.3333333333 ms  task=T1
469.4333 	EXP 	window1: recordFrameIntervals = False
469.4416 	INFO 	Mouse: using default window
470.4503 	DATA 	Keypress: c
470.5900 	EXP 	New trial (rep=4, index=0): {'leftStreamFlip': False, 'oneTarget': True, 'trialInstructionPos': (0, -1), 'probe': 'both', 'rightStreamFlip': False, 'horizVert': False, 'ISIframes': 2, 'rightResponseFirst': False}
470.6164 	INFO 	numtrials=360 and this trialDurFrames=5 or 83.3333333333 ms  task=T1
471.8336 	EXP 	window1: recordFrameIntervals = False
471.8419 	INFO 	Mouse: using default window
472.8170 	DATA 	Keypress: a
472.9584 	EXP 	New trial (rep=4, index=1): {'leftStreamFlip': False, 'oneTarget': False, 'trialInstructionPos': (0, -1), 'probe': 'both', 'rightStreamFlip': False, 'horizVert': False, 'ISIframes': 2, 'rightResponseFirst': True}
472.9824 	INFO 	numtrials=360 and this trialDurFrames=5 or 83.3333333333 ms  task=T1
474.0000 	EXP 	window1: recordFrameIntervals = False
474.0085 	INFO 	Mouse: using default window
475.4503 	DATA 	Keypress: c
476.3336 	DATA 	Keypress: z
476.4732 	EXP 	New trial (rep=4, index=2): {'leftStreamFlip': False, 'oneTarget': False, 'trialInstructionPos': (0, -1), 'probe': 'both', 'rightStreamFlip': False, 'horizVert': False, 'ISIframes': 2, 'rightResponseFirst': False}
476.4995 	INFO 	numtrials=360 and this trialDurFrames=5 or 83.3333333333 ms  task=T1
477.6335 	EXP 	window1: recordFrameIntervals = False
477.6422 	INFO 	Mouse: using default window
478.7004 	DATA 	Keypress: r
479.2171 	DATA 	Keypress: k
479.3579 	EXP 	New trial (rep=4, index=3): {'leftStreamFlip': False, 'oneTarget': True, 'trialInstructionPos': (0, 1), 'probe': 'both', 'rightStreamFlip': False, 'horizVert': False, 'ISIframes': 2, 'rightResponseFirst': True}
479.3830 	INFO 	numtrials=360 and this trialDurFrames=5 or 83.3333333333 ms  task=T1
480.5001 	EXP 	window1: recordFrameIntervals = False
480.5091 	INFO 	Mouse: using default window
481.9503 	DATA 	Keypress: k
482.0886 	EXP 	New trial (rep=4, index=4): {'leftStreamFlip': False, 'oneTarget': False, 'trialInstructionPos': (0, 1), 'probe': 'both', 'rightStreamFlip': False, 'horizVert': False, 'ISIframes': 2, 'rightResponseFirst': True}
482.1175 	INFO 	numtrials=360 and this trialDurFrames=5 or 83.3333333333 ms  task=T1
483.3167 	EXP 	window1: recordFrameIntervals = False
483.3250 	INFO 	Mouse: using default window
484.6835 	DATA 	Keypress: s
485.1502 	DATA 	Keypress: y
485.2902 	EXP 	New trial (rep=4, index=5): {'leftStreamFlip': False, 'oneTarget': False, 'trialInstructionPos': (0, 1), 'probe': 'both', 'rightStreamFlip': False, 'horizVert': False, 'ISIframes': 2, 'rightResponseFirst': False}
485.3163 	INFO 	numtrials=360 and this trialDurFrames=5 or 83.3333333333 ms  task=T1
486.5167 	EXP 	window1: recordFrameIntervals = False
486.5257 	INFO 	Mouse: using default window
487.9502 	DATA 	Keypress: k
488.2836 	DATA 	Keypress: j
488.4235 	EXP 	New trial (rep=4, index=6): {'leftStreamFlip': False, 'oneTarget': True, 'trialInstructionPos': (0, -1), 'probe': 'both', 'rightStreamFlip': False, 'horizVert': False, 'ISIframes': 2, 'rightResponseFirst': True}
488.4496 	INFO 	numtrials=360 and this trialDurFrames=5 or 83.3333333333 ms  task=T1
489.6001 	EXP 	window1: recordFrameIntervals = False
489.6090 	INFO 	Mouse: using default window
491.0504 	DATA 	Keypress: k
491.1891 	EXP 	New trial (rep=4, index=7): {'leftStreamFlip': False, 'oneTarget': False, 'trialInstructionPos': (0, 1), 'probe': 'both', 'rightStreamFlip': False, 'horizVert': False, 'ISIframes': 2, 'rightResponseFirst': False}
491.2162 	INFO 	numtrials=360 and this trialDurFrames=5 or 83.3333333333 ms  task=T1
492.2335 	EXP 	window1: recordFrameIntervals = False
492.2419 	INFO 	Mouse: using default window
493.6340 	DATA 	Keypress: m
494.6337 	DATA 	Keypress: z
494.7722 	EXP 	New trial (rep=4, index=8): {'leftStreamFlip': False, 'oneTarget': False, 'trialInstructionPos': (0, -1), 'probe': 'both', 'rightStreamFlip': False, 'horizVert': False, 'ISIframes': 2, 'rightResponseFirst': False}
494.7997 	INFO 	numtrials=360 and this trialDurFrames=5 or 83.3333333333 ms  task=T1
496.0335 	EXP 	window1: recordFrameIntervals = False
496.0444 	INFO 	Mouse: using default window
497.9672 	DATA 	Keypress: u
498.3670 	DATA 	Keypress: a
498.5069 	EXP 	New trial (rep=4, index=9): {'leftStreamFlip': False, 'oneTarget': False, 'trialInstructionPos': (0, -1), 'probe': 'both', 'rightStreamFlip': False, 'horizVert': False, 'ISIframes': 2, 'rightResponseFirst': True}
498.5331 	INFO 	numtrials=360 and this trialDurFrames=5 or 83.3333333333 ms  task=T1
499.6503 	EXP 	window1: recordFrameIntervals = False
499.6587 	INFO 	Mouse: using default window
501.0170 	DATA 	Keypress: j
501.5337 	DATA 	Keypress: g
501.6740 	EXP 	New trial (rep=4, index=10): {'leftStreamFlip': False, 'oneTarget': False, 'trialInstructionPos': (0, 1), 'probe': 'both', 'rightStreamFlip': False, 'horizVert': False, 'ISIframes': 2, 'rightResponseFirst': True}
501.6996 	INFO 	numtrials=360 and this trialDurFrames=5 or 83.3333333333 ms  task=T1
502.8168 	EXP 	window1: recordFrameIntervals = False
502.8252 	INFO 	Mouse: using default window
504.2170 	DATA 	Keypress: y
504.9003 	DATA 	Keypress: r
505.0396 	EXP 	New trial (rep=4, index=11): {'leftStreamFlip': False, 'oneTarget': True, 'trialInstructionPos': (0, 1), 'probe': 'both', 'rightStreamFlip': False, 'horizVert': False, 'ISIframes': 2, 'rightResponseFirst': False}
505.0665 	INFO 	numtrials=360 and this trialDurFrames=5 or 83.3333333333 ms  task=T1
506.2167 	EXP 	window1: recordFrameIntervals = False
506.2253 	INFO 	Mouse: using default window
507.2671 	DATA 	Keypress: c
507.4049 	EXP 	New trial (rep=5, index=0): {'leftStreamFlip': False, 'oneTarget': True, 'trialInstructionPos': (0, 1), 'probe': 'both', 'rightStreamFlip': False, 'horizVert': False, 'ISIframes': 2, 'rightResponseFirst': False}
507.4341 	INFO 	numtrials=360 and this trialDurFrames=5 or 83.3333333333 ms  task=T1
508.4335 	EXP 	window1: recordFrameIntervals = False
508.4419 	INFO 	Mouse: using default window
509.5337 	DATA 	Keypress: e
509.6719 	EXP 	New trial (rep=5, index=1): {'leftStreamFlip': False, 'oneTarget': False, 'trialInstructionPos': (0, -1), 'probe': 'both', 'rightStreamFlip': False, 'horizVert': False, 'ISIframes': 2, 'rightResponseFirst': False}
509.7007 	INFO 	numtrials=360 and this trialDurFrames=5 or 83.3333333333 ms  task=T1
510.8669 	EXP 	window1: recordFrameIntervals = False
510.8749 	INFO 	Mouse: using default window
512.0504 	DATA 	Keypress: c
512.6337 	DATA 	Keypress: j
512.7759 	EXP 	New trial (rep=5, index=2): {'leftStreamFlip': False, 'oneTarget': True, 'trialInstructionPos': (0, -1), 'probe': 'both', 'rightStreamFlip': False, 'horizVert': False, 'ISIframes': 2, 'rightResponseFirst': True}
512.7996 	INFO 	numtrials=360 and this trialDurFrames=5 or 83.3333333333 ms  task=T1
513.8834 	EXP 	window1: recordFrameIntervals = False
513.8919 	INFO 	Mouse: using default window
515.3336 	DATA 	Keypress: r
515.4731 	EXP 	New trial (rep=5, index=3): {'leftStreamFlip': False, 'oneTarget': False, 'trialInstructionPos': (0, -1), 'probe': 'both', 'rightStreamFlip': False, 'horizVert': False, 'ISIframes': 2, 'rightResponseFirst': True}
515.4997 	INFO 	numtrials=360 and this trialDurFrames=5 or 83.3333333333 ms  task=T1
516.5500 	EXP 	window1: recordFrameIntervals = False
516.5586 	INFO 	Mouse: using default window
517.7003 	DATA 	Keypress: e
518.5171 	DATA 	Keypress: c
518.6570 	EXP 	New trial (rep=5, index=4): {'leftStreamFlip': False, 'oneTarget': False, 'trialInstructionPos': (0, 1), 'probe': 'both', 'rightStreamFlip': False, 'horizVert': False, 'ISIframes': 2, 'rightResponseFirst': True}
518.6831 	INFO 	numtrials=360 and this trialDurFrames=5 or 83.3333333333 ms  task=T1
519.9169 	EXP 	window1: recordFrameIntervals = False
519.9254 	INFO 	Mouse: using default window
521.0502 	DATA 	Keypress: k
521.5671 	DATA 	Keypress: j
521.7149 	EXP 	New trial (rep=5, index=5): {'leftStreamFlip': False, 'oneTarget': False, 'trialInstructionPos': (0, 1), 'probe': 'both', 'rightStreamFlip': False, 'horizVert': False, 'ISIframes': 2, 'rightResponseFirst': True}
521.7333 	INFO 	numtrials=360 and this trialDurFrames=5 or 83.3333333333 ms  task=T1
522.7835 	EXP 	window1: recordFrameIntervals = False
522.7920 	INFO 	Mouse: using default window
523.9171 	DATA 	Keypress: h
524.7004 	DATA 	Keypress: s
524.8387 	EXP 	New trial (rep=5, index=6): {'leftStreamFlip': False, 'oneTarget': False, 'trialInstructionPos': (0, 1), 'probe': 'both', 'rightStreamFlip': False, 'horizVert': False, 'ISIframes': 2, 'rightResponseFirst': False}
524.8673 	INFO 	numtrials=360 and this trialDurFrames=5 or 83.3333333333 ms  task=T1
525.9001 	EXP 	window1: recordFrameIntervals = False
525.9124 	INFO 	Mouse: using default window
526.9504 	DATA 	Keypress: m
527.3003 	DATA 	Keypress: g
527.4419 	EXP 	New trial (rep=5, index=7): {'leftStreamFlip': False, 'oneTarget': True, 'trialInstructionPos': (0, -1), 'probe': 'both', 'rightStreamFlip': False, 'horizVert': False, 'ISIframes': 2, 'rightResponseFirst': False}
527.4665 	INFO 	numtrials=360 and this trialDurFrames=5 or 83.3333333333 ms  task=T1
528.5003 	EXP 	window1: recordFrameIntervals = False
528.5087 	INFO 	Mouse: using default window
529.5337 	DATA 	Keypress: r
529.6717 	EXP 	New trial (rep=5, index=8): {'leftStreamFlip': False, 'oneTarget': False, 'trialInstructionPos': (0, 1), 'probe': 'both', 'rightStreamFlip': False, 'horizVert': False, 'ISIframes': 2, 'rightResponseFirst': False}
529.6838 	INFO 	numtrials=360 and this trialDurFrames=5 or 83.3333333333 ms  task=T1
530.8835 	EXP 	window1: recordFrameIntervals = False
530.8916 	INFO 	Mouse: using default window
532.0171 	DATA 	Keypress: g
532.6005 	DATA 	Keypress: s
532.7426 	EXP 	New trial (rep=5, index=9): {'leftStreamFlip': False, 'oneTarget': False, 'trialInstructionPos': (0, -1), 'probe': 'both', 'rightStreamFlip': False, 'horizVert': False, 'ISIframes': 2, 'rightResponseFirst': True}
532.7662 	INFO 	numtrials=360 and this trialDurFrames=5 or 83.3333333333 ms  task=T1
533.8835 	EXP 	window1: recordFrameIntervals = False
533.8917 	INFO 	Mouse: using default window
535.5506 	DATA 	Keypress: f
535.9170 	DATA 	Keypress: j
536.0556 	EXP 	New trial (rep=5, index=10): {'leftStreamFlip': False, 'oneTarget': False, 'trialInstructionPos': (0, -1), 'probe': 'both', 'rightStreamFlip': False, 'horizVert': False, 'ISIframes': 2, 'rightResponseFirst': False}
536.0840 	INFO 	numtrials=360 and this trialDurFrames=5 or 83.3333333333 ms  task=T1
537.2336 	EXP 	window1: recordFrameIntervals = False
537.2423 	INFO 	Mouse: using default window
538.8504 	DATA 	Keypress: m
539.4505 	DATA 	Keypress: c
539.5892 	EXP 	New trial (rep=5, index=11): {'leftStreamFlip': False, 'oneTarget': True, 'trialInstructionPos': (0, 1), 'probe': 'both', 'rightStreamFlip': False, 'horizVert': False, 'ISIframes': 2, 'rightResponseFirst': True}
539.6164 	INFO 	numtrials=360 and this trialDurFrames=5 or 83.3333333333 ms  task=T1
540.7835 	EXP 	window1: recordFrameIntervals = False
540.7920 	INFO 	Mouse: using default window
542.2171 	DATA 	Keypress: h
542.3563 	EXP 	New trial (rep=6, index=0): {'leftStreamFlip': False, 'oneTarget': False, 'trialInstructionPos': (0, 1), 'probe': 'both', 'rightStreamFlip': False, 'horizVert': False, 'ISIframes': 2, 'rightResponseFirst': False}
542.3830 	INFO 	numtrials=360 and this trialDurFrames=5 or 83.3333333333 ms  task=T1
543.4502 	EXP 	window1: recordFrameIntervals = False
543.4589 	INFO 	Mouse: using default window
544.4018 	DATA 	Keypress: e
544.8338 	DATA 	Keypress: a
544.9740 	EXP 	New trial (rep=6, index=1): {'leftStreamFlip': False, 'oneTarget': False, 'trialInstructionPos': (0, -1), 'probe': 'both', 'rightStreamFlip': False, 'horizVert': False, 'ISIframes': 2, 'rightResponseFirst': True}
544.9997 	INFO 	numtrials=360 and this trialDurFrames=5 or 83.3333333333 ms  task=T1
546.1834 	EXP 	window1: recordFrameIntervals = False
546.1920 	INFO 	Mouse: using default window
547.5505 	DATA 	Keypress: u
547.9338 	DATA 	Keypress: s
548.0751 	EXP 	New trial (rep=6, index=2): {'leftStreamFlip': False, 'oneTarget': True, 'trialInstructionPos': (0, -1), 'probe': 'both', 'rightStreamFlip': False, 'horizVert': False, 'ISIframes': 2, 'rightResponseFirst': True}
548.0997 	INFO 	numtrials=360 and this trialDurFrames=5 or 83.3333333333 ms  task=T1
549.2668 	EXP 	window1: recordFrameIntervals = False
549.2753 	INFO 	Mouse: using default window
550.6009 	DATA 	Keypress: m
550.7390 	EXP 	New trial (rep=6, index=3): {'leftStreamFlip': False, 'oneTarget': False, 'trialInstructionPos': (0, 1), 'probe': 'both', 'rightStreamFlip': False, 'horizVert': False, 'ISIframes': 2, 'rightResponseFirst': True}
550.7673 	INFO 	numtrials=360 and this trialDurFrames=5 or 83.3333333333 ms  task=T1
552.0003 	EXP 	window1: recordFrameIntervals = False
552.0087 	INFO 	Mouse: using default window
553.1505 	DATA 	Keypress: s
554.3170 	DATA 	Keypress: e
554.4566 	EXP 	New trial (rep=6, index=4): {'leftStreamFlip': False, 'oneTarget': False, 'trialInstructionPos': (0, 1), 'probe': 'both', 'rightStreamFlip': False, 'horizVert': False, 'ISIframes': 2, 'rightResponseFirst': True}
554.4832 	INFO 	numtrials=360 and this trialDurFrames=5 or 83.3333333333 ms  task=T1
555.6335 	EXP 	window1: recordFrameIntervals = False
555.6419 	INFO 	Mouse: using default window
556.9672 	DATA 	Keypress: g
557.3337 	DATA 	Keypress: j
557.4768 	EXP 	New trial (rep=6, index=5): {'leftStreamFlip': False, 'oneTarget': False, 'trialInstructionPos': (0, -1), 'probe': 'both', 'rightStreamFlip': False, 'horizVert': False, 'ISIframes': 2, 'rightResponseFirst': False}
557.4996 	INFO 	numtrials=360 and this trialDurFrames=5 or 83.3333333333 ms  task=T1
558.7001 	EXP 	window1: recordFrameIntervals = False
558.7088 	INFO 	Mouse: using default window
560.1005 	DATA 	Keypress: j
560.5504 	DATA 	Keypress: t
560.6893 	EXP 	New trial (rep=6, index=6): {'leftStreamFlip': False, 'oneTarget': False, 'trialInstructionPos': (0, -1), 'probe': 'both', 'rightStreamFlip': False, 'horizVert': False, 'ISIframes': 2, 'rightResponseFirst': True}
560.7164 	INFO 	numtrials=360 and this trialDurFrames=5 or 83.3333333333 ms  task=T1
561.7335 	EXP 	window1: recordFrameIntervals = False
561.7421 	INFO 	Mouse: using default window
563.6837 	DATA 	Keypress: u
564.0171 	DATA 	Keypress: z
564.1565 	EXP 	New trial (rep=6, index=7): {'leftStreamFlip': False, 'oneTarget': True, 'trialInstructionPos': (0, -1), 'probe': 'both', 'rightStreamFlip': False, 'horizVert': False, 'ISIframes': 2, 'rightResponseFirst': False}
564.1842 	INFO 	numtrials=360 and this trialDurFrames=5 or 83.3333333333 ms  task=T1
565.3005 	EXP 	window1: recordFrameIntervals = False
565.3090 	INFO 	Mouse: using default window
566.5676 	DATA 	Keypress: h
566.7054 	EXP 	New trial (rep=6, index=8): {'leftStreamFlip': False, 'oneTarget': False, 'trialInstructionPos': (0, -1), 'probe': 'both', 'rightStreamFlip': False, 'horizVert': False, 'ISIframes': 2, 'rightResponseFirst': False}
566.7161 	INFO 	numtrials=360 and this trialDurFrames=5 or 83.3333333333 ms  task=T1
567.7503 	EXP 	window1: recordFrameIntervals = False
567.7588 	INFO 	Mouse: using default window
569.2504 	DATA 	Keypress: m
569.9677 	DATA 	Keypress: y
570.1038 	EXP 	New trial (rep=6, index=9): {'leftStreamFlip': False, 'oneTarget': False, 'trialInstructionPos': (0, 1), 'probe': 'both', 'rightStreamFlip': False, 'horizVert': False, 'ISIframes': 2, 'rightResponseFirst': False}
570.1159 	INFO 	numtrials=360 and this trialDurFrames=5 or 83.3333333333 ms  task=T1
571.3003 	EXP 	window1: recordFrameIntervals = False
571.3087 	INFO 	Mouse: using default window
572.8838 	DATA 	Keypress: s
573.4671 	DATA 	Keypress: n
573.6062 	EXP 	New trial (rep=6, index=10): {'leftStreamFlip': False, 'oneTarget': True, 'trialInstructionPos': (0, 1), 'probe': 'both', 'rightStreamFlip': False, 'horizVert': False, 'ISIframes': 2, 'rightResponseFirst': True}
573.6332 	INFO 	numtrials=360 and this trialDurFrames=5 or 83.3333333333 ms  task=T1
574.8003 	EXP 	window1: recordFrameIntervals = False
574.8095 	INFO 	Mouse: using default window
577.6171 	DATA 	Keypress: k
577.7549 	EXP 	New trial (rep=6, index=11): {'leftStreamFlip': False, 'oneTarget': True, 'trialInstructionPos': (0, 1), 'probe': 'both', 'rightStreamFlip': False, 'horizVert': False, 'ISIframes': 2, 'rightResponseFirst': False}
577.7841 	INFO 	numtrials=360 and this trialDurFrames=5 or 83.3333333333 ms  task=T1
578.9168 	EXP 	window1: recordFrameIntervals = False
578.9256 	INFO 	Mouse: using default window
579.8838 	DATA 	Keypress: r
580.0226 	EXP 	New trial (rep=7, index=0): {'leftStreamFlip': False, 'oneTarget': False, 'trialInstructionPos': (0, 1), 'probe': 'both', 'rightStreamFlip': False, 'horizVert': False, 'ISIframes': 2, 'rightResponseFirst': False}
580.0508 	INFO 	numtrials=360 and this trialDurFrames=5 or 83.3333333333 ms  task=T1
581.2336 	EXP 	window1: recordFrameIntervals = False
581.2419 	INFO 	Mouse: using default window
582.4173 	DATA 	Keypress: n
582.9838 	DATA 	Keypress: t
583.1229 	EXP 	New trial (rep=7, index=1): {'leftStreamFlip': False, 'oneTarget': False, 'trialInstructionPos': (0, -1), 'probe': 'both', 'rightStreamFlip': False, 'horizVert': False, 'ISIframes': 2, 'rightResponseFirst': True}
583.1498 	INFO 	numtrials=360 and this trialDurFrames=5 or 83.3333333333 ms  task=T1
584.2670 	EXP 	window1: recordFrameIntervals = False
584.2756 	INFO 	Mouse: using default window
585.4340 	DATA 	Keypress: n
587.5671 	DATA 	Keypress: n
587.7057 	EXP 	New trial (rep=7, index=2): {'leftStreamFlip': False, 'oneTarget': True, 'trialInstructionPos': (0, -1), 'probe': 'both', 'rightStreamFlip': False, 'horizVert': False, 'ISIframes': 2, 'rightResponseFirst': False}
587.7340 	INFO 	numtrials=360 and this trialDurFrames=5 or 83.3333333333 ms  task=T1
588.8336 	EXP 	window1: recordFrameIntervals = False
588.8421 	INFO 	Mouse: using default window
589.7837 	DATA 	Keypress: h
589.9226 	EXP 	New trial (rep=7, index=3): {'leftStreamFlip': False, 'oneTarget': False, 'trialInstructionPos': (0, -1), 'probe': 'both', 'rightStreamFlip': False, 'horizVert': False, 'ISIframes': 2, 'rightResponseFirst': True}
589.9509 	INFO 	numtrials=360 and this trialDurFrames=5 or 83.3333333333 ms  task=T1
590.9837 	EXP 	window1: recordFrameIntervals = False
590.9917 	INFO 	Mouse: using default window
592.0505 	DATA 	Keypress: k
592.5672 	DATA 	Keypress: j
592.7060 	EXP 	New trial (rep=7, index=4): {'leftStreamFlip': False, 'oneTarget': False, 'trialInstructionPos': (0, 1), 'probe': 'both', 'rightStreamFlip': False, 'horizVert': False, 'ISIframes': 2, 'rightResponseFirst': True}
592.7343 	INFO 	numtrials=360 and this trialDurFrames=5 or 83.3333333333 ms  task=T1
593.9335 	EXP 	window1: recordFrameIntervals = False
593.9419 	INFO 	Mouse: using default window
595.2673 	DATA 	Keypress: r
596.1505 	DATA 	Keypress: h
596.2905 	EXP 	New trial (rep=7, index=5): {'leftStreamFlip': False, 'oneTarget': False, 'trialInstructionPos': (0, -1), 'probe': 'both', 'rightStreamFlip': False, 'horizVert': False, 'ISIframes': 2, 'rightResponseFirst': False}
596.3164 	INFO 	numtrials=360 and this trialDurFrames=5 or 83.3333333333 ms  task=T1
597.4502 	EXP 	window1: recordFrameIntervals = False
597.4586 	INFO 	Mouse: using default window
598.5671 	DATA 	Keypress: e
599.0504 	DATA 	Keypress: j
599.1934 	EXP 	New trial (rep=7, index=6): {'leftStreamFlip': False, 'oneTarget': True, 'trialInstructionPos': (0, 1), 'probe': 'both', 'rightStreamFlip': False, 'horizVert': False, 'ISIframes': 2, 'rightResponseFirst': True}
599.2162 	INFO 	numtrials=360 and this trialDurFrames=5 or 83.3333333333 ms  task=T1
600.2838 	EXP 	window1: recordFrameIntervals = False
600.2935 	INFO 	Mouse: using default window
602.1171 	DATA 	Keypress: m
602.2565 	EXP 	New trial (rep=7, index=7): {'leftStreamFlip': False, 'oneTarget': False, 'trialInstructionPos': (0, 1), 'probe': 'both', 'rightStreamFlip': False, 'horizVert': False, 'ISIframes': 2, 'rightResponseFirst': True}
602.2842 	INFO 	numtrials=360 and this trialDurFrames=5 or 83.3333333333 ms  task=T1
603.3671 	EXP 	window1: recordFrameIntervals = False
603.3755 	INFO 	Mouse: using default window
604.9505 	DATA 	Keypress: m
605.9505 	DATA 	Keypress: y
606.0892 	EXP 	New trial (rep=7, index=8): {'leftStreamFlip': False, 'oneTarget': True, 'trialInstructionPos': (0, 1), 'probe': 'both', 'rightStreamFlip': False, 'horizVert': False, 'ISIframes': 2, 'rightResponseFirst': False}
606.1165 	INFO 	numtrials=360 and this trialDurFrames=5 or 83.3333333333 ms  task=T1
607.2337 	EXP 	window1: recordFrameIntervals = False
607.2422 	INFO 	Mouse: using default window
608.3672 	DATA 	Keypress: f
608.5061 	EXP 	New trial (rep=7, index=9): {'leftStreamFlip': False, 'oneTarget': False, 'trialInstructionPos': (0, -1), 'probe': 'both', 'rightStreamFlip': False, 'horizVert': False, 'ISIframes': 2, 'rightResponseFirst': False}
608.5343 	INFO 	numtrials=360 and this trialDurFrames=5 or 83.3333333333 ms  task=T1
609.6337 	EXP 	window1: recordFrameIntervals = False
609.6420 	INFO 	Mouse: using default window
610.8839 	DATA 	Keypress: g
611.6676 	DATA 	Keypress: n
611.8063 	EXP 	New trial (rep=7, index=10): {'leftStreamFlip': False, 'oneTarget': True, 'trialInstructionPos': (0, -1), 'probe': 'both', 'rightStreamFlip': False, 'horizVert': False, 'ISIframes': 2, 'rightResponseFirst': True}
611.8333 	INFO 	numtrials=360 and this trialDurFrames=5 or 83.3333333333 ms  task=T1
612.9502 	EXP 	window1: recordFrameIntervals = False
612.9584 	INFO 	Mouse: using default window
614.0674 	DATA 	Keypress: a
614.2063 	EXP 	New trial (rep=7, index=11): {'leftStreamFlip': False, 'oneTarget': False, 'trialInstructionPos': (0, 1), 'probe': 'both', 'rightStreamFlip': False, 'horizVert': False, 'ISIframes': 2, 'rightResponseFirst': False}
614.2333 	INFO 	numtrials=360 and this trialDurFrames=5 or 83.3333333333 ms  task=T1
615.4671 	EXP 	window1: recordFrameIntervals = False
615.4754 	INFO 	Mouse: using default window
617.0005 	DATA 	Keypress: h
617.2838 	DATA 	Keypress: m
617.4248 	EXP 	New trial (rep=8, index=0): {'leftStreamFlip': False, 'oneTarget': False, 'trialInstructionPos': (0, -1), 'probe': 'both', 'rightStreamFlip': False, 'horizVert': False, 'ISIframes': 2, 'rightResponseFirst': False}
617.4498 	INFO 	numtrials=360 and this trialDurFrames=5 or 83.3333333333 ms  task=T1
618.4503 	EXP 	window1: recordFrameIntervals = False
618.4590 	INFO 	Mouse: using default window
619.4338 	DATA 	Keypress: n
620.0505 	DATA 	Keypress: s
620.1906 	EXP 	New trial (rep=8, index=1): {'leftStreamFlip': False, 'oneTarget': False, 'trialInstructionPos': (0, -1), 'probe': 'both', 'rightStreamFlip': False, 'horizVert': False, 'ISIframes': 2, 'rightResponseFirst': False}
620.2165 	INFO 	numtrials=360 and this trialDurFrames=5 or 83.3333333333 ms  task=T1
621.4503 	EXP 	window1: recordFrameIntervals = False
621.4589 	INFO 	Mouse: using default window
623.5672 	DATA 	Keypress: k
623.9839 	DATA 	Keypress: z
624.1237 	EXP 	New trial (rep=8, index=2): {'leftStreamFlip': False, 'oneTarget': True, 'trialInstructionPos': (0, 1), 'probe': 'both', 'rightStreamFlip': False, 'horizVert': False, 'ISIframes': 2, 'rightResponseFirst': True}
624.1498 	INFO 	numtrials=360 and this trialDurFrames=5 or 83.3333333333 ms  task=T1
625.2837 	EXP 	window1: recordFrameIntervals = False
625.2921 	INFO 	Mouse: using default window
629.3173 	DATA 	Keypress: z
629.4567 	EXP 	New trial (rep=8, index=3): {'leftStreamFlip': False, 'oneTarget': True, 'trialInstructionPos': (0, -1), 'probe': 'both', 'rightStreamFlip': False, 'horizVert': False, 'ISIframes': 2, 'rightResponseFirst': True}
629.4833 	INFO 	numtrials=360 and this trialDurFrames=5 or 83.3333333333 ms  task=T1
630.5339 	EXP 	window1: recordFrameIntervals = False
630.5422 	INFO 	Mouse: using default window
631.6018 	DATA 	Keypress: c
631.7561 	EXP 	New trial (rep=8, index=4): {'leftStreamFlip': False, 'oneTarget': True, 'trialInstructionPos': (0, 1), 'probe': 'both', 'rightStreamFlip': False, 'horizVert': False, 'ISIframes': 2, 'rightResponseFirst': False}
631.7844 	INFO 	numtrials=360 and this trialDurFrames=5 or 83.3333333333 ms  task=T1
632.8002 	EXP 	window1: recordFrameIntervals = False
632.8080 	INFO 	Mouse: using default window
633.6505 	DATA 	Keypress: g
633.7890 	EXP 	New trial (rep=8, index=5): {'leftStreamFlip': False, 'oneTarget': False, 'trialInstructionPos': (0, -1), 'probe': 'both', 'rightStreamFlip': False, 'horizVert': False, 'ISIframes': 2, 'rightResponseFirst': True}
633.7998 	INFO 	numtrials=360 and this trialDurFrames=5 or 83.3333333333 ms  task=T1
634.9004 	EXP 	window1: recordFrameIntervals = False
634.9091 	INFO 	Mouse: using default window
635.8506 	DATA 	Keypress: f
636.1672 	DATA 	Keypress: s
636.3076 	EXP 	New trial (rep=8, index=6): {'leftStreamFlip': False, 'oneTarget': False, 'trialInstructionPos': (0, 1), 'probe': 'both', 'rightStreamFlip': False, 'horizVert': False, 'ISIframes': 2, 'rightResponseFirst': True}
636.3333 	INFO 	numtrials=360 and this trialDurFrames=5 or 83.3333333333 ms  task=T1
637.4004 	EXP 	window1: recordFrameIntervals = False
637.4093 	INFO 	Mouse: using default window
639.8672 	DATA 	Keypress: f
640.2172 	DATA 	Keypress: z
640.3583 	EXP 	New trial (rep=8, index=7): {'leftStreamFlip': False, 'oneTarget': False, 'trialInstructionPos': (0, 1), 'probe': 'both', 'rightStreamFlip': False, 'horizVert': False, 'ISIframes': 2, 'rightResponseFirst': False}
640.3833 	INFO 	numtrials=360 and this trialDurFrames=5 or 83.3333333333 ms  task=T1
641.5003 	EXP 	window1: recordFrameIntervals = False
641.5088 	INFO 	Mouse: using default window
642.7005 	DATA 	Keypress: t
642.8177 	DATA 	Keypress: y
642.9551 	EXP 	New trial (rep=8, index=8): {'leftStreamFlip': False, 'oneTarget': False, 'trialInstructionPos': (0, -1), 'probe': 'both', 'rightStreamFlip': False, 'horizVert': False, 'ISIframes': 2, 'rightResponseFirst': True}
642.9841 	INFO 	numtrials=360 and this trialDurFrames=5 or 83.3333333333 ms  task=T1
644.1670 	EXP 	window1: recordFrameIntervals = False
644.1753 	INFO 	Mouse: using default window
645.6840 	DATA 	Keypress: m
646.1172 	DATA 	Keypress: t
646.2580 	EXP 	New trial (rep=8, index=9): {'leftStreamFlip': False, 'oneTarget': True, 'trialInstructionPos': (0, -1), 'probe': 'both', 'rightStreamFlip': False, 'horizVert': False, 'ISIframes': 2, 'rightResponseFirst': False}
646.2833 	INFO 	numtrials=360 and this trialDurFrames=5 or 83.3333333333 ms  task=T1
647.3671 	EXP 	window1: recordFrameIntervals = False
647.3755 	INFO 	Mouse: using default window
648.4341 	DATA 	Keypress: h
648.5740 	EXP 	New trial (rep=8, index=10): {'leftStreamFlip': False, 'oneTarget': False, 'trialInstructionPos': (0, 1), 'probe': 'both', 'rightStreamFlip': False, 'horizVert': False, 'ISIframes': 2, 'rightResponseFirst': True}
648.6000 	INFO 	numtrials=360 and this trialDurFrames=5 or 83.3333333333 ms  task=T1
649.7338 	EXP 	window1: recordFrameIntervals = False
649.7420 	INFO 	Mouse: using default window
651.2674 	DATA 	Keypress: a
652.9173 	DATA 	Keypress: a
653.0564 	EXP 	New trial (rep=8, index=11): {'leftStreamFlip': False, 'oneTarget': False, 'trialInstructionPos': (0, 1), 'probe': 'both', 'rightStreamFlip': False, 'horizVert': False, 'ISIframes': 2, 'rightResponseFirst': False}
653.0833 	INFO 	numtrials=360 and this trialDurFrames=5 or 83.3333333333 ms  task=T1
654.2670 	EXP 	window1: recordFrameIntervals = False
654.2756 	INFO 	Mouse: using default window
655.5006 	DATA 	Keypress: y
655.9341 	DATA 	Keypress: u
656.0738 	EXP 	New trial (rep=9, index=0): {'leftStreamFlip': False, 'oneTarget': False, 'trialInstructionPos': (0, 1), 'probe': 'both', 'rightStreamFlip': False, 'horizVert': False, 'ISIframes': 2, 'rightResponseFirst': False}
656.0999 	INFO 	numtrials=360 and this trialDurFrames=5 or 83.3333333333 ms  task=T1
657.2670 	EXP 	window1: recordFrameIntervals = False
657.2753 	INFO 	Mouse: using default window
658.5840 	DATA 	Keypress: c
659.1172 	DATA 	Keypress: m
659.2562 	EXP 	New trial (rep=9, index=1): {'leftStreamFlip': False, 'oneTarget': False, 'trialInstructionPos': (0, -1), 'probe': 'both', 'rightStreamFlip': False, 'horizVert': False, 'ISIframes': 2, 'rightResponseFirst': True}
659.2833 	INFO 	numtrials=360 and this trialDurFrames=5 or 83.3333333333 ms  task=T1
660.4337 	EXP 	window1: recordFrameIntervals = False
660.4424 	INFO 	Mouse: using default window
662.4674 	DATA 	Keypress: c
663.2175 	DATA 	Keypress: s
663.3569 	EXP 	New trial (rep=9, index=2): {'leftStreamFlip': False, 'oneTarget': True, 'trialInstructionPos': (0, -1), 'probe': 'both', 'rightStreamFlip': False, 'horizVert': False, 'ISIframes': 2, 'rightResponseFirst': True}
663.3844 	INFO 	numtrials=360 and this trialDurFrames=5 or 83.3333333333 ms  task=T1
664.5171 	EXP 	window1: recordFrameIntervals = False
664.5256 	INFO 	Mouse: using default window
665.9340 	DATA 	Keypress: m
666.0730 	EXP 	New trial (rep=9, index=3): {'leftStreamFlip': False, 'oneTarget': False, 'trialInstructionPos': (0, -1), 'probe': 'both', 'rightStreamFlip': False, 'horizVert': False, 'ISIframes': 2, 'rightResponseFirst': True}
666.0999 	INFO 	numtrials=360 and this trialDurFrames=5 or 83.3333333333 ms  task=T1
667.2004 	EXP 	window1: recordFrameIntervals = False
667.2087 	INFO 	Mouse: using default window
668.4341 	DATA 	Keypress: j
668.7007 	DATA 	Keypress: g
668.8394 	EXP 	New trial (rep=9, index=4): {'leftStreamFlip': False, 'oneTarget': False, 'trialInstructionPos': (0, -1), 'probe': 'both', 'rightStreamFlip': False, 'horizVert': False, 'ISIframes': 2, 'rightResponseFirst': False}
668.8675 	INFO 	numtrials=360 and this trialDurFrames=5 or 83.3333333333 ms  task=T1
670.0003 	EXP 	window1: recordFrameIntervals = False
670.0088 	INFO 	Mouse: using default window
671.4006 	DATA 	Keypress: z
671.9174 	DATA 	Keypress: t
672.0582 	EXP 	New trial (rep=9, index=5): {'leftStreamFlip': False, 'oneTarget': False, 'trialInstructionPos': (0, 1), 'probe': 'both', 'rightStreamFlip': False, 'horizVert': False, 'ISIframes': 2, 'rightResponseFirst': True}
672.0837 	INFO 	numtrials=360 and this trialDurFrames=5 or 83.3333333333 ms  task=T1
673.1505 	EXP 	window1: recordFrameIntervals = False
673.1591 	INFO 	Mouse: using default window
674.3007 	DATA 	Keypress: y
674.6005 	DATA 	Keypress: y
674.7385 	EXP 	New trial (rep=9, index=6): {'leftStreamFlip': False, 'oneTarget': False, 'trialInstructionPos': (0, -1), 'probe': 'both', 'rightStreamFlip': False, 'horizVert': False, 'ISIframes': 2, 'rightResponseFirst': False}
674.7677 	INFO 	numtrials=360 and this trialDurFrames=5 or 83.3333333333 ms  task=T1
675.8504 	EXP 	window1: recordFrameIntervals = False
675.8589 	INFO 	Mouse: using default window
678.1839 	DATA 	Keypress: z
678.5006 	DATA 	Keypress: y
678.6393 	EXP 	New trial (rep=9, index=7): {'leftStreamFlip': False, 'oneTarget': True, 'trialInstructionPos': (0, -1), 'probe': 'both', 'rightStreamFlip': False, 'horizVert': False, 'ISIframes': 2, 'rightResponseFirst': False}
678.6669 	INFO 	numtrials=360 and this trialDurFrames=5 or 83.3333333333 ms  task=T1
679.8837 	EXP 	window1: recordFrameIntervals = False
679.8922 	INFO 	Mouse: using default window
681.2020 	DATA 	Keypress: f
681.3546 	EXP 	New trial (rep=9, index=8): {'leftStreamFlip': False, 'oneTarget': True, 'trialInstructionPos': (0, 1), 'probe': 'both', 'rightStreamFlip': False, 'horizVert': False, 'ISIframes': 2, 'rightResponseFirst': False}
681.3844 	INFO 	numtrials=360 and this trialDurFrames=5 or 83.3333333333 ms  task=T1
682.6170 	EXP 	window1: recordFrameIntervals = False
682.6257 	INFO 	Mouse: using default window
684.2342 	DATA 	Keypress: m
684.3717 	EXP 	New trial (rep=9, index=9): {'leftStreamFlip': False, 'oneTarget': True, 'trialInstructionPos': (0, 1), 'probe': 'both', 'rightStreamFlip': False, 'horizVert': False, 'ISIframes': 2, 'rightResponseFirst': True}
684.3846 	INFO 	numtrials=360 and this trialDurFrames=5 or 83.3333333333 ms  task=T1
685.5172 	EXP 	window1: recordFrameIntervals = False
685.5256 	INFO 	Mouse: using default window
686.6172 	DATA 	Keypress: y
686.7561 	EXP 	New trial (rep=9, index=10): {'leftStreamFlip': False, 'oneTarget': False, 'trialInstructionPos': (0, 1), 'probe': 'both', 'rightStreamFlip': False, 'horizVert': False, 'ISIframes': 2, 'rightResponseFirst': True}
686.7845 	INFO 	numtrials=360 and this trialDurFrames=5 or 83.3333333333 ms  task=T1
687.8838 	EXP 	window1: recordFrameIntervals = False
687.8922 	INFO 	Mouse: using default window
690.2507 	DATA 	Keypress: r
690.5507 	DATA 	Keypress: t
690.6893 	EXP 	New trial (rep=9, index=11): {'leftStreamFlip': False, 'oneTarget': False, 'trialInstructionPos': (0, 1), 'probe': 'both', 'rightStreamFlip': False, 'horizVert': False, 'ISIframes': 2, 'rightResponseFirst': False}
690.7178 	INFO 	numtrials=360 and this trialDurFrames=5 or 83.3333333333 ms  task=T1
691.8505 	EXP 	window1: recordFrameIntervals = False
691.8589 	INFO 	Mouse: using default window
695.4174 	DATA 	Keypress: n
696.8174 	DATA 	Keypress: z
696.9586 	EXP 	New trial (rep=10, index=0): {'leftStreamFlip': False, 'oneTarget': True, 'trialInstructionPos': (0, 1), 'probe': 'both', 'rightStreamFlip': False, 'horizVert': False, 'ISIframes': 2, 'rightResponseFirst': False}
696.9828 	INFO 	numtrials=360 and this trialDurFrames=5 or 83.3333333333 ms  task=T1
698.1172 	EXP 	window1: recordFrameIntervals = False
698.1259 	INFO 	Mouse: using default window
699.3006 	DATA 	Keypress: y
699.4387 	EXP 	New trial (rep=10, index=1): {'leftStreamFlip': False, 'oneTarget': False, 'trialInstructionPos': (0, 1), 'probe': 'both', 'rightStreamFlip': False, 'horizVert': False, 'ISIframes': 2, 'rightResponseFirst': False}
699.4506 	INFO 	numtrials=360 and this trialDurFrames=5 or 83.3333333333 ms  task=T1
700.5671 	EXP 	window1: recordFrameIntervals = False
700.5755 	INFO 	Mouse: using default window
701.7507 	DATA 	Keypress: j
702.3174 	DATA 	Keypress: m
702.4556 	EXP 	New trial (rep=10, index=2): {'leftStreamFlip': False, 'oneTarget': True, 'trialInstructionPos': (0, -1), 'probe': 'both', 'rightStreamFlip': False, 'horizVert': False, 'ISIframes': 2, 'rightResponseFirst': False}
702.4843 	INFO 	numtrials=360 and this trialDurFrames=5 or 83.3333333333 ms  task=T1
703.6337 	EXP 	window1: recordFrameIntervals = False
703.6427 	INFO 	Mouse: using default window
704.7173 	DATA 	Keypress: e
704.8567 	EXP 	New trial (rep=10, index=3): {'leftStreamFlip': False, 'oneTarget': False, 'trialInstructionPos': (0, -1), 'probe': 'both', 'rightStreamFlip': False, 'horizVert': False, 'ISIframes': 2, 'rightResponseFirst': False}
704.8845 	INFO 	numtrials=360 and this trialDurFrames=5 or 83.3333333333 ms  task=T1
705.9506 	EXP 	window1: recordFrameIntervals = False
705.9588 	INFO 	Mouse: using default window
707.6173 	DATA 	Keypress: m
708.0175 	DATA 	Keypress: k
708.1570 	EXP 	New trial (rep=10, index=4): {'leftStreamFlip': False, 'oneTarget': True, 'trialInstructionPos': (0, 1), 'probe': 'both', 'rightStreamFlip': False, 'horizVert': False, 'ISIframes': 2, 'rightResponseFirst': True}
708.1844 	INFO 	numtrials=360 and this trialDurFrames=5 or 83.3333333333 ms  task=T1
709.2672 	EXP 	window1: recordFrameIntervals = False
709.2757 	INFO 	Mouse: using default window
710.2507 	DATA 	Keypress: a
710.3903 	EXP 	New trial (rep=10, index=5): {'leftStreamFlip': False, 'oneTarget': False, 'trialInstructionPos': (0, -1), 'probe': 'both', 'rightStreamFlip': False, 'horizVert': False, 'ISIframes': 2, 'rightResponseFirst': False}
710.4175 	INFO 	numtrials=360 and this trialDurFrames=5 or 83.3333333333 ms  task=T1
711.6504 	EXP 	window1: recordFrameIntervals = False
711.6592 	INFO 	Mouse: using default window
713.4508 	DATA 	Keypress: g
713.5341 	DATA 	Keypress: z
713.6750 	EXP 	New trial (rep=10, index=6): {'leftStreamFlip': False, 'oneTarget': False, 'trialInstructionPos': (0, 1), 'probe': 'both', 'rightStreamFlip': False, 'horizVert': False, 'ISIframes': 2, 'rightResponseFirst': True}
713.7000 	INFO 	numtrials=360 and this trialDurFrames=5 or 83.3333333333 ms  task=T1
714.9171 	EXP 	window1: recordFrameIntervals = False
714.9255 	INFO 	Mouse: using default window
715.9007 	DATA 	Keypress: a
717.9674 	DATA 	Keypress: m
718.1064 	EXP 	New trial (rep=10, index=7): {'leftStreamFlip': False, 'oneTarget': False, 'trialInstructionPos': (0, 1), 'probe': 'both', 'rightStreamFlip': False, 'horizVert': False, 'ISIframes': 2, 'rightResponseFirst': False}
718.1342 	INFO 	numtrials=360 and this trialDurFrames=5 or 83.3333333333 ms  task=T1
719.1505 	EXP 	window1: recordFrameIntervals = False
719.1615 	INFO 	Mouse: using default window
720.3341 	DATA 	Keypress: m
720.8507 	DATA 	Keypress: t
720.9909 	EXP 	New trial (rep=10, index=8): {'leftStreamFlip': False, 'oneTarget': True, 'trialInstructionPos': (0, -1), 'probe': 'both', 'rightStreamFlip': False, 'horizVert': False, 'ISIframes': 2, 'rightResponseFirst': True}
721.0168 	INFO 	numtrials=360 and this trialDurFrames=5 or 83.3333333333 ms  task=T1
722.0670 	EXP 	window1: recordFrameIntervals = False
722.0754 	INFO 	Mouse: using default window
723.4174 	DATA 	Keypress: f
723.5566 	EXP 	New trial (rep=10, index=9): {'leftStreamFlip': False, 'oneTarget': False, 'trialInstructionPos': (0, -1), 'probe': 'both', 'rightStreamFlip': False, 'horizVert': False, 'ISIframes': 2, 'rightResponseFirst': True}
723.5845 	INFO 	numtrials=360 and this trialDurFrames=5 or 83.3333333333 ms  task=T1
724.7172 	EXP 	window1: recordFrameIntervals = False
724.7257 	INFO 	Mouse: using default window
725.8341 	DATA 	Keypress: t
726.2008 	DATA 	Keypress: t
726.3413 	EXP 	New trial (rep=10, index=10): {'leftStreamFlip': False, 'oneTarget': False, 'trialInstructionPos': (0, 1), 'probe': 'both', 'rightStreamFlip': False, 'horizVert': False, 'ISIframes': 2, 'rightResponseFirst': True}
726.3667 	INFO 	numtrials=360 and this trialDurFrames=5 or 83.3333333333 ms  task=T1
727.5506 	EXP 	window1: recordFrameIntervals = False
727.5594 	INFO 	Mouse: using default window
729.3841 	DATA 	Keypress: u
730.4022 	DATA 	Keypress: y
730.5602 	EXP 	New trial (rep=10, index=11): {'leftStreamFlip': False, 'oneTarget': False, 'trialInstructionPos': (0, -1), 'probe': 'both', 'rightStreamFlip': False, 'horizVert': False, 'ISIframes': 2, 'rightResponseFirst': True}
730.5832 	INFO 	numtrials=360 and this trialDurFrames=5 or 83.3333333333 ms  task=T1
731.5839 	EXP 	window1: recordFrameIntervals = False
731.5925 	INFO 	Mouse: using default window
733.1174 	DATA 	Keypress: t
733.7510 	DATA 	Keypress: m
733.8912 	EXP 	New trial (rep=11, index=0): {'leftStreamFlip': False, 'oneTarget': False, 'trialInstructionPos': (0, 1), 'probe': 'both', 'rightStreamFlip': False, 'horizVert': False, 'ISIframes': 2, 'rightResponseFirst': True}
733.9166 	INFO 	numtrials=360 and this trialDurFrames=5 or 83.3333333333 ms  task=T1
735.0339 	EXP 	window1: recordFrameIntervals = False
735.0424 	INFO 	Mouse: using default window
736.4014 	DATA 	Keypress: f
737.0006 	DATA 	Keypress: z
737.1411 	EXP 	New trial (rep=11, index=1): {'leftStreamFlip': False, 'oneTarget': True, 'trialInstructionPos': (0, -1), 'probe': 'both', 'rightStreamFlip': False, 'horizVert': False, 'ISIframes': 2, 'rightResponseFirst': False}
737.1668 	INFO 	numtrials=360 and this trialDurFrames=5 or 83.3333333333 ms  task=T1
738.3839 	EXP 	window1: recordFrameIntervals = False
738.3924 	INFO 	Mouse: using default window
739.5007 	DATA 	Keypress: c
739.6382 	EXP 	New trial (rep=11, index=2): {'leftStreamFlip': False, 'oneTarget': False, 'trialInstructionPos': (0, 1), 'probe': 'both', 'rightStreamFlip': False, 'horizVert': False, 'ISIframes': 2, 'rightResponseFirst': False}
739.6673 	INFO 	numtrials=360 and this trialDurFrames=5 or 83.3333333333 ms  task=T1
740.8338 	EXP 	window1: recordFrameIntervals = False
740.8427 	INFO 	Mouse: using default window
742.0020 	DATA 	Keypress: g
742.5841 	DATA 	Keypress: u
742.7240 	EXP 	New trial (rep=11, index=3): {'leftStreamFlip': False, 'oneTarget': False, 'trialInstructionPos': (0, 1), 'probe': 'both', 'rightStreamFlip': False, 'horizVert': False, 'ISIframes': 2, 'rightResponseFirst': True}
742.7500 	INFO 	numtrials=360 and this trialDurFrames=5 or 83.3333333333 ms  task=T1
743.8172 	EXP 	window1: recordFrameIntervals = False
743.8255 	INFO 	Mouse: using default window
745.5508 	DATA 	Keypress: e
746.4176 	DATA 	Keypress: f
746.5571 	EXP 	New trial (rep=11, index=4): {'leftStreamFlip': False, 'oneTarget': True, 'trialInstructionPos': (0, 1), 'probe': 'both', 'rightStreamFlip': False, 'horizVert': False, 'ISIframes': 2, 'rightResponseFirst': False}
746.5835 	INFO 	numtrials=360 and this trialDurFrames=5 or 83.3333333333 ms  task=T1
747.5839 	EXP 	window1: recordFrameIntervals = False
747.5923 	INFO 	Mouse: using default window
760.5180 	DATA 	Keypress: e
760.6562 	EXP 	New trial (rep=11, index=5): {'leftStreamFlip': False, 'oneTarget': False, 'trialInstructionPos': (0, -1), 'probe': 'both', 'rightStreamFlip': False, 'horizVert': False, 'ISIframes': 2, 'rightResponseFirst': True}
760.6830 	INFO 	numtrials=360 and this trialDurFrames=5 or 83.3333333333 ms  task=T1
761.7505 	EXP 	window1: recordFrameIntervals = False
761.7591 	INFO 	Mouse: using default window
763.6842 	DATA 	Keypress: s
764.0342 	DATA 	Keypress: u
764.1795 	EXP 	New trial (rep=11, index=6): {'leftStreamFlip': False, 'oneTarget': False, 'trialInstructionPos': (0, 1), 'probe': 'both', 'rightStreamFlip': False, 'horizVert': False, 'ISIframes': 2, 'rightResponseFirst': False}
764.2001 	INFO 	numtrials=360 and this trialDurFrames=5 or 83.3333333333 ms  task=T1
765.2340 	EXP 	window1: recordFrameIntervals = False
765.2423 	INFO 	Mouse: using default window
766.8508 	DATA 	Keypress: z
767.5007 	DATA 	Keypress: n
767.6443 	EXP 	New trial (rep=11, index=7): {'leftStreamFlip': False, 'oneTarget': True, 'trialInstructionPos': (0, 1), 'probe': 'both', 'rightStreamFlip': False, 'horizVert': False, 'ISIframes': 2, 'rightResponseFirst': True}
767.6665 	INFO 	numtrials=360 and this trialDurFrames=5 or 83.3333333333 ms  task=T1
768.8505 	EXP 	window1: recordFrameIntervals = False
768.8594 	INFO 	Mouse: using default window
770.9509 	DATA 	Keypress: e
771.0888 	EXP 	New trial (rep=11, index=8): {'leftStreamFlip': False, 'oneTarget': False, 'trialInstructionPos': (0, -1), 'probe': 'both', 'rightStreamFlip': False, 'horizVert': False, 'ISIframes': 2, 'rightResponseFirst': True}
771.1178 	INFO 	numtrials=360 and this trialDurFrames=5 or 83.3333333333 ms  task=T1
772.1839 	EXP 	window1: recordFrameIntervals = False
772.1924 	INFO 	Mouse: using default window
773.6015 	DATA 	Keypress: r
779.8341 	DATA 	Keypress: e
779.9757 	EXP 	New trial (rep=11, index=9): {'leftStreamFlip': False, 'oneTarget': False, 'trialInstructionPos': (0, -1), 'probe': 'both', 'rightStreamFlip': False, 'horizVert': False, 'ISIframes': 2, 'rightResponseFirst': False}
780.0003 	INFO 	numtrials=360 and this trialDurFrames=5 or 83.3333333333 ms  task=T1
781.1840 	EXP 	window1: recordFrameIntervals = False
781.1925 	INFO 	Mouse: using default window
785.8010 	DATA 	Keypress: t
788.0343 	DATA 	Keypress: r
788.1743 	EXP 	New trial (rep=11, index=10): {'leftStreamFlip': False, 'oneTarget': True, 'trialInstructionPos': (0, -1), 'probe': 'both', 'rightStreamFlip': False, 'horizVert': False, 'ISIframes': 2, 'rightResponseFirst': True}
788.2002 	INFO 	numtrials=360 and this trialDurFrames=5 or 83.3333333333 ms  task=T1
789.2172 	EXP 	window1: recordFrameIntervals = False
789.2259 	INFO 	Mouse: using default window
790.2842 	DATA 	Keypress: e
790.4241 	EXP 	New trial (rep=11, index=11): {'leftStreamFlip': False, 'oneTarget': False, 'trialInstructionPos': (0, -1), 'probe': 'both', 'rightStreamFlip': False, 'horizVert': False, 'ISIframes': 2, 'rightResponseFirst': False}
790.4501 	INFO 	numtrials=360 and this trialDurFrames=5 or 83.3333333333 ms  task=T1
791.5340 	EXP 	window1: recordFrameIntervals = False
791.5425 	INFO 	Mouse: using default window
794.0176 	DATA 	Keypress: z
794.6342 	DATA 	Keypress: t
794.7729 	EXP 	New trial (rep=12, index=0): {'leftStreamFlip': False, 'oneTarget': False, 'trialInstructionPos': (0, 1), 'probe': 'both', 'rightStreamFlip': False, 'horizVert': False, 'ISIframes': 2, 'rightResponseFirst': False}
794.8012 	INFO 	numtrials=360 and this trialDurFrames=5 or 83.3333333333 ms  task=T1
795.8006 	EXP 	window1: recordFrameIntervals = False
795.8094 	INFO 	Mouse: using default window
797.0842 	DATA 	Keypress: h
797.8841 	DATA 	Keypress: k
798.0230 	EXP 	New trial (rep=12, index=1): {'leftStreamFlip': False, 'oneTarget': True, 'trialInstructionPos': (0, 1), 'probe': 'both', 'rightStreamFlip': False, 'horizVert': False, 'ISIframes': 2, 'rightResponseFirst': False}
798.0502 	INFO 	numtrials=360 and this trialDurFrames=5 or 83.3333333333 ms  task=T1
799.2340 	EXP 	window1: recordFrameIntervals = False
799.2426 	INFO 	Mouse: using default window
800.3344 	DATA 	Keypress: j
800.4736 	EXP 	New trial (rep=12, index=2): {'leftStreamFlip': False, 'oneTarget': False, 'trialInstructionPos': (0, 1), 'probe': 'both', 'rightStreamFlip': False, 'horizVert': False, 'ISIframes': 2, 'rightResponseFirst': True}
800.5002 	INFO 	numtrials=360 and this trialDurFrames=5 or 83.3333333333 ms  task=T1
801.6841 	EXP 	window1: recordFrameIntervals = False
801.6923 	INFO 	Mouse: using default window
803.5175 	DATA 	Keypress: m
804.8021 	DATA 	Keypress: m
804.9568 	EXP 	New trial (rep=12, index=3): {'leftStreamFlip': False, 'oneTarget': False, 'trialInstructionPos': (0, -1), 'probe': 'both', 'rightStreamFlip': False, 'horizVert': False, 'ISIframes': 2, 'rightResponseFirst': False}
804.9847 	INFO 	numtrials=360 and this trialDurFrames=5 or 83.3333333333 ms  task=T1
806.0840 	EXP 	window1: recordFrameIntervals = False
806.0924 	INFO 	Mouse: using default window
808.0176 	DATA 	Keypress: s
808.5343 	DATA 	Keypress: y
808.6748 	EXP 	New trial (rep=12, index=4): {'leftStreamFlip': False, 'oneTarget': True, 'trialInstructionPos': (0, 1), 'probe': 'both', 'rightStreamFlip': False, 'horizVert': False, 'ISIframes': 2, 'rightResponseFirst': True}
808.7004 	INFO 	numtrials=360 and this trialDurFrames=5 or 83.3333333333 ms  task=T1
809.7175 	EXP 	window1: recordFrameIntervals = False
809.7265 	INFO 	Mouse: using default window
810.6508 	DATA 	Keypress: s
810.7896 	EXP 	New trial (rep=12, index=5): {'leftStreamFlip': False, 'oneTarget': False, 'trialInstructionPos': (0, 1), 'probe': 'both', 'rightStreamFlip': False, 'horizVert': False, 'ISIframes': 2, 'rightResponseFirst': True}
810.8179 	INFO 	numtrials=360 and this trialDurFrames=5 or 83.3333333333 ms  task=T1
812.0507 	EXP 	window1: recordFrameIntervals = False
812.0589 	INFO 	Mouse: using default window
813.0676 	DATA 	Keypress: m
814.5177 	DATA 	Keypress: m
814.6564 	EXP 	New trial (rep=12, index=6): {'leftStreamFlip': False, 'oneTarget': False, 'trialInstructionPos': (0, -1), 'probe': 'both', 'rightStreamFlip': False, 'horizVert': False, 'ISIframes': 2, 'rightResponseFirst': False}
814.6836 	INFO 	numtrials=360 and this trialDurFrames=5 or 83.3333333333 ms  task=T1
815.8674 	EXP 	window1: recordFrameIntervals = False
815.8763 	INFO 	Mouse: using default window
818.1675 	DATA 	Keypress: z
818.5842 	DATA 	Keypress: f
818.7238 	EXP 	New trial (rep=12, index=7): {'leftStreamFlip': False, 'oneTarget': False, 'trialInstructionPos': (0, 1), 'probe': 'both', 'rightStreamFlip': False, 'horizVert': False, 'ISIframes': 2, 'rightResponseFirst': False}
818.7516 	INFO 	numtrials=360 and this trialDurFrames=5 or 83.3333333333 ms  task=T1
819.9172 	EXP 	window1: recordFrameIntervals = False
819.9258 	INFO 	Mouse: using default window
821.3842 	DATA 	Keypress: u
821.5342 	DATA 	Keypress: g
821.6731 	EXP 	New trial (rep=12, index=8): {'leftStreamFlip': False, 'oneTarget': False, 'trialInstructionPos': (0, -1), 'probe': 'both', 'rightStreamFlip': False, 'horizVert': False, 'ISIframes': 2, 'rightResponseFirst': True}
821.7012 	INFO 	numtrials=360 and this trialDurFrames=5 or 83.3333333333 ms  task=T1
822.8673 	EXP 	window1: recordFrameIntervals = False
822.8766 	INFO 	Mouse: using default window
824.0176 	DATA 	Keypress: m
825.9508 	DATA 	Keypress: m
826.0923 	EXP 	New trial (rep=12, index=9): {'leftStreamFlip': False, 'oneTarget': True, 'trialInstructionPos': (0, -1), 'probe': 'both', 'rightStreamFlip': False, 'horizVert': False, 'ISIframes': 2, 'rightResponseFirst': True}
826.1169 	INFO 	numtrials=360 and this trialDurFrames=5 or 83.3333333333 ms  task=T1
827.1173 	EXP 	window1: recordFrameIntervals = False
827.1261 	INFO 	Mouse: using default window
828.3342 	DATA 	Keypress: y
828.4736 	EXP 	New trial (rep=12, index=10): {'leftStreamFlip': False, 'oneTarget': True, 'trialInstructionPos': (0, -1), 'probe': 'both', 'rightStreamFlip': False, 'horizVert': False, 'ISIframes': 2, 'rightResponseFirst': False}
828.5000 	INFO 	numtrials=360 and this trialDurFrames=5 or 83.3333333333 ms  task=T1
829.5840 	EXP 	window1: recordFrameIntervals = False
829.5927 	INFO 	Mouse: using default window
830.5175 	DATA 	Keypress: z
830.6562 	EXP 	New trial (rep=12, index=11): {'leftStreamFlip': False, 'oneTarget': False, 'trialInstructionPos': (0, -1), 'probe': 'both', 'rightStreamFlip': False, 'horizVert': False, 'ISIframes': 2, 'rightResponseFirst': True}
830.6846 	INFO 	numtrials=360 and this trialDurFrames=5 or 83.3333333333 ms  task=T1
831.8340 	EXP 	window1: recordFrameIntervals = False
831.8424 	INFO 	Mouse: using default window
833.9009 	DATA 	Keypress: e
834.3857 	DATA 	Keypress: f
834.5417 	EXP 	New trial (rep=13, index=0): {'leftStreamFlip': False, 'oneTarget': False, 'trialInstructionPos': (0, 1), 'probe': 'both', 'rightStreamFlip': False, 'horizVert': False, 'ISIframes': 2, 'rightResponseFirst': False}
834.5669 	INFO 	numtrials=360 and this trialDurFrames=5 or 83.3333333333 ms  task=T1
835.7841 	EXP 	window1: recordFrameIntervals = False
835.7926 	INFO 	Mouse: using default window
836.8676 	DATA 	Keypress: h
837.4176 	DATA 	Keypress: m
837.5571 	EXP 	New trial (rep=13, index=1): {'leftStreamFlip': False, 'oneTarget': True, 'trialInstructionPos': (0, 1), 'probe': 'both', 'rightStreamFlip': False, 'horizVert': False, 'ISIframes': 2, 'rightResponseFirst': False}
837.5837 	INFO 	numtrials=360 and this trialDurFrames=5 or 83.3333333333 ms  task=T1
838.8006 	EXP 	window1: recordFrameIntervals = False
838.8090 	INFO 	Mouse: using default window
839.8175 	DATA 	Keypress: e
839.9561 	EXP 	New trial (rep=13, index=2): {'leftStreamFlip': False, 'oneTarget': False, 'trialInstructionPos': (0, -1), 'probe': 'both', 'rightStreamFlip': False, 'horizVert': False, 'ISIframes': 2, 'rightResponseFirst': False}
839.9671 	INFO 	numtrials=360 and this trialDurFrames=4 or 66.6666666667 ms  task=T1
840.9506 	EXP 	window1: recordFrameIntervals = False
840.9588 	INFO 	Mouse: using default window
842.1675 	DATA 	Keypress: m
842.6008 	DATA 	Keypress: e
842.7390 	EXP 	New trial (rep=13, index=3): {'leftStreamFlip': False, 'oneTarget': True, 'trialInstructionPos': (0, 1), 'probe': 'both', 'rightStreamFlip': False, 'horizVert': False, 'ISIframes': 2, 'rightResponseFirst': True}
842.7502 	INFO 	numtrials=360 and this trialDurFrames=4 or 66.6666666667 ms  task=T1
843.8674 	EXP 	window1: recordFrameIntervals = False
843.8762 	INFO 	Mouse: using default window
844.8180 	DATA 	Keypress: j
844.9572 	EXP 	New trial (rep=13, index=4): {'leftStreamFlip': False, 'oneTarget': False, 'trialInstructionPos': (0, 1), 'probe': 'both', 'rightStreamFlip': False, 'horizVert': False, 'ISIframes': 2, 'rightResponseFirst': True}
844.9847 	INFO 	numtrials=360 and this trialDurFrames=5 or 83.3333333333 ms  task=T1
846.0340 	EXP 	window1: recordFrameIntervals = False
846.0426 	INFO 	Mouse: using default window
846.7843 	DATA 	Keypress: e
847.5009 	DATA 	Keypress: g
847.6388 	EXP 	New trial (rep=13, index=5): {'leftStreamFlip': False, 'oneTarget': False, 'trialInstructionPos': (0, -1), 'probe': 'both', 'rightStreamFlip': False, 'horizVert': False, 'ISIframes': 2, 'rightResponseFirst': False}
847.6680 	INFO 	numtrials=360 and this trialDurFrames=5 or 83.3333333333 ms  task=T1
848.7006 	EXP 	window1: recordFrameIntervals = False
848.7097 	INFO 	Mouse: using default window
849.9857 	DATA 	Keypress: k
850.9843 	DATA 	Keypress: g
851.1229 	EXP 	New trial (rep=13, index=6): {'leftStreamFlip': False, 'oneTarget': False, 'trialInstructionPos': (0, 1), 'probe': 'both', 'rightStreamFlip': False, 'horizVert': False, 'ISIframes': 2, 'rightResponseFirst': False}
851.1502 	INFO 	numtrials=360 and this trialDurFrames=5 or 83.3333333333 ms  task=T1
852.3673 	EXP 	window1: recordFrameIntervals = False
852.3759 	INFO 	Mouse: using default window
854.1675 	DATA 	Keypress: m
854.8676 	DATA 	Keypress: n
855.0069 	EXP 	New trial (rep=13, index=7): {'leftStreamFlip': False, 'oneTarget': False, 'trialInstructionPos': (0, 1), 'probe': 'both', 'rightStreamFlip': False, 'horizVert': False, 'ISIframes': 2, 'rightResponseFirst': True}
855.0347 	INFO 	numtrials=360 and this trialDurFrames=5 or 83.3333333333 ms  task=T1
856.1340 	EXP 	window1: recordFrameIntervals = False
856.1422 	INFO 	Mouse: using default window
858.3343 	DATA 	Keypress: u
858.4510 	DATA 	Keypress: a
858.5902 	EXP 	New trial (rep=13, index=8): {'leftStreamFlip': False, 'oneTarget': True, 'trialInstructionPos': (0, -1), 'probe': 'both', 'rightStreamFlip': False, 'horizVert': False, 'ISIframes': 2, 'rightResponseFirst': True}
858.6172 	INFO 	numtrials=360 and this trialDurFrames=5 or 83.3333333333 ms  task=T1
859.6507 	EXP 	window1: recordFrameIntervals = False
859.6592 	INFO 	Mouse: using default window
861.0343 	DATA 	Keypress: g
861.1730 	EXP 	New trial (rep=13, index=9): {'leftStreamFlip': False, 'oneTarget': False, 'trialInstructionPos': (0, -1), 'probe': 'both', 'rightStreamFlip': False, 'horizVert': False, 'ISIframes': 2, 'rightResponseFirst': True}
861.2012 	INFO 	numtrials=360 and this trialDurFrames=5 or 83.3333333333 ms  task=T1
862.3840 	EXP 	window1: recordFrameIntervals = False
862.3924 	INFO 	Mouse: using default window
864.0177 	DATA 	Keypress: y
865.3181 	DATA 	Keypress: y
865.4571 	EXP 	New trial (rep=13, index=10): {'leftStreamFlip': False, 'oneTarget': False, 'trialInstructionPos': (0, -1), 'probe': 'both', 'rightStreamFlip': False, 'horizVert': False, 'ISIframes': 2, 'rightResponseFirst': True}
865.4838 	INFO 	numtrials=360 and this trialDurFrames=5 or 83.3333333333 ms  task=T1
866.6841 	EXP 	window1: recordFrameIntervals = False
866.6930 	INFO 	Mouse: using default window
869.7843 	DATA 	Keypress: f
870.2509 	DATA 	Keypress: j
870.3894 	EXP 	New trial (rep=13, index=11): {'leftStreamFlip': False, 'oneTarget': True, 'trialInstructionPos': (0, -1), 'probe': 'both', 'rightStreamFlip': False, 'horizVert': False, 'ISIframes': 2, 'rightResponseFirst': False}
870.4180 	INFO 	numtrials=360 and this trialDurFrames=5 or 83.3333333333 ms  task=T1
871.4341 	EXP 	window1: recordFrameIntervals = False
871.4427 	INFO 	Mouse: using default window
872.3009 	DATA 	Keypress: t
872.4406 	EXP 	New trial (rep=14, index=0): {'leftStreamFlip': False, 'oneTarget': True, 'trialInstructionPos': (0, -1), 'probe': 'both', 'rightStreamFlip': False, 'horizVert': False, 'ISIframes': 2, 'rightResponseFirst': True}
872.4672 	INFO 	numtrials=360 and this trialDurFrames=5 or 83.3333333333 ms  task=T1
873.6838 	EXP 	window1: recordFrameIntervals = False
873.6919 	INFO 	Mouse: using default window
874.8023 	DATA 	Keypress: r
874.9578 	EXP 	New trial (rep=14, index=1): {'leftStreamFlip': False, 'oneTarget': False, 'trialInstructionPos': (0, 1), 'probe': 'both', 'rightStreamFlip': False, 'horizVert': False, 'ISIframes': 2, 'rightResponseFirst': True}
874.9847 	INFO 	numtrials=360 and this trialDurFrames=5 or 83.3333333333 ms  task=T1
876.2176 	EXP 	window1: recordFrameIntervals = False
876.2263 	INFO 	Mouse: using default window
878.4512 	DATA 	Keypress: n
878.8676 	DATA 	Keypress: g
879.0064 	EXP 	New trial (rep=14, index=2): {'leftStreamFlip': False, 'oneTarget': True, 'trialInstructionPos': (0, -1), 'probe': 'both', 'rightStreamFlip': False, 'horizVert': False, 'ISIframes': 2, 'rightResponseFirst': False}
879.0338 	INFO 	numtrials=360 and this trialDurFrames=5 or 83.3333333333 ms  task=T1
880.2007 	EXP 	window1: recordFrameIntervals = False
880.2092 	INFO 	Mouse: using default window
881.3009 	DATA 	Keypress: y
881.4396 	EXP 	New trial (rep=14, index=3): {'leftStreamFlip': False, 'oneTarget': False, 'trialInstructionPos': (0, 1), 'probe': 'both', 'rightStreamFlip': False, 'horizVert': False, 'ISIframes': 2, 'rightResponseFirst': False}
881.4680 	INFO 	numtrials=360 and this trialDurFrames=5 or 83.3333333333 ms  task=T1
882.4674 	EXP 	window1: recordFrameIntervals = False
882.4756 	INFO 	Mouse: using default window
884.1343 	DATA 	Keypress: h
884.4510 	DATA 	Keypress: y
884.5894 	EXP 	New trial (rep=14, index=4): {'leftStreamFlip': False, 'oneTarget': False, 'trialInstructionPos': (0, -1), 'probe': 'both', 'rightStreamFlip': False, 'horizVert': False, 'ISIframes': 2, 'rightResponseFirst': False}
884.6002 	INFO 	numtrials=360 and this trialDurFrames=5 or 83.3333333333 ms  task=T1
885.8173 	EXP 	window1: recordFrameIntervals = False
885.8255 	INFO 	Mouse: using default window
887.2511 	DATA 	Keypress: h
887.5856 	DATA 	Keypress: k
887.7420 	EXP 	New trial (rep=14, index=5): {'leftStreamFlip': False, 'oneTarget': True, 'trialInstructionPos': (0, 1), 'probe': 'both', 'rightStreamFlip': False, 'horizVert': False, 'ISIframes': 2, 'rightResponseFirst': False}
887.7669 	INFO 	numtrials=360 and this trialDurFrames=4 or 66.6666666667 ms  task=T1
888.8176 	EXP 	window1: recordFrameIntervals = False
888.8268 	INFO 	Mouse: using default window
889.8510 	DATA 	Keypress: lctrl
890.4180 	DATA 	Keypress: lshift
890.9175 	DATA 	Keypress: z
890.9367 	INFO 	Stopping at 14:20 on 08 Aug 2018
890.9389 	ERROR 	user aborted experiment on keypress with trials done=173 of 361
890.9548 	INFO 	Program terminating normally.
