0.5930 	WARNING 	Monitor specification not found. Creating a temporary one...
8.6451 	EXP 	Created window1 = Window(allowGUI=False, allowStencil=False, autoLog=True, bitsMode=UNKNOWN, blendMode='avg', color=array([-0.7, -0.7, -0.7]), colorSpace='rgb', fullscr=UNKNOWN, gamma=None, lms=UNKNOWN, monitor=<psychopy.monitors.calibTools.Monitor object at 0x1AE62170>, name='window1', pos=[0, 0], screen=0, size=array([1920, 1080]), stereo=False, units='deg', useFBO=False, useRetina=False, viewOri=0.0, viewPos=None, viewScale=None, waitBlanking=False, winType='pyglet')
8.6451 	INFO 	Mouse: using default window
8.6454 	EXP 	window1: units = 'norm'
8.7250 	EXP 	Created unnamed ImageStim = ImageStim(autoLog=True, color=array([ 1.,  1.,  1.]), colorSpace='rgb', contrast=1.0, depth=0, flipHoriz=False, flipVert=False, image=str(...), interpolate=False, mask=None, maskParams=None, name='unnamed ImageStim', opacity=1.0, ori=0.0, pos=array([-0.5,  0. ]), size=array([ 1.290625  ,  3.24814815]), texRes=128, units='norm', win=Window(...))
8.8024 	EXP 	Created unnamed ImageStim = ImageStim(autoLog=True, color=array([ 1.,  1.,  1.]), colorSpace='rgb', contrast=1.0, depth=0, flipHoriz=False, flipVert=False, image=str(...), interpolate=False, mask=None, maskParams=None, name='unnamed ImageStim', opacity=1.0, ori=0.0, pos=array([ 0.5,  0. ]), size=array([ 1.290625  ,  3.24814815]), texRes=128, units='norm', win=Window(...))
8.8199 	EXP 	Created OKrespZone = GratingStim(autoDraw=False, autoLog=True, color=array([ 1. ,  0.5,  0.5]), colorSpace='rgb', contrast=1.0, depth=0, interpolate=False, mask='gauss', maskParams=None, name='OKrespZone', opacity=1.0, ori=0.0, phase=array([ 0.,  0.]), pos=array([-0.2 , -0.92]), rgbPedestal=array([ 0.,  0.,  0.]), sf=array([ 0.,  0.]), size=array([ 2.3,  0.2]), tex='sin', texRes=256, units='norm', win=Window(...))
8.9560 	EXP 	unnamed ImageStim: size = (1, 2)
8.9560 	EXP 	unnamed ImageStim: size = (1, 2)
89.2092 	DATA 	Mouse: Left button down, pos=(861,38)
89.2256 	EXP 	window1: units = 'deg'
89.2258 	EXP 	window1: units = 'norm'
89.2459 	EXP 	Created OKrespZone = GratingStim(autoDraw=False, autoLog=True, color=array([ 1. ,  0.5,  0.5]), colorSpace='rgb', contrast=1.0, depth=0, interpolate=False, mask='gauss', maskParams=None, name='OKrespZone', opacity=1.0, ori=0.0, phase=array([ 0.,  0.]), pos=array([-0.2 , -0.92]), rgbPedestal=array([ 0.,  0.,  0.]), sf=array([ 0.,  0.]), size=array([ 2.3,  0.2]), tex='sin', texRes=256, units='norm', win=Window(...))
89.3287 	EXP 	Created unnamed ImageStim = ImageStim(autoLog=True, color=array([ 1.,  1.,  1.]), colorSpace='rgb', contrast=1.0, depth=0, flipHoriz=False, flipVert=False, image='abgdj\\PISandConsentForm\\consentForm.png', interpolate=False, mask=None, maskParams=None, name='unnamed ImageStim', opacity=1.0, ori=0.0, pos=array([ 0.,  0.]), size=array([ 1.3375    ,  2.97407407]), texRes=128, units='norm', win=Window(...))
89.3641 	EXP 	Created unnamed GratingStim = GratingStim(autoDraw=False, autoLog=True, color=array([ 1. ,  0.5,  0.5]), colorSpace='rgb', contrast=1.0, depth=0, interpolate=False, mask='gauss', maskParams=None, name='unnamed GratingStim', opacity=1.0, ori=0.0, phase=array([ 0.,  0.]), pos=array([-0.2 , -0.42]), rgbPedestal=array([ 0.,  0.,  0.]), sf=array([ 0.,  0.]), size=array([ 0.3,  0.2]), tex='sin', texRes=256, units='norm', win=Window(...))
89.3949 	EXP 	Created unnamed GratingStim = GratingStim(autoDraw=False, autoLog=True, color=array([ 1. ,  0.5,  0.5]), colorSpace='rgb', contrast=1.0, depth=0, interpolate=False, mask='gauss', maskParams=None, name='unnamed GratingStim', opacity=1.0, ori=0.0, phase=array([ 0.,  0.]), pos=array([ 0.1 , -0.42]), rgbPedestal=array([ 0.,  0.,  0.]), sf=array([ 0.,  0.]), size=array([ 0.3,  0.2]), tex='sin', texRes=256, units='norm', win=Window(...))
89.4174 	EXP 	Created unnamed GratingStim = GratingStim(autoDraw=False, autoLog=True, color=array([ 1. ,  0.5,  0.5]), colorSpace='rgb', contrast=1.0, depth=0, interpolate=False, mask='gauss', maskParams=None, name='unnamed GratingStim', opacity=1.0, ori=0.0, phase=array([ 0.,  0.]), pos=array([-0.2 , -0.72]), rgbPedestal=array([ 0.,  0.,  0.]), sf=array([ 0.,  0.]), size=array([ 0.3,  0.2]), tex='sin', texRes=256, units='norm', win=Window(...))
89.4390 	EXP 	Created unnamed GratingStim = GratingStim(autoDraw=False, autoLog=True, color=array([ 1. ,  0.5,  0.5]), colorSpace='rgb', contrast=1.0, depth=0, interpolate=False, mask='gauss', maskParams=None, name='unnamed GratingStim', opacity=1.0, ori=0.0, phase=array([ 0.,  0.]), pos=array([ 0.1 , -0.72]), rgbPedestal=array([ 0.,  0.,  0.]), sf=array([ 0.,  0.]), size=array([ 0.3,  0.2]), tex='sin', texRes=256, units='norm', win=Window(...))
89.4421 	DATA 	Mouse:  Left button up, pos=(861,38)
89.4489 	EXP 	unnamed ImageStim: size = (1.1, 2)
99.0259 	DATA 	Mouse: Left button down, pos=(773,310)
99.0758 	DATA 	Mouse:  Left button up, pos=(773,310)
108.3296 	DATA 	Mouse: Left button down, pos=(773,146)
108.3925 	DATA 	Mouse:  Left button up, pos=(773,146)
109.2261 	DATA 	Mouse: Left button down, pos=(832,40)
109.2427 	EXP 	window1: units = 'deg'
109.2491 	EXP 	window1: mouseVisible = True
128.7619 	EXP 	Created window1 = Window(allowGUI=False, allowStencil=False, autoLog=True, bitsMode=UNKNOWN, blendMode='avg', color=array([-0.7, -0.7, -0.7]), colorSpace='rgb', fullscr=UNKNOWN, gamma=None, lms=UNKNOWN, monitor=<psychopy.monitors.calibTools.Monitor object at 0x1AE62170>, name='window1', pos=[0, 0], screen=0, size=array([1920, 1080]), stereo=False, units='deg', useFBO=False, useRetina=False, viewOri=0.0, viewPos=None, viewScale=None, waitBlanking=False, winType='pyglet')
133.0955 	INFO 	#[ PsychoPy2 RuntimeInfoStart ]
  #[[ PsychoPy ]] #---------
    psychopyVersion: 1.84.2
    psychopyHaveExtRush: True
  #[[ Experiment ]] #---------
    experimentAuthor: None
    experimentAuthVersion: None
    experimentRunTime: 2018_08_09 12:07 (Year_Month_Day Hour:Min)
    experimentRunTime.epoch: 1533780446
    experimentScript: psyc1002.py
    experimentScript.digestSHA1: 03993779484d600ea4c1b8cc2288f3d37a5025d5
    experimentScript.directory: U:\PSYC1002\abgdj
  #[[ System ]] #---------
    systemHaveInternetAccess: True
    systemHostName: W5FG0LG2
    systemLocale: English_Australia.1252
    systemMemFreeRAM: 4103.52734375
    systemMemTotalRAM: 8076.9453125
    systemPlatform: windowsversion=sys.getwindowsversion(major=6, minor=2, build=9200, platform=2, service_pack='')
    systemPyo.InputDevices: {4: {'host api index': 2, 'latency': 0.008707483299076557, 'default sr': 44100, 'name': u'Realtek ASIO'}}
    systemPyo.OutputDevices: {0: {'host api index': 0, 'latency': 0.09000000357627869, 'default sr': 44100, 'name': u'Microsoft Sound Mapper - Output'}, 1: {'host api index': 0, 'latency': 0.09000000357627869, 'default sr': 44100, 'name': u'Speakers / Headphones (Realtek '}, 2: {'host api index': 1, 'latency': 0.11999999731779099, 'default sr': 44100, 'name': u'Primary Sound Driver'}, 3: {'host api index': 1, 'latency': 0.11999999731779099, 'default sr': 44100, 'name': u'Speakers / Headphones (Realtek High Definition Audio)'}, 4: {'host api index': 2, 'latency': 0.008707483299076557, 'default sr': 44100, 'name': u'Realtek ASIO'}, 5: {'host api index': 3, 'latency': 0.003000000026077032, 'default sr': 48000, 'name': u'Speakers / Headphones (Realtek High Definition Audio)'}}
    systemPyoVersion: 0.8.0
    systemRebooted: System Boot Time:          9/08/2018, 8:48:03 AM
    systemSec.pythonSSL: True
    systemTimeNumpySD1000000_sec: 0.0093
    systemUser: ason7713
    systemUserID: 1000
    systemUserProcCmdPid: LabStatsUserSpace.exe dwm.exe TiWorker.exe CmRcService.exe nierserver.exe LabStatsClient.exe tagsrv.exe SearchUI.exe OneDrive.exe nipxism.exe WmiPrvSE.exe niLxiDiscovery.exe SecurityHealthService.exe redirector.exe SearchProtocolHost.exe server_admin.exe pc-client.exe lkads.exe svchost.exe smartscreen.exe ni_usbmon.exe AGSService.exe System SISIDSService.exe SelfServicePlugin.exe explorer.exe smss.exe ApplicationWebServer.exe RuntimeBroker.exe acrotray.exe niauth_daemon.exe cmd.exe nidmsrv.exe Receiver.exe SISIPSService.exe WmiApSrv.exe lktsrv.exe lsass.exe python.exe RtkNGUI64.exe sisipsutil.exe AdobeUpdateService.exe armsvc.exe policyHost.exe ssonsvr.exe concentr.exe nidevldu.exe taskhostw.exe ctfmon.exe RAVBg64.exe ''Memory Compression'' NIWebServiceContainer.exe nimxs.exe RtkAudioService64.exe SystemWebServer.exe tasklist.exe snowagent.exe CcmExec.exe SearchFilterHost.exe SmcGui.exe nicitdl5.exe ''System Idle Process'' services.exe niDiscSvc.exe sqlwriter.exe MSASCuiL.exe SCNotification.exe nimdnsResponder.exe server_runtime.exe sihost.exe spoolsv.exe wininit.exe winlogon.exe ShellExperienceHost.exe nidevmon.exe SearchIndexer.exe csrss.exe TrustedInstaller.exe audiodg.exe fontdrvhost.exe unsecapp.exe ccSvcHst.exe wfcrun32.exe nisvcloc.exe server_eventlog.exe lkcitdl.exe AuthManSvr.exe conhost.exe
    systemUserProcCount: 177
    systemUserProcFlagged: Explorer
    systemUsersCount: False
  #[[ Window ]] #---------
    windowWinType: pyglet
    windowWaitBlanking: False
    windowUseNativeGamma: True
    windowUnits: deg
    windowSize_pix: [1920 1080]
    windowScreen: 0
    windowRgb: [-0.7 -0.7 -0.7]
    windowRefreshTimeSD_ms: 0.458
    windowRefreshTimeMedian_ms: 16.662
    windowRefreshTimeAvg_ms: 16.675
    windowRefreshThreshold_sec: 0.0200
    windowRecordFrameIntervals: False
    windowPos_pix: [0, 0]
    windowMonitor.name: testmonitor
    windowMonitor.getWidth_cm: 57.0
    windowMonitor.getLinearizeMethod: 1
    windowMonitor.getGammaGrid: [[  0.   1.   1.  nan  nan  nan]
 [  0.   1.   1.  nan  nan  nan]
 [  0.   1.   1.  nan  nan  nan]
 [  0.   1.   1.  nan  nan  nan]]
    windowMonitor.getDistance_cm: 57.0
    windowMonitor.gammaInterpolator2: None
    windowMonitor.gammaInterpolator: None
    windowMonitor.currentCalibName: 2018_08_09 12:05
    windowIsFullScr: True
    windowHaveShaders: True
    windowAllowGUI: False
  #[[ Python ]] #---------
    pythonWxVersion: 3.0.2.0 msw (classic)
    pythonVersion: 2.7.11
    pythonScipyVersion: 0.17.1
    pythonPygletVersion: 1.2.4
    pythonPygameVersion: 1.9.2pre
    pythonNumpyVersion: 1.11.0
    pythonMatplotlibVersion: 1.5.1
    pythonFullVersion: 2.7.11 (v2.7.11:6d1b6a68f775, Dec  5 2015, 20:32:19) [MSC v.1500 32 bit (Intel)]
    pythonExecutable: C:\Program Files (x86)\PsychoPy2\python.exe
  #[[ OpenGL ]] #---------
    openGLVersion: 4.4.0 - Build 20.19.15.4531
    openGLVendor: Intel
    openGLRenderingEngine: Intel(R) HD Graphics 530
    openGLmaxVerticesInVertexArray: 1048576
    False: openGLext.GL_STEREO
    True: openGLext.GL_EXT_framebuffer_object
    True: openGLext.GL_ARB_vertex_shader
    True: openGLext.GL_ARB_texture_non_power_of_two
    True: openGLext.GL_ARB_texture_float
    True: openGLext.GL_ARB_shader_objects
    True: openGLext.GL_ARB_multitexture
    True: openGLext.GL_ARB_fragment_program
#[ PsychoPy2 RuntimeInfoEnd ]

133.1437 	EXP 	window1: recordFrameIntervals = True
133.9765 	EXP 	window1: recordFrameIntervals = False
133.9771 	INFO 	Frames per second ~=60.2, which is close enough to desired val of 60.0
134.4601 	EXP 	Created sequence: random, trialTypes=12, nReps=30, seed=None
134.5802 	INFO 	Mouse: using default window
134.6015 	EXP 	Created OKrespZone = GratingStim(autoDraw=False, autoLog=True, color=array([ 1.,  1.,  1.]), colorSpace='rgb', contrast=1.0, depth=0, interpolate=False, mask='gauss', maskParams=None, name='OKrespZone', opacity=1.0, ori=0.0, phase=array([ 0.,  0.]), pos=array([ 0.  ,  0.88]), rgbPedestal=array([ 0.,  0.,  0.]), sf=array([ 0.,  0.]), size=array([ 2. ,  0.2]), tex='sin', texRes=256, units='norm', win=Window(...))
144.8639 	DATA 	Mouse: Left button down, pos=(165,951)
144.9903 	DATA 	Mouse:  Left button up, pos=(165,951)
151.3105 	DATA 	Mouse: Left button down, pos=(1736,685)
151.3705 	DATA 	Mouse:  Left button up, pos=(1736,685)
155.0477 	DATA 	Mouse: Left button down, pos=(1754,46)
155.1105 	DATA 	Mouse:  Left button up, pos=(1754,46)
160.2625 	DATA 	Mouse: Left button down, pos=(1134,336)
160.3426 	DATA 	Mouse:  Left button up, pos=(1134,336)
176.3026 	DATA 	Mouse: Left button down, pos=(1535,258)
176.3620 	DATA 	Mouse:  Left button up, pos=(1535,258)
183.1746 	DATA 	Mouse: Left button down, pos=(122,196)
183.2385 	DATA 	Mouse:  Left button up, pos=(122,196)
193.4225 	DATA 	Mouse: Left button down, pos=(1612,887)
193.5262 	DATA 	Mouse:  Left button up, pos=(1611,887)
195.1507 	DATA 	Mouse: Left button down, pos=(1899,153)
195.2303 	DATA 	Mouse:  Left button up, pos=(1899,153)
195.5743 	DATA 	Mouse: Left button down, pos=(1899,153)
195.6334 	DATA 	Mouse:  Left button up, pos=(1899,153)
220.8306 	DATA 	Mouse: Left button down, pos=(994,538)
220.8902 	DATA 	Mouse:  Left button up, pos=(994,538)
233.5915 	DATA 	Mouse: Left button down, pos=(1798,740)
233.6552 	DATA 	Mouse:  Left button up, pos=(1798,740)
240.3745 	DATA 	Mouse: Left button down, pos=(1147,812)
240.4390 	DATA 	Mouse:  Left button up, pos=(1147,812)
241.5747 	DATA 	Mouse: Left button down, pos=(1066,1004)
241.5927 	INFO 	Experiment will have 360 trials. Letters will be drawn with superposed noise of 0.00%
241.6117 	EXP 	New trial (rep=0, index=0): {'leftStreamFlip': False, 'oneTarget': True, 'trialInstructionPos': (0, 1), 'probe': 'both', 'rightStreamFlip': False, 'horizVert': True, 'ISIframes': 2, 'rightResponseFirst': True}
241.6118 	INFO 	Starting main part of experiment
241.6601 	DATA 	Mouse:  Left button up, pos=(1066,1004)
242.7929 	INFO 	numtrials=360 and this trialDurFrames=28 or 466.666666667 ms  task=T1
244.8759 	EXP 	window1: recordFrameIntervals = False
244.8861 	INFO 	Mouse: using default window
247.7608 	DATA 	Keypress: h
247.8761 	DATA 	Keypress: o
248.0436 	DATA 	Keypress: p
248.2210 	EXP 	New trial (rep=0, index=1): {'leftStreamFlip': False, 'oneTarget': False, 'trialInstructionPos': (0, 1), 'probe': 'both', 'rightStreamFlip': False, 'horizVert': True, 'ISIframes': 2, 'rightResponseFirst': True}
248.2213 	DATA 	Keypress: return
254.6094 	DATA 	Mouse: Left button down, pos=(1240,909)
254.6927 	DATA 	Mouse:  Left button up, pos=(1240,909)
257.7425 	INFO 	numtrials=360 and this trialDurFrames=22 or 366.666666667 ms  task=T1
259.6594 	EXP 	window1: recordFrameIntervals = False
259.6670 	INFO 	Mouse: using default window
262.3429 	DATA 	Keypress: a
262.4928 	DATA 	Keypress: l
262.6094 	DATA 	Keypress: l
264.7761 	DATA 	Keypress: r
264.9277 	DATA 	Keypress: e
265.1596 	DATA 	Keypress: a
265.3095 	EXP 	New trial (rep=0, index=2): {'leftStreamFlip': False, 'oneTarget': False, 'trialInstructionPos': (0, 1), 'probe': 'both', 'rightStreamFlip': False, 'horizVert': True, 'ISIframes': 2, 'rightResponseFirst': False}
265.3263 	INFO 	numtrials=360 and this trialDurFrames=18 or 300.0 ms  task=T1
265.3585 	DATA 	Keypress: d
267.2759 	EXP 	window1: recordFrameIntervals = False
267.2844 	INFO 	Mouse: using default window
271.1928 	DATA 	Keypress: k
271.2761 	DATA 	Keypress: d
271.8095 	DATA 	Keypress: d
272.9095 	DATA 	Keypress: m
272.9764 	DATA 	Keypress: o
273.2596 	DATA 	Keypress: b
273.4094 	EXP 	New trial (rep=0, index=3): {'leftStreamFlip': False, 'oneTarget': False, 'trialInstructionPos': (0, 1), 'probe': 'both', 'rightStreamFlip': False, 'horizVert': True, 'ISIframes': 2, 'rightResponseFirst': False}
273.4260 	INFO 	numtrials=360 and this trialDurFrames=18 or 300.0 ms  task=T1
274.6761 	EXP 	window1: recordFrameIntervals = False
274.6850 	INFO 	Mouse: using default window
276.2095 	DATA 	Keypress: p
276.3261 	DATA 	Keypress: e
276.5097 	DATA 	Keypress: t
277.3929 	DATA 	Keypress: j
277.5428 	DATA 	Keypress: e
277.6761 	DATA 	Keypress: w
277.8232 	EXP 	New trial (rep=0, index=4): {'leftStreamFlip': False, 'oneTarget': False, 'trialInstructionPos': (0, -1), 'probe': 'both', 'rightStreamFlip': False, 'horizVert': True, 'ISIframes': 2, 'rightResponseFirst': False}
286.1759 	INFO 	numtrials=360 and this trialDurFrames=14 or 233.333333333 ms  task=T1
287.5594 	EXP 	window1: recordFrameIntervals = False
287.5679 	INFO 	Mouse: using default window
291.5761 	DATA 	Keypress: b
291.7121 	DATA 	Keypress: u
291.8929 	DATA 	Keypress: y
292.6928 	DATA 	Keypress: a
292.9100 	DATA 	Keypress: c
293.1428 	DATA 	Keypress: t
293.2890 	EXP 	New trial (rep=0, index=5): {'leftStreamFlip': False, 'oneTarget': False, 'trialInstructionPos': (0, -1), 'probe': 'both', 'rightStreamFlip': False, 'horizVert': True, 'ISIframes': 2, 'rightResponseFirst': True}
293.3088 	INFO 	numtrials=360 and this trialDurFrames=4 or 66.6666666667 ms  task=T1
294.3094 	EXP 	window1: recordFrameIntervals = False
294.3178 	INFO 	Mouse: using default window
296.0263 	DATA 	Keypress: f
296.2095 	DATA 	Keypress: a
296.3595 	DATA 	Keypress: y
297.3764 	DATA 	Keypress: h
297.5261 	DATA 	Keypress: s
297.7277 	DATA 	Keypress: h
297.8889 	EXP 	New trial (rep=0, index=6): {'leftStreamFlip': False, 'oneTarget': True, 'trialInstructionPos': (0, 1), 'probe': 'both', 'rightStreamFlip': False, 'horizVert': True, 'ISIframes': 2, 'rightResponseFirst': False}
297.9089 	INFO 	numtrials=360 and this trialDurFrames=5 or 83.3333333333 ms  task=T1
297.9344 	DATA 	Keypress: a
298.9594 	EXP 	window1: recordFrameIntervals = False
298.9675 	INFO 	Mouse: using default window
300.0096 	DATA 	Keypress: o
300.5430 	DATA 	Keypress: backspace
300.8096 	DATA 	Keypress: p
300.9278 	DATA 	Keypress: a
301.0596 	DATA 	Keypress: l
301.2033 	EXP 	New trial (rep=0, index=7): {'leftStreamFlip': False, 'oneTarget': True, 'trialInstructionPos': (0, -1), 'probe': 'both', 'rightStreamFlip': False, 'horizVert': True, 'ISIframes': 2, 'rightResponseFirst': True}
301.2254 	INFO 	numtrials=360 and this trialDurFrames=4 or 66.6666666667 ms  task=T1
302.3093 	EXP 	window1: recordFrameIntervals = False
302.3176 	INFO 	Mouse: using default window
303.5428 	DATA 	Keypress: m
303.6429 	DATA 	Keypress: a
303.8263 	DATA 	Keypress: d
303.9692 	EXP 	New trial (rep=0, index=8): {'leftStreamFlip': False, 'oneTarget': False, 'trialInstructionPos': (0, 1), 'probe': 'both', 'rightStreamFlip': False, 'horizVert': True, 'ISIframes': 2, 'rightResponseFirst': True}
303.9921 	INFO 	numtrials=360 and this trialDurFrames=5 or 83.3333333333 ms  task=T1
305.0427 	EXP 	window1: recordFrameIntervals = False
305.0511 	INFO 	Mouse: using default window
306.2263 	DATA 	Keypress: s
306.4431 	DATA 	Keypress: i
306.5764 	DATA 	Keypress: r
307.4428 	DATA 	Keypress: b
307.6095 	DATA 	Keypress: y
307.7429 	DATA 	Keypress: e
307.8870 	EXP 	New trial (rep=0, index=9): {'leftStreamFlip': False, 'oneTarget': False, 'trialInstructionPos': (0, -1), 'probe': 'both', 'rightStreamFlip': False, 'horizVert': True, 'ISIframes': 2, 'rightResponseFirst': False}
307.9090 	INFO 	numtrials=360 and this trialDurFrames=5 or 83.3333333333 ms  task=T1
309.0261 	EXP 	window1: recordFrameIntervals = False
309.0343 	INFO 	Mouse: using default window
310.6430 	DATA 	Keypress: t
310.7595 	DATA 	Keypress: o
310.8763 	DATA 	Keypress: y
311.6596 	DATA 	Keypress: a
311.8597 	DATA 	Keypress: c
312.0430 	DATA 	Keypress: t
312.1870 	EXP 	New trial (rep=0, index=10): {'leftStreamFlip': False, 'oneTarget': True, 'trialInstructionPos': (0, -1), 'probe': 'both', 'rightStreamFlip': False, 'horizVert': True, 'ISIframes': 2, 'rightResponseFirst': False}
312.2087 	INFO 	numtrials=360 and this trialDurFrames=4 or 66.6666666667 ms  task=T1
313.2431 	EXP 	window1: recordFrameIntervals = False
313.2516 	INFO 	Mouse: using default window
314.1096 	DATA 	Keypress: a
314.1765 	DATA 	Keypress: g
314.3431 	DATA 	Keypress: e
314.4835 	EXP 	New trial (rep=0, index=11): {'leftStreamFlip': False, 'oneTarget': False, 'trialInstructionPos': (0, -1), 'probe': 'both', 'rightStreamFlip': False, 'horizVert': True, 'ISIframes': 2, 'rightResponseFirst': True}
314.5090 	INFO 	numtrials=360 and this trialDurFrames=4 or 66.6666666667 ms  task=T1
315.5261 	EXP 	window1: recordFrameIntervals = False
315.5338 	INFO 	Mouse: using default window
316.4435 	DATA 	Keypress: i
317.7763 	DATA 	Keypress: n
317.9263 	DATA 	Keypress: n
318.9769 	DATA 	Keypress: n
319.7277 	DATA 	Keypress: backspace
319.9930 	DATA 	Keypress: i
320.2780 	DATA 	Keypress: n
320.4264 	DATA 	Keypress: n
320.5729 	EXP 	New trial (rep=1, index=0): {'leftStreamFlip': False, 'oneTarget': True, 'trialInstructionPos': (0, 1), 'probe': 'both', 'rightStreamFlip': False, 'horizVert': True, 'ISIframes': 2, 'rightResponseFirst': True}
320.5924 	INFO 	numtrials=360 and this trialDurFrames=4 or 66.6666666667 ms  task=T1
321.8093 	EXP 	window1: recordFrameIntervals = False
321.8177 	INFO 	Mouse: using default window
322.7265 	DATA 	Keypress: p
322.8430 	DATA 	Keypress: e
322.9596 	DATA 	Keypress: n
323.1007 	EXP 	New trial (rep=1, index=1): {'leftStreamFlip': False, 'oneTarget': False, 'trialInstructionPos': (0, 1), 'probe': 'both', 'rightStreamFlip': False, 'horizVert': True, 'ISIframes': 2, 'rightResponseFirst': False}
323.1257 	INFO 	numtrials=360 and this trialDurFrames=4 or 66.6666666667 ms  task=T1
324.1760 	EXP 	window1: recordFrameIntervals = False
324.1844 	INFO 	Mouse: using default window
325.9263 	DATA 	Keypress: b
326.0430 	DATA 	Keypress: o
326.2095 	DATA 	Keypress: x
327.1929 	DATA 	Keypress: i
327.2795 	DATA 	Keypress: c
327.5262 	DATA 	Keypress: e
327.6710 	EXP 	New trial (rep=1, index=2): {'leftStreamFlip': False, 'oneTarget': True, 'trialInstructionPos': (0, 1), 'probe': 'both', 'rightStreamFlip': False, 'horizVert': True, 'ISIframes': 2, 'rightResponseFirst': False}
327.6921 	INFO 	numtrials=360 and this trialDurFrames=4 or 66.6666666667 ms  task=T1
328.8592 	EXP 	window1: recordFrameIntervals = False
328.8674 	INFO 	Mouse: using default window
329.7597 	DATA 	Keypress: h
329.9595 	DATA 	Keypress: o
330.1131 	DATA 	Keypress: p
330.2679 	EXP 	New trial (rep=1, index=3): {'leftStreamFlip': False, 'oneTarget': True, 'trialInstructionPos': (0, -1), 'probe': 'both', 'rightStreamFlip': False, 'horizVert': True, 'ISIframes': 2, 'rightResponseFirst': True}
330.2926 	INFO 	numtrials=360 and this trialDurFrames=4 or 66.6666666667 ms  task=T1
331.4260 	EXP 	window1: recordFrameIntervals = False
331.4343 	INFO 	Mouse: using default window
332.2262 	DATA 	Keypress: b
332.3429 	DATA 	Keypress: a
332.4597 	DATA 	Keypress: g
332.6019 	EXP 	New trial (rep=1, index=4): {'leftStreamFlip': False, 'oneTarget': False, 'trialInstructionPos': (0, 1), 'probe': 'both', 'rightStreamFlip': False, 'horizVert': True, 'ISIframes': 2, 'rightResponseFirst': True}
332.6257 	INFO 	numtrials=360 and this trialDurFrames=4 or 66.6666666667 ms  task=T1
333.7760 	EXP 	window1: recordFrameIntervals = False
333.7838 	INFO 	Mouse: using default window
334.6096 	DATA 	Keypress: e
334.7929 	DATA 	Keypress: g
334.8762 	DATA 	Keypress: o
336.3928 	DATA 	Keypress: j
336.4436 	DATA 	Keypress: a
336.5929 	DATA 	Keypress: j
336.7397 	EXP 	New trial (rep=1, index=5): {'leftStreamFlip': False, 'oneTarget': False, 'trialInstructionPos': (0, 1), 'probe': 'both', 'rightStreamFlip': False, 'horizVert': True, 'ISIframes': 2, 'rightResponseFirst': True}
336.7438 	DATA 	Keypress: d
336.7589 	INFO 	numtrials=360 and this trialDurFrames=4 or 66.6666666667 ms  task=T1
337.9428 	EXP 	window1: recordFrameIntervals = False
337.9511 	INFO 	Mouse: using default window
338.9932 	DATA 	Keypress: w
339.0929 	DATA 	Keypress: o
339.3095 	DATA 	Keypress: n
340.2430 	DATA 	Keypress: s
340.4263 	DATA 	Keypress: k
340.6262 	DATA 	Keypress: y
340.7698 	EXP 	New trial (rep=1, index=6): {'leftStreamFlip': False, 'oneTarget': False, 'trialInstructionPos': (0, -1), 'probe': 'both', 'rightStreamFlip': False, 'horizVert': True, 'ISIframes': 2, 'rightResponseFirst': False}
340.7918 	INFO 	numtrials=360 and this trialDurFrames=4 or 66.6666666667 ms  task=T1
341.9095 	EXP 	window1: recordFrameIntervals = False
341.9178 	INFO 	Mouse: using default window
342.8597 	DATA 	Keypress: p
342.9596 	DATA 	Keypress: e
343.1595 	DATA 	Keypress: t
344.1119 	DATA 	Keypress: s
344.2762 	DATA 	Keypress: e
344.4602 	DATA 	Keypress: c
344.6615 	EXP 	New trial (rep=1, index=7): {'leftStreamFlip': False, 'oneTarget': False, 'trialInstructionPos': (0, 1), 'probe': 'both', 'rightStreamFlip': False, 'horizVert': True, 'ISIframes': 2, 'rightResponseFirst': False}
344.6755 	INFO 	numtrials=360 and this trialDurFrames=4 or 66.6666666667 ms  task=T1
345.6593 	EXP 	window1: recordFrameIntervals = False
345.6674 	INFO 	Mouse: using default window
347.0930 	DATA 	Keypress: s
347.2263 	DATA 	Keypress: o
347.2930 	DATA 	Keypress: x
348.0429 	DATA 	Keypress: n
348.2262 	DATA 	Keypress: o
348.3430 	DATA 	Keypress: t
348.4884 	EXP 	New trial (rep=1, index=8): {'leftStreamFlip': False, 'oneTarget': True, 'trialInstructionPos': (0, -1), 'probe': 'both', 'rightStreamFlip': False, 'horizVert': True, 'ISIframes': 2, 'rightResponseFirst': False}
348.5089 	INFO 	numtrials=360 and this trialDurFrames=4 or 66.6666666667 ms  task=T1
349.7095 	EXP 	window1: recordFrameIntervals = False
349.7177 	INFO 	Mouse: using default window
350.5431 	DATA 	Keypress: l
350.6429 	DATA 	Keypress: a
350.8262 	DATA 	Keypress: b
350.9668 	EXP 	New trial (rep=1, index=9): {'leftStreamFlip': False, 'oneTarget': False, 'trialInstructionPos': (0, -1), 'probe': 'both', 'rightStreamFlip': False, 'horizVert': True, 'ISIframes': 2, 'rightResponseFirst': True}
350.9924 	INFO 	numtrials=360 and this trialDurFrames=4 or 66.6666666667 ms  task=T1
352.1762 	EXP 	window1: recordFrameIntervals = False
352.1845 	INFO 	Mouse: using default window
353.8431 	DATA 	Keypress: n
354.0429 	DATA 	Keypress: o
354.1432 	DATA 	Keypress: t
354.9598 	DATA 	Keypress: y
355.0765 	DATA 	Keypress: e
355.2597 	DATA 	Keypress: s
355.4105 	EXP 	New trial (rep=1, index=10): {'leftStreamFlip': False, 'oneTarget': False, 'trialInstructionPos': (0, -1), 'probe': 'both', 'rightStreamFlip': False, 'horizVert': True, 'ISIframes': 2, 'rightResponseFirst': True}
355.4255 	INFO 	numtrials=360 and this trialDurFrames=4 or 66.6666666667 ms  task=T1
356.5594 	EXP 	window1: recordFrameIntervals = False
356.5675 	INFO 	Mouse: using default window
357.7268 	DATA 	Keypress: w
357.9097 	DATA 	Keypress: e
358.0795 	DATA 	Keypress: t
358.9096 	DATA 	Keypress: i
358.9767 	DATA 	Keypress: c
359.1764 	DATA 	Keypress: e
359.3205 	EXP 	New trial (rep=1, index=11): {'leftStreamFlip': False, 'oneTarget': False, 'trialInstructionPos': (0, -1), 'probe': 'both', 'rightStreamFlip': False, 'horizVert': True, 'ISIframes': 2, 'rightResponseFirst': False}
359.3421 	INFO 	numtrials=360 and this trialDurFrames=4 or 66.6666666667 ms  task=T1
360.3594 	EXP 	window1: recordFrameIntervals = False
360.3675 	INFO 	Mouse: using default window
361.2763 	DATA 	Keypress: w
361.3431 	DATA 	Keypress: h
361.6263 	DATA 	Keypress: o
364.0959 	DATA 	Keypress: a
364.2596 	DATA 	Keypress: j
364.3763 	DATA 	Keypress: d
364.5208 	EXP 	New trial (rep=2, index=0): {'leftStreamFlip': False, 'oneTarget': True, 'trialInstructionPos': (0, 1), 'probe': 'both', 'rightStreamFlip': False, 'horizVert': True, 'ISIframes': 2, 'rightResponseFirst': True}
364.5423 	INFO 	numtrials=360 and this trialDurFrames=4 or 66.6666666667 ms  task=T1
365.7095 	EXP 	window1: recordFrameIntervals = False
365.7186 	INFO 	Mouse: using default window
366.5126 	DATA 	Keypress: v
366.6098 	DATA 	Keypress: a
366.7596 	DATA 	Keypress: n
366.9011 	EXP 	New trial (rep=2, index=1): {'leftStreamFlip': False, 'oneTarget': False, 'trialInstructionPos': (0, -1), 'probe': 'both', 'rightStreamFlip': False, 'horizVert': True, 'ISIframes': 2, 'rightResponseFirst': False}
366.9255 	INFO 	numtrials=360 and this trialDurFrames=4 or 66.6666666667 ms  task=T1
368.1261 	EXP 	window1: recordFrameIntervals = False
368.1344 	INFO 	Mouse: using default window
370.5930 	DATA 	Keypress: o
370.7929 	DATA 	Keypress: l
370.8431 	DATA 	Keypress: d
371.6596 	DATA 	Keypress: v
371.7431 	DATA 	Keypress: a
371.8762 	DATA 	Keypress: n
372.0197 	EXP 	New trial (rep=2, index=2): {'leftStreamFlip': False, 'oneTarget': False, 'trialInstructionPos': (0, -1), 'probe': 'both', 'rightStreamFlip': False, 'horizVert': True, 'ISIframes': 2, 'rightResponseFirst': True}
372.0422 	INFO 	numtrials=360 and this trialDurFrames=4 or 66.6666666667 ms  task=T1
373.2429 	EXP 	window1: recordFrameIntervals = False
373.2506 	INFO 	Mouse: using default window
374.9929 	DATA 	Keypress: r
375.2429 	DATA 	Keypress: a
375.3432 	DATA 	Keypress: n
376.4438 	DATA 	Keypress: b
376.6605 	DATA 	Keypress: u
376.8096 	DATA 	Keypress: t
376.9529 	EXP 	New trial (rep=2, index=3): {'leftStreamFlip': False, 'oneTarget': False, 'trialInstructionPos': (0, -1), 'probe': 'both', 'rightStreamFlip': False, 'horizVert': True, 'ISIframes': 2, 'rightResponseFirst': False}
376.9756 	INFO 	numtrials=360 and this trialDurFrames=4 or 66.6666666667 ms  task=T1
378.0595 	EXP 	window1: recordFrameIntervals = False
378.0679 	INFO 	Mouse: using default window
379.3930 	DATA 	Keypress: d
379.5930 	DATA 	Keypress: a
379.7597 	DATA 	Keypress: d
380.4772 	DATA 	Keypress: m
380.6430 	DATA 	Keypress: o
380.8596 	DATA 	Keypress: m
381.0038 	EXP 	New trial (rep=2, index=4): {'leftStreamFlip': False, 'oneTarget': False, 'trialInstructionPos': (0, 1), 'probe': 'both', 'rightStreamFlip': False, 'horizVert': True, 'ISIframes': 2, 'rightResponseFirst': False}
381.0256 	INFO 	numtrials=360 and this trialDurFrames=4 or 66.6666666667 ms  task=T1
382.0094 	EXP 	window1: recordFrameIntervals = False
382.0177 	INFO 	Mouse: using default window
384.4431 	DATA 	Keypress: l
384.6429 	DATA 	Keypress: o
384.7931 	DATA 	Keypress: g
385.6601 	DATA 	Keypress: t
385.7764 	DATA 	Keypress: i
386.0098 	DATA 	Keypress: l
386.1524 	EXP 	New trial (rep=2, index=5): {'leftStreamFlip': False, 'oneTarget': True, 'trialInstructionPos': (0, -1), 'probe': 'both', 'rightStreamFlip': False, 'horizVert': True, 'ISIframes': 2, 'rightResponseFirst': False}
386.1563 	DATA 	Keypress: l
386.1756 	INFO 	numtrials=360 and this trialDurFrames=4 or 66.6666666667 ms  task=T1
387.3260 	EXP 	window1: recordFrameIntervals = False
387.3342 	INFO 	Mouse: using default window
389.7096 	DATA 	Keypress: s
389.7599 	DATA 	Keypress: j
389.9598 	DATA 	Keypress: s
390.1005 	EXP 	New trial (rep=2, index=6): {'leftStreamFlip': False, 'oneTarget': False, 'trialInstructionPos': (0, 1), 'probe': 'both', 'rightStreamFlip': False, 'horizVert': True, 'ISIframes': 2, 'rightResponseFirst': False}
390.1260 	INFO 	numtrials=360 and this trialDurFrames=4 or 66.6666666667 ms  task=T1
391.2262 	EXP 	window1: recordFrameIntervals = False
391.2342 	INFO 	Mouse: using default window
393.1096 	DATA 	Keypress: j
393.2597 	DATA 	Keypress: s
393.3765 	DATA 	Keypress: j
394.8263 	DATA 	Keypress: c
394.9431 	DATA 	Keypress: u
395.1267 	DATA 	Keypress: e
395.2718 	EXP 	New trial (rep=2, index=7): {'leftStreamFlip': False, 'oneTarget': False, 'trialInstructionPos': (0, 1), 'probe': 'both', 'rightStreamFlip': False, 'horizVert': True, 'ISIframes': 2, 'rightResponseFirst': True}
395.2923 	INFO 	numtrials=360 and this trialDurFrames=4 or 66.6666666667 ms  task=T1
396.3435 	EXP 	window1: recordFrameIntervals = False
396.3517 	INFO 	Mouse: using default window
397.6796 	DATA 	Keypress: c
397.7930 	DATA 	Keypress: u
397.9597 	DATA 	Keypress: e
399.4263 	DATA 	Keypress: s
399.5764 	DATA 	Keypress: j
399.7124 	DATA 	Keypress: a
399.8751 	EXP 	New trial (rep=2, index=8): {'leftStreamFlip': False, 'oneTarget': True, 'trialInstructionPos': (0, 1), 'probe': 'both', 'rightStreamFlip': False, 'horizVert': True, 'ISIframes': 2, 'rightResponseFirst': False}
399.8925 	INFO 	numtrials=360 and this trialDurFrames=4 or 66.6666666667 ms  task=T1
400.8763 	EXP 	window1: recordFrameIntervals = False
400.8847 	INFO 	Mouse: using default window
401.9597 	DATA 	Keypress: b
402.0931 	DATA 	Keypress: o
402.2429 	DATA 	Keypress: w
402.3863 	EXP 	New trial (rep=2, index=9): {'leftStreamFlip': False, 'oneTarget': False, 'trialInstructionPos': (0, -1), 'probe': 'both', 'rightStreamFlip': False, 'horizVert': True, 'ISIframes': 2, 'rightResponseFirst': True}
402.4090 	INFO 	numtrials=360 and this trialDurFrames=4 or 66.6666666667 ms  task=T1
403.5266 	EXP 	window1: recordFrameIntervals = False
403.5347 	INFO 	Mouse: using default window
405.3603 	DATA 	Keypress: j
405.5096 	DATA 	Keypress: a
405.6430 	DATA 	Keypress: j
405.7278 	DATA 	Keypress: a
406.4098 	DATA 	Keypress: backspace
406.8096 	DATA 	Keypress: r
406.9112 	DATA 	Keypress: o
407.0431 	DATA 	Keypress: w
407.1921 	EXP 	New trial (rep=2, index=10): {'leftStreamFlip': False, 'oneTarget': True, 'trialInstructionPos': (0, -1), 'probe': 'both', 'rightStreamFlip': False, 'horizVert': True, 'ISIframes': 2, 'rightResponseFirst': True}
407.2086 	INFO 	numtrials=360 and this trialDurFrames=4 or 66.6666666667 ms  task=T1
408.2595 	EXP 	window1: recordFrameIntervals = False
408.2679 	INFO 	Mouse: using default window
409.1597 	DATA 	Keypress: d
409.3431 	DATA 	Keypress: r
409.4264 	DATA 	Keypress: y
409.5667 	EXP 	New trial (rep=2, index=11): {'leftStreamFlip': False, 'oneTarget': False, 'trialInstructionPos': (0, 1), 'probe': 'both', 'rightStreamFlip': False, 'horizVert': True, 'ISIframes': 2, 'rightResponseFirst': True}
409.5927 	INFO 	numtrials=360 and this trialDurFrames=4 or 66.6666666667 ms  task=T1
410.7261 	EXP 	window1: recordFrameIntervals = False
410.7340 	INFO 	Mouse: using default window
411.9597 	DATA 	Keypress: t
412.0598 	DATA 	Keypress: o
412.2933 	DATA 	Keypress: n
414.1765 	DATA 	Keypress: s
414.2930 	DATA 	Keypress: k
414.4597 	DATA 	Keypress: y
414.6041 	EXP 	New trial (rep=3, index=0): {'leftStreamFlip': False, 'oneTarget': False, 'trialInstructionPos': (0, 1), 'probe': 'both', 'rightStreamFlip': False, 'horizVert': True, 'ISIframes': 2, 'rightResponseFirst': False}
414.6256 	INFO 	numtrials=360 and this trialDurFrames=4 or 66.6666666667 ms  task=T1
415.8265 	EXP 	window1: recordFrameIntervals = False
415.8346 	INFO 	Mouse: using default window
418.3930 	DATA 	Keypress: b
419.1097 	DATA 	Keypress: backspace
419.6930 	DATA 	Keypress: b
419.7930 	DATA 	Keypress: e
419.9764 	DATA 	Keypress: d
420.4596 	DATA 	Keypress: b
420.5432 	DATA 	Keypress: e
420.7263 	DATA 	Keypress: d
420.8716 	EXP 	New trial (rep=3, index=1): {'leftStreamFlip': False, 'oneTarget': False, 'trialInstructionPos': (0, -1), 'probe': 'both', 'rightStreamFlip': False, 'horizVert': True, 'ISIframes': 2, 'rightResponseFirst': False}
420.8928 	INFO 	numtrials=360 and this trialDurFrames=4 or 66.6666666667 ms  task=T1
422.0594 	EXP 	window1: recordFrameIntervals = False
422.0679 	INFO 	Mouse: using default window
424.7432 	DATA 	Keypress: a
424.8598 	DATA 	Keypress: i
425.0599 	DATA 	Keypress: m
425.7598 	DATA 	Keypress: b
425.9263 	DATA 	Keypress: i
426.1097 	DATA 	Keypress: d
426.2538 	EXP 	New trial (rep=3, index=2): {'leftStreamFlip': False, 'oneTarget': True, 'trialInstructionPos': (0, -1), 'probe': 'both', 'rightStreamFlip': False, 'horizVert': True, 'ISIframes': 2, 'rightResponseFirst': False}
426.2757 	INFO 	numtrials=360 and this trialDurFrames=4 or 66.6666666667 ms  task=T1
427.4761 	EXP 	window1: recordFrameIntervals = False
427.4846 	INFO 	Mouse: using default window
428.3263 	DATA 	Keypress: s
428.4597 	DATA 	Keypress: k
428.6765 	DATA 	Keypress: y
428.8183 	EXP 	New trial (rep=3, index=3): {'leftStreamFlip': False, 'oneTarget': False, 'trialInstructionPos': (0, 1), 'probe': 'both', 'rightStreamFlip': False, 'horizVert': True, 'ISIframes': 2, 'rightResponseFirst': True}
428.8423 	INFO 	numtrials=360 and this trialDurFrames=4 or 66.6666666667 ms  task=T1
429.9928 	EXP 	window1: recordFrameIntervals = False
430.0008 	INFO 	Mouse: using default window
432.2598 	DATA 	Keypress: h
432.3430 	DATA 	Keypress: o
432.4431 	DATA 	Keypress: t
433.1602 	DATA 	Keypress: h
433.2763 	DATA 	Keypress: o
433.3433 	DATA 	Keypress: t
433.4957 	EXP 	New trial (rep=3, index=4): {'leftStreamFlip': False, 'oneTarget': False, 'trialInstructionPos': (0, 1), 'probe': 'both', 'rightStreamFlip': False, 'horizVert': True, 'ISIframes': 2, 'rightResponseFirst': False}
433.5092 	INFO 	numtrials=360 and this trialDurFrames=4 or 66.6666666667 ms  task=T1
434.7261 	EXP 	window1: recordFrameIntervals = False
434.7347 	INFO 	Mouse: using default window
436.8764 	DATA 	Keypress: o
436.9597 	DATA 	Keypress: w
437.1430 	DATA 	Keypress: e
438.1439 	DATA 	Keypress: w
438.3097 	DATA 	Keypress: o
438.9434 	DATA 	Keypress: e
439.0869 	EXP 	New trial (rep=3, index=5): {'leftStreamFlip': False, 'oneTarget': False, 'trialInstructionPos': (0, -1), 'probe': 'both', 'rightStreamFlip': False, 'horizVert': True, 'ISIframes': 2, 'rightResponseFirst': False}
439.1089 	INFO 	numtrials=360 and this trialDurFrames=4 or 66.6666666667 ms  task=T1
440.2764 	EXP 	window1: recordFrameIntervals = False
440.2841 	INFO 	Mouse: using default window
442.0951 	DATA 	Keypress: b
442.2097 	DATA 	Keypress: a
442.3432 	DATA 	Keypress: g
442.9768 	DATA 	Keypress: c
443.1763 	DATA 	Keypress: a
443.2933 	DATA 	Keypress: b
443.4366 	EXP 	New trial (rep=3, index=6): {'leftStreamFlip': False, 'oneTarget': True, 'trialInstructionPos': (0, -1), 'probe': 'both', 'rightStreamFlip': False, 'horizVert': True, 'ISIframes': 2, 'rightResponseFirst': True}
443.4590 	INFO 	numtrials=360 and this trialDurFrames=4 or 66.6666666667 ms  task=T1
444.5262 	EXP 	window1: recordFrameIntervals = False
444.5343 	INFO 	Mouse: using default window
445.3113 	DATA 	Keypress: s
445.4931 	DATA 	Keypress: a
445.7112 	DATA 	Keypress: t
445.8677 	EXP 	New trial (rep=3, index=7): {'leftStreamFlip': False, 'oneTarget': False, 'trialInstructionPos': (0, 1), 'probe': 'both', 'rightStreamFlip': False, 'horizVert': True, 'ISIframes': 2, 'rightResponseFirst': True}
445.8925 	INFO 	numtrials=360 and this trialDurFrames=4 or 66.6666666667 ms  task=T1
446.9095 	EXP 	window1: recordFrameIntervals = False
446.9186 	INFO 	Mouse: using default window
448.0966 	DATA 	Keypress: r
448.1934 	DATA 	Keypress: i
448.4097 	DATA 	Keypress: p
449.9764 	DATA 	Keypress: i
450.0799 	DATA 	Keypress: c
450.3108 	DATA 	Keypress: e
450.4532 	EXP 	New trial (rep=3, index=8): {'leftStreamFlip': False, 'oneTarget': True, 'trialInstructionPos': (0, 1), 'probe': 'both', 'rightStreamFlip': False, 'horizVert': True, 'ISIframes': 2, 'rightResponseFirst': True}
450.4757 	INFO 	numtrials=360 and this trialDurFrames=4 or 66.6666666667 ms  task=T1
451.6096 	EXP 	window1: recordFrameIntervals = False
451.6183 	INFO 	Mouse: using default window
452.4597 	DATA 	Keypress: r
452.7264 	DATA 	Keypress: a
452.9280 	DATA 	Keypress: w
453.0842 	EXP 	New trial (rep=3, index=9): {'leftStreamFlip': False, 'oneTarget': True, 'trialInstructionPos': (0, 1), 'probe': 'both', 'rightStreamFlip': False, 'horizVert': True, 'ISIframes': 2, 'rightResponseFirst': False}
453.1091 	INFO 	numtrials=360 and this trialDurFrames=4 or 66.6666666667 ms  task=T1
454.1929 	EXP 	window1: recordFrameIntervals = False
454.2011 	INFO 	Mouse: using default window
455.7931 	DATA 	Keypress: l
456.0430 	DATA 	Keypress: i
456.1599 	DATA 	Keypress: c
456.3003 	EXP 	New trial (rep=3, index=10): {'leftStreamFlip': False, 'oneTarget': False, 'trialInstructionPos': (0, -1), 'probe': 'both', 'rightStreamFlip': False, 'horizVert': True, 'ISIframes': 2, 'rightResponseFirst': True}
456.3262 	INFO 	numtrials=360 and this trialDurFrames=4 or 66.6666666667 ms  task=T1
456.3825 	DATA 	Keypress: e
457.3097 	EXP 	window1: recordFrameIntervals = False
457.3181 	INFO 	Mouse: using default window
460.9764 	DATA 	Keypress: s
461.1104 	DATA 	Keypress: j
461.4930 	DATA 	Keypress: a
462.4432 	DATA 	Keypress: m
462.5267 	DATA 	Keypress: e
462.6264 	DATA 	Keypress: n
462.7715 	EXP 	New trial (rep=3, index=11): {'leftStreamFlip': False, 'oneTarget': False, 'trialInstructionPos': (0, -1), 'probe': 'both', 'rightStreamFlip': False, 'horizVert': True, 'ISIframes': 2, 'rightResponseFirst': True}
462.7926 	INFO 	numtrials=360 and this trialDurFrames=4 or 66.6666666667 ms  task=T1
463.7929 	EXP 	window1: recordFrameIntervals = False
463.8012 	INFO 	Mouse: using default window
464.7766 	DATA 	Keypress: p
464.8770 	DATA 	Keypress: a
465.1264 	DATA 	Keypress: l
466.2430 	DATA 	Keypress: j
466.3264 	DATA 	Keypress: d
466.5098 	DATA 	Keypress: j
466.5430 	DATA 	Keypress: a
466.6540 	EXP 	New trial (rep=4, index=0): {'leftStreamFlip': False, 'oneTarget': True, 'trialInstructionPos': (0, 1), 'probe': 'both', 'rightStreamFlip': False, 'horizVert': True, 'ISIframes': 2, 'rightResponseFirst': True}
466.6758 	INFO 	numtrials=360 and this trialDurFrames=4 or 66.6666666667 ms  task=T1
467.8095 	EXP 	window1: recordFrameIntervals = False
467.8174 	INFO 	Mouse: using default window
468.5436 	DATA 	Keypress: p
468.7764 	DATA 	Keypress: i
468.9598 	DATA 	Keypress: n
469.1012 	EXP 	New trial (rep=4, index=1): {'leftStreamFlip': False, 'oneTarget': False, 'trialInstructionPos': (0, -1), 'probe': 'both', 'rightStreamFlip': False, 'horizVert': True, 'ISIframes': 2, 'rightResponseFirst': False}
469.1257 	INFO 	numtrials=360 and this trialDurFrames=4 or 66.6666666667 ms  task=T1
470.1762 	EXP 	window1: recordFrameIntervals = False
470.1845 	INFO 	Mouse: using default window
471.3937 	DATA 	Keypress: b
471.5098 	DATA 	Keypress: y
471.6264 	DATA 	Keypress: e
472.7765 	DATA 	Keypress: r
472.8932 	DATA 	Keypress: i
473.0766 	DATA 	Keypress: p
473.2246 	EXP 	New trial (rep=4, index=2): {'leftStreamFlip': False, 'oneTarget': False, 'trialInstructionPos': (0, 1), 'probe': 'both', 'rightStreamFlip': False, 'horizVert': True, 'ISIframes': 2, 'rightResponseFirst': True}
473.2424 	INFO 	numtrials=360 and this trialDurFrames=4 or 66.6666666667 ms  task=T1
474.2269 	EXP 	window1: recordFrameIntervals = False
474.2349 	INFO 	Mouse: using default window
475.0598 	DATA 	Keypress: i
475.2764 	DATA 	Keypress: n
475.4431 	DATA 	Keypress: k
476.9123 	DATA 	Keypress: d
477.0766 	DATA 	Keypress: j
477.6098 	DATA 	Keypress: a
477.7531 	EXP 	New trial (rep=4, index=3): {'leftStreamFlip': False, 'oneTarget': False, 'trialInstructionPos': (0, -1), 'probe': 'both', 'rightStreamFlip': False, 'horizVert': True, 'ISIframes': 2, 'rightResponseFirst': True}
477.7757 	INFO 	numtrials=360 and this trialDurFrames=4 or 66.6666666667 ms  task=T1
478.8762 	EXP 	window1: recordFrameIntervals = False
478.8845 	INFO 	Mouse: using default window
480.5433 	DATA 	Keypress: a
480.6597 	DATA 	Keypress: i
480.7766 	DATA 	Keypress: d
481.7105 	DATA 	Keypress: f
481.9431 	DATA 	Keypress: e
482.0765 	DATA 	Keypress: e
482.2207 	EXP 	New trial (rep=4, index=4): {'leftStreamFlip': False, 'oneTarget': False, 'trialInstructionPos': (0, -1), 'probe': 'both', 'rightStreamFlip': False, 'horizVert': True, 'ISIframes': 2, 'rightResponseFirst': False}
482.2423 	INFO 	numtrials=360 and this trialDurFrames=4 or 66.6666666667 ms  task=T1
483.3762 	EXP 	window1: recordFrameIntervals = False
483.3845 	INFO 	Mouse: using default window
484.5433 	DATA 	Keypress: b
484.6264 	DATA 	Keypress: a
484.8432 	DATA 	Keypress: d
485.9264 	DATA 	Keypress: f
486.0103 	DATA 	Keypress: u
486.2434 	DATA 	Keypress: n
486.3877 	EXP 	New trial (rep=4, index=5): {'leftStreamFlip': False, 'oneTarget': True, 'trialInstructionPos': (0, 1), 'probe': 'both', 'rightStreamFlip': False, 'horizVert': True, 'ISIframes': 2, 'rightResponseFirst': False}
486.4091 	INFO 	numtrials=360 and this trialDurFrames=4 or 66.6666666667 ms  task=T1
487.4096 	EXP 	window1: recordFrameIntervals = False
487.4178 	INFO 	Mouse: using default window
488.4952 	DATA 	Keypress: c
489.1265 	DATA 	Keypress: a
489.2603 	DATA 	Keypress: n
489.4020 	EXP 	New trial (rep=4, index=6): {'leftStreamFlip': False, 'oneTarget': False, 'trialInstructionPos': (0, -1), 'probe': 'both', 'rightStreamFlip': False, 'horizVert': True, 'ISIframes': 2, 'rightResponseFirst': True}
489.4259 	INFO 	numtrials=360 and this trialDurFrames=4 or 66.6666666667 ms  task=T1
490.5928 	EXP 	window1: recordFrameIntervals = False
490.6013 	INFO 	Mouse: using default window
493.1598 	DATA 	Keypress: o
493.3598 	DATA 	Keypress: l
493.4432 	DATA 	Keypress: d
494.1434 	DATA 	Keypress: a
494.2434 	DATA 	Keypress: g
494.4097 	DATA 	Keypress: e
494.5527 	EXP 	New trial (rep=4, index=7): {'leftStreamFlip': False, 'oneTarget': False, 'trialInstructionPos': (0, 1), 'probe': 'both', 'rightStreamFlip': False, 'horizVert': True, 'ISIframes': 2, 'rightResponseFirst': False}
494.5753 	INFO 	numtrials=360 and this trialDurFrames=4 or 66.6666666667 ms  task=T1
495.7096 	EXP 	window1: recordFrameIntervals = False
495.7180 	INFO 	Mouse: using default window
496.8431 	DATA 	Keypress: s
496.9930 	DATA 	Keypress: k
497.2264 	DATA 	Keypress: y
497.7767 	DATA 	Keypress: s
497.9265 	DATA 	Keypress: u
498.1126 	DATA 	Keypress: b
498.2724 	EXP 	New trial (rep=4, index=8): {'leftStreamFlip': False, 'oneTarget': True, 'trialInstructionPos': (0, -1), 'probe': 'both', 'rightStreamFlip': False, 'horizVert': True, 'ISIframes': 2, 'rightResponseFirst': True}
498.2924 	INFO 	numtrials=360 and this trialDurFrames=4 or 66.6666666667 ms  task=T1
499.4762 	EXP 	window1: recordFrameIntervals = False
499.4845 	INFO 	Mouse: using default window
500.1599 	DATA 	Keypress: a
500.5433 	DATA 	Keypress: backspace
500.6764 	DATA 	Keypress: w
500.8599 	DATA 	Keypress: a
501.0432 	DATA 	Keypress: r
501.1860 	EXP 	New trial (rep=4, index=9): {'leftStreamFlip': False, 'oneTarget': False, 'trialInstructionPos': (0, 1), 'probe': 'both', 'rightStreamFlip': False, 'horizVert': True, 'ISIframes': 2, 'rightResponseFirst': True}
501.2091 	INFO 	numtrials=360 and this trialDurFrames=4 or 66.6666666667 ms  task=T1
502.3262 	EXP 	window1: recordFrameIntervals = False
502.3345 	INFO 	Mouse: using default window
503.2265 	DATA 	Keypress: b
503.5931 	DATA 	Keypress: w
504.0433 	DATA 	Keypress: backspace
504.5765 	DATA 	Keypress: o
504.7264 	DATA 	Keypress: w
505.3126 	DATA 	Keypress: a
505.6099 	DATA 	Keypress: r
505.7436 	DATA 	Keypress: t
505.8894 	EXP 	New trial (rep=4, index=10): {'leftStreamFlip': False, 'oneTarget': True, 'trialInstructionPos': (0, -1), 'probe': 'both', 'rightStreamFlip': False, 'horizVert': True, 'ISIframes': 2, 'rightResponseFirst': False}
505.9091 	INFO 	numtrials=360 and this trialDurFrames=4 or 66.6666666667 ms  task=T1
507.0097 	EXP 	window1: recordFrameIntervals = False
507.0183 	INFO 	Mouse: using default window
507.7598 	DATA 	Keypress: j
507.8599 	DATA 	Keypress: a
508.1098 	DATA 	Keypress: r
508.2508 	EXP 	New trial (rep=4, index=11): {'leftStreamFlip': False, 'oneTarget': False, 'trialInstructionPos': (0, 1), 'probe': 'both', 'rightStreamFlip': False, 'horizVert': True, 'ISIframes': 2, 'rightResponseFirst': False}
508.2757 	INFO 	numtrials=360 and this trialDurFrames=4 or 66.6666666667 ms  task=T1
509.3766 	EXP 	window1: recordFrameIntervals = False
509.3847 	INFO 	Mouse: using default window
511.3267 	DATA 	Keypress: w
511.5265 	DATA 	Keypress: a
511.6431 	DATA 	Keypress: y
512.7598 	DATA 	Keypress: r
512.8431 	DATA 	Keypress: u
513.0598 	DATA 	Keypress: n
513.2040 	EXP 	New trial (rep=5, index=0): {'leftStreamFlip': False, 'oneTarget': False, 'trialInstructionPos': (0, -1), 'probe': 'both', 'rightStreamFlip': False, 'horizVert': True, 'ISIframes': 2, 'rightResponseFirst': True}
513.2260 	INFO 	numtrials=360 and this trialDurFrames=4 or 66.6666666667 ms  task=T1
514.2931 	EXP 	window1: recordFrameIntervals = False
514.3017 	INFO 	Mouse: using default window
515.3436 	DATA 	Keypress: d
515.7266 	DATA 	Keypress: i
516.0099 	DATA 	Keypress: p
516.6937 	DATA 	Keypress: r
516.9598 	DATA 	Keypress: a
517.1765 	DATA 	Keypress: w
517.3205 	EXP 	New trial (rep=5, index=1): {'leftStreamFlip': False, 'oneTarget': True, 'trialInstructionPos': (0, -1), 'probe': 'both', 'rightStreamFlip': False, 'horizVert': True, 'ISIframes': 2, 'rightResponseFirst': True}
517.3424 	INFO 	numtrials=360 and this trialDurFrames=4 or 66.6666666667 ms  task=T1
518.3429 	EXP 	window1: recordFrameIntervals = False
518.3510 	INFO 	Mouse: using default window
519.0937 	DATA 	Keypress: w
519.2766 	DATA 	Keypress: h
519.3599 	DATA 	Keypress: y
519.5010 	EXP 	New trial (rep=5, index=2): {'leftStreamFlip': False, 'oneTarget': False, 'trialInstructionPos': (0, 1), 'probe': 'both', 'rightStreamFlip': False, 'horizVert': True, 'ISIframes': 2, 'rightResponseFirst': True}
519.5259 	INFO 	numtrials=360 and this trialDurFrames=4 or 66.6666666667 ms  task=T1
520.6763 	EXP 	window1: recordFrameIntervals = False
520.6847 	INFO 	Mouse: using default window
521.4599 	DATA 	Keypress: s
521.6433 	DATA 	Keypress: a
521.8931 	DATA 	Keypress: t
522.8764 	DATA 	Keypress: i
522.9436 	DATA 	Keypress: c
523.1765 	DATA 	Keypress: e
523.3202 	EXP 	New trial (rep=5, index=3): {'leftStreamFlip': False, 'oneTarget': False, 'trialInstructionPos': (0, -1), 'probe': 'both', 'rightStreamFlip': False, 'horizVert': True, 'ISIframes': 2, 'rightResponseFirst': False}
523.3425 	INFO 	numtrials=360 and this trialDurFrames=4 or 66.6666666667 ms  task=T1
524.3264 	EXP 	window1: recordFrameIntervals = False
524.3349 	INFO 	Mouse: using default window
527.0933 	DATA 	Keypress: j
527.5269 	DATA 	Keypress: backspace
527.8935 	DATA 	Keypress: g
527.9935 	DATA 	Keypress: o
528.0599 	DATA 	Keypress: t
528.8432 	DATA 	Keypress: g
528.9433 	DATA 	Keypress: o
529.0098 	DATA 	Keypress: t
529.1575 	EXP 	New trial (rep=5, index=4): {'leftStreamFlip': False, 'oneTarget': False, 'trialInstructionPos': (0, -1), 'probe': 'both', 'rightStreamFlip': False, 'horizVert': True, 'ISIframes': 2, 'rightResponseFirst': True}
529.1759 	INFO 	numtrials=360 and this trialDurFrames=4 or 66.6666666667 ms  task=T1
530.3263 	EXP 	window1: recordFrameIntervals = False
530.3355 	INFO 	Mouse: using default window
531.7266 	DATA 	Keypress: r
531.8265 	DATA 	Keypress: u
532.4959 	DATA 	Keypress: m
534.7600 	DATA 	Keypress: w
534.9604 	DATA 	Keypress: a
535.0432 	DATA 	Keypress: y
535.1869 	EXP 	New trial (rep=5, index=5): {'leftStreamFlip': False, 'oneTarget': True, 'trialInstructionPos': (0, 1), 'probe': 'both', 'rightStreamFlip': False, 'horizVert': True, 'ISIframes': 2, 'rightResponseFirst': False}
535.2092 	INFO 	numtrials=360 and this trialDurFrames=4 or 66.6666666667 ms  task=T1
536.2763 	EXP 	window1: recordFrameIntervals = False
536.2845 	INFO 	Mouse: using default window
537.0931 	DATA 	Keypress: b
537.6274 	DATA 	Keypress: o
538.0267 	DATA 	Keypress: x
538.1690 	EXP 	New trial (rep=5, index=6): {'leftStreamFlip': False, 'oneTarget': False, 'trialInstructionPos': (0, 1), 'probe': 'both', 'rightStreamFlip': False, 'horizVert': True, 'ISIframes': 2, 'rightResponseFirst': True}
538.1925 	INFO 	numtrials=360 and this trialDurFrames=4 or 66.6666666667 ms  task=T1
539.2930 	EXP 	window1: recordFrameIntervals = False
539.3011 	INFO 	Mouse: using default window
540.1768 	DATA 	Keypress: n
540.5116 	DATA 	Keypress: o
540.6433 	DATA 	Keypress: w
541.3433 	DATA 	Keypress: d
541.4599 	DATA 	Keypress: o
541.5938 	DATA 	Keypress: g
541.7383 	EXP 	New trial (rep=5, index=7): {'leftStreamFlip': False, 'oneTarget': True, 'trialInstructionPos': (0, -1), 'probe': 'both', 'rightStreamFlip': False, 'horizVert': True, 'ISIframes': 2, 'rightResponseFirst': False}
541.7590 	INFO 	numtrials=360 and this trialDurFrames=4 or 66.6666666667 ms  task=T1
542.7763 	EXP 	window1: recordFrameIntervals = False
542.7846 	INFO 	Mouse: using default window
543.5103 	DATA 	Keypress: w
543.5933 	DATA 	Keypress: h
543.7123 	DATA 	Keypress: y
543.8708 	EXP 	New trial (rep=5, index=8): {'leftStreamFlip': False, 'oneTarget': False, 'trialInstructionPos': (0, 1), 'probe': 'both', 'rightStreamFlip': False, 'horizVert': True, 'ISIframes': 2, 'rightResponseFirst': False}
543.8929 	INFO 	numtrials=360 and this trialDurFrames=4 or 66.6666666667 ms  task=T1
544.8937 	EXP 	window1: recordFrameIntervals = False
544.9013 	INFO 	Mouse: using default window
545.9599 	DATA 	Keypress: s
546.0766 	DATA 	Keypress: k
546.2265 	DATA 	Keypress: i
547.0931 	DATA 	Keypress: s
547.1933 	DATA 	Keypress: k
547.3933 	DATA 	Keypress: i
547.5386 	EXP 	New trial (rep=5, index=9): {'leftStreamFlip': False, 'oneTarget': False, 'trialInstructionPos': (0, 1), 'probe': 'both', 'rightStreamFlip': False, 'horizVert': True, 'ISIframes': 2, 'rightResponseFirst': False}
547.5592 	INFO 	numtrials=360 and this trialDurFrames=4 or 66.6666666667 ms  task=T1
548.6098 	EXP 	window1: recordFrameIntervals = False
548.6179 	INFO 	Mouse: using default window
550.0265 	DATA 	Keypress: r
550.0933 	DATA 	Keypress: u
550.3098 	DATA 	Keypress: n
551.0933 	DATA 	Keypress: f
551.1933 	DATA 	Keypress: u
551.3931 	DATA 	Keypress: n
551.5467 	EXP 	New trial (rep=5, index=10): {'leftStreamFlip': False, 'oneTarget': True, 'trialInstructionPos': (0, 1), 'probe': 'both', 'rightStreamFlip': False, 'horizVert': True, 'ISIframes': 2, 'rightResponseFirst': True}
551.5604 	INFO 	numtrials=360 and this trialDurFrames=4 or 66.6666666667 ms  task=T1
552.7266 	EXP 	window1: recordFrameIntervals = False
552.7346 	INFO 	Mouse: using default window
553.4598 	DATA 	Keypress: l
553.6796 	DATA 	Keypress: i
553.8765 	DATA 	Keypress: p
554.0192 	EXP 	New trial (rep=5, index=11): {'leftStreamFlip': False, 'oneTarget': False, 'trialInstructionPos': (0, -1), 'probe': 'both', 'rightStreamFlip': False, 'horizVert': True, 'ISIframes': 2, 'rightResponseFirst': False}
554.0428 	INFO 	numtrials=360 and this trialDurFrames=4 or 66.6666666667 ms  task=T1
555.1597 	EXP 	window1: recordFrameIntervals = False
555.1679 	INFO 	Mouse: using default window
556.9099 	DATA 	Keypress: f
556.9771 	DATA 	Keypress: u
557.1933 	DATA 	Keypress: n
557.7600 	DATA 	Keypress: l
557.9766 	DATA 	Keypress: o
558.0633 	DATA 	Keypress: t
558.2198 	EXP 	New trial (rep=6, index=0): {'leftStreamFlip': False, 'oneTarget': False, 'trialInstructionPos': (0, 1), 'probe': 'both', 'rightStreamFlip': False, 'horizVert': True, 'ISIframes': 2, 'rightResponseFirst': True}
558.2424 	INFO 	numtrials=360 and this trialDurFrames=4 or 66.6666666667 ms  task=T1
559.3930 	EXP 	window1: recordFrameIntervals = False
559.4013 	INFO 	Mouse: using default window
560.2932 	DATA 	Keypress: h
560.4433 	DATA 	Keypress: u
560.6599 	DATA 	Keypress: g
563.1265 	DATA 	Keypress: m
563.3270 	DATA 	Keypress: u
563.5433 	DATA 	Keypress: n
563.6872 	EXP 	New trial (rep=6, index=1): {'leftStreamFlip': False, 'oneTarget': True, 'trialInstructionPos': (0, 1), 'probe': 'both', 'rightStreamFlip': False, 'horizVert': True, 'ISIframes': 2, 'rightResponseFirst': False}
563.7093 	INFO 	numtrials=360 and this trialDurFrames=4 or 66.6666666667 ms  task=T1
564.9097 	EXP 	window1: recordFrameIntervals = False
564.9184 	INFO 	Mouse: using default window
565.9098 	DATA 	Keypress: a
566.4105 	DATA 	Keypress: r
569.4772 	DATA 	Keypress: t
569.6181 	EXP 	New trial (rep=6, index=2): {'leftStreamFlip': False, 'oneTarget': False, 'trialInstructionPos': (0, 1), 'probe': 'both', 'rightStreamFlip': False, 'horizVert': True, 'ISIframes': 2, 'rightResponseFirst': False}
569.6424 	INFO 	numtrials=360 and this trialDurFrames=4 or 66.6666666667 ms  task=T1
570.6934 	EXP 	window1: recordFrameIntervals = False
570.7014 	INFO 	Mouse: using default window
571.7434 	DATA 	Keypress: g
571.9265 	DATA 	Keypress: y
572.0598 	DATA 	Keypress: comma
572.9269 	DATA 	Keypress: m
573.6774 	DATA 	Keypress: r
573.9434 	DATA 	Keypress: a
574.6268 	DATA 	Keypress: t
574.7712 	EXP 	New trial (rep=6, index=3): {'leftStreamFlip': False, 'oneTarget': False, 'trialInstructionPos': (0, -1), 'probe': 'both', 'rightStreamFlip': False, 'horizVert': True, 'ISIframes': 2, 'rightResponseFirst': False}
574.7925 	INFO 	numtrials=360 and this trialDurFrames=4 or 66.6666666667 ms  task=T1
575.9763 	EXP 	window1: recordFrameIntervals = False
575.9847 	INFO 	Mouse: using default window
577.2933 	DATA 	Keypress: w
577.3932 	DATA 	Keypress: i
577.6266 	DATA 	Keypress: n
578.5436 	DATA 	Keypress: c
578.6767 	DATA 	Keypress: o
579.8100 	DATA 	Keypress: m
579.9549 	EXP 	New trial (rep=6, index=4): {'leftStreamFlip': False, 'oneTarget': True, 'trialInstructionPos': (0, 1), 'probe': 'both', 'rightStreamFlip': False, 'horizVert': True, 'ISIframes': 2, 'rightResponseFirst': True}
579.9758 	INFO 	numtrials=360 and this trialDurFrames=4 or 66.6666666667 ms  task=T1
581.1263 	EXP 	window1: recordFrameIntervals = False
581.1348 	INFO 	Mouse: using default window
581.9099 	DATA 	Keypress: s
582.2765 	DATA 	Keypress: u
582.4932 	DATA 	Keypress: b
582.6355 	EXP 	New trial (rep=6, index=5): {'leftStreamFlip': False, 'oneTarget': False, 'trialInstructionPos': (0, -1), 'probe': 'both', 'rightStreamFlip': False, 'horizVert': True, 'ISIframes': 2, 'rightResponseFirst': False}
582.6595 	INFO 	numtrials=360 and this trialDurFrames=4 or 66.6666666667 ms  task=T1
583.8764 	EXP 	window1: recordFrameIntervals = False
583.8847 	INFO 	Mouse: using default window
585.2433 	DATA 	Keypress: w
585.3121 	DATA 	Keypress: i
585.5265 	DATA 	Keypress: n
586.1600 	DATA 	Keypress: d
586.2599 	DATA 	Keypress: o
586.3433 	DATA 	Keypress: c
586.4872 	EXP 	New trial (rep=6, index=6): {'leftStreamFlip': False, 'oneTarget': True, 'trialInstructionPos': (0, -1), 'probe': 'both', 'rightStreamFlip': False, 'horizVert': True, 'ISIframes': 2, 'rightResponseFirst': False}
586.5092 	INFO 	numtrials=360 and this trialDurFrames=4 or 66.6666666667 ms  task=T1
587.7264 	EXP 	window1: recordFrameIntervals = False
587.7347 	INFO 	Mouse: using default window
588.6436 	DATA 	Keypress: t
588.9116 	DATA 	Keypress: a
589.0433 	DATA 	Keypress: n
589.1935 	EXP 	New trial (rep=6, index=7): {'leftStreamFlip': False, 'oneTarget': False, 'trialInstructionPos': (0, 1), 'probe': 'both', 'rightStreamFlip': False, 'horizVert': True, 'ISIframes': 2, 'rightResponseFirst': True}
589.2092 	INFO 	numtrials=360 and this trialDurFrames=4 or 66.6666666667 ms  task=T1
590.2764 	EXP 	window1: recordFrameIntervals = False
590.2848 	INFO 	Mouse: using default window
591.9766 	DATA 	Keypress: b
592.0934 	DATA 	Keypress: a
592.2768 	DATA 	Keypress: d
593.1765 	DATA 	Keypress: b
593.3121 	DATA 	Keypress: o
593.4603 	DATA 	Keypress: y
593.6110 	EXP 	New trial (rep=6, index=8): {'leftStreamFlip': False, 'oneTarget': False, 'trialInstructionPos': (0, 1), 'probe': 'both', 'rightStreamFlip': False, 'horizVert': True, 'ISIframes': 2, 'rightResponseFirst': False}
593.6260 	INFO 	numtrials=360 and this trialDurFrames=4 or 66.6666666667 ms  task=T1
594.8435 	EXP 	window1: recordFrameIntervals = False
594.8512 	INFO 	Mouse: using default window
596.0269 	DATA 	Keypress: a
596.3100 	DATA 	Keypress: r
596.4433 	DATA 	Keypress: t
597.8767 	DATA 	Keypress: w
598.0599 	DATA 	Keypress: a
598.2933 	DATA 	Keypress: r
598.4371 	EXP 	New trial (rep=6, index=9): {'leftStreamFlip': False, 'oneTarget': False, 'trialInstructionPos': (0, -1), 'probe': 'both', 'rightStreamFlip': False, 'horizVert': True, 'ISIframes': 2, 'rightResponseFirst': True}
598.4591 	INFO 	numtrials=360 and this trialDurFrames=4 or 66.6666666667 ms  task=T1
599.4932 	EXP 	window1: recordFrameIntervals = False
599.5021 	INFO 	Mouse: using default window
601.1935 	DATA 	Keypress: c
601.3599 	DATA 	Keypress: o
601.4771 	DATA 	Keypress: w
602.3265 	DATA 	Keypress: a
602.5435 	DATA 	Keypress: r
602.7099 	DATA 	Keypress: d
602.8708 	EXP 	New trial (rep=6, index=10): {'leftStreamFlip': False, 'oneTarget': False, 'trialInstructionPos': (0, -1), 'probe': 'both', 'rightStreamFlip': False, 'horizVert': True, 'ISIframes': 2, 'rightResponseFirst': True}
602.8925 	INFO 	numtrials=360 and this trialDurFrames=4 or 66.6666666667 ms  task=T1
603.9765 	EXP 	window1: recordFrameIntervals = False
603.9847 	INFO 	Mouse: using default window
605.1599 	DATA 	Keypress: o
605.3768 	DATA 	Keypress: n
605.4766 	DATA 	Keypress: e
606.9599 	DATA 	Keypress: o
608.3769 	DATA 	Keypress: n
608.4935 	DATA 	Keypress: e
608.6591 	EXP 	New trial (rep=6, index=11): {'leftStreamFlip': False, 'oneTarget': True, 'trialInstructionPos': (0, -1), 'probe': 'both', 'rightStreamFlip': False, 'horizVert': True, 'ISIframes': 2, 'rightResponseFirst': True}
608.6761 	INFO 	numtrials=360 and this trialDurFrames=4 or 66.6666666667 ms  task=T1
609.8933 	EXP 	window1: recordFrameIntervals = False
609.9015 	INFO 	Mouse: using default window
610.8099 	DATA 	Keypress: d
610.9122 	DATA 	Keypress: i
611.1599 	DATA 	Keypress: p
611.3173 	EXP 	New trial (rep=7, index=0): {'leftStreamFlip': False, 'oneTarget': False, 'trialInstructionPos': (0, 1), 'probe': 'both', 'rightStreamFlip': False, 'horizVert': True, 'ISIframes': 2, 'rightResponseFirst': False}
611.3438 	INFO 	numtrials=360 and this trialDurFrames=4 or 66.6666666667 ms  task=T1
612.4429 	EXP 	window1: recordFrameIntervals = False
612.4510 	INFO 	Mouse: using default window
614.4099 	DATA 	Keypress: t
614.6932 	DATA 	Keypress: a
614.8099 	DATA 	Keypress: n
615.4433 	DATA 	Keypress: t
615.7118 	DATA 	Keypress: a
615.7934 	DATA 	Keypress: n
615.9468 	EXP 	New trial (rep=7, index=1): {'leftStreamFlip': False, 'oneTarget': False, 'trialInstructionPos': (0, -1), 'probe': 'both', 'rightStreamFlip': False, 'horizVert': True, 'ISIframes': 2, 'rightResponseFirst': True}
615.9596 	INFO 	numtrials=360 and this trialDurFrames=4 or 66.6666666667 ms  task=T1
616.9598 	EXP 	window1: recordFrameIntervals = False
616.9679 	INFO 	Mouse: using default window
617.9267 	DATA 	Keypress: b
618.0433 	DATA 	Keypress: o
618.2433 	DATA 	Keypress: w
618.6265 	DATA 	Keypress: p
618.7265 	DATA 	Keypress: a
618.9267 	DATA 	Keypress: d
619.0960 	EXP 	New trial (rep=7, index=2): {'leftStreamFlip': False, 'oneTarget': False, 'trialInstructionPos': (0, 1), 'probe': 'both', 'rightStreamFlip': False, 'horizVert': True, 'ISIframes': 2, 'rightResponseFirst': True}
619.1095 	INFO 	numtrials=360 and this trialDurFrames=4 or 66.6666666667 ms  task=T1
620.0932 	EXP 	window1: recordFrameIntervals = False
620.1008 	INFO 	Mouse: using default window
621.1099 	DATA 	Keypress: b
621.1934 	DATA 	Keypress: r
621.4101 	DATA 	Keypress: a
622.9435 	DATA 	Keypress: w
623.0284 	DATA 	Keypress: o
623.2440 	DATA 	Keypress: n
623.3874 	EXP 	New trial (rep=7, index=3): {'leftStreamFlip': False, 'oneTarget': True, 'trialInstructionPos': (0, -1), 'probe': 'both', 'rightStreamFlip': False, 'horizVert': True, 'ISIframes': 2, 'rightResponseFirst': True}
623.4091 	INFO 	numtrials=360 and this trialDurFrames=4 or 66.6666666667 ms  task=T1
624.5097 	EXP 	window1: recordFrameIntervals = False
624.5183 	INFO 	Mouse: using default window
625.2956 	DATA 	Keypress: d
625.4099 	DATA 	Keypress: i
625.5434 	DATA 	Keypress: g
625.6853 	EXP 	New trial (rep=7, index=4): {'leftStreamFlip': False, 'oneTarget': False, 'trialInstructionPos': (0, 1), 'probe': 'both', 'rightStreamFlip': False, 'horizVert': True, 'ISIframes': 2, 'rightResponseFirst': True}
625.7097 	INFO 	numtrials=360 and this trialDurFrames=4 or 66.6666666667 ms  task=T1
626.7597 	EXP 	window1: recordFrameIntervals = False
626.7677 	INFO 	Mouse: using default window
627.5601 	DATA 	Keypress: f
627.6767 	DATA 	Keypress: i
627.7601 	DATA 	Keypress: t
629.4601 	DATA 	Keypress: l
629.5601 	DATA 	Keypress: a
629.7600 	DATA 	Keypress: d
629.9057 	EXP 	New trial (rep=7, index=5): {'leftStreamFlip': False, 'oneTarget': False, 'trialInstructionPos': (0, -1), 'probe': 'both', 'rightStreamFlip': False, 'horizVert': True, 'ISIframes': 2, 'rightResponseFirst': True}
629.9258 	INFO 	numtrials=360 and this trialDurFrames=4 or 66.6666666667 ms  task=T1
631.0264 	EXP 	window1: recordFrameIntervals = False
631.0345 	INFO 	Mouse: using default window
633.1100 	DATA 	Keypress: l
633.2939 	DATA 	Keypress: i
633.5107 	DATA 	Keypress: k
635.0100 	DATA 	Keypress: l
635.2267 	DATA 	Keypress: i
635.4105 	DATA 	Keypress: k
635.5532 	EXP 	New trial (rep=7, index=6): {'leftStreamFlip': False, 'oneTarget': True, 'trialInstructionPos': (0, 1), 'probe': 'both', 'rightStreamFlip': False, 'horizVert': True, 'ISIframes': 2, 'rightResponseFirst': False}
635.5758 	INFO 	numtrials=360 and this trialDurFrames=4 or 66.6666666667 ms  task=T1
636.6431 	EXP 	window1: recordFrameIntervals = False
636.6508 	INFO 	Mouse: using default window
637.3933 	DATA 	Keypress: m
637.4933 	DATA 	Keypress: a
638.1126 	DATA 	Keypress: y
638.2675 	EXP 	New trial (rep=7, index=7): {'leftStreamFlip': False, 'oneTarget': False, 'trialInstructionPos': (0, 1), 'probe': 'both', 'rightStreamFlip': False, 'horizVert': True, 'ISIframes': 2, 'rightResponseFirst': False}
638.2926 	INFO 	numtrials=360 and this trialDurFrames=4 or 66.6666666667 ms  task=T1
639.3598 	EXP 	window1: recordFrameIntervals = False
639.3674 	INFO 	Mouse: using default window
640.5767 	DATA 	Keypress: s
640.7266 	DATA 	Keypress: k
640.8766 	DATA 	Keypress: y
641.5433 	DATA 	Keypress: d
641.6766 	DATA 	Keypress: o
641.7774 	DATA 	Keypress: g
641.9210 	EXP 	New trial (rep=7, index=8): {'leftStreamFlip': False, 'oneTarget': True, 'trialInstructionPos': (0, 1), 'probe': 'both', 'rightStreamFlip': False, 'horizVert': True, 'ISIframes': 2, 'rightResponseFirst': True}
641.9417 	INFO 	numtrials=360 and this trialDurFrames=4 or 66.6666666667 ms  task=T1
643.0766 	EXP 	window1: recordFrameIntervals = False
643.0861 	INFO 	Mouse: using default window
643.8268 	DATA 	Keypress: s
643.9768 	DATA 	Keypress: p
644.1775 	DATA 	Keypress: y
644.3165 	EXP 	New trial (rep=7, index=9): {'leftStreamFlip': False, 'oneTarget': False, 'trialInstructionPos': (0, -1), 'probe': 'both', 'rightStreamFlip': False, 'horizVert': True, 'ISIframes': 2, 'rightResponseFirst': False}
644.3426 	INFO 	numtrials=360 and this trialDurFrames=4 or 66.6666666667 ms  task=T1
645.4264 	EXP 	window1: recordFrameIntervals = False
645.4347 	INFO 	Mouse: using default window
646.5117 	DATA 	Keypress: a
646.7766 	DATA 	Keypress: g
646.9771 	DATA 	Keypress: e
647.6599 	DATA 	Keypress: f
647.7766 	DATA 	Keypress: u
648.0099 	DATA 	Keypress: n
648.1547 	EXP 	New trial (rep=7, index=10): {'leftStreamFlip': False, 'oneTarget': True, 'trialInstructionPos': (0, -1), 'probe': 'both', 'rightStreamFlip': False, 'horizVert': True, 'ISIframes': 2, 'rightResponseFirst': False}
648.1760 	INFO 	numtrials=360 and this trialDurFrames=4 or 66.6666666667 ms  task=T1
649.3265 	EXP 	window1: recordFrameIntervals = False
649.3349 	INFO 	Mouse: using default window
650.0600 	DATA 	Keypress: b
650.1767 	DATA 	Keypress: o
650.3434 	DATA 	Keypress: y
650.4854 	EXP 	New trial (rep=7, index=11): {'leftStreamFlip': False, 'oneTarget': False, 'trialInstructionPos': (0, -1), 'probe': 'both', 'rightStreamFlip': False, 'horizVert': True, 'ISIframes': 2, 'rightResponseFirst': False}
650.5092 	INFO 	numtrials=360 and this trialDurFrames=4 or 66.6666666667 ms  task=T1
651.5097 	EXP 	window1: recordFrameIntervals = False
651.5179 	INFO 	Mouse: using default window
652.3101 	DATA 	Keypress: m
652.4433 	DATA 	Keypress: a
652.5600 	DATA 	Keypress: p
653.0936 	DATA 	Keypress: o
653.3604 	DATA 	Keypress: u
653.4767 	DATA 	Keypress: t
653.6213 	EXP 	New trial (rep=8, index=0): {'leftStreamFlip': False, 'oneTarget': False, 'trialInstructionPos': (0, 1), 'probe': 'both', 'rightStreamFlip': False, 'horizVert': True, 'ISIframes': 2, 'rightResponseFirst': True}
653.6425 	INFO 	numtrials=360 and this trialDurFrames=4 or 66.6666666667 ms  task=T1
654.7597 	EXP 	window1: recordFrameIntervals = False
654.7680 	INFO 	Mouse: using default window
655.9768 	DATA 	Keypress: l
656.2434 	DATA 	Keypress: a
656.7933 	DATA 	Keypress: t
656.7989 	DATA 	Keypress: y
659.6434 	DATA 	Keypress: b
659.7268 	DATA 	Keypress: o
659.8266 	DATA 	Keypress: y
659.9707 	EXP 	New trial (rep=8, index=1): {'leftStreamFlip': False, 'oneTarget': False, 'trialInstructionPos': (0, -1), 'probe': 'both', 'rightStreamFlip': False, 'horizVert': True, 'ISIframes': 2, 'rightResponseFirst': False}
659.9928 	INFO 	numtrials=360 and this trialDurFrames=4 or 66.6666666667 ms  task=T1
661.0431 	EXP 	window1: recordFrameIntervals = False
661.0514 	INFO 	Mouse: using default window
662.1123 	DATA 	Keypress: g
662.4268 	DATA 	Keypress: a
662.6101 	DATA 	Keypress: l
664.2434 	DATA 	Keypress: w
664.3766 	DATA 	Keypress: o
664.5118 	DATA 	Keypress: t
664.6706 	EXP 	New trial (rep=8, index=2): {'leftStreamFlip': False, 'oneTarget': True, 'trialInstructionPos': (0, 1), 'probe': 'both', 'rightStreamFlip': False, 'horizVert': True, 'ISIframes': 2, 'rightResponseFirst': True}
664.6926 	INFO 	numtrials=360 and this trialDurFrames=4 or 66.6666666667 ms  task=T1
665.6764 	EXP 	window1: recordFrameIntervals = False
665.6847 	INFO 	Mouse: using default window
666.4098 	DATA 	Keypress: o
666.5767 	DATA 	Keypress: i
666.8266 	DATA 	Keypress: l
666.9686 	EXP 	New trial (rep=8, index=3): {'leftStreamFlip': False, 'oneTarget': False, 'trialInstructionPos': (0, -1), 'probe': 'both', 'rightStreamFlip': False, 'horizVert': True, 'ISIframes': 2, 'rightResponseFirst': True}
666.9927 	INFO 	numtrials=360 and this trialDurFrames=4 or 66.6666666667 ms  task=T1
668.0931 	EXP 	window1: recordFrameIntervals = False
668.1011 	INFO 	Mouse: using default window
669.0767 	DATA 	Keypress: f
669.2433 	DATA 	Keypress: r
669.4099 	DATA 	Keypress: y
670.0767 	DATA 	Keypress: o
670.3600 	DATA 	Keypress: u
670.4766 	DATA 	Keypress: t
670.6201 	EXP 	New trial (rep=8, index=4): {'leftStreamFlip': False, 'oneTarget': False, 'trialInstructionPos': (0, 1), 'probe': 'both', 'rightStreamFlip': False, 'horizVert': True, 'ISIframes': 2, 'rightResponseFirst': False}
670.6427 	INFO 	numtrials=360 and this trialDurFrames=4 or 66.6666666667 ms  task=T1
671.7099 	EXP 	window1: recordFrameIntervals = False
671.7180 	INFO 	Mouse: using default window
673.4268 	DATA 	Keypress: d
673.5434 	DATA 	Keypress: i
673.6600 	DATA 	Keypress: g
674.3773 	DATA 	Keypress: s
674.5110 	DATA 	Keypress: i
674.8101 	DATA 	Keypress: x
674.9542 	EXP 	New trial (rep=8, index=5): {'leftStreamFlip': False, 'oneTarget': True, 'trialInstructionPos': (0, -1), 'probe': 'both', 'rightStreamFlip': False, 'horizVert': True, 'ISIframes': 2, 'rightResponseFirst': True}
674.9760 	INFO 	numtrials=360 and this trialDurFrames=4 or 66.6666666667 ms  task=T1
676.0264 	EXP 	window1: recordFrameIntervals = False
676.0344 	INFO 	Mouse: using default window
676.5934 	DATA 	Keypress: a
676.8602 	DATA 	Keypress: g
676.9767 	DATA 	Keypress: o
677.1167 	EXP 	New trial (rep=8, index=6): {'leftStreamFlip': False, 'oneTarget': False, 'trialInstructionPos': (0, 1), 'probe': 'both', 'rightStreamFlip': False, 'horizVert': True, 'ISIframes': 2, 'rightResponseFirst': False}
677.1425 	INFO 	numtrials=360 and this trialDurFrames=4 or 66.6666666667 ms  task=T1
678.3264 	EXP 	window1: recordFrameIntervals = False
678.3347 	INFO 	Mouse: using default window
679.2267 	DATA 	Keypress: c
679.4601 	DATA 	Keypress: a
679.5433 	DATA 	Keypress: b
680.3768 	DATA 	Keypress: i
680.6439 	DATA 	Keypress: l
680.7935 	DATA 	Keypress: l
680.9392 	EXP 	New trial (rep=8, index=7): {'leftStreamFlip': False, 'oneTarget': False, 'trialInstructionPos': (0, -1), 'probe': 'both', 'rightStreamFlip': False, 'horizVert': True, 'ISIframes': 2, 'rightResponseFirst': True}
680.9594 	INFO 	numtrials=360 and this trialDurFrames=4 or 66.6666666667 ms  task=T1
682.0433 	EXP 	window1: recordFrameIntervals = False
682.0515 	INFO 	Mouse: using default window
682.8767 	DATA 	Keypress: j
682.9767 	DATA 	Keypress: a
683.1600 	DATA 	Keypress: w
684.3604 	DATA 	Keypress: o
684.5435 	DATA 	Keypress: u
684.6600 	DATA 	Keypress: t
684.8044 	EXP 	New trial (rep=8, index=8): {'leftStreamFlip': False, 'oneTarget': False, 'trialInstructionPos': (0, 1), 'probe': 'both', 'rightStreamFlip': False, 'horizVert': True, 'ISIframes': 2, 'rightResponseFirst': True}
684.8260 	INFO 	numtrials=360 and this trialDurFrames=4 or 66.6666666667 ms  task=T1
685.8765 	EXP 	window1: recordFrameIntervals = False
685.8847 	INFO 	Mouse: using default window
687.5939 	DATA 	Keypress: w
687.6961 	DATA 	Keypress: i
687.9101 	DATA 	Keypress: p
688.5935 	DATA 	Keypress: b
688.7436 	DATA 	Keypress: e
688.8774 	DATA 	Keypress: e
689.0204 	EXP 	New trial (rep=8, index=9): {'leftStreamFlip': False, 'oneTarget': False, 'trialInstructionPos': (0, -1), 'probe': 'both', 'rightStreamFlip': False, 'horizVert': True, 'ISIframes': 2, 'rightResponseFirst': False}
689.0426 	INFO 	numtrials=360 and this trialDurFrames=4 or 66.6666666667 ms  task=T1
690.1099 	EXP 	window1: recordFrameIntervals = False
690.1184 	INFO 	Mouse: using default window
691.0933 	DATA 	Keypress: h
691.2100 	DATA 	Keypress: e
691.2951 	DATA 	Keypress: y
692.7934 	DATA 	Keypress: w
692.9602 	DATA 	Keypress: a
693.2268 	DATA 	Keypress: t
693.3710 	EXP 	New trial (rep=8, index=10): {'leftStreamFlip': False, 'oneTarget': True, 'trialInstructionPos': (0, -1), 'probe': 'both', 'rightStreamFlip': False, 'horizVert': True, 'ISIframes': 2, 'rightResponseFirst': False}
693.3928 	INFO 	numtrials=360 and this trialDurFrames=4 or 66.6666666667 ms  task=T1
694.3933 	EXP 	window1: recordFrameIntervals = False
694.4016 	INFO 	Mouse: using default window
695.1100 	DATA 	Keypress: m
695.4101 	DATA 	Keypress: o
695.7131 	DATA 	Keypress: m
695.8693 	EXP 	New trial (rep=8, index=11): {'leftStreamFlip': False, 'oneTarget': True, 'trialInstructionPos': (0, 1), 'probe': 'both', 'rightStreamFlip': False, 'horizVert': True, 'ISIframes': 2, 'rightResponseFirst': False}
695.8926 	INFO 	numtrials=360 and this trialDurFrames=4 or 66.6666666667 ms  task=T1
697.0598 	EXP 	window1: recordFrameIntervals = False
697.0682 	INFO 	Mouse: using default window
698.0268 	DATA 	Keypress: n
698.1122 	DATA 	Keypress: e
698.2599 	DATA 	Keypress: w
698.4013 	EXP 	New trial (rep=9, index=0): {'leftStreamFlip': False, 'oneTarget': False, 'trialInstructionPos': (0, -1), 'probe': 'both', 'rightStreamFlip': False, 'horizVert': True, 'ISIframes': 2, 'rightResponseFirst': True}
698.4259 	INFO 	numtrials=360 and this trialDurFrames=4 or 66.6666666667 ms  task=T1
699.5432 	EXP 	window1: recordFrameIntervals = False
699.5513 	INFO 	Mouse: using default window
700.5936 	DATA 	Keypress: o
700.7935 	DATA 	Keypress: u
700.9103 	DATA 	Keypress: t
701.1945 	DATA 	Keypress: n
701.6435 	DATA 	Keypress: o
701.9939 	DATA 	Keypress: w
702.1386 	EXP 	New trial (rep=9, index=1): {'leftStreamFlip': False, 'oneTarget': True, 'trialInstructionPos': (0, -1), 'probe': 'both', 'rightStreamFlip': False, 'horizVert': True, 'ISIframes': 2, 'rightResponseFirst': True}
702.1588 	INFO 	numtrials=360 and this trialDurFrames=4 or 66.6666666667 ms  task=T1
703.3768 	EXP 	window1: recordFrameIntervals = False
703.3852 	INFO 	Mouse: using default window
704.0100 	DATA 	Keypress: a
704.2768 	DATA 	Keypress: r
704.4436 	DATA 	Keypress: e
704.5835 	EXP 	New trial (rep=9, index=2): {'leftStreamFlip': False, 'oneTarget': True, 'trialInstructionPos': (0, -1), 'probe': 'both', 'rightStreamFlip': False, 'horizVert': True, 'ISIframes': 2, 'rightResponseFirst': False}
704.6106 	INFO 	numtrials=360 and this trialDurFrames=4 or 66.6666666667 ms  task=T1
705.8265 	EXP 	window1: recordFrameIntervals = False
705.8348 	INFO 	Mouse: using default window
706.9269 	DATA 	Keypress: l
707.0434 	DATA 	Keypress: a
707.1600 	DATA 	Keypress: p
707.3010 	EXP 	New trial (rep=9, index=3): {'leftStreamFlip': False, 'oneTarget': True, 'trialInstructionPos': (0, 1), 'probe': 'both', 'rightStreamFlip': False, 'horizVert': True, 'ISIframes': 2, 'rightResponseFirst': False}
707.3261 	INFO 	numtrials=360 and this trialDurFrames=4 or 66.6666666667 ms  task=T1
708.3099 	EXP 	window1: recordFrameIntervals = False
708.3184 	INFO 	Mouse: using default window
709.0101 	DATA 	Keypress: e
709.2769 	DATA 	Keypress: g
709.3768 	DATA 	Keypress: g
709.5201 	EXP 	New trial (rep=9, index=4): {'leftStreamFlip': False, 'oneTarget': False, 'trialInstructionPos': (0, -1), 'probe': 'both', 'rightStreamFlip': False, 'horizVert': True, 'ISIframes': 2, 'rightResponseFirst': False}
709.5431 	INFO 	numtrials=360 and this trialDurFrames=4 or 66.6666666667 ms  task=T1
710.7265 	EXP 	window1: recordFrameIntervals = False
710.7348 	INFO 	Mouse: using default window
712.2600 	DATA 	Keypress: e
712.8436 	DATA 	Keypress: g
713.0267 	DATA 	Keypress: g
714.1273 	DATA 	Keypress: t
714.5612 	DATA 	Keypress: backspace
714.6935 	DATA 	Keypress: r
714.9269 	DATA 	Keypress: a
715.4936 	DATA 	Keypress: w
715.6382 	EXP 	New trial (rep=9, index=5): {'leftStreamFlip': False, 'oneTarget': False, 'trialInstructionPos': (0, 1), 'probe': 'both', 'rightStreamFlip': False, 'horizVert': True, 'ISIframes': 2, 'rightResponseFirst': False}
715.6593 	INFO 	numtrials=360 and this trialDurFrames=4 or 66.6666666667 ms  task=T1
716.6765 	EXP 	window1: recordFrameIntervals = False
716.6849 	INFO 	Mouse: using default window
718.2767 	DATA 	Keypress: b
718.3934 	DATA 	Keypress: a
718.6436 	DATA 	Keypress: g
719.2267 	DATA 	Keypress: t
719.5101 	DATA 	Keypress: a
719.6607 	DATA 	Keypress: n
719.8034 	EXP 	New trial (rep=9, index=6): {'leftStreamFlip': False, 'oneTarget': False, 'trialInstructionPos': (0, 1), 'probe': 'both', 'rightStreamFlip': False, 'horizVert': True, 'ISIframes': 2, 'rightResponseFirst': False}
719.8257 	INFO 	numtrials=360 and this trialDurFrames=4 or 66.6666666667 ms  task=T1
720.9932 	EXP 	window1: recordFrameIntervals = False
721.0009 	INFO 	Mouse: using default window
722.3435 	DATA 	Keypress: l
722.9118 	DATA 	Keypress: backspace
724.0602 	DATA 	Keypress: s
724.5274 	DATA 	Keypress: a
724.7934 	DATA 	Keypress: g
725.1602 	DATA 	Keypress: l
726.2268 	DATA 	Keypress: o
726.3434 	DATA 	Keypress: w
726.4914 	EXP 	New trial (rep=9, index=7): {'leftStreamFlip': False, 'oneTarget': True, 'trialInstructionPos': (0, 1), 'probe': 'both', 'rightStreamFlip': False, 'horizVert': True, 'ISIframes': 2, 'rightResponseFirst': True}
726.5095 	INFO 	numtrials=360 and this trialDurFrames=4 or 66.6666666667 ms  task=T1
727.5434 	EXP 	window1: recordFrameIntervals = False
727.5516 	INFO 	Mouse: using default window
728.2769 	DATA 	Keypress: p
728.4601 	DATA 	Keypress: o
728.5603 	DATA 	Keypress: d
728.7004 	EXP 	New trial (rep=9, index=8): {'leftStreamFlip': False, 'oneTarget': False, 'trialInstructionPos': (0, -1), 'probe': 'both', 'rightStreamFlip': False, 'horizVert': True, 'ISIframes': 2, 'rightResponseFirst': False}
728.7262 	INFO 	numtrials=360 and this trialDurFrames=4 or 66.6666666667 ms  task=T1
729.8599 	EXP 	window1: recordFrameIntervals = False
729.8681 	INFO 	Mouse: using default window
730.5767 	DATA 	Keypress: t
730.6934 	DATA 	Keypress: i
730.9270 	DATA 	Keypress: p
732.2607 	DATA 	Keypress: t
732.3767 	DATA 	Keypress: i
732.6103 	DATA 	Keypress: p
732.7532 	EXP 	New trial (rep=9, index=9): {'leftStreamFlip': False, 'oneTarget': False, 'trialInstructionPos': (0, 1), 'probe': 'both', 'rightStreamFlip': False, 'horizVert': True, 'ISIframes': 2, 'rightResponseFirst': True}
732.7761 	INFO 	numtrials=360 and this trialDurFrames=4 or 66.6666666667 ms  task=T1
733.8432 	EXP 	window1: recordFrameIntervals = False
733.8515 	INFO 	Mouse: using default window
734.6601 	DATA 	Keypress: c
734.8936 	DATA 	Keypress: a
734.9601 	DATA 	Keypress: n
735.7601 	DATA 	Keypress: o
736.0102 	DATA 	Keypress: u
736.0936 	DATA 	Keypress: t
736.2409 	EXP 	New trial (rep=9, index=10): {'leftStreamFlip': False, 'oneTarget': False, 'trialInstructionPos': (0, 1), 'probe': 'both', 'rightStreamFlip': False, 'horizVert': True, 'ISIframes': 2, 'rightResponseFirst': True}
736.2595 	INFO 	numtrials=360 and this trialDurFrames=4 or 66.6666666667 ms  task=T1
737.4599 	EXP 	window1: recordFrameIntervals = False
737.4682 	INFO 	Mouse: using default window
738.6936 	DATA 	Keypress: a
738.9606 	DATA 	Keypress: g
739.0768 	DATA 	Keypress: o
739.7935 	DATA 	Keypress: y
740.0601 	DATA 	Keypress: e
740.2435 	DATA 	Keypress: t
740.4454 	EXP 	New trial (rep=9, index=11): {'leftStreamFlip': False, 'oneTarget': False, 'trialInstructionPos': (0, -1), 'probe': 'both', 'rightStreamFlip': False, 'horizVert': True, 'ISIframes': 2, 'rightResponseFirst': True}
740.4594 	INFO 	numtrials=360 and this trialDurFrames=4 or 66.6666666667 ms  task=T1
741.4603 	EXP 	window1: recordFrameIntervals = False
741.4691 	INFO 	Mouse: using default window
742.4955 	DATA 	Keypress: p
742.7608 	DATA 	Keypress: i
742.9117 	DATA 	Keypress: g
744.6270 	DATA 	Keypress: m
744.8434 	DATA 	Keypress: i
744.9276 	DATA 	Keypress: t
745.0704 	EXP 	New trial (rep=10, index=0): {'leftStreamFlip': False, 'oneTarget': False, 'trialInstructionPos': (0, 1), 'probe': 'both', 'rightStreamFlip': False, 'horizVert': True, 'ISIframes': 2, 'rightResponseFirst': True}
745.0927 	INFO 	numtrials=360 and this trialDurFrames=4 or 66.6666666667 ms  task=T1
746.1433 	EXP 	window1: recordFrameIntervals = False
746.1516 	INFO 	Mouse: using default window
747.0267 	DATA 	Keypress: f
747.2769 	DATA 	Keypress: a
747.5274 	DATA 	Keypress: t
749.0603 	DATA 	Keypress: c
749.1771 	DATA 	Keypress: o
749.2965 	DATA 	Keypress: w
749.4540 	EXP 	New trial (rep=10, index=1): {'leftStreamFlip': False, 'oneTarget': False, 'trialInstructionPos': (0, -1), 'probe': 'both', 'rightStreamFlip': False, 'horizVert': True, 'ISIframes': 2, 'rightResponseFirst': False}
749.4761 	INFO 	numtrials=360 and this trialDurFrames=4 or 66.6666666667 ms  task=T1
750.6934 	EXP 	window1: recordFrameIntervals = False
750.7021 	INFO 	Mouse: using default window
752.1437 	DATA 	Keypress: s
752.3101 	DATA 	Keypress: e
752.4935 	DATA 	Keypress: x
753.1435 	DATA 	Keypress: p
753.4102 	DATA 	Keypress: i
753.5601 	DATA 	Keypress: g
753.7047 	EXP 	New trial (rep=10, index=2): {'leftStreamFlip': False, 'oneTarget': True, 'trialInstructionPos': (0, -1), 'probe': 'both', 'rightStreamFlip': False, 'horizVert': True, 'ISIframes': 2, 'rightResponseFirst': False}
753.7262 	INFO 	numtrials=360 and this trialDurFrames=4 or 66.6666666667 ms  task=T1
754.8098 	EXP 	window1: recordFrameIntervals = False
754.8192 	INFO 	Mouse: using default window
758.9440 	DATA 	Keypress: lctrl
759.2602 	DATA 	Keypress: lshift
759.4438 	DATA 	Keypress: d
761.4268 	DATA 	Keypress: lctrl
761.7774 	DATA 	Keypress: lshift
762.0771 	DATA 	Keypress: z
762.0966 	INFO 	Stopping at 12:18 on 09 Aug 2018
762.0980 	ERROR 	user aborted experiment on keypress with trials done=122 of 361
762.1164 	INFO 	Program terminating normally.
