0.6068 	WARNING 	Monitor specification not found. Creating a temporary one...
9.0254 	EXP 	Created window1 = Window(allowGUI=False, allowStencil=False, autoLog=True, bitsMode=UNKNOWN, blendMode='avg', color=array([-0.7, -0.7, -0.7]), colorSpace='rgb', fullscr=UNKNOWN, gamma=None, lms=UNKNOWN, monitor=<psychopy.monitors.calibTools.Monitor object at 0x1ABF9050>, name='window1', pos=[0, 0], screen=0, size=array([1920, 1080]), stereo=False, units='deg', useFBO=False, useRetina=False, viewOri=0.0, viewPos=None, viewScale=None, waitBlanking=False, winType='pyglet')
9.0254 	INFO 	Mouse: using default window
9.0259 	EXP 	window1: units = 'norm'
9.1061 	EXP 	Created unnamed ImageStim = ImageStim(autoLog=True, color=array([ 1.,  1.,  1.]), colorSpace='rgb', contrast=1.0, depth=0, flipHoriz=False, flipVert=False, image=str(...), interpolate=False, mask=None, maskParams=None, name='unnamed ImageStim', opacity=1.0, ori=0.0, pos=array([-0.5,  0. ]), size=array([ 1.290625  ,  3.24814815]), texRes=128, units='norm', win=Window(...))
9.4977 	EXP 	Created unnamed ImageStim = ImageStim(autoLog=True, color=array([ 1.,  1.,  1.]), colorSpace='rgb', contrast=1.0, depth=0, flipHoriz=False, flipVert=False, image=str(...), interpolate=False, mask=None, maskParams=None, name='unnamed ImageStim', opacity=1.0, ori=0.0, pos=array([ 0.5,  0. ]), size=array([ 1.290625  ,  3.24814815]), texRes=128, units='norm', win=Window(...))
9.5141 	EXP 	Created OKrespZone = GratingStim(autoDraw=False, autoLog=True, color=array([ 1. ,  0.5,  0.5]), colorSpace='rgb', contrast=1.0, depth=0, interpolate=False, mask='gauss', maskParams=None, name='OKrespZone', opacity=1.0, ori=0.0, phase=array([ 0.,  0.]), pos=array([-0.2 , -0.92]), rgbPedestal=array([ 0.,  0.,  0.]), sf=array([ 0.,  0.]), size=array([ 2.3,  0.2]), tex='sin', texRes=256, units='norm', win=Window(...))
9.6528 	EXP 	unnamed ImageStim: size = (1, 2)
9.6528 	EXP 	unnamed ImageStim: size = (1, 2)
71.1588 	DATA 	Mouse: Left button down, pos=(830,57)
71.1748 	EXP 	window1: units = 'deg'
71.1750 	EXP 	window1: units = 'norm'
71.1956 	EXP 	Created OKrespZone = GratingStim(autoDraw=False, autoLog=True, color=array([ 1. ,  0.5,  0.5]), colorSpace='rgb', contrast=1.0, depth=0, interpolate=False, mask='gauss', maskParams=None, name='OKrespZone', opacity=1.0, ori=0.0, phase=array([ 0.,  0.]), pos=array([-0.2 , -0.92]), rgbPedestal=array([ 0.,  0.,  0.]), sf=array([ 0.,  0.]), size=array([ 2.3,  0.2]), tex='sin', texRes=256, units='norm', win=Window(...))
71.2786 	EXP 	Created unnamed ImageStim = ImageStim(autoLog=True, color=array([ 1.,  1.,  1.]), colorSpace='rgb', contrast=1.0, depth=0, flipHoriz=False, flipVert=False, image='abgdj\\PISandConsentForm\\consentForm.png', interpolate=False, mask=None, maskParams=None, name='unnamed ImageStim', opacity=1.0, ori=0.0, pos=array([ 0.,  0.]), size=array([ 1.3375    ,  2.97407407]), texRes=128, units='norm', win=Window(...))
71.3144 	EXP 	Created unnamed GratingStim = GratingStim(autoDraw=False, autoLog=True, color=array([ 1. ,  0.5,  0.5]), colorSpace='rgb', contrast=1.0, depth=0, interpolate=False, mask='gauss', maskParams=None, name='unnamed GratingStim', opacity=1.0, ori=0.0, phase=array([ 0.,  0.]), pos=array([-0.2 , -0.42]), rgbPedestal=array([ 0.,  0.,  0.]), sf=array([ 0.,  0.]), size=array([ 0.3,  0.2]), tex='sin', texRes=256, units='norm', win=Window(...))
71.3457 	EXP 	Created unnamed GratingStim = GratingStim(autoDraw=False, autoLog=True, color=array([ 1. ,  0.5,  0.5]), colorSpace='rgb', contrast=1.0, depth=0, interpolate=False, mask='gauss', maskParams=None, name='unnamed GratingStim', opacity=1.0, ori=0.0, phase=array([ 0.,  0.]), pos=array([ 0.1 , -0.42]), rgbPedestal=array([ 0.,  0.,  0.]), sf=array([ 0.,  0.]), size=array([ 0.3,  0.2]), tex='sin', texRes=256, units='norm', win=Window(...))
71.3677 	EXP 	Created unnamed GratingStim = GratingStim(autoDraw=False, autoLog=True, color=array([ 1. ,  0.5,  0.5]), colorSpace='rgb', contrast=1.0, depth=0, interpolate=False, mask='gauss', maskParams=None, name='unnamed GratingStim', opacity=1.0, ori=0.0, phase=array([ 0.,  0.]), pos=array([-0.2 , -0.72]), rgbPedestal=array([ 0.,  0.,  0.]), sf=array([ 0.,  0.]), size=array([ 0.3,  0.2]), tex='sin', texRes=256, units='norm', win=Window(...))
71.3885 	EXP 	Created unnamed GratingStim = GratingStim(autoDraw=False, autoLog=True, color=array([ 1. ,  0.5,  0.5]), colorSpace='rgb', contrast=1.0, depth=0, interpolate=False, mask='gauss', maskParams=None, name='unnamed GratingStim', opacity=1.0, ori=0.0, phase=array([ 0.,  0.]), pos=array([ 0.1 , -0.72]), rgbPedestal=array([ 0.,  0.,  0.]), sf=array([ 0.,  0.]), size=array([ 0.3,  0.2]), tex='sin', texRes=256, units='norm', win=Window(...))
71.3914 	DATA 	Mouse:  Left button up, pos=(830,55)
71.3968 	EXP 	unnamed ImageStim: size = (1.1, 2)
77.1588 	DATA 	Mouse: Left button down, pos=(771,315)
77.2417 	DATA 	Mouse:  Left button up, pos=(771,315)
80.9085 	DATA 	Mouse: Left button down, pos=(751,151)
80.9917 	DATA 	Mouse:  Left button up, pos=(751,151)
81.7106 	DATA 	Mouse: Left button down, pos=(796,40)
81.7248 	EXP 	window1: units = 'deg'
81.7303 	EXP 	window1: mouseVisible = True
99.7090 	EXP 	Created window1 = Window(allowGUI=False, allowStencil=False, autoLog=True, bitsMode=UNKNOWN, blendMode='avg', color=array([-0.7, -0.7, -0.7]), colorSpace='rgb', fullscr=UNKNOWN, gamma=None, lms=UNKNOWN, monitor=<psychopy.monitors.calibTools.Monitor object at 0x1ABF9050>, name='window1', pos=[0, 0], screen=0, size=array([1920, 1080]), stereo=False, units='deg', useFBO=False, useRetina=False, viewOri=0.0, viewPos=None, viewScale=None, waitBlanking=False, winType='pyglet')
104.0759 	INFO 	#[ PsychoPy2 RuntimeInfoStart ]
  #[[ PsychoPy ]] #---------
    psychopyVersion: 1.84.2
    psychopyHaveExtRush: True
  #[[ Experiment ]] #---------
    experimentAuthor: None
    experimentAuthVersion: None
    experimentRunTime: 2018_08_06 14:14 (Year_Month_Day Hour:Min)
    experimentRunTime.epoch: 1533528880
    experimentScript: psyc1002.py
    experimentScript.digestSHA1: 03993779484d600ea4c1b8cc2288f3d37a5025d5
    experimentScript.directory: U:\PSYC1002\abgdj
  #[[ System ]] #---------
    systemHaveInternetAccess: True
    systemHostName: W513ZKG2
    systemLocale: English_United States.1252
    systemMemFreeRAM: 4151.8359375
    systemMemTotalRAM: 8076.9453125
    systemPlatform: windowsversion=sys.getwindowsversion(major=6, minor=2, build=9200, platform=2, service_pack='')
    systemPyo.InputDevices: {4: {'host api index': 2, 'latency': 0.008707483299076557, 'default sr': 44100, 'name': u'Realtek ASIO'}}
    systemPyo.OutputDevices: {0: {'host api index': 0, 'latency': 0.09000000357627869, 'default sr': 44100, 'name': u'Microsoft Sound Mapper - Output'}, 1: {'host api index': 0, 'latency': 0.09000000357627869, 'default sr': 44100, 'name': u'Speakers / Headphones (Realtek '}, 2: {'host api index': 1, 'latency': 0.11999999731779099, 'default sr': 44100, 'name': u'Primary Sound Driver'}, 3: {'host api index': 1, 'latency': 0.11999999731779099, 'default sr': 44100, 'name': u'Speakers / Headphones (Realtek High Definition Audio)'}, 4: {'host api index': 2, 'latency': 0.008707483299076557, 'default sr': 44100, 'name': u'Realtek ASIO'}, 5: {'host api index': 3, 'latency': 0.003000000026077032, 'default sr': 48000, 'name': u'Speakers / Headphones (Realtek High Definition Audio)'}}
    systemPyoVersion: 0.8.0
    systemRebooted: System Boot Time:          8/6/2018, 2:03:34 AM
    systemSec.pythonSSL: True
    systemTimeNumpySD1000000_sec: 0.0090
    systemUser: broj3335
    systemUserID: 1000
    systemUserProcCmdPid: LabStatsUserSpace.exe dwm.exe TiWorker.exe CmRcService.exe nierserver.exe LabStatsClient.exe tagsrv.exe SearchUI.exe rundll32.exe OneDrive.exe nipxism.exe SettingSyncHost.exe TrustedInstaller.exe niLxiDiscovery.exe SecurityHealthService.exe redirector.exe SearchProtocolHost.exe server_admin.exe pc-client.exe lkads.exe svchost.exe smartscreen.exe ni_usbmon.exe AGSService.exe System SISIDSService.exe SelfServicePlugin.exe explorer.exe smss.exe ApplicationWebServer.exe RuntimeBroker.exe acrotray.exe niauth_daemon.exe cmd.exe nidmsrv.exe Receiver.exe SISIPSService.exe lktsrv.exe lsass.exe python.exe RtkNGUI64.exe sisipsutil.exe AdobeUpdateService.exe armsvc.exe ssonsvr.exe concentr.exe nidevldu.exe taskhostw.exe ctfmon.exe RAVBg64.exe ''Memory Compression'' NIWebServiceContainer.exe nimxs.exe RtkAudioService64.exe SystemWebServer.exe tasklist.exe snowagent.exe CcmExec.exe SearchFilterHost.exe SmcGui.exe nicitdl5.exe ''System Idle Process'' services.exe niDiscSvc.exe sqlwriter.exe MSASCuiL.exe SCNotification.exe nimdnsResponder.exe server_runtime.exe sihost.exe backgroundTaskHost.exe spoolsv.exe wininit.exe winlogon.exe ShellExperienceHost.exe nidevmon.exe SearchIndexer.exe csrss.exe WmiPrvSE.exe audiodg.exe fontdrvhost.exe dllhost.exe unsecapp.exe ccSvcHst.exe wfcrun32.exe nisvcloc.exe server_eventlog.exe lkcitdl.exe AuthManSvr.exe conhost.exe
    systemUserProcCount: 182
    systemUserProcFlagged: Explorer
    systemUsersCount: False
  #[[ Window ]] #---------
    windowWinType: pyglet
    windowWaitBlanking: False
    windowUseNativeGamma: True
    windowUnits: deg
    windowSize_pix: [1920 1080]
    windowScreen: 0
    windowRgb: [-0.7 -0.7 -0.7]
    windowRefreshTimeSD_ms: 0.171
    windowRefreshTimeMedian_ms: 16.670
    windowRefreshTimeAvg_ms: 16.666
    windowRefreshThreshold_sec: 0.0199
    windowRecordFrameIntervals: False
    windowPos_pix: [0, 0]
    windowMonitor.name: testmonitor
    windowMonitor.getWidth_cm: 57.0
    windowMonitor.getLinearizeMethod: 1
    windowMonitor.getGammaGrid: [[  0.   1.   1.  nan  nan  nan]
 [  0.   1.   1.  nan  nan  nan]
 [  0.   1.   1.  nan  nan  nan]
 [  0.   1.   1.  nan  nan  nan]]
    windowMonitor.getDistance_cm: 57.0
    windowMonitor.gammaInterpolator2: None
    windowMonitor.gammaInterpolator: None
    windowMonitor.currentCalibName: 2018_08_06 14:13
    windowIsFullScr: True
    windowHaveShaders: True
    windowAllowGUI: False
  #[[ Python ]] #---------
    pythonWxVersion: 3.0.2.0 msw (classic)
    pythonVersion: 2.7.11
    pythonScipyVersion: 0.17.1
    pythonPygletVersion: 1.2.4
    pythonPygameVersion: 1.9.2pre
    pythonNumpyVersion: 1.11.0
    pythonMatplotlibVersion: 1.5.1
    pythonFullVersion: 2.7.11 (v2.7.11:6d1b6a68f775, Dec  5 2015, 20:32:19) [MSC v.1500 32 bit (Intel)]
    pythonExecutable: C:\Program Files (x86)\PsychoPy2\python.exe
  #[[ OpenGL ]] #---------
    openGLVersion: 4.4.0 - Build 21.20.16.4627
    openGLVendor: Intel
    openGLRenderingEngine: Intel(R) HD Graphics 530
    openGLmaxVerticesInVertexArray: 1048576
    False: openGLext.GL_STEREO
    True: openGLext.GL_EXT_framebuffer_object
    True: openGLext.GL_ARB_vertex_shader
    True: openGLext.GL_ARB_texture_non_power_of_two
    True: openGLext.GL_ARB_texture_float
    True: openGLext.GL_ARB_shader_objects
    True: openGLext.GL_ARB_multitexture
    True: openGLext.GL_ARB_fragment_program
#[ PsychoPy2 RuntimeInfoEnd ]

104.1247 	EXP 	window1: recordFrameIntervals = True
104.9581 	EXP 	window1: recordFrameIntervals = False
104.9584 	INFO 	Frames per second ~=60.1, which is close enough to desired val of 60.0
105.4661 	EXP 	Created sequence: random, trialTypes=12, nReps=30, seed=None
105.6135 	INFO 	Mouse: using default window
105.6334 	EXP 	Created OKrespZone = GratingStim(autoDraw=False, autoLog=True, color=array([ 1.,  1.,  1.]), colorSpace='rgb', contrast=1.0, depth=0, interpolate=False, mask='gauss', maskParams=None, name='OKrespZone', opacity=1.0, ori=0.0, phase=array([ 0.,  0.]), pos=array([ 0.  ,  0.88]), rgbPedestal=array([ 0.,  0.,  0.]), sf=array([ 0.,  0.]), size=array([ 2. ,  0.2]), tex='sin', texRes=256, units='norm', win=Window(...))
123.0860 	DATA 	Mouse: Left button down, pos=(101,394)
123.1729 	DATA 	Mouse:  Left button up, pos=(101,394)
125.5734 	DATA 	Mouse: Left button down, pos=(85,196)
125.6448 	DATA 	Mouse:  Left button up, pos=(85,196)
133.5971 	DATA 	Mouse: Left button down, pos=(302,468)
133.6848 	DATA 	Mouse:  Left button up, pos=(302,467)
146.5980 	DATA 	Mouse: Left button down, pos=(736,193)
146.6688 	DATA 	Mouse:  Left button up, pos=(736,193)
152.3015 	DATA 	Mouse: Left button down, pos=(920,743)
152.3888 	DATA 	Mouse:  Left button up, pos=(920,743)
154.4531 	DATA 	Mouse: Left button down, pos=(898,542)
154.5488 	DATA 	Mouse:  Left button up, pos=(898,542)
159.4939 	DATA 	Mouse: Left button down, pos=(1131,952)
159.5967 	DATA 	Mouse:  Left button up, pos=(1131,952)
160.9650 	DATA 	Mouse: Left button down, pos=(1118,821)
161.0767 	DATA 	Mouse:  Left button up, pos=(1118,820)
161.7338 	DATA 	Mouse: Left button down, pos=(1118,820)
161.8208 	DATA 	Mouse:  Left button up, pos=(1118,820)
162.3168 	DATA 	Mouse: Left button down, pos=(1118,820)
162.3888 	DATA 	Mouse:  Left button up, pos=(1118,820)
167.2140 	DATA 	Mouse: Left button down, pos=(1085,263)
167.3087 	DATA 	Mouse:  Left button up, pos=(1085,263)
172.8530 	DATA 	Mouse: Left button down, pos=(1299,602)
172.9647 	DATA 	Mouse:  Left button up, pos=(1299,602)
179.9821 	DATA 	Mouse: Left button down, pos=(1565,889)
180.0391 	DATA 	Mouse:  Left button up, pos=(1565,889)
181.6614 	DATA 	Mouse: Left button down, pos=(1739,744)
181.7487 	DATA 	Mouse:  Left button up, pos=(1739,744)
183.9489 	DATA 	Mouse: Left button down, pos=(1736,683)
184.0368 	DATA 	Mouse:  Left button up, pos=(1736,683)
186.9732 	DATA 	Mouse: Left button down, pos=(1732,606)
187.1007 	DATA 	Mouse:  Left button up, pos=(1732,606)
193.9340 	DATA 	Mouse: Left button down, pos=(1014,1015)
193.9617 	INFO 	Experiment will have 360 trials. Letters will be drawn with superposed noise of 0.00%
193.9797 	EXP 	New trial (rep=0, index=0): {'leftStreamFlip': False, 'oneTarget': True, 'trialInstructionPos': (0, -1), 'probe': 'both', 'rightStreamFlip': False, 'horizVert': True, 'ISIframes': 2, 'rightResponseFirst': False}
193.9798 	INFO 	Starting main part of experiment
194.0263 	DATA 	Mouse:  Left button up, pos=(1014,1015)
195.1582 	INFO 	numtrials=360 and this trialDurFrames=28 or 466.666666667 ms  task=T1
197.0918 	EXP 	window1: recordFrameIntervals = False
197.1020 	INFO 	Mouse: using default window
200.1265 	DATA 	Keypress: e
200.8257 	DATA 	Keypress: a
201.1427 	DATA 	Keypress: r
201.3262 	EXP 	New trial (rep=0, index=1): {'leftStreamFlip': False, 'oneTarget': False, 'trialInstructionPos': (0, -1), 'probe': 'both', 'rightStreamFlip': False, 'horizVert': True, 'ISIframes': 2, 'rightResponseFirst': False}
201.4091 	DATA 	Keypress: return
202.6090 	INFO 	numtrials=360 and this trialDurFrames=22 or 366.666666667 ms  task=T1
204.4082 	EXP 	window1: recordFrameIntervals = False
204.4167 	INFO 	Mouse: using default window
207.0593 	DATA 	Keypress: b
207.3925 	DATA 	Keypress: a
207.6935 	DATA 	Keypress: g
210.8759 	DATA 	Keypress: y
210.9925 	DATA 	Keypress: o
211.2590 	DATA 	Keypress: u
211.4118 	EXP 	New trial (rep=0, index=2): {'leftStreamFlip': False, 'oneTarget': False, 'trialInstructionPos': (0, 1), 'probe': 'both', 'rightStreamFlip': False, 'horizVert': True, 'ISIframes': 2, 'rightResponseFirst': True}
211.4254 	INFO 	numtrials=360 and this trialDurFrames=18 or 300.0 ms  task=T1
213.2750 	EXP 	window1: recordFrameIntervals = False
213.2833 	INFO 	Mouse: using default window
215.5092 	DATA 	Keypress: o
215.6091 	DATA 	Keypress: n
215.7261 	DATA 	Keypress: e
217.2926 	DATA 	Keypress: o
217.3936 	DATA 	Keypress: n
217.5256 	DATA 	Keypress: e
217.6734 	EXP 	New trial (rep=0, index=3): {'leftStreamFlip': False, 'oneTarget': True, 'trialInstructionPos': (0, 1), 'probe': 'both', 'rightStreamFlip': False, 'horizVert': True, 'ISIframes': 2, 'rightResponseFirst': False}
217.6924 	INFO 	numtrials=360 and this trialDurFrames=18 or 300.0 ms  task=T1
218.9925 	EXP 	window1: recordFrameIntervals = False
219.0010 	INFO 	Mouse: using default window
220.9261 	DATA 	Keypress: g
221.0926 	DATA 	Keypress: a
221.2092 	DATA 	Keypress: s
221.3551 	EXP 	New trial (rep=0, index=4): {'leftStreamFlip': False, 'oneTarget': False, 'trialInstructionPos': (0, -1), 'probe': 'both', 'rightStreamFlip': False, 'horizVert': True, 'ISIframes': 2, 'rightResponseFirst': True}
228.1927 	DATA 	Keypress: return
228.2256 	INFO 	numtrials=360 and this trialDurFrames=14 or 233.333333333 ms  task=T1
229.3749 	EXP 	window1: recordFrameIntervals = False
229.3834 	INFO 	Mouse: using default window
232.0258 	DATA 	Keypress: p
232.4773 	DATA 	Keypress: o
232.7087 	DATA 	Keypress: t
234.5261 	DATA 	Keypress: t
234.7087 	DATA 	Keypress: a
234.9588 	DATA 	Keypress: x
235.1088 	EXP 	New trial (rep=0, index=5): {'leftStreamFlip': False, 'oneTarget': False, 'trialInstructionPos': (0, -1), 'probe': 'both', 'rightStreamFlip': False, 'horizVert': True, 'ISIframes': 2, 'rightResponseFirst': False}
235.1242 	INFO 	numtrials=360 and this trialDurFrames=4 or 66.6666666667 ms  task=T1
236.3417 	EXP 	window1: recordFrameIntervals = False
236.3502 	INFO 	Mouse: using default window
239.7260 	DATA 	Keypress: l
239.9093 	DATA 	Keypress: o
240.0428 	DATA 	Keypress: g
241.9591 	DATA 	Keypress: l
242.1424 	DATA 	Keypress: o
242.3425 	DATA 	Keypress: g
242.4902 	EXP 	New trial (rep=0, index=6): {'leftStreamFlip': False, 'oneTarget': False, 'trialInstructionPos': (0, 1), 'probe': 'both', 'rightStreamFlip': False, 'horizVert': True, 'ISIframes': 2, 'rightResponseFirst': False}
242.5082 	INFO 	numtrials=360 and this trialDurFrames=4 or 66.6666666667 ms  task=T1
243.6249 	EXP 	window1: recordFrameIntervals = False
243.6329 	INFO 	Mouse: using default window
250.1261 	DATA 	Keypress: l
250.4936 	DATA 	Keypress: a
250.7260 	DATA 	Keypress: y
252.0758 	DATA 	Keypress: l
252.1427 	DATA 	Keypress: a
252.3426 	DATA 	Keypress: y
252.4883 	EXP 	New trial (rep=0, index=7): {'leftStreamFlip': False, 'oneTarget': False, 'trialInstructionPos': (0, 1), 'probe': 'both', 'rightStreamFlip': False, 'horizVert': True, 'ISIframes': 2, 'rightResponseFirst': True}
252.5080 	INFO 	numtrials=360 and this trialDurFrames=3 or 50.0 ms  task=T1
253.5925 	EXP 	window1: recordFrameIntervals = False
253.6004 	INFO 	Mouse: using default window
262.4592 	DATA 	Keypress: b
262.5760 	DATA 	Keypress: a
263.4258 	DATA 	Keypress: g
268.9094 	DATA 	Keypress: l
269.0427 	DATA 	Keypress: a
269.1926 	DATA 	Keypress: y
269.3397 	EXP 	New trial (rep=0, index=8): {'leftStreamFlip': False, 'oneTarget': True, 'trialInstructionPos': (0, 1), 'probe': 'both', 'rightStreamFlip': False, 'horizVert': True, 'ISIframes': 2, 'rightResponseFirst': True}
269.3578 	INFO 	numtrials=360 and this trialDurFrames=4 or 66.6666666667 ms  task=T1
270.3918 	EXP 	window1: recordFrameIntervals = False
270.4000 	INFO 	Mouse: using default window
272.3251 	DATA 	Keypress: t
272.4422 	DATA 	Keypress: a
272.5773 	DATA 	Keypress: x
272.7199 	EXP 	New trial (rep=0, index=9): {'leftStreamFlip': False, 'oneTarget': True, 'trialInstructionPos': (0, -1), 'probe': 'both', 'rightStreamFlip': False, 'horizVert': True, 'ISIframes': 2, 'rightResponseFirst': True}
272.7415 	INFO 	numtrials=360 and this trialDurFrames=4 or 66.6666666667 ms  task=T1
273.8918 	EXP 	window1: recordFrameIntervals = False
273.9001 	INFO 	Mouse: using default window
276.6258 	DATA 	Keypress: l
276.8758 	DATA 	Keypress: o
277.3425 	DATA 	Keypress: g
277.4848 	EXP 	New trial (rep=0, index=10): {'leftStreamFlip': False, 'oneTarget': False, 'trialInstructionPos': (0, 1), 'probe': 'both', 'rightStreamFlip': False, 'horizVert': True, 'ISIframes': 2, 'rightResponseFirst': False}
277.5077 	INFO 	numtrials=360 and this trialDurFrames=5 or 83.3333333333 ms  task=T1
278.5583 	EXP 	window1: recordFrameIntervals = False
278.5667 	INFO 	Mouse: using default window
284.4937 	DATA 	Keypress: w
284.7092 	DATA 	Keypress: o
284.7926 	DATA 	Keypress: n
285.3926 	DATA 	Keypress: w
285.5591 	DATA 	Keypress: o
285.6593 	DATA 	Keypress: n
285.8051 	EXP 	New trial (rep=0, index=11): {'leftStreamFlip': False, 'oneTarget': False, 'trialInstructionPos': (0, -1), 'probe': 'both', 'rightStreamFlip': False, 'horizVert': True, 'ISIframes': 2, 'rightResponseFirst': True}
285.8247 	INFO 	numtrials=360 and this trialDurFrames=5 or 83.3333333333 ms  task=T1
286.8583 	EXP 	window1: recordFrameIntervals = False
286.8665 	INFO 	Mouse: using default window
289.0593 	DATA 	Keypress: h
289.2092 	DATA 	Keypress: a
289.7427 	DATA 	Keypress: t
290.6258 	DATA 	Keypress: e
290.7426 	DATA 	Keypress: y
290.8591 	DATA 	Keypress: e
291.0083 	EXP 	New trial (rep=1, index=0): {'leftStreamFlip': False, 'oneTarget': True, 'trialInstructionPos': (0, 1), 'probe': 'both', 'rightStreamFlip': False, 'horizVert': True, 'ISIframes': 2, 'rightResponseFirst': False}
291.0244 	INFO 	numtrials=360 and this trialDurFrames=5 or 83.3333333333 ms  task=T1
292.2083 	EXP 	window1: recordFrameIntervals = False
292.2167 	INFO 	Mouse: using default window
297.7761 	DATA 	Keypress: c
297.9758 	DATA 	Keypress: a
298.1095 	DATA 	Keypress: t
298.2517 	EXP 	New trial (rep=1, index=1): {'leftStreamFlip': False, 'oneTarget': True, 'trialInstructionPos': (0, 1), 'probe': 'both', 'rightStreamFlip': False, 'horizVert': True, 'ISIframes': 2, 'rightResponseFirst': True}
298.2749 	INFO 	numtrials=360 and this trialDurFrames=5 or 83.3333333333 ms  task=T1
299.4918 	EXP 	window1: recordFrameIntervals = False
299.4999 	INFO 	Mouse: using default window
300.8772 	DATA 	Keypress: w
301.0924 	DATA 	Keypress: a
301.3425 	DATA 	Keypress: y
301.5038 	EXP 	New trial (rep=1, index=2): {'leftStreamFlip': False, 'oneTarget': False, 'trialInstructionPos': (0, -1), 'probe': 'both', 'rightStreamFlip': False, 'horizVert': True, 'ISIframes': 2, 'rightResponseFirst': True}
301.5245 	INFO 	numtrials=360 and this trialDurFrames=6 or 100.0 ms  task=T1
302.6084 	EXP 	window1: recordFrameIntervals = False
302.6167 	INFO 	Mouse: using default window
305.0092 	DATA 	Keypress: h
305.0926 	DATA 	Keypress: i
306.1594 	DATA 	Keypress: m
307.4926 	DATA 	Keypress: t
307.6926 	DATA 	Keypress: o
308.0259 	DATA 	Keypress: p
308.1732 	EXP 	New trial (rep=1, index=3): {'leftStreamFlip': False, 'oneTarget': True, 'trialInstructionPos': (0, -1), 'probe': 'both', 'rightStreamFlip': False, 'horizVert': True, 'ISIframes': 2, 'rightResponseFirst': False}
308.1910 	INFO 	numtrials=360 and this trialDurFrames=6 or 100.0 ms  task=T1
309.2749 	EXP 	window1: recordFrameIntervals = False
309.2827 	INFO 	Mouse: using default window
310.5101 	DATA 	Keypress: s
310.8928 	DATA 	Keypress: e
311.0759 	DATA 	Keypress: t
311.2273 	EXP 	New trial (rep=1, index=4): {'leftStreamFlip': False, 'oneTarget': False, 'trialInstructionPos': (0, 1), 'probe': 'both', 'rightStreamFlip': False, 'horizVert': True, 'ISIframes': 2, 'rightResponseFirst': False}
311.2423 	INFO 	numtrials=360 and this trialDurFrames=5 or 83.3333333333 ms  task=T1
312.4090 	EXP 	window1: recordFrameIntervals = False
312.4168 	INFO 	Mouse: using default window
317.8590 	DATA 	Keypress: a
318.0758 	DATA 	Keypress: g
318.1593 	DATA 	Keypress: e
327.5929 	DATA 	Keypress: h
327.7259 	DATA 	Keypress: i
328.0426 	DATA 	Keypress: m
328.1954 	EXP 	New trial (rep=1, index=5): {'leftStreamFlip': False, 'oneTarget': False, 'trialInstructionPos': (0, -1), 'probe': 'both', 'rightStreamFlip': False, 'horizVert': True, 'ISIframes': 2, 'rightResponseFirst': False}
328.2256 	INFO 	numtrials=360 and this trialDurFrames=5 or 83.3333333333 ms  task=T1
329.3583 	EXP 	window1: recordFrameIntervals = False
329.3666 	INFO 	Mouse: using default window
332.6425 	DATA 	Keypress: w
332.8930 	DATA 	Keypress: a
333.0593 	DATA 	Keypress: y
333.9427 	DATA 	Keypress: h
334.1261 	DATA 	Keypress: a
334.4936 	DATA 	Keypress: m
334.6568 	EXP 	New trial (rep=1, index=6): {'leftStreamFlip': False, 'oneTarget': False, 'trialInstructionPos': (0, -1), 'probe': 'both', 'rightStreamFlip': False, 'horizVert': True, 'ISIframes': 2, 'rightResponseFirst': True}
334.6747 	INFO 	numtrials=360 and this trialDurFrames=5 or 83.3333333333 ms  task=T1
335.8252 	EXP 	window1: recordFrameIntervals = False
335.8335 	INFO 	Mouse: using default window
337.7926 	DATA 	Keypress: n
337.9258 	DATA 	Keypress: o
338.0592 	DATA 	Keypress: w
339.0093 	DATA 	Keypress: c
339.1258 	DATA 	Keypress: a
339.2425 	DATA 	Keypress: t
339.3941 	EXP 	New trial (rep=1, index=7): {'leftStreamFlip': False, 'oneTarget': False, 'trialInstructionPos': (0, -1), 'probe': 'both', 'rightStreamFlip': False, 'horizVert': True, 'ISIframes': 2, 'rightResponseFirst': False}
339.4085 	INFO 	numtrials=360 and this trialDurFrames=5 or 83.3333333333 ms  task=T1
340.4421 	EXP 	window1: recordFrameIntervals = False
340.4500 	INFO 	Mouse: using default window
341.8593 	DATA 	Keypress: n
342.0752 	DATA 	Keypress: e
342.2925 	DATA 	Keypress: w
351.4592 	DATA 	Keypress: n
351.6271 	DATA 	Keypress: e
351.8262 	DATA 	Keypress: w
351.9744 	EXP 	New trial (rep=1, index=8): {'leftStreamFlip': False, 'oneTarget': False, 'trialInstructionPos': (0, 1), 'probe': 'both', 'rightStreamFlip': False, 'horizVert': True, 'ISIframes': 2, 'rightResponseFirst': True}
351.9915 	INFO 	numtrials=360 and this trialDurFrames=5 or 83.3333333333 ms  task=T1
353.0085 	EXP 	window1: recordFrameIntervals = False
353.0167 	INFO 	Mouse: using default window
354.5757 	DATA 	Keypress: s
354.8260 	DATA 	Keypress: i
355.0592 	DATA 	Keypress: t
357.9925 	DATA 	Keypress: s
358.1925 	DATA 	Keypress: a
358.2926 	DATA 	Keypress: t
358.4407 	EXP 	New trial (rep=1, index=9): {'leftStreamFlip': False, 'oneTarget': False, 'trialInstructionPos': (0, 1), 'probe': 'both', 'rightStreamFlip': False, 'horizVert': True, 'ISIframes': 2, 'rightResponseFirst': True}
358.4579 	INFO 	numtrials=360 and this trialDurFrames=5 or 83.3333333333 ms  task=T1
358.4628 	DATA 	Keypress: return
359.5251 	EXP 	window1: recordFrameIntervals = False
359.5333 	INFO 	Mouse: using default window
361.2427 	DATA 	Keypress: a
361.9095 	DATA 	Keypress: o
362.8260 	DATA 	Keypress: backspace
363.1093 	DATA 	Keypress: g
363.2926 	DATA 	Keypress: o
364.9096 	DATA 	Keypress: d
365.1592 	DATA 	Keypress: a
365.2928 	DATA 	Keypress: y
365.4414 	EXP 	New trial (rep=1, index=10): {'leftStreamFlip': False, 'oneTarget': False, 'trialInstructionPos': (0, 1), 'probe': 'both', 'rightStreamFlip': False, 'horizVert': True, 'ISIframes': 2, 'rightResponseFirst': False}
365.4583 	INFO 	numtrials=360 and this trialDurFrames=5 or 83.3333333333 ms  task=T1
366.6758 	EXP 	window1: recordFrameIntervals = False
366.6829 	INFO 	Mouse: using default window
370.3425 	DATA 	Keypress: d
370.6260 	DATA 	Keypress: i
370.7593 	DATA 	Keypress: p
371.9425 	DATA 	Keypress: z
372.0930 	DATA 	Keypress: i
372.3426 	DATA 	Keypress: p
372.4896 	EXP 	New trial (rep=1, index=11): {'leftStreamFlip': False, 'oneTarget': True, 'trialInstructionPos': (0, -1), 'probe': 'both', 'rightStreamFlip': False, 'horizVert': True, 'ISIframes': 2, 'rightResponseFirst': True}
372.5079 	INFO 	numtrials=360 and this trialDurFrames=5 or 83.3333333333 ms  task=T1
373.7416 	EXP 	window1: recordFrameIntervals = False
373.7503 	INFO 	Mouse: using default window
375.1259 	DATA 	Keypress: w
375.2593 	DATA 	Keypress: e
375.4259 	DATA 	Keypress: b
375.5705 	EXP 	New trial (rep=2, index=0): {'leftStreamFlip': False, 'oneTarget': True, 'trialInstructionPos': (0, 1), 'probe': 'both', 'rightStreamFlip': False, 'horizVert': True, 'ISIframes': 2, 'rightResponseFirst': True}
375.5914 	INFO 	numtrials=360 and this trialDurFrames=5 or 83.3333333333 ms  task=T1
376.7254 	EXP 	window1: recordFrameIntervals = False
376.7342 	INFO 	Mouse: using default window
378.0430 	DATA 	Keypress: w
378.1590 	DATA 	Keypress: e
378.3425 	DATA 	Keypress: e
378.4859 	EXP 	New trial (rep=2, index=1): {'leftStreamFlip': False, 'oneTarget': False, 'trialInstructionPos': (0, 1), 'probe': 'both', 'rightStreamFlip': False, 'horizVert': True, 'ISIframes': 2, 'rightResponseFirst': True}
378.5078 	INFO 	numtrials=360 and this trialDurFrames=5 or 83.3333333333 ms  task=T1
379.5085 	EXP 	window1: recordFrameIntervals = False
379.5166 	INFO 	Mouse: using default window
381.2760 	DATA 	Keypress: r
381.6759 	DATA 	Keypress: a
382.0593 	DATA 	Keypress: w
383.6258 	DATA 	Keypress: s
383.8428 	DATA 	Keypress: a
384.0763 	DATA 	Keypress: w
384.2230 	EXP 	New trial (rep=2, index=2): {'leftStreamFlip': False, 'oneTarget': False, 'trialInstructionPos': (0, 1), 'probe': 'both', 'rightStreamFlip': False, 'horizVert': True, 'ISIframes': 2, 'rightResponseFirst': True}
384.2414 	INFO 	numtrials=360 and this trialDurFrames=5 or 83.3333333333 ms  task=T1
385.4251 	EXP 	window1: recordFrameIntervals = False
385.4334 	INFO 	Mouse: using default window
386.7927 	DATA 	Keypress: p
386.9593 	DATA 	Keypress: e
387.2428 	DATA 	Keypress: t
388.7092 	DATA 	Keypress: s
388.9097 	DATA 	Keypress: e
389.0259 	DATA 	Keypress: t
389.1738 	EXP 	New trial (rep=2, index=3): {'leftStreamFlip': False, 'oneTarget': True, 'trialInstructionPos': (0, 1), 'probe': 'both', 'rightStreamFlip': False, 'horizVert': True, 'ISIframes': 2, 'rightResponseFirst': False}
389.1914 	INFO 	numtrials=360 and this trialDurFrames=5 or 83.3333333333 ms  task=T1
390.3924 	EXP 	window1: recordFrameIntervals = False
390.4008 	INFO 	Mouse: using default window
391.5926 	DATA 	Keypress: d
391.7096 	DATA 	Keypress: i
391.8094 	DATA 	Keypress: e
391.9622 	EXP 	New trial (rep=2, index=4): {'leftStreamFlip': False, 'oneTarget': True, 'trialInstructionPos': (0, -1), 'probe': 'both', 'rightStreamFlip': False, 'horizVert': True, 'ISIframes': 2, 'rightResponseFirst': False}
391.9742 	INFO 	numtrials=360 and this trialDurFrames=5 or 83.3333333333 ms  task=T1
393.0925 	EXP 	window1: recordFrameIntervals = False
393.1000 	INFO 	Mouse: using default window
396.2926 	DATA 	Keypress: e
396.4258 	DATA 	Keypress: y
396.4769 	DATA 	Keypress: e
396.6348 	EXP 	New trial (rep=2, index=5): {'leftStreamFlip': False, 'oneTarget': False, 'trialInstructionPos': (0, 1), 'probe': 'both', 'rightStreamFlip': False, 'horizVert': True, 'ISIframes': 2, 'rightResponseFirst': False}
396.6578 	INFO 	numtrials=360 and this trialDurFrames=5 or 83.3333333333 ms  task=T1
397.6591 	EXP 	window1: recordFrameIntervals = False
397.6668 	INFO 	Mouse: using default window
399.7432 	DATA 	Keypress: o
399.9592 	DATA 	Keypress: w
400.1260 	DATA 	Keypress: n
401.1594 	DATA 	Keypress: b
401.2769 	DATA 	Keypress: a
401.4925 	DATA 	Keypress: d
401.6390 	EXP 	New trial (rep=2, index=6): {'leftStreamFlip': False, 'oneTarget': False, 'trialInstructionPos': (0, -1), 'probe': 'both', 'rightStreamFlip': False, 'horizVert': True, 'ISIframes': 2, 'rightResponseFirst': False}
401.6580 	INFO 	numtrials=360 and this trialDurFrames=5 or 83.3333333333 ms  task=T1
402.8927 	EXP 	window1: recordFrameIntervals = False
402.9014 	INFO 	Mouse: using default window
406.7928 	DATA 	Keypress: t
407.0090 	DATA 	Keypress: o
407.4093 	DATA 	Keypress: p
408.4426 	DATA 	Keypress: e
408.7094 	DATA 	Keypress: a
408.8593 	DATA 	Keypress: t
409.0045 	EXP 	New trial (rep=2, index=7): {'leftStreamFlip': False, 'oneTarget': False, 'trialInstructionPos': (0, -1), 'probe': 'both', 'rightStreamFlip': False, 'horizVert': True, 'ISIframes': 2, 'rightResponseFirst': True}
409.0246 	INFO 	numtrials=360 and this trialDurFrames=5 or 83.3333333333 ms  task=T1
410.1424 	EXP 	window1: recordFrameIntervals = False
410.1508 	INFO 	Mouse: using default window
412.5593 	DATA 	Keypress: c
412.8427 	DATA 	Keypress: u
413.1441 	DATA 	Keypress: t
416.0427 	DATA 	Keypress: c
416.4761 	DATA 	Keypress: u
417.2420 	DATA 	Keypress: p
417.3901 	EXP 	New trial (rep=2, index=8): {'leftStreamFlip': False, 'oneTarget': False, 'trialInstructionPos': (0, -1), 'probe': 'both', 'rightStreamFlip': False, 'horizVert': True, 'ISIframes': 2, 'rightResponseFirst': True}
417.4080 	INFO 	numtrials=360 and this trialDurFrames=5 or 83.3333333333 ms  task=T1
418.4918 	EXP 	window1: recordFrameIntervals = False
418.4999 	INFO 	Mouse: using default window
422.6760 	DATA 	Keypress: s
422.8933 	DATA 	Keypress: a
423.1259 	DATA 	Keypress: w
423.9261 	DATA 	Keypress: s
424.1259 	DATA 	Keypress: a
424.3260 	DATA 	Keypress: w
424.4740 	EXP 	New trial (rep=2, index=9): {'leftStreamFlip': False, 'oneTarget': False, 'trialInstructionPos': (0, -1), 'probe': 'both', 'rightStreamFlip': False, 'horizVert': True, 'ISIframes': 2, 'rightResponseFirst': False}
424.4912 	INFO 	numtrials=360 and this trialDurFrames=5 or 83.3333333333 ms  task=T1
425.5750 	EXP 	window1: recordFrameIntervals = False
425.5833 	INFO 	Mouse: using default window
432.7759 	DATA 	Keypress: p
433.0257 	DATA 	Keypress: i
433.2586 	DATA 	Keypress: g
433.8427 	DATA 	Keypress: p
434.1097 	DATA 	Keypress: i
434.3092 	DATA 	Keypress: g
434.4596 	EXP 	New trial (rep=2, index=10): {'leftStreamFlip': False, 'oneTarget': True, 'trialInstructionPos': (0, -1), 'probe': 'both', 'rightStreamFlip': False, 'horizVert': True, 'ISIframes': 2, 'rightResponseFirst': True}
434.4750 	INFO 	numtrials=360 and this trialDurFrames=5 or 83.3333333333 ms  task=T1
435.7084 	EXP 	window1: recordFrameIntervals = False
435.7171 	INFO 	Mouse: using default window
437.0258 	DATA 	Keypress: p
437.3592 	DATA 	Keypress: e
437.5760 	DATA 	Keypress: t
437.7178 	EXP 	New trial (rep=2, index=11): {'leftStreamFlip': False, 'oneTarget': False, 'trialInstructionPos': (0, 1), 'probe': 'both', 'rightStreamFlip': False, 'horizVert': True, 'ISIframes': 2, 'rightResponseFirst': False}
437.7413 	INFO 	numtrials=360 and this trialDurFrames=5 or 83.3333333333 ms  task=T1
438.9419 	EXP 	window1: recordFrameIntervals = False
438.9500 	INFO 	Mouse: using default window
440.8092 	DATA 	Keypress: d
440.9426 	DATA 	Keypress: o
441.1260 	DATA 	Keypress: g
442.1097 	DATA 	Keypress: f
442.3426 	DATA 	Keypress: e
442.4759 	DATA 	Keypress: e
442.6211 	EXP 	New trial (rep=3, index=0): {'leftStreamFlip': False, 'oneTarget': False, 'trialInstructionPos': (0, -1), 'probe': 'both', 'rightStreamFlip': False, 'horizVert': True, 'ISIframes': 2, 'rightResponseFirst': True}
442.6415 	INFO 	numtrials=360 and this trialDurFrames=5 or 83.3333333333 ms  task=T1
443.8085 	EXP 	window1: recordFrameIntervals = False
443.8165 	INFO 	Mouse: using default window
445.2096 	DATA 	Keypress: comma
445.8759 	DATA 	Keypress: backspace
446.3595 	DATA 	Keypress: m
446.8759 	DATA 	Keypress: a
447.0758 	DATA 	Keypress: n
448.1260 	DATA 	Keypress: p
448.4259 	DATA 	Keypress: e
448.8091 	DATA 	Keypress: t
448.9563 	EXP 	New trial (rep=3, index=1): {'leftStreamFlip': False, 'oneTarget': True, 'trialInstructionPos': (0, -1), 'probe': 'both', 'rightStreamFlip': False, 'horizVert': True, 'ISIframes': 2, 'rightResponseFirst': False}
448.9750 	INFO 	numtrials=360 and this trialDurFrames=5 or 83.3333333333 ms  task=T1
450.0258 	EXP 	window1: recordFrameIntervals = False
450.0335 	INFO 	Mouse: using default window
451.1760 	DATA 	Keypress: f
451.2925 	DATA 	Keypress: a
451.4259 	DATA 	Keypress: t
451.5684 	EXP 	New trial (rep=3, index=2): {'leftStreamFlip': False, 'oneTarget': False, 'trialInstructionPos': (0, 1), 'probe': 'both', 'rightStreamFlip': False, 'horizVert': True, 'ISIframes': 2, 'rightResponseFirst': False}
451.5915 	INFO 	numtrials=360 and this trialDurFrames=5 or 83.3333333333 ms  task=T1
452.6917 	EXP 	window1: recordFrameIntervals = False
452.6997 	INFO 	Mouse: using default window
455.2091 	DATA 	Keypress: p
455.5091 	DATA 	Keypress: u
455.6929 	DATA 	Keypress: b
456.9593 	DATA 	Keypress: r
457.0760 	DATA 	Keypress: u
457.1926 	DATA 	Keypress: b
457.3391 	EXP 	New trial (rep=3, index=3): {'leftStreamFlip': False, 'oneTarget': False, 'trialInstructionPos': (0, 1), 'probe': 'both', 'rightStreamFlip': False, 'horizVert': True, 'ISIframes': 2, 'rightResponseFirst': True}
457.3579 	INFO 	numtrials=360 and this trialDurFrames=5 or 83.3333333333 ms  task=T1
458.5422 	EXP 	window1: recordFrameIntervals = False
458.5503 	INFO 	Mouse: using default window
461.2260 	DATA 	Keypress: s
461.3927 	DATA 	Keypress: i
461.5594 	DATA 	Keypress: t
462.2092 	DATA 	Keypress: r
462.4429 	DATA 	Keypress: u
462.6758 	DATA 	Keypress: g
462.8219 	EXP 	New trial (rep=3, index=4): {'leftStreamFlip': False, 'oneTarget': True, 'trialInstructionPos': (0, 1), 'probe': 'both', 'rightStreamFlip': False, 'horizVert': True, 'ISIframes': 2, 'rightResponseFirst': True}
462.8414 	INFO 	numtrials=360 and this trialDurFrames=5 or 83.3333333333 ms  task=T1
463.9753 	EXP 	window1: recordFrameIntervals = False
463.9833 	INFO 	Mouse: using default window
465.0929 	DATA 	Keypress: h
465.2594 	DATA 	Keypress: a
465.3432 	DATA 	Keypress: s
465.4901 	EXP 	New trial (rep=3, index=5): {'leftStreamFlip': False, 'oneTarget': True, 'trialInstructionPos': (0, 1), 'probe': 'both', 'rightStreamFlip': False, 'horizVert': True, 'ISIframes': 2, 'rightResponseFirst': False}
465.5078 	INFO 	numtrials=360 and this trialDurFrames=5 or 83.3333333333 ms  task=T1
466.5252 	EXP 	window1: recordFrameIntervals = False
466.5334 	INFO 	Mouse: using default window
467.4924 	DATA 	Keypress: w
467.6932 	DATA 	Keypress: a
467.8426 	DATA 	Keypress: r
467.9844 	EXP 	New trial (rep=3, index=6): {'leftStreamFlip': False, 'oneTarget': False, 'trialInstructionPos': (0, -1), 'probe': 'both', 'rightStreamFlip': False, 'horizVert': True, 'ISIframes': 2, 'rightResponseFirst': False}
468.0077 	INFO 	numtrials=360 and this trialDurFrames=5 or 83.3333333333 ms  task=T1
469.2081 	EXP 	window1: recordFrameIntervals = False
469.2163 	INFO 	Mouse: using default window
471.3103 	DATA 	Keypress: o
472.0259 	DATA 	Keypress: backspace
472.3758 	DATA 	Keypress: p
472.6426 	DATA 	Keypress: i
472.9759 	DATA 	Keypress: e
473.3098 	DATA 	Keypress: return
474.5928 	DATA 	Keypress: w
475.5925 	DATA 	Keypress: backspace
475.7588 	DATA 	Keypress: backspace
475.9597 	DATA 	Keypress: backspace
476.1263 	DATA 	Keypress: backspace
476.2928 	DATA 	Keypress: backspace
478.9589 	DATA 	Keypress: e
479.0593 	DATA 	Keypress: y
479.1262 	DATA 	Keypress: e
479.2797 	EXP 	New trial (rep=3, index=7): {'leftStreamFlip': False, 'oneTarget': False, 'trialInstructionPos': (0, 1), 'probe': 'both', 'rightStreamFlip': False, 'horizVert': True, 'ISIframes': 2, 'rightResponseFirst': True}
479.3092 	INFO 	numtrials=360 and this trialDurFrames=5 or 83.3333333333 ms  task=T1
480.3584 	EXP 	window1: recordFrameIntervals = False
480.3667 	INFO 	Mouse: using default window
482.3093 	DATA 	Keypress: k
482.4769 	DATA 	Keypress: i
482.6595 	DATA 	Keypress: d
483.6427 	DATA 	Keypress: a
483.8259 	DATA 	Keypress: g
484.0092 	DATA 	Keypress: e
484.1566 	EXP 	New trial (rep=3, index=8): {'leftStreamFlip': False, 'oneTarget': False, 'trialInstructionPos': (0, 1), 'probe': 'both', 'rightStreamFlip': False, 'horizVert': True, 'ISIframes': 2, 'rightResponseFirst': False}
484.1751 	INFO 	numtrials=360 and this trialDurFrames=5 or 83.3333333333 ms  task=T1
485.2757 	EXP 	window1: recordFrameIntervals = False
485.2834 	INFO 	Mouse: using default window
487.2426 	DATA 	Keypress: m
487.7427 	DATA 	Keypress: backspace
488.0769 	DATA 	Keypress: l
488.3929 	DATA 	Keypress: backspace
488.7256 	DATA 	Keypress: k
488.8931 	DATA 	Keypress: i
489.1259 	DATA 	Keypress: l
489.2762 	DATA 	Keypress: l
490.3591 	DATA 	Keypress: backspace
491.6093 	DATA 	Keypress: m
491.8259 	DATA 	Keypress: a
492.6926 	DATA 	Keypress: d
492.8431 	EXP 	New trial (rep=3, index=9): {'leftStreamFlip': False, 'oneTarget': True, 'trialInstructionPos': (0, -1), 'probe': 'both', 'rightStreamFlip': False, 'horizVert': True, 'ISIframes': 2, 'rightResponseFirst': True}
492.8586 	INFO 	numtrials=360 and this trialDurFrames=5 or 83.3333333333 ms  task=T1
493.8924 	EXP 	window1: recordFrameIntervals = False
493.8996 	INFO 	Mouse: using default window
494.8928 	DATA 	Keypress: p
495.0592 	DATA 	Keypress: o
495.5426 	DATA 	Keypress: p
495.6863 	EXP 	New trial (rep=3, index=10): {'leftStreamFlip': False, 'oneTarget': False, 'trialInstructionPos': (0, -1), 'probe': 'both', 'rightStreamFlip': False, 'horizVert': True, 'ISIframes': 2, 'rightResponseFirst': False}
495.7080 	INFO 	numtrials=360 and this trialDurFrames=5 or 83.3333333333 ms  task=T1
496.9085 	EXP 	window1: recordFrameIntervals = False
496.9168 	INFO 	Mouse: using default window
500.5260 	DATA 	Keypress: c
500.6920 	DATA 	Keypress: o
501.0087 	DATA 	Keypress: l
501.1092 	DATA 	Keypress: d
501.9756 	DATA 	Keypress: backspace
503.0928 	DATA 	Keypress: f
503.1927 	DATA 	Keypress: l
503.4421 	DATA 	Keypress: u
503.5893 	EXP 	New trial (rep=3, index=11): {'leftStreamFlip': False, 'oneTarget': False, 'trialInstructionPos': (0, -1), 'probe': 'both', 'rightStreamFlip': False, 'horizVert': True, 'ISIframes': 2, 'rightResponseFirst': True}
503.6081 	INFO 	numtrials=360 and this trialDurFrames=5 or 83.3333333333 ms  task=T1
504.6251 	EXP 	window1: recordFrameIntervals = False
504.6333 	INFO 	Mouse: using default window
507.6594 	DATA 	Keypress: f
507.9927 	DATA 	Keypress: i
508.3426 	DATA 	Keypress: x
511.1928 	DATA 	Keypress: m
511.4927 	DATA 	Keypress: i
511.6425 	DATA 	Keypress: x
511.7878 	EXP 	New trial (rep=4, index=0): {'leftStreamFlip': False, 'oneTarget': True, 'trialInstructionPos': (0, -1), 'probe': 'both', 'rightStreamFlip': False, 'horizVert': True, 'ISIframes': 2, 'rightResponseFirst': False}
511.8082 	INFO 	numtrials=360 and this trialDurFrames=5 or 83.3333333333 ms  task=T1
512.8757 	EXP 	window1: recordFrameIntervals = False
512.8837 	INFO 	Mouse: using default window
514.5926 	DATA 	Keypress: w
514.8595 	DATA 	Keypress: a
515.0928 	DATA 	Keypress: r
515.2353 	EXP 	New trial (rep=4, index=1): {'leftStreamFlip': False, 'oneTarget': False, 'trialInstructionPos': (0, 1), 'probe': 'both', 'rightStreamFlip': False, 'horizVert': True, 'ISIframes': 2, 'rightResponseFirst': True}
515.2578 	INFO 	numtrials=360 and this trialDurFrames=5 or 83.3333333333 ms  task=T1
516.4257 	EXP 	window1: recordFrameIntervals = False
516.4333 	INFO 	Mouse: using default window
518.6093 	DATA 	Keypress: m
518.7757 	DATA 	Keypress: e
518.9427 	DATA 	Keypress: n
520.5921 	DATA 	Keypress: w
521.3256 	DATA 	Keypress: a
521.5423 	DATA 	Keypress: s
521.6911 	EXP 	New trial (rep=4, index=2): {'leftStreamFlip': False, 'oneTarget': True, 'trialInstructionPos': (0, 1), 'probe': 'both', 'rightStreamFlip': False, 'horizVert': True, 'ISIframes': 2, 'rightResponseFirst': False}
521.7078 	INFO 	numtrials=360 and this trialDurFrames=5 or 83.3333333333 ms  task=T1
522.9250 	EXP 	window1: recordFrameIntervals = False
522.9327 	INFO 	Mouse: using default window
523.8756 	DATA 	Keypress: h
524.0929 	DATA 	Keypress: a
524.2426 	DATA 	Keypress: d
524.3860 	EXP 	New trial (rep=4, index=3): {'leftStreamFlip': False, 'oneTarget': False, 'trialInstructionPos': (0, 1), 'probe': 'both', 'rightStreamFlip': False, 'horizVert': True, 'ISIframes': 2, 'rightResponseFirst': False}
524.4074 	INFO 	numtrials=360 and this trialDurFrames=5 or 83.3333333333 ms  task=T1
525.5251 	EXP 	window1: recordFrameIntervals = False
525.5334 	INFO 	Mouse: using default window
528.0094 	DATA 	Keypress: m
528.1095 	DATA 	Keypress: e
528.2759 	DATA 	Keypress: n
529.0092 	DATA 	Keypress: s
529.2092 	DATA 	Keypress: h
529.3926 	DATA 	Keypress: e
529.5428 	EXP 	New trial (rep=4, index=4): {'leftStreamFlip': False, 'oneTarget': True, 'trialInstructionPos': (0, 1), 'probe': 'both', 'rightStreamFlip': False, 'horizVert': True, 'ISIframes': 2, 'rightResponseFirst': True}
529.5581 	INFO 	numtrials=360 and this trialDurFrames=5 or 83.3333333333 ms  task=T1
530.6919 	EXP 	window1: recordFrameIntervals = False
530.7000 	INFO 	Mouse: using default window
531.8420 	DATA 	Keypress: p
532.0088 	DATA 	Keypress: a
532.2753 	DATA 	Keypress: n
532.4164 	EXP 	New trial (rep=4, index=5): {'leftStreamFlip': False, 'oneTarget': False, 'trialInstructionPos': (0, 1), 'probe': 'both', 'rightStreamFlip': False, 'horizVert': True, 'ISIframes': 2, 'rightResponseFirst': True}
532.4414 	INFO 	numtrials=360 and this trialDurFrames=5 or 83.3333333333 ms  task=T1
533.5750 	EXP 	window1: recordFrameIntervals = False
533.5829 	INFO 	Mouse: using default window
535.8423 	DATA 	Keypress: a
538.0755 	DATA 	Keypress: l
538.3420 	DATA 	Keypress: l
538.9926 	DATA 	Keypress: a
539.1428 	DATA 	Keypress: l
539.2930 	DATA 	Keypress: l
539.4408 	EXP 	New trial (rep=4, index=6): {'leftStreamFlip': False, 'oneTarget': False, 'trialInstructionPos': (0, -1), 'probe': 'both', 'rightStreamFlip': False, 'horizVert': True, 'ISIframes': 2, 'rightResponseFirst': False}
539.4581 	INFO 	numtrials=360 and this trialDurFrames=5 or 83.3333333333 ms  task=T1
540.5091 	EXP 	window1: recordFrameIntervals = False
540.5170 	INFO 	Mouse: using default window
542.2928 	DATA 	Keypress: j
542.5427 	DATA 	Keypress: a
542.7928 	DATA 	Keypress: w
546.1098 	DATA 	Keypress: a
546.1432 	DATA 	Keypress: j
547.0592 	DATA 	Keypress: backspace
547.2259 	DATA 	Keypress: backspace
547.4594 	DATA 	Keypress: j
547.6094 	DATA 	Keypress: a
547.7759 	DATA 	Keypress: w
547.9256 	EXP 	New trial (rep=4, index=7): {'leftStreamFlip': False, 'oneTarget': True, 'trialInstructionPos': (0, -1), 'probe': 'both', 'rightStreamFlip': False, 'horizVert': True, 'ISIframes': 2, 'rightResponseFirst': True}
547.9415 	INFO 	numtrials=360 and this trialDurFrames=5 or 83.3333333333 ms  task=T1
549.0918 	EXP 	window1: recordFrameIntervals = False
549.1000 	INFO 	Mouse: using default window
550.8595 	DATA 	Keypress: f
551.1595 	DATA 	Keypress: a
551.5093 	DATA 	Keypress: x
551.6522 	EXP 	New trial (rep=4, index=8): {'leftStreamFlip': False, 'oneTarget': False, 'trialInstructionPos': (0, 1), 'probe': 'both', 'rightStreamFlip': False, 'horizVert': True, 'ISIframes': 2, 'rightResponseFirst': False}
551.6751 	INFO 	numtrials=360 and this trialDurFrames=5 or 83.3333333333 ms  task=T1
552.7925 	EXP 	window1: recordFrameIntervals = False
552.8000 	INFO 	Mouse: using default window
554.2928 	DATA 	Keypress: o
555.3923 	DATA 	Keypress: u
555.6092 	DATA 	Keypress: t
557.2771 	DATA 	Keypress: o
557.4928 	DATA 	Keypress: u
557.6258 	DATA 	Keypress: t
557.7716 	EXP 	New trial (rep=4, index=9): {'leftStreamFlip': False, 'oneTarget': False, 'trialInstructionPos': (0, -1), 'probe': 'both', 'rightStreamFlip': False, 'horizVert': True, 'ISIframes': 2, 'rightResponseFirst': True}
557.7914 	INFO 	numtrials=360 and this trialDurFrames=5 or 83.3333333333 ms  task=T1
558.9418 	EXP 	window1: recordFrameIntervals = False
558.9495 	INFO 	Mouse: using default window
560.3927 	DATA 	Keypress: m
560.5595 	DATA 	Keypress: a
560.7426 	DATA 	Keypress: d
561.8259 	DATA 	Keypress: f
562.1260 	DATA 	Keypress: i
562.3594 	DATA 	Keypress: x
562.5062 	EXP 	New trial (rep=4, index=10): {'leftStreamFlip': False, 'oneTarget': False, 'trialInstructionPos': (0, -1), 'probe': 'both', 'rightStreamFlip': False, 'horizVert': True, 'ISIframes': 2, 'rightResponseFirst': True}
562.5251 	INFO 	numtrials=360 and this trialDurFrames=5 or 83.3333333333 ms  task=T1
563.5584 	EXP 	window1: recordFrameIntervals = False
563.5668 	INFO 	Mouse: using default window
565.8087 	DATA 	Keypress: r
566.1255 	DATA 	Keypress: a
566.3086 	DATA 	Keypress: y
573.9427 	DATA 	Keypress: s
574.0931 	DATA 	Keypress: u
574.4927 	DATA 	Keypress: n
574.6384 	EXP 	New trial (rep=4, index=11): {'leftStreamFlip': False, 'oneTarget': False, 'trialInstructionPos': (0, -1), 'probe': 'both', 'rightStreamFlip': False, 'horizVert': True, 'ISIframes': 2, 'rightResponseFirst': False}
574.6579 	INFO 	numtrials=360 and this trialDurFrames=5 or 83.3333333333 ms  task=T1
575.7751 	EXP 	window1: recordFrameIntervals = False
575.7833 	INFO 	Mouse: using default window
577.7756 	DATA 	Keypress: f
577.9760 	DATA 	Keypress: r
578.1261 	DATA 	Keypress: y
578.8427 	DATA 	Keypress: p
579.0095 	DATA 	Keypress: a
579.1754 	DATA 	Keypress: n
579.3213 	EXP 	New trial (rep=5, index=0): {'leftStreamFlip': False, 'oneTarget': False, 'trialInstructionPos': (0, -1), 'probe': 'both', 'rightStreamFlip': False, 'horizVert': True, 'ISIframes': 2, 'rightResponseFirst': False}
579.3415 	INFO 	numtrials=360 and this trialDurFrames=5 or 83.3333333333 ms  task=T1
580.3919 	EXP 	window1: recordFrameIntervals = False
580.4001 	INFO 	Mouse: using default window
583.6930 	DATA 	Keypress: g
583.8423 	DATA 	Keypress: i
583.9591 	DATA 	Keypress: g
584.3927 	DATA 	Keypress: g
584.5108 	DATA 	Keypress: i
584.6260 	DATA 	Keypress: g
584.7724 	EXP 	New trial (rep=5, index=1): {'leftStreamFlip': False, 'oneTarget': False, 'trialInstructionPos': (0, 1), 'probe': 'both', 'rightStreamFlip': False, 'horizVert': True, 'ISIframes': 2, 'rightResponseFirst': False}
584.7914 	INFO 	numtrials=360 and this trialDurFrames=5 or 83.3333333333 ms  task=T1
585.8918 	EXP 	window1: recordFrameIntervals = False
585.9001 	INFO 	Mouse: using default window
587.9928 	DATA 	Keypress: o
588.2927 	DATA 	Keypress: u
588.4427 	DATA 	Keypress: t
589.3927 	DATA 	Keypress: g
589.8092 	DATA 	Keypress: e
590.0593 	DATA 	Keypress: t
590.2148 	EXP 	New trial (rep=5, index=2): {'leftStreamFlip': False, 'oneTarget': False, 'trialInstructionPos': (0, 1), 'probe': 'both', 'rightStreamFlip': False, 'horizVert': True, 'ISIframes': 2, 'rightResponseFirst': True}
590.2424 	INFO 	numtrials=360 and this trialDurFrames=4 or 66.6666666667 ms  task=T1
591.3091 	EXP 	window1: recordFrameIntervals = False
591.3172 	INFO 	Mouse: using default window
592.7429 	DATA 	Keypress: b
593.0593 	DATA 	Keypress: a
593.3101 	DATA 	Keypress: d
600.4594 	DATA 	Keypress: m
600.6592 	DATA 	Keypress: a
600.8761 	DATA 	Keypress: d
601.0241 	EXP 	New trial (rep=5, index=3): {'leftStreamFlip': False, 'oneTarget': False, 'trialInstructionPos': (0, -1), 'probe': 'both', 'rightStreamFlip': False, 'horizVert': True, 'ISIframes': 2, 'rightResponseFirst': False}
601.0414 	INFO 	numtrials=360 and this trialDurFrames=4 or 66.6666666667 ms  task=T1
602.2421 	EXP 	window1: recordFrameIntervals = False
602.2500 	INFO 	Mouse: using default window
604.8771 	DATA 	Keypress: f
605.1424 	DATA 	Keypress: i
605.3431 	DATA 	Keypress: t
606.3284 	DATA 	Keypress: a
606.5097 	DATA 	Keypress: l
606.6595 	DATA 	Keypress: l
606.8183 	EXP 	New trial (rep=5, index=4): {'leftStreamFlip': False, 'oneTarget': True, 'trialInstructionPos': (0, 1), 'probe': 'both', 'rightStreamFlip': False, 'horizVert': True, 'ISIframes': 2, 'rightResponseFirst': False}
606.8413 	INFO 	numtrials=360 and this trialDurFrames=5 or 83.3333333333 ms  task=T1
607.9752 	EXP 	window1: recordFrameIntervals = False
607.9835 	INFO 	Mouse: using default window
609.1094 	DATA 	Keypress: j
609.2771 	DATA 	Keypress: o
609.5930 	DATA 	Keypress: y
609.7337 	EXP 	New trial (rep=5, index=5): {'leftStreamFlip': False, 'oneTarget': False, 'trialInstructionPos': (0, 1), 'probe': 'both', 'rightStreamFlip': False, 'horizVert': True, 'ISIframes': 2, 'rightResponseFirst': True}
609.7580 	INFO 	numtrials=360 and this trialDurFrames=5 or 83.3333333333 ms  task=T1
610.9251 	EXP 	window1: recordFrameIntervals = False
610.9334 	INFO 	Mouse: using default window
612.7260 	DATA 	Keypress: o
613.0593 	DATA 	Keypress: d
613.2595 	DATA 	Keypress: d
613.6429 	DATA 	Keypress: j
613.7598 	DATA 	Keypress: o
614.1096 	DATA 	Keypress: g
614.2673 	EXP 	New trial (rep=5, index=6): {'leftStreamFlip': False, 'oneTarget': True, 'trialInstructionPos': (0, -1), 'probe': 'both', 'rightStreamFlip': False, 'horizVert': True, 'ISIframes': 2, 'rightResponseFirst': False}
614.2914 	INFO 	numtrials=360 and this trialDurFrames=4 or 66.6666666667 ms  task=T1
615.4092 	EXP 	window1: recordFrameIntervals = False
615.4167 	INFO 	Mouse: using default window
617.0428 	DATA 	Keypress: r
617.3761 	DATA 	Keypress: o
618.1259 	DATA 	Keypress: b
618.2693 	EXP 	New trial (rep=5, index=7): {'leftStreamFlip': False, 'oneTarget': False, 'trialInstructionPos': (0, -1), 'probe': 'both', 'rightStreamFlip': False, 'horizVert': True, 'ISIframes': 2, 'rightResponseFirst': True}
618.2914 	INFO 	numtrials=360 and this trialDurFrames=4 or 66.6666666667 ms  task=T1
619.3751 	EXP 	window1: recordFrameIntervals = False
619.3835 	INFO 	Mouse: using default window
622.4261 	DATA 	Keypress: f
623.0428 	DATA 	Keypress: i
623.1426 	DATA 	Keypress: x
623.9593 	DATA 	Keypress: p
624.1761 	DATA 	Keypress: r
624.8095 	DATA 	Keypress: o
624.9552 	EXP 	New trial (rep=5, index=8): {'leftStreamFlip': False, 'oneTarget': True, 'trialInstructionPos': (0, 1), 'probe': 'both', 'rightStreamFlip': False, 'horizVert': True, 'ISIframes': 2, 'rightResponseFirst': True}
624.9750 	INFO 	numtrials=360 and this trialDurFrames=4 or 66.6666666667 ms  task=T1
626.1592 	EXP 	window1: recordFrameIntervals = False
626.1674 	INFO 	Mouse: using default window
627.0927 	DATA 	Keypress: s
627.3426 	DATA 	Keypress: h
627.4259 	DATA 	Keypress: y
627.5700 	EXP 	New trial (rep=5, index=9): {'leftStreamFlip': False, 'oneTarget': False, 'trialInstructionPos': (0, 1), 'probe': 'both', 'rightStreamFlip': False, 'horizVert': True, 'ISIframes': 2, 'rightResponseFirst': False}
627.5914 	INFO 	numtrials=360 and this trialDurFrames=4 or 66.6666666667 ms  task=T1
628.6591 	EXP 	window1: recordFrameIntervals = False
628.6667 	INFO 	Mouse: using default window
630.7758 	DATA 	Keypress: h
630.8770 	DATA 	Keypress: i
631.7255 	DATA 	Keypress: backspace
631.9428 	DATA 	Keypress: backspace
634.2595 	DATA 	Keypress: h
634.3593 	DATA 	Keypress: i
634.4770 	DATA 	Keypress: d
634.7430 	DATA 	Keypress: h
634.8593 	DATA 	Keypress: i
635.0259 	DATA 	Keypress: d
635.1747 	EXP 	New trial (rep=5, index=10): {'leftStreamFlip': False, 'oneTarget': False, 'trialInstructionPos': (0, -1), 'probe': 'both', 'rightStreamFlip': False, 'horizVert': True, 'ISIframes': 2, 'rightResponseFirst': True}
635.1914 	INFO 	numtrials=360 and this trialDurFrames=4 or 66.6666666667 ms  task=T1
636.3085 	EXP 	window1: recordFrameIntervals = False
636.3169 	INFO 	Mouse: using default window
637.9920 	DATA 	Keypress: h
638.2254 	DATA 	Keypress: a
638.3587 	DATA 	Keypress: y
639.2594 	DATA 	Keypress: p
639.4429 	DATA 	Keypress: a
640.1260 	DATA 	Keypress: y
640.2779 	EXP 	New trial (rep=5, index=11): {'leftStreamFlip': False, 'oneTarget': True, 'trialInstructionPos': (0, -1), 'probe': 'both', 'rightStreamFlip': False, 'horizVert': True, 'ISIframes': 2, 'rightResponseFirst': True}
640.2908 	INFO 	numtrials=360 and this trialDurFrames=5 or 83.3333333333 ms  task=T1
641.3585 	EXP 	window1: recordFrameIntervals = False
641.3663 	INFO 	Mouse: using default window
642.4260 	DATA 	Keypress: b
642.7423 	DATA 	Keypress: a
642.8760 	DATA 	Keypress: g
643.0197 	EXP 	New trial (rep=6, index=0): {'leftStreamFlip': False, 'oneTarget': True, 'trialInstructionPos': (0, 1), 'probe': 'both', 'rightStreamFlip': False, 'horizVert': True, 'ISIframes': 2, 'rightResponseFirst': True}
643.0412 	INFO 	numtrials=360 and this trialDurFrames=5 or 83.3333333333 ms  task=T1
644.0421 	EXP 	window1: recordFrameIntervals = False
644.0503 	INFO 	Mouse: using default window
644.9260 	DATA 	Keypress: h
645.0426 	DATA 	Keypress: u
645.6093 	DATA 	Keypress: g
645.7513 	EXP 	New trial (rep=6, index=1): {'leftStreamFlip': False, 'oneTarget': False, 'trialInstructionPos': (0, 1), 'probe': 'both', 'rightStreamFlip': False, 'horizVert': True, 'ISIframes': 2, 'rightResponseFirst': False}
645.7743 	INFO 	numtrials=360 and this trialDurFrames=5 or 83.3333333333 ms  task=T1
646.8927 	EXP 	window1: recordFrameIntervals = False
646.9002 	INFO 	Mouse: using default window
647.9261 	DATA 	Keypress: e
648.1097 	DATA 	Keypress: g
648.2594 	DATA 	Keypress: g
648.9093 	DATA 	Keypress: e
649.0928 	DATA 	Keypress: g
649.2593 	DATA 	Keypress: g
649.4045 	EXP 	New trial (rep=6, index=2): {'leftStreamFlip': False, 'oneTarget': False, 'trialInstructionPos': (0, -1), 'probe': 'both', 'rightStreamFlip': False, 'horizVert': True, 'ISIframes': 2, 'rightResponseFirst': True}
649.4250 	INFO 	numtrials=360 and this trialDurFrames=5 or 83.3333333333 ms  task=T1
650.6251 	EXP 	window1: recordFrameIntervals = False
650.6337 	INFO 	Mouse: using default window
652.4259 	DATA 	Keypress: o
652.6259 	DATA 	Keypress: w
652.8093 	DATA 	Keypress: n
652.9428 	DATA 	Keypress: space
654.2595 	DATA 	Keypress: o
654.5761 	DATA 	Keypress: u
654.8429 	DATA 	Keypress: t
654.9893 	EXP 	New trial (rep=6, index=3): {'leftStreamFlip': False, 'oneTarget': False, 'trialInstructionPos': (0, -1), 'probe': 'both', 'rightStreamFlip': False, 'horizVert': True, 'ISIframes': 2, 'rightResponseFirst': False}
655.0079 	INFO 	numtrials=360 and this trialDurFrames=5 or 83.3333333333 ms  task=T1
656.0924 	EXP 	window1: recordFrameIntervals = False
656.1003 	INFO 	Mouse: using default window
660.5255 	DATA 	Keypress: n
660.6921 	DATA 	Keypress: o
661.0587 	DATA 	Keypress: w
661.7755 	DATA 	Keypress: e
662.0773 	DATA 	Keypress: a
662.3594 	DATA 	Keypress: r
662.5077 	EXP 	New trial (rep=6, index=4): {'leftStreamFlip': False, 'oneTarget': False, 'trialInstructionPos': (0, 1), 'probe': 'both', 'rightStreamFlip': False, 'horizVert': True, 'ISIframes': 2, 'rightResponseFirst': False}
662.5249 	INFO 	numtrials=360 and this trialDurFrames=5 or 83.3333333333 ms  task=T1
663.7585 	EXP 	window1: recordFrameIntervals = False
663.7671 	INFO 	Mouse: using default window
667.1426 	DATA 	Keypress: return
668.8931 	DATA 	Keypress: n
669.1095 	DATA 	Keypress: o
669.4426 	DATA 	Keypress: w
670.1758 	DATA 	Keypress: n
670.2754 	DATA 	Keypress: o
670.4254 	DATA 	Keypress: w
670.5731 	EXP 	New trial (rep=6, index=5): {'leftStreamFlip': False, 'oneTarget': False, 'trialInstructionPos': (0, 1), 'probe': 'both', 'rightStreamFlip': False, 'horizVert': True, 'ISIframes': 2, 'rightResponseFirst': True}
670.5914 	INFO 	numtrials=360 and this trialDurFrames=5 or 83.3333333333 ms  task=T1
671.6919 	EXP 	window1: recordFrameIntervals = False
671.7002 	INFO 	Mouse: using default window
673.3431 	DATA 	Keypress: a
673.3927 	DATA 	Keypress: s
673.5762 	DATA 	Keypress: s
679.5430 	DATA 	Keypress: w
680.0587 	DATA 	Keypress: a
680.1755 	DATA 	Keypress: s
680.3189 	EXP 	New trial (rep=6, index=6): {'leftStreamFlip': False, 'oneTarget': False, 'trialInstructionPos': (0, 1), 'probe': 'both', 'rightStreamFlip': False, 'horizVert': True, 'ISIframes': 2, 'rightResponseFirst': True}
680.3415 	INFO 	numtrials=360 and this trialDurFrames=5 or 83.3333333333 ms  task=T1
681.4420 	EXP 	window1: recordFrameIntervals = False
681.4501 	INFO 	Mouse: using default window
683.7600 	DATA 	Keypress: b
683.9427 	DATA 	Keypress: o
684.3088 	DATA 	Keypress: y
689.5595 	DATA 	Keypress: b
690.0262 	DATA 	Keypress: o
690.2428 	DATA 	Keypress: y
690.3894 	EXP 	New trial (rep=6, index=7): {'leftStreamFlip': False, 'oneTarget': False, 'trialInstructionPos': (0, -1), 'probe': 'both', 'rightStreamFlip': False, 'horizVert': True, 'ISIframes': 2, 'rightResponseFirst': False}
690.4079 	INFO 	numtrials=360 and this trialDurFrames=5 or 83.3333333333 ms  task=T1
691.5085 	EXP 	window1: recordFrameIntervals = False
691.5170 	INFO 	Mouse: using default window
693.2607 	DATA 	Keypress: a
693.4927 	DATA 	Keypress: c
693.6093 	DATA 	Keypress: t
694.3261 	DATA 	Keypress: t
694.4770 	DATA 	Keypress: i
694.6927 	DATA 	Keypress: w
694.8410 	EXP 	New trial (rep=6, index=8): {'leftStreamFlip': False, 'oneTarget': True, 'trialInstructionPos': (0, -1), 'probe': 'both', 'rightStreamFlip': False, 'horizVert': True, 'ISIframes': 2, 'rightResponseFirst': False}
694.8582 	INFO 	numtrials=360 and this trialDurFrames=5 or 83.3333333333 ms  task=T1
695.9585 	EXP 	window1: recordFrameIntervals = False
695.9670 	INFO 	Mouse: using default window
697.8593 	DATA 	Keypress: w
698.0932 	DATA 	Keypress: a
698.1761 	DATA 	Keypress: s
698.3190 	EXP 	New trial (rep=6, index=9): {'leftStreamFlip': False, 'oneTarget': False, 'trialInstructionPos': (0, -1), 'probe': 'both', 'rightStreamFlip': False, 'horizVert': True, 'ISIframes': 2, 'rightResponseFirst': True}
698.3413 	INFO 	numtrials=360 and this trialDurFrames=5 or 83.3333333333 ms  task=T1
699.5091 	EXP 	window1: recordFrameIntervals = False
699.5168 	INFO 	Mouse: using default window
700.8610 	DATA 	Keypress: j
701.0093 	DATA 	Keypress: a
701.2595 	DATA 	Keypress: r
702.3927 	DATA 	Keypress: b
702.4931 	DATA 	Keypress: a
702.7428 	DATA 	Keypress: r
702.8892 	EXP 	New trial (rep=6, index=10): {'leftStreamFlip': False, 'oneTarget': True, 'trialInstructionPos': (0, -1), 'probe': 'both', 'rightStreamFlip': False, 'horizVert': True, 'ISIframes': 2, 'rightResponseFirst': True}
702.9079 	INFO 	numtrials=360 and this trialDurFrames=5 or 83.3333333333 ms  task=T1
704.0085 	EXP 	window1: recordFrameIntervals = False
704.0170 	INFO 	Mouse: using default window
704.8931 	DATA 	Keypress: a
705.1095 	DATA 	Keypress: t
705.2094 	DATA 	Keypress: e
705.3506 	EXP 	New trial (rep=6, index=11): {'leftStreamFlip': False, 'oneTarget': True, 'trialInstructionPos': (0, 1), 'probe': 'both', 'rightStreamFlip': False, 'horizVert': True, 'ISIframes': 2, 'rightResponseFirst': False}
705.3748 	INFO 	numtrials=360 and this trialDurFrames=5 or 83.3333333333 ms  task=T1
706.3920 	EXP 	window1: recordFrameIntervals = False
706.4001 	INFO 	Mouse: using default window
707.2587 	DATA 	Keypress: b
707.4260 	DATA 	Keypress: a
707.6932 	DATA 	Keypress: d
707.8368 	EXP 	New trial (rep=7, index=0): {'leftStreamFlip': False, 'oneTarget': False, 'trialInstructionPos': (0, 1), 'probe': 'both', 'rightStreamFlip': False, 'horizVert': True, 'ISIframes': 2, 'rightResponseFirst': False}
707.8580 	INFO 	numtrials=360 and this trialDurFrames=5 or 83.3333333333 ms  task=T1
709.0585 	EXP 	window1: recordFrameIntervals = False
709.0669 	INFO 	Mouse: using default window
710.2255 	DATA 	Keypress: w
710.5089 	DATA 	Keypress: a
711.2927 	DATA 	Keypress: backspace
711.4595 	DATA 	Keypress: backspace
711.7425 	DATA 	Keypress: a
711.9921 	DATA 	Keypress: r
712.1589 	DATA 	Keypress: m
712.9087 	DATA 	Keypress: w
713.1253 	DATA 	Keypress: a
713.3753 	DATA 	Keypress: r
713.5239 	EXP 	New trial (rep=7, index=1): {'leftStreamFlip': False, 'oneTarget': True, 'trialInstructionPos': (0, -1), 'probe': 'both', 'rightStreamFlip': False, 'horizVert': True, 'ISIframes': 2, 'rightResponseFirst': False}
713.5413 	INFO 	numtrials=360 and this trialDurFrames=5 or 83.3333333333 ms  task=T1
714.5753 	EXP 	window1: recordFrameIntervals = False
714.5835 	INFO 	Mouse: using default window
715.6933 	DATA 	Keypress: e
715.8927 	DATA 	Keypress: a
716.4098 	DATA 	Keypress: r
716.5532 	EXP 	New trial (rep=7, index=2): {'leftStreamFlip': False, 'oneTarget': False, 'trialInstructionPos': (0, -1), 'probe': 'both', 'rightStreamFlip': False, 'horizVert': True, 'ISIframes': 2, 'rightResponseFirst': False}
716.5750 	INFO 	numtrials=360 and this trialDurFrames=5 or 83.3333333333 ms  task=T1
717.6251 	EXP 	window1: recordFrameIntervals = False
717.6335 	INFO 	Mouse: using default window
719.6771 	DATA 	Keypress: e
719.9262 	DATA 	Keypress: a
720.2093 	DATA 	Keypress: r
721.3096 	DATA 	Keypress: g
721.7929 	DATA 	Keypress: o
722.0094 	DATA 	Keypress: t
722.1536 	EXP 	New trial (rep=7, index=3): {'leftStreamFlip': False, 'oneTarget': False, 'trialInstructionPos': (0, -1), 'probe': 'both', 'rightStreamFlip': False, 'horizVert': True, 'ISIframes': 2, 'rightResponseFirst': False}
722.1748 	INFO 	numtrials=360 and this trialDurFrames=5 or 83.3333333333 ms  task=T1
723.2586 	EXP 	window1: recordFrameIntervals = False
723.2671 	INFO 	Mouse: using default window
734.0598 	DATA 	Keypress: h
734.2094 	DATA 	Keypress: i
734.3261 	DATA 	Keypress: t
734.6772 	DATA 	Keypress: h
734.7928 	DATA 	Keypress: i
734.8762 	DATA 	Keypress: t
735.0235 	EXP 	New trial (rep=7, index=4): {'leftStreamFlip': False, 'oneTarget': True, 'trialInstructionPos': (0, -1), 'probe': 'both', 'rightStreamFlip': False, 'horizVert': True, 'ISIframes': 2, 'rightResponseFirst': True}
735.0418 	INFO 	numtrials=360 and this trialDurFrames=5 or 83.3333333333 ms  task=T1
736.2586 	EXP 	window1: recordFrameIntervals = False
736.2667 	INFO 	Mouse: using default window
736.9921 	DATA 	Keypress: h
737.2262 	DATA 	Keypress: e
737.2773 	DATA 	Keypress: r
737.4446 	EXP 	New trial (rep=7, index=5): {'leftStreamFlip': False, 'oneTarget': False, 'trialInstructionPos': (0, -1), 'probe': 'both', 'rightStreamFlip': False, 'horizVert': True, 'ISIframes': 2, 'rightResponseFirst': True}
737.4579 	INFO 	numtrials=360 and this trialDurFrames=5 or 83.3333333333 ms  task=T1
738.6587 	EXP 	window1: recordFrameIntervals = False
738.6669 	INFO 	Mouse: using default window
740.3427 	DATA 	Keypress: p
740.6259 	DATA 	Keypress: o
740.8930 	DATA 	Keypress: t
742.0259 	DATA 	Keypress: f
742.1926 	DATA 	Keypress: r
742.4594 	DATA 	Keypress: y
742.6042 	EXP 	New trial (rep=7, index=6): {'leftStreamFlip': False, 'oneTarget': False, 'trialInstructionPos': (0, -1), 'probe': 'both', 'rightStreamFlip': False, 'horizVert': True, 'ISIframes': 2, 'rightResponseFirst': True}
742.6249 	INFO 	numtrials=360 and this trialDurFrames=5 or 83.3333333333 ms  task=T1
743.8258 	EXP 	window1: recordFrameIntervals = False
743.8337 	INFO 	Mouse: using default window
745.5263 	DATA 	Keypress: t
745.6761 	DATA 	Keypress: u
745.7596 	DATA 	Keypress: b
750.2428 	DATA 	Keypress: p
750.3094 	DATA 	Keypress: r
750.5261 	DATA 	Keypress: y
750.6818 	EXP 	New trial (rep=7, index=7): {'leftStreamFlip': False, 'oneTarget': False, 'trialInstructionPos': (0, 1), 'probe': 'both', 'rightStreamFlip': False, 'horizVert': True, 'ISIframes': 2, 'rightResponseFirst': True}
750.7091 	INFO 	numtrials=360 and this trialDurFrames=5 or 83.3333333333 ms  task=T1
751.7918 	EXP 	window1: recordFrameIntervals = False
751.7998 	INFO 	Mouse: using default window
756.0427 	DATA 	Keypress: a
756.3928 	DATA 	Keypress: r
756.5432 	DATA 	Keypress: m
757.3593 	DATA 	Keypress: l
757.5426 	DATA 	Keypress: e
757.8429 	DATA 	Keypress: g
757.9894 	EXP 	New trial (rep=7, index=8): {'leftStreamFlip': False, 'oneTarget': True, 'trialInstructionPos': (0, 1), 'probe': 'both', 'rightStreamFlip': False, 'horizVert': True, 'ISIframes': 2, 'rightResponseFirst': False}
758.0083 	INFO 	numtrials=360 and this trialDurFrames=5 or 83.3333333333 ms  task=T1
759.0085 	EXP 	window1: recordFrameIntervals = False
759.0173 	INFO 	Mouse: using default window
759.9593 	DATA 	Keypress: h
760.0774 	DATA 	Keypress: a
760.2429 	DATA 	Keypress: t
760.3861 	EXP 	New trial (rep=7, index=9): {'leftStreamFlip': False, 'oneTarget': True, 'trialInstructionPos': (0, 1), 'probe': 'both', 'rightStreamFlip': False, 'horizVert': True, 'ISIframes': 2, 'rightResponseFirst': True}
760.4081 	INFO 	numtrials=360 and this trialDurFrames=5 or 83.3333333333 ms  task=T1
761.4255 	EXP 	window1: recordFrameIntervals = False
761.4336 	INFO 	Mouse: using default window
762.1762 	DATA 	Keypress: s
762.3593 	DATA 	Keypress: a
762.5595 	DATA 	Keypress: d
762.7093 	EXP 	New trial (rep=7, index=10): {'leftStreamFlip': False, 'oneTarget': False, 'trialInstructionPos': (0, 1), 'probe': 'both', 'rightStreamFlip': False, 'horizVert': True, 'ISIframes': 2, 'rightResponseFirst': False}
762.7249 	INFO 	numtrials=360 and this trialDurFrames=5 or 83.3333333333 ms  task=T1
763.7754 	EXP 	window1: recordFrameIntervals = False
763.7835 	INFO 	Mouse: using default window
767.9261 	DATA 	Keypress: space
768.9593 	DATA 	Keypress: return
770.6092 	DATA 	Keypress: g
770.8592 	DATA 	Keypress: o
771.3762 	DATA 	Keypress: t
772.1761 	DATA 	Keypress: b
772.3762 	DATA 	Keypress: e
772.5264 	DATA 	Keypress: t
772.6740 	EXP 	New trial (rep=7, index=11): {'leftStreamFlip': False, 'oneTarget': False, 'trialInstructionPos': (0, 1), 'probe': 'both', 'rightStreamFlip': False, 'horizVert': True, 'ISIframes': 2, 'rightResponseFirst': True}
772.6915 	INFO 	numtrials=360 and this trialDurFrames=5 or 83.3333333333 ms  task=T1
773.7425 	EXP 	window1: recordFrameIntervals = False
773.7504 	INFO 	Mouse: using default window
775.5594 	DATA 	Keypress: c
775.7595 	DATA 	Keypress: r
775.9261 	DATA 	Keypress: y
776.9093 	DATA 	Keypress: m
777.3927 	DATA 	Keypress: o
778.6760 	DATA 	Keypress: u
778.8217 	EXP 	New trial (rep=8, index=0): {'leftStreamFlip': False, 'oneTarget': False, 'trialInstructionPos': (0, -1), 'probe': 'both', 'rightStreamFlip': False, 'horizVert': True, 'ISIframes': 2, 'rightResponseFirst': True}
778.8280 	DATA 	Keypress: r
778.8415 	INFO 	numtrials=360 and this trialDurFrames=5 or 83.3333333333 ms  task=T1
778.8923 	DATA 	Keypress: n
779.8752 	EXP 	window1: recordFrameIntervals = False
779.8834 	INFO 	Mouse: using default window
782.6591 	DATA 	Keypress: t
782.8595 	DATA 	Keypress: i
783.2761 	DATA 	Keypress: backspace
783.6261 	DATA 	Keypress: o
783.7934 	DATA 	Keypress: p
784.6760 	DATA 	Keypress: t
784.8608 	DATA 	Keypress: o
785.2931 	DATA 	Keypress: p
785.4423 	EXP 	New trial (rep=8, index=1): {'leftStreamFlip': False, 'oneTarget': False, 'trialInstructionPos': (0, -1), 'probe': 'both', 'rightStreamFlip': False, 'horizVert': True, 'ISIframes': 2, 'rightResponseFirst': False}
785.4581 	INFO 	numtrials=360 and this trialDurFrames=5 or 83.3333333333 ms  task=T1
786.5252 	EXP 	window1: recordFrameIntervals = False
786.5332 	INFO 	Mouse: using default window
788.0603 	DATA 	Keypress: r
788.4594 	DATA 	Keypress: a
788.7257 	DATA 	Keypress: w
790.1760 	DATA 	Keypress: d
790.4595 	DATA 	Keypress: i
790.7428 	DATA 	Keypress: p
790.8876 	EXP 	New trial (rep=8, index=2): {'leftStreamFlip': False, 'oneTarget': True, 'trialInstructionPos': (0, -1), 'probe': 'both', 'rightStreamFlip': False, 'horizVert': True, 'ISIframes': 2, 'rightResponseFirst': True}
790.9083 	INFO 	numtrials=360 and this trialDurFrames=5 or 83.3333333333 ms  task=T1
792.0086 	EXP 	window1: recordFrameIntervals = False
792.0167 	INFO 	Mouse: using default window
792.9754 	DATA 	Keypress: t
794.2761 	DATA 	Keypress: a
794.8775 	DATA 	Keypress: p
795.0350 	EXP 	New trial (rep=8, index=3): {'leftStreamFlip': False, 'oneTarget': False, 'trialInstructionPos': (0, -1), 'probe': 'both', 'rightStreamFlip': False, 'horizVert': True, 'ISIframes': 2, 'rightResponseFirst': False}
795.0581 	INFO 	numtrials=360 and this trialDurFrames=5 or 83.3333333333 ms  task=T1
796.2751 	EXP 	window1: recordFrameIntervals = False
796.2836 	INFO 	Mouse: using default window
797.9594 	DATA 	Keypress: t
798.1097 	DATA 	Keypress: o
798.2927 	DATA 	Keypress: p
798.9097 	DATA 	Keypress: s
799.1760 	DATA 	Keypress: a
799.4428 	DATA 	Keypress: t
799.5903 	EXP 	New trial (rep=8, index=4): {'leftStreamFlip': False, 'oneTarget': False, 'trialInstructionPos': (0, 1), 'probe': 'both', 'rightStreamFlip': False, 'horizVert': True, 'ISIframes': 2, 'rightResponseFirst': True}
799.6083 	INFO 	numtrials=360 and this trialDurFrames=5 or 83.3333333333 ms  task=T1
800.7088 	EXP 	window1: recordFrameIntervals = False
800.7169 	INFO 	Mouse: using default window
802.9925 	DATA 	Keypress: d
803.2428 	DATA 	Keypress: o
803.3430 	DATA 	Keypress: c
811.6095 	DATA 	Keypress: p
811.7759 	DATA 	Keypress: o
811.9928 	DATA 	Keypress: t
812.1409 	EXP 	New trial (rep=8, index=5): {'leftStreamFlip': False, 'oneTarget': False, 'trialInstructionPos': (0, -1), 'probe': 'both', 'rightStreamFlip': False, 'horizVert': True, 'ISIframes': 2, 'rightResponseFirst': True}
812.1582 	INFO 	numtrials=360 and this trialDurFrames=5 or 83.3333333333 ms  task=T1
813.3419 	EXP 	window1: recordFrameIntervals = False
813.3502 	INFO 	Mouse: using default window
814.9089 	DATA 	Keypress: l
815.0922 	DATA 	Keypress: i
815.2758 	DATA 	Keypress: w
816.0772 	DATA 	Keypress: s
816.2928 	DATA 	Keypress: h
816.3928 	DATA 	Keypress: y
816.5399 	EXP 	New trial (rep=8, index=6): {'leftStreamFlip': False, 'oneTarget': True, 'trialInstructionPos': (0, 1), 'probe': 'both', 'rightStreamFlip': False, 'horizVert': True, 'ISIframes': 2, 'rightResponseFirst': True}
816.5581 	INFO 	numtrials=360 and this trialDurFrames=5 or 83.3333333333 ms  task=T1
817.5752 	EXP 	window1: recordFrameIntervals = False
817.5839 	INFO 	Mouse: using default window
818.8255 	DATA 	Keypress: s
819.0256 	DATA 	Keypress: i
819.1587 	DATA 	Keypress: x
819.2990 	EXP 	New trial (rep=8, index=7): {'leftStreamFlip': False, 'oneTarget': True, 'trialInstructionPos': (0, -1), 'probe': 'both', 'rightStreamFlip': False, 'horizVert': True, 'ISIframes': 2, 'rightResponseFirst': False}
819.3249 	INFO 	numtrials=360 and this trialDurFrames=5 or 83.3333333333 ms  task=T1
820.5585 	EXP 	window1: recordFrameIntervals = False
820.5668 	INFO 	Mouse: using default window
821.6260 	DATA 	Keypress: c
821.8761 	DATA 	Keypress: o
822.0773 	DATA 	Keypress: w
822.2359 	EXP 	New trial (rep=8, index=8): {'leftStreamFlip': False, 'oneTarget': False, 'trialInstructionPos': (0, 1), 'probe': 'both', 'rightStreamFlip': False, 'horizVert': True, 'ISIframes': 2, 'rightResponseFirst': True}
822.2580 	INFO 	numtrials=360 and this trialDurFrames=5 or 83.3333333333 ms  task=T1
823.2922 	EXP 	window1: recordFrameIntervals = False
823.3003 	INFO 	Mouse: using default window
826.5589 	DATA 	Keypress: f
826.6421 	DATA 	Keypress: r
826.8087 	DATA 	Keypress: y
827.6095 	DATA 	Keypress: p
827.8593 	DATA 	Keypress: i
828.0596 	DATA 	Keypress: e
828.2207 	EXP 	New trial (rep=8, index=9): {'leftStreamFlip': False, 'oneTarget': True, 'trialInstructionPos': (0, 1), 'probe': 'both', 'rightStreamFlip': False, 'horizVert': True, 'ISIframes': 2, 'rightResponseFirst': False}
828.2416 	INFO 	numtrials=360 and this trialDurFrames=5 or 83.3333333333 ms  task=T1
829.2585 	EXP 	window1: recordFrameIntervals = False
829.2670 	INFO 	Mouse: using default window
830.3259 	DATA 	Keypress: b
830.4605 	DATA 	Keypress: i
830.5932 	DATA 	Keypress: t
830.7352 	EXP 	New trial (rep=8, index=10): {'leftStreamFlip': False, 'oneTarget': False, 'trialInstructionPos': (0, 1), 'probe': 'both', 'rightStreamFlip': False, 'horizVert': True, 'ISIframes': 2, 'rightResponseFirst': False}
830.7585 	INFO 	numtrials=360 and this trialDurFrames=5 or 83.3333333333 ms  task=T1
831.7919 	EXP 	window1: recordFrameIntervals = False
831.8001 	INFO 	Mouse: using default window
832.9427 	DATA 	Keypress: l
833.1261 	DATA 	Keypress: a
833.7759 	DATA 	Keypress: backspace
833.9599 	DATA 	Keypress: backspace
836.8261 	DATA 	Keypress: b
837.1428 	DATA 	Keypress: u
837.5431 	DATA 	Keypress: s
838.1594 	DATA 	Keypress: l
838.3760 	DATA 	Keypress: a
838.8427 	DATA 	Keypress: p
839.0003 	EXP 	New trial (rep=8, index=11): {'leftStreamFlip': False, 'oneTarget': False, 'trialInstructionPos': (0, 1), 'probe': 'both', 'rightStreamFlip': False, 'horizVert': True, 'ISIframes': 2, 'rightResponseFirst': False}
839.0249 	INFO 	numtrials=360 and this trialDurFrames=5 or 83.3333333333 ms  task=T1
840.2258 	EXP 	window1: recordFrameIntervals = False
840.2336 	INFO 	Mouse: using default window
841.6263 	DATA 	Keypress: y
841.7429 	DATA 	Keypress: o
841.9262 	DATA 	Keypress: u
842.6928 	DATA 	Keypress: f
842.8594 	DATA 	Keypress: a
843.0427 	DATA 	Keypress: r
843.1897 	EXP 	New trial (rep=9, index=0): {'leftStreamFlip': False, 'oneTarget': False, 'trialInstructionPos': (0, 1), 'probe': 'both', 'rightStreamFlip': False, 'horizVert': True, 'ISIframes': 2, 'rightResponseFirst': False}
843.2080 	INFO 	numtrials=360 and this trialDurFrames=5 or 83.3333333333 ms  task=T1
844.2921 	EXP 	window1: recordFrameIntervals = False
844.3006 	INFO 	Mouse: using default window
848.0596 	DATA 	Keypress: c
848.3094 	DATA 	Keypress: a
848.6095 	DATA 	Keypress: r
849.5260 	DATA 	Keypress: r
849.8594 	DATA 	Keypress: i
850.0428 	DATA 	Keypress: d
850.1880 	EXP 	New trial (rep=9, index=1): {'leftStreamFlip': False, 'oneTarget': False, 'trialInstructionPos': (0, 1), 'probe': 'both', 'rightStreamFlip': False, 'horizVert': True, 'ISIframes': 2, 'rightResponseFirst': False}
850.2081 	INFO 	numtrials=360 and this trialDurFrames=5 or 83.3333333333 ms  task=T1
851.3257 	EXP 	window1: recordFrameIntervals = False
851.3334 	INFO 	Mouse: using default window
852.8763 	DATA 	Keypress: f
853.1593 	DATA 	Keypress: o
853.3096 	DATA 	Keypress: g
853.7759 	DATA 	Keypress: l
853.9928 	DATA 	Keypress: o
854.2596 	DATA 	Keypress: g
854.4073 	EXP 	New trial (rep=9, index=2): {'leftStreamFlip': False, 'oneTarget': True, 'trialInstructionPos': (0, -1), 'probe': 'both', 'rightStreamFlip': False, 'horizVert': True, 'ISIframes': 2, 'rightResponseFirst': False}
854.4248 	INFO 	numtrials=360 and this trialDurFrames=5 or 83.3333333333 ms  task=T1
855.6254 	EXP 	window1: recordFrameIntervals = False
855.6331 	INFO 	Mouse: using default window
856.9090 	DATA 	Keypress: d
857.1091 	DATA 	Keypress: a
857.3093 	DATA 	Keypress: d
857.4505 	EXP 	New trial (rep=9, index=3): {'leftStreamFlip': False, 'oneTarget': False, 'trialInstructionPos': (0, 1), 'probe': 'both', 'rightStreamFlip': False, 'horizVert': True, 'ISIframes': 2, 'rightResponseFirst': True}
857.4744 	INFO 	numtrials=360 and this trialDurFrames=5 or 83.3333333333 ms  task=T1
858.5255 	EXP 	window1: recordFrameIntervals = False
858.5337 	INFO 	Mouse: using default window
860.5258 	DATA 	Keypress: l
860.7595 	DATA 	Keypress: i
860.9097 	DATA 	Keypress: e
864.2260 	DATA 	Keypress: f
864.3593 	DATA 	Keypress: o
864.5261 	DATA 	Keypress: g
864.6769 	EXP 	New trial (rep=9, index=4): {'leftStreamFlip': False, 'oneTarget': False, 'trialInstructionPos': (0, 1), 'probe': 'both', 'rightStreamFlip': False, 'horizVert': True, 'ISIframes': 2, 'rightResponseFirst': True}
864.6912 	INFO 	numtrials=360 and this trialDurFrames=5 or 83.3333333333 ms  task=T1
865.8085 	EXP 	window1: recordFrameIntervals = False
865.8171 	INFO 	Mouse: using default window
867.5756 	DATA 	Keypress: d
867.7760 	DATA 	Keypress: r
867.9428 	DATA 	Keypress: y
868.3595 	DATA 	Keypress: m
868.4933 	DATA 	Keypress: a
868.7092 	DATA 	Keypress: d
868.8548 	EXP 	New trial (rep=9, index=5): {'leftStreamFlip': False, 'oneTarget': True, 'trialInstructionPos': (0, 1), 'probe': 'both', 'rightStreamFlip': False, 'horizVert': True, 'ISIframes': 2, 'rightResponseFirst': False}
868.8748 	INFO 	numtrials=360 and this trialDurFrames=5 or 83.3333333333 ms  task=T1
869.9921 	EXP 	window1: recordFrameIntervals = False
870.0002 	INFO 	Mouse: using default window
870.8606 	DATA 	Keypress: m
871.1093 	DATA 	Keypress: u
871.2595 	DATA 	Keypress: d
871.4017 	EXP 	New trial (rep=9, index=6): {'leftStreamFlip': False, 'oneTarget': False, 'trialInstructionPos': (0, -1), 'probe': 'both', 'rightStreamFlip': False, 'horizVert': True, 'ISIframes': 2, 'rightResponseFirst': True}
871.4248 	INFO 	numtrials=360 and this trialDurFrames=5 or 83.3333333333 ms  task=T1
872.5756 	EXP 	window1: recordFrameIntervals = False
872.5837 	INFO 	Mouse: using default window
875.8595 	DATA 	Keypress: r
876.0763 	DATA 	Keypress: o
876.2095 	DATA 	Keypress: d
877.5762 	DATA 	Keypress: j
878.0258 	DATA 	Keypress: a
878.2254 	DATA 	Keypress: m
878.3697 	EXP 	New trial (rep=9, index=7): {'leftStreamFlip': False, 'oneTarget': False, 'trialInstructionPos': (0, -1), 'probe': 'both', 'rightStreamFlip': False, 'horizVert': True, 'ISIframes': 2, 'rightResponseFirst': True}
878.3913 	INFO 	numtrials=360 and this trialDurFrames=5 or 83.3333333333 ms  task=T1
879.5085 	EXP 	window1: recordFrameIntervals = False
879.5164 	INFO 	Mouse: using default window
880.9589 	DATA 	Keypress: s
881.1087 	DATA 	Keypress: i
881.2089 	DATA 	Keypress: n
881.9421 	DATA 	Keypress: d
882.1089 	DATA 	Keypress: i
882.2588 	DATA 	Keypress: e
882.4068 	EXP 	New trial (rep=9, index=8): {'leftStreamFlip': False, 'oneTarget': True, 'trialInstructionPos': (0, -1), 'probe': 'both', 'rightStreamFlip': False, 'horizVert': True, 'ISIframes': 2, 'rightResponseFirst': True}
882.4249 	INFO 	numtrials=360 and this trialDurFrames=5 or 83.3333333333 ms  task=T1
883.5752 	EXP 	window1: recordFrameIntervals = False
883.5835 	INFO 	Mouse: using default window
884.5760 	DATA 	Keypress: c
884.7090 	DATA 	Keypress: a
884.8605 	DATA 	Keypress: r
885.0196 	EXP 	New trial (rep=9, index=9): {'leftStreamFlip': False, 'oneTarget': False, 'trialInstructionPos': (0, -1), 'probe': 'both', 'rightStreamFlip': False, 'horizVert': True, 'ISIframes': 2, 'rightResponseFirst': False}
885.0418 	INFO 	numtrials=360 and this trialDurFrames=5 or 83.3333333333 ms  task=T1
886.1926 	EXP 	window1: recordFrameIntervals = False
886.2009 	INFO 	Mouse: using default window
887.6094 	DATA 	Keypress: d
887.8089 	DATA 	Keypress: r
887.9587 	DATA 	Keypress: y
888.5589 	DATA 	Keypress: d
888.9096 	DATA 	Keypress: backspace
889.1422 	DATA 	Keypress: f
889.3588 	DATA 	Keypress: e
889.5590 	DATA 	Keypress: d
889.7074 	EXP 	New trial (rep=9, index=10): {'leftStreamFlip': False, 'oneTarget': False, 'trialInstructionPos': (0, -1), 'probe': 'both', 'rightStreamFlip': False, 'horizVert': True, 'ISIframes': 2, 'rightResponseFirst': False}
889.7248 	INFO 	numtrials=360 and this trialDurFrames=5 or 83.3333333333 ms  task=T1
890.8258 	EXP 	window1: recordFrameIntervals = False
890.8337 	INFO 	Mouse: using default window
892.4428 	DATA 	Keypress: h
892.7107 	DATA 	Keypress: i
892.9096 	DATA 	Keypress: p
893.2771 	DATA 	Keypress: b
893.4761 	DATA 	Keypress: a
893.6438 	DATA 	Keypress: t
893.7910 	EXP 	New trial (rep=9, index=11): {'leftStreamFlip': False, 'oneTarget': True, 'trialInstructionPos': (0, 1), 'probe': 'both', 'rightStreamFlip': False, 'horizVert': True, 'ISIframes': 2, 'rightResponseFirst': True}
893.8086 	INFO 	numtrials=360 and this trialDurFrames=5 or 83.3333333333 ms  task=T1
894.8920 	EXP 	window1: recordFrameIntervals = False
894.9002 	INFO 	Mouse: using default window
895.7769 	DATA 	Keypress: g
895.9260 	DATA 	Keypress: u
896.0594 	DATA 	Keypress: t
896.2013 	EXP 	New trial (rep=10, index=0): {'leftStreamFlip': False, 'oneTarget': True, 'trialInstructionPos': (0, -1), 'probe': 'both', 'rightStreamFlip': False, 'horizVert': True, 'ISIframes': 2, 'rightResponseFirst': True}
896.2251 	INFO 	numtrials=360 and this trialDurFrames=5 or 83.3333333333 ms  task=T1
897.3754 	EXP 	window1: recordFrameIntervals = False
897.3834 	INFO 	Mouse: using default window
900.4089 	DATA 	Keypress: d
900.6755 	DATA 	Keypress: i
900.8930 	DATA 	Keypress: p
901.0362 	EXP 	New trial (rep=10, index=1): {'leftStreamFlip': False, 'oneTarget': False, 'trialInstructionPos': (0, -1), 'probe': 'both', 'rightStreamFlip': False, 'horizVert': True, 'ISIframes': 2, 'rightResponseFirst': True}
901.0581 	INFO 	numtrials=360 and this trialDurFrames=5 or 83.3333333333 ms  task=T1
902.1926 	EXP 	window1: recordFrameIntervals = False
902.2000 	INFO 	Mouse: using default window
903.1761 	DATA 	Keypress: s
903.3760 	DATA 	Keypress: a
903.6934 	DATA 	Keypress: t
906.7929 	DATA 	Keypress: s
906.9596 	DATA 	Keypress: a
907.1095 	DATA 	Keypress: t
907.2564 	EXP 	New trial (rep=10, index=2): {'leftStreamFlip': False, 'oneTarget': False, 'trialInstructionPos': (0, 1), 'probe': 'both', 'rightStreamFlip': False, 'horizVert': True, 'ISIframes': 2, 'rightResponseFirst': True}
907.2749 	INFO 	numtrials=360 and this trialDurFrames=5 or 83.3333333333 ms  task=T1
908.4926 	EXP 	window1: recordFrameIntervals = False
908.5003 	INFO 	Mouse: using default window
910.2095 	DATA 	Keypress: p
910.4925 	DATA 	Keypress: i
910.6263 	DATA 	Keypress: b
912.0261 	DATA 	Keypress: p
912.2595 	DATA 	Keypress: i
912.4933 	DATA 	Keypress: n
912.6388 	EXP 	New trial (rep=10, index=3): {'leftStreamFlip': False, 'oneTarget': False, 'trialInstructionPos': (0, -1), 'probe': 'both', 'rightStreamFlip': False, 'horizVert': True, 'ISIframes': 2, 'rightResponseFirst': True}
912.6582 	INFO 	numtrials=360 and this trialDurFrames=5 or 83.3333333333 ms  task=T1
913.7586 	EXP 	window1: recordFrameIntervals = False
913.7669 	INFO 	Mouse: using default window
919.8429 	DATA 	Keypress: s
920.3094 	DATA 	Keypress: k
920.4772 	DATA 	Keypress: y
921.2259 	DATA 	Keypress: s
921.4760 	DATA 	Keypress: k
921.7110 	DATA 	Keypress: y
921.8646 	EXP 	New trial (rep=10, index=4): {'leftStreamFlip': False, 'oneTarget': False, 'trialInstructionPos': (0, 1), 'probe': 'both', 'rightStreamFlip': False, 'horizVert': True, 'ISIframes': 2, 'rightResponseFirst': True}
921.8926 	INFO 	numtrials=360 and this trialDurFrames=5 or 83.3333333333 ms  task=T1
922.8920 	EXP 	window1: recordFrameIntervals = False
922.9003 	INFO 	Mouse: using default window
924.4255 	DATA 	Keypress: g
924.6089 	DATA 	Keypress: a
925.1088 	DATA 	Keypress: l
927.1589 	DATA 	Keypress: lctrl
927.6627 	DATA 	Keypress: lshift
929.6756 	DATA 	Keypress: z
929.6936 	INFO 	Stopping at 14:28 on 06 Aug 2018
929.6967 	ERROR 	user aborted experiment on keypress with trials done=124 of 361
929.7247 	INFO 	Program terminating normally.
