0.6497 	WARNING 	Monitor specification not found. Creating a temporary one...
29.6769 	EXP 	Created window1 = Window(allowGUI=False, allowStencil=False, autoLog=True, bitsMode=UNKNOWN, blendMode='avg', color=array([-0.7, -0.7, -0.7]), colorSpace='rgb', fullscr=UNKNOWN, gamma=None, lms=UNKNOWN, monitor=<psychopy.monitors.calibTools.Monitor object at 0x17F703F0>, name='window1', pos=[0, 0], screen=0, size=array([1920, 1080]), stereo=False, units='deg', useFBO=False, useRetina=False, viewOri=0.0, viewPos=None, viewScale=None, waitBlanking=False, winType='pyglet')
29.6769 	INFO 	Mouse: using default window
29.6772 	EXP 	window1: units = 'norm'
29.7676 	EXP 	Created unnamed ImageStim = ImageStim(autoLog=True, color=array([ 1.,  1.,  1.]), colorSpace='rgb', contrast=1.0, depth=0, flipHoriz=False, flipVert=False, image=str(...), interpolate=False, mask=None, maskParams=None, name='unnamed ImageStim', opacity=1.0, ori=0.0, pos=array([-0.5,  0. ]), size=array([ 1.290625  ,  3.24814815]), texRes=128, units='norm', win=Window(...))
29.8487 	EXP 	Created unnamed ImageStim = ImageStim(autoLog=True, color=array([ 1.,  1.,  1.]), colorSpace='rgb', contrast=1.0, depth=0, flipHoriz=False, flipVert=False, image=str(...), interpolate=False, mask=None, maskParams=None, name='unnamed ImageStim', opacity=1.0, ori=0.0, pos=array([ 0.5,  0. ]), size=array([ 1.290625  ,  3.24814815]), texRes=128, units='norm', win=Window(...))
29.8642 	EXP 	Created OKrespZone = GratingStim(autoDraw=False, autoLog=True, color=array([ 1. ,  0.5,  0.5]), colorSpace='rgb', contrast=1.0, depth=0, interpolate=False, mask='gauss', maskParams=None, name='OKrespZone', opacity=1.0, ori=0.0, phase=array([ 0.,  0.]), pos=array([-0.2 , -0.92]), rgbPedestal=array([ 0.,  0.,  0.]), sf=array([ 0.,  0.]), size=array([ 2.3,  0.2]), tex='sin', texRes=256, units='norm', win=Window(...))
29.9985 	EXP 	unnamed ImageStim: size = (1, 2)
29.9985 	EXP 	unnamed ImageStim: size = (1, 2)
39.7924 	DATA 	Mouse: Left button down, pos=(542,1)
39.8085 	EXP 	window1: units = 'deg'
39.8089 	EXP 	window1: units = 'norm'
39.8258 	EXP 	Created OKrespZone = GratingStim(autoDraw=False, autoLog=True, color=array([ 1. ,  0.5,  0.5]), colorSpace='rgb', contrast=1.0, depth=0, interpolate=False, mask='gauss', maskParams=None, name='OKrespZone', opacity=1.0, ori=0.0, phase=array([ 0.,  0.]), pos=array([-0.2 , -0.92]), rgbPedestal=array([ 0.,  0.,  0.]), sf=array([ 0.,  0.]), size=array([ 2.3,  0.2]), tex='sin', texRes=256, units='norm', win=Window(...))
39.8968 	EXP 	Created unnamed ImageStim = ImageStim(autoLog=True, color=array([ 1.,  1.,  1.]), colorSpace='rgb', contrast=1.0, depth=0, flipHoriz=False, flipVert=False, image='abgdj\\PISandConsentForm\\consentForm.png', interpolate=False, mask=None, maskParams=None, name='unnamed ImageStim', opacity=1.0, ori=0.0, pos=array([ 0.,  0.]), size=array([ 1.3375    ,  2.97407407]), texRes=128, units='norm', win=Window(...))
39.9336 	EXP 	Created unnamed GratingStim = GratingStim(autoDraw=False, autoLog=True, color=array([ 1. ,  0.5,  0.5]), colorSpace='rgb', contrast=1.0, depth=0, interpolate=False, mask='gauss', maskParams=None, name='unnamed GratingStim', opacity=1.0, ori=0.0, phase=array([ 0.,  0.]), pos=array([-0.2 , -0.42]), rgbPedestal=array([ 0.,  0.,  0.]), sf=array([ 0.,  0.]), size=array([ 0.3,  0.2]), tex='sin', texRes=256, units='norm', win=Window(...))
39.9669 	EXP 	Created unnamed GratingStim = GratingStim(autoDraw=False, autoLog=True, color=array([ 1. ,  0.5,  0.5]), colorSpace='rgb', contrast=1.0, depth=0, interpolate=False, mask='gauss', maskParams=None, name='unnamed GratingStim', opacity=1.0, ori=0.0, phase=array([ 0.,  0.]), pos=array([ 0.1 , -0.42]), rgbPedestal=array([ 0.,  0.,  0.]), sf=array([ 0.,  0.]), size=array([ 0.3,  0.2]), tex='sin', texRes=256, units='norm', win=Window(...))
39.9858 	EXP 	Created unnamed GratingStim = GratingStim(autoDraw=False, autoLog=True, color=array([ 1. ,  0.5,  0.5]), colorSpace='rgb', contrast=1.0, depth=0, interpolate=False, mask='gauss', maskParams=None, name='unnamed GratingStim', opacity=1.0, ori=0.0, phase=array([ 0.,  0.]), pos=array([-0.2 , -0.72]), rgbPedestal=array([ 0.,  0.,  0.]), sf=array([ 0.,  0.]), size=array([ 0.3,  0.2]), tex='sin', texRes=256, units='norm', win=Window(...))
40.0042 	EXP 	Created unnamed GratingStim = GratingStim(autoDraw=False, autoLog=True, color=array([ 1. ,  0.5,  0.5]), colorSpace='rgb', contrast=1.0, depth=0, interpolate=False, mask='gauss', maskParams=None, name='unnamed GratingStim', opacity=1.0, ori=0.0, phase=array([ 0.,  0.]), pos=array([ 0.1 , -0.72]), rgbPedestal=array([ 0.,  0.,  0.]), sf=array([ 0.,  0.]), size=array([ 0.3,  0.2]), tex='sin', texRes=256, units='norm', win=Window(...))
40.0068 	DATA 	Mouse:  Left button up, pos=(542,1)
40.0119 	EXP 	unnamed ImageStim: size = (1.1, 2)
42.7092 	DATA 	Mouse: Left button down, pos=(782,315)
42.7758 	DATA 	Mouse:  Left button up, pos=(782,315)
43.0929 	DATA 	Mouse: Left button down, pos=(743,120)
43.1449 	DATA 	Mouse:  Left button up, pos=(743,120)
44.2924 	DATA 	Mouse: Left button down, pos=(1134,617)
44.3592 	DATA 	Mouse:  Left button up, pos=(1134,617)
45.2097 	DATA 	Mouse: Left button down, pos=(890,45)
45.2252 	EXP 	window1: units = 'deg'
45.2315 	EXP 	window1: mouseVisible = True
56.7933 	EXP 	Created window1 = Window(allowGUI=False, allowStencil=False, autoLog=True, bitsMode=UNKNOWN, blendMode='avg', color=array([-0.7, -0.7, -0.7]), colorSpace='rgb', fullscr=UNKNOWN, gamma=None, lms=UNKNOWN, monitor=<psychopy.monitors.calibTools.Monitor object at 0x17F703F0>, name='window1', pos=[0, 0], screen=0, size=array([1920, 1080]), stereo=False, units='deg', useFBO=False, useRetina=False, viewOri=0.0, viewPos=None, viewScale=None, waitBlanking=False, winType='pyglet')
61.5437 	INFO 	#[ PsychoPy2 RuntimeInfoStart ]
  #[[ PsychoPy ]] #---------
    psychopyVersion: 1.84.2
    psychopyHaveExtRush: True
  #[[ Experiment ]] #---------
    experimentAuthor: None
    experimentAuthVersion: None
    experimentRunTime: 2018_08_06 12:09 (Year_Month_Day Hour:Min)
    experimentRunTime.epoch: 1533521396
    experimentScript: psyc1002.py
    experimentScript.digestSHA1: 03993779484d600ea4c1b8cc2288f3d37a5025d5
    experimentScript.directory: U:\PSYC1002\abgdj
  #[[ System ]] #---------
    systemHaveInternetAccess: True
    systemHostName: W5FH4LG2
    systemLocale: English_United States.1252
    systemMemFreeRAM: 4085.8125
    systemMemTotalRAM: 8076.9453125
    systemPlatform: windowsversion=sys.getwindowsversion(major=6, minor=2, build=9200, platform=2, service_pack='')
    systemPyo.InputDevices: {4: {'host api index': 2, 'latency': 0.008707483299076557, 'default sr': 44100, 'name': u'Realtek ASIO'}}
    systemPyo.OutputDevices: {0: {'host api index': 0, 'latency': 0.09000000357627869, 'default sr': 44100, 'name': u'Microsoft Sound Mapper - Output'}, 1: {'host api index': 0, 'latency': 0.09000000357627869, 'default sr': 44100, 'name': u'Speakers / Headphones (Realtek '}, 2: {'host api index': 1, 'latency': 0.11999999731779099, 'default sr': 44100, 'name': u'Primary Sound Driver'}, 3: {'host api index': 1, 'latency': 0.11999999731779099, 'default sr': 44100, 'name': u'Speakers / Headphones (Realtek High Definition Audio)'}, 4: {'host api index': 2, 'latency': 0.008707483299076557, 'default sr': 44100, 'name': u'Realtek ASIO'}, 5: {'host api index': 3, 'latency': 0.003000000026077032, 'default sr': 48000, 'name': u'Speakers / Headphones (Realtek High Definition Audio)'}}
    systemPyoVersion: 0.8.0
    systemRebooted: System Boot Time:          8/6/2018, 2:22:29 AM
    systemSec.pythonSSL: True
    systemTimeNumpySD1000000_sec: 0.0083
    systemUser: bsze6874
    systemUserID: 1000
    systemUserProcCmdPid: LabStatsUserSpace.exe dwm.exe TiWorker.exe CmRcService.exe nierserver.exe LabStatsClient.exe tagsrv.exe SearchUI.exe OneDrive.exe nipxism.exe SettingSyncHost.exe WmiPrvSE.exe niLxiDiscovery.exe SecurityHealthService.exe redirector.exe SearchProtocolHost.exe server_admin.exe fontdrvhost.exe lkads.exe svchost.exe smartscreen.exe ni_usbmon.exe AGSService.exe System SISIDSService.exe SelfServicePlugin.exe explorer.exe smss.exe ApplicationWebServer.exe RuntimeBroker.exe acrotray.exe niauth_daemon.exe cmd.exe nidmsrv.exe Receiver.exe SISIPSService.exe lktsrv.exe lsass.exe python.exe RtkNGUI64.exe sisipsutil.exe AdobeUpdateService.exe armsvc.exe ssonsvr.exe concentr.exe nidevldu.exe taskhostw.exe RAVBg64.exe ''Memory Compression'' NIWebServiceContainer.exe nimxs.exe RtkAudioService64.exe SystemWebServer.exe tasklist.exe snowagent.exe CcmExec.exe SearchFilterHost.exe SmcGui.exe nicitdl5.exe ''System Idle Process'' services.exe niDiscSvc.exe sqlwriter.exe MSASCuiL.exe SCNotification.exe nimdnsResponder.exe server_runtime.exe sihost.exe spoolsv.exe wininit.exe winlogon.exe ShellExperienceHost.exe nidevmon.exe SearchIndexer.exe csrss.exe TrustedInstaller.exe audiodg.exe pc-client.exe unsecapp.exe ccSvcHst.exe wfcrun32.exe nisvcloc.exe server_eventlog.exe lkcitdl.exe AuthManSvr.exe conhost.exe
    systemUserProcCount: 174
    systemUserProcFlagged: Explorer
    systemUsersCount: False
  #[[ Window ]] #---------
    windowWinType: pyglet
    windowWaitBlanking: False
    windowUseNativeGamma: True
    windowUnits: deg
    windowSize_pix: [1920 1080]
    windowScreen: 0
    windowRgb: [-0.7 -0.7 -0.7]
    windowRefreshTimeSD_ms: 0.233
    windowRefreshTimeMedian_ms: 16.701
    windowRefreshTimeAvg_ms: 16.667
    windowRefreshThreshold_sec: 0.0200
    windowRecordFrameIntervals: False
    windowPos_pix: [0, 0]
    windowMonitor.name: testmonitor
    windowMonitor.getWidth_cm: 57.0
    windowMonitor.getLinearizeMethod: 1
    windowMonitor.getGammaGrid: [[  0.   1.   1.  nan  nan  nan]
 [  0.   1.   1.  nan  nan  nan]
 [  0.   1.   1.  nan  nan  nan]
 [  0.   1.   1.  nan  nan  nan]]
    windowMonitor.getDistance_cm: 57.0
    windowMonitor.gammaInterpolator2: None
    windowMonitor.gammaInterpolator: None
    windowMonitor.currentCalibName: 2018_08_06 12:09
    windowIsFullScr: True
    windowHaveShaders: True
    windowAllowGUI: False
  #[[ Python ]] #---------
    pythonWxVersion: 3.0.2.0 msw (classic)
    pythonVersion: 2.7.11
    pythonScipyVersion: 0.17.1
    pythonPygletVersion: 1.2.4
    pythonPygameVersion: 1.9.2pre
    pythonNumpyVersion: 1.11.0
    pythonMatplotlibVersion: 1.5.1
    pythonFullVersion: 2.7.11 (v2.7.11:6d1b6a68f775, Dec  5 2015, 20:32:19) [MSC v.1500 32 bit (Intel)]
    pythonExecutable: C:\Program Files (x86)\PsychoPy2\python.exe
  #[[ OpenGL ]] #---------
    openGLVersion: 4.4.0 - Build 21.20.16.4627
    openGLVendor: Intel
    openGLRenderingEngine: Intel(R) HD Graphics 530
    openGLmaxVerticesInVertexArray: 1048576
    False: openGLext.GL_STEREO
    True: openGLext.GL_EXT_framebuffer_object
    True: openGLext.GL_ARB_vertex_shader
    True: openGLext.GL_ARB_texture_non_power_of_two
    True: openGLext.GL_ARB_texture_float
    True: openGLext.GL_ARB_shader_objects
    True: openGLext.GL_ARB_multitexture
    True: openGLext.GL_ARB_fragment_program
#[ PsychoPy2 RuntimeInfoEnd ]

61.5919 	EXP 	window1: recordFrameIntervals = True
62.4255 	EXP 	window1: recordFrameIntervals = False
62.4262 	INFO 	Frames per second ~=60.1, which is close enough to desired val of 60.0
62.9175 	EXP 	Created sequence: random, trialTypes=12, nReps=30, seed=None
63.0557 	INFO 	Mouse: using default window
63.0759 	EXP 	Created OKrespZone = GratingStim(autoDraw=False, autoLog=True, color=array([ 1.,  1.,  1.]), colorSpace='rgb', contrast=1.0, depth=0, interpolate=False, mask='gauss', maskParams=None, name='OKrespZone', opacity=1.0, ori=0.0, phase=array([ 0.,  0.]), pos=array([ 0.  ,  0.88]), rgbPedestal=array([ 0.,  0.,  0.]), sf=array([ 0.,  0.]), size=array([ 2. ,  0.2]), tex='sin', texRes=256, units='norm', win=Window(...))
67.0712 	DATA 	Mouse: Left button down, pos=(150,935)
67.1286 	DATA 	Mouse:  Left button up, pos=(150,935)
70.4235 	DATA 	Mouse: Left button down, pos=(144,392)
70.4799 	DATA 	Mouse:  Left button up, pos=(146,394)
71.5353 	DATA 	Mouse: Left button down, pos=(135,191)
71.5995 	DATA 	Mouse:  Left button up, pos=(135,188)
95.9273 	DATA 	Mouse: Left button down, pos=(1773,190)
95.9993 	DATA 	Mouse:  Left button up, pos=(1773,190)
97.3192 	DATA 	Mouse: Right button down, pos=(1758,511)
97.7354 	DATA 	Mouse:  Right button up, pos=(1752,515)
98.7354 	DATA 	Mouse: Left button down, pos=(1758,747)
98.8073 	DATA 	Mouse:  Left button up, pos=(1758,747)
111.1354 	DATA 	Mouse: Left button down, pos=(1346,611)
111.2233 	DATA 	Mouse:  Left button up, pos=(1346,611)
138.1593 	DATA 	Mouse: Left button down, pos=(115,737)
138.2313 	DATA 	Mouse:  Left button up, pos=(114,737)
138.7673 	DATA 	Mouse: Left button down, pos=(106,758)
138.8231 	DATA 	Mouse:  Left button up, pos=(106,758)
140.1433 	DATA 	Mouse: Left button down, pos=(106,655)
140.2022 	DATA 	Mouse:  Left button up, pos=(106,655)
141.2313 	DATA 	Mouse: Left button down, pos=(143,536)
141.3033 	DATA 	Mouse:  Left button up, pos=(143,536)
142.6313 	DATA 	Mouse: Left button down, pos=(143,321)
142.6877 	DATA 	Mouse:  Left button up, pos=(143,321)
143.4153 	DATA 	Mouse: Left button down, pos=(149,250)
143.4723 	DATA 	Mouse:  Left button up, pos=(149,250)
144.1594 	DATA 	Mouse: Left button down, pos=(152,119)
144.2156 	DATA 	Mouse:  Left button up, pos=(152,119)
149.7753 	DATA 	Mouse: Left button down, pos=(349,474)
149.8553 	DATA 	Mouse:  Left button up, pos=(349,474)
150.6473 	DATA 	Mouse: Left button down, pos=(364,375)
150.7352 	DATA 	Mouse:  Left button up, pos=(364,373)
153.9273 	DATA 	Mouse: Left button down, pos=(349,50)
154.0072 	DATA 	Mouse:  Left button up, pos=(349,50)
156.1593 	DATA 	Mouse: Left button down, pos=(342,883)
156.2157 	DATA 	Mouse:  Left button up, pos=(342,883)
158.8073 	DATA 	Mouse: Left button down, pos=(505,594)
158.8872 	DATA 	Mouse:  Left button up, pos=(505,594)
159.4473 	DATA 	Mouse: Left button down, pos=(504,458)
159.5192 	DATA 	Mouse:  Left button up, pos=(504,458)
160.3834 	DATA 	Mouse: Left button down, pos=(501,234)
160.4712 	DATA 	Mouse:  Left button up, pos=(501,234)
161.2713 	DATA 	Mouse: Left button down, pos=(512,102)
161.3673 	DATA 	Mouse:  Left button up, pos=(512,101)
170.0713 	DATA 	Mouse: Left button down, pos=(924,627)
170.1513 	DATA 	Mouse:  Left button up, pos=(924,627)
171.9273 	DATA 	Mouse: Left button down, pos=(1008,1020)
171.9478 	INFO 	Experiment will have 360 trials. Letters will be drawn with superposed noise of 0.00%
171.9645 	EXP 	New trial (rep=0, index=0): {'leftStreamFlip': False, 'oneTarget': False, 'trialInstructionPos': (0, -1), 'probe': 'both', 'rightStreamFlip': False, 'horizVert': True, 'ISIframes': 2, 'rightResponseFirst': False}
171.9646 	INFO 	Starting main part of experiment
171.9770 	DATA 	Mouse:  Left button up, pos=(1008,1020)
173.1424 	INFO 	numtrials=360 and this trialDurFrames=28 or 466.666666667 ms  task=T1
175.1262 	EXP 	window1: recordFrameIntervals = False
175.1359 	INFO 	Mouse: using default window
177.5276 	DATA 	Keypress: b
177.9263 	DATA 	Keypress: i
178.0096 	DATA 	Keypress: g
179.9427 	DATA 	Keypress: a
180.1100 	DATA 	Keypress: d
180.2932 	DATA 	Keypress: d
180.4878 	EXP 	New trial (rep=0, index=1): {'leftStreamFlip': False, 'oneTarget': False, 'trialInstructionPos': (0, 1), 'probe': 'both', 'rightStreamFlip': False, 'horizVert': True, 'ISIframes': 2, 'rightResponseFirst': True}
185.8262 	DATA 	Mouse: Left button down, pos=(898,505)
185.9426 	DATA 	Mouse:  Left button up, pos=(898,505)
190.0089 	INFO 	numtrials=360 and this trialDurFrames=22 or 366.666666667 ms  task=T1
191.9755 	EXP 	window1: recordFrameIntervals = False
191.9829 	INFO 	Mouse: using default window
194.1768 	DATA 	Keypress: h
194.5263 	DATA 	Keypress: u
194.6429 	DATA 	Keypress: t
195.4432 	DATA 	Keypress: b
195.5927 	DATA 	Keypress: o
195.7760 	DATA 	Keypress: y
195.9256 	EXP 	New trial (rep=0, index=2): {'leftStreamFlip': False, 'oneTarget': False, 'trialInstructionPos': (0, -1), 'probe': 'both', 'rightStreamFlip': False, 'horizVert': True, 'ISIframes': 2, 'rightResponseFirst': True}
195.9424 	INFO 	numtrials=360 and this trialDurFrames=18 or 300.0 ms  task=T1
197.7263 	EXP 	window1: recordFrameIntervals = False
197.7335 	INFO 	Mouse: using default window
198.8593 	DATA 	Keypress: a
199.3431 	DATA 	Keypress: r
199.4427 	DATA 	Keypress: e
200.5764 	DATA 	Keypress: g
200.6929 	DATA 	Keypress: u
201.2433 	DATA 	Keypress: m
201.3884 	EXP 	New trial (rep=0, index=3): {'leftStreamFlip': False, 'oneTarget': False, 'trialInstructionPos': (0, -1), 'probe': 'both', 'rightStreamFlip': False, 'horizVert': True, 'ISIframes': 2, 'rightResponseFirst': True}
201.4085 	INFO 	numtrials=360 and this trialDurFrames=18 or 300.0 ms  task=T1
202.6757 	EXP 	window1: recordFrameIntervals = False
202.6836 	INFO 	Mouse: using default window
203.7263 	DATA 	Keypress: r
204.0596 	DATA 	Keypress: a
204.2097 	DATA 	Keypress: w
204.7266 	DATA 	Keypress: r
204.9602 	DATA 	Keypress: e
205.1118 	DATA 	Keypress: d
205.2703 	EXP 	New trial (rep=0, index=4): {'leftStreamFlip': False, 'oneTarget': True, 'trialInstructionPos': (0, 1), 'probe': 'both', 'rightStreamFlip': False, 'horizVert': True, 'ISIframes': 2, 'rightResponseFirst': False}
213.6090 	INFO 	numtrials=360 and this trialDurFrames=14 or 233.333333333 ms  task=T1
214.9928 	EXP 	window1: recordFrameIntervals = False
214.9999 	INFO 	Mouse: using default window
217.1261 	DATA 	Keypress: c
217.2430 	DATA 	Keypress: a
218.2605 	DATA 	Keypress: t
218.3999 	EXP 	New trial (rep=0, index=5): {'leftStreamFlip': False, 'oneTarget': False, 'trialInstructionPos': (0, 1), 'probe': 'both', 'rightStreamFlip': False, 'horizVert': True, 'ISIframes': 2, 'rightResponseFirst': True}
218.4265 	INFO 	numtrials=360 and this trialDurFrames=4 or 66.6666666667 ms  task=T1
219.6092 	EXP 	window1: recordFrameIntervals = False
219.6161 	INFO 	Mouse: using default window
220.8767 	DATA 	Keypress: s
220.9599 	DATA 	Keypress: o
221.0767 	DATA 	Keypress: n
221.8265 	DATA 	Keypress: s
221.8929 	DATA 	Keypress: o
221.9282 	DATA 	Keypress: n
222.0859 	EXP 	New trial (rep=0, index=6): {'leftStreamFlip': False, 'oneTarget': False, 'trialInstructionPos': (0, -1), 'probe': 'both', 'rightStreamFlip': False, 'horizVert': True, 'ISIframes': 2, 'rightResponseFirst': False}
222.1090 	INFO 	numtrials=360 and this trialDurFrames=4 or 66.6666666667 ms  task=T1
223.1257 	EXP 	window1: recordFrameIntervals = False
223.1328 	INFO 	Mouse: using default window
224.4096 	DATA 	Keypress: f
224.6762 	DATA 	Keypress: i
224.9600 	DATA 	Keypress: t
225.4594 	DATA 	Keypress: p
225.5606 	DATA 	Keypress: a
225.7099 	DATA 	Keypress: n
225.8512 	EXP 	New trial (rep=0, index=7): {'leftStreamFlip': False, 'oneTarget': True, 'trialInstructionPos': (0, 1), 'probe': 'both', 'rightStreamFlip': False, 'horizVert': True, 'ISIframes': 2, 'rightResponseFirst': True}
225.8757 	INFO 	numtrials=360 and this trialDurFrames=3 or 50.0 ms  task=T1
226.8591 	EXP 	window1: recordFrameIntervals = False
226.8669 	INFO 	Mouse: using default window
228.0427 	DATA 	Keypress: w
228.1598 	DATA 	Keypress: e
228.3604 	DATA 	Keypress: e
228.5004 	EXP 	New trial (rep=0, index=8): {'leftStreamFlip': False, 'oneTarget': True, 'trialInstructionPos': (0, -1), 'probe': 'both', 'rightStreamFlip': False, 'horizVert': True, 'ISIframes': 2, 'rightResponseFirst': True}
228.5097 	INFO 	numtrials=360 and this trialDurFrames=4 or 66.6666666667 ms  task=T1
229.5923 	EXP 	window1: recordFrameIntervals = False
229.6000 	INFO 	Mouse: using default window
230.1261 	DATA 	Keypress: f
230.3767 	DATA 	Keypress: a
231.2933 	DATA 	Keypress: n
231.4325 	EXP 	New trial (rep=0, index=9): {'leftStreamFlip': False, 'oneTarget': False, 'trialInstructionPos': (0, 1), 'probe': 'both', 'rightStreamFlip': False, 'horizVert': True, 'ISIframes': 2, 'rightResponseFirst': False}
231.4423 	INFO 	numtrials=360 and this trialDurFrames=4 or 66.6666666667 ms  task=T1
232.4425 	EXP 	window1: recordFrameIntervals = False
232.4494 	INFO 	Mouse: using default window
233.2933 	DATA 	Keypress: b
233.4260 	DATA 	Keypress: u
233.8595 	DATA 	Keypress: m
236.7279 	DATA 	Keypress: b
236.8094 	DATA 	Keypress: u
236.9594 	DATA 	Keypress: m
237.1028 	EXP 	New trial (rep=0, index=10): {'leftStreamFlip': False, 'oneTarget': False, 'trialInstructionPos': (0, 1), 'probe': 'both', 'rightStreamFlip': False, 'horizVert': True, 'ISIframes': 2, 'rightResponseFirst': False}
237.1257 	INFO 	numtrials=360 and this trialDurFrames=4 or 66.6666666667 ms  task=T1
238.3422 	EXP 	window1: recordFrameIntervals = False
238.3496 	INFO 	Mouse: using default window
239.5282 	DATA 	Keypress: m
240.3281 	DATA 	Keypress: a
240.5931 	DATA 	Keypress: p
241.8098 	DATA 	Keypress: l
241.9929 	DATA 	Keypress: o
242.1096 	DATA 	Keypress: t
242.2498 	EXP 	New trial (rep=0, index=11): {'leftStreamFlip': False, 'oneTarget': True, 'trialInstructionPos': (0, -1), 'probe': 'both', 'rightStreamFlip': False, 'horizVert': True, 'ISIframes': 2, 'rightResponseFirst': False}
242.2592 	INFO 	numtrials=360 and this trialDurFrames=4 or 66.6666666667 ms  task=T1
243.2424 	EXP 	window1: recordFrameIntervals = False
243.2508 	INFO 	Mouse: using default window
243.9932 	DATA 	Keypress: f
244.2433 	DATA 	Keypress: n
245.2428 	DATA 	Keypress: backspace
246.0600 	DATA 	Keypress: u
246.3280 	DATA 	Keypress: n
246.4875 	EXP 	New trial (rep=1, index=0): {'leftStreamFlip': False, 'oneTarget': False, 'trialInstructionPos': (0, -1), 'probe': 'both', 'rightStreamFlip': False, 'horizVert': True, 'ISIframes': 2, 'rightResponseFirst': False}
246.5091 	INFO 	numtrials=360 and this trialDurFrames=4 or 66.6666666667 ms  task=T1
247.6428 	EXP 	window1: recordFrameIntervals = False
247.6499 	INFO 	Mouse: using default window
248.8097 	DATA 	Keypress: a
248.9094 	DATA 	Keypress: s
249.1098 	DATA 	Keypress: s
250.3931 	DATA 	Keypress: l
250.6270 	DATA 	Keypress: a
251.0098 	DATA 	Keypress: y
251.1492 	EXP 	New trial (rep=1, index=1): {'leftStreamFlip': False, 'oneTarget': False, 'trialInstructionPos': (0, -1), 'probe': 'both', 'rightStreamFlip': False, 'horizVert': True, 'ISIframes': 2, 'rightResponseFirst': True}
251.1610 	INFO 	numtrials=360 and this trialDurFrames=3 or 50.0 ms  task=T1
252.1256 	EXP 	window1: recordFrameIntervals = False
252.1332 	INFO 	Mouse: using default window
259.9442 	DATA 	Keypress: r
260.1933 	DATA 	Keypress: n
260.3095 	DATA 	Keypress: g
261.0599 	DATA 	Keypress: h
261.2264 	DATA 	Keypress: a
261.4767 	DATA 	Keypress: t
261.6180 	EXP 	New trial (rep=1, index=2): {'leftStreamFlip': False, 'oneTarget': False, 'trialInstructionPos': (0, -1), 'probe': 'both', 'rightStreamFlip': False, 'horizVert': True, 'ISIframes': 2, 'rightResponseFirst': True}
261.6424 	INFO 	numtrials=360 and this trialDurFrames=4 or 66.6666666667 ms  task=T1
262.8259 	EXP 	window1: recordFrameIntervals = False
262.8330 	INFO 	Mouse: using default window
263.5768 	DATA 	Keypress: p
263.9270 	DATA 	Keypress: i
264.0762 	DATA 	Keypress: n
264.6928 	DATA 	Keypress: k
265.1446 	DATA 	Keypress: e
265.2431 	DATA 	Keypress: y
265.3842 	EXP 	New trial (rep=1, index=3): {'leftStreamFlip': False, 'oneTarget': False, 'trialInstructionPos': (0, 1), 'probe': 'both', 'rightStreamFlip': False, 'horizVert': True, 'ISIframes': 2, 'rightResponseFirst': False}
265.4091 	INFO 	numtrials=360 and this trialDurFrames=4 or 66.6666666667 ms  task=T1
266.5423 	EXP 	window1: recordFrameIntervals = False
266.5498 	INFO 	Mouse: using default window
267.2928 	DATA 	Keypress: b
267.9603 	DATA 	Keypress: backspace
268.1930 	DATA 	Keypress: t
268.3267 	DATA 	Keypress: h
269.2598 	DATA 	Keypress: backspace
269.5932 	DATA 	Keypress: backspace
270.6262 	DATA 	Keypress: d
270.8428 	DATA 	Keypress: a
271.1275 	DATA 	Keypress: t
271.7597 	DATA 	Keypress: b
271.9612 	DATA 	Keypress: y
272.1598 	DATA 	Keypress: e
272.3056 	EXP 	New trial (rep=1, index=4): {'leftStreamFlip': False, 'oneTarget': False, 'trialInstructionPos': (0, 1), 'probe': 'both', 'rightStreamFlip': False, 'horizVert': True, 'ISIframes': 2, 'rightResponseFirst': True}
272.3258 	INFO 	numtrials=360 and this trialDurFrames=4 or 66.6666666667 ms  task=T1
273.5259 	EXP 	window1: recordFrameIntervals = False
273.5330 	INFO 	Mouse: using default window
274.3769 	DATA 	Keypress: o
274.8595 	DATA 	Keypress: f
275.0428 	DATA 	Keypress: f
275.5613 	DATA 	Keypress: r
275.8268 	DATA 	Keypress: o
275.9100 	DATA 	Keypress: a
275.9597 	DATA 	Keypress: d
276.0513 	EXP 	New trial (rep=1, index=5): {'leftStreamFlip': False, 'oneTarget': True, 'trialInstructionPos': (0, 1), 'probe': 'both', 'rightStreamFlip': False, 'horizVert': True, 'ISIframes': 2, 'rightResponseFirst': True}
276.0756 	INFO 	numtrials=360 and this trialDurFrames=4 or 66.6666666667 ms  task=T1
277.0762 	EXP 	window1: recordFrameIntervals = False
277.0836 	INFO 	Mouse: using default window
279.6266 	DATA 	Keypress: r
279.9264 	DATA 	Keypress: a
280.1595 	DATA 	Keypress: t
280.3007 	EXP 	New trial (rep=1, index=6): {'leftStreamFlip': False, 'oneTarget': False, 'trialInstructionPos': (0, 1), 'probe': 'both', 'rightStreamFlip': False, 'horizVert': True, 'ISIframes': 2, 'rightResponseFirst': True}
280.3258 	INFO 	numtrials=360 and this trialDurFrames=4 or 66.6666666667 ms  task=T1
281.3928 	EXP 	window1: recordFrameIntervals = False
281.4000 	INFO 	Mouse: using default window
282.3104 	DATA 	Keypress: p
282.4933 	DATA 	Keypress: o
282.6265 	DATA 	Keypress: d
283.4765 	DATA 	Keypress: c
283.5442 	DATA 	Keypress: a
283.7599 	DATA 	Keypress: t
283.9050 	EXP 	New trial (rep=1, index=7): {'leftStreamFlip': False, 'oneTarget': True, 'trialInstructionPos': (0, 1), 'probe': 'both', 'rightStreamFlip': False, 'horizVert': True, 'ISIframes': 2, 'rightResponseFirst': False}
283.9259 	INFO 	numtrials=360 and this trialDurFrames=4 or 66.6666666667 ms  task=T1
285.0089 	EXP 	window1: recordFrameIntervals = False
285.0167 	INFO 	Mouse: using default window
285.5928 	DATA 	Keypress: b
285.7427 	DATA 	Keypress: o
285.8595 	DATA 	Keypress: y
285.9979 	EXP 	New trial (rep=1, index=8): {'leftStreamFlip': False, 'oneTarget': False, 'trialInstructionPos': (0, -1), 'probe': 'both', 'rightStreamFlip': False, 'horizVert': True, 'ISIframes': 2, 'rightResponseFirst': False}
286.0091 	INFO 	numtrials=360 and this trialDurFrames=4 or 66.6666666667 ms  task=T1
287.0593 	EXP 	window1: recordFrameIntervals = False
287.0666 	INFO 	Mouse: using default window
288.1432 	DATA 	Keypress: m
288.3602 	DATA 	Keypress: e
288.4428 	DATA 	Keypress: n
288.9437 	DATA 	Keypress: f
289.0762 	DATA 	Keypress: i
289.2762 	DATA 	Keypress: x
289.4191 	EXP 	New trial (rep=1, index=9): {'leftStreamFlip': False, 'oneTarget': True, 'trialInstructionPos': (0, -1), 'probe': 'both', 'rightStreamFlip': False, 'horizVert': True, 'ISIframes': 2, 'rightResponseFirst': True}
289.4425 	INFO 	numtrials=360 and this trialDurFrames=4 or 66.6666666667 ms  task=T1
290.6423 	EXP 	window1: recordFrameIntervals = False
290.6499 	INFO 	Mouse: using default window
291.2930 	DATA 	Keypress: s
291.4094 	DATA 	Keypress: e
291.6429 	DATA 	Keypress: x
291.7834 	EXP 	New trial (rep=1, index=10): {'leftStreamFlip': False, 'oneTarget': True, 'trialInstructionPos': (0, -1), 'probe': 'both', 'rightStreamFlip': False, 'horizVert': True, 'ISIframes': 2, 'rightResponseFirst': False}
291.7931 	INFO 	numtrials=360 and this trialDurFrames=4 or 66.6666666667 ms  task=T1
292.8090 	EXP 	window1: recordFrameIntervals = False
292.8165 	INFO 	Mouse: using default window
294.5262 	DATA 	Keypress: b
294.8765 	DATA 	Keypress: o
295.8099 	DATA 	Keypress: y
295.9492 	EXP 	New trial (rep=1, index=11): {'leftStreamFlip': False, 'oneTarget': False, 'trialInstructionPos': (0, 1), 'probe': 'both', 'rightStreamFlip': False, 'horizVert': True, 'ISIframes': 2, 'rightResponseFirst': False}
295.9594 	INFO 	numtrials=360 and this trialDurFrames=4 or 66.6666666667 ms  task=T1
297.0763 	EXP 	window1: recordFrameIntervals = False
297.0834 	INFO 	Mouse: using default window
298.1265 	DATA 	Keypress: b
298.3119 	DATA 	Keypress: e
298.5100 	DATA 	Keypress: e
299.1277 	DATA 	Keypress: i
299.8932 	DATA 	Keypress: n
300.0262 	DATA 	Keypress: n
300.1678 	EXP 	New trial (rep=2, index=0): {'leftStreamFlip': False, 'oneTarget': True, 'trialInstructionPos': (0, 1), 'probe': 'both', 'rightStreamFlip': False, 'horizVert': True, 'ISIframes': 2, 'rightResponseFirst': True}
300.1924 	INFO 	numtrials=360 and this trialDurFrames=4 or 66.6666666667 ms  task=T1
301.3090 	EXP 	window1: recordFrameIntervals = False
301.3167 	INFO 	Mouse: using default window
301.9768 	DATA 	Keypress: r
302.0595 	DATA 	Keypress: o
302.2099 	DATA 	Keypress: t
302.3491 	EXP 	New trial (rep=2, index=1): {'leftStreamFlip': False, 'oneTarget': True, 'trialInstructionPos': (0, -1), 'probe': 'both', 'rightStreamFlip': False, 'horizVert': True, 'ISIframes': 2, 'rightResponseFirst': True}
302.3592 	INFO 	numtrials=360 and this trialDurFrames=4 or 66.6666666667 ms  task=T1
303.4591 	EXP 	window1: recordFrameIntervals = False
303.4662 	INFO 	Mouse: using default window
304.3266 	DATA 	Keypress: p
304.5597 	DATA 	Keypress: i
304.6429 	DATA 	Keypress: n
304.7831 	EXP 	New trial (rep=2, index=2): {'leftStreamFlip': False, 'oneTarget': False, 'trialInstructionPos': (0, 1), 'probe': 'both', 'rightStreamFlip': False, 'horizVert': True, 'ISIframes': 2, 'rightResponseFirst': True}
304.8094 	INFO 	numtrials=360 and this trialDurFrames=4 or 66.6666666667 ms  task=T1
305.9090 	EXP 	window1: recordFrameIntervals = False
305.9166 	INFO 	Mouse: using default window
306.6929 	DATA 	Keypress: e
306.9098 	DATA 	Keypress: a
307.1276 	DATA 	Keypress: t
307.6264 	DATA 	Keypress: l
307.8262 	DATA 	Keypress: o
307.9261 	DATA 	Keypress: w
308.0698 	EXP 	New trial (rep=2, index=3): {'leftStreamFlip': False, 'oneTarget': False, 'trialInstructionPos': (0, 1), 'probe': 'both', 'rightStreamFlip': False, 'horizVert': True, 'ISIframes': 2, 'rightResponseFirst': True}
308.0927 	INFO 	numtrials=360 and this trialDurFrames=4 or 66.6666666667 ms  task=T1
309.2257 	EXP 	window1: recordFrameIntervals = False
309.2329 	INFO 	Mouse: using default window
310.1429 	DATA 	Keypress: j
310.2596 	DATA 	Keypress: a
310.2938 	DATA 	Keypress: w
310.7604 	DATA 	Keypress: m
310.8432 	DATA 	Keypress: e
311.0265 	DATA 	Keypress: a
311.1678 	EXP 	New trial (rep=2, index=4): {'leftStreamFlip': False, 'oneTarget': False, 'trialInstructionPos': (0, -1), 'probe': 'both', 'rightStreamFlip': False, 'horizVert': True, 'ISIframes': 2, 'rightResponseFirst': False}
311.1924 	INFO 	numtrials=360 and this trialDurFrames=4 or 66.6666666667 ms  task=T1
311.1954 	DATA 	Keypress: t
312.3590 	EXP 	window1: recordFrameIntervals = False
312.3664 	INFO 	Mouse: using default window
316.1600 	DATA 	Keypress: e
316.3609 	DATA 	Keypress: a
316.5762 	DATA 	Keypress: t
318.8595 	DATA 	Keypress: j
318.9598 	DATA 	Keypress: a
319.4762 	DATA 	Keypress: e
319.6190 	EXP 	New trial (rep=2, index=5): {'leftStreamFlip': False, 'oneTarget': False, 'trialInstructionPos': (0, -1), 'probe': 'both', 'rightStreamFlip': False, 'horizVert': True, 'ISIframes': 2, 'rightResponseFirst': True}
319.6425 	INFO 	numtrials=360 and this trialDurFrames=4 or 66.6666666667 ms  task=T1
320.6924 	EXP 	window1: recordFrameIntervals = False
320.7000 	INFO 	Mouse: using default window
321.2763 	DATA 	Keypress: f
321.5767 	DATA 	Keypress: u
321.7265 	DATA 	Keypress: r
322.3443 	DATA 	Keypress: r
322.4770 	DATA 	Keypress: o
322.6095 	DATA 	Keypress: a
322.6633 	DATA 	Keypress: d
322.7514 	EXP 	New trial (rep=2, index=6): {'leftStreamFlip': False, 'oneTarget': False, 'trialInstructionPos': (0, -1), 'probe': 'both', 'rightStreamFlip': False, 'horizVert': True, 'ISIframes': 2, 'rightResponseFirst': True}
322.7759 	INFO 	numtrials=360 and this trialDurFrames=4 or 66.6666666667 ms  task=T1
323.8423 	EXP 	window1: recordFrameIntervals = False
323.8503 	INFO 	Mouse: using default window
324.4098 	DATA 	Keypress: s
324.4928 	DATA 	Keypress: a
324.6429 	DATA 	Keypress: w
325.7929 	DATA 	Keypress: s
325.8932 	DATA 	Keypress: e
326.0429 	DATA 	Keypress: e
326.1833 	EXP 	New trial (rep=2, index=7): {'leftStreamFlip': False, 'oneTarget': False, 'trialInstructionPos': (0, 1), 'probe': 'both', 'rightStreamFlip': False, 'horizVert': True, 'ISIframes': 2, 'rightResponseFirst': False}
326.2092 	INFO 	numtrials=360 and this trialDurFrames=4 or 66.6666666667 ms  task=T1
327.3923 	EXP 	window1: recordFrameIntervals = False
327.4000 	INFO 	Mouse: using default window
334.2429 	DATA 	Keypress: t
334.3609 	DATA 	Keypress: o
334.5263 	DATA 	Keypress: u
335.6764 	DATA 	Keypress: t
335.9099 	DATA 	Keypress: a
335.9610 	DATA 	Keypress: p
336.1163 	EXP 	New trial (rep=2, index=8): {'leftStreamFlip': False, 'oneTarget': True, 'trialInstructionPos': (0, 1), 'probe': 'both', 'rightStreamFlip': False, 'horizVert': True, 'ISIframes': 2, 'rightResponseFirst': False}
336.1266 	INFO 	numtrials=360 and this trialDurFrames=4 or 66.6666666667 ms  task=T1
337.1260 	EXP 	window1: recordFrameIntervals = False
337.1328 	INFO 	Mouse: using default window
337.8429 	DATA 	Keypress: j
337.9765 	DATA 	Keypress: a
338.2263 	DATA 	Keypress: r
338.3659 	EXP 	New trial (rep=2, index=9): {'leftStreamFlip': False, 'oneTarget': True, 'trialInstructionPos': (0, -1), 'probe': 'both', 'rightStreamFlip': False, 'horizVert': True, 'ISIframes': 2, 'rightResponseFirst': False}
338.3764 	INFO 	numtrials=360 and this trialDurFrames=4 or 66.6666666667 ms  task=T1
339.4090 	EXP 	window1: recordFrameIntervals = False
339.4163 	INFO 	Mouse: using default window
339.9604 	DATA 	Keypress: p
340.0935 	DATA 	Keypress: a
340.3764 	DATA 	Keypress: y
340.5162 	EXP 	New trial (rep=2, index=10): {'leftStreamFlip': False, 'oneTarget': False, 'trialInstructionPos': (0, 1), 'probe': 'both', 'rightStreamFlip': False, 'horizVert': True, 'ISIframes': 2, 'rightResponseFirst': False}
340.5263 	INFO 	numtrials=360 and this trialDurFrames=4 or 66.6666666667 ms  task=T1
341.7090 	EXP 	window1: recordFrameIntervals = False
341.7167 	INFO 	Mouse: using default window
343.4933 	DATA 	Keypress: f
343.9446 	DATA 	Keypress: e
344.0265 	DATA 	Keypress: w
344.7096 	DATA 	Keypress: t
344.8095 	DATA 	Keypress: o
344.9933 	DATA 	Keypress: o
345.1352 	EXP 	New trial (rep=2, index=11): {'leftStreamFlip': False, 'oneTarget': False, 'trialInstructionPos': (0, -1), 'probe': 'both', 'rightStreamFlip': False, 'horizVert': True, 'ISIframes': 2, 'rightResponseFirst': False}
345.1592 	INFO 	numtrials=360 and this trialDurFrames=4 or 66.6666666667 ms  task=T1
346.2257 	EXP 	window1: recordFrameIntervals = False
346.2333 	INFO 	Mouse: using default window
349.3434 	DATA 	Keypress: m
349.4262 	DATA 	Keypress: e
350.0763 	DATA 	Keypress: t
350.4595 	DATA 	Keypress: w
350.5937 	DATA 	Keypress: a
350.7276 	DATA 	Keypress: x
350.8861 	EXP 	New trial (rep=3, index=0): {'leftStreamFlip': False, 'oneTarget': False, 'trialInstructionPos': (0, 1), 'probe': 'both', 'rightStreamFlip': False, 'horizVert': True, 'ISIframes': 2, 'rightResponseFirst': True}
350.9092 	INFO 	numtrials=360 and this trialDurFrames=4 or 66.6666666667 ms  task=T1
351.9591 	EXP 	window1: recordFrameIntervals = False
351.9664 	INFO 	Mouse: using default window
353.0099 	DATA 	Keypress: k
353.2765 	DATA 	Keypress: i
353.5265 	DATA 	Keypress: d
353.8596 	DATA 	Keypress: s
353.9933 	DATA 	Keypress: h
354.2596 	DATA 	Keypress: y
354.4010 	EXP 	New trial (rep=3, index=1): {'leftStreamFlip': False, 'oneTarget': True, 'trialInstructionPos': (0, -1), 'probe': 'both', 'rightStreamFlip': False, 'horizVert': True, 'ISIframes': 2, 'rightResponseFirst': False}
354.4260 	INFO 	numtrials=360 and this trialDurFrames=4 or 66.6666666667 ms  task=T1
355.4426 	EXP 	window1: recordFrameIntervals = False
355.4499 	INFO 	Mouse: using default window
355.9605 	DATA 	Keypress: a
356.2428 	DATA 	Keypress: r
356.4763 	DATA 	Keypress: t
356.6164 	EXP 	New trial (rep=3, index=2): {'leftStreamFlip': False, 'oneTarget': False, 'trialInstructionPos': (0, -1), 'probe': 'both', 'rightStreamFlip': False, 'horizVert': True, 'ISIframes': 2, 'rightResponseFirst': False}
356.6265 	INFO 	numtrials=360 and this trialDurFrames=4 or 66.6666666667 ms  task=T1
357.6261 	EXP 	window1: recordFrameIntervals = False
357.6341 	INFO 	Mouse: using default window
359.1281 	DATA 	Keypress: j
359.2101 	DATA 	Keypress: a
359.3934 	DATA 	Keypress: m
359.8263 	DATA 	Keypress: e
359.9444 	DATA 	Keypress: a
360.1767 	DATA 	Keypress: t
360.3202 	EXP 	New trial (rep=3, index=3): {'leftStreamFlip': False, 'oneTarget': True, 'trialInstructionPos': (0, 1), 'probe': 'both', 'rightStreamFlip': False, 'horizVert': True, 'ISIframes': 2, 'rightResponseFirst': False}
360.3426 	INFO 	numtrials=360 and this trialDurFrames=3 or 50.0 ms  task=T1
361.3095 	EXP 	window1: recordFrameIntervals = False
361.3168 	INFO 	Mouse: using default window
362.0932 	DATA 	Keypress: o
362.2764 	DATA 	Keypress: w
362.3612 	DATA 	Keypress: n
362.5163 	EXP 	New trial (rep=3, index=4): {'leftStreamFlip': False, 'oneTarget': False, 'trialInstructionPos': (0, 1), 'probe': 'both', 'rightStreamFlip': False, 'horizVert': True, 'ISIframes': 2, 'rightResponseFirst': False}
362.5433 	INFO 	numtrials=360 and this trialDurFrames=3 or 50.0 ms  task=T1
363.6097 	EXP 	window1: recordFrameIntervals = False
363.6170 	INFO 	Mouse: using default window
364.7446 	DATA 	Keypress: h
364.8432 	DATA 	Keypress: a
364.8930 	DATA 	Keypress: s
365.9766 	DATA 	Keypress: b
366.1268 	DATA 	Keypress: u
366.1764 	DATA 	Keypress: d
366.3197 	EXP 	New trial (rep=3, index=5): {'leftStreamFlip': False, 'oneTarget': False, 'trialInstructionPos': (0, -1), 'probe': 'both', 'rightStreamFlip': False, 'horizVert': True, 'ISIframes': 2, 'rightResponseFirst': False}
366.3427 	INFO 	numtrials=360 and this trialDurFrames=3 or 50.0 ms  task=T1
367.4424 	EXP 	window1: recordFrameIntervals = False
367.4499 	INFO 	Mouse: using default window
368.4431 	DATA 	Keypress: g
368.5764 	DATA 	Keypress: e
368.7096 	DATA 	Keypress: t
369.1096 	DATA 	Keypress: t
369.2264 	DATA 	Keypress: o
369.4096 	DATA 	Keypress: o
369.5507 	EXP 	New trial (rep=3, index=6): {'leftStreamFlip': False, 'oneTarget': False, 'trialInstructionPos': (0, -1), 'probe': 'both', 'rightStreamFlip': False, 'horizVert': True, 'ISIframes': 2, 'rightResponseFirst': True}
369.5760 	INFO 	numtrials=360 and this trialDurFrames=3 or 50.0 ms  task=T1
370.7425 	EXP 	window1: recordFrameIntervals = False
370.7500 	INFO 	Mouse: using default window
371.5267 	DATA 	Keypress: c
371.5767 	DATA 	Keypress: a
371.6767 	DATA 	Keypress: p
372.9429 	DATA 	Keypress: d
373.0096 	DATA 	Keypress: i
373.0597 	DATA 	Keypress: e
373.2018 	EXP 	New trial (rep=3, index=7): {'leftStreamFlip': False, 'oneTarget': False, 'trialInstructionPos': (0, 1), 'probe': 'both', 'rightStreamFlip': False, 'horizVert': True, 'ISIframes': 2, 'rightResponseFirst': True}
373.2261 	INFO 	numtrials=360 and this trialDurFrames=3 or 50.0 ms  task=T1
374.2259 	EXP 	window1: recordFrameIntervals = False
374.2334 	INFO 	Mouse: using default window
374.9429 	DATA 	Keypress: m
375.2264 	DATA 	Keypress: u
375.3766 	DATA 	Keypress: d
382.1596 	DATA 	Keypress: c
382.2267 	DATA 	Keypress: a
382.4098 	DATA 	Keypress: t
382.5512 	EXP 	New trial (rep=3, index=8): {'leftStreamFlip': False, 'oneTarget': True, 'trialInstructionPos': (0, 1), 'probe': 'both', 'rightStreamFlip': False, 'horizVert': True, 'ISIframes': 2, 'rightResponseFirst': True}
382.5758 	INFO 	numtrials=360 and this trialDurFrames=3 or 50.0 ms  task=T1
383.6925 	EXP 	window1: recordFrameIntervals = False
383.7005 	INFO 	Mouse: using default window
384.5268 	DATA 	Keypress: g
384.6598 	DATA 	Keypress: u
384.8265 	DATA 	Keypress: n
384.9660 	EXP 	New trial (rep=3, index=9): {'leftStreamFlip': False, 'oneTarget': True, 'trialInstructionPos': (0, -1), 'probe': 'both', 'rightStreamFlip': False, 'horizVert': True, 'ISIframes': 2, 'rightResponseFirst': True}
384.9761 	INFO 	numtrials=360 and this trialDurFrames=3 or 50.0 ms  task=T1
386.1092 	EXP 	window1: recordFrameIntervals = False
386.1171 	INFO 	Mouse: using default window
386.7106 	DATA 	Keypress: b
386.9270 	DATA 	Keypress: e
387.1115 	DATA 	Keypress: e
387.2673 	EXP 	New trial (rep=3, index=10): {'leftStreamFlip': False, 'oneTarget': False, 'trialInstructionPos': (0, 1), 'probe': 'both', 'rightStreamFlip': False, 'horizVert': True, 'ISIframes': 2, 'rightResponseFirst': False}
387.2927 	INFO 	numtrials=360 and this trialDurFrames=3 or 50.0 ms  task=T1
388.3759 	EXP 	window1: recordFrameIntervals = False
388.3835 	INFO 	Mouse: using default window
391.2263 	DATA 	Keypress: g
391.4763 	DATA 	Keypress: e
391.6266 	DATA 	Keypress: t
392.8763 	DATA 	Keypress: o
393.0430 	DATA 	Keypress: l
393.0930 	DATA 	Keypress: d
393.2374 	EXP 	New trial (rep=3, index=11): {'leftStreamFlip': False, 'oneTarget': False, 'trialInstructionPos': (0, -1), 'probe': 'both', 'rightStreamFlip': False, 'horizVert': True, 'ISIframes': 2, 'rightResponseFirst': True}
393.2594 	INFO 	numtrials=360 and this trialDurFrames=3 or 50.0 ms  task=T1
394.3097 	EXP 	window1: recordFrameIntervals = False
394.3174 	INFO 	Mouse: using default window
395.6264 	DATA 	Keypress: h
395.7264 	DATA 	Keypress: o
395.8766 	DATA 	Keypress: t
399.0602 	DATA 	Keypress: d
399.1096 	DATA 	Keypress: a
399.1610 	DATA 	Keypress: m
399.3179 	EXP 	New trial (rep=4, index=0): {'leftStreamFlip': False, 'oneTarget': False, 'trialInstructionPos': (0, -1), 'probe': 'both', 'rightStreamFlip': False, 'horizVert': True, 'ISIframes': 2, 'rightResponseFirst': True}
399.3427 	INFO 	numtrials=360 and this trialDurFrames=3 or 50.0 ms  task=T1
399.3513 	DATA 	Keypress: n
400.4924 	EXP 	window1: recordFrameIntervals = False
400.5006 	INFO 	Mouse: using default window
401.9114 	DATA 	Keypress: h
402.0596 	DATA 	Keypress: o
402.2930 	DATA 	Keypress: t
402.7281 	DATA 	Keypress: w
402.8430 	DATA 	Keypress: i
402.9764 	DATA 	Keypress: g
403.1203 	EXP 	New trial (rep=4, index=1): {'leftStreamFlip': False, 'oneTarget': False, 'trialInstructionPos': (0, -1), 'probe': 'both', 'rightStreamFlip': False, 'horizVert': True, 'ISIframes': 2, 'rightResponseFirst': True}
403.1428 	INFO 	numtrials=360 and this trialDurFrames=3 or 50.0 ms  task=T1
404.2097 	EXP 	window1: recordFrameIntervals = False
404.2170 	INFO 	Mouse: using default window
404.7444 	DATA 	Keypress: d
404.8430 	DATA 	Keypress: i
405.1100 	DATA 	Keypress: p
408.6434 	DATA 	Keypress: a
408.7265 	DATA 	Keypress: n
408.8602 	DATA 	Keypress: t
409.0030 	EXP 	New trial (rep=4, index=2): {'leftStreamFlip': False, 'oneTarget': False, 'trialInstructionPos': (0, -1), 'probe': 'both', 'rightStreamFlip': False, 'horizVert': True, 'ISIframes': 2, 'rightResponseFirst': False}
409.0261 	INFO 	numtrials=360 and this trialDurFrames=3 or 50.0 ms  task=T1
410.0261 	EXP 	window1: recordFrameIntervals = False
410.0333 	INFO 	Mouse: using default window
411.2099 	DATA 	Keypress: g
411.4101 	DATA 	Keypress: u
411.9097 	DATA 	Keypress: backspace
412.0603 	DATA 	Keypress: backspace
412.3280 	DATA 	Keypress: p
412.4097 	DATA 	Keypress: a
412.4935 	DATA 	Keypress: d
413.2935 	DATA 	Keypress: g
413.3767 	DATA 	Keypress: u
413.4601 	DATA 	Keypress: n
413.6064 	EXP 	New trial (rep=4, index=3): {'leftStreamFlip': False, 'oneTarget': False, 'trialInstructionPos': (0, 1), 'probe': 'both', 'rightStreamFlip': False, 'horizVert': True, 'ISIframes': 2, 'rightResponseFirst': True}
413.6261 	INFO 	numtrials=360 and this trialDurFrames=3 or 50.0 ms  task=T1
414.6263 	EXP 	window1: recordFrameIntervals = False
414.6332 	INFO 	Mouse: using default window
415.5277 	DATA 	Keypress: w
415.6264 	DATA 	Keypress: h
415.8430 	DATA 	Keypress: o
417.0430 	DATA 	Keypress: s
417.1448 	DATA 	Keypress: e
417.3268 	DATA 	Keypress: e
417.4683 	EXP 	New trial (rep=4, index=4): {'leftStreamFlip': False, 'oneTarget': True, 'trialInstructionPos': (0, 1), 'probe': 'both', 'rightStreamFlip': False, 'horizVert': True, 'ISIframes': 2, 'rightResponseFirst': False}
417.4930 	INFO 	numtrials=360 and this trialDurFrames=3 or 50.0 ms  task=T1
418.4762 	EXP 	window1: recordFrameIntervals = False
418.4831 	INFO 	Mouse: using default window
422.7448 	DATA 	Keypress: c
422.8265 	DATA 	Keypress: a
423.0597 	DATA 	Keypress: t
423.1986 	EXP 	New trial (rep=4, index=5): {'leftStreamFlip': False, 'oneTarget': False, 'trialInstructionPos': (0, -1), 'probe': 'both', 'rightStreamFlip': False, 'horizVert': True, 'ISIframes': 2, 'rightResponseFirst': False}
423.2093 	INFO 	numtrials=360 and this trialDurFrames=3 or 50.0 ms  task=T1
424.3093 	EXP 	window1: recordFrameIntervals = False
424.3168 	INFO 	Mouse: using default window
427.9764 	DATA 	Keypress: d
428.0596 	DATA 	Keypress: o
428.2600 	DATA 	Keypress: g
432.2430 	DATA 	Keypress: f
432.3764 	DATA 	Keypress: a
432.6429 	DATA 	Keypress: t
432.7857 	EXP 	New trial (rep=4, index=6): {'leftStreamFlip': False, 'oneTarget': False, 'trialInstructionPos': (0, 1), 'probe': 'both', 'rightStreamFlip': False, 'horizVert': True, 'ISIframes': 2, 'rightResponseFirst': False}
432.8093 	INFO 	numtrials=360 and this trialDurFrames=3 or 50.0 ms  task=T1
434.0095 	EXP 	window1: recordFrameIntervals = False
434.0164 	INFO 	Mouse: using default window
435.1764 	DATA 	Keypress: m
435.2935 	DATA 	Keypress: o
435.5097 	DATA 	Keypress: b
437.8097 	DATA 	Keypress: m
437.9282 	DATA 	Keypress: o
437.9761 	DATA 	Keypress: b
438.1189 	EXP 	New trial (rep=4, index=7): {'leftStreamFlip': False, 'oneTarget': True, 'trialInstructionPos': (0, -1), 'probe': 'both', 'rightStreamFlip': False, 'horizVert': True, 'ISIframes': 2, 'rightResponseFirst': False}
438.1426 	INFO 	numtrials=360 and this trialDurFrames=3 or 50.0 ms  task=T1
439.1092 	EXP 	window1: recordFrameIntervals = False
439.1168 	INFO 	Mouse: using default window
439.7435 	DATA 	Keypress: p
440.0597 	DATA 	Keypress: e
440.2269 	DATA 	Keypress: t
440.3667 	EXP 	New trial (rep=4, index=8): {'leftStreamFlip': False, 'oneTarget': False, 'trialInstructionPos': (0, 1), 'probe': 'both', 'rightStreamFlip': False, 'horizVert': True, 'ISIframes': 2, 'rightResponseFirst': True}
440.3769 	INFO 	numtrials=360 and this trialDurFrames=3 or 50.0 ms  task=T1
441.4931 	EXP 	window1: recordFrameIntervals = False
441.5003 	INFO 	Mouse: using default window
442.2431 	DATA 	Keypress: g
442.8264 	DATA 	Keypress: y
442.9930 	DATA 	Keypress: m
444.1769 	DATA 	Keypress: t
444.2931 	DATA 	Keypress: o
444.3769 	DATA 	Keypress: p
444.5176 	EXP 	New trial (rep=4, index=9): {'leftStreamFlip': False, 'oneTarget': True, 'trialInstructionPos': (0, 1), 'probe': 'both', 'rightStreamFlip': False, 'horizVert': True, 'ISIframes': 2, 'rightResponseFirst': True}
444.5428 	INFO 	numtrials=360 and this trialDurFrames=3 or 50.0 ms  task=T1
445.5926 	EXP 	window1: recordFrameIntervals = False
445.6000 	INFO 	Mouse: using default window
446.4267 	DATA 	Keypress: w
446.5935 	DATA 	Keypress: a
446.6597 	DATA 	Keypress: s
446.7991 	EXP 	New trial (rep=4, index=10): {'leftStreamFlip': False, 'oneTarget': False, 'trialInstructionPos': (0, 1), 'probe': 'both', 'rightStreamFlip': False, 'horizVert': True, 'ISIframes': 2, 'rightResponseFirst': False}
446.8095 	INFO 	numtrials=360 and this trialDurFrames=3 or 50.0 ms  task=T1
447.7925 	EXP 	window1: recordFrameIntervals = False
447.8001 	INFO 	Mouse: using default window
450.9430 	DATA 	Keypress: u
451.0268 	DATA 	Keypress: s
451.1266 	DATA 	Keypress: e
451.5607 	DATA 	Keypress: u
451.6268 	DATA 	Keypress: s
451.6597 	DATA 	Keypress: e
451.8045 	EXP 	New trial (rep=4, index=11): {'leftStreamFlip': False, 'oneTarget': True, 'trialInstructionPos': (0, -1), 'probe': 'both', 'rightStreamFlip': False, 'horizVert': True, 'ISIframes': 2, 'rightResponseFirst': True}
451.8261 	INFO 	numtrials=360 and this trialDurFrames=3 or 50.0 ms  task=T1
452.9261 	EXP 	window1: recordFrameIntervals = False
452.9332 	INFO 	Mouse: using default window
455.5281 	DATA 	Keypress: d
456.4097 	DATA 	Keypress: backspace
460.8268 	DATA 	Keypress: a
461.4934 	DATA 	Keypress: backspace
461.5931 	DATA 	Keypress: d
461.7431 	DATA 	Keypress: o
461.8931 	DATA 	Keypress: g
462.0403 	EXP 	New trial (rep=5, index=0): {'leftStreamFlip': False, 'oneTarget': False, 'trialInstructionPos': (0, 1), 'probe': 'both', 'rightStreamFlip': False, 'horizVert': True, 'ISIframes': 2, 'rightResponseFirst': True}
462.0594 	INFO 	numtrials=360 and this trialDurFrames=3 or 50.0 ms  task=T1
463.1592 	EXP 	window1: recordFrameIntervals = False
463.1668 	INFO 	Mouse: using default window
463.7431 	DATA 	Keypress: b
463.9765 	DATA 	Keypress: a
464.6274 	DATA 	Keypress: y
465.1102 	DATA 	Keypress: t
465.2597 	DATA 	Keypress: o
465.3932 	DATA 	Keypress: p
465.5357 	EXP 	New trial (rep=5, index=1): {'leftStreamFlip': False, 'oneTarget': False, 'trialInstructionPos': (0, -1), 'probe': 'both', 'rightStreamFlip': False, 'horizVert': True, 'ISIframes': 2, 'rightResponseFirst': False}
465.5595 	INFO 	numtrials=360 and this trialDurFrames=3 or 50.0 ms  task=T1
466.5259 	EXP 	window1: recordFrameIntervals = False
466.5335 	INFO 	Mouse: using default window
467.1930 	DATA 	Keypress: r
467.7265 	DATA 	Keypress: backspace
468.2271 	DATA 	Keypress: m
468.3116 	DATA 	Keypress: e
468.4264 	DATA 	Keypress: t
468.8766 	DATA 	Keypress: r
469.0266 	DATA 	Keypress: o
469.1281 	DATA 	Keypress: t
469.2885 	EXP 	New trial (rep=5, index=2): {'leftStreamFlip': False, 'oneTarget': True, 'trialInstructionPos': (0, 1), 'probe': 'both', 'rightStreamFlip': False, 'horizVert': True, 'ISIframes': 2, 'rightResponseFirst': False}
469.3094 	INFO 	numtrials=360 and this trialDurFrames=3 or 50.0 ms  task=T1
470.4766 	EXP 	window1: recordFrameIntervals = False
470.4834 	INFO 	Mouse: using default window
471.2766 	DATA 	Keypress: s
471.3603 	DATA 	Keypress: u
471.5449 	DATA 	Keypress: n
471.6995 	EXP 	New trial (rep=5, index=3): {'leftStreamFlip': False, 'oneTarget': False, 'trialInstructionPos': (0, -1), 'probe': 'both', 'rightStreamFlip': False, 'horizVert': True, 'ISIframes': 2, 'rightResponseFirst': False}
471.7267 	INFO 	numtrials=360 and this trialDurFrames=3 or 50.0 ms  task=T1
472.7265 	EXP 	window1: recordFrameIntervals = False
472.7335 	INFO 	Mouse: using default window
474.0934 	DATA 	Keypress: j
474.1931 	DATA 	Keypress: e
474.2764 	DATA 	Keypress: t
478.5605 	DATA 	Keypress: c
478.6440 	DATA 	Keypress: a
478.8098 	DATA 	Keypress: t
478.9518 	EXP 	New trial (rep=5, index=4): {'leftStreamFlip': False, 'oneTarget': True, 'trialInstructionPos': (0, -1), 'probe': 'both', 'rightStreamFlip': False, 'horizVert': True, 'ISIframes': 2, 'rightResponseFirst': True}
478.9762 	INFO 	numtrials=360 and this trialDurFrames=3 or 50.0 ms  task=T1
480.1098 	EXP 	window1: recordFrameIntervals = False
480.1167 	INFO 	Mouse: using default window
480.9434 	DATA 	Keypress: h
481.0607 	DATA 	Keypress: o
481.1115 	DATA 	Keypress: p
481.2673 	EXP 	New trial (rep=5, index=5): {'leftStreamFlip': False, 'oneTarget': False, 'trialInstructionPos': (0, 1), 'probe': 'both', 'rightStreamFlip': False, 'horizVert': True, 'ISIframes': 2, 'rightResponseFirst': False}
481.2927 	INFO 	numtrials=360 and this trialDurFrames=3 or 50.0 ms  task=T1
482.3595 	EXP 	window1: recordFrameIntervals = False
482.3668 	INFO 	Mouse: using default window
483.1283 	DATA 	Keypress: p
483.6764 	DATA 	Keypress: backspace
484.8103 	DATA 	Keypress: h
485.0098 	DATA 	Keypress: o
485.1609 	DATA 	Keypress: t
485.5449 	DATA 	Keypress: p
485.7431 	DATA 	Keypress: i
485.7931 	DATA 	Keypress: g
485.9375 	EXP 	New trial (rep=5, index=6): {'leftStreamFlip': False, 'oneTarget': False, 'trialInstructionPos': (0, -1), 'probe': 'both', 'rightStreamFlip': False, 'horizVert': True, 'ISIframes': 2, 'rightResponseFirst': True}
485.9595 	INFO 	numtrials=360 and this trialDurFrames=3 or 50.0 ms  task=T1
487.0591 	EXP 	window1: recordFrameIntervals = False
487.0662 	INFO 	Mouse: using default window
488.2265 	DATA 	Keypress: b
488.6102 	DATA 	Keypress: i
488.7447 	DATA 	Keypress: g
490.4602 	DATA 	Keypress: h
490.5766 	DATA 	Keypress: o
490.6597 	DATA 	Keypress: t
490.8016 	EXP 	New trial (rep=5, index=7): {'leftStreamFlip': False, 'oneTarget': False, 'trialInstructionPos': (0, 1), 'probe': 'both', 'rightStreamFlip': False, 'horizVert': True, 'ISIframes': 2, 'rightResponseFirst': True}
490.8262 	INFO 	numtrials=360 and this trialDurFrames=3 or 50.0 ms  task=T1
491.9592 	EXP 	window1: recordFrameIntervals = False
491.9666 	INFO 	Mouse: using default window
492.7931 	DATA 	Keypress: s
492.8931 	DATA 	Keypress: h
493.1263 	DATA 	Keypress: y
493.7098 	DATA 	Keypress: b
493.7933 	DATA 	Keypress: o
493.9282 	DATA 	Keypress: y
494.0852 	EXP 	New trial (rep=5, index=8): {'leftStreamFlip': False, 'oneTarget': True, 'trialInstructionPos': (0, -1), 'probe': 'both', 'rightStreamFlip': False, 'horizVert': True, 'ISIframes': 2, 'rightResponseFirst': False}
494.1094 	INFO 	numtrials=360 and this trialDurFrames=3 or 50.0 ms  task=T1
495.1759 	EXP 	window1: recordFrameIntervals = False
495.1835 	INFO 	Mouse: using default window
495.6934 	DATA 	Keypress: n
495.7932 	DATA 	Keypress: e
495.8767 	DATA 	Keypress: w
496.0166 	EXP 	New trial (rep=5, index=9): {'leftStreamFlip': False, 'oneTarget': False, 'trialInstructionPos': (0, 1), 'probe': 'both', 'rightStreamFlip': False, 'horizVert': True, 'ISIframes': 2, 'rightResponseFirst': False}
496.0432 	INFO 	numtrials=360 and this trialDurFrames=3 or 50.0 ms  task=T1
497.0760 	EXP 	window1: recordFrameIntervals = False
497.0834 	INFO 	Mouse: using default window
498.0598 	DATA 	Keypress: g
498.3606 	DATA 	Keypress: a
498.5102 	DATA 	Keypress: l
499.0437 	DATA 	Keypress: b
499.4931 	DATA 	Keypress: i
499.5766 	DATA 	Keypress: g
499.7193 	EXP 	New trial (rep=5, index=10): {'leftStreamFlip': False, 'oneTarget': False, 'trialInstructionPos': (0, -1), 'probe': 'both', 'rightStreamFlip': False, 'horizVert': True, 'ISIframes': 2, 'rightResponseFirst': True}
499.7429 	INFO 	numtrials=360 and this trialDurFrames=3 or 50.0 ms  task=T1
500.9093 	EXP 	window1: recordFrameIntervals = False
500.9173 	INFO 	Mouse: using default window
502.2598 	DATA 	Keypress: j
502.4098 	DATA 	Keypress: o
502.4931 	DATA 	Keypress: b
502.9431 	DATA 	Keypress: t
503.0433 	DATA 	Keypress: h
503.8266 	DATA 	Keypress: backspace
504.0267 	DATA 	Keypress: backspace
509.3268 	DATA 	Keypress: c
509.3770 	DATA 	Keypress: a
509.7933 	DATA 	Keypress: t
509.9684 	EXP 	New trial (rep=5, index=11): {'leftStreamFlip': False, 'oneTarget': True, 'trialInstructionPos': (0, 1), 'probe': 'both', 'rightStreamFlip': False, 'horizVert': True, 'ISIframes': 2, 'rightResponseFirst': True}
509.9765 	INFO 	numtrials=360 and this trialDurFrames=3 or 50.0 ms  task=T1
510.9596 	EXP 	window1: recordFrameIntervals = False
510.9674 	INFO 	Mouse: using default window
511.9450 	DATA 	Keypress: h
512.1769 	DATA 	Keypress: u
512.2101 	DATA 	Keypress: g
512.3498 	EXP 	New trial (rep=6, index=0): {'leftStreamFlip': False, 'oneTarget': True, 'trialInstructionPos': (0, -1), 'probe': 'both', 'rightStreamFlip': False, 'horizVert': True, 'ISIframes': 2, 'rightResponseFirst': False}
512.3603 	INFO 	numtrials=360 and this trialDurFrames=3 or 50.0 ms  task=T1
513.4592 	EXP 	window1: recordFrameIntervals = False
513.4670 	INFO 	Mouse: using default window
514.4603 	DATA 	Keypress: i
514.5774 	DATA 	Keypress: c
514.6104 	DATA 	Keypress: e
514.7502 	EXP 	New trial (rep=6, index=1): {'leftStreamFlip': False, 'oneTarget': True, 'trialInstructionPos': (0, 1), 'probe': 'both', 'rightStreamFlip': False, 'horizVert': True, 'ISIframes': 2, 'rightResponseFirst': False}
514.7602 	INFO 	numtrials=360 and this trialDurFrames=3 or 50.0 ms  task=T1
515.7260 	EXP 	window1: recordFrameIntervals = False
515.7332 	INFO 	Mouse: using default window
516.3767 	DATA 	Keypress: b
516.6765 	DATA 	Keypress: i
516.7445 	DATA 	Keypress: t
516.8992 	EXP 	New trial (rep=6, index=2): {'leftStreamFlip': False, 'oneTarget': False, 'trialInstructionPos': (0, 1), 'probe': 'both', 'rightStreamFlip': False, 'horizVert': True, 'ISIframes': 2, 'rightResponseFirst': False}
516.9095 	INFO 	numtrials=360 and this trialDurFrames=3 or 50.0 ms  task=T1
517.9764 	EXP 	window1: recordFrameIntervals = False
517.9834 	INFO 	Mouse: using default window
519.2604 	DATA 	Keypress: b
519.8773 	DATA 	Keypress: i
520.7269 	DATA 	Keypress: backspace
520.8768 	DATA 	Keypress: backspace
521.0931 	DATA 	Keypress: e
521.1931 	DATA 	Keypress: g
521.3770 	DATA 	Keypress: g
522.0598 	DATA 	Keypress: b
522.5274 	DATA 	Keypress: u
522.7115 	DATA 	Keypress: t
522.8720 	EXP 	New trial (rep=6, index=3): {'leftStreamFlip': False, 'oneTarget': False, 'trialInstructionPos': (0, 1), 'probe': 'both', 'rightStreamFlip': False, 'horizVert': True, 'ISIframes': 2, 'rightResponseFirst': True}
522.8929 	INFO 	numtrials=360 and this trialDurFrames=3 or 50.0 ms  task=T1
523.9093 	EXP 	window1: recordFrameIntervals = False
523.9170 	INFO 	Mouse: using default window
524.6433 	DATA 	Keypress: r
524.9598 	DATA 	Keypress: e
525.1929 	DATA 	Keypress: d
525.6437 	DATA 	Keypress: g
525.7941 	DATA 	Keypress: u
525.9769 	DATA 	Keypress: m
526.1188 	EXP 	New trial (rep=6, index=4): {'leftStreamFlip': False, 'oneTarget': True, 'trialInstructionPos': (0, -1), 'probe': 'both', 'rightStreamFlip': False, 'horizVert': True, 'ISIframes': 2, 'rightResponseFirst': True}
526.1428 	INFO 	numtrials=360 and this trialDurFrames=3 or 50.0 ms  task=T1
527.1593 	EXP 	window1: recordFrameIntervals = False
527.1671 	INFO 	Mouse: using default window
527.8432 	DATA 	Keypress: l
527.9116 	DATA 	Keypress: e
527.9933 	DATA 	Keypress: g
528.1322 	EXP 	New trial (rep=6, index=5): {'leftStreamFlip': False, 'oneTarget': False, 'trialInstructionPos': (0, -1), 'probe': 'both', 'rightStreamFlip': False, 'horizVert': True, 'ISIframes': 2, 'rightResponseFirst': False}
528.1427 	INFO 	numtrials=360 and this trialDurFrames=3 or 50.0 ms  task=T1
529.2263 	EXP 	window1: recordFrameIntervals = False
529.2331 	INFO 	Mouse: using default window
530.1771 	DATA 	Keypress: b
530.4267 	DATA 	Keypress: o
530.5613 	DATA 	Keypress: x
531.9450 	DATA 	Keypress: b
532.1269 	DATA 	Keypress: i
532.2267 	DATA 	Keypress: g
532.3687 	EXP 	New trial (rep=6, index=6): {'leftStreamFlip': False, 'oneTarget': False, 'trialInstructionPos': (0, 1), 'probe': 'both', 'rightStreamFlip': False, 'horizVert': True, 'ISIframes': 2, 'rightResponseFirst': False}
532.3928 	INFO 	numtrials=360 and this trialDurFrames=3 or 50.0 ms  task=T1
533.4093 	EXP 	window1: recordFrameIntervals = False
533.4168 	INFO 	Mouse: using default window
533.9117 	DATA 	Keypress: b
534.4101 	DATA 	Keypress: backspace
534.7937 	DATA 	Keypress: h
536.2266 	DATA 	Keypress: i
536.3284 	DATA 	Keypress: t
536.8098 	DATA 	Keypress: b
536.9437 	DATA 	Keypress: a
537.0771 	DATA 	Keypress: y
537.2211 	EXP 	New trial (rep=6, index=7): {'leftStreamFlip': False, 'oneTarget': True, 'trialInstructionPos': (0, 1), 'probe': 'both', 'rightStreamFlip': False, 'horizVert': True, 'ISIframes': 2, 'rightResponseFirst': True}
537.2428 	INFO 	numtrials=360 and this trialDurFrames=3 or 50.0 ms  task=T1
538.2594 	EXP 	window1: recordFrameIntervals = False
538.2668 	INFO 	Mouse: using default window
538.9938 	DATA 	Keypress: g
539.0932 	DATA 	Keypress: u
539.1931 	DATA 	Keypress: t
539.3331 	EXP 	New trial (rep=6, index=8): {'leftStreamFlip': False, 'oneTarget': False, 'trialInstructionPos': (0, -1), 'probe': 'both', 'rightStreamFlip': False, 'horizVert': True, 'ISIframes': 2, 'rightResponseFirst': False}
539.3430 	INFO 	numtrials=360 and this trialDurFrames=4 or 66.6666666667 ms  task=T1
540.5262 	EXP 	window1: recordFrameIntervals = False
540.5335 	INFO 	Mouse: using default window
542.1770 	DATA 	Keypress: g
542.2770 	DATA 	Keypress: u
542.4267 	DATA 	Keypress: t
542.7607 	DATA 	Keypress: n
542.8432 	DATA 	Keypress: e
542.9265 	DATA 	Keypress: w
543.0692 	EXP 	New trial (rep=6, index=9): {'leftStreamFlip': False, 'oneTarget': False, 'trialInstructionPos': (0, -1), 'probe': 'both', 'rightStreamFlip': False, 'horizVert': True, 'ISIframes': 2, 'rightResponseFirst': True}
543.0929 	INFO 	numtrials=360 and this trialDurFrames=4 or 66.6666666667 ms  task=T1
544.2094 	EXP 	window1: recordFrameIntervals = False
544.2172 	INFO 	Mouse: using default window
544.7602 	DATA 	Keypress: b
545.1607 	DATA 	Keypress: o
545.3100 	DATA 	Keypress: x
546.7101 	DATA 	Keypress: h
547.1932 	DATA 	Keypress: e
548.1766 	DATA 	Keypress: backspace
548.4267 	DATA 	Keypress: o
548.5265 	DATA 	Keypress: t
548.6702 	EXP 	New trial (rep=6, index=10): {'leftStreamFlip': False, 'oneTarget': False, 'trialInstructionPos': (0, 1), 'probe': 'both', 'rightStreamFlip': False, 'horizVert': True, 'ISIframes': 2, 'rightResponseFirst': True}
548.6928 	INFO 	numtrials=360 and this trialDurFrames=3 or 50.0 ms  task=T1
549.6599 	EXP 	window1: recordFrameIntervals = False
549.6672 	INFO 	Mouse: using default window
550.6932 	DATA 	Keypress: p
550.9098 	DATA 	Keypress: o
550.9770 	DATA 	Keypress: p
551.4767 	DATA 	Keypress: b
551.5606 	DATA 	Keypress: u
551.9266 	DATA 	Keypress: m
552.0671 	EXP 	New trial (rep=6, index=11): {'leftStreamFlip': False, 'oneTarget': False, 'trialInstructionPos': (0, -1), 'probe': 'both', 'rightStreamFlip': False, 'horizVert': True, 'ISIframes': 2, 'rightResponseFirst': True}
552.0928 	INFO 	numtrials=360 and this trialDurFrames=3 or 50.0 ms  task=T1
553.0599 	EXP 	window1: recordFrameIntervals = False
553.0670 	INFO 	Mouse: using default window
553.5602 	DATA 	Keypress: d
553.6933 	DATA 	Keypress: a
553.8108 	DATA 	Keypress: d
555.0436 	DATA 	Keypress: g
560.3448 	DATA 	Keypress: o
560.4103 	DATA 	Keypress: d
560.5610 	EXP 	New trial (rep=7, index=0): {'leftStreamFlip': False, 'oneTarget': True, 'trialInstructionPos': (0, 1), 'probe': 'both', 'rightStreamFlip': False, 'horizVert': True, 'ISIframes': 2, 'rightResponseFirst': False}
560.5764 	INFO 	numtrials=360 and this trialDurFrames=3 or 50.0 ms  task=T1
561.7099 	EXP 	window1: recordFrameIntervals = False
561.7175 	INFO 	Mouse: using default window
562.4933 	DATA 	Keypress: b
562.5932 	DATA 	Keypress: a
562.7932 	DATA 	Keypress: r
562.9326 	EXP 	New trial (rep=7, index=1): {'leftStreamFlip': False, 'oneTarget': False, 'trialInstructionPos': (0, -1), 'probe': 'both', 'rightStreamFlip': False, 'horizVert': True, 'ISIframes': 2, 'rightResponseFirst': False}
562.9428 	INFO 	numtrials=360 and this trialDurFrames=3 or 50.0 ms  task=T1
563.9935 	EXP 	window1: recordFrameIntervals = False
564.0003 	INFO 	Mouse: using default window
565.6599 	DATA 	Keypress: h
565.7932 	DATA 	Keypress: e
565.9105 	DATA 	Keypress: y
566.4098 	DATA 	Keypress: t
566.4932 	DATA 	Keypress: o
567.1284 	DATA 	Keypress: e
567.2850 	EXP 	New trial (rep=7, index=2): {'leftStreamFlip': False, 'oneTarget': False, 'trialInstructionPos': (0, -1), 'probe': 'both', 'rightStreamFlip': False, 'horizVert': True, 'ISIframes': 2, 'rightResponseFirst': True}
567.3094 	INFO 	numtrials=360 and this trialDurFrames=3 or 50.0 ms  task=T1
568.4099 	EXP 	window1: recordFrameIntervals = False
568.4168 	INFO 	Mouse: using default window
569.0604 	DATA 	Keypress: o
569.1767 	DATA 	Keypress: f
569.3433 	DATA 	Keypress: f
569.8767 	DATA 	Keypress: h
569.9937 	DATA 	Keypress: e
570.0599 	DATA 	Keypress: y
570.2015 	EXP 	New trial (rep=7, index=3): {'leftStreamFlip': False, 'oneTarget': True, 'trialInstructionPos': (0, -1), 'probe': 'both', 'rightStreamFlip': False, 'horizVert': True, 'ISIframes': 2, 'rightResponseFirst': False}
570.2262 	INFO 	numtrials=360 and this trialDurFrames=3 or 50.0 ms  task=T1
571.4094 	EXP 	window1: recordFrameIntervals = False
571.4169 	INFO 	Mouse: using default window
572.7767 	DATA 	Keypress: b
573.8432 	DATA 	Keypress: o
574.1435 	DATA 	Keypress: t
574.2838 	EXP 	New trial (rep=7, index=4): {'leftStreamFlip': False, 'oneTarget': False, 'trialInstructionPos': (0, 1), 'probe': 'both', 'rightStreamFlip': False, 'horizVert': True, 'ISIframes': 2, 'rightResponseFirst': True}
574.2935 	INFO 	numtrials=360 and this trialDurFrames=3 or 50.0 ms  task=T1
575.4930 	EXP 	window1: recordFrameIntervals = False
575.5001 	INFO 	Mouse: using default window
576.0099 	DATA 	Keypress: s
576.1766 	DATA 	Keypress: a
576.3273 	DATA 	Keypress: w
576.7446 	DATA 	Keypress: g
576.8767 	DATA 	Keypress: e
576.9932 	DATA 	Keypress: t
577.1357 	EXP 	New trial (rep=7, index=5): {'leftStreamFlip': False, 'oneTarget': False, 'trialInstructionPos': (0, 1), 'probe': 'both', 'rightStreamFlip': False, 'horizVert': True, 'ISIframes': 2, 'rightResponseFirst': False}
577.1598 	INFO 	numtrials=360 and this trialDurFrames=3 or 50.0 ms  task=T1
578.3094 	EXP 	window1: recordFrameIntervals = False
578.3170 	INFO 	Mouse: using default window
578.8771 	DATA 	Keypress: d
579.0100 	DATA 	Keypress: o
579.5763 	DATA 	Keypress: backspace
579.7266 	DATA 	Keypress: backspace
580.0432 	DATA 	Keypress: a
580.1432 	DATA 	Keypress: i
580.6937 	DATA 	Keypress: m
581.0099 	DATA 	Keypress: d
581.2270 	DATA 	Keypress: o
581.3937 	DATA 	Keypress: g
581.5380 	EXP 	New trial (rep=7, index=6): {'leftStreamFlip': False, 'oneTarget': True, 'trialInstructionPos': (0, 1), 'probe': 'both', 'rightStreamFlip': False, 'horizVert': True, 'ISIframes': 2, 'rightResponseFirst': True}
581.5596 	INFO 	numtrials=360 and this trialDurFrames=3 or 50.0 ms  task=T1
582.5260 	EXP 	window1: recordFrameIntervals = False
582.5335 	INFO 	Mouse: using default window
583.1271 	DATA 	Keypress: f
583.2435 	DATA 	Keypress: o
583.3769 	DATA 	Keypress: x
583.5164 	EXP 	New trial (rep=7, index=7): {'leftStreamFlip': False, 'oneTarget': False, 'trialInstructionPos': (0, 1), 'probe': 'both', 'rightStreamFlip': False, 'horizVert': True, 'ISIframes': 2, 'rightResponseFirst': True}
583.5265 	INFO 	numtrials=360 and this trialDurFrames=3 or 50.0 ms  task=T1
584.6267 	EXP 	window1: recordFrameIntervals = False
584.6335 	INFO 	Mouse: using default window
585.2433 	DATA 	Keypress: i
585.3266 	DATA 	Keypress: c
585.3766 	DATA 	Keypress: e
589.8773 	DATA 	Keypress: h
589.9607 	DATA 	Keypress: a
590.1770 	DATA 	Keypress: t
590.3218 	EXP 	New trial (rep=7, index=8): {'leftStreamFlip': False, 'oneTarget': False, 'trialInstructionPos': (0, 1), 'probe': 'both', 'rightStreamFlip': False, 'horizVert': True, 'ISIframes': 2, 'rightResponseFirst': False}
590.3428 	INFO 	numtrials=360 and this trialDurFrames=3 or 50.0 ms  task=T1
591.5427 	EXP 	window1: recordFrameIntervals = False
591.5504 	INFO 	Mouse: using default window
592.8435 	DATA 	Keypress: b
593.1607 	DATA 	Keypress: i
593.2270 	DATA 	Keypress: g
594.0099 	DATA 	Keypress: o
594.2099 	DATA 	Keypress: u
594.3285 	DATA 	Keypress: r
594.4866 	EXP 	New trial (rep=7, index=9): {'leftStreamFlip': False, 'oneTarget': True, 'trialInstructionPos': (0, -1), 'probe': 'both', 'rightStreamFlip': False, 'horizVert': True, 'ISIframes': 2, 'rightResponseFirst': True}
594.5097 	INFO 	numtrials=360 and this trialDurFrames=3 or 50.0 ms  task=T1
595.7094 	EXP 	window1: recordFrameIntervals = False
595.7172 	INFO 	Mouse: using default window
596.9772 	DATA 	Keypress: b
597.0938 	DATA 	Keypress: i
597.1774 	DATA 	Keypress: g
597.3177 	EXP 	New trial (rep=7, index=10): {'leftStreamFlip': False, 'oneTarget': False, 'trialInstructionPos': (0, -1), 'probe': 'both', 'rightStreamFlip': False, 'horizVert': True, 'ISIframes': 2, 'rightResponseFirst': False}
597.3432 	INFO 	numtrials=360 and this trialDurFrames=3 or 50.0 ms  task=T1
598.3100 	EXP 	window1: recordFrameIntervals = False
598.3176 	INFO 	Mouse: using default window
599.9766 	DATA 	Keypress: b
601.2772 	DATA 	Keypress: o
601.3433 	DATA 	Keypress: t
602.4599 	DATA 	Keypress: h
602.6266 	DATA 	Keypress: a
602.8599 	DATA 	Keypress: t
603.0019 	EXP 	New trial (rep=7, index=11): {'leftStreamFlip': False, 'oneTarget': False, 'trialInstructionPos': (0, -1), 'probe': 'both', 'rightStreamFlip': False, 'horizVert': True, 'ISIframes': 2, 'rightResponseFirst': True}
603.0263 	INFO 	numtrials=360 and this trialDurFrames=3 or 50.0 ms  task=T1
604.1763 	EXP 	window1: recordFrameIntervals = False
604.1841 	INFO 	Mouse: using default window
605.4434 	DATA 	Keypress: b
605.8599 	DATA 	Keypress: backspace
606.1266 	DATA 	Keypress: h
606.1599 	DATA 	Keypress: a
606.5100 	DATA 	Keypress: backspace
606.8267 	DATA 	Keypress: a
607.0435 	DATA 	Keypress: t
608.0935 	DATA 	Keypress: b
608.1939 	DATA 	Keypress: o
608.2933 	DATA 	Keypress: y
608.4386 	EXP 	New trial (rep=8, index=0): {'leftStreamFlip': False, 'oneTarget': True, 'trialInstructionPos': (0, 1), 'probe': 'both', 'rightStreamFlip': False, 'horizVert': True, 'ISIframes': 2, 'rightResponseFirst': True}
608.4597 	INFO 	numtrials=360 and this trialDurFrames=3 or 50.0 ms  task=T1
609.6094 	EXP 	window1: recordFrameIntervals = False
609.6169 	INFO 	Mouse: using default window
610.0602 	DATA 	Keypress: r
610.1770 	DATA 	Keypress: o
610.2767 	DATA 	Keypress: w
610.4167 	EXP 	New trial (rep=8, index=1): {'leftStreamFlip': False, 'oneTarget': False, 'trialInstructionPos': (0, 1), 'probe': 'both', 'rightStreamFlip': False, 'horizVert': True, 'ISIframes': 2, 'rightResponseFirst': False}
610.4263 	INFO 	numtrials=360 and this trialDurFrames=4 or 66.6666666667 ms  task=T1
611.5099 	EXP 	window1: recordFrameIntervals = False
611.5170 	INFO 	Mouse: using default window
612.0602 	DATA 	Keypress: r
612.3104 	DATA 	Keypress: i
612.9935 	DATA 	Keypress: backspace
613.1284 	DATA 	Keypress: backspace
613.3437 	DATA 	Keypress: o
613.4099 	DATA 	Keypress: f
613.5601 	DATA 	Keypress: f
614.0433 	DATA 	Keypress: r
614.1603 	DATA 	Keypress: i
614.2599 	DATA 	Keypress: d
614.4073 	EXP 	New trial (rep=8, index=2): {'leftStreamFlip': False, 'oneTarget': False, 'trialInstructionPos': (0, 1), 'probe': 'both', 'rightStreamFlip': False, 'horizVert': True, 'ISIframes': 2, 'rightResponseFirst': True}
614.4264 	INFO 	numtrials=360 and this trialDurFrames=4 or 66.6666666667 ms  task=T1
615.5766 	EXP 	window1: recordFrameIntervals = False
615.5838 	INFO 	Mouse: using default window
616.1604 	DATA 	Keypress: a
616.5939 	DATA 	Keypress: t
616.7450 	DATA 	Keypress: e
618.0766 	DATA 	Keypress: w
619.2603 	DATA 	Keypress: e
619.4600 	DATA 	Keypress: t
619.6017 	EXP 	New trial (rep=8, index=3): {'leftStreamFlip': False, 'oneTarget': False, 'trialInstructionPos': (0, -1), 'probe': 'both', 'rightStreamFlip': False, 'horizVert': True, 'ISIframes': 2, 'rightResponseFirst': True}
619.6262 	INFO 	numtrials=360 and this trialDurFrames=3 or 50.0 ms  task=T1
620.6595 	EXP 	window1: recordFrameIntervals = False
620.6678 	INFO 	Mouse: using default window
621.2602 	DATA 	Keypress: m
621.4270 	DATA 	Keypress: o
621.5100 	DATA 	Keypress: b
622.4437 	DATA 	Keypress: g
622.5603 	DATA 	Keypress: e
622.6604 	DATA 	Keypress: t
622.8020 	EXP 	New trial (rep=8, index=4): {'leftStreamFlip': False, 'oneTarget': False, 'trialInstructionPos': (0, -1), 'probe': 'both', 'rightStreamFlip': False, 'horizVert': True, 'ISIframes': 2, 'rightResponseFirst': True}
622.8264 	INFO 	numtrials=360 and this trialDurFrames=3 or 50.0 ms  task=T1
623.7934 	EXP 	window1: recordFrameIntervals = False
623.8005 	INFO 	Mouse: using default window
624.6765 	DATA 	Keypress: t
625.0100 	DATA 	Keypress: o
625.1771 	DATA 	Keypress: o
625.4939 	DATA 	Keypress: b
625.5773 	DATA 	Keypress: u
625.7932 	DATA 	Keypress: y
625.9351 	EXP 	New trial (rep=8, index=5): {'leftStreamFlip': False, 'oneTarget': True, 'trialInstructionPos': (0, -1), 'probe': 'both', 'rightStreamFlip': False, 'horizVert': True, 'ISIframes': 2, 'rightResponseFirst': False}
625.9594 	INFO 	numtrials=360 and this trialDurFrames=3 or 50.0 ms  task=T1
627.1428 	EXP 	window1: recordFrameIntervals = False
627.1496 	INFO 	Mouse: using default window
628.2938 	DATA 	Keypress: b
628.5106 	DATA 	Keypress: u
629.1601 	DATA 	Keypress: t
629.2986 	EXP 	New trial (rep=8, index=6): {'leftStreamFlip': False, 'oneTarget': False, 'trialInstructionPos': (0, -1), 'probe': 'both', 'rightStreamFlip': False, 'horizVert': True, 'ISIframes': 2, 'rightResponseFirst': False}
629.3095 	INFO 	numtrials=360 and this trialDurFrames=3 or 50.0 ms  task=T1
630.3261 	EXP 	window1: recordFrameIntervals = False
630.3338 	INFO 	Mouse: using default window
632.0266 	DATA 	Keypress: n
632.2599 	DATA 	Keypress: o
632.3601 	DATA 	Keypress: w
633.0605 	DATA 	Keypress: a
633.2271 	DATA 	Keypress: r
633.3266 	DATA 	Keypress: e
633.4689 	EXP 	New trial (rep=8, index=7): {'leftStreamFlip': False, 'oneTarget': True, 'trialInstructionPos': (0, -1), 'probe': 'both', 'rightStreamFlip': False, 'horizVert': True, 'ISIframes': 2, 'rightResponseFirst': True}
633.4930 	INFO 	numtrials=360 and this trialDurFrames=3 or 50.0 ms  task=T1
634.4933 	EXP 	window1: recordFrameIntervals = False
634.5001 	INFO 	Mouse: using default window
635.2273 	DATA 	Keypress: i
635.2933 	DATA 	Keypress: c
635.3600 	DATA 	Keypress: e
635.4993 	EXP 	New trial (rep=8, index=8): {'leftStreamFlip': False, 'oneTarget': False, 'trialInstructionPos': (0, -1), 'probe': 'both', 'rightStreamFlip': False, 'horizVert': True, 'ISIframes': 2, 'rightResponseFirst': False}
635.5099 	INFO 	numtrials=360 and this trialDurFrames=4 or 66.6666666667 ms  task=T1
636.4929 	EXP 	window1: recordFrameIntervals = False
636.5008 	INFO 	Mouse: using default window
637.5103 	DATA 	Keypress: n
637.7935 	DATA 	Keypress: e
637.8937 	DATA 	Keypress: w
638.1937 	DATA 	Keypress: s
638.2936 	DATA 	Keypress: k
638.4603 	DATA 	Keypress: i
638.6019 	EXP 	New trial (rep=8, index=9): {'leftStreamFlip': False, 'oneTarget': False, 'trialInstructionPos': (0, 1), 'probe': 'both', 'rightStreamFlip': False, 'horizVert': True, 'ISIframes': 2, 'rightResponseFirst': True}
638.6261 	INFO 	numtrials=360 and this trialDurFrames=4 or 66.6666666667 ms  task=T1
639.8264 	EXP 	window1: recordFrameIntervals = False
639.8336 	INFO 	Mouse: using default window
640.7282 	DATA 	Keypress: n
641.2600 	DATA 	Keypress: backspace
641.5286 	DATA 	Keypress: s
641.6268 	DATA 	Keypress: k
641.8434 	DATA 	Keypress: i
642.4274 	DATA 	Keypress: n
642.5269 	DATA 	Keypress: o
642.6443 	DATA 	Keypress: w
642.7899 	EXP 	New trial (rep=8, index=10): {'leftStreamFlip': False, 'oneTarget': True, 'trialInstructionPos': (0, 1), 'probe': 'both', 'rightStreamFlip': False, 'horizVert': True, 'ISIframes': 2, 'rightResponseFirst': False}
642.8099 	INFO 	numtrials=360 and this trialDurFrames=4 or 66.6666666667 ms  task=T1
643.9429 	EXP 	window1: recordFrameIntervals = False
643.9505 	INFO 	Mouse: using default window
644.5933 	DATA 	Keypress: n
644.6766 	DATA 	Keypress: o
644.7934 	DATA 	Keypress: w
644.9328 	EXP 	New trial (rep=8, index=11): {'leftStreamFlip': False, 'oneTarget': False, 'trialInstructionPos': (0, 1), 'probe': 'both', 'rightStreamFlip': False, 'horizVert': True, 'ISIframes': 2, 'rightResponseFirst': False}
644.9430 	INFO 	numtrials=360 and this trialDurFrames=4 or 66.6666666667 ms  task=T1
646.1594 	EXP 	window1: recordFrameIntervals = False
646.1668 	INFO 	Mouse: using default window
647.1285 	DATA 	Keypress: r
647.2269 	DATA 	Keypress: u
647.3605 	DATA 	Keypress: n
647.7441 	DATA 	Keypress: s
647.8100 	DATA 	Keypress: k
647.9601 	DATA 	Keypress: i
648.1018 	EXP 	New trial (rep=9, index=0): {'leftStreamFlip': False, 'oneTarget': False, 'trialInstructionPos': (0, -1), 'probe': 'both', 'rightStreamFlip': False, 'horizVert': True, 'ISIframes': 2, 'rightResponseFirst': False}
648.1263 	INFO 	numtrials=360 and this trialDurFrames=4 or 66.6666666667 ms  task=T1
649.1595 	EXP 	window1: recordFrameIntervals = False
649.1675 	INFO 	Mouse: using default window
650.1100 	DATA 	Keypress: t
650.2271 	DATA 	Keypress: o
650.3102 	DATA 	Keypress: p
650.7612 	DATA 	Keypress: s
650.8600 	DATA 	Keypress: k
651.1449 	DATA 	Keypress: i
651.3025 	EXP 	New trial (rep=9, index=1): {'leftStreamFlip': False, 'oneTarget': False, 'trialInstructionPos': (0, -1), 'probe': 'both', 'rightStreamFlip': False, 'horizVert': True, 'ISIframes': 2, 'rightResponseFirst': True}
651.3265 	INFO 	numtrials=360 and this trialDurFrames=4 or 66.6666666667 ms  task=T1
652.4430 	EXP 	window1: recordFrameIntervals = False
652.4500 	INFO 	Mouse: using default window
653.0433 	DATA 	Keypress: g
653.4272 	DATA 	Keypress: a
653.5282 	DATA 	Keypress: l
653.8767 	DATA 	Keypress: w
654.0105 	DATA 	Keypress: h
654.1104 	DATA 	Keypress: a
654.2511 	EXP 	New trial (rep=9, index=2): {'leftStreamFlip': False, 'oneTarget': False, 'trialInstructionPos': (0, 1), 'probe': 'both', 'rightStreamFlip': False, 'horizVert': True, 'ISIframes': 2, 'rightResponseFirst': False}
654.2763 	INFO 	numtrials=360 and this trialDurFrames=4 or 66.6666666667 ms  task=T1
654.2953 	DATA 	Keypress: t
655.3261 	EXP 	window1: recordFrameIntervals = False
655.3329 	INFO 	Mouse: using default window
657.1770 	DATA 	Keypress: w
658.7295 	DATA 	Keypress: backspace
659.3267 	DATA 	Keypress: h
659.4600 	DATA 	Keypress: a
659.7600 	DATA 	Keypress: t
660.3285 	DATA 	Keypress: i
660.4266 	DATA 	Keypress: n
660.5433 	DATA 	Keypress: k
660.6885 	EXP 	New trial (rep=9, index=3): {'leftStreamFlip': False, 'oneTarget': False, 'trialInstructionPos': (0, -1), 'probe': 'both', 'rightStreamFlip': False, 'horizVert': True, 'ISIframes': 2, 'rightResponseFirst': True}
660.7096 	INFO 	numtrials=360 and this trialDurFrames=4 or 66.6666666667 ms  task=T1
661.7429 	EXP 	window1: recordFrameIntervals = False
661.7503 	INFO 	Mouse: using default window
662.4603 	DATA 	Keypress: k
662.6604 	DATA 	Keypress: i
662.7104 	DATA 	Keypress: t
662.9433 	DATA 	Keypress: d
663.0933 	DATA 	Keypress: o
663.1933 	DATA 	Keypress: c
663.3351 	EXP 	New trial (rep=9, index=4): {'leftStreamFlip': False, 'oneTarget': False, 'trialInstructionPos': (0, 1), 'probe': 'both', 'rightStreamFlip': False, 'horizVert': True, 'ISIframes': 2, 'rightResponseFirst': False}
663.3441 	INFO 	numtrials=360 and this trialDurFrames=4 or 66.6666666667 ms  task=T1
664.4095 	EXP 	window1: recordFrameIntervals = False
664.4168 	INFO 	Mouse: using default window
665.1285 	DATA 	Keypress: h
665.2439 	DATA 	Keypress: a
665.4767 	DATA 	Keypress: t
665.5603 	DATA 	Keypress: e
666.3284 	DATA 	Keypress: backspace
667.6771 	DATA 	Keypress: h
667.7943 	DATA 	Keypress: a
667.9611 	DATA 	Keypress: t
668.1043 	EXP 	New trial (rep=9, index=5): {'leftStreamFlip': False, 'oneTarget': True, 'trialInstructionPos': (0, -1), 'probe': 'both', 'rightStreamFlip': False, 'horizVert': True, 'ISIframes': 2, 'rightResponseFirst': True}
668.1264 	INFO 	numtrials=360 and this trialDurFrames=4 or 66.6666666667 ms  task=T1
669.3429 	EXP 	window1: recordFrameIntervals = False
669.3501 	INFO 	Mouse: using default window
669.8438 	DATA 	Keypress: t
670.1105 	DATA 	Keypress: a
670.2936 	DATA 	Keypress: g
670.4336 	EXP 	New trial (rep=9, index=6): {'leftStreamFlip': False, 'oneTarget': True, 'trialInstructionPos': (0, 1), 'probe': 'both', 'rightStreamFlip': False, 'horizVert': True, 'ISIframes': 2, 'rightResponseFirst': True}
670.4601 	INFO 	numtrials=360 and this trialDurFrames=4 or 66.6666666667 ms  task=T1
671.4766 	EXP 	window1: recordFrameIntervals = False
671.4841 	INFO 	Mouse: using default window
672.2436 	DATA 	Keypress: r
672.6100 	DATA 	Keypress: i
672.7768 	DATA 	Keypress: p
672.9176 	EXP 	New trial (rep=9, index=7): {'leftStreamFlip': False, 'oneTarget': False, 'trialInstructionPos': (0, 1), 'probe': 'both', 'rightStreamFlip': False, 'horizVert': True, 'ISIframes': 2, 'rightResponseFirst': True}
672.9263 	INFO 	numtrials=360 and this trialDurFrames=4 or 66.6666666667 ms  task=T1
674.1263 	EXP 	window1: recordFrameIntervals = False
674.1341 	INFO 	Mouse: using default window
675.9933 	DATA 	Keypress: r
676.1772 	DATA 	Keypress: e
676.2439 	DATA 	Keypress: d
676.6936 	DATA 	Keypress: h
676.9100 	DATA 	Keypress: o
676.9769 	DATA 	Keypress: t
677.1204 	EXP 	New trial (rep=9, index=8): {'leftStreamFlip': False, 'oneTarget': False, 'trialInstructionPos': (0, 1), 'probe': 'both', 'rightStreamFlip': False, 'horizVert': True, 'ISIframes': 2, 'rightResponseFirst': True}
677.1430 	INFO 	numtrials=360 and this trialDurFrames=4 or 66.6666666667 ms  task=T1
678.1928 	EXP 	window1: recordFrameIntervals = False
678.2003 	INFO 	Mouse: using default window
678.8767 	DATA 	Keypress: w
679.0602 	DATA 	Keypress: e
679.2600 	DATA 	Keypress: e
679.5933 	DATA 	Keypress: h
679.7934 	DATA 	Keypress: i
679.8433 	DATA 	Keypress: d
679.9848 	EXP 	New trial (rep=9, index=9): {'leftStreamFlip': False, 'oneTarget': True, 'trialInstructionPos': (0, 1), 'probe': 'both', 'rightStreamFlip': False, 'horizVert': True, 'ISIframes': 2, 'rightResponseFirst': False}
680.0097 	INFO 	numtrials=360 and this trialDurFrames=4 or 66.6666666667 ms  task=T1
681.0595 	EXP 	window1: recordFrameIntervals = False
681.0670 	INFO 	Mouse: using default window
681.6269 	DATA 	Keypress: j
681.8600 	DATA 	Keypress: a
682.0600 	DATA 	Keypress: r
682.1996 	EXP 	New trial (rep=9, index=10): {'leftStreamFlip': False, 'oneTarget': True, 'trialInstructionPos': (0, -1), 'probe': 'both', 'rightStreamFlip': False, 'horizVert': True, 'ISIframes': 2, 'rightResponseFirst': False}
682.2097 	INFO 	numtrials=360 and this trialDurFrames=4 or 66.6666666667 ms  task=T1
683.1930 	EXP 	window1: recordFrameIntervals = False
683.2009 	INFO 	Mouse: using default window
684.3282 	DATA 	Keypress: h
684.5267 	DATA 	Keypress: o
684.6103 	DATA 	Keypress: t
684.7500 	EXP 	New trial (rep=9, index=11): {'leftStreamFlip': False, 'oneTarget': False, 'trialInstructionPos': (0, -1), 'probe': 'both', 'rightStreamFlip': False, 'horizVert': True, 'ISIframes': 2, 'rightResponseFirst': False}
684.7600 	INFO 	numtrials=360 and this trialDurFrames=4 or 66.6666666667 ms  task=T1
685.9595 	EXP 	window1: recordFrameIntervals = False
685.9677 	INFO 	Mouse: using default window
687.1937 	DATA 	Keypress: t
687.2936 	DATA 	Keypress: i
687.4435 	DATA 	Keypress: p
688.0936 	DATA 	Keypress: p
688.2272 	DATA 	Keypress: o
688.2939 	DATA 	Keypress: d
688.4358 	EXP 	New trial (rep=10, index=0): {'leftStreamFlip': False, 'oneTarget': False, 'trialInstructionPos': (0, 1), 'probe': 'both', 'rightStreamFlip': False, 'horizVert': True, 'ISIframes': 2, 'rightResponseFirst': True}
688.4597 	INFO 	numtrials=360 and this trialDurFrames=4 or 66.6666666667 ms  task=T1
689.4769 	EXP 	window1: recordFrameIntervals = False
689.4843 	INFO 	Mouse: using default window
690.7443 	DATA 	Keypress: a
690.9435 	DATA 	Keypress: t
691.0604 	DATA 	Keypress: e
691.8434 	DATA 	Keypress: i
691.9114 	DATA 	Keypress: t
692.7607 	DATA 	Keypress: return
694.0100 	DATA 	Keypress: backspace
694.2104 	DATA 	Keypress: backspace
695.2605 	DATA 	Keypress: h
695.3599 	DATA 	Keypress: capslock
695.8434 	DATA 	Keypress: backspace
695.8774 	DATA 	Keypress: capslock
696.6106 	DATA 	Keypress: h
696.7606 	DATA 	Keypress: i
696.8267 	DATA 	Keypress: t
696.9780 	EXP 	New trial (rep=10, index=1): {'leftStreamFlip': False, 'oneTarget': False, 'trialInstructionPos': (0, 1), 'probe': 'both', 'rightStreamFlip': False, 'horizVert': True, 'ISIframes': 2, 'rightResponseFirst': False}
696.9932 	INFO 	numtrials=360 and this trialDurFrames=4 or 66.6666666667 ms  task=T1
698.1596 	EXP 	window1: recordFrameIntervals = False
698.1669 	INFO 	Mouse: using default window
699.4771 	DATA 	Keypress: e
699.8270 	DATA 	Keypress: g
699.9768 	DATA 	Keypress: g
700.3283 	DATA 	Keypress: m
700.5606 	DATA 	Keypress: i
700.6772 	DATA 	Keypress: x
700.8188 	EXP 	New trial (rep=10, index=2): {'leftStreamFlip': False, 'oneTarget': True, 'trialInstructionPos': (0, -1), 'probe': 'both', 'rightStreamFlip': False, 'horizVert': True, 'ISIframes': 2, 'rightResponseFirst': False}
700.8429 	INFO 	numtrials=360 and this trialDurFrames=4 or 66.6666666667 ms  task=T1
701.8595 	EXP 	window1: recordFrameIntervals = False
701.8669 	INFO 	Mouse: using default window
702.3603 	DATA 	Keypress: c
702.4438 	DATA 	Keypress: a
702.6768 	DATA 	Keypress: t
702.8164 	EXP 	New trial (rep=10, index=3): {'leftStreamFlip': False, 'oneTarget': True, 'trialInstructionPos': (0, -1), 'probe': 'both', 'rightStreamFlip': False, 'horizVert': True, 'ISIframes': 2, 'rightResponseFirst': True}
702.8265 	INFO 	numtrials=360 and this trialDurFrames=4 or 66.6666666667 ms  task=T1
703.9096 	EXP 	window1: recordFrameIntervals = False
703.9171 	INFO 	Mouse: using default window
704.7103 	DATA 	Keypress: g
704.8768 	DATA 	Keypress: u
705.1285 	DATA 	Keypress: m
705.2851 	EXP 	New trial (rep=10, index=4): {'leftStreamFlip': False, 'oneTarget': False, 'trialInstructionPos': (0, -1), 'probe': 'both', 'rightStreamFlip': False, 'horizVert': True, 'ISIframes': 2, 'rightResponseFirst': False}
705.3097 	INFO 	numtrials=360 and this trialDurFrames=4 or 66.6666666667 ms  task=T1
706.4761 	EXP 	window1: recordFrameIntervals = False
706.4834 	INFO 	Mouse: using default window
707.7934 	DATA 	Keypress: s
707.8770 	DATA 	Keypress: k
708.0604 	DATA 	Keypress: i
708.4773 	DATA 	Keypress: c
708.5268 	DATA 	Keypress: a
708.5934 	DATA 	Keypress: p
708.7347 	EXP 	New trial (rep=10, index=5): {'leftStreamFlip': False, 'oneTarget': True, 'trialInstructionPos': (0, 1), 'probe': 'both', 'rightStreamFlip': False, 'horizVert': True, 'ISIframes': 2, 'rightResponseFirst': False}
708.7595 	INFO 	numtrials=360 and this trialDurFrames=4 or 66.6666666667 ms  task=T1
709.9429 	EXP 	window1: recordFrameIntervals = False
709.9510 	INFO 	Mouse: using default window
710.4942 	DATA 	Keypress: b
710.6101 	DATA 	Keypress: u
710.8438 	DATA 	Keypress: m
710.9834 	EXP 	New trial (rep=10, index=6): {'leftStreamFlip': False, 'oneTarget': False, 'trialInstructionPos': (0, 1), 'probe': 'both', 'rightStreamFlip': False, 'horizVert': True, 'ISIframes': 2, 'rightResponseFirst': True}
711.0104 	INFO 	numtrials=360 and this trialDurFrames=4 or 66.6666666667 ms  task=T1
712.0270 	EXP 	window1: recordFrameIntervals = False
712.0336 	INFO 	Mouse: using default window
712.6601 	DATA 	Keypress: n
713.5603 	DATA 	Keypress: u
713.6267 	DATA 	Keypress: t
714.0771 	DATA 	Keypress: t
714.3118 	DATA 	Keypress: a
714.3767 	DATA 	Keypress: x
714.5176 	EXP 	New trial (rep=10, index=7): {'leftStreamFlip': False, 'oneTarget': True, 'trialInstructionPos': (0, 1), 'probe': 'both', 'rightStreamFlip': False, 'horizVert': True, 'ISIframes': 2, 'rightResponseFirst': True}
714.5267 	INFO 	numtrials=360 and this trialDurFrames=4 or 66.6666666667 ms  task=T1
715.7434 	EXP 	window1: recordFrameIntervals = False
715.7507 	INFO 	Mouse: using default window
717.9101 	DATA 	Keypress: h
718.1437 	DATA 	Keypress: a
718.3934 	DATA 	Keypress: t
718.5328 	EXP 	New trial (rep=10, index=8): {'leftStreamFlip': False, 'oneTarget': False, 'trialInstructionPos': (0, -1), 'probe': 'both', 'rightStreamFlip': False, 'horizVert': True, 'ISIframes': 2, 'rightResponseFirst': True}
718.5434 	INFO 	numtrials=360 and this trialDurFrames=4 or 66.6666666667 ms  task=T1
719.5435 	EXP 	window1: recordFrameIntervals = False
719.5510 	INFO 	Mouse: using default window
721.1770 	DATA 	Keypress: h
721.3604 	DATA 	Keypress: a
721.5452 	DATA 	Keypress: t
722.0114 	DATA 	Keypress: b
722.3448 	DATA 	Keypress: a
722.5438 	DATA 	Keypress: r
722.6846 	EXP 	New trial (rep=10, index=9): {'leftStreamFlip': False, 'oneTarget': False, 'trialInstructionPos': (0, 1), 'probe': 'both', 'rightStreamFlip': False, 'horizVert': True, 'ISIframes': 2, 'rightResponseFirst': False}
722.7096 	INFO 	numtrials=360 and this trialDurFrames=4 or 66.6666666667 ms  task=T1
723.7767 	EXP 	window1: recordFrameIntervals = False
723.7836 	INFO 	Mouse: using default window
725.5117 	DATA 	Keypress: b
726.9107 	DATA 	Keypress: o
727.0442 	DATA 	Keypress: y
727.4107 	DATA 	Keypress: c
727.5119 	DATA 	Keypress: a
727.9285 	DATA 	Keypress: b
728.0847 	EXP 	New trial (rep=10, index=10): {'leftStreamFlip': False, 'oneTarget': False, 'trialInstructionPos': (0, -1), 'probe': 'both', 'rightStreamFlip': False, 'horizVert': True, 'ISIframes': 2, 'rightResponseFirst': True}
728.0936 	INFO 	numtrials=360 and this trialDurFrames=4 or 66.6666666667 ms  task=T1
729.1101 	EXP 	window1: recordFrameIntervals = False
729.1172 	INFO 	Mouse: using default window
730.0101 	DATA 	Keypress: t
730.2434 	DATA 	Keypress: i
730.4268 	DATA 	Keypress: p
730.8601 	DATA 	Keypress: s
730.9774 	DATA 	Keypress: i
731.0769 	DATA 	Keypress: x
731.2183 	EXP 	New trial (rep=10, index=11): {'leftStreamFlip': False, 'oneTarget': False, 'trialInstructionPos': (0, -1), 'probe': 'both', 'rightStreamFlip': False, 'horizVert': True, 'ISIframes': 2, 'rightResponseFirst': False}
731.2430 	INFO 	numtrials=360 and this trialDurFrames=4 or 66.6666666667 ms  task=T1
732.2769 	EXP 	window1: recordFrameIntervals = False
732.2841 	INFO 	Mouse: using default window
733.9618 	DATA 	Keypress: h
734.0770 	DATA 	Keypress: a
734.2943 	DATA 	Keypress: t
735.7608 	DATA 	Keypress: s
735.8105 	DATA 	Keypress: i
735.9287 	DATA 	Keypress: x
736.0866 	EXP 	New trial (rep=11, index=0): {'leftStreamFlip': False, 'oneTarget': False, 'trialInstructionPos': (0, 1), 'probe': 'both', 'rightStreamFlip': False, 'horizVert': True, 'ISIframes': 2, 'rightResponseFirst': True}
736.1097 	INFO 	numtrials=360 and this trialDurFrames=4 or 66.6666666667 ms  task=T1
737.1596 	EXP 	window1: recordFrameIntervals = False
737.1676 	INFO 	Mouse: using default window
737.7605 	DATA 	Keypress: c
738.5935 	DATA 	Keypress: u
738.6601 	DATA 	Keypress: t
740.6604 	DATA 	Keypress: h
740.7286 	DATA 	Keypress: a
741.3100 	DATA 	Keypress: t
741.4520 	EXP 	New trial (rep=11, index=1): {'leftStreamFlip': False, 'oneTarget': True, 'trialInstructionPos': (0, 1), 'probe': 'both', 'rightStreamFlip': False, 'horizVert': True, 'ISIframes': 2, 'rightResponseFirst': True}
741.4764 	INFO 	numtrials=360 and this trialDurFrames=4 or 66.6666666667 ms  task=T1
742.5264 	EXP 	window1: recordFrameIntervals = False
742.5340 	INFO 	Mouse: using default window
743.8272 	DATA 	Keypress: s
744.0937 	DATA 	Keypress: i
744.2771 	DATA 	Keypress: t
744.4169 	EXP 	New trial (rep=11, index=2): {'leftStreamFlip': False, 'oneTarget': False, 'trialInstructionPos': (0, -1), 'probe': 'both', 'rightStreamFlip': False, 'horizVert': True, 'ISIframes': 2, 'rightResponseFirst': False}
744.4264 	INFO 	numtrials=360 and this trialDurFrames=4 or 66.6666666667 ms  task=T1
745.6102 	EXP 	window1: recordFrameIntervals = False
745.6175 	INFO 	Mouse: using default window
746.2941 	DATA 	Keypress: f
746.5604 	DATA 	Keypress: a
746.6106 	DATA 	Keypress: n
747.7608 	DATA 	Keypress: f
747.8768 	DATA 	Keypress: a
747.9106 	DATA 	Keypress: n
748.0525 	EXP 	New trial (rep=11, index=3): {'leftStreamFlip': False, 'oneTarget': False, 'trialInstructionPos': (0, -1), 'probe': 'both', 'rightStreamFlip': False, 'horizVert': True, 'ISIframes': 2, 'rightResponseFirst': False}
748.0769 	INFO 	numtrials=360 and this trialDurFrames=4 or 66.6666666667 ms  task=T1
749.1095 	EXP 	window1: recordFrameIntervals = False
749.1174 	INFO 	Mouse: using default window
749.8940 	DATA 	Keypress: g
750.2438 	DATA 	Keypress: u
750.3603 	DATA 	Keypress: y
750.7945 	DATA 	Keypress: r
750.8434 	DATA 	Keypress: e
751.0938 	DATA 	Keypress: d
751.2362 	EXP 	New trial (rep=11, index=4): {'leftStreamFlip': False, 'oneTarget': True, 'trialInstructionPos': (0, -1), 'probe': 'both', 'rightStreamFlip': False, 'horizVert': True, 'ISIframes': 2, 'rightResponseFirst': True}
751.2598 	INFO 	numtrials=360 and this trialDurFrames=4 or 66.6666666667 ms  task=T1
752.2596 	EXP 	window1: recordFrameIntervals = False
752.2673 	INFO 	Mouse: using default window
752.7452 	DATA 	Keypress: d
752.8269 	DATA 	Keypress: i
752.9934 	DATA 	Keypress: g
753.1329 	EXP 	New trial (rep=11, index=5): {'leftStreamFlip': False, 'oneTarget': True, 'trialInstructionPos': (0, 1), 'probe': 'both', 'rightStreamFlip': False, 'horizVert': True, 'ISIframes': 2, 'rightResponseFirst': False}
753.1431 	INFO 	numtrials=360 and this trialDurFrames=4 or 66.6666666667 ms  task=T1
754.1264 	EXP 	window1: recordFrameIntervals = False
754.1337 	INFO 	Mouse: using default window
754.7453 	DATA 	Keypress: f
754.8274 	DATA 	Keypress: l
754.9934 	DATA 	Keypress: y
755.1335 	EXP 	New trial (rep=11, index=6): {'leftStreamFlip': False, 'oneTarget': False, 'trialInstructionPos': (0, 1), 'probe': 'both', 'rightStreamFlip': False, 'horizVert': True, 'ISIframes': 2, 'rightResponseFirst': True}
755.1603 	INFO 	numtrials=360 and this trialDurFrames=4 or 66.6666666667 ms  task=T1
756.2601 	EXP 	window1: recordFrameIntervals = False
756.2670 	INFO 	Mouse: using default window
757.6771 	DATA 	Keypress: h
757.8934 	DATA 	Keypress: o
757.9448 	DATA 	Keypress: t
761.2109 	DATA 	Keypress: h
761.3605 	DATA 	Keypress: o
761.4107 	DATA 	Keypress: t
761.5547 	EXP 	New trial (rep=11, index=7): {'leftStreamFlip': False, 'oneTarget': False, 'trialInstructionPos': (0, -1), 'probe': 'both', 'rightStreamFlip': False, 'horizVert': True, 'ISIframes': 2, 'rightResponseFirst': True}
761.5769 	INFO 	numtrials=360 and this trialDurFrames=4 or 66.6666666667 ms  task=T1
762.7596 	EXP 	window1: recordFrameIntervals = False
762.7674 	INFO 	Mouse: using default window
764.8935 	DATA 	Keypress: w
764.9774 	DATA 	Keypress: o
765.1282 	DATA 	Keypress: w
765.5605 	DATA 	Keypress: r
765.8440 	DATA 	Keypress: e
765.9285 	DATA 	Keypress: d
766.0851 	EXP 	New trial (rep=11, index=8): {'leftStreamFlip': False, 'oneTarget': False, 'trialInstructionPos': (0, 1), 'probe': 'both', 'rightStreamFlip': False, 'horizVert': True, 'ISIframes': 2, 'rightResponseFirst': False}
766.1098 	INFO 	numtrials=360 and this trialDurFrames=4 or 66.6666666667 ms  task=T1
767.1933 	EXP 	window1: recordFrameIntervals = False
767.2006 	INFO 	Mouse: using default window
771.6769 	DATA 	Keypress: lctrl
772.3768 	DATA 	Keypress: lshift
776.0270 	DATA 	Keypress: z
776.0464 	INFO 	Stopping at 12:21 on 06 Aug 2018
776.0479 	ERROR 	user aborted experiment on keypress with trials done=140 of 361
776.0657 	INFO 	Program terminating normally.
