1.4296 	WARNING 	Monitor specification not found. Creating a temporary one...
14.0274 	EXP 	Created window1 = Window(allowGUI=False, allowStencil=False, autoLog=True, bitsMode=UNKNOWN, blendMode='avg', color=array([-0.7, -0.7, -0.7]), colorSpace='rgb', fullscr=UNKNOWN, gamma=None, lms=UNKNOWN, monitor=<psychopy.monitors.calibTools.Monitor object at 0x1B0B2170>, name='window1', pos=[0, 0], screen=0, size=array([1920, 1080]), stereo=False, units='deg', useFBO=False, useRetina=False, viewOri=0.0, viewPos=None, viewScale=None, waitBlanking=False, winType='pyglet')
14.0274 	INFO 	Mouse: using default window
14.0277 	EXP 	window1: units = 'norm'
14.1128 	EXP 	Created unnamed ImageStim = ImageStim(autoLog=True, color=array([ 1.,  1.,  1.]), colorSpace='rgb', contrast=1.0, depth=0, flipHoriz=False, flipVert=False, image=str(...), interpolate=False, mask=None, maskParams=None, name='unnamed ImageStim', opacity=1.0, ori=0.0, pos=array([-0.5,  0. ]), size=array([ 1.290625  ,  3.24814815]), texRes=128, units='norm', win=Window(...))
14.1782 	EXP 	Created unnamed ImageStim = ImageStim(autoLog=True, color=array([ 1.,  1.,  1.]), colorSpace='rgb', contrast=1.0, depth=0, flipHoriz=False, flipVert=False, image=str(...), interpolate=False, mask=None, maskParams=None, name='unnamed ImageStim', opacity=1.0, ori=0.0, pos=array([ 0.5,  0. ]), size=array([ 1.290625  ,  3.24814815]), texRes=128, units='norm', win=Window(...))
14.1940 	EXP 	Created OKrespZone = GratingStim(autoDraw=False, autoLog=True, color=array([ 1. ,  0.5,  0.5]), colorSpace='rgb', contrast=1.0, depth=0, interpolate=False, mask='gauss', maskParams=None, name='OKrespZone', opacity=1.0, ori=0.0, phase=array([ 0.,  0.]), pos=array([-0.2 , -0.92]), rgbPedestal=array([ 0.,  0.,  0.]), sf=array([ 0.,  0.]), size=array([ 2.3,  0.2]), tex='sin', texRes=256, units='norm', win=Window(...))
14.3681 	EXP 	unnamed ImageStim: size = (1, 2)
14.3681 	EXP 	unnamed ImageStim: size = (1, 2)
27.4872 	DATA 	Mouse: Left button down, pos=(615,73)
27.5034 	EXP 	window1: units = 'deg'
27.5037 	EXP 	window1: units = 'norm'
27.5222 	EXP 	Created OKrespZone = GratingStim(autoDraw=False, autoLog=True, color=array([ 1. ,  0.5,  0.5]), colorSpace='rgb', contrast=1.0, depth=0, interpolate=False, mask='gauss', maskParams=None, name='OKrespZone', opacity=1.0, ori=0.0, phase=array([ 0.,  0.]), pos=array([-0.2 , -0.92]), rgbPedestal=array([ 0.,  0.,  0.]), sf=array([ 0.,  0.]), size=array([ 2.3,  0.2]), tex='sin', texRes=256, units='norm', win=Window(...))
27.5978 	EXP 	Created unnamed ImageStim = ImageStim(autoLog=True, color=array([ 1.,  1.,  1.]), colorSpace='rgb', contrast=1.0, depth=0, flipHoriz=False, flipVert=False, image='abgdj\\PISandConsentForm\\consentForm.png', interpolate=False, mask=None, maskParams=None, name='unnamed ImageStim', opacity=1.0, ori=0.0, pos=array([ 0.,  0.]), size=array([ 1.3375    ,  2.97407407]), texRes=128, units='norm', win=Window(...))
27.6335 	EXP 	Created unnamed GratingStim = GratingStim(autoDraw=False, autoLog=True, color=array([ 1. ,  0.5,  0.5]), colorSpace='rgb', contrast=1.0, depth=0, interpolate=False, mask='gauss', maskParams=None, name='unnamed GratingStim', opacity=1.0, ori=0.0, phase=array([ 0.,  0.]), pos=array([-0.2 , -0.42]), rgbPedestal=array([ 0.,  0.,  0.]), sf=array([ 0.,  0.]), size=array([ 0.3,  0.2]), tex='sin', texRes=256, units='norm', win=Window(...))
27.6672 	EXP 	Created unnamed GratingStim = GratingStim(autoDraw=False, autoLog=True, color=array([ 1. ,  0.5,  0.5]), colorSpace='rgb', contrast=1.0, depth=0, interpolate=False, mask='gauss', maskParams=None, name='unnamed GratingStim', opacity=1.0, ori=0.0, phase=array([ 0.,  0.]), pos=array([ 0.1 , -0.42]), rgbPedestal=array([ 0.,  0.,  0.]), sf=array([ 0.,  0.]), size=array([ 0.3,  0.2]), tex='sin', texRes=256, units='norm', win=Window(...))
27.6884 	EXP 	Created unnamed GratingStim = GratingStim(autoDraw=False, autoLog=True, color=array([ 1. ,  0.5,  0.5]), colorSpace='rgb', contrast=1.0, depth=0, interpolate=False, mask='gauss', maskParams=None, name='unnamed GratingStim', opacity=1.0, ori=0.0, phase=array([ 0.,  0.]), pos=array([-0.2 , -0.72]), rgbPedestal=array([ 0.,  0.,  0.]), sf=array([ 0.,  0.]), size=array([ 0.3,  0.2]), tex='sin', texRes=256, units='norm', win=Window(...))
27.7082 	EXP 	Created unnamed GratingStim = GratingStim(autoDraw=False, autoLog=True, color=array([ 1. ,  0.5,  0.5]), colorSpace='rgb', contrast=1.0, depth=0, interpolate=False, mask='gauss', maskParams=None, name='unnamed GratingStim', opacity=1.0, ori=0.0, phase=array([ 0.,  0.]), pos=array([ 0.1 , -0.72]), rgbPedestal=array([ 0.,  0.,  0.]), sf=array([ 0.,  0.]), size=array([ 0.3,  0.2]), tex='sin', texRes=256, units='norm', win=Window(...))
27.7114 	DATA 	Mouse:  Left button up, pos=(615,73)
27.7187 	EXP 	unnamed ImageStim: size = (1.1, 2)
32.7207 	DATA 	Mouse: Left button down, pos=(770,313)
32.8546 	DATA 	Mouse:  Left button up, pos=(770,313)
36.6074 	DATA 	Mouse: Left button down, pos=(762,140)
36.7204 	DATA 	Mouse:  Left button up, pos=(762,140)
37.6076 	DATA 	Mouse: Left button down, pos=(807,52)
37.6202 	EXP 	window1: units = 'deg'
37.6249 	EXP 	window1: mouseVisible = True
52.6236 	EXP 	Created window1 = Window(allowGUI=False, allowStencil=False, autoLog=True, bitsMode=UNKNOWN, blendMode='avg', color=array([-0.7, -0.7, -0.7]), colorSpace='rgb', fullscr=UNKNOWN, gamma=None, lms=UNKNOWN, monitor=<psychopy.monitors.calibTools.Monitor object at 0x1B0B2170>, name='window1', pos=[0, 0], screen=0, size=array([1920, 1080]), stereo=False, units='deg', useFBO=False, useRetina=False, viewOri=0.0, viewPos=None, viewScale=None, waitBlanking=False, winType='pyglet')
56.9069 	INFO 	#[ PsychoPy2 RuntimeInfoStart ]
  #[[ PsychoPy ]] #---------
    psychopyVersion: 1.84.2
    psychopyHaveExtRush: True
  #[[ Experiment ]] #---------
    experimentAuthor: None
    experimentAuthVersion: None
    experimentRunTime: 2018_08_06 09:09 (Year_Month_Day Hour:Min)
    experimentRunTime.epoch: 1533510574
    experimentScript: psyc1002.py
    experimentScript.digestSHA1: 03993779484d600ea4c1b8cc2288f3d37a5025d5
    experimentScript.directory: U:\PSYC1002\abgdj
  #[[ System ]] #---------
    systemHaveInternetAccess: True
    systemHostName: W5FG5LG2
    systemLocale: English_Australia.1252
    systemMemFreeRAM: 4072.62109375
    systemMemTotalRAM: 8076.9453125
    systemPlatform: windowsversion=sys.getwindowsversion(major=6, minor=2, build=9200, platform=2, service_pack='')
    systemPyo.InputDevices: {4: {'host api index': 2, 'latency': 0.008707483299076557, 'default sr': 44100, 'name': u'Realtek ASIO'}}
    systemPyo.OutputDevices: {0: {'host api index': 0, 'latency': 0.09000000357627869, 'default sr': 44100, 'name': u'Microsoft Sound Mapper - Output'}, 1: {'host api index': 0, 'latency': 0.09000000357627869, 'default sr': 44100, 'name': u'Speakers / Headphones (Realtek '}, 2: {'host api index': 1, 'latency': 0.11999999731779099, 'default sr': 44100, 'name': u'Primary Sound Driver'}, 3: {'host api index': 1, 'latency': 0.11999999731779099, 'default sr': 44100, 'name': u'Speakers / Headphones (Realtek High Definition Audio)'}, 4: {'host api index': 2, 'latency': 0.008707483299076557, 'default sr': 44100, 'name': u'Realtek ASIO'}, 5: {'host api index': 3, 'latency': 0.003000000026077032, 'default sr': 48000, 'name': u'Speakers / Headphones (Realtek High Definition Audio)'}}
    systemPyoVersion: 0.8.0
    systemRebooted: System Boot Time:          6/08/2018, 2:09:33 AM
    systemSec.pythonSSL: True
    systemTimeNumpySD1000000_sec: 0.0077
    systemUser: cand0686
    systemUserID: 1000
    systemUserProcCmdPid: LabStatsUserSpace.exe dwm.exe TiWorker.exe CmRcService.exe nierserver.exe LabStatsClient.exe tagsrv.exe SearchUI.exe OneDrive.exe nipxism.exe TrustedInstaller.exe niLxiDiscovery.exe SecurityHealthService.exe redirector.exe SearchProtocolHost.exe server_admin.exe pc-client.exe lkads.exe svchost.exe smartscreen.exe ni_usbmon.exe JKIUpdate.exe AGSService.exe System SISIDSService.exe SelfServicePlugin.exe explorer.exe smss.exe ApplicationWebServer.exe RuntimeBroker.exe acrotray.exe niauth_daemon.exe cmd.exe nidmsrv.exe Receiver.exe SISIPSService.exe lktsrv.exe lsass.exe python.exe RtkNGUI64.exe sisipsutil.exe AdobeUpdateService.exe armsvc.exe ssonsvr.exe concentr.exe nidevldu.exe taskhostw.exe ctfmon.exe RAVBg64.exe ''Memory Compression'' NIWebServiceContainer.exe nimxs.exe RtkAudioService64.exe SystemWebServer.exe tasklist.exe snowagent.exe CcmExec.exe SearchFilterHost.exe SmcGui.exe nicitdl5.exe ''System Idle Process'' services.exe niDiscSvc.exe sqlwriter.exe MSASCuiL.exe SCNotification.exe nimdnsResponder.exe server_runtime.exe sihost.exe backgroundTaskHost.exe spoolsv.exe wininit.exe winlogon.exe ShellExperienceHost.exe nidevmon.exe SearchIndexer.exe csrss.exe WmiPrvSE.exe audiodg.exe fontdrvhost.exe dllhost.exe unsecapp.exe ccSvcHst.exe wfcrun32.exe nisvcloc.exe server_eventlog.exe lkcitdl.exe AuthManSvr.exe conhost.exe AdobeGCClient.exe
    systemUserProcCount: 183
    systemUserProcFlagged: Explorer
    systemUsersCount: False
  #[[ Window ]] #---------
    windowWinType: pyglet
    windowWaitBlanking: False
    windowUseNativeGamma: True
    windowUnits: deg
    windowSize_pix: [1920 1080]
    windowScreen: 0
    windowRgb: [-0.7 -0.7 -0.7]
    windowRefreshTimeSD_ms: 0.220
    windowRefreshTimeMedian_ms: 16.665
    windowRefreshTimeAvg_ms: 16.663
    windowRefreshThreshold_sec: 0.0201
    windowRecordFrameIntervals: False
    windowPos_pix: [0, 0]
    windowMonitor.name: testmonitor
    windowMonitor.getWidth_cm: 57.0
    windowMonitor.getLinearizeMethod: 1
    windowMonitor.getGammaGrid: [[  0.   1.   1.  nan  nan  nan]
 [  0.   1.   1.  nan  nan  nan]
 [  0.   1.   1.  nan  nan  nan]
 [  0.   1.   1.  nan  nan  nan]]
    windowMonitor.getDistance_cm: 57.0
    windowMonitor.gammaInterpolator2: None
    windowMonitor.gammaInterpolator: None
    windowMonitor.currentCalibName: 2018_08_06 09:08
    windowIsFullScr: True
    windowHaveShaders: True
    windowAllowGUI: False
  #[[ Python ]] #---------
    pythonWxVersion: 3.0.2.0 msw (classic)
    pythonVersion: 2.7.11
    pythonScipyVersion: 0.17.1
    pythonPygletVersion: 1.2.4
    pythonPygameVersion: 1.9.2pre
    pythonNumpyVersion: 1.11.0
    pythonMatplotlibVersion: 1.5.1
    pythonFullVersion: 2.7.11 (v2.7.11:6d1b6a68f775, Dec  5 2015, 20:32:19) [MSC v.1500 32 bit (Intel)]
    pythonExecutable: C:\Program Files (x86)\PsychoPy2\python.exe
  #[[ OpenGL ]] #---------
    openGLVersion: 4.4.0 - Build 20.19.15.4531
    openGLVendor: Intel
    openGLRenderingEngine: Intel(R) HD Graphics 530
    openGLmaxVerticesInVertexArray: 1048576
    False: openGLext.GL_STEREO
    True: openGLext.GL_EXT_framebuffer_object
    True: openGLext.GL_ARB_vertex_shader
    True: openGLext.GL_ARB_texture_non_power_of_two
    True: openGLext.GL_ARB_texture_float
    True: openGLext.GL_ARB_shader_objects
    True: openGLext.GL_ARB_multitexture
    True: openGLext.GL_ARB_fragment_program
#[ PsychoPy2 RuntimeInfoEnd ]

56.9544 	EXP 	window1: recordFrameIntervals = True
57.7876 	EXP 	window1: recordFrameIntervals = False
57.7946 	INFO 	Frames per second ~=60.1, which is close enough to desired val of 60.0
57.9960 	EXP 	Created sequence: random, trialTypes=12, nReps=30, seed=None
58.1975 	INFO 	Mouse: using default window
58.2167 	EXP 	Created OKrespZone = GratingStim(autoDraw=False, autoLog=True, color=array([ 1.,  1.,  1.]), colorSpace='rgb', contrast=1.0, depth=0, interpolate=False, mask='gauss', maskParams=None, name='OKrespZone', opacity=1.0, ori=0.0, phase=array([ 0.,  0.]), pos=array([ 0.  ,  0.88]), rgbPedestal=array([ 0.,  0.,  0.]), sf=array([ 0.,  0.]), size=array([ 2. ,  0.2]), tex='sin', texRes=256, units='norm', win=Window(...))
65.7196 	DATA 	Mouse: Left button down, pos=(129,956)
65.8067 	DATA 	Mouse:  Left button up, pos=(129,956)
66.7829 	DATA 	Mouse: Left button down, pos=(303,959)
66.8627 	DATA 	Mouse:  Left button up, pos=(303,959)
71.7989 	DATA 	Mouse: Left button down, pos=(1741,676)
71.8867 	DATA 	Mouse:  Left button up, pos=(1741,676)
81.7669 	DATA 	Mouse: Left button down, pos=(1586,881)
81.9426 	DATA 	Mouse:  Left button up, pos=(1586,881)
84.5990 	DATA 	Mouse: Left button down, pos=(773,882)
84.6947 	DATA 	Mouse:  Left button up, pos=(773,882)
92.9119 	DATA 	Mouse: Left button down, pos=(1760,817)
93.0467 	DATA 	Mouse:  Left button up, pos=(1760,817)
94.9509 	DATA 	Mouse: Left button down, pos=(1358,744)
95.0627 	DATA 	Mouse:  Left button up, pos=(1358,744)
105.7752 	DATA 	Mouse: Left button down, pos=(921,677)
105.8947 	DATA 	Mouse:  Left button up, pos=(921,677)
111.7510 	DATA 	Mouse: Left button down, pos=(1343,604)
111.8868 	DATA 	Mouse:  Left button up, pos=(1343,604)
113.8078 	DATA 	Mouse: Left button down, pos=(704,608)
113.9028 	DATA 	Mouse:  Left button up, pos=(704,608)
120.9590 	DATA 	Mouse: Left button down, pos=(1348,535)
121.1188 	DATA 	Mouse:  Left button up, pos=(1348,535)
146.8631 	DATA 	Mouse: Left button down, pos=(293,126)
146.9668 	DATA 	Mouse:  Left button up, pos=(293,126)
151.8078 	DATA 	Mouse: Left button down, pos=(548,47)
151.9188 	DATA 	Mouse:  Left button up, pos=(548,47)
165.1037 	DATA 	Mouse: Left button down, pos=(1722,186)
165.1748 	DATA 	Mouse:  Left button up, pos=(1722,186)
167.8152 	DATA 	Mouse: Left button down, pos=(1055,1021)
167.8445 	INFO 	Experiment will have 360 trials. Letters will be drawn with superposed noise of 0.00%
167.8589 	EXP 	New trial (rep=0, index=0): {'leftStreamFlip': False, 'oneTarget': False, 'trialInstructionPos': (0, -1), 'probe': 'both', 'rightStreamFlip': False, 'horizVert': False, 'ISIframes': 2, 'rightResponseFirst': True}
167.8590 	INFO 	Starting main part of experiment
167.9076 	DATA 	Mouse:  Left button up, pos=(1055,1021)
169.0373 	INFO 	numtrials=360 and this trialDurFrames=28 or 466.666666667 ms  task=T1
171.0548 	EXP 	window1: recordFrameIntervals = False
171.0641 	INFO 	Mouse: using default window
177.8408 	DATA 	Keypress: s
179.9542 	DATA 	Keypress: k
180.1294 	EXP 	New trial (rep=0, index=1): {'leftStreamFlip': False, 'oneTarget': False, 'trialInstructionPos': (0, -1), 'probe': 'both', 'rightStreamFlip': False, 'horizVert': False, 'ISIframes': 2, 'rightResponseFirst': False}
185.3710 	DATA 	Keypress: space
186.5703 	INFO 	numtrials=360 and this trialDurFrames=22 or 366.666666667 ms  task=T1
188.5375 	EXP 	window1: recordFrameIntervals = False
188.5454 	INFO 	Mouse: using default window
190.8881 	DATA 	Keypress: m
192.1377 	DATA 	Keypress: r
192.2777 	EXP 	New trial (rep=0, index=2): {'leftStreamFlip': False, 'oneTarget': True, 'trialInstructionPos': (0, 1), 'probe': 'both', 'rightStreamFlip': False, 'horizVert': False, 'ISIframes': 2, 'rightResponseFirst': False}
192.2877 	INFO 	numtrials=360 and this trialDurFrames=18 or 300.0 ms  task=T1
194.0712 	EXP 	window1: recordFrameIntervals = False
194.0790 	INFO 	Mouse: using default window
196.2213 	DATA 	Keypress: t
196.3613 	EXP 	New trial (rep=0, index=3): {'leftStreamFlip': False, 'oneTarget': True, 'trialInstructionPos': (0, 1), 'probe': 'both', 'rightStreamFlip': False, 'horizVert': False, 'ISIframes': 2, 'rightResponseFirst': True}
196.3699 	INFO 	numtrials=360 and this trialDurFrames=18 or 300.0 ms  task=T1
197.5877 	EXP 	window1: recordFrameIntervals = False
197.5956 	INFO 	Mouse: using default window
199.0884 	DATA 	Keypress: f
199.2288 	EXP 	New trial (rep=0, index=4): {'leftStreamFlip': False, 'oneTarget': False, 'trialInstructionPos': (0, 1), 'probe': 'both', 'rightStreamFlip': False, 'horizVert': False, 'ISIframes': 2, 'rightResponseFirst': False}
202.7044 	DATA 	Keypress: space
202.7374 	INFO 	numtrials=360 and this trialDurFrames=14 or 233.333333333 ms  task=T1
203.9375 	EXP 	window1: recordFrameIntervals = False
203.9450 	INFO 	Mouse: using default window
205.4047 	DATA 	Keypress: g
206.6050 	DATA 	Keypress: m
206.7456 	EXP 	New trial (rep=0, index=5): {'leftStreamFlip': False, 'oneTarget': True, 'trialInstructionPos': (0, -1), 'probe': 'both', 'rightStreamFlip': False, 'horizVert': False, 'ISIframes': 2, 'rightResponseFirst': False}
206.7714 	INFO 	numtrials=360 and this trialDurFrames=4 or 66.6666666667 ms  task=T1
207.7713 	EXP 	window1: recordFrameIntervals = False
207.7791 	INFO 	Mouse: using default window
209.1878 	DATA 	Keypress: g
209.3260 	EXP 	New trial (rep=0, index=6): {'leftStreamFlip': False, 'oneTarget': False, 'trialInstructionPos': (0, 1), 'probe': 'both', 'rightStreamFlip': False, 'horizVert': False, 'ISIframes': 2, 'rightResponseFirst': True}
209.3368 	INFO 	numtrials=360 and this trialDurFrames=4 or 66.6666666667 ms  task=T1
210.5374 	EXP 	window1: recordFrameIntervals = False
210.5457 	INFO 	Mouse: using default window
213.3543 	DATA 	Keypress: f
214.4713 	DATA 	Keypress: h
214.6108 	EXP 	New trial (rep=0, index=7): {'leftStreamFlip': False, 'oneTarget': False, 'trialInstructionPos': (0, -1), 'probe': 'both', 'rightStreamFlip': False, 'horizVert': False, 'ISIframes': 2, 'rightResponseFirst': False}
214.6369 	INFO 	numtrials=360 and this trialDurFrames=3 or 50.0 ms  task=T1
215.8046 	EXP 	window1: recordFrameIntervals = False
215.8124 	INFO 	Mouse: using default window
217.9549 	DATA 	Keypress: s
218.8709 	DATA 	Keypress: m
219.0107 	EXP 	New trial (rep=0, index=8): {'leftStreamFlip': False, 'oneTarget': False, 'trialInstructionPos': (0, 1), 'probe': 'both', 'rightStreamFlip': False, 'horizVert': False, 'ISIframes': 2, 'rightResponseFirst': True}
219.0371 	INFO 	numtrials=360 and this trialDurFrames=3 or 50.0 ms  task=T1
220.0879 	EXP 	window1: recordFrameIntervals = False
220.0957 	INFO 	Mouse: using default window
224.7214 	DATA 	Keypress: f
229.5716 	DATA 	Keypress: h
229.7093 	EXP 	New trial (rep=0, index=9): {'leftStreamFlip': False, 'oneTarget': False, 'trialInstructionPos': (0, -1), 'probe': 'both', 'rightStreamFlip': False, 'horizVert': False, 'ISIframes': 2, 'rightResponseFirst': True}
229.7204 	INFO 	numtrials=360 and this trialDurFrames=4 or 66.6666666667 ms  task=T1
230.8373 	EXP 	window1: recordFrameIntervals = False
230.8452 	INFO 	Mouse: using default window
232.5713 	DATA 	Keypress: h
233.4078 	DATA 	Keypress: f
233.5616 	EXP 	New trial (rep=0, index=10): {'leftStreamFlip': False, 'oneTarget': True, 'trialInstructionPos': (0, -1), 'probe': 'both', 'rightStreamFlip': False, 'horizVert': False, 'ISIframes': 2, 'rightResponseFirst': True}
233.5880 	INFO 	numtrials=360 and this trialDurFrames=4 or 66.6666666667 ms  task=T1
234.7541 	EXP 	window1: recordFrameIntervals = False
234.7618 	INFO 	Mouse: using default window
237.7050 	DATA 	Keypress: f
237.8438 	EXP 	New trial (rep=0, index=11): {'leftStreamFlip': False, 'oneTarget': False, 'trialInstructionPos': (0, 1), 'probe': 'both', 'rightStreamFlip': False, 'horizVert': False, 'ISIframes': 2, 'rightResponseFirst': False}
237.8718 	INFO 	numtrials=360 and this trialDurFrames=5 or 83.3333333333 ms  task=T1
238.8707 	EXP 	window1: recordFrameIntervals = False
238.8790 	INFO 	Mouse: using default window
240.2243 	DATA 	Keypress: j
241.4572 	DATA 	Keypress: y
241.6111 	EXP 	New trial (rep=1, index=0): {'leftStreamFlip': False, 'oneTarget': False, 'trialInstructionPos': (0, -1), 'probe': 'both', 'rightStreamFlip': False, 'horizVert': False, 'ISIframes': 2, 'rightResponseFirst': False}
241.6382 	INFO 	numtrials=360 and this trialDurFrames=5 or 83.3333333333 ms  task=T1
242.8547 	EXP 	window1: recordFrameIntervals = False
242.8630 	INFO 	Mouse: using default window
244.1718 	DATA 	Keypress: z
244.8377 	DATA 	Keypress: u
244.9774 	EXP 	New trial (rep=1, index=1): {'leftStreamFlip': False, 'oneTarget': True, 'trialInstructionPos': (0, -1), 'probe': 'both', 'rightStreamFlip': False, 'horizVert': False, 'ISIframes': 2, 'rightResponseFirst': True}
245.0038 	INFO 	numtrials=360 and this trialDurFrames=4 or 66.6666666667 ms  task=T1
246.2049 	EXP 	window1: recordFrameIntervals = False
246.2133 	INFO 	Mouse: using default window
247.4574 	DATA 	Keypress: s
247.6095 	EXP 	New trial (rep=1, index=2): {'leftStreamFlip': False, 'oneTarget': False, 'trialInstructionPos': (0, 1), 'probe': 'both', 'rightStreamFlip': False, 'horizVert': False, 'ISIframes': 2, 'rightResponseFirst': False}
247.6382 	INFO 	numtrials=360 and this trialDurFrames=5 or 83.3333333333 ms  task=T1
248.6713 	EXP 	window1: recordFrameIntervals = False
248.6799 	INFO 	Mouse: using default window
250.4550 	DATA 	Keypress: t
253.5717 	DATA 	Keypress: f
253.7092 	EXP 	New trial (rep=1, index=3): {'leftStreamFlip': False, 'oneTarget': True, 'trialInstructionPos': (0, 1), 'probe': 'both', 'rightStreamFlip': False, 'horizVert': False, 'ISIframes': 2, 'rightResponseFirst': True}
253.7382 	INFO 	numtrials=360 and this trialDurFrames=5 or 83.3333333333 ms  task=T1
254.8707 	EXP 	window1: recordFrameIntervals = False
254.8787 	INFO 	Mouse: using default window
256.1215 	DATA 	Keypress: n
256.2617 	EXP 	New trial (rep=1, index=4): {'leftStreamFlip': False, 'oneTarget': False, 'trialInstructionPos': (0, 1), 'probe': 'both', 'rightStreamFlip': False, 'horizVert': False, 'ISIframes': 2, 'rightResponseFirst': True}
256.2883 	INFO 	numtrials=360 and this trialDurFrames=5 or 83.3333333333 ms  task=T1
257.4714 	EXP 	window1: recordFrameIntervals = False
257.4793 	INFO 	Mouse: using default window
259.3881 	DATA 	Keypress: y
259.9550 	DATA 	Keypress: m
260.0962 	EXP 	New trial (rep=1, index=5): {'leftStreamFlip': False, 'oneTarget': True, 'trialInstructionPos': (0, 1), 'probe': 'both', 'rightStreamFlip': False, 'horizVert': False, 'ISIframes': 2, 'rightResponseFirst': False}
260.1204 	INFO 	numtrials=360 and this trialDurFrames=5 or 83.3333333333 ms  task=T1
261.2379 	EXP 	window1: recordFrameIntervals = False
261.2453 	INFO 	Mouse: using default window
262.2399 	DATA 	Keypress: f
262.3923 	EXP 	New trial (rep=1, index=6): {'leftStreamFlip': False, 'oneTarget': False, 'trialInstructionPos': (0, 1), 'probe': 'both', 'rightStreamFlip': False, 'horizVert': False, 'ISIframes': 2, 'rightResponseFirst': True}
262.4040 	INFO 	numtrials=360 and this trialDurFrames=5 or 83.3333333333 ms  task=T1
263.5879 	EXP 	window1: recordFrameIntervals = False
263.5957 	INFO 	Mouse: using default window
264.9378 	DATA 	Keypress: c
265.4881 	DATA 	Keypress: k
265.6273 	EXP 	New trial (rep=1, index=7): {'leftStreamFlip': False, 'oneTarget': False, 'trialInstructionPos': (0, -1), 'probe': 'both', 'rightStreamFlip': False, 'horizVert': False, 'ISIframes': 2, 'rightResponseFirst': False}
265.6539 	INFO 	numtrials=360 and this trialDurFrames=5 or 83.3333333333 ms  task=T1
266.7043 	EXP 	window1: recordFrameIntervals = False
266.7125 	INFO 	Mouse: using default window
267.8050 	DATA 	Keypress: a
268.4050 	DATA 	Keypress: n
268.5435 	EXP 	New trial (rep=1, index=8): {'leftStreamFlip': False, 'oneTarget': False, 'trialInstructionPos': (0, 1), 'probe': 'both', 'rightStreamFlip': False, 'horizVert': False, 'ISIframes': 2, 'rightResponseFirst': False}
268.5542 	INFO 	numtrials=360 and this trialDurFrames=4 or 66.6666666667 ms  task=T1
269.7547 	EXP 	window1: recordFrameIntervals = False
269.7626 	INFO 	Mouse: using default window
271.2212 	DATA 	Keypress: n
271.6882 	DATA 	Keypress: c
271.8268 	EXP 	New trial (rep=1, index=9): {'leftStreamFlip': False, 'oneTarget': False, 'trialInstructionPos': (0, -1), 'probe': 'both', 'rightStreamFlip': False, 'horizVert': False, 'ISIframes': 2, 'rightResponseFirst': True}
271.8550 	INFO 	numtrials=360 and this trialDurFrames=4 or 66.6666666667 ms  task=T1
272.9877 	EXP 	window1: recordFrameIntervals = False
272.9956 	INFO 	Mouse: using default window
274.0379 	DATA 	Keypress: n
275.8572 	DATA 	Keypress: n
276.0102 	EXP 	New trial (rep=1, index=10): {'leftStreamFlip': False, 'oneTarget': False, 'trialInstructionPos': (0, -1), 'probe': 'both', 'rightStreamFlip': False, 'horizVert': False, 'ISIframes': 2, 'rightResponseFirst': True}
276.0379 	INFO 	numtrials=360 and this trialDurFrames=4 or 66.6666666667 ms  task=T1
277.2546 	EXP 	window1: recordFrameIntervals = False
277.2625 	INFO 	Mouse: using default window
278.5719 	DATA 	Keypress: k
279.0400 	DATA 	Keypress: m
279.1928 	EXP 	New trial (rep=1, index=11): {'leftStreamFlip': False, 'oneTarget': True, 'trialInstructionPos': (0, -1), 'probe': 'both', 'rightStreamFlip': False, 'horizVert': False, 'ISIframes': 2, 'rightResponseFirst': False}
279.2042 	INFO 	numtrials=360 and this trialDurFrames=4 or 66.6666666667 ms  task=T1
280.2215 	EXP 	window1: recordFrameIntervals = False
280.2290 	INFO 	Mouse: using default window
281.3049 	DATA 	Keypress: y
281.4431 	EXP 	New trial (rep=2, index=0): {'leftStreamFlip': False, 'oneTarget': False, 'trialInstructionPos': (0, 1), 'probe': 'both', 'rightStreamFlip': False, 'horizVert': False, 'ISIframes': 2, 'rightResponseFirst': True}
281.4718 	INFO 	numtrials=360 and this trialDurFrames=4 or 66.6666666667 ms  task=T1
282.4545 	EXP 	window1: recordFrameIntervals = False
282.4632 	INFO 	Mouse: using default window
283.6881 	DATA 	Keypress: u
284.1546 	DATA 	Keypress: j
284.2933 	EXP 	New trial (rep=2, index=1): {'leftStreamFlip': False, 'oneTarget': True, 'trialInstructionPos': (0, -1), 'probe': 'both', 'rightStreamFlip': False, 'horizVert': False, 'ISIframes': 2, 'rightResponseFirst': False}
284.3215 	INFO 	numtrials=360 and this trialDurFrames=4 or 66.6666666667 ms  task=T1
285.5045 	EXP 	window1: recordFrameIntervals = False
285.5130 	INFO 	Mouse: using default window
287.0718 	DATA 	Keypress: n
287.2117 	EXP 	New trial (rep=2, index=2): {'leftStreamFlip': False, 'oneTarget': False, 'trialInstructionPos': (0, -1), 'probe': 'both', 'rightStreamFlip': False, 'horizVert': False, 'ISIframes': 2, 'rightResponseFirst': False}
287.2383 	INFO 	numtrials=360 and this trialDurFrames=4 or 66.6666666667 ms  task=T1
288.4378 	EXP 	window1: recordFrameIntervals = False
288.4458 	INFO 	Mouse: using default window
289.5880 	DATA 	Keypress: t
290.0382 	DATA 	Keypress: u
290.1772 	EXP 	New trial (rep=2, index=3): {'leftStreamFlip': False, 'oneTarget': False, 'trialInstructionPos': (0, 1), 'probe': 'both', 'rightStreamFlip': False, 'horizVert': False, 'ISIframes': 2, 'rightResponseFirst': True}
290.1872 	INFO 	numtrials=360 and this trialDurFrames=4 or 66.6666666667 ms  task=T1
291.2884 	EXP 	window1: recordFrameIntervals = False
291.2961 	INFO 	Mouse: using default window
295.0409 	DATA 	Keypress: u
295.5046 	DATA 	Keypress: j
295.6432 	EXP 	New trial (rep=2, index=4): {'leftStreamFlip': False, 'oneTarget': False, 'trialInstructionPos': (0, 1), 'probe': 'both', 'rightStreamFlip': False, 'horizVert': False, 'ISIframes': 2, 'rightResponseFirst': False}
295.6715 	INFO 	numtrials=360 and this trialDurFrames=4 or 66.6666666667 ms  task=T1
296.8378 	EXP 	window1: recordFrameIntervals = False
296.8459 	INFO 	Mouse: using default window
298.0046 	DATA 	Keypress: n
298.4216 	DATA 	Keypress: u
298.5612 	EXP 	New trial (rep=2, index=5): {'leftStreamFlip': False, 'oneTarget': True, 'trialInstructionPos': (0, 1), 'probe': 'both', 'rightStreamFlip': False, 'horizVert': False, 'ISIframes': 2, 'rightResponseFirst': False}
298.5873 	INFO 	numtrials=360 and this trialDurFrames=4 or 66.6666666667 ms  task=T1
299.7044 	EXP 	window1: recordFrameIntervals = False
299.7119 	INFO 	Mouse: using default window
301.2051 	DATA 	Keypress: t
301.3438 	EXP 	New trial (rep=2, index=6): {'leftStreamFlip': False, 'oneTarget': False, 'trialInstructionPos': (0, -1), 'probe': 'both', 'rightStreamFlip': False, 'horizVert': False, 'ISIframes': 2, 'rightResponseFirst': True}
301.3717 	INFO 	numtrials=360 and this trialDurFrames=3 or 50.0 ms  task=T1
302.5541 	EXP 	window1: recordFrameIntervals = False
302.5626 	INFO 	Mouse: using default window
305.2380 	DATA 	Keypress: f
305.6385 	DATA 	Keypress: e
305.7774 	EXP 	New trial (rep=2, index=7): {'leftStreamFlip': False, 'oneTarget': False, 'trialInstructionPos': (0, -1), 'probe': 'both', 'rightStreamFlip': False, 'horizVert': False, 'ISIframes': 2, 'rightResponseFirst': False}
305.8039 	INFO 	numtrials=360 and this trialDurFrames=3 or 50.0 ms  task=T1
306.8376 	EXP 	window1: recordFrameIntervals = False
306.8460 	INFO 	Mouse: using default window
309.7387 	DATA 	Keypress: f
310.4217 	DATA 	Keypress: u
310.5600 	EXP 	New trial (rep=2, index=8): {'leftStreamFlip': False, 'oneTarget': False, 'trialInstructionPos': (0, 1), 'probe': 'both', 'rightStreamFlip': False, 'horizVert': False, 'ISIframes': 2, 'rightResponseFirst': False}
310.5886 	INFO 	numtrials=360 and this trialDurFrames=3 or 50.0 ms  task=T1
311.7879 	EXP 	window1: recordFrameIntervals = False
311.7960 	INFO 	Mouse: using default window
313.5719 	DATA 	Keypress: j
314.3385 	DATA 	Keypress: u
314.4770 	EXP 	New trial (rep=2, index=9): {'leftStreamFlip': False, 'oneTarget': False, 'trialInstructionPos': (0, -1), 'probe': 'both', 'rightStreamFlip': False, 'horizVert': False, 'ISIframes': 2, 'rightResponseFirst': True}
314.4878 	INFO 	numtrials=360 and this trialDurFrames=3 or 50.0 ms  task=T1
315.4552 	EXP 	window1: recordFrameIntervals = False
315.4634 	INFO 	Mouse: using default window
322.9215 	DATA 	Keypress: u
323.1718 	DATA 	Keypress: n
323.3102 	EXP 	New trial (rep=2, index=10): {'leftStreamFlip': False, 'oneTarget': True, 'trialInstructionPos': (0, 1), 'probe': 'both', 'rightStreamFlip': False, 'horizVert': False, 'ISIframes': 2, 'rightResponseFirst': True}
323.3213 	INFO 	numtrials=360 and this trialDurFrames=3 or 50.0 ms  task=T1
324.3380 	EXP 	window1: recordFrameIntervals = False
324.3460 	INFO 	Mouse: using default window
325.7719 	DATA 	Keypress: n
325.9083 	EXP 	New trial (rep=2, index=11): {'leftStreamFlip': False, 'oneTarget': True, 'trialInstructionPos': (0, -1), 'probe': 'both', 'rightStreamFlip': False, 'horizVert': False, 'ISIframes': 2, 'rightResponseFirst': True}
325.9209 	INFO 	numtrials=360 and this trialDurFrames=3 or 50.0 ms  task=T1
327.0715 	EXP 	window1: recordFrameIntervals = False
327.0795 	INFO 	Mouse: using default window
328.1579 	DATA 	Keypress: e
328.2956 	EXP 	New trial (rep=3, index=0): {'leftStreamFlip': False, 'oneTarget': False, 'trialInstructionPos': (0, -1), 'probe': 'both', 'rightStreamFlip': False, 'horizVert': False, 'ISIframes': 2, 'rightResponseFirst': False}
328.3207 	INFO 	numtrials=360 and this trialDurFrames=3 or 50.0 ms  task=T1
329.3717 	EXP 	window1: recordFrameIntervals = False
329.3798 	INFO 	Mouse: using default window
331.7385 	DATA 	Keypress: e
332.0547 	DATA 	Keypress: r
332.1937 	EXP 	New trial (rep=3, index=1): {'leftStreamFlip': False, 'oneTarget': True, 'trialInstructionPos': (0, -1), 'probe': 'both', 'rightStreamFlip': False, 'horizVert': False, 'ISIframes': 2, 'rightResponseFirst': False}
332.2038 	INFO 	numtrials=360 and this trialDurFrames=3 or 50.0 ms  task=T1
333.2044 	EXP 	window1: recordFrameIntervals = False
333.2127 	INFO 	Mouse: using default window
334.2881 	DATA 	Keypress: a
334.4275 	EXP 	New trial (rep=3, index=2): {'leftStreamFlip': False, 'oneTarget': True, 'trialInstructionPos': (0, 1), 'probe': 'both', 'rightStreamFlip': False, 'horizVert': False, 'ISIframes': 2, 'rightResponseFirst': True}
334.4551 	INFO 	numtrials=360 and this trialDurFrames=3 or 50.0 ms  task=T1
335.6212 	EXP 	window1: recordFrameIntervals = False
335.6293 	INFO 	Mouse: using default window
337.0046 	DATA 	Keypress: a
337.1429 	EXP 	New trial (rep=3, index=3): {'leftStreamFlip': False, 'oneTarget': False, 'trialInstructionPos': (0, -1), 'probe': 'both', 'rightStreamFlip': False, 'horizVert': False, 'ISIframes': 2, 'rightResponseFirst': True}
337.1541 	INFO 	numtrials=360 and this trialDurFrames=3 or 50.0 ms  task=T1
338.1212 	EXP 	window1: recordFrameIntervals = False
338.1301 	INFO 	Mouse: using default window
339.2713 	DATA 	Keypress: n
339.7549 	DATA 	Keypress: m
339.8947 	EXP 	New trial (rep=3, index=4): {'leftStreamFlip': False, 'oneTarget': False, 'trialInstructionPos': (0, 1), 'probe': 'both', 'rightStreamFlip': False, 'horizVert': False, 'ISIframes': 2, 'rightResponseFirst': True}
339.9210 	INFO 	numtrials=360 and this trialDurFrames=3 or 50.0 ms  task=T1
340.9547 	EXP 	window1: recordFrameIntervals = False
340.9628 	INFO 	Mouse: using default window
342.1719 	DATA 	Keypress: s
342.6219 	DATA 	Keypress: t
342.7604 	EXP 	New trial (rep=3, index=5): {'leftStreamFlip': False, 'oneTarget': False, 'trialInstructionPos': (0, 1), 'probe': 'both', 'rightStreamFlip': False, 'horizVert': False, 'ISIframes': 2, 'rightResponseFirst': True}
342.7874 	INFO 	numtrials=360 and this trialDurFrames=3 or 50.0 ms  task=T1
343.9210 	EXP 	window1: recordFrameIntervals = False
343.9290 	INFO 	Mouse: using default window
346.2882 	DATA 	Keypress: s
346.5889 	DATA 	Keypress: t
346.7268 	EXP 	New trial (rep=3, index=6): {'leftStreamFlip': False, 'oneTarget': False, 'trialInstructionPos': (0, 1), 'probe': 'both', 'rightStreamFlip': False, 'horizVert': False, 'ISIframes': 2, 'rightResponseFirst': False}
346.7370 	INFO 	numtrials=360 and this trialDurFrames=3 or 50.0 ms  task=T1
347.8049 	EXP 	window1: recordFrameIntervals = False
347.8131 	INFO 	Mouse: using default window
349.4721 	DATA 	Keypress: t
349.9049 	DATA 	Keypress: c
350.0435 	EXP 	New trial (rep=3, index=7): {'leftStreamFlip': False, 'oneTarget': True, 'trialInstructionPos': (0, 1), 'probe': 'both', 'rightStreamFlip': False, 'horizVert': False, 'ISIframes': 2, 'rightResponseFirst': False}
350.0718 	INFO 	numtrials=360 and this trialDurFrames=3 or 50.0 ms  task=T1
351.1545 	EXP 	window1: recordFrameIntervals = False
351.1627 	INFO 	Mouse: using default window
370.6557 	DATA 	Keypress: j
370.7937 	EXP 	New trial (rep=3, index=8): {'leftStreamFlip': False, 'oneTarget': False, 'trialInstructionPos': (0, -1), 'probe': 'both', 'rightStreamFlip': False, 'horizVert': False, 'ISIframes': 2, 'rightResponseFirst': True}
370.8205 	INFO 	numtrials=360 and this trialDurFrames=3 or 50.0 ms  task=T1
371.8881 	EXP 	window1: recordFrameIntervals = False
371.8963 	INFO 	Mouse: using default window
373.6383 	DATA 	Keypress: u
373.9385 	DATA 	Keypress: z
374.0772 	EXP 	New trial (rep=3, index=9): {'leftStreamFlip': False, 'oneTarget': True, 'trialInstructionPos': (0, -1), 'probe': 'both', 'rightStreamFlip': False, 'horizVert': False, 'ISIframes': 2, 'rightResponseFirst': True}
374.1039 	INFO 	numtrials=360 and this trialDurFrames=3 or 50.0 ms  task=T1
375.1380 	EXP 	window1: recordFrameIntervals = False
375.1453 	INFO 	Mouse: using default window
376.4052 	DATA 	Keypress: c
376.5424 	EXP 	New trial (rep=3, index=10): {'leftStreamFlip': False, 'oneTarget': False, 'trialInstructionPos': (0, 1), 'probe': 'both', 'rightStreamFlip': False, 'horizVert': False, 'ISIframes': 2, 'rightResponseFirst': False}
376.5540 	INFO 	numtrials=360 and this trialDurFrames=3 or 50.0 ms  task=T1
377.6214 	EXP 	window1: recordFrameIntervals = False
377.6289 	INFO 	Mouse: using default window
379.2713 	DATA 	Keypress: a
379.7886 	DATA 	Keypress: r
379.9270 	EXP 	New trial (rep=3, index=11): {'leftStreamFlip': False, 'oneTarget': False, 'trialInstructionPos': (0, -1), 'probe': 'both', 'rightStreamFlip': False, 'horizVert': False, 'ISIframes': 2, 'rightResponseFirst': False}
379.9552 	INFO 	numtrials=360 and this trialDurFrames=3 or 50.0 ms  task=T1
380.9715 	EXP 	window1: recordFrameIntervals = False
380.9793 	INFO 	Mouse: using default window
382.4054 	DATA 	Keypress: c
382.7553 	DATA 	Keypress: r
382.8927 	EXP 	New trial (rep=4, index=0): {'leftStreamFlip': False, 'oneTarget': False, 'trialInstructionPos': (0, 1), 'probe': 'both', 'rightStreamFlip': False, 'horizVert': False, 'ISIframes': 2, 'rightResponseFirst': False}
382.9052 	INFO 	numtrials=360 and this trialDurFrames=3 or 50.0 ms  task=T1
383.9717 	EXP 	window1: recordFrameIntervals = False
383.9798 	INFO 	Mouse: using default window
385.3046 	DATA 	Keypress: e
385.7217 	DATA 	Keypress: s
385.8648 	EXP 	New trial (rep=4, index=1): {'leftStreamFlip': False, 'oneTarget': False, 'trialInstructionPos': (0, 1), 'probe': 'both', 'rightStreamFlip': False, 'horizVert': False, 'ISIframes': 2, 'rightResponseFirst': True}
385.8873 	INFO 	numtrials=360 and this trialDurFrames=3 or 50.0 ms  task=T1
387.0549 	EXP 	window1: recordFrameIntervals = False
387.0628 	INFO 	Mouse: using default window
388.4720 	DATA 	Keypress: u
388.8715 	DATA 	Keypress: c
389.0100 	EXP 	New trial (rep=4, index=2): {'leftStreamFlip': False, 'oneTarget': True, 'trialInstructionPos': (0, -1), 'probe': 'both', 'rightStreamFlip': False, 'horizVert': False, 'ISIframes': 2, 'rightResponseFirst': True}
389.0386 	INFO 	numtrials=360 and this trialDurFrames=3 or 50.0 ms  task=T1
390.2046 	EXP 	window1: recordFrameIntervals = False
390.2126 	INFO 	Mouse: using default window
393.1894 	DATA 	Keypress: h
393.3261 	EXP 	New trial (rep=4, index=3): {'leftStreamFlip': False, 'oneTarget': False, 'trialInstructionPos': (0, 1), 'probe': 'both', 'rightStreamFlip': False, 'horizVert': False, 'ISIframes': 2, 'rightResponseFirst': False}
393.3376 	INFO 	numtrials=360 and this trialDurFrames=3 or 50.0 ms  task=T1
394.3045 	EXP 	window1: recordFrameIntervals = False
394.3123 	INFO 	Mouse: using default window
395.5553 	DATA 	Keypress: k
396.0384 	DATA 	Keypress: u
396.1769 	EXP 	New trial (rep=4, index=4): {'leftStreamFlip': False, 'oneTarget': False, 'trialInstructionPos': (0, -1), 'probe': 'both', 'rightStreamFlip': False, 'horizVert': False, 'ISIframes': 2, 'rightResponseFirst': False}
396.2042 	INFO 	numtrials=360 and this trialDurFrames=3 or 50.0 ms  task=T1
397.2218 	EXP 	window1: recordFrameIntervals = False
397.2300 	INFO 	Mouse: using default window
398.5720 	DATA 	Keypress: s
399.0224 	DATA 	Keypress: f
399.1615 	EXP 	New trial (rep=4, index=5): {'leftStreamFlip': False, 'oneTarget': False, 'trialInstructionPos': (0, -1), 'probe': 'both', 'rightStreamFlip': False, 'horizVert': False, 'ISIframes': 2, 'rightResponseFirst': True}
399.1708 	INFO 	numtrials=360 and this trialDurFrames=3 or 50.0 ms  task=T1
400.2047 	EXP 	window1: recordFrameIntervals = False
400.2129 	INFO 	Mouse: using default window
401.7551 	DATA 	Keypress: f
402.1054 	DATA 	Keypress: c
402.2432 	EXP 	New trial (rep=4, index=6): {'leftStreamFlip': False, 'oneTarget': True, 'trialInstructionPos': (0, 1), 'probe': 'both', 'rightStreamFlip': False, 'horizVert': False, 'ISIframes': 2, 'rightResponseFirst': True}
402.2551 	INFO 	numtrials=360 and this trialDurFrames=3 or 50.0 ms  task=T1
403.3380 	EXP 	window1: recordFrameIntervals = False
403.3462 	INFO 	Mouse: using default window
404.3883 	DATA 	Keypress: s
404.5263 	EXP 	New trial (rep=4, index=7): {'leftStreamFlip': False, 'oneTarget': True, 'trialInstructionPos': (0, 1), 'probe': 'both', 'rightStreamFlip': False, 'horizVert': False, 'ISIframes': 2, 'rightResponseFirst': False}
404.5556 	INFO 	numtrials=360 and this trialDurFrames=3 or 50.0 ms  task=T1
405.7549 	EXP 	window1: recordFrameIntervals = False
405.7630 	INFO 	Mouse: using default window
406.8716 	DATA 	Keypress: z
407.0094 	EXP 	New trial (rep=4, index=8): {'leftStreamFlip': False, 'oneTarget': False, 'trialInstructionPos': (0, 1), 'probe': 'both', 'rightStreamFlip': False, 'horizVert': False, 'ISIframes': 2, 'rightResponseFirst': True}
407.0210 	INFO 	numtrials=360 and this trialDurFrames=3 or 50.0 ms  task=T1
408.0212 	EXP 	window1: recordFrameIntervals = False
408.0292 	INFO 	Mouse: using default window
409.4576 	DATA 	Keypress: c
409.7884 	DATA 	Keypress: j
409.9271 	EXP 	New trial (rep=4, index=9): {'leftStreamFlip': False, 'oneTarget': False, 'trialInstructionPos': (0, -1), 'probe': 'both', 'rightStreamFlip': False, 'horizVert': False, 'ISIframes': 2, 'rightResponseFirst': True}
409.9375 	INFO 	numtrials=360 and this trialDurFrames=3 or 50.0 ms  task=T1
410.9051 	EXP 	window1: recordFrameIntervals = False
410.9129 	INFO 	Mouse: using default window
412.8220 	DATA 	Keypress: j
413.1049 	DATA 	Keypress: k
413.2440 	EXP 	New trial (rep=4, index=10): {'leftStreamFlip': False, 'oneTarget': False, 'trialInstructionPos': (0, -1), 'probe': 'both', 'rightStreamFlip': False, 'horizVert': False, 'ISIframes': 2, 'rightResponseFirst': False}
413.2708 	INFO 	numtrials=360 and this trialDurFrames=3 or 50.0 ms  task=T1
414.3378 	EXP 	window1: recordFrameIntervals = False
414.3462 	INFO 	Mouse: using default window
416.0054 	DATA 	Keypress: e
416.3719 	DATA 	Keypress: a
416.5100 	EXP 	New trial (rep=4, index=11): {'leftStreamFlip': False, 'oneTarget': True, 'trialInstructionPos': (0, -1), 'probe': 'both', 'rightStreamFlip': False, 'horizVert': False, 'ISIframes': 2, 'rightResponseFirst': False}
416.5207 	INFO 	numtrials=360 and this trialDurFrames=3 or 50.0 ms  task=T1
417.5052 	EXP 	window1: recordFrameIntervals = False
417.5130 	INFO 	Mouse: using default window
422.5054 	DATA 	Keypress: u
422.6425 	EXP 	New trial (rep=5, index=0): {'leftStreamFlip': False, 'oneTarget': False, 'trialInstructionPos': (0, 1), 'probe': 'both', 'rightStreamFlip': False, 'horizVert': False, 'ISIframes': 2, 'rightResponseFirst': True}
422.6541 	INFO 	numtrials=360 and this trialDurFrames=3 or 50.0 ms  task=T1
423.8050 	EXP 	window1: recordFrameIntervals = False
423.8123 	INFO 	Mouse: using default window
425.4417 	DATA 	Keypress: j
425.8050 	DATA 	Keypress: k
425.9439 	EXP 	New trial (rep=5, index=1): {'leftStreamFlip': False, 'oneTarget': False, 'trialInstructionPos': (0, 1), 'probe': 'both', 'rightStreamFlip': False, 'horizVert': False, 'ISIframes': 2, 'rightResponseFirst': False}
425.9721 	INFO 	numtrials=360 and this trialDurFrames=3 or 50.0 ms  task=T1
427.1218 	EXP 	window1: recordFrameIntervals = False
427.1298 	INFO 	Mouse: using default window
428.4216 	DATA 	Keypress: g
428.8554 	DATA 	Keypress: u
428.9949 	EXP 	New trial (rep=5, index=2): {'leftStreamFlip': False, 'oneTarget': True, 'trialInstructionPos': (0, -1), 'probe': 'both', 'rightStreamFlip': False, 'horizVert': False, 'ISIframes': 2, 'rightResponseFirst': False}
429.0208 	INFO 	numtrials=360 and this trialDurFrames=3 or 50.0 ms  task=T1
430.1547 	EXP 	window1: recordFrameIntervals = False
430.1631 	INFO 	Mouse: using default window
433.6222 	DATA 	Keypress: f
433.7592 	EXP 	New trial (rep=5, index=3): {'leftStreamFlip': False, 'oneTarget': True, 'trialInstructionPos': (0, 1), 'probe': 'both', 'rightStreamFlip': False, 'horizVert': False, 'ISIframes': 2, 'rightResponseFirst': True}
433.7708 	INFO 	numtrials=360 and this trialDurFrames=3 or 50.0 ms  task=T1
434.7380 	EXP 	window1: recordFrameIntervals = False
434.7461 	INFO 	Mouse: using default window
435.8891 	DATA 	Keypress: z
436.0283 	EXP 	New trial (rep=5, index=4): {'leftStreamFlip': False, 'oneTarget': False, 'trialInstructionPos': (0, -1), 'probe': 'both', 'rightStreamFlip': False, 'horizVert': False, 'ISIframes': 2, 'rightResponseFirst': True}
436.0543 	INFO 	numtrials=360 and this trialDurFrames=3 or 50.0 ms  task=T1
437.0553 	EXP 	window1: recordFrameIntervals = False
437.0640 	INFO 	Mouse: using default window
438.4548 	DATA 	Keypress: r
438.7884 	DATA 	Keypress: g
438.9288 	EXP 	New trial (rep=5, index=5): {'leftStreamFlip': False, 'oneTarget': True, 'trialInstructionPos': (0, -1), 'probe': 'both', 'rightStreamFlip': False, 'horizVert': False, 'ISIframes': 2, 'rightResponseFirst': True}
438.9542 	INFO 	numtrials=360 and this trialDurFrames=3 or 50.0 ms  task=T1
440.1214 	EXP 	window1: recordFrameIntervals = False
440.1294 	INFO 	Mouse: using default window
441.4417 	DATA 	Keypress: g
441.5928 	EXP 	New trial (rep=5, index=6): {'leftStreamFlip': False, 'oneTarget': False, 'trialInstructionPos': (0, -1), 'probe': 'both', 'rightStreamFlip': False, 'horizVert': False, 'ISIframes': 2, 'rightResponseFirst': False}
441.6045 	INFO 	numtrials=360 and this trialDurFrames=4 or 66.6666666667 ms  task=T1
442.7381 	EXP 	window1: recordFrameIntervals = False
442.7467 	INFO 	Mouse: using default window
443.8718 	DATA 	Keypress: t
444.2555 	DATA 	Keypress: n
444.3955 	EXP 	New trial (rep=5, index=7): {'leftStreamFlip': False, 'oneTarget': False, 'trialInstructionPos': (0, 1), 'probe': 'both', 'rightStreamFlip': False, 'horizVert': False, 'ISIframes': 2, 'rightResponseFirst': True}
444.4214 	INFO 	numtrials=360 and this trialDurFrames=4 or 66.6666666667 ms  task=T1
445.5552 	EXP 	window1: recordFrameIntervals = False
445.5632 	INFO 	Mouse: using default window
446.5548 	DATA 	Keypress: e
446.8722 	DATA 	Keypress: s
447.0106 	EXP 	New trial (rep=5, index=8): {'leftStreamFlip': False, 'oneTarget': False, 'trialInstructionPos': (0, -1), 'probe': 'both', 'rightStreamFlip': False, 'horizVert': False, 'ISIframes': 2, 'rightResponseFirst': True}
447.0220 	INFO 	numtrials=360 and this trialDurFrames=4 or 66.6666666667 ms  task=T1
448.1720 	EXP 	window1: recordFrameIntervals = False
448.1799 	INFO 	Mouse: using default window
449.4223 	DATA 	Keypress: t
449.6720 	DATA 	Keypress: f
449.8107 	EXP 	New trial (rep=5, index=9): {'leftStreamFlip': False, 'oneTarget': True, 'trialInstructionPos': (0, 1), 'probe': 'both', 'rightStreamFlip': False, 'horizVert': False, 'ISIframes': 2, 'rightResponseFirst': False}
449.8378 	INFO 	numtrials=360 and this trialDurFrames=4 or 66.6666666667 ms  task=T1
450.8882 	EXP 	window1: recordFrameIntervals = False
450.8964 	INFO 	Mouse: using default window
451.9051 	DATA 	Keypress: a
452.0434 	EXP 	New trial (rep=5, index=10): {'leftStreamFlip': False, 'oneTarget': False, 'trialInstructionPos': (0, 1), 'probe': 'both', 'rightStreamFlip': False, 'horizVert': False, 'ISIframes': 2, 'rightResponseFirst': False}
452.0721 	INFO 	numtrials=360 and this trialDurFrames=4 or 66.6666666667 ms  task=T1
453.1553 	EXP 	window1: recordFrameIntervals = False
453.1631 	INFO 	Mouse: using default window
454.3397 	DATA 	Keypress: h
454.7885 	DATA 	Keypress: e
454.9272 	EXP 	New trial (rep=5, index=11): {'leftStreamFlip': False, 'oneTarget': False, 'trialInstructionPos': (0, -1), 'probe': 'both', 'rightStreamFlip': False, 'horizVert': False, 'ISIframes': 2, 'rightResponseFirst': False}
454.9380 	INFO 	numtrials=360 and this trialDurFrames=4 or 66.6666666667 ms  task=T1
455.9215 	EXP 	window1: recordFrameIntervals = False
455.9297 	INFO 	Mouse: using default window
457.0222 	DATA 	Keypress: e
457.2888 	DATA 	Keypress: s
457.4296 	EXP 	New trial (rep=6, index=0): {'leftStreamFlip': False, 'oneTarget': False, 'trialInstructionPos': (0, -1), 'probe': 'both', 'rightStreamFlip': False, 'horizVert': False, 'ISIframes': 2, 'rightResponseFirst': False}
457.4554 	INFO 	numtrials=360 and this trialDurFrames=3 or 50.0 ms  task=T1
458.5384 	EXP 	window1: recordFrameIntervals = False
458.5470 	INFO 	Mouse: using default window
459.7920 	DATA 	Keypress: z
460.1723 	DATA 	Keypress: r
460.3110 	EXP 	New trial (rep=6, index=1): {'leftStreamFlip': False, 'oneTarget': False, 'trialInstructionPos': (0, 1), 'probe': 'both', 'rightStreamFlip': False, 'horizVert': False, 'ISIframes': 2, 'rightResponseFirst': False}
460.3214 	INFO 	numtrials=360 and this trialDurFrames=3 or 50.0 ms  task=T1
461.5048 	EXP 	window1: recordFrameIntervals = False
461.5129 	INFO 	Mouse: using default window
462.8055 	DATA 	Keypress: j
463.2386 	DATA 	Keypress: a
463.3830 	EXP 	New trial (rep=6, index=2): {'leftStreamFlip': False, 'oneTarget': True, 'trialInstructionPos': (0, -1), 'probe': 'both', 'rightStreamFlip': False, 'horizVert': False, 'ISIframes': 2, 'rightResponseFirst': True}
463.4042 	INFO 	numtrials=360 and this trialDurFrames=3 or 50.0 ms  task=T1
464.5553 	EXP 	window1: recordFrameIntervals = False
464.5632 	INFO 	Mouse: using default window
465.5555 	DATA 	Keypress: s
465.6936 	EXP 	New trial (rep=6, index=3): {'leftStreamFlip': False, 'oneTarget': True, 'trialInstructionPos': (0, -1), 'probe': 'both', 'rightStreamFlip': False, 'horizVert': False, 'ISIframes': 2, 'rightResponseFirst': False}
465.7224 	INFO 	numtrials=360 and this trialDurFrames=3 or 50.0 ms  task=T1
466.8552 	EXP 	window1: recordFrameIntervals = False
466.8638 	INFO 	Mouse: using default window
467.8556 	DATA 	Keypress: e
467.9930 	EXP 	New trial (rep=6, index=4): {'leftStreamFlip': False, 'oneTarget': False, 'trialInstructionPos': (0, -1), 'probe': 'both', 'rightStreamFlip': False, 'horizVert': False, 'ISIframes': 2, 'rightResponseFirst': True}
468.0219 	INFO 	numtrials=360 and this trialDurFrames=4 or 66.6666666667 ms  task=T1
469.0216 	EXP 	window1: recordFrameIntervals = False
469.0303 	INFO 	Mouse: using default window
470.4551 	DATA 	Keypress: j
470.8722 	DATA 	Keypress: s
471.0121 	EXP 	New trial (rep=6, index=5): {'leftStreamFlip': False, 'oneTarget': False, 'trialInstructionPos': (0, -1), 'probe': 'both', 'rightStreamFlip': False, 'horizVert': False, 'ISIframes': 2, 'rightResponseFirst': False}
471.0389 	INFO 	numtrials=360 and this trialDurFrames=4 or 66.6666666667 ms  task=T1
472.1887 	EXP 	window1: recordFrameIntervals = False
472.1964 	INFO 	Mouse: using default window
473.2735 	DATA 	Keypress: u
473.5556 	DATA 	Keypress: h
473.6930 	EXP 	New trial (rep=6, index=6): {'leftStreamFlip': False, 'oneTarget': False, 'trialInstructionPos': (0, -1), 'probe': 'both', 'rightStreamFlip': False, 'horizVert': False, 'ISIframes': 2, 'rightResponseFirst': True}
473.7045 	INFO 	numtrials=360 and this trialDurFrames=3 or 50.0 ms  task=T1
474.7548 	EXP 	window1: recordFrameIntervals = False
474.7627 	INFO 	Mouse: using default window
476.1889 	DATA 	Keypress: j
476.7222 	DATA 	Keypress: e
476.8600 	EXP 	New trial (rep=6, index=7): {'leftStreamFlip': False, 'oneTarget': False, 'trialInstructionPos': (0, 1), 'probe': 'both', 'rightStreamFlip': False, 'horizVert': False, 'ISIframes': 2, 'rightResponseFirst': True}
476.8889 	INFO 	numtrials=360 and this trialDurFrames=3 or 50.0 ms  task=T1
477.9054 	EXP 	window1: recordFrameIntervals = False
477.9134 	INFO 	Mouse: using default window
479.1052 	DATA 	Keypress: h
479.5553 	DATA 	Keypress: a
479.6935 	EXP 	New trial (rep=6, index=8): {'leftStreamFlip': False, 'oneTarget': False, 'trialInstructionPos': (0, 1), 'probe': 'both', 'rightStreamFlip': False, 'horizVert': False, 'ISIframes': 2, 'rightResponseFirst': False}
479.7045 	INFO 	numtrials=360 and this trialDurFrames=4 or 66.6666666667 ms  task=T1
480.7388 	EXP 	window1: recordFrameIntervals = False
480.7464 	INFO 	Mouse: using default window
481.8056 	DATA 	Keypress: y
482.7386 	DATA 	Keypress: z
482.8780 	EXP 	New trial (rep=6, index=9): {'leftStreamFlip': False, 'oneTarget': False, 'trialInstructionPos': (0, 1), 'probe': 'both', 'rightStreamFlip': False, 'horizVert': False, 'ISIframes': 2, 'rightResponseFirst': True}
482.9044 	INFO 	numtrials=360 and this trialDurFrames=4 or 66.6666666667 ms  task=T1
484.1220 	EXP 	window1: recordFrameIntervals = False
484.1298 	INFO 	Mouse: using default window
486.2886 	DATA 	Keypress: s
486.7717 	DATA 	Keypress: h
486.9105 	EXP 	New trial (rep=6, index=10): {'leftStreamFlip': False, 'oneTarget': True, 'trialInstructionPos': (0, 1), 'probe': 'both', 'rightStreamFlip': False, 'horizVert': False, 'ISIframes': 2, 'rightResponseFirst': False}
486.9379 	INFO 	numtrials=360 and this trialDurFrames=3 or 50.0 ms  task=T1
487.9214 	EXP 	window1: recordFrameIntervals = False
487.9293 	INFO 	Mouse: using default window
489.3556 	DATA 	Keypress: r
489.4901 	EXP 	New trial (rep=6, index=11): {'leftStreamFlip': False, 'oneTarget': True, 'trialInstructionPos': (0, 1), 'probe': 'both', 'rightStreamFlip': False, 'horizVert': False, 'ISIframes': 2, 'rightResponseFirst': True}
489.5040 	INFO 	numtrials=360 and this trialDurFrames=3 or 50.0 ms  task=T1
490.5220 	EXP 	window1: recordFrameIntervals = False
490.5297 	INFO 	Mouse: using default window
491.5050 	DATA 	Keypress: z
491.6428 	EXP 	New trial (rep=7, index=0): {'leftStreamFlip': False, 'oneTarget': True, 'trialInstructionPos': (0, -1), 'probe': 'both', 'rightStreamFlip': False, 'horizVert': False, 'ISIframes': 2, 'rightResponseFirst': True}
491.6552 	INFO 	numtrials=360 and this trialDurFrames=4 or 66.6666666667 ms  task=T1
492.6559 	EXP 	window1: recordFrameIntervals = False
492.6638 	INFO 	Mouse: using default window
493.6385 	DATA 	Keypress: t
493.8147 	EXP 	New trial (rep=7, index=1): {'leftStreamFlip': False, 'oneTarget': False, 'trialInstructionPos': (0, 1), 'probe': 'both', 'rightStreamFlip': False, 'horizVert': False, 'ISIframes': 2, 'rightResponseFirst': False}
493.8377 	INFO 	numtrials=360 and this trialDurFrames=4 or 66.6666666667 ms  task=T1
494.9051 	EXP 	window1: recordFrameIntervals = False
494.9125 	INFO 	Mouse: using default window
495.9053 	DATA 	Keypress: s
496.4223 	DATA 	Keypress: j
496.5603 	EXP 	New trial (rep=7, index=2): {'leftStreamFlip': False, 'oneTarget': True, 'trialInstructionPos': (0, -1), 'probe': 'both', 'rightStreamFlip': False, 'horizVert': False, 'ISIframes': 2, 'rightResponseFirst': False}
496.5870 	INFO 	numtrials=360 and this trialDurFrames=4 or 66.6666666667 ms  task=T1
497.7384 	EXP 	window1: recordFrameIntervals = False
497.7468 	INFO 	Mouse: using default window
499.0054 	DATA 	Keypress: j
499.1424 	EXP 	New trial (rep=7, index=3): {'leftStreamFlip': False, 'oneTarget': True, 'trialInstructionPos': (0, 1), 'probe': 'both', 'rightStreamFlip': False, 'horizVert': False, 'ISIframes': 2, 'rightResponseFirst': True}
499.1543 	INFO 	numtrials=360 and this trialDurFrames=4 or 66.6666666667 ms  task=T1
500.2050 	EXP 	window1: recordFrameIntervals = False
500.2154 	INFO 	Mouse: using default window
501.2717 	DATA 	Keypress: s
501.4110 	EXP 	New trial (rep=7, index=4): {'leftStreamFlip': False, 'oneTarget': False, 'trialInstructionPos': (0, 1), 'probe': 'both', 'rightStreamFlip': False, 'horizVert': False, 'ISIframes': 2, 'rightResponseFirst': False}
501.4389 	INFO 	numtrials=360 and this trialDurFrames=4 or 66.6666666667 ms  task=T1
502.4556 	EXP 	window1: recordFrameIntervals = False
502.4635 	INFO 	Mouse: using default window
503.3389 	DATA 	Keypress: n
503.9058 	DATA 	Keypress: s
504.0429 	EXP 	New trial (rep=7, index=5): {'leftStreamFlip': False, 'oneTarget': False, 'trialInstructionPos': (0, -1), 'probe': 'both', 'rightStreamFlip': False, 'horizVert': False, 'ISIframes': 2, 'rightResponseFirst': True}
504.0546 	INFO 	numtrials=360 and this trialDurFrames=4 or 66.6666666667 ms  task=T1
505.2387 	EXP 	window1: recordFrameIntervals = False
505.2465 	INFO 	Mouse: using default window
506.9385 	DATA 	Keypress: a
507.1717 	DATA 	Keypress: s
507.3104 	EXP 	New trial (rep=7, index=6): {'leftStreamFlip': False, 'oneTarget': True, 'trialInstructionPos': (0, 1), 'probe': 'both', 'rightStreamFlip': False, 'horizVert': False, 'ISIframes': 2, 'rightResponseFirst': False}
507.3219 	INFO 	numtrials=360 and this trialDurFrames=4 or 66.6666666667 ms  task=T1
508.4889 	EXP 	window1: recordFrameIntervals = False
508.4967 	INFO 	Mouse: using default window
509.4056 	DATA 	Keypress: y
509.5442 	EXP 	New trial (rep=7, index=7): {'leftStreamFlip': False, 'oneTarget': False, 'trialInstructionPos': (0, -1), 'probe': 'both', 'rightStreamFlip': False, 'horizVert': False, 'ISIframes': 2, 'rightResponseFirst': False}
509.5723 	INFO 	numtrials=360 and this trialDurFrames=4 or 66.6666666667 ms  task=T1
510.7883 	EXP 	window1: recordFrameIntervals = False
510.7956 	INFO 	Mouse: using default window
512.1890 	DATA 	Keypress: f
512.8218 	DATA 	Keypress: k
512.9615 	EXP 	New trial (rep=7, index=8): {'leftStreamFlip': False, 'oneTarget': False, 'trialInstructionPos': (0, 1), 'probe': 'both', 'rightStreamFlip': False, 'horizVert': False, 'ISIframes': 2, 'rightResponseFirst': True}
512.9877 	INFO 	numtrials=360 and this trialDurFrames=3 or 50.0 ms  task=T1
514.0220 	EXP 	window1: recordFrameIntervals = False
514.0298 	INFO 	Mouse: using default window
515.4719 	DATA 	Keypress: s
515.8725 	DATA 	Keypress: y
516.0117 	EXP 	New trial (rep=7, index=9): {'leftStreamFlip': False, 'oneTarget': False, 'trialInstructionPos': (0, 1), 'probe': 'both', 'rightStreamFlip': False, 'horizVert': False, 'ISIframes': 2, 'rightResponseFirst': True}
516.0378 	INFO 	numtrials=360 and this trialDurFrames=3 or 50.0 ms  task=T1
517.0052 	EXP 	window1: recordFrameIntervals = False
517.0131 	INFO 	Mouse: using default window
518.2575 	DATA 	Keypress: h
518.6724 	DATA 	Keypress: s
518.8113 	EXP 	New trial (rep=7, index=10): {'leftStreamFlip': False, 'oneTarget': False, 'trialInstructionPos': (0, -1), 'probe': 'both', 'rightStreamFlip': False, 'horizVert': False, 'ISIframes': 2, 'rightResponseFirst': False}
518.8380 	INFO 	numtrials=360 and this trialDurFrames=4 or 66.6666666667 ms  task=T1
519.8888 	EXP 	window1: recordFrameIntervals = False
519.8965 	INFO 	Mouse: using default window
520.9886 	DATA 	Keypress: z
521.4051 	DATA 	Keypress: f
521.5402 	EXP 	New trial (rep=7, index=11): {'leftStreamFlip': False, 'oneTarget': False, 'trialInstructionPos': (0, -1), 'probe': 'both', 'rightStreamFlip': False, 'horizVert': False, 'ISIframes': 2, 'rightResponseFirst': True}
521.5541 	INFO 	numtrials=360 and this trialDurFrames=4 or 66.6666666667 ms  task=T1
522.5556 	EXP 	window1: recordFrameIntervals = False
522.5644 	INFO 	Mouse: using default window
523.9888 	DATA 	Keypress: n
524.3057 	DATA 	Keypress: c
524.4426 	EXP 	New trial (rep=8, index=0): {'leftStreamFlip': False, 'oneTarget': True, 'trialInstructionPos': (0, -1), 'probe': 'both', 'rightStreamFlip': False, 'horizVert': False, 'ISIframes': 2, 'rightResponseFirst': False}
524.4546 	INFO 	numtrials=360 and this trialDurFrames=3 or 50.0 ms  task=T1
525.5381 	EXP 	window1: recordFrameIntervals = False
525.5464 	INFO 	Mouse: using default window
526.5053 	DATA 	Keypress: n
526.6424 	EXP 	New trial (rep=8, index=1): {'leftStreamFlip': False, 'oneTarget': False, 'trialInstructionPos': (0, 1), 'probe': 'both', 'rightStreamFlip': False, 'horizVert': False, 'ISIframes': 2, 'rightResponseFirst': True}
526.6552 	INFO 	numtrials=360 and this trialDurFrames=3 or 50.0 ms  task=T1
527.6882 	EXP 	window1: recordFrameIntervals = False
527.6977 	INFO 	Mouse: using default window
528.9054 	DATA 	Keypress: r
529.2720 	DATA 	Keypress: n
529.4706 	EXP 	New trial (rep=8, index=2): {'leftStreamFlip': False, 'oneTarget': True, 'trialInstructionPos': (0, 1), 'probe': 'both', 'rightStreamFlip': False, 'horizVert': False, 'ISIframes': 2, 'rightResponseFirst': True}
529.4877 	INFO 	numtrials=360 and this trialDurFrames=3 or 50.0 ms  task=T1
530.6056 	EXP 	window1: recordFrameIntervals = False
530.6142 	INFO 	Mouse: using default window
531.7225 	DATA 	Keypress: m
531.8612 	EXP 	New trial (rep=8, index=3): {'leftStreamFlip': False, 'oneTarget': False, 'trialInstructionPos': (0, -1), 'probe': 'both', 'rightStreamFlip': False, 'horizVert': False, 'ISIframes': 2, 'rightResponseFirst': True}
531.8892 	INFO 	numtrials=360 and this trialDurFrames=3 or 50.0 ms  task=T1
532.9718 	EXP 	window1: recordFrameIntervals = False
532.9795 	INFO 	Mouse: using default window
534.3552 	DATA 	Keypress: j
534.6890 	DATA 	Keypress: n
534.8281 	EXP 	New trial (rep=8, index=4): {'leftStreamFlip': False, 'oneTarget': False, 'trialInstructionPos': (0, 1), 'probe': 'both', 'rightStreamFlip': False, 'horizVert': False, 'ISIframes': 2, 'rightResponseFirst': False}
534.8543 	INFO 	numtrials=360 and this trialDurFrames=3 or 50.0 ms  task=T1
535.8887 	EXP 	window1: recordFrameIntervals = False
535.8960 	INFO 	Mouse: using default window
537.0558 	DATA 	Keypress: s
537.6225 	DATA 	Keypress: j
537.7608 	EXP 	New trial (rep=8, index=5): {'leftStreamFlip': False, 'oneTarget': False, 'trialInstructionPos': (0, -1), 'probe': 'both', 'rightStreamFlip': False, 'horizVert': False, 'ISIframes': 2, 'rightResponseFirst': False}
537.7709 	INFO 	numtrials=360 and this trialDurFrames=3 or 50.0 ms  task=T1
538.9555 	EXP 	window1: recordFrameIntervals = False
538.9634 	INFO 	Mouse: using default window
540.3724 	DATA 	Keypress: s
540.8386 	DATA 	Keypress: y
540.9764 	EXP 	New trial (rep=8, index=6): {'leftStreamFlip': False, 'oneTarget': True, 'trialInstructionPos': (0, 1), 'probe': 'both', 'rightStreamFlip': False, 'horizVert': False, 'ISIframes': 2, 'rightResponseFirst': False}
540.9883 	INFO 	numtrials=360 and this trialDurFrames=3 or 50.0 ms  task=T1
542.0055 	EXP 	window1: recordFrameIntervals = False
542.0132 	INFO 	Mouse: using default window
543.1893 	DATA 	Keypress: g
543.3269 	EXP 	New trial (rep=8, index=7): {'leftStreamFlip': False, 'oneTarget': False, 'trialInstructionPos': (0, 1), 'probe': 'both', 'rightStreamFlip': False, 'horizVert': False, 'ISIframes': 2, 'rightResponseFirst': False}
543.3544 	INFO 	numtrials=360 and this trialDurFrames=3 or 50.0 ms  task=T1
544.4217 	EXP 	window1: recordFrameIntervals = False
544.4298 	INFO 	Mouse: using default window
546.0551 	DATA 	Keypress: y
546.4054 	DATA 	Keypress: s
546.5457 	EXP 	New trial (rep=8, index=8): {'leftStreamFlip': False, 'oneTarget': False, 'trialInstructionPos': (0, -1), 'probe': 'both', 'rightStreamFlip': False, 'horizVert': False, 'ISIframes': 2, 'rightResponseFirst': True}
546.5713 	INFO 	numtrials=360 and this trialDurFrames=3 or 50.0 ms  task=T1
547.6722 	EXP 	window1: recordFrameIntervals = False
547.6799 	INFO 	Mouse: using default window
548.8055 	DATA 	Keypress: h
549.1555 	DATA 	Keypress: c
549.2938 	EXP 	New trial (rep=8, index=9): {'leftStreamFlip': False, 'oneTarget': True, 'trialInstructionPos': (0, -1), 'probe': 'both', 'rightStreamFlip': False, 'horizVert': False, 'ISIframes': 2, 'rightResponseFirst': True}
549.3040 	INFO 	numtrials=360 and this trialDurFrames=3 or 50.0 ms  task=T1
550.5055 	EXP 	window1: recordFrameIntervals = False
550.5133 	INFO 	Mouse: using default window
552.4892 	DATA 	Keypress: h
552.6267 	EXP 	New trial (rep=8, index=10): {'leftStreamFlip': False, 'oneTarget': False, 'trialInstructionPos': (0, 1), 'probe': 'both', 'rightStreamFlip': False, 'horizVert': False, 'ISIframes': 2, 'rightResponseFirst': True}
552.6379 	INFO 	numtrials=360 and this trialDurFrames=3 or 50.0 ms  task=T1
553.8053 	EXP 	window1: recordFrameIntervals = False
553.8137 	INFO 	Mouse: using default window
555.0251 	DATA 	Keypress: s
555.9221 	DATA 	Keypress: n
556.0623 	EXP 	New trial (rep=8, index=11): {'leftStreamFlip': False, 'oneTarget': False, 'trialInstructionPos': (0, -1), 'probe': 'both', 'rightStreamFlip': False, 'horizVert': False, 'ISIframes': 2, 'rightResponseFirst': False}
556.0891 	INFO 	numtrials=360 and this trialDurFrames=3 or 50.0 ms  task=T1
557.2721 	EXP 	window1: recordFrameIntervals = False
557.2803 	INFO 	Mouse: using default window
558.6728 	DATA 	Keypress: h
559.2220 	DATA 	Keypress: j
559.3606 	EXP 	New trial (rep=9, index=0): {'leftStreamFlip': False, 'oneTarget': True, 'trialInstructionPos': (0, -1), 'probe': 'both', 'rightStreamFlip': False, 'horizVert': False, 'ISIframes': 2, 'rightResponseFirst': True}
559.3893 	INFO 	numtrials=360 and this trialDurFrames=3 or 50.0 ms  task=T1
560.4883 	EXP 	window1: recordFrameIntervals = False
560.4961 	INFO 	Mouse: using default window
563.7055 	DATA 	Keypress: s
563.8427 	EXP 	New trial (rep=9, index=1): {'leftStreamFlip': False, 'oneTarget': False, 'trialInstructionPos': (0, -1), 'probe': 'both', 'rightStreamFlip': False, 'horizVert': False, 'ISIframes': 2, 'rightResponseFirst': True}
563.8547 	INFO 	numtrials=360 and this trialDurFrames=3 or 50.0 ms  task=T1
564.8224 	EXP 	window1: recordFrameIntervals = False
564.8300 	INFO 	Mouse: using default window
565.9726 	DATA 	Keypress: y
566.4226 	DATA 	Keypress: f
566.5608 	EXP 	New trial (rep=9, index=2): {'leftStreamFlip': False, 'oneTarget': True, 'trialInstructionPos': (0, 1), 'probe': 'both', 'rightStreamFlip': False, 'horizVert': False, 'ISIframes': 2, 'rightResponseFirst': True}
566.5880 	INFO 	numtrials=360 and this trialDurFrames=3 or 50.0 ms  task=T1
567.7221 	EXP 	window1: recordFrameIntervals = False
567.7296 	INFO 	Mouse: using default window
568.9385 	DATA 	Keypress: h
569.0777 	EXP 	New trial (rep=9, index=3): {'leftStreamFlip': False, 'oneTarget': False, 'trialInstructionPos': (0, -1), 'probe': 'both', 'rightStreamFlip': False, 'horizVert': False, 'ISIframes': 2, 'rightResponseFirst': True}
569.1046 	INFO 	numtrials=360 and this trialDurFrames=3 or 50.0 ms  task=T1
570.1384 	EXP 	window1: recordFrameIntervals = False
570.1464 	INFO 	Mouse: using default window
571.1225 	DATA 	Keypress: n
571.5720 	DATA 	Keypress: e
571.7120 	EXP 	New trial (rep=9, index=4): {'leftStreamFlip': False, 'oneTarget': False, 'trialInstructionPos': (0, -1), 'probe': 'both', 'rightStreamFlip': False, 'horizVert': False, 'ISIframes': 2, 'rightResponseFirst': False}
571.7391 	INFO 	numtrials=360 and this trialDurFrames=3 or 50.0 ms  task=T1
572.7049 	EXP 	window1: recordFrameIntervals = False
572.7130 	INFO 	Mouse: using default window
573.8222 	DATA 	Keypress: s
574.1225 	DATA 	Keypress: r
574.2613 	EXP 	New trial (rep=9, index=5): {'leftStreamFlip': False, 'oneTarget': False, 'trialInstructionPos': (0, 1), 'probe': 'both', 'rightStreamFlip': False, 'horizVert': False, 'ISIframes': 2, 'rightResponseFirst': False}
574.2893 	INFO 	numtrials=360 and this trialDurFrames=3 or 50.0 ms  task=T1
575.4056 	EXP 	window1: recordFrameIntervals = False
575.4134 	INFO 	Mouse: using default window
576.7226 	DATA 	Keypress: j
577.5060 	DATA 	Keypress: s
577.6430 	EXP 	New trial (rep=9, index=6): {'leftStreamFlip': False, 'oneTarget': False, 'trialInstructionPos': (0, 1), 'probe': 'both', 'rightStreamFlip': False, 'horizVert': False, 'ISIframes': 2, 'rightResponseFirst': True}
577.6546 	INFO 	numtrials=360 and this trialDurFrames=3 or 50.0 ms  task=T1
578.7390 	EXP 	window1: recordFrameIntervals = False
578.7467 	INFO 	Mouse: using default window
580.1892 	DATA 	Keypress: z
580.5726 	DATA 	Keypress: c
580.7113 	EXP 	New trial (rep=9, index=7): {'leftStreamFlip': False, 'oneTarget': True, 'trialInstructionPos': (0, -1), 'probe': 'both', 'rightStreamFlip': False, 'horizVert': False, 'ISIframes': 2, 'rightResponseFirst': False}
580.7382 	INFO 	numtrials=360 and this trialDurFrames=3 or 50.0 ms  task=T1
581.9051 	EXP 	window1: recordFrameIntervals = False
581.9130 	INFO 	Mouse: using default window
583.6394 	DATA 	Keypress: c
583.7768 	EXP 	New trial (rep=9, index=8): {'leftStreamFlip': False, 'oneTarget': False, 'trialInstructionPos': (0, -1), 'probe': 'both', 'rightStreamFlip': False, 'horizVert': False, 'ISIframes': 2, 'rightResponseFirst': False}
583.7887 	INFO 	numtrials=360 and this trialDurFrames=3 or 50.0 ms  task=T1
583.8715 	DATA 	Keypress: f
584.9552 	EXP 	window1: recordFrameIntervals = False
584.9632 	INFO 	Mouse: using default window
586.3070 	DATA 	Keypress: m
588.1893 	DATA 	Keypress: m
588.3310 	EXP 	New trial (rep=9, index=9): {'leftStreamFlip': False, 'oneTarget': False, 'trialInstructionPos': (0, 1), 'probe': 'both', 'rightStreamFlip': False, 'horizVert': False, 'ISIframes': 2, 'rightResponseFirst': False}
588.3546 	INFO 	numtrials=360 and this trialDurFrames=3 or 50.0 ms  task=T1
589.5387 	EXP 	window1: recordFrameIntervals = False
589.5465 	INFO 	Mouse: using default window
591.3759 	DATA 	Keypress: g
592.2888 	DATA 	Keypress: e
592.4274 	EXP 	New trial (rep=9, index=10): {'leftStreamFlip': False, 'oneTarget': False, 'trialInstructionPos': (0, 1), 'probe': 'both', 'rightStreamFlip': False, 'horizVert': False, 'ISIframes': 2, 'rightResponseFirst': True}
592.4387 	INFO 	numtrials=360 and this trialDurFrames=3 or 50.0 ms  task=T1
593.5392 	EXP 	window1: recordFrameIntervals = False
593.5474 	INFO 	Mouse: using default window
594.9223 	DATA 	Keypress: j
595.4725 	DATA 	Keypress: e
595.6096 	EXP 	New trial (rep=9, index=11): {'leftStreamFlip': False, 'oneTarget': True, 'trialInstructionPos': (0, 1), 'probe': 'both', 'rightStreamFlip': False, 'horizVert': False, 'ISIframes': 2, 'rightResponseFirst': False}
595.6210 	INFO 	numtrials=360 and this trialDurFrames=3 or 50.0 ms  task=T1
596.6054 	EXP 	window1: recordFrameIntervals = False
596.6133 	INFO 	Mouse: using default window
600.7892 	DATA 	Keypress: e
600.9304 	EXP 	New trial (rep=10, index=0): {'leftStreamFlip': False, 'oneTarget': False, 'trialInstructionPos': (0, 1), 'probe': 'both', 'rightStreamFlip': False, 'horizVert': False, 'ISIframes': 2, 'rightResponseFirst': False}
600.9547 	INFO 	numtrials=360 and this trialDurFrames=4 or 66.6666666667 ms  task=T1
602.1553 	EXP 	window1: recordFrameIntervals = False
602.1634 	INFO 	Mouse: using default window
603.4559 	DATA 	Keypress: m
604.1388 	DATA 	Keypress: g
604.2777 	EXP 	New trial (rep=10, index=1): {'leftStreamFlip': False, 'oneTarget': False, 'trialInstructionPos': (0, -1), 'probe': 'both', 'rightStreamFlip': False, 'horizVert': False, 'ISIframes': 2, 'rightResponseFirst': True}
604.2887 	INFO 	numtrials=360 and this trialDurFrames=4 or 66.6666666667 ms  task=T1
605.3721 	EXP 	window1: recordFrameIntervals = False
605.3801 	INFO 	Mouse: using default window
606.6559 	DATA 	Keypress: g
607.0417 	DATA 	Keypress: u
607.1960 	EXP 	New trial (rep=10, index=2): {'leftStreamFlip': False, 'oneTarget': False, 'trialInstructionPos': (0, 1), 'probe': 'both', 'rightStreamFlip': False, 'horizVert': False, 'ISIframes': 2, 'rightResponseFirst': True}
607.2212 	INFO 	numtrials=360 and this trialDurFrames=4 or 66.6666666667 ms  task=T1
608.4390 	EXP 	window1: recordFrameIntervals = False
608.4476 	INFO 	Mouse: using default window
610.0560 	DATA 	Keypress: a
610.9386 	DATA 	Keypress: n
611.0777 	EXP 	New trial (rep=10, index=3): {'leftStreamFlip': False, 'oneTarget': False, 'trialInstructionPos': (0, -1), 'probe': 'both', 'rightStreamFlip': False, 'horizVert': False, 'ISIframes': 2, 'rightResponseFirst': False}
611.1058 	INFO 	numtrials=360 and this trialDurFrames=4 or 66.6666666667 ms  task=T1
612.2553 	EXP 	window1: recordFrameIntervals = False
612.2633 	INFO 	Mouse: using default window
613.7056 	DATA 	Keypress: z
614.4886 	DATA 	Keypress: g
614.6272 	EXP 	New trial (rep=10, index=4): {'leftStreamFlip': False, 'oneTarget': False, 'trialInstructionPos': (0, 1), 'probe': 'both', 'rightStreamFlip': False, 'horizVert': False, 'ISIframes': 2, 'rightResponseFirst': True}
614.6385 	INFO 	numtrials=360 and this trialDurFrames=4 or 66.6666666667 ms  task=T1
615.8054 	EXP 	window1: recordFrameIntervals = False
615.8134 	INFO 	Mouse: using default window
617.0902 	DATA 	Keypress: u
617.4893 	DATA 	Keypress: g
617.6277 	EXP 	New trial (rep=10, index=5): {'leftStreamFlip': False, 'oneTarget': True, 'trialInstructionPos': (0, 1), 'probe': 'both', 'rightStreamFlip': False, 'horizVert': False, 'ISIframes': 2, 'rightResponseFirst': True}
617.6548 	INFO 	numtrials=360 and this trialDurFrames=4 or 66.6666666667 ms  task=T1
618.8217 	EXP 	window1: recordFrameIntervals = False
618.8301 	INFO 	Mouse: using default window
620.6059 	DATA 	Keypress: e
620.7444 	EXP 	New trial (rep=10, index=6): {'leftStreamFlip': False, 'oneTarget': False, 'trialInstructionPos': (0, -1), 'probe': 'both', 'rightStreamFlip': False, 'horizVert': False, 'ISIframes': 2, 'rightResponseFirst': True}
620.7713 	INFO 	numtrials=360 and this trialDurFrames=4 or 66.6666666667 ms  task=T1
621.9724 	EXP 	window1: recordFrameIntervals = False
621.9806 	INFO 	Mouse: using default window
623.4726 	DATA 	Keypress: z
624.1387 	DATA 	Keypress: y
624.2795 	EXP 	New trial (rep=10, index=7): {'leftStreamFlip': False, 'oneTarget': False, 'trialInstructionPos': (0, 1), 'probe': 'both', 'rightStreamFlip': False, 'horizVert': False, 'ISIframes': 2, 'rightResponseFirst': False}
624.3059 	INFO 	numtrials=360 and this trialDurFrames=4 or 66.6666666667 ms  task=T1
625.3890 	EXP 	window1: recordFrameIntervals = False
625.3964 	INFO 	Mouse: using default window
626.5555 	DATA 	Keypress: a
627.0558 	DATA 	Keypress: c
627.1946 	EXP 	New trial (rep=10, index=8): {'leftStreamFlip': False, 'oneTarget': True, 'trialInstructionPos': (0, -1), 'probe': 'both', 'rightStreamFlip': False, 'horizVert': False, 'ISIframes': 2, 'rightResponseFirst': True}
627.2227 	INFO 	numtrials=360 and this trialDurFrames=4 or 66.6666666667 ms  task=T1
628.4218 	EXP 	window1: recordFrameIntervals = False
628.4295 	INFO 	Mouse: using default window
629.6556 	DATA 	Keypress: h
629.7939 	EXP 	New trial (rep=10, index=9): {'leftStreamFlip': False, 'oneTarget': True, 'trialInstructionPos': (0, -1), 'probe': 'both', 'rightStreamFlip': False, 'horizVert': False, 'ISIframes': 2, 'rightResponseFirst': False}
629.8227 	INFO 	numtrials=360 and this trialDurFrames=4 or 66.6666666667 ms  task=T1
630.9219 	EXP 	window1: recordFrameIntervals = False
630.9299 	INFO 	Mouse: using default window
631.9223 	DATA 	Keypress: t
632.0618 	EXP 	New trial (rep=10, index=10): {'leftStreamFlip': False, 'oneTarget': True, 'trialInstructionPos': (0, 1), 'probe': 'both', 'rightStreamFlip': False, 'horizVert': False, 'ISIframes': 2, 'rightResponseFirst': False}
632.0882 	INFO 	numtrials=360 and this trialDurFrames=4 or 66.6666666667 ms  task=T1
633.1062 	EXP 	window1: recordFrameIntervals = False
633.1144 	INFO 	Mouse: using default window
633.9890 	DATA 	Keypress: m
634.1275 	EXP 	New trial (rep=10, index=11): {'leftStreamFlip': False, 'oneTarget': False, 'trialInstructionPos': (0, -1), 'probe': 'both', 'rightStreamFlip': False, 'horizVert': False, 'ISIframes': 2, 'rightResponseFirst': False}
634.1388 	INFO 	numtrials=360 and this trialDurFrames=4 or 66.6666666667 ms  task=T1
635.3218 	EXP 	window1: recordFrameIntervals = False
635.3300 	INFO 	Mouse: using default window
636.4894 	DATA 	Keypress: s
637.1722 	DATA 	Keypress: n
637.3214 	EXP 	New trial (rep=11, index=0): {'leftStreamFlip': False, 'oneTarget': False, 'trialInstructionPos': (0, -1), 'probe': 'both', 'rightStreamFlip': False, 'horizVert': False, 'ISIframes': 2, 'rightResponseFirst': False}
637.3381 	INFO 	numtrials=360 and this trialDurFrames=4 or 66.6666666667 ms  task=T1
638.4225 	EXP 	window1: recordFrameIntervals = False
638.4303 	INFO 	Mouse: using default window
639.3889 	DATA 	Keypress: e
639.7557 	DATA 	Keypress: s
639.8938 	EXP 	New trial (rep=11, index=1): {'leftStreamFlip': False, 'oneTarget': False, 'trialInstructionPos': (0, -1), 'probe': 'both', 'rightStreamFlip': False, 'horizVert': False, 'ISIframes': 2, 'rightResponseFirst': True}
639.9056 	INFO 	numtrials=360 and this trialDurFrames=4 or 66.6666666667 ms  task=T1
641.0721 	EXP 	window1: recordFrameIntervals = False
641.0807 	INFO 	Mouse: using default window
642.0555 	DATA 	Keypress: t
642.6420 	DATA 	Keypress: t
642.7986 	EXP 	New trial (rep=11, index=2): {'leftStreamFlip': False, 'oneTarget': True, 'trialInstructionPos': (0, 1), 'probe': 'both', 'rightStreamFlip': False, 'horizVert': False, 'ISIframes': 2, 'rightResponseFirst': True}
642.8215 	INFO 	numtrials=360 and this trialDurFrames=4 or 66.6666666667 ms  task=T1
644.0054 	EXP 	window1: recordFrameIntervals = False
644.0134 	INFO 	Mouse: using default window
645.0562 	DATA 	Keypress: r
645.1935 	EXP 	New trial (rep=11, index=3): {'leftStreamFlip': False, 'oneTarget': False, 'trialInstructionPos': (0, 1), 'probe': 'both', 'rightStreamFlip': False, 'horizVert': False, 'ISIframes': 2, 'rightResponseFirst': True}
645.2047 	INFO 	numtrials=360 and this trialDurFrames=4 or 66.6666666667 ms  task=T1
646.2387 	EXP 	window1: recordFrameIntervals = False
646.2467 	INFO 	Mouse: using default window
647.4562 	DATA 	Keypress: a
647.9389 	DATA 	Keypress: n
648.0796 	EXP 	New trial (rep=11, index=4): {'leftStreamFlip': False, 'oneTarget': False, 'trialInstructionPos': (0, 1), 'probe': 'both', 'rightStreamFlip': False, 'horizVert': False, 'ISIframes': 2, 'rightResponseFirst': True}
648.1049 	INFO 	numtrials=360 and this trialDurFrames=4 or 66.6666666667 ms  task=T1
649.1223 	EXP 	window1: recordFrameIntervals = False
649.1302 	INFO 	Mouse: using default window
650.2895 	DATA 	Keypress: e
650.6561 	DATA 	Keypress: a
650.7944 	EXP 	New trial (rep=11, index=5): {'leftStreamFlip': False, 'oneTarget': False, 'trialInstructionPos': (0, 1), 'probe': 'both', 'rightStreamFlip': False, 'horizVert': False, 'ISIframes': 2, 'rightResponseFirst': False}
650.8212 	INFO 	numtrials=360 and this trialDurFrames=4 or 66.6666666667 ms  task=T1
651.8049 	EXP 	window1: recordFrameIntervals = False
651.8137 	INFO 	Mouse: using default window
652.9225 	DATA 	Keypress: y
653.2727 	DATA 	Keypress: n
653.4106 	EXP 	New trial (rep=11, index=6): {'leftStreamFlip': False, 'oneTarget': False, 'trialInstructionPos': (0, -1), 'probe': 'both', 'rightStreamFlip': False, 'horizVert': False, 'ISIframes': 2, 'rightResponseFirst': False}
653.4394 	INFO 	numtrials=360 and this trialDurFrames=4 or 66.6666666667 ms  task=T1
654.6222 	EXP 	window1: recordFrameIntervals = False
654.6304 	INFO 	Mouse: using default window
655.9227 	DATA 	Keypress: z
656.3056 	DATA 	Keypress: r
656.4438 	EXP 	New trial (rep=11, index=7): {'leftStreamFlip': False, 'oneTarget': True, 'trialInstructionPos': (0, 1), 'probe': 'both', 'rightStreamFlip': False, 'horizVert': False, 'ISIframes': 2, 'rightResponseFirst': False}
656.4552 	INFO 	numtrials=360 and this trialDurFrames=3 or 50.0 ms  task=T1
657.4554 	EXP 	window1: recordFrameIntervals = False
657.4637 	INFO 	Mouse: using default window
659.1893 	DATA 	Keypress: y
659.3273 	EXP 	New trial (rep=11, index=8): {'leftStreamFlip': False, 'oneTarget': True, 'trialInstructionPos': (0, -1), 'probe': 'both', 'rightStreamFlip': False, 'horizVert': False, 'ISIframes': 2, 'rightResponseFirst': False}
659.3381 	INFO 	numtrials=360 and this trialDurFrames=4 or 66.6666666667 ms  task=T1
660.3556 	EXP 	window1: recordFrameIntervals = False
660.3634 	INFO 	Mouse: using default window
661.3560 	DATA 	Keypress: r
661.4940 	EXP 	New trial (rep=11, index=9): {'leftStreamFlip': False, 'oneTarget': False, 'trialInstructionPos': (0, 1), 'probe': 'both', 'rightStreamFlip': False, 'horizVert': False, 'ISIframes': 2, 'rightResponseFirst': False}
661.5226 	INFO 	numtrials=360 and this trialDurFrames=4 or 66.6666666667 ms  task=T1
662.6889 	EXP 	window1: recordFrameIntervals = False
662.6982 	INFO 	Mouse: using default window
663.9895 	DATA 	Keypress: f
664.3561 	DATA 	Keypress: m
664.4946 	EXP 	New trial (rep=11, index=10): {'leftStreamFlip': False, 'oneTarget': False, 'trialInstructionPos': (0, -1), 'probe': 'both', 'rightStreamFlip': False, 'horizVert': False, 'ISIframes': 2, 'rightResponseFirst': True}
664.5213 	INFO 	numtrials=360 and this trialDurFrames=3 or 50.0 ms  task=T1
665.6055 	EXP 	window1: recordFrameIntervals = False
665.6135 	INFO 	Mouse: using default window
666.9224 	DATA 	Keypress: z
667.7562 	DATA 	Keypress: u
667.8931 	EXP 	New trial (rep=11, index=11): {'leftStreamFlip': False, 'oneTarget': True, 'trialInstructionPos': (0, -1), 'probe': 'both', 'rightStreamFlip': False, 'horizVert': False, 'ISIframes': 2, 'rightResponseFirst': True}
667.9059 	INFO 	numtrials=360 and this trialDurFrames=3 or 50.0 ms  task=T1
669.1055 	EXP 	window1: recordFrameIntervals = False
669.1139 	INFO 	Mouse: using default window
670.1388 	DATA 	Keypress: u
670.2763 	EXP 	New trial (rep=12, index=0): {'leftStreamFlip': False, 'oneTarget': False, 'trialInstructionPos': (0, 1), 'probe': 'both', 'rightStreamFlip': False, 'horizVert': False, 'ISIframes': 2, 'rightResponseFirst': True}
670.2882 	INFO 	numtrials=360 and this trialDurFrames=4 or 66.6666666667 ms  task=T1
671.4727 	EXP 	window1: recordFrameIntervals = False
671.4809 	INFO 	Mouse: using default window
672.6727 	DATA 	Keypress: y
672.9730 	DATA 	Keypress: y
673.1111 	EXP 	New trial (rep=12, index=1): {'leftStreamFlip': False, 'oneTarget': False, 'trialInstructionPos': (0, -1), 'probe': 'both', 'rightStreamFlip': False, 'horizVert': False, 'ISIframes': 2, 'rightResponseFirst': False}
673.1380 	INFO 	numtrials=360 and this trialDurFrames=4 or 66.6666666667 ms  task=T1
674.1725 	EXP 	window1: recordFrameIntervals = False
674.1805 	INFO 	Mouse: using default window
675.1894 	DATA 	Keypress: e
675.5556 	DATA 	Keypress: y
675.6943 	EXP 	New trial (rep=12, index=2): {'leftStreamFlip': False, 'oneTarget': True, 'trialInstructionPos': (0, -1), 'probe': 'both', 'rightStreamFlip': False, 'horizVert': False, 'ISIframes': 2, 'rightResponseFirst': True}
675.7054 	INFO 	numtrials=360 and this trialDurFrames=3 or 50.0 ms  task=T1
676.7226 	EXP 	window1: recordFrameIntervals = False
676.7305 	INFO 	Mouse: using default window
677.7898 	DATA 	Keypress: r
677.9281 	EXP 	New trial (rep=12, index=3): {'leftStreamFlip': False, 'oneTarget': True, 'trialInstructionPos': (0, -1), 'probe': 'both', 'rightStreamFlip': False, 'horizVert': False, 'ISIframes': 2, 'rightResponseFirst': False}
677.9565 	INFO 	numtrials=360 and this trialDurFrames=4 or 66.6666666667 ms  task=T1
679.0058 	EXP 	window1: recordFrameIntervals = False
679.0136 	INFO 	Mouse: using default window
679.9223 	DATA 	Keypress: m
680.0630 	EXP 	New trial (rep=12, index=4): {'leftStreamFlip': False, 'oneTarget': False, 'trialInstructionPos': (0, -1), 'probe': 'both', 'rightStreamFlip': False, 'horizVert': False, 'ISIframes': 2, 'rightResponseFirst': False}
680.0895 	INFO 	numtrials=360 and this trialDurFrames=4 or 66.6666666667 ms  task=T1
681.2556 	EXP 	window1: recordFrameIntervals = False
681.2636 	INFO 	Mouse: using default window
682.4889 	DATA 	Keypress: n
682.9557 	DATA 	Keypress: y
683.0943 	EXP 	New trial (rep=12, index=5): {'leftStreamFlip': False, 'oneTarget': False, 'trialInstructionPos': (0, 1), 'probe': 'both', 'rightStreamFlip': False, 'horizVert': False, 'ISIframes': 2, 'rightResponseFirst': False}
683.1052 	INFO 	numtrials=360 and this trialDurFrames=3 or 50.0 ms  task=T1
684.2886 	EXP 	window1: recordFrameIntervals = False
684.2963 	INFO 	Mouse: using default window
685.5394 	DATA 	Keypress: t
685.9560 	DATA 	Keypress: a
686.0941 	EXP 	New trial (rep=12, index=6): {'leftStreamFlip': False, 'oneTarget': True, 'trialInstructionPos': (0, 1), 'probe': 'both', 'rightStreamFlip': False, 'horizVert': False, 'ISIframes': 2, 'rightResponseFirst': False}
686.1213 	INFO 	numtrials=360 and this trialDurFrames=3 or 50.0 ms  task=T1
687.2719 	EXP 	window1: recordFrameIntervals = False
687.2800 	INFO 	Mouse: using default window
688.2089 	DATA 	Keypress: k
688.3602 	EXP 	New trial (rep=12, index=7): {'leftStreamFlip': False, 'oneTarget': False, 'trialInstructionPos': (0, -1), 'probe': 'both', 'rightStreamFlip': False, 'horizVert': False, 'ISIframes': 2, 'rightResponseFirst': True}
688.3716 	INFO 	numtrials=360 and this trialDurFrames=3 or 50.0 ms  task=T1
689.3387 	EXP 	window1: recordFrameIntervals = False
689.3473 	INFO 	Mouse: using default window
691.2726 	DATA 	Keypress: t
691.7390 	DATA 	Keypress: a
691.8776 	EXP 	New trial (rep=12, index=8): {'leftStreamFlip': False, 'oneTarget': False, 'trialInstructionPos': (0, -1), 'probe': 'both', 'rightStreamFlip': False, 'horizVert': False, 'ISIframes': 2, 'rightResponseFirst': True}
691.8886 	INFO 	numtrials=360 and this trialDurFrames=3 or 50.0 ms  task=T1
693.0227 	EXP 	window1: recordFrameIntervals = False
693.0305 	INFO 	Mouse: using default window
695.6562 	DATA 	Keypress: n
695.9894 	DATA 	Keypress: m
696.1278 	EXP 	New trial (rep=12, index=9): {'leftStreamFlip': False, 'oneTarget': False, 'trialInstructionPos': (0, 1), 'probe': 'both', 'rightStreamFlip': False, 'horizVert': False, 'ISIframes': 2, 'rightResponseFirst': False}
696.1549 	INFO 	numtrials=360 and this trialDurFrames=3 or 50.0 ms  task=T1
697.1556 	EXP 	window1: recordFrameIntervals = False
697.1636 	INFO 	Mouse: using default window
698.5724 	DATA 	Keypress: j
698.9559 	DATA 	Keypress: e
699.0946 	EXP 	New trial (rep=12, index=10): {'leftStreamFlip': False, 'oneTarget': True, 'trialInstructionPos': (0, 1), 'probe': 'both', 'rightStreamFlip': False, 'horizVert': False, 'ISIframes': 2, 'rightResponseFirst': True}
699.1058 	INFO 	numtrials=360 and this trialDurFrames=3 or 50.0 ms  task=T1
700.2888 	EXP 	window1: recordFrameIntervals = False
700.2963 	INFO 	Mouse: using default window
701.2058 	DATA 	Keypress: m
701.3429 	EXP 	New trial (rep=12, index=11): {'leftStreamFlip': False, 'oneTarget': False, 'trialInstructionPos': (0, 1), 'probe': 'both', 'rightStreamFlip': False, 'horizVert': False, 'ISIframes': 2, 'rightResponseFirst': True}
701.3551 	INFO 	numtrials=360 and this trialDurFrames=4 or 66.6666666667 ms  task=T1
702.3720 	EXP 	window1: recordFrameIntervals = False
702.3801 	INFO 	Mouse: using default window
703.4891 	DATA 	Keypress: r
703.8254 	DATA 	Keypress: c
703.9794 	EXP 	New trial (rep=13, index=0): {'leftStreamFlip': False, 'oneTarget': False, 'trialInstructionPos': (0, -1), 'probe': 'both', 'rightStreamFlip': False, 'horizVert': False, 'ISIframes': 2, 'rightResponseFirst': True}
704.0053 	INFO 	numtrials=360 and this trialDurFrames=4 or 66.6666666667 ms  task=T1
704.9894 	EXP 	window1: recordFrameIntervals = False
704.9974 	INFO 	Mouse: using default window
706.1732 	DATA 	Keypress: c
706.6590 	DATA 	Keypress: j
706.8104 	EXP 	New trial (rep=13, index=1): {'leftStreamFlip': False, 'oneTarget': False, 'trialInstructionPos': (0, 1), 'probe': 'both', 'rightStreamFlip': False, 'horizVert': False, 'ISIframes': 2, 'rightResponseFirst': True}
706.8393 	INFO 	numtrials=360 and this trialDurFrames=3 or 50.0 ms  task=T1
707.8720 	EXP 	window1: recordFrameIntervals = False
707.8803 	INFO 	Mouse: using default window
713.3559 	DATA 	Keypress: lctrl
713.7229 	DATA 	Keypress: lshift
714.0890 	DATA 	Keypress: z
714.1087 	INFO 	Stopping at 09:20 on 06 Aug 2018
714.1103 	ERROR 	user aborted experiment on keypress with trials done=157 of 361
714.1242 	INFO 	Program terminating normally.
