0.8404 	WARNING 	Monitor specification not found. Creating a temporary one...
24.5714 	EXP 	Created window1 = Window(allowGUI=False, allowStencil=False, autoLog=True, bitsMode=UNKNOWN, blendMode='avg', color=array([-0.7, -0.7, -0.7]), colorSpace='rgb', fullscr=UNKNOWN, gamma=None, lms=UNKNOWN, monitor=<psychopy.monitors.calibTools.Monitor object at 0x1AD91050>, name='window1', pos=[0, 0], screen=0, size=array([1920, 1080]), stereo=False, units='deg', useFBO=False, useRetina=False, viewOri=0.0, viewPos=None, viewScale=None, waitBlanking=False, winType='pyglet')
24.5714 	INFO 	Mouse: using default window
24.5718 	EXP 	window1: units = 'norm'
24.6551 	EXP 	Created unnamed ImageStim = ImageStim(autoLog=True, color=array([ 1.,  1.,  1.]), colorSpace='rgb', contrast=1.0, depth=0, flipHoriz=False, flipVert=False, image=str(...), interpolate=False, mask=None, maskParams=None, name='unnamed ImageStim', opacity=1.0, ori=0.0, pos=array([-0.5,  0. ]), size=array([ 1.290625  ,  3.24814815]), texRes=128, units='norm', win=Window(...))
24.7331 	EXP 	Created unnamed ImageStim = ImageStim(autoLog=True, color=array([ 1.,  1.,  1.]), colorSpace='rgb', contrast=1.0, depth=0, flipHoriz=False, flipVert=False, image=str(...), interpolate=False, mask=None, maskParams=None, name='unnamed ImageStim', opacity=1.0, ori=0.0, pos=array([ 0.5,  0. ]), size=array([ 1.290625  ,  3.24814815]), texRes=128, units='norm', win=Window(...))
24.7494 	EXP 	Created OKrespZone = GratingStim(autoDraw=False, autoLog=True, color=array([ 1. ,  0.5,  0.5]), colorSpace='rgb', contrast=1.0, depth=0, interpolate=False, mask='gauss', maskParams=None, name='OKrespZone', opacity=1.0, ori=0.0, phase=array([ 0.,  0.]), pos=array([-0.2 , -0.92]), rgbPedestal=array([ 0.,  0.,  0.]), sf=array([ 0.,  0.]), size=array([ 2.3,  0.2]), tex='sin', texRes=256, units='norm', win=Window(...))
24.9160 	EXP 	unnamed ImageStim: size = (1, 2)
24.9160 	EXP 	unnamed ImageStim: size = (1, 2)
31.5544 	DATA 	Mouse: wheel shift=(0,-1), pos=(682,401)
42.3545 	DATA 	Mouse: wheel shift=(0,-1), pos=(625,578)
43.0876 	DATA 	Mouse: Left button down, pos=(935,575)
43.1877 	DATA 	Mouse:  Left button up, pos=(935,575)
44.5211 	DATA 	Mouse: wheel shift=(0,-1), pos=(700,275)
44.6710 	DATA 	Mouse: wheel shift=(0,-1), pos=(700,275)
146.7045 	DATA 	Mouse: Left button down, pos=(1022,38)
146.7209 	EXP 	window1: units = 'deg'
146.7211 	EXP 	window1: units = 'norm'
146.7409 	EXP 	Created OKrespZone = GratingStim(autoDraw=False, autoLog=True, color=array([ 1. ,  0.5,  0.5]), colorSpace='rgb', contrast=1.0, depth=0, interpolate=False, mask='gauss', maskParams=None, name='OKrespZone', opacity=1.0, ori=0.0, phase=array([ 0.,  0.]), pos=array([-0.2 , -0.92]), rgbPedestal=array([ 0.,  0.,  0.]), sf=array([ 0.,  0.]), size=array([ 2.3,  0.2]), tex='sin', texRes=256, units='norm', win=Window(...))
146.8202 	EXP 	Created unnamed ImageStim = ImageStim(autoLog=True, color=array([ 1.,  1.,  1.]), colorSpace='rgb', contrast=1.0, depth=0, flipHoriz=False, flipVert=False, image='abgdj\\PISandConsentForm\\consentForm.png', interpolate=False, mask=None, maskParams=None, name='unnamed ImageStim', opacity=1.0, ori=0.0, pos=array([ 0.,  0.]), size=array([ 1.3375    ,  2.97407407]), texRes=128, units='norm', win=Window(...))
146.8563 	EXP 	Created unnamed GratingStim = GratingStim(autoDraw=False, autoLog=True, color=array([ 1. ,  0.5,  0.5]), colorSpace='rgb', contrast=1.0, depth=0, interpolate=False, mask='gauss', maskParams=None, name='unnamed GratingStim', opacity=1.0, ori=0.0, phase=array([ 0.,  0.]), pos=array([-0.2 , -0.42]), rgbPedestal=array([ 0.,  0.,  0.]), sf=array([ 0.,  0.]), size=array([ 0.3,  0.2]), tex='sin', texRes=256, units='norm', win=Window(...))
146.8931 	EXP 	Created unnamed GratingStim = GratingStim(autoDraw=False, autoLog=True, color=array([ 1. ,  0.5,  0.5]), colorSpace='rgb', contrast=1.0, depth=0, interpolate=False, mask='gauss', maskParams=None, name='unnamed GratingStim', opacity=1.0, ori=0.0, phase=array([ 0.,  0.]), pos=array([ 0.1 , -0.42]), rgbPedestal=array([ 0.,  0.,  0.]), sf=array([ 0.,  0.]), size=array([ 0.3,  0.2]), tex='sin', texRes=256, units='norm', win=Window(...))
146.9139 	EXP 	Created unnamed GratingStim = GratingStim(autoDraw=False, autoLog=True, color=array([ 1. ,  0.5,  0.5]), colorSpace='rgb', contrast=1.0, depth=0, interpolate=False, mask='gauss', maskParams=None, name='unnamed GratingStim', opacity=1.0, ori=0.0, phase=array([ 0.,  0.]), pos=array([-0.2 , -0.72]), rgbPedestal=array([ 0.,  0.,  0.]), sf=array([ 0.,  0.]), size=array([ 0.3,  0.2]), tex='sin', texRes=256, units='norm', win=Window(...))
146.9339 	EXP 	Created unnamed GratingStim = GratingStim(autoDraw=False, autoLog=True, color=array([ 1. ,  0.5,  0.5]), colorSpace='rgb', contrast=1.0, depth=0, interpolate=False, mask='gauss', maskParams=None, name='unnamed GratingStim', opacity=1.0, ori=0.0, phase=array([ 0.,  0.]), pos=array([ 0.1 , -0.72]), rgbPedestal=array([ 0.,  0.,  0.]), sf=array([ 0.,  0.]), size=array([ 0.3,  0.2]), tex='sin', texRes=256, units='norm', win=Window(...))
146.9368 	DATA 	Mouse:  Left button up, pos=(1022,38)
146.9418 	EXP 	unnamed ImageStim: size = (1.1, 2)
170.2211 	DATA 	Mouse: Left button down, pos=(760,325)
170.3044 	DATA 	Mouse:  Left button up, pos=(760,325)
170.9211 	DATA 	Mouse: Left button down, pos=(789,153)
170.9905 	DATA 	Mouse:  Left button up, pos=(789,153)
171.7916 	DATA 	Mouse: Left button down, pos=(828,34)
171.8042 	EXP 	window1: units = 'deg'
171.8113 	EXP 	window1: mouseVisible = True
192.9716 	EXP 	Created window1 = Window(allowGUI=False, allowStencil=False, autoLog=True, bitsMode=UNKNOWN, blendMode='avg', color=array([-0.7, -0.7, -0.7]), colorSpace='rgb', fullscr=UNKNOWN, gamma=None, lms=UNKNOWN, monitor=<psychopy.monitors.calibTools.Monitor object at 0x1AD91050>, name='window1', pos=[0, 0], screen=0, size=array([1920, 1080]), stereo=False, units='deg', useFBO=False, useRetina=False, viewOri=0.0, viewPos=None, viewScale=None, waitBlanking=False, winType='pyglet')
197.4050 	INFO 	#[ PsychoPy2 RuntimeInfoStart ]
  #[[ PsychoPy ]] #---------
    psychopyVersion: 1.84.2
    psychopyHaveExtRush: True
  #[[ Experiment ]] #---------
    experimentAuthor: None
    experimentAuthVersion: None
    experimentRunTime: 2018_08_10 09:15 (Year_Month_Day Hour:Min)
    experimentRunTime.epoch: 1533856530
    experimentScript: psyc1002.py
    experimentScript.digestSHA1: 03993779484d600ea4c1b8cc2288f3d37a5025d5
    experimentScript.directory: U:\PSYC1002\abgdj
  #[[ System ]] #---------
    systemHaveInternetAccess: True
    systemHostName: W5FC0LG2
    systemLocale: English_United States.1252
    systemMemFreeRAM: 4407.0078125
    systemMemTotalRAM: 8076.9453125
    systemPlatform: windowsversion=sys.getwindowsversion(major=6, minor=2, build=9200, platform=2, service_pack='')
    systemPyo.InputDevices: {4: {'host api index': 2, 'latency': 0.008707483299076557, 'default sr': 44100, 'name': u'Realtek ASIO'}}
    systemPyo.OutputDevices: {0: {'host api index': 0, 'latency': 0.09000000357627869, 'default sr': 44100, 'name': u'Microsoft Sound Mapper - Output'}, 1: {'host api index': 0, 'latency': 0.09000000357627869, 'default sr': 44100, 'name': u'Speakers / Headphones (Realtek '}, 2: {'host api index': 1, 'latency': 0.11999999731779099, 'default sr': 44100, 'name': u'Primary Sound Driver'}, 3: {'host api index': 1, 'latency': 0.11999999731779099, 'default sr': 44100, 'name': u'Speakers / Headphones (Realtek High Definition Audio)'}, 4: {'host api index': 2, 'latency': 0.008707483299076557, 'default sr': 44100, 'name': u'Realtek ASIO'}, 5: {'host api index': 3, 'latency': 0.003000000026077032, 'default sr': 48000, 'name': u'Speakers / Headphones (Realtek High Definition Audio)'}}
    systemPyoVersion: 0.8.0
    systemRebooted: System Boot Time:          8/7/2018, 5:26:07 PM
    systemSec.pythonSSL: True
    systemTimeNumpySD1000000_sec: 0.0088
    systemUser: chhe8847
    systemUserID: 1000
    systemUserProcCmdPid: LabStatsUserSpace.exe dwm.exe TiWorker.exe CmRcService.exe nierserver.exe LabStatsClient.exe tagsrv.exe SearchUI.exe DWRCST.EXE rundll32.exe OneDrive.exe nipxism.exe SettingSyncHost.exe TrustedInstaller.exe niLxiDiscovery.exe SecurityHealthService.exe redirector.exe server_admin.exe pc-client.exe lkads.exe svchost.exe smartscreen.exe ni_usbmon.exe JKIUpdate.exe AGSService.exe System SISIDSService.exe SelfServicePlugin.exe explorer.exe smss.exe ApplicationWebServer.exe RuntimeBroker.exe acrotray.exe niauth_daemon.exe cmd.exe nidmsrv.exe Receiver.exe SISIPSService.exe lktsrv.exe lsass.exe python.exe RtkNGUI64.exe sisipsutil.exe AdobeUpdateService.exe armsvc.exe policyHost.exe ssonsvr.exe concentr.exe nidevldu.exe taskhostw.exe ctfmon.exe RAVBg64.exe ''Memory Compression'' NIWebServiceContainer.exe nimxs.exe RtkAudioService64.exe SystemWebServer.exe tasklist.exe snowagent.exe CcmExec.exe SmcGui.exe nicitdl5.exe ''System Idle Process'' services.exe niDiscSvc.exe sqlwriter.exe MSASCuiL.exe SCNotification.exe nimdnsResponder.exe server_runtime.exe DWRCS.EXE sihost.exe spoolsv.exe wininit.exe winlogon.exe ShellExperienceHost.exe nidevmon.exe SearchIndexer.exe csrss.exe WmiPrvSE.exe audiodg.exe fontdrvhost.exe unsecapp.exe ccSvcHst.exe wfcrun32.exe nisvcloc.exe server_eventlog.exe lkcitdl.exe AuthManSvr.exe conhost.exe
    systemUserProcCount: 182
    systemUserProcFlagged: Explorer
    systemUsersCount: False
  #[[ Window ]] #---------
    windowWinType: pyglet
    windowWaitBlanking: False
    windowUseNativeGamma: True
    windowUnits: deg
    windowSize_pix: [1920 1080]
    windowScreen: 0
    windowRgb: [-0.7 -0.7 -0.7]
    windowRefreshTimeSD_ms: 0.198
    windowRefreshTimeMedian_ms: 16.668
    windowRefreshTimeAvg_ms: 16.667
    windowRefreshThreshold_sec: 0.0200
    windowRecordFrameIntervals: False
    windowPos_pix: [0, 0]
    windowMonitor.name: testmonitor
    windowMonitor.getWidth_cm: 57.0
    windowMonitor.getLinearizeMethod: 1
    windowMonitor.getGammaGrid: [[  0.   1.   1.  nan  nan  nan]
 [  0.   1.   1.  nan  nan  nan]
 [  0.   1.   1.  nan  nan  nan]
 [  0.   1.   1.  nan  nan  nan]]
    windowMonitor.getDistance_cm: 57.0
    windowMonitor.gammaInterpolator2: None
    windowMonitor.gammaInterpolator: None
    windowMonitor.currentCalibName: 2018_08_10 09:12
    windowIsFullScr: True
    windowHaveShaders: True
    windowAllowGUI: False
  #[[ Python ]] #---------
    pythonWxVersion: 3.0.2.0 msw (classic)
    pythonVersion: 2.7.11
    pythonScipyVersion: 0.17.1
    pythonPygletVersion: 1.2.4
    pythonPygameVersion: 1.9.2pre
    pythonNumpyVersion: 1.11.0
    pythonMatplotlibVersion: 1.5.1
    pythonFullVersion: 2.7.11 (v2.7.11:6d1b6a68f775, Dec  5 2015, 20:32:19) [MSC v.1500 32 bit (Intel)]
    pythonExecutable: C:\Program Files (x86)\PsychoPy2\python.exe
  #[[ OpenGL ]] #---------
    openGLVersion: 4.4.0 - Build 21.20.16.4627
    openGLVendor: Intel
    openGLRenderingEngine: Intel(R) HD Graphics 530
    openGLmaxVerticesInVertexArray: 1048576
    False: openGLext.GL_STEREO
    True: openGLext.GL_EXT_framebuffer_object
    True: openGLext.GL_ARB_vertex_shader
    True: openGLext.GL_ARB_texture_non_power_of_two
    True: openGLext.GL_ARB_texture_float
    True: openGLext.GL_ARB_shader_objects
    True: openGLext.GL_ARB_multitexture
    True: openGLext.GL_ARB_fragment_program
#[ PsychoPy2 RuntimeInfoEnd ]

197.4542 	EXP 	window1: recordFrameIntervals = True
198.2877 	EXP 	window1: recordFrameIntervals = False
198.2879 	INFO 	Frames per second ~=60.0, which is close enough to desired val of 60.0
198.7954 	EXP 	Created sequence: random, trialTypes=12, nReps=30, seed=None
198.9787 	INFO 	Mouse: using default window
199.0012 	EXP 	Created OKrespZone = GratingStim(autoDraw=False, autoLog=True, color=array([ 1.,  1.,  1.]), colorSpace='rgb', contrast=1.0, depth=0, interpolate=False, mask='gauss', maskParams=None, name='OKrespZone', opacity=1.0, ori=0.0, phase=array([ 0.,  0.]), pos=array([ 0.  ,  0.88]), rgbPedestal=array([ 0.,  0.,  0.]), sf=array([ 0.,  0.]), size=array([ 2. ,  0.2]), tex='sin', texRes=256, units='norm', win=Window(...))
230.2121 	DATA 	Mouse: Left button down, pos=(264,400)
230.2921 	DATA 	Mouse:  Left button up, pos=(264,400)
232.2372 	DATA 	Mouse: Left button down, pos=(274,398)
232.3161 	DATA 	Mouse:  Left button up, pos=(274,398)
273.8282 	DATA 	Mouse: Left button down, pos=(324,185)
273.9081 	DATA 	Mouse:  Left button up, pos=(324,185)
273.9721 	DATA 	Mouse: Left button down, pos=(324,185)
274.0760 	DATA 	Mouse:  Left button up, pos=(324,185)
274.6041 	DATA 	Mouse: Left button down, pos=(324,185)
274.6761 	DATA 	Mouse:  Left button up, pos=(324,185)
274.7481 	DATA 	Mouse: Left button down, pos=(324,185)
274.8680 	DATA 	Mouse:  Left button up, pos=(324,185)
275.5321 	DATA 	Mouse: Left button down, pos=(324,185)
275.6201 	DATA 	Mouse:  Left button up, pos=(324,185)
285.8443 	DATA 	Mouse: Left button down, pos=(135,393)
285.9081 	DATA 	Mouse:  Left button up, pos=(135,393)
288.1245 	DATA 	Mouse: Left button down, pos=(108,192)
288.1881 	DATA 	Mouse:  Left button up, pos=(108,192)
292.0365 	DATA 	Mouse: Left button down, pos=(884,881)
292.1480 	DATA 	Mouse:  Left button up, pos=(884,881)
299.5161 	DATA 	Mouse: Left button down, pos=(1785,741)
299.6120 	DATA 	Mouse:  Left button up, pos=(1785,741)
302.7803 	DATA 	Mouse: Left button down, pos=(1537,264)
302.8367 	DATA 	Mouse:  Left button up, pos=(1537,264)
319.3324 	DATA 	Mouse: Left button down, pos=(137,813)
319.4046 	DATA 	Mouse:  Left button up, pos=(137,813)
322.0923 	DATA 	Mouse: Left button down, pos=(928,536)
322.1561 	DATA 	Mouse:  Left button up, pos=(928,536)
325.0933 	DATA 	Mouse: Left button down, pos=(1543,873)
325.1640 	DATA 	Mouse:  Left button up, pos=(1543,873)
327.1173 	DATA 	Mouse: Left button down, pos=(1083,812)
327.1736 	DATA 	Mouse:  Left button up, pos=(1083,812)
332.8532 	DATA 	Mouse: Left button down, pos=(973,1013)
332.8751 	INFO 	Experiment will have 360 trials. Letters will be drawn with superposed noise of 0.00%
332.8932 	EXP 	New trial (rep=0, index=0): {'leftStreamFlip': False, 'oneTarget': False, 'trialInstructionPos': (0, -1), 'probe': 'both', 'rightStreamFlip': False, 'horizVert': True, 'ISIframes': 2, 'rightResponseFirst': False}
332.8933 	INFO 	Starting main part of experiment
332.9215 	DATA 	Mouse:  Left button up, pos=(973,1013)
334.0712 	INFO 	numtrials=360 and this trialDurFrames=28 or 466.666666667 ms  task=T1
335.9713 	EXP 	window1: recordFrameIntervals = False
335.9819 	INFO 	Mouse: using default window
341.1880 	DATA 	Keypress: r
341.3729 	DATA 	Keypress: e
341.6048 	DATA 	Keypress: d
347.8879 	DATA 	Keypress: t
348.1726 	DATA 	Keypress: a
348.3213 	DATA 	Keypress: p
348.5064 	EXP 	New trial (rep=0, index=1): {'leftStreamFlip': False, 'oneTarget': True, 'trialInstructionPos': (0, 1), 'probe': 'both', 'rightStreamFlip': False, 'horizVert': True, 'ISIframes': 2, 'rightResponseFirst': False}
358.0216 	INFO 	numtrials=360 and this trialDurFrames=22 or 366.666666667 ms  task=T1
359.9377 	EXP 	window1: recordFrameIntervals = False
359.9459 	INFO 	Mouse: using default window
362.1046 	DATA 	Keypress: s
362.2058 	DATA 	Keypress: o
362.4380 	DATA 	Keypress: n
362.5823 	EXP 	New trial (rep=0, index=2): {'leftStreamFlip': False, 'oneTarget': False, 'trialInstructionPos': (0, -1), 'probe': 'both', 'rightStreamFlip': False, 'horizVert': True, 'ISIframes': 2, 'rightResponseFirst': True}
362.6052 	INFO 	numtrials=360 and this trialDurFrames=18 or 300.0 ms  task=T1
364.5545 	EXP 	window1: recordFrameIntervals = False
364.5632 	INFO 	Mouse: using default window
366.0052 	DATA 	Keypress: y
366.1546 	DATA 	Keypress: e
366.2547 	DATA 	Keypress: s
370.0049 	DATA 	Keypress: m
370.2381 	DATA 	Keypress: m
370.4214 	DATA 	Keypress: m
370.5689 	EXP 	New trial (rep=0, index=3): {'leftStreamFlip': False, 'oneTarget': True, 'trialInstructionPos': (0, -1), 'probe': 'both', 'rightStreamFlip': False, 'horizVert': True, 'ISIframes': 2, 'rightResponseFirst': False}
370.5883 	INFO 	numtrials=360 and this trialDurFrames=18 or 300.0 ms  task=T1
371.9212 	EXP 	window1: recordFrameIntervals = False
371.9311 	INFO 	Mouse: using default window
372.7213 	DATA 	Keypress: m
372.9547 	DATA 	Keypress: u
373.1546 	DATA 	Keypress: d
373.2979 	EXP 	New trial (rep=0, index=4): {'leftStreamFlip': False, 'oneTarget': False, 'trialInstructionPos': (0, 1), 'probe': 'both', 'rightStreamFlip': False, 'horizVert': True, 'ISIframes': 2, 'rightResponseFirst': False}
381.6545 	INFO 	numtrials=360 and this trialDurFrames=14 or 233.333333333 ms  task=T1
383.0046 	EXP 	window1: recordFrameIntervals = False
383.0126 	INFO 	Mouse: using default window
384.2714 	DATA 	Keypress: w
384.4046 	DATA 	Keypress: h
384.5890 	DATA 	Keypress: y
386.3546 	DATA 	Keypress: w
386.4713 	DATA 	Keypress: h
386.6547 	DATA 	Keypress: y
386.7978 	EXP 	New trial (rep=0, index=5): {'leftStreamFlip': False, 'oneTarget': True, 'trialInstructionPos': (0, -1), 'probe': 'both', 'rightStreamFlip': False, 'horizVert': True, 'ISIframes': 2, 'rightResponseFirst': True}
386.8208 	INFO 	numtrials=360 and this trialDurFrames=4 or 66.6666666667 ms  task=T1
387.8380 	EXP 	window1: recordFrameIntervals = False
387.8460 	INFO 	Mouse: using default window
389.0384 	DATA 	Keypress: m
389.3881 	DATA 	Keypress: o
389.6046 	DATA 	Keypress: m
389.7455 	EXP 	New trial (rep=0, index=6): {'leftStreamFlip': False, 'oneTarget': False, 'trialInstructionPos': (0, -1), 'probe': 'both', 'rightStreamFlip': False, 'horizVert': True, 'ISIframes': 2, 'rightResponseFirst': False}
389.7715 	INFO 	numtrials=360 and this trialDurFrames=5 or 83.3333333333 ms  task=T1
390.7879 	EXP 	window1: recordFrameIntervals = False
390.7964 	INFO 	Mouse: using default window
393.6714 	DATA 	Keypress: f
393.8888 	DATA 	Keypress: e
394.0547 	DATA 	Keypress: w
394.9713 	DATA 	Keypress: f
395.1880 	DATA 	Keypress: e
395.3713 	DATA 	Keypress: w
395.5141 	EXP 	New trial (rep=0, index=7): {'leftStreamFlip': False, 'oneTarget': False, 'trialInstructionPos': (0, 1), 'probe': 'both', 'rightStreamFlip': False, 'horizVert': True, 'ISIframes': 2, 'rightResponseFirst': True}
395.5376 	INFO 	numtrials=360 and this trialDurFrames=4 or 66.6666666667 ms  task=T1
396.5211 	EXP 	window1: recordFrameIntervals = False
396.5294 	INFO 	Mouse: using default window
398.8547 	DATA 	Keypress: f
399.0713 	DATA 	Keypress: e
399.2381 	DATA 	Keypress: p
400.2214 	DATA 	Keypress: f
400.3714 	DATA 	Keypress: e
400.4714 	DATA 	Keypress: p
400.6140 	EXP 	New trial (rep=0, index=8): {'leftStreamFlip': False, 'oneTarget': True, 'trialInstructionPos': (0, 1), 'probe': 'both', 'rightStreamFlip': False, 'horizVert': True, 'ISIframes': 2, 'rightResponseFirst': True}
400.6375 	INFO 	numtrials=360 and this trialDurFrames=5 or 83.3333333333 ms  task=T1
401.8544 	EXP 	window1: recordFrameIntervals = False
401.8627 	INFO 	Mouse: using default window
403.1714 	DATA 	Keypress: g
403.3380 	DATA 	Keypress: u
403.5713 	DATA 	Keypress: s
403.7113 	EXP 	New trial (rep=0, index=9): {'leftStreamFlip': False, 'oneTarget': False, 'trialInstructionPos': (0, 1), 'probe': 'both', 'rightStreamFlip': False, 'horizVert': True, 'ISIframes': 2, 'rightResponseFirst': False}
403.7374 	INFO 	numtrials=360 and this trialDurFrames=5 or 83.3333333333 ms  task=T1
404.8713 	EXP 	window1: recordFrameIntervals = False
404.8796 	INFO 	Mouse: using default window
407.1547 	DATA 	Keypress: g
407.6714 	DATA 	Keypress: u
407.8214 	DATA 	Keypress: d
408.5548 	DATA 	Keypress: d
408.7046 	DATA 	Keypress: i
408.8547 	DATA 	Keypress: e
409.0002 	EXP 	New trial (rep=0, index=10): {'leftStreamFlip': False, 'oneTarget': False, 'trialInstructionPos': (0, -1), 'probe': 'both', 'rightStreamFlip': False, 'horizVert': True, 'ISIframes': 2, 'rightResponseFirst': True}
409.0206 	INFO 	numtrials=360 and this trialDurFrames=5 or 83.3333333333 ms  task=T1
410.0711 	EXP 	window1: recordFrameIntervals = False
410.0793 	INFO 	Mouse: using default window
412.0880 	DATA 	Keypress: d
412.2553 	DATA 	Keypress: u
412.3548 	DATA 	Keypress: t
414.4380 	DATA 	Keypress: g
414.8547 	DATA 	Keypress: u
415.2382 	DATA 	Keypress: t
415.3823 	EXP 	New trial (rep=0, index=11): {'leftStreamFlip': False, 'oneTarget': False, 'trialInstructionPos': (0, 1), 'probe': 'both', 'rightStreamFlip': False, 'horizVert': True, 'ISIframes': 2, 'rightResponseFirst': True}
415.4041 	INFO 	numtrials=360 and this trialDurFrames=6 or 100.0 ms  task=T1
416.4879 	EXP 	window1: recordFrameIntervals = False
416.4961 	INFO 	Mouse: using default window
417.5214 	DATA 	Keypress: f
417.7214 	DATA 	Keypress: a
417.8382 	DATA 	Keypress: t
422.2882 	DATA 	Keypress: e
422.5382 	DATA 	Keypress: a
423.0048 	DATA 	Keypress: t
423.1488 	EXP 	New trial (rep=1, index=0): {'leftStreamFlip': False, 'oneTarget': False, 'trialInstructionPos': (0, 1), 'probe': 'both', 'rightStreamFlip': False, 'horizVert': True, 'ISIframes': 2, 'rightResponseFirst': False}
423.1707 	INFO 	numtrials=360 and this trialDurFrames=6 or 100.0 ms  task=T1
424.3548 	EXP 	window1: recordFrameIntervals = False
424.3626 	INFO 	Mouse: using default window
426.5713 	DATA 	Keypress: n
426.7047 	DATA 	Keypress: n
426.8380 	DATA 	Keypress: n
427.8880 	DATA 	Keypress: r
428.8384 	DATA 	Keypress: a
428.9216 	DATA 	Keypress: p
429.0650 	EXP 	New trial (rep=1, index=1): {'leftStreamFlip': False, 'oneTarget': True, 'trialInstructionPos': (0, -1), 'probe': 'both', 'rightStreamFlip': False, 'horizVert': True, 'ISIframes': 2, 'rightResponseFirst': False}
429.0877 	INFO 	numtrials=360 and this trialDurFrames=5 or 83.3333333333 ms  task=T1
430.2881 	EXP 	window1: recordFrameIntervals = False
430.2966 	INFO 	Mouse: using default window
431.2714 	DATA 	Keypress: l
431.4713 	DATA 	Keypress: i
432.0047 	DATA 	Keypress: e
432.1476 	EXP 	New trial (rep=1, index=2): {'leftStreamFlip': False, 'oneTarget': True, 'trialInstructionPos': (0, 1), 'probe': 'both', 'rightStreamFlip': False, 'horizVert': True, 'ISIframes': 2, 'rightResponseFirst': False}
432.1715 	INFO 	numtrials=360 and this trialDurFrames=5 or 83.3333333333 ms  task=T1
433.3211 	EXP 	window1: recordFrameIntervals = False
433.3293 	INFO 	Mouse: using default window
434.1882 	DATA 	Keypress: p
434.3381 	DATA 	Keypress: o
434.4715 	DATA 	Keypress: p
434.6145 	EXP 	New trial (rep=1, index=3): {'leftStreamFlip': False, 'oneTarget': False, 'trialInstructionPos': (0, 1), 'probe': 'both', 'rightStreamFlip': False, 'horizVert': True, 'ISIframes': 2, 'rightResponseFirst': True}
434.6377 	INFO 	numtrials=360 and this trialDurFrames=5 or 83.3333333333 ms  task=T1
435.6545 	EXP 	window1: recordFrameIntervals = False
435.6625 	INFO 	Mouse: using default window
437.0880 	DATA 	Keypress: h
437.2548 	DATA 	Keypress: h
437.3715 	DATA 	Keypress: h
438.1724 	DATA 	Keypress: b
438.3713 	DATA 	Keypress: a
438.9214 	DATA 	Keypress: d
439.0662 	EXP 	New trial (rep=1, index=4): {'leftStreamFlip': False, 'oneTarget': False, 'trialInstructionPos': (0, 1), 'probe': 'both', 'rightStreamFlip': False, 'horizVert': True, 'ISIframes': 2, 'rightResponseFirst': False}
439.0875 	INFO 	numtrials=360 and this trialDurFrames=5 or 83.3333333333 ms  task=T1
440.1380 	EXP 	window1: recordFrameIntervals = False
440.1464 	INFO 	Mouse: using default window
442.1722 	DATA 	Keypress: f
442.3882 	DATA 	Keypress: u
442.5381 	DATA 	Keypress: r
445.0382 	DATA 	Keypress: t
445.1547 	DATA 	Keypress: u
445.2714 	DATA 	Keypress: t
445.4154 	EXP 	New trial (rep=1, index=5): {'leftStreamFlip': False, 'oneTarget': False, 'trialInstructionPos': (0, 1), 'probe': 'both', 'rightStreamFlip': False, 'horizVert': True, 'ISIframes': 2, 'rightResponseFirst': True}
445.4375 	INFO 	numtrials=360 and this trialDurFrames=5 or 83.3333333333 ms  task=T1
446.4378 	EXP 	window1: recordFrameIntervals = False
446.4460 	INFO 	Mouse: using default window
449.2881 	DATA 	Keypress: j
449.6881 	DATA 	Keypress: j
449.9881 	DATA 	Keypress: j
450.7380 	DATA 	Keypress: j
451.1216 	DATA 	Keypress: l
451.4713 	DATA 	Keypress: j
451.6147 	EXP 	New trial (rep=1, index=6): {'leftStreamFlip': False, 'oneTarget': False, 'trialInstructionPos': (0, -1), 'probe': 'both', 'rightStreamFlip': False, 'horizVert': True, 'ISIframes': 2, 'rightResponseFirst': True}
451.6375 	INFO 	numtrials=360 and this trialDurFrames=6 or 100.0 ms  task=T1
452.7712 	EXP 	window1: recordFrameIntervals = False
452.7796 	INFO 	Mouse: using default window
454.0389 	DATA 	Keypress: t
454.1883 	DATA 	Keypress: o
454.3050 	DATA 	Keypress: y
458.2214 	DATA 	Keypress: t
458.3715 	DATA 	Keypress: o
458.4549 	DATA 	Keypress: y
458.6553 	EXP 	New trial (rep=1, index=7): {'leftStreamFlip': False, 'oneTarget': True, 'trialInstructionPos': (0, 1), 'probe': 'both', 'rightStreamFlip': False, 'horizVert': True, 'ISIframes': 2, 'rightResponseFirst': True}
458.6707 	INFO 	numtrials=360 and this trialDurFrames=6 or 100.0 ms  task=T1
459.9213 	EXP 	window1: recordFrameIntervals = False
459.9294 	INFO 	Mouse: using default window
461.7882 	DATA 	Keypress: b
462.2883 	DATA 	Keypress: o
462.4047 	DATA 	Keypress: w
462.5441 	EXP 	New trial (rep=1, index=8): {'leftStreamFlip': False, 'oneTarget': False, 'trialInstructionPos': (0, -1), 'probe': 'both', 'rightStreamFlip': False, 'horizVert': True, 'ISIframes': 2, 'rightResponseFirst': False}
462.5716 	INFO 	numtrials=360 and this trialDurFrames=6 or 100.0 ms  task=T1
463.7045 	EXP 	window1: recordFrameIntervals = False
463.7130 	INFO 	Mouse: using default window
466.5547 	DATA 	Keypress: s
466.6381 	DATA 	Keypress: i
466.8048 	DATA 	Keypress: n
467.3882 	DATA 	Keypress: s
467.4880 	DATA 	Keypress: i
467.6382 	DATA 	Keypress: n
467.7816 	EXP 	New trial (rep=1, index=9): {'leftStreamFlip': False, 'oneTarget': False, 'trialInstructionPos': (0, -1), 'probe': 'both', 'rightStreamFlip': False, 'horizVert': True, 'ISIframes': 2, 'rightResponseFirst': False}
467.8046 	INFO 	numtrials=360 and this trialDurFrames=6 or 100.0 ms  task=T1
469.0379 	EXP 	window1: recordFrameIntervals = False
469.0463 	INFO 	Mouse: using default window
470.5882 	DATA 	Keypress: j
470.7718 	DATA 	Keypress: a
471.1881 	DATA 	Keypress: t
472.0881 	DATA 	Keypress: h
472.2214 	DATA 	Keypress: a
472.4214 	DATA 	Keypress: t
472.5654 	EXP 	New trial (rep=1, index=10): {'leftStreamFlip': False, 'oneTarget': False, 'trialInstructionPos': (0, -1), 'probe': 'both', 'rightStreamFlip': False, 'horizVert': True, 'ISIframes': 2, 'rightResponseFirst': True}
472.5874 	INFO 	numtrials=360 and this trialDurFrames=6 or 100.0 ms  task=T1
473.6045 	EXP 	window1: recordFrameIntervals = False
473.6122 	INFO 	Mouse: using default window
475.7554 	DATA 	Keypress: r
476.0382 	DATA 	Keypress: a
476.1725 	DATA 	Keypress: b
478.3715 	DATA 	Keypress: b
478.9727 	DATA 	Keypress: a
479.0715 	DATA 	Keypress: t
479.2142 	EXP 	New trial (rep=1, index=11): {'leftStreamFlip': False, 'oneTarget': True, 'trialInstructionPos': (0, -1), 'probe': 'both', 'rightStreamFlip': False, 'horizVert': True, 'ISIframes': 2, 'rightResponseFirst': True}
479.2378 	INFO 	numtrials=360 and this trialDurFrames=6 or 100.0 ms  task=T1
480.4713 	EXP 	window1: recordFrameIntervals = False
480.4795 	INFO 	Mouse: using default window
481.6048 	DATA 	Keypress: o
481.7891 	DATA 	Keypress: f
481.9714 	DATA 	Keypress: f
482.1132 	EXP 	New trial (rep=2, index=0): {'leftStreamFlip': False, 'oneTarget': False, 'trialInstructionPos': (0, -1), 'probe': 'both', 'rightStreamFlip': False, 'horizVert': True, 'ISIframes': 2, 'rightResponseFirst': True}
482.1375 	INFO 	numtrials=360 and this trialDurFrames=6 or 100.0 ms  task=T1
483.2548 	EXP 	window1: recordFrameIntervals = False
483.2630 	INFO 	Mouse: using default window
484.3214 	DATA 	Keypress: w
485.4882 	DATA 	Keypress: e
486.0547 	DATA 	Keypress: t
492.6382 	DATA 	Keypress: n
492.8048 	DATA 	Keypress: u
492.9714 	DATA 	Keypress: t
493.1203 	EXP 	New trial (rep=2, index=1): {'leftStreamFlip': False, 'oneTarget': False, 'trialInstructionPos': (0, 1), 'probe': 'both', 'rightStreamFlip': False, 'horizVert': True, 'ISIframes': 2, 'rightResponseFirst': False}
493.1378 	INFO 	numtrials=360 and this trialDurFrames=6 or 100.0 ms  task=T1
494.3712 	EXP 	window1: recordFrameIntervals = False
494.3795 	INFO 	Mouse: using default window
496.5381 	DATA 	Keypress: b
497.0214 	DATA 	Keypress: a
497.1718 	DATA 	Keypress: t
497.9214 	DATA 	Keypress: p
498.4049 	DATA 	Keypress: i
498.5382 	DATA 	Keypress: g
498.6819 	EXP 	New trial (rep=2, index=2): {'leftStreamFlip': False, 'oneTarget': True, 'trialInstructionPos': (0, -1), 'probe': 'both', 'rightStreamFlip': False, 'horizVert': True, 'ISIframes': 2, 'rightResponseFirst': False}
498.7041 	INFO 	numtrials=360 and this trialDurFrames=6 or 100.0 ms  task=T1
499.8883 	EXP 	window1: recordFrameIntervals = False
499.8961 	INFO 	Mouse: using default window
501.1882 	DATA 	Keypress: s
501.3549 	DATA 	Keypress: h
502.0214 	DATA 	Keypress: y
502.1623 	EXP 	New trial (rep=2, index=3): {'leftStreamFlip': False, 'oneTarget': False, 'trialInstructionPos': (0, 1), 'probe': 'both', 'rightStreamFlip': False, 'horizVert': True, 'ISIframes': 2, 'rightResponseFirst': True}
502.1877 	INFO 	numtrials=360 and this trialDurFrames=6 or 100.0 ms  task=T1
503.4046 	EXP 	window1: recordFrameIntervals = False
503.4127 	INFO 	Mouse: using default window
505.5548 	DATA 	Keypress: d
505.9715 	DATA 	Keypress: y
506.1048 	DATA 	Keypress: e
510.1714 	DATA 	Keypress: b
510.3382 	DATA 	Keypress: b
510.4715 	DATA 	Keypress: b
510.6145 	EXP 	New trial (rep=2, index=4): {'leftStreamFlip': False, 'oneTarget': True, 'trialInstructionPos': (0, 1), 'probe': 'both', 'rightStreamFlip': False, 'horizVert': True, 'ISIframes': 2, 'rightResponseFirst': False}
510.6376 	INFO 	numtrials=360 and this trialDurFrames=6 or 100.0 ms  task=T1
511.8213 	EXP 	window1: recordFrameIntervals = False
511.8293 	INFO 	Mouse: using default window
512.7882 	DATA 	Keypress: b
513.3048 	DATA 	Keypress: u
513.4050 	DATA 	Keypress: y
513.5467 	EXP 	New trial (rep=2, index=5): {'leftStreamFlip': False, 'oneTarget': True, 'trialInstructionPos': (0, -1), 'probe': 'both', 'rightStreamFlip': False, 'horizVert': True, 'ISIframes': 2, 'rightResponseFirst': True}
513.5712 	INFO 	numtrials=360 and this trialDurFrames=6 or 100.0 ms  task=T1
514.6212 	EXP 	window1: recordFrameIntervals = False
514.6292 	INFO 	Mouse: using default window
515.5881 	DATA 	Keypress: p
515.8049 	DATA 	Keypress: u
516.0214 	DATA 	Keypress: t
516.1617 	EXP 	New trial (rep=2, index=6): {'leftStreamFlip': False, 'oneTarget': False, 'trialInstructionPos': (0, -1), 'probe': 'both', 'rightStreamFlip': False, 'horizVert': True, 'ISIframes': 2, 'rightResponseFirst': False}
516.1877 	INFO 	numtrials=360 and this trialDurFrames=6 or 100.0 ms  task=T1
517.3881 	EXP 	window1: recordFrameIntervals = False
517.3963 	INFO 	Mouse: using default window
519.9216 	DATA 	Keypress: y
520.1048 	DATA 	Keypress: e
520.1716 	DATA 	Keypress: t
521.0882 	DATA 	Keypress: p
521.3550 	DATA 	Keypress: e
521.4547 	DATA 	Keypress: t
521.5991 	EXP 	New trial (rep=2, index=7): {'leftStreamFlip': False, 'oneTarget': False, 'trialInstructionPos': (0, 1), 'probe': 'both', 'rightStreamFlip': False, 'horizVert': True, 'ISIframes': 2, 'rightResponseFirst': False}
521.6210 	INFO 	numtrials=360 and this trialDurFrames=6 or 100.0 ms  task=T1
522.8547 	EXP 	window1: recordFrameIntervals = False
522.8627 	INFO 	Mouse: using default window
525.8714 	DATA 	Keypress: w
526.0548 	DATA 	Keypress: e
526.2548 	DATA 	Keypress: t
527.3716 	DATA 	Keypress: t
527.4716 	DATA 	Keypress: i
527.9716 	DATA 	Keypress: n
528.1144 	EXP 	New trial (rep=2, index=8): {'leftStreamFlip': False, 'oneTarget': False, 'trialInstructionPos': (0, -1), 'probe': 'both', 'rightStreamFlip': False, 'horizVert': True, 'ISIframes': 2, 'rightResponseFirst': True}
528.1376 	INFO 	numtrials=360 and this trialDurFrames=6 or 100.0 ms  task=T1
529.2049 	EXP 	window1: recordFrameIntervals = False
529.2129 	INFO 	Mouse: using default window
530.4548 	DATA 	Keypress: p
530.8717 	DATA 	Keypress: e
530.9548 	DATA 	Keypress: t
536.3717 	DATA 	Keypress: p
536.5218 	DATA 	Keypress: e
536.6550 	DATA 	Keypress: t
536.7995 	EXP 	New trial (rep=2, index=9): {'leftStreamFlip': False, 'oneTarget': False, 'trialInstructionPos': (0, 1), 'probe': 'both', 'rightStreamFlip': False, 'horizVert': True, 'ISIframes': 2, 'rightResponseFirst': True}
536.8212 	INFO 	numtrials=360 and this trialDurFrames=6 or 100.0 ms  task=T1
538.0046 	EXP 	window1: recordFrameIntervals = False
538.0127 	INFO 	Mouse: using default window
539.4548 	DATA 	Keypress: s
539.9382 	DATA 	Keypress: k
540.2050 	DATA 	Keypress: y
541.7725 	DATA 	Keypress: f
541.9382 	DATA 	Keypress: j
542.0555 	DATA 	Keypress: y
542.2015 	EXP 	New trial (rep=2, index=10): {'leftStreamFlip': False, 'oneTarget': True, 'trialInstructionPos': (0, 1), 'probe': 'both', 'rightStreamFlip': False, 'horizVert': True, 'ISIframes': 2, 'rightResponseFirst': True}
542.2208 	INFO 	numtrials=360 and this trialDurFrames=6 or 100.0 ms  task=T1
543.2879 	EXP 	window1: recordFrameIntervals = False
543.2961 	INFO 	Mouse: using default window
544.2716 	DATA 	Keypress: n
544.4716 	DATA 	Keypress: e
544.5728 	DATA 	Keypress: r
544.7272 	EXP 	New trial (rep=2, index=11): {'leftStreamFlip': False, 'oneTarget': False, 'trialInstructionPos': (0, -1), 'probe': 'both', 'rightStreamFlip': False, 'horizVert': True, 'ISIframes': 2, 'rightResponseFirst': False}
544.7549 	INFO 	numtrials=360 and this trialDurFrames=7 or 116.666666667 ms  task=T1
545.8881 	EXP 	window1: recordFrameIntervals = False
545.8960 	INFO 	Mouse: using default window
549.2555 	DATA 	Keypress: f
549.5882 	DATA 	Keypress: a
549.7382 	DATA 	Keypress: r
550.5722 	DATA 	Keypress: m
550.8881 	DATA 	Keypress: u
551.2548 	DATA 	Keypress: m
551.3994 	EXP 	New trial (rep=3, index=0): {'leftStreamFlip': False, 'oneTarget': True, 'trialInstructionPos': (0, 1), 'probe': 'both', 'rightStreamFlip': False, 'horizVert': True, 'ISIframes': 2, 'rightResponseFirst': False}
551.4208 	INFO 	numtrials=360 and this trialDurFrames=7 or 116.666666667 ms  task=T1
552.5714 	EXP 	window1: recordFrameIntervals = False
552.5796 	INFO 	Mouse: using default window
554.4882 	DATA 	Keypress: m
555.3215 	DATA 	Keypress: o
555.5382 	DATA 	Keypress: m
555.6791 	EXP 	New trial (rep=3, index=1): {'leftStreamFlip': False, 'oneTarget': False, 'trialInstructionPos': (0, 1), 'probe': 'both', 'rightStreamFlip': False, 'horizVert': True, 'ISIframes': 2, 'rightResponseFirst': True}
555.7044 	INFO 	numtrials=360 and this trialDurFrames=7 or 116.666666667 ms  task=T1
556.7546 	EXP 	window1: recordFrameIntervals = False
556.7625 	INFO 	Mouse: using default window
558.6384 	DATA 	Keypress: s
560.3048 	DATA 	Keypress: k
560.4382 	DATA 	Keypress: y
562.0716 	DATA 	Keypress: t
562.1716 	DATA 	Keypress: i
562.3393 	DATA 	Keypress: n
562.4810 	EXP 	New trial (rep=3, index=2): {'leftStreamFlip': False, 'oneTarget': True, 'trialInstructionPos': (0, 1), 'probe': 'both', 'rightStreamFlip': False, 'horizVert': True, 'ISIframes': 2, 'rightResponseFirst': True}
562.5041 	INFO 	numtrials=360 and this trialDurFrames=7 or 116.666666667 ms  task=T1
563.7546 	EXP 	window1: recordFrameIntervals = False
563.7628 	INFO 	Mouse: using default window
564.7884 	DATA 	Keypress: s
564.9217 	DATA 	Keypress: h
565.0384 	DATA 	Keypress: e
565.1805 	EXP 	New trial (rep=3, index=3): {'leftStreamFlip': False, 'oneTarget': False, 'trialInstructionPos': (0, 1), 'probe': 'both', 'rightStreamFlip': False, 'horizVert': True, 'ISIframes': 2, 'rightResponseFirst': True}
565.2039 	INFO 	numtrials=360 and this trialDurFrames=7 or 116.666666667 ms  task=T1
566.3381 	EXP 	window1: recordFrameIntervals = False
566.3467 	INFO 	Mouse: using default window
567.2882 	DATA 	Keypress: w
567.4215 	DATA 	Keypress: h
567.6383 	DATA 	Keypress: y
569.8383 	DATA 	Keypress: g
569.9549 	DATA 	Keypress: h
570.0549 	DATA 	Keypress: t
570.1978 	EXP 	New trial (rep=3, index=4): {'leftStreamFlip': False, 'oneTarget': False, 'trialInstructionPos': (0, -1), 'probe': 'both', 'rightStreamFlip': False, 'horizVert': True, 'ISIframes': 2, 'rightResponseFirst': False}
570.2209 	INFO 	numtrials=360 and this trialDurFrames=7 or 116.666666667 ms  task=T1
571.4547 	EXP 	window1: recordFrameIntervals = False
571.4628 	INFO 	Mouse: using default window
574.1382 	DATA 	Keypress: w
574.3883 	DATA 	Keypress: h
574.4883 	DATA 	Keypress: y
575.1715 	DATA 	Keypress: a
575.4215 	DATA 	Keypress: r
575.5391 	DATA 	Keypress: e
575.6821 	EXP 	New trial (rep=3, index=5): {'leftStreamFlip': False, 'oneTarget': True, 'trialInstructionPos': (0, -1), 'probe': 'both', 'rightStreamFlip': False, 'horizVert': True, 'ISIframes': 2, 'rightResponseFirst': True}
575.7045 	INFO 	numtrials=360 and this trialDurFrames=7 or 116.666666667 ms  task=T1
576.9548 	EXP 	window1: recordFrameIntervals = False
576.9629 	INFO 	Mouse: using default window
577.6215 	DATA 	Keypress: a
578.6715 	DATA 	Keypress: backspace
578.9549 	DATA 	Keypress: f
579.1049 	DATA 	Keypress: a
579.7716 	DATA 	Keypress: r
579.9158 	EXP 	New trial (rep=3, index=6): {'leftStreamFlip': False, 'oneTarget': False, 'trialInstructionPos': (0, -1), 'probe': 'both', 'rightStreamFlip': False, 'horizVert': True, 'ISIframes': 2, 'rightResponseFirst': True}
579.9374 	INFO 	numtrials=360 and this trialDurFrames=7 or 116.666666667 ms  task=T1
581.0713 	EXP 	window1: recordFrameIntervals = False
581.0796 	INFO 	Mouse: using default window
581.9882 	DATA 	Keypress: w
582.2217 	DATA 	Keypress: e
582.4557 	DATA 	Keypress: t
583.6383 	DATA 	Keypress: s
584.0216 	DATA 	Keypress: i
584.1884 	DATA 	Keypress: n
584.3310 	EXP 	New trial (rep=3, index=7): {'leftStreamFlip': False, 'oneTarget': False, 'trialInstructionPos': (0, 1), 'probe': 'both', 'rightStreamFlip': False, 'horizVert': True, 'ISIframes': 2, 'rightResponseFirst': False}
584.3543 	INFO 	numtrials=360 and this trialDurFrames=7 or 116.666666667 ms  task=T1
585.5216 	EXP 	window1: recordFrameIntervals = False
585.5297 	INFO 	Mouse: using default window
587.1549 	DATA 	Keypress: o
587.3885 	DATA 	Keypress: n
587.5381 	DATA 	Keypress: e
589.2717 	DATA 	Keypress: i
590.3716 	DATA 	Keypress: backspace
590.5884 	DATA 	Keypress: s
591.0549 	DATA 	Keypress: i
591.1716 	DATA 	Keypress: t
591.3169 	EXP 	New trial (rep=3, index=8): {'leftStreamFlip': False, 'oneTarget': False, 'trialInstructionPos': (0, 1), 'probe': 'both', 'rightStreamFlip': False, 'horizVert': True, 'ISIframes': 2, 'rightResponseFirst': False}
591.3376 	INFO 	numtrials=360 and this trialDurFrames=7 or 116.666666667 ms  task=T1
592.6047 	EXP 	window1: recordFrameIntervals = False
592.6130 	INFO 	Mouse: using default window
595.4715 	DATA 	Keypress: w
595.6049 	DATA 	Keypress: e
595.7890 	DATA 	Keypress: i
596.4716 	DATA 	Keypress: r
596.6383 	DATA 	Keypress: u
597.2382 	DATA 	Keypress: g
597.3821 	EXP 	New trial (rep=3, index=9): {'leftStreamFlip': False, 'oneTarget': False, 'trialInstructionPos': (0, -1), 'probe': 'both', 'rightStreamFlip': False, 'horizVert': True, 'ISIframes': 2, 'rightResponseFirst': False}
597.4043 	INFO 	numtrials=360 and this trialDurFrames=7 or 116.666666667 ms  task=T1
598.6714 	EXP 	window1: recordFrameIntervals = False
598.6798 	INFO 	Mouse: using default window
600.7383 	DATA 	Keypress: b
600.9215 	DATA 	Keypress: u
601.0549 	DATA 	Keypress: t
601.7723 	DATA 	Keypress: w
602.0717 	DATA 	Keypress: a
602.2383 	DATA 	Keypress: s
602.3831 	EXP 	New trial (rep=3, index=10): {'leftStreamFlip': False, 'oneTarget': False, 'trialInstructionPos': (0, -1), 'probe': 'both', 'rightStreamFlip': False, 'horizVert': True, 'ISIframes': 2, 'rightResponseFirst': True}
602.4042 	INFO 	numtrials=360 and this trialDurFrames=7 or 116.666666667 ms  task=T1
603.5548 	EXP 	window1: recordFrameIntervals = False
603.5636 	INFO 	Mouse: using default window
605.4217 	DATA 	Keypress: p
606.0049 	DATA 	Keypress: u
606.1716 	DATA 	Keypress: t
607.4216 	DATA 	Keypress: b
607.9048 	DATA 	Keypress: u
608.0716 	DATA 	Keypress: t
608.2137 	EXP 	New trial (rep=3, index=11): {'leftStreamFlip': False, 'oneTarget': True, 'trialInstructionPos': (0, -1), 'probe': 'both', 'rightStreamFlip': False, 'horizVert': True, 'ISIframes': 2, 'rightResponseFirst': False}
608.2381 	INFO 	numtrials=360 and this trialDurFrames=7 or 116.666666667 ms  task=T1
609.3717 	EXP 	window1: recordFrameIntervals = False
609.3796 	INFO 	Mouse: using default window
610.2383 	DATA 	Keypress: h
610.7882 	DATA 	Keypress: o
610.9216 	DATA 	Keypress: w
611.0631 	EXP 	New trial (rep=4, index=0): {'leftStreamFlip': False, 'oneTarget': True, 'trialInstructionPos': (0, 1), 'probe': 'both', 'rightStreamFlip': False, 'horizVert': True, 'ISIframes': 2, 'rightResponseFirst': False}
611.0879 	INFO 	numtrials=360 and this trialDurFrames=7 or 116.666666667 ms  task=T1
612.2547 	EXP 	window1: recordFrameIntervals = False
612.2628 	INFO 	Mouse: using default window
613.3552 	DATA 	Keypress: l
613.6049 	DATA 	Keypress: a
613.9882 	DATA 	Keypress: b
614.1293 	EXP 	New trial (rep=4, index=1): {'leftStreamFlip': False, 'oneTarget': False, 'trialInstructionPos': (0, -1), 'probe': 'both', 'rightStreamFlip': False, 'horizVert': True, 'ISIframes': 2, 'rightResponseFirst': False}
614.1543 	INFO 	numtrials=360 and this trialDurFrames=7 or 116.666666667 ms  task=T1
615.3547 	EXP 	window1: recordFrameIntervals = False
615.3628 	INFO 	Mouse: using default window
616.7717 	DATA 	Keypress: p
616.9726 	DATA 	Keypress: i
617.3549 	DATA 	Keypress: g
618.0883 	DATA 	Keypress: m
618.3883 	DATA 	Keypress: u
618.8550 	DATA 	Keypress: d
618.9989 	EXP 	New trial (rep=4, index=2): {'leftStreamFlip': False, 'oneTarget': False, 'trialInstructionPos': (0, 1), 'probe': 'both', 'rightStreamFlip': False, 'horizVert': True, 'ISIframes': 2, 'rightResponseFirst': True}
619.0208 	INFO 	numtrials=360 and this trialDurFrames=7 or 116.666666667 ms  task=T1
620.2214 	EXP 	window1: recordFrameIntervals = False
620.2295 	INFO 	Mouse: using default window
620.8216 	DATA 	Keypress: a
621.8883 	DATA 	Keypress: d
622.0883 	DATA 	Keypress: d
631.7566 	DATA 	Keypress: p
631.8715 	DATA 	Keypress: u
632.0717 	DATA 	Keypress: t
632.2167 	EXP 	New trial (rep=4, index=3): {'leftStreamFlip': False, 'oneTarget': True, 'trialInstructionPos': (0, -1), 'probe': 'both', 'rightStreamFlip': False, 'horizVert': True, 'ISIframes': 2, 'rightResponseFirst': True}
632.2379 	INFO 	numtrials=360 and this trialDurFrames=7 or 116.666666667 ms  task=T1
633.3881 	EXP 	window1: recordFrameIntervals = False
633.3964 	INFO 	Mouse: using default window
635.0719 	DATA 	Keypress: r
635.2383 	DATA 	Keypress: u
635.5049 	DATA 	Keypress: m
635.6460 	EXP 	New trial (rep=4, index=4): {'leftStreamFlip': False, 'oneTarget': True, 'trialInstructionPos': (0, 1), 'probe': 'both', 'rightStreamFlip': False, 'horizVert': True, 'ISIframes': 2, 'rightResponseFirst': True}
635.6713 	INFO 	numtrials=360 and this trialDurFrames=7 or 116.666666667 ms  task=T1
636.8547 	EXP 	window1: recordFrameIntervals = False
636.8628 	INFO 	Mouse: using default window
637.5566 	DATA 	Keypress: a
637.7549 	DATA 	Keypress: d
637.8883 	DATA 	Keypress: a
638.0275 	EXP 	New trial (rep=4, index=5): {'leftStreamFlip': False, 'oneTarget': False, 'trialInstructionPos': (0, -1), 'probe': 'both', 'rightStreamFlip': False, 'horizVert': True, 'ISIframes': 2, 'rightResponseFirst': True}
638.0555 	INFO 	numtrials=360 and this trialDurFrames=7 or 116.666666667 ms  task=T1
639.2554 	EXP 	window1: recordFrameIntervals = False
639.2632 	INFO 	Mouse: using default window
640.4216 	DATA 	Keypress: b
640.5550 	DATA 	Keypress: u
640.8216 	DATA 	Keypress: m
642.0216 	DATA 	Keypress: d
642.2223 	DATA 	Keypress: a
642.3884 	DATA 	Keypress: d
642.5320 	EXP 	New trial (rep=4, index=6): {'leftStreamFlip': False, 'oneTarget': False, 'trialInstructionPos': (0, 1), 'probe': 'both', 'rightStreamFlip': False, 'horizVert': True, 'ISIframes': 2, 'rightResponseFirst': True}
642.5543 	INFO 	numtrials=360 and this trialDurFrames=7 or 116.666666667 ms  task=T1
643.6548 	EXP 	window1: recordFrameIntervals = False
643.6628 	INFO 	Mouse: using default window
644.4217 	DATA 	Keypress: i
644.6383 	DATA 	Keypress: n
645.0384 	DATA 	Keypress: k
647.9383 	DATA 	Keypress: j
648.1216 	DATA 	Keypress: j
648.2383 	DATA 	Keypress: j
648.3816 	EXP 	New trial (rep=4, index=7): {'leftStreamFlip': False, 'oneTarget': False, 'trialInstructionPos': (0, 1), 'probe': 'both', 'rightStreamFlip': False, 'horizVert': True, 'ISIframes': 2, 'rightResponseFirst': False}
648.4042 	INFO 	numtrials=360 and this trialDurFrames=7 or 116.666666667 ms  task=T1
649.4880 	EXP 	window1: recordFrameIntervals = False
649.4960 	INFO 	Mouse: using default window
653.9216 	DATA 	Keypress: o
654.2219 	DATA 	Keypress: w
654.4218 	DATA 	Keypress: w
658.2384 	DATA 	Keypress: f
658.6727 	DATA 	Keypress: e
658.8051 	DATA 	Keypress: t
658.9498 	EXP 	New trial (rep=4, index=8): {'leftStreamFlip': False, 'oneTarget': False, 'trialInstructionPos': (0, -1), 'probe': 'both', 'rightStreamFlip': False, 'horizVert': True, 'ISIframes': 2, 'rightResponseFirst': True}
658.9711 	INFO 	numtrials=360 and this trialDurFrames=7 or 116.666666667 ms  task=T1
660.1048 	EXP 	window1: recordFrameIntervals = False
660.1131 	INFO 	Mouse: using default window
661.3050 	DATA 	Keypress: s
661.4883 	DATA 	Keypress: p
661.7383 	DATA 	Keypress: y
664.2219 	DATA 	Keypress: s
664.4384 	DATA 	Keypress: p
664.5888 	DATA 	Keypress: y
664.7325 	EXP 	New trial (rep=4, index=9): {'leftStreamFlip': False, 'oneTarget': True, 'trialInstructionPos': (0, -1), 'probe': 'both', 'rightStreamFlip': False, 'horizVert': True, 'ISIframes': 2, 'rightResponseFirst': False}
664.7542 	INFO 	numtrials=360 and this trialDurFrames=7 or 116.666666667 ms  task=T1
666.0214 	EXP 	window1: recordFrameIntervals = False
666.0296 	INFO 	Mouse: using default window
666.9217 	DATA 	Keypress: w
667.0549 	DATA 	Keypress: i
667.2552 	DATA 	Keypress: n
667.3951 	EXP 	New trial (rep=4, index=10): {'leftStreamFlip': False, 'oneTarget': False, 'trialInstructionPos': (0, 1), 'probe': 'both', 'rightStreamFlip': False, 'horizVert': True, 'ISIframes': 2, 'rightResponseFirst': False}
667.4213 	INFO 	numtrials=360 and this trialDurFrames=7 or 116.666666667 ms  task=T1
668.5048 	EXP 	window1: recordFrameIntervals = False
668.5126 	INFO 	Mouse: using default window
669.2717 	DATA 	Keypress: w
669.4219 	DATA 	Keypress: i
669.6051 	DATA 	Keypress: n
670.8550 	DATA 	Keypress: w
670.9716 	DATA 	Keypress: i
671.1383 	DATA 	Keypress: n
671.2831 	EXP 	New trial (rep=4, index=11): {'leftStreamFlip': False, 'oneTarget': False, 'trialInstructionPos': (0, -1), 'probe': 'both', 'rightStreamFlip': False, 'horizVert': True, 'ISIframes': 2, 'rightResponseFirst': False}
671.3042 	INFO 	numtrials=360 and this trialDurFrames=7 or 116.666666667 ms  task=T1
672.5386 	EXP 	window1: recordFrameIntervals = False
672.5465 	INFO 	Mouse: using default window
673.4550 	DATA 	Keypress: h
673.7216 	DATA 	Keypress: p
673.9217 	DATA 	Keypress: o
676.5717 	DATA 	Keypress: h
676.7217 	DATA 	Keypress: p
676.8217 	DATA 	Keypress: o
676.9647 	EXP 	New trial (rep=5, index=0): {'leftStreamFlip': False, 'oneTarget': True, 'trialInstructionPos': (0, -1), 'probe': 'both', 'rightStreamFlip': False, 'horizVert': True, 'ISIframes': 2, 'rightResponseFirst': True}
676.9880 	INFO 	numtrials=360 and this trialDurFrames=7 or 116.666666667 ms  task=T1
678.0381 	EXP 	window1: recordFrameIntervals = False
678.0462 	INFO 	Mouse: using default window
679.1883 	DATA 	Keypress: b
679.3383 	DATA 	Keypress: a
679.4217 	DATA 	Keypress: t
679.5635 	EXP 	New trial (rep=5, index=1): {'leftStreamFlip': False, 'oneTarget': False, 'trialInstructionPos': (0, -1), 'probe': 'both', 'rightStreamFlip': False, 'horizVert': True, 'ISIframes': 2, 'rightResponseFirst': True}
679.5880 	INFO 	numtrials=360 and this trialDurFrames=7 or 116.666666667 ms  task=T1
680.7049 	EXP 	window1: recordFrameIntervals = False
680.7129 	INFO 	Mouse: using default window
681.7383 	DATA 	Keypress: s
681.8883 	DATA 	Keypress: u
682.2053 	DATA 	Keypress: m
683.6050 	DATA 	Keypress: m
683.8218 	DATA 	Keypress: o
684.0552 	DATA 	Keypress: m
684.1994 	EXP 	New trial (rep=5, index=2): {'leftStreamFlip': False, 'oneTarget': True, 'trialInstructionPos': (0, 1), 'probe': 'both', 'rightStreamFlip': False, 'horizVert': True, 'ISIframes': 2, 'rightResponseFirst': False}
684.2210 	INFO 	numtrials=360 and this trialDurFrames=7 or 116.666666667 ms  task=T1
685.4716 	EXP 	window1: recordFrameIntervals = False
685.4796 	INFO 	Mouse: using default window
686.5389 	DATA 	Keypress: f
687.0717 	DATA 	Keypress: o
687.2049 	DATA 	Keypress: g
687.3466 	EXP 	New trial (rep=5, index=3): {'leftStreamFlip': False, 'oneTarget': False, 'trialInstructionPos': (0, -1), 'probe': 'both', 'rightStreamFlip': False, 'horizVert': True, 'ISIframes': 2, 'rightResponseFirst': True}
687.3714 	INFO 	numtrials=360 and this trialDurFrames=7 or 116.666666667 ms  task=T1
688.4047 	EXP 	window1: recordFrameIntervals = False
688.4129 	INFO 	Mouse: using default window
692.6550 	DATA 	Keypress: h
693.1550 	DATA 	Keypress: i
693.3885 	DATA 	Keypress: t
694.1884 	DATA 	Keypress: b
695.0384 	DATA 	Keypress: a
695.2050 	DATA 	Keypress: g
695.3484 	EXP 	New trial (rep=5, index=4): {'leftStreamFlip': False, 'oneTarget': True, 'trialInstructionPos': (0, 1), 'probe': 'both', 'rightStreamFlip': False, 'horizVert': True, 'ISIframes': 2, 'rightResponseFirst': True}
695.3710 	INFO 	numtrials=360 and this trialDurFrames=7 or 116.666666667 ms  task=T1
696.6382 	EXP 	window1: recordFrameIntervals = False
696.6462 	INFO 	Mouse: using default window
697.6050 	DATA 	Keypress: b
697.7726 	DATA 	Keypress: a
697.8717 	DATA 	Keypress: t
698.0135 	EXP 	New trial (rep=5, index=5): {'leftStreamFlip': False, 'oneTarget': False, 'trialInstructionPos': (0, 1), 'probe': 'both', 'rightStreamFlip': False, 'horizVert': True, 'ISIframes': 2, 'rightResponseFirst': False}
698.0389 	INFO 	numtrials=360 and this trialDurFrames=7 or 116.666666667 ms  task=T1
699.2714 	EXP 	window1: recordFrameIntervals = False
699.2797 	INFO 	Mouse: using default window
700.0391 	DATA 	Keypress: w
701.1050 	DATA 	Keypress: backspace
703.0717 	DATA 	Keypress: h
703.2552 	DATA 	Keypress: u
703.6550 	DATA 	Keypress: g
704.0884 	DATA 	Keypress: w
704.2717 	DATA 	Keypress: a
704.5217 	DATA 	Keypress: r
704.6676 	EXP 	New trial (rep=5, index=6): {'leftStreamFlip': False, 'oneTarget': True, 'trialInstructionPos': (0, -1), 'probe': 'both', 'rightStreamFlip': False, 'horizVert': True, 'ISIframes': 2, 'rightResponseFirst': False}
704.6876 	INFO 	numtrials=360 and this trialDurFrames=7 or 116.666666667 ms  task=T1
705.8048 	EXP 	window1: recordFrameIntervals = False
705.8128 	INFO 	Mouse: using default window
706.9385 	DATA 	Keypress: b
707.3885 	DATA 	Keypress: u
707.5051 	DATA 	Keypress: y
707.6473 	EXP 	New trial (rep=5, index=7): {'leftStreamFlip': False, 'oneTarget': False, 'trialInstructionPos': (0, 1), 'probe': 'both', 'rightStreamFlip': False, 'horizVert': True, 'ISIframes': 2, 'rightResponseFirst': False}
707.6712 	INFO 	numtrials=360 and this trialDurFrames=7 or 116.666666667 ms  task=T1
708.8216 	EXP 	window1: recordFrameIntervals = False
708.8300 	INFO 	Mouse: using default window
710.0551 	DATA 	Keypress: c
710.2717 	DATA 	Keypress: a
711.1385 	DATA 	Keypress: backspace
711.5050 	DATA 	Keypress: o
711.6551 	DATA 	Keypress: w
719.0217 	DATA 	Keypress: h
719.1050 	DATA 	Keypress: u
719.2717 	DATA 	Keypress: b
719.4187 	EXP 	New trial (rep=5, index=8): {'leftStreamFlip': False, 'oneTarget': False, 'trialInstructionPos': (0, -1), 'probe': 'both', 'rightStreamFlip': False, 'horizVert': True, 'ISIframes': 2, 'rightResponseFirst': False}
719.4378 	INFO 	numtrials=360 and this trialDurFrames=7 or 116.666666667 ms  task=T1
720.6214 	EXP 	window1: recordFrameIntervals = False
720.6295 	INFO 	Mouse: using default window
723.5717 	DATA 	Keypress: w
723.7727 	DATA 	Keypress: e
724.0384 	DATA 	Keypress: t
724.7718 	DATA 	Keypress: l
724.9731 	DATA 	Keypress: i
725.1217 	DATA 	Keypress: p
725.2661 	EXP 	New trial (rep=5, index=9): {'leftStreamFlip': False, 'oneTarget': False, 'trialInstructionPos': (0, -1), 'probe': 'both', 'rightStreamFlip': False, 'horizVert': True, 'ISIframes': 2, 'rightResponseFirst': False}
725.2882 	INFO 	numtrials=360 and this trialDurFrames=7 or 116.666666667 ms  task=T1
726.4214 	EXP 	window1: recordFrameIntervals = False
726.4296 	INFO 	Mouse: using default window
727.5050 	DATA 	Keypress: a
728.7888 	DATA 	Keypress: backspace
729.8220 	DATA 	Keypress: o
730.7052 	DATA 	Keypress: d
731.0718 	DATA 	Keypress: d
732.4884 	DATA 	Keypress: o
732.7219 	DATA 	Keypress: semicolon
732.7220 	DATA 	Keypress: l
732.8550 	DATA 	Keypress: d
733.0028 	EXP 	New trial (rep=5, index=10): {'leftStreamFlip': False, 'oneTarget': False, 'trialInstructionPos': (0, 1), 'probe': 'both', 'rightStreamFlip': False, 'horizVert': True, 'ISIframes': 2, 'rightResponseFirst': True}
733.0210 	INFO 	numtrials=360 and this trialDurFrames=7 or 116.666666667 ms  task=T1
734.0553 	EXP 	window1: recordFrameIntervals = False
734.0630 	INFO 	Mouse: using default window
735.0385 	DATA 	Keypress: p
735.6883 	DATA 	Keypress: backspace
736.0057 	DATA 	Keypress: n
736.2217 	DATA 	Keypress: a
736.3718 	DATA 	Keypress: p
738.4718 	DATA 	Keypress: w
739.0550 	DATA 	Keypress: e
739.1719 	DATA 	Keypress: t
739.3161 	EXP 	New trial (rep=5, index=11): {'leftStreamFlip': False, 'oneTarget': False, 'trialInstructionPos': (0, 1), 'probe': 'both', 'rightStreamFlip': False, 'horizVert': True, 'ISIframes': 2, 'rightResponseFirst': True}
739.3381 	INFO 	numtrials=360 and this trialDurFrames=7 or 116.666666667 ms  task=T1
740.5553 	EXP 	window1: recordFrameIntervals = False
740.5633 	INFO 	Mouse: using default window
741.8385 	DATA 	Keypress: c
742.0717 	DATA 	Keypress: a
742.1884 	DATA 	Keypress: t
743.5051 	DATA 	Keypress: c
743.6885 	DATA 	Keypress: u
743.8716 	DATA 	Keypress: r
744.0147 	EXP 	New trial (rep=6, index=0): {'leftStreamFlip': False, 'oneTarget': True, 'trialInstructionPos': (0, -1), 'probe': 'both', 'rightStreamFlip': False, 'horizVert': True, 'ISIframes': 2, 'rightResponseFirst': True}
744.0379 	INFO 	numtrials=360 and this trialDurFrames=7 or 116.666666667 ms  task=T1
745.1048 	EXP 	window1: recordFrameIntervals = False
745.1129 	INFO 	Mouse: using default window
746.2884 	DATA 	Keypress: t
746.4718 	DATA 	Keypress: r
746.8217 	DATA 	Keypress: y
746.9626 	EXP 	New trial (rep=6, index=1): {'leftStreamFlip': False, 'oneTarget': True, 'trialInstructionPos': (0, 1), 'probe': 'both', 'rightStreamFlip': False, 'horizVert': True, 'ISIframes': 2, 'rightResponseFirst': True}
746.9879 	INFO 	numtrials=360 and this trialDurFrames=7 or 116.666666667 ms  task=T1
748.1882 	EXP 	window1: recordFrameIntervals = False
748.1963 	INFO 	Mouse: using default window
748.9885 	DATA 	Keypress: m
749.1717 	DATA 	Keypress: u
749.3885 	DATA 	Keypress: m
749.5292 	EXP 	New trial (rep=6, index=2): {'leftStreamFlip': False, 'oneTarget': False, 'trialInstructionPos': (0, 1), 'probe': 'both', 'rightStreamFlip': False, 'horizVert': True, 'ISIframes': 2, 'rightResponseFirst': True}
749.5546 	INFO 	numtrials=360 and this trialDurFrames=7 or 116.666666667 ms  task=T1
750.7555 	EXP 	window1: recordFrameIntervals = False
750.7629 	INFO 	Mouse: using default window
751.9550 	DATA 	Keypress: f
752.1052 	DATA 	Keypress: i
752.8718 	DATA 	Keypress: t
755.7218 	DATA 	Keypress: f
755.8717 	DATA 	Keypress: i
755.9722 	DATA 	Keypress: t
756.1168 	EXP 	New trial (rep=6, index=3): {'leftStreamFlip': False, 'oneTarget': True, 'trialInstructionPos': (0, 1), 'probe': 'both', 'rightStreamFlip': False, 'horizVert': True, 'ISIframes': 2, 'rightResponseFirst': False}
756.1378 	INFO 	numtrials=360 and this trialDurFrames=7 or 116.666666667 ms  task=T1
757.2721 	EXP 	window1: recordFrameIntervals = False
757.2799 	INFO 	Mouse: using default window
758.3221 	DATA 	Keypress: t
758.4551 	DATA 	Keypress: o
758.5727 	DATA 	Keypress: p
758.7286 	EXP 	New trial (rep=6, index=4): {'leftStreamFlip': False, 'oneTarget': False, 'trialInstructionPos': (0, -1), 'probe': 'both', 'rightStreamFlip': False, 'horizVert': True, 'ISIframes': 2, 'rightResponseFirst': False}
758.7555 	INFO 	numtrials=360 and this trialDurFrames=7 or 116.666666667 ms  task=T1
760.0215 	EXP 	window1: recordFrameIntervals = False
760.0296 	INFO 	Mouse: using default window
761.5550 	DATA 	Keypress: p
761.7385 	DATA 	Keypress: a
761.8053 	DATA 	Keypress: l
763.3217 	DATA 	Keypress: f
763.4218 	DATA 	Keypress: j
763.5219 	DATA 	Keypress: y
763.6658 	EXP 	New trial (rep=6, index=5): {'leftStreamFlip': False, 'oneTarget': False, 'trialInstructionPos': (0, 1), 'probe': 'both', 'rightStreamFlip': False, 'horizVert': True, 'ISIframes': 2, 'rightResponseFirst': True}
763.6880 	INFO 	numtrials=360 and this trialDurFrames=7 or 116.666666667 ms  task=T1
764.7217 	EXP 	window1: recordFrameIntervals = False
764.7293 	INFO 	Mouse: using default window
766.2884 	DATA 	Keypress: l
766.6385 	DATA 	Keypress: e
766.7217 	DATA 	Keypress: t
767.5717 	DATA 	Keypress: j
767.6883 	DATA 	Keypress: f
767.8052 	DATA 	Keypress: i
767.9505 	EXP 	New trial (rep=6, index=6): {'leftStreamFlip': False, 'oneTarget': False, 'trialInstructionPos': (0, 1), 'probe': 'both', 'rightStreamFlip': False, 'horizVert': True, 'ISIframes': 2, 'rightResponseFirst': False}
767.9710 	INFO 	numtrials=360 and this trialDurFrames=7 or 116.666666667 ms  task=T1
769.0048 	EXP 	window1: recordFrameIntervals = False
769.0128 	INFO 	Mouse: using default window
771.8891 	DATA 	Keypress: g
772.4219 	DATA 	Keypress: a
772.5720 	DATA 	Keypress: y
773.0052 	DATA 	Keypress: g
773.2050 	DATA 	Keypress: a
773.2718 	DATA 	Keypress: y
773.4175 	EXP 	New trial (rep=6, index=7): {'leftStreamFlip': False, 'oneTarget': False, 'trialInstructionPos': (0, 1), 'probe': 'both', 'rightStreamFlip': False, 'horizVert': True, 'ISIframes': 2, 'rightResponseFirst': False}
773.4379 	INFO 	numtrials=360 and this trialDurFrames=7 or 116.666666667 ms  task=T1
774.5549 	EXP 	window1: recordFrameIntervals = False
774.5632 	INFO 	Mouse: using default window
775.4385 	DATA 	Keypress: t
776.0884 	DATA 	Keypress: backspace
777.3887 	DATA 	Keypress: g
777.8222 	DATA 	Keypress: a
777.9886 	DATA 	Keypress: p
778.6397 	DATA 	Keypress: t
778.7551 	DATA 	Keypress: i
778.9219 	DATA 	Keypress: p
779.0682 	EXP 	New trial (rep=6, index=8): {'leftStreamFlip': False, 'oneTarget': False, 'trialInstructionPos': (0, -1), 'probe': 'both', 'rightStreamFlip': False, 'horizVert': True, 'ISIframes': 2, 'rightResponseFirst': True}
779.0878 	INFO 	numtrials=360 and this trialDurFrames=7 or 116.666666667 ms  task=T1
780.2382 	EXP 	window1: recordFrameIntervals = False
780.2464 	INFO 	Mouse: using default window
781.3384 	DATA 	Keypress: b
781.4885 	DATA 	Keypress: i
781.7717 	DATA 	Keypress: d
783.2386 	DATA 	Keypress: g
783.3386 	DATA 	Keypress: h
783.4384 	DATA 	Keypress: t
783.5821 	EXP 	New trial (rep=6, index=9): {'leftStreamFlip': False, 'oneTarget': True, 'trialInstructionPos': (0, -1), 'probe': 'both', 'rightStreamFlip': False, 'horizVert': True, 'ISIframes': 2, 'rightResponseFirst': False}
783.6043 	INFO 	numtrials=360 and this trialDurFrames=7 or 116.666666667 ms  task=T1
784.7889 	EXP 	window1: recordFrameIntervals = False
784.7974 	INFO 	Mouse: using default window
786.2219 	DATA 	Keypress: s
786.7225 	DATA 	Keypress: k
786.8223 	DATA 	Keypress: y
786.9618 	EXP 	New trial (rep=6, index=10): {'leftStreamFlip': False, 'oneTarget': False, 'trialInstructionPos': (0, -1), 'probe': 'both', 'rightStreamFlip': False, 'horizVert': True, 'ISIframes': 2, 'rightResponseFirst': False}
786.9880 	INFO 	numtrials=360 and this trialDurFrames=7 or 116.666666667 ms  task=T1
788.1216 	EXP 	window1: recordFrameIntervals = False
788.1298 	INFO 	Mouse: using default window
789.0387 	DATA 	Keypress: s
789.2888 	DATA 	Keypress: e
790.4222 	DATA 	Keypress: backspace
790.6056 	DATA 	Keypress: backspace
791.0886 	DATA 	Keypress: w
791.3220 	DATA 	Keypress: e
791.5720 	DATA 	Keypress: t
792.0385 	DATA 	Keypress: s
792.2223 	DATA 	Keypress: e
792.3223 	DATA 	Keypress: t
792.4728 	EXP 	New trial (rep=6, index=11): {'leftStreamFlip': False, 'oneTarget': False, 'trialInstructionPos': (0, -1), 'probe': 'both', 'rightStreamFlip': False, 'horizVert': True, 'ISIframes': 2, 'rightResponseFirst': True}
792.4875 	INFO 	numtrials=360 and this trialDurFrames=7 or 116.666666667 ms  task=T1
793.6718 	EXP 	window1: recordFrameIntervals = False
793.6797 	INFO 	Mouse: using default window
794.4890 	DATA 	Keypress: r
794.6055 	DATA 	Keypress: e
794.8556 	DATA 	Keypress: d
795.8721 	DATA 	Keypress: t
796.0386 	DATA 	Keypress: i
796.4553 	DATA 	Keypress: d
796.5966 	EXP 	New trial (rep=7, index=0): {'leftStreamFlip': False, 'oneTarget': False, 'trialInstructionPos': (0, 1), 'probe': 'both', 'rightStreamFlip': False, 'horizVert': True, 'ISIframes': 2, 'rightResponseFirst': False}
796.6206 	INFO 	numtrials=360 and this trialDurFrames=7 or 116.666666667 ms  task=T1
797.8385 	EXP 	window1: recordFrameIntervals = False
797.8467 	INFO 	Mouse: using default window
799.4385 	DATA 	Keypress: h
799.6719 	DATA 	Keypress: i
799.8386 	DATA 	Keypress: p
800.9386 	DATA 	Keypress: h
801.2051 	DATA 	Keypress: i
801.3218 	DATA 	Keypress: p
801.4640 	EXP 	New trial (rep=7, index=1): {'leftStreamFlip': False, 'oneTarget': False, 'trialInstructionPos': (0, 1), 'probe': 'both', 'rightStreamFlip': False, 'horizVert': True, 'ISIframes': 2, 'rightResponseFirst': True}
801.4883 	INFO 	numtrials=360 and this trialDurFrames=7 or 116.666666667 ms  task=T1
802.6883 	EXP 	window1: recordFrameIntervals = False
802.6965 	INFO 	Mouse: using default window
804.0551 	DATA 	Keypress: r
804.2052 	DATA 	Keypress: o
804.3053 	DATA 	Keypress: w
806.4051 	DATA 	Keypress: period
806.6386 	DATA 	Keypress: period
807.0886 	DATA 	Keypress: j
807.1386 	DATA 	Keypress: g
807.4718 	DATA 	Keypress: a
807.6201 	EXP 	New trial (rep=7, index=2): {'leftStreamFlip': False, 'oneTarget': False, 'trialInstructionPos': (0, -1), 'probe': 'both', 'rightStreamFlip': False, 'horizVert': True, 'ISIframes': 2, 'rightResponseFirst': False}
807.6376 	INFO 	numtrials=360 and this trialDurFrames=7 or 116.666666667 ms  task=T1
808.6883 	EXP 	window1: recordFrameIntervals = False
808.6964 	INFO 	Mouse: using default window
809.9217 	DATA 	Keypress: d
811.3051 	DATA 	Keypress: backspace
811.5219 	DATA 	Keypress: s
811.7562 	DATA 	Keypress: h
811.8886 	DATA 	Keypress: y
814.7383 	DATA 	Keypress: r
814.9052 	DATA 	Keypress: o
814.9894 	DATA 	Keypress: w
815.1362 	EXP 	New trial (rep=7, index=3): {'leftStreamFlip': False, 'oneTarget': False, 'trialInstructionPos': (0, 1), 'probe': 'both', 'rightStreamFlip': False, 'horizVert': True, 'ISIframes': 2, 'rightResponseFirst': False}
815.1545 	INFO 	numtrials=360 and this trialDurFrames=7 or 116.666666667 ms  task=T1
816.1882 	EXP 	window1: recordFrameIntervals = False
816.1967 	INFO 	Mouse: using default window
818.2052 	DATA 	Keypress: f
818.3551 	DATA 	Keypress: i
818.5562 	DATA 	Keypress: p
820.2887 	DATA 	Keypress: k
820.4724 	DATA 	Keypress: i
820.6884 	DATA 	Keypress: d
820.8324 	EXP 	New trial (rep=7, index=4): {'leftStreamFlip': False, 'oneTarget': False, 'trialInstructionPos': (0, -1), 'probe': 'both', 'rightStreamFlip': False, 'horizVert': True, 'ISIframes': 2, 'rightResponseFirst': False}
820.8545 	INFO 	numtrials=360 and this trialDurFrames=7 or 116.666666667 ms  task=T1
822.0550 	EXP 	window1: recordFrameIntervals = False
822.0629 	INFO 	Mouse: using default window
823.3728 	DATA 	Keypress: e
823.7384 	DATA 	Keypress: g
823.9051 	DATA 	Keypress: g
824.7219 	DATA 	Keypress: g
824.9052 	DATA 	Keypress: u
825.0386 	DATA 	Keypress: t
825.1828 	EXP 	New trial (rep=7, index=5): {'leftStreamFlip': False, 'oneTarget': False, 'trialInstructionPos': (0, -1), 'probe': 'both', 'rightStreamFlip': False, 'horizVert': True, 'ISIframes': 2, 'rightResponseFirst': True}
825.2046 	INFO 	numtrials=360 and this trialDurFrames=7 or 116.666666667 ms  task=T1
826.2884 	EXP 	window1: recordFrameIntervals = False
826.2963 	INFO 	Mouse: using default window
827.7055 	DATA 	Keypress: m
827.8720 	DATA 	Keypress: o
828.0884 	DATA 	Keypress: m
832.6887 	DATA 	Keypress: j
832.9562 	DATA 	Keypress: e
833.2887 	DATA 	Keypress: p
833.4337 	EXP 	New trial (rep=7, index=6): {'leftStreamFlip': False, 'oneTarget': False, 'trialInstructionPos': (0, 1), 'probe': 'both', 'rightStreamFlip': False, 'horizVert': True, 'ISIframes': 2, 'rightResponseFirst': True}
833.4545 	INFO 	numtrials=360 and this trialDurFrames=7 or 116.666666667 ms  task=T1
834.5219 	EXP 	window1: recordFrameIntervals = False
834.5294 	INFO 	Mouse: using default window
839.3052 	DATA 	Keypress: s
839.5392 	DATA 	Keypress: k
839.9218 	DATA 	Keypress: r
843.4385 	DATA 	Keypress: f
843.6219 	DATA 	Keypress: h
843.7551 	DATA 	Keypress: f
843.8983 	EXP 	New trial (rep=7, index=7): {'leftStreamFlip': False, 'oneTarget': True, 'trialInstructionPos': (0, -1), 'probe': 'both', 'rightStreamFlip': False, 'horizVert': True, 'ISIframes': 2, 'rightResponseFirst': True}
843.9213 	INFO 	numtrials=360 and this trialDurFrames=7 or 116.666666667 ms  task=T1
844.9884 	EXP 	window1: recordFrameIntervals = False
844.9966 	INFO 	Mouse: using default window
846.2221 	DATA 	Keypress: t
846.4051 	DATA 	Keypress: o
846.5389 	DATA 	Keypress: e
846.6799 	EXP 	New trial (rep=7, index=8): {'leftStreamFlip': False, 'oneTarget': False, 'trialInstructionPos': (0, -1), 'probe': 'both', 'rightStreamFlip': False, 'horizVert': True, 'ISIframes': 2, 'rightResponseFirst': True}
846.7049 	INFO 	numtrials=360 and this trialDurFrames=7 or 116.666666667 ms  task=T1
847.8555 	EXP 	window1: recordFrameIntervals = False
847.8631 	INFO 	Mouse: using default window
849.2051 	DATA 	Keypress: j
849.8718 	DATA 	Keypress: o
850.0051 	DATA 	Keypress: y
851.5385 	DATA 	Keypress: j
851.7385 	DATA 	Keypress: o
852.0718 	DATA 	Keypress: y
852.2121 	EXP 	New trial (rep=7, index=9): {'leftStreamFlip': False, 'oneTarget': True, 'trialInstructionPos': (0, 1), 'probe': 'both', 'rightStreamFlip': False, 'horizVert': True, 'ISIframes': 2, 'rightResponseFirst': False}
852.2376 	INFO 	numtrials=360 and this trialDurFrames=7 or 116.666666667 ms  task=T1
853.4216 	EXP 	window1: recordFrameIntervals = False
853.4309 	INFO 	Mouse: using default window
854.2552 	DATA 	Keypress: h
854.4552 	DATA 	Keypress: o
854.6553 	DATA 	Keypress: w
854.7961 	EXP 	New trial (rep=7, index=10): {'leftStreamFlip': False, 'oneTarget': True, 'trialInstructionPos': (0, 1), 'probe': 'both', 'rightStreamFlip': False, 'horizVert': True, 'ISIframes': 2, 'rightResponseFirst': True}
854.8217 	INFO 	numtrials=360 and this trialDurFrames=7 or 116.666666667 ms  task=T1
855.8884 	EXP 	window1: recordFrameIntervals = False
855.8969 	INFO 	Mouse: using default window
856.8049 	DATA 	Keypress: m
857.3413 	DATA 	Keypress: e
857.4385 	DATA 	Keypress: t
857.5804 	EXP 	New trial (rep=7, index=11): {'leftStreamFlip': False, 'oneTarget': True, 'trialInstructionPos': (0, -1), 'probe': 'both', 'rightStreamFlip': False, 'horizVert': True, 'ISIframes': 2, 'rightResponseFirst': False}
857.6038 	INFO 	numtrials=360 and this trialDurFrames=7 or 116.666666667 ms  task=T1
858.6719 	EXP 	window1: recordFrameIntervals = False
858.6794 	INFO 	Mouse: using default window
859.5552 	DATA 	Keypress: h
859.6886 	DATA 	Keypress: i
859.8552 	DATA 	Keypress: s
859.9938 	EXP 	New trial (rep=8, index=0): {'leftStreamFlip': False, 'oneTarget': True, 'trialInstructionPos': (0, -1), 'probe': 'both', 'rightStreamFlip': False, 'horizVert': True, 'ISIframes': 2, 'rightResponseFirst': True}
860.0218 	INFO 	numtrials=360 and this trialDurFrames=7 or 116.666666667 ms  task=T1
861.2552 	EXP 	window1: recordFrameIntervals = False
861.2630 	INFO 	Mouse: using default window
863.7386 	DATA 	Keypress: g
863.8224 	DATA 	Keypress: u
864.0385 	DATA 	Keypress: m
864.1809 	EXP 	New trial (rep=8, index=1): {'leftStreamFlip': False, 'oneTarget': True, 'trialInstructionPos': (0, -1), 'probe': 'both', 'rightStreamFlip': False, 'horizVert': True, 'ISIframes': 2, 'rightResponseFirst': False}
864.2038 	INFO 	numtrials=360 and this trialDurFrames=7 or 116.666666667 ms  task=T1
865.3883 	EXP 	window1: recordFrameIntervals = False
865.3962 	INFO 	Mouse: using default window
866.3387 	DATA 	Keypress: z
866.4221 	DATA 	Keypress: i
866.5730 	DATA 	Keypress: p
866.7265 	EXP 	New trial (rep=8, index=2): {'leftStreamFlip': False, 'oneTarget': False, 'trialInstructionPos': (0, -1), 'probe': 'both', 'rightStreamFlip': False, 'horizVert': True, 'ISIframes': 2, 'rightResponseFirst': False}
866.7552 	INFO 	numtrials=360 and this trialDurFrames=7 or 116.666666667 ms  task=T1
867.8051 	EXP 	window1: recordFrameIntervals = False
867.8129 	INFO 	Mouse: using default window
869.1052 	DATA 	Keypress: t
869.6219 	DATA 	Keypress: o
869.7553 	DATA 	Keypress: y
871.4720 	DATA 	Keypress: t
871.8718 	DATA 	Keypress: o
871.9722 	DATA 	Keypress: y
872.1129 	EXP 	New trial (rep=8, index=3): {'leftStreamFlip': False, 'oneTarget': False, 'trialInstructionPos': (0, 1), 'probe': 'both', 'rightStreamFlip': False, 'horizVert': True, 'ISIframes': 2, 'rightResponseFirst': True}
872.1374 	INFO 	numtrials=360 and this trialDurFrames=7 or 116.666666667 ms  task=T1
873.3549 	EXP 	window1: recordFrameIntervals = False
873.3629 	INFO 	Mouse: using default window
874.2054 	DATA 	Keypress: b
874.3559 	DATA 	Keypress: u
874.5223 	DATA 	Keypress: s
875.8888 	DATA 	Keypress: t
876.0054 	DATA 	Keypress: i
876.1410 	DATA 	Keypress: p
876.2982 	EXP 	New trial (rep=8, index=4): {'leftStreamFlip': False, 'oneTarget': False, 'trialInstructionPos': (0, 1), 'probe': 'both', 'rightStreamFlip': False, 'horizVert': True, 'ISIframes': 2, 'rightResponseFirst': False}
876.3206 	INFO 	numtrials=360 and this trialDurFrames=7 or 116.666666667 ms  task=T1
877.4550 	EXP 	window1: recordFrameIntervals = False
877.4646 	INFO 	Mouse: using default window
878.7720 	DATA 	Keypress: d
878.9219 	DATA 	Keypress: a
879.1052 	DATA 	Keypress: d
883.9888 	DATA 	Keypress: g
884.1382 	DATA 	Keypress: u
884.2384 	DATA 	Keypress: t
884.3797 	EXP 	New trial (rep=8, index=5): {'leftStreamFlip': False, 'oneTarget': False, 'trialInstructionPos': (0, 1), 'probe': 'both', 'rightStreamFlip': False, 'horizVert': True, 'ISIframes': 2, 'rightResponseFirst': False}
884.4040 	INFO 	numtrials=360 and this trialDurFrames=7 or 116.666666667 ms  task=T1
885.4383 	EXP 	window1: recordFrameIntervals = False
885.4474 	INFO 	Mouse: using default window
886.7386 	DATA 	Keypress: m
887.1217 	DATA 	Keypress: o
887.4053 	DATA 	Keypress: m
888.7052 	DATA 	Keypress: n
888.8552 	DATA 	Keypress: u
889.0718 	DATA 	Keypress: m
889.2160 	EXP 	New trial (rep=8, index=6): {'leftStreamFlip': False, 'oneTarget': True, 'trialInstructionPos': (0, 1), 'probe': 'both', 'rightStreamFlip': False, 'horizVert': True, 'ISIframes': 2, 'rightResponseFirst': False}
889.2372 	INFO 	numtrials=360 and this trialDurFrames=7 or 116.666666667 ms  task=T1
890.3219 	EXP 	window1: recordFrameIntervals = False
890.3299 	INFO 	Mouse: using default window
891.3576 	DATA 	Keypress: w
891.4723 	DATA 	Keypress: i
891.6721 	DATA 	Keypress: n
891.8117 	EXP 	New trial (rep=8, index=7): {'leftStreamFlip': False, 'oneTarget': False, 'trialInstructionPos': (0, -1), 'probe': 'both', 'rightStreamFlip': False, 'horizVert': True, 'ISIframes': 2, 'rightResponseFirst': True}
891.8385 	INFO 	numtrials=360 and this trialDurFrames=7 or 116.666666667 ms  task=T1
892.9884 	EXP 	window1: recordFrameIntervals = False
892.9966 	INFO 	Mouse: using default window
894.5053 	DATA 	Keypress: s
894.7552 	DATA 	Keypress: e
895.0059 	DATA 	Keypress: x
896.1219 	DATA 	Keypress: a
896.4720 	DATA 	Keypress: i
896.7718 	DATA 	Keypress: d
896.9155 	EXP 	New trial (rep=8, index=8): {'leftStreamFlip': False, 'oneTarget': False, 'trialInstructionPos': (0, 1), 'probe': 'both', 'rightStreamFlip': False, 'horizVert': True, 'ISIframes': 2, 'rightResponseFirst': True}
896.9380 	INFO 	numtrials=360 and this trialDurFrames=7 or 116.666666667 ms  task=T1
898.2050 	EXP 	window1: recordFrameIntervals = False
898.2129 	INFO 	Mouse: using default window
899.9386 	DATA 	Keypress: k
900.2054 	DATA 	Keypress: e
900.3219 	DATA 	Keypress: y
902.1220 	DATA 	Keypress: a
902.2387 	DATA 	Keypress: i
902.3720 	DATA 	Keypress: d
902.5160 	EXP 	New trial (rep=8, index=9): {'leftStreamFlip': False, 'oneTarget': False, 'trialInstructionPos': (0, -1), 'probe': 'both', 'rightStreamFlip': False, 'horizVert': True, 'ISIframes': 2, 'rightResponseFirst': False}
902.5382 	INFO 	numtrials=360 and this trialDurFrames=7 or 116.666666667 ms  task=T1
903.7217 	EXP 	window1: recordFrameIntervals = False
903.7299 	INFO 	Mouse: using default window
904.8396 	DATA 	Keypress: s
905.2887 	DATA 	Keypress: k
905.5386 	DATA 	Keypress: y
906.4887 	DATA 	Keypress: w
906.6385 	DATA 	Keypress: i
906.8053 	DATA 	Keypress: n
906.9502 	EXP 	New trial (rep=8, index=10): {'leftStreamFlip': False, 'oneTarget': True, 'trialInstructionPos': (0, 1), 'probe': 'both', 'rightStreamFlip': False, 'horizVert': True, 'ISIframes': 2, 'rightResponseFirst': True}
906.9711 	INFO 	numtrials=360 and this trialDurFrames=7 or 116.666666667 ms  task=T1
908.1719 	EXP 	window1: recordFrameIntervals = False
908.1807 	INFO 	Mouse: using default window
908.9220 	DATA 	Keypress: l
910.2221 	DATA 	Keypress: o
910.3388 	DATA 	Keypress: t
910.4793 	EXP 	New trial (rep=8, index=11): {'leftStreamFlip': False, 'oneTarget': False, 'trialInstructionPos': (0, -1), 'probe': 'both', 'rightStreamFlip': False, 'horizVert': True, 'ISIframes': 2, 'rightResponseFirst': True}
910.5042 	INFO 	numtrials=360 and this trialDurFrames=7 or 116.666666667 ms  task=T1
911.7718 	EXP 	window1: recordFrameIntervals = False
911.7809 	INFO 	Mouse: using default window
912.8886 	DATA 	Keypress: p
913.0386 	DATA 	Keypress: i
913.3220 	DATA 	Keypress: g
914.6220 	DATA 	Keypress: e
915.0220 	DATA 	Keypress: g
915.1718 	DATA 	Keypress: g
915.3141 	EXP 	New trial (rep=9, index=0): {'leftStreamFlip': False, 'oneTarget': False, 'trialInstructionPos': (0, -1), 'probe': 'both', 'rightStreamFlip': False, 'horizVert': True, 'ISIframes': 2, 'rightResponseFirst': True}
915.3378 	INFO 	numtrials=360 and this trialDurFrames=7 or 116.666666667 ms  task=T1
916.5551 	EXP 	window1: recordFrameIntervals = False
916.5635 	INFO 	Mouse: using default window
919.0720 	DATA 	Keypress: g
919.4058 	DATA 	Keypress: a
919.5886 	DATA 	Keypress: y
922.4553 	DATA 	Keypress: e
923.7389 	DATA 	Keypress: g
923.9886 	DATA 	Keypress: g
924.1319 	EXP 	New trial (rep=9, index=1): {'leftStreamFlip': False, 'oneTarget': True, 'trialInstructionPos': (0, -1), 'probe': 'both', 'rightStreamFlip': False, 'horizVert': True, 'ISIframes': 2, 'rightResponseFirst': False}
924.1544 	INFO 	numtrials=360 and this trialDurFrames=7 or 116.666666667 ms  task=T1
925.4218 	EXP 	window1: recordFrameIntervals = False
925.4298 	INFO 	Mouse: using default window
926.3719 	DATA 	Keypress: p
926.5567 	DATA 	Keypress: i
926.8052 	DATA 	Keypress: n
926.9453 	EXP 	New trial (rep=9, index=2): {'leftStreamFlip': False, 'oneTarget': False, 'trialInstructionPos': (0, -1), 'probe': 'both', 'rightStreamFlip': False, 'horizVert': True, 'ISIframes': 2, 'rightResponseFirst': False}
926.9713 	INFO 	numtrials=360 and this trialDurFrames=7 or 116.666666667 ms  task=T1
928.1053 	EXP 	window1: recordFrameIntervals = False
928.1153 	INFO 	Mouse: using default window
929.2219 	DATA 	Keypress: f
929.4886 	DATA 	Keypress: l
929.6552 	DATA 	Keypress: u
940.4781 	DATA 	Keypress: lctrl
940.7284 	DATA 	Keypress: lshift
941.3386 	DATA 	Keypress: z
941.3576 	INFO 	Stopping at 09:27 on 10 Aug 2018
941.3599 	ERROR 	user aborted experiment on keypress with trials done=110 of 361
941.3783 	INFO 	Program terminating normally.
