1.8967 	WARNING 	Monitor specification not found. Creating a temporary one...
16.0593 	EXP 	Created window1 = Window(allowGUI=False, allowStencil=False, autoLog=True, bitsMode=UNKNOWN, blendMode='avg', color=array([-0.7, -0.7, -0.7]), colorSpace='rgb', fullscr=UNKNOWN, gamma=None, lms=UNKNOWN, monitor=<psychopy.monitors.calibTools.Monitor object at 0x1DF8F170>, name='window1', pos=[0, 0], screen=0, size=array([1920, 1080]), stereo=False, units='deg', useFBO=False, useRetina=False, viewOri=0.0, viewPos=None, viewScale=None, waitBlanking=False, winType='pyglet')
16.0593 	INFO 	Mouse: using default window
16.0596 	EXP 	window1: units = 'norm'
16.1767 	EXP 	Created unnamed ImageStim = ImageStim(autoLog=True, color=array([ 1.,  1.,  1.]), colorSpace='rgb', contrast=1.0, depth=0, flipHoriz=False, flipVert=False, image=str(...), interpolate=False, mask=None, maskParams=None, name='unnamed ImageStim', opacity=1.0, ori=0.0, pos=array([-0.5,  0. ]), size=array([ 1.290625  ,  3.24814815]), texRes=128, units='norm', win=Window(...))
16.3241 	EXP 	Created unnamed ImageStim = ImageStim(autoLog=True, color=array([ 1.,  1.,  1.]), colorSpace='rgb', contrast=1.0, depth=0, flipHoriz=False, flipVert=False, image=str(...), interpolate=False, mask=None, maskParams=None, name='unnamed ImageStim', opacity=1.0, ori=0.0, pos=array([ 0.5,  0. ]), size=array([ 1.290625  ,  3.24814815]), texRes=128, units='norm', win=Window(...))
16.3533 	EXP 	Created OKrespZone = GratingStim(autoDraw=False, autoLog=True, color=array([ 1. ,  0.5,  0.5]), colorSpace='rgb', contrast=1.0, depth=0, interpolate=False, mask='gauss', maskParams=None, name='OKrespZone', opacity=1.0, ori=0.0, phase=array([ 0.,  0.]), pos=array([-0.2 , -0.92]), rgbPedestal=array([ 0.,  0.,  0.]), sf=array([ 0.,  0.]), size=array([ 2.3,  0.2]), tex='sin', texRes=256, units='norm', win=Window(...))
16.5248 	EXP 	unnamed ImageStim: size = (1, 2)
16.5248 	EXP 	unnamed ImageStim: size = (1, 2)
90.2905 	DATA 	Mouse: Left button down, pos=(877,33)
90.3066 	EXP 	window1: units = 'deg'
90.3071 	EXP 	window1: units = 'norm'
90.3319 	EXP 	Created OKrespZone = GratingStim(autoDraw=False, autoLog=True, color=array([ 1. ,  0.5,  0.5]), colorSpace='rgb', contrast=1.0, depth=0, interpolate=False, mask='gauss', maskParams=None, name='OKrespZone', opacity=1.0, ori=0.0, phase=array([ 0.,  0.]), pos=array([-0.2 , -0.92]), rgbPedestal=array([ 0.,  0.,  0.]), sf=array([ 0.,  0.]), size=array([ 2.3,  0.2]), tex='sin', texRes=256, units='norm', win=Window(...))
90.5660 	EXP 	Created unnamed ImageStim = ImageStim(autoLog=True, color=array([ 1.,  1.,  1.]), colorSpace='rgb', contrast=1.0, depth=0, flipHoriz=False, flipVert=False, image='abgdj\\PISandConsentForm\\consentForm.png', interpolate=False, mask=None, maskParams=None, name='unnamed ImageStim', opacity=1.0, ori=0.0, pos=array([ 0.,  0.]), size=array([ 1.3375    ,  2.97407407]), texRes=128, units='norm', win=Window(...))
90.6035 	EXP 	Created unnamed GratingStim = GratingStim(autoDraw=False, autoLog=True, color=array([ 1. ,  0.5,  0.5]), colorSpace='rgb', contrast=1.0, depth=0, interpolate=False, mask='gauss', maskParams=None, name='unnamed GratingStim', opacity=1.0, ori=0.0, phase=array([ 0.,  0.]), pos=array([-0.2 , -0.42]), rgbPedestal=array([ 0.,  0.,  0.]), sf=array([ 0.,  0.]), size=array([ 0.3,  0.2]), tex='sin', texRes=256, units='norm', win=Window(...))
90.6466 	EXP 	Created unnamed GratingStim = GratingStim(autoDraw=False, autoLog=True, color=array([ 1. ,  0.5,  0.5]), colorSpace='rgb', contrast=1.0, depth=0, interpolate=False, mask='gauss', maskParams=None, name='unnamed GratingStim', opacity=1.0, ori=0.0, phase=array([ 0.,  0.]), pos=array([ 0.1 , -0.42]), rgbPedestal=array([ 0.,  0.,  0.]), sf=array([ 0.,  0.]), size=array([ 0.3,  0.2]), tex='sin', texRes=256, units='norm', win=Window(...))
90.6711 	EXP 	Created unnamed GratingStim = GratingStim(autoDraw=False, autoLog=True, color=array([ 1. ,  0.5,  0.5]), colorSpace='rgb', contrast=1.0, depth=0, interpolate=False, mask='gauss', maskParams=None, name='unnamed GratingStim', opacity=1.0, ori=0.0, phase=array([ 0.,  0.]), pos=array([-0.2 , -0.72]), rgbPedestal=array([ 0.,  0.,  0.]), sf=array([ 0.,  0.]), size=array([ 0.3,  0.2]), tex='sin', texRes=256, units='norm', win=Window(...))
90.6945 	EXP 	Created unnamed GratingStim = GratingStim(autoDraw=False, autoLog=True, color=array([ 1. ,  0.5,  0.5]), colorSpace='rgb', contrast=1.0, depth=0, interpolate=False, mask='gauss', maskParams=None, name='unnamed GratingStim', opacity=1.0, ori=0.0, phase=array([ 0.,  0.]), pos=array([ 0.1 , -0.72]), rgbPedestal=array([ 0.,  0.,  0.]), sf=array([ 0.,  0.]), size=array([ 0.3,  0.2]), tex='sin', texRes=256, units='norm', win=Window(...))
90.6973 	DATA 	Mouse:  Left button up, pos=(877,33)
90.7019 	EXP 	unnamed ImageStim: size = (1.1, 2)
101.9908 	DATA 	Mouse: Left button down, pos=(768,314)
102.0766 	DATA 	Mouse:  Left button up, pos=(768,314)
104.4932 	DATA 	Mouse: Left button down, pos=(760,147)
104.5406 	DATA 	Mouse:  Left button up, pos=(760,147)
106.8242 	DATA 	Mouse: Left button down, pos=(691,47)
106.8402 	EXP 	window1: units = 'deg'
106.8462 	EXP 	window1: mouseVisible = True
130.0415 	EXP 	Created window1 = Window(allowGUI=False, allowStencil=False, autoLog=True, bitsMode=UNKNOWN, blendMode='avg', color=array([-0.7, -0.7, -0.7]), colorSpace='rgb', fullscr=UNKNOWN, gamma=None, lms=UNKNOWN, monitor=<psychopy.monitors.calibTools.Monitor object at 0x1DF8F170>, name='window1', pos=[0, 0], screen=0, size=array([1920, 1080]), stereo=False, units='deg', useFBO=False, useRetina=False, viewOri=0.0, viewPos=None, viewScale=None, waitBlanking=False, winType='pyglet')
134.7083 	INFO 	#[ PsychoPy2 RuntimeInfoStart ]
  #[[ PsychoPy ]] #---------
    psychopyVersion: 1.84.2
    psychopyHaveExtRush: True
  #[[ Experiment ]] #---------
    experimentAuthor: None
    experimentAuthVersion: None
    experimentRunTime: 2018_08_06 09:11 (Year_Month_Day Hour:Min)
    experimentRunTime.epoch: 1533510660
    experimentScript: psyc1002.py
    experimentScript.digestSHA1: 03993779484d600ea4c1b8cc2288f3d37a5025d5
    experimentScript.directory: U:\PSYC1002\abgdj
  #[[ System ]] #---------
    systemHaveInternetAccess: True
    systemHostName: W5FGZKG2
    systemLocale: English_Australia.1252
    systemMemFreeRAM: 4405.48828125
    systemMemTotalRAM: 8076.9453125
    systemPlatform: windowsversion=sys.getwindowsversion(major=6, minor=2, build=9200, platform=2, service_pack='')
    systemPyo.InputDevices: {4: {'host api index': 2, 'latency': 0.008707483299076557, 'default sr': 44100, 'name': u'Realtek ASIO'}}
    systemPyo.OutputDevices: {0: {'host api index': 0, 'latency': 0.09000000357627869, 'default sr': 44100, 'name': u'Microsoft Sound Mapper - Output'}, 1: {'host api index': 0, 'latency': 0.09000000357627869, 'default sr': 44100, 'name': u'Speakers / Headphones (Realtek '}, 2: {'host api index': 1, 'latency': 0.11999999731779099, 'default sr': 44100, 'name': u'Primary Sound Driver'}, 3: {'host api index': 1, 'latency': 0.11999999731779099, 'default sr': 44100, 'name': u'Speakers / Headphones (Realtek High Definition Audio)'}, 4: {'host api index': 2, 'latency': 0.008707483299076557, 'default sr': 44100, 'name': u'Realtek ASIO'}, 5: {'host api index': 3, 'latency': 0.003000000026077032, 'default sr': 48000, 'name': u'Speakers / Headphones (Realtek High Definition Audio)'}}
    systemPyoVersion: 0.8.0
    systemRebooted: System Boot Time:          6/08/2018, 2:10:33 AM
    systemSec.pythonSSL: True
    systemTimeNumpySD1000000_sec: 0.0075
    systemUser: cpar2543
    systemUserID: 1000
    systemUserProcCmdPid: LabStatsUserSpace.exe dwm.exe TiWorker.exe CmRcService.exe nierserver.exe LabStatsClient.exe tagsrv.exe SearchUI.exe rundll32.exe OneDrive.exe nipxism.exe TrustedInstaller.exe niLxiDiscovery.exe SecurityHealthService.exe redirector.exe SearchProtocolHost.exe server_admin.exe pc-client.exe lkads.exe svchost.exe smartscreen.exe ni_usbmon.exe AGSService.exe System SISIDSService.exe IntelCpHeciSvc.exe SelfServicePlugin.exe explorer.exe smss.exe ApplicationWebServer.exe RuntimeBroker.exe acrotray.exe IntelCpHDCPSvc.exe niauth_daemon.exe cmd.exe nidmsrv.exe Receiver.exe SISIPSService.exe lktsrv.exe lsass.exe python.exe RtkNGUI64.exe sisipsutil.exe AdobeUpdateService.exe armsvc.exe ssonsvr.exe concentr.exe nidevldu.exe taskhostw.exe ctfmon.exe RAVBg64.exe ''Memory Compression'' NIWebServiceContainer.exe nimxs.exe RtkAudioService64.exe SystemWebServer.exe tasklist.exe snowagent.exe CcmExec.exe SearchFilterHost.exe SmcGui.exe nicitdl5.exe ''System Idle Process'' services.exe niDiscSvc.exe sqlwriter.exe MSASCuiL.exe SCNotification.exe nimdnsResponder.exe server_runtime.exe sihost.exe backgroundTaskHost.exe spoolsv.exe wininit.exe winlogon.exe ShellExperienceHost.exe nidevmon.exe SearchIndexer.exe csrss.exe WmiPrvSE.exe audiodg.exe fontdrvhost.exe unsecapp.exe ccSvcHst.exe wfcrun32.exe nisvcloc.exe server_eventlog.exe lkcitdl.exe AuthManSvr.exe conhost.exe AdobeGCClient.exe
    systemUserProcCount: 180
    systemUserProcFlagged: Explorer
    systemUsersCount: False
  #[[ Window ]] #---------
    windowWinType: pyglet
    windowWaitBlanking: False
    windowUseNativeGamma: True
    windowUnits: deg
    windowSize_pix: [1920 1080]
    windowScreen: 0
    windowRgb: [-0.7 -0.7 -0.7]
    windowRefreshTimeSD_ms: 0.238
    windowRefreshTimeMedian_ms: 16.660
    windowRefreshTimeAvg_ms: 16.656
    windowRefreshThreshold_sec: 0.0200
    windowRecordFrameIntervals: False
    windowPos_pix: [0, 0]
    windowMonitor.name: testmonitor
    windowMonitor.getWidth_cm: 57.0
    windowMonitor.getLinearizeMethod: 1
    windowMonitor.getGammaGrid: [[  0.   1.   1.  nan  nan  nan]
 [  0.   1.   1.  nan  nan  nan]
 [  0.   1.   1.  nan  nan  nan]
 [  0.   1.   1.  nan  nan  nan]]
    windowMonitor.getDistance_cm: 57.0
    windowMonitor.gammaInterpolator2: None
    windowMonitor.gammaInterpolator: None
    windowMonitor.currentCalibName: 2018_08_06 09:08
    windowIsFullScr: True
    windowHaveShaders: True
    windowAllowGUI: False
  #[[ Python ]] #---------
    pythonWxVersion: 3.0.2.0 msw (classic)
    pythonVersion: 2.7.11
    pythonScipyVersion: 0.17.1
    pythonPygletVersion: 1.2.4
    pythonPygameVersion: 1.9.2pre
    pythonNumpyVersion: 1.11.0
    pythonMatplotlibVersion: 1.5.1
    pythonFullVersion: 2.7.11 (v2.7.11:6d1b6a68f775, Dec  5 2015, 20:32:19) [MSC v.1500 32 bit (Intel)]
    pythonExecutable: C:\Program Files (x86)\PsychoPy2\python.exe
  #[[ OpenGL ]] #---------
    openGLVersion: 4.5.0 - Build 22.20.16.4836
    openGLVendor: Intel
    openGLRenderingEngine: Intel(R) HD Graphics 530
    openGLmaxVerticesInVertexArray: 1048576
    False: openGLext.GL_STEREO
    True: openGLext.GL_EXT_framebuffer_object
    True: openGLext.GL_ARB_vertex_shader
    True: openGLext.GL_ARB_texture_non_power_of_two
    True: openGLext.GL_ARB_texture_float
    True: openGLext.GL_ARB_shader_objects
    True: openGLext.GL_ARB_multitexture
    True: openGLext.GL_ARB_fragment_program
#[ PsychoPy2 RuntimeInfoEnd ]

134.7568 	EXP 	window1: recordFrameIntervals = True
135.5906 	EXP 	window1: recordFrameIntervals = False
135.5923 	INFO 	Frames per second ~=60.1, which is close enough to desired val of 60.0
136.0875 	EXP 	Created sequence: random, trialTypes=12, nReps=30, seed=None
136.2938 	INFO 	Mouse: using default window
136.3246 	EXP 	Created OKrespZone = GratingStim(autoDraw=False, autoLog=True, color=array([ 1.,  1.,  1.]), colorSpace='rgb', contrast=1.0, depth=0, interpolate=False, mask='gauss', maskParams=None, name='OKrespZone', opacity=1.0, ori=0.0, phase=array([ 0.,  0.]), pos=array([ 0.  ,  0.88]), rgbPedestal=array([ 0.,  0.,  0.]), sf=array([ 0.,  0.]), size=array([ 2. ,  0.2]), tex='sin', texRes=256, units='norm', win=Window(...))
142.1250 	DATA 	Mouse: Left button down, pos=(171,954)
142.2276 	DATA 	Mouse:  Left button up, pos=(171,954)
148.2358 	DATA 	Mouse: Left button down, pos=(89,206)
148.3079 	DATA 	Mouse:  Left button up, pos=(89,205)
151.7237 	DATA 	Mouse: Left button down, pos=(305,123)
151.8036 	DATA 	Mouse:  Left button up, pos=(305,123)
153.7877 	DATA 	Mouse: Left button down, pos=(313,546)
153.8914 	DATA 	Mouse:  Left button up, pos=(313,546)
161.6916 	DATA 	Mouse: Left button down, pos=(480,190)
161.8194 	DATA 	Mouse:  Left button up, pos=(485,187)
174.3558 	DATA 	Mouse: Left button down, pos=(1114,341)
174.4275 	DATA 	Mouse:  Left button up, pos=(1123,340)
175.2436 	DATA 	Mouse: Left button down, pos=(1109,401)
175.3080 	DATA 	Mouse:  Left button up, pos=(1109,402)
177.2358 	DATA 	Mouse: Left button down, pos=(1102,610)
177.2995 	DATA 	Mouse:  Left button up, pos=(1102,610)
178.0759 	DATA 	Mouse: Left button down, pos=(1104,679)
178.1323 	DATA 	Mouse:  Left button up, pos=(1104,679)
179.1637 	DATA 	Mouse: Left button down, pos=(1080,818)
179.2434 	DATA 	Mouse:  Left button up, pos=(1080,818)
181.6996 	DATA 	Mouse: Left button down, pos=(1348,816)
181.7874 	DATA 	Mouse:  Left button up, pos=(1347,817)
187.6039 	DATA 	Mouse: Left button down, pos=(1488,260)
187.6754 	DATA 	Mouse:  Left button up, pos=(1488,260)
190.3879 	DATA 	Mouse: Left button down, pos=(1490,456)
190.4834 	DATA 	Mouse:  Left button up, pos=(1490,456)
195.5796 	DATA 	Mouse: Left button down, pos=(1698,667)
195.7074 	DATA 	Mouse:  Left button up, pos=(1698,667)
199.1723 	DATA 	Mouse: Left button down, pos=(1758,182)
199.2675 	DATA 	Mouse:  Left button up, pos=(1758,182)
202.7556 	DATA 	Mouse: Left button down, pos=(1058,1007)
202.7757 	INFO 	Experiment will have 360 trials. Letters will be drawn with superposed noise of 0.00%
202.7932 	EXP 	New trial (rep=0, index=0): {'leftStreamFlip': False, 'oneTarget': False, 'trialInstructionPos': (0, 1), 'probe': 'both', 'rightStreamFlip': False, 'horizVert': False, 'ISIframes': 2, 'rightResponseFirst': False}
202.7933 	INFO 	Starting main part of experiment
202.8583 	DATA 	Mouse:  Left button up, pos=(1058,1007)
203.9898 	INFO 	numtrials=360 and this trialDurFrames=28 or 466.666666667 ms  task=T1
205.9238 	EXP 	window1: recordFrameIntervals = False
205.9331 	INFO 	Mouse: using default window
210.9095 	DATA 	Keypress: e
211.1914 	DATA 	Keypress: y
211.3580 	DATA 	Keypress: e
212.8246 	DATA 	Keypress: l
213.2758 	DATA 	Keypress: e
214.0762 	DATA 	Keypress: f
214.2731 	EXP 	New trial (rep=0, index=1): {'leftStreamFlip': False, 'oneTarget': False, 'trialInstructionPos': (0, -1), 'probe': 'both', 'rightStreamFlip': False, 'horizVert': False, 'ISIframes': 2, 'rightResponseFirst': False}
220.4410 	DATA 	Keypress: return
221.6404 	INFO 	numtrials=360 and this trialDurFrames=22 or 366.666666667 ms  task=T1
223.4238 	EXP 	window1: recordFrameIntervals = False
223.4308 	INFO 	Mouse: using default window
225.0908 	DATA 	Keypress: k
225.4080 	DATA 	Keypress: e
225.7248 	DATA 	Keypress: y
227.1909 	DATA 	Keypress: h
227.3251 	DATA 	Keypress: u
227.5410 	DATA 	Keypress: t
227.6925 	EXP 	New trial (rep=0, index=2): {'leftStreamFlip': False, 'oneTarget': False, 'trialInstructionPos': (0, -1), 'probe': 'both', 'rightStreamFlip': False, 'horizVert': False, 'ISIframes': 2, 'rightResponseFirst': True}
227.7069 	INFO 	numtrials=360 and this trialDurFrames=18 or 300.0 ms  task=T1
229.6574 	EXP 	window1: recordFrameIntervals = False
229.6642 	INFO 	Mouse: using default window
231.2413 	DATA 	Keypress: f
231.3580 	DATA 	Keypress: l
231.5745 	DATA 	Keypress: u
232.5094 	DATA 	Keypress: e
233.0410 	DATA 	Keypress: backspace
233.4081 	DATA 	Keypress: w
234.1249 	DATA 	Keypress: i
234.2914 	DATA 	Keypress: n
234.4372 	EXP 	New trial (rep=0, index=3): {'leftStreamFlip': False, 'oneTarget': True, 'trialInstructionPos': (0, 1), 'probe': 'both', 'rightStreamFlip': False, 'horizVert': False, 'ISIframes': 2, 'rightResponseFirst': True}
234.4564 	INFO 	numtrials=360 and this trialDurFrames=18 or 300.0 ms  task=T1
235.8736 	EXP 	window1: recordFrameIntervals = False
235.8818 	INFO 	Mouse: using default window
237.1911 	DATA 	Keypress: w
237.3254 	DATA 	Keypress: a
237.4912 	DATA 	Keypress: r
237.6372 	EXP 	New trial (rep=0, index=4): {'leftStreamFlip': False, 'oneTarget': False, 'trialInstructionPos': (0, 1), 'probe': 'both', 'rightStreamFlip': False, 'horizVert': False, 'ISIframes': 2, 'rightResponseFirst': True}
241.6744 	DATA 	Keypress: return
241.7074 	INFO 	numtrials=360 and this trialDurFrames=14 or 233.333333333 ms  task=T1
242.8569 	EXP 	window1: recordFrameIntervals = False
242.8655 	INFO 	Mouse: using default window
245.8577 	DATA 	Keypress: w
246.0079 	DATA 	Keypress: a
246.2077 	DATA 	Keypress: s
247.9576 	DATA 	Keypress: c
248.0926 	DATA 	Keypress: a
248.4241 	DATA 	Keypress: b
248.5640 	EXP 	New trial (rep=0, index=5): {'leftStreamFlip': False, 'oneTarget': False, 'trialInstructionPos': (0, -1), 'probe': 'both', 'rightStreamFlip': False, 'horizVert': False, 'ISIframes': 2, 'rightResponseFirst': True}
248.5740 	INFO 	numtrials=360 and this trialDurFrames=4 or 66.6666666667 ms  task=T1
249.6067 	EXP 	window1: recordFrameIntervals = False
249.6150 	INFO 	Mouse: using default window
250.9086 	DATA 	Keypress: l
251.0745 	DATA 	Keypress: e
251.2765 	DATA 	Keypress: t
252.2908 	DATA 	Keypress: g
252.5580 	DATA 	Keypress: u
254.4757 	DATA 	Keypress: s
254.6367 	EXP 	New trial (rep=0, index=6): {'leftStreamFlip': False, 'oneTarget': True, 'trialInstructionPos': (0, 1), 'probe': 'both', 'rightStreamFlip': False, 'horizVert': False, 'ISIframes': 2, 'rightResponseFirst': False}
254.6567 	INFO 	numtrials=360 and this trialDurFrames=4 or 66.6666666667 ms  task=T1
255.7901 	EXP 	window1: recordFrameIntervals = False
255.7970 	INFO 	Mouse: using default window
256.9911 	DATA 	Keypress: t
257.0913 	DATA 	Keypress: i
257.2410 	DATA 	Keypress: n
257.3839 	EXP 	New trial (rep=0, index=7): {'leftStreamFlip': False, 'oneTarget': False, 'trialInstructionPos': (0, -1), 'probe': 'both', 'rightStreamFlip': False, 'horizVert': False, 'ISIframes': 2, 'rightResponseFirst': False}
257.4065 	INFO 	numtrials=360 and this trialDurFrames=3 or 50.0 ms  task=T1
258.3742 	EXP 	window1: recordFrameIntervals = False
258.3813 	INFO 	Mouse: using default window
263.4744 	DATA 	Keypress: c
263.7083 	DATA 	Keypress: r
263.8414 	DATA 	Keypress: y
265.2748 	DATA 	Keypress: t
265.5412 	DATA 	Keypress: e
265.6583 	DATA 	Keypress: t
265.8028 	EXP 	New trial (rep=0, index=8): {'leftStreamFlip': False, 'oneTarget': False, 'trialInstructionPos': (0, 1), 'probe': 'both', 'rightStreamFlip': False, 'horizVert': False, 'ISIframes': 2, 'rightResponseFirst': True}
265.8234 	INFO 	numtrials=360 and this trialDurFrames=4 or 66.6666666667 ms  task=T1
266.8906 	EXP 	window1: recordFrameIntervals = False
266.8978 	INFO 	Mouse: using default window
268.0080 	DATA 	Keypress: m
268.1092 	DATA 	Keypress: a
268.2747 	DATA 	Keypress: d
269.1914 	DATA 	Keypress: t
269.3581 	DATA 	Keypress: r
269.4912 	DATA 	Keypress: y
269.6358 	EXP 	New trial (rep=0, index=9): {'leftStreamFlip': False, 'oneTarget': False, 'trialInstructionPos': (0, 1), 'probe': 'both', 'rightStreamFlip': False, 'horizVert': False, 'ISIframes': 2, 'rightResponseFirst': False}
269.6567 	INFO 	numtrials=360 and this trialDurFrames=4 or 66.6666666667 ms  task=T1
270.7739 	EXP 	window1: recordFrameIntervals = False
270.7814 	INFO 	Mouse: using default window
272.2746 	DATA 	Keypress: h
272.4246 	DATA 	Keypress: u
272.5746 	DATA 	Keypress: t
273.2411 	DATA 	Keypress: h
273.6744 	DATA 	Keypress: backspace
273.8911 	DATA 	Keypress: s
274.0581 	DATA 	Keypress: h
274.2244 	DATA 	Keypress: e
274.3740 	EXP 	New trial (rep=0, index=10): {'leftStreamFlip': False, 'oneTarget': True, 'trialInstructionPos': (0, -1), 'probe': 'both', 'rightStreamFlip': False, 'horizVert': False, 'ISIframes': 2, 'rightResponseFirst': False}
274.3898 	INFO 	numtrials=360 and this trialDurFrames=3 or 50.0 ms  task=T1
275.5907 	EXP 	window1: recordFrameIntervals = False
275.5978 	INFO 	Mouse: using default window
276.6913 	DATA 	Keypress: p
276.8245 	DATA 	Keypress: e
276.8924 	DATA 	Keypress: a
277.0504 	EXP 	New trial (rep=0, index=11): {'leftStreamFlip': False, 'oneTarget': True, 'trialInstructionPos': (0, -1), 'probe': 'both', 'rightStreamFlip': False, 'horizVert': False, 'ISIframes': 2, 'rightResponseFirst': True}
277.0735 	INFO 	numtrials=360 and this trialDurFrames=4 or 66.6666666667 ms  task=T1
278.1239 	EXP 	window1: recordFrameIntervals = False
278.1309 	INFO 	Mouse: using default window
279.0412 	DATA 	Keypress: r
279.2081 	DATA 	Keypress: i
279.3579 	DATA 	Keypress: p
279.5008 	EXP 	New trial (rep=1, index=0): {'leftStreamFlip': False, 'oneTarget': True, 'trialInstructionPos': (0, 1), 'probe': 'both', 'rightStreamFlip': False, 'horizVert': False, 'ISIframes': 2, 'rightResponseFirst': True}
279.5234 	INFO 	numtrials=360 and this trialDurFrames=4 or 66.6666666667 ms  task=T1
280.5901 	EXP 	window1: recordFrameIntervals = False
280.5985 	INFO 	Mouse: using default window
281.5245 	DATA 	Keypress: b
281.7091 	DATA 	Keypress: u
281.8579 	DATA 	Keypress: d
282.0005 	EXP 	New trial (rep=1, index=1): {'leftStreamFlip': False, 'oneTarget': False, 'trialInstructionPos': (0, -1), 'probe': 'both', 'rightStreamFlip': False, 'horizVert': False, 'ISIframes': 2, 'rightResponseFirst': True}
282.0234 	INFO 	numtrials=360 and this trialDurFrames=5 or 83.3333333333 ms  task=T1
283.1402 	EXP 	window1: recordFrameIntervals = False
283.1484 	INFO 	Mouse: using default window
284.7245 	DATA 	Keypress: r
284.8242 	DATA 	Keypress: a
284.9910 	DATA 	Keypress: t
286.0412 	DATA 	Keypress: w
286.4407 	DATA 	Keypress: o
286.5577 	DATA 	Keypress: w
286.7005 	EXP 	New trial (rep=1, index=2): {'leftStreamFlip': False, 'oneTarget': True, 'trialInstructionPos': (0, -1), 'probe': 'both', 'rightStreamFlip': False, 'horizVert': False, 'ISIframes': 2, 'rightResponseFirst': False}
286.7233 	INFO 	numtrials=360 and this trialDurFrames=5 or 83.3333333333 ms  task=T1
287.8069 	EXP 	window1: recordFrameIntervals = False
287.8142 	INFO 	Mouse: using default window
288.8745 	DATA 	Keypress: b
289.0414 	DATA 	Keypress: u
289.1579 	DATA 	Keypress: d
289.3022 	EXP 	New trial (rep=1, index=3): {'leftStreamFlip': False, 'oneTarget': True, 'trialInstructionPos': (0, 1), 'probe': 'both', 'rightStreamFlip': False, 'horizVert': False, 'ISIframes': 2, 'rightResponseFirst': False}
289.3233 	INFO 	numtrials=360 and this trialDurFrames=5 or 83.3333333333 ms  task=T1
290.5073 	EXP 	window1: recordFrameIntervals = False
290.5145 	INFO 	Mouse: using default window
291.7413 	DATA 	Keypress: p
291.9084 	DATA 	Keypress: a
292.0741 	DATA 	Keypress: y
292.2159 	EXP 	New trial (rep=1, index=4): {'leftStreamFlip': False, 'oneTarget': False, 'trialInstructionPos': (0, -1), 'probe': 'both', 'rightStreamFlip': False, 'horizVert': False, 'ISIframes': 2, 'rightResponseFirst': False}
292.2400 	INFO 	numtrials=360 and this trialDurFrames=5 or 83.3333333333 ms  task=T1
293.3740 	EXP 	window1: recordFrameIntervals = False
293.3815 	INFO 	Mouse: using default window
294.3081 	DATA 	Keypress: b
294.4745 	DATA 	Keypress: e
294.6580 	DATA 	Keypress: e
295.5078 	DATA 	Keypress: l
295.6760 	DATA 	Keypress: i
295.8081 	DATA 	Keypress: t
295.9537 	EXP 	New trial (rep=1, index=5): {'leftStreamFlip': False, 'oneTarget': False, 'trialInstructionPos': (0, 1), 'probe': 'both', 'rightStreamFlip': False, 'horizVert': False, 'ISIframes': 2, 'rightResponseFirst': False}
295.9734 	INFO 	numtrials=360 and this trialDurFrames=5 or 83.3333333333 ms  task=T1
297.1241 	EXP 	window1: recordFrameIntervals = False
297.1312 	INFO 	Mouse: using default window
298.2249 	DATA 	Keypress: a
298.4746 	DATA 	Keypress: g
298.6244 	DATA 	Keypress: o
299.2081 	DATA 	Keypress: c
299.3413 	DATA 	Keypress: a
299.6080 	DATA 	Keypress: t
299.7531 	EXP 	New trial (rep=1, index=6): {'leftStreamFlip': False, 'oneTarget': False, 'trialInstructionPos': (0, 1), 'probe': 'both', 'rightStreamFlip': False, 'horizVert': False, 'ISIframes': 2, 'rightResponseFirst': True}
299.7735 	INFO 	numtrials=360 and this trialDurFrames=5 or 83.3333333333 ms  task=T1
300.7907 	EXP 	window1: recordFrameIntervals = False
300.7978 	INFO 	Mouse: using default window
302.3746 	DATA 	Keypress: d
302.4924 	DATA 	Keypress: u
302.7578 	DATA 	Keypress: g
303.4246 	DATA 	Keypress: l
303.8247 	DATA 	Keypress: o
304.0246 	DATA 	Keypress: w
304.2169 	EXP 	New trial (rep=1, index=7): {'leftStreamFlip': False, 'oneTarget': False, 'trialInstructionPos': (0, 1), 'probe': 'both', 'rightStreamFlip': False, 'horizVert': False, 'ISIframes': 2, 'rightResponseFirst': False}
304.2400 	INFO 	numtrials=360 and this trialDurFrames=4 or 66.6666666667 ms  task=T1
305.3072 	EXP 	window1: recordFrameIntervals = False
305.3144 	INFO 	Mouse: using default window
306.8762 	DATA 	Keypress: d
307.3580 	DATA 	Keypress: u
307.9747 	DATA 	Keypress: x
308.9252 	DATA 	Keypress: f
309.0577 	DATA 	Keypress: a
309.4413 	DATA 	Keypress: x
309.5861 	EXP 	New trial (rep=1, index=8): {'leftStreamFlip': False, 'oneTarget': False, 'trialInstructionPos': (0, 1), 'probe': 'both', 'rightStreamFlip': False, 'horizVert': False, 'ISIframes': 2, 'rightResponseFirst': True}
309.6069 	INFO 	numtrials=360 and this trialDurFrames=4 or 66.6666666667 ms  task=T1
310.6903 	EXP 	window1: recordFrameIntervals = False
310.6977 	INFO 	Mouse: using default window
311.8411 	DATA 	Keypress: c
311.9417 	DATA 	Keypress: a
312.2246 	DATA 	Keypress: t
313.0080 	DATA 	Keypress: b
313.2247 	DATA 	Keypress: u
313.3579 	DATA 	Keypress: y
313.5030 	EXP 	New trial (rep=1, index=9): {'leftStreamFlip': False, 'oneTarget': False, 'trialInstructionPos': (0, -1), 'probe': 'both', 'rightStreamFlip': False, 'horizVert': False, 'ISIframes': 2, 'rightResponseFirst': True}
313.5236 	INFO 	numtrials=360 and this trialDurFrames=4 or 66.6666666667 ms  task=T1
314.5575 	EXP 	window1: recordFrameIntervals = False
314.5645 	INFO 	Mouse: using default window
315.7083 	DATA 	Keypress: t
315.8746 	DATA 	Keypress: i
316.0079 	DATA 	Keypress: e
318.3579 	DATA 	Keypress: r
318.6244 	DATA 	Keypress: o
318.8922 	DATA 	Keypress: b
319.0541 	EXP 	New trial (rep=1, index=10): {'leftStreamFlip': False, 'oneTarget': False, 'trialInstructionPos': (0, -1), 'probe': 'both', 'rightStreamFlip': False, 'horizVert': False, 'ISIframes': 2, 'rightResponseFirst': False}
319.0733 	INFO 	numtrials=360 and this trialDurFrames=4 or 66.6666666667 ms  task=T1
320.1076 	EXP 	window1: recordFrameIntervals = False
320.1146 	INFO 	Mouse: using default window
321.4246 	DATA 	Keypress: j
321.5245 	DATA 	Keypress: e
321.6926 	DATA 	Keypress: t
322.4926 	DATA 	Keypress: p
322.7083 	DATA 	Keypress: i
322.9084 	DATA 	Keypress: n
323.0561 	EXP 	New trial (rep=1, index=11): {'leftStreamFlip': False, 'oneTarget': True, 'trialInstructionPos': (0, -1), 'probe': 'both', 'rightStreamFlip': False, 'horizVert': False, 'ISIframes': 2, 'rightResponseFirst': True}
323.0735 	INFO 	numtrials=360 and this trialDurFrames=4 or 66.6666666667 ms  task=T1
324.0574 	EXP 	window1: recordFrameIntervals = False
324.0643 	INFO 	Mouse: using default window
325.0243 	DATA 	Keypress: c
325.1916 	DATA 	Keypress: o
325.3415 	DATA 	Keypress: w
325.4836 	EXP 	New trial (rep=2, index=0): {'leftStreamFlip': False, 'oneTarget': False, 'trialInstructionPos': (0, -1), 'probe': 'both', 'rightStreamFlip': False, 'horizVert': False, 'ISIframes': 2, 'rightResponseFirst': True}
325.5067 	INFO 	numtrials=360 and this trialDurFrames=4 or 66.6666666667 ms  task=T1
326.5076 	EXP 	window1: recordFrameIntervals = False
326.5152 	INFO 	Mouse: using default window
327.4915 	DATA 	Keypress: s
327.7907 	DATA 	Keypress: p
328.1578 	DATA 	Keypress: y
328.9914 	DATA 	Keypress: o
329.2412 	DATA 	Keypress: u
329.3746 	DATA 	Keypress: t
329.5231 	EXP 	New trial (rep=2, index=1): {'leftStreamFlip': False, 'oneTarget': False, 'trialInstructionPos': (0, 1), 'probe': 'both', 'rightStreamFlip': False, 'horizVert': False, 'ISIframes': 2, 'rightResponseFirst': True}
329.5401 	INFO 	numtrials=360 and this trialDurFrames=4 or 66.6666666667 ms  task=T1
330.7572 	EXP 	window1: recordFrameIntervals = False
330.7661 	INFO 	Mouse: using default window
332.0746 	DATA 	Keypress: h
332.3079 	DATA 	Keypress: o
332.4746 	DATA 	Keypress: w
333.2581 	DATA 	Keypress: g
333.4079 	DATA 	Keypress: e
333.5579 	DATA 	Keypress: t
333.7036 	EXP 	New trial (rep=2, index=2): {'leftStreamFlip': False, 'oneTarget': True, 'trialInstructionPos': (0, 1), 'probe': 'both', 'rightStreamFlip': False, 'horizVert': False, 'ISIframes': 2, 'rightResponseFirst': False}
333.7235 	INFO 	numtrials=360 and this trialDurFrames=4 or 66.6666666667 ms  task=T1
334.8076 	EXP 	window1: recordFrameIntervals = False
334.8146 	INFO 	Mouse: using default window
336.0758 	DATA 	Keypress: d
336.2409 	DATA 	Keypress: o
336.4415 	DATA 	Keypress: g
336.5834 	EXP 	New trial (rep=2, index=3): {'leftStreamFlip': False, 'oneTarget': True, 'trialInstructionPos': (0, 1), 'probe': 'both', 'rightStreamFlip': False, 'horizVert': False, 'ISIframes': 2, 'rightResponseFirst': True}
336.6069 	INFO 	numtrials=360 and this trialDurFrames=4 or 66.6666666667 ms  task=T1
337.6234 	EXP 	window1: recordFrameIntervals = False
337.6314 	INFO 	Mouse: using default window
338.5745 	DATA 	Keypress: f
338.7243 	DATA 	Keypress: o
338.9416 	DATA 	Keypress: x
339.0845 	EXP 	New trial (rep=2, index=4): {'leftStreamFlip': False, 'oneTarget': False, 'trialInstructionPos': (0, 1), 'probe': 'both', 'rightStreamFlip': False, 'horizVert': False, 'ISIframes': 2, 'rightResponseFirst': True}
339.1067 	INFO 	numtrials=360 and this trialDurFrames=4 or 66.6666666667 ms  task=T1
340.1071 	EXP 	window1: recordFrameIntervals = False
340.1147 	INFO 	Mouse: using default window
341.1410 	DATA 	Keypress: c
341.2579 	DATA 	Keypress: a
341.4746 	DATA 	Keypress: r
342.3245 	DATA 	Keypress: o
342.5085 	DATA 	Keypress: l
342.6912 	DATA 	Keypress: d
342.8361 	EXP 	New trial (rep=2, index=5): {'leftStreamFlip': False, 'oneTarget': False, 'trialInstructionPos': (0, 1), 'probe': 'both', 'rightStreamFlip': False, 'horizVert': False, 'ISIframes': 2, 'rightResponseFirst': False}
342.8570 	INFO 	numtrials=360 and this trialDurFrames=4 or 66.6666666667 ms  task=T1
343.8406 	EXP 	window1: recordFrameIntervals = False
343.8480 	INFO 	Mouse: using default window
344.7246 	DATA 	Keypress: d
344.9251 	DATA 	Keypress: r
345.1413 	DATA 	Keypress: y
345.6925 	DATA 	Keypress: m
345.9083 	DATA 	Keypress: a
346.0747 	DATA 	Keypress: p
346.2197 	EXP 	New trial (rep=2, index=6): {'leftStreamFlip': False, 'oneTarget': False, 'trialInstructionPos': (0, -1), 'probe': 'both', 'rightStreamFlip': False, 'horizVert': False, 'ISIframes': 2, 'rightResponseFirst': True}
346.2399 	INFO 	numtrials=360 and this trialDurFrames=4 or 66.6666666667 ms  task=T1
347.4406 	EXP 	window1: recordFrameIntervals = False
347.4480 	INFO 	Mouse: using default window
348.4925 	DATA 	Keypress: s
348.7914 	DATA 	Keypress: i
348.9414 	DATA 	Keypress: r
349.6082 	DATA 	Keypress: b
349.9248 	DATA 	Keypress: u
350.2414 	DATA 	Keypress: d
350.3855 	EXP 	New trial (rep=2, index=7): {'leftStreamFlip': False, 'oneTarget': False, 'trialInstructionPos': (0, 1), 'probe': 'both', 'rightStreamFlip': False, 'horizVert': False, 'ISIframes': 2, 'rightResponseFirst': False}
350.4068 	INFO 	numtrials=360 and this trialDurFrames=4 or 66.6666666667 ms  task=T1
351.4574 	EXP 	window1: recordFrameIntervals = False
351.4646 	INFO 	Mouse: using default window
352.4250 	DATA 	Keypress: o
352.5744 	DATA 	Keypress: w
352.7581 	DATA 	Keypress: n
353.5414 	DATA 	Keypress: f
353.7415 	DATA 	Keypress: r
354.1913 	DATA 	Keypress: y
354.3364 	EXP 	New trial (rep=2, index=8): {'leftStreamFlip': False, 'oneTarget': True, 'trialInstructionPos': (0, -1), 'probe': 'both', 'rightStreamFlip': False, 'horizVert': False, 'ISIframes': 2, 'rightResponseFirst': False}
354.3567 	INFO 	numtrials=360 and this trialDurFrames=4 or 66.6666666667 ms  task=T1
355.4075 	EXP 	window1: recordFrameIntervals = False
355.4153 	INFO 	Mouse: using default window
356.3912 	DATA 	Keypress: r
356.5251 	DATA 	Keypress: o
356.6246 	DATA 	Keypress: t
356.7686 	EXP 	New trial (rep=2, index=9): {'leftStreamFlip': False, 'oneTarget': True, 'trialInstructionPos': (0, -1), 'probe': 'both', 'rightStreamFlip': False, 'horizVert': False, 'ISIframes': 2, 'rightResponseFirst': True}
356.7901 	INFO 	numtrials=360 and this trialDurFrames=4 or 66.6666666667 ms  task=T1
357.7739 	EXP 	window1: recordFrameIntervals = False
357.7812 	INFO 	Mouse: using default window
358.5748 	DATA 	Keypress: d
358.7744 	DATA 	Keypress: i
358.8759 	DATA 	Keypress: d
359.0397 	EXP 	New trial (rep=2, index=10): {'leftStreamFlip': False, 'oneTarget': False, 'trialInstructionPos': (0, -1), 'probe': 'both', 'rightStreamFlip': False, 'horizVert': False, 'ISIframes': 2, 'rightResponseFirst': False}
359.0571 	INFO 	numtrials=360 and this trialDurFrames=4 or 66.6666666667 ms  task=T1
360.0739 	EXP 	window1: recordFrameIntervals = False
360.0810 	INFO 	Mouse: using default window
360.9252 	DATA 	Keypress: g
361.4080 	DATA 	Keypress: o
361.5914 	DATA 	Keypress: t
361.7084 	DATA 	Keypress: space
361.9417 	DATA 	Keypress: y
362.0748 	DATA 	Keypress: o
362.1578 	DATA 	Keypress: u
362.3090 	EXP 	New trial (rep=2, index=11): {'leftStreamFlip': False, 'oneTarget': False, 'trialInstructionPos': (0, -1), 'probe': 'both', 'rightStreamFlip': False, 'horizVert': False, 'ISIframes': 2, 'rightResponseFirst': False}
362.3235 	INFO 	numtrials=360 and this trialDurFrames=4 or 66.6666666667 ms  task=T1
363.3907 	EXP 	window1: recordFrameIntervals = False
363.3980 	INFO 	Mouse: using default window
364.3911 	DATA 	Keypress: f
365.0913 	DATA 	Keypress: o
365.2926 	DATA 	Keypress: g
366.1910 	DATA 	Keypress: h
366.3579 	DATA 	Keypress: u
366.5911 	DATA 	Keypress: t
366.7359 	EXP 	New trial (rep=3, index=0): {'leftStreamFlip': False, 'oneTarget': False, 'trialInstructionPos': (0, 1), 'probe': 'both', 'rightStreamFlip': False, 'horizVert': False, 'ISIframes': 2, 'rightResponseFirst': True}
366.7568 	INFO 	numtrials=360 and this trialDurFrames=4 or 66.6666666667 ms  task=T1
367.7736 	EXP 	window1: recordFrameIntervals = False
367.7810 	INFO 	Mouse: using default window
369.3413 	DATA 	Keypress: t
369.5411 	DATA 	Keypress: o
369.6758 	DATA 	Keypress: o
370.9747 	DATA 	Keypress: l
371.5582 	DATA 	Keypress: e
371.7251 	DATA 	Keypress: r
371.8699 	EXP 	New trial (rep=3, index=1): {'leftStreamFlip': False, 'oneTarget': False, 'trialInstructionPos': (0, -1), 'probe': 'both', 'rightStreamFlip': False, 'horizVert': False, 'ISIframes': 2, 'rightResponseFirst': False}
371.8901 	INFO 	numtrials=360 and this trialDurFrames=4 or 66.6666666667 ms  task=T1
371.9794 	DATA 	Keypress: n
373.0074 	EXP 	window1: recordFrameIntervals = False
373.0145 	INFO 	Mouse: using default window
373.7912 	DATA 	Keypress: c
373.9245 	DATA 	Keypress: a
374.1256 	DATA 	Keypress: r
374.6245 	DATA 	Keypress: g
374.8581 	DATA 	Keypress: a
376.0416 	DATA 	Keypress: g
376.1876 	EXP 	New trial (rep=3, index=2): {'leftStreamFlip': False, 'oneTarget': False, 'trialInstructionPos': (0, -1), 'probe': 'both', 'rightStreamFlip': False, 'horizVert': False, 'ISIframes': 2, 'rightResponseFirst': True}
376.2067 	INFO 	numtrials=360 and this trialDurFrames=3 or 50.0 ms  task=T1
377.2739 	EXP 	window1: recordFrameIntervals = False
377.2813 	INFO 	Mouse: using default window
379.0244 	DATA 	Keypress: c
379.1413 	DATA 	Keypress: a
379.4243 	DATA 	Keypress: n
380.7080 	DATA 	Keypress: l
380.9083 	DATA 	Keypress: e
381.0916 	DATA 	Keypress: d
381.2354 	EXP 	New trial (rep=3, index=3): {'leftStreamFlip': False, 'oneTarget': False, 'trialInstructionPos': (0, -1), 'probe': 'both', 'rightStreamFlip': False, 'horizVert': False, 'ISIframes': 2, 'rightResponseFirst': False}
381.2569 	INFO 	numtrials=360 and this trialDurFrames=3 or 50.0 ms  task=T1
382.2902 	EXP 	window1: recordFrameIntervals = False
382.2975 	INFO 	Mouse: using default window
383.7104 	DATA 	Keypress: w
384.0747 	DATA 	Keypress: i
384.6412 	DATA 	Keypress: t
385.2746 	DATA 	Keypress: m
385.3910 	DATA 	Keypress: e
385.5246 	DATA 	Keypress: n
385.6717 	EXP 	New trial (rep=3, index=4): {'leftStreamFlip': False, 'oneTarget': False, 'trialInstructionPos': (0, 1), 'probe': 'both', 'rightStreamFlip': False, 'horizVert': False, 'ISIframes': 2, 'rightResponseFirst': True}
385.6900 	INFO 	numtrials=360 and this trialDurFrames=3 or 50.0 ms  task=T1
386.8574 	EXP 	window1: recordFrameIntervals = False
386.8645 	INFO 	Mouse: using default window
387.8410 	DATA 	Keypress: p
387.9913 	DATA 	Keypress: a
388.1744 	DATA 	Keypress: n
388.6580 	DATA 	Keypress: h
388.8246 	DATA 	Keypress: u
389.3416 	DATA 	Keypress: backspace
389.6244 	DATA 	Keypress: i
389.8243 	DATA 	Keypress: m
389.9689 	EXP 	New trial (rep=3, index=5): {'leftStreamFlip': False, 'oneTarget': False, 'trialInstructionPos': (0, 1), 'probe': 'both', 'rightStreamFlip': False, 'horizVert': False, 'ISIframes': 2, 'rightResponseFirst': False}
389.9901 	INFO 	numtrials=360 and this trialDurFrames=3 or 50.0 ms  task=T1
391.1238 	EXP 	window1: recordFrameIntervals = False
391.1312 	INFO 	Mouse: using default window
392.0760 	DATA 	Keypress: r
392.2581 	DATA 	Keypress: u
392.5258 	DATA 	Keypress: n
395.1746 	DATA 	Keypress: y
395.5912 	DATA 	Keypress: a
395.8246 	DATA 	Keypress: m
395.9711 	EXP 	New trial (rep=3, index=6): {'leftStreamFlip': False, 'oneTarget': True, 'trialInstructionPos': (0, -1), 'probe': 'both', 'rightStreamFlip': False, 'horizVert': False, 'ISIframes': 2, 'rightResponseFirst': False}
395.9902 	INFO 	numtrials=360 and this trialDurFrames=3 or 50.0 ms  task=T1
397.1738 	EXP 	window1: recordFrameIntervals = False
397.1809 	INFO 	Mouse: using default window
398.1086 	DATA 	Keypress: n
398.3412 	DATA 	Keypress: e
398.3915 	DATA 	Keypress: w
398.5346 	EXP 	New trial (rep=3, index=7): {'leftStreamFlip': False, 'oneTarget': True, 'trialInstructionPos': (0, -1), 'probe': 'both', 'rightStreamFlip': False, 'horizVert': False, 'ISIframes': 2, 'rightResponseFirst': True}
398.5569 	INFO 	numtrials=360 and this trialDurFrames=3 or 50.0 ms  task=T1
399.5908 	EXP 	window1: recordFrameIntervals = False
399.5979 	INFO 	Mouse: using default window
400.6077 	DATA 	Keypress: c
400.6745 	DATA 	Keypress: a
400.8580 	DATA 	Keypress: n
401.0008 	EXP 	New trial (rep=3, index=8): {'leftStreamFlip': False, 'oneTarget': False, 'trialInstructionPos': (0, 1), 'probe': 'both', 'rightStreamFlip': False, 'horizVert': False, 'ISIframes': 2, 'rightResponseFirst': False}
401.0235 	INFO 	numtrials=360 and this trialDurFrames=3 or 50.0 ms  task=T1
402.0909 	EXP 	window1: recordFrameIntervals = False
402.0981 	INFO 	Mouse: using default window
403.1244 	DATA 	Keypress: p
403.2747 	DATA 	Keypress: a
403.5413 	DATA 	Keypress: n
404.3245 	DATA 	Keypress: f
404.5251 	DATA 	Keypress: r
404.6578 	DATA 	Keypress: y
404.8045 	EXP 	New trial (rep=3, index=9): {'leftStreamFlip': False, 'oneTarget': True, 'trialInstructionPos': (0, 1), 'probe': 'both', 'rightStreamFlip': False, 'horizVert': False, 'ISIframes': 2, 'rightResponseFirst': True}
404.8237 	INFO 	numtrials=360 and this trialDurFrames=3 or 50.0 ms  task=T1
406.0241 	EXP 	window1: recordFrameIntervals = False
406.0313 	INFO 	Mouse: using default window
408.0746 	DATA 	Keypress: s
408.2911 	DATA 	Keypress: i
408.3910 	DATA 	Keypress: t
408.5357 	EXP 	New trial (rep=3, index=10): {'leftStreamFlip': False, 'oneTarget': False, 'trialInstructionPos': (0, -1), 'probe': 'both', 'rightStreamFlip': False, 'horizVert': False, 'ISIframes': 2, 'rightResponseFirst': True}
408.5568 	INFO 	numtrials=360 and this trialDurFrames=3 or 50.0 ms  task=T1
409.6074 	EXP 	window1: recordFrameIntervals = False
409.6148 	INFO 	Mouse: using default window
410.7080 	DATA 	Keypress: w
410.8760 	DATA 	Keypress: e
411.0406 	DATA 	Keypress: e
412.2081 	DATA 	Keypress: s
412.4412 	DATA 	Keypress: i
412.5582 	DATA 	Keypress: t
412.7031 	EXP 	New trial (rep=3, index=11): {'leftStreamFlip': False, 'oneTarget': True, 'trialInstructionPos': (0, 1), 'probe': 'both', 'rightStreamFlip': False, 'horizVert': False, 'ISIframes': 2, 'rightResponseFirst': False}
412.7234 	INFO 	numtrials=360 and this trialDurFrames=3 or 50.0 ms  task=T1
413.8573 	EXP 	window1: recordFrameIntervals = False
413.8646 	INFO 	Mouse: using default window
415.2758 	DATA 	Keypress: m
415.5082 	DATA 	Keypress: u
415.6759 	DATA 	Keypress: m
415.8341 	EXP 	New trial (rep=4, index=0): {'leftStreamFlip': False, 'oneTarget': True, 'trialInstructionPos': (0, -1), 'probe': 'both', 'rightStreamFlip': False, 'horizVert': False, 'ISIframes': 2, 'rightResponseFirst': False}
415.8569 	INFO 	numtrials=360 and this trialDurFrames=3 or 50.0 ms  task=T1
417.0241 	EXP 	window1: recordFrameIntervals = False
417.0312 	INFO 	Mouse: using default window
418.3247 	DATA 	Keypress: t
418.4080 	DATA 	Keypress: i
418.5744 	DATA 	Keypress: n
418.7162 	EXP 	New trial (rep=4, index=1): {'leftStreamFlip': False, 'oneTarget': True, 'trialInstructionPos': (0, 1), 'probe': 'both', 'rightStreamFlip': False, 'horizVert': False, 'ISIframes': 2, 'rightResponseFirst': False}
418.7401 	INFO 	numtrials=360 and this trialDurFrames=3 or 50.0 ms  task=T1
419.8239 	EXP 	window1: recordFrameIntervals = False
419.8315 	INFO 	Mouse: using default window
420.6913 	DATA 	Keypress: e
420.9090 	DATA 	Keypress: g
421.0246 	DATA 	Keypress: o
421.1673 	EXP 	New trial (rep=4, index=2): {'leftStreamFlip': False, 'oneTarget': True, 'trialInstructionPos': (0, -1), 'probe': 'both', 'rightStreamFlip': False, 'horizVert': False, 'ISIframes': 2, 'rightResponseFirst': True}
421.1901 	INFO 	numtrials=360 and this trialDurFrames=3 or 50.0 ms  task=T1
422.3072 	EXP 	window1: recordFrameIntervals = False
422.3146 	INFO 	Mouse: using default window
423.1246 	DATA 	Keypress: i
423.3412 	DATA 	Keypress: c
423.4079 	DATA 	Keypress: e
423.5511 	EXP 	New trial (rep=4, index=3): {'leftStreamFlip': False, 'oneTarget': True, 'trialInstructionPos': (0, 1), 'probe': 'both', 'rightStreamFlip': False, 'horizVert': False, 'ISIframes': 2, 'rightResponseFirst': True}
423.5735 	INFO 	numtrials=360 and this trialDurFrames=3 or 50.0 ms  task=T1
424.6239 	EXP 	window1: recordFrameIntervals = False
424.6315 	INFO 	Mouse: using default window
425.3578 	DATA 	Keypress: a
425.7083 	DATA 	Keypress: y
425.7912 	DATA 	Keypress: e
425.9344 	EXP 	New trial (rep=4, index=4): {'leftStreamFlip': False, 'oneTarget': False, 'trialInstructionPos': (0, -1), 'probe': 'both', 'rightStreamFlip': False, 'horizVert': False, 'ISIframes': 2, 'rightResponseFirst': False}
425.9569 	INFO 	numtrials=360 and this trialDurFrames=3 or 50.0 ms  task=T1
427.0406 	EXP 	window1: recordFrameIntervals = False
427.0477 	INFO 	Mouse: using default window
427.9917 	DATA 	Keypress: s
428.1082 	DATA 	Keypress: a
428.4082 	DATA 	Keypress: t
428.6744 	DATA 	Keypress: a
428.9579 	DATA 	Keypress: g
429.1243 	DATA 	Keypress: o
429.2693 	EXP 	New trial (rep=4, index=5): {'leftStreamFlip': False, 'oneTarget': False, 'trialInstructionPos': (0, 1), 'probe': 'both', 'rightStreamFlip': False, 'horizVert': False, 'ISIframes': 2, 'rightResponseFirst': True}
429.2899 	INFO 	numtrials=360 and this trialDurFrames=3 or 50.0 ms  task=T1
430.4740 	EXP 	window1: recordFrameIntervals = False
430.4830 	INFO 	Mouse: using default window
431.6085 	DATA 	Keypress: a
431.8411 	DATA 	Keypress: s
432.0247 	DATA 	Keypress: s
433.1082 	DATA 	Keypress: d
433.3253 	DATA 	Keypress: u
433.5081 	DATA 	Keypress: g
433.6525 	EXP 	New trial (rep=4, index=6): {'leftStreamFlip': False, 'oneTarget': False, 'trialInstructionPos': (0, -1), 'probe': 'both', 'rightStreamFlip': False, 'horizVert': False, 'ISIframes': 2, 'rightResponseFirst': True}
433.6736 	INFO 	numtrials=360 and this trialDurFrames=3 or 50.0 ms  task=T1
434.7239 	EXP 	window1: recordFrameIntervals = False
434.7309 	INFO 	Mouse: using default window
435.7084 	DATA 	Keypress: s
435.9411 	DATA 	Keypress: i
436.1914 	DATA 	Keypress: x
436.8080 	DATA 	Keypress: c
437.0746 	DATA 	Keypress: r
437.2761 	DATA 	Keypress: y
437.4371 	EXP 	New trial (rep=4, index=7): {'leftStreamFlip': False, 'oneTarget': False, 'trialInstructionPos': (0, 1), 'probe': 'both', 'rightStreamFlip': False, 'horizVert': False, 'ISIframes': 2, 'rightResponseFirst': True}
437.4568 	INFO 	numtrials=360 and this trialDurFrames=3 or 50.0 ms  task=T1
438.4574 	EXP 	window1: recordFrameIntervals = False
438.4644 	INFO 	Mouse: using default window
439.5744 	DATA 	Keypress: w
439.8247 	DATA 	Keypress: e
439.9915 	DATA 	Keypress: e
440.8928 	DATA 	Keypress: d
441.1245 	DATA 	Keypress: i
441.6411 	DATA 	Keypress: backspace
442.3078 	DATA 	Keypress: u
442.4078 	DATA 	Keypress: g
442.5521 	EXP 	New trial (rep=4, index=8): {'leftStreamFlip': False, 'oneTarget': False, 'trialInstructionPos': (0, -1), 'probe': 'both', 'rightStreamFlip': False, 'horizVert': False, 'ISIframes': 2, 'rightResponseFirst': True}
442.5735 	INFO 	numtrials=360 and this trialDurFrames=3 or 50.0 ms  task=T1
443.5903 	EXP 	window1: recordFrameIntervals = False
443.5977 	INFO 	Mouse: using default window
444.7411 	DATA 	Keypress: z
444.9918 	DATA 	Keypress: o
445.1416 	DATA 	Keypress: o
445.7747 	DATA 	Keypress: o
445.9412 	DATA 	Keypress: f
446.0926 	DATA 	Keypress: f
446.2534 	EXP 	New trial (rep=4, index=9): {'leftStreamFlip': False, 'oneTarget': False, 'trialInstructionPos': (0, 1), 'probe': 'both', 'rightStreamFlip': False, 'horizVert': False, 'ISIframes': 2, 'rightResponseFirst': False}
446.2734 	INFO 	numtrials=360 and this trialDurFrames=3 or 50.0 ms  task=T1
447.3573 	EXP 	window1: recordFrameIntervals = False
447.3650 	INFO 	Mouse: using default window
448.6246 	DATA 	Keypress: w
448.7747 	DATA 	Keypress: e
449.2581 	DATA 	Keypress: e
450.2580 	DATA 	Keypress: e
450.3910 	DATA 	Keypress: a
450.5413 	DATA 	Keypress: t
450.6862 	EXP 	New trial (rep=4, index=10): {'leftStreamFlip': False, 'oneTarget': False, 'trialInstructionPos': (0, -1), 'probe': 'both', 'rightStreamFlip': False, 'horizVert': False, 'ISIframes': 2, 'rightResponseFirst': False}
450.7068 	INFO 	numtrials=360 and this trialDurFrames=3 or 50.0 ms  task=T1
451.8575 	EXP 	window1: recordFrameIntervals = False
451.8649 	INFO 	Mouse: using default window
453.3746 	DATA 	Keypress: p
453.6079 	DATA 	Keypress: u
453.7250 	DATA 	Keypress: t
454.4925 	DATA 	Keypress: b
454.7246 	DATA 	Keypress: e
454.9580 	DATA 	Keypress: g
455.1035 	EXP 	New trial (rep=4, index=11): {'leftStreamFlip': False, 'oneTarget': False, 'trialInstructionPos': (0, 1), 'probe': 'both', 'rightStreamFlip': False, 'horizVert': False, 'ISIframes': 2, 'rightResponseFirst': False}
455.1234 	INFO 	numtrials=360 and this trialDurFrames=3 or 50.0 ms  task=T1
456.1406 	EXP 	window1: recordFrameIntervals = False
456.1479 	INFO 	Mouse: using default window
457.8080 	DATA 	Keypress: j
457.9579 	DATA 	Keypress: e
458.1746 	DATA 	Keypress: t
458.3248 	DATA 	Keypress: space
458.5251 	DATA 	Keypress: p
458.7581 	DATA 	Keypress: e
458.9252 	DATA 	Keypress: e
459.0739 	EXP 	New trial (rep=5, index=0): {'leftStreamFlip': False, 'oneTarget': False, 'trialInstructionPos': (0, -1), 'probe': 'both', 'rightStreamFlip': False, 'horizVert': False, 'ISIframes': 2, 'rightResponseFirst': True}
459.0900 	INFO 	numtrials=360 and this trialDurFrames=3 or 50.0 ms  task=T1
460.1240 	EXP 	window1: recordFrameIntervals = False
460.1311 	INFO 	Mouse: using default window
461.6759 	DATA 	Keypress: w
461.7912 	DATA 	Keypress: i
461.9760 	DATA 	Keypress: t
462.8413 	DATA 	Keypress: f
462.9582 	DATA 	Keypress: u
463.1414 	DATA 	Keypress: n
463.2859 	EXP 	New trial (rep=5, index=1): {'leftStreamFlip': False, 'oneTarget': True, 'trialInstructionPos': (0, -1), 'probe': 'both', 'rightStreamFlip': False, 'horizVert': False, 'ISIframes': 2, 'rightResponseFirst': True}
463.3068 	INFO 	numtrials=360 and this trialDurFrames=3 or 50.0 ms  task=T1
464.3575 	EXP 	window1: recordFrameIntervals = False
464.3646 	INFO 	Mouse: using default window
465.4747 	DATA 	Keypress: h
465.6580 	DATA 	Keypress: u
465.8080 	DATA 	Keypress: n
465.9512 	EXP 	New trial (rep=5, index=2): {'leftStreamFlip': False, 'oneTarget': False, 'trialInstructionPos': (0, -1), 'probe': 'both', 'rightStreamFlip': False, 'horizVert': False, 'ISIframes': 2, 'rightResponseFirst': False}
465.9734 	INFO 	numtrials=360 and this trialDurFrames=3 or 50.0 ms  task=T1
465.9954 	DATA 	Keypress: t
467.0406 	EXP 	window1: recordFrameIntervals = False
467.0479 	INFO 	Mouse: using default window
469.6243 	DATA 	Keypress: g
469.7413 	DATA 	Keypress: e
469.9581 	DATA 	Keypress: e
471.8581 	DATA 	Keypress: g
472.0083 	DATA 	Keypress: e
472.1912 	DATA 	Keypress: e
472.3387 	EXP 	New trial (rep=5, index=3): {'leftStreamFlip': False, 'oneTarget': False, 'trialInstructionPos': (0, -1), 'probe': 'both', 'rightStreamFlip': False, 'horizVert': False, 'ISIframes': 2, 'rightResponseFirst': True}
472.3568 	INFO 	numtrials=360 and this trialDurFrames=3 or 50.0 ms  task=T1
473.5408 	EXP 	window1: recordFrameIntervals = False
473.5480 	INFO 	Mouse: using default window
474.5746 	DATA 	Keypress: t
474.7247 	DATA 	Keypress: e
474.8411 	DATA 	Keypress: a
475.2411 	DATA 	Keypress: e
475.3746 	DATA 	Keypress: a
475.8416 	DATA 	Keypress: t
475.9862 	EXP 	New trial (rep=5, index=4): {'leftStreamFlip': False, 'oneTarget': True, 'trialInstructionPos': (0, 1), 'probe': 'both', 'rightStreamFlip': False, 'horizVert': False, 'ISIframes': 2, 'rightResponseFirst': False}
476.0068 	INFO 	numtrials=360 and this trialDurFrames=3 or 50.0 ms  task=T1
477.0240 	EXP 	window1: recordFrameIntervals = False
477.0313 	INFO 	Mouse: using default window
478.0081 	DATA 	Keypress: n
478.1910 	DATA 	Keypress: e
478.3582 	DATA 	Keypress: t
478.5010 	EXP 	New trial (rep=5, index=5): {'leftStreamFlip': False, 'oneTarget': False, 'trialInstructionPos': (0, -1), 'probe': 'both', 'rightStreamFlip': False, 'horizVert': False, 'ISIframes': 2, 'rightResponseFirst': False}
478.5235 	INFO 	numtrials=360 and this trialDurFrames=3 or 50.0 ms  task=T1
479.4907 	EXP 	window1: recordFrameIntervals = False
479.4983 	INFO 	Mouse: using default window
480.8927 	DATA 	Keypress: h
481.0411 	DATA 	Keypress: a
481.2579 	DATA 	Keypress: m
481.6581 	DATA 	Keypress: r
481.7253 	DATA 	Keypress: e
482.0247 	DATA 	Keypress: d
482.1699 	EXP 	New trial (rep=5, index=6): {'leftStreamFlip': False, 'oneTarget': False, 'trialInstructionPos': (0, 1), 'probe': 'both', 'rightStreamFlip': False, 'horizVert': False, 'ISIframes': 2, 'rightResponseFirst': True}
482.1901 	INFO 	numtrials=360 and this trialDurFrames=3 or 50.0 ms  task=T1
483.2239 	EXP 	window1: recordFrameIntervals = False
483.2314 	INFO 	Mouse: using default window
487.0412 	DATA 	Keypress: g
487.2245 	DATA 	Keypress: e
487.4082 	DATA 	Keypress: e
488.8415 	DATA 	Keypress: g
489.0248 	DATA 	Keypress: e
489.2244 	DATA 	Keypress: e
489.3699 	EXP 	New trial (rep=5, index=7): {'leftStreamFlip': False, 'oneTarget': True, 'trialInstructionPos': (0, 1), 'probe': 'both', 'rightStreamFlip': False, 'horizVert': False, 'ISIframes': 2, 'rightResponseFirst': True}
489.3902 	INFO 	numtrials=360 and this trialDurFrames=3 or 50.0 ms  task=T1
490.4742 	EXP 	window1: recordFrameIntervals = False
490.4816 	INFO 	Mouse: using default window
491.3748 	DATA 	Keypress: s
491.5246 	DATA 	Keypress: e
491.7581 	DATA 	Keypress: c
491.9007 	EXP 	New trial (rep=5, index=8): {'leftStreamFlip': False, 'oneTarget': False, 'trialInstructionPos': (0, 1), 'probe': 'both', 'rightStreamFlip': False, 'horizVert': False, 'ISIframes': 2, 'rightResponseFirst': False}
491.9235 	INFO 	numtrials=360 and this trialDurFrames=3 or 50.0 ms  task=T1
493.1073 	EXP 	window1: recordFrameIntervals = False
493.1144 	INFO 	Mouse: using default window
495.6581 	DATA 	Keypress: j
495.7911 	DATA 	Keypress: o
495.8911 	DATA 	Keypress: t
496.3582 	DATA 	Keypress: k
496.6081 	DATA 	Keypress: e
496.7746 	DATA 	Keypress: y
496.9212 	EXP 	New trial (rep=5, index=9): {'leftStreamFlip': False, 'oneTarget': False, 'trialInstructionPos': (0, 1), 'probe': 'both', 'rightStreamFlip': False, 'horizVert': False, 'ISIframes': 2, 'rightResponseFirst': True}
496.9401 	INFO 	numtrials=360 and this trialDurFrames=3 or 50.0 ms  task=T1
497.9076 	EXP 	window1: recordFrameIntervals = False
497.9146 	INFO 	Mouse: using default window
499.1081 	DATA 	Keypress: h
499.2080 	DATA 	Keypress: a
499.3413 	DATA 	Keypress: d
500.1580 	DATA 	Keypress: o
500.3911 	DATA 	Keypress: n
500.5580 	DATA 	Keypress: e
500.7031 	EXP 	New trial (rep=5, index=10): {'leftStreamFlip': False, 'oneTarget': False, 'trialInstructionPos': (0, 1), 'probe': 'both', 'rightStreamFlip': False, 'horizVert': False, 'ISIframes': 2, 'rightResponseFirst': False}
500.7235 	INFO 	numtrials=360 and this trialDurFrames=3 or 50.0 ms  task=T1
501.7238 	EXP 	window1: recordFrameIntervals = False
501.7313 	INFO 	Mouse: using default window
502.7748 	DATA 	Keypress: s
502.9912 	DATA 	Keypress: e
503.2081 	DATA 	Keypress: e
504.4925 	DATA 	Keypress: v
504.6078 	DATA 	Keypress: a
504.7913 	DATA 	Keypress: n
504.9356 	EXP 	New trial (rep=5, index=11): {'leftStreamFlip': False, 'oneTarget': True, 'trialInstructionPos': (0, -1), 'probe': 'both', 'rightStreamFlip': False, 'horizVert': False, 'ISIframes': 2, 'rightResponseFirst': False}
504.9569 	INFO 	numtrials=360 and this trialDurFrames=3 or 50.0 ms  task=T1
506.0904 	EXP 	window1: recordFrameIntervals = False
506.0982 	INFO 	Mouse: using default window
507.2761 	DATA 	Keypress: w
507.4744 	DATA 	Keypress: a
507.9747 	DATA 	Keypress: x
508.1169 	EXP 	New trial (rep=6, index=0): {'leftStreamFlip': False, 'oneTarget': False, 'trialInstructionPos': (0, 1), 'probe': 'both', 'rightStreamFlip': False, 'horizVert': False, 'ISIframes': 2, 'rightResponseFirst': True}
508.1401 	INFO 	numtrials=360 and this trialDurFrames=3 or 50.0 ms  task=T1
509.2076 	EXP 	window1: recordFrameIntervals = False
509.2151 	INFO 	Mouse: using default window
510.2079 	DATA 	Keypress: d
510.4249 	DATA 	Keypress: i
510.5251 	DATA 	Keypress: e
511.4746 	DATA 	Keypress: k
511.6081 	DATA 	Keypress: e
511.7091 	DATA 	Keypress: y
511.8698 	EXP 	New trial (rep=6, index=1): {'leftStreamFlip': False, 'oneTarget': True, 'trialInstructionPos': (0, 1), 'probe': 'both', 'rightStreamFlip': False, 'horizVert': False, 'ISIframes': 2, 'rightResponseFirst': False}
511.8901 	INFO 	numtrials=360 and this trialDurFrames=3 or 50.0 ms  task=T1
512.9908 	EXP 	window1: recordFrameIntervals = False
512.9981 	INFO 	Mouse: using default window
514.8248 	DATA 	Keypress: d
515.0084 	DATA 	Keypress: u
515.2584 	DATA 	Keypress: g
515.4001 	EXP 	New trial (rep=6, index=2): {'leftStreamFlip': False, 'oneTarget': False, 'trialInstructionPos': (0, 1), 'probe': 'both', 'rightStreamFlip': False, 'horizVert': False, 'ISIframes': 2, 'rightResponseFirst': True}
515.4236 	INFO 	numtrials=360 and this trialDurFrames=3 or 50.0 ms  task=T1
516.3907 	EXP 	window1: recordFrameIntervals = False
516.3980 	INFO 	Mouse: using default window
517.8080 	DATA 	Keypress: s
517.9581 	DATA 	Keypress: a
518.1085 	DATA 	Keypress: w
518.7747 	DATA 	Keypress: h
518.9912 	DATA 	Keypress: o
519.1248 	DATA 	Keypress: t
519.2697 	EXP 	New trial (rep=6, index=3): {'leftStreamFlip': False, 'oneTarget': True, 'trialInstructionPos': (0, -1), 'probe': 'both', 'rightStreamFlip': False, 'horizVert': False, 'ISIframes': 2, 'rightResponseFirst': True}
519.2901 	INFO 	numtrials=360 and this trialDurFrames=3 or 50.0 ms  task=T1
520.4910 	EXP 	window1: recordFrameIntervals = False
520.4982 	INFO 	Mouse: using default window
521.8411 	DATA 	Keypress: c
522.0580 	DATA 	Keypress: u
522.2581 	DATA 	Keypress: p
522.4011 	EXP 	New trial (rep=6, index=4): {'leftStreamFlip': False, 'oneTarget': False, 'trialInstructionPos': (0, -1), 'probe': 'both', 'rightStreamFlip': False, 'horizVert': False, 'ISIframes': 2, 'rightResponseFirst': True}
522.4050 	DATA 	Keypress: t
522.4237 	INFO 	numtrials=360 and this trialDurFrames=3 or 50.0 ms  task=T1
523.5241 	EXP 	window1: recordFrameIntervals = False
523.5312 	INFO 	Mouse: using default window
524.6578 	DATA 	Keypress: m
524.8080 	DATA 	Keypress: a
525.0417 	DATA 	Keypress: p
526.0416 	DATA 	Keypress: l
526.2915 	DATA 	Keypress: a
528.9086 	DATA 	Keypress: g
529.0542 	EXP 	New trial (rep=6, index=5): {'leftStreamFlip': False, 'oneTarget': False, 'trialInstructionPos': (0, 1), 'probe': 'both', 'rightStreamFlip': False, 'horizVert': False, 'ISIframes': 2, 'rightResponseFirst': False}
529.0735 	INFO 	numtrials=360 and this trialDurFrames=3 or 50.0 ms  task=T1
530.2073 	EXP 	window1: recordFrameIntervals = False
530.2144 	INFO 	Mouse: using default window
531.3085 	DATA 	Keypress: p
531.4913 	DATA 	Keypress: e
531.7085 	DATA 	Keypress: t
532.3582 	DATA 	Keypress: l
532.5245 	DATA 	Keypress: i
532.8924 	DATA 	Keypress: d
533.0495 	EXP 	New trial (rep=6, index=6): {'leftStreamFlip': False, 'oneTarget': False, 'trialInstructionPos': (0, -1), 'probe': 'both', 'rightStreamFlip': False, 'horizVert': False, 'ISIframes': 2, 'rightResponseFirst': True}
533.0733 	INFO 	numtrials=360 and this trialDurFrames=3 or 50.0 ms  task=T1
534.1241 	EXP 	window1: recordFrameIntervals = False
534.1310 	INFO 	Mouse: using default window
535.3414 	DATA 	Keypress: f
535.5080 	DATA 	Keypress: a
535.7578 	DATA 	Keypress: c
537.1248 	DATA 	Keypress: l
537.3087 	DATA 	Keypress: i
537.7251 	DATA 	Keypress: d
537.8725 	EXP 	New trial (rep=6, index=7): {'leftStreamFlip': False, 'oneTarget': False, 'trialInstructionPos': (0, -1), 'probe': 'both', 'rightStreamFlip': False, 'horizVert': False, 'ISIframes': 2, 'rightResponseFirst': False}
537.8901 	INFO 	numtrials=360 and this trialDurFrames=3 or 50.0 ms  task=T1
538.9740 	EXP 	window1: recordFrameIntervals = False
538.9812 	INFO 	Mouse: using default window
539.9579 	DATA 	Keypress: e
540.1413 	DATA 	Keypress: g
540.3910 	DATA 	Keypress: o
540.9746 	DATA 	Keypress: r
541.2247 	DATA 	Keypress: u
541.3582 	DATA 	Keypress: n
541.5047 	EXP 	New trial (rep=6, index=8): {'leftStreamFlip': False, 'oneTarget': True, 'trialInstructionPos': (0, 1), 'probe': 'both', 'rightStreamFlip': False, 'horizVert': False, 'ISIframes': 2, 'rightResponseFirst': True}
541.5234 	INFO 	numtrials=360 and this trialDurFrames=3 or 50.0 ms  task=T1
542.5741 	EXP 	window1: recordFrameIntervals = False
542.5816 	INFO 	Mouse: using default window
543.3095 	DATA 	Keypress: s
543.4409 	DATA 	Keypress: e
543.7253 	DATA 	Keypress: x
543.8673 	EXP 	New trial (rep=6, index=9): {'leftStreamFlip': False, 'oneTarget': True, 'trialInstructionPos': (0, -1), 'probe': 'both', 'rightStreamFlip': False, 'horizVert': False, 'ISIframes': 2, 'rightResponseFirst': False}
543.8902 	INFO 	numtrials=360 and this trialDurFrames=3 or 50.0 ms  task=T1
544.8574 	EXP 	window1: recordFrameIntervals = False
544.8647 	INFO 	Mouse: using default window
546.8597 	DATA 	Keypress: f
547.0082 	DATA 	Keypress: a
547.3578 	DATA 	Keypress: c
547.5000 	EXP 	New trial (rep=6, index=10): {'leftStreamFlip': False, 'oneTarget': False, 'trialInstructionPos': (0, -1), 'probe': 'both', 'rightStreamFlip': False, 'horizVert': False, 'ISIframes': 2, 'rightResponseFirst': False}
547.5245 	INFO 	numtrials=360 and this trialDurFrames=3 or 50.0 ms  task=T1
548.6574 	EXP 	window1: recordFrameIntervals = False
548.6646 	INFO 	Mouse: using default window
550.3747 	DATA 	Keypress: a
550.6912 	DATA 	Keypress: g
550.8760 	DATA 	Keypress: e
551.6759 	DATA 	Keypress: a
551.8911 	DATA 	Keypress: t
552.0412 	DATA 	Keypress: e
552.1857 	EXP 	New trial (rep=6, index=11): {'leftStreamFlip': False, 'oneTarget': False, 'trialInstructionPos': (0, 1), 'probe': 'both', 'rightStreamFlip': False, 'horizVert': False, 'ISIframes': 2, 'rightResponseFirst': False}
552.2069 	INFO 	numtrials=360 and this trialDurFrames=3 or 50.0 ms  task=T1
553.2574 	EXP 	window1: recordFrameIntervals = False
553.2650 	INFO 	Mouse: using default window
554.1747 	DATA 	Keypress: s
554.2912 	DATA 	Keypress: e
554.5411 	DATA 	Keypress: t
554.9580 	DATA 	Keypress: s
555.1415 	DATA 	Keypress: u
555.4081 	DATA 	Keypress: n
555.5537 	EXP 	New trial (rep=7, index=0): {'leftStreamFlip': False, 'oneTarget': True, 'trialInstructionPos': (0, 1), 'probe': 'both', 'rightStreamFlip': False, 'horizVert': False, 'ISIframes': 2, 'rightResponseFirst': True}
555.5735 	INFO 	numtrials=360 and this trialDurFrames=3 or 50.0 ms  task=T1
556.7408 	EXP 	window1: recordFrameIntervals = False
556.7481 	INFO 	Mouse: using default window
559.2927 	DATA 	Keypress: s
559.3745 	DATA 	Keypress: e
559.6581 	DATA 	Keypress: e
559.8010 	EXP 	New trial (rep=7, index=1): {'leftStreamFlip': False, 'oneTarget': False, 'trialInstructionPos': (0, -1), 'probe': 'both', 'rightStreamFlip': False, 'horizVert': False, 'ISIframes': 2, 'rightResponseFirst': False}
559.8236 	INFO 	numtrials=360 and this trialDurFrames=4 or 66.6666666667 ms  task=T1
560.8907 	EXP 	window1: recordFrameIntervals = False
560.8978 	INFO 	Mouse: using default window
562.2582 	DATA 	Keypress: f
562.4928 	DATA 	Keypress: l
562.7580 	DATA 	Keypress: u
563.5250 	DATA 	Keypress: e
564.3748 	DATA 	Keypress: backspace
564.5581 	DATA 	Keypress: w
564.6418 	DATA 	Keypress: e
565.7086 	DATA 	Keypress: b
565.8567 	EXP 	New trial (rep=7, index=2): {'leftStreamFlip': False, 'oneTarget': False, 'trialInstructionPos': (0, -1), 'probe': 'both', 'rightStreamFlip': False, 'horizVert': False, 'ISIframes': 2, 'rightResponseFirst': True}
565.8737 	INFO 	numtrials=360 and this trialDurFrames=4 or 66.6666666667 ms  task=T1
566.9742 	EXP 	window1: recordFrameIntervals = False
566.9814 	INFO 	Mouse: using default window
568.3911 	DATA 	Keypress: f
568.5419 	DATA 	Keypress: u
568.8412 	DATA 	Keypress: r
569.5082 	DATA 	Keypress: a
570.0080 	DATA 	Keypress: i
570.0926 	DATA 	Keypress: d
570.2557 	EXP 	New trial (rep=7, index=3): {'leftStreamFlip': False, 'oneTarget': False, 'trialInstructionPos': (0, 1), 'probe': 'both', 'rightStreamFlip': False, 'horizVert': False, 'ISIframes': 2, 'rightResponseFirst': False}
570.2735 	INFO 	numtrials=360 and this trialDurFrames=3 or 50.0 ms  task=T1
571.3076 	EXP 	window1: recordFrameIntervals = False
571.3148 	INFO 	Mouse: using default window
572.1413 	DATA 	Keypress: r
572.3912 	DATA 	Keypress: i
573.6580 	DATA 	Keypress: b
574.7246 	DATA 	Keypress: m
574.8767 	DATA 	Keypress: o
575.1580 	DATA 	Keypress: b
575.3020 	EXP 	New trial (rep=7, index=4): {'leftStreamFlip': False, 'oneTarget': False, 'trialInstructionPos': (0, 1), 'probe': 'both', 'rightStreamFlip': False, 'horizVert': False, 'ISIframes': 2, 'rightResponseFirst': True}
575.3235 	INFO 	numtrials=360 and this trialDurFrames=3 or 50.0 ms  task=T1
576.3407 	EXP 	window1: recordFrameIntervals = False
576.3478 	INFO 	Mouse: using default window
578.2080 	DATA 	Keypress: g
578.3580 	DATA 	Keypress: e
578.5249 	DATA 	Keypress: e
579.2246 	DATA 	Keypress: g
579.3414 	DATA 	Keypress: e
579.5413 	DATA 	Keypress: e
579.6874 	EXP 	New trial (rep=7, index=5): {'leftStreamFlip': False, 'oneTarget': False, 'trialInstructionPos': (0, -1), 'probe': 'both', 'rightStreamFlip': False, 'horizVert': False, 'ISIframes': 2, 'rightResponseFirst': False}
579.7069 	INFO 	numtrials=360 and this trialDurFrames=4 or 66.6666666667 ms  task=T1
580.7576 	EXP 	window1: recordFrameIntervals = False
580.7646 	INFO 	Mouse: using default window
581.6929 	DATA 	Keypress: i
581.8745 	DATA 	Keypress: n
582.0246 	DATA 	Keypress: k
582.6915 	DATA 	Keypress: p
582.9247 	DATA 	Keypress: i
583.1912 	DATA 	Keypress: g
583.3368 	EXP 	New trial (rep=7, index=6): {'leftStreamFlip': False, 'oneTarget': False, 'trialInstructionPos': (0, -1), 'probe': 'both', 'rightStreamFlip': False, 'horizVert': False, 'ISIframes': 2, 'rightResponseFirst': True}
583.3570 	INFO 	numtrials=360 and this trialDurFrames=4 or 66.6666666667 ms  task=T1
584.4076 	EXP 	window1: recordFrameIntervals = False
584.4155 	INFO 	Mouse: using default window
587.5911 	DATA 	Keypress: w
587.7082 	DATA 	Keypress: e
587.9248 	DATA 	Keypress: b
588.4410 	DATA 	Keypress: s
588.6579 	DATA 	Keypress: i
588.7911 	DATA 	Keypress: t
588.9342 	EXP 	New trial (rep=7, index=7): {'leftStreamFlip': False, 'oneTarget': True, 'trialInstructionPos': (0, -1), 'probe': 'both', 'rightStreamFlip': False, 'horizVert': False, 'ISIframes': 2, 'rightResponseFirst': False}
588.9576 	INFO 	numtrials=360 and this trialDurFrames=4 or 66.6666666667 ms  task=T1
590.0908 	EXP 	window1: recordFrameIntervals = False
590.0980 	INFO 	Mouse: using default window
591.0415 	DATA 	Keypress: t
591.1581 	DATA 	Keypress: i
591.2747 	DATA 	Keypress: t
591.4174 	EXP 	New trial (rep=7, index=8): {'leftStreamFlip': False, 'oneTarget': False, 'trialInstructionPos': (0, 1), 'probe': 'both', 'rightStreamFlip': False, 'horizVert': False, 'ISIframes': 2, 'rightResponseFirst': False}
591.4402 	INFO 	numtrials=360 and this trialDurFrames=4 or 66.6666666667 ms  task=T1
592.5240 	EXP 	window1: recordFrameIntervals = False
592.5314 	INFO 	Mouse: using default window
593.4078 	DATA 	Keypress: a
593.5245 	DATA 	Keypress: r
593.7084 	DATA 	Keypress: m
594.1582 	DATA 	Keypress: r
594.4926 	DATA 	Keypress: u
594.8414 	DATA 	Keypress: n
594.9861 	EXP 	New trial (rep=7, index=9): {'leftStreamFlip': False, 'oneTarget': True, 'trialInstructionPos': (0, 1), 'probe': 'both', 'rightStreamFlip': False, 'horizVert': False, 'ISIframes': 2, 'rightResponseFirst': False}
595.0069 	INFO 	numtrials=360 and this trialDurFrames=4 or 66.6666666667 ms  task=T1
596.0242 	EXP 	window1: recordFrameIntervals = False
596.0312 	INFO 	Mouse: using default window
597.4747 	DATA 	Keypress: t
597.5915 	DATA 	Keypress: a
598.0245 	DATA 	Keypress: x
598.1665 	EXP 	New trial (rep=7, index=10): {'leftStreamFlip': False, 'oneTarget': False, 'trialInstructionPos': (0, 1), 'probe': 'both', 'rightStreamFlip': False, 'horizVert': False, 'ISIframes': 2, 'rightResponseFirst': True}
598.1902 	INFO 	numtrials=360 and this trialDurFrames=4 or 66.6666666667 ms  task=T1
599.2575 	EXP 	window1: recordFrameIntervals = False
599.2655 	INFO 	Mouse: using default window
600.9745 	DATA 	Keypress: d
601.1581 	DATA 	Keypress: o
601.6409 	DATA 	Keypress: c
602.6745 	DATA 	Keypress: a
602.9247 	DATA 	Keypress: c
603.1248 	DATA 	Keypress: t
603.2673 	EXP 	New trial (rep=7, index=11): {'leftStreamFlip': False, 'oneTarget': True, 'trialInstructionPos': (0, -1), 'probe': 'both', 'rightStreamFlip': False, 'horizVert': False, 'ISIframes': 2, 'rightResponseFirst': True}
603.2899 	INFO 	numtrials=360 and this trialDurFrames=4 or 66.6666666667 ms  task=T1
604.4075 	EXP 	window1: recordFrameIntervals = False
604.4145 	INFO 	Mouse: using default window
605.4743 	DATA 	Keypress: n
605.6080 	DATA 	Keypress: a
605.7913 	DATA 	Keypress: p
605.9334 	EXP 	New trial (rep=8, index=0): {'leftStreamFlip': False, 'oneTarget': False, 'trialInstructionPos': (0, -1), 'probe': 'both', 'rightStreamFlip': False, 'horizVert': False, 'ISIframes': 2, 'rightResponseFirst': True}
605.9570 	INFO 	numtrials=360 and this trialDurFrames=4 or 66.6666666667 ms  task=T1
607.0574 	EXP 	window1: recordFrameIntervals = False
607.0650 	INFO 	Mouse: using default window
607.7747 	DATA 	Keypress: p
608.0927 	DATA 	Keypress: i
608.3244 	DATA 	Keypress: n
609.1413 	DATA 	Keypress: h
609.2597 	DATA 	Keypress: u
609.4415 	DATA 	Keypress: n
609.5861 	EXP 	New trial (rep=8, index=1): {'leftStreamFlip': False, 'oneTarget': False, 'trialInstructionPos': (0, 1), 'probe': 'both', 'rightStreamFlip': False, 'horizVert': False, 'ISIframes': 2, 'rightResponseFirst': False}
609.6068 	INFO 	numtrials=360 and this trialDurFrames=4 or 66.6666666667 ms  task=T1
610.6903 	EXP 	window1: recordFrameIntervals = False
610.6985 	INFO 	Mouse: using default window
611.4415 	DATA 	Keypress: t
611.6577 	DATA 	Keypress: o
611.7910 	DATA 	Keypress: o
612.0931 	DATA 	Keypress: b
612.2743 	DATA 	Keypress: u
612.4578 	DATA 	Keypress: y
612.5985 	EXP 	New trial (rep=8, index=2): {'leftStreamFlip': False, 'oneTarget': True, 'trialInstructionPos': (0, 1), 'probe': 'both', 'rightStreamFlip': False, 'horizVert': False, 'ISIframes': 2, 'rightResponseFirst': True}
612.6085 	INFO 	numtrials=360 and this trialDurFrames=4 or 66.6666666667 ms  task=T1
613.6407 	EXP 	window1: recordFrameIntervals = False
613.6489 	INFO 	Mouse: using default window
614.2248 	DATA 	Keypress: m
614.4747 	DATA 	Keypress: u
614.6414 	DATA 	Keypress: m
614.7843 	EXP 	New trial (rep=8, index=3): {'leftStreamFlip': False, 'oneTarget': True, 'trialInstructionPos': (0, -1), 'probe': 'both', 'rightStreamFlip': False, 'horizVert': False, 'ISIframes': 2, 'rightResponseFirst': False}
614.8069 	INFO 	numtrials=360 and this trialDurFrames=4 or 66.6666666667 ms  task=T1
615.8241 	EXP 	window1: recordFrameIntervals = False
615.8314 	INFO 	Mouse: using default window
616.4759 	DATA 	Keypress: c
616.6913 	DATA 	Keypress: u
616.8760 	DATA 	Keypress: e
617.0339 	EXP 	New trial (rep=8, index=4): {'leftStreamFlip': False, 'oneTarget': False, 'trialInstructionPos': (0, -1), 'probe': 'both', 'rightStreamFlip': False, 'horizVert': False, 'ISIframes': 2, 'rightResponseFirst': False}
617.0569 	INFO 	numtrials=360 and this trialDurFrames=4 or 66.6666666667 ms  task=T1
618.2075 	EXP 	window1: recordFrameIntervals = False
618.2146 	INFO 	Mouse: using default window
618.9913 	DATA 	Keypress: a
619.1578 	DATA 	Keypress: r
619.2596 	DATA 	Keypress: e
619.5744 	DATA 	Keypress: b
619.6759 	DATA 	Keypress: e
619.8581 	DATA 	Keypress: d
620.0028 	EXP 	New trial (rep=8, index=5): {'leftStreamFlip': False, 'oneTarget': False, 'trialInstructionPos': (0, -1), 'probe': 'both', 'rightStreamFlip': False, 'horizVert': False, 'ISIframes': 2, 'rightResponseFirst': True}
620.0235 	INFO 	numtrials=360 and this trialDurFrames=4 or 66.6666666667 ms  task=T1
621.1741 	EXP 	window1: recordFrameIntervals = False
621.1819 	INFO 	Mouse: using default window
622.0580 	DATA 	Keypress: t
622.5577 	DATA 	Keypress: backspace
622.9579 	DATA 	Keypress: p
623.1747 	DATA 	Keypress: i
623.3747 	DATA 	Keypress: n
623.8581 	DATA 	Keypress: t
624.0595 	DATA 	Keypress: i
624.2083 	DATA 	Keypress: e
624.3546 	EXP 	New trial (rep=8, index=6): {'leftStreamFlip': False, 'oneTarget': True, 'trialInstructionPos': (0, -1), 'probe': 'both', 'rightStreamFlip': False, 'horizVert': False, 'ISIframes': 2, 'rightResponseFirst': True}
624.3734 	INFO 	numtrials=360 and this trialDurFrames=4 or 66.6666666667 ms  task=T1
625.5741 	EXP 	window1: recordFrameIntervals = False
625.5837 	INFO 	Mouse: using default window
626.2412 	DATA 	Keypress: t
626.3579 	DATA 	Keypress: e
626.5413 	DATA 	Keypress: n
626.6837 	EXP 	New trial (rep=8, index=7): {'leftStreamFlip': False, 'oneTarget': False, 'trialInstructionPos': (0, 1), 'probe': 'both', 'rightStreamFlip': False, 'horizVert': False, 'ISIframes': 2, 'rightResponseFirst': True}
626.7069 	INFO 	numtrials=360 and this trialDurFrames=4 or 66.6666666667 ms  task=T1
627.8074 	EXP 	window1: recordFrameIntervals = False
627.8144 	INFO 	Mouse: using default window
628.5581 	DATA 	Keypress: s
628.9582 	DATA 	Keypress: e
629.3747 	DATA 	Keypress: backspace
629.6417 	DATA 	Keypress: i
629.7412 	DATA 	Keypress: e
630.0080 	DATA 	Keypress: backspace
631.4245 	DATA 	Keypress: u
631.5748 	DATA 	Keypress: s
631.6760 	DATA 	Keypress: e
631.8395 	EXP 	New trial (rep=8, index=8): {'leftStreamFlip': False, 'oneTarget': False, 'trialInstructionPos': (0, 1), 'probe': 'both', 'rightStreamFlip': False, 'horizVert': False, 'ISIframes': 2, 'rightResponseFirst': False}
631.8568 	INFO 	numtrials=360 and this trialDurFrames=4 or 66.6666666667 ms  task=T1
632.8407 	EXP 	window1: recordFrameIntervals = False
632.8477 	INFO 	Mouse: using default window
633.7249 	DATA 	Keypress: p
633.9914 	DATA 	Keypress: i
634.1747 	DATA 	Keypress: n
634.4605 	DATA 	Keypress: w
634.6083 	DATA 	Keypress: i
634.7581 	DATA 	Keypress: n
634.9035 	EXP 	New trial (rep=8, index=9): {'leftStreamFlip': False, 'oneTarget': True, 'trialInstructionPos': (0, 1), 'probe': 'both', 'rightStreamFlip': False, 'horizVert': False, 'ISIframes': 2, 'rightResponseFirst': False}
634.9236 	INFO 	numtrials=360 and this trialDurFrames=4 or 66.6666666667 ms  task=T1
635.9575 	EXP 	window1: recordFrameIntervals = False
635.9645 	INFO 	Mouse: using default window
636.9253 	DATA 	Keypress: b
637.3411 	DATA 	Keypress: e
637.5248 	DATA 	Keypress: g
637.6662 	EXP 	New trial (rep=8, index=10): {'leftStreamFlip': False, 'oneTarget': False, 'trialInstructionPos': (0, -1), 'probe': 'both', 'rightStreamFlip': False, 'horizVert': False, 'ISIframes': 2, 'rightResponseFirst': False}
637.6903 	INFO 	numtrials=360 and this trialDurFrames=4 or 66.6666666667 ms  task=T1
638.7575 	EXP 	window1: recordFrameIntervals = False
638.7646 	INFO 	Mouse: using default window
639.7248 	DATA 	Keypress: l
639.8914 	DATA 	Keypress: i
640.0080 	DATA 	Keypress: e
640.1582 	DATA 	Keypress: b
640.2745 	DATA 	Keypress: e
640.4594 	DATA 	Keypress: e
640.6202 	EXP 	New trial (rep=8, index=11): {'leftStreamFlip': False, 'oneTarget': False, 'trialInstructionPos': (0, 1), 'probe': 'both', 'rightStreamFlip': False, 'horizVert': False, 'ISIframes': 2, 'rightResponseFirst': True}
640.6402 	INFO 	numtrials=360 and this trialDurFrames=4 or 66.6666666667 ms  task=T1
641.6403 	EXP 	window1: recordFrameIntervals = False
641.6477 	INFO 	Mouse: using default window
642.7080 	DATA 	Keypress: s
642.8594 	DATA 	Keypress: i
643.2083 	DATA 	Keypress: x
643.7415 	DATA 	Keypress: r
643.9412 	DATA 	Keypress: i
645.0249 	DATA 	Keypress: p
645.1695 	EXP 	New trial (rep=9, index=0): {'leftStreamFlip': False, 'oneTarget': False, 'trialInstructionPos': (0, -1), 'probe': 'both', 'rightStreamFlip': False, 'horizVert': False, 'ISIframes': 2, 'rightResponseFirst': True}
645.1902 	INFO 	numtrials=360 and this trialDurFrames=4 or 66.6666666667 ms  task=T1
646.2739 	EXP 	window1: recordFrameIntervals = False
646.2813 	INFO 	Mouse: using default window
648.0594 	DATA 	Keypress: f
648.5085 	DATA 	Keypress: semicolon
649.3088 	DATA 	Keypress: backspace
650.2249 	DATA 	Keypress: f
650.3247 	DATA 	Keypress: l
650.6914 	DATA 	Keypress: y
651.8582 	DATA 	Keypress: p
652.0601 	DATA 	Keypress: i
652.4928 	DATA 	Keypress: g
652.6548 	EXP 	New trial (rep=9, index=1): {'leftStreamFlip': False, 'oneTarget': True, 'trialInstructionPos': (0, 1), 'probe': 'both', 'rightStreamFlip': False, 'horizVert': False, 'ISIframes': 2, 'rightResponseFirst': False}
652.6733 	INFO 	numtrials=360 and this trialDurFrames=4 or 66.6666666667 ms  task=T1
653.8575 	EXP 	window1: recordFrameIntervals = False
653.8645 	INFO 	Mouse: using default window
655.0917 	DATA 	Keypress: o
655.3244 	DATA 	Keypress: n
655.4253 	DATA 	Keypress: e
655.5652 	EXP 	New trial (rep=9, index=2): {'leftStreamFlip': False, 'oneTarget': False, 'trialInstructionPos': (0, -1), 'probe': 'both', 'rightStreamFlip': False, 'horizVert': False, 'ISIframes': 2, 'rightResponseFirst': False}
655.5908 	INFO 	numtrials=360 and this trialDurFrames=4 or 66.6666666667 ms  task=T1
656.6907 	EXP 	window1: recordFrameIntervals = False
656.6981 	INFO 	Mouse: using default window
657.5579 	DATA 	Keypress: h
657.6926 	DATA 	Keypress: a
657.8916 	DATA 	Keypress: t
658.1743 	DATA 	Keypress: m
658.2912 	DATA 	Keypress: a
658.4413 	DATA 	Keypress: o
658.5879 	EXP 	New trial (rep=9, index=3): {'leftStreamFlip': False, 'oneTarget': False, 'trialInstructionPos': (0, 1), 'probe': 'both', 'rightStreamFlip': False, 'horizVert': False, 'ISIframes': 2, 'rightResponseFirst': True}
658.6073 	INFO 	numtrials=360 and this trialDurFrames=4 or 66.6666666667 ms  task=T1
659.6241 	EXP 	window1: recordFrameIntervals = False
659.6313 	INFO 	Mouse: using default window
661.4912 	DATA 	Keypress: l
661.6414 	DATA 	Keypress: i
661.7580 	DATA 	Keypress: t
663.0746 	DATA 	Keypress: t
663.2082 	DATA 	Keypress: o
663.9083 	DATA 	Keypress: t
664.0535 	EXP 	New trial (rep=9, index=4): {'leftStreamFlip': False, 'oneTarget': False, 'trialInstructionPos': (0, -1), 'probe': 'both', 'rightStreamFlip': False, 'horizVert': False, 'ISIframes': 2, 'rightResponseFirst': False}
664.0735 	INFO 	numtrials=360 and this trialDurFrames=4 or 66.6666666667 ms  task=T1
665.1074 	EXP 	window1: recordFrameIntervals = False
665.1147 	INFO 	Mouse: using default window
665.8413 	DATA 	Keypress: o
666.0081 	DATA 	Keypress: w
666.9246 	DATA 	Keypress: n
667.2594 	DATA 	Keypress: e
667.3914 	DATA 	Keypress: y
667.5414 	DATA 	Keypress: e
667.6896 	EXP 	New trial (rep=9, index=5): {'leftStreamFlip': False, 'oneTarget': True, 'trialInstructionPos': (0, -1), 'probe': 'both', 'rightStreamFlip': False, 'horizVert': False, 'ISIframes': 2, 'rightResponseFirst': False}
667.7069 	INFO 	numtrials=360 and this trialDurFrames=4 or 66.6666666667 ms  task=T1
668.7906 	EXP 	window1: recordFrameIntervals = False
668.7977 	INFO 	Mouse: using default window
669.5913 	DATA 	Keypress: r
669.7250 	DATA 	Keypress: i
669.9247 	DATA 	Keypress: g
670.0670 	EXP 	New trial (rep=9, index=6): {'leftStreamFlip': False, 'oneTarget': False, 'trialInstructionPos': (0, 1), 'probe': 'both', 'rightStreamFlip': False, 'horizVert': False, 'ISIframes': 2, 'rightResponseFirst': False}
670.0901 	INFO 	numtrials=360 and this trialDurFrames=4 or 66.6666666667 ms  task=T1
671.3075 	EXP 	window1: recordFrameIntervals = False
671.3155 	INFO 	Mouse: using default window
672.0581 	DATA 	Keypress: n
672.2247 	DATA 	Keypress: e
672.4245 	DATA 	Keypress: t
672.8594 	DATA 	Keypress: o
673.0582 	DATA 	Keypress: w
673.2246 	DATA 	Keypress: n
673.3687 	EXP 	New trial (rep=9, index=7): {'leftStreamFlip': False, 'oneTarget': False, 'trialInstructionPos': (0, -1), 'probe': 'both', 'rightStreamFlip': False, 'horizVert': False, 'ISIframes': 2, 'rightResponseFirst': True}
673.3901 	INFO 	numtrials=360 and this trialDurFrames=4 or 66.6666666667 ms  task=T1
674.5576 	EXP 	window1: recordFrameIntervals = False
674.5646 	INFO 	Mouse: using default window
675.4246 	DATA 	Keypress: i
675.8746 	DATA 	Keypress: backspace
676.3079 	DATA 	Keypress: o
676.4582 	DATA 	Keypress: i
676.6579 	DATA 	Keypress: l
677.7412 	DATA 	Keypress: s
677.8580 	DATA 	Keypress: o
678.3413 	DATA 	Keypress: n
678.4906 	EXP 	New trial (rep=9, index=8): {'leftStreamFlip': False, 'oneTarget': False, 'trialInstructionPos': (0, 1), 'probe': 'both', 'rightStreamFlip': False, 'horizVert': False, 'ISIframes': 2, 'rightResponseFirst': False}
678.5070 	INFO 	numtrials=360 and this trialDurFrames=4 or 66.6666666667 ms  task=T1
679.4905 	EXP 	window1: recordFrameIntervals = False
679.4992 	INFO 	Mouse: using default window
680.5747 	DATA 	Keypress: j
680.7583 	DATA 	Keypress: o
680.9749 	DATA 	Keypress: b
681.3585 	DATA 	Keypress: t
681.5581 	DATA 	Keypress: e
681.7256 	DATA 	Keypress: n
681.8704 	EXP 	New trial (rep=9, index=9): {'leftStreamFlip': False, 'oneTarget': True, 'trialInstructionPos': (0, 1), 'probe': 'both', 'rightStreamFlip': False, 'horizVert': False, 'ISIframes': 2, 'rightResponseFirst': True}
681.8902 	INFO 	numtrials=360 and this trialDurFrames=4 or 66.6666666667 ms  task=T1
682.9907 	EXP 	window1: recordFrameIntervals = False
682.9984 	INFO 	Mouse: using default window
683.8245 	DATA 	Keypress: n
684.0412 	DATA 	Keypress: o
684.1746 	DATA 	Keypress: w
684.3178 	EXP 	New trial (rep=9, index=10): {'leftStreamFlip': False, 'oneTarget': False, 'trialInstructionPos': (0, 1), 'probe': 'both', 'rightStreamFlip': False, 'horizVert': False, 'ISIframes': 2, 'rightResponseFirst': True}
684.3402 	INFO 	numtrials=360 and this trialDurFrames=4 or 66.6666666667 ms  task=T1
685.3409 	EXP 	window1: recordFrameIntervals = False
685.3482 	INFO 	Mouse: using default window
686.5581 	DATA 	Keypress: m
686.6914 	DATA 	Keypress: a
686.8927 	DATA 	Keypress: p
687.6248 	DATA 	Keypress: w
687.8082 	DATA 	Keypress: o
688.0771 	DATA 	Keypress: n
688.2370 	EXP 	New trial (rep=9, index=11): {'leftStreamFlip': False, 'oneTarget': True, 'trialInstructionPos': (0, -1), 'probe': 'both', 'rightStreamFlip': False, 'horizVert': False, 'ISIframes': 2, 'rightResponseFirst': True}
688.2569 	INFO 	numtrials=360 and this trialDurFrames=4 or 66.6666666667 ms  task=T1
689.4576 	EXP 	window1: recordFrameIntervals = False
689.4645 	INFO 	Mouse: using default window
690.2083 	DATA 	Keypress: f
690.4082 	DATA 	Keypress: r
690.5747 	DATA 	Keypress: y
690.7189 	EXP 	New trial (rep=10, index=0): {'leftStreamFlip': False, 'oneTarget': False, 'trialInstructionPos': (0, -1), 'probe': 'both', 'rightStreamFlip': False, 'horizVert': False, 'ISIframes': 2, 'rightResponseFirst': True}
690.7402 	INFO 	numtrials=360 and this trialDurFrames=4 or 66.6666666667 ms  task=T1
691.9076 	EXP 	window1: recordFrameIntervals = False
691.9148 	INFO 	Mouse: using default window
692.9748 	DATA 	Keypress: n
693.2080 	DATA 	Keypress: o
693.3580 	DATA 	Keypress: t
693.8082 	DATA 	Keypress: i
694.2909 	DATA 	Keypress: backspace
694.4745 	DATA 	Keypress: s
694.5750 	DATA 	Keypress: i
694.8767 	DATA 	Keypress: x
695.0392 	EXP 	New trial (rep=10, index=1): {'leftStreamFlip': False, 'oneTarget': False, 'trialInstructionPos': (0, 1), 'probe': 'both', 'rightStreamFlip': False, 'horizVert': False, 'ISIframes': 2, 'rightResponseFirst': False}
695.0569 	INFO 	numtrials=360 and this trialDurFrames=4 or 66.6666666667 ms  task=T1
696.1407 	EXP 	window1: recordFrameIntervals = False
696.1478 	INFO 	Mouse: using default window
696.7411 	DATA 	Keypress: a
697.0412 	DATA 	Keypress: r
697.1583 	DATA 	Keypress: e
697.8748 	DATA 	Keypress: o
698.0245 	DATA 	Keypress: u
698.4083 	DATA 	Keypress: t
698.5538 	EXP 	New trial (rep=10, index=2): {'leftStreamFlip': False, 'oneTarget': True, 'trialInstructionPos': (0, -1), 'probe': 'both', 'rightStreamFlip': False, 'horizVert': False, 'ISIframes': 2, 'rightResponseFirst': True}
698.5736 	INFO 	numtrials=360 and this trialDurFrames=4 or 66.6666666667 ms  task=T1
699.7405 	EXP 	window1: recordFrameIntervals = False
699.7477 	INFO 	Mouse: using default window
701.0916 	DATA 	Keypress: a
701.2594 	DATA 	Keypress: g
701.5079 	DATA 	Keypress: e
701.6501 	EXP 	New trial (rep=10, index=3): {'leftStreamFlip': False, 'oneTarget': False, 'trialInstructionPos': (0, -1), 'probe': 'both', 'rightStreamFlip': False, 'horizVert': False, 'ISIframes': 2, 'rightResponseFirst': False}
701.6735 	INFO 	numtrials=360 and this trialDurFrames=4 or 66.6666666667 ms  task=T1
702.5585 	DATA 	Keypress: a
702.7410 	EXP 	window1: recordFrameIntervals = False
702.7480 	INFO 	Mouse: using default window
704.8471 	DATA 	Keypress: lctrl
705.8580 	DATA 	Keypress: lshift
706.6082 	DATA 	Keypress: z
706.6281 	INFO 	Stopping at 09:20 on 06 Aug 2018
706.6292 	ERROR 	user aborted experiment on keypress with trials done=123 of 361
706.6454 	INFO 	Program terminating normally.
