0.6170 	WARNING 	Monitor specification not found. Creating a temporary one...
18.9220 	EXP 	Created window1 = Window(allowGUI=False, allowStencil=False, autoLog=True, bitsMode=UNKNOWN, blendMode='avg', color=array([-0.7, -0.7, -0.7]), colorSpace='rgb', fullscr=UNKNOWN, gamma=None, lms=UNKNOWN, monitor=<psychopy.monitors.calibTools.Monitor object at 0x1ABA0030>, name='window1', pos=[0, 0], screen=0, size=array([1920, 1080]), stereo=False, units='deg', useFBO=False, useRetina=False, viewOri=0.0, viewPos=None, viewScale=None, waitBlanking=False, winType='pyglet')
18.9220 	INFO 	Mouse: using default window
18.9225 	EXP 	window1: units = 'norm'
19.0064 	EXP 	Created unnamed ImageStim = ImageStim(autoLog=True, color=array([ 1.,  1.,  1.]), colorSpace='rgb', contrast=1.0, depth=0, flipHoriz=False, flipVert=False, image=str(...), interpolate=False, mask=None, maskParams=None, name='unnamed ImageStim', opacity=1.0, ori=0.0, pos=array([-0.5,  0. ]), size=array([ 1.290625  ,  3.24814815]), texRes=128, units='norm', win=Window(...))
19.0814 	EXP 	Created unnamed ImageStim = ImageStim(autoLog=True, color=array([ 1.,  1.,  1.]), colorSpace='rgb', contrast=1.0, depth=0, flipHoriz=False, flipVert=False, image=str(...), interpolate=False, mask=None, maskParams=None, name='unnamed ImageStim', opacity=1.0, ori=0.0, pos=array([ 0.5,  0. ]), size=array([ 1.290625  ,  3.24814815]), texRes=128, units='norm', win=Window(...))
19.0971 	EXP 	Created OKrespZone = GratingStim(autoDraw=False, autoLog=True, color=array([ 1. ,  0.5,  0.5]), colorSpace='rgb', contrast=1.0, depth=0, interpolate=False, mask='gauss', maskParams=None, name='OKrespZone', opacity=1.0, ori=0.0, phase=array([ 0.,  0.]), pos=array([-0.2 , -0.92]), rgbPedestal=array([ 0.,  0.,  0.]), sf=array([ 0.,  0.]), size=array([ 2.3,  0.2]), tex='sin', texRes=256, units='norm', win=Window(...))
19.2371 	EXP 	unnamed ImageStim: size = (1, 2)
19.2371 	EXP 	unnamed ImageStim: size = (1, 2)
90.9882 	DATA 	Mouse: Left button down, pos=(669,37)
91.0047 	EXP 	window1: units = 'deg'
91.0049 	EXP 	window1: units = 'norm'
91.0264 	EXP 	Created OKrespZone = GratingStim(autoDraw=False, autoLog=True, color=array([ 1. ,  0.5,  0.5]), colorSpace='rgb', contrast=1.0, depth=0, interpolate=False, mask='gauss', maskParams=None, name='OKrespZone', opacity=1.0, ori=0.0, phase=array([ 0.,  0.]), pos=array([-0.2 , -0.92]), rgbPedestal=array([ 0.,  0.,  0.]), sf=array([ 0.,  0.]), size=array([ 2.3,  0.2]), tex='sin', texRes=256, units='norm', win=Window(...))
91.1058 	EXP 	Created unnamed ImageStim = ImageStim(autoLog=True, color=array([ 1.,  1.,  1.]), colorSpace='rgb', contrast=1.0, depth=0, flipHoriz=False, flipVert=False, image='abgdj\\PISandConsentForm\\consentForm.png', interpolate=False, mask=None, maskParams=None, name='unnamed ImageStim', opacity=1.0, ori=0.0, pos=array([ 0.,  0.]), size=array([ 1.3375    ,  2.97407407]), texRes=128, units='norm', win=Window(...))
91.1409 	EXP 	Created unnamed GratingStim = GratingStim(autoDraw=False, autoLog=True, color=array([ 1. ,  0.5,  0.5]), colorSpace='rgb', contrast=1.0, depth=0, interpolate=False, mask='gauss', maskParams=None, name='unnamed GratingStim', opacity=1.0, ori=0.0, phase=array([ 0.,  0.]), pos=array([-0.2 , -0.42]), rgbPedestal=array([ 0.,  0.,  0.]), sf=array([ 0.,  0.]), size=array([ 0.3,  0.2]), tex='sin', texRes=256, units='norm', win=Window(...))
91.1771 	EXP 	Created unnamed GratingStim = GratingStim(autoDraw=False, autoLog=True, color=array([ 1. ,  0.5,  0.5]), colorSpace='rgb', contrast=1.0, depth=0, interpolate=False, mask='gauss', maskParams=None, name='unnamed GratingStim', opacity=1.0, ori=0.0, phase=array([ 0.,  0.]), pos=array([ 0.1 , -0.42]), rgbPedestal=array([ 0.,  0.,  0.]), sf=array([ 0.,  0.]), size=array([ 0.3,  0.2]), tex='sin', texRes=256, units='norm', win=Window(...))
91.1978 	EXP 	Created unnamed GratingStim = GratingStim(autoDraw=False, autoLog=True, color=array([ 1. ,  0.5,  0.5]), colorSpace='rgb', contrast=1.0, depth=0, interpolate=False, mask='gauss', maskParams=None, name='unnamed GratingStim', opacity=1.0, ori=0.0, phase=array([ 0.,  0.]), pos=array([-0.2 , -0.72]), rgbPedestal=array([ 0.,  0.,  0.]), sf=array([ 0.,  0.]), size=array([ 0.3,  0.2]), tex='sin', texRes=256, units='norm', win=Window(...))
91.2186 	EXP 	Created unnamed GratingStim = GratingStim(autoDraw=False, autoLog=True, color=array([ 1. ,  0.5,  0.5]), colorSpace='rgb', contrast=1.0, depth=0, interpolate=False, mask='gauss', maskParams=None, name='unnamed GratingStim', opacity=1.0, ori=0.0, phase=array([ 0.,  0.]), pos=array([ 0.1 , -0.72]), rgbPedestal=array([ 0.,  0.,  0.]), sf=array([ 0.,  0.]), size=array([ 0.3,  0.2]), tex='sin', texRes=256, units='norm', win=Window(...))
91.2213 	DATA 	Mouse:  Left button up, pos=(669,37)
91.2263 	EXP 	unnamed ImageStim: size = (1.1, 2)
100.7049 	DATA 	Mouse: Left button down, pos=(772,309)
100.8401 	DATA 	Mouse:  Left button up, pos=(772,309)
104.3383 	DATA 	Mouse: Left button down, pos=(765,143)
104.4740 	DATA 	Mouse:  Left button up, pos=(765,143)
105.5384 	DATA 	Mouse: Left button down, pos=(726,43)
105.5548 	EXP 	window1: units = 'deg'
105.5604 	EXP 	window1: mouseVisible = True
118.9056 	EXP 	Created window1 = Window(allowGUI=False, allowStencil=False, autoLog=True, bitsMode=UNKNOWN, blendMode='avg', color=array([-0.7, -0.7, -0.7]), colorSpace='rgb', fullscr=UNKNOWN, gamma=None, lms=UNKNOWN, monitor=<psychopy.monitors.calibTools.Monitor object at 0x1ABA0030>, name='window1', pos=[0, 0], screen=0, size=array([1920, 1080]), stereo=False, units='deg', useFBO=False, useRetina=False, viewOri=0.0, viewPos=None, viewScale=None, waitBlanking=False, winType='pyglet')
123.2723 	INFO 	#[ PsychoPy2 RuntimeInfoStart ]
  #[[ PsychoPy ]] #---------
    psychopyVersion: 1.84.2
    psychopyHaveExtRush: True
  #[[ Experiment ]] #---------
    experimentAuthor: None
    experimentAuthVersion: None
    experimentRunTime: 2018_08_06 12:05 (Year_Month_Day Hour:Min)
    experimentRunTime.epoch: 1533521122
    experimentScript: psyc1002.py
    experimentScript.digestSHA1: 03993779484d600ea4c1b8cc2288f3d37a5025d5
    experimentScript.directory: U:\PSYC1002\abgdj
  #[[ System ]] #---------
    systemHaveInternetAccess: True
    systemHostName: W5FH2LG2
    systemLocale: English_United States.1252
    systemMemFreeRAM: 4179.94921875
    systemMemTotalRAM: 8076.9453125
    systemPlatform: windowsversion=sys.getwindowsversion(major=6, minor=2, build=9200, platform=2, service_pack='')
    systemPyo.InputDevices: {4: {'host api index': 2, 'latency': 0.008707483299076557, 'default sr': 44100, 'name': u'Realtek ASIO'}}
    systemPyo.OutputDevices: {0: {'host api index': 0, 'latency': 0.09000000357627869, 'default sr': 44100, 'name': u'Microsoft Sound Mapper - Output'}, 1: {'host api index': 0, 'latency': 0.09000000357627869, 'default sr': 44100, 'name': u'Speakers / Headphones (Realtek '}, 2: {'host api index': 1, 'latency': 0.11999999731779099, 'default sr': 44100, 'name': u'Primary Sound Driver'}, 3: {'host api index': 1, 'latency': 0.11999999731779099, 'default sr': 44100, 'name': u'Speakers / Headphones (Realtek High Definition Audio)'}, 4: {'host api index': 2, 'latency': 0.008707483299076557, 'default sr': 44100, 'name': u'Realtek ASIO'}, 5: {'host api index': 3, 'latency': 0.003000000026077032, 'default sr': 48000, 'name': u'Speakers / Headphones (Realtek High Definition Audio)'}}
    systemPyoVersion: 0.8.0
    systemRebooted: System Boot Time:          8/6/2018, 2:30:38 AM
    systemSec.pythonSSL: True
    systemTimeNumpySD1000000_sec: 0.0097
    systemUser: cpol2788
    systemUserID: 1000
    systemUserProcCmdPid: LabStatsUserSpace.exe dwm.exe TiWorker.exe CmRcService.exe nierserver.exe LabStatsClient.exe tagsrv.exe SearchUI.exe OneDrive.exe nipxism.exe SettingSyncHost.exe TrustedInstaller.exe niLxiDiscovery.exe SecurityHealthService.exe redirector.exe SearchProtocolHost.exe server_admin.exe pc-client.exe lkads.exe svchost.exe smartscreen.exe ni_usbmon.exe AGSService.exe System SISIDSService.exe SelfServicePlugin.exe explorer.exe smss.exe ApplicationWebServer.exe RuntimeBroker.exe acrotray.exe niauth_daemon.exe cmd.exe nidmsrv.exe Receiver.exe SISIPSService.exe WmiApSrv.exe lktsrv.exe lsass.exe python.exe RtkNGUI64.exe sisipsutil.exe AdobeUpdateService.exe armsvc.exe policyHost.exe ssonsvr.exe concentr.exe nidevldu.exe taskhostw.exe ctfmon.exe RAVBg64.exe ''Memory Compression'' NIWebServiceContainer.exe nimxs.exe RtkAudioService64.exe SystemWebServer.exe tasklist.exe snowagent.exe CcmExec.exe SearchFilterHost.exe SmcGui.exe nicitdl5.exe ''System Idle Process'' services.exe niDiscSvc.exe sqlwriter.exe MSASCuiL.exe SCNotification.exe nimdnsResponder.exe server_runtime.exe sihost.exe backgroundTaskHost.exe spoolsv.exe wininit.exe winlogon.exe ShellExperienceHost.exe nidevmon.exe SearchIndexer.exe csrss.exe WmiPrvSE.exe audiodg.exe fontdrvhost.exe dllhost.exe unsecapp.exe ccSvcHst.exe wfcrun32.exe nisvcloc.exe server_eventlog.exe lkcitdl.exe AuthManSvr.exe conhost.exe
    systemUserProcCount: 181
    systemUserProcFlagged: Explorer
    systemUsersCount: False
  #[[ Window ]] #---------
    windowWinType: pyglet
    windowWaitBlanking: False
    windowUseNativeGamma: True
    windowUnits: deg
    windowSize_pix: [1920 1080]
    windowScreen: 0
    windowRgb: [-0.7 -0.7 -0.7]
    windowRefreshTimeSD_ms: 0.151
    windowRefreshTimeMedian_ms: 16.688
    windowRefreshTimeAvg_ms: 16.671
    windowRefreshThreshold_sec: 0.0200
    windowRecordFrameIntervals: False
    windowPos_pix: [0, 0]
    windowMonitor.name: testmonitor
    windowMonitor.getWidth_cm: 57.0
    windowMonitor.getLinearizeMethod: 1
    windowMonitor.getGammaGrid: [[  0.   1.   1.  nan  nan  nan]
 [  0.   1.   1.  nan  nan  nan]
 [  0.   1.   1.  nan  nan  nan]
 [  0.   1.   1.  nan  nan  nan]]
    windowMonitor.getDistance_cm: 57.0
    windowMonitor.gammaInterpolator2: None
    windowMonitor.gammaInterpolator: None
    windowMonitor.currentCalibName: 2018_08_06 12:03
    windowIsFullScr: True
    windowHaveShaders: True
    windowAllowGUI: False
  #[[ Python ]] #---------
    pythonWxVersion: 3.0.2.0 msw (classic)
    pythonVersion: 2.7.11
    pythonScipyVersion: 0.17.1
    pythonPygletVersion: 1.2.4
    pythonPygameVersion: 1.9.2pre
    pythonNumpyVersion: 1.11.0
    pythonMatplotlibVersion: 1.5.1
    pythonFullVersion: 2.7.11 (v2.7.11:6d1b6a68f775, Dec  5 2015, 20:32:19) [MSC v.1500 32 bit (Intel)]
    pythonExecutable: C:\Program Files (x86)\PsychoPy2\python.exe
  #[[ OpenGL ]] #---------
    openGLVersion: 4.4.0 - Build 21.20.16.4627
    openGLVendor: Intel
    openGLRenderingEngine: Intel(R) HD Graphics 530
    openGLmaxVerticesInVertexArray: 1048576
    False: openGLext.GL_STEREO
    True: openGLext.GL_EXT_framebuffer_object
    True: openGLext.GL_ARB_vertex_shader
    True: openGLext.GL_ARB_texture_non_power_of_two
    True: openGLext.GL_ARB_texture_float
    True: openGLext.GL_ARB_shader_objects
    True: openGLext.GL_ARB_multitexture
    True: openGLext.GL_ARB_fragment_program
#[ PsychoPy2 RuntimeInfoEnd ]

123.3213 	EXP 	window1: recordFrameIntervals = True
124.1549 	EXP 	window1: recordFrameIntervals = False
124.1551 	INFO 	Frames per second ~=60.0, which is close enough to desired val of 60.0
124.6720 	EXP 	Created sequence: random, trialTypes=12, nReps=30, seed=None
124.8189 	INFO 	Mouse: using default window
124.8422 	EXP 	Created OKrespZone = GratingStim(autoDraw=False, autoLog=True, color=array([ 1.,  1.,  1.]), colorSpace='rgb', contrast=1.0, depth=0, interpolate=False, mask='gauss', maskParams=None, name='OKrespZone', opacity=1.0, ori=0.0, phase=array([ 0.,  0.]), pos=array([ 0.  ,  0.88]), rgbPedestal=array([ 0.,  0.,  0.]), sf=array([ 0.,  0.]), size=array([ 2. ,  0.2]), tex='sin', texRes=256, units='norm', win=Window(...))
131.6328 	DATA 	Mouse: Left button down, pos=(114,950)
131.7517 	DATA 	Mouse:  Left button up, pos=(114,950)
142.6082 	DATA 	Mouse: Left button down, pos=(131,189)
142.7357 	DATA 	Mouse:  Left button up, pos=(131,189)
155.9449 	DATA 	Mouse: Left button down, pos=(1778,673)
156.0477 	DATA 	Mouse:  Left button up, pos=(1778,673)
172.5038 	DATA 	Mouse: Left button down, pos=(337,472)
172.5996 	DATA 	Mouse:  Left button up, pos=(337,472)
182.9360 	DATA 	Mouse: Left button down, pos=(291,610)
183.0475 	DATA 	Mouse:  Left button up, pos=(291,610)
185.7126 	DATA 	Mouse: Left button down, pos=(519,880)
185.7916 	DATA 	Mouse:  Left button up, pos=(519,880)
202.0323 	DATA 	Mouse: Left button down, pos=(325,332)
202.1357 	DATA 	Mouse:  Left button up, pos=(325,332)
223.8959 	DATA 	Mouse: Left button down, pos=(758,610)
224.0316 	DATA 	Mouse:  Left button up, pos=(758,610)
243.9127 	DATA 	Mouse: Left button down, pos=(575,256)
243.9996 	DATA 	Mouse:  Left button up, pos=(575,256)
251.9686 	DATA 	Mouse: Left button down, pos=(971,907)
252.0475 	DATA 	Mouse:  Left button up, pos=(971,907)
264.8318 	DATA 	Mouse: Left button down, pos=(1141,678)
264.9676 	DATA 	Mouse:  Left button up, pos=(1141,678)
302.0717 	DATA 	Mouse: Left button down, pos=(1758,194)
302.1754 	DATA 	Mouse:  Left button up, pos=(1758,191)
317.5678 	DATA 	Mouse: Left button down, pos=(866,1019)
317.5898 	INFO 	Experiment will have 360 trials. Letters will be drawn with superposed noise of 0.00%
317.6089 	EXP 	New trial (rep=0, index=0): {'leftStreamFlip': False, 'oneTarget': False, 'trialInstructionPos': (0, -1), 'probe': 'both', 'rightStreamFlip': False, 'horizVert': True, 'ISIframes': 2, 'rightResponseFirst': True}
317.6090 	INFO 	Starting main part of experiment
317.6726 	DATA 	Mouse:  Left button up, pos=(866,1019)
318.7881 	INFO 	numtrials=360 and this trialDurFrames=28 or 466.666666667 ms  task=T1
320.6880 	EXP 	window1: recordFrameIntervals = False
320.6985 	INFO 	Mouse: using default window
343.2383 	DATA 	Keypress: t
343.3382 	DATA 	Keypress: o
343.4049 	DATA 	Keypress: p
356.2550 	DATA 	Keypress: b
356.6552 	DATA 	Keypress: o
356.8548 	DATA 	Keypress: t
357.0266 	EXP 	New trial (rep=0, index=1): {'leftStreamFlip': False, 'oneTarget': True, 'trialInstructionPos': (0, 1), 'probe': 'both', 'rightStreamFlip': False, 'horizVert': True, 'ISIframes': 2, 'rightResponseFirst': True}
363.7217 	DATA 	Mouse: Left button down, pos=(749,736)
363.8382 	DATA 	Mouse:  Left button up, pos=(749,736)
364.3716 	DATA 	Keypress: space
365.5714 	INFO 	numtrials=360 and this trialDurFrames=22 or 366.666666667 ms  task=T1
367.5713 	EXP 	window1: recordFrameIntervals = False
367.5789 	INFO 	Mouse: using default window
369.0550 	DATA 	Keypress: c
369.3384 	DATA 	Keypress: o
369.4051 	DATA 	Keypress: p
369.5538 	EXP 	New trial (rep=0, index=2): {'leftStreamFlip': False, 'oneTarget': False, 'trialInstructionPos': (0, 1), 'probe': 'both', 'rightStreamFlip': False, 'horizVert': True, 'ISIframes': 2, 'rightResponseFirst': True}
369.5717 	INFO 	numtrials=360 and this trialDurFrames=18 or 300.0 ms  task=T1
371.3381 	EXP 	window1: recordFrameIntervals = False
371.3458 	INFO 	Mouse: using default window
373.3219 	DATA 	Keypress: a
373.4882 	DATA 	Keypress: y
373.5884 	DATA 	Keypress: e
376.6050 	DATA 	Keypress: k
376.7548 	DATA 	Keypress: e
377.0549 	DATA 	Keypress: y
377.2006 	EXP 	New trial (rep=0, index=3): {'leftStreamFlip': False, 'oneTarget': True, 'trialInstructionPos': (0, 1), 'probe': 'both', 'rightStreamFlip': False, 'horizVert': True, 'ISIframes': 2, 'rightResponseFirst': False}
377.2218 	INFO 	numtrials=360 and this trialDurFrames=18 or 300.0 ms  task=T1
378.5047 	EXP 	window1: recordFrameIntervals = False
378.5134 	INFO 	Mouse: using default window
380.0562 	DATA 	Keypress: l
380.1882 	DATA 	Keypress: a
380.3217 	DATA 	Keypress: d
380.4660 	EXP 	New trial (rep=0, index=4): {'leftStreamFlip': False, 'oneTarget': True, 'trialInstructionPos': (0, -1), 'probe': 'both', 'rightStreamFlip': False, 'horizVert': True, 'ISIframes': 2, 'rightResponseFirst': True}
384.6550 	DATA 	Keypress: space
384.6879 	INFO 	numtrials=360 and this trialDurFrames=14 or 233.333333333 ms  task=T1
385.9046 	EXP 	window1: recordFrameIntervals = False
385.9129 	INFO 	Mouse: using default window
386.9716 	DATA 	Keypress: a
387.0549 	DATA 	Keypress: s
387.2548 	DATA 	Keypress: s
387.4008 	EXP 	New trial (rep=0, index=5): {'leftStreamFlip': False, 'oneTarget': False, 'trialInstructionPos': (0, -1), 'probe': 'both', 'rightStreamFlip': False, 'horizVert': True, 'ISIframes': 2, 'rightResponseFirst': False}
387.4208 	INFO 	numtrials=360 and this trialDurFrames=4 or 66.6666666667 ms  task=T1
388.4547 	EXP 	window1: recordFrameIntervals = False
388.4630 	INFO 	Mouse: using default window
390.5716 	DATA 	Keypress: f
390.8562 	DATA 	Keypress: e
391.0048 	DATA 	Keypress: e
392.3883 	DATA 	Keypress: f
392.4722 	DATA 	Keypress: e
392.7215 	DATA 	Keypress: e
392.8655 	EXP 	New trial (rep=0, index=6): {'leftStreamFlip': False, 'oneTarget': False, 'trialInstructionPos': (0, 1), 'probe': 'both', 'rightStreamFlip': False, 'horizVert': True, 'ISIframes': 2, 'rightResponseFirst': True}
392.8876 	INFO 	numtrials=360 and this trialDurFrames=4 or 66.6666666667 ms  task=T1
394.0880 	EXP 	window1: recordFrameIntervals = False
394.0968 	INFO 	Mouse: using default window
395.4883 	DATA 	Keypress: b
395.5885 	DATA 	Keypress: e
395.7215 	DATA 	Keypress: e
399.5214 	DATA 	Keypress: t
399.6049 	DATA 	Keypress: e
399.7715 	DATA 	Keypress: e
399.9143 	EXP 	New trial (rep=0, index=7): {'leftStreamFlip': False, 'oneTarget': True, 'trialInstructionPos': (0, -1), 'probe': 'both', 'rightStreamFlip': False, 'horizVert': True, 'ISIframes': 2, 'rightResponseFirst': False}
399.9375 	INFO 	numtrials=360 and this trialDurFrames=3 or 50.0 ms  task=T1
401.0380 	EXP 	window1: recordFrameIntervals = False
401.0465 	INFO 	Mouse: using default window
402.5716 	DATA 	Keypress: j
402.6048 	DATA 	Keypress: a
402.8048 	DATA 	Keypress: s
402.9479 	EXP 	New trial (rep=0, index=8): {'leftStreamFlip': False, 'oneTarget': False, 'trialInstructionPos': (0, 1), 'probe': 'both', 'rightStreamFlip': False, 'horizVert': True, 'ISIframes': 2, 'rightResponseFirst': False}
402.9709 	INFO 	numtrials=360 and this trialDurFrames=4 or 66.6666666667 ms  task=T1
404.0379 	EXP 	window1: recordFrameIntervals = False
404.0463 	INFO 	Mouse: using default window
406.6883 	DATA 	Keypress: s
406.9549 	DATA 	Keypress: a
407.2382 	DATA 	Keypress: p
408.6383 	DATA 	Keypress: t
408.8884 	DATA 	Keypress: o
408.9715 	DATA 	Keypress: p
409.1160 	EXP 	New trial (rep=0, index=9): {'leftStreamFlip': False, 'oneTarget': False, 'trialInstructionPos': (0, 1), 'probe': 'both', 'rightStreamFlip': False, 'horizVert': True, 'ISIframes': 2, 'rightResponseFirst': False}
409.1374 	INFO 	numtrials=360 and this trialDurFrames=4 or 66.6666666667 ms  task=T1
410.2213 	EXP 	window1: recordFrameIntervals = False
410.2297 	INFO 	Mouse: using default window
413.6384 	DATA 	Keypress: s
413.8549 	DATA 	Keypress: a
414.0216 	DATA 	Keypress: t
416.2882 	DATA 	Keypress: b
416.4049 	DATA 	Keypress: a
416.6716 	DATA 	Keypress: t
416.8166 	EXP 	New trial (rep=0, index=10): {'leftStreamFlip': False, 'oneTarget': False, 'trialInstructionPos': (0, -1), 'probe': 'both', 'rightStreamFlip': False, 'horizVert': True, 'ISIframes': 2, 'rightResponseFirst': False}
416.8377 	INFO 	numtrials=360 and this trialDurFrames=4 or 66.6666666667 ms  task=T1
418.0549 	EXP 	window1: recordFrameIntervals = False
418.0639 	INFO 	Mouse: using default window
422.3215 	DATA 	Keypress: t
422.3550 	DATA 	Keypress: r
422.6716 	DATA 	Keypress: a
424.0383 	DATA 	Keypress: a
424.3219 	DATA 	Keypress: c
424.4049 	DATA 	Keypress: e
424.5490 	EXP 	New trial (rep=0, index=11): {'leftStreamFlip': False, 'oneTarget': False, 'trialInstructionPos': (0, -1), 'probe': 'both', 'rightStreamFlip': False, 'horizVert': True, 'ISIframes': 2, 'rightResponseFirst': True}
424.5708 	INFO 	numtrials=360 and this trialDurFrames=4 or 66.6666666667 ms  task=T1
425.5548 	EXP 	window1: recordFrameIntervals = False
425.5636 	INFO 	Mouse: using default window
431.5716 	DATA 	Keypress: p
431.6549 	DATA 	Keypress: i
431.7217 	DATA 	Keypress: e
432.4562 	DATA 	Keypress: d
432.5715 	DATA 	Keypress: i
432.6383 	DATA 	Keypress: e
432.7826 	EXP 	New trial (rep=1, index=0): {'leftStreamFlip': False, 'oneTarget': True, 'trialInstructionPos': (0, 1), 'probe': 'both', 'rightStreamFlip': False, 'horizVert': True, 'ISIframes': 2, 'rightResponseFirst': False}
432.8042 	INFO 	numtrials=360 and this trialDurFrames=4 or 66.6666666667 ms  task=T1
433.7880 	EXP 	window1: recordFrameIntervals = False
433.7961 	INFO 	Mouse: using default window
434.7716 	DATA 	Keypress: m
434.7788 	DATA 	Keypress: e
434.9215 	DATA 	Keypress: t
435.0861 	EXP 	New trial (rep=1, index=1): {'leftStreamFlip': False, 'oneTarget': True, 'trialInstructionPos': (0, -1), 'probe': 'both', 'rightStreamFlip': False, 'horizVert': True, 'ISIframes': 2, 'rightResponseFirst': False}
435.1044 	INFO 	numtrials=360 and this trialDurFrames=4 or 66.6666666667 ms  task=T1
436.1715 	EXP 	window1: recordFrameIntervals = False
436.1803 	INFO 	Mouse: using default window
436.8716 	DATA 	Keypress: r
436.9215 	DATA 	Keypress: a
437.1217 	DATA 	Keypress: n
437.2631 	EXP 	New trial (rep=1, index=2): {'leftStreamFlip': False, 'oneTarget': False, 'trialInstructionPos': (0, -1), 'probe': 'both', 'rightStreamFlip': False, 'horizVert': True, 'ISIframes': 2, 'rightResponseFirst': True}
437.2879 	INFO 	numtrials=360 and this trialDurFrames=3 or 50.0 ms  task=T1
438.4379 	EXP 	window1: recordFrameIntervals = False
438.4462 	INFO 	Mouse: using default window
441.3883 	DATA 	Keypress: t
441.4716 	DATA 	Keypress: o
441.6215 	DATA 	Keypress: p
442.9053 	DATA 	Keypress: d
443.0216 	DATA 	Keypress: o
443.1548 	DATA 	Keypress: c
443.2994 	EXP 	New trial (rep=1, index=3): {'leftStreamFlip': False, 'oneTarget': False, 'trialInstructionPos': (0, -1), 'probe': 'both', 'rightStreamFlip': False, 'horizVert': True, 'ISIframes': 2, 'rightResponseFirst': False}
443.3212 	INFO 	numtrials=360 and this trialDurFrames=3 or 50.0 ms  task=T1
444.3046 	EXP 	window1: recordFrameIntervals = False
444.3128 	INFO 	Mouse: using default window
449.7715 	DATA 	Keypress: b
449.7892 	DATA 	Keypress: e
450.1050 	DATA 	Keypress: c
452.1549 	DATA 	Keypress: g
452.2216 	DATA 	Keypress: e
452.4883 	DATA 	Keypress: t
452.6326 	EXP 	New trial (rep=1, index=4): {'leftStreamFlip': False, 'oneTarget': False, 'trialInstructionPos': (0, 1), 'probe': 'both', 'rightStreamFlip': False, 'horizVert': True, 'ISIframes': 2, 'rightResponseFirst': False}
452.6541 	INFO 	numtrials=360 and this trialDurFrames=4 or 66.6666666667 ms  task=T1
453.6879 	EXP 	window1: recordFrameIntervals = False
453.6961 	INFO 	Mouse: using default window
456.0716 	DATA 	Keypress: p
456.1383 	DATA 	Keypress: o
456.2882 	DATA 	Keypress: p
456.8217 	DATA 	Keypress: b
456.8562 	DATA 	Keypress: a
457.1715 	DATA 	Keypress: d
457.3164 	EXP 	New trial (rep=1, index=5): {'leftStreamFlip': False, 'oneTarget': False, 'trialInstructionPos': (0, 1), 'probe': 'both', 'rightStreamFlip': False, 'horizVert': True, 'ISIframes': 2, 'rightResponseFirst': False}
457.3375 	INFO 	numtrials=360 and this trialDurFrames=4 or 66.6666666667 ms  task=T1
458.3380 	EXP 	window1: recordFrameIntervals = False
458.3466 	INFO 	Mouse: using default window
463.2883 	DATA 	Keypress: i
463.4050 	DATA 	Keypress: d
463.5883 	DATA 	Keypress: k
464.5216 	DATA 	Keypress: g
464.7051 	DATA 	Keypress: u
465.5715 	DATA 	Keypress: m
465.7159 	EXP 	New trial (rep=1, index=6): {'leftStreamFlip': False, 'oneTarget': True, 'trialInstructionPos': (0, 1), 'probe': 'both', 'rightStreamFlip': False, 'horizVert': True, 'ISIframes': 2, 'rightResponseFirst': True}
465.7377 	INFO 	numtrials=360 and this trialDurFrames=4 or 66.6666666667 ms  task=T1
466.8547 	EXP 	window1: recordFrameIntervals = False
466.8627 	INFO 	Mouse: using default window
468.9216 	DATA 	Keypress: w
469.0723 	DATA 	Keypress: h
469.1716 	DATA 	Keypress: o
469.3169 	EXP 	New trial (rep=1, index=7): {'leftStreamFlip': False, 'oneTarget': False, 'trialInstructionPos': (0, 1), 'probe': 'both', 'rightStreamFlip': False, 'horizVert': True, 'ISIframes': 2, 'rightResponseFirst': True}
469.3374 	INFO 	numtrials=360 and this trialDurFrames=4 or 66.6666666667 ms  task=T1
470.4214 	EXP 	window1: recordFrameIntervals = False
470.4295 	INFO 	Mouse: using default window
472.3215 	DATA 	Keypress: w
472.4566 	DATA 	Keypress: h
472.5051 	DATA 	Keypress: a
473.7215 	DATA 	Keypress: n
473.8882 	DATA 	Keypress: u
474.0049 	DATA 	Keypress: t
474.2078 	EXP 	New trial (rep=1, index=8): {'leftStreamFlip': False, 'oneTarget': False, 'trialInstructionPos': (0, -1), 'probe': 'both', 'rightStreamFlip': False, 'horizVert': True, 'ISIframes': 2, 'rightResponseFirst': True}
474.2210 	INFO 	numtrials=360 and this trialDurFrames=4 or 66.6666666667 ms  task=T1
475.2381 	EXP 	window1: recordFrameIntervals = False
475.2465 	INFO 	Mouse: using default window
478.0549 	DATA 	Keypress: d
478.2216 	DATA 	Keypress: u
478.4215 	DATA 	Keypress: g
479.3715 	DATA 	Keypress: d
479.5551 	DATA 	Keypress: i
479.7050 	DATA 	Keypress: g
479.8511 	EXP 	New trial (rep=1, index=9): {'leftStreamFlip': False, 'oneTarget': False, 'trialInstructionPos': (0, 1), 'probe': 'both', 'rightStreamFlip': False, 'horizVert': True, 'ISIframes': 2, 'rightResponseFirst': True}
479.8709 	INFO 	numtrials=360 and this trialDurFrames=4 or 66.6666666667 ms  task=T1
480.9213 	EXP 	window1: recordFrameIntervals = False
480.9297 	INFO 	Mouse: using default window
482.1382 	DATA 	Keypress: m
482.1882 	DATA 	Keypress: a
482.3382 	DATA 	Keypress: n
485.1048 	DATA 	Keypress: p
485.2218 	DATA 	Keypress: a
485.3717 	DATA 	Keypress: n
485.5162 	EXP 	New trial (rep=1, index=10): {'leftStreamFlip': False, 'oneTarget': False, 'trialInstructionPos': (0, -1), 'probe': 'both', 'rightStreamFlip': False, 'horizVert': True, 'ISIframes': 2, 'rightResponseFirst': False}
485.5380 	INFO 	numtrials=360 and this trialDurFrames=4 or 66.6666666667 ms  task=T1
486.5380 	EXP 	window1: recordFrameIntervals = False
486.5465 	INFO 	Mouse: using default window
487.5549 	DATA 	Keypress: s
487.7381 	DATA 	Keypress: a
487.8882 	DATA 	Keypress: d
488.5549 	DATA 	Keypress: t
488.8560 	DATA 	Keypress: a
489.0050 	DATA 	Keypress: t
489.1496 	EXP 	New trial (rep=1, index=11): {'leftStreamFlip': False, 'oneTarget': True, 'trialInstructionPos': (0, -1), 'probe': 'both', 'rightStreamFlip': False, 'horizVert': True, 'ISIframes': 2, 'rightResponseFirst': True}
489.1707 	INFO 	numtrials=360 and this trialDurFrames=3 or 50.0 ms  task=T1
490.3713 	EXP 	window1: recordFrameIntervals = False
490.3805 	INFO 	Mouse: using default window
491.2883 	DATA 	Keypress: r
491.4387 	DATA 	Keypress: o
491.7048 	DATA 	Keypress: b
491.8480 	EXP 	New trial (rep=2, index=0): {'leftStreamFlip': False, 'oneTarget': True, 'trialInstructionPos': (0, 1), 'probe': 'both', 'rightStreamFlip': False, 'horizVert': True, 'ISIframes': 2, 'rightResponseFirst': False}
491.8708 	INFO 	numtrials=360 and this trialDurFrames=3 or 50.0 ms  task=T1
492.9046 	EXP 	window1: recordFrameIntervals = False
492.9128 	INFO 	Mouse: using default window
498.0403 	DATA 	Keypress: s
498.2557 	DATA 	Keypress: o
498.5382 	DATA 	Keypress: t
498.6799 	EXP 	New trial (rep=2, index=1): {'leftStreamFlip': False, 'oneTarget': False, 'trialInstructionPos': (0, 1), 'probe': 'both', 'rightStreamFlip': False, 'horizVert': True, 'ISIframes': 2, 'rightResponseFirst': True}
498.7044 	INFO 	numtrials=360 and this trialDurFrames=3 or 50.0 ms  task=T1
499.8713 	EXP 	window1: recordFrameIntervals = False
499.8798 	INFO 	Mouse: using default window
500.9883 	DATA 	Keypress: j
501.1049 	DATA 	Keypress: a
501.2048 	DATA 	Keypress: w
502.4550 	DATA 	Keypress: p
502.5051 	DATA 	Keypress: a
503.2216 	DATA 	Keypress: w
503.3658 	EXP 	New trial (rep=2, index=2): {'leftStreamFlip': False, 'oneTarget': True, 'trialInstructionPos': (0, -1), 'probe': 'both', 'rightStreamFlip': False, 'horizVert': True, 'ISIframes': 2, 'rightResponseFirst': True}
503.3878 	INFO 	numtrials=360 and this trialDurFrames=3 or 50.0 ms  task=T1
504.4547 	EXP 	window1: recordFrameIntervals = False
504.4631 	INFO 	Mouse: using default window
505.5048 	DATA 	Keypress: q
506.2881 	DATA 	Keypress: backspace
506.6049 	DATA 	Keypress: w
506.8883 	DATA 	Keypress: i
507.1049 	DATA 	Keypress: n
507.2499 	EXP 	New trial (rep=2, index=3): {'leftStreamFlip': False, 'oneTarget': False, 'trialInstructionPos': (0, -1), 'probe': 'both', 'rightStreamFlip': False, 'horizVert': True, 'ISIframes': 2, 'rightResponseFirst': False}
507.2704 	INFO 	numtrials=360 and this trialDurFrames=4 or 66.6666666667 ms  task=T1
508.4547 	EXP 	window1: recordFrameIntervals = False
508.4639 	INFO 	Mouse: using default window
511.0550 	DATA 	Keypress: c
511.2549 	DATA 	Keypress: u
511.3884 	DATA 	Keypress: t
514.0048 	DATA 	Keypress: b
514.1883 	DATA 	Keypress: u
514.2215 	DATA 	Keypress: t
514.3664 	EXP 	New trial (rep=2, index=4): {'leftStreamFlip': False, 'oneTarget': False, 'trialInstructionPos': (0, -1), 'probe': 'both', 'rightStreamFlip': False, 'horizVert': True, 'ISIframes': 2, 'rightResponseFirst': True}
514.3874 	INFO 	numtrials=360 and this trialDurFrames=4 or 66.6666666667 ms  task=T1
515.3880 	EXP 	window1: recordFrameIntervals = False
515.3964 	INFO 	Mouse: using default window
517.3216 	DATA 	Keypress: d
517.4717 	DATA 	Keypress: i
517.6048 	DATA 	Keypress: g
519.8048 	DATA 	Keypress: w
519.9049 	DATA 	Keypress: i
520.1381 	DATA 	Keypress: g
520.2826 	EXP 	New trial (rep=2, index=5): {'leftStreamFlip': False, 'oneTarget': False, 'trialInstructionPos': (0, 1), 'probe': 'both', 'rightStreamFlip': False, 'horizVert': True, 'ISIframes': 2, 'rightResponseFirst': True}
520.3038 	INFO 	numtrials=360 and this trialDurFrames=4 or 66.6666666667 ms  task=T1
521.3546 	EXP 	window1: recordFrameIntervals = False
521.3630 	INFO 	Mouse: using default window
522.3215 	DATA 	Keypress: b
522.4216 	DATA 	Keypress: y
522.5052 	DATA 	Keypress: w
524.9883 	DATA 	Keypress: b
525.0883 	DATA 	Keypress: y
525.2398 	DATA 	Keypress: e
525.3999 	EXP 	New trial (rep=2, index=6): {'leftStreamFlip': False, 'oneTarget': True, 'trialInstructionPos': (0, 1), 'probe': 'both', 'rightStreamFlip': False, 'horizVert': True, 'ISIframes': 2, 'rightResponseFirst': True}
525.4208 	INFO 	numtrials=360 and this trialDurFrames=4 or 66.6666666667 ms  task=T1
526.4877 	EXP 	window1: recordFrameIntervals = False
526.4961 	INFO 	Mouse: using default window
527.3717 	DATA 	Keypress: g
527.5049 	DATA 	Keypress: u
527.6382 	DATA 	Keypress: n
527.7826 	EXP 	New trial (rep=2, index=7): {'leftStreamFlip': False, 'oneTarget': False, 'trialInstructionPos': (0, -1), 'probe': 'both', 'rightStreamFlip': False, 'horizVert': True, 'ISIframes': 2, 'rightResponseFirst': False}
527.8039 	INFO 	numtrials=360 and this trialDurFrames=4 or 66.6666666667 ms  task=T1
528.8879 	EXP 	window1: recordFrameIntervals = False
528.8964 	INFO 	Mouse: using default window
529.7716 	DATA 	Keypress: g
529.8549 	DATA 	Keypress: a
530.0382 	DATA 	Keypress: l
531.2562 	DATA 	Keypress: g
531.3883 	DATA 	Keypress: a
531.4883 	DATA 	Keypress: l
531.6328 	EXP 	New trial (rep=2, index=8): {'leftStreamFlip': False, 'oneTarget': False, 'trialInstructionPos': (0, -1), 'probe': 'both', 'rightStreamFlip': False, 'horizVert': True, 'ISIframes': 2, 'rightResponseFirst': True}
531.6541 	INFO 	numtrials=360 and this trialDurFrames=4 or 66.6666666667 ms  task=T1
532.8712 	EXP 	window1: recordFrameIntervals = False
532.8803 	INFO 	Mouse: using default window
534.2216 	DATA 	Keypress: d
534.4050 	DATA 	Keypress: u
534.4553 	DATA 	Keypress: e
536.0547 	DATA 	Keypress: p
536.1216 	DATA 	Keypress: e
536.2216 	DATA 	Keypress: w
536.3686 	EXP 	New trial (rep=2, index=9): {'leftStreamFlip': False, 'oneTarget': False, 'trialInstructionPos': (0, 1), 'probe': 'both', 'rightStreamFlip': False, 'horizVert': True, 'ISIframes': 2, 'rightResponseFirst': False}
536.3875 	INFO 	numtrials=360 and this trialDurFrames=4 or 66.6666666667 ms  task=T1
537.5714 	EXP 	window1: recordFrameIntervals = False
537.5796 	INFO 	Mouse: using default window
539.1050 	DATA 	Keypress: r
539.2716 	DATA 	Keypress: o
539.3883 	DATA 	Keypress: d
542.4716 	DATA 	Keypress: g
542.8719 	DATA 	Keypress: o
542.9548 	DATA 	Keypress: t
543.0993 	EXP 	New trial (rep=2, index=10): {'leftStreamFlip': False, 'oneTarget': True, 'trialInstructionPos': (0, -1), 'probe': 'both', 'rightStreamFlip': False, 'horizVert': True, 'ISIframes': 2, 'rightResponseFirst': False}
543.1205 	INFO 	numtrials=360 and this trialDurFrames=4 or 66.6666666667 ms  task=T1
544.3379 	EXP 	window1: recordFrameIntervals = False
544.3464 	INFO 	Mouse: using default window
545.4383 	DATA 	Keypress: w
545.6048 	DATA 	Keypress: e
545.8715 	DATA 	Keypress: t
546.0133 	EXP 	New trial (rep=2, index=11): {'leftStreamFlip': False, 'oneTarget': False, 'trialInstructionPos': (0, 1), 'probe': 'both', 'rightStreamFlip': False, 'horizVert': True, 'ISIframes': 2, 'rightResponseFirst': False}
546.0375 	INFO 	numtrials=360 and this trialDurFrames=4 or 66.6666666667 ms  task=T1
547.2213 	EXP 	window1: recordFrameIntervals = False
547.2298 	INFO 	Mouse: using default window
550.4381 	DATA 	Keypress: t
550.5717 	DATA 	Keypress: a
550.7049 	DATA 	Keypress: t
551.3215 	DATA 	Keypress: p
551.4549 	DATA 	Keypress: a
552.0718 	DATA 	Keypress: y
552.2169 	EXP 	New trial (rep=3, index=0): {'leftStreamFlip': False, 'oneTarget': False, 'trialInstructionPos': (0, 1), 'probe': 'both', 'rightStreamFlip': False, 'horizVert': True, 'ISIframes': 2, 'rightResponseFirst': False}
552.2375 	INFO 	numtrials=360 and this trialDurFrames=4 or 66.6666666667 ms  task=T1
553.4046 	EXP 	window1: recordFrameIntervals = False
553.4130 	INFO 	Mouse: using default window
555.5049 	DATA 	Keypress: s
555.7049 	DATA 	Keypress: a
555.8048 	DATA 	Keypress: p
556.0883 	DATA 	Keypress: r
556.1882 	DATA 	Keypress: a
556.3549 	DATA 	Keypress: p
556.5001 	EXP 	New trial (rep=3, index=1): {'leftStreamFlip': False, 'oneTarget': False, 'trialInstructionPos': (0, 1), 'probe': 'both', 'rightStreamFlip': False, 'horizVert': True, 'ISIframes': 2, 'rightResponseFirst': True}
556.5208 	INFO 	numtrials=360 and this trialDurFrames=4 or 66.6666666667 ms  task=T1
557.5046 	EXP 	window1: recordFrameIntervals = False
557.5128 	INFO 	Mouse: using default window
559.3549 	DATA 	Keypress: s
559.4547 	DATA 	Keypress: u
559.6049 	DATA 	Keypress: n
560.6555 	DATA 	Keypress: b
560.9048 	DATA 	Keypress: o
561.0216 	DATA 	Keypress: y
561.1651 	EXP 	New trial (rep=3, index=2): {'leftStreamFlip': False, 'oneTarget': True, 'trialInstructionPos': (0, -1), 'probe': 'both', 'rightStreamFlip': False, 'horizVert': True, 'ISIframes': 2, 'rightResponseFirst': False}
561.1879 	INFO 	numtrials=360 and this trialDurFrames=3 or 50.0 ms  task=T1
562.3546 	EXP 	window1: recordFrameIntervals = False
562.3626 	INFO 	Mouse: using default window
563.3715 	DATA 	Keypress: o
563.5549 	DATA 	Keypress: l
563.6563 	DATA 	Keypress: d
563.8144 	EXP 	New trial (rep=3, index=3): {'leftStreamFlip': False, 'oneTarget': False, 'trialInstructionPos': (0, -1), 'probe': 'both', 'rightStreamFlip': False, 'horizVert': True, 'ISIframes': 2, 'rightResponseFirst': False}
563.8379 	INFO 	numtrials=360 and this trialDurFrames=3 or 50.0 ms  task=T1
565.0380 	EXP 	window1: recordFrameIntervals = False
565.0465 	INFO 	Mouse: using default window
566.8560 	DATA 	Keypress: m
567.1048 	DATA 	Keypress: i
567.2560 	DATA 	Keypress: x
569.0381 	DATA 	Keypress: p
569.1549 	DATA 	Keypress: i
569.2393 	DATA 	Keypress: c
569.3992 	EXP 	New trial (rep=3, index=4): {'leftStreamFlip': False, 'oneTarget': False, 'trialInstructionPos': (0, 1), 'probe': 'both', 'rightStreamFlip': False, 'horizVert': True, 'ISIframes': 2, 'rightResponseFirst': True}
569.4208 	INFO 	numtrials=360 and this trialDurFrames=3 or 50.0 ms  task=T1
570.4380 	EXP 	window1: recordFrameIntervals = False
570.4464 	INFO 	Mouse: using default window
571.2397 	DATA 	Keypress: s
571.4383 	DATA 	Keypress: i
571.4882 	DATA 	Keypress: n
572.5716 	DATA 	Keypress: t
572.6716 	DATA 	Keypress: h
572.7882 	DATA 	Keypress: a
572.9370 	EXP 	New trial (rep=3, index=5): {'leftStreamFlip': False, 'oneTarget': False, 'trialInstructionPos': (0, -1), 'probe': 'both', 'rightStreamFlip': False, 'horizVert': True, 'ISIframes': 2, 'rightResponseFirst': True}
572.9539 	INFO 	numtrials=360 and this trialDurFrames=3 or 50.0 ms  task=T1
574.0047 	EXP 	window1: recordFrameIntervals = False
574.0130 	INFO 	Mouse: using default window
575.7881 	DATA 	Keypress: d
575.9383 	DATA 	Keypress: i
576.0395 	DATA 	Keypress: g
577.0890 	DATA 	Keypress: s
577.2381 	DATA 	Keypress: i
577.3382 	DATA 	Keypress: g
577.4851 	EXP 	New trial (rep=3, index=6): {'leftStreamFlip': False, 'oneTarget': True, 'trialInstructionPos': (0, 1), 'probe': 'both', 'rightStreamFlip': False, 'horizVert': True, 'ISIframes': 2, 'rightResponseFirst': False}
577.5041 	INFO 	numtrials=360 and this trialDurFrames=3 or 50.0 ms  task=T1
578.5547 	EXP 	window1: recordFrameIntervals = False
578.5627 	INFO 	Mouse: using default window
579.2561 	DATA 	Keypress: n
579.4715 	DATA 	Keypress: o
579.5882 	DATA 	Keypress: t
579.7300 	EXP 	New trial (rep=3, index=7): {'leftStreamFlip': False, 'oneTarget': False, 'trialInstructionPos': (0, 1), 'probe': 'both', 'rightStreamFlip': False, 'horizVert': True, 'ISIframes': 2, 'rightResponseFirst': False}
579.7541 	INFO 	numtrials=360 and this trialDurFrames=3 or 50.0 ms  task=T1
580.8883 	EXP 	window1: recordFrameIntervals = False
580.8961 	INFO 	Mouse: using default window
581.9214 	DATA 	Keypress: t
582.0884 	DATA 	Keypress: a
582.4564 	DATA 	Keypress: x
583.6216 	DATA 	Keypress: p
583.7382 	DATA 	Keypress: e
583.9719 	DATA 	Keypress: n
584.1182 	EXP 	New trial (rep=3, index=8): {'leftStreamFlip': False, 'oneTarget': False, 'trialInstructionPos': (0, -1), 'probe': 'both', 'rightStreamFlip': False, 'horizVert': True, 'ISIframes': 2, 'rightResponseFirst': False}
584.1377 	INFO 	numtrials=360 and this trialDurFrames=4 or 66.6666666667 ms  task=T1
585.2215 	EXP 	window1: recordFrameIntervals = False
585.2298 	INFO 	Mouse: using default window
586.1384 	DATA 	Keypress: w
586.6716 	DATA 	Keypress: e
587.2560 	DATA 	Keypress: t
588.4719 	DATA 	Keypress: m
588.5716 	DATA 	Keypress: e
588.7715 	DATA 	Keypress: t
588.9161 	EXP 	New trial (rep=3, index=9): {'leftStreamFlip': False, 'oneTarget': True, 'trialInstructionPos': (0, 1), 'probe': 'both', 'rightStreamFlip': False, 'horizVert': True, 'ISIframes': 2, 'rightResponseFirst': True}
588.9375 	INFO 	numtrials=360 and this trialDurFrames=4 or 66.6666666667 ms  task=T1
590.1546 	EXP 	window1: recordFrameIntervals = False
590.1628 	INFO 	Mouse: using default window
590.9882 	DATA 	Keypress: b
591.0716 	DATA 	Keypress: r
591.1548 	DATA 	Keypress: a
591.2970 	EXP 	New trial (rep=3, index=10): {'leftStreamFlip': False, 'oneTarget': True, 'trialInstructionPos': (0, -1), 'probe': 'both', 'rightStreamFlip': False, 'horizVert': True, 'ISIframes': 2, 'rightResponseFirst': True}
591.3206 	INFO 	numtrials=360 and this trialDurFrames=4 or 66.6666666667 ms  task=T1
592.3880 	EXP 	window1: recordFrameIntervals = False
592.3964 	INFO 	Mouse: using default window
593.5053 	DATA 	Keypress: p
593.6216 	DATA 	Keypress: a
593.7549 	DATA 	Keypress: l
593.8975 	EXP 	New trial (rep=3, index=11): {'leftStreamFlip': False, 'oneTarget': False, 'trialInstructionPos': (0, -1), 'probe': 'both', 'rightStreamFlip': False, 'horizVert': True, 'ISIframes': 2, 'rightResponseFirst': True}
593.9207 	INFO 	numtrials=360 and this trialDurFrames=4 or 66.6666666667 ms  task=T1
595.0046 	EXP 	window1: recordFrameIntervals = False
595.0130 	INFO 	Mouse: using default window
597.6717 	DATA 	Keypress: g
597.8059 	DATA 	Keypress: u
598.1216 	DATA 	Keypress: m
598.8394 	DATA 	Keypress: b
599.0883 	DATA 	Keypress: o
599.4048 	DATA 	Keypress: y
599.5506 	EXP 	New trial (rep=4, index=0): {'leftStreamFlip': False, 'oneTarget': False, 'trialInstructionPos': (0, 1), 'probe': 'both', 'rightStreamFlip': False, 'horizVert': True, 'ISIframes': 2, 'rightResponseFirst': True}
599.5703 	INFO 	numtrials=360 and this trialDurFrames=4 or 66.6666666667 ms  task=T1
600.6380 	EXP 	window1: recordFrameIntervals = False
600.6472 	INFO 	Mouse: using default window
601.3382 	DATA 	Keypress: s
601.5216 	DATA 	Keypress: k
601.9216 	DATA 	Keypress: y
603.4216 	DATA 	Keypress: g
603.5050 	DATA 	Keypress: a
603.6717 	DATA 	Keypress: l
603.8162 	EXP 	New trial (rep=4, index=1): {'leftStreamFlip': False, 'oneTarget': False, 'trialInstructionPos': (0, -1), 'probe': 'both', 'rightStreamFlip': False, 'horizVert': True, 'ISIframes': 2, 'rightResponseFirst': True}
603.8376 	INFO 	numtrials=360 and this trialDurFrames=4 or 66.6666666667 ms  task=T1
604.9047 	EXP 	window1: recordFrameIntervals = False
604.9131 	INFO 	Mouse: using default window
606.1216 	DATA 	Keypress: p
606.6715 	DATA 	Keypress: u
606.8050 	DATA 	Keypress: t
607.2716 	DATA 	Keypress: m
607.3715 	DATA 	Keypress: e
607.4883 	DATA 	Keypress: n
607.6349 	EXP 	New trial (rep=4, index=2): {'leftStreamFlip': False, 'oneTarget': False, 'trialInstructionPos': (0, -1), 'probe': 'both', 'rightStreamFlip': False, 'horizVert': True, 'ISIframes': 2, 'rightResponseFirst': True}
607.6542 	INFO 	numtrials=360 and this trialDurFrames=4 or 66.6666666667 ms  task=T1
608.6380 	EXP 	window1: recordFrameIntervals = False
608.6463 	INFO 	Mouse: using default window
609.5048 	DATA 	Keypress: w
609.6049 	DATA 	Keypress: i
609.7216 	DATA 	Keypress: n
610.2381 	DATA 	Keypress: p
610.3382 	DATA 	Keypress: e
610.5050 	DATA 	Keypress: n
610.6503 	EXP 	New trial (rep=4, index=3): {'leftStreamFlip': False, 'oneTarget': True, 'trialInstructionPos': (0, -1), 'probe': 'both', 'rightStreamFlip': False, 'horizVert': True, 'ISIframes': 2, 'rightResponseFirst': False}
610.6707 	INFO 	numtrials=360 and this trialDurFrames=4 or 66.6666666667 ms  task=T1
611.7546 	EXP 	window1: recordFrameIntervals = False
611.7630 	INFO 	Mouse: using default window
612.4395 	DATA 	Keypress: n
612.5548 	DATA 	Keypress: e
612.7049 	DATA 	Keypress: w
612.8469 	EXP 	New trial (rep=4, index=4): {'leftStreamFlip': False, 'oneTarget': True, 'trialInstructionPos': (0, -1), 'probe': 'both', 'rightStreamFlip': False, 'horizVert': True, 'ISIframes': 2, 'rightResponseFirst': True}
612.8711 	INFO 	numtrials=360 and this trialDurFrames=4 or 66.6666666667 ms  task=T1
613.9047 	EXP 	window1: recordFrameIntervals = False
613.9128 	INFO 	Mouse: using default window
614.8719 	DATA 	Keypress: d
615.0221 	DATA 	Keypress: i
615.0882 	DATA 	Keypress: d
615.2322 	EXP 	New trial (rep=4, index=5): {'leftStreamFlip': False, 'oneTarget': False, 'trialInstructionPos': (0, -1), 'probe': 'both', 'rightStreamFlip': False, 'horizVert': True, 'ISIframes': 2, 'rightResponseFirst': False}
615.2539 	INFO 	numtrials=360 and this trialDurFrames=4 or 66.6666666667 ms  task=T1
616.3878 	EXP 	window1: recordFrameIntervals = False
616.3963 	INFO 	Mouse: using default window
617.4551 	DATA 	Keypress: g
617.5885 	DATA 	Keypress: a
618.8883 	DATA 	Keypress: backspace
619.0716 	DATA 	Keypress: backspace
619.3381 	DATA 	Keypress: s
620.1383 	DATA 	Keypress: o
620.4049 	DATA 	Keypress: n
620.9714 	DATA 	Keypress: g
621.0715 	DATA 	Keypress: a
621.3882 	DATA 	Keypress: y
621.5402 	EXP 	New trial (rep=4, index=6): {'leftStreamFlip': False, 'oneTarget': True, 'trialInstructionPos': (0, 1), 'probe': 'both', 'rightStreamFlip': False, 'horizVert': True, 'ISIframes': 2, 'rightResponseFirst': True}
621.5541 	INFO 	numtrials=360 and this trialDurFrames=4 or 66.6666666667 ms  task=T1
622.6213 	EXP 	window1: recordFrameIntervals = False
622.6297 	INFO 	Mouse: using default window
623.1049 	DATA 	Keypress: a
623.2887 	DATA 	Keypress: r
623.4048 	DATA 	Keypress: e
623.5461 	EXP 	New trial (rep=4, index=7): {'leftStreamFlip': False, 'oneTarget': True, 'trialInstructionPos': (0, 1), 'probe': 'both', 'rightStreamFlip': False, 'horizVert': True, 'ISIframes': 2, 'rightResponseFirst': False}
623.5708 	INFO 	numtrials=360 and this trialDurFrames=4 or 66.6666666667 ms  task=T1
624.7546 	EXP 	window1: recordFrameIntervals = False
624.7632 	INFO 	Mouse: using default window
625.9883 	DATA 	Keypress: f
626.1716 	DATA 	Keypress: i
626.5215 	DATA 	Keypress: z
626.6630 	EXP 	New trial (rep=4, index=8): {'leftStreamFlip': False, 'oneTarget': False, 'trialInstructionPos': (0, 1), 'probe': 'both', 'rightStreamFlip': False, 'horizVert': True, 'ISIframes': 2, 'rightResponseFirst': False}
626.6877 	INFO 	numtrials=360 and this trialDurFrames=4 or 66.6666666667 ms  task=T1
627.7881 	EXP 	window1: recordFrameIntervals = False
627.7962 	INFO 	Mouse: using default window
628.6716 	DATA 	Keypress: g
629.3050 	DATA 	Keypress: backspace
629.4735 	DATA 	Keypress: a
629.5715 	DATA 	Keypress: s
629.8215 	DATA 	Keypress: k
630.6882 	DATA 	Keypress: g
631.0382 	DATA 	Keypress: o
631.2048 	DATA 	Keypress: d
631.3522 	EXP 	New trial (rep=4, index=9): {'leftStreamFlip': False, 'oneTarget': False, 'trialInstructionPos': (0, 1), 'probe': 'both', 'rightStreamFlip': False, 'horizVert': True, 'ISIframes': 2, 'rightResponseFirst': False}
631.3706 	INFO 	numtrials=360 and this trialDurFrames=4 or 66.6666666667 ms  task=T1
632.3545 	EXP 	window1: recordFrameIntervals = False
632.3628 	INFO 	Mouse: using default window
633.3549 	DATA 	Keypress: f
633.7716 	DATA 	Keypress: o
634.5050 	DATA 	Keypress: backspace
634.6714 	DATA 	Keypress: backspace
634.8884 	DATA 	Keypress: s
635.1549 	DATA 	Keypress: p
635.4216 	DATA 	Keypress: y
636.4883 	DATA 	Keypress: f
636.7217 	DATA 	Keypress: o
636.9049 	DATA 	Keypress: x
637.0540 	EXP 	New trial (rep=4, index=10): {'leftStreamFlip': False, 'oneTarget': False, 'trialInstructionPos': (0, 1), 'probe': 'both', 'rightStreamFlip': False, 'horizVert': True, 'ISIframes': 2, 'rightResponseFirst': True}
637.0709 	INFO 	numtrials=360 and this trialDurFrames=4 or 66.6666666667 ms  task=T1
638.2879 	EXP 	window1: recordFrameIntervals = False
638.2963 	INFO 	Mouse: using default window
639.2717 	DATA 	Keypress: e
639.4385 	DATA 	Keypress: n
641.0549 	DATA 	Keypress: d
641.7715 	DATA 	Keypress: g
641.9215 	DATA 	Keypress: u
642.1716 	DATA 	Keypress: m
642.3156 	EXP 	New trial (rep=4, index=11): {'leftStreamFlip': False, 'oneTarget': False, 'trialInstructionPos': (0, -1), 'probe': 'both', 'rightStreamFlip': False, 'horizVert': True, 'ISIframes': 2, 'rightResponseFirst': False}
642.3375 	INFO 	numtrials=360 and this trialDurFrames=4 or 66.6666666667 ms  task=T1
643.5214 	EXP 	window1: recordFrameIntervals = False
643.5298 	INFO 	Mouse: using default window
645.5883 	DATA 	Keypress: j
645.7216 	DATA 	Keypress: a
645.7883 	DATA 	Keypress: r
646.5548 	DATA 	Keypress: s
646.7049 	DATA 	Keypress: k
646.9715 	DATA 	Keypress: y
647.1173 	EXP 	New trial (rep=5, index=0): {'leftStreamFlip': False, 'oneTarget': False, 'trialInstructionPos': (0, 1), 'probe': 'both', 'rightStreamFlip': False, 'horizVert': True, 'ISIframes': 2, 'rightResponseFirst': False}
647.1374 	INFO 	numtrials=360 and this trialDurFrames=4 or 66.6666666667 ms  task=T1
648.2879 	EXP 	window1: recordFrameIntervals = False
648.2966 	INFO 	Mouse: using default window
650.5715 	DATA 	Keypress: o
650.6715 	DATA 	Keypress: w
650.7882 	DATA 	Keypress: e
651.5386 	DATA 	Keypress: o
651.5881 	DATA 	Keypress: w
651.7549 	DATA 	Keypress: e
651.8991 	EXP 	New trial (rep=5, index=1): {'leftStreamFlip': False, 'oneTarget': False, 'trialInstructionPos': (0, 1), 'probe': 'both', 'rightStreamFlip': False, 'horizVert': True, 'ISIframes': 2, 'rightResponseFirst': True}
651.9208 	INFO 	numtrials=360 and this trialDurFrames=4 or 66.6666666667 ms  task=T1
653.0378 	EXP 	window1: recordFrameIntervals = False
653.0464 	INFO 	Mouse: using default window
654.5381 	DATA 	Keypress: l
654.6050 	DATA 	Keypress: a
654.7049 	DATA 	Keypress: w
655.7048 	DATA 	Keypress: g
655.8215 	DATA 	Keypress: u
655.9048 	DATA 	Keypress: n
656.0491 	EXP 	New trial (rep=5, index=2): {'leftStreamFlip': False, 'oneTarget': False, 'trialInstructionPos': (0, -1), 'probe': 'both', 'rightStreamFlip': False, 'horizVert': True, 'ISIframes': 2, 'rightResponseFirst': False}
656.0705 	INFO 	numtrials=360 and this trialDurFrames=4 or 66.6666666667 ms  task=T1
657.1547 	EXP 	window1: recordFrameIntervals = False
657.1634 	INFO 	Mouse: using default window
658.2715 	DATA 	Keypress: d
658.5382 	DATA 	Keypress: u
659.1048 	DATA 	Keypress: backspace
659.2717 	DATA 	Keypress: backspace
659.9383 	DATA 	Keypress: p
660.1717 	DATA 	Keypress: u
660.3221 	DATA 	Keypress: g
661.1049 	DATA 	Keypress: d
661.3049 	DATA 	Keypress: i
661.4548 	DATA 	Keypress: g
661.6044 	EXP 	New trial (rep=5, index=3): {'leftStreamFlip': False, 'oneTarget': False, 'trialInstructionPos': (0, -1), 'probe': 'both', 'rightStreamFlip': False, 'horizVert': True, 'ISIframes': 2, 'rightResponseFirst': True}
661.6207 	INFO 	numtrials=360 and this trialDurFrames=4 or 66.6666666667 ms  task=T1
662.6047 	EXP 	window1: recordFrameIntervals = False
662.6131 	INFO 	Mouse: using default window
664.0215 	DATA 	Keypress: s
664.1382 	DATA 	Keypress: e
664.3547 	DATA 	Keypress: e
664.9216 	DATA 	Keypress: h
665.2569 	DATA 	Keypress: o
665.3881 	DATA 	Keypress: p
665.5322 	EXP 	New trial (rep=5, index=4): {'leftStreamFlip': False, 'oneTarget': False, 'trialInstructionPos': (0, 1), 'probe': 'both', 'rightStreamFlip': False, 'horizVert': True, 'ISIframes': 2, 'rightResponseFirst': False}
665.5541 	INFO 	numtrials=360 and this trialDurFrames=4 or 66.6666666667 ms  task=T1
666.6046 	EXP 	window1: recordFrameIntervals = False
666.6152 	INFO 	Mouse: using default window
667.6381 	DATA 	Keypress: t
667.9048 	DATA 	Keypress: i
668.4554 	DATA 	Keypress: backspace
668.6048 	DATA 	Keypress: backspace
669.2215 	DATA 	Keypress: p
669.3549 	DATA 	Keypress: e
669.4715 	DATA 	Keypress: n
670.5882 	DATA 	Keypress: t
670.8215 	DATA 	Keypress: i
671.0215 	DATA 	Keypress: p
671.1718 	EXP 	New trial (rep=5, index=5): {'leftStreamFlip': False, 'oneTarget': False, 'trialInstructionPos': (0, -1), 'probe': 'both', 'rightStreamFlip': False, 'horizVert': True, 'ISIframes': 2, 'rightResponseFirst': True}
671.1874 	INFO 	numtrials=360 and this trialDurFrames=4 or 66.6666666667 ms  task=T1
672.2046 	EXP 	window1: recordFrameIntervals = False
672.2140 	INFO 	Mouse: using default window
673.7715 	DATA 	Keypress: j
673.8882 	DATA 	Keypress: a
673.9882 	DATA 	Keypress: w
674.9048 	DATA 	Keypress: s
675.1050 	DATA 	Keypress: a
675.2215 	DATA 	Keypress: e
675.3660 	EXP 	New trial (rep=5, index=6): {'leftStreamFlip': False, 'oneTarget': True, 'trialInstructionPos': (0, -1), 'probe': 'both', 'rightStreamFlip': False, 'horizVert': True, 'ISIframes': 2, 'rightResponseFirst': False}
675.3875 	INFO 	numtrials=360 and this trialDurFrames=4 or 66.6666666667 ms  task=T1
676.4213 	EXP 	window1: recordFrameIntervals = False
676.4308 	INFO 	Mouse: using default window
677.5382 	DATA 	Keypress: c
677.6394 	DATA 	Keypress: a
677.8049 	DATA 	Keypress: n
677.9466 	EXP 	New trial (rep=5, index=7): {'leftStreamFlip': False, 'oneTarget': False, 'trialInstructionPos': (0, 1), 'probe': 'both', 'rightStreamFlip': False, 'horizVert': True, 'ISIframes': 2, 'rightResponseFirst': True}
677.9705 	INFO 	numtrials=360 and this trialDurFrames=3 or 50.0 ms  task=T1
679.0547 	EXP 	window1: recordFrameIntervals = False
679.0630 	INFO 	Mouse: using default window
680.9050 	DATA 	Keypress: b
681.1728 	DATA 	Keypress: i
681.2719 	DATA 	Keypress: g
682.9549 	DATA 	Keypress: p
683.1548 	DATA 	Keypress: e
683.3381 	DATA 	Keypress: n
683.4829 	EXP 	New trial (rep=5, index=8): {'leftStreamFlip': False, 'oneTarget': True, 'trialInstructionPos': (0, 1), 'probe': 'both', 'rightStreamFlip': False, 'horizVert': True, 'ISIframes': 2, 'rightResponseFirst': False}
683.5041 	INFO 	numtrials=360 and this trialDurFrames=4 or 66.6666666667 ms  task=T1
684.6713 	EXP 	window1: recordFrameIntervals = False
684.6800 	INFO 	Mouse: using default window
685.3549 	DATA 	Keypress: a
685.6718 	DATA 	Keypress: s
686.0883 	DATA 	Keypress: k
686.2295 	EXP 	New trial (rep=5, index=9): {'leftStreamFlip': False, 'oneTarget': True, 'trialInstructionPos': (0, -1), 'probe': 'both', 'rightStreamFlip': False, 'horizVert': True, 'ISIframes': 2, 'rightResponseFirst': True}
686.2544 	INFO 	numtrials=360 and this trialDurFrames=4 or 66.6666666667 ms  task=T1
687.3880 	EXP 	window1: recordFrameIntervals = False
687.3966 	INFO 	Mouse: using default window
688.2381 	DATA 	Keypress: y
688.6881 	DATA 	Keypress: o
688.9215 	DATA 	Keypress: u
689.0630 	EXP 	New trial (rep=5, index=10): {'leftStreamFlip': False, 'oneTarget': True, 'trialInstructionPos': (0, 1), 'probe': 'both', 'rightStreamFlip': False, 'horizVert': True, 'ISIframes': 2, 'rightResponseFirst': True}
689.0878 	INFO 	numtrials=360 and this trialDurFrames=4 or 66.6666666667 ms  task=T1
690.2380 	EXP 	window1: recordFrameIntervals = False
690.2468 	INFO 	Mouse: using default window
690.9549 	DATA 	Keypress: w
691.1047 	DATA 	Keypress: q
691.6882 	DATA 	Keypress: backspace
691.9049 	DATA 	Keypress: a
692.0215 	DATA 	Keypress: s
692.1704 	EXP 	New trial (rep=5, index=11): {'leftStreamFlip': False, 'oneTarget': False, 'trialInstructionPos': (0, -1), 'probe': 'both', 'rightStreamFlip': False, 'horizVert': True, 'ISIframes': 2, 'rightResponseFirst': False}
692.1874 	INFO 	numtrials=360 and this trialDurFrames=4 or 66.6666666667 ms  task=T1
693.1712 	EXP 	window1: recordFrameIntervals = False
693.1794 	INFO 	Mouse: using default window
695.1215 	DATA 	Keypress: n
695.2720 	DATA 	Keypress: a
695.4881 	DATA 	Keypress: p
695.9549 	DATA 	Keypress: s
696.0716 	DATA 	Keypress: e
696.4216 	DATA 	Keypress: x
696.5708 	EXP 	New trial (rep=6, index=0): {'leftStreamFlip': False, 'oneTarget': False, 'trialInstructionPos': (0, -1), 'probe': 'both', 'rightStreamFlip': False, 'horizVert': True, 'ISIframes': 2, 'rightResponseFirst': True}
696.5881 	INFO 	numtrials=360 and this trialDurFrames=4 or 66.6666666667 ms  task=T1
697.6879 	EXP 	window1: recordFrameIntervals = False
697.6961 	INFO 	Mouse: using default window
699.4049 	DATA 	Keypress: d
699.6215 	DATA 	Keypress: u
699.6883 	DATA 	Keypress: e
701.8551 	DATA 	Keypress: p
702.1049 	DATA 	Keypress: e
702.2047 	DATA 	Keypress: w
702.3494 	EXP 	New trial (rep=6, index=1): {'leftStreamFlip': False, 'oneTarget': False, 'trialInstructionPos': (0, 1), 'probe': 'both', 'rightStreamFlip': False, 'horizVert': True, 'ISIframes': 2, 'rightResponseFirst': False}
702.3708 	INFO 	numtrials=360 and this trialDurFrames=4 or 66.6666666667 ms  task=T1
703.3879 	EXP 	window1: recordFrameIntervals = False
703.3964 	INFO 	Mouse: using default window
704.4560 	DATA 	Keypress: b
704.7048 	DATA 	Keypress: i
704.8048 	DATA 	Keypress: d
706.2048 	DATA 	Keypress: b
706.4394 	DATA 	Keypress: i
706.5383 	DATA 	Keypress: d
706.6838 	EXP 	New trial (rep=6, index=2): {'leftStreamFlip': False, 'oneTarget': False, 'trialInstructionPos': (0, -1), 'probe': 'both', 'rightStreamFlip': False, 'horizVert': True, 'ISIframes': 2, 'rightResponseFirst': True}
706.7040 	INFO 	numtrials=360 and this trialDurFrames=4 or 66.6666666667 ms  task=T1
707.8713 	EXP 	window1: recordFrameIntervals = False
707.8798 	INFO 	Mouse: using default window
708.7716 	DATA 	Keypress: t
708.8719 	DATA 	Keypress: e
709.1381 	DATA 	Keypress: n
709.9715 	DATA 	Keypress: p
710.2049 	DATA 	Keypress: u
710.4560 	DATA 	Keypress: b
710.6172 	EXP 	New trial (rep=6, index=3): {'leftStreamFlip': False, 'oneTarget': False, 'trialInstructionPos': (0, 1), 'probe': 'both', 'rightStreamFlip': False, 'horizVert': True, 'ISIframes': 2, 'rightResponseFirst': True}
710.6374 	INFO 	numtrials=360 and this trialDurFrames=4 or 66.6666666667 ms  task=T1
711.6379 	EXP 	window1: recordFrameIntervals = False
711.6468 	INFO 	Mouse: using default window
713.1716 	DATA 	Keypress: t
713.2559 	DATA 	Keypress: u
713.3715 	DATA 	Keypress: b
713.8548 	DATA 	Keypress: p
713.9723 	DATA 	Keypress: e
714.1882 	DATA 	Keypress: n
714.3339 	EXP 	New trial (rep=6, index=4): {'leftStreamFlip': False, 'oneTarget': True, 'trialInstructionPos': (0, 1), 'probe': 'both', 'rightStreamFlip': False, 'horizVert': True, 'ISIframes': 2, 'rightResponseFirst': False}
714.3540 	INFO 	numtrials=360 and this trialDurFrames=4 or 66.6666666667 ms  task=T1
715.4713 	EXP 	window1: recordFrameIntervals = False
715.4802 	INFO 	Mouse: using default window
716.6881 	DATA 	Keypress: t
716.7881 	DATA 	Keypress: e
717.2717 	DATA 	Keypress: x
717.4166 	EXP 	New trial (rep=6, index=5): {'leftStreamFlip': False, 'oneTarget': False, 'trialInstructionPos': (0, -1), 'probe': 'both', 'rightStreamFlip': False, 'horizVert': True, 'ISIframes': 2, 'rightResponseFirst': False}
717.4373 	INFO 	numtrials=360 and this trialDurFrames=4 or 66.6666666667 ms  task=T1
718.6046 	EXP 	window1: recordFrameIntervals = False
718.6134 	INFO 	Mouse: using default window
719.6883 	DATA 	Keypress: s
719.8882 	DATA 	Keypress: i
719.9547 	DATA 	Keypress: r
722.4383 	DATA 	Keypress: g
723.3216 	DATA 	Keypress: backspace
723.6396 	DATA 	Keypress: b
724.6382 	DATA 	Keypress: o
724.7219 	DATA 	Keypress: y
724.8692 	EXP 	New trial (rep=6, index=6): {'leftStreamFlip': False, 'oneTarget': False, 'trialInstructionPos': (0, -1), 'probe': 'both', 'rightStreamFlip': False, 'horizVert': True, 'ISIframes': 2, 'rightResponseFirst': False}
724.8878 	INFO 	numtrials=360 and this trialDurFrames=4 or 66.6666666667 ms  task=T1
726.0880 	EXP 	window1: recordFrameIntervals = False
726.0961 	INFO 	Mouse: using default window
727.9383 	DATA 	Keypress: p
728.0049 	DATA 	Keypress: o
728.1050 	DATA 	Keypress: t
728.7549 	DATA 	Keypress: f
728.8883 	DATA 	Keypress: o
729.5554 	DATA 	Keypress: x
729.7000 	EXP 	New trial (rep=6, index=7): {'leftStreamFlip': False, 'oneTarget': True, 'trialInstructionPos': (0, 1), 'probe': 'both', 'rightStreamFlip': False, 'horizVert': True, 'ISIframes': 2, 'rightResponseFirst': True}
729.7207 	INFO 	numtrials=360 and this trialDurFrames=4 or 66.6666666667 ms  task=T1
730.7546 	EXP 	window1: recordFrameIntervals = False
730.7628 	INFO 	Mouse: using default window
731.7382 	DATA 	Keypress: h
731.9215 	DATA 	Keypress: a
732.0551 	DATA 	Keypress: s
732.1960 	EXP 	New trial (rep=6, index=8): {'leftStreamFlip': False, 'oneTarget': False, 'trialInstructionPos': (0, 1), 'probe': 'both', 'rightStreamFlip': False, 'horizVert': True, 'ISIframes': 2, 'rightResponseFirst': False}
732.2206 	INFO 	numtrials=360 and this trialDurFrames=4 or 66.6666666667 ms  task=T1
733.3878 	EXP 	window1: recordFrameIntervals = False
733.3968 	INFO 	Mouse: using default window
736.7216 	DATA 	Keypress: g
736.8717 	DATA 	Keypress: y
737.1715 	DATA 	Keypress: m
737.5715 	DATA 	Keypress: g
737.7049 	DATA 	Keypress: y
738.0394 	DATA 	Keypress: m
738.1992 	EXP 	New trial (rep=6, index=9): {'leftStreamFlip': False, 'oneTarget': True, 'trialInstructionPos': (0, -1), 'probe': 'both', 'rightStreamFlip': False, 'horizVert': True, 'ISIframes': 2, 'rightResponseFirst': False}
738.2209 	INFO 	numtrials=360 and this trialDurFrames=4 or 66.6666666667 ms  task=T1
739.4212 	EXP 	window1: recordFrameIntervals = False
739.4302 	INFO 	Mouse: using default window
740.4384 	DATA 	Keypress: u
740.5882 	DATA 	Keypress: s
740.7216 	DATA 	Keypress: e
740.8631 	EXP 	New trial (rep=6, index=10): {'leftStreamFlip': False, 'oneTarget': True, 'trialInstructionPos': (0, -1), 'probe': 'both', 'rightStreamFlip': False, 'horizVert': True, 'ISIframes': 2, 'rightResponseFirst': True}
740.8874 	INFO 	numtrials=360 and this trialDurFrames=4 or 66.6666666667 ms  task=T1
741.8712 	EXP 	window1: recordFrameIntervals = False
741.8796 	INFO 	Mouse: using default window
743.3382 	DATA 	Keypress: i
743.5548 	DATA 	Keypress: n
743.7548 	DATA 	Keypress: k
743.8958 	EXP 	New trial (rep=6, index=11): {'leftStreamFlip': False, 'oneTarget': False, 'trialInstructionPos': (0, 1), 'probe': 'both', 'rightStreamFlip': False, 'horizVert': True, 'ISIframes': 2, 'rightResponseFirst': True}
743.9209 	INFO 	numtrials=360 and this trialDurFrames=4 or 66.6666666667 ms  task=T1
745.0380 	EXP 	window1: recordFrameIntervals = False
745.0464 	INFO 	Mouse: using default window
746.5553 	DATA 	Keypress: m
746.6548 	DATA 	Keypress: e
746.7383 	DATA 	Keypress: n
747.3050 	DATA 	Keypress: p
747.4049 	DATA 	Keypress: e
747.5881 	DATA 	Keypress: n
747.7320 	EXP 	New trial (rep=7, index=0): {'leftStreamFlip': False, 'oneTarget': False, 'trialInstructionPos': (0, 1), 'probe': 'both', 'rightStreamFlip': False, 'horizVert': True, 'ISIframes': 2, 'rightResponseFirst': False}
747.7542 	INFO 	numtrials=360 and this trialDurFrames=4 or 66.6666666667 ms  task=T1
748.8045 	EXP 	window1: recordFrameIntervals = False
748.8135 	INFO 	Mouse: using default window
751.7882 	DATA 	Keypress: r
751.8882 	DATA 	Keypress: i
752.0049 	DATA 	Keypress: g
752.7381 	DATA 	Keypress: a
752.9882 	DATA 	Keypress: r
753.2396 	DATA 	Keypress: t
753.3998 	EXP 	New trial (rep=7, index=1): {'leftStreamFlip': False, 'oneTarget': False, 'trialInstructionPos': (0, 1), 'probe': 'both', 'rightStreamFlip': False, 'horizVert': True, 'ISIframes': 2, 'rightResponseFirst': True}
753.4206 	INFO 	numtrials=360 and this trialDurFrames=4 or 66.6666666667 ms  task=T1
754.4046 	EXP 	window1: recordFrameIntervals = False
754.4131 	INFO 	Mouse: using default window
755.7049 	DATA 	Keypress: r
755.9382 	DATA 	Keypress: o
756.0716 	DATA 	Keypress: t
756.6381 	DATA 	Keypress: m
756.8551 	DATA 	Keypress: i
757.0052 	DATA 	Keypress: x
757.1501 	EXP 	New trial (rep=7, index=2): {'leftStreamFlip': False, 'oneTarget': True, 'trialInstructionPos': (0, -1), 'probe': 'both', 'rightStreamFlip': False, 'horizVert': True, 'ISIframes': 2, 'rightResponseFirst': True}
757.1706 	INFO 	numtrials=360 and this trialDurFrames=4 or 66.6666666667 ms  task=T1
758.1880 	EXP 	window1: recordFrameIntervals = False
758.1964 	INFO 	Mouse: using default window
759.0215 	DATA 	Keypress: b
759.2394 	DATA 	Keypress: o
759.5716 	DATA 	Keypress: x
759.7133 	EXP 	New trial (rep=7, index=3): {'leftStreamFlip': False, 'oneTarget': False, 'trialInstructionPos': (0, 1), 'probe': 'both', 'rightStreamFlip': False, 'horizVert': True, 'ISIframes': 2, 'rightResponseFirst': True}
759.7375 	INFO 	numtrials=360 and this trialDurFrames=4 or 66.6666666667 ms  task=T1
760.7212 	EXP 	window1: recordFrameIntervals = False
760.7298 	INFO 	Mouse: using default window
762.1049 	DATA 	Keypress: s
762.3547 	DATA 	Keypress: a
762.4560 	DATA 	Keypress: w
764.1049 	DATA 	Keypress: b
764.3047 	DATA 	Keypress: o
764.3881 	DATA 	Keypress: t
764.5332 	EXP 	New trial (rep=7, index=4): {'leftStreamFlip': False, 'oneTarget': False, 'trialInstructionPos': (0, -1), 'probe': 'both', 'rightStreamFlip': False, 'horizVert': True, 'ISIframes': 2, 'rightResponseFirst': False}
764.5538 	INFO 	numtrials=360 and this trialDurFrames=4 or 66.6666666667 ms  task=T1
765.6878 	EXP 	window1: recordFrameIntervals = False
765.6968 	INFO 	Mouse: using default window
766.5049 	DATA 	Keypress: t
766.6049 	DATA 	Keypress: o
767.1716 	DATA 	Keypress: backspace
767.3382 	DATA 	Keypress: backspace
768.7382 	DATA 	Keypress: r
768.8382 	DATA 	Keypress: e
769.3714 	DATA 	Keypress: backspace
769.4548 	DATA 	Keypress: a
769.6560 	DATA 	Keypress: n
770.3214 	DATA 	Keypress: t
770.4217 	DATA 	Keypress: p
770.9549 	DATA 	Keypress: backspace
771.2392 	DATA 	Keypress: o
771.4549 	DATA 	Keypress: n
771.6098 	EXP 	New trial (rep=7, index=5): {'leftStreamFlip': False, 'oneTarget': True, 'trialInstructionPos': (0, -1), 'probe': 'both', 'rightStreamFlip': False, 'horizVert': True, 'ISIframes': 2, 'rightResponseFirst': False}
771.6389 	INFO 	numtrials=360 and this trialDurFrames=4 or 66.6666666667 ms  task=T1
772.6881 	EXP 	window1: recordFrameIntervals = False
772.6957 	INFO 	Mouse: using default window
773.2883 	DATA 	Keypress: a
773.4382 	DATA 	Keypress: l
773.6049 	DATA 	Keypress: l
773.7467 	EXP 	New trial (rep=7, index=6): {'leftStreamFlip': False, 'oneTarget': True, 'trialInstructionPos': (0, 1), 'probe': 'both', 'rightStreamFlip': False, 'horizVert': True, 'ISIframes': 2, 'rightResponseFirst': False}
773.7707 	INFO 	numtrials=360 and this trialDurFrames=4 or 66.6666666667 ms  task=T1
774.9379 	EXP 	window1: recordFrameIntervals = False
774.9465 	INFO 	Mouse: using default window
775.5048 	DATA 	Keypress: a
775.6549 	DATA 	Keypress: r
776.1882 	DATA 	Keypress: t
776.3321 	EXP 	New trial (rep=7, index=7): {'leftStreamFlip': False, 'oneTarget': False, 'trialInstructionPos': (0, -1), 'probe': 'both', 'rightStreamFlip': False, 'horizVert': True, 'ISIframes': 2, 'rightResponseFirst': True}
776.3540 	INFO 	numtrials=360 and this trialDurFrames=4 or 66.6666666667 ms  task=T1
777.5213 	EXP 	window1: recordFrameIntervals = False
777.5296 	INFO 	Mouse: using default window
779.5882 	DATA 	Keypress: t
779.9881 	DATA 	Keypress: a
780.5050 	DATA 	Keypress: d
780.8882 	DATA 	Keypress: f
781.0047 	DATA 	Keypress: a
781.1550 	DATA 	Keypress: m
781.2995 	EXP 	New trial (rep=7, index=8): {'leftStreamFlip': False, 'oneTarget': True, 'trialInstructionPos': (0, 1), 'probe': 'both', 'rightStreamFlip': False, 'horizVert': True, 'ISIframes': 2, 'rightResponseFirst': True}
781.3207 	INFO 	numtrials=360 and this trialDurFrames=4 or 66.6666666667 ms  task=T1
782.3547 	EXP 	window1: recordFrameIntervals = False
782.3631 	INFO 	Mouse: using default window
783.0215 	DATA 	Keypress: a
783.2216 	DATA 	Keypress: y
783.2716 	DATA 	Keypress: e
783.4129 	EXP 	New trial (rep=7, index=9): {'leftStreamFlip': False, 'oneTarget': False, 'trialInstructionPos': (0, 1), 'probe': 'both', 'rightStreamFlip': False, 'horizVert': True, 'ISIframes': 2, 'rightResponseFirst': False}
783.4376 	INFO 	numtrials=360 and this trialDurFrames=4 or 66.6666666667 ms  task=T1
784.5713 	EXP 	window1: recordFrameIntervals = False
784.5799 	INFO 	Mouse: using default window
785.7881 	DATA 	Keypress: p
785.9049 	DATA 	Keypress: a
786.0884 	DATA 	Keypress: n
787.4714 	DATA 	Keypress: p
787.6216 	DATA 	Keypress: a
787.9882 	DATA 	Keypress: n
788.1329 	EXP 	New trial (rep=7, index=10): {'leftStreamFlip': False, 'oneTarget': False, 'trialInstructionPos': (0, -1), 'probe': 'both', 'rightStreamFlip': False, 'horizVert': True, 'ISIframes': 2, 'rightResponseFirst': True}
788.1540 	INFO 	numtrials=360 and this trialDurFrames=4 or 66.6666666667 ms  task=T1
789.1379 	EXP 	window1: recordFrameIntervals = False
789.1464 	INFO 	Mouse: using default window
790.3219 	DATA 	Keypress: c
790.4237 	DATA 	Keypress: a
790.5885 	DATA 	Keypress: n
791.9715 	DATA 	Keypress: g
792.1384 	DATA 	Keypress: u
792.3547 	DATA 	Keypress: y
792.4973 	EXP 	New trial (rep=7, index=11): {'leftStreamFlip': False, 'oneTarget': False, 'trialInstructionPos': (0, -1), 'probe': 'both', 'rightStreamFlip': False, 'horizVert': True, 'ISIframes': 2, 'rightResponseFirst': False}
792.5204 	INFO 	numtrials=360 and this trialDurFrames=4 or 66.6666666667 ms  task=T1
793.6879 	EXP 	window1: recordFrameIntervals = False
793.6970 	INFO 	Mouse: using default window
795.8549 	DATA 	Keypress: g
796.1381 	DATA 	Keypress: u
796.2049 	DATA 	Keypress: y
796.8215 	DATA 	Keypress: d
797.2381 	DATA 	Keypress: o
797.5548 	DATA 	Keypress: c
797.6995 	EXP 	New trial (rep=8, index=0): {'leftStreamFlip': False, 'oneTarget': True, 'trialInstructionPos': (0, -1), 'probe': 'both', 'rightStreamFlip': False, 'horizVert': True, 'ISIframes': 2, 'rightResponseFirst': False}
797.7203 	INFO 	numtrials=360 and this trialDurFrames=4 or 66.6666666667 ms  task=T1
798.7046 	EXP 	window1: recordFrameIntervals = False
798.7134 	INFO 	Mouse: using default window
799.3382 	DATA 	Keypress: w
799.4549 	DATA 	Keypress: i
799.6215 	DATA 	Keypress: n
799.7612 	EXP 	New trial (rep=8, index=1): {'leftStreamFlip': False, 'oneTarget': True, 'trialInstructionPos': (0, 1), 'probe': 'both', 'rightStreamFlip': False, 'horizVert': True, 'ISIframes': 2, 'rightResponseFirst': False}
799.7869 	INFO 	numtrials=360 and this trialDurFrames=4 or 66.6666666667 ms  task=T1
800.9546 	EXP 	window1: recordFrameIntervals = False
800.9628 	INFO 	Mouse: using default window
801.5721 	DATA 	Keypress: a
801.8217 	DATA 	Keypress: t
801.9385 	DATA 	Keypress: e
802.0825 	EXP 	New trial (rep=8, index=2): {'leftStreamFlip': False, 'oneTarget': True, 'trialInstructionPos': (0, -1), 'probe': 'both', 'rightStreamFlip': False, 'horizVert': True, 'ISIframes': 2, 'rightResponseFirst': True}
802.1036 	INFO 	numtrials=360 and this trialDurFrames=4 or 66.6666666667 ms  task=T1
803.0877 	EXP 	window1: recordFrameIntervals = False
803.0961 	INFO 	Mouse: using default window
804.0721 	DATA 	Keypress: f
804.2714 	DATA 	Keypress: u
804.3715 	DATA 	Keypress: n
804.5130 	EXP 	New trial (rep=8, index=3): {'leftStreamFlip': False, 'oneTarget': False, 'trialInstructionPos': (0, -1), 'probe': 'both', 'rightStreamFlip': False, 'horizVert': True, 'ISIframes': 2, 'rightResponseFirst': False}
804.5377 	INFO 	numtrials=360 and this trialDurFrames=4 or 66.6666666667 ms  task=T1
805.5881 	EXP 	window1: recordFrameIntervals = False
805.5968 	INFO 	Mouse: using default window
806.8550 	DATA 	Keypress: f
807.0549 	DATA 	Keypress: u
807.1714 	DATA 	Keypress: n
807.6047 	DATA 	Keypress: a
807.8048 	DATA 	Keypress: c
808.3715 	DATA 	Keypress: t
808.5197 	EXP 	New trial (rep=8, index=4): {'leftStreamFlip': False, 'oneTarget': False, 'trialInstructionPos': (0, 1), 'probe': 'both', 'rightStreamFlip': False, 'horizVert': True, 'ISIframes': 2, 'rightResponseFirst': True}
808.5372 	INFO 	numtrials=360 and this trialDurFrames=4 or 66.6666666667 ms  task=T1
809.6879 	EXP 	window1: recordFrameIntervals = False
809.6964 	INFO 	Mouse: using default window
810.7214 	DATA 	Keypress: p
810.8396 	DATA 	Keypress: r
810.9714 	DATA 	Keypress: o
812.2547 	DATA 	Keypress: s
812.4049 	DATA 	Keypress: u
812.5715 	DATA 	Keypress: n
812.7202 	EXP 	New trial (rep=8, index=5): {'leftStreamFlip': False, 'oneTarget': True, 'trialInstructionPos': (0, 1), 'probe': 'both', 'rightStreamFlip': False, 'horizVert': True, 'ISIframes': 2, 'rightResponseFirst': True}
812.7376 	INFO 	numtrials=360 and this trialDurFrames=4 or 66.6666666667 ms  task=T1
813.7712 	EXP 	window1: recordFrameIntervals = False
813.7794 	INFO 	Mouse: using default window
815.0715 	DATA 	Keypress: f
815.1881 	DATA 	Keypress: i
815.3381 	DATA 	Keypress: z
815.4841 	EXP 	New trial (rep=8, index=6): {'leftStreamFlip': False, 'oneTarget': False, 'trialInstructionPos': (0, 1), 'probe': 'both', 'rightStreamFlip': False, 'horizVert': True, 'ISIframes': 2, 'rightResponseFirst': False}
815.5037 	INFO 	numtrials=360 and this trialDurFrames=4 or 66.6666666667 ms  task=T1
816.7044 	EXP 	window1: recordFrameIntervals = False
816.7141 	INFO 	Mouse: using default window
817.5380 	DATA 	Keypress: g
817.6395 	DATA 	Keypress: a
817.7881 	DATA 	Keypress: l
818.4056 	DATA 	Keypress: g
818.4882 	DATA 	Keypress: a
818.6548 	DATA 	Keypress: l
818.7990 	EXP 	New trial (rep=8, index=7): {'leftStreamFlip': False, 'oneTarget': False, 'trialInstructionPos': (0, 1), 'probe': 'both', 'rightStreamFlip': False, 'horizVert': True, 'ISIframes': 2, 'rightResponseFirst': True}
818.8204 	INFO 	numtrials=360 and this trialDurFrames=4 or 66.6666666667 ms  task=T1
820.0378 	EXP 	window1: recordFrameIntervals = False
820.0463 	INFO 	Mouse: using default window
820.9382 	DATA 	Keypress: p
821.0715 	DATA 	Keypress: e
821.2382 	DATA 	Keypress: e
821.8381 	DATA 	Keypress: m
822.0395 	DATA 	Keypress: i
822.2381 	DATA 	Keypress: x
822.3832 	EXP 	New trial (rep=8, index=8): {'leftStreamFlip': False, 'oneTarget': False, 'trialInstructionPos': (0, 1), 'probe': 'both', 'rightStreamFlip': False, 'horizVert': True, 'ISIframes': 2, 'rightResponseFirst': False}
822.4041 	INFO 	numtrials=360 and this trialDurFrames=4 or 66.6666666667 ms  task=T1
823.6215 	EXP 	window1: recordFrameIntervals = False
823.6300 	INFO 	Mouse: using default window
824.4883 	DATA 	Keypress: n
824.7715 	DATA 	Keypress: u
824.8394 	DATA 	Keypress: t
825.6883 	DATA 	Keypress: n
825.8881 	DATA 	Keypress: u
825.9715 	DATA 	Keypress: t
826.1175 	EXP 	New trial (rep=8, index=9): {'leftStreamFlip': False, 'oneTarget': False, 'trialInstructionPos': (0, -1), 'probe': 'both', 'rightStreamFlip': False, 'horizVert': True, 'ISIframes': 2, 'rightResponseFirst': True}
826.1377 	INFO 	numtrials=360 and this trialDurFrames=4 or 66.6666666667 ms  task=T1
827.3546 	EXP 	window1: recordFrameIntervals = False
827.3627 	INFO 	Mouse: using default window
828.9715 	DATA 	Keypress: h
829.1047 	DATA 	Keypress: i
829.2214 	DATA 	Keypress: t
832.1051 	DATA 	Keypress: y
832.2884 	DATA 	Keypress: e
832.5881 	DATA 	Keypress: t
832.7307 	EXP 	New trial (rep=8, index=10): {'leftStreamFlip': False, 'oneTarget': False, 'trialInstructionPos': (0, -1), 'probe': 'both', 'rightStreamFlip': False, 'horizVert': True, 'ISIframes': 2, 'rightResponseFirst': True}
832.7543 	INFO 	numtrials=360 and this trialDurFrames=4 or 66.6666666667 ms  task=T1
833.9547 	EXP 	window1: recordFrameIntervals = False
833.9624 	INFO 	Mouse: using default window
835.3548 	DATA 	Keypress: t
835.6885 	DATA 	Keypress: o
835.7551 	DATA 	Keypress: p
836.4386 	DATA 	Keypress: s
836.8047 	DATA 	Keypress: p
837.0886 	DATA 	Keypress: y
837.2334 	EXP 	New trial (rep=8, index=11): {'leftStreamFlip': False, 'oneTarget': False, 'trialInstructionPos': (0, -1), 'probe': 'both', 'rightStreamFlip': False, 'horizVert': True, 'ISIframes': 2, 'rightResponseFirst': False}
837.2536 	INFO 	numtrials=360 and this trialDurFrames=4 or 66.6666666667 ms  task=T1
838.3047 	EXP 	window1: recordFrameIntervals = False
838.3123 	INFO 	Mouse: using default window
839.8216 	DATA 	Keypress: r
840.0379 	DATA 	Keypress: u
840.2714 	DATA 	Keypress: m
840.8049 	DATA 	Keypress: p
841.0552 	DATA 	Keypress: u
841.1718 	DATA 	Keypress: t
841.3172 	EXP 	New trial (rep=9, index=0): {'leftStreamFlip': False, 'oneTarget': True, 'trialInstructionPos': (0, -1), 'probe': 'both', 'rightStreamFlip': False, 'horizVert': True, 'ISIframes': 2, 'rightResponseFirst': True}
841.3375 	INFO 	numtrials=360 and this trialDurFrames=4 or 66.6666666667 ms  task=T1
842.4045 	EXP 	window1: recordFrameIntervals = False
842.4125 	INFO 	Mouse: using default window
843.3049 	DATA 	Keypress: y
843.4215 	DATA 	Keypress: e
843.5547 	DATA 	Keypress: s
843.6993 	EXP 	New trial (rep=9, index=1): {'leftStreamFlip': False, 'oneTarget': True, 'trialInstructionPos': (0, -1), 'probe': 'both', 'rightStreamFlip': False, 'horizVert': True, 'ISIframes': 2, 'rightResponseFirst': False}
843.7205 	INFO 	numtrials=360 and this trialDurFrames=4 or 66.6666666667 ms  task=T1
844.7046 	EXP 	window1: recordFrameIntervals = False
844.7130 	INFO 	Mouse: using default window
845.6049 	DATA 	Keypress: s
845.7882 	DATA 	Keypress: a
846.0549 	DATA 	Keypress: d
846.1970 	EXP 	New trial (rep=9, index=2): {'leftStreamFlip': False, 'oneTarget': False, 'trialInstructionPos': (0, -1), 'probe': 'both', 'rightStreamFlip': False, 'horizVert': True, 'ISIframes': 2, 'rightResponseFirst': False}
846.2208 	INFO 	numtrials=360 and this trialDurFrames=4 or 66.6666666667 ms  task=T1
847.2545 	EXP 	window1: recordFrameIntervals = False
847.2626 	INFO 	Mouse: using default window
848.5380 	DATA 	Keypress: a
848.8047 	DATA 	Keypress: y
848.8881 	DATA 	Keypress: e
849.4382 	DATA 	Keypress: d
849.5548 	DATA 	Keypress: o
849.7380 	DATA 	Keypress: c
849.8823 	EXP 	New trial (rep=9, index=3): {'leftStreamFlip': False, 'oneTarget': False, 'trialInstructionPos': (0, -1), 'probe': 'both', 'rightStreamFlip': False, 'horizVert': True, 'ISIframes': 2, 'rightResponseFirst': True}
849.9041 	INFO 	numtrials=360 and this trialDurFrames=4 or 66.6666666667 ms  task=T1
851.1044 	EXP 	window1: recordFrameIntervals = False
851.1130 	INFO 	Mouse: using default window
852.2547 	DATA 	Keypress: o
852.4549 	DATA 	Keypress: w
852.8382 	DATA 	Keypress: q
854.4395 	DATA 	Keypress: f
854.5717 	DATA 	Keypress: u
854.7382 	DATA 	Keypress: n
854.8837 	EXP 	New trial (rep=9, index=4): {'leftStreamFlip': False, 'oneTarget': False, 'trialInstructionPos': (0, 1), 'probe': 'both', 'rightStreamFlip': False, 'horizVert': True, 'ISIframes': 2, 'rightResponseFirst': True}
854.9038 	INFO 	numtrials=360 and this trialDurFrames=4 or 66.6666666667 ms  task=T1
856.1046 	EXP 	window1: recordFrameIntervals = False
856.1125 	INFO 	Mouse: using default window
858.4550 	DATA 	Keypress: p
858.5387 	DATA 	Keypress: e
858.6882 	DATA 	Keypress: t
859.3713 	DATA 	Keypress: r
859.5548 	DATA 	Keypress: u
859.6716 	DATA 	Keypress: n
859.8162 	EXP 	New trial (rep=9, index=5): {'leftStreamFlip': False, 'oneTarget': False, 'trialInstructionPos': (0, 1), 'probe': 'both', 'rightStreamFlip': False, 'horizVert': True, 'ISIframes': 2, 'rightResponseFirst': True}
859.8373 	INFO 	numtrials=360 and this trialDurFrames=4 or 66.6666666667 ms  task=T1
861.0213 	EXP 	window1: recordFrameIntervals = False
861.0293 	INFO 	Mouse: using default window
862.4048 	DATA 	Keypress: b
862.4719 	DATA 	Keypress: i
862.5882 	DATA 	Keypress: t
863.4548 	DATA 	Keypress: y
863.5718 	DATA 	Keypress: a
863.6392 	DATA 	Keypress: y
863.7993 	EXP 	New trial (rep=9, index=6): {'leftStreamFlip': False, 'oneTarget': True, 'trialInstructionPos': (0, 1), 'probe': 'both', 'rightStreamFlip': False, 'horizVert': True, 'ISIframes': 2, 'rightResponseFirst': False}
863.8209 	INFO 	numtrials=360 and this trialDurFrames=4 or 66.6666666667 ms  task=T1
864.8213 	EXP 	window1: recordFrameIntervals = False
864.8294 	INFO 	Mouse: using default window
865.7382 	DATA 	Keypress: h
865.8714 	DATA 	Keypress: i
866.0395 	DATA 	Keypress: s
866.1977 	EXP 	New trial (rep=9, index=7): {'leftStreamFlip': False, 'oneTarget': True, 'trialInstructionPos': (0, 1), 'probe': 'both', 'rightStreamFlip': False, 'horizVert': True, 'ISIframes': 2, 'rightResponseFirst': True}
866.2210 	INFO 	numtrials=360 and this trialDurFrames=4 or 66.6666666667 ms  task=T1
867.3545 	EXP 	window1: recordFrameIntervals = False
867.3632 	INFO 	Mouse: using default window
867.8715 	DATA 	Keypress: s
868.0381 	DATA 	Keypress: e
868.2214 	DATA 	Keypress: e
868.3630 	EXP 	New trial (rep=9, index=8): {'leftStreamFlip': False, 'oneTarget': False, 'trialInstructionPos': (0, -1), 'probe': 'both', 'rightStreamFlip': False, 'horizVert': True, 'ISIframes': 2, 'rightResponseFirst': True}
868.3874 	INFO 	numtrials=360 and this trialDurFrames=4 or 66.6666666667 ms  task=T1
869.6045 	EXP 	window1: recordFrameIntervals = False
869.6129 	INFO 	Mouse: using default window
870.7881 	DATA 	Keypress: j
870.8883 	DATA 	Keypress: a
871.0381 	DATA 	Keypress: r
871.8380 	DATA 	Keypress: s
871.9382 	DATA 	Keypress: e
872.0880 	DATA 	Keypress: e
872.2332 	EXP 	New trial (rep=9, index=9): {'leftStreamFlip': False, 'oneTarget': False, 'trialInstructionPos': (0, -1), 'probe': 'both', 'rightStreamFlip': False, 'horizVert': True, 'ISIframes': 2, 'rightResponseFirst': False}
872.2536 	INFO 	numtrials=360 and this trialDurFrames=4 or 66.6666666667 ms  task=T1
873.2712 	EXP 	window1: recordFrameIntervals = False
873.2800 	INFO 	Mouse: using default window
874.2714 	DATA 	Keypress: f
874.3714 	DATA 	Keypress: a
874.5548 	DATA 	Keypress: t
875.3882 	DATA 	Keypress: s
876.1214 	DATA 	Keypress: a
876.3214 	DATA 	Keypress: n
876.4622 	EXP 	New trial (rep=9, index=10): {'leftStreamFlip': False, 'oneTarget': False, 'trialInstructionPos': (0, 1), 'probe': 'both', 'rightStreamFlip': False, 'horizVert': True, 'ISIframes': 2, 'rightResponseFirst': False}
876.4867 	INFO 	numtrials=360 and this trialDurFrames=4 or 66.6666666667 ms  task=T1
877.6712 	EXP 	window1: recordFrameIntervals = False
877.6797 	INFO 	Mouse: using default window
878.8385 	DATA 	Keypress: f
879.0881 	DATA 	Keypress: a
879.8048 	DATA 	Keypress: backspace
879.9880 	DATA 	Keypress: backspace
880.4721 	DATA 	Keypress: r
880.6716 	DATA 	Keypress: u
880.7714 	DATA 	Keypress: n
881.4216 	DATA 	Keypress: f
881.4882 	DATA 	Keypress: a
882.0047 	DATA 	Keypress: x
882.1522 	EXP 	New trial (rep=9, index=11): {'leftStreamFlip': False, 'oneTarget': False, 'trialInstructionPos': (0, 1), 'probe': 'both', 'rightStreamFlip': False, 'horizVert': True, 'ISIframes': 2, 'rightResponseFirst': False}
882.1703 	INFO 	numtrials=360 and this trialDurFrames=4 or 66.6666666667 ms  task=T1
883.2881 	EXP 	window1: recordFrameIntervals = False
883.2969 	INFO 	Mouse: using default window
884.8882 	DATA 	Keypress: p
884.9714 	DATA 	Keypress: o
885.0884 	DATA 	Keypress: t
885.6395 	DATA 	Keypress: w
885.7882 	DATA 	Keypress: e
886.0047 	DATA 	Keypress: e
886.1494 	EXP 	New trial (rep=10, index=0): {'leftStreamFlip': False, 'oneTarget': False, 'trialInstructionPos': (0, -1), 'probe': 'both', 'rightStreamFlip': False, 'horizVert': True, 'ISIframes': 2, 'rightResponseFirst': False}
886.1711 	INFO 	numtrials=360 and this trialDurFrames=4 or 66.6666666667 ms  task=T1
887.1712 	EXP 	window1: recordFrameIntervals = False
887.1798 	INFO 	Mouse: using default window
888.0881 	DATA 	Keypress: t
888.3548 	DATA 	Keypress: i
888.4548 	DATA 	Keypress: p
889.1882 	DATA 	Keypress: t
889.3051 	DATA 	Keypress: i
889.3880 	DATA 	Keypress: p
889.5328 	EXP 	New trial (rep=10, index=1): {'leftStreamFlip': False, 'oneTarget': False, 'trialInstructionPos': (0, 1), 'probe': 'both', 'rightStreamFlip': False, 'horizVert': True, 'ISIframes': 2, 'rightResponseFirst': False}
889.5539 	INFO 	numtrials=360 and this trialDurFrames=4 or 66.6666666667 ms  task=T1
890.7549 	EXP 	window1: recordFrameIntervals = False
890.7640 	INFO 	Mouse: using default window
894.4398 	DATA 	Keypress: s
894.7549 	DATA 	Keypress: e
894.8881 	DATA 	Keypress: e
895.6216 	DATA 	Keypress: f
895.7215 	DATA 	Keypress: l
895.9715 	DATA 	Keypress: u
896.1170 	EXP 	New trial (rep=10, index=2): {'leftStreamFlip': False, 'oneTarget': False, 'trialInstructionPos': (0, -1), 'probe': 'both', 'rightStreamFlip': False, 'horizVert': True, 'ISIframes': 2, 'rightResponseFirst': True}
896.1374 	INFO 	numtrials=360 and this trialDurFrames=4 or 66.6666666667 ms  task=T1
897.3379 	EXP 	window1: recordFrameIntervals = False
897.3464 	INFO 	Mouse: using default window
898.2048 	DATA 	Keypress: d
898.4395 	DATA 	Keypress: r
898.6047 	DATA 	Keypress: u
900.5047 	DATA 	Keypress: f
900.8214 	DATA 	Keypress: i
900.9546 	DATA 	Keypress: t
901.0999 	EXP 	New trial (rep=10, index=3): {'leftStreamFlip': False, 'oneTarget': True, 'trialInstructionPos': (0, 1), 'probe': 'both', 'rightStreamFlip': False, 'horizVert': True, 'ISIframes': 2, 'rightResponseFirst': False}
901.1207 	INFO 	numtrials=360 and this trialDurFrames=4 or 66.6666666667 ms  task=T1
902.2712 	EXP 	window1: recordFrameIntervals = False
902.2795 	INFO 	Mouse: using default window
903.1046 	DATA 	Keypress: t
903.6389 	DATA 	Keypress: o
903.7381 	DATA 	Keypress: y
903.8863 	EXP 	New trial (rep=10, index=4): {'leftStreamFlip': False, 'oneTarget': False, 'trialInstructionPos': (0, 1), 'probe': 'both', 'rightStreamFlip': False, 'horizVert': True, 'ISIframes': 2, 'rightResponseFirst': True}
903.9036 	INFO 	numtrials=360 and this trialDurFrames=4 or 66.6666666667 ms  task=T1
905.0879 	EXP 	window1: recordFrameIntervals = False
905.0964 	INFO 	Mouse: using default window
906.3047 	DATA 	Keypress: t
906.5215 	DATA 	Keypress: i
906.6380 	DATA 	Keypress: w
907.8214 	DATA 	Keypress: g
908.0547 	DATA 	Keypress: u
908.7882 	DATA 	Keypress: y
908.9297 	EXP 	New trial (rep=10, index=5): {'leftStreamFlip': False, 'oneTarget': True, 'trialInstructionPos': (0, 1), 'probe': 'both', 'rightStreamFlip': False, 'horizVert': True, 'ISIframes': 2, 'rightResponseFirst': True}
908.9535 	INFO 	numtrials=360 and this trialDurFrames=4 or 66.6666666667 ms  task=T1
910.1049 	EXP 	window1: recordFrameIntervals = False
910.1152 	INFO 	Mouse: using default window
912.2048 	DATA 	Keypress: s
912.4718 	DATA 	Keypress: i
912.7385 	DATA 	Keypress: n
912.8767 	EXP 	New trial (rep=10, index=6): {'leftStreamFlip': False, 'oneTarget': False, 'trialInstructionPos': (0, 1), 'probe': 'both', 'rightStreamFlip': False, 'horizVert': True, 'ISIframes': 2, 'rightResponseFirst': True}
912.8870 	INFO 	numtrials=360 and this trialDurFrames=4 or 66.6666666667 ms  task=T1
913.9546 	EXP 	window1: recordFrameIntervals = False
913.9631 	INFO 	Mouse: using default window
915.5716 	DATA 	Keypress: o
915.9216 	DATA 	Keypress: u
916.0719 	DATA 	Keypress: r
916.8215 	DATA 	Keypress: t
917.1716 	DATA 	Keypress: o
917.7380 	DATA 	Keypress: y
917.8802 	EXP 	New trial (rep=10, index=7): {'leftStreamFlip': False, 'oneTarget': True, 'trialInstructionPos': (0, -1), 'probe': 'both', 'rightStreamFlip': False, 'horizVert': True, 'ISIframes': 2, 'rightResponseFirst': True}
917.9034 	INFO 	numtrials=360 and this trialDurFrames=4 or 66.6666666667 ms  task=T1
919.0884 	EXP 	window1: recordFrameIntervals = False
919.0982 	INFO 	Mouse: using default window
919.8884 	DATA 	Keypress: d
920.1881 	DATA 	Keypress: u
920.3216 	DATA 	Keypress: e
920.4592 	EXP 	New trial (rep=10, index=8): {'leftStreamFlip': False, 'oneTarget': False, 'trialInstructionPos': (0, 1), 'probe': 'both', 'rightStreamFlip': False, 'horizVert': True, 'ISIframes': 2, 'rightResponseFirst': False}
920.4701 	INFO 	numtrials=360 and this trialDurFrames=4 or 66.6666666667 ms  task=T1
921.5043 	EXP 	window1: recordFrameIntervals = False
921.5124 	INFO 	Mouse: using default window
923.8048 	DATA 	Keypress: t
924.0214 	DATA 	Keypress: a
924.1880 	DATA 	Keypress: n
924.7880 	DATA 	Keypress: m
925.0047 	DATA 	Keypress: o
925.2548 	DATA 	Keypress: b
925.3964 	EXP 	New trial (rep=10, index=9): {'leftStreamFlip': False, 'oneTarget': False, 'trialInstructionPos': (0, -1), 'probe': 'both', 'rightStreamFlip': False, 'horizVert': True, 'ISIframes': 2, 'rightResponseFirst': True}
925.4201 	INFO 	numtrials=360 and this trialDurFrames=4 or 66.6666666667 ms  task=T1
926.4380 	EXP 	window1: recordFrameIntervals = False
926.4465 	INFO 	Mouse: using default window
927.7883 	DATA 	Keypress: a
928.0215 	DATA 	Keypress: i
928.2714 	DATA 	Keypress: m
928.9547 	DATA 	Keypress: t
929.2215 	DATA 	Keypress: o
929.3379 	DATA 	Keypress: y
929.4782 	EXP 	New trial (rep=10, index=10): {'leftStreamFlip': False, 'oneTarget': True, 'trialInstructionPos': (0, -1), 'probe': 'both', 'rightStreamFlip': False, 'horizVert': True, 'ISIframes': 2, 'rightResponseFirst': False}
929.5034 	INFO 	numtrials=360 and this trialDurFrames=4 or 66.6666666667 ms  task=T1
930.5211 	EXP 	window1: recordFrameIntervals = False
930.5304 	INFO 	Mouse: using default window
931.3549 	DATA 	Keypress: a
931.6048 	DATA 	Keypress: g
931.7050 	DATA 	Keypress: e
931.8424 	EXP 	New trial (rep=10, index=11): {'leftStreamFlip': False, 'oneTarget': False, 'trialInstructionPos': (0, -1), 'probe': 'both', 'rightStreamFlip': False, 'horizVert': True, 'ISIframes': 2, 'rightResponseFirst': False}
931.8535 	INFO 	numtrials=360 and this trialDurFrames=4 or 66.6666666667 ms  task=T1
932.8381 	EXP 	window1: recordFrameIntervals = False
932.8471 	INFO 	Mouse: using default window
935.1551 	DATA 	Keypress: c
935.4545 	DATA 	Keypress: o
935.5715 	DATA 	Keypress: p
936.0230 	DATA 	Keypress: t
936.1554 	DATA 	Keypress: e
936.3547 	DATA 	Keypress: e
936.4966 	EXP 	New trial (rep=11, index=0): {'leftStreamFlip': False, 'oneTarget': False, 'trialInstructionPos': (0, 1), 'probe': 'both', 'rightStreamFlip': False, 'horizVert': True, 'ISIframes': 2, 'rightResponseFirst': True}
936.5200 	INFO 	numtrials=360 and this trialDurFrames=4 or 66.6666666667 ms  task=T1
937.6879 	EXP 	window1: recordFrameIntervals = False
937.6968 	INFO 	Mouse: using default window
938.7047 	DATA 	Keypress: r
938.8713 	DATA 	Keypress: o
939.2409 	DATA 	Keypress: b
940.1049 	DATA 	Keypress: s
940.3215 	DATA 	Keypress: o
940.5881 	DATA 	Keypress: n
940.7309 	EXP 	New trial (rep=11, index=1): {'leftStreamFlip': False, 'oneTarget': False, 'trialInstructionPos': (0, 1), 'probe': 'both', 'rightStreamFlip': False, 'horizVert': True, 'ISIframes': 2, 'rightResponseFirst': True}
940.7533 	INFO 	numtrials=360 and this trialDurFrames=4 or 66.6666666667 ms  task=T1
941.8045 	EXP 	window1: recordFrameIntervals = False
941.8130 	INFO 	Mouse: using default window
944.4048 	DATA 	Keypress: t
944.5547 	DATA 	Keypress: a
944.9715 	DATA 	Keypress: x
945.4880 	DATA 	Keypress: b
945.6381 	DATA 	Keypress: u
945.9548 	DATA 	Keypress: m
946.1000 	EXP 	New trial (rep=11, index=2): {'leftStreamFlip': False, 'oneTarget': False, 'trialInstructionPos': (0, -1), 'probe': 'both', 'rightStreamFlip': False, 'horizVert': True, 'ISIframes': 2, 'rightResponseFirst': False}
946.1204 	INFO 	numtrials=360 and this trialDurFrames=4 or 66.6666666667 ms  task=T1
947.2545 	EXP 	window1: recordFrameIntervals = False
947.2632 	INFO 	Mouse: using default window
949.7714 	DATA 	Keypress: t
949.8882 	DATA 	Keypress: a
950.0394 	DATA 	Keypress: n
950.9047 	DATA 	Keypress: g
950.9882 	DATA 	Keypress: i
951.1547 	DATA 	Keypress: n
951.3013 	EXP 	New trial (rep=11, index=3): {'leftStreamFlip': False, 'oneTarget': False, 'trialInstructionPos': (0, -1), 'probe': 'both', 'rightStreamFlip': False, 'horizVert': True, 'ISIframes': 2, 'rightResponseFirst': False}
951.3203 	INFO 	numtrials=360 and this trialDurFrames=4 or 66.6666666667 ms  task=T1
952.3213 	EXP 	window1: recordFrameIntervals = False
952.3297 	INFO 	Mouse: using default window
953.4548 	DATA 	Keypress: g
953.6048 	DATA 	Keypress: a
953.7881 	DATA 	Keypress: g
954.5215 	DATA 	Keypress: s
954.6882 	DATA 	Keypress: i
954.8048 	DATA 	Keypress: n
954.9491 	EXP 	New trial (rep=11, index=4): {'leftStreamFlip': False, 'oneTarget': True, 'trialInstructionPos': (0, -1), 'probe': 'both', 'rightStreamFlip': False, 'horizVert': True, 'ISIframes': 2, 'rightResponseFirst': True}
954.9705 	INFO 	numtrials=360 and this trialDurFrames=4 or 66.6666666667 ms  task=T1
956.1880 	EXP 	window1: recordFrameIntervals = False
956.1964 	INFO 	Mouse: using default window
957.0380 	DATA 	Keypress: r
957.2616 	DATA 	Keypress: a
957.6716 	DATA 	Keypress: n
957.8146 	EXP 	New trial (rep=11, index=5): {'leftStreamFlip': False, 'oneTarget': False, 'trialInstructionPos': (0, 1), 'probe': 'both', 'rightStreamFlip': False, 'horizVert': True, 'ISIframes': 2, 'rightResponseFirst': False}
957.8374 	INFO 	numtrials=360 and this trialDurFrames=4 or 66.6666666667 ms  task=T1
958.8880 	EXP 	window1: recordFrameIntervals = False
958.8963 	INFO 	Mouse: using default window
959.9213 	DATA 	Keypress: b
960.0215 	DATA 	Keypress: a
960.1715 	DATA 	Keypress: t
961.0547 	DATA 	Keypress: b
961.1381 	DATA 	Keypress: a
961.3381 	DATA 	Keypress: t
961.4791 	EXP 	New trial (rep=11, index=6): {'leftStreamFlip': False, 'oneTarget': False, 'trialInstructionPos': (0, -1), 'probe': 'both', 'rightStreamFlip': False, 'horizVert': True, 'ISIframes': 2, 'rightResponseFirst': True}
961.5047 	INFO 	numtrials=360 and this trialDurFrames=4 or 66.6666666667 ms  task=T1
962.6213 	EXP 	window1: recordFrameIntervals = False
962.6296 	INFO 	Mouse: using default window
964.4047 	DATA 	Keypress: p
964.5881 	DATA 	Keypress: a
964.8047 	DATA 	Keypress: l
965.4715 	DATA 	Keypress: c
965.5716 	DATA 	Keypress: a
965.7881 	DATA 	Keypress: p
965.9338 	EXP 	New trial (rep=11, index=7): {'leftStreamFlip': False, 'oneTarget': True, 'trialInstructionPos': (0, -1), 'probe': 'both', 'rightStreamFlip': False, 'horizVert': True, 'ISIframes': 2, 'rightResponseFirst': False}
965.9541 	INFO 	numtrials=360 and this trialDurFrames=4 or 66.6666666667 ms  task=T1
967.1211 	EXP 	window1: recordFrameIntervals = False
967.1295 	INFO 	Mouse: using default window
967.8382 	DATA 	Keypress: c
968.0382 	DATA 	Keypress: u
968.2547 	DATA 	Keypress: t
968.3983 	EXP 	New trial (rep=11, index=8): {'leftStreamFlip': False, 'oneTarget': False, 'trialInstructionPos': (0, -1), 'probe': 'both', 'rightStreamFlip': False, 'horizVert': True, 'ISIframes': 2, 'rightResponseFirst': True}
968.4206 	INFO 	numtrials=360 and this trialDurFrames=4 or 66.6666666667 ms  task=T1
969.5545 	EXP 	window1: recordFrameIntervals = False
969.5631 	INFO 	Mouse: using default window
971.6882 	DATA 	Keypress: s
971.9048 	DATA 	Keypress: e
972.0882 	DATA 	Keypress: e
972.9549 	DATA 	Keypress: b
973.1051 	DATA 	Keypress: e
973.5053 	DATA 	Keypress: t
973.6485 	EXP 	New trial (rep=11, index=9): {'leftStreamFlip': False, 'oneTarget': True, 'trialInstructionPos': (0, 1), 'probe': 'both', 'rightStreamFlip': False, 'horizVert': True, 'ISIframes': 2, 'rightResponseFirst': True}
973.6707 	INFO 	numtrials=360 and this trialDurFrames=4 or 66.6666666667 ms  task=T1
974.7713 	EXP 	window1: recordFrameIntervals = False
974.7801 	INFO 	Mouse: using default window
975.7049 	DATA 	Keypress: b
975.8715 	DATA 	Keypress: e
976.0230 	DATA 	Keypress: t
976.1769 	EXP 	New trial (rep=11, index=10): {'leftStreamFlip': False, 'oneTarget': True, 'trialInstructionPos': (0, 1), 'probe': 'both', 'rightStreamFlip': False, 'horizVert': True, 'ISIframes': 2, 'rightResponseFirst': False}
976.2049 	INFO 	numtrials=360 and this trialDurFrames=4 or 66.6666666667 ms  task=T1
977.3380 	EXP 	window1: recordFrameIntervals = False
977.3459 	INFO 	Mouse: using default window
978.5391 	DATA 	Keypress: d
978.8053 	DATA 	Keypress: o
978.9380 	DATA 	Keypress: g
979.0817 	EXP 	New trial (rep=11, index=11): {'leftStreamFlip': False, 'oneTarget': False, 'trialInstructionPos': (0, 1), 'probe': 'both', 'rightStreamFlip': False, 'horizVert': True, 'ISIframes': 2, 'rightResponseFirst': False}
979.1040 	INFO 	numtrials=360 and this trialDurFrames=4 or 66.6666666667 ms  task=T1
980.2380 	EXP 	window1: recordFrameIntervals = False
980.2465 	INFO 	Mouse: using default window
982.2214 	DATA 	Keypress: j
982.3715 	DATA 	Keypress: a
982.5548 	DATA 	Keypress: m
983.1048 	DATA 	Keypress: p
983.2214 	DATA 	Keypress: a
983.3881 	DATA 	Keypress: l
983.5327 	EXP 	New trial (rep=12, index=0): {'leftStreamFlip': False, 'oneTarget': False, 'trialInstructionPos': (0, -1), 'probe': 'both', 'rightStreamFlip': False, 'horizVert': True, 'ISIframes': 2, 'rightResponseFirst': False}
983.5534 	INFO 	numtrials=360 and this trialDurFrames=4 or 66.6666666667 ms  task=T1
984.7546 	EXP 	window1: recordFrameIntervals = False
984.7634 	INFO 	Mouse: using default window
986.9216 	DATA 	Keypress: t
987.0547 	DATA 	Keypress: r
987.2216 	DATA 	Keypress: y
987.7214 	DATA 	Keypress: e
987.9549 	DATA 	Keypress: g
988.0554 	DATA 	Keypress: o
988.1982 	EXP 	New trial (rep=12, index=1): {'leftStreamFlip': False, 'oneTarget': False, 'trialInstructionPos': (0, 1), 'probe': 'both', 'rightStreamFlip': False, 'horizVert': True, 'ISIframes': 2, 'rightResponseFirst': True}
988.2211 	INFO 	numtrials=360 and this trialDurFrames=4 or 66.6666666667 ms  task=T1
989.2380 	EXP 	window1: recordFrameIntervals = False
989.2464 	INFO 	Mouse: using default window
990.5881 	DATA 	Keypress: j
990.7882 	DATA 	Keypress: o
991.0390 	DATA 	Keypress: y
991.9215 	DATA 	Keypress: g
992.1047 	DATA 	Keypress: u
992.3715 	DATA 	Keypress: m
992.5172 	EXP 	New trial (rep=12, index=2): {'leftStreamFlip': False, 'oneTarget': False, 'trialInstructionPos': (0, -1), 'probe': 'both', 'rightStreamFlip': False, 'horizVert': True, 'ISIframes': 2, 'rightResponseFirst': True}
992.5372 	INFO 	numtrials=360 and this trialDurFrames=4 or 66.6666666667 ms  task=T1
993.6379 	EXP 	window1: recordFrameIntervals = False
993.6467 	INFO 	Mouse: using default window
995.1048 	DATA 	Keypress: a
995.3214 	DATA 	Keypress: n
995.4715 	DATA 	Keypress: d
996.1214 	DATA 	Keypress: l
996.2381 	DATA 	Keypress: e
996.3714 	DATA 	Keypress: t
996.5169 	EXP 	New trial (rep=12, index=3): {'leftStreamFlip': False, 'oneTarget': False, 'trialInstructionPos': (0, 1), 'probe': 'both', 'rightStreamFlip': False, 'horizVert': True, 'ISIframes': 2, 'rightResponseFirst': False}
996.5377 	INFO 	numtrials=360 and this trialDurFrames=4 or 66.6666666667 ms  task=T1
997.5546 	EXP 	window1: recordFrameIntervals = False
997.5630 	INFO 	Mouse: using default window
999.6882 	DATA 	Keypress: t
1000.0549 	DATA 	Keypress: o
1000.1381 	DATA 	Keypress: p
1000.7065 	DATA 	Keypress: s
1000.9214 	DATA 	Keypress: u
1001.1716 	DATA 	Keypress: n
1001.3190 	EXP 	New trial (rep=12, index=4): {'leftStreamFlip': False, 'oneTarget': True, 'trialInstructionPos': (0, 1), 'probe': 'both', 'rightStreamFlip': False, 'horizVert': True, 'ISIframes': 2, 'rightResponseFirst': True}
1001.3376 	INFO 	numtrials=360 and this trialDurFrames=4 or 66.6666666667 ms  task=T1
1002.4217 	EXP 	window1: recordFrameIntervals = False
1002.4298 	INFO 	Mouse: using default window
1003.2882 	DATA 	Keypress: j
1003.5048 	DATA 	Keypress: o
1003.7881 	DATA 	Keypress: b
1003.9289 	EXP 	New trial (rep=12, index=5): {'leftStreamFlip': False, 'oneTarget': False, 'trialInstructionPos': (0, 1), 'probe': 'both', 'rightStreamFlip': False, 'horizVert': True, 'ISIframes': 2, 'rightResponseFirst': True}
1003.9536 	INFO 	numtrials=360 and this trialDurFrames=4 or 66.6666666667 ms  task=T1
1004.9878 	EXP 	window1: recordFrameIntervals = False
1004.9961 	INFO 	Mouse: using default window
1006.8381 	DATA 	Keypress: j
1007.0547 	DATA 	Keypress: o
1007.7381 	DATA 	Keypress: b
1008.3715 	DATA 	Keypress: w
1008.4549 	DATA 	Keypress: a
1008.6216 	DATA 	Keypress: y
1008.7672 	EXP 	New trial (rep=12, index=6): {'leftStreamFlip': False, 'oneTarget': False, 'trialInstructionPos': (0, -1), 'probe': 'both', 'rightStreamFlip': False, 'horizVert': True, 'ISIframes': 2, 'rightResponseFirst': False}
1008.7874 	INFO 	numtrials=360 and this trialDurFrames=4 or 66.6666666667 ms  task=T1
1009.8711 	EXP 	window1: recordFrameIntervals = False
1009.8796 	INFO 	Mouse: using default window
1010.9047 	DATA 	Keypress: s
1011.6214 	DATA 	Keypress: backspace
1012.0549 	DATA 	Keypress: bracketleft
1012.6055 	DATA 	Keypress: p
1012.7891 	DATA 	Keypress: a
1013.4048 	DATA 	Keypress: y
1014.0214 	DATA 	Keypress: s
1014.2715 	DATA 	Keypress: k
1014.4547 	DATA 	Keypress: i
1014.6019 	EXP 	New trial (rep=12, index=7): {'leftStreamFlip': False, 'oneTarget': False, 'trialInstructionPos': (0, -1), 'probe': 'both', 'rightStreamFlip': False, 'horizVert': True, 'ISIframes': 2, 'rightResponseFirst': True}
1014.6209 	INFO 	numtrials=360 and this trialDurFrames=4 or 66.6666666667 ms  task=T1
1015.7046 	EXP 	window1: recordFrameIntervals = False
1015.7130 	INFO 	Mouse: using default window
1016.6220 	DATA 	Keypress: s
1016.7047 	DATA 	Keypress: a
1017.0381 	DATA 	Keypress: d
1017.9884 	DATA 	Keypress: d
1018.0715 	DATA 	Keypress: a
1018.2214 	DATA 	Keypress: d
1018.3678 	EXP 	New trial (rep=12, index=8): {'leftStreamFlip': False, 'oneTarget': True, 'trialInstructionPos': (0, -1), 'probe': 'both', 'rightStreamFlip': False, 'horizVert': True, 'ISIframes': 2, 'rightResponseFirst': True}
1018.3875 	INFO 	numtrials=360 and this trialDurFrames=4 or 66.6666666667 ms  task=T1
1019.3712 	EXP 	window1: recordFrameIntervals = False
1019.3797 	INFO 	Mouse: using default window
1026.4388 	DATA 	Keypress: lwindows
1026.7880 	DATA 	Keypress: lctrl
1028.2881 	DATA 	Keypress: z
1034.9554 	DATA 	Keypress: lshift
1034.9881 	DATA 	Keypress: lctrl
1035.2715 	DATA 	Keypress: z
1035.2897 	INFO 	Stopping at 12:20 on 06 Aug 2018
1035.2925 	ERROR 	user aborted experiment on keypress with trials done=152 of 361
1035.3119 	INFO 	Program terminating normally.
