2.4803 	WARNING 	Monitor specification not found. Creating a temporary one...
17.5827 	EXP 	Created window1 = Window(allowGUI=False, allowStencil=False, autoLog=True, bitsMode=UNKNOWN, blendMode='avg', color=array([-0.7, -0.7, -0.7]), colorSpace='rgb', fullscr=UNKNOWN, gamma=None, lms=UNKNOWN, monitor=<psychopy.monitors.calibTools.Monitor object at 0x1AF1B050>, name='window1', pos=[0, 0], screen=0, size=array([1920, 1080]), stereo=False, units='deg', useFBO=False, useRetina=False, viewOri=0.0, viewPos=None, viewScale=None, waitBlanking=False, winType='pyglet')
17.5827 	INFO 	Mouse: using default window
17.5830 	EXP 	window1: units = 'norm'
17.6775 	EXP 	Created unnamed ImageStim = ImageStim(autoLog=True, color=array([ 1.,  1.,  1.]), colorSpace='rgb', contrast=1.0, depth=0, flipHoriz=False, flipVert=False, image=str(...), interpolate=False, mask=None, maskParams=None, name='unnamed ImageStim', opacity=1.0, ori=0.0, pos=array([-0.5,  0. ]), size=array([ 1.290625  ,  3.24814815]), texRes=128, units='norm', win=Window(...))
17.7479 	EXP 	Created unnamed ImageStim = ImageStim(autoLog=True, color=array([ 1.,  1.,  1.]), colorSpace='rgb', contrast=1.0, depth=0, flipHoriz=False, flipVert=False, image=str(...), interpolate=False, mask=None, maskParams=None, name='unnamed ImageStim', opacity=1.0, ori=0.0, pos=array([ 0.5,  0. ]), size=array([ 1.290625  ,  3.24814815]), texRes=128, units='norm', win=Window(...))
17.7643 	EXP 	Created OKrespZone = GratingStim(autoDraw=False, autoLog=True, color=array([ 1. ,  0.5,  0.5]), colorSpace='rgb', contrast=1.0, depth=0, interpolate=False, mask='gauss', maskParams=None, name='OKrespZone', opacity=1.0, ori=0.0, phase=array([ 0.,  0.]), pos=array([-0.2 , -0.92]), rgbPedestal=array([ 0.,  0.,  0.]), sf=array([ 0.,  0.]), size=array([ 2.3,  0.2]), tex='sin', texRes=256, units='norm', win=Window(...))
17.9424 	EXP 	unnamed ImageStim: size = (1, 2)
17.9424 	EXP 	unnamed ImageStim: size = (1, 2)
38.3596 	DATA 	Mouse: Left button down, pos=(825,61)
38.3758 	EXP 	window1: units = 'deg'
38.3760 	EXP 	window1: units = 'norm'
38.3960 	EXP 	Created OKrespZone = GratingStim(autoDraw=False, autoLog=True, color=array([ 1. ,  0.5,  0.5]), colorSpace='rgb', contrast=1.0, depth=0, interpolate=False, mask='gauss', maskParams=None, name='OKrespZone', opacity=1.0, ori=0.0, phase=array([ 0.,  0.]), pos=array([-0.2 , -0.92]), rgbPedestal=array([ 0.,  0.,  0.]), sf=array([ 0.,  0.]), size=array([ 2.3,  0.2]), tex='sin', texRes=256, units='norm', win=Window(...))
38.4787 	EXP 	Created unnamed ImageStim = ImageStim(autoLog=True, color=array([ 1.,  1.,  1.]), colorSpace='rgb', contrast=1.0, depth=0, flipHoriz=False, flipVert=False, image='abgdj\\PISandConsentForm\\consentForm.png', interpolate=False, mask=None, maskParams=None, name='unnamed ImageStim', opacity=1.0, ori=0.0, pos=array([ 0.,  0.]), size=array([ 1.3375    ,  2.97407407]), texRes=128, units='norm', win=Window(...))
38.5182 	EXP 	Created unnamed GratingStim = GratingStim(autoDraw=False, autoLog=True, color=array([ 1. ,  0.5,  0.5]), colorSpace='rgb', contrast=1.0, depth=0, interpolate=False, mask='gauss', maskParams=None, name='unnamed GratingStim', opacity=1.0, ori=0.0, phase=array([ 0.,  0.]), pos=array([-0.2 , -0.42]), rgbPedestal=array([ 0.,  0.,  0.]), sf=array([ 0.,  0.]), size=array([ 0.3,  0.2]), tex='sin', texRes=256, units='norm', win=Window(...))
38.5635 	EXP 	Created unnamed GratingStim = GratingStim(autoDraw=False, autoLog=True, color=array([ 1. ,  0.5,  0.5]), colorSpace='rgb', contrast=1.0, depth=0, interpolate=False, mask='gauss', maskParams=None, name='unnamed GratingStim', opacity=1.0, ori=0.0, phase=array([ 0.,  0.]), pos=array([ 0.1 , -0.42]), rgbPedestal=array([ 0.,  0.,  0.]), sf=array([ 0.,  0.]), size=array([ 0.3,  0.2]), tex='sin', texRes=256, units='norm', win=Window(...))
38.5877 	EXP 	Created unnamed GratingStim = GratingStim(autoDraw=False, autoLog=True, color=array([ 1. ,  0.5,  0.5]), colorSpace='rgb', contrast=1.0, depth=0, interpolate=False, mask='gauss', maskParams=None, name='unnamed GratingStim', opacity=1.0, ori=0.0, phase=array([ 0.,  0.]), pos=array([-0.2 , -0.72]), rgbPedestal=array([ 0.,  0.,  0.]), sf=array([ 0.,  0.]), size=array([ 0.3,  0.2]), tex='sin', texRes=256, units='norm', win=Window(...))
38.6119 	EXP 	Created unnamed GratingStim = GratingStim(autoDraw=False, autoLog=True, color=array([ 1. ,  0.5,  0.5]), colorSpace='rgb', contrast=1.0, depth=0, interpolate=False, mask='gauss', maskParams=None, name='unnamed GratingStim', opacity=1.0, ori=0.0, phase=array([ 0.,  0.]), pos=array([ 0.1 , -0.72]), rgbPedestal=array([ 0.,  0.,  0.]), sf=array([ 0.,  0.]), size=array([ 0.3,  0.2]), tex='sin', texRes=256, units='norm', win=Window(...))
38.6155 	DATA 	Mouse:  Left button up, pos=(825,61)
38.6223 	EXP 	unnamed ImageStim: size = (1.1, 2)
46.5262 	DATA 	Mouse: Left button down, pos=(774,309)
46.5930 	DATA 	Mouse:  Left button up, pos=(774,309)
49.5763 	DATA 	Mouse: Left button down, pos=(774,158)
49.6596 	DATA 	Mouse:  Left button up, pos=(774,158)
52.2428 	DATA 	Mouse: Left button down, pos=(737,31)
52.2591 	EXP 	window1: units = 'deg'
52.2630 	EXP 	window1: mouseVisible = True
63.1599 	EXP 	Created window1 = Window(allowGUI=False, allowStencil=False, autoLog=True, bitsMode=UNKNOWN, blendMode='avg', color=array([-0.7, -0.7, -0.7]), colorSpace='rgb', fullscr=UNKNOWN, gamma=None, lms=UNKNOWN, monitor=<psychopy.monitors.calibTools.Monitor object at 0x1AF1B050>, name='window1', pos=[0, 0], screen=0, size=array([1920, 1080]), stereo=False, units='deg', useFBO=False, useRetina=False, viewOri=0.0, viewPos=None, viewScale=None, waitBlanking=False, winType='pyglet')
67.3931 	INFO 	#[ PsychoPy2 RuntimeInfoStart ]
  #[[ PsychoPy ]] #---------
    psychopyVersion: 1.84.2
    psychopyHaveExtRush: True
  #[[ Experiment ]] #---------
    experimentAuthor: None
    experimentAuthVersion: None
    experimentRunTime: 2018_08_06 12:11 (Year_Month_Day Hour:Min)
    experimentRunTime.epoch: 1533521496
    experimentScript: psyc1002.py
    experimentScript.digestSHA1: 03993779484d600ea4c1b8cc2288f3d37a5025d5
    experimentScript.directory: U:\PSYC1002\abgdj
  #[[ System ]] #---------
    systemHaveInternetAccess: True
    systemHostName: W513XKG2
    systemLocale: English_United States.1252
    systemMemFreeRAM: 4589.375
    systemMemTotalRAM: 8076.9453125
    systemPlatform: windowsversion=sys.getwindowsversion(major=6, minor=2, build=9200, platform=2, service_pack='')
    systemPyo.InputDevices: {4: {'host api index': 2, 'latency': 0.008707483299076557, 'default sr': 44100, 'name': u'Realtek ASIO'}}
    systemPyo.OutputDevices: {0: {'host api index': 0, 'latency': 0.09000000357627869, 'default sr': 44100, 'name': u'Microsoft Sound Mapper - Output'}, 1: {'host api index': 0, 'latency': 0.09000000357627869, 'default sr': 44100, 'name': u'Speakers / Headphones (Realtek '}, 2: {'host api index': 1, 'latency': 0.11999999731779099, 'default sr': 44100, 'name': u'Primary Sound Driver'}, 3: {'host api index': 1, 'latency': 0.11999999731779099, 'default sr': 44100, 'name': u'Speakers / Headphones (Realtek High Definition Audio)'}, 4: {'host api index': 2, 'latency': 0.008707483299076557, 'default sr': 44100, 'name': u'Realtek ASIO'}, 5: {'host api index': 3, 'latency': 0.003000000026077032, 'default sr': 48000, 'name': u'Speakers / Headphones (Realtek High Definition Audio)'}}
    systemPyoVersion: 0.8.0
    systemRebooted: System Boot Time:          8/6/2018, 11:27:56 AM
    systemSec.pythonSSL: True
    systemTimeNumpySD1000000_sec: 0.0086
    systemUser: ctat7170
    systemUserID: 1000
    systemUserProcCmdPid: LabStatsUserSpace.exe dwm.exe TiWorker.exe CmRcService.exe nierserver.exe LabStatsClient.exe tagsrv.exe SearchUI.exe OneDrive.exe nipxism.exe SettingSyncHost.exe TrustedInstaller.exe niLxiDiscovery.exe SecurityHealthService.exe redirector.exe SearchProtocolHost.exe server_admin.exe fontdrvhost.exe lkads.exe svchost.exe smartscreen.exe ni_usbmon.exe AGSService.exe System SISIDSService.exe SelfServicePlugin.exe explorer.exe smss.exe ApplicationWebServer.exe RuntimeBroker.exe acrotray.exe niauth_daemon.exe cmd.exe nidmsrv.exe Receiver.exe SISIPSService.exe lktsrv.exe lsass.exe python.exe RtkNGUI64.exe sisipsutil.exe AdobeUpdateService.exe armsvc.exe ssonsvr.exe concentr.exe nidevldu.exe taskhostw.exe ctfmon.exe RAVBg64.exe ''Memory Compression'' NIWebServiceContainer.exe nimxs.exe RtkAudioService64.exe SystemWebServer.exe tasklist.exe snowagent.exe CcmExec.exe SearchFilterHost.exe SmcGui.exe nicitdl5.exe ''System Idle Process'' services.exe niDiscSvc.exe sqlwriter.exe MSASCuiL.exe SCNotification.exe nimdnsResponder.exe server_runtime.exe sihost.exe backgroundTaskHost.exe spoolsv.exe wininit.exe winlogon.exe ShellExperienceHost.exe nidevmon.exe SearchIndexer.exe csrss.exe WmiPrvSE.exe audiodg.exe pc-client.exe OneDriveSetup.exe unsecapp.exe ccSvcHst.exe wfcrun32.exe nisvcloc.exe server_eventlog.exe lkcitdl.exe AuthManSvr.exe conhost.exe
    systemUserProcCount: 184
    systemUserProcFlagged: Explorer
    systemUsersCount: False
  #[[ Window ]] #---------
    windowWinType: pyglet
    windowWaitBlanking: False
    windowUseNativeGamma: True
    windowUnits: deg
    windowSize_pix: [1920 1080]
    windowScreen: 0
    windowRgb: [-0.7 -0.7 -0.7]
    windowRefreshTimeSD_ms: 0.224
    windowRefreshTimeMedian_ms: 16.695
    windowRefreshTimeAvg_ms: 16.667
    windowRefreshThreshold_sec: 0.0200
    windowRecordFrameIntervals: False
    windowPos_pix: [0, 0]
    windowMonitor.name: testmonitor
    windowMonitor.getWidth_cm: 57.0
    windowMonitor.getLinearizeMethod: 1
    windowMonitor.getGammaGrid: [[  0.   1.   1.  nan  nan  nan]
 [  0.   1.   1.  nan  nan  nan]
 [  0.   1.   1.  nan  nan  nan]
 [  0.   1.   1.  nan  nan  nan]]
    windowMonitor.getDistance_cm: 57.0
    windowMonitor.gammaInterpolator2: None
    windowMonitor.gammaInterpolator: None
    windowMonitor.currentCalibName: 2018_08_06 12:10
    windowIsFullScr: True
    windowHaveShaders: True
    windowAllowGUI: False
  #[[ Python ]] #---------
    pythonWxVersion: 3.0.2.0 msw (classic)
    pythonVersion: 2.7.11
    pythonScipyVersion: 0.17.1
    pythonPygletVersion: 1.2.4
    pythonPygameVersion: 1.9.2pre
    pythonNumpyVersion: 1.11.0
    pythonMatplotlibVersion: 1.5.1
    pythonFullVersion: 2.7.11 (v2.7.11:6d1b6a68f775, Dec  5 2015, 20:32:19) [MSC v.1500 32 bit (Intel)]
    pythonExecutable: C:\Program Files (x86)\PsychoPy2\python.exe
  #[[ OpenGL ]] #---------
    openGLVersion: 4.4.0 - Build 21.20.16.4627
    openGLVendor: Intel
    openGLRenderingEngine: Intel(R) HD Graphics 530
    openGLmaxVerticesInVertexArray: 1048576
    False: openGLext.GL_STEREO
    True: openGLext.GL_EXT_framebuffer_object
    True: openGLext.GL_ARB_vertex_shader
    True: openGLext.GL_ARB_texture_non_power_of_two
    True: openGLext.GL_ARB_texture_float
    True: openGLext.GL_ARB_shader_objects
    True: openGLext.GL_ARB_multitexture
    True: openGLext.GL_ARB_fragment_program
#[ PsychoPy2 RuntimeInfoEnd ]

67.4425 	EXP 	window1: recordFrameIntervals = True
68.2756 	EXP 	window1: recordFrameIntervals = False
68.2823 	INFO 	Frames per second ~=60.1, which is close enough to desired val of 60.0
68.4713 	EXP 	Created sequence: random, trialTypes=12, nReps=30, seed=None
68.6723 	INFO 	Mouse: using default window
68.6906 	EXP 	Created OKrespZone = GratingStim(autoDraw=False, autoLog=True, color=array([ 1.,  1.,  1.]), colorSpace='rgb', contrast=1.0, depth=0, interpolate=False, mask='gauss', maskParams=None, name='OKrespZone', opacity=1.0, ori=0.0, phase=array([ 0.,  0.]), pos=array([ 0.  ,  0.88]), rgbPedestal=array([ 0.,  0.,  0.]), sf=array([ 0.,  0.]), size=array([ 2. ,  0.2]), tex='sin', texRes=256, units='norm', win=Window(...))
78.3267 	DATA 	Mouse: Left button down, pos=(143,397)
78.4065 	DATA 	Mouse:  Left button up, pos=(143,397)
79.4947 	DATA 	Mouse: Left button down, pos=(114,183)
79.5584 	DATA 	Mouse:  Left button up, pos=(114,183)
82.3106 	DATA 	Mouse: Left button down, pos=(343,55)
82.4065 	DATA 	Mouse:  Left button up, pos=(343,55)
88.9907 	DATA 	Mouse: Left button down, pos=(308,465)
89.0785 	DATA 	Mouse:  Left button up, pos=(308,465)
90.6467 	DATA 	Mouse: Left button down, pos=(320,611)
90.7184 	DATA 	Mouse:  Left button up, pos=(320,611)
91.5745 	DATA 	Mouse: Left button down, pos=(320,611)
91.6865 	DATA 	Mouse:  Left button up, pos=(320,611)
101.5346 	DATA 	Mouse: Left button down, pos=(567,49)
101.6385 	DATA 	Mouse:  Left button up, pos=(567,49)
102.3507 	DATA 	Mouse: Left button down, pos=(576,46)
102.4545 	DATA 	Mouse:  Left button up, pos=(576,46)
107.5909 	DATA 	Mouse: Left button down, pos=(743,679)
107.7025 	DATA 	Mouse:  Left button up, pos=(743,679)
124.5747 	DATA 	Mouse: Left button down, pos=(1138,680)
124.6625 	DATA 	Mouse:  Left button up, pos=(1138,680)
133.1028 	DATA 	Mouse: Left button down, pos=(1336,539)
133.2065 	DATA 	Mouse:  Left button up, pos=(1336,539)
133.6865 	DATA 	Mouse: Left button down, pos=(1336,539)
133.8064 	DATA 	Mouse:  Left button up, pos=(1336,539)
134.9587 	DATA 	Mouse: Left button down, pos=(1368,749)
135.0784 	DATA 	Mouse:  Left button up, pos=(1368,749)
139.4469 	DATA 	Mouse: Left button down, pos=(1540,885)
139.5504 	DATA 	Mouse:  Left button up, pos=(1540,885)
142.7987 	DATA 	Mouse: Left button down, pos=(1565,680)
142.9026 	DATA 	Mouse:  Left button up, pos=(1565,680)
148.6948 	DATA 	Mouse: Left button down, pos=(1761,47)
148.8305 	DATA 	Mouse:  Left button up, pos=(1761,47)
155.6628 	DATA 	Mouse: Left button down, pos=(1718,677)
155.7505 	DATA 	Mouse:  Left button up, pos=(1718,677)
156.7829 	DATA 	Mouse: Left button down, pos=(1740,748)
156.8944 	DATA 	Mouse:  Left button up, pos=(1740,748)
159.0067 	DATA 	Mouse: Left button down, pos=(1564,878)
159.0864 	DATA 	Mouse:  Left button up, pos=(1564,878)
160.7666 	DATA 	Mouse: Left button down, pos=(1691,948)
160.8784 	DATA 	Mouse:  Left button up, pos=(1691,948)
161.8227 	DATA 	Mouse: Left button down, pos=(1164,956)
161.9346 	DATA 	Mouse:  Left button up, pos=(1164,956)
164.1826 	DATA 	Mouse: Left button down, pos=(898,1010)
164.1976 	INFO 	Experiment will have 360 trials. Letters will be drawn with superposed noise of 0.00%
164.2097 	EXP 	New trial (rep=0, index=0): {'leftStreamFlip': False, 'oneTarget': False, 'trialInstructionPos': (0, 1), 'probe': 'both', 'rightStreamFlip': False, 'horizVert': True, 'ISIframes': 3, 'rightResponseFirst': True}
164.2098 	INFO 	Starting main part of experiment
164.2775 	DATA 	Mouse:  Left button up, pos=(898,1010)
165.3928 	INFO 	numtrials=360 and this trialDurFrames=41 or 683.333333333 ms  task=T1
167.6766 	EXP 	window1: recordFrameIntervals = False
167.6870 	INFO 	Mouse: using default window
171.6431 	DATA 	Keypress: m
173.8936 	DATA 	Keypress: a
174.0827 	EXP 	New trial (rep=0, index=1): {'leftStreamFlip': False, 'oneTarget': False, 'trialInstructionPos': (0, -1), 'probe': 'both', 'rightStreamFlip': False, 'horizVert': True, 'ISIframes': 3, 'rightResponseFirst': False}
181.4934 	DATA 	Mouse: Left button down, pos=(926,319)
181.5766 	DATA 	Mouse:  Left button up, pos=(926,319)
183.5929 	INFO 	numtrials=360 and this trialDurFrames=32 or 533.333333333 ms  task=T1
185.7765 	EXP 	window1: recordFrameIntervals = False
185.7842 	INFO 	Mouse: using default window
187.5603 	DATA 	Keypress: n
188.9933 	DATA 	Keypress: k
189.1377 	EXP 	New trial (rep=0, index=2): {'leftStreamFlip': False, 'oneTarget': False, 'trialInstructionPos': (0, 1), 'probe': 'both', 'rightStreamFlip': False, 'horizVert': True, 'ISIframes': 3, 'rightResponseFirst': False}
189.1593 	INFO 	numtrials=360 and this trialDurFrames=26 or 433.333333333 ms  task=T1
191.1927 	EXP 	window1: recordFrameIntervals = False
191.2008 	INFO 	Mouse: using default window
192.8104 	DATA 	Keypress: k
193.3266 	DATA 	Keypress: e
193.4674 	EXP 	New trial (rep=0, index=3): {'leftStreamFlip': False, 'oneTarget': True, 'trialInstructionPos': (0, 1), 'probe': 'both', 'rightStreamFlip': False, 'horizVert': True, 'ISIframes': 3, 'rightResponseFirst': False}
193.4752 	INFO 	numtrials=360 and this trialDurFrames=26 or 433.333333333 ms  task=T1
194.8598 	EXP 	window1: recordFrameIntervals = False
194.8675 	INFO 	Mouse: using default window
196.2598 	DATA 	Keypress: g
196.4011 	EXP 	New trial (rep=0, index=4): {'leftStreamFlip': False, 'oneTarget': False, 'trialInstructionPos': (0, -1), 'probe': 'both', 'rightStreamFlip': False, 'horizVert': True, 'ISIframes': 3, 'rightResponseFirst': False}
204.7430 	INFO 	numtrials=360 and this trialDurFrames=20 or 333.333333333 ms  task=T1
206.1929 	EXP 	window1: recordFrameIntervals = False
206.2007 	INFO 	Mouse: using default window
207.6439 	DATA 	Keypress: s
207.9275 	DATA 	Keypress: g
208.0665 	EXP 	New trial (rep=0, index=5): {'leftStreamFlip': False, 'oneTarget': True, 'trialInstructionPos': (0, -1), 'probe': 'both', 'rightStreamFlip': False, 'horizVert': True, 'ISIframes': 3, 'rightResponseFirst': False}
208.0924 	INFO 	numtrials=360 and this trialDurFrames=5 or 83.3333333333 ms  task=T1
209.2096 	EXP 	window1: recordFrameIntervals = False
209.2174 	INFO 	Mouse: using default window
210.7100 	DATA 	Keypress: n
210.8496 	EXP 	New trial (rep=0, index=6): {'leftStreamFlip': False, 'oneTarget': False, 'trialInstructionPos': (0, 1), 'probe': 'both', 'rightStreamFlip': False, 'horizVert': True, 'ISIframes': 3, 'rightResponseFirst': False}
210.8759 	INFO 	numtrials=360 and this trialDurFrames=6 or 100.0 ms  task=T1
211.9098 	EXP 	window1: recordFrameIntervals = False
211.9173 	INFO 	Mouse: using default window
213.6267 	DATA 	Keypress: t
213.9438 	DATA 	Keypress: r
214.0853 	EXP 	New trial (rep=0, index=7): {'leftStreamFlip': False, 'oneTarget': False, 'trialInstructionPos': (0, -1), 'probe': 'both', 'rightStreamFlip': False, 'horizVert': True, 'ISIframes': 3, 'rightResponseFirst': True}
214.1089 	INFO 	numtrials=360 and this trialDurFrames=5 or 83.3333333333 ms  task=T1
215.2263 	EXP 	window1: recordFrameIntervals = False
215.2341 	INFO 	Mouse: using default window
216.3113 	DATA 	Keypress: g
216.4600 	DATA 	Keypress: j
216.6010 	EXP 	New trial (rep=0, index=8): {'leftStreamFlip': False, 'oneTarget': False, 'trialInstructionPos': (0, 1), 'probe': 'both', 'rightStreamFlip': False, 'horizVert': True, 'ISIframes': 3, 'rightResponseFirst': True}
216.6255 	INFO 	numtrials=360 and this trialDurFrames=5 or 83.3333333333 ms  task=T1
217.8597 	EXP 	window1: recordFrameIntervals = False
217.8674 	INFO 	Mouse: using default window
219.4096 	DATA 	Keypress: c
220.4936 	DATA 	Keypress: g
220.6326 	EXP 	New trial (rep=0, index=9): {'leftStreamFlip': False, 'oneTarget': False, 'trialInstructionPos': (0, -1), 'probe': 'both', 'rightStreamFlip': False, 'horizVert': True, 'ISIframes': 3, 'rightResponseFirst': True}
220.6591 	INFO 	numtrials=360 and this trialDurFrames=5 or 83.3333333333 ms  task=T1
221.7932 	EXP 	window1: recordFrameIntervals = False
221.8009 	INFO 	Mouse: using default window
223.0437 	DATA 	Keypress: k
223.2768 	DATA 	Keypress: t
223.4167 	EXP 	New trial (rep=0, index=10): {'leftStreamFlip': False, 'oneTarget': True, 'trialInstructionPos': (0, -1), 'probe': 'both', 'rightStreamFlip': False, 'horizVert': True, 'ISIframes': 3, 'rightResponseFirst': True}
223.4421 	INFO 	numtrials=360 and this trialDurFrames=5 or 83.3333333333 ms  task=T1
224.5263 	EXP 	window1: recordFrameIntervals = False
224.5339 	INFO 	Mouse: using default window
225.6765 	DATA 	Keypress: n
225.8174 	EXP 	New trial (rep=0, index=11): {'leftStreamFlip': False, 'oneTarget': True, 'trialInstructionPos': (0, 1), 'probe': 'both', 'rightStreamFlip': False, 'horizVert': True, 'ISIframes': 3, 'rightResponseFirst': True}
225.8432 	INFO 	numtrials=360 and this trialDurFrames=5 or 83.3333333333 ms  task=T1
227.0426 	EXP 	window1: recordFrameIntervals = False
227.0506 	INFO 	Mouse: using default window
227.7427 	DATA 	Keypress: f
227.8814 	EXP 	New trial (rep=1, index=0): {'leftStreamFlip': False, 'oneTarget': False, 'trialInstructionPos': (0, -1), 'probe': 'both', 'rightStreamFlip': False, 'horizVert': True, 'ISIframes': 3, 'rightResponseFirst': True}
227.9098 	INFO 	numtrials=360 and this trialDurFrames=6 or 100.0 ms  task=T1
228.9433 	EXP 	window1: recordFrameIntervals = False
228.9510 	INFO 	Mouse: using default window
231.5266 	DATA 	Keypress: a
231.9113 	DATA 	Keypress: g
232.0671 	EXP 	New trial (rep=1, index=1): {'leftStreamFlip': False, 'oneTarget': False, 'trialInstructionPos': (0, 1), 'probe': 'both', 'rightStreamFlip': False, 'horizVert': True, 'ISIframes': 3, 'rightResponseFirst': False}
232.0927 	INFO 	numtrials=360 and this trialDurFrames=6 or 100.0 ms  task=T1
233.2766 	EXP 	window1: recordFrameIntervals = False
233.2851 	INFO 	Mouse: using default window
234.3931 	DATA 	Keypress: n
234.6600 	DATA 	Keypress: a
234.8010 	EXP 	New trial (rep=1, index=2): {'leftStreamFlip': False, 'oneTarget': True, 'trialInstructionPos': (0, -1), 'probe': 'both', 'rightStreamFlip': False, 'horizVert': True, 'ISIframes': 3, 'rightResponseFirst': True}
234.8258 	INFO 	numtrials=360 and this trialDurFrames=5 or 83.3333333333 ms  task=T1
235.8762 	EXP 	window1: recordFrameIntervals = False
235.8839 	INFO 	Mouse: using default window
236.7435 	DATA 	Keypress: g
236.8827 	EXP 	New trial (rep=1, index=3): {'leftStreamFlip': False, 'oneTarget': True, 'trialInstructionPos': (0, 1), 'probe': 'both', 'rightStreamFlip': False, 'horizVert': True, 'ISIframes': 3, 'rightResponseFirst': True}
236.9098 	INFO 	numtrials=360 and this trialDurFrames=6 or 100.0 ms  task=T1
238.0265 	EXP 	window1: recordFrameIntervals = False
238.0340 	INFO 	Mouse: using default window
238.5097 	DATA 	Keypress: a
238.6519 	EXP 	New trial (rep=1, index=4): {'leftStreamFlip': False, 'oneTarget': False, 'trialInstructionPos': (0, -1), 'probe': 'both', 'rightStreamFlip': False, 'horizVert': True, 'ISIframes': 3, 'rightResponseFirst': False}
238.6757 	INFO 	numtrials=360 and this trialDurFrames=6 or 100.0 ms  task=T1
239.7598 	EXP 	window1: recordFrameIntervals = False
239.7675 	INFO 	Mouse: using default window
240.9761 	DATA 	Keypress: m
241.4266 	DATA 	Keypress: e
241.5638 	EXP 	New trial (rep=1, index=5): {'leftStreamFlip': False, 'oneTarget': False, 'trialInstructionPos': (0, -1), 'probe': 'both', 'rightStreamFlip': False, 'horizVert': True, 'ISIframes': 3, 'rightResponseFirst': False}
241.5916 	INFO 	numtrials=360 and this trialDurFrames=6 or 100.0 ms  task=T1
242.7937 	EXP 	window1: recordFrameIntervals = False
242.8011 	INFO 	Mouse: using default window
244.1109 	DATA 	Keypress: y
244.4293 	DATA 	Keypress: s
244.6165 	EXP 	New trial (rep=1, index=6): {'leftStreamFlip': False, 'oneTarget': True, 'trialInstructionPos': (0, 1), 'probe': 'both', 'rightStreamFlip': False, 'horizVert': True, 'ISIframes': 3, 'rightResponseFirst': False}
244.6592 	INFO 	numtrials=360 and this trialDurFrames=6 or 100.0 ms  task=T1
245.7096 	EXP 	window1: recordFrameIntervals = False
245.7174 	INFO 	Mouse: using default window
246.6769 	DATA 	Keypress: j
246.8159 	EXP 	New trial (rep=1, index=7): {'leftStreamFlip': False, 'oneTarget': True, 'trialInstructionPos': (0, -1), 'probe': 'both', 'rightStreamFlip': False, 'horizVert': True, 'ISIframes': 3, 'rightResponseFirst': False}
246.8424 	INFO 	numtrials=360 and this trialDurFrames=6 or 100.0 ms  task=T1
247.9259 	EXP 	window1: recordFrameIntervals = False
247.9338 	INFO 	Mouse: using default window
248.6767 	DATA 	Keypress: n
248.8153 	EXP 	New trial (rep=1, index=8): {'leftStreamFlip': False, 'oneTarget': False, 'trialInstructionPos': (0, 1), 'probe': 'both', 'rightStreamFlip': False, 'horizVert': True, 'ISIframes': 3, 'rightResponseFirst': True}
248.8429 	INFO 	numtrials=360 and this trialDurFrames=6 or 100.0 ms  task=T1
249.9928 	EXP 	window1: recordFrameIntervals = False
250.0008 	INFO 	Mouse: using default window
251.2099 	DATA 	Keypress: z
251.4949 	DATA 	Keypress: f
251.6490 	EXP 	New trial (rep=1, index=9): {'leftStreamFlip': False, 'oneTarget': False, 'trialInstructionPos': (0, 1), 'probe': 'both', 'rightStreamFlip': False, 'horizVert': True, 'ISIframes': 3, 'rightResponseFirst': False}
251.6764 	INFO 	numtrials=360 and this trialDurFrames=6 or 100.0 ms  task=T1
252.8763 	EXP 	window1: recordFrameIntervals = False
252.8845 	INFO 	Mouse: using default window
254.0767 	DATA 	Keypress: g
254.3113 	DATA 	Keypress: a
254.4660 	EXP 	New trial (rep=1, index=10): {'leftStreamFlip': False, 'oneTarget': False, 'trialInstructionPos': (0, 1), 'probe': 'both', 'rightStreamFlip': False, 'horizVert': True, 'ISIframes': 3, 'rightResponseFirst': True}
254.4922 	INFO 	numtrials=360 and this trialDurFrames=5 or 83.3333333333 ms  task=T1
255.5264 	EXP 	window1: recordFrameIntervals = False
255.5343 	INFO 	Mouse: using default window
256.9268 	DATA 	Keypress: y
257.3266 	DATA 	Keypress: n
257.4670 	EXP 	New trial (rep=1, index=11): {'leftStreamFlip': False, 'oneTarget': False, 'trialInstructionPos': (0, -1), 'probe': 'both', 'rightStreamFlip': False, 'horizVert': True, 'ISIframes': 3, 'rightResponseFirst': True}
257.4933 	INFO 	numtrials=360 and this trialDurFrames=5 or 83.3333333333 ms  task=T1
258.7263 	EXP 	window1: recordFrameIntervals = False
258.7340 	INFO 	Mouse: using default window
260.7102 	DATA 	Keypress: y
260.8435 	DATA 	Keypress: h
260.9845 	EXP 	New trial (rep=2, index=0): {'leftStreamFlip': False, 'oneTarget': False, 'trialInstructionPos': (0, -1), 'probe': 'both', 'rightStreamFlip': False, 'horizVert': True, 'ISIframes': 3, 'rightResponseFirst': False}
261.0089 	INFO 	numtrials=360 and this trialDurFrames=6 or 100.0 ms  task=T1
262.1430 	EXP 	window1: recordFrameIntervals = False
262.1505 	INFO 	Mouse: using default window
263.1436 	DATA 	Keypress: h
263.2936 	DATA 	Keypress: s
263.4333 	EXP 	New trial (rep=2, index=1): {'leftStreamFlip': False, 'oneTarget': False, 'trialInstructionPos': (0, -1), 'probe': 'both', 'rightStreamFlip': False, 'horizVert': True, 'ISIframes': 3, 'rightResponseFirst': False}
263.4590 	INFO 	numtrials=360 and this trialDurFrames=6 or 100.0 ms  task=T1
264.5092 	EXP 	window1: recordFrameIntervals = False
264.5173 	INFO 	Mouse: using default window
265.5268 	DATA 	Keypress: e
265.5932 	DATA 	Keypress: t
265.7331 	EXP 	New trial (rep=2, index=2): {'leftStreamFlip': False, 'oneTarget': True, 'trialInstructionPos': (0, 1), 'probe': 'both', 'rightStreamFlip': False, 'horizVert': True, 'ISIframes': 3, 'rightResponseFirst': False}
265.7591 	INFO 	numtrials=360 and this trialDurFrames=5 or 83.3333333333 ms  task=T1
266.7927 	EXP 	window1: recordFrameIntervals = False
266.8007 	INFO 	Mouse: using default window
267.3929 	DATA 	Keypress: c
267.5321 	EXP 	New trial (rep=2, index=3): {'leftStreamFlip': False, 'oneTarget': False, 'trialInstructionPos': (0, 1), 'probe': 'both', 'rightStreamFlip': False, 'horizVert': True, 'ISIframes': 3, 'rightResponseFirst': True}
267.5599 	INFO 	numtrials=360 and this trialDurFrames=5 or 83.3333333333 ms  task=T1
268.5931 	EXP 	window1: recordFrameIntervals = False
268.6009 	INFO 	Mouse: using default window
269.3431 	DATA 	Keypress: h
270.3099 	DATA 	Keypress: backspace
271.6268 	DATA 	Keypress: h
271.7681 	EXP 	New trial (rep=2, index=4): {'leftStreamFlip': False, 'oneTarget': True, 'trialInstructionPos': (0, -1), 'probe': 'both', 'rightStreamFlip': False, 'horizVert': True, 'ISIframes': 3, 'rightResponseFirst': True}
271.7917 	INFO 	numtrials=360 and this trialDurFrames=5 or 83.3333333333 ms  task=T1
272.8265 	EXP 	window1: recordFrameIntervals = False
272.8342 	INFO 	Mouse: using default window
274.0430 	DATA 	Keypress: n
274.1812 	EXP 	New trial (rep=2, index=5): {'leftStreamFlip': False, 'oneTarget': False, 'trialInstructionPos': (0, 1), 'probe': 'both', 'rightStreamFlip': False, 'horizVert': True, 'ISIframes': 3, 'rightResponseFirst': True}
274.1929 	INFO 	numtrials=360 and this trialDurFrames=5 or 83.3333333333 ms  task=T1
275.4092 	EXP 	window1: recordFrameIntervals = False
275.4169 	INFO 	Mouse: using default window
276.4100 	DATA 	Keypress: r
276.6266 	DATA 	Keypress: h
276.7651 	EXP 	New trial (rep=2, index=6): {'leftStreamFlip': False, 'oneTarget': True, 'trialInstructionPos': (0, -1), 'probe': 'both', 'rightStreamFlip': False, 'horizVert': True, 'ISIframes': 3, 'rightResponseFirst': False}
276.7924 	INFO 	numtrials=360 and this trialDurFrames=5 or 83.3333333333 ms  task=T1
277.8429 	EXP 	window1: recordFrameIntervals = False
277.8505 	INFO 	Mouse: using default window
278.5604 	DATA 	Keypress: h
278.7002 	EXP 	New trial (rep=2, index=7): {'leftStreamFlip': False, 'oneTarget': True, 'trialInstructionPos': (0, 1), 'probe': 'both', 'rightStreamFlip': False, 'horizVert': True, 'ISIframes': 3, 'rightResponseFirst': True}
278.7258 	INFO 	numtrials=360 and this trialDurFrames=6 or 100.0 ms  task=T1
279.9759 	EXP 	window1: recordFrameIntervals = False
279.9838 	INFO 	Mouse: using default window
280.4768 	DATA 	Keypress: f
280.6138 	EXP 	New trial (rep=2, index=8): {'leftStreamFlip': False, 'oneTarget': False, 'trialInstructionPos': (0, 1), 'probe': 'both', 'rightStreamFlip': False, 'horizVert': True, 'ISIframes': 3, 'rightResponseFirst': False}
280.6254 	INFO 	numtrials=360 and this trialDurFrames=6 or 100.0 ms  task=T1
281.8763 	EXP 	window1: recordFrameIntervals = False
281.8837 	INFO 	Mouse: using default window
283.1114 	DATA 	Keypress: m
283.2935 	DATA 	Keypress: y
283.4332 	EXP 	New trial (rep=2, index=9): {'leftStreamFlip': False, 'oneTarget': False, 'trialInstructionPos': (0, -1), 'probe': 'both', 'rightStreamFlip': False, 'horizVert': True, 'ISIframes': 3, 'rightResponseFirst': True}
283.4590 	INFO 	numtrials=360 and this trialDurFrames=6 or 100.0 ms  task=T1
284.5593 	EXP 	window1: recordFrameIntervals = False
284.5676 	INFO 	Mouse: using default window
286.2433 	DATA 	Keypress: m
286.3436 	DATA 	Keypress: g
286.4840 	EXP 	New trial (rep=2, index=10): {'leftStreamFlip': False, 'oneTarget': False, 'trialInstructionPos': (0, -1), 'probe': 'both', 'rightStreamFlip': False, 'horizVert': True, 'ISIframes': 3, 'rightResponseFirst': True}
286.5087 	INFO 	numtrials=360 and this trialDurFrames=6 or 100.0 ms  task=T1
287.7264 	EXP 	window1: recordFrameIntervals = False
287.7339 	INFO 	Mouse: using default window
288.7268 	DATA 	Keypress: e
288.8766 	DATA 	Keypress: h
289.0156 	EXP 	New trial (rep=2, index=11): {'leftStreamFlip': False, 'oneTarget': False, 'trialInstructionPos': (0, 1), 'probe': 'both', 'rightStreamFlip': False, 'horizVert': True, 'ISIframes': 3, 'rightResponseFirst': False}
289.0424 	INFO 	numtrials=360 and this trialDurFrames=6 or 100.0 ms  task=T1
290.2767 	EXP 	window1: recordFrameIntervals = False
290.2840 	INFO 	Mouse: using default window
291.4933 	DATA 	Keypress: z
291.6096 	DATA 	Keypress: y
291.7482 	EXP 	New trial (rep=3, index=0): {'leftStreamFlip': False, 'oneTarget': False, 'trialInstructionPos': (0, 1), 'probe': 'both', 'rightStreamFlip': False, 'horizVert': True, 'ISIframes': 3, 'rightResponseFirst': True}
291.7765 	INFO 	numtrials=360 and this trialDurFrames=6 or 100.0 ms  task=T1
292.8600 	EXP 	window1: recordFrameIntervals = False
292.8699 	INFO 	Mouse: using default window
294.3933 	DATA 	Keypress: g
295.2768 	DATA 	Keypress: c
295.4165 	EXP 	New trial (rep=3, index=1): {'leftStreamFlip': False, 'oneTarget': False, 'trialInstructionPos': (0, -1), 'probe': 'both', 'rightStreamFlip': False, 'horizVert': True, 'ISIframes': 3, 'rightResponseFirst': True}
295.4428 	INFO 	numtrials=360 and this trialDurFrames=6 or 100.0 ms  task=T1
296.6431 	EXP 	window1: recordFrameIntervals = False
296.6508 	INFO 	Mouse: using default window
298.6267 	DATA 	Keypress: h
298.9768 	DATA 	Keypress: y
299.1162 	EXP 	New trial (rep=3, index=2): {'leftStreamFlip': False, 'oneTarget': False, 'trialInstructionPos': (0, 1), 'probe': 'both', 'rightStreamFlip': False, 'horizVert': True, 'ISIframes': 3, 'rightResponseFirst': False}
299.1434 	INFO 	numtrials=360 and this trialDurFrames=6 or 100.0 ms  task=T1
300.2428 	EXP 	window1: recordFrameIntervals = False
300.2507 	INFO 	Mouse: using default window
301.8433 	DATA 	Keypress: h
303.3430 	DATA 	Keypress: t
303.4822 	EXP 	New trial (rep=3, index=3): {'leftStreamFlip': False, 'oneTarget': True, 'trialInstructionPos': (0, -1), 'probe': 'both', 'rightStreamFlip': False, 'horizVert': True, 'ISIframes': 3, 'rightResponseFirst': True}
303.5099 	INFO 	numtrials=360 and this trialDurFrames=6 or 100.0 ms  task=T1
304.7592 	EXP 	window1: recordFrameIntervals = False
304.7671 	INFO 	Mouse: using default window
305.3761 	DATA 	Keypress: r
305.5157 	EXP 	New trial (rep=3, index=4): {'leftStreamFlip': False, 'oneTarget': True, 'trialInstructionPos': (0, -1), 'probe': 'both', 'rightStreamFlip': False, 'horizVert': True, 'ISIframes': 3, 'rightResponseFirst': False}
305.5423 	INFO 	numtrials=360 and this trialDurFrames=6 or 100.0 ms  task=T1
306.7928 	EXP 	window1: recordFrameIntervals = False
306.8008 	INFO 	Mouse: using default window
308.1933 	DATA 	Keypress: j
308.3345 	EXP 	New trial (rep=3, index=5): {'leftStreamFlip': False, 'oneTarget': False, 'trialInstructionPos': (0, 1), 'probe': 'both', 'rightStreamFlip': False, 'horizVert': True, 'ISIframes': 3, 'rightResponseFirst': True}
308.3590 	INFO 	numtrials=360 and this trialDurFrames=6 or 100.0 ms  task=T1
309.6094 	EXP 	window1: recordFrameIntervals = False
309.6173 	INFO 	Mouse: using default window
310.8765 	DATA 	Keypress: h
311.0434 	DATA 	Keypress: z
311.1823 	EXP 	New trial (rep=3, index=6): {'leftStreamFlip': False, 'oneTarget': True, 'trialInstructionPos': (0, 1), 'probe': 'both', 'rightStreamFlip': False, 'horizVert': True, 'ISIframes': 3, 'rightResponseFirst': True}
311.2091 	INFO 	numtrials=360 and this trialDurFrames=6 or 100.0 ms  task=T1
312.4094 	EXP 	window1: recordFrameIntervals = False
312.4172 	INFO 	Mouse: using default window
313.0270 	DATA 	Keypress: t
313.1646 	EXP 	New trial (rep=3, index=7): {'leftStreamFlip': False, 'oneTarget': False, 'trialInstructionPos': (0, 1), 'probe': 'both', 'rightStreamFlip': False, 'horizVert': True, 'ISIframes': 3, 'rightResponseFirst': False}
313.1938 	INFO 	numtrials=360 and this trialDurFrames=6 or 100.0 ms  task=T1
314.2592 	EXP 	window1: recordFrameIntervals = False
314.2672 	INFO 	Mouse: using default window
315.3099 	DATA 	Keypress: c
315.6434 	DATA 	Keypress: h
315.7818 	EXP 	New trial (rep=3, index=8): {'leftStreamFlip': False, 'oneTarget': False, 'trialInstructionPos': (0, -1), 'probe': 'both', 'rightStreamFlip': False, 'horizVert': True, 'ISIframes': 3, 'rightResponseFirst': True}
315.8098 	INFO 	numtrials=360 and this trialDurFrames=6 or 100.0 ms  task=T1
316.9598 	EXP 	window1: recordFrameIntervals = False
316.9672 	INFO 	Mouse: using default window
317.8430 	DATA 	Keypress: z
318.0261 	DATA 	Keypress: u
318.1658 	EXP 	New trial (rep=3, index=9): {'leftStreamFlip': False, 'oneTarget': False, 'trialInstructionPos': (0, -1), 'probe': 'both', 'rightStreamFlip': False, 'horizVert': True, 'ISIframes': 3, 'rightResponseFirst': False}
318.1933 	INFO 	numtrials=360 and this trialDurFrames=6 or 100.0 ms  task=T1
319.2092 	EXP 	window1: recordFrameIntervals = False
319.2169 	INFO 	Mouse: using default window
320.9095 	DATA 	Keypress: e
321.1928 	DATA 	Keypress: h
321.3318 	EXP 	New trial (rep=3, index=10): {'leftStreamFlip': False, 'oneTarget': False, 'trialInstructionPos': (0, -1), 'probe': 'both', 'rightStreamFlip': False, 'horizVert': True, 'ISIframes': 3, 'rightResponseFirst': False}
321.3591 	INFO 	numtrials=360 and this trialDurFrames=6 or 100.0 ms  task=T1
322.5926 	EXP 	window1: recordFrameIntervals = False
322.6007 	INFO 	Mouse: using default window
323.8103 	DATA 	Keypress: j
324.1432 	DATA 	Keypress: h
324.2840 	EXP 	New trial (rep=3, index=11): {'leftStreamFlip': False, 'oneTarget': True, 'trialInstructionPos': (0, 1), 'probe': 'both', 'rightStreamFlip': False, 'horizVert': True, 'ISIframes': 3, 'rightResponseFirst': False}
324.3092 	INFO 	numtrials=360 and this trialDurFrames=6 or 100.0 ms  task=T1
325.3268 	EXP 	window1: recordFrameIntervals = False
325.3349 	INFO 	Mouse: using default window
326.1435 	DATA 	Keypress: h
326.2818 	EXP 	New trial (rep=4, index=0): {'leftStreamFlip': False, 'oneTarget': True, 'trialInstructionPos': (0, 1), 'probe': 'both', 'rightStreamFlip': False, 'horizVert': True, 'ISIframes': 3, 'rightResponseFirst': False}
326.3098 	INFO 	numtrials=360 and this trialDurFrames=6 or 100.0 ms  task=T1
327.4257 	EXP 	window1: recordFrameIntervals = False
327.4336 	INFO 	Mouse: using default window
328.4101 	DATA 	Keypress: u
328.5494 	EXP 	New trial (rep=4, index=1): {'leftStreamFlip': False, 'oneTarget': False, 'trialInstructionPos': (0, -1), 'probe': 'both', 'rightStreamFlip': False, 'horizVert': True, 'ISIframes': 3, 'rightResponseFirst': False}
328.5757 	INFO 	numtrials=360 and this trialDurFrames=6 or 100.0 ms  task=T1
329.7926 	EXP 	window1: recordFrameIntervals = False
329.8003 	INFO 	Mouse: using default window
330.9434 	DATA 	Keypress: n
331.1600 	DATA 	Keypress: j
331.2998 	EXP 	New trial (rep=4, index=2): {'leftStreamFlip': False, 'oneTarget': False, 'trialInstructionPos': (0, 1), 'probe': 'both', 'rightStreamFlip': False, 'horizVert': True, 'ISIframes': 3, 'rightResponseFirst': True}
331.3256 	INFO 	numtrials=360 and this trialDurFrames=6 or 100.0 ms  task=T1
332.4766 	EXP 	window1: recordFrameIntervals = False
332.4850 	INFO 	Mouse: using default window
333.6937 	DATA 	Keypress: r
334.0430 	DATA 	Keypress: m
334.1834 	EXP 	New trial (rep=4, index=3): {'leftStreamFlip': False, 'oneTarget': True, 'trialInstructionPos': (0, -1), 'probe': 'both', 'rightStreamFlip': False, 'horizVert': True, 'ISIframes': 3, 'rightResponseFirst': True}
334.2091 	INFO 	numtrials=360 and this trialDurFrames=6 or 100.0 ms  task=T1
335.4426 	EXP 	window1: recordFrameIntervals = False
335.4502 	INFO 	Mouse: using default window
335.9269 	DATA 	Keypress: m
336.0654 	EXP 	New trial (rep=4, index=4): {'leftStreamFlip': False, 'oneTarget': False, 'trialInstructionPos': (0, 1), 'probe': 'both', 'rightStreamFlip': False, 'horizVert': True, 'ISIframes': 3, 'rightResponseFirst': True}
336.0934 	INFO 	numtrials=360 and this trialDurFrames=6 or 100.0 ms  task=T1
337.2594 	EXP 	window1: recordFrameIntervals = False
337.2673 	INFO 	Mouse: using default window
338.3103 	DATA 	Keypress: j
338.9101 	DATA 	Keypress: k
339.0515 	EXP 	New trial (rep=4, index=5): {'leftStreamFlip': False, 'oneTarget': False, 'trialInstructionPos': (0, -1), 'probe': 'both', 'rightStreamFlip': False, 'horizVert': True, 'ISIframes': 3, 'rightResponseFirst': True}
339.0754 	INFO 	numtrials=360 and this trialDurFrames=6 or 100.0 ms  task=T1
340.2762 	EXP 	window1: recordFrameIntervals = False
340.2837 	INFO 	Mouse: using default window
342.5929 	DATA 	Keypress: k
342.7601 	DATA 	Keypress: j
342.9000 	EXP 	New trial (rep=4, index=6): {'leftStreamFlip': False, 'oneTarget': True, 'trialInstructionPos': (0, -1), 'probe': 'both', 'rightStreamFlip': False, 'horizVert': True, 'ISIframes': 3, 'rightResponseFirst': False}
342.9265 	INFO 	numtrials=360 and this trialDurFrames=6 or 100.0 ms  task=T1
344.1760 	EXP 	window1: recordFrameIntervals = False
344.1840 	INFO 	Mouse: using default window
345.1600 	DATA 	Keypress: s
345.2989 	EXP 	New trial (rep=4, index=7): {'leftStreamFlip': False, 'oneTarget': True, 'trialInstructionPos': (0, 1), 'probe': 'both', 'rightStreamFlip': False, 'horizVert': True, 'ISIframes': 3, 'rightResponseFirst': True}
345.3257 	INFO 	numtrials=360 and this trialDurFrames=6 or 100.0 ms  task=T1
346.3599 	EXP 	window1: recordFrameIntervals = False
346.3676 	INFO 	Mouse: using default window
347.5601 	DATA 	Keypress: h
347.6978 	EXP 	New trial (rep=4, index=8): {'leftStreamFlip': False, 'oneTarget': False, 'trialInstructionPos': (0, -1), 'probe': 'both', 'rightStreamFlip': False, 'horizVert': True, 'ISIframes': 3, 'rightResponseFirst': True}
347.7266 	INFO 	numtrials=360 and this trialDurFrames=6 or 100.0 ms  task=T1
348.9262 	EXP 	window1: recordFrameIntervals = False
348.9342 	INFO 	Mouse: using default window
350.1601 	DATA 	Keypress: h
350.4431 	DATA 	Keypress: m
350.5858 	EXP 	New trial (rep=4, index=9): {'leftStreamFlip': False, 'oneTarget': False, 'trialInstructionPos': (0, -1), 'probe': 'both', 'rightStreamFlip': False, 'horizVert': True, 'ISIframes': 3, 'rightResponseFirst': False}
350.6089 	INFO 	numtrials=360 and this trialDurFrames=6 or 100.0 ms  task=T1
351.6426 	EXP 	window1: recordFrameIntervals = False
351.6508 	INFO 	Mouse: using default window
353.1114 	DATA 	Keypress: j
354.0602 	DATA 	Keypress: j
354.2025 	EXP 	New trial (rep=4, index=10): {'leftStreamFlip': False, 'oneTarget': False, 'trialInstructionPos': (0, 1), 'probe': 'both', 'rightStreamFlip': False, 'horizVert': True, 'ISIframes': 3, 'rightResponseFirst': False}
354.2255 	INFO 	numtrials=360 and this trialDurFrames=6 or 100.0 ms  task=T1
355.4598 	EXP 	window1: recordFrameIntervals = False
355.4674 	INFO 	Mouse: using default window
358.7604 	DATA 	Keypress: g
358.9768 	DATA 	Keypress: s
359.1148 	EXP 	New trial (rep=4, index=11): {'leftStreamFlip': False, 'oneTarget': False, 'trialInstructionPos': (0, 1), 'probe': 'both', 'rightStreamFlip': False, 'horizVert': True, 'ISIframes': 3, 'rightResponseFirst': False}
359.1426 	INFO 	numtrials=360 and this trialDurFrames=6 or 100.0 ms  task=T1
360.2426 	EXP 	window1: recordFrameIntervals = False
360.2505 	INFO 	Mouse: using default window
361.4100 	DATA 	Keypress: c
361.6100 	DATA 	Keypress: t
361.7510 	EXP 	New trial (rep=5, index=0): {'leftStreamFlip': False, 'oneTarget': False, 'trialInstructionPos': (0, -1), 'probe': 'both', 'rightStreamFlip': False, 'horizVert': True, 'ISIframes': 3, 'rightResponseFirst': False}
361.7755 	INFO 	numtrials=360 and this trialDurFrames=6 or 100.0 ms  task=T1
362.9928 	EXP 	window1: recordFrameIntervals = False
363.0008 	INFO 	Mouse: using default window
364.2266 	DATA 	Keypress: e
364.9768 	DATA 	Keypress: h
365.1164 	EXP 	New trial (rep=5, index=1): {'leftStreamFlip': False, 'oneTarget': True, 'trialInstructionPos': (0, -1), 'probe': 'both', 'rightStreamFlip': False, 'horizVert': True, 'ISIframes': 3, 'rightResponseFirst': False}
365.1426 	INFO 	numtrials=360 and this trialDurFrames=6 or 100.0 ms  task=T1
366.3595 	EXP 	window1: recordFrameIntervals = False
366.3676 	INFO 	Mouse: using default window
367.5770 	DATA 	Keypress: f
367.7151 	EXP 	New trial (rep=5, index=2): {'leftStreamFlip': False, 'oneTarget': True, 'trialInstructionPos': (0, 1), 'probe': 'both', 'rightStreamFlip': False, 'horizVert': True, 'ISIframes': 3, 'rightResponseFirst': True}
367.7434 	INFO 	numtrials=360 and this trialDurFrames=6 or 100.0 ms  task=T1
368.9931 	EXP 	window1: recordFrameIntervals = False
369.0014 	INFO 	Mouse: using default window
369.7933 	DATA 	Keypress: m
369.9315 	EXP 	New trial (rep=5, index=3): {'leftStreamFlip': False, 'oneTarget': False, 'trialInstructionPos': (0, -1), 'probe': 'both', 'rightStreamFlip': False, 'horizVert': True, 'ISIframes': 3, 'rightResponseFirst': False}
369.9589 	INFO 	numtrials=360 and this trialDurFrames=6 or 100.0 ms  task=T1
371.1266 	EXP 	window1: recordFrameIntervals = False
371.1354 	INFO 	Mouse: using default window
372.1933 	DATA 	Keypress: m
372.3769 	DATA 	Keypress: h
372.5167 	EXP 	New trial (rep=5, index=4): {'leftStreamFlip': False, 'oneTarget': True, 'trialInstructionPos': (0, -1), 'probe': 'both', 'rightStreamFlip': False, 'horizVert': True, 'ISIframes': 3, 'rightResponseFirst': True}
372.5424 	INFO 	numtrials=360 and this trialDurFrames=6 or 100.0 ms  task=T1
373.7427 	EXP 	window1: recordFrameIntervals = False
373.7506 	INFO 	Mouse: using default window
374.4436 	DATA 	Keypress: y
374.5830 	EXP 	New trial (rep=5, index=5): {'leftStreamFlip': False, 'oneTarget': False, 'trialInstructionPos': (0, 1), 'probe': 'both', 'rightStreamFlip': False, 'horizVert': True, 'ISIframes': 3, 'rightResponseFirst': False}
374.6091 	INFO 	numtrials=360 and this trialDurFrames=6 or 100.0 ms  task=T1
375.6261 	EXP 	window1: recordFrameIntervals = False
375.6340 	INFO 	Mouse: using default window
376.4603 	DATA 	Keypress: r
376.7272 	DATA 	Keypress: g
376.8677 	EXP 	New trial (rep=5, index=6): {'leftStreamFlip': False, 'oneTarget': False, 'trialInstructionPos': (0, 1), 'probe': 'both', 'rightStreamFlip': False, 'horizVert': True, 'ISIframes': 3, 'rightResponseFirst': False}
376.8921 	INFO 	numtrials=360 and this trialDurFrames=6 or 100.0 ms  task=T1
377.9931 	EXP 	window1: recordFrameIntervals = False
378.0009 	INFO 	Mouse: using default window
378.7935 	DATA 	Keypress: s
378.9935 	DATA 	Keypress: a
379.1340 	EXP 	New trial (rep=5, index=7): {'leftStreamFlip': False, 'oneTarget': False, 'trialInstructionPos': (0, 1), 'probe': 'both', 'rightStreamFlip': False, 'horizVert': True, 'ISIframes': 3, 'rightResponseFirst': True}
379.1592 	INFO 	numtrials=360 and this trialDurFrames=6 or 100.0 ms  task=T1
380.2765 	EXP 	window1: recordFrameIntervals = False
380.2844 	INFO 	Mouse: using default window
381.5933 	DATA 	Keypress: e
382.7600 	DATA 	Keypress: r
382.9007 	EXP 	New trial (rep=5, index=8): {'leftStreamFlip': False, 'oneTarget': False, 'trialInstructionPos': (0, -1), 'probe': 'both', 'rightStreamFlip': False, 'horizVert': True, 'ISIframes': 3, 'rightResponseFirst': True}
382.9266 	INFO 	numtrials=360 and this trialDurFrames=6 or 100.0 ms  task=T1
384.0428 	EXP 	window1: recordFrameIntervals = False
384.0510 	INFO 	Mouse: using default window
385.4101 	DATA 	Keypress: c
385.7930 	DATA 	Keypress: k
385.9332 	EXP 	New trial (rep=5, index=9): {'leftStreamFlip': False, 'oneTarget': False, 'trialInstructionPos': (0, 1), 'probe': 'both', 'rightStreamFlip': False, 'horizVert': True, 'ISIframes': 3, 'rightResponseFirst': True}
385.9589 	INFO 	numtrials=360 and this trialDurFrames=6 or 100.0 ms  task=T1
387.0766 	EXP 	window1: recordFrameIntervals = False
387.0841 	INFO 	Mouse: using default window
388.5601 	DATA 	Keypress: u
389.5277 	DATA 	Keypress: r
389.6840 	EXP 	New trial (rep=5, index=10): {'leftStreamFlip': False, 'oneTarget': False, 'trialInstructionPos': (0, -1), 'probe': 'both', 'rightStreamFlip': False, 'horizVert': True, 'ISIframes': 3, 'rightResponseFirst': True}
389.7099 	INFO 	numtrials=360 and this trialDurFrames=6 or 100.0 ms  task=T1
390.9600 	EXP 	window1: recordFrameIntervals = False
390.9676 	INFO 	Mouse: using default window
392.2263 	DATA 	Keypress: k
392.9100 	DATA 	Keypress: t
393.0539 	EXP 	New trial (rep=5, index=11): {'leftStreamFlip': False, 'oneTarget': True, 'trialInstructionPos': (0, 1), 'probe': 'both', 'rightStreamFlip': False, 'horizVert': True, 'ISIframes': 3, 'rightResponseFirst': False}
393.0757 	INFO 	numtrials=360 and this trialDurFrames=6 or 100.0 ms  task=T1
394.2263 	EXP 	window1: recordFrameIntervals = False
394.2341 	INFO 	Mouse: using default window
395.0430 	DATA 	Keypress: c
395.1817 	EXP 	New trial (rep=6, index=0): {'leftStreamFlip': False, 'oneTarget': False, 'trialInstructionPos': (0, -1), 'probe': 'both', 'rightStreamFlip': False, 'horizVert': True, 'ISIframes': 3, 'rightResponseFirst': False}
395.2099 	INFO 	numtrials=360 and this trialDurFrames=6 or 100.0 ms  task=T1
396.3765 	EXP 	window1: recordFrameIntervals = False
396.3846 	INFO 	Mouse: using default window
397.0948 	DATA 	Keypress: f
397.2601 	DATA 	Keypress: f
397.3993 	EXP 	New trial (rep=6, index=1): {'leftStreamFlip': False, 'oneTarget': True, 'trialInstructionPos': (0, 1), 'probe': 'both', 'rightStreamFlip': False, 'horizVert': True, 'ISIframes': 3, 'rightResponseFirst': False}
397.4258 	INFO 	numtrials=360 and this trialDurFrames=6 or 100.0 ms  task=T1
398.6096 	EXP 	window1: recordFrameIntervals = False
398.6176 	INFO 	Mouse: using default window
399.3601 	DATA 	Keypress: g
399.4981 	EXP 	New trial (rep=6, index=2): {'leftStreamFlip': False, 'oneTarget': False, 'trialInstructionPos': (0, -1), 'probe': 'both', 'rightStreamFlip': False, 'horizVert': True, 'ISIframes': 3, 'rightResponseFirst': False}
399.5266 	INFO 	numtrials=360 and this trialDurFrames=6 or 100.0 ms  task=T1
400.6259 	EXP 	window1: recordFrameIntervals = False
400.6338 	INFO 	Mouse: using default window
401.6768 	DATA 	Keypress: m
401.9113 	DATA 	Keypress: k
402.0672 	EXP 	New trial (rep=6, index=3): {'leftStreamFlip': False, 'oneTarget': False, 'trialInstructionPos': (0, -1), 'probe': 'both', 'rightStreamFlip': False, 'horizVert': True, 'ISIframes': 3, 'rightResponseFirst': True}
402.0924 	INFO 	numtrials=360 and this trialDurFrames=6 or 100.0 ms  task=T1
403.1431 	EXP 	window1: recordFrameIntervals = False
403.1509 	INFO 	Mouse: using default window
404.4094 	DATA 	Keypress: t
404.4766 	DATA 	Keypress: z
404.6155 	EXP 	New trial (rep=6, index=4): {'leftStreamFlip': False, 'oneTarget': True, 'trialInstructionPos': (0, -1), 'probe': 'both', 'rightStreamFlip': False, 'horizVert': True, 'ISIframes': 3, 'rightResponseFirst': True}
404.6427 	INFO 	numtrials=360 and this trialDurFrames=6 or 100.0 ms  task=T1
405.8599 	EXP 	window1: recordFrameIntervals = False
405.8675 	INFO 	Mouse: using default window
406.6768 	DATA 	Keypress: f
406.8156 	EXP 	New trial (rep=6, index=5): {'leftStreamFlip': False, 'oneTarget': True, 'trialInstructionPos': (0, 1), 'probe': 'both', 'rightStreamFlip': False, 'horizVert': True, 'ISIframes': 3, 'rightResponseFirst': True}
406.8435 	INFO 	numtrials=360 and this trialDurFrames=6 or 100.0 ms  task=T1
408.0592 	EXP 	window1: recordFrameIntervals = False
408.0671 	INFO 	Mouse: using default window
408.8100 	DATA 	Keypress: z
408.9489 	EXP 	New trial (rep=6, index=6): {'leftStreamFlip': False, 'oneTarget': False, 'trialInstructionPos': (0, -1), 'probe': 'both', 'rightStreamFlip': False, 'horizVert': True, 'ISIframes': 3, 'rightResponseFirst': True}
408.9757 	INFO 	numtrials=360 and this trialDurFrames=6 or 100.0 ms  task=T1
410.1932 	EXP 	window1: recordFrameIntervals = False
410.2006 	INFO 	Mouse: using default window
411.4268 	DATA 	Keypress: j
411.4326 	DATA 	Keypress: s
412.4102 	DATA 	Keypress: s
412.5504 	EXP 	New trial (rep=6, index=7): {'leftStreamFlip': False, 'oneTarget': False, 'trialInstructionPos': (0, 1), 'probe': 'both', 'rightStreamFlip': False, 'horizVert': True, 'ISIframes': 3, 'rightResponseFirst': True}
412.5757 	INFO 	numtrials=360 and this trialDurFrames=6 or 100.0 ms  task=T1
413.6427 	EXP 	window1: recordFrameIntervals = False
413.6501 	INFO 	Mouse: using default window
414.7768 	DATA 	Keypress: z
414.8268 	DATA 	Keypress: t
414.9655 	EXP 	New trial (rep=6, index=8): {'leftStreamFlip': False, 'oneTarget': False, 'trialInstructionPos': (0, 1), 'probe': 'both', 'rightStreamFlip': False, 'horizVert': True, 'ISIframes': 3, 'rightResponseFirst': False}
414.9935 	INFO 	numtrials=360 and this trialDurFrames=6 or 100.0 ms  task=T1
416.1927 	EXP 	window1: recordFrameIntervals = False
416.2004 	INFO 	Mouse: using default window
417.5432 	DATA 	Keypress: z
417.6428 	DATA 	Keypress: e
417.7824 	EXP 	New trial (rep=6, index=9): {'leftStreamFlip': False, 'oneTarget': True, 'trialInstructionPos': (0, -1), 'probe': 'both', 'rightStreamFlip': False, 'horizVert': True, 'ISIframes': 3, 'rightResponseFirst': False}
417.8092 	INFO 	numtrials=360 and this trialDurFrames=6 or 100.0 ms  task=T1
418.8930 	EXP 	window1: recordFrameIntervals = False
418.9008 	INFO 	Mouse: using default window
419.6766 	DATA 	Keypress: f
419.8159 	EXP 	New trial (rep=6, index=10): {'leftStreamFlip': False, 'oneTarget': False, 'trialInstructionPos': (0, 1), 'probe': 'both', 'rightStreamFlip': False, 'horizVert': True, 'ISIframes': 3, 'rightResponseFirst': False}
419.8424 	INFO 	numtrials=360 and this trialDurFrames=6 or 100.0 ms  task=T1
420.8598 	EXP 	window1: recordFrameIntervals = False
420.8676 	INFO 	Mouse: using default window
422.4600 	DATA 	Keypress: y
422.6769 	DATA 	Keypress: i
422.8160 	EXP 	New trial (rep=6, index=11): {'leftStreamFlip': False, 'oneTarget': False, 'trialInstructionPos': (0, 1), 'probe': 'both', 'rightStreamFlip': False, 'horizVert': True, 'ISIframes': 3, 'rightResponseFirst': True}
422.8432 	INFO 	numtrials=360 and this trialDurFrames=6 or 100.0 ms  task=T1
423.8764 	EXP 	window1: recordFrameIntervals = False
423.8842 	INFO 	Mouse: using default window
424.7100 	DATA 	Keypress: h
425.0600 	DATA 	Keypress: z
425.2027 	EXP 	New trial (rep=7, index=0): {'leftStreamFlip': False, 'oneTarget': False, 'trialInstructionPos': (0, 1), 'probe': 'both', 'rightStreamFlip': False, 'horizVert': True, 'ISIframes': 3, 'rightResponseFirst': True}
425.2254 	INFO 	numtrials=360 and this trialDurFrames=6 or 100.0 ms  task=T1
426.3928 	EXP 	window1: recordFrameIntervals = False
426.4006 	INFO 	Mouse: using default window
427.1595 	DATA 	Keypress: g
427.4945 	DATA 	Keypress: h
427.6513 	EXP 	New trial (rep=7, index=1): {'leftStreamFlip': False, 'oneTarget': False, 'trialInstructionPos': (0, -1), 'probe': 'both', 'rightStreamFlip': False, 'horizVert': True, 'ISIframes': 3, 'rightResponseFirst': True}
427.6758 	INFO 	numtrials=360 and this trialDurFrames=6 or 100.0 ms  task=T1
428.7928 	EXP 	window1: recordFrameIntervals = False
428.8009 	INFO 	Mouse: using default window
429.8102 	DATA 	Keypress: r
429.8596 	DATA 	Keypress: t
429.9992 	EXP 	New trial (rep=7, index=2): {'leftStreamFlip': False, 'oneTarget': False, 'trialInstructionPos': (0, -1), 'probe': 'both', 'rightStreamFlip': False, 'horizVert': True, 'ISIframes': 3, 'rightResponseFirst': False}
430.0255 	INFO 	numtrials=360 and this trialDurFrames=6 or 100.0 ms  task=T1
431.2097 	EXP 	window1: recordFrameIntervals = False
431.2175 	INFO 	Mouse: using default window
432.7141 	DATA 	Keypress: t
432.8101 	DATA 	Keypress: c
432.9500 	EXP 	New trial (rep=7, index=3): {'leftStreamFlip': False, 'oneTarget': True, 'trialInstructionPos': (0, 1), 'probe': 'both', 'rightStreamFlip': False, 'horizVert': True, 'ISIframes': 3, 'rightResponseFirst': False}
432.9756 	INFO 	numtrials=360 and this trialDurFrames=6 or 100.0 ms  task=T1
434.0428 	EXP 	window1: recordFrameIntervals = False
434.0506 	INFO 	Mouse: using default window
435.3929 	DATA 	Keypress: u
435.5335 	EXP 	New trial (rep=7, index=4): {'leftStreamFlip': False, 'oneTarget': True, 'trialInstructionPos': (0, -1), 'probe': 'both', 'rightStreamFlip': False, 'horizVert': True, 'ISIframes': 3, 'rightResponseFirst': True}
435.5589 	INFO 	numtrials=360 and this trialDurFrames=6 or 100.0 ms  task=T1
436.6596 	EXP 	window1: recordFrameIntervals = False
436.6672 	INFO 	Mouse: using default window
437.4935 	DATA 	Keypress: r
437.6877 	EXP 	New trial (rep=7, index=5): {'leftStreamFlip': False, 'oneTarget': False, 'trialInstructionPos': (0, 1), 'probe': 'both', 'rightStreamFlip': False, 'horizVert': True, 'ISIframes': 3, 'rightResponseFirst': False}
437.7090 	INFO 	numtrials=360 and this trialDurFrames=6 or 100.0 ms  task=T1
438.7264 	EXP 	window1: recordFrameIntervals = False
438.7346 	INFO 	Mouse: using default window
441.1437 	DATA 	Keypress: m
441.2768 	DATA 	Keypress: c
441.4168 	EXP 	New trial (rep=7, index=6): {'leftStreamFlip': False, 'oneTarget': False, 'trialInstructionPos': (0, -1), 'probe': 'both', 'rightStreamFlip': False, 'horizVert': True, 'ISIframes': 3, 'rightResponseFirst': True}
441.4423 	INFO 	numtrials=360 and this trialDurFrames=6 or 100.0 ms  task=T1
442.5260 	EXP 	window1: recordFrameIntervals = False
442.5339 	INFO 	Mouse: using default window
443.6429 	DATA 	Keypress: z
444.1930 	DATA 	Keypress: g
444.3339 	EXP 	New trial (rep=7, index=7): {'leftStreamFlip': False, 'oneTarget': True, 'trialInstructionPos': (0, -1), 'probe': 'both', 'rightStreamFlip': False, 'horizVert': True, 'ISIframes': 3, 'rightResponseFirst': False}
444.3588 	INFO 	numtrials=360 and this trialDurFrames=6 or 100.0 ms  task=T1
445.4594 	EXP 	window1: recordFrameIntervals = False
445.4673 	INFO 	Mouse: using default window
446.7931 	DATA 	Keypress: m
446.9324 	EXP 	New trial (rep=7, index=8): {'leftStreamFlip': False, 'oneTarget': False, 'trialInstructionPos': (0, 1), 'probe': 'both', 'rightStreamFlip': False, 'horizVert': True, 'ISIframes': 3, 'rightResponseFirst': True}
446.9590 	INFO 	numtrials=360 and this trialDurFrames=6 or 100.0 ms  task=T1
448.0592 	EXP 	window1: recordFrameIntervals = False
448.0671 	INFO 	Mouse: using default window
449.3101 	DATA 	Keypress: g
449.8433 	DATA 	Keypress: y
449.9829 	EXP 	New trial (rep=7, index=9): {'leftStreamFlip': False, 'oneTarget': False, 'trialInstructionPos': (0, -1), 'probe': 'both', 'rightStreamFlip': False, 'horizVert': True, 'ISIframes': 3, 'rightResponseFirst': False}
450.0091 	INFO 	numtrials=360 and this trialDurFrames=7 or 116.666666667 ms  task=T1
451.2264 	EXP 	window1: recordFrameIntervals = False
451.2341 	INFO 	Mouse: using default window
452.6768 	DATA 	Keypress: k
452.9104 	DATA 	Keypress: j
453.0499 	EXP 	New trial (rep=7, index=10): {'leftStreamFlip': False, 'oneTarget': False, 'trialInstructionPos': (0, 1), 'probe': 'both', 'rightStreamFlip': False, 'horizVert': True, 'ISIframes': 3, 'rightResponseFirst': False}
453.0755 	INFO 	numtrials=360 and this trialDurFrames=7 or 116.666666667 ms  task=T1
454.1426 	EXP 	window1: recordFrameIntervals = False
454.1506 	INFO 	Mouse: using default window
455.3267 	DATA 	Keypress: r
455.5768 	DATA 	Keypress: h
455.7164 	EXP 	New trial (rep=7, index=11): {'leftStreamFlip': False, 'oneTarget': True, 'trialInstructionPos': (0, 1), 'probe': 'both', 'rightStreamFlip': False, 'horizVert': True, 'ISIframes': 3, 'rightResponseFirst': True}
455.7423 	INFO 	numtrials=360 and this trialDurFrames=6 or 100.0 ms  task=T1
456.7764 	EXP 	window1: recordFrameIntervals = False
456.7850 	INFO 	Mouse: using default window
457.6430 	DATA 	Keypress: e
457.7818 	EXP 	New trial (rep=8, index=0): {'leftStreamFlip': False, 'oneTarget': True, 'trialInstructionPos': (0, 1), 'probe': 'both', 'rightStreamFlip': False, 'horizVert': True, 'ISIframes': 3, 'rightResponseFirst': True}
457.8104 	INFO 	numtrials=360 and this trialDurFrames=7 or 116.666666667 ms  task=T1
458.9763 	EXP 	window1: recordFrameIntervals = False
458.9842 	INFO 	Mouse: using default window
459.7431 	DATA 	Keypress: s
459.8819 	EXP 	New trial (rep=8, index=1): {'leftStreamFlip': False, 'oneTarget': False, 'trialInstructionPos': (0, 1), 'probe': 'both', 'rightStreamFlip': False, 'horizVert': True, 'ISIframes': 3, 'rightResponseFirst': False}
459.9092 	INFO 	numtrials=360 and this trialDurFrames=7 or 116.666666667 ms  task=T1
461.0928 	EXP 	window1: recordFrameIntervals = False
461.1010 	INFO 	Mouse: using default window
464.0933 	DATA 	Keypress: e
464.8935 	DATA 	Keypress: e
465.0319 	EXP 	New trial (rep=8, index=2): {'leftStreamFlip': False, 'oneTarget': True, 'trialInstructionPos': (0, -1), 'probe': 'both', 'rightStreamFlip': False, 'horizVert': True, 'ISIframes': 3, 'rightResponseFirst': False}
465.0589 	INFO 	numtrials=360 and this trialDurFrames=7 or 116.666666667 ms  task=T1
466.3263 	EXP 	window1: recordFrameIntervals = False
466.3343 	INFO 	Mouse: using default window
467.2934 	DATA 	Keypress: h
467.4304 	EXP 	New trial (rep=8, index=3): {'leftStreamFlip': False, 'oneTarget': False, 'trialInstructionPos': (0, -1), 'probe': 'both', 'rightStreamFlip': False, 'horizVert': True, 'ISIframes': 3, 'rightResponseFirst': True}
467.4599 	INFO 	numtrials=360 and this trialDurFrames=7 or 116.666666667 ms  task=T1
468.5262 	EXP 	window1: recordFrameIntervals = False
468.5339 	INFO 	Mouse: using default window
470.0268 	DATA 	Keypress: t
470.3434 	DATA 	Keypress: j
470.4829 	EXP 	New trial (rep=8, index=4): {'leftStreamFlip': False, 'oneTarget': False, 'trialInstructionPos': (0, -1), 'probe': 'both', 'rightStreamFlip': False, 'horizVert': True, 'ISIframes': 3, 'rightResponseFirst': True}
470.5092 	INFO 	numtrials=360 and this trialDurFrames=7 or 116.666666667 ms  task=T1
471.5935 	EXP 	window1: recordFrameIntervals = False
471.6009 	INFO 	Mouse: using default window
472.6100 	DATA 	Keypress: g
472.8268 	DATA 	Keypress: f
472.9650 	EXP 	New trial (rep=8, index=5): {'leftStreamFlip': False, 'oneTarget': False, 'trialInstructionPos': (0, 1), 'probe': 'both', 'rightStreamFlip': False, 'horizVert': True, 'ISIframes': 3, 'rightResponseFirst': True}
472.9932 	INFO 	numtrials=360 and this trialDurFrames=7 or 116.666666667 ms  task=T1
474.0428 	EXP 	window1: recordFrameIntervals = False
474.0507 	INFO 	Mouse: using default window
475.5271 	DATA 	Keypress: r
476.0934 	DATA 	Keypress: m
476.2324 	EXP 	New trial (rep=8, index=6): {'leftStreamFlip': False, 'oneTarget': False, 'trialInstructionPos': (0, -1), 'probe': 'both', 'rightStreamFlip': False, 'horizVert': True, 'ISIframes': 3, 'rightResponseFirst': False}
476.2589 	INFO 	numtrials=360 and this trialDurFrames=7 or 116.666666667 ms  task=T1
477.4930 	EXP 	window1: recordFrameIntervals = False
477.5009 	INFO 	Mouse: using default window
478.4933 	DATA 	Keypress: j
478.8267 	DATA 	Keypress: g
478.9660 	EXP 	New trial (rep=8, index=7): {'leftStreamFlip': False, 'oneTarget': False, 'trialInstructionPos': (0, 1), 'probe': 'both', 'rightStreamFlip': False, 'horizVert': True, 'ISIframes': 3, 'rightResponseFirst': False}
478.9924 	INFO 	numtrials=360 and this trialDurFrames=7 or 116.666666667 ms  task=T1
480.1260 	EXP 	window1: recordFrameIntervals = False
480.1339 	INFO 	Mouse: using default window
481.2268 	DATA 	Keypress: u
481.4952 	DATA 	Keypress: r
481.6513 	EXP 	New trial (rep=8, index=8): {'leftStreamFlip': False, 'oneTarget': False, 'trialInstructionPos': (0, 1), 'probe': 'both', 'rightStreamFlip': False, 'horizVert': True, 'ISIframes': 3, 'rightResponseFirst': True}
481.6756 	INFO 	numtrials=360 and this trialDurFrames=7 or 116.666666667 ms  task=T1
482.9096 	EXP 	window1: recordFrameIntervals = False
482.9175 	INFO 	Mouse: using default window
484.5767 	DATA 	Keypress: e
485.0265 	DATA 	Keypress: m
485.1682 	EXP 	New trial (rep=8, index=9): {'leftStreamFlip': False, 'oneTarget': True, 'trialInstructionPos': (0, 1), 'probe': 'both', 'rightStreamFlip': False, 'horizVert': True, 'ISIframes': 3, 'rightResponseFirst': False}
485.1923 	INFO 	numtrials=360 and this trialDurFrames=7 or 116.666666667 ms  task=T1
486.3760 	EXP 	window1: recordFrameIntervals = False
486.3843 	INFO 	Mouse: using default window
487.3768 	DATA 	Keypress: j
487.5311 	EXP 	New trial (rep=8, index=10): {'leftStreamFlip': False, 'oneTarget': False, 'trialInstructionPos': (0, -1), 'probe': 'both', 'rightStreamFlip': False, 'horizVert': True, 'ISIframes': 3, 'rightResponseFirst': False}
487.5600 	INFO 	numtrials=360 and this trialDurFrames=7 or 116.666666667 ms  task=T1
488.8098 	EXP 	window1: recordFrameIntervals = False
488.8176 	INFO 	Mouse: using default window
490.0431 	DATA 	Keypress: c
490.2097 	DATA 	Keypress: f
490.3489 	EXP 	New trial (rep=8, index=11): {'leftStreamFlip': False, 'oneTarget': True, 'trialInstructionPos': (0, -1), 'probe': 'both', 'rightStreamFlip': False, 'horizVert': True, 'ISIframes': 3, 'rightResponseFirst': True}
490.3765 	INFO 	numtrials=360 and this trialDurFrames=7 or 116.666666667 ms  task=T1
491.5434 	EXP 	window1: recordFrameIntervals = False
491.5510 	INFO 	Mouse: using default window
492.3597 	DATA 	Keypress: e
492.5197 	EXP 	New trial (rep=9, index=0): {'leftStreamFlip': False, 'oneTarget': False, 'trialInstructionPos': (0, -1), 'probe': 'both', 'rightStreamFlip': False, 'horizVert': True, 'ISIframes': 3, 'rightResponseFirst': False}
492.5425 	INFO 	numtrials=360 and this trialDurFrames=7 or 116.666666667 ms  task=T1
493.7929 	EXP 	window1: recordFrameIntervals = False
493.8007 	INFO 	Mouse: using default window
494.7113 	DATA 	Keypress: h
494.9269 	DATA 	Keypress: g
495.0670 	EXP 	New trial (rep=9, index=1): {'leftStreamFlip': False, 'oneTarget': False, 'trialInstructionPos': (0, 1), 'probe': 'both', 'rightStreamFlip': False, 'horizVert': True, 'ISIframes': 3, 'rightResponseFirst': False}
495.0923 	INFO 	numtrials=360 and this trialDurFrames=7 or 116.666666667 ms  task=T1
496.2594 	EXP 	window1: recordFrameIntervals = False
496.2670 	INFO 	Mouse: using default window
497.2933 	DATA 	Keypress: f
497.8964 	DATA 	Keypress: t
498.0502 	EXP 	New trial (rep=9, index=2): {'leftStreamFlip': False, 'oneTarget': True, 'trialInstructionPos': (0, -1), 'probe': 'both', 'rightStreamFlip': False, 'horizVert': True, 'ISIframes': 3, 'rightResponseFirst': True}
498.0755 	INFO 	numtrials=360 and this trialDurFrames=7 or 116.666666667 ms  task=T1
499.1593 	EXP 	window1: recordFrameIntervals = False
499.1671 	INFO 	Mouse: using default window
500.0262 	DATA 	Keypress: s
500.1636 	EXP 	New trial (rep=9, index=3): {'leftStreamFlip': False, 'oneTarget': False, 'trialInstructionPos': (0, 1), 'probe': 'both', 'rightStreamFlip': False, 'horizVert': True, 'ISIframes': 3, 'rightResponseFirst': True}
500.1932 	INFO 	numtrials=360 and this trialDurFrames=7 or 116.666666667 ms  task=T1
501.3767 	EXP 	window1: recordFrameIntervals = False
501.3845 	INFO 	Mouse: using default window
502.5931 	DATA 	Keypress: m
504.4931 	DATA 	Keypress: m
504.6339 	EXP 	New trial (rep=9, index=4): {'leftStreamFlip': False, 'oneTarget': False, 'trialInstructionPos': (0, -1), 'probe': 'both', 'rightStreamFlip': False, 'horizVert': True, 'ISIframes': 3, 'rightResponseFirst': True}
504.6588 	INFO 	numtrials=360 and this trialDurFrames=7 or 116.666666667 ms  task=T1
505.7759 	EXP 	window1: recordFrameIntervals = False
505.7838 	INFO 	Mouse: using default window
506.6768 	DATA 	Keypress: f
507.1935 	DATA 	Keypress: a
507.3359 	EXP 	New trial (rep=9, index=5): {'leftStreamFlip': False, 'oneTarget': False, 'trialInstructionPos': (0, 1), 'probe': 'both', 'rightStreamFlip': False, 'horizVert': True, 'ISIframes': 3, 'rightResponseFirst': True}
507.3588 	INFO 	numtrials=360 and this trialDurFrames=7 or 116.666666667 ms  task=T1
508.4264 	EXP 	window1: recordFrameIntervals = False
508.4342 	INFO 	Mouse: using default window
510.5433 	DATA 	Keypress: k
511.0101 	DATA 	Keypress: t
511.1512 	EXP 	New trial (rep=9, index=6): {'leftStreamFlip': False, 'oneTarget': True, 'trialInstructionPos': (0, 1), 'probe': 'both', 'rightStreamFlip': False, 'horizVert': True, 'ISIframes': 3, 'rightResponseFirst': False}
511.1756 	INFO 	numtrials=360 and this trialDurFrames=7 or 116.666666667 ms  task=T1
512.3595 	EXP 	window1: recordFrameIntervals = False
512.3674 	INFO 	Mouse: using default window
513.0935 	DATA 	Keypress: t
513.2340 	EXP 	New trial (rep=9, index=7): {'leftStreamFlip': False, 'oneTarget': False, 'trialInstructionPos': (0, -1), 'probe': 'both', 'rightStreamFlip': False, 'horizVert': True, 'ISIframes': 3, 'rightResponseFirst': False}
513.2588 	INFO 	numtrials=360 and this trialDurFrames=7 or 116.666666667 ms  task=T1
514.3097 	EXP 	window1: recordFrameIntervals = False
514.3175 	INFO 	Mouse: using default window
515.5270 	DATA 	Keypress: j
515.7433 	DATA 	Keypress: t
515.8828 	EXP 	New trial (rep=9, index=8): {'leftStreamFlip': False, 'oneTarget': True, 'trialInstructionPos': (0, -1), 'probe': 'both', 'rightStreamFlip': False, 'horizVert': True, 'ISIframes': 3, 'rightResponseFirst': False}
515.9091 	INFO 	numtrials=360 and this trialDurFrames=7 or 116.666666667 ms  task=T1
516.9429 	EXP 	window1: recordFrameIntervals = False
516.9508 	INFO 	Mouse: using default window
517.6428 	DATA 	Keypress: e
517.7833 	EXP 	New trial (rep=9, index=9): {'leftStreamFlip': False, 'oneTarget': True, 'trialInstructionPos': (0, 1), 'probe': 'both', 'rightStreamFlip': False, 'horizVert': True, 'ISIframes': 3, 'rightResponseFirst': True}
517.8100 	INFO 	numtrials=360 and this trialDurFrames=7 or 116.666666667 ms  task=T1
518.9594 	EXP 	window1: recordFrameIntervals = False
518.9672 	INFO 	Mouse: using default window
519.7936 	DATA 	Keypress: t
519.9343 	EXP 	New trial (rep=9, index=10): {'leftStreamFlip': False, 'oneTarget': False, 'trialInstructionPos': (0, -1), 'probe': 'both', 'rightStreamFlip': False, 'horizVert': True, 'ISIframes': 3, 'rightResponseFirst': True}
519.9590 	INFO 	numtrials=360 and this trialDurFrames=7 or 116.666666667 ms  task=T1
521.1431 	EXP 	window1: recordFrameIntervals = False
521.1510 	INFO 	Mouse: using default window
522.5936 	DATA 	Keypress: u
522.7600 	DATA 	Keypress: t
522.9008 	EXP 	New trial (rep=9, index=11): {'leftStreamFlip': False, 'oneTarget': False, 'trialInstructionPos': (0, 1), 'probe': 'both', 'rightStreamFlip': False, 'horizVert': True, 'ISIframes': 3, 'rightResponseFirst': False}
522.9257 	INFO 	numtrials=360 and this trialDurFrames=7 or 116.666666667 ms  task=T1
524.0096 	EXP 	window1: recordFrameIntervals = False
524.0174 	INFO 	Mouse: using default window
525.0432 	DATA 	Keypress: k
525.1768 	DATA 	Keypress: u
525.3162 	EXP 	New trial (rep=10, index=0): {'leftStreamFlip': False, 'oneTarget': True, 'trialInstructionPos': (0, -1), 'probe': 'both', 'rightStreamFlip': False, 'horizVert': True, 'ISIframes': 3, 'rightResponseFirst': False}
525.3424 	INFO 	numtrials=360 and this trialDurFrames=7 or 116.666666667 ms  task=T1
526.5765 	EXP 	window1: recordFrameIntervals = False
526.5843 	INFO 	Mouse: using default window
527.3603 	DATA 	Keypress: t
527.4991 	EXP 	New trial (rep=10, index=1): {'leftStreamFlip': False, 'oneTarget': False, 'trialInstructionPos': (0, 1), 'probe': 'both', 'rightStreamFlip': False, 'horizVert': True, 'ISIframes': 3, 'rightResponseFirst': True}
527.5258 	INFO 	numtrials=360 and this trialDurFrames=7 or 116.666666667 ms  task=T1
528.7098 	EXP 	window1: recordFrameIntervals = False
528.7179 	INFO 	Mouse: using default window
529.8598 	DATA 	Keypress: g
530.2603 	DATA 	Keypress: f
530.4005 	EXP 	New trial (rep=10, index=2): {'leftStreamFlip': False, 'oneTarget': False, 'trialInstructionPos': (0, -1), 'probe': 'both', 'rightStreamFlip': False, 'horizVert': True, 'ISIframes': 3, 'rightResponseFirst': False}
530.4268 	INFO 	numtrials=360 and this trialDurFrames=7 or 116.666666667 ms  task=T1
531.4597 	EXP 	window1: recordFrameIntervals = False
531.4673 	INFO 	Mouse: using default window
532.5433 	DATA 	Keypress: m
532.7766 	DATA 	Keypress: f
532.9161 	EXP 	New trial (rep=10, index=3): {'leftStreamFlip': False, 'oneTarget': True, 'trialInstructionPos': (0, 1), 'probe': 'both', 'rightStreamFlip': False, 'horizVert': True, 'ISIframes': 3, 'rightResponseFirst': False}
532.9433 	INFO 	numtrials=360 and this trialDurFrames=7 or 116.666666667 ms  task=T1
534.2092 	EXP 	window1: recordFrameIntervals = False
534.2171 	INFO 	Mouse: using default window
534.9768 	DATA 	Keypress: r
535.1156 	EXP 	New trial (rep=10, index=4): {'leftStreamFlip': False, 'oneTarget': False, 'trialInstructionPos': (0, 1), 'probe': 'both', 'rightStreamFlip': False, 'horizVert': True, 'ISIframes': 3, 'rightResponseFirst': False}
535.1434 	INFO 	numtrials=360 and this trialDurFrames=7 or 116.666666667 ms  task=T1
536.2094 	EXP 	window1: recordFrameIntervals = False
536.2174 	INFO 	Mouse: using default window
537.8098 	DATA 	Keypress: c
537.8769 	DATA 	Keypress: k
538.0336 	EXP 	New trial (rep=10, index=5): {'leftStreamFlip': False, 'oneTarget': False, 'trialInstructionPos': (0, -1), 'probe': 'both', 'rightStreamFlip': False, 'horizVert': True, 'ISIframes': 3, 'rightResponseFirst': True}
538.0587 	INFO 	numtrials=360 and this trialDurFrames=7 or 116.666666667 ms  task=T1
539.1263 	EXP 	window1: recordFrameIntervals = False
539.1344 	INFO 	Mouse: using default window
540.1430 	DATA 	Keypress: a
540.2097 	DATA 	Keypress: y
540.3508 	EXP 	New trial (rep=10, index=6): {'leftStreamFlip': False, 'oneTarget': False, 'trialInstructionPos': (0, -1), 'probe': 'both', 'rightStreamFlip': False, 'horizVert': True, 'ISIframes': 3, 'rightResponseFirst': False}
540.3758 	INFO 	numtrials=360 and this trialDurFrames=7 or 116.666666667 ms  task=T1
541.6259 	EXP 	window1: recordFrameIntervals = False
541.6340 	INFO 	Mouse: using default window
542.7606 	DATA 	Keypress: s
542.8760 	DATA 	Keypress: g
543.0157 	EXP 	New trial (rep=10, index=7): {'leftStreamFlip': False, 'oneTarget': True, 'trialInstructionPos': (0, -1), 'probe': 'both', 'rightStreamFlip': False, 'horizVert': True, 'ISIframes': 3, 'rightResponseFirst': True}
543.0423 	INFO 	numtrials=360 and this trialDurFrames=7 or 116.666666667 ms  task=T1
544.3096 	EXP 	window1: recordFrameIntervals = False
544.3174 	INFO 	Mouse: using default window
545.2600 	DATA 	Keypress: g
545.3990 	EXP 	New trial (rep=10, index=8): {'leftStreamFlip': False, 'oneTarget': True, 'trialInstructionPos': (0, 1), 'probe': 'both', 'rightStreamFlip': False, 'horizVert': True, 'ISIframes': 3, 'rightResponseFirst': True}
545.4257 	INFO 	numtrials=360 and this trialDurFrames=7 or 116.666666667 ms  task=T1
546.6594 	EXP 	window1: recordFrameIntervals = False
546.6672 	INFO 	Mouse: using default window
547.5606 	DATA 	Keypress: k
547.6993 	EXP 	New trial (rep=10, index=9): {'leftStreamFlip': False, 'oneTarget': False, 'trialInstructionPos': (0, -1), 'probe': 'both', 'rightStreamFlip': False, 'horizVert': True, 'ISIframes': 3, 'rightResponseFirst': True}
547.7258 	INFO 	numtrials=360 and this trialDurFrames=7 or 116.666666667 ms  task=T1
548.9426 	EXP 	window1: recordFrameIntervals = False
548.9505 	INFO 	Mouse: using default window
550.1096 	DATA 	Keypress: n
550.2267 	DATA 	Keypress: j
550.3660 	EXP 	New trial (rep=10, index=10): {'leftStreamFlip': False, 'oneTarget': False, 'trialInstructionPos': (0, 1), 'probe': 'both', 'rightStreamFlip': False, 'horizVert': True, 'ISIframes': 3, 'rightResponseFirst': True}
550.3923 	INFO 	numtrials=360 and this trialDurFrames=7 or 116.666666667 ms  task=T1
551.4429 	EXP 	window1: recordFrameIntervals = False
551.4508 	INFO 	Mouse: using default window
552.6101 	DATA 	Keypress: a
552.6950 	DATA 	Keypress: g
552.8499 	EXP 	New trial (rep=10, index=11): {'leftStreamFlip': False, 'oneTarget': False, 'trialInstructionPos': (0, 1), 'probe': 'both', 'rightStreamFlip': False, 'horizVert': True, 'ISIframes': 3, 'rightResponseFirst': False}
552.8758 	INFO 	numtrials=360 and this trialDurFrames=7 or 116.666666667 ms  task=T1
554.1094 	EXP 	window1: recordFrameIntervals = False
554.1175 	INFO 	Mouse: using default window
555.4934 	DATA 	Keypress: u
555.5434 	DATA 	Keypress: m
555.6828 	EXP 	New trial (rep=11, index=0): {'leftStreamFlip': False, 'oneTarget': False, 'trialInstructionPos': (0, 1), 'probe': 'both', 'rightStreamFlip': False, 'horizVert': True, 'ISIframes': 3, 'rightResponseFirst': True}
555.7091 	INFO 	numtrials=360 and this trialDurFrames=7 or 116.666666667 ms  task=T1
556.8929 	EXP 	window1: recordFrameIntervals = False
556.9009 	INFO 	Mouse: using default window
557.9601 	DATA 	Keypress: c
558.1603 	DATA 	Keypress: m
558.2996 	EXP 	New trial (rep=11, index=1): {'leftStreamFlip': False, 'oneTarget': True, 'trialInstructionPos': (0, 1), 'probe': 'both', 'rightStreamFlip': False, 'horizVert': True, 'ISIframes': 3, 'rightResponseFirst': False}
558.3264 	INFO 	numtrials=360 and this trialDurFrames=7 or 116.666666667 ms  task=T1
559.5264 	EXP 	window1: recordFrameIntervals = False
559.5345 	INFO 	Mouse: using default window
560.7768 	DATA 	Keypress: t
560.9160 	EXP 	New trial (rep=11, index=2): {'leftStreamFlip': False, 'oneTarget': False, 'trialInstructionPos': (0, -1), 'probe': 'both', 'rightStreamFlip': False, 'horizVert': True, 'ISIframes': 3, 'rightResponseFirst': True}
560.9433 	INFO 	numtrials=360 and this trialDurFrames=7 or 116.666666667 ms  task=T1
562.0597 	EXP 	window1: recordFrameIntervals = False
562.0680 	INFO 	Mouse: using default window
563.1122 	DATA 	Keypress: g
563.1609 	DATA 	Keypress: t
563.2983 	EXP 	New trial (rep=11, index=3): {'leftStreamFlip': False, 'oneTarget': True, 'trialInstructionPos': (0, -1), 'probe': 'both', 'rightStreamFlip': False, 'horizVert': True, 'ISIframes': 3, 'rightResponseFirst': False}
563.3257 	INFO 	numtrials=360 and this trialDurFrames=7 or 116.666666667 ms  task=T1
564.5092 	EXP 	window1: recordFrameIntervals = False
564.5172 	INFO 	Mouse: using default window
565.2931 	DATA 	Keypress: k
565.4315 	EXP 	New trial (rep=11, index=4): {'leftStreamFlip': False, 'oneTarget': False, 'trialInstructionPos': (0, 1), 'probe': 'both', 'rightStreamFlip': False, 'horizVert': True, 'ISIframes': 3, 'rightResponseFirst': False}
565.4591 	INFO 	numtrials=360 and this trialDurFrames=7 or 116.666666667 ms  task=T1
566.6263 	EXP 	window1: recordFrameIntervals = False
566.6343 	INFO 	Mouse: using default window
568.0101 	DATA 	Keypress: u
568.1434 	DATA 	Keypress: t
568.2828 	EXP 	New trial (rep=11, index=5): {'leftStreamFlip': False, 'oneTarget': False, 'trialInstructionPos': (0, -1), 'probe': 'both', 'rightStreamFlip': False, 'horizVert': True, 'ISIframes': 3, 'rightResponseFirst': False}
568.3094 	INFO 	numtrials=360 and this trialDurFrames=7 or 116.666666667 ms  task=T1
569.5764 	EXP 	window1: recordFrameIntervals = False
569.5842 	INFO 	Mouse: using default window
571.2601 	DATA 	Keypress: m
571.4601 	DATA 	Keypress: n
571.6001 	EXP 	New trial (rep=11, index=6): {'leftStreamFlip': False, 'oneTarget': False, 'trialInstructionPos': (0, -1), 'probe': 'both', 'rightStreamFlip': False, 'horizVert': True, 'ISIframes': 3, 'rightResponseFirst': True}
571.6257 	INFO 	numtrials=360 and this trialDurFrames=7 or 116.666666667 ms  task=T1
572.8094 	EXP 	window1: recordFrameIntervals = False
572.8172 	INFO 	Mouse: using default window
574.8435 	DATA 	Keypress: g
574.9933 	DATA 	Keypress: g
575.1328 	EXP 	New trial (rep=11, index=7): {'leftStreamFlip': False, 'oneTarget': False, 'trialInstructionPos': (0, -1), 'probe': 'both', 'rightStreamFlip': False, 'horizVert': True, 'ISIframes': 3, 'rightResponseFirst': False}
575.1596 	INFO 	numtrials=360 and this trialDurFrames=7 or 116.666666667 ms  task=T1
576.4093 	EXP 	window1: recordFrameIntervals = False
576.4172 	INFO 	Mouse: using default window
577.4605 	DATA 	Keypress: m
578.0268 	DATA 	Keypress: a
578.1658 	EXP 	New trial (rep=11, index=8): {'leftStreamFlip': False, 'oneTarget': True, 'trialInstructionPos': (0, 1), 'probe': 'both', 'rightStreamFlip': False, 'horizVert': True, 'ISIframes': 3, 'rightResponseFirst': True}
578.1934 	INFO 	numtrials=360 and this trialDurFrames=7 or 116.666666667 ms  task=T1
579.3429 	EXP 	window1: recordFrameIntervals = False
579.3508 	INFO 	Mouse: using default window
580.3932 	DATA 	Keypress: e
580.5314 	EXP 	New trial (rep=11, index=9): {'leftStreamFlip': False, 'oneTarget': False, 'trialInstructionPos': (0, 1), 'probe': 'both', 'rightStreamFlip': False, 'horizVert': True, 'ISIframes': 3, 'rightResponseFirst': False}
580.5591 	INFO 	numtrials=360 and this trialDurFrames=7 or 116.666666667 ms  task=T1
581.8264 	EXP 	window1: recordFrameIntervals = False
581.8345 	INFO 	Mouse: using default window
582.6938 	DATA 	Keypress: j
582.8601 	DATA 	Keypress: y
583.0016 	EXP 	New trial (rep=11, index=10): {'leftStreamFlip': False, 'oneTarget': False, 'trialInstructionPos': (0, 1), 'probe': 'both', 'rightStreamFlip': False, 'horizVert': True, 'ISIframes': 3, 'rightResponseFirst': True}
583.0255 	INFO 	numtrials=360 and this trialDurFrames=7 or 116.666666667 ms  task=T1
584.2093 	EXP 	window1: recordFrameIntervals = False
584.2169 	INFO 	Mouse: using default window
585.2768 	DATA 	Keypress: z
585.3768 	DATA 	Keypress: h
585.5161 	EXP 	New trial (rep=11, index=11): {'leftStreamFlip': False, 'oneTarget': True, 'trialInstructionPos': (0, -1), 'probe': 'both', 'rightStreamFlip': False, 'horizVert': True, 'ISIframes': 3, 'rightResponseFirst': True}
585.5434 	INFO 	numtrials=360 and this trialDurFrames=7 or 116.666666667 ms  task=T1
586.7426 	EXP 	window1: recordFrameIntervals = False
586.7505 	INFO 	Mouse: using default window
587.6433 	DATA 	Keypress: u
587.7813 	EXP 	New trial (rep=12, index=0): {'leftStreamFlip': False, 'oneTarget': False, 'trialInstructionPos': (0, 1), 'probe': 'both', 'rightStreamFlip': False, 'horizVert': True, 'ISIframes': 3, 'rightResponseFirst': False}
587.8101 	INFO 	numtrials=360 and this trialDurFrames=7 or 116.666666667 ms  task=T1
589.0600 	EXP 	window1: recordFrameIntervals = False
589.0673 	INFO 	Mouse: using default window
590.0263 	DATA 	Keypress: s
590.1933 	DATA 	Keypress: s
590.3295 	EXP 	New trial (rep=12, index=1): {'leftStreamFlip': False, 'oneTarget': True, 'trialInstructionPos': (0, -1), 'probe': 'both', 'rightStreamFlip': False, 'horizVert': True, 'ISIframes': 3, 'rightResponseFirst': False}
590.3600 	INFO 	numtrials=360 and this trialDurFrames=7 or 116.666666667 ms  task=T1
591.6097 	EXP 	window1: recordFrameIntervals = False
591.6177 	INFO 	Mouse: using default window
592.3767 	DATA 	Keypress: c
592.5137 	EXP 	New trial (rep=12, index=2): {'leftStreamFlip': False, 'oneTarget': True, 'trialInstructionPos': (0, 1), 'probe': 'both', 'rightStreamFlip': False, 'horizVert': True, 'ISIframes': 3, 'rightResponseFirst': True}
592.5419 	INFO 	numtrials=360 and this trialDurFrames=7 or 116.666666667 ms  task=T1
593.6929 	EXP 	window1: recordFrameIntervals = False
593.7008 	INFO 	Mouse: using default window
594.5596 	DATA 	Keypress: s
594.6970 	EXP 	New trial (rep=12, index=3): {'leftStreamFlip': False, 'oneTarget': True, 'trialInstructionPos': (0, 1), 'probe': 'both', 'rightStreamFlip': False, 'horizVert': True, 'ISIframes': 3, 'rightResponseFirst': False}
594.7264 	INFO 	numtrials=360 and this trialDurFrames=7 or 116.666666667 ms  task=T1
595.8593 	EXP 	window1: recordFrameIntervals = False
595.8674 	INFO 	Mouse: using default window
596.4934 	DATA 	Keypress: a
596.6316 	EXP 	New trial (rep=12, index=4): {'leftStreamFlip': False, 'oneTarget': False, 'trialInstructionPos': (0, 1), 'probe': 'both', 'rightStreamFlip': False, 'horizVert': True, 'ISIframes': 3, 'rightResponseFirst': False}
596.6597 	INFO 	numtrials=360 and this trialDurFrames=7 or 116.666666667 ms  task=T1
597.8100 	EXP 	window1: recordFrameIntervals = False
597.8177 	INFO 	Mouse: using default window
598.7268 	DATA 	Keypress: f
598.9934 	DATA 	Keypress: a
599.1332 	EXP 	New trial (rep=12, index=5): {'leftStreamFlip': False, 'oneTarget': False, 'trialInstructionPos': (0, -1), 'probe': 'both', 'rightStreamFlip': False, 'horizVert': True, 'ISIframes': 3, 'rightResponseFirst': False}
599.1590 	INFO 	numtrials=360 and this trialDurFrames=7 or 116.666666667 ms  task=T1
600.4097 	EXP 	window1: recordFrameIntervals = False
600.4198 	INFO 	Mouse: using default window
603.3434 	DATA 	Keypress: h
603.4429 	DATA 	Keypress: y
603.5827 	EXP 	New trial (rep=12, index=6): {'leftStreamFlip': False, 'oneTarget': False, 'trialInstructionPos': (0, -1), 'probe': 'both', 'rightStreamFlip': False, 'horizVert': True, 'ISIframes': 3, 'rightResponseFirst': True}
603.6099 	INFO 	numtrials=360 and this trialDurFrames=7 or 116.666666667 ms  task=T1
604.8096 	EXP 	window1: recordFrameIntervals = False
604.8175 	INFO 	Mouse: using default window
606.7438 	DATA 	Keypress: m
607.1768 	DATA 	Keypress: t
607.3195 	EXP 	New trial (rep=12, index=7): {'leftStreamFlip': False, 'oneTarget': False, 'trialInstructionPos': (0, 1), 'probe': 'both', 'rightStreamFlip': False, 'horizVert': True, 'ISIframes': 3, 'rightResponseFirst': True}
607.3421 	INFO 	numtrials=360 and this trialDurFrames=7 or 116.666666667 ms  task=T1
608.5434 	EXP 	window1: recordFrameIntervals = False
608.5510 	INFO 	Mouse: using default window
609.6103 	DATA 	Keypress: y
609.6765 	DATA 	Keypress: k
609.8149 	EXP 	New trial (rep=12, index=8): {'leftStreamFlip': False, 'oneTarget': True, 'trialInstructionPos': (0, -1), 'probe': 'both', 'rightStreamFlip': False, 'horizVert': True, 'ISIframes': 3, 'rightResponseFirst': True}
609.8432 	INFO 	numtrials=360 and this trialDurFrames=7 or 116.666666667 ms  task=T1
611.0095 	EXP 	window1: recordFrameIntervals = False
611.0174 	INFO 	Mouse: using default window
611.7268 	DATA 	Keypress: r
611.8651 	EXP 	New trial (rep=12, index=9): {'leftStreamFlip': False, 'oneTarget': False, 'trialInstructionPos': (0, -1), 'probe': 'both', 'rightStreamFlip': False, 'horizVert': True, 'ISIframes': 3, 'rightResponseFirst': True}
611.8932 	INFO 	numtrials=360 and this trialDurFrames=7 or 116.666666667 ms  task=T1
612.9429 	EXP 	window1: recordFrameIntervals = False
612.9508 	INFO 	Mouse: using default window
615.4937 	DATA 	Keypress: z
615.5434 	DATA 	Keypress: s
615.6829 	EXP 	New trial (rep=12, index=10): {'leftStreamFlip': False, 'oneTarget': False, 'trialInstructionPos': (0, 1), 'probe': 'both', 'rightStreamFlip': False, 'horizVert': True, 'ISIframes': 3, 'rightResponseFirst': True}
615.7091 	INFO 	numtrials=360 and this trialDurFrames=7 or 116.666666667 ms  task=T1
616.8265 	EXP 	window1: recordFrameIntervals = False
616.8343 	INFO 	Mouse: using default window
617.9104 	DATA 	Keypress: t
617.9436 	DATA 	Keypress: s
618.0825 	EXP 	New trial (rep=12, index=11): {'leftStreamFlip': False, 'oneTarget': False, 'trialInstructionPos': (0, -1), 'probe': 'both', 'rightStreamFlip': False, 'horizVert': True, 'ISIframes': 3, 'rightResponseFirst': False}
618.1089 	INFO 	numtrials=360 and this trialDurFrames=7 or 116.666666667 ms  task=T1
619.2264 	EXP 	window1: recordFrameIntervals = False
619.2343 	INFO 	Mouse: using default window
620.6768 	DATA 	Keypress: c
620.7105 	DATA 	Keypress: t
620.8509 	EXP 	New trial (rep=13, index=0): {'leftStreamFlip': False, 'oneTarget': True, 'trialInstructionPos': (0, -1), 'probe': 'both', 'rightStreamFlip': False, 'horizVert': True, 'ISIframes': 3, 'rightResponseFirst': True}
620.8755 	INFO 	numtrials=360 and this trialDurFrames=7 or 116.666666667 ms  task=T1
622.0925 	EXP 	window1: recordFrameIntervals = False
622.1005 	INFO 	Mouse: using default window
622.9104 	DATA 	Keypress: a
623.0516 	EXP 	New trial (rep=13, index=1): {'leftStreamFlip': False, 'oneTarget': False, 'trialInstructionPos': (0, -1), 'probe': 'both', 'rightStreamFlip': False, 'horizVert': True, 'ISIframes': 3, 'rightResponseFirst': True}
623.0753 	INFO 	numtrials=360 and this trialDurFrames=7 or 116.666666667 ms  task=T1
624.2595 	EXP 	window1: recordFrameIntervals = False
624.2672 	INFO 	Mouse: using default window
625.3266 	DATA 	Keypress: a
625.3933 	DATA 	Keypress: y
625.5319 	EXP 	New trial (rep=13, index=2): {'leftStreamFlip': False, 'oneTarget': False, 'trialInstructionPos': (0, 1), 'probe': 'both', 'rightStreamFlip': False, 'horizVert': True, 'ISIframes': 3, 'rightResponseFirst': True}
625.5592 	INFO 	numtrials=360 and this trialDurFrames=7 or 116.666666667 ms  task=T1
626.6762 	EXP 	window1: recordFrameIntervals = False
626.6845 	INFO 	Mouse: using default window
628.3266 	DATA 	Keypress: a
628.3589 	DATA 	Keypress: f
628.5060 	EXP 	New trial (rep=13, index=3): {'leftStreamFlip': False, 'oneTarget': False, 'trialInstructionPos': (0, -1), 'probe': 'both', 'rightStreamFlip': False, 'horizVert': True, 'ISIframes': 3, 'rightResponseFirst': False}
628.5252 	INFO 	numtrials=360 and this trialDurFrames=7 or 116.666666667 ms  task=T1
629.6259 	EXP 	window1: recordFrameIntervals = False
629.6341 	INFO 	Mouse: using default window
631.1102 	DATA 	Keypress: z
631.1768 	DATA 	Keypress: y
631.3169 	EXP 	New trial (rep=13, index=4): {'leftStreamFlip': False, 'oneTarget': False, 'trialInstructionPos': (0, -1), 'probe': 'both', 'rightStreamFlip': False, 'horizVert': True, 'ISIframes': 3, 'rightResponseFirst': True}
631.3432 	INFO 	numtrials=360 and this trialDurFrames=7 or 116.666666667 ms  task=T1
632.5926 	EXP 	window1: recordFrameIntervals = False
632.6004 	INFO 	Mouse: using default window
633.8436 	DATA 	Keypress: z
634.0600 	DATA 	Keypress: m
634.2018 	EXP 	New trial (rep=13, index=5): {'leftStreamFlip': False, 'oneTarget': False, 'trialInstructionPos': (0, 1), 'probe': 'both', 'rightStreamFlip': False, 'horizVert': True, 'ISIframes': 3, 'rightResponseFirst': True}
634.2256 	INFO 	numtrials=360 and this trialDurFrames=7 or 116.666666667 ms  task=T1
635.2765 	EXP 	window1: recordFrameIntervals = False
635.2843 	INFO 	Mouse: using default window
636.6767 	DATA 	Keypress: k
637.8431 	DATA 	Keypress: m
637.9884 	EXP 	New trial (rep=13, index=6): {'leftStreamFlip': False, 'oneTarget': True, 'trialInstructionPos': (0, -1), 'probe': 'both', 'rightStreamFlip': False, 'horizVert': True, 'ISIframes': 3, 'rightResponseFirst': False}
638.0090 	INFO 	numtrials=360 and this trialDurFrames=7 or 116.666666667 ms  task=T1
639.0925 	EXP 	window1: recordFrameIntervals = False
639.1008 	INFO 	Mouse: using default window
644.6268 	DATA 	Keypress: m
644.7651 	EXP 	New trial (rep=13, index=7): {'leftStreamFlip': False, 'oneTarget': False, 'trialInstructionPos': (0, 1), 'probe': 'both', 'rightStreamFlip': False, 'horizVert': True, 'ISIframes': 3, 'rightResponseFirst': False}
644.7933 	INFO 	numtrials=360 and this trialDurFrames=7 or 116.666666667 ms  task=T1
645.9430 	EXP 	window1: recordFrameIntervals = False
645.9512 	INFO 	Mouse: using default window
655.6099 	DATA 	Keypress: m
656.0768 	DATA 	Keypress: m
656.2180 	EXP 	New trial (rep=13, index=8): {'leftStreamFlip': False, 'oneTarget': True, 'trialInstructionPos': (0, 1), 'probe': 'both', 'rightStreamFlip': False, 'horizVert': True, 'ISIframes': 3, 'rightResponseFirst': True}
656.2426 	INFO 	numtrials=360 and this trialDurFrames=7 or 116.666666667 ms  task=T1
657.4765 	EXP 	window1: recordFrameIntervals = False
657.4846 	INFO 	Mouse: using default window
658.1603 	DATA 	Keypress: m
658.3009 	EXP 	New trial (rep=13, index=9): {'leftStreamFlip': False, 'oneTarget': False, 'trialInstructionPos': (0, 1), 'probe': 'both', 'rightStreamFlip': False, 'horizVert': True, 'ISIframes': 3, 'rightResponseFirst': False}
658.3258 	INFO 	numtrials=360 and this trialDurFrames=7 or 116.666666667 ms  task=T1
659.5092 	EXP 	window1: recordFrameIntervals = False
659.5171 	INFO 	Mouse: using default window
660.4768 	DATA 	Keypress: z
660.5606 	DATA 	Keypress: f
660.7006 	EXP 	New trial (rep=13, index=10): {'leftStreamFlip': False, 'oneTarget': False, 'trialInstructionPos': (0, -1), 'probe': 'both', 'rightStreamFlip': False, 'horizVert': True, 'ISIframes': 3, 'rightResponseFirst': False}
660.7256 	INFO 	numtrials=360 and this trialDurFrames=7 or 116.666666667 ms  task=T1
661.8766 	EXP 	window1: recordFrameIntervals = False
661.8847 	INFO 	Mouse: using default window
662.8768 	DATA 	Keypress: g
663.0788 	DATA 	Keypress: c
663.2324 	EXP 	New trial (rep=13, index=11): {'leftStreamFlip': False, 'oneTarget': True, 'trialInstructionPos': (0, 1), 'probe': 'both', 'rightStreamFlip': False, 'horizVert': True, 'ISIframes': 3, 'rightResponseFirst': False}
663.2592 	INFO 	numtrials=360 and this trialDurFrames=7 or 116.666666667 ms  task=T1
664.4426 	EXP 	window1: recordFrameIntervals = False
664.4511 	INFO 	Mouse: using default window
664.8602 	DATA 	Keypress: s
665.0037 	EXP 	New trial (rep=14, index=0): {'leftStreamFlip': False, 'oneTarget': False, 'trialInstructionPos': (0, -1), 'probe': 'both', 'rightStreamFlip': False, 'horizVert': True, 'ISIframes': 3, 'rightResponseFirst': True}
665.0257 	INFO 	numtrials=360 and this trialDurFrames=7 or 116.666666667 ms  task=T1
666.2102 	EXP 	window1: recordFrameIntervals = False
666.2174 	INFO 	Mouse: using default window
667.3936 	DATA 	Keypress: h
667.4600 	DATA 	Keypress: u
667.6021 	EXP 	New trial (rep=14, index=1): {'leftStreamFlip': False, 'oneTarget': False, 'trialInstructionPos': (0, -1), 'probe': 'both', 'rightStreamFlip': False, 'horizVert': True, 'ISIframes': 3, 'rightResponseFirst': False}
667.6253 	INFO 	numtrials=360 and this trialDurFrames=7 or 116.666666667 ms  task=T1
668.6928 	EXP 	window1: recordFrameIntervals = False
668.7011 	INFO 	Mouse: using default window
669.3935 	DATA 	Keypress: h
669.6102 	DATA 	Keypress: r
669.7484 	EXP 	New trial (rep=14, index=2): {'leftStreamFlip': False, 'oneTarget': False, 'trialInstructionPos': (0, -1), 'probe': 'both', 'rightStreamFlip': False, 'horizVert': True, 'ISIframes': 3, 'rightResponseFirst': False}
669.7766 	INFO 	numtrials=360 and this trialDurFrames=7 or 116.666666667 ms  task=T1
670.8765 	EXP 	window1: recordFrameIntervals = False
670.8850 	INFO 	Mouse: using default window
677.6931 	DATA 	Keypress: lctrl
678.9269 	DATA 	Keypress: lshift
679.2769 	DATA 	Keypress: z
679.2964 	INFO 	Stopping at 12:21 on 06 Aug 2018
679.2977 	ERROR 	user aborted experiment on keypress with trials done=170 of 361
679.3125 	INFO 	Program terminating normally.
