0.9588 	WARNING 	Monitor specification not found. Creating a temporary one...
55.6678 	EXP 	Created window1 = Window(allowGUI=False, allowStencil=False, autoLog=True, bitsMode=UNKNOWN, blendMode='avg', color=array([-0.7, -0.7, -0.7]), colorSpace='rgb', fullscr=UNKNOWN, gamma=None, lms=UNKNOWN, monitor=<psychopy.monitors.calibTools.Monitor object at 0x1E582050>, name='window1', pos=[0, 0], screen=0, size=array([1920, 1080]), stereo=False, units='deg', useFBO=False, useRetina=False, viewOri=0.0, viewPos=None, viewScale=None, waitBlanking=False, winType='pyglet')
55.6678 	INFO 	Mouse: using default window
55.6680 	EXP 	window1: units = 'norm'
55.9258 	EXP 	Created unnamed ImageStim = ImageStim(autoLog=True, color=array([ 1.,  1.,  1.]), colorSpace='rgb', contrast=1.0, depth=0, flipHoriz=False, flipVert=False, image=str(...), interpolate=False, mask=None, maskParams=None, name='unnamed ImageStim', opacity=1.0, ori=0.0, pos=array([-0.5,  0. ]), size=array([ 1.290625  ,  3.24814815]), texRes=128, units='norm', win=Window(...))
56.0929 	EXP 	Created unnamed ImageStim = ImageStim(autoLog=True, color=array([ 1.,  1.,  1.]), colorSpace='rgb', contrast=1.0, depth=0, flipHoriz=False, flipVert=False, image=str(...), interpolate=False, mask=None, maskParams=None, name='unnamed ImageStim', opacity=1.0, ori=0.0, pos=array([ 0.5,  0. ]), size=array([ 1.290625  ,  3.24814815]), texRes=128, units='norm', win=Window(...))
56.1276 	EXP 	Created OKrespZone = GratingStim(autoDraw=False, autoLog=True, color=array([ 1. ,  0.5,  0.5]), colorSpace='rgb', contrast=1.0, depth=0, interpolate=False, mask='gauss', maskParams=None, name='OKrespZone', opacity=1.0, ori=0.0, phase=array([ 0.,  0.]), pos=array([-0.2 , -0.92]), rgbPedestal=array([ 0.,  0.,  0.]), sf=array([ 0.,  0.]), size=array([ 2.3,  0.2]), tex='sin', texRes=256, units='norm', win=Window(...))
56.3589 	EXP 	unnamed ImageStim: size = (1, 2)
56.3589 	EXP 	unnamed ImageStim: size = (1, 2)
264.1267 	DATA 	Keypress: return
393.3431 	DATA 	Mouse: Left button down, pos=(777,43)
393.3589 	EXP 	window1: units = 'deg'
393.3595 	EXP 	window1: units = 'norm'
393.3757 	EXP 	Created OKrespZone = GratingStim(autoDraw=False, autoLog=True, color=array([ 1. ,  0.5,  0.5]), colorSpace='rgb', contrast=1.0, depth=0, interpolate=False, mask='gauss', maskParams=None, name='OKrespZone', opacity=1.0, ori=0.0, phase=array([ 0.,  0.]), pos=array([-0.2 , -0.92]), rgbPedestal=array([ 0.,  0.,  0.]), sf=array([ 0.,  0.]), size=array([ 2.3,  0.2]), tex='sin', texRes=256, units='norm', win=Window(...))
393.4654 	EXP 	Created unnamed ImageStim = ImageStim(autoLog=True, color=array([ 1.,  1.,  1.]), colorSpace='rgb', contrast=1.0, depth=0, flipHoriz=False, flipVert=False, image='abgdj\\PISandConsentForm\\consentForm.png', interpolate=False, mask=None, maskParams=None, name='unnamed ImageStim', opacity=1.0, ori=0.0, pos=array([ 0.,  0.]), size=array([ 1.3375    ,  2.97407407]), texRes=128, units='norm', win=Window(...))
393.5018 	EXP 	Created unnamed GratingStim = GratingStim(autoDraw=False, autoLog=True, color=array([ 1. ,  0.5,  0.5]), colorSpace='rgb', contrast=1.0, depth=0, interpolate=False, mask='gauss', maskParams=None, name='unnamed GratingStim', opacity=1.0, ori=0.0, phase=array([ 0.,  0.]), pos=array([-0.2 , -0.42]), rgbPedestal=array([ 0.,  0.,  0.]), sf=array([ 0.,  0.]), size=array([ 0.3,  0.2]), tex='sin', texRes=256, units='norm', win=Window(...))
393.5510 	EXP 	Created unnamed GratingStim = GratingStim(autoDraw=False, autoLog=True, color=array([ 1. ,  0.5,  0.5]), colorSpace='rgb', contrast=1.0, depth=0, interpolate=False, mask='gauss', maskParams=None, name='unnamed GratingStim', opacity=1.0, ori=0.0, phase=array([ 0.,  0.]), pos=array([ 0.1 , -0.42]), rgbPedestal=array([ 0.,  0.,  0.]), sf=array([ 0.,  0.]), size=array([ 0.3,  0.2]), tex='sin', texRes=256, units='norm', win=Window(...))
393.5887 	EXP 	Created unnamed GratingStim = GratingStim(autoDraw=False, autoLog=True, color=array([ 1. ,  0.5,  0.5]), colorSpace='rgb', contrast=1.0, depth=0, interpolate=False, mask='gauss', maskParams=None, name='unnamed GratingStim', opacity=1.0, ori=0.0, phase=array([ 0.,  0.]), pos=array([-0.2 , -0.72]), rgbPedestal=array([ 0.,  0.,  0.]), sf=array([ 0.,  0.]), size=array([ 0.3,  0.2]), tex='sin', texRes=256, units='norm', win=Window(...))
393.6253 	EXP 	Created unnamed GratingStim = GratingStim(autoDraw=False, autoLog=True, color=array([ 1. ,  0.5,  0.5]), colorSpace='rgb', contrast=1.0, depth=0, interpolate=False, mask='gauss', maskParams=None, name='unnamed GratingStim', opacity=1.0, ori=0.0, phase=array([ 0.,  0.]), pos=array([ 0.1 , -0.72]), rgbPedestal=array([ 0.,  0.,  0.]), sf=array([ 0.,  0.]), size=array([ 0.3,  0.2]), tex='sin', texRes=256, units='norm', win=Window(...))
393.6284 	DATA 	Mouse:  Left button up, pos=(777,43)
393.6332 	EXP 	unnamed ImageStim: size = (1.1, 2)
407.6452 	DATA 	Mouse: Left button down, pos=(761,321)
407.7431 	DATA 	Mouse:  Left button up, pos=(761,321)
408.5432 	DATA 	Mouse: Left button down, pos=(772,150)
408.6431 	DATA 	Mouse:  Left button up, pos=(772,150)
409.6287 	DATA 	Mouse: Left button down, pos=(696,46)
409.6424 	EXP 	window1: units = 'deg'
409.6469 	EXP 	window1: mouseVisible = True
421.4604 	EXP 	Created window1 = Window(allowGUI=False, allowStencil=False, autoLog=True, bitsMode=UNKNOWN, blendMode='avg', color=array([-0.7, -0.7, -0.7]), colorSpace='rgb', fullscr=UNKNOWN, gamma=None, lms=UNKNOWN, monitor=<psychopy.monitors.calibTools.Monitor object at 0x1E582050>, name='window1', pos=[0, 0], screen=0, size=array([1920, 1080]), stereo=False, units='deg', useFBO=False, useRetina=False, viewOri=0.0, viewPos=None, viewScale=None, waitBlanking=False, winType='pyglet')
425.9440 	INFO 	#[ PsychoPy2 RuntimeInfoStart ]
  #[[ PsychoPy ]] #---------
    psychopyVersion: 1.84.2
    psychopyHaveExtRush: True
  #[[ Experiment ]] #---------
    experimentAuthor: None
    experimentAuthVersion: None
    experimentRunTime: 2018_08_10 09:17 (Year_Month_Day Hour:Min)
    experimentRunTime.epoch: 1533856638
    experimentScript: psyc1002.py
    experimentScript.digestSHA1: 03993779484d600ea4c1b8cc2288f3d37a5025d5
    experimentScript.directory: U:\PSYC1002\abgdj
  #[[ System ]] #---------
    systemHaveInternetAccess: True
    systemHostName: W5FF3LG2
    systemLocale: English_United States.1252
    systemMemFreeRAM: 4544.19140625
    systemMemTotalRAM: 8076.9453125
    systemPlatform: windowsversion=sys.getwindowsversion(major=6, minor=2, build=9200, platform=2, service_pack='')
    systemPyo.InputDevices: {4: {'host api index': 2, 'latency': 0.008707483299076557, 'default sr': 44100, 'name': u'Realtek ASIO'}}
    systemPyo.OutputDevices: {0: {'host api index': 0, 'latency': 0.09000000357627869, 'default sr': 44100, 'name': u'Microsoft Sound Mapper - Output'}, 1: {'host api index': 0, 'latency': 0.09000000357627869, 'default sr': 44100, 'name': u'Speakers / Headphones (Realtek '}, 2: {'host api index': 1, 'latency': 0.11999999731779099, 'default sr': 44100, 'name': u'Primary Sound Driver'}, 3: {'host api index': 1, 'latency': 0.11999999731779099, 'default sr': 44100, 'name': u'Speakers / Headphones (Realtek High Definition Audio)'}, 4: {'host api index': 2, 'latency': 0.008707483299076557, 'default sr': 44100, 'name': u'Realtek ASIO'}, 5: {'host api index': 3, 'latency': 0.003000000026077032, 'default sr': 48000, 'name': u'Speakers / Headphones (Realtek High Definition Audio)'}}
    systemPyoVersion: 0.8.0
    systemRebooted: System Boot Time:          8/9/2018, 2:16:23 AM
    systemSec.pythonSSL: True
    systemTimeNumpySD1000000_sec: 0.0083
    systemUser: czhu0720
    systemUserID: 1000
    systemUserProcCmdPid: LabStatsUserSpace.exe dwm.exe TiWorker.exe CmRcService.exe nierserver.exe LabStatsClient.exe tagsrv.exe SearchUI.exe DWRCST.EXE ApplicationFrameHost.exe OneDrive.exe nipxism.exe TrustedInstaller.exe niLxiDiscovery.exe SecurityHealthService.exe redirector.exe server_admin.exe pc-client.exe lkads.exe svchost.exe ni_usbmon.exe JKIUpdate.exe AGSService.exe System SISIDSService.exe IntelCpHeciSvc.exe SelfServicePlugin.exe explorer.exe smss.exe ApplicationWebServer.exe RuntimeBroker.exe acrotray.exe IntelCpHDCPSvc.exe niauth_daemon.exe cmd.exe nidmsrv.exe Receiver.exe SISIPSService.exe lktsrv.exe lsass.exe python.exe RtkNGUI64.exe sisipsutil.exe AdobeUpdateService.exe armsvc.exe ssonsvr.exe concentr.exe nidevldu.exe taskhostw.exe ctfmon.exe RAVBg64.exe ''Memory Compression'' NIWebServiceContainer.exe nimxs.exe RtkAudioService64.exe SystemWebServer.exe tasklist.exe snowagent.exe CcmExec.exe SmcGui.exe nicitdl5.exe ''System Idle Process'' services.exe niDiscSvc.exe sqlwriter.exe MSASCuiL.exe SCNotification.exe nimdnsResponder.exe server_runtime.exe DWRCS.EXE sihost.exe spoolsv.exe wininit.exe winlogon.exe ShellExperienceHost.exe nidevmon.exe SearchIndexer.exe csrss.exe WmiPrvSE.exe audiodg.exe fontdrvhost.exe dllhost.exe unsecapp.exe ccSvcHst.exe wfcrun32.exe nisvcloc.exe server_eventlog.exe lkcitdl.exe AuthManSvr.exe conhost.exe
    systemUserProcCount: 178
    systemUserProcFlagged: Explorer
    systemUsersCount: False
  #[[ Window ]] #---------
    windowWinType: pyglet
    windowWaitBlanking: False
    windowUseNativeGamma: True
    windowUnits: deg
    windowSize_pix: [1920 1080]
    windowScreen: 0
    windowRgb: [-0.7 -0.7 -0.7]
    windowRefreshTimeSD_ms: 0.206
    windowRefreshTimeMedian_ms: 16.654
    windowRefreshTimeAvg_ms: 16.661
    windowRefreshThreshold_sec: 0.0200
    windowRecordFrameIntervals: False
    windowPos_pix: [0, 0]
    windowMonitor.name: testmonitor
    windowMonitor.getWidth_cm: 57.0
    windowMonitor.getLinearizeMethod: 1
    windowMonitor.getGammaGrid: [[  0.   1.   1.  nan  nan  nan]
 [  0.   1.   1.  nan  nan  nan]
 [  0.   1.   1.  nan  nan  nan]
 [  0.   1.   1.  nan  nan  nan]]
    windowMonitor.getDistance_cm: 57.0
    windowMonitor.gammaInterpolator2: None
    windowMonitor.gammaInterpolator: None
    windowMonitor.currentCalibName: 2018_08_10 09:10
    windowIsFullScr: True
    windowHaveShaders: True
    windowAllowGUI: False
  #[[ Python ]] #---------
    pythonWxVersion: 3.0.2.0 msw (classic)
    pythonVersion: 2.7.11
    pythonScipyVersion: 0.17.1
    pythonPygletVersion: 1.2.4
    pythonPygameVersion: 1.9.2pre
    pythonNumpyVersion: 1.11.0
    pythonMatplotlibVersion: 1.5.1
    pythonFullVersion: 2.7.11 (v2.7.11:6d1b6a68f775, Dec  5 2015, 20:32:19) [MSC v.1500 32 bit (Intel)]
    pythonExecutable: C:\Program Files (x86)\PsychoPy2\python.exe
  #[[ OpenGL ]] #---------
    openGLVersion: 4.5.0 - Build 22.20.16.4836
    openGLVendor: Intel
    openGLRenderingEngine: Intel(R) HD Graphics 530
    openGLmaxVerticesInVertexArray: 1048576
    False: openGLext.GL_STEREO
    True: openGLext.GL_EXT_framebuffer_object
    True: openGLext.GL_ARB_vertex_shader
    True: openGLext.GL_ARB_texture_non_power_of_two
    True: openGLext.GL_ARB_texture_float
    True: openGLext.GL_ARB_shader_objects
    True: openGLext.GL_ARB_multitexture
    True: openGLext.GL_ARB_fragment_program
#[ PsychoPy2 RuntimeInfoEnd ]

425.9925 	EXP 	window1: recordFrameIntervals = True
426.8259 	EXP 	window1: recordFrameIntervals = False
426.8335 	INFO 	Frames per second ~=60.2, which is close enough to desired val of 60.0
427.0365 	EXP 	Created sequence: random, trialTypes=12, nReps=30, seed=None
427.2228 	INFO 	Mouse: using default window
427.2417 	EXP 	Created OKrespZone = GratingStim(autoDraw=False, autoLog=True, color=array([ 1.,  1.,  1.]), colorSpace='rgb', contrast=1.0, depth=0, interpolate=False, mask='gauss', maskParams=None, name='OKrespZone', opacity=1.0, ori=0.0, phase=array([ 0.,  0.]), pos=array([ 0.  ,  0.88]), rgbPedestal=array([ 0.,  0.,  0.]), sf=array([ 0.,  0.]), size=array([ 2. ,  0.2]), tex='sin', texRes=256, units='norm', win=Window(...))
433.8828 	DATA 	Mouse: Left button down, pos=(111,945)
433.9864 	DATA 	Mouse:  Left button up, pos=(111,945)
435.6185 	DATA 	Mouse: Left button down, pos=(112,731)
435.6983 	DATA 	Mouse:  Left button up, pos=(112,731)
436.8826 	DATA 	Mouse: Left button down, pos=(115,612)
436.9864 	DATA 	Mouse:  Left button up, pos=(115,612)
439.7307 	DATA 	Mouse: Left button down, pos=(60,194)
439.8102 	DATA 	Mouse:  Left button up, pos=(60,194)
520.8266 	DATA 	Mouse: Left button down, pos=(1090,661)
520.9143 	DATA 	Mouse:  Left button up, pos=(1090,661)
546.6986 	DATA 	Mouse: Left button down, pos=(1718,664)
546.7863 	DATA 	Mouse:  Left button up, pos=(1718,664)
571.8828 	DATA 	Mouse: Left button down, pos=(293,469)
571.9703 	DATA 	Mouse:  Left button up, pos=(295,469)
686.6163 	DATA 	Keypress: right
688.0182 	DATA 	Keypress: return
695.1795 	DATA 	Mouse: Left button down, pos=(1608,118)
695.1989 	INFO 	Experiment will have 360 trials. Letters will be drawn with superposed noise of 0.00%
695.2136 	EXP 	New trial (rep=0, index=0): {'leftStreamFlip': True, 'oneTarget': True, 'trialInstructionPos': (0, -1), 'probe': 'both', 'rightStreamFlip': True, 'horizVert': False, 'ISIframes': 4, 'rightResponseFirst': False}
695.2137 	INFO 	Starting main part of experiment
695.3106 	DATA 	Mouse:  Left button up, pos=(1608,118)
696.3926 	INFO 	numtrials=360 and this trialDurFrames=54 or 900.0 ms  task=T1
698.8761 	EXP 	window1: recordFrameIntervals = False
698.8856 	INFO 	Mouse: using default window
705.7601 	DATA 	Keypress: i
705.9226 	EXP 	New trial (rep=0, index=1): {'leftStreamFlip': True, 'oneTarget': False, 'trialInstructionPos': (0, -1), 'probe': 'both', 'rightStreamFlip': True, 'horizVert': False, 'ISIframes': 4, 'rightResponseFirst': False}
711.4935 	DATA 	Mouse: Left button down, pos=(1606,978)
711.5767 	DATA 	Mouse:  Left button up, pos=(1606,978)
712.7601 	DATA 	Mouse: wheel shift=(0,-1), pos=(1816,1026)
715.4431 	INFO 	numtrials=360 and this trialDurFrames=42 or 700.0 ms  task=T1
717.7095 	EXP 	window1: recordFrameIntervals = False
717.7169 	INFO 	Mouse: using default window
719.4287 	DATA 	Keypress: u
725.5436 	DATA 	Keypress: a
725.6911 	EXP 	New trial (rep=0, index=2): {'leftStreamFlip': True, 'oneTarget': False, 'trialInstructionPos': (0, -1), 'probe': 'both', 'rightStreamFlip': True, 'horizVert': False, 'ISIframes': 4, 'rightResponseFirst': True}
725.7091 	INFO 	numtrials=360 and this trialDurFrames=34 or 566.666666667 ms  task=T1
727.9095 	EXP 	window1: recordFrameIntervals = False
727.9164 	INFO 	Mouse: using default window
729.6268 	DATA 	Keypress: y
731.7935 	DATA 	Keypress: s
731.9345 	EXP 	New trial (rep=0, index=3): {'leftStreamFlip': True, 'oneTarget': False, 'trialInstructionPos': (0, -1), 'probe': 'both', 'rightStreamFlip': True, 'horizVert': False, 'ISIframes': 4, 'rightResponseFirst': False}
731.9423 	INFO 	numtrials=360 and this trialDurFrames=34 or 566.666666667 ms  task=T1
733.4596 	EXP 	window1: recordFrameIntervals = False
733.4665 	INFO 	Mouse: using default window
735.7268 	DATA 	Keypress: g
736.9438 	DATA 	Keypress: r
737.0851 	EXP 	New trial (rep=0, index=4): {'leftStreamFlip': True, 'oneTarget': False, 'trialInstructionPos': (0, 1), 'probe': 'both', 'rightStreamFlip': True, 'horizVert': False, 'ISIframes': 4, 'rightResponseFirst': False}
740.0270 	DATA 	Keypress: return
740.0595 	INFO 	numtrials=360 and this trialDurFrames=26 or 433.333333333 ms  task=T1
741.4264 	EXP 	window1: recordFrameIntervals = False
741.4334 	INFO 	Mouse: using default window
743.8282 	DATA 	Keypress: d
745.9436 	DATA 	Keypress: d
746.0871 	EXP 	New trial (rep=0, index=5): {'leftStreamFlip': True, 'oneTarget': False, 'trialInstructionPos': (0, 1), 'probe': 'both', 'rightStreamFlip': True, 'horizVert': False, 'ISIframes': 4, 'rightResponseFirst': True}
746.1090 	INFO 	numtrials=360 and this trialDurFrames=6 or 100.0 ms  task=T1
747.2095 	EXP 	window1: recordFrameIntervals = False
747.2171 	INFO 	Mouse: using default window
749.5434 	DATA 	Keypress: a
751.4768 	DATA 	Keypress: p
751.6175 	EXP 	New trial (rep=0, index=6): {'leftStreamFlip': True, 'oneTarget': False, 'trialInstructionPos': (0, 1), 'probe': 'both', 'rightStreamFlip': True, 'horizVert': False, 'ISIframes': 4, 'rightResponseFirst': False}
751.6431 	INFO 	numtrials=360 and this trialDurFrames=7 or 116.666666667 ms  task=T1
752.8424 	EXP 	window1: recordFrameIntervals = False
752.8501 	INFO 	Mouse: using default window
755.1100 	DATA 	Keypress: a
756.9597 	DATA 	Keypress: p
757.0979 	EXP 	New trial (rep=0, index=7): {'leftStreamFlip': True, 'oneTarget': True, 'trialInstructionPos': (0, 1), 'probe': 'both', 'rightStreamFlip': True, 'horizVert': False, 'ISIframes': 4, 'rightResponseFirst': True}
757.1089 	INFO 	numtrials=360 and this trialDurFrames=8 or 133.333333333 ms  task=T1
758.3924 	EXP 	window1: recordFrameIntervals = False
758.3992 	INFO 	Mouse: using default window
759.6097 	DATA 	Keypress: a
759.7471 	EXP 	New trial (rep=0, index=8): {'leftStreamFlip': True, 'oneTarget': False, 'trialInstructionPos': (0, -1), 'probe': 'both', 'rightStreamFlip': True, 'horizVert': False, 'ISIframes': 4, 'rightResponseFirst': True}
759.7588 	INFO 	numtrials=360 and this trialDurFrames=8 or 133.333333333 ms  task=T1
761.0263 	EXP 	window1: recordFrameIntervals = False
761.0332 	INFO 	Mouse: using default window
762.5768 	DATA 	Keypress: r
764.1764 	DATA 	Keypress: j
764.3178 	EXP 	New trial (rep=0, index=9): {'leftStreamFlip': True, 'oneTarget': True, 'trialInstructionPos': (0, 1), 'probe': 'both', 'rightStreamFlip': True, 'horizVert': False, 'ISIframes': 4, 'rightResponseFirst': False}
764.3423 	INFO 	numtrials=360 and this trialDurFrames=8 or 133.333333333 ms  task=T1
765.5260 	EXP 	window1: recordFrameIntervals = False
765.5333 	INFO 	Mouse: using default window
767.3603 	DATA 	Keypress: a
767.4994 	EXP 	New trial (rep=0, index=10): {'leftStreamFlip': True, 'oneTarget': False, 'trialInstructionPos': (0, 1), 'probe': 'both', 'rightStreamFlip': True, 'horizVert': False, 'ISIframes': 4, 'rightResponseFirst': True}
767.5262 	INFO 	numtrials=360 and this trialDurFrames=8 or 133.333333333 ms  task=T1
768.7263 	EXP 	window1: recordFrameIntervals = False
768.7334 	INFO 	Mouse: using default window
771.6100 	DATA 	Keypress: a
773.0276 	DATA 	Keypress: u
773.1695 	EXP 	New trial (rep=0, index=11): {'leftStreamFlip': True, 'oneTarget': True, 'trialInstructionPos': (0, -1), 'probe': 'both', 'rightStreamFlip': True, 'horizVert': False, 'ISIframes': 4, 'rightResponseFirst': True}
773.1923 	INFO 	numtrials=360 and this trialDurFrames=8 or 133.333333333 ms  task=T1
774.4096 	EXP 	window1: recordFrameIntervals = False
774.4167 	INFO 	Mouse: using default window
777.0603 	DATA 	Keypress: y
777.1982 	EXP 	New trial (rep=1, index=0): {'leftStreamFlip': True, 'oneTarget': False, 'trialInstructionPos': (0, 1), 'probe': 'both', 'rightStreamFlip': True, 'horizVert': False, 'ISIframes': 4, 'rightResponseFirst': True}
777.2263 	INFO 	numtrials=360 and this trialDurFrames=9 or 150.0 ms  task=T1
778.4597 	EXP 	window1: recordFrameIntervals = False
778.4668 	INFO 	Mouse: using default window
780.3600 	DATA 	Keypress: h
781.7767 	DATA 	Keypress: l
781.9172 	EXP 	New trial (rep=1, index=1): {'leftStreamFlip': True, 'oneTarget': False, 'trialInstructionPos': (0, -1), 'probe': 'both', 'rightStreamFlip': True, 'horizVert': False, 'ISIframes': 4, 'rightResponseFirst': False}
781.9423 	INFO 	numtrials=360 and this trialDurFrames=9 or 150.0 ms  task=T1
783.1263 	EXP 	window1: recordFrameIntervals = False
783.1335 	INFO 	Mouse: using default window
785.1431 	DATA 	Keypress: l
786.1601 	DATA 	Keypress: y
786.3021 	EXP 	New trial (rep=1, index=2): {'leftStreamFlip': True, 'oneTarget': False, 'trialInstructionPos': (0, 1), 'probe': 'both', 'rightStreamFlip': True, 'horizVert': False, 'ISIframes': 4, 'rightResponseFirst': False}
786.3257 	INFO 	numtrials=360 and this trialDurFrames=9 or 150.0 ms  task=T1
787.5929 	EXP 	window1: recordFrameIntervals = False
787.5998 	INFO 	Mouse: using default window
789.2605 	DATA 	Keypress: s
790.4769 	DATA 	Keypress: p
790.6179 	EXP 	New trial (rep=1, index=3): {'leftStreamFlip': True, 'oneTarget': False, 'trialInstructionPos': (0, 1), 'probe': 'both', 'rightStreamFlip': True, 'horizVert': False, 'ISIframes': 4, 'rightResponseFirst': True}
790.6423 	INFO 	numtrials=360 and this trialDurFrames=10 or 166.666666667 ms  task=T1
791.9262 	EXP 	window1: recordFrameIntervals = False
791.9331 	INFO 	Mouse: using default window
793.4939 	DATA 	Keypress: y
794.7434 	DATA 	Keypress: s
794.8836 	EXP 	New trial (rep=1, index=4): {'leftStreamFlip': True, 'oneTarget': False, 'trialInstructionPos': (0, -1), 'probe': 'both', 'rightStreamFlip': True, 'horizVert': False, 'ISIframes': 4, 'rightResponseFirst': True}
794.9095 	INFO 	numtrials=360 and this trialDurFrames=10 or 166.666666667 ms  task=T1
796.0762 	EXP 	window1: recordFrameIntervals = False
796.0834 	INFO 	Mouse: using default window
797.7102 	DATA 	Keypress: a
798.5954 	DATA 	Keypress: r
798.7500 	EXP 	New trial (rep=1, index=5): {'leftStreamFlip': True, 'oneTarget': False, 'trialInstructionPos': (0, -1), 'probe': 'both', 'rightStreamFlip': True, 'horizVert': False, 'ISIframes': 4, 'rightResponseFirst': False}
798.7763 	INFO 	numtrials=360 and this trialDurFrames=9 or 150.0 ms  task=T1
800.0597 	EXP 	window1: recordFrameIntervals = False
800.0668 	INFO 	Mouse: using default window
802.8435 	DATA 	Keypress: r
804.1789 	DATA 	Keypress: s
804.3333 	EXP 	New trial (rep=1, index=6): {'leftStreamFlip': True, 'oneTarget': False, 'trialInstructionPos': (0, -1), 'probe': 'both', 'rightStreamFlip': True, 'horizVert': False, 'ISIframes': 4, 'rightResponseFirst': True}
804.3589 	INFO 	numtrials=360 and this trialDurFrames=9 or 150.0 ms  task=T1
805.6263 	EXP 	window1: recordFrameIntervals = False
805.6348 	INFO 	Mouse: using default window
808.8770 	DATA 	Keypress: p
810.1265 	DATA 	Keypress: r
810.2632 	EXP 	New trial (rep=1, index=7): {'leftStreamFlip': True, 'oneTarget': True, 'trialInstructionPos': (0, 1), 'probe': 'both', 'rightStreamFlip': True, 'horizVert': False, 'ISIframes': 4, 'rightResponseFirst': False}
810.2924 	INFO 	numtrials=360 and this trialDurFrames=10 or 166.666666667 ms  task=T1
811.4262 	EXP 	window1: recordFrameIntervals = False
811.4335 	INFO 	Mouse: using default window
813.2104 	DATA 	Keypress: s
813.3479 	EXP 	New trial (rep=1, index=8): {'leftStreamFlip': True, 'oneTarget': True, 'trialInstructionPos': (0, 1), 'probe': 'both', 'rightStreamFlip': True, 'horizVert': False, 'ISIframes': 4, 'rightResponseFirst': True}
813.3590 	INFO 	numtrials=360 and this trialDurFrames=10 or 166.666666667 ms  task=T1
814.6262 	EXP 	window1: recordFrameIntervals = False
814.6331 	INFO 	Mouse: using default window
816.5431 	DATA 	Keypress: m
816.6795 	EXP 	New trial (rep=1, index=9): {'leftStreamFlip': True, 'oneTarget': True, 'trialInstructionPos': (0, -1), 'probe': 'both', 'rightStreamFlip': True, 'horizVert': False, 'ISIframes': 4, 'rightResponseFirst': False}
816.6920 	INFO 	numtrials=360 and this trialDurFrames=11 or 183.333333333 ms  task=T1
817.8427 	EXP 	window1: recordFrameIntervals = False
817.8502 	INFO 	Mouse: using default window
819.1265 	DATA 	Keypress: s
819.2631 	EXP 	New trial (rep=1, index=10): {'leftStreamFlip': True, 'oneTarget': True, 'trialInstructionPos': (0, -1), 'probe': 'both', 'rightStreamFlip': True, 'horizVert': False, 'ISIframes': 4, 'rightResponseFirst': True}
819.2752 	INFO 	numtrials=360 and this trialDurFrames=11 or 183.333333333 ms  task=T1
820.4090 	EXP 	window1: recordFrameIntervals = False
820.4165 	INFO 	Mouse: using default window
821.8277 	DATA 	Keypress: a
821.9809 	EXP 	New trial (rep=1, index=11): {'leftStreamFlip': True, 'oneTarget': False, 'trialInstructionPos': (0, 1), 'probe': 'both', 'rightStreamFlip': True, 'horizVert': False, 'ISIframes': 4, 'rightResponseFirst': False}
821.9924 	INFO 	numtrials=360 and this trialDurFrames=11 or 183.333333333 ms  task=T1
823.2092 	EXP 	window1: recordFrameIntervals = False
823.2172 	INFO 	Mouse: using default window
825.0280 	DATA 	Keypress: s
826.2597 	DATA 	Keypress: r
826.3998 	EXP 	New trial (rep=2, index=0): {'leftStreamFlip': True, 'oneTarget': False, 'trialInstructionPos': (0, -1), 'probe': 'both', 'rightStreamFlip': True, 'horizVert': False, 'ISIframes': 4, 'rightResponseFirst': False}
826.4266 	INFO 	numtrials=360 and this trialDurFrames=12 or 200.0 ms  task=T1
827.5925 	EXP 	window1: recordFrameIntervals = False
827.6002 	INFO 	Mouse: using default window
829.0597 	DATA 	Keypress: k
830.5599 	DATA 	Keypress: g
830.6964 	EXP 	New trial (rep=2, index=1): {'leftStreamFlip': True, 'oneTarget': False, 'trialInstructionPos': (0, -1), 'probe': 'both', 'rightStreamFlip': True, 'horizVert': False, 'ISIframes': 4, 'rightResponseFirst': True}
830.7090 	INFO 	numtrials=360 and this trialDurFrames=12 or 200.0 ms  task=T1
831.9091 	EXP 	window1: recordFrameIntervals = False
831.9167 	INFO 	Mouse: using default window
833.8115 	DATA 	Keypress: n
834.8099 	DATA 	Keypress: h
834.9469 	EXP 	New trial (rep=2, index=2): {'leftStreamFlip': True, 'oneTarget': False, 'trialInstructionPos': (0, -1), 'probe': 'both', 'rightStreamFlip': True, 'horizVert': False, 'ISIframes': 4, 'rightResponseFirst': False}
834.9591 	INFO 	numtrials=360 and this trialDurFrames=12 or 200.0 ms  task=T1
836.2427 	EXP 	window1: recordFrameIntervals = False
836.2498 	INFO 	Mouse: using default window
837.6438 	DATA 	Keypress: m
838.6766 	DATA 	Keypress: a
838.8145 	EXP 	New trial (rep=2, index=3): {'leftStreamFlip': True, 'oneTarget': True, 'trialInstructionPos': (0, -1), 'probe': 'both', 'rightStreamFlip': True, 'horizVert': False, 'ISIframes': 4, 'rightResponseFirst': False}
838.8258 	INFO 	numtrials=360 and this trialDurFrames=12 or 200.0 ms  task=T1
840.0096 	EXP 	window1: recordFrameIntervals = False
840.0169 	INFO 	Mouse: using default window
841.2101 	DATA 	Keypress: m
841.3467 	EXP 	New trial (rep=2, index=4): {'leftStreamFlip': True, 'oneTarget': False, 'trialInstructionPos': (0, 1), 'probe': 'both', 'rightStreamFlip': True, 'horizVert': False, 'ISIframes': 4, 'rightResponseFirst': False}
841.3588 	INFO 	numtrials=360 and this trialDurFrames=12 or 200.0 ms  task=T1
842.6261 	EXP 	window1: recordFrameIntervals = False
842.6346 	INFO 	Mouse: using default window
844.0269 	DATA 	Keypress: h
845.2602 	DATA 	Keypress: h
845.3979 	EXP 	New trial (rep=2, index=5): {'leftStreamFlip': True, 'oneTarget': False, 'trialInstructionPos': (0, 1), 'probe': 'both', 'rightStreamFlip': True, 'horizVert': False, 'ISIframes': 4, 'rightResponseFirst': True}
845.4089 	INFO 	numtrials=360 and this trialDurFrames=12 or 200.0 ms  task=T1
846.5591 	EXP 	window1: recordFrameIntervals = False
846.5673 	INFO 	Mouse: using default window
847.9269 	DATA 	Keypress: r
849.2269 	DATA 	Keypress: r
849.3672 	EXP 	New trial (rep=2, index=6): {'leftStreamFlip': True, 'oneTarget': False, 'trialInstructionPos': (0, 1), 'probe': 'both', 'rightStreamFlip': True, 'horizVert': False, 'ISIframes': 4, 'rightResponseFirst': True}
849.3925 	INFO 	numtrials=360 and this trialDurFrames=12 or 200.0 ms  task=T1
850.6263 	EXP 	window1: recordFrameIntervals = False
850.6334 	INFO 	Mouse: using default window
852.1604 	DATA 	Keypress: c
853.2438 	DATA 	Keypress: l
853.3851 	EXP 	New trial (rep=2, index=7): {'leftStreamFlip': True, 'oneTarget': True, 'trialInstructionPos': (0, 1), 'probe': 'both', 'rightStreamFlip': True, 'horizVert': False, 'ISIframes': 4, 'rightResponseFirst': True}
853.4089 	INFO 	numtrials=360 and this trialDurFrames=12 or 200.0 ms  task=T1
854.6263 	EXP 	window1: recordFrameIntervals = False
854.6337 	INFO 	Mouse: using default window
855.5437 	DATA 	Keypress: m
855.6845 	EXP 	New trial (rep=2, index=8): {'leftStreamFlip': True, 'oneTarget': True, 'trialInstructionPos': (0, -1), 'probe': 'both', 'rightStreamFlip': True, 'horizVert': False, 'ISIframes': 4, 'rightResponseFirst': True}
855.7097 	INFO 	numtrials=360 and this trialDurFrames=12 or 200.0 ms  task=T1
856.9931 	EXP 	window1: recordFrameIntervals = False
857.0010 	INFO 	Mouse: using default window
857.7952 	DATA 	Keypress: k
857.9491 	EXP 	New trial (rep=2, index=9): {'leftStreamFlip': True, 'oneTarget': False, 'trialInstructionPos': (0, 1), 'probe': 'both', 'rightStreamFlip': True, 'horizVert': False, 'ISIframes': 4, 'rightResponseFirst': False}
857.9758 	INFO 	numtrials=360 and this trialDurFrames=12 or 200.0 ms  task=T1
859.2931 	EXP 	window1: recordFrameIntervals = False
859.3007 	INFO 	Mouse: using default window
860.3602 	DATA 	Keypress: s
861.9271 	DATA 	Keypress: s
862.0678 	EXP 	New trial (rep=2, index=10): {'leftStreamFlip': True, 'oneTarget': True, 'trialInstructionPos': (0, 1), 'probe': 'both', 'rightStreamFlip': True, 'horizVert': False, 'ISIframes': 4, 'rightResponseFirst': False}
862.0926 	INFO 	numtrials=360 and this trialDurFrames=12 or 200.0 ms  task=T1
863.3928 	EXP 	window1: recordFrameIntervals = False
863.4000 	INFO 	Mouse: using default window
864.1937 	DATA 	Keypress: u
864.3309 	EXP 	New trial (rep=2, index=11): {'leftStreamFlip': True, 'oneTarget': False, 'trialInstructionPos': (0, -1), 'probe': 'both', 'rightStreamFlip': True, 'horizVert': False, 'ISIframes': 4, 'rightResponseFirst': True}
864.3425 	INFO 	numtrials=360 and this trialDurFrames=12 or 200.0 ms  task=T1
865.6260 	EXP 	window1: recordFrameIntervals = False
865.6341 	INFO 	Mouse: using default window
866.5437 	DATA 	Keypress: u
868.3934 	DATA 	Keypress: i
868.5324 	EXP 	New trial (rep=3, index=0): {'leftStreamFlip': True, 'oneTarget': True, 'trialInstructionPos': (0, -1), 'probe': 'both', 'rightStreamFlip': True, 'horizVert': False, 'ISIframes': 4, 'rightResponseFirst': True}
868.5598 	INFO 	numtrials=360 and this trialDurFrames=12 or 200.0 ms  task=T1
869.8263 	EXP 	window1: recordFrameIntervals = False
869.8333 	INFO 	Mouse: using default window
870.9438 	DATA 	Keypress: h
871.0833 	EXP 	New trial (rep=3, index=1): {'leftStreamFlip': True, 'oneTarget': False, 'trialInstructionPos': (0, -1), 'probe': 'both', 'rightStreamFlip': True, 'horizVert': False, 'ISIframes': 4, 'rightResponseFirst': False}
871.1098 	INFO 	numtrials=360 and this trialDurFrames=12 or 200.0 ms  task=T1
872.3433 	EXP 	window1: recordFrameIntervals = False
872.3503 	INFO 	Mouse: using default window
873.9939 	DATA 	Keypress: n
875.4273 	DATA 	Keypress: r
875.5677 	EXP 	New trial (rep=3, index=2): {'leftStreamFlip': True, 'oneTarget': False, 'trialInstructionPos': (0, -1), 'probe': 'both', 'rightStreamFlip': True, 'horizVert': False, 'ISIframes': 4, 'rightResponseFirst': True}
875.5924 	INFO 	numtrials=360 and this trialDurFrames=12 or 200.0 ms  task=T1
876.9431 	EXP 	window1: recordFrameIntervals = False
876.9501 	INFO 	Mouse: using default window
878.3770 	DATA 	Keypress: l
879.7441 	DATA 	Keypress: l
879.8835 	EXP 	New trial (rep=3, index=3): {'leftStreamFlip': True, 'oneTarget': False, 'trialInstructionPos': (0, 1), 'probe': 'both', 'rightStreamFlip': True, 'horizVert': False, 'ISIframes': 4, 'rightResponseFirst': False}
879.9091 	INFO 	numtrials=360 and this trialDurFrames=12 or 200.0 ms  task=T1
881.0429 	EXP 	window1: recordFrameIntervals = False
881.0503 	INFO 	Mouse: using default window
882.3437 	DATA 	Keypress: h
883.5938 	DATA 	Keypress: h
883.7335 	EXP 	New trial (rep=3, index=4): {'leftStreamFlip': True, 'oneTarget': True, 'trialInstructionPos': (0, 1), 'probe': 'both', 'rightStreamFlip': True, 'horizVert': False, 'ISIframes': 4, 'rightResponseFirst': True}
883.7599 	INFO 	numtrials=360 and this trialDurFrames=12 or 200.0 ms  task=T1
885.0763 	EXP 	window1: recordFrameIntervals = False
885.0832 	INFO 	Mouse: using default window
886.0103 	DATA 	Keypress: y
886.1494 	EXP 	New trial (rep=3, index=5): {'leftStreamFlip': True, 'oneTarget': True, 'trialInstructionPos': (0, 1), 'probe': 'both', 'rightStreamFlip': True, 'horizVert': False, 'ISIframes': 4, 'rightResponseFirst': False}
886.1763 	INFO 	numtrials=360 and this trialDurFrames=12 or 200.0 ms  task=T1
887.3931 	EXP 	window1: recordFrameIntervals = False
887.3999 	INFO 	Mouse: using default window
888.4271 	DATA 	Keypress: y
888.5680 	EXP 	New trial (rep=3, index=6): {'leftStreamFlip': True, 'oneTarget': True, 'trialInstructionPos': (0, -1), 'probe': 'both', 'rightStreamFlip': True, 'horizVert': False, 'ISIframes': 4, 'rightResponseFirst': False}
888.5924 	INFO 	numtrials=360 and this trialDurFrames=12 or 200.0 ms  task=T1
889.8929 	EXP 	window1: recordFrameIntervals = False
889.8999 	INFO 	Mouse: using default window
890.9103 	DATA 	Keypress: n
891.0499 	EXP 	New trial (rep=3, index=7): {'leftStreamFlip': True, 'oneTarget': False, 'trialInstructionPos': (0, 1), 'probe': 'both', 'rightStreamFlip': True, 'horizVert': False, 'ISIframes': 4, 'rightResponseFirst': True}
891.0592 	INFO 	numtrials=360 and this trialDurFrames=12 or 200.0 ms  task=T1
892.3593 	EXP 	window1: recordFrameIntervals = False
892.3677 	INFO 	Mouse: using default window
893.8770 	DATA 	Keypress: s
895.4937 	DATA 	Keypress: r
895.6361 	EXP 	New trial (rep=3, index=8): {'leftStreamFlip': True, 'oneTarget': False, 'trialInstructionPos': (0, -1), 'probe': 'both', 'rightStreamFlip': True, 'horizVert': False, 'ISIframes': 4, 'rightResponseFirst': True}
895.6590 	INFO 	numtrials=360 and this trialDurFrames=12 or 200.0 ms  task=T1
896.9432 	EXP 	window1: recordFrameIntervals = False
896.9499 	INFO 	Mouse: using default window
898.6119 	DATA 	Keypress: p
900.2274 	DATA 	Keypress: p
900.3735 	EXP 	New trial (rep=3, index=9): {'leftStreamFlip': True, 'oneTarget': False, 'trialInstructionPos': (0, -1), 'probe': 'both', 'rightStreamFlip': True, 'horizVert': False, 'ISIframes': 4, 'rightResponseFirst': False}
900.3923 	INFO 	numtrials=360 and this trialDurFrames=12 or 200.0 ms  task=T1
901.5596 	EXP 	window1: recordFrameIntervals = False
901.5666 	INFO 	Mouse: using default window
902.9950 	DATA 	Keypress: s
904.1951 	DATA 	Keypress: l
904.3517 	EXP 	New trial (rep=3, index=10): {'leftStreamFlip': True, 'oneTarget': False, 'trialInstructionPos': (0, 1), 'probe': 'both', 'rightStreamFlip': True, 'horizVert': False, 'ISIframes': 4, 'rightResponseFirst': True}
904.3768 	INFO 	numtrials=360 and this trialDurFrames=12 or 200.0 ms  task=T1
905.6096 	EXP 	window1: recordFrameIntervals = False
905.6169 	INFO 	Mouse: using default window
907.1104 	DATA 	Keypress: g
908.1787 	DATA 	Keypress: r
908.3338 	EXP 	New trial (rep=3, index=11): {'leftStreamFlip': True, 'oneTarget': False, 'trialInstructionPos': (0, 1), 'probe': 'both', 'rightStreamFlip': True, 'horizVert': False, 'ISIframes': 4, 'rightResponseFirst': False}
908.3590 	INFO 	numtrials=360 and this trialDurFrames=12 or 200.0 ms  task=T1
909.6597 	EXP 	window1: recordFrameIntervals = False
909.6669 	INFO 	Mouse: using default window
911.5103 	DATA 	Keypress: p
912.6938 	DATA 	Keypress: o
912.8346 	EXP 	New trial (rep=4, index=0): {'leftStreamFlip': True, 'oneTarget': True, 'trialInstructionPos': (0, -1), 'probe': 'both', 'rightStreamFlip': True, 'horizVert': False, 'ISIframes': 4, 'rightResponseFirst': True}
912.8591 	INFO 	numtrials=360 and this trialDurFrames=12 or 200.0 ms  task=T1
914.0096 	EXP 	window1: recordFrameIntervals = False
914.0165 	INFO 	Mouse: using default window
915.2103 	DATA 	Keypress: o
915.3488 	EXP 	New trial (rep=4, index=1): {'leftStreamFlip': True, 'oneTarget': False, 'trialInstructionPos': (0, 1), 'probe': 'both', 'rightStreamFlip': True, 'horizVert': False, 'ISIframes': 4, 'rightResponseFirst': True}
915.3593 	INFO 	numtrials=360 and this trialDurFrames=12 or 200.0 ms  task=T1
916.5430 	EXP 	window1: recordFrameIntervals = False
916.5501 	INFO 	Mouse: using default window
918.1603 	DATA 	Keypress: l
919.4120 	DATA 	Keypress: g
919.5668 	EXP 	New trial (rep=4, index=2): {'leftStreamFlip': True, 'oneTarget': False, 'trialInstructionPos': (0, 1), 'probe': 'both', 'rightStreamFlip': True, 'horizVert': False, 'ISIframes': 4, 'rightResponseFirst': True}
919.5933 	INFO 	numtrials=360 and this trialDurFrames=12 or 200.0 ms  task=T1
920.8431 	EXP 	window1: recordFrameIntervals = False
920.8508 	INFO 	Mouse: using default window
922.3604 	DATA 	Keypress: r
923.7790 	DATA 	Keypress: k
923.9342 	EXP 	New trial (rep=4, index=3): {'leftStreamFlip': True, 'oneTarget': False, 'trialInstructionPos': (0, 1), 'probe': 'both', 'rightStreamFlip': True, 'horizVert': False, 'ISIframes': 4, 'rightResponseFirst': False}
923.9599 	INFO 	numtrials=360 and this trialDurFrames=12 or 200.0 ms  task=T1
925.2431 	EXP 	window1: recordFrameIntervals = False
925.2503 	INFO 	Mouse: using default window
927.1269 	DATA 	Keypress: h
928.1770 	DATA 	Keypress: k
928.3180 	EXP 	New trial (rep=4, index=4): {'leftStreamFlip': True, 'oneTarget': True, 'trialInstructionPos': (0, 1), 'probe': 'both', 'rightStreamFlip': True, 'horizVert': False, 'ISIframes': 4, 'rightResponseFirst': True}
928.3425 	INFO 	numtrials=360 and this trialDurFrames=12 or 200.0 ms  task=T1
929.6264 	EXP 	window1: recordFrameIntervals = False
929.6336 	INFO 	Mouse: using default window
932.1440 	DATA 	Keypress: p
932.2841 	EXP 	New trial (rep=4, index=5): {'leftStreamFlip': True, 'oneTarget': False, 'trialInstructionPos': (0, 1), 'probe': 'both', 'rightStreamFlip': True, 'horizVert': False, 'ISIframes': 4, 'rightResponseFirst': False}
932.3100 	INFO 	numtrials=360 and this trialDurFrames=12 or 200.0 ms  task=T1
933.5267 	EXP 	window1: recordFrameIntervals = False
933.5338 	INFO 	Mouse: using default window
934.2770 	DATA 	Keypress: h
935.4773 	DATA 	Keypress: h
935.6165 	EXP 	New trial (rep=4, index=6): {'leftStreamFlip': True, 'oneTarget': True, 'trialInstructionPos': (0, -1), 'probe': 'both', 'rightStreamFlip': True, 'horizVert': False, 'ISIframes': 4, 'rightResponseFirst': False}
935.6433 	INFO 	numtrials=360 and this trialDurFrames=12 or 200.0 ms  task=T1
936.9930 	EXP 	window1: recordFrameIntervals = False
937.0000 	INFO 	Mouse: using default window
939.2604 	DATA 	Keypress: m
939.3987 	EXP 	New trial (rep=4, index=7): {'leftStreamFlip': True, 'oneTarget': False, 'trialInstructionPos': (0, -1), 'probe': 'both', 'rightStreamFlip': True, 'horizVert': False, 'ISIframes': 4, 'rightResponseFirst': True}
939.4094 	INFO 	numtrials=360 and this trialDurFrames=12 or 200.0 ms  task=T1
940.7433 	EXP 	window1: recordFrameIntervals = False
940.7503 	INFO 	Mouse: using default window
941.9274 	DATA 	Keypress: h
943.0441 	DATA 	Keypress: d
943.1846 	EXP 	New trial (rep=4, index=8): {'leftStreamFlip': True, 'oneTarget': True, 'trialInstructionPos': (0, 1), 'probe': 'both', 'rightStreamFlip': True, 'horizVert': False, 'ISIframes': 4, 'rightResponseFirst': False}
943.2091 	INFO 	numtrials=360 and this trialDurFrames=12 or 200.0 ms  task=T1
944.5265 	EXP 	window1: recordFrameIntervals = False
944.5356 	INFO 	Mouse: using default window
945.7605 	DATA 	Keypress: h
945.8995 	EXP 	New trial (rep=4, index=9): {'leftStreamFlip': True, 'oneTarget': False, 'trialInstructionPos': (0, -1), 'probe': 'both', 'rightStreamFlip': True, 'horizVert': False, 'ISIframes': 4, 'rightResponseFirst': False}
945.9265 	INFO 	numtrials=360 and this trialDurFrames=12 or 200.0 ms  task=T1
947.2425 	EXP 	window1: recordFrameIntervals = False
947.2494 	INFO 	Mouse: using default window
948.6771 	DATA 	Keypress: h
950.0937 	DATA 	Keypress: s
950.2339 	EXP 	New trial (rep=4, index=10): {'leftStreamFlip': True, 'oneTarget': False, 'trialInstructionPos': (0, -1), 'probe': 'both', 'rightStreamFlip': True, 'horizVert': False, 'ISIframes': 4, 'rightResponseFirst': False}
950.2589 	INFO 	numtrials=360 and this trialDurFrames=12 or 200.0 ms  task=T1
951.6091 	EXP 	window1: recordFrameIntervals = False
951.6161 	INFO 	Mouse: using default window
953.3787 	DATA 	Keypress: i
954.4771 	DATA 	Keypress: y
954.6161 	EXP 	New trial (rep=4, index=11): {'leftStreamFlip': True, 'oneTarget': False, 'trialInstructionPos': (0, -1), 'probe': 'both', 'rightStreamFlip': True, 'horizVert': False, 'ISIframes': 4, 'rightResponseFirst': True}
954.6260 	INFO 	numtrials=360 and this trialDurFrames=12 or 200.0 ms  task=T1
955.8929 	EXP 	window1: recordFrameIntervals = False
955.8994 	INFO 	Mouse: using default window
958.2937 	DATA 	Keypress: h
959.5604 	DATA 	Keypress: h
959.6998 	EXP 	New trial (rep=5, index=0): {'leftStreamFlip': True, 'oneTarget': True, 'trialInstructionPos': (0, -1), 'probe': 'both', 'rightStreamFlip': True, 'horizVert': False, 'ISIframes': 4, 'rightResponseFirst': False}
959.7258 	INFO 	numtrials=360 and this trialDurFrames=12 or 200.0 ms  task=T1
961.0763 	EXP 	window1: recordFrameIntervals = False
961.0833 	INFO 	Mouse: using default window
962.7770 	DATA 	Keypress: k
962.9162 	EXP 	New trial (rep=5, index=1): {'leftStreamFlip': True, 'oneTarget': False, 'trialInstructionPos': (0, -1), 'probe': 'both', 'rightStreamFlip': True, 'horizVert': False, 'ISIframes': 4, 'rightResponseFirst': False}
962.9261 	INFO 	numtrials=360 and this trialDurFrames=12 or 200.0 ms  task=T1
964.0431 	EXP 	window1: recordFrameIntervals = False
964.0502 	INFO 	Mouse: using default window
967.8441 	DATA 	Keypress: p
969.1940 	DATA 	Keypress: p
969.3354 	EXP 	New trial (rep=5, index=2): {'leftStreamFlip': True, 'oneTarget': False, 'trialInstructionPos': (0, 1), 'probe': 'both', 'rightStreamFlip': True, 'horizVert': False, 'ISIframes': 4, 'rightResponseFirst': False}
969.3591 	INFO 	numtrials=360 and this trialDurFrames=12 or 200.0 ms  task=T1
970.4934 	EXP 	window1: recordFrameIntervals = False
970.5003 	INFO 	Mouse: using default window
972.2604 	DATA 	Keypress: l
972.9438 	DATA 	Keypress: k
973.0858 	EXP 	New trial (rep=5, index=3): {'leftStreamFlip': True, 'oneTarget': True, 'trialInstructionPos': (0, -1), 'probe': 'both', 'rightStreamFlip': True, 'horizVert': False, 'ISIframes': 4, 'rightResponseFirst': True}
973.1091 	INFO 	numtrials=360 and this trialDurFrames=12 or 200.0 ms  task=T1
974.2598 	EXP 	window1: recordFrameIntervals = False
974.2667 	INFO 	Mouse: using default window
975.7954 	DATA 	Keypress: p
975.9504 	EXP 	New trial (rep=5, index=4): {'leftStreamFlip': True, 'oneTarget': False, 'trialInstructionPos': (0, -1), 'probe': 'both', 'rightStreamFlip': True, 'horizVert': False, 'ISIframes': 4, 'rightResponseFirst': True}
975.9765 	INFO 	numtrials=360 and this trialDurFrames=12 or 200.0 ms  task=T1
977.1598 	EXP 	window1: recordFrameIntervals = False
977.1668 	INFO 	Mouse: using default window
979.1272 	DATA 	Keypress: h
979.9772 	DATA 	Keypress: u
980.1198 	EXP 	New trial (rep=5, index=5): {'leftStreamFlip': True, 'oneTarget': False, 'trialInstructionPos': (0, 1), 'probe': 'both', 'rightStreamFlip': True, 'horizVert': False, 'ISIframes': 4, 'rightResponseFirst': True}
980.1424 	INFO 	numtrials=360 and this trialDurFrames=12 or 200.0 ms  task=T1
981.3765 	EXP 	window1: recordFrameIntervals = False
981.3835 	INFO 	Mouse: using default window
983.3953 	DATA 	Keypress: h
984.1767 	DATA 	Keypress: h
984.3169 	EXP 	New trial (rep=5, index=6): {'leftStreamFlip': True, 'oneTarget': True, 'trialInstructionPos': (0, 1), 'probe': 'both', 'rightStreamFlip': True, 'horizVert': False, 'ISIframes': 4, 'rightResponseFirst': False}
984.3423 	INFO 	numtrials=360 and this trialDurFrames=12 or 200.0 ms  task=T1
985.4932 	EXP 	window1: recordFrameIntervals = False
985.5022 	INFO 	Mouse: using default window
986.6275 	DATA 	Keypress: h
986.7690 	EXP 	New trial (rep=5, index=7): {'leftStreamFlip': True, 'oneTarget': True, 'trialInstructionPos': (0, 1), 'probe': 'both', 'rightStreamFlip': True, 'horizVert': False, 'ISIframes': 4, 'rightResponseFirst': True}
986.7924 	INFO 	numtrials=360 and this trialDurFrames=12 or 200.0 ms  task=T1
987.9932 	EXP 	window1: recordFrameIntervals = False
988.0001 	INFO 	Mouse: using default window
989.3790 	DATA 	Keypress: j
989.5327 	EXP 	New trial (rep=5, index=8): {'leftStreamFlip': True, 'oneTarget': False, 'trialInstructionPos': (0, -1), 'probe': 'both', 'rightStreamFlip': True, 'horizVert': False, 'ISIframes': 4, 'rightResponseFirst': True}
989.5428 	INFO 	numtrials=360 and this trialDurFrames=12 or 200.0 ms  task=T1
990.7099 	EXP 	window1: recordFrameIntervals = False
990.7170 	INFO 	Mouse: using default window
992.3770 	DATA 	Keypress: p
993.9437 	DATA 	Keypress: q
994.0858 	EXP 	New trial (rep=5, index=9): {'leftStreamFlip': True, 'oneTarget': False, 'trialInstructionPos': (0, 1), 'probe': 'both', 'rightStreamFlip': True, 'horizVert': False, 'ISIframes': 4, 'rightResponseFirst': False}
994.1093 	INFO 	numtrials=360 and this trialDurFrames=12 or 200.0 ms  task=T1
995.2432 	EXP 	window1: recordFrameIntervals = False
995.2503 	INFO 	Mouse: using default window
996.5773 	DATA 	Keypress: semicolon
997.5939 	DATA 	Keypress: l
998.3603 	DATA 	Keypress: r
998.5009 	EXP 	New trial (rep=5, index=10): {'leftStreamFlip': True, 'oneTarget': False, 'trialInstructionPos': (0, 1), 'probe': 'both', 'rightStreamFlip': True, 'horizVert': False, 'ISIframes': 4, 'rightResponseFirst': True}
998.5257 	INFO 	numtrials=360 and this trialDurFrames=12 or 200.0 ms  task=T1
999.7765 	EXP 	window1: recordFrameIntervals = False
999.7835 	INFO 	Mouse: using default window
1001.1103 	DATA 	Keypress: p
1002.4438 	DATA 	Keypress: q
1002.5839 	EXP 	New trial (rep=5, index=11): {'leftStreamFlip': True, 'oneTarget': False, 'trialInstructionPos': (0, -1), 'probe': 'both', 'rightStreamFlip': True, 'horizVert': False, 'ISIframes': 4, 'rightResponseFirst': False}
1002.6092 	INFO 	numtrials=360 and this trialDurFrames=12 or 200.0 ms  task=T1
1003.7425 	EXP 	window1: recordFrameIntervals = False
1003.7499 	INFO 	Mouse: using default window
1005.2272 	DATA 	Keypress: l
1005.7770 	DATA 	Keypress: y
1005.9196 	EXP 	New trial (rep=6, index=0): {'leftStreamFlip': True, 'oneTarget': True, 'trialInstructionPos': (0, 1), 'probe': 'both', 'rightStreamFlip': True, 'horizVert': False, 'ISIframes': 4, 'rightResponseFirst': True}
1005.9425 	INFO 	numtrials=360 and this trialDurFrames=12 or 200.0 ms  task=T1
1007.2097 	EXP 	window1: recordFrameIntervals = False
1007.2170 	INFO 	Mouse: using default window
1008.5789 	DATA 	Keypress: g
1008.7335 	EXP 	New trial (rep=6, index=1): {'leftStreamFlip': True, 'oneTarget': False, 'trialInstructionPos': (0, 1), 'probe': 'both', 'rightStreamFlip': True, 'horizVert': False, 'ISIframes': 4, 'rightResponseFirst': False}
1008.7592 	INFO 	numtrials=360 and this trialDurFrames=12 or 200.0 ms  task=T1
1010.0598 	EXP 	window1: recordFrameIntervals = False
1010.0670 	INFO 	Mouse: using default window
1011.8438 	DATA 	Keypress: l
1013.3954 	DATA 	Keypress: r
1013.5501 	EXP 	New trial (rep=6, index=2): {'leftStreamFlip': True, 'oneTarget': False, 'trialInstructionPos': (0, 1), 'probe': 'both', 'rightStreamFlip': True, 'horizVert': False, 'ISIframes': 4, 'rightResponseFirst': True}
1013.5600 	INFO 	numtrials=360 and this trialDurFrames=12 or 200.0 ms  task=T1
1014.9098 	EXP 	window1: recordFrameIntervals = False
1014.9168 	INFO 	Mouse: using default window
1016.7603 	DATA 	Keypress: k
1017.6104 	DATA 	Keypress: h
1017.7511 	EXP 	New trial (rep=6, index=3): {'leftStreamFlip': True, 'oneTarget': False, 'trialInstructionPos': (0, 1), 'probe': 'both', 'rightStreamFlip': True, 'horizVert': False, 'ISIframes': 4, 'rightResponseFirst': False}
1017.7757 	INFO 	numtrials=360 and this trialDurFrames=12 or 200.0 ms  task=T1
1019.0600 	EXP 	window1: recordFrameIntervals = False
1019.0667 	INFO 	Mouse: using default window
1035.5441 	DATA 	Keypress: h
1036.6277 	DATA 	Keypress: k
1036.7701 	EXP 	New trial (rep=6, index=4): {'leftStreamFlip': True, 'oneTarget': False, 'trialInstructionPos': (0, -1), 'probe': 'both', 'rightStreamFlip': True, 'horizVert': False, 'ISIframes': 4, 'rightResponseFirst': False}
1036.7925 	INFO 	numtrials=360 and this trialDurFrames=12 or 200.0 ms  task=T1
1038.0265 	EXP 	window1: recordFrameIntervals = False
1038.0337 	INFO 	Mouse: using default window
1039.2271 	DATA 	Keypress: a
1040.3103 	DATA 	Keypress: p
1040.5111 	EXP 	New trial (rep=6, index=5): {'leftStreamFlip': True, 'oneTarget': True, 'trialInstructionPos': (0, -1), 'probe': 'both', 'rightStreamFlip': True, 'horizVert': False, 'ISIframes': 4, 'rightResponseFirst': False}
1040.5267 	INFO 	numtrials=360 and this trialDurFrames=12 or 200.0 ms  task=T1
1041.8766 	EXP 	window1: recordFrameIntervals = False
1041.8835 	INFO 	Mouse: using default window
1043.1605 	DATA 	Keypress: p
1043.2995 	EXP 	New trial (rep=6, index=6): {'leftStreamFlip': True, 'oneTarget': False, 'trialInstructionPos': (0, -1), 'probe': 'both', 'rightStreamFlip': True, 'horizVert': False, 'ISIframes': 4, 'rightResponseFirst': False}
1043.3265 	INFO 	numtrials=360 and this trialDurFrames=12 or 200.0 ms  task=T1
1044.6433 	EXP 	window1: recordFrameIntervals = False
1044.6503 	INFO 	Mouse: using default window
1045.7605 	DATA 	Keypress: h
1046.6771 	DATA 	Keypress: h
1046.8176 	EXP 	New trial (rep=6, index=7): {'leftStreamFlip': True, 'oneTarget': True, 'trialInstructionPos': (0, 1), 'probe': 'both', 'rightStreamFlip': True, 'horizVert': False, 'ISIframes': 4, 'rightResponseFirst': False}
1046.8425 	INFO 	numtrials=360 and this trialDurFrames=12 or 200.0 ms  task=T1
1048.0098 	EXP 	window1: recordFrameIntervals = False
1048.0167 	INFO 	Mouse: using default window
1049.2770 	DATA 	Keypress: a
1049.4205 	EXP 	New trial (rep=6, index=8): {'leftStreamFlip': True, 'oneTarget': False, 'trialInstructionPos': (0, -1), 'probe': 'both', 'rightStreamFlip': True, 'horizVert': False, 'ISIframes': 4, 'rightResponseFirst': True}
1049.4425 	INFO 	numtrials=360 and this trialDurFrames=12 or 200.0 ms  task=T1
1050.7434 	EXP 	window1: recordFrameIntervals = False
1050.7506 	INFO 	Mouse: using default window
1051.9270 	DATA 	Keypress: p
1052.9604 	DATA 	Keypress: q
1053.1002 	EXP 	New trial (rep=6, index=9): {'leftStreamFlip': True, 'oneTarget': False, 'trialInstructionPos': (0, -1), 'probe': 'both', 'rightStreamFlip': True, 'horizVert': False, 'ISIframes': 4, 'rightResponseFirst': True}
1053.1269 	INFO 	numtrials=360 and this trialDurFrames=12 or 200.0 ms  task=T1
1054.4431 	EXP 	window1: recordFrameIntervals = False
1054.4506 	INFO 	Mouse: using default window
1055.8606 	DATA 	Keypress: j
1056.5788 	DATA 	Keypress: j
1056.7347 	EXP 	New trial (rep=6, index=10): {'leftStreamFlip': True, 'oneTarget': True, 'trialInstructionPos': (0, -1), 'probe': 'both', 'rightStreamFlip': True, 'horizVert': False, 'ISIframes': 4, 'rightResponseFirst': True}
1056.7591 	INFO 	numtrials=360 and this trialDurFrames=12 or 200.0 ms  task=T1
1057.9266 	EXP 	window1: recordFrameIntervals = False
1057.9338 	INFO 	Mouse: using default window
1058.9104 	DATA 	Keypress: w
1059.0498 	EXP 	New trial (rep=6, index=11): {'leftStreamFlip': True, 'oneTarget': False, 'trialInstructionPos': (0, 1), 'probe': 'both', 'rightStreamFlip': True, 'horizVert': False, 'ISIframes': 4, 'rightResponseFirst': True}
1059.0768 	INFO 	numtrials=360 and this trialDurFrames=12 or 200.0 ms  task=T1
1060.3272 	EXP 	window1: recordFrameIntervals = False
1060.3346 	INFO 	Mouse: using default window
1061.1772 	DATA 	Keypress: a
1061.4438 	DATA 	Keypress: u
1061.5853 	EXP 	New trial (rep=7, index=0): {'leftStreamFlip': True, 'oneTarget': False, 'trialInstructionPos': (0, 1), 'probe': 'both', 'rightStreamFlip': True, 'horizVert': False, 'ISIframes': 4, 'rightResponseFirst': True}
1061.6091 	INFO 	numtrials=360 and this trialDurFrames=12 or 200.0 ms  task=T1
1062.7432 	EXP 	window1: recordFrameIntervals = False
1062.7507 	INFO 	Mouse: using default window
1063.7771 	DATA 	Keypress: c
1064.1604 	DATA 	Keypress: l
1064.3012 	EXP 	New trial (rep=7, index=1): {'leftStreamFlip': True, 'oneTarget': False, 'trialInstructionPos': (0, -1), 'probe': 'both', 'rightStreamFlip': True, 'horizVert': False, 'ISIframes': 4, 'rightResponseFirst': False}
1064.3264 	INFO 	numtrials=360 and this trialDurFrames=12 or 200.0 ms  task=T1
1065.6599 	EXP 	window1: recordFrameIntervals = False
1065.6669 	INFO 	Mouse: using default window
1066.6120 	DATA 	Keypress: c
1067.5606 	DATA 	Keypress: l
1067.7026 	EXP 	New trial (rep=7, index=2): {'leftStreamFlip': True, 'oneTarget': False, 'trialInstructionPos': (0, 1), 'probe': 'both', 'rightStreamFlip': True, 'horizVert': False, 'ISIframes': 4, 'rightResponseFirst': False}
1067.7258 	INFO 	numtrials=360 and this trialDurFrames=12 or 200.0 ms  task=T1
1068.8931 	EXP 	window1: recordFrameIntervals = False
1068.9006 	INFO 	Mouse: using default window
1070.1440 	DATA 	Keypress: a
1070.9604 	DATA 	Keypress: a
1071.1003 	EXP 	New trial (rep=7, index=3): {'leftStreamFlip': True, 'oneTarget': False, 'trialInstructionPos': (0, -1), 'probe': 'both', 'rightStreamFlip': True, 'horizVert': False, 'ISIframes': 4, 'rightResponseFirst': False}
1071.1267 	INFO 	numtrials=360 and this trialDurFrames=12 or 200.0 ms  task=T1
1072.3598 	EXP 	window1: recordFrameIntervals = False
1072.3666 	INFO 	Mouse: using default window
1073.3772 	DATA 	Keypress: k
1073.6439 	DATA 	Keypress: s
1073.7858 	EXP 	New trial (rep=7, index=4): {'leftStreamFlip': True, 'oneTarget': True, 'trialInstructionPos': (0, -1), 'probe': 'both', 'rightStreamFlip': True, 'horizVert': False, 'ISIframes': 4, 'rightResponseFirst': False}
1073.8091 	INFO 	numtrials=360 and this trialDurFrames=12 or 200.0 ms  task=T1
1075.0765 	EXP 	window1: recordFrameIntervals = False
1075.0834 	INFO 	Mouse: using default window
1076.0280 	DATA 	Keypress: h
1076.1668 	EXP 	New trial (rep=7, index=5): {'leftStreamFlip': True, 'oneTarget': False, 'trialInstructionPos': (0, -1), 'probe': 'both', 'rightStreamFlip': True, 'horizVert': False, 'ISIframes': 4, 'rightResponseFirst': True}
1076.1935 	INFO 	numtrials=360 and this trialDurFrames=12 or 200.0 ms  task=T1
1077.3265 	EXP 	window1: recordFrameIntervals = False
1077.3334 	INFO 	Mouse: using default window
1078.5787 	DATA 	Keypress: u
1078.6938 	DATA 	Keypress: s
1078.8345 	EXP 	New trial (rep=7, index=6): {'leftStreamFlip': True, 'oneTarget': True, 'trialInstructionPos': (0, -1), 'probe': 'both', 'rightStreamFlip': True, 'horizVert': False, 'ISIframes': 4, 'rightResponseFirst': True}
1078.8592 	INFO 	numtrials=360 and this trialDurFrames=12 or 200.0 ms  task=T1
1080.1096 	EXP 	window1: recordFrameIntervals = False
1080.1170 	INFO 	Mouse: using default window
1081.5271 	DATA 	Keypress: p
1081.6690 	EXP 	New trial (rep=7, index=7): {'leftStreamFlip': True, 'oneTarget': False, 'trialInstructionPos': (0, -1), 'probe': 'both', 'rightStreamFlip': True, 'horizVert': False, 'ISIframes': 4, 'rightResponseFirst': True}
1081.6925 	INFO 	numtrials=360 and this trialDurFrames=12 or 200.0 ms  task=T1
1083.0097 	EXP 	window1: recordFrameIntervals = False
1083.0169 	INFO 	Mouse: using default window
1083.8604 	DATA 	Keypress: n
1084.6601 	DATA 	Keypress: n
1084.7991 	EXP 	New trial (rep=7, index=8): {'leftStreamFlip': True, 'oneTarget': True, 'trialInstructionPos': (0, 1), 'probe': 'both', 'rightStreamFlip': True, 'horizVert': False, 'ISIframes': 4, 'rightResponseFirst': True}
1084.8095 	INFO 	numtrials=360 and this trialDurFrames=12 or 200.0 ms  task=T1
1086.0932 	EXP 	window1: recordFrameIntervals = False
1086.1001 	INFO 	Mouse: using default window
1086.9437 	DATA 	Keypress: n
1087.0832 	EXP 	New trial (rep=7, index=9): {'leftStreamFlip': True, 'oneTarget': False, 'trialInstructionPos': (0, 1), 'probe': 'both', 'rightStreamFlip': True, 'horizVert': False, 'ISIframes': 4, 'rightResponseFirst': False}
1087.1100 	INFO 	numtrials=360 and this trialDurFrames=12 or 200.0 ms  task=T1
1088.2766 	EXP 	window1: recordFrameIntervals = False
1088.2839 	INFO 	Mouse: using default window
1090.0939 	DATA 	Keypress: z
1091.0772 	DATA 	Keypress: u
1091.2163 	EXP 	New trial (rep=7, index=10): {'leftStreamFlip': True, 'oneTarget': True, 'trialInstructionPos': (0, 1), 'probe': 'both', 'rightStreamFlip': True, 'horizVert': False, 'ISIframes': 4, 'rightResponseFirst': False}
1091.2264 	INFO 	numtrials=360 and this trialDurFrames=12 or 200.0 ms  task=T1
1092.4933 	EXP 	window1: recordFrameIntervals = False
1092.5007 	INFO 	Mouse: using default window
1093.4768 	DATA 	Keypress: u
1093.6175 	EXP 	New trial (rep=7, index=11): {'leftStreamFlip': True, 'oneTarget': False, 'trialInstructionPos': (0, 1), 'probe': 'both', 'rightStreamFlip': True, 'horizVert': False, 'ISIframes': 4, 'rightResponseFirst': True}
1093.6424 	INFO 	numtrials=360 and this trialDurFrames=12 or 200.0 ms  task=T1
1094.9597 	EXP 	window1: recordFrameIntervals = False
1094.9666 	INFO 	Mouse: using default window
1095.8772 	DATA 	Keypress: s
1096.7439 	DATA 	Keypress: s
1096.9021 	EXP 	New trial (rep=8, index=0): {'leftStreamFlip': True, 'oneTarget': False, 'trialInstructionPos': (0, 1), 'probe': 'both', 'rightStreamFlip': True, 'horizVert': False, 'ISIframes': 4, 'rightResponseFirst': True}
1096.9263 	INFO 	numtrials=360 and this trialDurFrames=12 or 200.0 ms  task=T1
1098.1433 	EXP 	window1: recordFrameIntervals = False
1098.1501 	INFO 	Mouse: using default window
1098.9788 	DATA 	Keypress: p
1099.9438 	DATA 	Keypress: s
1100.0860 	EXP 	New trial (rep=8, index=1): {'leftStreamFlip': True, 'oneTarget': True, 'trialInstructionPos': (0, -1), 'probe': 'both', 'rightStreamFlip': True, 'horizVert': False, 'ISIframes': 4, 'rightResponseFirst': False}
1100.1092 	INFO 	numtrials=360 and this trialDurFrames=12 or 200.0 ms  task=T1
1101.3765 	EXP 	window1: recordFrameIntervals = False
1101.3835 	INFO 	Mouse: using default window
1101.9440 	DATA 	Keypress: j
1102.0842 	EXP 	New trial (rep=8, index=2): {'leftStreamFlip': True, 'oneTarget': True, 'trialInstructionPos': (0, 1), 'probe': 'both', 'rightStreamFlip': True, 'horizVert': False, 'ISIframes': 4, 'rightResponseFirst': False}
1102.1093 	INFO 	numtrials=360 and this trialDurFrames=12 or 200.0 ms  task=T1
1103.2598 	EXP 	window1: recordFrameIntervals = False
1103.2666 	INFO 	Mouse: using default window
1103.6271 	DATA 	Keypress: s
1103.7671 	EXP 	New trial (rep=8, index=3): {'leftStreamFlip': True, 'oneTarget': False, 'trialInstructionPos': (0, -1), 'probe': 'both', 'rightStreamFlip': True, 'horizVert': False, 'ISIframes': 4, 'rightResponseFirst': False}
1103.7933 	INFO 	numtrials=360 and this trialDurFrames=12 or 200.0 ms  task=T1
1105.1099 	EXP 	window1: recordFrameIntervals = False
1105.1167 	INFO 	Mouse: using default window
1108.5954 	DATA 	Keypress: escape
1110.3270 	DATA 	Mouse: Left button down, pos=(1919,462)
1110.4440 	DATA 	Mouse:  Left button up, pos=(1919,460)
1112.0129 	DATA 	Mouse: Left button down, pos=(918,339)
1112.1270 	DATA 	Mouse:  Left button up, pos=(965,419)
1113.1604 	DATA 	Keypress: return
1121.8014 	DATA 	Keypress: lctrl
1121.9831 	DATA 	Keypress: lshift
1121.9833 	DATA 	Keypress: capslock
1122.3437 	DATA 	Keypress: z
1122.3640 	INFO 	Stopping at 09:28 on 10 Aug 2018
1122.3654 	ERROR 	user aborted experiment on keypress with trials done=99 of 361
1122.3880 	INFO 	Program terminating normally.
