0.6172 	WARNING 	Monitor specification not found. Creating a temporary one...
12.9855 	EXP 	Created window1 = Window(allowGUI=False, allowStencil=False, autoLog=True, bitsMode=UNKNOWN, blendMode='avg', color=array([-0.7, -0.7, -0.7]), colorSpace='rgb', fullscr=UNKNOWN, gamma=None, lms=UNKNOWN, monitor=<psychopy.monitors.calibTools.Monitor object at 0x1AC30050>, name='window1', pos=[0, 0], screen=0, size=array([1920, 1080]), stereo=False, units='deg', useFBO=False, useRetina=False, viewOri=0.0, viewPos=None, viewScale=None, waitBlanking=False, winType='pyglet')
12.9855 	INFO 	Mouse: using default window
12.9860 	EXP 	window1: units = 'norm'
13.0665 	EXP 	Created unnamed ImageStim = ImageStim(autoLog=True, color=array([ 1.,  1.,  1.]), colorSpace='rgb', contrast=1.0, depth=0, flipHoriz=False, flipVert=False, image=str(...), interpolate=False, mask=None, maskParams=None, name='unnamed ImageStim', opacity=1.0, ori=0.0, pos=array([-0.5,  0. ]), size=array([ 1.290625  ,  3.24814815]), texRes=128, units='norm', win=Window(...))
13.1412 	EXP 	Created unnamed ImageStim = ImageStim(autoLog=True, color=array([ 1.,  1.,  1.]), colorSpace='rgb', contrast=1.0, depth=0, flipHoriz=False, flipVert=False, image=str(...), interpolate=False, mask=None, maskParams=None, name='unnamed ImageStim', opacity=1.0, ori=0.0, pos=array([ 0.5,  0. ]), size=array([ 1.290625  ,  3.24814815]), texRes=128, units='norm', win=Window(...))
13.1582 	EXP 	Created OKrespZone = GratingStim(autoDraw=False, autoLog=True, color=array([ 1. ,  0.5,  0.5]), colorSpace='rgb', contrast=1.0, depth=0, interpolate=False, mask='gauss', maskParams=None, name='OKrespZone', opacity=1.0, ori=0.0, phase=array([ 0.,  0.]), pos=array([-0.2 , -0.92]), rgbPedestal=array([ 0.,  0.,  0.]), sf=array([ 0.,  0.]), size=array([ 2.3,  0.2]), tex='sin', texRes=256, units='norm', win=Window(...))
13.3021 	EXP 	unnamed ImageStim: size = (1, 2)
13.3021 	EXP 	unnamed ImageStim: size = (1, 2)
49.3352 	DATA 	Mouse: Left button down, pos=(849,55)
49.3515 	EXP 	window1: units = 'deg'
49.3517 	EXP 	window1: units = 'norm'
49.3734 	EXP 	Created OKrespZone = GratingStim(autoDraw=False, autoLog=True, color=array([ 1. ,  0.5,  0.5]), colorSpace='rgb', contrast=1.0, depth=0, interpolate=False, mask='gauss', maskParams=None, name='OKrespZone', opacity=1.0, ori=0.0, phase=array([ 0.,  0.]), pos=array([-0.2 , -0.92]), rgbPedestal=array([ 0.,  0.,  0.]), sf=array([ 0.,  0.]), size=array([ 2.3,  0.2]), tex='sin', texRes=256, units='norm', win=Window(...))
49.4537 	EXP 	Created unnamed ImageStim = ImageStim(autoLog=True, color=array([ 1.,  1.,  1.]), colorSpace='rgb', contrast=1.0, depth=0, flipHoriz=False, flipVert=False, image='abgdj\\PISandConsentForm\\consentForm.png', interpolate=False, mask=None, maskParams=None, name='unnamed ImageStim', opacity=1.0, ori=0.0, pos=array([ 0.,  0.]), size=array([ 1.3375    ,  2.97407407]), texRes=128, units='norm', win=Window(...))
49.4911 	EXP 	Created unnamed GratingStim = GratingStim(autoDraw=False, autoLog=True, color=array([ 1. ,  0.5,  0.5]), colorSpace='rgb', contrast=1.0, depth=0, interpolate=False, mask='gauss', maskParams=None, name='unnamed GratingStim', opacity=1.0, ori=0.0, phase=array([ 0.,  0.]), pos=array([-0.2 , -0.42]), rgbPedestal=array([ 0.,  0.,  0.]), sf=array([ 0.,  0.]), size=array([ 0.3,  0.2]), tex='sin', texRes=256, units='norm', win=Window(...))
49.5287 	EXP 	Created unnamed GratingStim = GratingStim(autoDraw=False, autoLog=True, color=array([ 1. ,  0.5,  0.5]), colorSpace='rgb', contrast=1.0, depth=0, interpolate=False, mask='gauss', maskParams=None, name='unnamed GratingStim', opacity=1.0, ori=0.0, phase=array([ 0.,  0.]), pos=array([ 0.1 , -0.42]), rgbPedestal=array([ 0.,  0.,  0.]), sf=array([ 0.,  0.]), size=array([ 0.3,  0.2]), tex='sin', texRes=256, units='norm', win=Window(...))
49.5503 	EXP 	Created unnamed GratingStim = GratingStim(autoDraw=False, autoLog=True, color=array([ 1. ,  0.5,  0.5]), colorSpace='rgb', contrast=1.0, depth=0, interpolate=False, mask='gauss', maskParams=None, name='unnamed GratingStim', opacity=1.0, ori=0.0, phase=array([ 0.,  0.]), pos=array([-0.2 , -0.72]), rgbPedestal=array([ 0.,  0.,  0.]), sf=array([ 0.,  0.]), size=array([ 0.3,  0.2]), tex='sin', texRes=256, units='norm', win=Window(...))
49.5712 	EXP 	Created unnamed GratingStim = GratingStim(autoDraw=False, autoLog=True, color=array([ 1. ,  0.5,  0.5]), colorSpace='rgb', contrast=1.0, depth=0, interpolate=False, mask='gauss', maskParams=None, name='unnamed GratingStim', opacity=1.0, ori=0.0, phase=array([ 0.,  0.]), pos=array([ 0.1 , -0.72]), rgbPedestal=array([ 0.,  0.,  0.]), sf=array([ 0.,  0.]), size=array([ 0.3,  0.2]), tex='sin', texRes=256, units='norm', win=Window(...))
49.5741 	DATA 	Mouse:  Left button up, pos=(849,55)
49.5791 	EXP 	unnamed ImageStim: size = (1.1, 2)
56.1187 	DATA 	Mouse: Left button down, pos=(539,737)
56.2350 	DATA 	Mouse:  Left button up, pos=(539,737)
58.4519 	DATA 	Mouse: Left button down, pos=(787,311)
58.5350 	DATA 	Mouse:  Left button up, pos=(787,311)
60.8184 	DATA 	Mouse: Left button down, pos=(782,154)
60.9016 	DATA 	Mouse:  Left button up, pos=(782,154)
62.2851 	DATA 	Mouse: Left button down, pos=(788,49)
62.3014 	EXP 	window1: units = 'deg'
62.3065 	EXP 	window1: mouseVisible = True
73.8192 	EXP 	Created window1 = Window(allowGUI=False, allowStencil=False, autoLog=True, bitsMode=UNKNOWN, blendMode='avg', color=array([-0.7, -0.7, -0.7]), colorSpace='rgb', fullscr=UNKNOWN, gamma=None, lms=UNKNOWN, monitor=<psychopy.monitors.calibTools.Monitor object at 0x1AC30050>, name='window1', pos=[0, 0], screen=0, size=array([1920, 1080]), stereo=False, units='deg', useFBO=False, useRetina=False, viewOri=0.0, viewPos=None, viewScale=None, waitBlanking=False, winType='pyglet')
78.1357 	INFO 	#[ PsychoPy2 RuntimeInfoStart ]
  #[[ PsychoPy ]] #---------
    psychopyVersion: 1.84.2
    psychopyHaveExtRush: True
  #[[ Experiment ]] #---------
    experimentAuthor: None
    experimentAuthVersion: None
    experimentRunTime: 2018_08_09 11:30 (Year_Month_Day Hour:Min)
    experimentRunTime.epoch: 1533778252
    experimentScript: psyc1002.py
    experimentScript.digestSHA1: 03993779484d600ea4c1b8cc2288f3d37a5025d5
    experimentScript.directory: U:\PSYC1002\abgdj
  #[[ System ]] #---------
    systemHaveInternetAccess: True
    systemHostName: W5FFXKG2
    systemLocale: English_United States.1252
    systemMemFreeRAM: 4181.74609375
    systemMemTotalRAM: 8076.9453125
    systemPlatform: windowsversion=sys.getwindowsversion(major=6, minor=2, build=9200, platform=2, service_pack='')
    systemPyo.InputDevices: {4: {'host api index': 2, 'latency': 0.008707483299076557, 'default sr': 44100, 'name': u'Realtek ASIO'}}
    systemPyo.OutputDevices: {0: {'host api index': 0, 'latency': 0.09000000357627869, 'default sr': 44100, 'name': u'Microsoft Sound Mapper - Output'}, 1: {'host api index': 0, 'latency': 0.09000000357627869, 'default sr': 44100, 'name': u'Speakers / Headphones (Realtek '}, 2: {'host api index': 1, 'latency': 0.11999999731779099, 'default sr': 44100, 'name': u'Primary Sound Driver'}, 3: {'host api index': 1, 'latency': 0.11999999731779099, 'default sr': 44100, 'name': u'Speakers / Headphones (Realtek High Definition Audio)'}, 4: {'host api index': 2, 'latency': 0.008707483299076557, 'default sr': 44100, 'name': u'Realtek ASIO'}, 5: {'host api index': 3, 'latency': 0.003000000026077032, 'default sr': 48000, 'name': u'Speakers / Headphones (Realtek High Definition Audio)'}}
    systemPyoVersion: 0.8.0
    systemRebooted: System Boot Time:          8/9/2018, 2:29:20 AM
    systemSec.pythonSSL: True
    systemTimeNumpySD1000000_sec: 0.0077
    systemUser: ekim3098
    systemUserID: 1000
    systemUserProcCmdPid: LabStatsUserSpace.exe dwm.exe TiWorker.exe CmRcService.exe nierserver.exe LabStatsClient.exe tagsrv.exe SearchUI.exe OneDrive.exe nipxism.exe SettingSyncHost.exe WmiPrvSE.exe niLxiDiscovery.exe SecurityHealthService.exe redirector.exe SearchProtocolHost.exe server_admin.exe pc-client.exe lkads.exe svchost.exe smartscreen.exe ni_usbmon.exe AGSService.exe System SISIDSService.exe SelfServicePlugin.exe explorer.exe smss.exe ApplicationWebServer.exe RuntimeBroker.exe acrotray.exe niauth_daemon.exe cmd.exe nidmsrv.exe Receiver.exe SISIPSService.exe lktsrv.exe lsass.exe python.exe RtkNGUI64.exe sisipsutil.exe AdobeUpdateService.exe armsvc.exe ssonsvr.exe concentr.exe nidevldu.exe taskhostw.exe ctfmon.exe RAVBg64.exe ''Memory Compression'' NIWebServiceContainer.exe nimxs.exe RtkAudioService64.exe SystemWebServer.exe tasklist.exe snowagent.exe CcmExec.exe SearchFilterHost.exe SmcGui.exe nicitdl5.exe ''System Idle Process'' services.exe niDiscSvc.exe sqlwriter.exe MSASCuiL.exe SCNotification.exe nimdnsResponder.exe server_runtime.exe sihost.exe backgroundTaskHost.exe spoolsv.exe wininit.exe winlogon.exe ShellExperienceHost.exe nidevmon.exe SearchIndexer.exe csrss.exe TrustedInstaller.exe audiodg.exe fontdrvhost.exe unsecapp.exe ccSvcHst.exe wfcrun32.exe nisvcloc.exe server_eventlog.exe lkcitdl.exe AuthManSvr.exe conhost.exe
    systemUserProcCount: 177
    systemUserProcFlagged: Explorer
    systemUsersCount: False
  #[[ Window ]] #---------
    windowWinType: pyglet
    windowWaitBlanking: False
    windowUseNativeGamma: True
    windowUnits: deg
    windowSize_pix: [1920 1080]
    windowScreen: 0
    windowRgb: [-0.7 -0.7 -0.7]
    windowRefreshTimeSD_ms: 0.135
    windowRefreshTimeMedian_ms: 16.669
    windowRefreshTimeAvg_ms: 16.672
    windowRefreshThreshold_sec: 0.0200
    windowRecordFrameIntervals: False
    windowPos_pix: [0, 0]
    windowMonitor.name: testmonitor
    windowMonitor.getWidth_cm: 57.0
    windowMonitor.getLinearizeMethod: 1
    windowMonitor.getGammaGrid: [[  0.   1.   1.  nan  nan  nan]
 [  0.   1.   1.  nan  nan  nan]
 [  0.   1.   1.  nan  nan  nan]
 [  0.   1.   1.  nan  nan  nan]]
    windowMonitor.getDistance_cm: 57.0
    windowMonitor.gammaInterpolator2: None
    windowMonitor.gammaInterpolator: None
    windowMonitor.currentCalibName: 2018_08_09 11:29
    windowIsFullScr: True
    windowHaveShaders: True
    windowAllowGUI: False
  #[[ Python ]] #---------
    pythonWxVersion: 3.0.2.0 msw (classic)
    pythonVersion: 2.7.11
    pythonScipyVersion: 0.17.1
    pythonPygletVersion: 1.2.4
    pythonPygameVersion: 1.9.2pre
    pythonNumpyVersion: 1.11.0
    pythonMatplotlibVersion: 1.5.1
    pythonFullVersion: 2.7.11 (v2.7.11:6d1b6a68f775, Dec  5 2015, 20:32:19) [MSC v.1500 32 bit (Intel)]
    pythonExecutable: C:\Program Files (x86)\PsychoPy2\python.exe
  #[[ OpenGL ]] #---------
    openGLVersion: 4.4.0 - Build 21.20.16.4627
    openGLVendor: Intel
    openGLRenderingEngine: Intel(R) HD Graphics 530
    openGLmaxVerticesInVertexArray: 1048576
    False: openGLext.GL_STEREO
    True: openGLext.GL_EXT_framebuffer_object
    True: openGLext.GL_ARB_vertex_shader
    True: openGLext.GL_ARB_texture_non_power_of_two
    True: openGLext.GL_ARB_texture_float
    True: openGLext.GL_ARB_shader_objects
    True: openGLext.GL_ARB_multitexture
    True: openGLext.GL_ARB_fragment_program
#[ PsychoPy2 RuntimeInfoEnd ]

78.1850 	EXP 	window1: recordFrameIntervals = True
79.0184 	EXP 	window1: recordFrameIntervals = False
79.0186 	INFO 	Frames per second ~=60.1, which is close enough to desired val of 60.0
79.2200 	EXP 	Created sequence: random, trialTypes=12, nReps=30, seed=None
79.3386 	INFO 	Mouse: using default window
79.3611 	EXP 	Created OKrespZone = GratingStim(autoDraw=False, autoLog=True, color=array([ 1.,  1.,  1.]), colorSpace='rgb', contrast=1.0, depth=0, interpolate=False, mask='gauss', maskParams=None, name='OKrespZone', opacity=1.0, ori=0.0, phase=array([ 0.,  0.]), pos=array([ 0.  ,  0.88]), rgbPedestal=array([ 0.,  0.,  0.]), sf=array([ 0.,  0.]), size=array([ 2. ,  0.2]), tex='sin', texRes=256, units='norm', win=Window(...))
84.1268 	DATA 	Mouse: Left button down, pos=(98,947)
84.2298 	DATA 	Mouse:  Left button up, pos=(98,947)
85.9188 	DATA 	Mouse: Left button down, pos=(126,745)
86.0379 	DATA 	Mouse:  Left button up, pos=(126,745)
90.1820 	DATA 	Mouse: Left button down, pos=(123,466)
90.2698 	DATA 	Mouse:  Left button up, pos=(123,466)
93.7821 	DATA 	Mouse: Left button down, pos=(119,188)
93.8778 	DATA 	Mouse:  Left button up, pos=(119,188)
107.3670 	DATA 	Mouse: Left button down, pos=(278,463)
107.4458 	DATA 	Mouse:  Left button up, pos=(278,463)
113.5746 	DATA 	Mouse: Left button down, pos=(310,127)
113.6457 	DATA 	Mouse:  Left button up, pos=(310,127)
121.0620 	DATA 	Mouse: Left button down, pos=(505,666)
121.1897 	DATA 	Mouse:  Left button up, pos=(505,666)
124.1179 	DATA 	Mouse: Left button down, pos=(508,51)
124.2138 	DATA 	Mouse:  Left button up, pos=(508,51)
128.4071 	DATA 	Mouse: Left button down, pos=(314,882)
128.5338 	DATA 	Mouse:  Left button up, pos=(314,882)
139.9899 	DATA 	Mouse: Left button down, pos=(531,257)
140.0857 	DATA 	Mouse:  Left button up, pos=(531,257)
148.6059 	DATA 	Mouse: Left button down, pos=(729,55)
148.6938 	DATA 	Mouse:  Left button up, pos=(729,55)
154.7264 	DATA 	Mouse: Left button down, pos=(1715,881)
154.8458 	DATA 	Mouse:  Left button up, pos=(1715,881)
159.1660 	DATA 	Mouse: Left button down, pos=(1745,674)
159.2697 	DATA 	Mouse:  Left button up, pos=(1745,674)
164.7101 	DATA 	Mouse: Left button down, pos=(974,472)
164.7978 	DATA 	Mouse:  Left button up, pos=(974,472)
167.0151 	DATA 	Mouse: Left button down, pos=(958,325)
167.1018 	DATA 	Mouse:  Left button up, pos=(958,325)
173.5820 	DATA 	Mouse: Left button down, pos=(1120,262)
173.6778 	DATA 	Mouse:  Left button up, pos=(1120,262)
186.3271 	DATA 	Mouse: Left button down, pos=(1330,537)
186.4218 	DATA 	Mouse:  Left button up, pos=(1330,537)
190.1904 	DATA 	Mouse: Left button down, pos=(1524,950)
190.3098 	DATA 	Mouse:  Left button up, pos=(1524,950)
193.9821 	DATA 	Mouse: Left button down, pos=(1169,809)
194.1018 	DATA 	Mouse:  Left button up, pos=(1169,809)
195.3340 	DATA 	Mouse: Left button down, pos=(1185,685)
195.4138 	DATA 	Mouse:  Left button up, pos=(1185,685)
201.4300 	DATA 	Mouse: Left button down, pos=(955,883)
201.5097 	DATA 	Mouse:  Left button up, pos=(955,883)
202.0461 	DATA 	Mouse: Left button down, pos=(925,740)
202.1258 	DATA 	Mouse:  Left button up, pos=(925,740)
226.5982 	DATA 	Mouse: Left button down, pos=(742,963)
226.6144 	INFO 	Experiment will have 360 trials. Letters will be drawn with superposed noise of 0.00%
226.6286 	EXP 	New trial (rep=0, index=0): {'leftStreamFlip': False, 'oneTarget': False, 'trialInstructionPos': (0, 1), 'probe': 'both', 'rightStreamFlip': False, 'horizVert': False, 'ISIframes': 2, 'rightResponseFirst': False}
226.6288 	INFO 	Starting main part of experiment
226.7025 	DATA 	Mouse:  Left button up, pos=(742,963)
227.8186 	INFO 	numtrials=360 and this trialDurFrames=28 or 466.666666667 ms  task=T1
229.8518 	EXP 	window1: recordFrameIntervals = False
229.8633 	INFO 	Mouse: using default window
233.0709 	DATA 	Keypress: m
234.8187 	DATA 	Keypress: a
235.8855 	DATA 	Keypress: e
236.0768 	EXP 	New trial (rep=0, index=1): {'leftStreamFlip': False, 'oneTarget': False, 'trialInstructionPos': (0, 1), 'probe': 'both', 'rightStreamFlip': False, 'horizVert': False, 'ISIframes': 2, 'rightResponseFirst': False}
244.3855 	DATA 	Mouse: Left button down, pos=(441,738)
244.4859 	DATA 	Mouse:  Left button up, pos=(441,738)
245.6017 	INFO 	numtrials=360 and this trialDurFrames=22 or 366.666666667 ms  task=T1
247.4019 	EXP 	window1: recordFrameIntervals = False
247.4102 	INFO 	Mouse: using default window
251.4353 	DATA 	Keypress: f
253.0855 	DATA 	Keypress: j
254.0021 	DATA 	Keypress: k
254.1462 	EXP 	New trial (rep=0, index=2): {'leftStreamFlip': False, 'oneTarget': False, 'trialInstructionPos': (0, -1), 'probe': 'both', 'rightStreamFlip': False, 'horizVert': False, 'ISIframes': 2, 'rightResponseFirst': False}
254.1684 	INFO 	numtrials=360 and this trialDurFrames=18 or 300.0 ms  task=T1
256.0185 	EXP 	window1: recordFrameIntervals = False
256.0270 	INFO 	Mouse: using default window
257.2520 	DATA 	Keypress: m
258.4859 	DATA 	Keypress: t
260.1020 	DATA 	Keypress: g
260.2430 	EXP 	New trial (rep=0, index=3): {'leftStreamFlip': False, 'oneTarget': False, 'trialInstructionPos': (0, 1), 'probe': 'both', 'rightStreamFlip': False, 'horizVert': False, 'ISIframes': 2, 'rightResponseFirst': True}
260.2513 	INFO 	numtrials=360 and this trialDurFrames=18 or 300.0 ms  task=T1
261.4852 	EXP 	window1: recordFrameIntervals = False
261.4936 	INFO 	Mouse: using default window
262.6521 	DATA 	Keypress: y
263.3688 	DATA 	Keypress: m
263.7355 	DATA 	Keypress: a
263.8800 	EXP 	New trial (rep=0, index=4): {'leftStreamFlip': False, 'oneTarget': False, 'trialInstructionPos': (0, 1), 'probe': 'both', 'rightStreamFlip': False, 'horizVert': False, 'ISIframes': 2, 'rightResponseFirst': False}
269.1854 	DATA 	Mouse: Left button down, pos=(445,736)
269.3021 	DATA 	Mouse:  Left button up, pos=(445,736)
272.2349 	INFO 	numtrials=360 and this trialDurFrames=14 or 233.333333333 ms  task=T1
273.5019 	EXP 	window1: recordFrameIntervals = False
273.5102 	INFO 	Mouse: using default window
274.9354 	DATA 	Keypress: c
275.8865 	DATA 	Keypress: j
276.3687 	DATA 	Keypress: j
276.5168 	EXP 	New trial (rep=0, index=5): {'leftStreamFlip': False, 'oneTarget': False, 'trialInstructionPos': (0, -1), 'probe': 'both', 'rightStreamFlip': False, 'horizVert': False, 'ISIframes': 2, 'rightResponseFirst': False}
276.5351 	INFO 	numtrials=360 and this trialDurFrames=4 or 66.6666666667 ms  task=T1
277.5185 	EXP 	window1: recordFrameIntervals = False
277.5269 	INFO 	Mouse: using default window
279.0854 	DATA 	Keypress: z
279.8355 	DATA 	Keypress: f
280.3021 	DATA 	Keypress: s
280.4444 	EXP 	New trial (rep=0, index=6): {'leftStreamFlip': False, 'oneTarget': False, 'trialInstructionPos': (0, -1), 'probe': 'both', 'rightStreamFlip': False, 'horizVert': False, 'ISIframes': 2, 'rightResponseFirst': True}
280.4680 	INFO 	numtrials=360 and this trialDurFrames=4 or 66.6666666667 ms  task=T1
281.6853 	EXP 	window1: recordFrameIntervals = False
281.6939 	INFO 	Mouse: using default window
282.6688 	DATA 	Keypress: n
283.6854 	DATA 	Keypress: g
284.2854 	DATA 	Keypress: t
284.4265 	EXP 	New trial (rep=0, index=7): {'leftStreamFlip': False, 'oneTarget': False, 'trialInstructionPos': (0, -1), 'probe': 'both', 'rightStreamFlip': False, 'horizVert': False, 'ISIframes': 2, 'rightResponseFirst': False}
284.4516 	INFO 	numtrials=360 and this trialDurFrames=3 or 50.0 ms  task=T1
285.5519 	EXP 	window1: recordFrameIntervals = False
285.5607 	INFO 	Mouse: using default window
287.1355 	DATA 	Keypress: f
288.3855 	DATA 	Keypress: h
289.4687 	DATA 	Keypress: c
289.6111 	EXP 	New trial (rep=0, index=8): {'leftStreamFlip': False, 'oneTarget': False, 'trialInstructionPos': (0, -1), 'probe': 'both', 'rightStreamFlip': False, 'horizVert': False, 'ISIframes': 2, 'rightResponseFirst': True}
289.6348 	INFO 	numtrials=360 and this trialDurFrames=3 or 50.0 ms  task=T1
290.6519 	EXP 	window1: recordFrameIntervals = False
290.6603 	INFO 	Mouse: using default window
298.2520 	DATA 	Keypress: o
302.5356 	DATA 	Keypress: f
302.8355 	DATA 	Keypress: h
302.9758 	EXP 	New trial (rep=0, index=9): {'leftStreamFlip': False, 'oneTarget': False, 'trialInstructionPos': (0, 1), 'probe': 'both', 'rightStreamFlip': False, 'horizVert': False, 'ISIframes': 2, 'rightResponseFirst': True}
303.0016 	INFO 	numtrials=360 and this trialDurFrames=4 or 66.6666666667 ms  task=T1
304.0855 	EXP 	window1: recordFrameIntervals = False
304.0935 	INFO 	Mouse: using default window
305.4855 	DATA 	Keypress: g
306.0190 	DATA 	Keypress: t
306.3522 	DATA 	Keypress: t
306.4937 	EXP 	New trial (rep=0, index=10): {'leftStreamFlip': False, 'oneTarget': False, 'trialInstructionPos': (0, -1), 'probe': 'both', 'rightStreamFlip': False, 'horizVert': False, 'ISIframes': 2, 'rightResponseFirst': True}
306.5183 	INFO 	numtrials=360 and this trialDurFrames=4 or 66.6666666667 ms  task=T1
307.5688 	EXP 	window1: recordFrameIntervals = False
307.5768 	INFO 	Mouse: using default window
309.1355 	DATA 	Keypress: m
309.8867 	DATA 	Keypress: n
310.5688 	DATA 	Keypress: z
310.7101 	EXP 	New trial (rep=0, index=11): {'leftStreamFlip': False, 'oneTarget': False, 'trialInstructionPos': (0, 1), 'probe': 'both', 'rightStreamFlip': False, 'horizVert': False, 'ISIframes': 2, 'rightResponseFirst': True}
310.7352 	INFO 	numtrials=360 and this trialDurFrames=3 or 50.0 ms  task=T1
311.9354 	EXP 	window1: recordFrameIntervals = False
311.9439 	INFO 	Mouse: using default window
314.2521 	DATA 	Keypress: s
315.0867 	DATA 	Keypress: z
315.5023 	DATA 	Keypress: j
315.6429 	EXP 	New trial (rep=1, index=0): {'leftStreamFlip': False, 'oneTarget': False, 'trialInstructionPos': (0, 1), 'probe': 'both', 'rightStreamFlip': False, 'horizVert': False, 'ISIframes': 2, 'rightResponseFirst': False}
315.6680 	INFO 	numtrials=360 and this trialDurFrames=4 or 66.6666666667 ms  task=T1
316.8189 	EXP 	window1: recordFrameIntervals = False
316.8277 	INFO 	Mouse: using default window
317.9854 	DATA 	Keypress: e
318.5854 	DATA 	Keypress: e
318.8688 	DATA 	Keypress: j
319.0116 	EXP 	New trial (rep=1, index=1): {'leftStreamFlip': False, 'oneTarget': False, 'trialInstructionPos': (0, -1), 'probe': 'both', 'rightStreamFlip': False, 'horizVert': False, 'ISIframes': 2, 'rightResponseFirst': False}
319.0347 	INFO 	numtrials=360 and this trialDurFrames=4 or 66.6666666667 ms  task=T1
320.0355 	EXP 	window1: recordFrameIntervals = False
320.0445 	INFO 	Mouse: using default window
321.4688 	DATA 	Keypress: f
322.1688 	DATA 	Keypress: s
322.5521 	DATA 	Keypress: f
322.6939 	EXP 	New trial (rep=1, index=2): {'leftStreamFlip': False, 'oneTarget': False, 'trialInstructionPos': (0, 1), 'probe': 'both', 'rightStreamFlip': False, 'horizVert': False, 'ISIframes': 2, 'rightResponseFirst': True}
322.7182 	INFO 	numtrials=360 and this trialDurFrames=3 or 50.0 ms  task=T1
323.8519 	EXP 	window1: recordFrameIntervals = False
323.8602 	INFO 	Mouse: using default window
325.1525 	DATA 	Keypress: g
326.0521 	DATA 	Keypress: n
326.9189 	DATA 	Keypress: h
327.0604 	EXP 	New trial (rep=1, index=3): {'leftStreamFlip': False, 'oneTarget': False, 'trialInstructionPos': (0, -1), 'probe': 'both', 'rightStreamFlip': False, 'horizVert': False, 'ISIframes': 2, 'rightResponseFirst': True}
327.0847 	INFO 	numtrials=360 and this trialDurFrames=3 or 50.0 ms  task=T1
328.0853 	EXP 	window1: recordFrameIntervals = False
328.0936 	INFO 	Mouse: using default window
331.0188 	DATA 	Keypress: h
331.3855 	DATA 	Keypress: n
331.8190 	DATA 	Keypress: g
331.9601 	EXP 	New trial (rep=1, index=4): {'leftStreamFlip': False, 'oneTarget': False, 'trialInstructionPos': (0, 1), 'probe': 'both', 'rightStreamFlip': False, 'horizVert': False, 'ISIframes': 2, 'rightResponseFirst': False}
331.9849 	INFO 	numtrials=360 and this trialDurFrames=3 or 50.0 ms  task=T1
333.1520 	EXP 	window1: recordFrameIntervals = False
333.1604 	INFO 	Mouse: using default window
334.3022 	DATA 	Keypress: r
335.0688 	DATA 	Keypress: h
335.3521 	DATA 	Keypress: c
335.4932 	EXP 	New trial (rep=1, index=5): {'leftStreamFlip': False, 'oneTarget': False, 'trialInstructionPos': (0, -1), 'probe': 'both', 'rightStreamFlip': False, 'horizVert': False, 'ISIframes': 2, 'rightResponseFirst': False}
335.5185 	INFO 	numtrials=360 and this trialDurFrames=3 or 50.0 ms  task=T1
336.6352 	EXP 	window1: recordFrameIntervals = False
336.6435 	INFO 	Mouse: using default window
337.8855 	DATA 	Keypress: u
339.2521 	DATA 	Keypress: c
339.8871 	DATA 	Keypress: n
340.0423 	EXP 	New trial (rep=1, index=6): {'leftStreamFlip': False, 'oneTarget': False, 'trialInstructionPos': (0, -1), 'probe': 'both', 'rightStreamFlip': False, 'horizVert': False, 'ISIframes': 2, 'rightResponseFirst': True}
340.0684 	INFO 	numtrials=360 and this trialDurFrames=3 or 50.0 ms  task=T1
341.2018 	EXP 	window1: recordFrameIntervals = False
341.2104 	INFO 	Mouse: using default window
343.1526 	DATA 	Keypress: s
344.2189 	DATA 	Keypress: f
344.6701 	DATA 	Keypress: g
344.8263 	EXP 	New trial (rep=1, index=7): {'leftStreamFlip': False, 'oneTarget': False, 'trialInstructionPos': (0, 1), 'probe': 'both', 'rightStreamFlip': False, 'horizVert': False, 'ISIframes': 2, 'rightResponseFirst': False}
344.8516 	INFO 	numtrials=360 and this trialDurFrames=3 or 50.0 ms  task=T1
345.9020 	EXP 	window1: recordFrameIntervals = False
345.9105 	INFO 	Mouse: using default window
347.7691 	DATA 	Keypress: s
348.6189 	DATA 	Keypress: z
348.9696 	DATA 	Keypress: a
349.1089 	EXP 	New trial (rep=1, index=8): {'leftStreamFlip': False, 'oneTarget': False, 'trialInstructionPos': (0, 1), 'probe': 'both', 'rightStreamFlip': False, 'horizVert': False, 'ISIframes': 2, 'rightResponseFirst': True}
349.1351 	INFO 	numtrials=360 and this trialDurFrames=3 or 50.0 ms  task=T1
350.2354 	EXP 	window1: recordFrameIntervals = False
350.2438 	INFO 	Mouse: using default window
351.4188 	DATA 	Keypress: c
352.3689 	DATA 	Keypress: g
352.6688 	DATA 	Keypress: a
352.8127 	EXP 	New trial (rep=1, index=9): {'leftStreamFlip': False, 'oneTarget': False, 'trialInstructionPos': (0, -1), 'probe': 'both', 'rightStreamFlip': False, 'horizVert': False, 'ISIframes': 2, 'rightResponseFirst': False}
352.8350 	INFO 	numtrials=360 and this trialDurFrames=3 or 50.0 ms  task=T1
353.8520 	EXP 	window1: recordFrameIntervals = False
353.8605 	INFO 	Mouse: using default window
355.8189 	DATA 	Keypress: z
356.5021 	DATA 	Keypress: s
356.8189 	DATA 	Keypress: k
356.9624 	EXP 	New trial (rep=1, index=10): {'leftStreamFlip': False, 'oneTarget': False, 'trialInstructionPos': (0, -1), 'probe': 'both', 'rightStreamFlip': False, 'horizVert': False, 'ISIframes': 2, 'rightResponseFirst': True}
356.9849 	INFO 	numtrials=360 and this trialDurFrames=3 or 50.0 ms  task=T1
358.0519 	EXP 	window1: recordFrameIntervals = False
358.0608 	INFO 	Mouse: using default window
359.8866 	DATA 	Keypress: s
361.0189 	DATA 	Keypress: z
361.5855 	DATA 	Keypress: s
361.7264 	EXP 	New trial (rep=1, index=11): {'leftStreamFlip': False, 'oneTarget': False, 'trialInstructionPos': (0, 1), 'probe': 'both', 'rightStreamFlip': False, 'horizVert': False, 'ISIframes': 2, 'rightResponseFirst': True}
361.7516 	INFO 	numtrials=360 and this trialDurFrames=3 or 50.0 ms  task=T1
362.8352 	EXP 	window1: recordFrameIntervals = False
362.8437 	INFO 	Mouse: using default window
364.5523 	DATA 	Keypress: y
365.7022 	DATA 	Keypress: z
365.9360 	DATA 	Keypress: k
366.0759 	EXP 	New trial (rep=2, index=0): {'leftStreamFlip': False, 'oneTarget': False, 'trialInstructionPos': (0, -1), 'probe': 'both', 'rightStreamFlip': False, 'horizVert': False, 'ISIframes': 2, 'rightResponseFirst': True}
366.1017 	INFO 	numtrials=360 and this trialDurFrames=3 or 50.0 ms  task=T1
367.2687 	EXP 	window1: recordFrameIntervals = False
367.2772 	INFO 	Mouse: using default window
369.3523 	DATA 	Keypress: g
369.9690 	DATA 	Keypress: z
370.5690 	DATA 	Keypress: j
370.7097 	EXP 	New trial (rep=2, index=1): {'leftStreamFlip': False, 'oneTarget': False, 'trialInstructionPos': (0, 1), 'probe': 'both', 'rightStreamFlip': False, 'horizVert': False, 'ISIframes': 2, 'rightResponseFirst': True}
370.7350 	INFO 	numtrials=360 and this trialDurFrames=3 or 50.0 ms  task=T1
371.8853 	EXP 	window1: recordFrameIntervals = False
371.8940 	INFO 	Mouse: using default window
373.8865 	DATA 	Keypress: e
375.9357 	DATA 	Keypress: s
376.2866 	DATA 	Keypress: z
376.4437 	EXP 	New trial (rep=2, index=2): {'leftStreamFlip': False, 'oneTarget': False, 'trialInstructionPos': (0, -1), 'probe': 'both', 'rightStreamFlip': False, 'horizVert': False, 'ISIframes': 2, 'rightResponseFirst': True}
376.4685 	INFO 	numtrials=360 and this trialDurFrames=3 or 50.0 ms  task=T1
377.6521 	EXP 	window1: recordFrameIntervals = False
377.6605 	INFO 	Mouse: using default window
379.1190 	DATA 	Keypress: s
379.8692 	DATA 	Keypress: m
380.3191 	DATA 	Keypress: k
380.4590 	EXP 	New trial (rep=2, index=3): {'leftStreamFlip': False, 'oneTarget': False, 'trialInstructionPos': (0, 1), 'probe': 'both', 'rightStreamFlip': False, 'horizVert': False, 'ISIframes': 2, 'rightResponseFirst': False}
380.4852 	INFO 	numtrials=360 and this trialDurFrames=3 or 50.0 ms  task=T1
381.5353 	EXP 	window1: recordFrameIntervals = False
381.5439 	INFO 	Mouse: using default window
383.3189 	DATA 	Keypress: j
383.7689 	DATA 	Keypress: y
385.0189 	DATA 	Keypress: y
385.1593 	EXP 	New trial (rep=2, index=4): {'leftStreamFlip': False, 'oneTarget': False, 'trialInstructionPos': (0, 1), 'probe': 'both', 'rightStreamFlip': False, 'horizVert': False, 'ISIframes': 2, 'rightResponseFirst': False}
385.1849 	INFO 	numtrials=360 and this trialDurFrames=3 or 50.0 ms  task=T1
386.3353 	EXP 	window1: recordFrameIntervals = False
386.3440 	INFO 	Mouse: using default window
388.1855 	DATA 	Keypress: e
388.9856 	DATA 	Keypress: u
389.4856 	DATA 	Keypress: r
389.6258 	EXP 	New trial (rep=2, index=5): {'leftStreamFlip': False, 'oneTarget': False, 'trialInstructionPos': (0, -1), 'probe': 'both', 'rightStreamFlip': False, 'horizVert': False, 'ISIframes': 2, 'rightResponseFirst': False}
389.6516 	INFO 	numtrials=360 and this trialDurFrames=3 or 50.0 ms  task=T1
390.6187 	EXP 	window1: recordFrameIntervals = False
390.6271 	INFO 	Mouse: using default window
393.6022 	DATA 	Keypress: f
393.8694 	DATA 	Keypress: j
394.9023 	DATA 	Keypress: j
395.0433 	EXP 	New trial (rep=2, index=6): {'leftStreamFlip': False, 'oneTarget': False, 'trialInstructionPos': (0, -1), 'probe': 'both', 'rightStreamFlip': False, 'horizVert': False, 'ISIframes': 2, 'rightResponseFirst': False}
395.0680 	INFO 	numtrials=360 and this trialDurFrames=3 or 50.0 ms  task=T1
396.0353 	EXP 	window1: recordFrameIntervals = False
396.0436 	INFO 	Mouse: using default window
397.7024 	DATA 	Keypress: c
398.1189 	DATA 	Keypress: n
399.1359 	DATA 	Keypress: s
399.2764 	EXP 	New trial (rep=2, index=7): {'leftStreamFlip': False, 'oneTarget': False, 'trialInstructionPos': (0, 1), 'probe': 'both', 'rightStreamFlip': False, 'horizVert': False, 'ISIframes': 2, 'rightResponseFirst': True}
399.3018 	INFO 	numtrials=360 and this trialDurFrames=3 or 50.0 ms  task=T1
400.2688 	EXP 	window1: recordFrameIntervals = False
400.2775 	INFO 	Mouse: using default window
401.6189 	DATA 	Keypress: s
402.3689 	DATA 	Keypress: g
402.7856 	DATA 	Keypress: s
402.9264 	EXP 	New trial (rep=2, index=8): {'leftStreamFlip': False, 'oneTarget': False, 'trialInstructionPos': (0, -1), 'probe': 'both', 'rightStreamFlip': False, 'horizVert': False, 'ISIframes': 2, 'rightResponseFirst': True}
402.9517 	INFO 	numtrials=360 and this trialDurFrames=3 or 50.0 ms  task=T1
404.0022 	EXP 	window1: recordFrameIntervals = False
404.0107 	INFO 	Mouse: using default window
404.9191 	DATA 	Keypress: r
406.2690 	DATA 	Keypress: g
406.6190 	DATA 	Keypress: c
406.7597 	EXP 	New trial (rep=2, index=9): {'leftStreamFlip': False, 'oneTarget': False, 'trialInstructionPos': (0, 1), 'probe': 'both', 'rightStreamFlip': False, 'horizVert': False, 'ISIframes': 2, 'rightResponseFirst': True}
406.7851 	INFO 	numtrials=360 and this trialDurFrames=3 or 50.0 ms  task=T1
407.8687 	EXP 	window1: recordFrameIntervals = False
407.8772 	INFO 	Mouse: using default window
409.7023 	DATA 	Keypress: z
410.7023 	DATA 	Keypress: n
412.1523 	DATA 	Keypress: c
412.2936 	EXP 	New trial (rep=2, index=10): {'leftStreamFlip': False, 'oneTarget': False, 'trialInstructionPos': (0, -1), 'probe': 'both', 'rightStreamFlip': False, 'horizVert': False, 'ISIframes': 2, 'rightResponseFirst': False}
412.3184 	INFO 	numtrials=360 and this trialDurFrames=3 or 50.0 ms  task=T1
413.4854 	EXP 	window1: recordFrameIntervals = False
413.4936 	INFO 	Mouse: using default window
418.0523 	DATA 	Keypress: o
419.9689 	DATA 	Keypress: n
420.1024 	DATA 	Keypress: a
420.2423 	EXP 	New trial (rep=2, index=11): {'leftStreamFlip': False, 'oneTarget': False, 'trialInstructionPos': (0, 1), 'probe': 'both', 'rightStreamFlip': False, 'horizVert': False, 'ISIframes': 2, 'rightResponseFirst': False}
420.2684 	INFO 	numtrials=360 and this trialDurFrames=3 or 50.0 ms  task=T1
421.3521 	EXP 	window1: recordFrameIntervals = False
421.3608 	INFO 	Mouse: using default window
422.5522 	DATA 	Keypress: r
423.0866 	DATA 	Keypress: c
423.4356 	DATA 	Keypress: a
423.5774 	EXP 	New trial (rep=3, index=0): {'leftStreamFlip': False, 'oneTarget': False, 'trialInstructionPos': (0, -1), 'probe': 'both', 'rightStreamFlip': False, 'horizVert': False, 'ISIframes': 2, 'rightResponseFirst': True}
423.6016 	INFO 	numtrials=360 and this trialDurFrames=3 or 50.0 ms  task=T1
424.8021 	EXP 	window1: recordFrameIntervals = False
424.8106 	INFO 	Mouse: using default window
427.5024 	DATA 	Keypress: n
427.9689 	DATA 	Keypress: c
428.2356 	DATA 	Keypress: r
428.3764 	EXP 	New trial (rep=3, index=1): {'leftStreamFlip': False, 'oneTarget': False, 'trialInstructionPos': (0, 1), 'probe': 'both', 'rightStreamFlip': False, 'horizVert': False, 'ISIframes': 2, 'rightResponseFirst': False}
428.4017 	INFO 	numtrials=360 and this trialDurFrames=3 or 50.0 ms  task=T1
429.4522 	EXP 	window1: recordFrameIntervals = False
429.4608 	INFO 	Mouse: using default window
430.8856 	DATA 	Keypress: u
431.2358 	DATA 	Keypress: z
431.7856 	DATA 	Keypress: s
431.9260 	EXP 	New trial (rep=3, index=2): {'leftStreamFlip': False, 'oneTarget': False, 'trialInstructionPos': (0, -1), 'probe': 'both', 'rightStreamFlip': False, 'horizVert': False, 'ISIframes': 2, 'rightResponseFirst': False}
431.9521 	INFO 	numtrials=360 and this trialDurFrames=3 or 50.0 ms  task=T1
433.0521 	EXP 	window1: recordFrameIntervals = False
433.0608 	INFO 	Mouse: using default window
434.6192 	DATA 	Keypress: n
435.0693 	DATA 	Keypress: u
436.2524 	DATA 	Keypress: j
436.3936 	EXP 	New trial (rep=3, index=3): {'leftStreamFlip': False, 'oneTarget': False, 'trialInstructionPos': (0, 1), 'probe': 'both', 'rightStreamFlip': False, 'horizVert': False, 'ISIframes': 2, 'rightResponseFirst': True}
436.4183 	INFO 	numtrials=360 and this trialDurFrames=3 or 50.0 ms  task=T1
437.5688 	EXP 	window1: recordFrameIntervals = False
437.5773 	INFO 	Mouse: using default window
439.6023 	DATA 	Keypress: c
440.3857 	DATA 	Keypress: r
440.8856 	DATA 	Keypress: u
441.0280 	EXP 	New trial (rep=3, index=4): {'leftStreamFlip': False, 'oneTarget': False, 'trialInstructionPos': (0, 1), 'probe': 'both', 'rightStreamFlip': False, 'horizVert': False, 'ISIframes': 2, 'rightResponseFirst': True}
441.0517 	INFO 	numtrials=360 and this trialDurFrames=3 or 50.0 ms  task=T1
442.2022 	EXP 	window1: recordFrameIntervals = False
442.2107 	INFO 	Mouse: using default window
443.3025 	DATA 	Keypress: z
443.8192 	DATA 	Keypress: c
444.3691 	DATA 	Keypress: s
444.5103 	EXP 	New trial (rep=3, index=5): {'leftStreamFlip': False, 'oneTarget': False, 'trialInstructionPos': (0, -1), 'probe': 'both', 'rightStreamFlip': False, 'horizVert': False, 'ISIframes': 2, 'rightResponseFirst': True}
444.5352 	INFO 	numtrials=360 and this trialDurFrames=3 or 50.0 ms  task=T1
445.6688 	EXP 	window1: recordFrameIntervals = False
445.6775 	INFO 	Mouse: using default window
447.8357 	DATA 	Keypress: j
448.6023 	DATA 	Keypress: r
449.0190 	DATA 	Keypress: s
449.1607 	EXP 	New trial (rep=3, index=6): {'leftStreamFlip': False, 'oneTarget': False, 'trialInstructionPos': (0, 1), 'probe': 'both', 'rightStreamFlip': False, 'horizVert': False, 'ISIframes': 2, 'rightResponseFirst': False}
449.1846 	INFO 	numtrials=360 and this trialDurFrames=3 or 50.0 ms  task=T1
450.3021 	EXP 	window1: recordFrameIntervals = False
450.3108 	INFO 	Mouse: using default window
451.5025 	DATA 	Keypress: s
453.0023 	DATA 	Keypress: j
453.2856 	DATA 	Keypress: y
453.4257 	EXP 	New trial (rep=3, index=7): {'leftStreamFlip': False, 'oneTarget': False, 'trialInstructionPos': (0, -1), 'probe': 'both', 'rightStreamFlip': False, 'horizVert': False, 'ISIframes': 2, 'rightResponseFirst': False}
453.4518 	INFO 	numtrials=360 and this trialDurFrames=3 or 50.0 ms  task=T1
454.5689 	EXP 	window1: recordFrameIntervals = False
454.5773 	INFO 	Mouse: using default window
455.6362 	DATA 	Keypress: s
456.7857 	DATA 	Keypress: c
457.0356 	DATA 	Keypress: a
457.1754 	EXP 	New trial (rep=3, index=8): {'leftStreamFlip': False, 'oneTarget': False, 'trialInstructionPos': (0, 1), 'probe': 'both', 'rightStreamFlip': False, 'horizVert': False, 'ISIframes': 2, 'rightResponseFirst': True}
457.2020 	INFO 	numtrials=360 and this trialDurFrames=3 or 50.0 ms  task=T1
458.3521 	EXP 	window1: recordFrameIntervals = False
458.3611 	INFO 	Mouse: using default window
463.6356 	DATA 	Keypress: g
464.1857 	DATA 	Keypress: f
464.4356 	DATA 	Keypress: u
464.5767 	EXP 	New trial (rep=3, index=9): {'leftStreamFlip': False, 'oneTarget': False, 'trialInstructionPos': (0, -1), 'probe': 'both', 'rightStreamFlip': False, 'horizVert': False, 'ISIframes': 2, 'rightResponseFirst': True}
464.6017 	INFO 	numtrials=360 and this trialDurFrames=3 or 50.0 ms  task=T1
465.7022 	EXP 	window1: recordFrameIntervals = False
465.7113 	INFO 	Mouse: using default window
468.4523 	DATA 	Keypress: z
469.2023 	DATA 	Keypress: c
469.5025 	DATA 	Keypress: t
469.6518 	EXP 	New trial (rep=3, index=10): {'leftStreamFlip': False, 'oneTarget': False, 'trialInstructionPos': (0, 1), 'probe': 'both', 'rightStreamFlip': False, 'horizVert': False, 'ISIframes': 2, 'rightResponseFirst': False}
469.6684 	INFO 	numtrials=360 and this trialDurFrames=3 or 50.0 ms  task=T1
470.8187 	EXP 	window1: recordFrameIntervals = False
470.8265 	INFO 	Mouse: using default window
472.8357 	DATA 	Keypress: c
473.6691 	DATA 	Keypress: r
474.2357 	DATA 	Keypress: h
474.3755 	EXP 	New trial (rep=3, index=11): {'leftStreamFlip': False, 'oneTarget': False, 'trialInstructionPos': (0, -1), 'probe': 'both', 'rightStreamFlip': False, 'horizVert': False, 'ISIframes': 2, 'rightResponseFirst': False}
474.4019 	INFO 	numtrials=360 and this trialDurFrames=3 or 50.0 ms  task=T1
475.4855 	EXP 	window1: recordFrameIntervals = False
475.4940 	INFO 	Mouse: using default window
477.2190 	DATA 	Keypress: g
479.0690 	DATA 	Keypress: p
479.2024 	DATA 	Keypress: a
479.3433 	EXP 	New trial (rep=4, index=0): {'leftStreamFlip': False, 'oneTarget': False, 'trialInstructionPos': (0, -1), 'probe': 'both', 'rightStreamFlip': False, 'horizVert': False, 'ISIframes': 2, 'rightResponseFirst': False}
479.3686 	INFO 	numtrials=360 and this trialDurFrames=3 or 50.0 ms  task=T1
480.4356 	EXP 	window1: recordFrameIntervals = False
480.4440 	INFO 	Mouse: using default window
481.4706 	DATA 	Keypress: s
482.4693 	DATA 	Keypress: y
484.0859 	DATA 	Keypress: c
484.2264 	EXP 	New trial (rep=4, index=1): {'leftStreamFlip': False, 'oneTarget': False, 'trialInstructionPos': (0, 1), 'probe': 'both', 'rightStreamFlip': False, 'horizVert': False, 'ISIframes': 2, 'rightResponseFirst': True}
484.2521 	INFO 	numtrials=360 and this trialDurFrames=3 or 50.0 ms  task=T1
485.4522 	EXP 	window1: recordFrameIntervals = False
485.4608 	INFO 	Mouse: using default window
486.7192 	DATA 	Keypress: r
487.9025 	DATA 	Keypress: c
488.4192 	DATA 	Keypress: z
488.5598 	EXP 	New trial (rep=4, index=2): {'leftStreamFlip': False, 'oneTarget': False, 'trialInstructionPos': (0, -1), 'probe': 'both', 'rightStreamFlip': False, 'horizVert': False, 'ISIframes': 2, 'rightResponseFirst': True}
488.5855 	INFO 	numtrials=360 and this trialDurFrames=3 or 50.0 ms  task=T1
489.7189 	EXP 	window1: recordFrameIntervals = False
489.7271 	INFO 	Mouse: using default window
492.6358 	DATA 	Keypress: k
493.7191 	DATA 	Keypress: z
494.2869 	DATA 	Keypress: c
494.4436 	EXP 	New trial (rep=4, index=3): {'leftStreamFlip': False, 'oneTarget': False, 'trialInstructionPos': (0, 1), 'probe': 'both', 'rightStreamFlip': False, 'horizVert': False, 'ISIframes': 2, 'rightResponseFirst': True}
494.4684 	INFO 	numtrials=360 and this trialDurFrames=3 or 50.0 ms  task=T1
495.5357 	EXP 	window1: recordFrameIntervals = False
495.5445 	INFO 	Mouse: using default window
499.8702 	DATA 	Keypress: f
500.3025 	DATA 	Keypress: s
500.6190 	DATA 	Keypress: p
500.7598 	EXP 	New trial (rep=4, index=4): {'leftStreamFlip': False, 'oneTarget': False, 'trialInstructionPos': (0, 1), 'probe': 'both', 'rightStreamFlip': False, 'horizVert': False, 'ISIframes': 2, 'rightResponseFirst': True}
500.7854 	INFO 	numtrials=360 and this trialDurFrames=3 or 50.0 ms  task=T1
501.7521 	EXP 	window1: recordFrameIntervals = False
501.7607 	INFO 	Mouse: using default window
503.4023 	DATA 	Keypress: t
505.7358 	DATA 	Keypress: r
505.9524 	DATA 	Keypress: u
506.0926 	EXP 	New trial (rep=4, index=5): {'leftStreamFlip': False, 'oneTarget': False, 'trialInstructionPos': (0, 1), 'probe': 'both', 'rightStreamFlip': False, 'horizVert': False, 'ISIframes': 2, 'rightResponseFirst': False}
506.1188 	INFO 	numtrials=360 and this trialDurFrames=3 or 50.0 ms  task=T1
507.2522 	EXP 	window1: recordFrameIntervals = False
507.2605 	INFO 	Mouse: using default window
508.4860 	DATA 	Keypress: m
509.4024 	DATA 	Keypress: k
509.9697 	DATA 	Keypress: g
510.1096 	EXP 	New trial (rep=4, index=6): {'leftStreamFlip': False, 'oneTarget': False, 'trialInstructionPos': (0, -1), 'probe': 'both', 'rightStreamFlip': False, 'horizVert': False, 'ISIframes': 2, 'rightResponseFirst': True}
510.1353 	INFO 	numtrials=360 and this trialDurFrames=3 or 50.0 ms  task=T1
511.2022 	EXP 	window1: recordFrameIntervals = False
511.2104 	INFO 	Mouse: using default window
512.3192 	DATA 	Keypress: c
513.5358 	DATA 	Keypress: a
514.6024 	DATA 	Keypress: g
514.7431 	EXP 	New trial (rep=4, index=7): {'leftStreamFlip': False, 'oneTarget': False, 'trialInstructionPos': (0, 1), 'probe': 'both', 'rightStreamFlip': False, 'horizVert': False, 'ISIframes': 2, 'rightResponseFirst': False}
514.7687 	INFO 	numtrials=360 and this trialDurFrames=3 or 50.0 ms  task=T1
515.8523 	EXP 	window1: recordFrameIntervals = False
515.8603 	INFO 	Mouse: using default window
517.8359 	DATA 	Keypress: g
518.2025 	DATA 	Keypress: e
518.8524 	DATA 	Keypress: z
518.9927 	EXP 	New trial (rep=4, index=8): {'leftStreamFlip': False, 'oneTarget': False, 'trialInstructionPos': (0, -1), 'probe': 'both', 'rightStreamFlip': False, 'horizVert': False, 'ISIframes': 2, 'rightResponseFirst': True}
519.0189 	INFO 	numtrials=360 and this trialDurFrames=3 or 50.0 ms  task=T1
520.1856 	EXP 	window1: recordFrameIntervals = False
520.1941 	INFO 	Mouse: using default window
521.9026 	DATA 	Keypress: g
522.2358 	DATA 	Keypress: e
522.6024 	DATA 	Keypress: z
522.7438 	EXP 	New trial (rep=4, index=9): {'leftStreamFlip': False, 'oneTarget': False, 'trialInstructionPos': (0, -1), 'probe': 'both', 'rightStreamFlip': False, 'horizVert': False, 'ISIframes': 2, 'rightResponseFirst': False}
522.7686 	INFO 	numtrials=360 and this trialDurFrames=3 or 50.0 ms  task=T1
523.8524 	EXP 	window1: recordFrameIntervals = False
523.8612 	INFO 	Mouse: using default window
525.4024 	DATA 	Keypress: j
526.0024 	DATA 	Keypress: a
526.2525 	DATA 	Keypress: g
526.3932 	EXP 	New trial (rep=4, index=10): {'leftStreamFlip': False, 'oneTarget': False, 'trialInstructionPos': (0, 1), 'probe': 'both', 'rightStreamFlip': False, 'horizVert': False, 'ISIframes': 2, 'rightResponseFirst': False}
526.4188 	INFO 	numtrials=360 and this trialDurFrames=3 or 50.0 ms  task=T1
527.3855 	EXP 	window1: recordFrameIntervals = False
527.3938 	INFO 	Mouse: using default window
528.9859 	DATA 	Keypress: g
529.4707 	DATA 	Keypress: u
529.6691 	DATA 	Keypress: r
529.8105 	EXP 	New trial (rep=4, index=11): {'leftStreamFlip': False, 'oneTarget': False, 'trialInstructionPos': (0, -1), 'probe': 'both', 'rightStreamFlip': False, 'horizVert': False, 'ISIframes': 2, 'rightResponseFirst': False}
529.8353 	INFO 	numtrials=360 and this trialDurFrames=3 or 50.0 ms  task=T1
531.0189 	EXP 	window1: recordFrameIntervals = False
531.0274 	INFO 	Mouse: using default window
532.7525 	DATA 	Keypress: c
533.1691 	DATA 	Keypress: s
533.3525 	DATA 	Keypress: u
533.4930 	EXP 	New trial (rep=5, index=0): {'leftStreamFlip': False, 'oneTarget': False, 'trialInstructionPos': (0, 1), 'probe': 'both', 'rightStreamFlip': False, 'horizVert': False, 'ISIframes': 2, 'rightResponseFirst': False}
533.5186 	INFO 	numtrials=360 and this trialDurFrames=3 or 50.0 ms  task=T1
534.6694 	EXP 	window1: recordFrameIntervals = False
534.6774 	INFO 	Mouse: using default window
537.4358 	DATA 	Keypress: u
537.8860 	DATA 	Keypress: t
538.1524 	DATA 	Keypress: m
538.2931 	EXP 	New trial (rep=5, index=1): {'leftStreamFlip': False, 'oneTarget': False, 'trialInstructionPos': (0, 1), 'probe': 'both', 'rightStreamFlip': False, 'horizVert': False, 'ISIframes': 2, 'rightResponseFirst': True}
538.3186 	INFO 	numtrials=360 and this trialDurFrames=3 or 50.0 ms  task=T1
539.4689 	EXP 	window1: recordFrameIntervals = False
539.4771 	INFO 	Mouse: using default window
541.5360 	DATA 	Keypress: s
541.9691 	DATA 	Keypress: f
542.4358 	DATA 	Keypress: m
542.5816 	EXP 	New trial (rep=5, index=2): {'leftStreamFlip': False, 'oneTarget': False, 'trialInstructionPos': (0, 1), 'probe': 'both', 'rightStreamFlip': False, 'horizVert': False, 'ISIframes': 2, 'rightResponseFirst': False}
542.6020 	INFO 	numtrials=360 and this trialDurFrames=3 or 50.0 ms  task=T1
543.7026 	EXP 	window1: recordFrameIntervals = False
543.7108 	INFO 	Mouse: using default window
545.9198 	DATA 	Keypress: k
546.0526 	DATA 	Keypress: r
546.2193 	DATA 	Keypress: u
546.3597 	EXP 	New trial (rep=5, index=3): {'leftStreamFlip': False, 'oneTarget': False, 'trialInstructionPos': (0, -1), 'probe': 'both', 'rightStreamFlip': False, 'horizVert': False, 'ISIframes': 2, 'rightResponseFirst': False}
546.3847 	INFO 	numtrials=360 and this trialDurFrames=3 or 50.0 ms  task=T1
547.4692 	EXP 	window1: recordFrameIntervals = False
547.4771 	INFO 	Mouse: using default window
548.6701 	DATA 	Keypress: a
551.5858 	DATA 	Keypress: r
551.8362 	DATA 	Keypress: m
551.9763 	EXP 	New trial (rep=5, index=4): {'leftStreamFlip': False, 'oneTarget': False, 'trialInstructionPos': (0, 1), 'probe': 'both', 'rightStreamFlip': False, 'horizVert': False, 'ISIframes': 2, 'rightResponseFirst': True}
552.0019 	INFO 	numtrials=360 and this trialDurFrames=3 or 50.0 ms  task=T1
553.0024 	EXP 	window1: recordFrameIntervals = False
553.0108 	INFO 	Mouse: using default window
554.4693 	DATA 	Keypress: j
554.9525 	DATA 	Keypress: s
555.7691 	DATA 	Keypress: s
555.9102 	EXP 	New trial (rep=5, index=5): {'leftStreamFlip': False, 'oneTarget': False, 'trialInstructionPos': (0, -1), 'probe': 'both', 'rightStreamFlip': False, 'horizVert': False, 'ISIframes': 2, 'rightResponseFirst': False}
555.9354 	INFO 	numtrials=360 and this trialDurFrames=3 or 50.0 ms  task=T1
557.0689 	EXP 	window1: recordFrameIntervals = False
557.0771 	INFO 	Mouse: using default window
558.3525 	DATA 	Keypress: j
559.1859 	DATA 	Keypress: s
559.6691 	DATA 	Keypress: f
559.8131 	EXP 	New trial (rep=5, index=6): {'leftStreamFlip': False, 'oneTarget': False, 'trialInstructionPos': (0, 1), 'probe': 'both', 'rightStreamFlip': False, 'horizVert': False, 'ISIframes': 2, 'rightResponseFirst': False}
559.8350 	INFO 	numtrials=360 and this trialDurFrames=3 or 50.0 ms  task=T1
560.9023 	EXP 	window1: recordFrameIntervals = False
560.9110 	INFO 	Mouse: using default window
562.2693 	DATA 	Keypress: r
562.8192 	DATA 	Keypress: y
563.2525 	DATA 	Keypress: s
563.3934 	EXP 	New trial (rep=5, index=7): {'leftStreamFlip': False, 'oneTarget': False, 'trialInstructionPos': (0, -1), 'probe': 'both', 'rightStreamFlip': False, 'horizVert': False, 'ISIframes': 2, 'rightResponseFirst': True}
563.4185 	INFO 	numtrials=360 and this trialDurFrames=3 or 50.0 ms  task=T1
564.3859 	EXP 	window1: recordFrameIntervals = False
564.3939 	INFO 	Mouse: using default window
565.3030 	DATA 	Keypress: a
565.8860 	DATA 	Keypress: f
566.1693 	DATA 	Keypress: t
566.3096 	EXP 	New trial (rep=5, index=8): {'leftStreamFlip': False, 'oneTarget': False, 'trialInstructionPos': (0, 1), 'probe': 'both', 'rightStreamFlip': False, 'horizVert': False, 'ISIframes': 2, 'rightResponseFirst': True}
566.3353 	INFO 	numtrials=360 and this trialDurFrames=3 or 50.0 ms  task=T1
567.4024 	EXP 	window1: recordFrameIntervals = False
567.4105 	INFO 	Mouse: using default window
568.7029 	DATA 	Keypress: a
569.3692 	DATA 	Keypress: y
569.6358 	DATA 	Keypress: k
569.7752 	EXP 	New trial (rep=5, index=9): {'leftStreamFlip': False, 'oneTarget': False, 'trialInstructionPos': (0, -1), 'probe': 'both', 'rightStreamFlip': False, 'horizVert': False, 'ISIframes': 2, 'rightResponseFirst': True}
569.8020 	INFO 	numtrials=360 and this trialDurFrames=3 or 50.0 ms  task=T1
570.7691 	EXP 	window1: recordFrameIntervals = False
570.7775 	INFO 	Mouse: using default window
572.5357 	DATA 	Keypress: f
573.3191 	DATA 	Keypress: y
573.7193 	DATA 	Keypress: z
573.8602 	EXP 	New trial (rep=5, index=10): {'leftStreamFlip': False, 'oneTarget': False, 'trialInstructionPos': (0, -1), 'probe': 'both', 'rightStreamFlip': False, 'horizVert': False, 'ISIframes': 2, 'rightResponseFirst': True}
573.8855 	INFO 	numtrials=360 and this trialDurFrames=3 or 50.0 ms  task=T1
574.9691 	EXP 	window1: recordFrameIntervals = False
574.9776 	INFO 	Mouse: using default window
577.1858 	DATA 	Keypress: z
577.8869 	DATA 	Keypress: p
578.1192 	DATA 	Keypress: j
578.2607 	EXP 	New trial (rep=5, index=11): {'leftStreamFlip': False, 'oneTarget': False, 'trialInstructionPos': (0, -1), 'probe': 'both', 'rightStreamFlip': False, 'horizVert': False, 'ISIframes': 2, 'rightResponseFirst': False}
578.2852 	INFO 	numtrials=360 and this trialDurFrames=3 or 50.0 ms  task=T1
579.4858 	EXP 	window1: recordFrameIntervals = False
579.4942 	INFO 	Mouse: using default window
580.5859 	DATA 	Keypress: e
581.1859 	DATA 	Keypress: k
582.5859 	DATA 	Keypress: f
582.7262 	EXP 	New trial (rep=6, index=0): {'leftStreamFlip': False, 'oneTarget': False, 'trialInstructionPos': (0, 1), 'probe': 'both', 'rightStreamFlip': False, 'horizVert': False, 'ISIframes': 2, 'rightResponseFirst': True}
582.7517 	INFO 	numtrials=360 and this trialDurFrames=3 or 50.0 ms  task=T1
583.7522 	EXP 	window1: recordFrameIntervals = False
583.7601 	INFO 	Mouse: using default window
584.6861 	DATA 	Keypress: u
585.0721 	DATA 	Keypress: s
585.3360 	DATA 	Keypress: m
585.4746 	EXP 	New trial (rep=6, index=1): {'leftStreamFlip': False, 'oneTarget': False, 'trialInstructionPos': (0, -1), 'probe': 'both', 'rightStreamFlip': False, 'horizVert': False, 'ISIframes': 2, 'rightResponseFirst': False}
585.5018 	INFO 	numtrials=360 and this trialDurFrames=3 or 50.0 ms  task=T1
586.6191 	EXP 	window1: recordFrameIntervals = False
586.6278 	INFO 	Mouse: using default window
589.5525 	DATA 	Keypress: y
590.3525 	DATA 	Keypress: m
590.9858 	DATA 	Keypress: j
591.1255 	EXP 	New trial (rep=6, index=2): {'leftStreamFlip': False, 'oneTarget': False, 'trialInstructionPos': (0, -1), 'probe': 'both', 'rightStreamFlip': False, 'horizVert': False, 'ISIframes': 2, 'rightResponseFirst': True}
591.1520 	INFO 	numtrials=360 and this trialDurFrames=3 or 50.0 ms  task=T1
592.1858 	EXP 	window1: recordFrameIntervals = False
592.1946 	INFO 	Mouse: using default window
593.1525 	DATA 	Keypress: t
593.7525 	DATA 	Keypress: n
593.9194 	DATA 	Keypress: s
594.0594 	EXP 	New trial (rep=6, index=3): {'leftStreamFlip': False, 'oneTarget': False, 'trialInstructionPos': (0, -1), 'probe': 'both', 'rightStreamFlip': False, 'horizVert': False, 'ISIframes': 2, 'rightResponseFirst': True}
594.0854 	INFO 	numtrials=360 and this trialDurFrames=3 or 50.0 ms  task=T1
595.2195 	EXP 	window1: recordFrameIntervals = False
595.2272 	INFO 	Mouse: using default window
596.0192 	DATA 	Keypress: y
597.6358 	DATA 	Keypress: y
597.8367 	DATA 	Keypress: y
597.9787 	EXP 	New trial (rep=6, index=4): {'leftStreamFlip': False, 'oneTarget': False, 'trialInstructionPos': (0, 1), 'probe': 'both', 'rightStreamFlip': False, 'horizVert': False, 'ISIframes': 2, 'rightResponseFirst': True}
598.0019 	INFO 	numtrials=360 and this trialDurFrames=4 or 66.6666666667 ms  task=T1
599.1691 	EXP 	window1: recordFrameIntervals = False
599.1773 	INFO 	Mouse: using default window
600.0858 	DATA 	Keypress: j
600.5693 	DATA 	Keypress: a
600.7859 	DATA 	Keypress: u
600.9266 	EXP 	New trial (rep=6, index=5): {'leftStreamFlip': False, 'oneTarget': False, 'trialInstructionPos': (0, -1), 'probe': 'both', 'rightStreamFlip': False, 'horizVert': False, 'ISIframes': 2, 'rightResponseFirst': True}
600.9523 	INFO 	numtrials=360 and this trialDurFrames=4 or 66.6666666667 ms  task=T1
602.0526 	EXP 	window1: recordFrameIntervals = False
602.0608 	INFO 	Mouse: using default window
602.9525 	DATA 	Keypress: u
603.4026 	DATA 	Keypress: n
603.6526 	DATA 	Keypress: s
603.7926 	EXP 	New trial (rep=6, index=6): {'leftStreamFlip': False, 'oneTarget': False, 'trialInstructionPos': (0, 1), 'probe': 'both', 'rightStreamFlip': False, 'horizVert': False, 'ISIframes': 2, 'rightResponseFirst': False}
603.8187 	INFO 	numtrials=360 and this trialDurFrames=3 or 50.0 ms  task=T1
604.9857 	EXP 	window1: recordFrameIntervals = False
604.9939 	INFO 	Mouse: using default window
605.8360 	DATA 	Keypress: h
606.5359 	DATA 	Keypress: g
606.8526 	DATA 	Keypress: s
606.9929 	EXP 	New trial (rep=6, index=7): {'leftStreamFlip': False, 'oneTarget': False, 'trialInstructionPos': (0, -1), 'probe': 'both', 'rightStreamFlip': False, 'horizVert': False, 'ISIframes': 2, 'rightResponseFirst': False}
607.0189 	INFO 	numtrials=360 and this trialDurFrames=3 or 50.0 ms  task=T1
608.1523 	EXP 	window1: recordFrameIntervals = False
608.1610 	INFO 	Mouse: using default window
609.4193 	DATA 	Keypress: t
609.8372 	DATA 	Keypress: r
610.2692 	DATA 	Keypress: g
610.4096 	EXP 	New trial (rep=6, index=8): {'leftStreamFlip': False, 'oneTarget': False, 'trialInstructionPos': (0, 1), 'probe': 'both', 'rightStreamFlip': False, 'horizVert': False, 'ISIframes': 2, 'rightResponseFirst': False}
610.4353 	INFO 	numtrials=360 and this trialDurFrames=3 or 50.0 ms  task=T1
611.5690 	EXP 	window1: recordFrameIntervals = False
611.5776 	INFO 	Mouse: using default window
612.3526 	DATA 	Keypress: j
613.1031 	DATA 	Keypress: s
613.4359 	DATA 	Keypress: u
613.5763 	EXP 	New trial (rep=6, index=9): {'leftStreamFlip': False, 'oneTarget': False, 'trialInstructionPos': (0, 1), 'probe': 'both', 'rightStreamFlip': False, 'horizVert': False, 'ISIframes': 2, 'rightResponseFirst': False}
613.6020 	INFO 	numtrials=360 and this trialDurFrames=3 or 50.0 ms  task=T1
614.6858 	EXP 	window1: recordFrameIntervals = False
614.6940 	INFO 	Mouse: using default window
616.5694 	DATA 	Keypress: z
617.3361 	DATA 	Keypress: m
617.5193 	DATA 	Keypress: j
617.6598 	EXP 	New trial (rep=6, index=10): {'leftStreamFlip': False, 'oneTarget': False, 'trialInstructionPos': (0, -1), 'probe': 'both', 'rightStreamFlip': False, 'horizVert': False, 'ISIframes': 2, 'rightResponseFirst': False}
617.6853 	INFO 	numtrials=360 and this trialDurFrames=3 or 50.0 ms  task=T1
618.6857 	EXP 	window1: recordFrameIntervals = False
618.6938 	INFO 	Mouse: using default window
620.8193 	DATA 	Keypress: s
621.8025 	DATA 	Keypress: z
622.2193 	DATA 	Keypress: r
622.3592 	EXP 	New trial (rep=6, index=11): {'leftStreamFlip': False, 'oneTarget': False, 'trialInstructionPos': (0, 1), 'probe': 'both', 'rightStreamFlip': False, 'horizVert': False, 'ISIframes': 2, 'rightResponseFirst': True}
622.3852 	INFO 	numtrials=360 and this trialDurFrames=4 or 66.6666666667 ms  task=T1
623.5524 	EXP 	window1: recordFrameIntervals = False
623.5606 	INFO 	Mouse: using default window
624.5525 	DATA 	Keypress: r
625.2193 	DATA 	Keypress: c
625.8195 	DATA 	Keypress: y
625.9598 	EXP 	New trial (rep=7, index=0): {'leftStreamFlip': False, 'oneTarget': False, 'trialInstructionPos': (0, 1), 'probe': 'both', 'rightStreamFlip': False, 'horizVert': False, 'ISIframes': 2, 'rightResponseFirst': True}
625.9850 	INFO 	numtrials=360 and this trialDurFrames=4 or 66.6666666667 ms  task=T1
627.0525 	EXP 	window1: recordFrameIntervals = False
627.0607 	INFO 	Mouse: using default window
627.7360 	DATA 	Keypress: t
628.4860 	DATA 	Keypress: m
628.6703 	DATA 	Keypress: a
628.8256 	EXP 	New trial (rep=7, index=1): {'leftStreamFlip': False, 'oneTarget': False, 'trialInstructionPos': (0, -1), 'probe': 'both', 'rightStreamFlip': False, 'horizVert': False, 'ISIframes': 2, 'rightResponseFirst': True}
628.8521 	INFO 	numtrials=360 and this trialDurFrames=3 or 50.0 ms  task=T1
630.0024 	EXP 	window1: recordFrameIntervals = False
630.0113 	INFO 	Mouse: using default window
631.4697 	DATA 	Keypress: m
632.1526 	DATA 	Keypress: a
632.3028 	DATA 	Keypress: g
632.4440 	EXP 	New trial (rep=7, index=2): {'leftStreamFlip': False, 'oneTarget': False, 'trialInstructionPos': (0, -1), 'probe': 'both', 'rightStreamFlip': False, 'horizVert': False, 'ISIframes': 2, 'rightResponseFirst': True}
632.4684 	INFO 	numtrials=360 and this trialDurFrames=3 or 50.0 ms  task=T1
633.4857 	EXP 	window1: recordFrameIntervals = False
633.4938 	INFO 	Mouse: using default window
634.2869 	DATA 	Keypress: a
635.4193 	DATA 	Keypress: m
635.7526 	DATA 	Keypress: a
635.8928 	EXP 	New trial (rep=7, index=3): {'leftStreamFlip': False, 'oneTarget': False, 'trialInstructionPos': (0, 1), 'probe': 'both', 'rightStreamFlip': False, 'horizVert': False, 'ISIframes': 2, 'rightResponseFirst': False}
635.9188 	INFO 	numtrials=360 and this trialDurFrames=3 or 50.0 ms  task=T1
636.9024 	EXP 	window1: recordFrameIntervals = False
636.9112 	INFO 	Mouse: using default window
637.7028 	DATA 	Keypress: z
638.1025 	DATA 	Keypress: u
638.4525 	DATA 	Keypress: s
638.5938 	EXP 	New trial (rep=7, index=4): {'leftStreamFlip': False, 'oneTarget': False, 'trialInstructionPos': (0, 1), 'probe': 'both', 'rightStreamFlip': False, 'horizVert': False, 'ISIframes': 2, 'rightResponseFirst': True}
638.6185 	INFO 	numtrials=360 and this trialDurFrames=3 or 50.0 ms  task=T1
639.7024 	EXP 	window1: recordFrameIntervals = False
639.7106 	INFO 	Mouse: using default window
640.8359 	DATA 	Keypress: c
641.5361 	DATA 	Keypress: c
641.7861 	DATA 	Keypress: n
641.9267 	EXP 	New trial (rep=7, index=5): {'leftStreamFlip': False, 'oneTarget': False, 'trialInstructionPos': (0, -1), 'probe': 'both', 'rightStreamFlip': False, 'horizVert': False, 'ISIframes': 2, 'rightResponseFirst': True}
641.9520 	INFO 	numtrials=360 and this trialDurFrames=3 or 50.0 ms  task=T1
642.9692 	EXP 	window1: recordFrameIntervals = False
642.9776 	INFO 	Mouse: using default window
644.0695 	DATA 	Keypress: e
644.6194 	DATA 	Keypress: m
644.7859 	DATA 	Keypress: e
644.9264 	EXP 	New trial (rep=7, index=6): {'leftStreamFlip': False, 'oneTarget': False, 'trialInstructionPos': (0, -1), 'probe': 'both', 'rightStreamFlip': False, 'horizVert': False, 'ISIframes': 2, 'rightResponseFirst': False}
644.9520 	INFO 	numtrials=360 and this trialDurFrames=3 or 50.0 ms  task=T1
645.9692 	EXP 	window1: recordFrameIntervals = False
645.9776 	INFO 	Mouse: using default window
646.6360 	DATA 	Keypress: a
647.2193 	DATA 	Keypress: m
647.5030 	DATA 	Keypress: a
647.6417 	EXP 	New trial (rep=7, index=7): {'leftStreamFlip': False, 'oneTarget': False, 'trialInstructionPos': (0, 1), 'probe': 'both', 'rightStreamFlip': False, 'horizVert': False, 'ISIframes': 2, 'rightResponseFirst': False}
647.6688 	INFO 	numtrials=360 and this trialDurFrames=3 or 50.0 ms  task=T1
648.6857 	EXP 	window1: recordFrameIntervals = False
648.6942 	INFO 	Mouse: using default window
650.5861 	DATA 	Keypress: g
651.0693 	DATA 	Keypress: h
651.3369 	DATA 	Keypress: h
651.4795 	EXP 	New trial (rep=7, index=8): {'leftStreamFlip': False, 'oneTarget': False, 'trialInstructionPos': (0, -1), 'probe': 'both', 'rightStreamFlip': False, 'horizVert': False, 'ISIframes': 2, 'rightResponseFirst': False}
651.5021 	INFO 	numtrials=360 and this trialDurFrames=3 or 50.0 ms  task=T1
652.5523 	EXP 	window1: recordFrameIntervals = False
652.5608 	INFO 	Mouse: using default window
654.2867 	DATA 	Keypress: z
654.6362 	DATA 	Keypress: u
654.9860 	DATA 	Keypress: e
655.1255 	EXP 	New trial (rep=7, index=9): {'leftStreamFlip': False, 'oneTarget': False, 'trialInstructionPos': (0, 1), 'probe': 'both', 'rightStreamFlip': False, 'horizVert': False, 'ISIframes': 2, 'rightResponseFirst': False}
655.1522 	INFO 	numtrials=360 and this trialDurFrames=3 or 50.0 ms  task=T1
656.2524 	EXP 	window1: recordFrameIntervals = False
656.2613 	INFO 	Mouse: using default window
657.6859 	DATA 	Keypress: g
658.3696 	DATA 	Keypress: e
658.5359 	DATA 	Keypress: n
658.6763 	EXP 	New trial (rep=7, index=10): {'leftStreamFlip': False, 'oneTarget': False, 'trialInstructionPos': (0, 1), 'probe': 'both', 'rightStreamFlip': False, 'horizVert': False, 'ISIframes': 2, 'rightResponseFirst': True}
658.7021 	INFO 	numtrials=360 and this trialDurFrames=3 or 50.0 ms  task=T1
659.7190 	EXP 	window1: recordFrameIntervals = False
659.7273 	INFO 	Mouse: using default window
660.3694 	DATA 	Keypress: a
662.0527 	DATA 	Keypress: m
662.2860 	DATA 	Keypress: a
662.4266 	EXP 	New trial (rep=7, index=11): {'leftStreamFlip': False, 'oneTarget': False, 'trialInstructionPos': (0, -1), 'probe': 'both', 'rightStreamFlip': False, 'horizVert': False, 'ISIframes': 2, 'rightResponseFirst': False}
662.4520 	INFO 	numtrials=360 and this trialDurFrames=3 or 50.0 ms  task=T1
663.4695 	EXP 	window1: recordFrameIntervals = False
663.4773 	INFO 	Mouse: using default window
664.8859 	DATA 	Keypress: a
665.8193 	DATA 	Keypress: u
666.0526 	DATA 	Keypress: m
666.1931 	EXP 	New trial (rep=8, index=0): {'leftStreamFlip': False, 'oneTarget': False, 'trialInstructionPos': (0, -1), 'probe': 'both', 'rightStreamFlip': False, 'horizVert': False, 'ISIframes': 2, 'rightResponseFirst': True}
666.2184 	INFO 	numtrials=360 and this trialDurFrames=3 or 50.0 ms  task=T1
667.3524 	EXP 	window1: recordFrameIntervals = False
667.3613 	INFO 	Mouse: using default window
668.7362 	DATA 	Keypress: e
669.2526 	DATA 	Keypress: k
669.6526 	DATA 	Keypress: s
669.7934 	EXP 	New trial (rep=8, index=1): {'leftStreamFlip': False, 'oneTarget': False, 'trialInstructionPos': (0, -1), 'probe': 'both', 'rightStreamFlip': False, 'horizVert': False, 'ISIframes': 2, 'rightResponseFirst': True}
669.8187 	INFO 	numtrials=360 and this trialDurFrames=3 or 50.0 ms  task=T1
671.0191 	EXP 	window1: recordFrameIntervals = False
671.0271 	INFO 	Mouse: using default window
672.6861 	DATA 	Keypress: s
673.0194 	DATA 	Keypress: j
673.5029 	DATA 	Keypress: j
673.6418 	EXP 	New trial (rep=8, index=2): {'leftStreamFlip': False, 'oneTarget': False, 'trialInstructionPos': (0, 1), 'probe': 'both', 'rightStreamFlip': False, 'horizVert': False, 'ISIframes': 2, 'rightResponseFirst': True}
673.6522 	INFO 	numtrials=360 and this trialDurFrames=3 or 50.0 ms  task=T1
674.6524 	EXP 	window1: recordFrameIntervals = False
674.6606 	INFO 	Mouse: using default window
676.1695 	DATA 	Keypress: g
677.0526 	DATA 	Keypress: s
677.2026 	DATA 	Keypress: g
677.3436 	EXP 	New trial (rep=8, index=3): {'leftStreamFlip': False, 'oneTarget': False, 'trialInstructionPos': (0, 1), 'probe': 'both', 'rightStreamFlip': False, 'horizVert': False, 'ISIframes': 2, 'rightResponseFirst': False}
677.3686 	INFO 	numtrials=360 and this trialDurFrames=3 or 50.0 ms  task=T1
678.3692 	EXP 	window1: recordFrameIntervals = False
678.3776 	INFO 	Mouse: using default window
679.6031 	DATA 	Keypress: r
680.3859 	DATA 	Keypress: t
680.7693 	DATA 	Keypress: a
680.9099 	EXP 	New trial (rep=8, index=4): {'leftStreamFlip': False, 'oneTarget': False, 'trialInstructionPos': (0, -1), 'probe': 'both', 'rightStreamFlip': False, 'horizVert': False, 'ISIframes': 2, 'rightResponseFirst': False}
680.9353 	INFO 	numtrials=360 and this trialDurFrames=3 or 50.0 ms  task=T1
682.1024 	EXP 	window1: recordFrameIntervals = False
682.1106 	INFO 	Mouse: using default window
684.9862 	DATA 	Keypress: z
685.5365 	DATA 	Keypress: n
685.9694 	DATA 	Keypress: c
686.1100 	EXP 	New trial (rep=8, index=5): {'leftStreamFlip': False, 'oneTarget': False, 'trialInstructionPos': (0, 1), 'probe': 'both', 'rightStreamFlip': False, 'horizVert': False, 'ISIframes': 2, 'rightResponseFirst': True}
686.1357 	INFO 	numtrials=360 and this trialDurFrames=3 or 50.0 ms  task=T1
687.2192 	EXP 	window1: recordFrameIntervals = False
687.2278 	INFO 	Mouse: using default window
688.1694 	DATA 	Keypress: s
688.6196 	DATA 	Keypress: c
689.2693 	DATA 	Keypress: y
689.4208 	EXP 	New trial (rep=8, index=6): {'leftStreamFlip': False, 'oneTarget': False, 'trialInstructionPos': (0, 1), 'probe': 'both', 'rightStreamFlip': False, 'horizVert': False, 'ISIframes': 2, 'rightResponseFirst': False}
689.4352 	INFO 	numtrials=360 and this trialDurFrames=3 or 50.0 ms  task=T1
690.5691 	EXP 	window1: recordFrameIntervals = False
690.5779 	INFO 	Mouse: using default window
691.4528 	DATA 	Keypress: z
693.2527 	DATA 	Keypress: u
693.4702 	DATA 	Keypress: c
693.6257 	EXP 	New trial (rep=8, index=7): {'leftStreamFlip': False, 'oneTarget': False, 'trialInstructionPos': (0, -1), 'probe': 'both', 'rightStreamFlip': False, 'horizVert': False, 'ISIframes': 2, 'rightResponseFirst': False}
693.6514 	INFO 	numtrials=360 and this trialDurFrames=3 or 50.0 ms  task=T1
694.6191 	EXP 	window1: recordFrameIntervals = False
694.6274 	INFO 	Mouse: using default window
696.5026 	DATA 	Keypress: z
697.1693 	DATA 	Keypress: u
697.4528 	DATA 	Keypress: e
697.5934 	EXP 	New trial (rep=8, index=8): {'leftStreamFlip': False, 'oneTarget': False, 'trialInstructionPos': (0, 1), 'probe': 'both', 'rightStreamFlip': False, 'horizVert': False, 'ISIframes': 2, 'rightResponseFirst': True}
697.6189 	INFO 	numtrials=360 and this trialDurFrames=3 or 50.0 ms  task=T1
698.6025 	EXP 	window1: recordFrameIntervals = False
698.6107 	INFO 	Mouse: using default window
699.7194 	DATA 	Keypress: n
700.8027 	DATA 	Keypress: z
701.0706 	DATA 	Keypress: e
701.2285 	EXP 	New trial (rep=8, index=9): {'leftStreamFlip': False, 'oneTarget': False, 'trialInstructionPos': (0, -1), 'probe': 'both', 'rightStreamFlip': False, 'horizVert': False, 'ISIframes': 2, 'rightResponseFirst': True}
701.2524 	INFO 	numtrials=360 and this trialDurFrames=3 or 50.0 ms  task=T1
702.3193 	EXP 	window1: recordFrameIntervals = False
702.3276 	INFO 	Mouse: using default window
709.7360 	DATA 	Keypress: lctrl
710.7362 	DATA 	Keypress: lshift
711.1860 	DATA 	Keypress: z
711.2053 	INFO 	Stopping at 11:41 on 09 Aug 2018
711.2073 	ERROR 	user aborted experiment on keypress with trials done=105 of 361
711.2254 	INFO 	Program terminating normally.
