0.5652 	WARNING 	Monitor specification not found. Creating a temporary one...
12.2814 	EXP 	Created window1 = Window(allowGUI=False, allowStencil=False, autoLog=True, bitsMode=UNKNOWN, blendMode='avg', color=array([-0.7, -0.7, -0.7]), colorSpace='rgb', fullscr=UNKNOWN, gamma=None, lms=UNKNOWN, monitor=<psychopy.monitors.calibTools.Monitor object at 0x1AA64050>, name='window1', pos=[0, 0], screen=0, size=array([1920, 1080]), stereo=False, units='deg', useFBO=False, useRetina=False, viewOri=0.0, viewPos=None, viewScale=None, waitBlanking=False, winType='pyglet')
12.2815 	INFO 	Mouse: using default window
12.2821 	EXP 	window1: units = 'norm'
12.3616 	EXP 	Created unnamed ImageStim = ImageStim(autoLog=True, color=array([ 1.,  1.,  1.]), colorSpace='rgb', contrast=1.0, depth=0, flipHoriz=False, flipVert=False, image=str(...), interpolate=False, mask=None, maskParams=None, name='unnamed ImageStim', opacity=1.0, ori=0.0, pos=array([-0.5,  0. ]), size=array([ 1.290625  ,  3.24814815]), texRes=128, units='norm', win=Window(...))
12.4395 	EXP 	Created unnamed ImageStim = ImageStim(autoLog=True, color=array([ 1.,  1.,  1.]), colorSpace='rgb', contrast=1.0, depth=0, flipHoriz=False, flipVert=False, image=str(...), interpolate=False, mask=None, maskParams=None, name='unnamed ImageStim', opacity=1.0, ori=0.0, pos=array([ 0.5,  0. ]), size=array([ 1.290625  ,  3.24814815]), texRes=128, units='norm', win=Window(...))
12.4570 	EXP 	Created OKrespZone = GratingStim(autoDraw=False, autoLog=True, color=array([ 1. ,  0.5,  0.5]), colorSpace='rgb', contrast=1.0, depth=0, interpolate=False, mask='gauss', maskParams=None, name='OKrespZone', opacity=1.0, ori=0.0, phase=array([ 0.,  0.]), pos=array([-0.2 , -0.92]), rgbPedestal=array([ 0.,  0.,  0.]), sf=array([ 0.,  0.]), size=array([ 2.3,  0.2]), tex='sin', texRes=256, units='norm', win=Window(...))
12.6057 	EXP 	unnamed ImageStim: size = (1, 2)
12.6057 	EXP 	unnamed ImageStim: size = (1, 2)
68.9497 	DATA 	Mouse: Left button down, pos=(783,51)
68.9651 	EXP 	window1: units = 'deg'
68.9654 	EXP 	window1: units = 'norm'
68.9882 	EXP 	Created OKrespZone = GratingStim(autoDraw=False, autoLog=True, color=array([ 1. ,  0.5,  0.5]), colorSpace='rgb', contrast=1.0, depth=0, interpolate=False, mask='gauss', maskParams=None, name='OKrespZone', opacity=1.0, ori=0.0, phase=array([ 0.,  0.]), pos=array([-0.2 , -0.92]), rgbPedestal=array([ 0.,  0.,  0.]), sf=array([ 0.,  0.]), size=array([ 2.3,  0.2]), tex='sin', texRes=256, units='norm', win=Window(...))
69.0726 	EXP 	Created unnamed ImageStim = ImageStim(autoLog=True, color=array([ 1.,  1.,  1.]), colorSpace='rgb', contrast=1.0, depth=0, flipHoriz=False, flipVert=False, image='abgdj\\PISandConsentForm\\consentForm.png', interpolate=False, mask=None, maskParams=None, name='unnamed ImageStim', opacity=1.0, ori=0.0, pos=array([ 0.,  0.]), size=array([ 1.3375    ,  2.97407407]), texRes=128, units='norm', win=Window(...))
69.1103 	EXP 	Created unnamed GratingStim = GratingStim(autoDraw=False, autoLog=True, color=array([ 1. ,  0.5,  0.5]), colorSpace='rgb', contrast=1.0, depth=0, interpolate=False, mask='gauss', maskParams=None, name='unnamed GratingStim', opacity=1.0, ori=0.0, phase=array([ 0.,  0.]), pos=array([-0.2 , -0.42]), rgbPedestal=array([ 0.,  0.,  0.]), sf=array([ 0.,  0.]), size=array([ 0.3,  0.2]), tex='sin', texRes=256, units='norm', win=Window(...))
69.1508 	EXP 	Created unnamed GratingStim = GratingStim(autoDraw=False, autoLog=True, color=array([ 1. ,  0.5,  0.5]), colorSpace='rgb', contrast=1.0, depth=0, interpolate=False, mask='gauss', maskParams=None, name='unnamed GratingStim', opacity=1.0, ori=0.0, phase=array([ 0.,  0.]), pos=array([ 0.1 , -0.42]), rgbPedestal=array([ 0.,  0.,  0.]), sf=array([ 0.,  0.]), size=array([ 0.3,  0.2]), tex='sin', texRes=256, units='norm', win=Window(...))
69.1732 	EXP 	Created unnamed GratingStim = GratingStim(autoDraw=False, autoLog=True, color=array([ 1. ,  0.5,  0.5]), colorSpace='rgb', contrast=1.0, depth=0, interpolate=False, mask='gauss', maskParams=None, name='unnamed GratingStim', opacity=1.0, ori=0.0, phase=array([ 0.,  0.]), pos=array([-0.2 , -0.72]), rgbPedestal=array([ 0.,  0.,  0.]), sf=array([ 0.,  0.]), size=array([ 0.3,  0.2]), tex='sin', texRes=256, units='norm', win=Window(...))
69.1951 	EXP 	Created unnamed GratingStim = GratingStim(autoDraw=False, autoLog=True, color=array([ 1. ,  0.5,  0.5]), colorSpace='rgb', contrast=1.0, depth=0, interpolate=False, mask='gauss', maskParams=None, name='unnamed GratingStim', opacity=1.0, ori=0.0, phase=array([ 0.,  0.]), pos=array([ 0.1 , -0.72]), rgbPedestal=array([ 0.,  0.,  0.]), sf=array([ 0.,  0.]), size=array([ 0.3,  0.2]), tex='sin', texRes=256, units='norm', win=Window(...))
69.1980 	DATA 	Mouse:  Left button up, pos=(783,51)
69.2037 	EXP 	unnamed ImageStim: size = (1.1, 2)
90.9146 	DATA 	Mouse: Left button down, pos=(761,327)
91.0483 	DATA 	Mouse:  Left button up, pos=(761,327)
96.4841 	DATA 	Mouse: Left button down, pos=(771,150)
96.5821 	DATA 	Mouse:  Left button up, pos=(771,150)
97.5816 	DATA 	Mouse: Left button down, pos=(773,40)
97.5979 	EXP 	window1: units = 'deg'
97.6042 	EXP 	window1: mouseVisible = True
115.2990 	EXP 	Created window1 = Window(allowGUI=False, allowStencil=False, autoLog=True, bitsMode=UNKNOWN, blendMode='avg', color=array([-0.7, -0.7, -0.7]), colorSpace='rgb', fullscr=UNKNOWN, gamma=None, lms=UNKNOWN, monitor=<psychopy.monitors.calibTools.Monitor object at 0x1AA64050>, name='window1', pos=[0, 0], screen=0, size=array([1920, 1080]), stereo=False, units='deg', useFBO=False, useRetina=False, viewOri=0.0, viewPos=None, viewScale=None, waitBlanking=False, winType='pyglet')
121.5662 	INFO 	#[ PsychoPy2 RuntimeInfoStart ]
  #[[ PsychoPy ]] #---------
    psychopyVersion: 1.84.2
    psychopyHaveExtRush: True
  #[[ Experiment ]] #---------
    experimentAuthor: None
    experimentAuthVersion: None
    experimentRunTime: 2018_08_08 14:05 (Year_Month_Day Hour:Min)
    experimentRunTime.epoch: 1533701136
    experimentScript: psyc1002.py
    experimentScript.digestSHA1: 03993779484d600ea4c1b8cc2288f3d37a5025d5
    experimentScript.directory: U:\PSYC1002\abgdj
  #[[ System ]] #---------
    systemHaveInternetAccess: True
    systemHostName: W5FF4LG2
    systemLocale: English_United States.1252
    systemMemFreeRAM: 4152.12890625
    systemMemTotalRAM: 8076.9453125
    systemPlatform: windowsversion=sys.getwindowsversion(major=6, minor=2, build=9200, platform=2, service_pack='')
    systemPyo.InputDevices: {4: {'host api index': 2, 'latency': 0.008707483299076557, 'default sr': 44100, 'name': u'Realtek ASIO'}}
    systemPyo.OutputDevices: {0: {'host api index': 0, 'latency': 0.09000000357627869, 'default sr': 44100, 'name': u'Microsoft Sound Mapper - Output'}, 1: {'host api index': 0, 'latency': 0.09000000357627869, 'default sr': 44100, 'name': u'Speakers / Headphones (Realtek '}, 2: {'host api index': 1, 'latency': 0.11999999731779099, 'default sr': 44100, 'name': u'Primary Sound Driver'}, 3: {'host api index': 1, 'latency': 0.11999999731779099, 'default sr': 44100, 'name': u'Speakers / Headphones (Realtek High Definition Audio)'}, 4: {'host api index': 2, 'latency': 0.008707483299076557, 'default sr': 44100, 'name': u'Realtek ASIO'}, 5: {'host api index': 3, 'latency': 0.003000000026077032, 'default sr': 48000, 'name': u'Speakers / Headphones (Realtek High Definition Audio)'}}
    systemPyoVersion: 0.8.0
    systemRebooted: System Boot Time:          8/7/2018, 2:04:21 AM
    systemSec.pythonSSL: True
    systemTimeNumpySD1000000_sec: 0.0074
    systemUser: emwu7456
    systemUserID: 1000
    systemUserProcCmdPid: LabStatsUserSpace.exe dwm.exe TiWorker.exe CmRcService.exe nierserver.exe LabStatsClient.exe tagsrv.exe SearchUI.exe OneDrive.exe nipxism.exe SettingSyncHost.exe TrustedInstaller.exe niLxiDiscovery.exe SecurityHealthService.exe redirector.exe SearchProtocolHost.exe server_admin.exe fontdrvhost.exe lkads.exe svchost.exe smartscreen.exe ni_usbmon.exe JKIUpdate.exe AGSService.exe System SISIDSService.exe SelfServicePlugin.exe explorer.exe smss.exe ApplicationWebServer.exe RuntimeBroker.exe acrotray.exe niauth_daemon.exe cmd.exe nidmsrv.exe Receiver.exe SISIPSService.exe lktsrv.exe lsass.exe python.exe RtkNGUI64.exe sisipsutil.exe AdobeUpdateService.exe armsvc.exe ssonsvr.exe concentr.exe nidevldu.exe taskhostw.exe ctfmon.exe RAVBg64.exe ''Memory Compression'' NIWebServiceContainer.exe nimxs.exe RtkAudioService64.exe SystemWebServer.exe tasklist.exe snowagent.exe CcmExec.exe SearchFilterHost.exe SmcGui.exe nicitdl5.exe services.exe niDiscSvc.exe sqlwriter.exe MSASCuiL.exe SCNotification.exe nimdnsResponder.exe server_runtime.exe sihost.exe backgroundTaskHost.exe spoolsv.exe wininit.exe winlogon.exe ShellExperienceHost.exe nidevmon.exe SearchIndexer.exe csrss.exe WmiPrvSE.exe audiodg.exe pc-client.exe unsecapp.exe ccSvcHst.exe wfcrun32.exe nisvcloc.exe server_eventlog.exe lkcitdl.exe AuthManSvr.exe conhost.exe
    systemUserProcCount: 178
    systemUserProcFlagged: Explorer
    systemUsersCount: False
  #[[ Window ]] #---------
    windowWinType: pyglet
    windowWaitBlanking: False
    windowUseNativeGamma: True
    windowUnits: deg
    windowSize_pix: [1920 1080]
    windowScreen: 0
    windowRgb: [-0.7 -0.7 -0.7]
    windowRefreshTimeSD_ms: 0.345
    windowRefreshTimeMedian_ms: 16.721
    windowRefreshTimeAvg_ms: 16.654
    windowRefreshThreshold_sec: 0.0200
    windowRecordFrameIntervals: False
    windowPos_pix: [0, 0]
    windowMonitor.name: testmonitor
    windowMonitor.getWidth_cm: 57.0
    windowMonitor.getLinearizeMethod: 1
    windowMonitor.getGammaGrid: [[  0.   1.   1.  nan  nan  nan]
 [  0.   1.   1.  nan  nan  nan]
 [  0.   1.   1.  nan  nan  nan]
 [  0.   1.   1.  nan  nan  nan]]
    windowMonitor.getDistance_cm: 57.0
    windowMonitor.gammaInterpolator2: None
    windowMonitor.gammaInterpolator: None
    windowMonitor.currentCalibName: 2018_08_08 14:03
    windowIsFullScr: True
    windowHaveShaders: True
    windowAllowGUI: False
  #[[ Python ]] #---------
    pythonWxVersion: 3.0.2.0 msw (classic)
    pythonVersion: 2.7.11
    pythonScipyVersion: 0.17.1
    pythonPygletVersion: 1.2.4
    pythonPygameVersion: 1.9.2pre
    pythonNumpyVersion: 1.11.0
    pythonMatplotlibVersion: 1.5.1
    pythonFullVersion: 2.7.11 (v2.7.11:6d1b6a68f775, Dec  5 2015, 20:32:19) [MSC v.1500 32 bit (Intel)]
    pythonExecutable: C:\Program Files (x86)\PsychoPy2\python.exe
  #[[ OpenGL ]] #---------
    openGLVersion: 4.4.0 - Build 21.20.16.4627
    openGLVendor: Intel
    openGLRenderingEngine: Intel(R) HD Graphics 530
    openGLmaxVerticesInVertexArray: 1048576
    False: openGLext.GL_STEREO
    True: openGLext.GL_EXT_framebuffer_object
    True: openGLext.GL_ARB_vertex_shader
    True: openGLext.GL_ARB_texture_non_power_of_two
    True: openGLext.GL_ARB_texture_float
    True: openGLext.GL_ARB_shader_objects
    True: openGLext.GL_ARB_multitexture
    True: openGLext.GL_ARB_fragment_program
#[ PsychoPy2 RuntimeInfoEnd ]

121.6149 	EXP 	window1: recordFrameIntervals = True
122.4492 	EXP 	window1: recordFrameIntervals = False
122.4502 	INFO 	Frames per second ~=59.9, which is close enough to desired val of 60.0
122.6595 	EXP 	Created sequence: random, trialTypes=12, nReps=30, seed=None
122.7800 	INFO 	Mouse: using default window
122.8040 	EXP 	Created OKrespZone = GratingStim(autoDraw=False, autoLog=True, color=array([ 1.,  1.,  1.]), colorSpace='rgb', contrast=1.0, depth=0, interpolate=False, mask='gauss', maskParams=None, name='OKrespZone', opacity=1.0, ori=0.0, phase=array([ 0.,  0.]), pos=array([ 0.  ,  0.88]), rgbPedestal=array([ 0.,  0.,  0.]), sf=array([ 0.,  0.]), size=array([ 2. ,  0.2]), tex='sin', texRes=256, units='norm', win=Window(...))
130.1629 	DATA 	Mouse: Left button down, pos=(135,958)
130.2257 	DATA 	Mouse:  Left button up, pos=(135,958)
146.0273 	DATA 	Mouse: Left button down, pos=(1755,670)
146.1137 	DATA 	Mouse:  Left button up, pos=(1755,670)
154.1477 	DATA 	Mouse: Left button down, pos=(126,190)
154.2258 	DATA 	Mouse:  Left button up, pos=(124,187)
183.2832 	DATA 	Mouse: Left button down, pos=(933,670)
183.3539 	DATA 	Mouse:  Left button up, pos=(933,670)
189.8827 	DATA 	Mouse: Left button down, pos=(1137,661)
189.9369 	DATA 	Mouse:  Left button up, pos=(1137,661)
202.0348 	DATA 	Mouse: Left button down, pos=(1364,746)
202.1299 	DATA 	Mouse:  Left button up, pos=(1364,746)
226.3154 	DATA 	Mouse: Left button down, pos=(120,463)
226.4019 	DATA 	Mouse:  Left button up, pos=(120,464)
230.9240 	DATA 	Mouse: Left button down, pos=(116,614)
231.0179 	DATA 	Mouse:  Left button up, pos=(116,613)
310.2601 	DATA 	Mouse: Left button down, pos=(1740,740)
310.3381 	DATA 	Mouse:  Left button up, pos=(1740,740)
333.6043 	DATA 	Mouse: Left button down, pos=(171,401)
333.6276 	INFO 	Experiment will have 360 trials. Letters will be drawn with superposed noise of 0.00%
333.6434 	EXP 	New trial (rep=0, index=0): {'leftStreamFlip': False, 'oneTarget': False, 'trialInstructionPos': (0, 1), 'probe': 'both', 'rightStreamFlip': False, 'horizVert': True, 'ISIframes': 3, 'rightResponseFirst': True}
333.6435 	INFO 	Starting main part of experiment
333.6994 	DATA 	Mouse:  Left button up, pos=(171,401)
334.8494 	INFO 	numtrials=360 and this trialDurFrames=41 or 683.333333333 ms  task=T1
336.9997 	EXP 	window1: recordFrameIntervals = False
337.0180 	INFO 	Mouse: using default window
349.9165 	DATA 	Keypress: m
357.8169 	DATA 	Keypress: y
357.9885 	EXP 	New trial (rep=0, index=1): {'leftStreamFlip': False, 'oneTarget': True, 'trialInstructionPos': (0, 1), 'probe': 'both', 'rightStreamFlip': False, 'horizVert': True, 'ISIframes': 3, 'rightResponseFirst': True}
367.4987 	INFO 	numtrials=360 and this trialDurFrames=32 or 533.333333333 ms  task=T1
369.6835 	EXP 	window1: recordFrameIntervals = False
369.6938 	INFO 	Mouse: using default window
372.0669 	DATA 	Keypress: a
372.2123 	EXP 	New trial (rep=0, index=2): {'leftStreamFlip': False, 'oneTarget': False, 'trialInstructionPos': (0, -1), 'probe': 'both', 'rightStreamFlip': False, 'horizVert': True, 'ISIframes': 3, 'rightResponseFirst': False}
372.2327 	INFO 	numtrials=360 and this trialDurFrames=26 or 433.333333333 ms  task=T1
374.1993 	EXP 	window1: recordFrameIntervals = False
374.2089 	INFO 	Mouse: using default window
377.3339 	DATA 	Keypress: c
379.1336 	DATA 	Keypress: z
379.2826 	EXP 	New trial (rep=0, index=3): {'leftStreamFlip': False, 'oneTarget': True, 'trialInstructionPos': (0, -1), 'probe': 'both', 'rightStreamFlip': False, 'horizVert': True, 'ISIframes': 3, 'rightResponseFirst': False}
379.2987 	INFO 	numtrials=360 and this trialDurFrames=26 or 433.333333333 ms  task=T1
380.7504 	EXP 	window1: recordFrameIntervals = False
380.7704 	INFO 	Mouse: using default window
383.6670 	DATA 	Keypress: j
383.8090 	EXP 	New trial (rep=0, index=4): {'leftStreamFlip': False, 'oneTarget': False, 'trialInstructionPos': (0, -1), 'probe': 'both', 'rightStreamFlip': False, 'horizVert': True, 'ISIframes': 3, 'rightResponseFirst': False}
388.6330 	DATA 	Keypress: space
388.6663 	INFO 	numtrials=360 and this trialDurFrames=20 or 333.333333333 ms  task=T1
389.9337 	EXP 	window1: recordFrameIntervals = False
389.9485 	INFO 	Mouse: using default window
392.3664 	DATA 	Keypress: r
393.4831 	DATA 	Keypress: m
393.6309 	EXP 	New trial (rep=0, index=5): {'leftStreamFlip': False, 'oneTarget': True, 'trialInstructionPos': (0, 1), 'probe': 'both', 'rightStreamFlip': False, 'horizVert': True, 'ISIframes': 3, 'rightResponseFirst': False}
393.6481 	INFO 	numtrials=360 and this trialDurFrames=5 or 83.3333333333 ms  task=T1
394.7667 	EXP 	window1: recordFrameIntervals = False
394.7785 	INFO 	Mouse: using default window
397.2197 	DATA 	Keypress: m
397.3796 	EXP 	New trial (rep=0, index=6): {'leftStreamFlip': False, 'oneTarget': True, 'trialInstructionPos': (0, -1), 'probe': 'both', 'rightStreamFlip': False, 'horizVert': True, 'ISIframes': 3, 'rightResponseFirst': True}
397.4001 	INFO 	numtrials=360 and this trialDurFrames=6 or 100.0 ms  task=T1
398.5503 	EXP 	window1: recordFrameIntervals = False
398.5595 	INFO 	Mouse: using default window
400.3822 	DATA 	Keypress: s
400.5385 	EXP 	New trial (rep=0, index=7): {'leftStreamFlip': False, 'oneTarget': False, 'trialInstructionPos': (0, -1), 'probe': 'both', 'rightStreamFlip': False, 'horizVert': True, 'ISIframes': 3, 'rightResponseFirst': True}
400.5646 	INFO 	numtrials=360 and this trialDurFrames=7 or 116.666666667 ms  task=T1
401.7334 	EXP 	window1: recordFrameIntervals = False
401.7454 	INFO 	Mouse: using default window
403.1664 	DATA 	Keypress: g
404.5173 	DATA 	Keypress: f
404.6658 	EXP 	New trial (rep=0, index=8): {'leftStreamFlip': False, 'oneTarget': False, 'trialInstructionPos': (0, -1), 'probe': 'both', 'rightStreamFlip': False, 'horizVert': True, 'ISIframes': 3, 'rightResponseFirst': True}
404.6816 	INFO 	numtrials=360 and this trialDurFrames=6 or 100.0 ms  task=T1
405.7671 	EXP 	window1: recordFrameIntervals = False
405.7857 	INFO 	Mouse: using default window
407.6364 	DATA 	Keypress: k
408.7661 	DATA 	Keypress: s
408.9103 	EXP 	New trial (rep=0, index=9): {'leftStreamFlip': False, 'oneTarget': False, 'trialInstructionPos': (0, 1), 'probe': 'both', 'rightStreamFlip': False, 'horizVert': True, 'ISIframes': 3, 'rightResponseFirst': False}
408.9315 	INFO 	numtrials=360 and this trialDurFrames=6 or 100.0 ms  task=T1
409.9489 	EXP 	window1: recordFrameIntervals = False
409.9581 	INFO 	Mouse: using default window
412.1002 	DATA 	Keypress: j
415.2511 	DATA 	Keypress: j
415.4146 	EXP 	New trial (rep=0, index=10): {'leftStreamFlip': False, 'oneTarget': False, 'trialInstructionPos': (0, 1), 'probe': 'both', 'rightStreamFlip': False, 'horizVert': True, 'ISIframes': 3, 'rightResponseFirst': True}
415.4313 	INFO 	numtrials=360 and this trialDurFrames=5 or 83.3333333333 ms  task=T1
416.5664 	EXP 	window1: recordFrameIntervals = False
416.5781 	INFO 	Mouse: using default window
418.2829 	DATA 	Keypress: h
420.3010 	DATA 	Keypress: u
420.4538 	EXP 	New trial (rep=0, index=11): {'leftStreamFlip': False, 'oneTarget': False, 'trialInstructionPos': (0, 1), 'probe': 'both', 'rightStreamFlip': False, 'horizVert': True, 'ISIframes': 3, 'rightResponseFirst': False}
420.4648 	INFO 	numtrials=360 and this trialDurFrames=5 or 83.3333333333 ms  task=T1
421.6166 	EXP 	window1: recordFrameIntervals = False
421.6276 	INFO 	Mouse: using default window
435.0166 	DATA 	Keypress: r
436.6328 	DATA 	Keypress: k
436.7795 	EXP 	New trial (rep=1, index=0): {'leftStreamFlip': False, 'oneTarget': False, 'trialInstructionPos': (0, -1), 'probe': 'both', 'rightStreamFlip': False, 'horizVert': True, 'ISIframes': 3, 'rightResponseFirst': True}
436.7981 	INFO 	numtrials=360 and this trialDurFrames=5 or 83.3333333333 ms  task=T1
437.8006 	EXP 	window1: recordFrameIntervals = False
437.8136 	INFO 	Mouse: using default window
438.8162 	DATA 	Keypress: k
441.8666 	DATA 	Keypress: e
442.0108 	EXP 	New trial (rep=1, index=1): {'leftStreamFlip': False, 'oneTarget': True, 'trialInstructionPos': (0, -1), 'probe': 'both', 'rightStreamFlip': False, 'horizVert': True, 'ISIframes': 3, 'rightResponseFirst': True}
442.0316 	INFO 	numtrials=360 and this trialDurFrames=5 or 83.3333333333 ms  task=T1
443.0667 	EXP 	window1: recordFrameIntervals = False
443.0760 	INFO 	Mouse: using default window
444.7504 	DATA 	Keypress: m
444.8941 	EXP 	New trial (rep=1, index=2): {'leftStreamFlip': False, 'oneTarget': True, 'trialInstructionPos': (0, 1), 'probe': 'both', 'rightStreamFlip': False, 'horizVert': True, 'ISIframes': 3, 'rightResponseFirst': True}
444.9148 	INFO 	numtrials=360 and this trialDurFrames=5 or 83.3333333333 ms  task=T1
446.0822 	EXP 	window1: recordFrameIntervals = False
446.0893 	INFO 	Mouse: using default window
447.3993 	DATA 	Keypress: t
447.5423 	EXP 	New trial (rep=1, index=3): {'leftStreamFlip': False, 'oneTarget': False, 'trialInstructionPos': (0, 1), 'probe': 'both', 'rightStreamFlip': False, 'horizVert': True, 'ISIframes': 3, 'rightResponseFirst': True}
447.5649 	INFO 	numtrials=360 and this trialDurFrames=6 or 100.0 ms  task=T1
448.6831 	EXP 	window1: recordFrameIntervals = False
448.6937 	INFO 	Mouse: using default window
450.3331 	DATA 	Keypress: e
451.3992 	DATA 	Keypress: y
451.5486 	EXP 	New trial (rep=1, index=4): {'leftStreamFlip': False, 'oneTarget': False, 'trialInstructionPos': (0, 1), 'probe': 'both', 'rightStreamFlip': False, 'horizVert': True, 'ISIframes': 3, 'rightResponseFirst': True}
451.5650 	INFO 	numtrials=360 and this trialDurFrames=6 or 100.0 ms  task=T1
452.7995 	EXP 	window1: recordFrameIntervals = False
452.8081 	INFO 	Mouse: using default window
454.0530 	DATA 	Keypress: t
458.8833 	DATA 	Keypress: y
459.0312 	EXP 	New trial (rep=1, index=5): {'leftStreamFlip': False, 'oneTarget': False, 'trialInstructionPos': (0, 1), 'probe': 'both', 'rightStreamFlip': False, 'horizVert': True, 'ISIframes': 3, 'rightResponseFirst': False}
459.0483 	INFO 	numtrials=360 and this trialDurFrames=5 or 83.3333333333 ms  task=T1
460.2669 	EXP 	window1: recordFrameIntervals = False
460.2761 	INFO 	Mouse: using default window
462.0530 	DATA 	Keypress: a
462.5665 	DATA 	Keypress: t
462.7114 	EXP 	New trial (rep=1, index=6): {'leftStreamFlip': False, 'oneTarget': True, 'trialInstructionPos': (0, 1), 'probe': 'both', 'rightStreamFlip': False, 'horizVert': True, 'ISIframes': 3, 'rightResponseFirst': False}
462.7316 	INFO 	numtrials=360 and this trialDurFrames=5 or 83.3333333333 ms  task=T1
463.8500 	EXP 	window1: recordFrameIntervals = False
463.8648 	INFO 	Mouse: using default window
465.2326 	DATA 	Keypress: s
465.3775 	EXP 	New trial (rep=1, index=7): {'leftStreamFlip': False, 'oneTarget': True, 'trialInstructionPos': (0, -1), 'probe': 'both', 'rightStreamFlip': False, 'horizVert': True, 'ISIframes': 3, 'rightResponseFirst': False}
465.3984 	INFO 	numtrials=360 and this trialDurFrames=5 or 83.3333333333 ms  task=T1
466.5157 	EXP 	window1: recordFrameIntervals = False
466.5233 	INFO 	Mouse: using default window
467.7166 	DATA 	Keypress: k
467.8593 	EXP 	New trial (rep=1, index=8): {'leftStreamFlip': False, 'oneTarget': False, 'trialInstructionPos': (0, 1), 'probe': 'both', 'rightStreamFlip': False, 'horizVert': True, 'ISIframes': 3, 'rightResponseFirst': False}
467.8817 	INFO 	numtrials=360 and this trialDurFrames=5 or 83.3333333333 ms  task=T1
468.8832 	EXP 	window1: recordFrameIntervals = False
468.8939 	INFO 	Mouse: using default window
472.8676 	DATA 	Keypress: s
473.6329 	DATA 	Keypress: z
473.7811 	EXP 	New trial (rep=1, index=9): {'leftStreamFlip': False, 'oneTarget': False, 'trialInstructionPos': (0, -1), 'probe': 'both', 'rightStreamFlip': False, 'horizVert': True, 'ISIframes': 3, 'rightResponseFirst': True}
473.7989 	INFO 	numtrials=360 and this trialDurFrames=4 or 66.6666666667 ms  task=T1
474.9675 	EXP 	window1: recordFrameIntervals = False
474.9871 	INFO 	Mouse: using default window
476.1674 	DATA 	Keypress: s
482.7162 	DATA 	Keypress: n
482.8647 	EXP 	New trial (rep=1, index=10): {'leftStreamFlip': False, 'oneTarget': False, 'trialInstructionPos': (0, -1), 'probe': 'both', 'rightStreamFlip': False, 'horizVert': True, 'ISIframes': 3, 'rightResponseFirst': False}
482.8817 	INFO 	numtrials=360 and this trialDurFrames=4 or 66.6666666667 ms  task=T1
483.9001 	EXP 	window1: recordFrameIntervals = False
483.9108 	INFO 	Mouse: using default window
486.1000 	DATA 	Keypress: i
491.5004 	DATA 	Keypress: y
491.6442 	EXP 	New trial (rep=1, index=11): {'leftStreamFlip': False, 'oneTarget': False, 'trialInstructionPos': (0, -1), 'probe': 'both', 'rightStreamFlip': False, 'horizVert': True, 'ISIframes': 3, 'rightResponseFirst': False}
491.6650 	INFO 	numtrials=360 and this trialDurFrames=4 or 66.6666666667 ms  task=T1
492.6500 	EXP 	window1: recordFrameIntervals = False
492.6617 	INFO 	Mouse: using default window
501.6532 	DATA 	Keypress: f
502.7677 	DATA 	Keypress: y
502.9131 	EXP 	New trial (rep=2, index=0): {'leftStreamFlip': False, 'oneTarget': True, 'trialInstructionPos': (0, -1), 'probe': 'both', 'rightStreamFlip': False, 'horizVert': True, 'ISIframes': 3, 'rightResponseFirst': True}
502.9318 	INFO 	numtrials=360 and this trialDurFrames=4 or 66.6666666667 ms  task=T1
503.9324 	EXP 	window1: recordFrameIntervals = False
503.9412 	INFO 	Mouse: using default window
505.1882 	DATA 	Keypress: k
505.3419 	EXP 	New trial (rep=2, index=1): {'leftStreamFlip': False, 'oneTarget': True, 'trialInstructionPos': (0, 1), 'probe': 'both', 'rightStreamFlip': False, 'horizVert': True, 'ISIframes': 3, 'rightResponseFirst': False}
505.3652 	INFO 	numtrials=360 and this trialDurFrames=5 or 83.3333333333 ms  task=T1
506.4005 	EXP 	window1: recordFrameIntervals = False
506.4179 	INFO 	Mouse: using default window
507.7668 	DATA 	Keypress: t
507.9100 	EXP 	New trial (rep=2, index=2): {'leftStreamFlip': False, 'oneTarget': True, 'trialInstructionPos': (0, -1), 'probe': 'both', 'rightStreamFlip': False, 'horizVert': True, 'ISIframes': 3, 'rightResponseFirst': False}
507.9315 	INFO 	numtrials=360 and this trialDurFrames=5 or 83.3333333333 ms  task=T1
509.1508 	EXP 	window1: recordFrameIntervals = False
509.1812 	INFO 	Mouse: using default window
510.2838 	DATA 	Keypress: y
510.4295 	EXP 	New trial (rep=2, index=3): {'leftStreamFlip': False, 'oneTarget': False, 'trialInstructionPos': (0, -1), 'probe': 'both', 'rightStreamFlip': False, 'horizVert': True, 'ISIframes': 3, 'rightResponseFirst': True}
510.4485 	INFO 	numtrials=360 and this trialDurFrames=4 or 66.6666666667 ms  task=T1
511.4835 	EXP 	window1: recordFrameIntervals = False
511.4930 	INFO 	Mouse: using default window
512.9495 	DATA 	Keypress: a
524.2668 	DATA 	Keypress: h
524.4117 	EXP 	New trial (rep=2, index=4): {'leftStreamFlip': False, 'oneTarget': False, 'trialInstructionPos': (0, -1), 'probe': 'both', 'rightStreamFlip': False, 'horizVert': True, 'ISIframes': 3, 'rightResponseFirst': True}
524.4319 	INFO 	numtrials=360 and this trialDurFrames=4 or 66.6666666667 ms  task=T1
525.6166 	EXP 	window1: recordFrameIntervals = False
525.6268 	INFO 	Mouse: using default window
527.0337 	DATA 	Keypress: e
527.7841 	DATA 	Keypress: t
527.9324 	EXP 	New trial (rep=2, index=5): {'leftStreamFlip': False, 'oneTarget': False, 'trialInstructionPos': (0, 1), 'probe': 'both', 'rightStreamFlip': False, 'horizVert': True, 'ISIframes': 3, 'rightResponseFirst': False}
527.9480 	INFO 	numtrials=360 and this trialDurFrames=4 or 66.6666666667 ms  task=T1
528.9674 	EXP 	window1: recordFrameIntervals = False
528.9790 	INFO 	Mouse: using default window
530.3348 	DATA 	Keypress: z
531.8832 	DATA 	Keypress: z
532.0291 	EXP 	New trial (rep=2, index=6): {'leftStreamFlip': False, 'oneTarget': True, 'trialInstructionPos': (0, 1), 'probe': 'both', 'rightStreamFlip': False, 'horizVert': True, 'ISIframes': 3, 'rightResponseFirst': True}
532.0486 	INFO 	numtrials=360 and this trialDurFrames=4 or 66.6666666667 ms  task=T1
533.0833 	EXP 	window1: recordFrameIntervals = False
533.0943 	INFO 	Mouse: using default window
534.4199 	DATA 	Keypress: e
534.5810 	EXP 	New trial (rep=2, index=7): {'leftStreamFlip': False, 'oneTarget': False, 'trialInstructionPos': (0, -1), 'probe': 'both', 'rightStreamFlip': False, 'horizVert': True, 'ISIframes': 3, 'rightResponseFirst': False}
534.5984 	INFO 	numtrials=360 and this trialDurFrames=4 or 66.6666666667 ms  task=T1
535.6662 	EXP 	window1: recordFrameIntervals = False
535.6745 	INFO 	Mouse: using default window
537.1830 	DATA 	Keypress: c
539.4355 	DATA 	Keypress: c
539.5784 	EXP 	New trial (rep=2, index=8): {'leftStreamFlip': False, 'oneTarget': False, 'trialInstructionPos': (0, 1), 'probe': 'both', 'rightStreamFlip': False, 'horizVert': True, 'ISIframes': 3, 'rightResponseFirst': True}
539.5984 	INFO 	numtrials=360 and this trialDurFrames=4 or 66.6666666667 ms  task=T1
540.6677 	EXP 	window1: recordFrameIntervals = False
540.6856 	INFO 	Mouse: using default window
542.5180 	DATA 	Keypress: k
544.4527 	DATA 	Keypress: e
544.6134 	EXP 	New trial (rep=2, index=9): {'leftStreamFlip': False, 'oneTarget': False, 'trialInstructionPos': (0, -1), 'probe': 'both', 'rightStreamFlip': False, 'horizVert': True, 'ISIframes': 3, 'rightResponseFirst': False}
544.6319 	INFO 	numtrials=360 and this trialDurFrames=4 or 66.6666666667 ms  task=T1
545.6169 	EXP 	window1: recordFrameIntervals = False
545.6319 	INFO 	Mouse: using default window
547.7669 	DATA 	Keypress: r
548.2509 	DATA 	Keypress: m
548.3922 	EXP 	New trial (rep=2, index=10): {'leftStreamFlip': False, 'oneTarget': False, 'trialInstructionPos': (0, 1), 'probe': 'both', 'rightStreamFlip': False, 'horizVert': True, 'ISIframes': 3, 'rightResponseFirst': False}
548.4169 	INFO 	numtrials=360 and this trialDurFrames=4 or 66.6666666667 ms  task=T1
549.5326 	EXP 	window1: recordFrameIntervals = False
549.5413 	INFO 	Mouse: using default window
551.1166 	DATA 	Keypress: y
551.3830 	DATA 	Keypress: m
551.5312 	EXP 	New trial (rep=2, index=11): {'leftStreamFlip': False, 'oneTarget': False, 'trialInstructionPos': (0, 1), 'probe': 'both', 'rightStreamFlip': False, 'horizVert': True, 'ISIframes': 3, 'rightResponseFirst': True}
551.5485 	INFO 	numtrials=360 and this trialDurFrames=4 or 66.6666666667 ms  task=T1
552.6173 	EXP 	window1: recordFrameIntervals = False
552.6286 	INFO 	Mouse: using default window
556.0205 	DATA 	Keypress: h
556.6671 	DATA 	Keypress: j
556.8137 	EXP 	New trial (rep=3, index=0): {'leftStreamFlip': False, 'oneTarget': False, 'trialInstructionPos': (0, -1), 'probe': 'both', 'rightStreamFlip': False, 'horizVert': True, 'ISIframes': 3, 'rightResponseFirst': False}
556.8318 	INFO 	numtrials=360 and this trialDurFrames=4 or 66.6666666667 ms  task=T1
558.0338 	EXP 	window1: recordFrameIntervals = False
558.0513 	INFO 	Mouse: using default window
561.0348 	DATA 	Keypress: j
561.3173 	DATA 	Keypress: r
561.4664 	EXP 	New trial (rep=3, index=1): {'leftStreamFlip': False, 'oneTarget': True, 'trialInstructionPos': (0, -1), 'probe': 'both', 'rightStreamFlip': False, 'horizVert': True, 'ISIframes': 3, 'rightResponseFirst': False}
561.4821 	INFO 	numtrials=360 and this trialDurFrames=4 or 66.6666666667 ms  task=T1
562.6177 	EXP 	window1: recordFrameIntervals = False
562.6410 	INFO 	Mouse: using default window
567.5885 	DATA 	Keypress: t
567.7449 	EXP 	New trial (rep=3, index=2): {'leftStreamFlip': False, 'oneTarget': False, 'trialInstructionPos': (0, 1), 'probe': 'both', 'rightStreamFlip': False, 'horizVert': True, 'ISIframes': 3, 'rightResponseFirst': False}
567.7653 	INFO 	numtrials=360 and this trialDurFrames=4 or 66.6666666667 ms  task=T1
568.8505 	EXP 	window1: recordFrameIntervals = False
568.8619 	INFO 	Mouse: using default window
570.3495 	DATA 	Keypress: j
571.3664 	DATA 	Keypress: k
571.5059 	EXP 	New trial (rep=3, index=3): {'leftStreamFlip': False, 'oneTarget': True, 'trialInstructionPos': (0, 1), 'probe': 'both', 'rightStreamFlip': False, 'horizVert': True, 'ISIframes': 3, 'rightResponseFirst': True}
571.5322 	INFO 	numtrials=360 and this trialDurFrames=4 or 66.6666666667 ms  task=T1
572.5666 	EXP 	window1: recordFrameIntervals = False
572.5750 	INFO 	Mouse: using default window
573.6995 	DATA 	Keypress: h
573.8540 	EXP 	New trial (rep=3, index=4): {'leftStreamFlip': False, 'oneTarget': True, 'trialInstructionPos': (0, -1), 'probe': 'both', 'rightStreamFlip': False, 'horizVert': True, 'ISIframes': 3, 'rightResponseFirst': True}
573.8828 	INFO 	numtrials=360 and this trialDurFrames=4 or 66.6666666667 ms  task=T1
574.9337 	EXP 	window1: recordFrameIntervals = False
574.9502 	INFO 	Mouse: using default window
575.9681 	DATA 	Keypress: u
576.1148 	EXP 	New trial (rep=3, index=5): {'leftStreamFlip': False, 'oneTarget': False, 'trialInstructionPos': (0, 1), 'probe': 'both', 'rightStreamFlip': False, 'horizVert': True, 'ISIframes': 3, 'rightResponseFirst': True}
576.1319 	INFO 	numtrials=360 and this trialDurFrames=4 or 66.6666666667 ms  task=T1
577.3167 	EXP 	window1: recordFrameIntervals = False
577.3257 	INFO 	Mouse: using default window
583.6844 	DATA 	Keypress: c
584.6340 	DATA 	Keypress: r
584.7809 	EXP 	New trial (rep=3, index=6): {'leftStreamFlip': False, 'oneTarget': False, 'trialInstructionPos': (0, 1), 'probe': 'both', 'rightStreamFlip': False, 'horizVert': True, 'ISIframes': 3, 'rightResponseFirst': False}
584.7987 	INFO 	numtrials=360 and this trialDurFrames=4 or 66.6666666667 ms  task=T1
585.9666 	EXP 	window1: recordFrameIntervals = False
585.9782 	INFO 	Mouse: using default window
587.9338 	DATA 	Keypress: m
588.2342 	DATA 	Keypress: r
588.3800 	EXP 	New trial (rep=3, index=7): {'leftStreamFlip': False, 'oneTarget': False, 'trialInstructionPos': (0, 1), 'probe': 'both', 'rightStreamFlip': False, 'horizVert': True, 'ISIframes': 3, 'rightResponseFirst': True}
588.3987 	INFO 	numtrials=360 and this trialDurFrames=4 or 66.6666666667 ms  task=T1
589.4502 	EXP 	window1: recordFrameIntervals = False
589.4596 	INFO 	Mouse: using default window
590.8496 	DATA 	Keypress: e
592.0515 	DATA 	Keypress: f
592.2125 	EXP 	New trial (rep=3, index=8): {'leftStreamFlip': False, 'oneTarget': False, 'trialInstructionPos': (0, -1), 'probe': 'both', 'rightStreamFlip': False, 'horizVert': True, 'ISIframes': 3, 'rightResponseFirst': True}
592.2320 	INFO 	numtrials=360 and this trialDurFrames=4 or 66.6666666667 ms  task=T1
593.2335 	EXP 	window1: recordFrameIntervals = False
593.2430 	INFO 	Mouse: using default window
594.6012 	DATA 	Keypress: k
596.8365 	DATA 	Keypress: n
596.9939 	EXP 	New trial (rep=3, index=9): {'leftStreamFlip': False, 'oneTarget': False, 'trialInstructionPos': (0, -1), 'probe': 'both', 'rightStreamFlip': False, 'horizVert': True, 'ISIframes': 3, 'rightResponseFirst': False}
597.0152 	INFO 	numtrials=360 and this trialDurFrames=4 or 66.6666666667 ms  task=T1
598.0672 	EXP 	window1: recordFrameIntervals = False
598.0783 	INFO 	Mouse: using default window
606.5179 	DATA 	Keypress: s
608.1169 	DATA 	Keypress: m
608.2599 	EXP 	New trial (rep=3, index=10): {'leftStreamFlip': False, 'oneTarget': False, 'trialInstructionPos': (0, -1), 'probe': 'both', 'rightStreamFlip': False, 'horizVert': True, 'ISIframes': 3, 'rightResponseFirst': True}
608.2821 	INFO 	numtrials=360 and this trialDurFrames=4 or 66.6666666667 ms  task=T1
609.4842 	EXP 	window1: recordFrameIntervals = False
609.5048 	INFO 	Mouse: using default window
610.8206 	DATA 	Keypress: e
616.8511 	DATA 	Keypress: g
617.0024 	EXP 	New trial (rep=3, index=11): {'leftStreamFlip': False, 'oneTarget': True, 'trialInstructionPos': (0, 1), 'probe': 'both', 'rightStreamFlip': False, 'horizVert': True, 'ISIframes': 3, 'rightResponseFirst': False}
617.0158 	INFO 	numtrials=360 and this trialDurFrames=4 or 66.6666666667 ms  task=T1
618.0507 	EXP 	window1: recordFrameIntervals = False
618.0612 	INFO 	Mouse: using default window
619.6041 	DATA 	Keypress: m
619.7624 	EXP 	New trial (rep=4, index=0): {'leftStreamFlip': False, 'oneTarget': False, 'trialInstructionPos': (0, 1), 'probe': 'both', 'rightStreamFlip': False, 'horizVert': True, 'ISIframes': 3, 'rightResponseFirst': True}
619.7821 	INFO 	numtrials=360 and this trialDurFrames=4 or 66.6666666667 ms  task=T1
620.8833 	EXP 	window1: recordFrameIntervals = False
620.8921 	INFO 	Mouse: using default window
622.3872 	DATA 	Keypress: f
622.4999 	DATA 	Keypress: e
622.6453 	EXP 	New trial (rep=4, index=1): {'leftStreamFlip': False, 'oneTarget': True, 'trialInstructionPos': (0, 1), 'probe': 'both', 'rightStreamFlip': False, 'horizVert': True, 'ISIframes': 3, 'rightResponseFirst': False}
622.6654 	INFO 	numtrials=360 and this trialDurFrames=4 or 66.6666666667 ms  task=T1
623.8509 	EXP 	window1: recordFrameIntervals = False
623.8593 	INFO 	Mouse: using default window
630.2335 	DATA 	Keypress: j
630.3794 	EXP 	New trial (rep=4, index=2): {'leftStreamFlip': False, 'oneTarget': False, 'trialInstructionPos': (0, -1), 'probe': 'both', 'rightStreamFlip': False, 'horizVert': True, 'ISIframes': 3, 'rightResponseFirst': False}
630.3988 	INFO 	numtrials=360 and this trialDurFrames=4 or 66.6666666667 ms  task=T1
631.5339 	EXP 	window1: recordFrameIntervals = False
631.5433 	INFO 	Mouse: using default window
637.8170 	DATA 	Keypress: u
638.1837 	DATA 	Keypress: s
638.3290 	EXP 	New trial (rep=4, index=3): {'leftStreamFlip': False, 'oneTarget': True, 'trialInstructionPos': (0, -1), 'probe': 'both', 'rightStreamFlip': False, 'horizVert': True, 'ISIframes': 3, 'rightResponseFirst': True}
638.3490 	INFO 	numtrials=360 and this trialDurFrames=4 or 66.6666666667 ms  task=T1
639.5344 	EXP 	window1: recordFrameIntervals = False
639.5564 	INFO 	Mouse: using default window
641.6840 	DATA 	Keypress: f
641.8283 	EXP 	New trial (rep=4, index=4): {'leftStreamFlip': False, 'oneTarget': False, 'trialInstructionPos': (0, -1), 'probe': 'both', 'rightStreamFlip': False, 'horizVert': True, 'ISIframes': 3, 'rightResponseFirst': True}
641.8502 	INFO 	numtrials=360 and this trialDurFrames=4 or 66.6666666667 ms  task=T1
642.8837 	EXP 	window1: recordFrameIntervals = False
642.8935 	INFO 	Mouse: using default window
644.2665 	DATA 	Keypress: n
655.3005 	DATA 	Keypress: r
655.4468 	EXP 	New trial (rep=4, index=5): {'leftStreamFlip': False, 'oneTarget': False, 'trialInstructionPos': (0, -1), 'probe': 'both', 'rightStreamFlip': False, 'horizVert': True, 'ISIframes': 3, 'rightResponseFirst': False}
655.4655 	INFO 	numtrials=360 and this trialDurFrames=4 or 66.6666666667 ms  task=T1
656.6006 	EXP 	window1: recordFrameIntervals = False
656.6099 	INFO 	Mouse: using default window
658.2012 	DATA 	Keypress: e
658.4166 	DATA 	Keypress: a
658.5604 	EXP 	New trial (rep=4, index=6): {'leftStreamFlip': False, 'oneTarget': False, 'trialInstructionPos': (0, -1), 'probe': 'both', 'rightStreamFlip': False, 'horizVert': True, 'ISIframes': 3, 'rightResponseFirst': True}
658.5820 	INFO 	numtrials=360 and this trialDurFrames=4 or 66.6666666667 ms  task=T1
659.6170 	EXP 	window1: recordFrameIntervals = False
659.6274 	INFO 	Mouse: using default window
667.6371 	DATA 	Keypress: g
670.7172 	DATA 	Keypress: u
670.8640 	EXP 	New trial (rep=4, index=7): {'leftStreamFlip': False, 'oneTarget': True, 'trialInstructionPos': (0, 1), 'probe': 'both', 'rightStreamFlip': False, 'horizVert': True, 'ISIframes': 3, 'rightResponseFirst': True}
670.8823 	INFO 	numtrials=360 and this trialDurFrames=4 or 66.6666666667 ms  task=T1
672.0676 	EXP 	window1: recordFrameIntervals = False
672.0770 	INFO 	Mouse: using default window
676.4374 	DATA 	Keypress: c
676.5939 	EXP 	New trial (rep=4, index=8): {'leftStreamFlip': False, 'oneTarget': False, 'trialInstructionPos': (0, 1), 'probe': 'both', 'rightStreamFlip': False, 'horizVert': True, 'ISIframes': 3, 'rightResponseFirst': False}
676.6154 	INFO 	numtrials=360 and this trialDurFrames=4 or 66.6666666667 ms  task=T1
677.6344 	EXP 	window1: recordFrameIntervals = False
677.6468 	INFO 	Mouse: using default window
684.6167 	DATA 	Keypress: z
685.7004 	DATA 	Keypress: y
685.8466 	EXP 	New trial (rep=4, index=9): {'leftStreamFlip': False, 'oneTarget': False, 'trialInstructionPos': (0, 1), 'probe': 'both', 'rightStreamFlip': False, 'horizVert': True, 'ISIframes': 3, 'rightResponseFirst': True}
685.8655 	INFO 	numtrials=360 and this trialDurFrames=4 or 66.6666666667 ms  task=T1
686.9181 	EXP 	window1: recordFrameIntervals = False
686.9370 	INFO 	Mouse: using default window
687.7332 	DATA 	Keypress: y
689.0179 	DATA 	Keypress: z
689.1616 	EXP 	New trial (rep=4, index=10): {'leftStreamFlip': False, 'oneTarget': True, 'trialInstructionPos': (0, -1), 'probe': 'both', 'rightStreamFlip': False, 'horizVert': True, 'ISIframes': 3, 'rightResponseFirst': False}
689.1823 	INFO 	numtrials=360 and this trialDurFrames=4 or 66.6666666667 ms  task=T1
690.1679 	EXP 	window1: recordFrameIntervals = False
690.1850 	INFO 	Mouse: using default window
691.8009 	DATA 	Keypress: g
691.9428 	EXP 	New trial (rep=4, index=11): {'leftStreamFlip': False, 'oneTarget': False, 'trialInstructionPos': (0, 1), 'probe': 'both', 'rightStreamFlip': False, 'horizVert': True, 'ISIframes': 3, 'rightResponseFirst': False}
691.9657 	INFO 	numtrials=360 and this trialDurFrames=4 or 66.6666666667 ms  task=T1
693.0835 	EXP 	window1: recordFrameIntervals = False
693.0939 	INFO 	Mouse: using default window
696.2841 	DATA 	Keypress: t
696.4196 	DATA 	Keypress: m
696.5819 	EXP 	New trial (rep=5, index=0): {'leftStreamFlip': False, 'oneTarget': True, 'trialInstructionPos': (0, 1), 'probe': 'both', 'rightStreamFlip': False, 'horizVert': True, 'ISIframes': 3, 'rightResponseFirst': False}
696.5989 	INFO 	numtrials=360 and this trialDurFrames=4 or 66.6666666667 ms  task=T1
697.6333 	EXP 	window1: recordFrameIntervals = False
697.6415 	INFO 	Mouse: using default window
699.3839 	DATA 	Keypress: u
699.5323 	EXP 	New trial (rep=5, index=1): {'leftStreamFlip': False, 'oneTarget': False, 'trialInstructionPos': (0, -1), 'probe': 'both', 'rightStreamFlip': False, 'horizVert': True, 'ISIframes': 3, 'rightResponseFirst': False}
699.5490 	INFO 	numtrials=360 and this trialDurFrames=4 or 66.6666666667 ms  task=T1
700.5665 	EXP 	window1: recordFrameIntervals = False
700.5746 	INFO 	Mouse: using default window
702.2343 	DATA 	Keypress: f
705.7348 	DATA 	Keypress: c
705.8808 	EXP 	New trial (rep=5, index=2): {'leftStreamFlip': False, 'oneTarget': True, 'trialInstructionPos': (0, -1), 'probe': 'both', 'rightStreamFlip': False, 'horizVert': True, 'ISIframes': 3, 'rightResponseFirst': True}
705.8989 	INFO 	numtrials=360 and this trialDurFrames=4 or 66.6666666667 ms  task=T1
706.9676 	EXP 	window1: recordFrameIntervals = False
706.9767 	INFO 	Mouse: using default window
708.7179 	DATA 	Keypress: t
708.8606 	EXP 	New trial (rep=5, index=3): {'leftStreamFlip': False, 'oneTarget': False, 'trialInstructionPos': (0, 1), 'probe': 'both', 'rightStreamFlip': False, 'horizVert': True, 'ISIframes': 3, 'rightResponseFirst': True}
708.8824 	INFO 	numtrials=360 and this trialDurFrames=4 or 66.6666666667 ms  task=T1
710.0334 	EXP 	window1: recordFrameIntervals = False
710.0434 	INFO 	Mouse: using default window
711.5676 	DATA 	Keypress: f
713.3345 	DATA 	Keypress: e
713.4802 	EXP 	New trial (rep=5, index=4): {'leftStreamFlip': False, 'oneTarget': False, 'trialInstructionPos': (0, -1), 'probe': 'both', 'rightStreamFlip': False, 'horizVert': True, 'ISIframes': 3, 'rightResponseFirst': False}
713.4990 	INFO 	numtrials=360 and this trialDurFrames=4 or 66.6666666667 ms  task=T1
714.6998 	EXP 	window1: recordFrameIntervals = False
714.7088 	INFO 	Mouse: using default window
718.2852 	DATA 	Keypress: s
718.8185 	DATA 	Keypress: h
718.9637 	EXP 	New trial (rep=5, index=5): {'leftStreamFlip': False, 'oneTarget': False, 'trialInstructionPos': (0, 1), 'probe': 'both', 'rightStreamFlip': False, 'horizVert': True, 'ISIframes': 3, 'rightResponseFirst': False}
718.9823 	INFO 	numtrials=360 and this trialDurFrames=4 or 66.6666666667 ms  task=T1
719.9668 	EXP 	window1: recordFrameIntervals = False
719.9761 	INFO 	Mouse: using default window
721.8335 	DATA 	Keypress: k
722.3515 	DATA 	Keypress: m
722.4952 	EXP 	New trial (rep=5, index=6): {'leftStreamFlip': False, 'oneTarget': False, 'trialInstructionPos': (0, -1), 'probe': 'both', 'rightStreamFlip': False, 'horizVert': True, 'ISIframes': 3, 'rightResponseFirst': True}
722.5158 	INFO 	numtrials=360 and this trialDurFrames=4 or 66.6666666667 ms  task=T1
723.6169 	EXP 	window1: recordFrameIntervals = False
723.6254 	INFO 	Mouse: using default window
725.4347 	DATA 	Keypress: t
725.8508 	DATA 	Keypress: g
725.9945 	EXP 	New trial (rep=5, index=7): {'leftStreamFlip': False, 'oneTarget': True, 'trialInstructionPos': (0, -1), 'probe': 'both', 'rightStreamFlip': False, 'horizVert': True, 'ISIframes': 3, 'rightResponseFirst': False}
726.0158 	INFO 	numtrials=360 and this trialDurFrames=4 or 66.6666666667 ms  task=T1
727.1348 	EXP 	window1: recordFrameIntervals = False
727.1556 	INFO 	Mouse: using default window
729.8506 	DATA 	Keypress: r
729.9943 	EXP 	New trial (rep=5, index=8): {'leftStreamFlip': False, 'oneTarget': True, 'trialInstructionPos': (0, 1), 'probe': 'both', 'rightStreamFlip': False, 'horizVert': True, 'ISIframes': 3, 'rightResponseFirst': True}
730.0158 	INFO 	numtrials=360 and this trialDurFrames=4 or 66.6666666667 ms  task=T1
731.0167 	EXP 	window1: recordFrameIntervals = False
731.0241 	INFO 	Mouse: using default window
732.0839 	DATA 	Keypress: s
732.2287 	EXP 	New trial (rep=5, index=9): {'leftStreamFlip': False, 'oneTarget': False, 'trialInstructionPos': (0, -1), 'probe': 'both', 'rightStreamFlip': False, 'horizVert': True, 'ISIframes': 3, 'rightResponseFirst': True}
732.2492 	INFO 	numtrials=360 and this trialDurFrames=4 or 66.6666666667 ms  task=T1
733.3172 	EXP 	window1: recordFrameIntervals = False
733.3265 	INFO 	Mouse: using default window
735.3673 	DATA 	Keypress: f
735.8011 	DATA 	Keypress: k
735.9494 	EXP 	New trial (rep=5, index=10): {'leftStreamFlip': False, 'oneTarget': False, 'trialInstructionPos': (0, 1), 'probe': 'both', 'rightStreamFlip': False, 'horizVert': True, 'ISIframes': 3, 'rightResponseFirst': False}
735.9656 	INFO 	numtrials=360 and this trialDurFrames=4 or 66.6666666667 ms  task=T1
737.0833 	EXP 	window1: recordFrameIntervals = False
737.0915 	INFO 	Mouse: using default window
738.9171 	DATA 	Keypress: g
739.2171 	DATA 	Keypress: z
739.3613 	EXP 	New trial (rep=5, index=11): {'leftStreamFlip': False, 'oneTarget': False, 'trialInstructionPos': (0, 1), 'probe': 'both', 'rightStreamFlip': False, 'horizVert': True, 'ISIframes': 3, 'rightResponseFirst': True}
739.3824 	INFO 	numtrials=360 and this trialDurFrames=4 or 66.6666666667 ms  task=T1
740.4341 	EXP 	window1: recordFrameIntervals = False
740.4449 	INFO 	Mouse: using default window
742.8051 	DATA 	Keypress: m
743.1670 	DATA 	Keypress: f
743.3116 	EXP 	New trial (rep=6, index=0): {'leftStreamFlip': False, 'oneTarget': True, 'trialInstructionPos': (0, -1), 'probe': 'both', 'rightStreamFlip': False, 'horizVert': True, 'ISIframes': 3, 'rightResponseFirst': False}
743.3325 	INFO 	numtrials=360 and this trialDurFrames=4 or 66.6666666667 ms  task=T1
744.4522 	EXP 	window1: recordFrameIntervals = False
744.4699 	INFO 	Mouse: using default window
750.6839 	DATA 	Keypress: h
750.8300 	EXP 	New trial (rep=6, index=1): {'leftStreamFlip': False, 'oneTarget': False, 'trialInstructionPos': (0, -1), 'probe': 'both', 'rightStreamFlip': False, 'horizVert': True, 'ISIframes': 3, 'rightResponseFirst': False}
750.8492 	INFO 	numtrials=360 and this trialDurFrames=4 or 66.6666666667 ms  task=T1
751.8344 	EXP 	window1: recordFrameIntervals = False
751.8435 	INFO 	Mouse: using default window
753.1842 	DATA 	Keypress: k
753.5880 	DATA 	Keypress: u
753.7461 	EXP 	New trial (rep=6, index=2): {'leftStreamFlip': False, 'oneTarget': True, 'trialInstructionPos': (0, 1), 'probe': 'both', 'rightStreamFlip': False, 'horizVert': True, 'ISIframes': 3, 'rightResponseFirst': True}
753.7662 	INFO 	numtrials=360 and this trialDurFrames=4 or 66.6666666667 ms  task=T1
754.9008 	EXP 	window1: recordFrameIntervals = False
754.9124 	INFO 	Mouse: using default window
755.8509 	DATA 	Keypress: m
756.0002 	EXP 	New trial (rep=6, index=3): {'leftStreamFlip': False, 'oneTarget': False, 'trialInstructionPos': (0, -1), 'probe': 'both', 'rightStreamFlip': False, 'horizVert': True, 'ISIframes': 3, 'rightResponseFirst': False}
756.0158 	INFO 	numtrials=360 and this trialDurFrames=4 or 66.6666666667 ms  task=T1
757.1009 	EXP 	window1: recordFrameIntervals = False
757.1119 	INFO 	Mouse: using default window
759.9340 	DATA 	Keypress: e
760.3335 	DATA 	Keypress: a
760.4797 	EXP 	New trial (rep=6, index=4): {'leftStreamFlip': False, 'oneTarget': False, 'trialInstructionPos': (0, 1), 'probe': 'both', 'rightStreamFlip': False, 'horizVert': True, 'ISIframes': 3, 'rightResponseFirst': True}
760.4994 	INFO 	numtrials=360 and this trialDurFrames=4 or 66.6666666667 ms  task=T1
761.6839 	EXP 	window1: recordFrameIntervals = False
761.6947 	INFO 	Mouse: using default window
762.7174 	DATA 	Keypress: g
766.1500 	DATA 	Keypress: r
766.2955 	EXP 	New trial (rep=6, index=5): {'leftStreamFlip': False, 'oneTarget': True, 'trialInstructionPos': (0, 1), 'probe': 'both', 'rightStreamFlip': False, 'horizVert': True, 'ISIframes': 3, 'rightResponseFirst': False}
766.3161 	INFO 	numtrials=360 and this trialDurFrames=4 or 66.6666666667 ms  task=T1
767.4343 	EXP 	window1: recordFrameIntervals = False
767.4508 	INFO 	Mouse: using default window
768.4171 	DATA 	Keypress: h
768.5608 	EXP 	New trial (rep=6, index=6): {'leftStreamFlip': False, 'oneTarget': False, 'trialInstructionPos': (0, 1), 'probe': 'both', 'rightStreamFlip': False, 'horizVert': True, 'ISIframes': 3, 'rightResponseFirst': False}
768.5825 	INFO 	numtrials=360 and this trialDurFrames=4 or 66.6666666667 ms  task=T1
769.5672 	EXP 	window1: recordFrameIntervals = False
769.5812 	INFO 	Mouse: using default window
774.5841 	DATA 	Keypress: c
776.5674 	DATA 	Keypress: a
776.7130 	EXP 	New trial (rep=6, index=7): {'leftStreamFlip': False, 'oneTarget': False, 'trialInstructionPos': (0, -1), 'probe': 'both', 'rightStreamFlip': False, 'horizVert': True, 'ISIframes': 3, 'rightResponseFirst': True}
776.7327 	INFO 	numtrials=360 and this trialDurFrames=4 or 66.6666666667 ms  task=T1
777.9505 	EXP 	window1: recordFrameIntervals = False
777.9690 	INFO 	Mouse: using default window
779.1337 	DATA 	Keypress: r
780.8370 	DATA 	Keypress: n
780.9922 	EXP 	New trial (rep=6, index=8): {'leftStreamFlip': False, 'oneTarget': False, 'trialInstructionPos': (0, 1), 'probe': 'both', 'rightStreamFlip': False, 'horizVert': True, 'ISIframes': 3, 'rightResponseFirst': False}
781.0159 	INFO 	numtrials=360 and this trialDurFrames=4 or 66.6666666667 ms  task=T1
782.1173 	EXP 	window1: recordFrameIntervals = False
782.1268 	INFO 	Mouse: using default window
783.4343 	DATA 	Keypress: y
783.6339 	DATA 	Keypress: s
783.7802 	EXP 	New trial (rep=6, index=9): {'leftStreamFlip': False, 'oneTarget': False, 'trialInstructionPos': (0, -1), 'probe': 'both', 'rightStreamFlip': False, 'horizVert': True, 'ISIframes': 3, 'rightResponseFirst': True}
783.7992 	INFO 	numtrials=360 and this trialDurFrames=4 or 66.6666666667 ms  task=T1
784.7844 	EXP 	window1: recordFrameIntervals = False
784.7932 	INFO 	Mouse: using default window
786.7684 	DATA 	Keypress: j
788.0001 	DATA 	Keypress: e
788.1451 	EXP 	New trial (rep=6, index=10): {'leftStreamFlip': False, 'oneTarget': False, 'trialInstructionPos': (0, 1), 'probe': 'both', 'rightStreamFlip': False, 'horizVert': True, 'ISIframes': 3, 'rightResponseFirst': True}
788.1661 	INFO 	numtrials=360 and this trialDurFrames=4 or 66.6666666667 ms  task=T1
789.2509 	EXP 	window1: recordFrameIntervals = False
789.2633 	INFO 	Mouse: using default window
791.7841 	DATA 	Keypress: n
793.3850 	DATA 	Keypress: s
793.5282 	EXP 	New trial (rep=6, index=11): {'leftStreamFlip': False, 'oneTarget': True, 'trialInstructionPos': (0, -1), 'probe': 'both', 'rightStreamFlip': False, 'horizVert': True, 'ISIframes': 3, 'rightResponseFirst': True}
793.5492 	INFO 	numtrials=360 and this trialDurFrames=4 or 66.6666666667 ms  task=T1
794.5517 	EXP 	window1: recordFrameIntervals = False
794.5691 	INFO 	Mouse: using default window
795.4003 	DATA 	Keypress: y
795.5430 	EXP 	New trial (rep=7, index=0): {'leftStreamFlip': False, 'oneTarget': False, 'trialInstructionPos': (0, 1), 'probe': 'both', 'rightStreamFlip': False, 'horizVert': True, 'ISIframes': 3, 'rightResponseFirst': True}
795.5658 	INFO 	numtrials=360 and this trialDurFrames=4 or 66.6666666667 ms  task=T1
796.6345 	EXP 	window1: recordFrameIntervals = False
796.6427 	INFO 	Mouse: using default window
797.5177 	DATA 	Keypress: a
800.4844 	DATA 	Keypress: s
800.6290 	EXP 	New trial (rep=7, index=1): {'leftStreamFlip': False, 'oneTarget': False, 'trialInstructionPos': (0, -1), 'probe': 'both', 'rightStreamFlip': False, 'horizVert': True, 'ISIframes': 3, 'rightResponseFirst': True}
800.6492 	INFO 	numtrials=360 and this trialDurFrames=4 or 66.6666666667 ms  task=T1
801.8512 	EXP 	window1: recordFrameIntervals = False
801.8628 	INFO 	Mouse: using default window
803.0008 	DATA 	Keypress: r
803.2341 	DATA 	Keypress: k
803.3778 	EXP 	New trial (rep=7, index=2): {'leftStreamFlip': False, 'oneTarget': False, 'trialInstructionPos': (0, 1), 'probe': 'both', 'rightStreamFlip': False, 'horizVert': True, 'ISIframes': 3, 'rightResponseFirst': True}
803.3993 	INFO 	numtrials=360 and this trialDurFrames=4 or 66.6666666667 ms  task=T1
804.5681 	EXP 	window1: recordFrameIntervals = False
804.5840 	INFO 	Mouse: using default window
805.9508 	DATA 	Keypress: m
806.3356 	DATA 	Keypress: c
806.4778 	EXP 	New trial (rep=7, index=3): {'leftStreamFlip': False, 'oneTarget': False, 'trialInstructionPos': (0, -1), 'probe': 'both', 'rightStreamFlip': False, 'horizVert': True, 'ISIframes': 3, 'rightResponseFirst': True}
806.4993 	INFO 	numtrials=360 and this trialDurFrames=4 or 66.6666666667 ms  task=T1
807.7006 	EXP 	window1: recordFrameIntervals = False
807.7094 	INFO 	Mouse: using default window
812.8513 	DATA 	Keypress: t
816.8205 	DATA 	Keypress: n
816.9804 	EXP 	New trial (rep=7, index=4): {'leftStreamFlip': False, 'oneTarget': True, 'trialInstructionPos': (0, -1), 'probe': 'both', 'rightStreamFlip': False, 'horizVert': True, 'ISIframes': 3, 'rightResponseFirst': False}
816.9992 	INFO 	numtrials=360 and this trialDurFrames=4 or 66.6666666667 ms  task=T1
818.1169 	EXP 	window1: recordFrameIntervals = False
818.1244 	INFO 	Mouse: using default window
825.2844 	DATA 	Keypress: a
825.4297 	EXP 	New trial (rep=7, index=5): {'leftStreamFlip': False, 'oneTarget': True, 'trialInstructionPos': (0, 1), 'probe': 'both', 'rightStreamFlip': False, 'horizVert': True, 'ISIframes': 3, 'rightResponseFirst': False}
825.4493 	INFO 	numtrials=360 and this trialDurFrames=4 or 66.6666666667 ms  task=T1
826.6003 	EXP 	window1: recordFrameIntervals = False
826.6082 	INFO 	Mouse: using default window
827.4839 	DATA 	Keypress: r
827.6408 	EXP 	New trial (rep=7, index=6): {'leftStreamFlip': False, 'oneTarget': False, 'trialInstructionPos': (0, 1), 'probe': 'both', 'rightStreamFlip': False, 'horizVert': True, 'ISIframes': 3, 'rightResponseFirst': False}
827.6660 	INFO 	numtrials=360 and this trialDurFrames=4 or 66.6666666667 ms  task=T1
828.6671 	EXP 	window1: recordFrameIntervals = False
828.6748 	INFO 	Mouse: using default window
830.0340 	DATA 	Keypress: r
831.5175 	DATA 	Keypress: a
831.6616 	EXP 	New trial (rep=7, index=7): {'leftStreamFlip': False, 'oneTarget': False, 'trialInstructionPos': (0, -1), 'probe': 'both', 'rightStreamFlip': False, 'horizVert': True, 'ISIframes': 3, 'rightResponseFirst': False}
831.6829 	INFO 	numtrials=360 and this trialDurFrames=4 or 66.6666666667 ms  task=T1
832.7674 	EXP 	window1: recordFrameIntervals = False
832.7757 	INFO 	Mouse: using default window
835.3516 	DATA 	Keypress: n
839.0172 	DATA 	Keypress: a
839.1632 	EXP 	New trial (rep=7, index=8): {'leftStreamFlip': False, 'oneTarget': False, 'trialInstructionPos': (0, 1), 'probe': 'both', 'rightStreamFlip': False, 'horizVert': True, 'ISIframes': 3, 'rightResponseFirst': False}
839.1827 	INFO 	numtrials=360 and this trialDurFrames=4 or 66.6666666667 ms  task=T1
840.3835 	EXP 	window1: recordFrameIntervals = False
840.3920 	INFO 	Mouse: using default window
846.4010 	DATA 	Keypress: e
846.8175 	DATA 	Keypress: g
846.9642 	EXP 	New trial (rep=7, index=9): {'leftStreamFlip': False, 'oneTarget': False, 'trialInstructionPos': (0, -1), 'probe': 'both', 'rightStreamFlip': False, 'horizVert': True, 'ISIframes': 3, 'rightResponseFirst': False}
846.9828 	INFO 	numtrials=360 and this trialDurFrames=4 or 66.6666666667 ms  task=T1
848.1005 	EXP 	window1: recordFrameIntervals = False
848.1097 	INFO 	Mouse: using default window
854.5509 	DATA 	Keypress: f
855.3175 	DATA 	Keypress: j
855.4629 	EXP 	New trial (rep=7, index=10): {'leftStreamFlip': False, 'oneTarget': True, 'trialInstructionPos': (0, 1), 'probe': 'both', 'rightStreamFlip': False, 'horizVert': True, 'ISIframes': 3, 'rightResponseFirst': True}
855.4827 	INFO 	numtrials=360 and this trialDurFrames=4 or 66.6666666667 ms  task=T1
856.6851 	EXP 	window1: recordFrameIntervals = False
856.7029 	INFO 	Mouse: using default window
865.0014 	DATA 	Keypress: e
865.1411 	EXP 	New trial (rep=7, index=11): {'leftStreamFlip': False, 'oneTarget': True, 'trialInstructionPos': (0, -1), 'probe': 'both', 'rightStreamFlip': False, 'horizVert': True, 'ISIframes': 3, 'rightResponseFirst': True}
865.1661 	INFO 	numtrials=360 and this trialDurFrames=4 or 66.6666666667 ms  task=T1
866.2337 	EXP 	window1: recordFrameIntervals = False
866.2418 	INFO 	Mouse: using default window
869.7508 	DATA 	Keypress: f
869.8935 	EXP 	New trial (rep=8, index=0): {'leftStreamFlip': False, 'oneTarget': True, 'trialInstructionPos': (0, -1), 'probe': 'both', 'rightStreamFlip': False, 'horizVert': True, 'ISIframes': 3, 'rightResponseFirst': False}
869.9161 	INFO 	numtrials=360 and this trialDurFrames=4 or 66.6666666667 ms  task=T1
871.1186 	EXP 	window1: recordFrameIntervals = False
871.1342 	INFO 	Mouse: using default window
876.7176 	DATA 	Keypress: r
876.8625 	EXP 	New trial (rep=8, index=1): {'leftStreamFlip': False, 'oneTarget': False, 'trialInstructionPos': (0, 1), 'probe': 'both', 'rightStreamFlip': False, 'horizVert': True, 'ISIframes': 3, 'rightResponseFirst': False}
876.8829 	INFO 	numtrials=360 and this trialDurFrames=4 or 66.6666666667 ms  task=T1
877.9189 	EXP 	window1: recordFrameIntervals = False
877.9275 	INFO 	Mouse: using default window
879.3839 	DATA 	Keypress: s
879.5689 	DATA 	Keypress: m
879.7122 	EXP 	New trial (rep=8, index=2): {'leftStreamFlip': False, 'oneTarget': True, 'trialInstructionPos': (0, 1), 'probe': 'both', 'rightStreamFlip': False, 'horizVert': True, 'ISIframes': 3, 'rightResponseFirst': True}
879.7328 	INFO 	numtrials=360 and this trialDurFrames=4 or 66.6666666667 ms  task=T1
880.8180 	EXP 	window1: recordFrameIntervals = False
880.8270 	INFO 	Mouse: using default window
882.8515 	DATA 	Keypress: n
882.9950 	EXP 	New trial (rep=8, index=3): {'leftStreamFlip': False, 'oneTarget': False, 'trialInstructionPos': (0, -1), 'probe': 'both', 'rightStreamFlip': False, 'horizVert': True, 'ISIframes': 3, 'rightResponseFirst': False}
883.0159 	INFO 	numtrials=360 and this trialDurFrames=4 or 66.6666666667 ms  task=T1
884.1006 	EXP 	window1: recordFrameIntervals = False
884.1117 	INFO 	Mouse: using default window
887.4840 	DATA 	Keypress: s
887.8183 	DATA 	Keypress: m
888.0123 	EXP 	New trial (rep=8, index=4): {'leftStreamFlip': False, 'oneTarget': False, 'trialInstructionPos': (0, -1), 'probe': 'both', 'rightStreamFlip': False, 'horizVert': True, 'ISIframes': 3, 'rightResponseFirst': False}
888.0329 	INFO 	numtrials=360 and this trialDurFrames=4 or 66.6666666667 ms  task=T1
889.2001 	EXP 	window1: recordFrameIntervals = False
889.2080 	INFO 	Mouse: using default window
892.4373 	DATA 	Keypress: t
892.9010 	DATA 	Keypress: g
893.0411 	EXP 	New trial (rep=8, index=5): {'leftStreamFlip': False, 'oneTarget': True, 'trialInstructionPos': (0, -1), 'probe': 'both', 'rightStreamFlip': False, 'horizVert': True, 'ISIframes': 3, 'rightResponseFirst': True}
893.0671 	INFO 	numtrials=360 and this trialDurFrames=4 or 66.6666666667 ms  task=T1
894.1172 	EXP 	window1: recordFrameIntervals = False
894.1255 	INFO 	Mouse: using default window
895.1507 	DATA 	Keypress: y
895.2899 	EXP 	New trial (rep=8, index=6): {'leftStreamFlip': False, 'oneTarget': False, 'trialInstructionPos': (0, -1), 'probe': 'both', 'rightStreamFlip': False, 'horizVert': True, 'ISIframes': 3, 'rightResponseFirst': True}
895.3169 	INFO 	numtrials=360 and this trialDurFrames=4 or 66.6666666667 ms  task=T1
896.4836 	EXP 	window1: recordFrameIntervals = False
896.4927 	INFO 	Mouse: using default window
897.5686 	DATA 	Keypress: y
898.8521 	DATA 	Keypress: m
899.0100 	EXP 	New trial (rep=8, index=7): {'leftStreamFlip': False, 'oneTarget': True, 'trialInstructionPos': (0, 1), 'probe': 'both', 'rightStreamFlip': False, 'horizVert': True, 'ISIframes': 3, 'rightResponseFirst': False}
899.0324 	INFO 	numtrials=360 and this trialDurFrames=4 or 66.6666666667 ms  task=T1
900.0681 	EXP 	window1: recordFrameIntervals = False
900.0858 	INFO 	Mouse: using default window
901.1341 	DATA 	Keypress: e
901.2733 	EXP 	New trial (rep=8, index=8): {'leftStreamFlip': False, 'oneTarget': False, 'trialInstructionPos': (0, -1), 'probe': 'both', 'rightStreamFlip': False, 'horizVert': True, 'ISIframes': 3, 'rightResponseFirst': True}
901.3004 	INFO 	numtrials=360 and this trialDurFrames=4 or 66.6666666667 ms  task=T1
902.3502 	EXP 	window1: recordFrameIntervals = False
902.3574 	INFO 	Mouse: using default window
906.9837 	DATA 	Keypress: t
907.3177 	DATA 	Keypress: y
907.4613 	EXP 	New trial (rep=8, index=9): {'leftStreamFlip': False, 'oneTarget': False, 'trialInstructionPos': (0, 1), 'probe': 'both', 'rightStreamFlip': False, 'horizVert': True, 'ISIframes': 3, 'rightResponseFirst': False}
907.4834 	INFO 	numtrials=360 and this trialDurFrames=4 or 66.6666666667 ms  task=T1
908.5676 	EXP 	window1: recordFrameIntervals = False
908.5766 	INFO 	Mouse: using default window
910.0514 	DATA 	Keypress: z
910.4007 	DATA 	Keypress: h
910.5548 	EXP 	New trial (rep=8, index=10): {'leftStreamFlip': False, 'oneTarget': False, 'trialInstructionPos': (0, 1), 'probe': 'both', 'rightStreamFlip': False, 'horizVert': True, 'ISIframes': 3, 'rightResponseFirst': True}
910.5667 	INFO 	numtrials=360 and this trialDurFrames=4 or 66.6666666667 ms  task=T1
911.7170 	EXP 	window1: recordFrameIntervals = False
911.7257 	INFO 	Mouse: using default window
912.6343 	DATA 	Keypress: a
913.7506 	DATA 	Keypress: s
913.8935 	EXP 	New trial (rep=8, index=11): {'leftStreamFlip': False, 'oneTarget': False, 'trialInstructionPos': (0, 1), 'probe': 'both', 'rightStreamFlip': False, 'horizVert': True, 'ISIframes': 3, 'rightResponseFirst': True}
913.9160 	INFO 	numtrials=360 and this trialDurFrames=4 or 66.6666666667 ms  task=T1
915.0005 	EXP 	window1: recordFrameIntervals = False
915.0090 	INFO 	Mouse: using default window
916.5011 	DATA 	Keypress: g
916.8051 	DATA 	Keypress: k
916.9591 	EXP 	New trial (rep=9, index=0): {'leftStreamFlip': False, 'oneTarget': True, 'trialInstructionPos': (0, -1), 'probe': 'both', 'rightStreamFlip': False, 'horizVert': True, 'ISIframes': 3, 'rightResponseFirst': True}
916.9824 	INFO 	numtrials=360 and this trialDurFrames=4 or 66.6666666667 ms  task=T1
918.0503 	EXP 	window1: recordFrameIntervals = False
918.0617 	INFO 	Mouse: using default window
919.2338 	DATA 	Keypress: s
919.3717 	EXP 	New trial (rep=9, index=1): {'leftStreamFlip': False, 'oneTarget': False, 'trialInstructionPos': (0, -1), 'probe': 'both', 'rightStreamFlip': False, 'horizVert': True, 'ISIframes': 3, 'rightResponseFirst': True}
919.3826 	INFO 	numtrials=360 and this trialDurFrames=4 or 66.6666666667 ms  task=T1
920.4667 	EXP 	window1: recordFrameIntervals = False
920.4741 	INFO 	Mouse: using default window
921.1841 	DATA 	Keypress: n
926.7361 	DATA 	Keypress: m
926.8817 	EXP 	New trial (rep=9, index=2): {'leftStreamFlip': False, 'oneTarget': False, 'trialInstructionPos': (0, 1), 'probe': 'both', 'rightStreamFlip': False, 'horizVert': True, 'ISIframes': 3, 'rightResponseFirst': True}
926.8992 	INFO 	numtrials=360 and this trialDurFrames=4 or 66.6666666667 ms  task=T1
928.0337 	EXP 	window1: recordFrameIntervals = False
928.0421 	INFO 	Mouse: using default window
929.1676 	DATA 	Keypress: t
929.5176 	DATA 	Keypress: s
929.6570 	EXP 	New trial (rep=9, index=3): {'leftStreamFlip': False, 'oneTarget': False, 'trialInstructionPos': (0, 1), 'probe': 'both', 'rightStreamFlip': False, 'horizVert': True, 'ISIframes': 3, 'rightResponseFirst': False}
929.6824 	INFO 	numtrials=360 and this trialDurFrames=4 or 66.6666666667 ms  task=T1
930.7506 	EXP 	window1: recordFrameIntervals = False
930.7597 	INFO 	Mouse: using default window
931.8672 	DATA 	Keypress: g
932.2015 	DATA 	Keypress: m
932.3503 	EXP 	New trial (rep=9, index=4): {'leftStreamFlip': False, 'oneTarget': False, 'trialInstructionPos': (0, 1), 'probe': 'both', 'rightStreamFlip': False, 'horizVert': True, 'ISIframes': 3, 'rightResponseFirst': True}
932.3657 	INFO 	numtrials=360 and this trialDurFrames=4 or 66.6666666667 ms  task=T1
933.4169 	EXP 	window1: recordFrameIntervals = False
933.4263 	INFO 	Mouse: using default window
936.2179 	DATA 	Keypress: k
938.7342 	DATA 	Keypress: n
938.8802 	EXP 	New trial (rep=9, index=5): {'leftStreamFlip': False, 'oneTarget': False, 'trialInstructionPos': (0, 1), 'probe': 'both', 'rightStreamFlip': False, 'horizVert': True, 'ISIframes': 3, 'rightResponseFirst': False}
938.8997 	INFO 	numtrials=360 and this trialDurFrames=4 or 66.6666666667 ms  task=T1
939.9355 	EXP 	window1: recordFrameIntervals = False
939.9472 	INFO 	Mouse: using default window
943.8184 	DATA 	Keypress: u
945.8013 	DATA 	Keypress: a
945.9440 	EXP 	New trial (rep=9, index=6): {'leftStreamFlip': False, 'oneTarget': True, 'trialInstructionPos': (0, 1), 'probe': 'both', 'rightStreamFlip': False, 'horizVert': True, 'ISIframes': 3, 'rightResponseFirst': False}
945.9662 	INFO 	numtrials=360 and this trialDurFrames=4 or 66.6666666667 ms  task=T1
947.0682 	EXP 	window1: recordFrameIntervals = False
947.0791 	INFO 	Mouse: using default window
951.4674 	DATA 	Keypress: c
951.6117 	EXP 	New trial (rep=9, index=7): {'leftStreamFlip': False, 'oneTarget': False, 'trialInstructionPos': (0, -1), 'probe': 'both', 'rightStreamFlip': False, 'horizVert': True, 'ISIframes': 3, 'rightResponseFirst': True}
951.6330 	INFO 	numtrials=360 and this trialDurFrames=4 or 66.6666666667 ms  task=T1
952.6848 	EXP 	window1: recordFrameIntervals = False
952.6943 	INFO 	Mouse: using default window
953.8013 	DATA 	Keypress: t
957.9558 	DATA 	Keypress: a
958.1152 	EXP 	New trial (rep=9, index=8): {'leftStreamFlip': False, 'oneTarget': True, 'trialInstructionPos': (0, -1), 'probe': 'both', 'rightStreamFlip': False, 'horizVert': True, 'ISIframes': 3, 'rightResponseFirst': False}
958.1331 	INFO 	numtrials=360 and this trialDurFrames=4 or 66.6666666667 ms  task=T1
959.3184 	EXP 	window1: recordFrameIntervals = False
959.3363 	INFO 	Mouse: using default window
960.5341 	DATA 	Keypress: c
960.6815 	EXP 	New trial (rep=9, index=9): {'leftStreamFlip': False, 'oneTarget': False, 'trialInstructionPos': (0, -1), 'probe': 'both', 'rightStreamFlip': False, 'horizVert': True, 'ISIframes': 3, 'rightResponseFirst': False}
960.6997 	INFO 	numtrials=360 and this trialDurFrames=4 or 66.6666666667 ms  task=T1
961.7847 	EXP 	window1: recordFrameIntervals = False
961.7956 	INFO 	Mouse: using default window
963.0341 	DATA 	Keypress: e
963.3513 	DATA 	Keypress: t
963.4957 	EXP 	New trial (rep=9, index=10): {'leftStreamFlip': False, 'oneTarget': False, 'trialInstructionPos': (0, -1), 'probe': 'both', 'rightStreamFlip': False, 'horizVert': True, 'ISIframes': 3, 'rightResponseFirst': False}
963.5166 	INFO 	numtrials=360 and this trialDurFrames=4 or 66.6666666667 ms  task=T1
964.5686 	EXP 	window1: recordFrameIntervals = False
964.5783 	INFO 	Mouse: using default window
971.5352 	DATA 	Keypress: c
972.6517 	DATA 	Keypress: z
972.7948 	EXP 	New trial (rep=9, index=11): {'leftStreamFlip': False, 'oneTarget': True, 'trialInstructionPos': (0, 1), 'probe': 'both', 'rightStreamFlip': False, 'horizVert': True, 'ISIframes': 3, 'rightResponseFirst': True}
972.8165 	INFO 	numtrials=360 and this trialDurFrames=4 or 66.6666666667 ms  task=T1
974.0015 	EXP 	window1: recordFrameIntervals = False
974.0134 	INFO 	Mouse: using default window
976.1513 	DATA 	Keypress: s
976.2932 	EXP 	New trial (rep=10, index=0): {'leftStreamFlip': False, 'oneTarget': False, 'trialInstructionPos': (0, -1), 'probe': 'both', 'rightStreamFlip': False, 'horizVert': True, 'ISIframes': 3, 'rightResponseFirst': False}
976.3165 	INFO 	numtrials=360 and this trialDurFrames=4 or 66.6666666667 ms  task=T1
977.3685 	EXP 	window1: recordFrameIntervals = False
977.3875 	INFO 	Mouse: using default window
978.8682 	DATA 	Keypress: m
979.1346 	DATA 	Keypress: a
979.2912 	EXP 	New trial (rep=10, index=1): {'leftStreamFlip': False, 'oneTarget': False, 'trialInstructionPos': (0, 1), 'probe': 'both', 'rightStreamFlip': False, 'horizVert': True, 'ISIframes': 3, 'rightResponseFirst': True}
979.3175 	INFO 	numtrials=360 and this trialDurFrames=4 or 66.6666666667 ms  task=T1
980.3008 	EXP 	window1: recordFrameIntervals = False
980.3097 	INFO 	Mouse: using default window
982.4518 	DATA 	Keypress: k
984.0209 	DATA 	Keypress: d
984.1822 	EXP 	New trial (rep=10, index=2): {'leftStreamFlip': False, 'oneTarget': False, 'trialInstructionPos': (0, 1), 'probe': 'both', 'rightStreamFlip': False, 'horizVert': True, 'ISIframes': 3, 'rightResponseFirst': True}
984.1997 	INFO 	numtrials=360 and this trialDurFrames=4 or 66.6666666667 ms  task=T1
985.2175 	EXP 	window1: recordFrameIntervals = False
985.2258 	INFO 	Mouse: using default window
986.8682 	DATA 	Keypress: k
987.5715 	DATA 	Keypress: z
987.7287 	EXP 	New trial (rep=10, index=3): {'leftStreamFlip': False, 'oneTarget': True, 'trialInstructionPos': (0, 1), 'probe': 'both', 'rightStreamFlip': False, 'horizVert': True, 'ISIframes': 3, 'rightResponseFirst': True}
987.7491 	INFO 	numtrials=360 and this trialDurFrames=4 or 66.6666666667 ms  task=T1
988.8189 	EXP 	window1: recordFrameIntervals = False
988.8367 	INFO 	Mouse: using default window
989.6846 	DATA 	Keypress: lctrl
990.6010 	DATA 	Keypress: lshift
992.9010 	DATA 	Keypress: z
992.9234 	INFO 	Stopping at 14:20 on 08 Aug 2018
992.9248 	ERROR 	user aborted experiment on keypress with trials done=123 of 361
992.9403 	INFO 	Program terminating normally.
