0.5925 	WARNING 	Monitor specification not found. Creating a temporary one...
11.8551 	EXP 	Created window1 = Window(allowGUI=False, allowStencil=False, autoLog=True, bitsMode=UNKNOWN, blendMode='avg', color=array([-0.7, -0.7, -0.7]), colorSpace='rgb', fullscr=UNKNOWN, gamma=None, lms=UNKNOWN, monitor=<psychopy.monitors.calibTools.Monitor object at 0x18AEE3F0>, name='window1', pos=[0, 0], screen=0, size=array([1920, 1080]), stereo=False, units='deg', useFBO=False, useRetina=False, viewOri=0.0, viewPos=None, viewScale=None, waitBlanking=False, winType='pyglet')
11.8552 	INFO 	Mouse: using default window
11.8555 	EXP 	window1: units = 'norm'
11.9324 	EXP 	Created unnamed ImageStim = ImageStim(autoLog=True, color=array([ 1.,  1.,  1.]), colorSpace='rgb', contrast=1.0, depth=0, flipHoriz=False, flipVert=False, image=str(...), interpolate=False, mask=None, maskParams=None, name='unnamed ImageStim', opacity=1.0, ori=0.0, pos=array([-0.5,  0. ]), size=array([ 1.290625  ,  3.24814815]), texRes=128, units='norm', win=Window(...))
12.0102 	EXP 	Created unnamed ImageStim = ImageStim(autoLog=True, color=array([ 1.,  1.,  1.]), colorSpace='rgb', contrast=1.0, depth=0, flipHoriz=False, flipVert=False, image=str(...), interpolate=False, mask=None, maskParams=None, name='unnamed ImageStim', opacity=1.0, ori=0.0, pos=array([ 0.5,  0. ]), size=array([ 1.290625  ,  3.24814815]), texRes=128, units='norm', win=Window(...))
12.0260 	EXP 	Created OKrespZone = GratingStim(autoDraw=False, autoLog=True, color=array([ 1. ,  0.5,  0.5]), colorSpace='rgb', contrast=1.0, depth=0, interpolate=False, mask='gauss', maskParams=None, name='OKrespZone', opacity=1.0, ori=0.0, phase=array([ 0.,  0.]), pos=array([-0.2 , -0.92]), rgbPedestal=array([ 0.,  0.,  0.]), sf=array([ 0.,  0.]), size=array([ 2.3,  0.2]), tex='sin', texRes=256, units='norm', win=Window(...))
12.1633 	EXP 	unnamed ImageStim: size = (1, 2)
12.1633 	EXP 	unnamed ImageStim: size = (1, 2)
65.4215 	DATA 	Mouse: Left button down, pos=(608,45)
65.4371 	EXP 	window1: units = 'deg'
65.4377 	EXP 	window1: units = 'norm'
65.4572 	EXP 	Created OKrespZone = GratingStim(autoDraw=False, autoLog=True, color=array([ 1. ,  0.5,  0.5]), colorSpace='rgb', contrast=1.0, depth=0, interpolate=False, mask='gauss', maskParams=None, name='OKrespZone', opacity=1.0, ori=0.0, phase=array([ 0.,  0.]), pos=array([-0.2 , -0.92]), rgbPedestal=array([ 0.,  0.,  0.]), sf=array([ 0.,  0.]), size=array([ 2.3,  0.2]), tex='sin', texRes=256, units='norm', win=Window(...))
65.5506 	EXP 	Created unnamed ImageStim = ImageStim(autoLog=True, color=array([ 1.,  1.,  1.]), colorSpace='rgb', contrast=1.0, depth=0, flipHoriz=False, flipVert=False, image='abgdj\\PISandConsentForm\\consentForm.png', interpolate=False, mask=None, maskParams=None, name='unnamed ImageStim', opacity=1.0, ori=0.0, pos=array([ 0.,  0.]), size=array([ 1.3375    ,  2.97407407]), texRes=128, units='norm', win=Window(...))
65.5882 	EXP 	Created unnamed GratingStim = GratingStim(autoDraw=False, autoLog=True, color=array([ 1. ,  0.5,  0.5]), colorSpace='rgb', contrast=1.0, depth=0, interpolate=False, mask='gauss', maskParams=None, name='unnamed GratingStim', opacity=1.0, ori=0.0, phase=array([ 0.,  0.]), pos=array([-0.2 , -0.42]), rgbPedestal=array([ 0.,  0.,  0.]), sf=array([ 0.,  0.]), size=array([ 0.3,  0.2]), tex='sin', texRes=256, units='norm', win=Window(...))
65.6167 	EXP 	Created unnamed GratingStim = GratingStim(autoDraw=False, autoLog=True, color=array([ 1. ,  0.5,  0.5]), colorSpace='rgb', contrast=1.0, depth=0, interpolate=False, mask='gauss', maskParams=None, name='unnamed GratingStim', opacity=1.0, ori=0.0, phase=array([ 0.,  0.]), pos=array([ 0.1 , -0.42]), rgbPedestal=array([ 0.,  0.,  0.]), sf=array([ 0.,  0.]), size=array([ 0.3,  0.2]), tex='sin', texRes=256, units='norm', win=Window(...))
65.6373 	EXP 	Created unnamed GratingStim = GratingStim(autoDraw=False, autoLog=True, color=array([ 1. ,  0.5,  0.5]), colorSpace='rgb', contrast=1.0, depth=0, interpolate=False, mask='gauss', maskParams=None, name='unnamed GratingStim', opacity=1.0, ori=0.0, phase=array([ 0.,  0.]), pos=array([-0.2 , -0.72]), rgbPedestal=array([ 0.,  0.,  0.]), sf=array([ 0.,  0.]), size=array([ 0.3,  0.2]), tex='sin', texRes=256, units='norm', win=Window(...))
65.6579 	EXP 	Created unnamed GratingStim = GratingStim(autoDraw=False, autoLog=True, color=array([ 1. ,  0.5,  0.5]), colorSpace='rgb', contrast=1.0, depth=0, interpolate=False, mask='gauss', maskParams=None, name='unnamed GratingStim', opacity=1.0, ori=0.0, phase=array([ 0.,  0.]), pos=array([ 0.1 , -0.72]), rgbPedestal=array([ 0.,  0.,  0.]), sf=array([ 0.,  0.]), size=array([ 0.3,  0.2]), tex='sin', texRes=256, units='norm', win=Window(...))
65.6604 	DATA 	Mouse:  Left button up, pos=(608,45)
65.6661 	EXP 	unnamed ImageStim: size = (1.1, 2)
68.3403 	DATA 	Mouse: Left button down, pos=(778,316)
68.4543 	DATA 	Mouse:  Left button up, pos=(778,316)
74.6545 	DATA 	Mouse: Left button down, pos=(819,146)
74.7404 	DATA 	Mouse:  Left button up, pos=(819,146)
75.5210 	DATA 	Mouse: Left button down, pos=(945,37)
75.5375 	EXP 	window1: units = 'deg'
75.5420 	EXP 	window1: mouseVisible = True
92.1885 	EXP 	Created window1 = Window(allowGUI=False, allowStencil=False, autoLog=True, bitsMode=UNKNOWN, blendMode='avg', color=array([-0.7, -0.7, -0.7]), colorSpace='rgb', fullscr=UNKNOWN, gamma=None, lms=UNKNOWN, monitor=<psychopy.monitors.calibTools.Monitor object at 0x18AEE3F0>, name='window1', pos=[0, 0], screen=0, size=array([1920, 1080]), stereo=False, units='deg', useFBO=False, useRetina=False, viewOri=0.0, viewPos=None, viewScale=None, waitBlanking=False, winType='pyglet')
96.8887 	INFO 	#[ PsychoPy2 RuntimeInfoStart ]
  #[[ PsychoPy ]] #---------
    psychopyVersion: 1.84.2
    psychopyHaveExtRush: True
  #[[ Experiment ]] #---------
    experimentAuthor: None
    experimentAuthVersion: None
    experimentRunTime: 2018_08_06 14:09 (Year_Month_Day Hour:Min)
    experimentRunTime.epoch: 1533528589
    experimentScript: psyc1002.py
    experimentScript.digestSHA1: 03993779484d600ea4c1b8cc2288f3d37a5025d5
    experimentScript.directory: U:\PSYC1002\abgdj
  #[[ System ]] #---------
    systemHaveInternetAccess: True
    systemHostName: W5FH4LG2
    systemLocale: English_United States.1252
    systemMemFreeRAM: 4068.77734375
    systemMemTotalRAM: 8076.9453125
    systemPlatform: windowsversion=sys.getwindowsversion(major=6, minor=2, build=9200, platform=2, service_pack='')
    systemPyo.InputDevices: {4: {'host api index': 2, 'latency': 0.008707483299076557, 'default sr': 44100, 'name': u'Realtek ASIO'}}
    systemPyo.OutputDevices: {0: {'host api index': 0, 'latency': 0.09000000357627869, 'default sr': 44100, 'name': u'Microsoft Sound Mapper - Output'}, 1: {'host api index': 0, 'latency': 0.09000000357627869, 'default sr': 44100, 'name': u'Speakers / Headphones (Realtek '}, 2: {'host api index': 1, 'latency': 0.11999999731779099, 'default sr': 44100, 'name': u'Primary Sound Driver'}, 3: {'host api index': 1, 'latency': 0.11999999731779099, 'default sr': 44100, 'name': u'Speakers / Headphones (Realtek High Definition Audio)'}, 4: {'host api index': 2, 'latency': 0.008707483299076557, 'default sr': 44100, 'name': u'Realtek ASIO'}, 5: {'host api index': 3, 'latency': 0.003000000026077032, 'default sr': 48000, 'name': u'Speakers / Headphones (Realtek High Definition Audio)'}}
    systemPyoVersion: 0.8.0
    systemRebooted: System Boot Time:          8/6/2018, 2:22:29 AM
    systemSec.pythonSSL: True
    systemTimeNumpySD1000000_sec: 0.0087
    systemUser: espi7956
    systemUserID: 1000
    systemUserProcCmdPid: LabStatsUserSpace.exe dwm.exe TiWorker.exe CmRcService.exe nierserver.exe LabStatsClient.exe tagsrv.exe SearchUI.exe ApplicationFrameHost.exe OneDrive.exe nipxism.exe SettingSyncHost.exe WmiPrvSE.exe niLxiDiscovery.exe SecurityHealthService.exe redirector.exe SearchProtocolHost.exe server_admin.exe pc-client.exe lkads.exe svchost.exe smartscreen.exe ni_usbmon.exe AGSService.exe System SISIDSService.exe SelfServicePlugin.exe explorer.exe smss.exe ApplicationWebServer.exe RuntimeBroker.exe acrotray.exe niauth_daemon.exe cmd.exe nidmsrv.exe Receiver.exe SISIPSService.exe lktsrv.exe lsass.exe python.exe RtkNGUI64.exe sisipsutil.exe AdobeUpdateService.exe armsvc.exe ssonsvr.exe concentr.exe nidevldu.exe taskhostw.exe RAVBg64.exe ''Memory Compression'' NIWebServiceContainer.exe nimxs.exe RtkAudioService64.exe SystemWebServer.exe tasklist.exe snowagent.exe CcmExec.exe SearchFilterHost.exe SmcGui.exe nicitdl5.exe ''System Idle Process'' services.exe niDiscSvc.exe sqlwriter.exe MSASCuiL.exe SCNotification.exe nimdnsResponder.exe server_runtime.exe sihost.exe spoolsv.exe wininit.exe winlogon.exe ShellExperienceHost.exe nidevmon.exe SearchIndexer.exe csrss.exe TrustedInstaller.exe audiodg.exe fontdrvhost.exe dllhost.exe unsecapp.exe ccSvcHst.exe wfcrun32.exe nisvcloc.exe server_eventlog.exe lkcitdl.exe AuthManSvr.exe conhost.exe
    systemUserProcCount: 178
    systemUserProcFlagged: Explorer
    systemUsersCount: False
  #[[ Window ]] #---------
    windowWinType: pyglet
    windowWaitBlanking: False
    windowUseNativeGamma: True
    windowUnits: deg
    windowSize_pix: [1920 1080]
    windowScreen: 0
    windowRgb: [-0.7 -0.7 -0.7]
    windowRefreshTimeSD_ms: 0.211
    windowRefreshTimeMedian_ms: 16.683
    windowRefreshTimeAvg_ms: 16.669
    windowRefreshThreshold_sec: 0.0200
    windowRecordFrameIntervals: False
    windowPos_pix: [0, 0]
    windowMonitor.name: testmonitor
    windowMonitor.getWidth_cm: 57.0
    windowMonitor.getLinearizeMethod: 1
    windowMonitor.getGammaGrid: [[  0.   1.   1.  nan  nan  nan]
 [  0.   1.   1.  nan  nan  nan]
 [  0.   1.   1.  nan  nan  nan]
 [  0.   1.   1.  nan  nan  nan]]
    windowMonitor.getDistance_cm: 57.0
    windowMonitor.gammaInterpolator2: None
    windowMonitor.gammaInterpolator: None
    windowMonitor.currentCalibName: 2018_08_06 14:08
    windowIsFullScr: True
    windowHaveShaders: True
    windowAllowGUI: False
  #[[ Python ]] #---------
    pythonWxVersion: 3.0.2.0 msw (classic)
    pythonVersion: 2.7.11
    pythonScipyVersion: 0.17.1
    pythonPygletVersion: 1.2.4
    pythonPygameVersion: 1.9.2pre
    pythonNumpyVersion: 1.11.0
    pythonMatplotlibVersion: 1.5.1
    pythonFullVersion: 2.7.11 (v2.7.11:6d1b6a68f775, Dec  5 2015, 20:32:19) [MSC v.1500 32 bit (Intel)]
    pythonExecutable: C:\Program Files (x86)\PsychoPy2\python.exe
  #[[ OpenGL ]] #---------
    openGLVersion: 4.4.0 - Build 21.20.16.4627
    openGLVendor: Intel
    openGLRenderingEngine: Intel(R) HD Graphics 530
    openGLmaxVerticesInVertexArray: 1048576
    False: openGLext.GL_STEREO
    True: openGLext.GL_EXT_framebuffer_object
    True: openGLext.GL_ARB_vertex_shader
    True: openGLext.GL_ARB_texture_non_power_of_two
    True: openGLext.GL_ARB_texture_float
    True: openGLext.GL_ARB_shader_objects
    True: openGLext.GL_ARB_multitexture
    True: openGLext.GL_ARB_fragment_program
#[ PsychoPy2 RuntimeInfoEnd ]

96.9377 	EXP 	window1: recordFrameIntervals = True
97.7708 	EXP 	window1: recordFrameIntervals = False
97.7714 	INFO 	Frames per second ~=60.0, which is close enough to desired val of 60.0
97.9638 	EXP 	Created sequence: random, trialTypes=12, nReps=30, seed=None
98.1034 	INFO 	Mouse: using default window
98.1241 	EXP 	Created OKrespZone = GratingStim(autoDraw=False, autoLog=True, color=array([ 1.,  1.,  1.]), colorSpace='rgb', contrast=1.0, depth=0, interpolate=False, mask='gauss', maskParams=None, name='OKrespZone', opacity=1.0, ori=0.0, phase=array([ 0.,  0.]), pos=array([ 0.  ,  0.88]), rgbPedestal=array([ 0.,  0.,  0.]), sf=array([ 0.,  0.]), size=array([ 2. ,  0.2]), tex='sin', texRes=256, units='norm', win=Window(...))
106.4037 	DATA 	Mouse: Left button down, pos=(165,958)
106.5078 	DATA 	Mouse:  Left button up, pos=(165,958)
118.8278 	DATA 	Mouse: Left button down, pos=(114,464)
118.9478 	DATA 	Mouse:  Left button up, pos=(114,464)
122.0199 	DATA 	Mouse: Left button down, pos=(137,257)
122.1398 	DATA 	Mouse:  Left button up, pos=(137,257)
122.9158 	DATA 	Mouse: Left button down, pos=(128,196)
123.0597 	DATA 	Mouse:  Left button up, pos=(128,196)
124.5877 	DATA 	Mouse: Left button down, pos=(130,42)
124.6997 	DATA 	Mouse:  Left button up, pos=(130,42)
129.7799 	DATA 	Mouse: Left button down, pos=(336,462)
129.8838 	DATA 	Mouse:  Left button up, pos=(336,462)
137.0998 	DATA 	Mouse: Left button down, pos=(303,124)
137.1958 	DATA 	Mouse:  Left button up, pos=(303,124)
141.1158 	DATA 	Mouse: Left button down, pos=(546,676)
141.1884 	DATA 	Mouse:  Left button up, pos=(546,676)
168.8437 	DATA 	Mouse: wheel shift=(0,-1), pos=(924,518)
173.2838 	DATA 	Mouse: Left button down, pos=(918,256)
173.4198 	DATA 	Mouse:  Left button up, pos=(918,256)
175.5958 	DATA 	Mouse: Left button down, pos=(944,120)
175.6838 	DATA 	Mouse:  Left button up, pos=(944,120)
186.2518 	DATA 	Mouse: Left button down, pos=(1096,391)
186.3637 	DATA 	Mouse:  Left button up, pos=(1096,391)
188.7557 	DATA 	Mouse: Left button down, pos=(1105,262)
188.8597 	DATA 	Mouse:  Left button up, pos=(1105,262)
192.0278 	DATA 	Mouse: Left button down, pos=(1331,56)
192.1317 	DATA 	Mouse:  Left button up, pos=(1331,56)
201.9558 	DATA 	Mouse: Left button down, pos=(1506,888)
202.0917 	DATA 	Mouse:  Left button up, pos=(1506,888)
214.2199 	DATA 	Mouse: Left button down, pos=(1672,679)
214.3318 	DATA 	Mouse:  Left button up, pos=(1672,679)
217.7318 	DATA 	Mouse: Left button down, pos=(909,1012)
217.7597 	INFO 	Experiment will have 360 trials. Letters will be drawn with superposed noise of 0.00%
217.7722 	EXP 	New trial (rep=0, index=0): {'leftStreamFlip': False, 'oneTarget': False, 'trialInstructionPos': (0, 1), 'probe': 'both', 'rightStreamFlip': False, 'horizVert': False, 'ISIframes': 2, 'rightResponseFirst': False}
217.7723 	INFO 	Starting main part of experiment
217.8390 	DATA 	Mouse:  Left button up, pos=(909,1012)
218.9542 	INFO 	numtrials=360 and this trialDurFrames=28 or 466.666666667 ms  task=T1
220.8714 	EXP 	window1: recordFrameIntervals = False
220.8810 	INFO 	Mouse: using default window
223.5549 	DATA 	Keypress: f
225.4884 	DATA 	Keypress: y
226.1214 	DATA 	Keypress: u
226.2956 	EXP 	New trial (rep=0, index=1): {'leftStreamFlip': False, 'oneTarget': False, 'trialInstructionPos': (0, 1), 'probe': 'both', 'rightStreamFlip': False, 'horizVert': False, 'ISIframes': 2, 'rightResponseFirst': True}
235.8043 	INFO 	numtrials=360 and this trialDurFrames=22 or 366.666666667 ms  task=T1
237.6711 	EXP 	window1: recordFrameIntervals = False
237.6783 	INFO 	Mouse: using default window
240.4218 	DATA 	Keypress: z
242.1713 	DATA 	Keypress: k
243.5887 	DATA 	Keypress: e
243.7428 	EXP 	New trial (rep=0, index=2): {'leftStreamFlip': False, 'oneTarget': False, 'trialInstructionPos': (0, 1), 'probe': 'both', 'rightStreamFlip': False, 'horizVert': False, 'ISIframes': 2, 'rightResponseFirst': False}
243.7549 	INFO 	numtrials=360 and this trialDurFrames=18 or 300.0 ms  task=T1
245.6374 	EXP 	window1: recordFrameIntervals = False
245.6450 	INFO 	Mouse: using default window
248.3215 	DATA 	Keypress: k
249.7047 	DATA 	Keypress: n
251.1564 	DATA 	Keypress: y
251.3181 	EXP 	New trial (rep=0, index=3): {'leftStreamFlip': False, 'oneTarget': False, 'trialInstructionPos': (0, -1), 'probe': 'both', 'rightStreamFlip': False, 'horizVert': False, 'ISIframes': 2, 'rightResponseFirst': False}
251.3379 	INFO 	numtrials=360 and this trialDurFrames=18 or 300.0 ms  task=T1
252.5877 	EXP 	window1: recordFrameIntervals = False
252.5946 	INFO 	Mouse: using default window
254.2880 	DATA 	Keypress: m
255.5548 	DATA 	Keypress: a
256.8884 	DATA 	Keypress: y
257.0344 	EXP 	New trial (rep=0, index=4): {'leftStreamFlip': False, 'oneTarget': False, 'trialInstructionPos': (0, -1), 'probe': 'both', 'rightStreamFlip': False, 'horizVert': False, 'ISIframes': 2, 'rightResponseFirst': True}
265.3879 	INFO 	numtrials=360 and this trialDurFrames=14 or 233.333333333 ms  task=T1
266.6378 	EXP 	window1: recordFrameIntervals = False
266.6449 	INFO 	Mouse: using default window
269.2884 	DATA 	Keypress: k
271.0214 	DATA 	Keypress: a
272.2049 	DATA 	Keypress: y
272.3442 	EXP 	New trial (rep=0, index=5): {'leftStreamFlip': False, 'oneTarget': False, 'trialInstructionPos': (0, -1), 'probe': 'both', 'rightStreamFlip': False, 'horizVert': False, 'ISIframes': 2, 'rightResponseFirst': True}
272.3542 	INFO 	numtrials=360 and this trialDurFrames=4 or 66.6666666667 ms  task=T1
273.4542 	EXP 	window1: recordFrameIntervals = False
273.4617 	INFO 	Mouse: using default window
277.4716 	DATA 	Keypress: k
278.2880 	DATA 	Keypress: m
279.5214 	DATA 	Keypress: r
279.6609 	EXP 	New trial (rep=0, index=6): {'leftStreamFlip': False, 'oneTarget': False, 'trialInstructionPos': (0, -1), 'probe': 'both', 'rightStreamFlip': False, 'horizVert': False, 'ISIframes': 2, 'rightResponseFirst': False}
279.6882 	INFO 	numtrials=360 and this trialDurFrames=4 or 66.6666666667 ms  task=T1
280.7208 	EXP 	window1: recordFrameIntervals = False
280.7280 	INFO 	Mouse: using default window
284.2549 	DATA 	Keypress: k
287.0547 	DATA 	Keypress: s
289.7049 	DATA 	Keypress: f
289.8442 	EXP 	New trial (rep=0, index=7): {'leftStreamFlip': False, 'oneTarget': False, 'trialInstructionPos': (0, 1), 'probe': 'both', 'rightStreamFlip': False, 'horizVert': False, 'ISIframes': 2, 'rightResponseFirst': True}
289.8546 	INFO 	numtrials=360 and this trialDurFrames=3 or 50.0 ms  task=T1
290.9377 	EXP 	window1: recordFrameIntervals = False
290.9448 	INFO 	Mouse: using default window
292.8881 	DATA 	Keypress: d
293.6380 	DATA 	Keypress: d
294.8051 	DATA 	Keypress: d
294.9503 	EXP 	New trial (rep=0, index=8): {'leftStreamFlip': False, 'oneTarget': False, 'trialInstructionPos': (0, -1), 'probe': 'both', 'rightStreamFlip': False, 'horizVert': False, 'ISIframes': 2, 'rightResponseFirst': False}
294.9710 	INFO 	numtrials=360 and this trialDurFrames=4 or 66.6666666667 ms  task=T1
296.1709 	EXP 	window1: recordFrameIntervals = False
296.1785 	INFO 	Mouse: using default window
298.8382 	DATA 	Keypress: z
300.3564 	DATA 	Keypress: m
302.3217 	DATA 	Keypress: y
302.4622 	EXP 	New trial (rep=0, index=9): {'leftStreamFlip': False, 'oneTarget': False, 'trialInstructionPos': (0, 1), 'probe': 'both', 'rightStreamFlip': False, 'horizVert': False, 'ISIframes': 2, 'rightResponseFirst': False}
302.4713 	INFO 	numtrials=360 and this trialDurFrames=4 or 66.6666666667 ms  task=T1
303.6041 	EXP 	window1: recordFrameIntervals = False
303.6115 	INFO 	Mouse: using default window
305.4050 	DATA 	Keypress: c
307.1565 	DATA 	Keypress: a
308.4050 	DATA 	Keypress: u
308.5460 	EXP 	New trial (rep=0, index=10): {'leftStreamFlip': False, 'oneTarget': False, 'trialInstructionPos': (0, -1), 'probe': 'both', 'rightStreamFlip': False, 'horizVert': False, 'ISIframes': 2, 'rightResponseFirst': True}
308.5710 	INFO 	numtrials=360 and this trialDurFrames=3 or 50.0 ms  task=T1
309.7708 	EXP 	window1: recordFrameIntervals = False
309.7782 	INFO 	Mouse: using default window
313.4551 	DATA 	Keypress: t
314.7053 	DATA 	Keypress: h
315.2551 	DATA 	Keypress: e
315.3930 	EXP 	New trial (rep=0, index=11): {'leftStreamFlip': False, 'oneTarget': False, 'trialInstructionPos': (0, 1), 'probe': 'both', 'rightStreamFlip': False, 'horizVert': False, 'ISIframes': 2, 'rightResponseFirst': True}
315.4047 	INFO 	numtrials=360 and this trialDurFrames=4 or 66.6666666667 ms  task=T1
316.5213 	EXP 	window1: recordFrameIntervals = False
316.5286 	INFO 	Mouse: using default window
319.3384 	DATA 	Keypress: y
321.1561 	DATA 	Keypress: a
321.8888 	DATA 	Keypress: f
322.0296 	EXP 	New trial (rep=1, index=0): {'leftStreamFlip': False, 'oneTarget': False, 'trialInstructionPos': (0, -1), 'probe': 'both', 'rightStreamFlip': False, 'horizVert': False, 'ISIframes': 2, 'rightResponseFirst': False}
322.0543 	INFO 	numtrials=360 and this trialDurFrames=4 or 66.6666666667 ms  task=T1
323.1046 	EXP 	window1: recordFrameIntervals = False
323.1119 	INFO 	Mouse: using default window
326.0889 	DATA 	Keypress: y
327.1731 	DATA 	Keypress: s
328.7570 	DATA 	Keypress: k
328.9119 	EXP 	New trial (rep=1, index=1): {'leftStreamFlip': False, 'oneTarget': False, 'trialInstructionPos': (0, 1), 'probe': 'both', 'rightStreamFlip': False, 'horizVert': False, 'ISIframes': 2, 'rightResponseFirst': True}
328.9215 	INFO 	numtrials=360 and this trialDurFrames=4 or 66.6666666667 ms  task=T1
329.9377 	EXP 	window1: recordFrameIntervals = False
329.9452 	INFO 	Mouse: using default window
333.4885 	DATA 	Keypress: g
334.2883 	DATA 	Keypress: a
334.7562 	DATA 	Keypress: y
334.9106 	EXP 	New trial (rep=1, index=2): {'leftStreamFlip': False, 'oneTarget': False, 'trialInstructionPos': (0, 1), 'probe': 'both', 'rightStreamFlip': False, 'horizVert': False, 'ISIframes': 2, 'rightResponseFirst': False}
334.9213 	INFO 	numtrials=360 and this trialDurFrames=4 or 66.6666666667 ms  task=T1
336.1375 	EXP 	window1: recordFrameIntervals = False
336.1448 	INFO 	Mouse: using default window
338.4714 	DATA 	Keypress: t
339.6382 	DATA 	Keypress: u
340.9385 	DATA 	Keypress: e
341.0773 	EXP 	New trial (rep=1, index=3): {'leftStreamFlip': False, 'oneTarget': False, 'trialInstructionPos': (0, 1), 'probe': 'both', 'rightStreamFlip': False, 'horizVert': False, 'ISIframes': 2, 'rightResponseFirst': True}
341.0886 	INFO 	numtrials=360 and this trialDurFrames=4 or 66.6666666667 ms  task=T1
342.2544 	EXP 	window1: recordFrameIntervals = False
342.2620 	INFO 	Mouse: using default window
344.4051 	DATA 	Keypress: m
345.6887 	DATA 	Keypress: k
347.6547 	DATA 	Keypress: z
347.7937 	EXP 	New trial (rep=1, index=4): {'leftStreamFlip': False, 'oneTarget': False, 'trialInstructionPos': (0, 1), 'probe': 'both', 'rightStreamFlip': False, 'horizVert': False, 'ISIframes': 2, 'rightResponseFirst': False}
347.8045 	INFO 	numtrials=360 and this trialDurFrames=4 or 66.6666666667 ms  task=T1
349.0046 	EXP 	window1: recordFrameIntervals = False
349.0120 	INFO 	Mouse: using default window
352.4055 	DATA 	Keypress: s
354.6556 	DATA 	Keypress: j
355.6389 	DATA 	Keypress: g
355.7779 	EXP 	New trial (rep=1, index=5): {'leftStreamFlip': False, 'oneTarget': False, 'trialInstructionPos': (0, -1), 'probe': 'both', 'rightStreamFlip': False, 'horizVert': False, 'ISIframes': 2, 'rightResponseFirst': True}
355.7886 	INFO 	numtrials=360 and this trialDurFrames=4 or 66.6666666667 ms  task=T1
356.7877 	EXP 	window1: recordFrameIntervals = False
356.7952 	INFO 	Mouse: using default window
358.2551 	DATA 	Keypress: j
358.3896 	DATA 	Keypress: k
358.4883 	DATA 	Keypress: s
358.6264 	EXP 	New trial (rep=1, index=6): {'leftStreamFlip': False, 'oneTarget': False, 'trialInstructionPos': (0, -1), 'probe': 'both', 'rightStreamFlip': False, 'horizVert': False, 'ISIframes': 2, 'rightResponseFirst': True}
358.6380 	INFO 	numtrials=360 and this trialDurFrames=4 or 66.6666666667 ms  task=T1
359.1557 	DATA 	Keypress: s
359.7717 	EXP 	window1: recordFrameIntervals = False
359.7784 	INFO 	Mouse: using default window
360.6383 	DATA 	Keypress: s
360.8217 	DATA 	Keypress: k
360.9214 	DATA 	Keypress: j
361.0615 	EXP 	New trial (rep=1, index=7): {'leftStreamFlip': False, 'oneTarget': False, 'trialInstructionPos': (0, -1), 'probe': 'both', 'rightStreamFlip': False, 'horizVert': False, 'ISIframes': 2, 'rightResponseFirst': False}
361.0879 	INFO 	numtrials=360 and this trialDurFrames=4 or 66.6666666667 ms  task=T1
362.2542 	EXP 	window1: recordFrameIntervals = False
362.2619 	INFO 	Mouse: using default window
364.7897 	DATA 	Keypress: s
366.3548 	DATA 	Keypress: z
366.9884 	DATA 	Keypress: a
367.1271 	EXP 	New trial (rep=1, index=8): {'leftStreamFlip': False, 'oneTarget': False, 'trialInstructionPos': (0, 1), 'probe': 'both', 'rightStreamFlip': False, 'horizVert': False, 'ISIframes': 2, 'rightResponseFirst': True}
367.1376 	INFO 	numtrials=360 and this trialDurFrames=4 or 66.6666666667 ms  task=T1
368.2377 	EXP 	window1: recordFrameIntervals = False
368.2449 	INFO 	Mouse: using default window
371.4055 	DATA 	Keypress: s
371.9052 	DATA 	Keypress: g
373.4382 	DATA 	Keypress: e
373.5791 	EXP 	New trial (rep=1, index=9): {'leftStreamFlip': False, 'oneTarget': False, 'trialInstructionPos': (0, -1), 'probe': 'both', 'rightStreamFlip': False, 'horizVert': False, 'ISIframes': 2, 'rightResponseFirst': False}
373.5900 	INFO 	numtrials=360 and this trialDurFrames=4 or 66.6666666667 ms  task=T1
374.6711 	EXP 	window1: recordFrameIntervals = False
374.6784 	INFO 	Mouse: using default window
376.7386 	DATA 	Keypress: m
378.0383 	DATA 	Keypress: j
378.5048 	DATA 	Keypress: s
378.6407 	EXP 	New trial (rep=1, index=10): {'leftStreamFlip': False, 'oneTarget': False, 'trialInstructionPos': (0, 1), 'probe': 'both', 'rightStreamFlip': False, 'horizVert': False, 'ISIframes': 2, 'rightResponseFirst': False}
378.6542 	INFO 	numtrials=360 and this trialDurFrames=4 or 66.6666666667 ms  task=T1
379.6712 	EXP 	window1: recordFrameIntervals = False
379.6781 	INFO 	Mouse: using default window
383.4052 	DATA 	Keypress: e
384.3561 	DATA 	Keypress: z
386.2384 	DATA 	Keypress: a
386.3762 	EXP 	New trial (rep=1, index=11): {'leftStreamFlip': False, 'oneTarget': False, 'trialInstructionPos': (0, -1), 'probe': 'both', 'rightStreamFlip': False, 'horizVert': False, 'ISIframes': 2, 'rightResponseFirst': True}
386.3877 	INFO 	numtrials=360 and this trialDurFrames=4 or 66.6666666667 ms  task=T1
387.5711 	EXP 	window1: recordFrameIntervals = False
387.5784 	INFO 	Mouse: using default window
389.5400 	DATA 	Keypress: t
390.6885 	DATA 	Keypress: e
393.2215 	DATA 	Keypress: z
393.3608 	EXP 	New trial (rep=2, index=0): {'leftStreamFlip': False, 'oneTarget': False, 'trialInstructionPos': (0, 1), 'probe': 'both', 'rightStreamFlip': False, 'horizVert': False, 'ISIframes': 2, 'rightResponseFirst': True}
393.3713 	INFO 	numtrials=360 and this trialDurFrames=4 or 66.6666666667 ms  task=T1
394.4878 	EXP 	window1: recordFrameIntervals = False
394.4954 	INFO 	Mouse: using default window
398.5219 	DATA 	Keypress: e
399.2887 	DATA 	Keypress: r
399.9570 	DATA 	Keypress: d
400.1107 	EXP 	New trial (rep=2, index=1): {'leftStreamFlip': False, 'oneTarget': False, 'trialInstructionPos': (0, -1), 'probe': 'both', 'rightStreamFlip': False, 'horizVert': False, 'ISIframes': 2, 'rightResponseFirst': True}
400.1214 	INFO 	numtrials=360 and this trialDurFrames=4 or 66.6666666667 ms  task=T1
401.2546 	EXP 	window1: recordFrameIntervals = False
401.2614 	INFO 	Mouse: using default window
403.6048 	DATA 	Keypress: m
404.7052 	DATA 	Keypress: g
406.1219 	DATA 	Keypress: z
406.2721 	EXP 	New trial (rep=2, index=2): {'leftStreamFlip': False, 'oneTarget': False, 'trialInstructionPos': (0, 1), 'probe': 'both', 'rightStreamFlip': False, 'horizVert': False, 'ISIframes': 2, 'rightResponseFirst': False}
406.2878 	INFO 	numtrials=360 and this trialDurFrames=4 or 66.6666666667 ms  task=T1
407.3046 	EXP 	window1: recordFrameIntervals = False
407.3120 	INFO 	Mouse: using default window
409.4549 	DATA 	Keypress: e
410.2552 	DATA 	Keypress: k
412.3222 	DATA 	Keypress: m
412.4625 	EXP 	New trial (rep=2, index=3): {'leftStreamFlip': False, 'oneTarget': False, 'trialInstructionPos': (0, 1), 'probe': 'both', 'rightStreamFlip': False, 'horizVert': False, 'ISIframes': 2, 'rightResponseFirst': True}
412.4879 	INFO 	numtrials=360 and this trialDurFrames=4 or 66.6666666667 ms  task=T1
413.4711 	EXP 	window1: recordFrameIntervals = False
413.4789 	INFO 	Mouse: using default window
416.0885 	DATA 	Keypress: x
418.2051 	DATA 	Keypress: r
419.2886 	DATA 	Keypress: y
419.4289 	EXP 	New trial (rep=2, index=4): {'leftStreamFlip': False, 'oneTarget': False, 'trialInstructionPos': (0, 1), 'probe': 'both', 'rightStreamFlip': False, 'horizVert': False, 'ISIframes': 2, 'rightResponseFirst': False}
419.4390 	INFO 	numtrials=360 and this trialDurFrames=4 or 66.6666666667 ms  task=T1
420.4215 	EXP 	window1: recordFrameIntervals = False
420.4291 	INFO 	Mouse: using default window
422.1221 	DATA 	Keypress: r
424.8885 	DATA 	Keypress: z
425.5552 	DATA 	Keypress: k
425.6944 	EXP 	New trial (rep=2, index=5): {'leftStreamFlip': False, 'oneTarget': False, 'trialInstructionPos': (0, -1), 'probe': 'both', 'rightStreamFlip': False, 'horizVert': False, 'ISIframes': 2, 'rightResponseFirst': False}
425.7052 	INFO 	numtrials=360 and this trialDurFrames=4 or 66.6666666667 ms  task=T1
426.7545 	EXP 	window1: recordFrameIntervals = False
426.7622 	INFO 	Mouse: using default window
428.9886 	DATA 	Keypress: t
429.9562 	DATA 	Keypress: m
431.9385 	DATA 	Keypress: u
432.0776 	EXP 	New trial (rep=2, index=6): {'leftStreamFlip': False, 'oneTarget': False, 'trialInstructionPos': (0, 1), 'probe': 'both', 'rightStreamFlip': False, 'horizVert': False, 'ISIframes': 2, 'rightResponseFirst': True}
432.0877 	INFO 	numtrials=360 and this trialDurFrames=4 or 66.6666666667 ms  task=T1
433.3046 	EXP 	window1: recordFrameIntervals = False
433.3119 	INFO 	Mouse: using default window
445.7549 	DATA 	Keypress: u
446.7224 	DATA 	Keypress: m
447.2384 	DATA 	Keypress: m
447.3789 	EXP 	New trial (rep=2, index=7): {'leftStreamFlip': False, 'oneTarget': False, 'trialInstructionPos': (0, -1), 'probe': 'both', 'rightStreamFlip': False, 'horizVert': False, 'ISIframes': 2, 'rightResponseFirst': False}
447.3884 	INFO 	numtrials=360 and this trialDurFrames=4 or 66.6666666667 ms  task=T1
448.6049 	EXP 	window1: recordFrameIntervals = False
448.6125 	INFO 	Mouse: using default window
450.7730 	DATA 	Keypress: z
452.0216 	DATA 	Keypress: e
452.5720 	DATA 	Keypress: s
452.7104 	EXP 	New trial (rep=2, index=8): {'leftStreamFlip': False, 'oneTarget': False, 'trialInstructionPos': (0, -1), 'probe': 'both', 'rightStreamFlip': False, 'horizVert': False, 'ISIframes': 2, 'rightResponseFirst': True}
452.7213 	INFO 	numtrials=360 and this trialDurFrames=4 or 66.6666666667 ms  task=T1
453.8215 	EXP 	window1: recordFrameIntervals = False
453.8285 	INFO 	Mouse: using default window
456.7567 	DATA 	Keypress: a
457.7052 	DATA 	Keypress: f
458.0720 	DATA 	Keypress: f
458.2188 	EXP 	New trial (rep=2, index=9): {'leftStreamFlip': False, 'oneTarget': False, 'trialInstructionPos': (0, -1), 'probe': 'both', 'rightStreamFlip': False, 'horizVert': False, 'ISIframes': 2, 'rightResponseFirst': True}
458.2380 	INFO 	numtrials=360 and this trialDurFrames=4 or 66.6666666667 ms  task=T1
459.2879 	EXP 	window1: recordFrameIntervals = False
459.2950 	INFO 	Mouse: using default window
461.0554 	DATA 	Keypress: r
461.5553 	DATA 	Keypress: s
462.8555 	DATA 	Keypress: s
462.9938 	EXP 	New trial (rep=2, index=10): {'leftStreamFlip': False, 'oneTarget': False, 'trialInstructionPos': (0, -1), 'probe': 'both', 'rightStreamFlip': False, 'horizVert': False, 'ISIframes': 2, 'rightResponseFirst': False}
463.0049 	INFO 	numtrials=360 and this trialDurFrames=4 or 66.6666666667 ms  task=T1
464.0711 	EXP 	window1: recordFrameIntervals = False
464.0787 	INFO 	Mouse: using default window
466.7554 	DATA 	Keypress: e
469.9050 	DATA 	Keypress: m
471.0216 	DATA 	Keypress: s
471.1604 	EXP 	New trial (rep=2, index=11): {'leftStreamFlip': False, 'oneTarget': False, 'trialInstructionPos': (0, 1), 'probe': 'both', 'rightStreamFlip': False, 'horizVert': False, 'ISIframes': 2, 'rightResponseFirst': False}
471.1715 	INFO 	numtrials=360 and this trialDurFrames=4 or 66.6666666667 ms  task=T1
472.2379 	EXP 	window1: recordFrameIntervals = False
472.2452 	INFO 	Mouse: using default window
475.0552 	DATA 	Keypress: e
476.5385 	DATA 	Keypress: u
477.0053 	DATA 	Keypress: c
477.1457 	EXP 	New trial (rep=3, index=0): {'leftStreamFlip': False, 'oneTarget': False, 'trialInstructionPos': (0, 1), 'probe': 'both', 'rightStreamFlip': False, 'horizVert': False, 'ISIframes': 2, 'rightResponseFirst': True}
477.1547 	INFO 	numtrials=360 and this trialDurFrames=4 or 66.6666666667 ms  task=T1
478.2547 	EXP 	window1: recordFrameIntervals = False
478.2621 	INFO 	Mouse: using default window
483.1886 	DATA 	Keypress: j
483.3720 	DATA 	Keypress: j
483.5385 	DATA 	Keypress: j
483.6778 	EXP 	New trial (rep=3, index=1): {'leftStreamFlip': False, 'oneTarget': False, 'trialInstructionPos': (0, -1), 'probe': 'both', 'rightStreamFlip': False, 'horizVert': False, 'ISIframes': 2, 'rightResponseFirst': False}
483.6883 	INFO 	numtrials=360 and this trialDurFrames=4 or 66.6666666667 ms  task=T1
484.6714 	EXP 	window1: recordFrameIntervals = False
484.6785 	INFO 	Mouse: using default window
486.6385 	DATA 	Keypress: g
487.9054 	DATA 	Keypress: e
489.2386 	DATA 	Keypress: f
489.3769 	EXP 	New trial (rep=3, index=2): {'leftStreamFlip': False, 'oneTarget': False, 'trialInstructionPos': (0, -1), 'probe': 'both', 'rightStreamFlip': False, 'horizVert': False, 'ISIframes': 2, 'rightResponseFirst': True}
489.3879 	INFO 	numtrials=360 and this trialDurFrames=4 or 66.6666666667 ms  task=T1
490.5712 	EXP 	window1: recordFrameIntervals = False
490.5787 	INFO 	Mouse: using default window
495.2051 	DATA 	Keypress: n
495.7050 	DATA 	Keypress: a
496.7050 	DATA 	Keypress: u
496.8437 	EXP 	New trial (rep=3, index=3): {'leftStreamFlip': False, 'oneTarget': False, 'trialInstructionPos': (0, -1), 'probe': 'both', 'rightStreamFlip': False, 'horizVert': False, 'ISIframes': 2, 'rightResponseFirst': True}
496.8547 	INFO 	numtrials=360 and this trialDurFrames=4 or 66.6666666667 ms  task=T1
498.0544 	EXP 	window1: recordFrameIntervals = False
498.0620 	INFO 	Mouse: using default window
500.0885 	DATA 	Keypress: c
500.8051 	DATA 	Keypress: h
501.3054 	DATA 	Keypress: r
501.4459 	EXP 	New trial (rep=3, index=4): {'leftStreamFlip': False, 'oneTarget': False, 'trialInstructionPos': (0, 1), 'probe': 'both', 'rightStreamFlip': False, 'horizVert': False, 'ISIframes': 2, 'rightResponseFirst': False}
501.4721 	INFO 	numtrials=360 and this trialDurFrames=4 or 66.6666666667 ms  task=T1
502.6713 	EXP 	window1: recordFrameIntervals = False
502.6788 	INFO 	Mouse: using default window
504.1054 	DATA 	Keypress: y
504.6550 	DATA 	Keypress: u
505.1887 	DATA 	Keypress: y
505.3278 	EXP 	New trial (rep=3, index=5): {'leftStreamFlip': False, 'oneTarget': False, 'trialInstructionPos': (0, -1), 'probe': 'both', 'rightStreamFlip': False, 'horizVert': False, 'ISIframes': 2, 'rightResponseFirst': False}
505.3382 	INFO 	numtrials=360 and this trialDurFrames=4 or 66.6666666667 ms  task=T1
506.4713 	EXP 	window1: recordFrameIntervals = False
506.4787 	INFO 	Mouse: using default window
509.6558 	DATA 	Keypress: f
511.4056 	DATA 	Keypress: j
513.0384 	DATA 	Keypress: h
513.1767 	EXP 	New trial (rep=3, index=6): {'leftStreamFlip': False, 'oneTarget': False, 'trialInstructionPos': (0, -1), 'probe': 'both', 'rightStreamFlip': False, 'horizVert': False, 'ISIframes': 2, 'rightResponseFirst': True}
513.1881 	INFO 	numtrials=360 and this trialDurFrames=4 or 66.6666666667 ms  task=T1
514.2551 	EXP 	window1: recordFrameIntervals = False
514.2619 	INFO 	Mouse: using default window
516.2885 	DATA 	Keypress: e
517.0220 	DATA 	Keypress: e
517.4717 	DATA 	Keypress: f
517.6108 	EXP 	New trial (rep=3, index=7): {'leftStreamFlip': False, 'oneTarget': False, 'trialInstructionPos': (0, -1), 'probe': 'both', 'rightStreamFlip': False, 'horizVert': False, 'ISIframes': 2, 'rightResponseFirst': False}
517.6217 	INFO 	numtrials=360 and this trialDurFrames=4 or 66.6666666667 ms  task=T1
518.6379 	EXP 	window1: recordFrameIntervals = False
518.6458 	INFO 	Mouse: using default window
523.8721 	DATA 	Keypress: f
524.3054 	DATA 	Keypress: u
525.1403 	DATA 	Keypress: y
525.2947 	EXP 	New trial (rep=3, index=8): {'leftStreamFlip': False, 'oneTarget': False, 'trialInstructionPos': (0, 1), 'probe': 'both', 'rightStreamFlip': False, 'horizVert': False, 'ISIframes': 2, 'rightResponseFirst': False}
525.3054 	INFO 	numtrials=360 and this trialDurFrames=4 or 66.6666666667 ms  task=T1
526.5214 	EXP 	window1: recordFrameIntervals = False
526.5289 	INFO 	Mouse: using default window
528.6221 	DATA 	Keypress: a
529.3721 	DATA 	Keypress: z
530.6883 	DATA 	Keypress: u
530.8267 	EXP 	New trial (rep=3, index=9): {'leftStreamFlip': False, 'oneTarget': False, 'trialInstructionPos': (0, 1), 'probe': 'both', 'rightStreamFlip': False, 'horizVert': False, 'ISIframes': 2, 'rightResponseFirst': True}
530.8380 	INFO 	numtrials=360 and this trialDurFrames=4 or 66.6666666667 ms  task=T1
531.9211 	EXP 	window1: recordFrameIntervals = False
531.9287 	INFO 	Mouse: using default window
536.6220 	DATA 	Keypress: t
540.1884 	DATA 	Keypress: u
541.0551 	DATA 	Keypress: f
541.1922 	EXP 	New trial (rep=3, index=10): {'leftStreamFlip': False, 'oneTarget': False, 'trialInstructionPos': (0, 1), 'probe': 'both', 'rightStreamFlip': False, 'horizVert': False, 'ISIframes': 2, 'rightResponseFirst': False}
541.2047 	INFO 	numtrials=360 and this trialDurFrames=4 or 66.6666666667 ms  task=T1
542.2380 	EXP 	window1: recordFrameIntervals = False
542.2459 	INFO 	Mouse: using default window
543.1886 	DATA 	Keypress: f
543.3888 	DATA 	Keypress: f
543.5564 	DATA 	Keypress: f
543.7097 	EXP 	New trial (rep=3, index=11): {'leftStreamFlip': False, 'oneTarget': False, 'trialInstructionPos': (0, 1), 'probe': 'both', 'rightStreamFlip': False, 'horizVert': False, 'ISIframes': 2, 'rightResponseFirst': True}
543.7214 	INFO 	numtrials=360 and this trialDurFrames=4 or 66.6666666667 ms  task=T1
544.8880 	EXP 	window1: recordFrameIntervals = False
544.8952 	INFO 	Mouse: using default window
546.8721 	DATA 	Keypress: a
548.5387 	DATA 	Keypress: g
550.3890 	DATA 	Keypress: s
550.5287 	EXP 	New trial (rep=4, index=0): {'leftStreamFlip': False, 'oneTarget': False, 'trialInstructionPos': (0, 1), 'probe': 'both', 'rightStreamFlip': False, 'horizVert': False, 'ISIframes': 2, 'rightResponseFirst': False}
550.5392 	INFO 	numtrials=360 and this trialDurFrames=4 or 66.6666666667 ms  task=T1
551.6214 	EXP 	window1: recordFrameIntervals = False
551.6288 	INFO 	Mouse: using default window
552.7222 	DATA 	Keypress: s
552.8884 	DATA 	Keypress: s
553.5217 	DATA 	Keypress: s
553.6599 	EXP 	New trial (rep=4, index=1): {'leftStreamFlip': False, 'oneTarget': False, 'trialInstructionPos': (0, -1), 'probe': 'both', 'rightStreamFlip': False, 'horizVert': False, 'ISIframes': 2, 'rightResponseFirst': False}
553.6716 	INFO 	numtrials=360 and this trialDurFrames=4 or 66.6666666667 ms  task=T1
554.7379 	EXP 	window1: recordFrameIntervals = False
554.7454 	INFO 	Mouse: using default window
557.8717 	DATA 	Keypress: h
559.7051 	DATA 	Keypress: e
560.6217 	DATA 	Keypress: m
560.7634 	EXP 	New trial (rep=4, index=2): {'leftStreamFlip': False, 'oneTarget': False, 'trialInstructionPos': (0, -1), 'probe': 'both', 'rightStreamFlip': False, 'horizVert': False, 'ISIframes': 2, 'rightResponseFirst': False}
560.7880 	INFO 	numtrials=360 and this trialDurFrames=4 or 66.6666666667 ms  task=T1
561.9049 	EXP 	window1: recordFrameIntervals = False
561.9120 	INFO 	Mouse: using default window
567.4220 	DATA 	Keypress: s
568.6385 	DATA 	Keypress: g
599.5569 	DATA 	Keypress: a
599.7105 	EXP 	New trial (rep=4, index=3): {'leftStreamFlip': False, 'oneTarget': False, 'trialInstructionPos': (0, 1), 'probe': 'both', 'rightStreamFlip': False, 'horizVert': False, 'ISIframes': 2, 'rightResponseFirst': True}
599.7214 	INFO 	numtrials=360 and this trialDurFrames=4 or 66.6666666667 ms  task=T1
600.7379 	EXP 	window1: recordFrameIntervals = False
600.7456 	INFO 	Mouse: using default window
603.5387 	DATA 	Keypress: y
604.2554 	DATA 	Keypress: t
605.2386 	DATA 	Keypress: c
605.3766 	EXP 	New trial (rep=4, index=4): {'leftStreamFlip': False, 'oneTarget': False, 'trialInstructionPos': (0, -1), 'probe': 'both', 'rightStreamFlip': False, 'horizVert': False, 'ISIframes': 2, 'rightResponseFirst': True}
605.3883 	INFO 	numtrials=360 and this trialDurFrames=4 or 66.6666666667 ms  task=T1
606.4882 	EXP 	window1: recordFrameIntervals = False
606.4958 	INFO 	Mouse: using default window
608.4555 	DATA 	Keypress: r
609.1057 	DATA 	Keypress: h
610.2055 	DATA 	Keypress: h
610.3444 	EXP 	New trial (rep=4, index=5): {'leftStreamFlip': False, 'oneTarget': False, 'trialInstructionPos': (0, 1), 'probe': 'both', 'rightStreamFlip': False, 'horizVert': False, 'ISIframes': 2, 'rightResponseFirst': False}
610.3553 	INFO 	numtrials=360 and this trialDurFrames=4 or 66.6666666667 ms  task=T1
611.4716 	EXP 	window1: recordFrameIntervals = False
611.4790 	INFO 	Mouse: using default window
614.1219 	DATA 	Keypress: j
615.2884 	DATA 	Keypress: r
615.7551 	DATA 	Keypress: u
615.8957 	EXP 	New trial (rep=4, index=6): {'leftStreamFlip': False, 'oneTarget': False, 'trialInstructionPos': (0, -1), 'probe': 'both', 'rightStreamFlip': False, 'horizVert': False, 'ISIframes': 2, 'rightResponseFirst': True}
615.9214 	INFO 	numtrials=360 and this trialDurFrames=4 or 66.6666666667 ms  task=T1
617.0049 	EXP 	window1: recordFrameIntervals = False
617.0122 	INFO 	Mouse: using default window
619.3222 	DATA 	Keypress: m
620.0718 	DATA 	Keypress: k
620.9888 	DATA 	Keypress: r
621.1269 	EXP 	New trial (rep=4, index=7): {'leftStreamFlip': False, 'oneTarget': False, 'trialInstructionPos': (0, -1), 'probe': 'both', 'rightStreamFlip': False, 'horizVert': False, 'ISIframes': 2, 'rightResponseFirst': True}
621.1385 	INFO 	numtrials=360 and this trialDurFrames=4 or 66.6666666667 ms  task=T1
622.2715 	EXP 	window1: recordFrameIntervals = False
622.2787 	INFO 	Mouse: using default window
623.8385 	DATA 	Keypress: m
625.7219 	DATA 	Keypress: n
626.2722 	DATA 	Keypress: u
626.4111 	EXP 	New trial (rep=4, index=8): {'leftStreamFlip': False, 'oneTarget': False, 'trialInstructionPos': (0, 1), 'probe': 'both', 'rightStreamFlip': False, 'horizVert': False, 'ISIframes': 2, 'rightResponseFirst': True}
626.4215 	INFO 	numtrials=360 and this trialDurFrames=4 or 66.6666666667 ms  task=T1
627.5880 	EXP 	window1: recordFrameIntervals = False
627.5954 	INFO 	Mouse: using default window
629.5054 	DATA 	Keypress: t
631.0387 	DATA 	Keypress: m
632.2553 	DATA 	Keypress: c
632.3926 	EXP 	New trial (rep=4, index=9): {'leftStreamFlip': False, 'oneTarget': False, 'trialInstructionPos': (0, -1), 'probe': 'both', 'rightStreamFlip': False, 'horizVert': False, 'ISIframes': 2, 'rightResponseFirst': False}
632.4048 	INFO 	numtrials=360 and this trialDurFrames=4 or 66.6666666667 ms  task=T1
633.5880 	EXP 	window1: recordFrameIntervals = False
633.5954 	INFO 	Mouse: using default window
636.9885 	DATA 	Keypress: g
638.2721 	DATA 	Keypress: u
639.3718 	DATA 	Keypress: m
639.5105 	EXP 	New trial (rep=4, index=10): {'leftStreamFlip': False, 'oneTarget': False, 'trialInstructionPos': (0, 1), 'probe': 'both', 'rightStreamFlip': False, 'horizVert': False, 'ISIframes': 2, 'rightResponseFirst': False}
639.5214 	INFO 	numtrials=360 and this trialDurFrames=4 or 66.6666666667 ms  task=T1
640.5045 	EXP 	window1: recordFrameIntervals = False
640.5120 	INFO 	Mouse: using default window
642.5226 	DATA 	Keypress: u
647.1888 	DATA 	Keypress: u
648.7221 	DATA 	Keypress: e
648.8598 	EXP 	New trial (rep=4, index=11): {'leftStreamFlip': False, 'oneTarget': False, 'trialInstructionPos': (0, 1), 'probe': 'both', 'rightStreamFlip': False, 'horizVert': False, 'ISIframes': 2, 'rightResponseFirst': True}
648.8714 	INFO 	numtrials=360 and this trialDurFrames=4 or 66.6666666667 ms  task=T1
649.8714 	EXP 	window1: recordFrameIntervals = False
649.8789 	INFO 	Mouse: using default window
653.7219 	DATA 	Keypress: c
655.0887 	DATA 	Keypress: y
656.1057 	DATA 	Keypress: y
656.2442 	EXP 	New trial (rep=5, index=0): {'leftStreamFlip': False, 'oneTarget': False, 'trialInstructionPos': (0, -1), 'probe': 'both', 'rightStreamFlip': False, 'horizVert': False, 'ISIframes': 2, 'rightResponseFirst': True}
656.2552 	INFO 	numtrials=360 and this trialDurFrames=4 or 66.6666666667 ms  task=T1
657.2720 	EXP 	window1: recordFrameIntervals = False
657.2791 	INFO 	Mouse: using default window
660.9553 	DATA 	Keypress: a
662.5389 	DATA 	Keypress: z
663.1219 	DATA 	Keypress: m
663.2616 	EXP 	New trial (rep=5, index=1): {'leftStreamFlip': False, 'oneTarget': False, 'trialInstructionPos': (0, 1), 'probe': 'both', 'rightStreamFlip': False, 'horizVert': False, 'ISIframes': 2, 'rightResponseFirst': False}
663.2722 	INFO 	numtrials=360 and this trialDurFrames=4 or 66.6666666667 ms  task=T1
664.3547 	EXP 	window1: recordFrameIntervals = False
664.3620 	INFO 	Mouse: using default window
667.9570 	DATA 	Keypress: n
668.5721 	DATA 	Keypress: j
669.5736 	DATA 	Keypress: c
669.7277 	EXP 	New trial (rep=5, index=2): {'leftStreamFlip': False, 'oneTarget': False, 'trialInstructionPos': (0, 1), 'probe': 'both', 'rightStreamFlip': False, 'horizVert': False, 'ISIframes': 2, 'rightResponseFirst': False}
669.7387 	INFO 	numtrials=360 and this trialDurFrames=4 or 66.6666666667 ms  task=T1
670.9382 	EXP 	window1: recordFrameIntervals = False
670.9455 	INFO 	Mouse: using default window
676.5386 	DATA 	Keypress: f
677.3226 	DATA 	Keypress: e
677.7560 	DATA 	Keypress: c
677.8939 	EXP 	New trial (rep=5, index=3): {'leftStreamFlip': False, 'oneTarget': False, 'trialInstructionPos': (0, -1), 'probe': 'both', 'rightStreamFlip': False, 'horizVert': False, 'ISIframes': 2, 'rightResponseFirst': True}
677.9051 	INFO 	numtrials=360 and this trialDurFrames=4 or 66.6666666667 ms  task=T1
678.9715 	EXP 	window1: recordFrameIntervals = False
678.9790 	INFO 	Mouse: using default window
681.1052 	DATA 	Keypress: k
682.5724 	DATA 	Keypress: t
683.2886 	DATA 	Keypress: s
683.4280 	EXP 	New trial (rep=5, index=4): {'leftStreamFlip': False, 'oneTarget': False, 'trialInstructionPos': (0, -1), 'probe': 'both', 'rightStreamFlip': False, 'horizVert': False, 'ISIframes': 2, 'rightResponseFirst': False}
683.4388 	INFO 	numtrials=360 and this trialDurFrames=4 or 66.6666666667 ms  task=T1
684.5215 	EXP 	window1: recordFrameIntervals = False
684.5290 	INFO 	Mouse: using default window
690.9894 	DATA 	Keypress: e
692.3227 	DATA 	Keypress: z
693.4557 	DATA 	Keypress: g
693.5937 	EXP 	New trial (rep=5, index=5): {'leftStreamFlip': False, 'oneTarget': False, 'trialInstructionPos': (0, 1), 'probe': 'both', 'rightStreamFlip': False, 'horizVert': False, 'ISIframes': 2, 'rightResponseFirst': False}
693.6049 	INFO 	numtrials=360 and this trialDurFrames=4 or 66.6666666667 ms  task=T1
694.6215 	EXP 	window1: recordFrameIntervals = False
694.6290 	INFO 	Mouse: using default window
703.8721 	DATA 	Keypress: f
704.3221 	DATA 	Keypress: g
705.7886 	DATA 	Keypress: d
705.9277 	EXP 	New trial (rep=5, index=6): {'leftStreamFlip': False, 'oneTarget': False, 'trialInstructionPos': (0, 1), 'probe': 'both', 'rightStreamFlip': False, 'horizVert': False, 'ISIframes': 2, 'rightResponseFirst': True}
705.9384 	INFO 	numtrials=360 and this trialDurFrames=4 or 66.6666666667 ms  task=T1
707.0548 	EXP 	window1: recordFrameIntervals = False
707.0621 	INFO 	Mouse: using default window
709.0389 	DATA 	Keypress: e
710.0222 	DATA 	Keypress: c
710.5886 	DATA 	Keypress: s
710.7284 	EXP 	New trial (rep=5, index=7): {'leftStreamFlip': False, 'oneTarget': False, 'trialInstructionPos': (0, -1), 'probe': 'both', 'rightStreamFlip': False, 'horizVert': False, 'ISIframes': 2, 'rightResponseFirst': False}
710.7387 	INFO 	numtrials=360 and this trialDurFrames=4 or 66.6666666667 ms  task=T1
711.7381 	EXP 	window1: recordFrameIntervals = False
711.7456 	INFO 	Mouse: using default window
713.5386 	DATA 	Keypress: y
716.7728 	DATA 	Keypress: a
717.4224 	DATA 	Keypress: y
717.5587 	EXP 	New trial (rep=5, index=8): {'leftStreamFlip': False, 'oneTarget': False, 'trialInstructionPos': (0, -1), 'probe': 'both', 'rightStreamFlip': False, 'horizVert': False, 'ISIframes': 2, 'rightResponseFirst': False}
717.5716 	INFO 	numtrials=360 and this trialDurFrames=4 or 66.6666666667 ms  task=T1
718.6717 	EXP 	window1: recordFrameIntervals = False
718.6793 	INFO 	Mouse: using default window
722.7056 	DATA 	Keypress: f
723.3394 	DATA 	Keypress: s
723.8058 	DATA 	Keypress: t
723.9440 	EXP 	New trial (rep=5, index=9): {'leftStreamFlip': False, 'oneTarget': False, 'trialInstructionPos': (0, -1), 'probe': 'both', 'rightStreamFlip': False, 'horizVert': False, 'ISIframes': 2, 'rightResponseFirst': True}
723.9548 	INFO 	numtrials=360 and this trialDurFrames=4 or 66.6666666667 ms  task=T1
725.0383 	EXP 	window1: recordFrameIntervals = False
725.0449 	INFO 	Mouse: using default window
730.1887 	DATA 	Keypress: m
732.6226 	DATA 	Keypress: c
733.0224 	DATA 	Keypress: r
733.1607 	EXP 	New trial (rep=5, index=10): {'leftStreamFlip': False, 'oneTarget': False, 'trialInstructionPos': (0, 1), 'probe': 'both', 'rightStreamFlip': False, 'horizVert': False, 'ISIframes': 2, 'rightResponseFirst': True}
733.1720 	INFO 	numtrials=360 and this trialDurFrames=4 or 66.6666666667 ms  task=T1
734.3214 	EXP 	window1: recordFrameIntervals = False
734.3291 	INFO 	Mouse: using default window
737.3388 	DATA 	Keypress: c
738.6723 	DATA 	Keypress: h
739.0888 	DATA 	Keypress: e
739.2265 	EXP 	New trial (rep=5, index=11): {'leftStreamFlip': False, 'oneTarget': False, 'trialInstructionPos': (0, 1), 'probe': 'both', 'rightStreamFlip': False, 'horizVert': False, 'ISIframes': 2, 'rightResponseFirst': True}
739.2382 	INFO 	numtrials=360 and this trialDurFrames=4 or 66.6666666667 ms  task=T1
740.4048 	EXP 	window1: recordFrameIntervals = False
740.4122 	INFO 	Mouse: using default window
742.3390 	DATA 	Keypress: r
742.9225 	DATA 	Keypress: f
744.1554 	DATA 	Keypress: g
744.2942 	EXP 	New trial (rep=6, index=0): {'leftStreamFlip': False, 'oneTarget': False, 'trialInstructionPos': (0, -1), 'probe': 'both', 'rightStreamFlip': False, 'horizVert': False, 'ISIframes': 2, 'rightResponseFirst': False}
744.3048 	INFO 	numtrials=360 and this trialDurFrames=4 or 66.6666666667 ms  task=T1
745.3881 	EXP 	window1: recordFrameIntervals = False
745.3957 	INFO 	Mouse: using default window
747.7722 	DATA 	Keypress: g
747.9241 	DATA 	Keypress: y
748.6887 	DATA 	Keypress: g
748.8283 	EXP 	New trial (rep=6, index=1): {'leftStreamFlip': False, 'oneTarget': False, 'trialInstructionPos': (0, -1), 'probe': 'both', 'rightStreamFlip': False, 'horizVert': False, 'ISIframes': 2, 'rightResponseFirst': True}
748.8388 	INFO 	numtrials=360 and this trialDurFrames=4 or 66.6666666667 ms  task=T1
749.9547 	EXP 	window1: recordFrameIntervals = False
749.9624 	INFO 	Mouse: using default window
752.0724 	DATA 	Keypress: k
754.1390 	DATA 	Keypress: f
754.5386 	DATA 	Keypress: k
754.6792 	EXP 	New trial (rep=6, index=2): {'leftStreamFlip': False, 'oneTarget': False, 'trialInstructionPos': (0, -1), 'probe': 'both', 'rightStreamFlip': False, 'horizVert': False, 'ISIframes': 2, 'rightResponseFirst': True}
754.6890 	INFO 	numtrials=360 and this trialDurFrames=4 or 66.6666666667 ms  task=T1
755.7881 	EXP 	window1: recordFrameIntervals = False
755.7957 	INFO 	Mouse: using default window
757.6556 	DATA 	Keypress: j
758.8554 	DATA 	Keypress: n
760.2386 	DATA 	Keypress: a
760.3776 	EXP 	New trial (rep=6, index=3): {'leftStreamFlip': False, 'oneTarget': False, 'trialInstructionPos': (0, -1), 'probe': 'both', 'rightStreamFlip': False, 'horizVert': False, 'ISIframes': 2, 'rightResponseFirst': False}
760.3890 	INFO 	numtrials=360 and this trialDurFrames=4 or 66.6666666667 ms  task=T1
761.5219 	EXP 	window1: recordFrameIntervals = False
761.5291 	INFO 	Mouse: using default window
764.3055 	DATA 	Keypress: s
765.1058 	DATA 	Keypress: k
766.0888 	DATA 	Keypress: k
766.2297 	EXP 	New trial (rep=6, index=4): {'leftStreamFlip': False, 'oneTarget': False, 'trialInstructionPos': (0, -1), 'probe': 'both', 'rightStreamFlip': False, 'horizVert': False, 'ISIframes': 2, 'rightResponseFirst': True}
766.2554 	INFO 	numtrials=360 and this trialDurFrames=4 or 66.6666666667 ms  task=T1
767.4217 	EXP 	window1: recordFrameIntervals = False
767.4294 	INFO 	Mouse: using default window
770.9556 	DATA 	Keypress: s
772.3405 	DATA 	Keypress: e
773.4225 	DATA 	Keypress: j
773.5601 	EXP 	New trial (rep=6, index=5): {'leftStreamFlip': False, 'oneTarget': False, 'trialInstructionPos': (0, 1), 'probe': 'both', 'rightStreamFlip': False, 'horizVert': False, 'ISIframes': 2, 'rightResponseFirst': False}
773.5718 	INFO 	numtrials=360 and this trialDurFrames=4 or 66.6666666667 ms  task=T1
774.5885 	EXP 	window1: recordFrameIntervals = False
774.5958 	INFO 	Mouse: using default window
776.3387 	DATA 	Keypress: j
776.4387 	DATA 	Keypress: h
776.5223 	DATA 	Keypress: g
776.5801 	DATA 	Keypress: f
776.6605 	EXP 	New trial (rep=6, index=6): {'leftStreamFlip': False, 'oneTarget': False, 'trialInstructionPos': (0, -1), 'probe': 'both', 'rightStreamFlip': False, 'horizVert': False, 'ISIframes': 2, 'rightResponseFirst': False}
776.6720 	INFO 	numtrials=360 and this trialDurFrames=4 or 66.6666666667 ms  task=T1
777.8552 	EXP 	window1: recordFrameIntervals = False
777.8623 	INFO 	Mouse: using default window
778.7055 	DATA 	Keypress: j
778.8056 	DATA 	Keypress: h
778.8723 	DATA 	Keypress: g
778.9479 	DATA 	Keypress: f
779.0132 	EXP 	New trial (rep=6, index=7): {'leftStreamFlip': False, 'oneTarget': False, 'trialInstructionPos': (0, 1), 'probe': 'both', 'rightStreamFlip': False, 'horizVert': False, 'ISIframes': 2, 'rightResponseFirst': False}
779.0383 	INFO 	numtrials=360 and this trialDurFrames=4 or 66.6666666667 ms  task=T1
780.1381 	EXP 	window1: recordFrameIntervals = False
780.1459 	INFO 	Mouse: using default window
780.4054 	DATA 	Keypress: j
780.6221 	DATA 	Keypress: h
780.7058 	DATA 	Keypress: g
780.7560 	DATA 	Keypress: f
780.8462 	EXP 	New trial (rep=6, index=8): {'leftStreamFlip': False, 'oneTarget': False, 'trialInstructionPos': (0, 1), 'probe': 'both', 'rightStreamFlip': False, 'horizVert': False, 'ISIframes': 2, 'rightResponseFirst': True}
780.8555 	INFO 	numtrials=360 and this trialDurFrames=4 or 66.6666666667 ms  task=T1
781.9215 	EXP 	window1: recordFrameIntervals = False
781.9291 	INFO 	Mouse: using default window
782.8226 	DATA 	Keypress: j
782.9553 	DATA 	Keypress: h
783.0386 	DATA 	Keypress: g
783.1804 	EXP 	New trial (rep=6, index=9): {'leftStreamFlip': False, 'oneTarget': False, 'trialInstructionPos': (0, 1), 'probe': 'both', 'rightStreamFlip': False, 'horizVert': False, 'ISIframes': 2, 'rightResponseFirst': True}
783.1852 	DATA 	Keypress: f
783.2049 	INFO 	numtrials=360 and this trialDurFrames=4 or 66.6666666667 ms  task=T1
784.3054 	EXP 	window1: recordFrameIntervals = False
784.3125 	INFO 	Mouse: using default window
785.9571 	DATA 	Keypress: j
786.1054 	DATA 	Keypress: h
786.2221 	DATA 	Keypress: g
786.3613 	EXP 	New trial (rep=6, index=10): {'leftStreamFlip': False, 'oneTarget': False, 'trialInstructionPos': (0, 1), 'probe': 'both', 'rightStreamFlip': False, 'horizVert': False, 'ISIframes': 2, 'rightResponseFirst': False}
786.3666 	DATA 	Keypress: f
786.3722 	INFO 	numtrials=360 and this trialDurFrames=4 or 66.6666666667 ms  task=T1
787.4718 	EXP 	window1: recordFrameIntervals = False
787.4791 	INFO 	Mouse: using default window
788.6886 	DATA 	Keypress: y
789.0887 	DATA 	Keypress: a
789.6890 	DATA 	Keypress: z
789.8278 	EXP 	New trial (rep=6, index=11): {'leftStreamFlip': False, 'oneTarget': False, 'trialInstructionPos': (0, 1), 'probe': 'both', 'rightStreamFlip': False, 'horizVert': False, 'ISIframes': 2, 'rightResponseFirst': True}
789.8387 	INFO 	numtrials=360 and this trialDurFrames=4 or 66.6666666667 ms  task=T1
791.0218 	EXP 	window1: recordFrameIntervals = False
791.0295 	INFO 	Mouse: using default window
793.0221 	DATA 	Keypress: a
793.6556 	DATA 	Keypress: u
794.8387 	DATA 	Keypress: m
794.9913 	EXP 	New trial (rep=7, index=0): {'leftStreamFlip': False, 'oneTarget': False, 'trialInstructionPos': (0, -1), 'probe': 'both', 'rightStreamFlip': False, 'horizVert': False, 'ISIframes': 2, 'rightResponseFirst': False}
795.0049 	INFO 	numtrials=360 and this trialDurFrames=4 or 66.6666666667 ms  task=T1
796.0548 	EXP 	window1: recordFrameIntervals = False
796.0619 	INFO 	Mouse: using default window
798.5893 	DATA 	Keypress: u
800.0728 	DATA 	Keypress: t
800.5559 	DATA 	Keypress: m
800.6996 	EXP 	New trial (rep=7, index=1): {'leftStreamFlip': False, 'oneTarget': False, 'trialInstructionPos': (0, 1), 'probe': 'both', 'rightStreamFlip': False, 'horizVert': False, 'ISIframes': 2, 'rightResponseFirst': False}
800.7215 	INFO 	numtrials=360 and this trialDurFrames=4 or 66.6666666667 ms  task=T1
801.7383 	EXP 	window1: recordFrameIntervals = False
801.7455 	INFO 	Mouse: using default window
803.1056 	DATA 	Keypress: j
803.6057 	DATA 	Keypress: j
803.8225 	DATA 	Keypress: j
803.9583 	EXP 	New trial (rep=7, index=2): {'leftStreamFlip': False, 'oneTarget': False, 'trialInstructionPos': (0, -1), 'probe': 'both', 'rightStreamFlip': False, 'horizVert': False, 'ISIframes': 2, 'rightResponseFirst': True}
803.9714 	INFO 	numtrials=360 and this trialDurFrames=4 or 66.6666666667 ms  task=T1
803.9879 	DATA 	Keypress: j
805.0715 	EXP 	window1: recordFrameIntervals = False
805.0788 	INFO 	Mouse: using default window
807.6224 	DATA 	Keypress: y
807.8222 	DATA 	Keypress: t
808.4224 	DATA 	Keypress: u
808.5613 	EXP 	New trial (rep=7, index=3): {'leftStreamFlip': False, 'oneTarget': False, 'trialInstructionPos': (0, -1), 'probe': 'both', 'rightStreamFlip': False, 'horizVert': False, 'ISIframes': 2, 'rightResponseFirst': True}
808.5884 	INFO 	numtrials=360 and this trialDurFrames=4 or 66.6666666667 ms  task=T1
809.7715 	EXP 	window1: recordFrameIntervals = False
809.7787 	INFO 	Mouse: using default window
812.9727 	DATA 	Keypress: z
813.8721 	DATA 	Keypress: z
815.6058 	DATA 	Keypress: n
815.7430 	EXP 	New trial (rep=7, index=4): {'leftStreamFlip': False, 'oneTarget': False, 'trialInstructionPos': (0, 1), 'probe': 'both', 'rightStreamFlip': False, 'horizVert': False, 'ISIframes': 2, 'rightResponseFirst': True}
815.7549 	INFO 	numtrials=360 and this trialDurFrames=4 or 66.6666666667 ms  task=T1
816.9717 	EXP 	window1: recordFrameIntervals = False
816.9795 	INFO 	Mouse: using default window
819.0888 	DATA 	Keypress: k
819.9727 	DATA 	Keypress: u
821.5400 	DATA 	Keypress: j
821.6942 	EXP 	New trial (rep=7, index=5): {'leftStreamFlip': False, 'oneTarget': False, 'trialInstructionPos': (0, 1), 'probe': 'both', 'rightStreamFlip': False, 'horizVert': False, 'ISIframes': 2, 'rightResponseFirst': False}
821.7053 	INFO 	numtrials=360 and this trialDurFrames=4 or 66.6666666667 ms  task=T1
822.7220 	EXP 	window1: recordFrameIntervals = False
822.7298 	INFO 	Mouse: using default window
824.9059 	DATA 	Keypress: g
825.2222 	DATA 	Keypress: t
825.7391 	DATA 	Keypress: u
825.8762 	EXP 	New trial (rep=7, index=6): {'leftStreamFlip': False, 'oneTarget': False, 'trialInstructionPos': (0, 1), 'probe': 'both', 'rightStreamFlip': False, 'horizVert': False, 'ISIframes': 2, 'rightResponseFirst': False}
825.8883 	INFO 	numtrials=360 and this trialDurFrames=4 or 66.6666666667 ms  task=T1
827.0216 	EXP 	window1: recordFrameIntervals = False
827.0292 	INFO 	Mouse: using default window
828.8388 	DATA 	Keypress: r
829.9890 	DATA 	Keypress: n
830.4060 	DATA 	Keypress: k
830.5454 	EXP 	New trial (rep=7, index=7): {'leftStreamFlip': False, 'oneTarget': False, 'trialInstructionPos': (0, -1), 'probe': 'both', 'rightStreamFlip': False, 'horizVert': False, 'ISIframes': 2, 'rightResponseFirst': False}
830.5558 	INFO 	numtrials=360 and this trialDurFrames=4 or 66.6666666667 ms  task=T1
831.6720 	EXP 	window1: recordFrameIntervals = False
831.6793 	INFO 	Mouse: using default window
833.4224 	DATA 	Keypress: u
833.9568 	DATA 	Keypress: k
835.0557 	DATA 	Keypress: h
835.1946 	EXP 	New trial (rep=7, index=8): {'leftStreamFlip': False, 'oneTarget': False, 'trialInstructionPos': (0, -1), 'probe': 'both', 'rightStreamFlip': False, 'horizVert': False, 'ISIframes': 2, 'rightResponseFirst': True}
835.2055 	INFO 	numtrials=360 and this trialDurFrames=4 or 66.6666666667 ms  task=T1
836.2718 	EXP 	window1: recordFrameIntervals = False
836.2795 	INFO 	Mouse: using default window
838.4062 	DATA 	Keypress: z
839.7054 	DATA 	Keypress: n
840.3223 	DATA 	Keypress: u
840.4608 	EXP 	New trial (rep=7, index=9): {'leftStreamFlip': False, 'oneTarget': False, 'trialInstructionPos': (0, -1), 'probe': 'both', 'rightStreamFlip': False, 'horizVert': False, 'ISIframes': 2, 'rightResponseFirst': False}
840.4717 	INFO 	numtrials=360 and this trialDurFrames=4 or 66.6666666667 ms  task=T1
841.5216 	EXP 	window1: recordFrameIntervals = False
841.5295 	INFO 	Mouse: using default window
842.8394 	DATA 	Keypress: t
843.1388 	DATA 	Keypress: f
843.3725 	DATA 	Keypress: t
843.5189 	EXP 	New trial (rep=7, index=10): {'leftStreamFlip': False, 'oneTarget': False, 'trialInstructionPos': (0, 1), 'probe': 'both', 'rightStreamFlip': False, 'horizVert': False, 'ISIframes': 2, 'rightResponseFirst': True}
843.5385 	INFO 	numtrials=360 and this trialDurFrames=4 or 66.6666666667 ms  task=T1
844.7054 	EXP 	window1: recordFrameIntervals = False
844.7129 	INFO 	Mouse: using default window
846.3892 	DATA 	Keypress: e
847.1392 	DATA 	Keypress: u
848.2222 	DATA 	Keypress: h
848.3612 	EXP 	New trial (rep=7, index=11): {'leftStreamFlip': False, 'oneTarget': False, 'trialInstructionPos': (0, 1), 'probe': 'both', 'rightStreamFlip': False, 'horizVert': False, 'ISIframes': 2, 'rightResponseFirst': True}
848.3717 	INFO 	numtrials=360 and this trialDurFrames=4 or 66.6666666667 ms  task=T1
849.5882 	EXP 	window1: recordFrameIntervals = False
849.5958 	INFO 	Mouse: using default window
852.0055 	DATA 	Keypress: f
854.0054 	DATA 	Keypress: s
854.4729 	DATA 	Keypress: s
854.6115 	EXP 	New trial (rep=8, index=0): {'leftStreamFlip': False, 'oneTarget': False, 'trialInstructionPos': (0, 1), 'probe': 'both', 'rightStreamFlip': False, 'horizVert': False, 'ISIframes': 2, 'rightResponseFirst': False}
854.6218 	INFO 	numtrials=360 and this trialDurFrames=4 or 66.6666666667 ms  task=T1
855.6883 	EXP 	window1: recordFrameIntervals = False
855.6961 	INFO 	Mouse: using default window
857.6398 	DATA 	Keypress: a
858.8892 	DATA 	Keypress: f
859.4893 	DATA 	Keypress: c
859.6279 	EXP 	New trial (rep=8, index=1): {'leftStreamFlip': False, 'oneTarget': False, 'trialInstructionPos': (0, 1), 'probe': 'both', 'rightStreamFlip': False, 'horizVert': False, 'ISIframes': 2, 'rightResponseFirst': True}
859.6384 	INFO 	numtrials=360 and this trialDurFrames=4 or 66.6666666667 ms  task=T1
860.7383 	EXP 	window1: recordFrameIntervals = False
860.7456 	INFO 	Mouse: using default window
864.2722 	DATA 	Keypress: e
866.3730 	DATA 	Keypress: m
867.0221 	DATA 	Keypress: e
867.1618 	EXP 	New trial (rep=8, index=2): {'leftStreamFlip': False, 'oneTarget': False, 'trialInstructionPos': (0, -1), 'probe': 'both', 'rightStreamFlip': False, 'horizVert': False, 'ISIframes': 2, 'rightResponseFirst': True}
867.1719 	INFO 	numtrials=360 and this trialDurFrames=4 or 66.6666666667 ms  task=T1
868.2383 	EXP 	window1: recordFrameIntervals = False
868.2457 	INFO 	Mouse: using default window
870.3738 	DATA 	Keypress: z
879.5054 	DATA 	Keypress: m
881.2559 	DATA 	Keypress: h
881.4004 	EXP 	New trial (rep=8, index=3): {'leftStreamFlip': False, 'oneTarget': False, 'trialInstructionPos': (0, -1), 'probe': 'both', 'rightStreamFlip': False, 'horizVert': False, 'ISIframes': 2, 'rightResponseFirst': True}
881.4217 	INFO 	numtrials=360 and this trialDurFrames=4 or 66.6666666667 ms  task=T1
882.5216 	EXP 	window1: recordFrameIntervals = False
882.5290 	INFO 	Mouse: using default window
884.7893 	DATA 	Keypress: s
884.9897 	DATA 	Keypress: r
885.2227 	DATA 	Keypress: f
885.3620 	EXP 	New trial (rep=8, index=4): {'leftStreamFlip': False, 'oneTarget': False, 'trialInstructionPos': (0, 1), 'probe': 'both', 'rightStreamFlip': False, 'horizVert': False, 'ISIframes': 2, 'rightResponseFirst': True}
885.3724 	INFO 	numtrials=360 and this trialDurFrames=4 or 66.6666666667 ms  task=T1
886.5384 	EXP 	window1: recordFrameIntervals = False
886.5460 	INFO 	Mouse: using default window
889.2728 	DATA 	Keypress: j
892.6556 	DATA 	Keypress: m
894.7572 	DATA 	Keypress: s
894.9560 	EXP 	New trial (rep=8, index=5): {'leftStreamFlip': False, 'oneTarget': False, 'trialInstructionPos': (0, 1), 'probe': 'both', 'rightStreamFlip': False, 'horizVert': False, 'ISIframes': 2, 'rightResponseFirst': False}
894.9719 	INFO 	numtrials=360 and this trialDurFrames=4 or 66.6666666667 ms  task=T1
896.1051 	EXP 	window1: recordFrameIntervals = False
896.1127 	INFO 	Mouse: using default window
897.0222 	DATA 	Keypress: s
897.2563 	DATA 	Keypress: f
897.2888 	DATA 	Keypress: g
897.4294 	EXP 	New trial (rep=8, index=6): {'leftStreamFlip': False, 'oneTarget': False, 'trialInstructionPos': (0, -1), 'probe': 'both', 'rightStreamFlip': False, 'horizVert': False, 'ISIframes': 2, 'rightResponseFirst': False}
897.4392 	INFO 	numtrials=360 and this trialDurFrames=4 or 66.6666666667 ms  task=T1
898.4383 	EXP 	window1: recordFrameIntervals = False
898.4461 	INFO 	Mouse: using default window
900.7058 	DATA 	Keypress: h
901.7222 	DATA 	Keypress: m
902.2895 	DATA 	Keypress: j
902.4294 	EXP 	New trial (rep=8, index=7): {'leftStreamFlip': False, 'oneTarget': False, 'trialInstructionPos': (0, -1), 'probe': 'both', 'rightStreamFlip': False, 'horizVert': False, 'ISIframes': 2, 'rightResponseFirst': True}
902.4553 	INFO 	numtrials=360 and this trialDurFrames=4 or 66.6666666667 ms  task=T1
903.5217 	EXP 	window1: recordFrameIntervals = False
903.5292 	INFO 	Mouse: using default window
904.6392 	DATA 	Keypress: h
904.7225 	DATA 	Keypress: g
904.8058 	DATA 	Keypress: f
904.9449 	EXP 	New trial (rep=8, index=8): {'leftStreamFlip': False, 'oneTarget': False, 'trialInstructionPos': (0, -1), 'probe': 'both', 'rightStreamFlip': False, 'horizVert': False, 'ISIframes': 2, 'rightResponseFirst': False}
904.9551 	INFO 	numtrials=360 and this trialDurFrames=4 or 66.6666666667 ms  task=T1
906.0222 	EXP 	window1: recordFrameIntervals = False
906.0295 	INFO 	Mouse: using default window
908.4057 	DATA 	Keypress: j
908.9389 	DATA 	Keypress: c
909.5892 	DATA 	Keypress: l
909.7297 	EXP 	New trial (rep=8, index=9): {'leftStreamFlip': False, 'oneTarget': False, 'trialInstructionPos': (0, -1), 'probe': 'both', 'rightStreamFlip': False, 'horizVert': False, 'ISIframes': 2, 'rightResponseFirst': False}
909.7384 	INFO 	numtrials=360 and this trialDurFrames=4 or 66.6666666667 ms  task=T1
910.7218 	EXP 	window1: recordFrameIntervals = False
910.7293 	INFO 	Mouse: using default window
912.4392 	DATA 	Keypress: m
913.7389 	DATA 	Keypress: z
914.2725 	DATA 	Keypress: a
914.4107 	EXP 	New trial (rep=8, index=10): {'leftStreamFlip': False, 'oneTarget': False, 'trialInstructionPos': (0, 1), 'probe': 'both', 'rightStreamFlip': False, 'horizVert': False, 'ISIframes': 2, 'rightResponseFirst': True}
914.4219 	INFO 	numtrials=360 and this trialDurFrames=4 or 66.6666666667 ms  task=T1
915.4217 	EXP 	window1: recordFrameIntervals = False
915.4292 	INFO 	Mouse: using default window
919.5727 	DATA 	Keypress: j
920.9056 	DATA 	Keypress: f
921.1736 	DATA 	Keypress: f
921.3291 	EXP 	New trial (rep=8, index=11): {'leftStreamFlip': False, 'oneTarget': False, 'trialInstructionPos': (0, 1), 'probe': 'both', 'rightStreamFlip': False, 'horizVert': False, 'ISIframes': 2, 'rightResponseFirst': False}
921.3391 	INFO 	numtrials=360 and this trialDurFrames=4 or 66.6666666667 ms  task=T1
922.4884 	EXP 	window1: recordFrameIntervals = False
922.4960 	INFO 	Mouse: using default window
924.7226 	DATA 	Keypress: j
927.8225 	DATA 	Keypress: c
929.5229 	DATA 	Keypress: u
929.6615 	EXP 	New trial (rep=9, index=0): {'leftStreamFlip': False, 'oneTarget': False, 'trialInstructionPos': (0, -1), 'probe': 'both', 'rightStreamFlip': False, 'horizVert': False, 'ISIframes': 2, 'rightResponseFirst': True}
929.6718 	INFO 	numtrials=360 and this trialDurFrames=4 or 66.6666666667 ms  task=T1
930.7224 	EXP 	window1: recordFrameIntervals = False
930.7291 	INFO 	Mouse: using default window
932.8223 	DATA 	Keypress: e
934.1392 	DATA 	Keypress: k
949.5403 	DATA 	Keypress: z
949.6946 	EXP 	New trial (rep=9, index=1): {'leftStreamFlip': False, 'oneTarget': False, 'trialInstructionPos': (0, 1), 'probe': 'both', 'rightStreamFlip': False, 'horizVert': False, 'ISIframes': 2, 'rightResponseFirst': True}
949.7056 	INFO 	numtrials=360 and this trialDurFrames=4 or 66.6666666667 ms  task=T1
950.6891 	EXP 	window1: recordFrameIntervals = False
950.6960 	INFO 	Mouse: using default window
952.3892 	DATA 	Keypress: u
954.1063 	DATA 	Keypress: c
954.7889 	DATA 	Keypress: e
954.9502 	EXP 	New trial (rep=9, index=2): {'leftStreamFlip': False, 'oneTarget': False, 'trialInstructionPos': (0, -1), 'probe': 'both', 'rightStreamFlip': False, 'horizVert': False, 'ISIframes': 2, 'rightResponseFirst': False}
954.9722 	INFO 	numtrials=360 and this trialDurFrames=4 or 66.6666666667 ms  task=T1
955.9722 	EXP 	window1: recordFrameIntervals = False
955.9794 	INFO 	Mouse: using default window
961.7723 	DATA 	Keypress: z
963.2393 	DATA 	Keypress: s
963.5737 	DATA 	Keypress: t
963.7281 	EXP 	New trial (rep=9, index=3): {'leftStreamFlip': False, 'oneTarget': False, 'trialInstructionPos': (0, 1), 'probe': 'both', 'rightStreamFlip': False, 'horizVert': False, 'ISIframes': 2, 'rightResponseFirst': True}
963.7387 	INFO 	numtrials=360 and this trialDurFrames=4 or 66.6666666667 ms  task=T1
964.9059 	EXP 	window1: recordFrameIntervals = False
964.9127 	INFO 	Mouse: using default window
966.5223 	DATA 	Keypress: s
966.7392 	DATA 	Keypress: s
968.1559 	DATA 	Keypress: n
968.2943 	EXP 	New trial (rep=9, index=4): {'leftStreamFlip': False, 'oneTarget': False, 'trialInstructionPos': (0, -1), 'probe': 'both', 'rightStreamFlip': False, 'horizVert': False, 'ISIframes': 2, 'rightResponseFirst': False}
968.3054 	INFO 	numtrials=360 and this trialDurFrames=4 or 66.6666666667 ms  task=T1
969.3551 	EXP 	window1: recordFrameIntervals = False
969.3623 	INFO 	Mouse: using default window
970.6058 	DATA 	Keypress: semicolon
970.6390 	DATA 	Keypress: l
970.7409 	DATA 	Keypress: k
971.9064 	DATA 	Keypress: k
972.0466 	EXP 	New trial (rep=9, index=5): {'leftStreamFlip': False, 'oneTarget': False, 'trialInstructionPos': (0, -1), 'probe': 'both', 'rightStreamFlip': False, 'horizVert': False, 'ISIframes': 2, 'rightResponseFirst': False}
972.0719 	INFO 	numtrials=360 and this trialDurFrames=4 or 66.6666666667 ms  task=T1
973.2558 	EXP 	window1: recordFrameIntervals = False
973.2624 	INFO 	Mouse: using default window
974.5727 	DATA 	Keypress: t
975.5064 	DATA 	Keypress: e
976.6723 	DATA 	Keypress: e
976.8182 	EXP 	New trial (rep=9, index=6): {'leftStreamFlip': False, 'oneTarget': False, 'trialInstructionPos': (0, -1), 'probe': 'both', 'rightStreamFlip': False, 'horizVert': False, 'ISIframes': 2, 'rightResponseFirst': True}
976.8386 	INFO 	numtrials=360 and this trialDurFrames=4 or 66.6666666667 ms  task=T1
978.0224 	EXP 	window1: recordFrameIntervals = False
978.0292 	INFO 	Mouse: using default window
979.5227 	DATA 	Keypress: t
981.1737 	DATA 	Keypress: k
981.8060 	DATA 	Keypress: h
981.9441 	EXP 	New trial (rep=9, index=7): {'leftStreamFlip': False, 'oneTarget': False, 'trialInstructionPos': (0, 1), 'probe': 'both', 'rightStreamFlip': False, 'horizVert': False, 'ISIframes': 2, 'rightResponseFirst': False}
981.9555 	INFO 	numtrials=360 and this trialDurFrames=4 or 66.6666666667 ms  task=T1
983.1385 	EXP 	window1: recordFrameIntervals = False
983.1459 	INFO 	Mouse: using default window
984.7227 	DATA 	Keypress: n
985.9729 	DATA 	Keypress: z
986.8228 	DATA 	Keypress: a
986.9631 	EXP 	New trial (rep=9, index=8): {'leftStreamFlip': False, 'oneTarget': False, 'trialInstructionPos': (0, 1), 'probe': 'both', 'rightStreamFlip': False, 'horizVert': False, 'ISIframes': 2, 'rightResponseFirst': True}
986.9726 	INFO 	numtrials=360 and this trialDurFrames=4 or 66.6666666667 ms  task=T1
987.9556 	EXP 	window1: recordFrameIntervals = False
987.9630 	INFO 	Mouse: using default window
989.8731 	DATA 	Keypress: z
991.6557 	DATA 	Keypress: a
992.3737 	DATA 	Keypress: h
992.5290 	EXP 	New trial (rep=9, index=9): {'leftStreamFlip': False, 'oneTarget': False, 'trialInstructionPos': (0, 1), 'probe': 'both', 'rightStreamFlip': False, 'horizVert': False, 'ISIframes': 2, 'rightResponseFirst': False}
992.5395 	INFO 	numtrials=360 and this trialDurFrames=4 or 66.6666666667 ms  task=T1
993.6719 	EXP 	window1: recordFrameIntervals = False
993.6794 	INFO 	Mouse: using default window
996.1393 	DATA 	Keypress: e
997.9576 	DATA 	Keypress: k
998.8392 	DATA 	Keypress: j
998.9775 	EXP 	New trial (rep=9, index=10): {'leftStreamFlip': False, 'oneTarget': False, 'trialInstructionPos': (0, 1), 'probe': 'both', 'rightStreamFlip': False, 'horizVert': False, 'ISIframes': 2, 'rightResponseFirst': False}
998.9889 	INFO 	numtrials=360 and this trialDurFrames=4 or 66.6666666667 ms  task=T1
1000.0385 	EXP 	window1: recordFrameIntervals = False
1000.0460 	INFO 	Mouse: using default window
1001.3890 	DATA 	Keypress: l
1001.5224 	DATA 	Keypress: k
1001.5727 	DATA 	Keypress: j
1001.7106 	EXP 	New trial (rep=9, index=11): {'leftStreamFlip': False, 'oneTarget': False, 'trialInstructionPos': (0, -1), 'probe': 'both', 'rightStreamFlip': False, 'horizVert': False, 'ISIframes': 2, 'rightResponseFirst': True}
1001.7220 	INFO 	numtrials=360 and this trialDurFrames=4 or 66.6666666667 ms  task=T1
1002.8390 	EXP 	window1: recordFrameIntervals = False
1002.8457 	INFO 	Mouse: using default window
1004.3732 	DATA 	Keypress: n
1006.5057 	DATA 	Keypress: y
1007.3898 	DATA 	Keypress: c
1007.5287 	EXP 	New trial (rep=10, index=0): {'leftStreamFlip': False, 'oneTarget': False, 'trialInstructionPos': (0, 1), 'probe': 'both', 'rightStreamFlip': False, 'horizVert': False, 'ISIframes': 2, 'rightResponseFirst': False}
1007.5391 	INFO 	numtrials=360 and this trialDurFrames=4 or 66.6666666667 ms  task=T1
1008.5386 	EXP 	window1: recordFrameIntervals = False
1008.5460 	INFO 	Mouse: using default window
1025.2561 	DATA 	Keypress: s
1026.8559 	DATA 	Keypress: f
1027.5728 	DATA 	Keypress: m
1027.7118 	EXP 	New trial (rep=10, index=1): {'leftStreamFlip': False, 'oneTarget': False, 'trialInstructionPos': (0, 1), 'probe': 'both', 'rightStreamFlip': False, 'horizVert': False, 'ISIframes': 2, 'rightResponseFirst': False}
1027.7223 	INFO 	numtrials=360 and this trialDurFrames=4 or 66.6666666667 ms  task=T1
1028.9056 	EXP 	window1: recordFrameIntervals = False
1028.9129 	INFO 	Mouse: using default window
1031.7228 	DATA 	Keypress: r
1032.3394 	DATA 	Keypress: m
1033.0392 	DATA 	Keypress: m
1033.1773 	EXP 	New trial (rep=10, index=2): {'leftStreamFlip': False, 'oneTarget': False, 'trialInstructionPos': (0, -1), 'probe': 'both', 'rightStreamFlip': False, 'horizVert': False, 'ISIframes': 2, 'rightResponseFirst': False}
1033.1887 	INFO 	numtrials=360 and this trialDurFrames=4 or 66.6666666667 ms  task=T1
1034.3219 	EXP 	window1: recordFrameIntervals = False
1034.3293 	INFO 	Mouse: using default window
1036.0902 	DATA 	Keypress: k
1037.1893 	DATA 	Keypress: a
1039.6557 	DATA 	Keypress: t
1039.7945 	EXP 	New trial (rep=10, index=3): {'leftStreamFlip': False, 'oneTarget': False, 'trialInstructionPos': (0, 1), 'probe': 'both', 'rightStreamFlip': False, 'horizVert': False, 'ISIframes': 2, 'rightResponseFirst': True}
1039.8052 	INFO 	numtrials=360 and this trialDurFrames=4 or 66.6666666667 ms  task=T1
1040.9559 	EXP 	window1: recordFrameIntervals = False
1040.9629 	INFO 	Mouse: using default window
1047.9576 	DATA 	Keypress: f
1048.0729 	DATA 	Keypress: g
1048.2228 	DATA 	Keypress: h
1048.3608 	EXP 	New trial (rep=10, index=4): {'leftStreamFlip': False, 'oneTarget': False, 'trialInstructionPos': (0, -1), 'probe': 'both', 'rightStreamFlip': False, 'horizVert': False, 'ISIframes': 2, 'rightResponseFirst': False}
1048.3724 	INFO 	numtrials=360 and this trialDurFrames=4 or 66.6666666667 ms  task=T1
1049.4222 	EXP 	window1: recordFrameIntervals = False
1049.4297 	INFO 	Mouse: using default window
1050.9393 	DATA 	Keypress: y
1053.4563 	DATA 	Keypress: m
1054.6561 	DATA 	Keypress: e
1054.7958 	EXP 	New trial (rep=10, index=5): {'leftStreamFlip': False, 'oneTarget': False, 'trialInstructionPos': (0, -1), 'probe': 'both', 'rightStreamFlip': False, 'horizVert': False, 'ISIframes': 2, 'rightResponseFirst': True}
1054.8062 	INFO 	numtrials=360 and this trialDurFrames=4 or 66.6666666667 ms  task=T1
1055.7885 	EXP 	window1: recordFrameIntervals = False
1055.7962 	INFO 	Mouse: using default window
1056.9895 	DATA 	Keypress: f
1057.1896 	DATA 	Keypress: j
1057.1899 	DATA 	Keypress: h
1057.7059 	DATA 	Keypress: j
1057.8468 	EXP 	New trial (rep=10, index=6): {'leftStreamFlip': False, 'oneTarget': False, 'trialInstructionPos': (0, -1), 'probe': 'both', 'rightStreamFlip': False, 'horizVert': False, 'ISIframes': 2, 'rightResponseFirst': True}
1057.8557 	INFO 	numtrials=360 and this trialDurFrames=4 or 66.6666666667 ms  task=T1
1058.9554 	EXP 	window1: recordFrameIntervals = False
1058.9624 	INFO 	Mouse: using default window
1061.1062 	DATA 	Keypress: c
1063.0397 	DATA 	Keypress: c
1063.3892 	DATA 	Keypress: e
1063.5281 	EXP 	New trial (rep=10, index=7): {'leftStreamFlip': False, 'oneTarget': False, 'trialInstructionPos': (0, -1), 'probe': 'both', 'rightStreamFlip': False, 'horizVert': False, 'ISIframes': 2, 'rightResponseFirst': True}
1063.5387 	INFO 	numtrials=360 and this trialDurFrames=4 or 66.6666666667 ms  task=T1
1064.6385 	EXP 	window1: recordFrameIntervals = False
1064.6454 	INFO 	Mouse: using default window
1066.7240 	DATA 	Keypress: e
1069.2560 	DATA 	Keypress: k
1070.2564 	DATA 	Keypress: z
1070.3958 	EXP 	New trial (rep=10, index=8): {'leftStreamFlip': False, 'oneTarget': False, 'trialInstructionPos': (0, -1), 'probe': 'both', 'rightStreamFlip': False, 'horizVert': False, 'ISIframes': 2, 'rightResponseFirst': False}
1070.4061 	INFO 	numtrials=360 and this trialDurFrames=4 or 66.6666666667 ms  task=T1
1071.4719 	EXP 	window1: recordFrameIntervals = False
1071.4793 	INFO 	Mouse: using default window
1072.9394 	DATA 	Keypress: e
1074.1061 	DATA 	Keypress: m
1074.8894 	DATA 	Keypress: g
1075.0314 	EXP 	New trial (rep=10, index=9): {'leftStreamFlip': False, 'oneTarget': False, 'trialInstructionPos': (0, 1), 'probe': 'both', 'rightStreamFlip': False, 'horizVert': False, 'ISIframes': 2, 'rightResponseFirst': True}
1075.0553 	INFO 	numtrials=360 and this trialDurFrames=4 or 66.6666666667 ms  task=T1
1076.2719 	EXP 	window1: recordFrameIntervals = False
1076.2793 	INFO 	Mouse: using default window
1077.9410 	DATA 	Keypress: k
1078.8894 	DATA 	Keypress: e
1079.6391 	DATA 	Keypress: a
1079.7783 	EXP 	New trial (rep=10, index=10): {'leftStreamFlip': False, 'oneTarget': False, 'trialInstructionPos': (0, 1), 'probe': 'both', 'rightStreamFlip': False, 'horizVert': False, 'ISIframes': 2, 'rightResponseFirst': False}
1079.7887 	INFO 	numtrials=360 and this trialDurFrames=4 or 66.6666666667 ms  task=T1
1080.8052 	EXP 	window1: recordFrameIntervals = False
1080.8124 	INFO 	Mouse: using default window
1087.9392 	DATA 	Keypress: k
1088.5725 	DATA 	Keypress: g
1088.5981 	DATA 	Keypress: h
1088.7058 	DATA 	Keypress: f
1088.8593 	EXP 	New trial (rep=10, index=11): {'leftStreamFlip': False, 'oneTarget': False, 'trialInstructionPos': (0, 1), 'probe': 'both', 'rightStreamFlip': False, 'horizVert': False, 'ISIframes': 2, 'rightResponseFirst': True}
1088.8722 	INFO 	numtrials=360 and this trialDurFrames=4 or 66.6666666667 ms  task=T1
1090.0553 	EXP 	window1: recordFrameIntervals = False
1090.0632 	INFO 	Mouse: using default window
1091.6394 	DATA 	Keypress: r
1092.3898 	DATA 	Keypress: e
1092.7405 	DATA 	Keypress: a
1092.8951 	EXP 	New trial (rep=11, index=0): {'leftStreamFlip': False, 'oneTarget': False, 'trialInstructionPos': (0, 1), 'probe': 'both', 'rightStreamFlip': False, 'horizVert': False, 'ISIframes': 2, 'rightResponseFirst': False}
1092.9055 	INFO 	numtrials=360 and this trialDurFrames=4 or 66.6666666667 ms  task=T1
1093.9222 	EXP 	window1: recordFrameIntervals = False
1093.9296 	INFO 	Mouse: using default window
1096.2891 	DATA 	Keypress: s
1097.2227 	DATA 	Keypress: g
1098.3579 	DATA 	Keypress: h
1098.5134 	EXP 	New trial (rep=11, index=1): {'leftStreamFlip': False, 'oneTarget': False, 'trialInstructionPos': (0, 1), 'probe': 'both', 'rightStreamFlip': False, 'horizVert': False, 'ISIframes': 2, 'rightResponseFirst': False}
1098.5387 	INFO 	numtrials=360 and this trialDurFrames=4 or 66.6666666667 ms  task=T1
1099.5553 	EXP 	window1: recordFrameIntervals = False
1099.5629 	INFO 	Mouse: using default window
1105.8894 	DATA 	Keypress: u
1107.2229 	DATA 	Keypress: k
1107.9059 	DATA 	Keypress: c
1108.0541 	EXP 	New trial (rep=11, index=2): {'leftStreamFlip': False, 'oneTarget': False, 'trialInstructionPos': (0, 1), 'probe': 'both', 'rightStreamFlip': False, 'horizVert': False, 'ISIframes': 2, 'rightResponseFirst': True}
1108.0724 	INFO 	numtrials=360 and this trialDurFrames=4 or 66.6666666667 ms  task=T1
1109.2389 	EXP 	window1: recordFrameIntervals = False
1109.2462 	INFO 	Mouse: using default window
1111.7062 	DATA 	Keypress: s
1112.2058 	DATA 	Keypress: r
1112.4903 	DATA 	Keypress: e
1112.6279 	EXP 	New trial (rep=11, index=3): {'leftStreamFlip': False, 'oneTarget': False, 'trialInstructionPos': (0, -1), 'probe': 'both', 'rightStreamFlip': False, 'horizVert': False, 'ISIframes': 2, 'rightResponseFirst': False}
1112.6386 	INFO 	numtrials=360 and this trialDurFrames=4 or 66.6666666667 ms  task=T1
1113.8219 	EXP 	window1: recordFrameIntervals = False
1113.8294 	INFO 	Mouse: using default window
1117.2894 	DATA 	Keypress: k
1123.6891 	DATA 	Keypress: a
1124.0564 	DATA 	Keypress: g
1124.1974 	EXP 	New trial (rep=11, index=4): {'leftStreamFlip': False, 'oneTarget': False, 'trialInstructionPos': (0, -1), 'probe': 'both', 'rightStreamFlip': False, 'horizVert': False, 'ISIframes': 2, 'rightResponseFirst': False}
1124.2221 	INFO 	numtrials=360 and this trialDurFrames=4 or 66.6666666667 ms  task=T1
1125.2387 	EXP 	window1: recordFrameIntervals = False
1125.2462 	INFO 	Mouse: using default window
1127.3896 	DATA 	Keypress: y
1127.9892 	DATA 	Keypress: r
1129.3725 	DATA 	Keypress: e
1129.5110 	EXP 	New trial (rep=11, index=5): {'leftStreamFlip': False, 'oneTarget': False, 'trialInstructionPos': (0, 1), 'probe': 'both', 'rightStreamFlip': False, 'horizVert': False, 'ISIframes': 2, 'rightResponseFirst': True}
1129.5221 	INFO 	numtrials=360 and this trialDurFrames=4 or 66.6666666667 ms  task=T1
1130.5720 	EXP 	window1: recordFrameIntervals = False
1130.5795 	INFO 	Mouse: using default window
1132.3060 	DATA 	Keypress: c
1133.3731 	DATA 	Keypress: e
1134.6061 	DATA 	Keypress: u
1134.7450 	EXP 	New trial (rep=11, index=6): {'leftStreamFlip': False, 'oneTarget': False, 'trialInstructionPos': (0, 1), 'probe': 'both', 'rightStreamFlip': False, 'horizVert': False, 'ISIframes': 2, 'rightResponseFirst': False}
1134.7554 	INFO 	numtrials=360 and this trialDurFrames=4 or 66.6666666667 ms  task=T1
1135.8720 	EXP 	window1: recordFrameIntervals = False
1135.8798 	INFO 	Mouse: using default window
1137.3894 	DATA 	Keypress: h
1138.3727 	DATA 	Keypress: r
1139.5892 	DATA 	Keypress: c
1139.7284 	EXP 	New trial (rep=11, index=7): {'leftStreamFlip': False, 'oneTarget': False, 'trialInstructionPos': (0, -1), 'probe': 'both', 'rightStreamFlip': False, 'horizVert': False, 'ISIframes': 2, 'rightResponseFirst': True}
1139.7387 	INFO 	numtrials=360 and this trialDurFrames=4 or 66.6666666667 ms  task=T1
1140.7720 	EXP 	window1: recordFrameIntervals = False
1140.7794 	INFO 	Mouse: using default window
1143.6229 	DATA 	Keypress: n
1143.9239 	DATA 	Keypress: u
1144.7734 	DATA 	Keypress: u
1144.9112 	EXP 	New trial (rep=11, index=8): {'leftStreamFlip': False, 'oneTarget': False, 'trialInstructionPos': (0, 1), 'probe': 'both', 'rightStreamFlip': False, 'horizVert': False, 'ISIframes': 2, 'rightResponseFirst': True}
1144.9223 	INFO 	numtrials=360 and this trialDurFrames=4 or 66.6666666667 ms  task=T1
1145.9220 	EXP 	window1: recordFrameIntervals = False
1145.9293 	INFO 	Mouse: using default window
1147.7227 	DATA 	Keypress: j
1149.4394 	DATA 	Keypress: z
1150.2395 	DATA 	Keypress: a
1150.3775 	EXP 	New trial (rep=11, index=9): {'leftStreamFlip': False, 'oneTarget': False, 'trialInstructionPos': (0, -1), 'probe': 'both', 'rightStreamFlip': False, 'horizVert': False, 'ISIframes': 2, 'rightResponseFirst': True}
1150.3888 	INFO 	numtrials=360 and this trialDurFrames=4 or 66.6666666667 ms  task=T1
1151.5387 	EXP 	window1: recordFrameIntervals = False
1151.5462 	INFO 	Mouse: using default window
1154.6908 	DATA 	Keypress: t
1163.7562 	DATA 	Keypress: u
1164.2892 	DATA 	Keypress: r
1164.4319 	EXP 	New trial (rep=11, index=10): {'leftStreamFlip': False, 'oneTarget': False, 'trialInstructionPos': (0, -1), 'probe': 'both', 'rightStreamFlip': False, 'horizVert': False, 'ISIframes': 2, 'rightResponseFirst': False}
1164.4556 	INFO 	numtrials=360 and this trialDurFrames=4 or 66.6666666667 ms  task=T1
1165.6722 	EXP 	window1: recordFrameIntervals = False
1165.6794 	INFO 	Mouse: using default window
1168.7062 	DATA 	Keypress: m
1170.9067 	DATA 	Keypress: h
1172.2727 	DATA 	Keypress: a
1172.4110 	EXP 	New trial (rep=11, index=11): {'leftStreamFlip': False, 'oneTarget': False, 'trialInstructionPos': (0, -1), 'probe': 'both', 'rightStreamFlip': False, 'horizVert': False, 'ISIframes': 2, 'rightResponseFirst': True}
1172.4221 	INFO 	numtrials=360 and this trialDurFrames=4 or 66.6666666667 ms  task=T1
1173.5221 	EXP 	window1: recordFrameIntervals = False
1173.5295 	INFO 	Mouse: using default window
1175.5893 	DATA 	Keypress: n
1177.0231 	DATA 	Keypress: y
1177.8061 	DATA 	Keypress: e
1177.9451 	EXP 	New trial (rep=12, index=0): {'leftStreamFlip': False, 'oneTarget': False, 'trialInstructionPos': (0, 1), 'probe': 'both', 'rightStreamFlip': False, 'horizVert': False, 'ISIframes': 2, 'rightResponseFirst': False}
1177.9562 	INFO 	numtrials=360 and this trialDurFrames=4 or 66.6666666667 ms  task=T1
1179.1554 	EXP 	window1: recordFrameIntervals = False
1179.1630 	INFO 	Mouse: using default window
1181.3064 	DATA 	Keypress: m
1182.0896 	DATA 	Keypress: y
1183.1576 	DATA 	Keypress: n
1183.3111 	EXP 	New trial (rep=12, index=1): {'leftStreamFlip': False, 'oneTarget': False, 'trialInstructionPos': (0, -1), 'probe': 'both', 'rightStreamFlip': False, 'horizVert': False, 'ISIframes': 2, 'rightResponseFirst': False}
1183.3222 	INFO 	numtrials=360 and this trialDurFrames=4 or 66.6666666667 ms  task=T1
1184.5391 	EXP 	window1: recordFrameIntervals = False
1184.5468 	INFO 	Mouse: using default window
1186.8229 	DATA 	Keypress: e
1187.9727 	DATA 	Keypress: u
1188.3410 	DATA 	Keypress: u
1188.5138 	EXP 	New trial (rep=12, index=2): {'leftStreamFlip': False, 'oneTarget': False, 'trialInstructionPos': (0, -1), 'probe': 'both', 'rightStreamFlip': False, 'horizVert': False, 'ISIframes': 2, 'rightResponseFirst': False}
1188.5387 	INFO 	numtrials=360 and this trialDurFrames=4 or 66.6666666667 ms  task=T1
1189.7053 	EXP 	window1: recordFrameIntervals = False
1189.7125 	INFO 	Mouse: using default window
1193.1409 	DATA 	Keypress: e
1193.6898 	DATA 	Keypress: g
1194.9233 	DATA 	Keypress: g
1195.0612 	EXP 	New trial (rep=12, index=3): {'leftStreamFlip': False, 'oneTarget': False, 'trialInstructionPos': (0, 1), 'probe': 'both', 'rightStreamFlip': False, 'horizVert': False, 'ISIframes': 2, 'rightResponseFirst': True}
1195.0724 	INFO 	numtrials=360 and this trialDurFrames=4 or 66.6666666667 ms  task=T1
1196.0888 	EXP 	window1: recordFrameIntervals = False
1196.0962 	INFO 	Mouse: using default window
1198.1732 	DATA 	Keypress: t
1199.2393 	DATA 	Keypress: k
1200.0734 	DATA 	Keypress: y
1200.2120 	EXP 	New trial (rep=12, index=4): {'leftStreamFlip': False, 'oneTarget': False, 'trialInstructionPos': (0, 1), 'probe': 'both', 'rightStreamFlip': False, 'horizVert': False, 'ISIframes': 2, 'rightResponseFirst': True}
1200.2223 	INFO 	numtrials=360 and this trialDurFrames=4 or 66.6666666667 ms  task=T1
1201.3889 	EXP 	window1: recordFrameIntervals = False
1201.3968 	INFO 	Mouse: using default window
1203.9897 	DATA 	Keypress: e
1204.6229 	DATA 	Keypress: n
1205.0060 	DATA 	Keypress: s
1205.1439 	EXP 	New trial (rep=12, index=5): {'leftStreamFlip': False, 'oneTarget': False, 'trialInstructionPos': (0, -1), 'probe': 'both', 'rightStreamFlip': False, 'horizVert': False, 'ISIframes': 2, 'rightResponseFirst': True}
1205.1556 	INFO 	numtrials=360 and this trialDurFrames=4 or 66.6666666667 ms  task=T1
1206.3721 	EXP 	window1: recordFrameIntervals = False
1206.3793 	INFO 	Mouse: using default window
1211.5412 	DATA 	Keypress: lctrl
1211.9229 	DATA 	Keypress: lshift
1212.1726 	DATA 	Keypress: z
1212.1917 	INFO 	Stopping at 14:28 on 06 Aug 2018
1212.1936 	ERROR 	user aborted experiment on keypress with trials done=149 of 361
1212.2171 	INFO 	Program terminating normally.
