2.1653 	WARNING 	Monitor specification not found. Creating a temporary one...
37.6896 	EXP 	Created window1 = Window(allowGUI=False, allowStencil=False, autoLog=True, bitsMode=UNKNOWN, blendMode='avg', color=array([-0.7, -0.7, -0.7]), colorSpace='rgb', fullscr=UNKNOWN, gamma=None, lms=UNKNOWN, monitor=<psychopy.monitors.calibTools.Monitor object at 0x1AC47170>, name='window1', pos=[0, 0], screen=0, size=array([1920, 1080]), stereo=False, units='deg', useFBO=False, useRetina=False, viewOri=0.0, viewPos=None, viewScale=None, waitBlanking=False, winType='pyglet')
37.6897 	INFO 	Mouse: using default window
37.6899 	EXP 	window1: units = 'norm'
37.8148 	EXP 	Created unnamed ImageStim = ImageStim(autoLog=True, color=array([ 1.,  1.,  1.]), colorSpace='rgb', contrast=1.0, depth=0, flipHoriz=False, flipVert=False, image=str(...), interpolate=False, mask=None, maskParams=None, name='unnamed ImageStim', opacity=1.0, ori=0.0, pos=array([-0.5,  0. ]), size=array([ 1.290625  ,  3.24814815]), texRes=128, units='norm', win=Window(...))
37.8977 	EXP 	Created unnamed ImageStim = ImageStim(autoLog=True, color=array([ 1.,  1.,  1.]), colorSpace='rgb', contrast=1.0, depth=0, flipHoriz=False, flipVert=False, image=str(...), interpolate=False, mask=None, maskParams=None, name='unnamed ImageStim', opacity=1.0, ori=0.0, pos=array([ 0.5,  0. ]), size=array([ 1.290625  ,  3.24814815]), texRes=128, units='norm', win=Window(...))
37.9143 	EXP 	Created OKrespZone = GratingStim(autoDraw=False, autoLog=True, color=array([ 1. ,  0.5,  0.5]), colorSpace='rgb', contrast=1.0, depth=0, interpolate=False, mask='gauss', maskParams=None, name='OKrespZone', opacity=1.0, ori=0.0, phase=array([ 0.,  0.]), pos=array([-0.2 , -0.92]), rgbPedestal=array([ 0.,  0.,  0.]), sf=array([ 0.,  0.]), size=array([ 2.3,  0.2]), tex='sin', texRes=256, units='norm', win=Window(...))
38.0873 	EXP 	unnamed ImageStim: size = (1, 2)
38.0873 	EXP 	unnamed ImageStim: size = (1, 2)
261.9495 	DATA 	Mouse: Left button down, pos=(769,47)
261.9660 	EXP 	window1: units = 'deg'
261.9662 	EXP 	window1: units = 'norm'
261.9865 	EXP 	Created OKrespZone = GratingStim(autoDraw=False, autoLog=True, color=array([ 1. ,  0.5,  0.5]), colorSpace='rgb', contrast=1.0, depth=0, interpolate=False, mask='gauss', maskParams=None, name='OKrespZone', opacity=1.0, ori=0.0, phase=array([ 0.,  0.]), pos=array([-0.2 , -0.92]), rgbPedestal=array([ 0.,  0.,  0.]), sf=array([ 0.,  0.]), size=array([ 2.3,  0.2]), tex='sin', texRes=256, units='norm', win=Window(...))
262.0658 	EXP 	Created unnamed ImageStim = ImageStim(autoLog=True, color=array([ 1.,  1.,  1.]), colorSpace='rgb', contrast=1.0, depth=0, flipHoriz=False, flipVert=False, image='abgdj\\PISandConsentForm\\consentForm.png', interpolate=False, mask=None, maskParams=None, name='unnamed ImageStim', opacity=1.0, ori=0.0, pos=array([ 0.,  0.]), size=array([ 1.3375    ,  2.97407407]), texRes=128, units='norm', win=Window(...))
262.1057 	EXP 	Created unnamed GratingStim = GratingStim(autoDraw=False, autoLog=True, color=array([ 1. ,  0.5,  0.5]), colorSpace='rgb', contrast=1.0, depth=0, interpolate=False, mask='gauss', maskParams=None, name='unnamed GratingStim', opacity=1.0, ori=0.0, phase=array([ 0.,  0.]), pos=array([-0.2 , -0.42]), rgbPedestal=array([ 0.,  0.,  0.]), sf=array([ 0.,  0.]), size=array([ 0.3,  0.2]), tex='sin', texRes=256, units='norm', win=Window(...))
262.1480 	EXP 	Created unnamed GratingStim = GratingStim(autoDraw=False, autoLog=True, color=array([ 1. ,  0.5,  0.5]), colorSpace='rgb', contrast=1.0, depth=0, interpolate=False, mask='gauss', maskParams=None, name='unnamed GratingStim', opacity=1.0, ori=0.0, phase=array([ 0.,  0.]), pos=array([ 0.1 , -0.42]), rgbPedestal=array([ 0.,  0.,  0.]), sf=array([ 0.,  0.]), size=array([ 0.3,  0.2]), tex='sin', texRes=256, units='norm', win=Window(...))
262.1700 	EXP 	Created unnamed GratingStim = GratingStim(autoDraw=False, autoLog=True, color=array([ 1. ,  0.5,  0.5]), colorSpace='rgb', contrast=1.0, depth=0, interpolate=False, mask='gauss', maskParams=None, name='unnamed GratingStim', opacity=1.0, ori=0.0, phase=array([ 0.,  0.]), pos=array([-0.2 , -0.72]), rgbPedestal=array([ 0.,  0.,  0.]), sf=array([ 0.,  0.]), size=array([ 0.3,  0.2]), tex='sin', texRes=256, units='norm', win=Window(...))
262.1914 	EXP 	Created unnamed GratingStim = GratingStim(autoDraw=False, autoLog=True, color=array([ 1. ,  0.5,  0.5]), colorSpace='rgb', contrast=1.0, depth=0, interpolate=False, mask='gauss', maskParams=None, name='unnamed GratingStim', opacity=1.0, ori=0.0, phase=array([ 0.,  0.]), pos=array([ 0.1 , -0.72]), rgbPedestal=array([ 0.,  0.,  0.]), sf=array([ 0.,  0.]), size=array([ 0.3,  0.2]), tex='sin', texRes=256, units='norm', win=Window(...))
262.1946 	DATA 	Mouse:  Left button up, pos=(769,47)
262.2014 	EXP 	unnamed ImageStim: size = (1.1, 2)
304.3663 	DATA 	Mouse: Left button down, pos=(775,312)
304.4526 	DATA 	Mouse:  Left button up, pos=(775,312)
313.8499 	DATA 	Mouse: Left button down, pos=(757,138)
313.9497 	DATA 	Mouse:  Left button up, pos=(757,138)
315.1707 	DATA 	Mouse: Left button down, pos=(792,44)
315.1827 	EXP 	window1: units = 'deg'
315.1879 	EXP 	window1: mouseVisible = True
339.7361 	EXP 	Created window1 = Window(allowGUI=False, allowStencil=False, autoLog=True, bitsMode=UNKNOWN, blendMode='avg', color=array([-0.7, -0.7, -0.7]), colorSpace='rgb', fullscr=UNKNOWN, gamma=None, lms=UNKNOWN, monitor=<psychopy.monitors.calibTools.Monitor object at 0x1AC47170>, name='window1', pos=[0, 0], screen=0, size=array([1920, 1080]), stereo=False, units='deg', useFBO=False, useRetina=False, viewOri=0.0, viewPos=None, viewScale=None, waitBlanking=False, winType='pyglet')
344.1694 	INFO 	#[ PsychoPy2 RuntimeInfoStart ]
  #[[ PsychoPy ]] #---------
    psychopyVersion: 1.84.2
    psychopyHaveExtRush: True
  #[[ Experiment ]] #---------
    experimentAuthor: None
    experimentAuthVersion: None
    experimentRunTime: 2018_08_08 13:20 (Year_Month_Day Hour:Min)
    experimentRunTime.epoch: 1533698433
    experimentScript: psyc1002.py
    experimentScript.digestSHA1: 03993779484d600ea4c1b8cc2288f3d37a5025d5
    experimentScript.directory: U:\PSYC1002\abgdj
  #[[ System ]] #---------
    systemHaveInternetAccess: True
    systemHostName: W5FB2LG2
    systemLocale: English_Australia.1252
    systemMemFreeRAM: 4436.69921875
    systemMemTotalRAM: 8076.9453125
    systemPlatform: windowsversion=sys.getwindowsversion(major=6, minor=2, build=9200, platform=2, service_pack='')
    systemPyo.InputDevices: {4: {'host api index': 2, 'latency': 0.008707483299076557, 'default sr': 44100, 'name': u'Realtek ASIO'}}
    systemPyo.OutputDevices: {0: {'host api index': 0, 'latency': 0.09000000357627869, 'default sr': 44100, 'name': u'Microsoft Sound Mapper - Output'}, 1: {'host api index': 0, 'latency': 0.09000000357627869, 'default sr': 44100, 'name': u'Speakers / Headphones (Realtek '}, 2: {'host api index': 1, 'latency': 0.11999999731779099, 'default sr': 44100, 'name': u'Primary Sound Driver'}, 3: {'host api index': 1, 'latency': 0.11999999731779099, 'default sr': 44100, 'name': u'Speakers / Headphones (Realtek High Definition Audio)'}, 4: {'host api index': 2, 'latency': 0.008707483299076557, 'default sr': 44100, 'name': u'Realtek ASIO'}, 5: {'host api index': 3, 'latency': 0.003000000026077032, 'default sr': 48000, 'name': u'Speakers / Headphones (Realtek High Definition Audio)'}}
    systemPyoVersion: 0.8.0
    systemRebooted: System Boot Time:          8/08/2018, 11:44:40 AM
    systemSec.pythonSSL: True
    systemTimeNumpySD1000000_sec: 0.0082
    systemUser: flia3051
    systemUserID: 1000
    systemUserProcCmdPid: LabStatsUserSpace.exe dwm.exe TiWorker.exe CmRcService.exe nierserver.exe LabStatsClient.exe tagsrv.exe SearchUI.exe rundll32.exe OneDrive.exe nipxism.exe WmiPrvSE.exe niLxiDiscovery.exe SecurityHealthService.exe redirector.exe SearchProtocolHost.exe server_admin.exe pc-client.exe lkads.exe svchost.exe ni_usbmon.exe AGSService.exe System SISIDSService.exe SelfServicePlugin.exe explorer.exe smss.exe ApplicationWebServer.exe RuntimeBroker.exe acrotray.exe niauth_daemon.exe cmd.exe nidmsrv.exe Receiver.exe SISIPSService.exe lktsrv.exe lsass.exe python.exe RtkNGUI64.exe sisipsutil.exe armsvc.exe ssonsvr.exe concentr.exe nidevldu.exe taskhostw.exe ctfmon.exe RAVBg64.exe ''Memory Compression'' NIWebServiceContainer.exe nimxs.exe RtkAudioService64.exe SystemWebServer.exe tasklist.exe snowagent.exe CcmExec.exe SearchFilterHost.exe SmcGui.exe nicitdl5.exe ''System Idle Process'' services.exe niDiscSvc.exe sqlwriter.exe MSASCuiL.exe SCNotification.exe nimdnsResponder.exe server_runtime.exe sihost.exe backgroundTaskHost.exe spoolsv.exe wininit.exe winlogon.exe ShellExperienceHost.exe nidevmon.exe SearchIndexer.exe csrss.exe TrustedInstaller.exe audiodg.exe fontdrvhost.exe unsecapp.exe ccSvcHst.exe wfcrun32.exe nisvcloc.exe server_eventlog.exe lkcitdl.exe AuthManSvr.exe conhost.exe
    systemUserProcCount: 175
    systemUserProcFlagged: Explorer
    systemUsersCount: False
  #[[ Window ]] #---------
    windowWinType: pyglet
    windowWaitBlanking: False
    windowUseNativeGamma: True
    windowUnits: deg
    windowSize_pix: [1920 1080]
    windowScreen: 0
    windowRgb: [-0.7 -0.7 -0.7]
    windowRefreshTimeSD_ms: 0.309
    windowRefreshTimeMedian_ms: 16.718
    windowRefreshTimeAvg_ms: 16.671
    windowRefreshThreshold_sec: 0.0200
    windowRecordFrameIntervals: False
    windowPos_pix: [0, 0]
    windowMonitor.name: testmonitor
    windowMonitor.getWidth_cm: 57.0
    windowMonitor.getLinearizeMethod: 1
    windowMonitor.getGammaGrid: [[  0.   1.   1.  nan  nan  nan]
 [  0.   1.   1.  nan  nan  nan]
 [  0.   1.   1.  nan  nan  nan]
 [  0.   1.   1.  nan  nan  nan]]
    windowMonitor.getDistance_cm: 57.0
    windowMonitor.gammaInterpolator2: None
    windowMonitor.gammaInterpolator: None
    windowMonitor.currentCalibName: 2018_08_08 13:14
    windowIsFullScr: True
    windowHaveShaders: True
    windowAllowGUI: False
  #[[ Python ]] #---------
    pythonWxVersion: 3.0.2.0 msw (classic)
    pythonVersion: 2.7.11
    pythonScipyVersion: 0.17.1
    pythonPygletVersion: 1.2.4
    pythonPygameVersion: 1.9.2pre
    pythonNumpyVersion: 1.11.0
    pythonMatplotlibVersion: 1.5.1
    pythonFullVersion: 2.7.11 (v2.7.11:6d1b6a68f775, Dec  5 2015, 20:32:19) [MSC v.1500 32 bit (Intel)]
    pythonExecutable: C:\Program Files (x86)\PsychoPy2\python.exe
  #[[ OpenGL ]] #---------
    openGLVersion: 4.4.0 - Build 20.19.15.4531
    openGLVendor: Intel
    openGLRenderingEngine: Intel(R) HD Graphics 530
    openGLmaxVerticesInVertexArray: 1048576
    False: openGLext.GL_STEREO
    True: openGLext.GL_EXT_framebuffer_object
    True: openGLext.GL_ARB_vertex_shader
    True: openGLext.GL_ARB_texture_non_power_of_two
    True: openGLext.GL_ARB_texture_float
    True: openGLext.GL_ARB_shader_objects
    True: openGLext.GL_ARB_multitexture
    True: openGLext.GL_ARB_fragment_program
#[ PsychoPy2 RuntimeInfoEnd ]

344.2169 	EXP 	window1: recordFrameIntervals = True
345.0501 	EXP 	window1: recordFrameIntervals = False
345.0571 	INFO 	Frames per second ~=60.0, which is close enough to desired val of 60.0
345.2591 	EXP 	Created sequence: random, trialTypes=12, nReps=30, seed=None
345.4633 	INFO 	Mouse: using default window
345.4845 	EXP 	Created OKrespZone = GratingStim(autoDraw=False, autoLog=True, color=array([ 1.,  1.,  1.]), colorSpace='rgb', contrast=1.0, depth=0, interpolate=False, mask='gauss', maskParams=None, name='OKrespZone', opacity=1.0, ori=0.0, phase=array([ 0.,  0.]), pos=array([ 0.  ,  0.88]), rgbPedestal=array([ 0.,  0.,  0.]), sf=array([ 0.,  0.]), size=array([ 2. ,  0.2]), tex='sin', texRes=256, units='norm', win=Window(...))
366.4263 	DATA 	Mouse: Left button down, pos=(503,540)
366.6019 	DATA 	Mouse:  Left button up, pos=(503,540)
371.4262 	DATA 	Mouse: Left button down, pos=(188,1012)
371.5780 	DATA 	Mouse:  Left button up, pos=(188,1012)
373.1939 	DATA 	Mouse: wheel shift=(0,-1), pos=(489,557)
373.2659 	DATA 	Mouse: wheel shift=(0,-1), pos=(492,557)
373.4418 	DATA 	Mouse: wheel shift=(0,-1), pos=(528,541)
374.0983 	DATA 	Mouse: Left button down, pos=(510,542)
374.2180 	DATA 	Mouse:  Left button up, pos=(510,542)
374.4980 	DATA 	Mouse: Left button down, pos=(510,542)
374.5619 	DATA 	Mouse:  Left button up, pos=(510,542)
375.2739 	DATA 	Mouse: wheel shift=(0,-1), pos=(1034,571)
375.2979 	DATA 	Mouse: wheel shift=(0,-1), pos=(1068,556)
375.3379 	DATA 	Mouse: wheel shift=(0,-1), pos=(1110,530)
375.3858 	DATA 	Mouse: wheel shift=(0,-1), pos=(1145,471)
376.6427 	DATA 	Keypress: return
380.6912 	DATA 	Mouse: Left button down, pos=(110,961)
380.8099 	DATA 	Mouse:  Left button up, pos=(110,961)
381.2272 	DATA 	Mouse: Left button down, pos=(111,896)
381.3139 	DATA 	Mouse:  Left button up, pos=(111,896)
381.5942 	DATA 	Mouse: Left button down, pos=(111,854)
381.6820 	DATA 	Mouse:  Left button up, pos=(111,854)
382.2101 	DATA 	Mouse: Left button down, pos=(113,805)
382.3058 	DATA 	Mouse:  Left button up, pos=(113,805)
382.8981 	DATA 	Mouse: Left button down, pos=(116,805)
383.0018 	DATA 	Mouse:  Left button up, pos=(116,805)
383.4342 	DATA 	Mouse: Left button down, pos=(126,805)
383.5059 	DATA 	Mouse:  Left button up, pos=(126,805)
384.9619 	DATA 	Mouse: wheel shift=(0,-1), pos=(290,575)
385.0019 	DATA 	Mouse: wheel shift=(0,-1), pos=(289,573)
385.0339 	DATA 	Mouse: wheel shift=(0,-1), pos=(288,571)
385.0579 	DATA 	Mouse: wheel shift=(0,-1), pos=(287,571)
385.0980 	DATA 	Mouse: wheel shift=(0,-1), pos=(282,571)
385.1379 	DATA 	Mouse: wheel shift=(0,-1), pos=(281,571)
386.4021 	DATA 	Mouse: Left button down, pos=(1756,66)
386.5219 	DATA 	Mouse:  Left button up, pos=(1755,66)
386.8433 	DATA 	Mouse: Left button down, pos=(1755,58)
386.9541 	DATA 	Mouse:  Left button up, pos=(1756,57)
388.7222 	DATA 	Keypress: return
389.7940 	DATA 	Mouse: Left button down, pos=(744,1057)
389.9620 	DATA 	Mouse:  Left button up, pos=(845,1041)
390.4022 	DATA 	Mouse: Left button down, pos=(875,1041)
390.5459 	DATA 	Mouse:  Left button up, pos=(875,1041)
391.1222 	DATA 	Mouse: Left button down, pos=(839,1037)
391.2499 	DATA 	Mouse:  Left button up, pos=(839,1037)
393.6351 	DATA 	Mouse: Left button down, pos=(91,1015)
393.6529 	INFO 	Experiment will have 360 trials. Letters will be drawn with superposed noise of 0.00%
393.6671 	EXP 	New trial (rep=0, index=0): {'leftStreamFlip': False, 'oneTarget': True, 'trialInstructionPos': (0, -1), 'probe': 'both', 'rightStreamFlip': False, 'horizVert': True, 'ISIframes': 2, 'rightResponseFirst': False}
393.6672 	INFO 	Starting main part of experiment
393.7694 	DATA 	Mouse:  Left button up, pos=(90,1015)
394.8669 	INFO 	numtrials=360 and this trialDurFrames=28 or 466.666666667 ms  task=T1
396.7527 	DATA 	Mouse: Left button down, pos=(951,546)
396.7670 	EXP 	window1: recordFrameIntervals = False
396.7768 	INFO 	Mouse: using default window
396.8197 	DATA 	Mouse:  Left button up, pos=(951,546)
406.7000 	DATA 	Keypress: l
406.8900 	EXP 	New trial (rep=0, index=1): {'leftStreamFlip': False, 'oneTarget': False, 'trialInstructionPos': (0, 1), 'probe': 'both', 'rightStreamFlip': False, 'horizVert': True, 'ISIframes': 2, 'rightResponseFirst': True}
406.9509 	DATA 	Keypress: e
408.1498 	INFO 	numtrials=360 and this trialDurFrames=22 or 366.666666667 ms  task=T1
408.8005 	DATA 	Keypress: t
408.9007 	DATA 	Keypress: t
409.2335 	DATA 	Keypress: l
409.4334 	DATA 	Keypress: r
409.9997 	EXP 	window1: recordFrameIntervals = False
410.0077 	INFO 	Mouse: using default window
419.8832 	DATA 	Keypress: capslock
420.2999 	DATA 	Keypress: a
426.3500 	DATA 	Keypress: c
426.4951 	EXP 	New trial (rep=0, index=2): {'leftStreamFlip': False, 'oneTarget': False, 'trialInstructionPos': (0, 1), 'probe': 'both', 'rightStreamFlip': False, 'horizVert': True, 'ISIframes': 2, 'rightResponseFirst': True}
426.5165 	INFO 	numtrials=360 and this trialDurFrames=18 or 300.0 ms  task=T1
428.2998 	EXP 	window1: recordFrameIntervals = False
428.3080 	INFO 	Mouse: using default window
447.2344 	DATA 	Keypress: a
447.4670 	DATA 	Keypress: c
447.6050 	EXP 	New trial (rep=0, index=3): {'leftStreamFlip': False, 'oneTarget': False, 'trialInstructionPos': (0, -1), 'probe': 'both', 'rightStreamFlip': False, 'horizVert': True, 'ISIframes': 2, 'rightResponseFirst': True}
447.6155 	INFO 	numtrials=360 and this trialDurFrames=18 or 300.0 ms  task=T1
447.8339 	DATA 	Keypress: e
448.1335 	DATA 	Keypress: f
448.7702 	DATA 	Keypress: g
448.9849 	DATA 	Keypress: h
448.9998 	EXP 	window1: recordFrameIntervals = False
449.0077 	INFO 	Mouse: using default window
456.1499 	DATA 	Keypress: h
456.4169 	DATA 	Keypress: j
456.5616 	EXP 	New trial (rep=0, index=4): {'leftStreamFlip': False, 'oneTarget': False, 'trialInstructionPos': (0, 1), 'probe': 'both', 'rightStreamFlip': False, 'horizVert': True, 'ISIframes': 2, 'rightResponseFirst': False}
456.8166 	DATA 	Keypress: k
456.8498 	INFO 	numtrials=360 and this trialDurFrames=14 or 233.333333333 ms  task=T1
457.2506 	DATA 	Keypress: m
457.6333 	DATA 	Keypress: n
458.2166 	EXP 	window1: recordFrameIntervals = False
458.2254 	INFO 	Mouse: using default window
462.5168 	DATA 	Keypress: a
462.8172 	DATA 	Keypress: c
462.9601 	EXP 	New trial (rep=0, index=5): {'leftStreamFlip': False, 'oneTarget': True, 'trialInstructionPos': (0, -1), 'probe': 'both', 'rightStreamFlip': False, 'horizVert': True, 'ISIframes': 2, 'rightResponseFirst': True}
462.9827 	INFO 	numtrials=360 and this trialDurFrames=4 or 66.6666666667 ms  task=T1
463.0581 	DATA 	Keypress: e
463.3840 	DATA 	Keypress: d
464.1164 	EXP 	window1: recordFrameIntervals = False
464.1246 	INFO 	Mouse: using default window
464.3167 	DATA 	Keypress: f
464.4607 	EXP 	New trial (rep=0, index=6): {'leftStreamFlip': False, 'oneTarget': False, 'trialInstructionPos': (0, 1), 'probe': 'both', 'rightStreamFlip': False, 'horizVert': True, 'ISIframes': 2, 'rightResponseFirst': False}
464.4828 	INFO 	numtrials=360 and this trialDurFrames=5 or 83.3333333333 ms  task=T1
464.6512 	DATA 	Keypress: g
464.8505 	DATA 	Keypress: h
465.4998 	EXP 	window1: recordFrameIntervals = False
465.5080 	INFO 	Mouse: using default window
470.9500 	DATA 	Keypress: a
471.2668 	DATA 	Keypress: c
471.4086 	EXP 	New trial (rep=0, index=7): {'leftStreamFlip': False, 'oneTarget': True, 'trialInstructionPos': (0, 1), 'probe': 'both', 'rightStreamFlip': False, 'horizVert': True, 'ISIframes': 2, 'rightResponseFirst': False}
471.4328 	INFO 	numtrials=360 and this trialDurFrames=6 or 100.0 ms  task=T1
471.5062 	DATA 	Keypress: e
472.3001 	DATA 	Keypress: f
472.6170 	DATA 	Keypress: g
472.6832 	EXP 	window1: recordFrameIntervals = False
472.6916 	INFO 	Mouse: using default window
472.8199 	DATA 	Keypress: h
472.9750 	EXP 	New trial (rep=0, index=8): {'leftStreamFlip': False, 'oneTarget': False, 'trialInstructionPos': (0, -1), 'probe': 'both', 'rightStreamFlip': False, 'horizVert': True, 'ISIframes': 2, 'rightResponseFirst': False}
472.9994 	INFO 	numtrials=360 and this trialDurFrames=6 or 100.0 ms  task=T1
474.0500 	EXP 	window1: recordFrameIntervals = False
474.0582 	INFO 	Mouse: using default window
477.8000 	DATA 	Keypress: j
477.9668 	DATA 	Keypress: k
478.1082 	EXP 	New trial (rep=0, index=9): {'leftStreamFlip': False, 'oneTarget': False, 'trialInstructionPos': (0, -1), 'probe': 'both', 'rightStreamFlip': False, 'horizVert': True, 'ISIframes': 2, 'rightResponseFirst': True}
478.1337 	INFO 	numtrials=360 and this trialDurFrames=7 or 116.666666667 ms  task=T1
478.5340 	DATA 	Keypress: m
479.0333 	DATA 	Keypress: n
479.3166 	EXP 	window1: recordFrameIntervals = False
479.3249 	INFO 	Mouse: using default window
479.6834 	DATA 	Keypress: r
480.2834 	DATA 	Keypress: s
480.4245 	EXP 	New trial (rep=0, index=10): {'leftStreamFlip': False, 'oneTarget': True, 'trialInstructionPos': (0, 1), 'probe': 'both', 'rightStreamFlip': False, 'horizVert': True, 'ISIframes': 2, 'rightResponseFirst': True}
480.4495 	INFO 	numtrials=360 and this trialDurFrames=7 or 116.666666667 ms  task=T1
481.3668 	DATA 	Keypress: u
481.6165 	EXP 	window1: recordFrameIntervals = False
481.6247 	INFO 	Mouse: using default window
482.4207 	DATA 	Keypress: y
482.5740 	EXP 	New trial (rep=0, index=11): {'leftStreamFlip': False, 'oneTarget': False, 'trialInstructionPos': (0, -1), 'probe': 'both', 'rightStreamFlip': False, 'horizVert': True, 'ISIframes': 2, 'rightResponseFirst': False}
482.5794 	DATA 	Keypress: z
482.5995 	INFO 	numtrials=360 and this trialDurFrames=8 or 133.333333333 ms  task=T1
483.8000 	EXP 	window1: recordFrameIntervals = False
483.8081 	INFO 	Mouse: using default window
489.1334 	DATA 	Keypress: a
489.4167 	DATA 	Keypress: c
489.5570 	EXP 	New trial (rep=1, index=0): {'leftStreamFlip': False, 'oneTarget': False, 'trialInstructionPos': (0, -1), 'probe': 'both', 'rightStreamFlip': False, 'horizVert': True, 'ISIframes': 2, 'rightResponseFirst': False}
489.5829 	INFO 	numtrials=360 and this trialDurFrames=9 or 150.0 ms  task=T1
489.7177 	DATA 	Keypress: e
490.0502 	DATA 	Keypress: f
490.6865 	DATA 	Keypress: g
490.8500 	EXP 	window1: recordFrameIntervals = False
490.8582 	INFO 	Mouse: using default window
490.8667 	DATA 	Keypress: h
500.1339 	DATA 	Keypress: a
500.6007 	DATA 	Keypress: c
500.7449 	EXP 	New trial (rep=1, index=1): {'leftStreamFlip': False, 'oneTarget': False, 'trialInstructionPos': (0, 1), 'probe': 'both', 'rightStreamFlip': False, 'horizVert': True, 'ISIframes': 2, 'rightResponseFirst': False}
500.7659 	INFO 	numtrials=360 and this trialDurFrames=8 or 133.333333333 ms  task=T1
500.8502 	DATA 	Keypress: e
501.2001 	DATA 	Keypress: f
501.8833 	EXP 	window1: recordFrameIntervals = False
501.8915 	INFO 	Mouse: using default window
501.9094 	DATA 	Keypress: g
502.1503 	DATA 	Keypress: h
502.2912 	EXP 	New trial (rep=1, index=2): {'leftStreamFlip': False, 'oneTarget': False, 'trialInstructionPos': (0, 1), 'probe': 'both', 'rightStreamFlip': False, 'horizVert': True, 'ISIframes': 2, 'rightResponseFirst': True}
502.3166 	INFO 	numtrials=360 and this trialDurFrames=9 or 150.0 ms  task=T1
503.5999 	EXP 	window1: recordFrameIntervals = False
503.6085 	INFO 	Mouse: using default window
506.3168 	DATA 	Keypress: a
507.1501 	DATA 	Keypress: v
507.2902 	EXP 	New trial (rep=1, index=3): {'leftStreamFlip': False, 'oneTarget': False, 'trialInstructionPos': (0, 1), 'probe': 'both', 'rightStreamFlip': False, 'horizVert': True, 'ISIframes': 2, 'rightResponseFirst': True}
507.3163 	INFO 	numtrials=360 and this trialDurFrames=9 or 150.0 ms  task=T1
508.4332 	EXP 	window1: recordFrameIntervals = False
508.4414 	INFO 	Mouse: using default window
516.8672 	DATA 	Keypress: a
517.1168 	DATA 	Keypress: c
517.2567 	EXP 	New trial (rep=1, index=4): {'leftStreamFlip': False, 'oneTarget': False, 'trialInstructionPos': (0, -1), 'probe': 'both', 'rightStreamFlip': False, 'horizVert': True, 'ISIframes': 2, 'rightResponseFirst': True}
517.2828 	INFO 	numtrials=360 and this trialDurFrames=10 or 166.666666667 ms  task=T1
517.2983 	DATA 	Keypress: e
517.6174 	DATA 	Keypress: f
518.3520 	DATA 	Keypress: g
518.4500 	EXP 	window1: recordFrameIntervals = False
518.4583 	INFO 	Mouse: using default window
518.6669 	DATA 	Keypress: h
519.5335 	DATA 	Keypress: a
519.6758 	EXP 	New trial (rep=1, index=5): {'leftStreamFlip': False, 'oneTarget': True, 'trialInstructionPos': (0, 1), 'probe': 'both', 'rightStreamFlip': False, 'horizVert': True, 'ISIframes': 2, 'rightResponseFirst': True}
519.6995 	INFO 	numtrials=360 and this trialDurFrames=10 or 166.666666667 ms  task=T1
520.8336 	EXP 	window1: recordFrameIntervals = False
520.8416 	INFO 	Mouse: using default window
521.3834 	DATA 	Keypress: a
521.5221 	EXP 	New trial (rep=1, index=6): {'leftStreamFlip': False, 'oneTarget': True, 'trialInstructionPos': (0, -1), 'probe': 'both', 'rightStreamFlip': False, 'horizVert': True, 'ISIframes': 2, 'rightResponseFirst': False}
521.5507 	INFO 	numtrials=360 and this trialDurFrames=10 or 166.666666667 ms  task=T1
521.9006 	DATA 	Keypress: c
522.6357 	DATA 	Keypress: e
522.7499 	EXP 	window1: recordFrameIntervals = False
522.7578 	INFO 	Mouse: using default window
523.6363 	DATA 	Keypress: g
523.7920 	EXP 	New trial (rep=1, index=7): {'leftStreamFlip': False, 'oneTarget': False, 'trialInstructionPos': (0, 1), 'probe': 'both', 'rightStreamFlip': False, 'horizVert': True, 'ISIframes': 2, 'rightResponseFirst': False}
523.8163 	INFO 	numtrials=360 and this trialDurFrames=10 or 166.666666667 ms  task=T1
523.9246 	DATA 	Keypress: h
525.0499 	EXP 	window1: recordFrameIntervals = False
525.0585 	INFO 	Mouse: using default window
528.7179 	DATA 	Keypress: a
529.0002 	DATA 	Keypress: c
529.1402 	EXP 	New trial (rep=1, index=8): {'leftStreamFlip': False, 'oneTarget': True, 'trialInstructionPos': (0, -1), 'probe': 'both', 'rightStreamFlip': False, 'horizVert': True, 'ISIframes': 2, 'rightResponseFirst': True}
529.1663 	INFO 	numtrials=360 and this trialDurFrames=10 or 166.666666667 ms  task=T1
529.2182 	DATA 	Keypress: e
529.5344 	DATA 	Keypress: g
529.7838 	DATA 	Keypress: h
530.2834 	EXP 	window1: recordFrameIntervals = False
530.2915 	INFO 	Mouse: using default window
530.2991 	DATA 	Keypress: e
539.8502 	DATA 	Keypress: a
539.9920 	EXP 	New trial (rep=1, index=9): {'leftStreamFlip': False, 'oneTarget': True, 'trialInstructionPos': (0, 1), 'probe': 'both', 'rightStreamFlip': False, 'horizVert': True, 'ISIframes': 2, 'rightResponseFirst': False}
540.0160 	INFO 	numtrials=360 and this trialDurFrames=10 or 166.666666667 ms  task=T1
540.1142 	DATA 	Keypress: c
540.3174 	DATA 	Keypress: e
540.7334 	DATA 	Keypress: g
541.1024 	DATA 	Keypress: h
541.3167 	EXP 	window1: recordFrameIntervals = False
541.3252 	INFO 	Mouse: using default window
542.7503 	DATA 	Keypress: j
542.8181 	DATA 	Keypress: k
542.8934 	EXP 	New trial (rep=1, index=10): {'leftStreamFlip': False, 'oneTarget': False, 'trialInstructionPos': (0, -1), 'probe': 'both', 'rightStreamFlip': False, 'horizVert': True, 'ISIframes': 2, 'rightResponseFirst': True}
542.9165 	INFO 	numtrials=360 and this trialDurFrames=10 or 166.666666667 ms  task=T1
543.2846 	DATA 	Keypress: m
544.0702 	DATA 	Keypress: n
544.2001 	EXP 	window1: recordFrameIntervals = False
544.2083 	INFO 	Mouse: using default window
545.1335 	DATA 	Keypress: r
545.8169 	DATA 	Keypress: s
545.9578 	EXP 	New trial (rep=1, index=11): {'leftStreamFlip': False, 'oneTarget': False, 'trialInstructionPos': (0, -1), 'probe': 'both', 'rightStreamFlip': False, 'horizVert': True, 'ISIframes': 2, 'rightResponseFirst': False}
545.9827 	INFO 	numtrials=360 and this trialDurFrames=10 or 166.666666667 ms  task=T1
546.0823 	DATA 	Keypress: t
547.2001 	EXP 	window1: recordFrameIntervals = False
547.2081 	INFO 	Mouse: using default window
560.8202 	DATA 	Keypress: a
561.0170 	DATA 	Keypress: c
561.1574 	EXP 	New trial (rep=2, index=0): {'leftStreamFlip': False, 'oneTarget': False, 'trialInstructionPos': (0, -1), 'probe': 'both', 'rightStreamFlip': False, 'horizVert': True, 'ISIframes': 2, 'rightResponseFirst': True}
561.1831 	INFO 	numtrials=360 and this trialDurFrames=10 or 166.666666667 ms  task=T1
561.1902 	DATA 	Keypress: e
561.5007 	DATA 	Keypress: g
561.8004 	DATA 	Keypress: h
562.4333 	EXP 	window1: recordFrameIntervals = False
562.4415 	INFO 	Mouse: using default window
563.1017 	DATA 	Keypress: a
563.3170 	DATA 	Keypress: c
563.4572 	EXP 	New trial (rep=2, index=1): {'leftStreamFlip': False, 'oneTarget': False, 'trialInstructionPos': (0, 1), 'probe': 'both', 'rightStreamFlip': False, 'horizVert': True, 'ISIframes': 2, 'rightResponseFirst': False}
563.4828 	INFO 	numtrials=360 and this trialDurFrames=10 or 166.666666667 ms  task=T1
563.5541 	DATA 	Keypress: e
563.8505 	DATA 	Keypress: f
564.2504 	DATA 	Keypress: g
564.4701 	DATA 	Keypress: h
564.6666 	EXP 	window1: recordFrameIntervals = False
564.6744 	INFO 	Mouse: using default window
566.1003 	DATA 	Keypress: j
566.4009 	DATA 	Keypress: j
566.5447 	EXP 	New trial (rep=2, index=2): {'leftStreamFlip': False, 'oneTarget': False, 'trialInstructionPos': (0, -1), 'probe': 'both', 'rightStreamFlip': False, 'horizVert': True, 'ISIframes': 2, 'rightResponseFirst': False}
566.5663 	INFO 	numtrials=360 and this trialDurFrames=10 or 166.666666667 ms  task=T1
567.0003 	DATA 	Keypress: k
567.8502 	EXP 	window1: recordFrameIntervals = False
567.8584 	INFO 	Mouse: using default window
568.9671 	DATA 	Keypress: m
569.2007 	DATA 	Keypress: n
569.3406 	EXP 	New trial (rep=2, index=3): {'leftStreamFlip': False, 'oneTarget': False, 'trialInstructionPos': (0, -1), 'probe': 'both', 'rightStreamFlip': False, 'horizVert': True, 'ISIframes': 2, 'rightResponseFirst': True}
569.3663 	INFO 	numtrials=360 and this trialDurFrames=10 or 166.666666667 ms  task=T1
569.9171 	DATA 	Keypress: e
570.2671 	DATA 	Keypress: s
570.5844 	DATA 	Keypress: t
570.6334 	EXP 	window1: recordFrameIntervals = False
570.6416 	INFO 	Mouse: using default window
571.9502 	DATA 	Keypress: u
572.2836 	DATA 	Keypress: y
572.4262 	EXP 	New trial (rep=2, index=4): {'leftStreamFlip': False, 'oneTarget': False, 'trialInstructionPos': (0, 1), 'probe': 'both', 'rightStreamFlip': False, 'horizVert': True, 'ISIframes': 2, 'rightResponseFirst': True}
572.4369 	DATA 	Keypress: z
572.4497 	INFO 	numtrials=360 and this trialDurFrames=10 or 166.666666667 ms  task=T1
573.5502 	EXP 	window1: recordFrameIntervals = False
573.5585 	INFO 	Mouse: using default window
1428.8694 	DATA 	Keypress: lctrl
1429.0187 	DATA 	Keypress: lshift
1429.2374 	DATA 	Keypress: z
1429.2552 	INFO 	Stopping at 13:38 on 08 Aug 2018
1429.2568 	ERROR 	user aborted experiment on keypress with trials done=28 of 361
1429.2722 	INFO 	Program terminating normally.
