0.7903 	WARNING 	Monitor specification not found. Creating a temporary one...
33.9574 	EXP 	Created window1 = Window(allowGUI=False, allowStencil=False, autoLog=True, bitsMode=UNKNOWN, blendMode='avg', color=array([-0.7, -0.7, -0.7]), colorSpace='rgb', fullscr=UNKNOWN, gamma=None, lms=UNKNOWN, monitor=<psychopy.monitors.calibTools.Monitor object at 0x1A410050>, name='window1', pos=[0, 0], screen=0, size=array([1920, 1080]), stereo=False, units='deg', useFBO=False, useRetina=False, viewOri=0.0, viewPos=None, viewScale=None, waitBlanking=False, winType='pyglet')
33.9574 	INFO 	Mouse: using default window
33.9582 	EXP 	window1: units = 'norm'
34.0430 	EXP 	Created unnamed ImageStim = ImageStim(autoLog=True, color=array([ 1.,  1.,  1.]), colorSpace='rgb', contrast=1.0, depth=0, flipHoriz=False, flipVert=False, image=str(...), interpolate=False, mask=None, maskParams=None, name='unnamed ImageStim', opacity=1.0, ori=0.0, pos=array([-0.5,  0. ]), size=array([ 1.290625  ,  3.24814815]), texRes=128, units='norm', win=Window(...))
34.1241 	EXP 	Created unnamed ImageStim = ImageStim(autoLog=True, color=array([ 1.,  1.,  1.]), colorSpace='rgb', contrast=1.0, depth=0, flipHoriz=False, flipVert=False, image=str(...), interpolate=False, mask=None, maskParams=None, name='unnamed ImageStim', opacity=1.0, ori=0.0, pos=array([ 0.5,  0. ]), size=array([ 1.290625  ,  3.24814815]), texRes=128, units='norm', win=Window(...))
34.1407 	EXP 	Created OKrespZone = GratingStim(autoDraw=False, autoLog=True, color=array([ 1. ,  0.5,  0.5]), colorSpace='rgb', contrast=1.0, depth=0, interpolate=False, mask='gauss', maskParams=None, name='OKrespZone', opacity=1.0, ori=0.0, phase=array([ 0.,  0.]), pos=array([-0.2 , -0.92]), rgbPedestal=array([ 0.,  0.,  0.]), sf=array([ 0.,  0.]), size=array([ 2.3,  0.2]), tex='sin', texRes=256, units='norm', win=Window(...))
34.3048 	EXP 	unnamed ImageStim: size = (1, 2)
34.3048 	EXP 	unnamed ImageStim: size = (1, 2)
136.5736 	DATA 	Mouse: Left button down, pos=(1235,628)
136.8066 	DATA 	Mouse:  Left button up, pos=(1235,628)
138.9572 	DATA 	Mouse: Left button down, pos=(892,24)
138.9732 	EXP 	window1: units = 'deg'
138.9733 	EXP 	window1: units = 'norm'
138.9935 	EXP 	Created OKrespZone = GratingStim(autoDraw=False, autoLog=True, color=array([ 1. ,  0.5,  0.5]), colorSpace='rgb', contrast=1.0, depth=0, interpolate=False, mask='gauss', maskParams=None, name='OKrespZone', opacity=1.0, ori=0.0, phase=array([ 0.,  0.]), pos=array([-0.2 , -0.92]), rgbPedestal=array([ 0.,  0.,  0.]), sf=array([ 0.,  0.]), size=array([ 2.3,  0.2]), tex='sin', texRes=256, units='norm', win=Window(...))
139.0678 	EXP 	Created unnamed ImageStim = ImageStim(autoLog=True, color=array([ 1.,  1.,  1.]), colorSpace='rgb', contrast=1.0, depth=0, flipHoriz=False, flipVert=False, image='abgdj\\PISandConsentForm\\consentForm.png', interpolate=False, mask=None, maskParams=None, name='unnamed ImageStim', opacity=1.0, ori=0.0, pos=array([ 0.,  0.]), size=array([ 1.3375    ,  2.97407407]), texRes=128, units='norm', win=Window(...))
139.1061 	EXP 	Created unnamed GratingStim = GratingStim(autoDraw=False, autoLog=True, color=array([ 1. ,  0.5,  0.5]), colorSpace='rgb', contrast=1.0, depth=0, interpolate=False, mask='gauss', maskParams=None, name='unnamed GratingStim', opacity=1.0, ori=0.0, phase=array([ 0.,  0.]), pos=array([-0.2 , -0.42]), rgbPedestal=array([ 0.,  0.,  0.]), sf=array([ 0.,  0.]), size=array([ 0.3,  0.2]), tex='sin', texRes=256, units='norm', win=Window(...))
139.1445 	EXP 	Created unnamed GratingStim = GratingStim(autoDraw=False, autoLog=True, color=array([ 1. ,  0.5,  0.5]), colorSpace='rgb', contrast=1.0, depth=0, interpolate=False, mask='gauss', maskParams=None, name='unnamed GratingStim', opacity=1.0, ori=0.0, phase=array([ 0.,  0.]), pos=array([ 0.1 , -0.42]), rgbPedestal=array([ 0.,  0.,  0.]), sf=array([ 0.,  0.]), size=array([ 0.3,  0.2]), tex='sin', texRes=256, units='norm', win=Window(...))
139.1660 	EXP 	Created unnamed GratingStim = GratingStim(autoDraw=False, autoLog=True, color=array([ 1. ,  0.5,  0.5]), colorSpace='rgb', contrast=1.0, depth=0, interpolate=False, mask='gauss', maskParams=None, name='unnamed GratingStim', opacity=1.0, ori=0.0, phase=array([ 0.,  0.]), pos=array([-0.2 , -0.72]), rgbPedestal=array([ 0.,  0.,  0.]), sf=array([ 0.,  0.]), size=array([ 0.3,  0.2]), tex='sin', texRes=256, units='norm', win=Window(...))
139.1887 	EXP 	Created unnamed GratingStim = GratingStim(autoDraw=False, autoLog=True, color=array([ 1. ,  0.5,  0.5]), colorSpace='rgb', contrast=1.0, depth=0, interpolate=False, mask='gauss', maskParams=None, name='unnamed GratingStim', opacity=1.0, ori=0.0, phase=array([ 0.,  0.]), pos=array([ 0.1 , -0.72]), rgbPedestal=array([ 0.,  0.,  0.]), sf=array([ 0.,  0.]), size=array([ 0.3,  0.2]), tex='sin', texRes=256, units='norm', win=Window(...))
139.1926 	DATA 	Mouse:  Left button up, pos=(892,24)
139.1988 	EXP 	unnamed ImageStim: size = (1.1, 2)
144.2401 	DATA 	Mouse: Left button down, pos=(769,328)
144.3903 	DATA 	Mouse:  Left button up, pos=(766,322)
148.8402 	DATA 	Mouse: Left button down, pos=(745,153)
148.9438 	DATA 	Mouse:  Left button up, pos=(751,150)
150.1734 	DATA 	Mouse: Left button down, pos=(708,39)
150.1899 	EXP 	window1: units = 'deg'
150.1947 	EXP 	window1: mouseVisible = True
182.2240 	EXP 	Created window1 = Window(allowGUI=False, allowStencil=False, autoLog=True, bitsMode=UNKNOWN, blendMode='avg', color=array([-0.7, -0.7, -0.7]), colorSpace='rgb', fullscr=UNKNOWN, gamma=None, lms=UNKNOWN, monitor=<psychopy.monitors.calibTools.Monitor object at 0x1A410050>, name='window1', pos=[0, 0], screen=0, size=array([1920, 1080]), stereo=False, units='deg', useFBO=False, useRetina=False, viewOri=0.0, viewPos=None, viewScale=None, waitBlanking=False, winType='pyglet')
186.6405 	INFO 	#[ PsychoPy2 RuntimeInfoStart ]
  #[[ PsychoPy ]] #---------
    psychopyVersion: 1.84.2
    psychopyHaveExtRush: True
  #[[ Experiment ]] #---------
    experimentAuthor: None
    experimentAuthVersion: None
    experimentRunTime: 2018_08_06 11:09 (Year_Month_Day Hour:Min)
    experimentRunTime.epoch: 1533517797
    experimentScript: psyc1002.py
    experimentScript.digestSHA1: 03993779484d600ea4c1b8cc2288f3d37a5025d5
    experimentScript.directory: U:\PSYC1002\abgdj
  #[[ System ]] #---------
    systemHaveInternetAccess: True
    systemHostName: W5132LG2
    systemLocale: English_United States.1252
    systemMemFreeRAM: 4044.94140625
    systemMemTotalRAM: 8076.9453125
    systemPlatform: windowsversion=sys.getwindowsversion(major=6, minor=2, build=9200, platform=2, service_pack='')
    systemPyo.InputDevices: {4: {'host api index': 2, 'latency': 0.008707483299076557, 'default sr': 44100, 'name': u'Realtek ASIO'}}
    systemPyo.OutputDevices: {0: {'host api index': 0, 'latency': 0.09000000357627869, 'default sr': 44100, 'name': u'Microsoft Sound Mapper - Output'}, 1: {'host api index': 0, 'latency': 0.09000000357627869, 'default sr': 44100, 'name': u'Speakers / Headphones (Realtek '}, 2: {'host api index': 1, 'latency': 0.11999999731779099, 'default sr': 44100, 'name': u'Primary Sound Driver'}, 3: {'host api index': 1, 'latency': 0.11999999731779099, 'default sr': 44100, 'name': u'Speakers / Headphones (Realtek High Definition Audio)'}, 4: {'host api index': 2, 'latency': 0.008707483299076557, 'default sr': 44100, 'name': u'Realtek ASIO'}, 5: {'host api index': 3, 'latency': 0.003000000026077032, 'default sr': 48000, 'name': u'Speakers / Headphones (Realtek High Definition Audio)'}}
    systemPyoVersion: 0.8.0
    systemRebooted: System Boot Time:          8/6/2018, 2:25:51 AM
    systemSec.pythonSSL: True
    systemTimeNumpySD1000000_sec: 0.0082
    systemUser: gche5686
    systemUserID: 1000
    systemUserProcCmdPid: LabStatsUserSpace.exe dwm.exe TiWorker.exe CmRcService.exe nierserver.exe LabStatsClient.exe tagsrv.exe SearchUI.exe OneDrive.exe nipxism.exe SettingSyncHost.exe TrustedInstaller.exe niLxiDiscovery.exe SecurityHealthService.exe redirector.exe SearchProtocolHost.exe server_admin.exe pc-client.exe lkads.exe svchost.exe smartscreen.exe ni_usbmon.exe AGSService.exe System SISIDSService.exe SelfServicePlugin.exe explorer.exe smss.exe ApplicationWebServer.exe RuntimeBroker.exe acrotray.exe niauth_daemon.exe cmd.exe nidmsrv.exe Receiver.exe SISIPSService.exe lktsrv.exe lsass.exe python.exe RtkNGUI64.exe sisipsutil.exe AdobeUpdateService.exe armsvc.exe policyHost.exe ssonsvr.exe concentr.exe nidevldu.exe taskhostw.exe ctfmon.exe RAVBg64.exe ''Memory Compression'' NIWebServiceContainer.exe nimxs.exe RtkAudioService64.exe SystemWebServer.exe tasklist.exe snowagent.exe CcmExec.exe SearchFilterHost.exe SmcGui.exe nicitdl5.exe ''System Idle Process'' services.exe niDiscSvc.exe sqlwriter.exe MSASCuiL.exe iexplore.exe SCNotification.exe nimdnsResponder.exe server_runtime.exe sihost.exe spoolsv.exe wininit.exe winlogon.exe ShellExperienceHost.exe nidevmon.exe SearchIndexer.exe csrss.exe WmiPrvSE.exe audiodg.exe fontdrvhost.exe dllhost.exe unsecapp.exe ccSvcHst.exe wfcrun32.exe nisvcloc.exe server_eventlog.exe lkcitdl.exe AuthManSvr.exe conhost.exe
    systemUserProcCount: 184
    systemUserProcFlagged: Explorer
    systemUsersCount: False
  #[[ Window ]] #---------
    windowWinType: pyglet
    windowWaitBlanking: False
    windowUseNativeGamma: True
    windowUnits: deg
    windowSize_pix: [1920 1080]
    windowScreen: 0
    windowRgb: [-0.7 -0.7 -0.7]
    windowRefreshTimeSD_ms: 0.359
    windowRefreshTimeMedian_ms: 16.662
    windowRefreshTimeAvg_ms: 16.666
    windowRefreshThreshold_sec: 0.0200
    windowRecordFrameIntervals: False
    windowPos_pix: [0, 0]
    windowMonitor.name: testmonitor
    windowMonitor.getWidth_cm: 57.0
    windowMonitor.getLinearizeMethod: 1
    windowMonitor.getGammaGrid: [[  0.   1.   1.  nan  nan  nan]
 [  0.   1.   1.  nan  nan  nan]
 [  0.   1.   1.  nan  nan  nan]
 [  0.   1.   1.  nan  nan  nan]]
    windowMonitor.getDistance_cm: 57.0
    windowMonitor.gammaInterpolator2: None
    windowMonitor.gammaInterpolator: None
    windowMonitor.currentCalibName: 2018_08_06 11:06
    windowIsFullScr: True
    windowHaveShaders: True
    windowAllowGUI: False
  #[[ Python ]] #---------
    pythonWxVersion: 3.0.2.0 msw (classic)
    pythonVersion: 2.7.11
    pythonScipyVersion: 0.17.1
    pythonPygletVersion: 1.2.4
    pythonPygameVersion: 1.9.2pre
    pythonNumpyVersion: 1.11.0
    pythonMatplotlibVersion: 1.5.1
    pythonFullVersion: 2.7.11 (v2.7.11:6d1b6a68f775, Dec  5 2015, 20:32:19) [MSC v.1500 32 bit (Intel)]
    pythonExecutable: C:\Program Files (x86)\PsychoPy2\python.exe
  #[[ OpenGL ]] #---------
    openGLVersion: 4.4.0 - Build 21.20.16.4627
    openGLVendor: Intel
    openGLRenderingEngine: Intel(R) HD Graphics 530
    openGLmaxVerticesInVertexArray: 1048576
    False: openGLext.GL_STEREO
    True: openGLext.GL_EXT_framebuffer_object
    True: openGLext.GL_ARB_vertex_shader
    True: openGLext.GL_ARB_texture_non_power_of_two
    True: openGLext.GL_ARB_texture_float
    True: openGLext.GL_ARB_shader_objects
    True: openGLext.GL_ARB_multitexture
    True: openGLext.GL_ARB_fragment_program
#[ PsychoPy2 RuntimeInfoEnd ]

186.6896 	EXP 	window1: recordFrameIntervals = True
187.5234 	EXP 	window1: recordFrameIntervals = False
187.5237 	INFO 	Frames per second ~=60.1, which is close enough to desired val of 60.0
187.7299 	EXP 	Created sequence: random, trialTypes=12, nReps=30, seed=None
187.8987 	INFO 	Mouse: using default window
187.9210 	EXP 	Created OKrespZone = GratingStim(autoDraw=False, autoLog=True, color=array([ 1.,  1.,  1.]), colorSpace='rgb', contrast=1.0, depth=0, interpolate=False, mask='gauss', maskParams=None, name='OKrespZone', opacity=1.0, ori=0.0, phase=array([ 0.,  0.]), pos=array([ 0.  ,  0.88]), rgbPedestal=array([ 0.,  0.,  0.]), sf=array([ 0.,  0.]), size=array([ 2. ,  0.2]), tex='sin', texRes=256, units='norm', win=Window(...))
217.2709 	DATA 	Mouse: Left button down, pos=(89,932)
217.3736 	DATA 	Mouse:  Left button up, pos=(89,932)
220.7416 	DATA 	Mouse: Left button down, pos=(282,959)
220.8534 	DATA 	Mouse:  Left button up, pos=(282,959)
224.0469 	DATA 	Mouse: Left button down, pos=(157,959)
224.1576 	DATA 	Mouse:  Left button up, pos=(157,959)
224.7819 	DATA 	Mouse: Left button down, pos=(248,953)
224.8856 	DATA 	Mouse:  Left button up, pos=(248,953)
225.5269 	DATA 	Mouse: Left button down, pos=(252,950)
225.6135 	DATA 	Mouse:  Left button up, pos=(252,950)
227.4138 	DATA 	Mouse: Left button down, pos=(494,941)
227.5175 	DATA 	Mouse:  Left button up, pos=(494,941)
228.2936 	DATA 	Mouse: Left button down, pos=(292,947)
228.3815 	DATA 	Mouse:  Left button up, pos=(292,947)
228.6938 	DATA 	Mouse: Left button down, pos=(180,953)
228.7895 	DATA 	Mouse:  Left button up, pos=(180,953)
229.3017 	DATA 	Mouse: Left button down, pos=(845,957)
229.4055 	DATA 	Mouse:  Left button up, pos=(845,957)
229.8311 	DATA 	Mouse: Left button down, pos=(890,963)
229.9256 	DATA 	Mouse:  Left button up, pos=(890,963)
230.3502 	DATA 	Mouse: Left button down, pos=(1050,952)
230.4535 	DATA 	Mouse:  Left button up, pos=(1050,952)
232.3818 	DATA 	Mouse: Left button down, pos=(1060,951)
232.4936 	DATA 	Mouse:  Left button up, pos=(1062,951)
232.8948 	DATA 	Mouse: Left button down, pos=(932,953)
232.9976 	DATA 	Mouse:  Left button up, pos=(932,953)
233.5176 	DATA 	Mouse: Left button down, pos=(1107,952)
233.6295 	DATA 	Mouse:  Left button up, pos=(1107,952)
234.9816 	DATA 	Mouse: Left button down, pos=(1107,952)
235.1015 	DATA 	Mouse:  Left button up, pos=(1107,952)
236.8231 	DATA 	Mouse: Left button down, pos=(946,949)
236.8934 	DATA 	Mouse:  Left button up, pos=(946,949)
237.2779 	DATA 	Mouse: Left button down, pos=(798,948)
237.4295 	DATA 	Mouse:  Left button up, pos=(798,948)
237.8457 	DATA 	Mouse: Left button down, pos=(559,960)
237.9574 	DATA 	Mouse:  Left button up, pos=(559,960)
238.3418 	DATA 	Mouse: Left button down, pos=(346,955)
238.4535 	DATA 	Mouse:  Left button up, pos=(346,955)
239.0378 	DATA 	Mouse: Left button down, pos=(163,969)
239.1174 	DATA 	Mouse:  Left button up, pos=(163,969)
246.4626 	DATA 	Mouse: Left button down, pos=(734,362)
246.6454 	DATA 	Mouse:  Left button up, pos=(736,366)
247.5898 	DATA 	Mouse: Left button down, pos=(735,346)
247.7175 	DATA 	Mouse:  Left button up, pos=(735,346)
248.3097 	DATA 	Mouse: Left button down, pos=(734,385)
248.4055 	DATA 	Mouse:  Left button up, pos=(734,385)
249.0377 	DATA 	Mouse: Left button down, pos=(734,385)
249.1415 	DATA 	Mouse:  Left button up, pos=(734,385)
255.2458 	DATA 	Mouse: Left button down, pos=(1783,43)
255.3415 	DATA 	Mouse:  Left button up, pos=(1783,43)
256.3335 	DATA 	Mouse: Left button down, pos=(1783,43)
256.4616 	DATA 	Mouse:  Left button up, pos=(1783,43)
262.8391 	DATA 	Mouse: Left button down, pos=(1524,348)
262.9735 	DATA 	Mouse:  Left button up, pos=(1523,347)
263.8297 	DATA 	Mouse: Left button down, pos=(1523,336)
263.9335 	DATA 	Mouse:  Left button up, pos=(1523,336)
271.9100 	DATA 	Mouse: Left button down, pos=(1702,680)
272.0295 	DATA 	Mouse:  Left button up, pos=(1703,680)
284.6776 	DATA 	Mouse: Left button down, pos=(1525,880)
284.8134 	DATA 	Mouse:  Left button up, pos=(1525,880)
290.0779 	DATA 	Mouse: Left button down, pos=(1324,745)
290.1895 	DATA 	Mouse:  Left button up, pos=(1324,745)
304.9659 	DATA 	Mouse: Left button down, pos=(1068,133)
305.8056 	DATA 	Mouse:  Left button up, pos=(1068,129)
305.9976 	DATA 	Mouse: Left button down, pos=(1068,129)
306.1414 	DATA 	Mouse:  Left button up, pos=(1068,129)
306.4938 	DATA 	Mouse: Left button down, pos=(1068,118)
306.5895 	DATA 	Mouse:  Left button up, pos=(1068,118)
318.4306 	DATA 	Mouse: Left button down, pos=(888,122)
318.5341 	DATA 	Mouse:  Left button up, pos=(888,122)
325.5497 	DATA 	Mouse: Left button down, pos=(742,389)
325.6375 	DATA 	Mouse:  Left button up, pos=(742,389)
339.1817 	DATA 	Mouse: Left button down, pos=(510,256)
339.3095 	DATA 	Mouse:  Left button up, pos=(510,256)
340.8218 	DATA 	Mouse: Left button down, pos=(506,742)
340.9655 	DATA 	Mouse:  Left button up, pos=(506,742)
344.7259 	DATA 	Mouse: Left button down, pos=(314,608)
344.8934 	DATA 	Mouse:  Left button up, pos=(314,608)
355.8542 	DATA 	Mouse: Left button down, pos=(109,175)
355.9735 	DATA 	Mouse:  Left button up, pos=(109,175)
359.9177 	DATA 	Mouse: Left button down, pos=(910,1017)
359.9585 	INFO 	Experiment will have 360 trials. Letters will be drawn with superposed noise of 0.00%
359.9722 	EXP 	New trial (rep=0, index=0): {'leftStreamFlip': False, 'oneTarget': False, 'trialInstructionPos': (0, 1), 'probe': 'both', 'rightStreamFlip': False, 'horizVert': False, 'ISIframes': 2, 'rightResponseFirst': False}
359.9723 	INFO 	Starting main part of experiment
360.0410 	DATA 	Mouse:  Left button up, pos=(910,1017)
361.1565 	INFO 	numtrials=360 and this trialDurFrames=28 or 466.666666667 ms  task=T1
363.0737 	EXP 	window1: recordFrameIntervals = False
363.0846 	INFO 	Mouse: using default window
365.9747 	DATA 	Keypress: c
366.0573 	DATA 	Keypress: n
366.1404 	DATA 	Keypress: k
366.3640 	EXP 	New trial (rep=0, index=1): {'leftStreamFlip': False, 'oneTarget': False, 'trialInstructionPos': (0, -1), 'probe': 'both', 'rightStreamFlip': False, 'horizVert': False, 'ISIframes': 2, 'rightResponseFirst': True}
375.8731 	INFO 	numtrials=360 and this trialDurFrames=22 or 366.666666667 ms  task=T1
377.7404 	EXP 	window1: recordFrameIntervals = False
377.7480 	INFO 	Mouse: using default window
380.5407 	DATA 	Keypress: u
381.8739 	DATA 	Keypress: j
383.4575 	DATA 	Keypress: z
383.6013 	EXP 	New trial (rep=0, index=2): {'leftStreamFlip': False, 'oneTarget': False, 'trialInstructionPos': (0, -1), 'probe': 'both', 'rightStreamFlip': False, 'horizVert': False, 'ISIframes': 2, 'rightResponseFirst': False}
383.6246 	INFO 	numtrials=360 and this trialDurFrames=18 or 300.0 ms  task=T1
385.4907 	EXP 	window1: recordFrameIntervals = False
385.4987 	INFO 	Mouse: using default window
388.3604 	DATA 	Keypress: g
390.7072 	DATA 	Keypress: a
391.4074 	DATA 	Keypress: e
391.5495 	EXP 	New trial (rep=0, index=3): {'leftStreamFlip': False, 'oneTarget': False, 'trialInstructionPos': (0, 1), 'probe': 'both', 'rightStreamFlip': False, 'horizVert': False, 'ISIframes': 2, 'rightResponseFirst': True}
391.5744 	INFO 	numtrials=360 and this trialDurFrames=18 or 300.0 ms  task=T1
392.9734 	EXP 	window1: recordFrameIntervals = False
392.9814 	INFO 	Mouse: using default window
394.6238 	DATA 	Keypress: s
395.8406 	DATA 	Keypress: c
396.6902 	DATA 	Keypress: k
396.8361 	EXP 	New trial (rep=0, index=4): {'leftStreamFlip': False, 'oneTarget': False, 'trialInstructionPos': (0, 1), 'probe': 'both', 'rightStreamFlip': False, 'horizVert': False, 'ISIframes': 2, 'rightResponseFirst': True}
405.1905 	INFO 	numtrials=360 and this trialDurFrames=14 or 233.333333333 ms  task=T1
406.4573 	EXP 	window1: recordFrameIntervals = False
406.4652 	INFO 	Mouse: using default window
410.5080 	DATA 	Keypress: g
411.6573 	DATA 	Keypress: r
412.6744 	DATA 	Keypress: m
412.8159 	EXP 	New trial (rep=0, index=5): {'leftStreamFlip': False, 'oneTarget': False, 'trialInstructionPos': (0, -1), 'probe': 'both', 'rightStreamFlip': False, 'horizVert': False, 'ISIframes': 2, 'rightResponseFirst': False}
412.8398 	INFO 	numtrials=360 and this trialDurFrames=4 or 66.6666666667 ms  task=T1
413.8240 	EXP 	window1: recordFrameIntervals = False
413.8318 	INFO 	Mouse: using default window
415.9578 	DATA 	Keypress: k
417.9075 	DATA 	Keypress: u
418.8083 	DATA 	Keypress: e
418.9497 	EXP 	New trial (rep=0, index=6): {'leftStreamFlip': False, 'oneTarget': False, 'trialInstructionPos': (0, -1), 'probe': 'both', 'rightStreamFlip': False, 'horizVert': False, 'ISIframes': 2, 'rightResponseFirst': True}
418.9740 	INFO 	numtrials=360 and this trialDurFrames=4 or 66.6666666667 ms  task=T1
420.1742 	EXP 	window1: recordFrameIntervals = False
420.1830 	INFO 	Mouse: using default window
421.7237 	DATA 	Keypress: y
422.7236 	DATA 	Keypress: t
424.1240 	DATA 	Keypress: g
424.2646 	EXP 	New trial (rep=0, index=7): {'leftStreamFlip': False, 'oneTarget': False, 'trialInstructionPos': (0, -1), 'probe': 'both', 'rightStreamFlip': False, 'horizVert': False, 'ISIframes': 2, 'rightResponseFirst': True}
424.2896 	INFO 	numtrials=360 and this trialDurFrames=3 or 50.0 ms  task=T1
425.2901 	EXP 	window1: recordFrameIntervals = False
425.2981 	INFO 	Mouse: using default window
427.1910 	DATA 	Keypress: a
428.4742 	DATA 	Keypress: r
428.9572 	DATA 	Keypress: t
429.0992 	EXP 	New trial (rep=0, index=8): {'leftStreamFlip': False, 'oneTarget': False, 'trialInstructionPos': (0, 1), 'probe': 'both', 'rightStreamFlip': False, 'horizVert': False, 'ISIframes': 2, 'rightResponseFirst': False}
429.1229 	INFO 	numtrials=360 and this trialDurFrames=4 or 66.6666666667 ms  task=T1
430.3239 	EXP 	window1: recordFrameIntervals = False
430.3322 	INFO 	Mouse: using default window
431.7906 	DATA 	Keypress: c
432.8744 	DATA 	Keypress: h
434.1242 	DATA 	Keypress: u
434.2643 	EXP 	New trial (rep=0, index=9): {'leftStreamFlip': False, 'oneTarget': False, 'trialInstructionPos': (0, 1), 'probe': 'both', 'rightStreamFlip': False, 'horizVert': False, 'ISIframes': 2, 'rightResponseFirst': False}
434.2911 	INFO 	numtrials=360 and this trialDurFrames=4 or 66.6666666667 ms  task=T1
435.5066 	EXP 	window1: recordFrameIntervals = False
435.5142 	INFO 	Mouse: using default window
437.3241 	DATA 	Keypress: a
438.2739 	DATA 	Keypress: g
439.9409 	DATA 	Keypress: a
440.0810 	EXP 	New trial (rep=0, index=10): {'leftStreamFlip': False, 'oneTarget': False, 'trialInstructionPos': (0, 1), 'probe': 'both', 'rightStreamFlip': False, 'horizVert': False, 'ISIframes': 2, 'rightResponseFirst': True}
440.1077 	INFO 	numtrials=360 and this trialDurFrames=3 or 50.0 ms  task=T1
441.2737 	EXP 	window1: recordFrameIntervals = False
441.2815 	INFO 	Mouse: using default window
444.0739 	DATA 	Keypress: h
444.8082 	DATA 	Keypress: a
445.2577 	DATA 	Keypress: c
445.4019 	EXP 	New trial (rep=0, index=11): {'leftStreamFlip': False, 'oneTarget': False, 'trialInstructionPos': (0, -1), 'probe': 'both', 'rightStreamFlip': False, 'horizVert': False, 'ISIframes': 2, 'rightResponseFirst': False}
445.4229 	INFO 	numtrials=360 and this trialDurFrames=4 or 66.6666666667 ms  task=T1
446.4404 	EXP 	window1: recordFrameIntervals = False
446.4485 	INFO 	Mouse: using default window
447.6737 	DATA 	Keypress: n
448.3406 	DATA 	Keypress: a
448.7402 	DATA 	Keypress: s
448.8800 	EXP 	New trial (rep=1, index=0): {'leftStreamFlip': False, 'oneTarget': False, 'trialInstructionPos': (0, -1), 'probe': 'both', 'rightStreamFlip': False, 'horizVert': False, 'ISIframes': 2, 'rightResponseFirst': False}
448.9064 	INFO 	numtrials=360 and this trialDurFrames=4 or 66.6666666667 ms  task=T1
450.0737 	EXP 	window1: recordFrameIntervals = False
450.0815 	INFO 	Mouse: using default window
450.8742 	DATA 	Keypress: c
451.2739 	DATA 	Keypress: m
452.0908 	DATA 	Keypress: h
452.2313 	EXP 	New trial (rep=1, index=1): {'leftStreamFlip': False, 'oneTarget': False, 'trialInstructionPos': (0, 1), 'probe': 'both', 'rightStreamFlip': False, 'horizVert': False, 'ISIframes': 2, 'rightResponseFirst': False}
452.2569 	INFO 	numtrials=360 and this trialDurFrames=3 or 50.0 ms  task=T1
453.4071 	EXP 	window1: recordFrameIntervals = False
453.4156 	INFO 	Mouse: using default window
454.3240 	DATA 	Keypress: s
454.9071 	DATA 	Keypress: r
455.2574 	DATA 	Keypress: e
455.3975 	EXP 	New trial (rep=1, index=2): {'leftStreamFlip': False, 'oneTarget': False, 'trialInstructionPos': (0, 1), 'probe': 'both', 'rightStreamFlip': False, 'horizVert': False, 'ISIframes': 2, 'rightResponseFirst': False}
455.4230 	INFO 	numtrials=360 and this trialDurFrames=3 or 50.0 ms  task=T1
456.6072 	EXP 	window1: recordFrameIntervals = False
456.6166 	INFO 	Mouse: using default window
458.2741 	DATA 	Keypress: r
459.0074 	DATA 	Keypress: m
459.4408 	DATA 	Keypress: e
459.5819 	EXP 	New trial (rep=1, index=3): {'leftStreamFlip': False, 'oneTarget': False, 'trialInstructionPos': (0, -1), 'probe': 'both', 'rightStreamFlip': False, 'horizVert': False, 'ISIframes': 2, 'rightResponseFirst': True}
459.6076 	INFO 	numtrials=360 and this trialDurFrames=3 or 50.0 ms  task=T1
460.6236 	EXP 	window1: recordFrameIntervals = False
460.6317 	INFO 	Mouse: using default window
463.8242 	DATA 	Keypress: r
464.6236 	DATA 	Keypress: a
465.1074 	DATA 	Keypress: e
465.2488 	EXP 	New trial (rep=1, index=4): {'leftStreamFlip': False, 'oneTarget': False, 'trialInstructionPos': (0, -1), 'probe': 'both', 'rightStreamFlip': False, 'horizVert': False, 'ISIframes': 2, 'rightResponseFirst': True}
465.2737 	INFO 	numtrials=360 and this trialDurFrames=3 or 50.0 ms  task=T1
466.2733 	EXP 	window1: recordFrameIntervals = False
466.2814 	INFO 	Mouse: using default window
467.7569 	DATA 	Keypress: g
468.2902 	DATA 	Keypress: r
468.5410 	DATA 	Keypress: d
468.6816 	EXP 	New trial (rep=1, index=5): {'leftStreamFlip': False, 'oneTarget': False, 'trialInstructionPos': (0, -1), 'probe': 'both', 'rightStreamFlip': False, 'horizVert': False, 'ISIframes': 2, 'rightResponseFirst': False}
468.7070 	INFO 	numtrials=360 and this trialDurFrames=4 or 66.6666666667 ms  task=T1
469.7909 	EXP 	window1: recordFrameIntervals = False
469.7987 	INFO 	Mouse: using default window
471.0573 	DATA 	Keypress: e
472.0908 	DATA 	Keypress: t
472.6407 	DATA 	Keypress: n
472.7803 	EXP 	New trial (rep=1, index=6): {'leftStreamFlip': False, 'oneTarget': False, 'trialInstructionPos': (0, -1), 'probe': 'both', 'rightStreamFlip': False, 'horizVert': False, 'ISIframes': 2, 'rightResponseFirst': True}
472.8069 	INFO 	numtrials=360 and this trialDurFrames=4 or 66.6666666667 ms  task=T1
473.9906 	EXP 	window1: recordFrameIntervals = False
473.9983 	INFO 	Mouse: using default window
474.7910 	DATA 	Keypress: c
475.4577 	DATA 	Keypress: g
475.9419 	DATA 	Keypress: n
476.0989 	EXP 	New trial (rep=1, index=7): {'leftStreamFlip': False, 'oneTarget': False, 'trialInstructionPos': (0, -1), 'probe': 'both', 'rightStreamFlip': False, 'horizVert': False, 'ISIframes': 2, 'rightResponseFirst': False}
476.1235 	INFO 	numtrials=360 and this trialDurFrames=3 or 50.0 ms  task=T1
477.1569 	EXP 	window1: recordFrameIntervals = False
477.1647 	INFO 	Mouse: using default window
479.9243 	DATA 	Keypress: k
480.7909 	DATA 	Keypress: m
481.2410 	DATA 	Keypress: r
481.3833 	EXP 	New trial (rep=1, index=8): {'leftStreamFlip': False, 'oneTarget': False, 'trialInstructionPos': (0, 1), 'probe': 'both', 'rightStreamFlip': False, 'horizVert': False, 'ISIframes': 2, 'rightResponseFirst': False}
481.4067 	INFO 	numtrials=360 and this trialDurFrames=3 or 50.0 ms  task=T1
482.4734 	EXP 	window1: recordFrameIntervals = False
482.4816 	INFO 	Mouse: using default window
483.8575 	DATA 	Keypress: r
484.5410 	DATA 	Keypress: f
484.7909 	DATA 	Keypress: e
484.9305 	EXP 	New trial (rep=1, index=9): {'leftStreamFlip': False, 'oneTarget': False, 'trialInstructionPos': (0, 1), 'probe': 'both', 'rightStreamFlip': False, 'horizVert': False, 'ISIframes': 2, 'rightResponseFirst': True}
484.9580 	INFO 	numtrials=360 and this trialDurFrames=3 or 50.0 ms  task=T1
486.0572 	EXP 	window1: recordFrameIntervals = False
486.0651 	INFO 	Mouse: using default window
488.9236 	DATA 	Keypress: r
489.4070 	DATA 	Keypress: e
489.8741 	DATA 	Keypress: f
490.0170 	EXP 	New trial (rep=1, index=10): {'leftStreamFlip': False, 'oneTarget': False, 'trialInstructionPos': (0, 1), 'probe': 'both', 'rightStreamFlip': False, 'horizVert': False, 'ISIframes': 2, 'rightResponseFirst': True}
490.0402 	INFO 	numtrials=360 and this trialDurFrames=3 or 50.0 ms  task=T1
491.0243 	EXP 	window1: recordFrameIntervals = False
491.0320 	INFO 	Mouse: using default window
493.1745 	DATA 	Keypress: g
493.8070 	DATA 	Keypress: h
493.9584 	DATA 	Keypress: c
494.1145 	EXP 	New trial (rep=1, index=11): {'leftStreamFlip': False, 'oneTarget': False, 'trialInstructionPos': (0, 1), 'probe': 'both', 'rightStreamFlip': False, 'horizVert': False, 'ISIframes': 2, 'rightResponseFirst': True}
494.1398 	INFO 	numtrials=360 and this trialDurFrames=3 or 50.0 ms  task=T1
495.3234 	EXP 	window1: recordFrameIntervals = False
495.3314 	INFO 	Mouse: using default window
497.1407 	DATA 	Keypress: h
498.6072 	DATA 	Keypress: y
499.0407 	DATA 	Keypress: t
499.1819 	EXP 	New trial (rep=2, index=0): {'leftStreamFlip': False, 'oneTarget': False, 'trialInstructionPos': (0, -1), 'probe': 'both', 'rightStreamFlip': False, 'horizVert': False, 'ISIframes': 2, 'rightResponseFirst': False}
499.2071 	INFO 	numtrials=360 and this trialDurFrames=3 or 50.0 ms  task=T1
500.2741 	EXP 	window1: recordFrameIntervals = False
500.2817 	INFO 	Mouse: using default window
502.7420 	DATA 	Keypress: h
503.4568 	DATA 	Keypress: t
503.9744 	DATA 	Keypress: m
504.1157 	EXP 	New trial (rep=2, index=1): {'leftStreamFlip': False, 'oneTarget': False, 'trialInstructionPos': (0, 1), 'probe': 'both', 'rightStreamFlip': False, 'horizVert': False, 'ISIframes': 2, 'rightResponseFirst': False}
504.1400 	INFO 	numtrials=360 and this trialDurFrames=3 or 50.0 ms  task=T1
505.1401 	EXP 	window1: recordFrameIntervals = False
505.1476 	INFO 	Mouse: using default window
507.1743 	DATA 	Keypress: h
507.9421 	DATA 	Keypress: g
508.2245 	DATA 	Keypress: c
508.3671 	EXP 	New trial (rep=2, index=2): {'leftStreamFlip': False, 'oneTarget': False, 'trialInstructionPos': (0, -1), 'probe': 'both', 'rightStreamFlip': False, 'horizVert': False, 'ISIframes': 2, 'rightResponseFirst': True}
508.3892 	INFO 	numtrials=360 and this trialDurFrames=3 or 50.0 ms  task=T1
509.3740 	EXP 	window1: recordFrameIntervals = False
509.3824 	INFO 	Mouse: using default window
512.8909 	DATA 	Keypress: h
513.6743 	DATA 	Keypress: c
514.7739 	DATA 	Keypress: g
514.9145 	EXP 	New trial (rep=2, index=3): {'leftStreamFlip': False, 'oneTarget': False, 'trialInstructionPos': (0, -1), 'probe': 'both', 'rightStreamFlip': False, 'horizVert': False, 'ISIframes': 2, 'rightResponseFirst': True}
514.9415 	INFO 	numtrials=360 and this trialDurFrames=3 or 50.0 ms  task=T1
516.0077 	EXP 	window1: recordFrameIntervals = False
516.0158 	INFO 	Mouse: using default window
519.1599 	DATA 	Keypress: c
520.1904 	DATA 	Keypress: t
520.7262 	DATA 	Keypress: h
520.7721 	DATA 	Keypress: h
520.8804 	EXP 	New trial (rep=2, index=4): {'leftStreamFlip': False, 'oneTarget': False, 'trialInstructionPos': (0, 1), 'probe': 'both', 'rightStreamFlip': False, 'horizVert': False, 'ISIframes': 2, 'rightResponseFirst': True}
520.8902 	INFO 	numtrials=360 and this trialDurFrames=3 or 50.0 ms  task=T1
521.9245 	EXP 	window1: recordFrameIntervals = False
521.9324 	INFO 	Mouse: using default window
524.8076 	DATA 	Keypress: j
525.4746 	DATA 	Keypress: g
526.9581 	DATA 	Keypress: h
527.0992 	EXP 	New trial (rep=2, index=5): {'leftStreamFlip': False, 'oneTarget': False, 'trialInstructionPos': (0, -1), 'probe': 'both', 'rightStreamFlip': False, 'horizVert': False, 'ISIframes': 2, 'rightResponseFirst': True}
527.1230 	INFO 	numtrials=360 and this trialDurFrames=3 or 50.0 ms  task=T1
528.2909 	EXP 	window1: recordFrameIntervals = False
528.2990 	INFO 	Mouse: using default window
529.7405 	DATA 	Keypress: s
530.6907 	DATA 	Keypress: a
531.1738 	DATA 	Keypress: t
531.3149 	EXP 	New trial (rep=2, index=6): {'leftStreamFlip': False, 'oneTarget': False, 'trialInstructionPos': (0, -1), 'probe': 'both', 'rightStreamFlip': False, 'horizVert': False, 'ISIframes': 2, 'rightResponseFirst': False}
531.3398 	INFO 	numtrials=360 and this trialDurFrames=3 or 50.0 ms  task=T1
532.3570 	EXP 	window1: recordFrameIntervals = False
532.3647 	INFO 	Mouse: using default window
534.2408 	DATA 	Keypress: h
535.9910 	DATA 	Keypress: s
536.6577 	DATA 	Keypress: e
536.8114 	EXP 	New trial (rep=2, index=7): {'leftStreamFlip': False, 'oneTarget': False, 'trialInstructionPos': (0, -1), 'probe': 'both', 'rightStreamFlip': False, 'horizVert': False, 'ISIframes': 2, 'rightResponseFirst': False}
536.8233 	INFO 	numtrials=360 and this trialDurFrames=3 or 50.0 ms  task=T1
537.9740 	EXP 	window1: recordFrameIntervals = False
537.9814 	INFO 	Mouse: using default window
540.1407 	DATA 	Keypress: g
540.7423 	DATA 	Keypress: a
541.1411 	DATA 	Keypress: h
541.2831 	EXP 	New trial (rep=2, index=8): {'leftStreamFlip': False, 'oneTarget': False, 'trialInstructionPos': (0, 1), 'probe': 'both', 'rightStreamFlip': False, 'horizVert': False, 'ISIframes': 2, 'rightResponseFirst': True}
541.3066 	INFO 	numtrials=360 and this trialDurFrames=3 or 50.0 ms  task=T1
542.3734 	EXP 	window1: recordFrameIntervals = False
542.3813 	INFO 	Mouse: using default window
545.4073 	DATA 	Keypress: z
546.1572 	DATA 	Keypress: a
546.6576 	DATA 	Keypress: h
546.6869 	DATA 	Keypress: h
546.7966 	EXP 	New trial (rep=2, index=9): {'leftStreamFlip': False, 'oneTarget': False, 'trialInstructionPos': (0, 1), 'probe': 'both', 'rightStreamFlip': False, 'horizVert': False, 'ISIframes': 2, 'rightResponseFirst': False}
546.8234 	INFO 	numtrials=360 and this trialDurFrames=3 or 50.0 ms  task=T1
547.8574 	EXP 	window1: recordFrameIntervals = False
547.8654 	INFO 	Mouse: using default window
550.4407 	DATA 	Keypress: h
551.2576 	DATA 	Keypress: a
551.4404 	DATA 	Keypress: r
551.5825 	EXP 	New trial (rep=2, index=10): {'leftStreamFlip': False, 'oneTarget': False, 'trialInstructionPos': (0, 1), 'probe': 'both', 'rightStreamFlip': False, 'horizVert': False, 'ISIframes': 2, 'rightResponseFirst': False}
551.6068 	INFO 	numtrials=360 and this trialDurFrames=3 or 50.0 ms  task=T1
552.7742 	EXP 	window1: recordFrameIntervals = False
552.7820 	INFO 	Mouse: using default window
554.0405 	DATA 	Keypress: a
554.9910 	DATA 	Keypress: y
556.3407 	DATA 	Keypress: r
556.4819 	EXP 	New trial (rep=2, index=11): {'leftStreamFlip': False, 'oneTarget': False, 'trialInstructionPos': (0, 1), 'probe': 'both', 'rightStreamFlip': False, 'horizVert': False, 'ISIframes': 2, 'rightResponseFirst': True}
556.5069 	INFO 	numtrials=360 and this trialDurFrames=3 or 50.0 ms  task=T1
557.5577 	EXP 	window1: recordFrameIntervals = False
557.5655 	INFO 	Mouse: using default window
559.5748 	DATA 	Keypress: h
560.4911 	DATA 	Keypress: g
561.1246 	DATA 	Keypress: a
561.2665 	EXP 	New trial (rep=3, index=0): {'leftStreamFlip': False, 'oneTarget': False, 'trialInstructionPos': (0, 1), 'probe': 'both', 'rightStreamFlip': False, 'horizVert': False, 'ISIframes': 2, 'rightResponseFirst': False}
561.2895 	INFO 	numtrials=360 and this trialDurFrames=3 or 50.0 ms  task=T1
562.2907 	EXP 	window1: recordFrameIntervals = False
562.2990 	INFO 	Mouse: using default window
565.4912 	DATA 	Keypress: d
566.6740 	DATA 	Keypress: y
566.8906 	DATA 	Keypress: a
567.0308 	EXP 	New trial (rep=3, index=1): {'leftStreamFlip': False, 'oneTarget': False, 'trialInstructionPos': (0, 1), 'probe': 'both', 'rightStreamFlip': False, 'horizVert': False, 'ISIframes': 2, 'rightResponseFirst': False}
567.0568 	INFO 	numtrials=360 and this trialDurFrames=3 or 50.0 ms  task=T1
568.2567 	EXP 	window1: recordFrameIntervals = False
568.2641 	INFO 	Mouse: using default window
570.6743 	DATA 	Keypress: j
571.6243 	DATA 	Keypress: f
571.8576 	DATA 	Keypress: a
571.9988 	EXP 	New trial (rep=3, index=2): {'leftStreamFlip': False, 'oneTarget': False, 'trialInstructionPos': (0, -1), 'probe': 'both', 'rightStreamFlip': False, 'horizVert': False, 'ISIframes': 2, 'rightResponseFirst': True}
572.0240 	INFO 	numtrials=360 and this trialDurFrames=3 or 50.0 ms  task=T1
573.1571 	EXP 	window1: recordFrameIntervals = False
573.1647 	INFO 	Mouse: using default window
575.4913 	DATA 	Keypress: a
576.6909 	DATA 	Keypress: m
577.9242 	DATA 	Keypress: t
578.0653 	EXP 	New trial (rep=3, index=3): {'leftStreamFlip': False, 'oneTarget': False, 'trialInstructionPos': (0, 1), 'probe': 'both', 'rightStreamFlip': False, 'horizVert': False, 'ISIframes': 2, 'rightResponseFirst': True}
578.0899 	INFO 	numtrials=360 and this trialDurFrames=3 or 50.0 ms  task=T1
579.2068 	EXP 	window1: recordFrameIntervals = False
579.2148 	INFO 	Mouse: using default window
580.4245 	DATA 	Keypress: a
581.2741 	DATA 	Keypress: y
581.4404 	DATA 	Keypress: c
581.5863 	EXP 	New trial (rep=3, index=4): {'leftStreamFlip': False, 'oneTarget': False, 'trialInstructionPos': (0, -1), 'probe': 'both', 'rightStreamFlip': False, 'horizVert': False, 'ISIframes': 2, 'rightResponseFirst': True}
581.6065 	INFO 	numtrials=360 and this trialDurFrames=3 or 50.0 ms  task=T1
582.7237 	EXP 	window1: recordFrameIntervals = False
582.7311 	INFO 	Mouse: using default window
584.1239 	DATA 	Keypress: a
584.8909 	DATA 	Keypress: e
585.2577 	DATA 	Keypress: c
585.3986 	EXP 	New trial (rep=3, index=5): {'leftStreamFlip': False, 'oneTarget': False, 'trialInstructionPos': (0, -1), 'probe': 'both', 'rightStreamFlip': False, 'horizVert': False, 'ISIframes': 2, 'rightResponseFirst': False}
585.4236 	INFO 	numtrials=360 and this trialDurFrames=3 or 50.0 ms  task=T1
586.4570 	EXP 	window1: recordFrameIntervals = False
586.4648 	INFO 	Mouse: using default window
589.0082 	DATA 	Keypress: a
591.3238 	DATA 	Keypress: e
591.6578 	DATA 	Keypress: y
591.7978 	EXP 	New trial (rep=3, index=6): {'leftStreamFlip': False, 'oneTarget': False, 'trialInstructionPos': (0, 1), 'probe': 'both', 'rightStreamFlip': False, 'horizVert': False, 'ISIframes': 2, 'rightResponseFirst': False}
591.8243 	INFO 	numtrials=360 and this trialDurFrames=3 or 50.0 ms  task=T1
592.9408 	EXP 	window1: recordFrameIntervals = False
592.9487 	INFO 	Mouse: using default window
595.5744 	DATA 	Keypress: m
596.7073 	DATA 	Keypress: n
597.2412 	DATA 	Keypress: y
597.3813 	EXP 	New trial (rep=3, index=7): {'leftStreamFlip': False, 'oneTarget': False, 'trialInstructionPos': (0, 1), 'probe': 'both', 'rightStreamFlip': False, 'horizVert': False, 'ISIframes': 2, 'rightResponseFirst': True}
597.4066 	INFO 	numtrials=360 and this trialDurFrames=3 or 50.0 ms  task=T1
598.5571 	EXP 	window1: recordFrameIntervals = False
598.5654 	INFO 	Mouse: using default window
600.7419 	DATA 	Keypress: g
601.6246 	DATA 	Keypress: a
601.8910 	DATA 	Keypress: y
602.0311 	EXP 	New trial (rep=3, index=8): {'leftStreamFlip': False, 'oneTarget': False, 'trialInstructionPos': (0, -1), 'probe': 'both', 'rightStreamFlip': False, 'horizVert': False, 'ISIframes': 2, 'rightResponseFirst': False}
602.0573 	INFO 	numtrials=360 and this trialDurFrames=3 or 50.0 ms  task=T1
603.1743 	EXP 	window1: recordFrameIntervals = False
603.1818 	INFO 	Mouse: using default window
605.4912 	DATA 	Keypress: h
606.2739 	DATA 	Keypress: c
606.4908 	DATA 	Keypress: a
606.6310 	EXP 	New trial (rep=3, index=9): {'leftStreamFlip': False, 'oneTarget': False, 'trialInstructionPos': (0, -1), 'probe': 'both', 'rightStreamFlip': False, 'horizVert': False, 'ISIframes': 2, 'rightResponseFirst': True}
606.6565 	INFO 	numtrials=360 and this trialDurFrames=3 or 50.0 ms  task=T1
607.7410 	EXP 	window1: recordFrameIntervals = False
607.7492 	INFO 	Mouse: using default window
608.9240 	DATA 	Keypress: n
610.9743 	DATA 	Keypress: j
612.7586 	DATA 	Keypress: n
612.9158 	EXP 	New trial (rep=3, index=10): {'leftStreamFlip': False, 'oneTarget': False, 'trialInstructionPos': (0, -1), 'probe': 'both', 'rightStreamFlip': False, 'horizVert': False, 'ISIframes': 2, 'rightResponseFirst': False}
612.9399 	INFO 	numtrials=360 and this trialDurFrames=3 or 50.0 ms  task=T1
614.1074 	EXP 	window1: recordFrameIntervals = False
614.1152 	INFO 	Mouse: using default window
616.0574 	DATA 	Keypress: g
616.9743 	DATA 	Keypress: s
617.5909 	DATA 	Keypress: a
617.7310 	EXP 	New trial (rep=3, index=11): {'leftStreamFlip': False, 'oneTarget': False, 'trialInstructionPos': (0, 1), 'probe': 'both', 'rightStreamFlip': False, 'horizVert': False, 'ISIframes': 2, 'rightResponseFirst': True}
617.7574 	INFO 	numtrials=360 and this trialDurFrames=3 or 50.0 ms  task=T1
618.7740 	EXP 	window1: recordFrameIntervals = False
618.7813 	INFO 	Mouse: using default window
620.7583 	DATA 	Keypress: m
621.9578 	DATA 	Keypress: z
622.7577 	DATA 	Keypress: t
622.9001 	EXP 	New trial (rep=4, index=0): {'leftStreamFlip': False, 'oneTarget': False, 'trialInstructionPos': (0, 1), 'probe': 'both', 'rightStreamFlip': False, 'horizVert': False, 'ISIframes': 2, 'rightResponseFirst': False}
622.9229 	INFO 	numtrials=360 and this trialDurFrames=3 or 50.0 ms  task=T1
624.0904 	EXP 	window1: recordFrameIntervals = False
624.0986 	INFO 	Mouse: using default window
626.6741 	DATA 	Keypress: u
627.1907 	DATA 	Keypress: e
627.9246 	DATA 	Keypress: m
628.0635 	EXP 	New trial (rep=4, index=1): {'leftStreamFlip': False, 'oneTarget': False, 'trialInstructionPos': (0, 1), 'probe': 'both', 'rightStreamFlip': False, 'horizVert': False, 'ISIframes': 2, 'rightResponseFirst': True}
628.0898 	INFO 	numtrials=360 and this trialDurFrames=3 or 50.0 ms  task=T1
629.0742 	EXP 	window1: recordFrameIntervals = False
629.0819 	INFO 	Mouse: using default window
631.6082 	DATA 	Keypress: c
632.4572 	DATA 	Keypress: c
633.0243 	DATA 	Keypress: k
633.1670 	EXP 	New trial (rep=4, index=2): {'leftStreamFlip': False, 'oneTarget': False, 'trialInstructionPos': (0, 1), 'probe': 'both', 'rightStreamFlip': False, 'horizVert': False, 'ISIframes': 2, 'rightResponseFirst': False}
633.1899 	INFO 	numtrials=360 and this trialDurFrames=3 or 50.0 ms  task=T1
634.2410 	EXP 	window1: recordFrameIntervals = False
634.2491 	INFO 	Mouse: using default window
636.3239 	DATA 	Keypress: h
637.0576 	DATA 	Keypress: g
637.2917 	DATA 	Keypress: e
637.4306 	EXP 	New trial (rep=4, index=3): {'leftStreamFlip': False, 'oneTarget': False, 'trialInstructionPos': (0, -1), 'probe': 'both', 'rightStreamFlip': False, 'horizVert': False, 'ISIframes': 2, 'rightResponseFirst': True}
637.4564 	INFO 	numtrials=360 and this trialDurFrames=3 or 50.0 ms  task=T1
638.5406 	EXP 	window1: recordFrameIntervals = False
638.5493 	INFO 	Mouse: using default window
640.1740 	DATA 	Keypress: n
640.8572 	DATA 	Keypress: j
641.2075 	DATA 	Keypress: a
641.3460 	EXP 	New trial (rep=4, index=4): {'leftStreamFlip': False, 'oneTarget': False, 'trialInstructionPos': (0, 1), 'probe': 'both', 'rightStreamFlip': False, 'horizVert': False, 'ISIframes': 2, 'rightResponseFirst': True}
641.3568 	INFO 	numtrials=360 and this trialDurFrames=3 or 50.0 ms  task=T1
642.3911 	EXP 	window1: recordFrameIntervals = False
642.3991 	INFO 	Mouse: using default window
643.8412 	DATA 	Keypress: m
644.6237 	DATA 	Keypress: t
645.0245 	DATA 	Keypress: c
645.1642 	EXP 	New trial (rep=4, index=5): {'leftStreamFlip': False, 'oneTarget': False, 'trialInstructionPos': (0, 1), 'probe': 'both', 'rightStreamFlip': False, 'horizVert': False, 'ISIframes': 2, 'rightResponseFirst': False}
645.1900 	INFO 	numtrials=360 and this trialDurFrames=3 or 50.0 ms  task=T1
646.3069 	EXP 	window1: recordFrameIntervals = False
646.3145 	INFO 	Mouse: using default window
649.7741 	DATA 	Keypress: j
650.5241 	DATA 	Keypress: m
650.9238 	DATA 	Keypress: r
651.0661 	EXP 	New trial (rep=4, index=6): {'leftStreamFlip': False, 'oneTarget': False, 'trialInstructionPos': (0, -1), 'probe': 'both', 'rightStreamFlip': False, 'horizVert': False, 'ISIframes': 2, 'rightResponseFirst': False}
651.0907 	INFO 	numtrials=360 and this trialDurFrames=3 or 50.0 ms  task=T1
652.0909 	EXP 	window1: recordFrameIntervals = False
652.0988 	INFO 	Mouse: using default window
653.3905 	DATA 	Keypress: m
654.2743 	DATA 	Keypress: k
654.5908 	DATA 	Keypress: g
654.7311 	EXP 	New trial (rep=4, index=7): {'leftStreamFlip': False, 'oneTarget': False, 'trialInstructionPos': (0, 1), 'probe': 'both', 'rightStreamFlip': False, 'horizVert': False, 'ISIframes': 2, 'rightResponseFirst': True}
654.7577 	INFO 	numtrials=360 and this trialDurFrames=3 or 50.0 ms  task=T1
655.7408 	EXP 	window1: recordFrameIntervals = False
655.7485 	INFO 	Mouse: using default window
656.6910 	DATA 	Keypress: g
657.3242 	DATA 	Keypress: s
657.7577 	DATA 	Keypress: e
657.9004 	EXP 	New trial (rep=4, index=8): {'leftStreamFlip': False, 'oneTarget': False, 'trialInstructionPos': (0, -1), 'probe': 'both', 'rightStreamFlip': False, 'horizVert': False, 'ISIframes': 2, 'rightResponseFirst': True}
657.9234 	INFO 	numtrials=360 and this trialDurFrames=3 or 50.0 ms  task=T1
659.1072 	EXP 	window1: recordFrameIntervals = False
659.1147 	INFO 	Mouse: using default window
660.9579 	DATA 	Keypress: t
662.0408 	DATA 	Keypress: h
662.4573 	DATA 	Keypress: u
662.5993 	EXP 	New trial (rep=4, index=9): {'leftStreamFlip': False, 'oneTarget': False, 'trialInstructionPos': (0, -1), 'probe': 'both', 'rightStreamFlip': False, 'horizVert': False, 'ISIframes': 2, 'rightResponseFirst': False}
662.6233 	INFO 	numtrials=360 and this trialDurFrames=3 or 50.0 ms  task=T1
663.5903 	EXP 	window1: recordFrameIntervals = False
663.5982 	INFO 	Mouse: using default window
665.2085 	DATA 	Keypress: e
665.8912 	DATA 	Keypress: a
666.2572 	DATA 	Keypress: g
666.4005 	EXP 	New trial (rep=4, index=10): {'leftStreamFlip': False, 'oneTarget': False, 'trialInstructionPos': (0, -1), 'probe': 'both', 'rightStreamFlip': False, 'horizVert': False, 'ISIframes': 2, 'rightResponseFirst': True}
666.4229 	INFO 	numtrials=360 and this trialDurFrames=3 or 50.0 ms  task=T1
667.4411 	EXP 	window1: recordFrameIntervals = False
667.4491 	INFO 	Mouse: using default window
670.8409 	DATA 	Keypress: a
671.3407 	DATA 	Keypress: k
671.8416 	DATA 	Keypress: g
671.9819 	EXP 	New trial (rep=4, index=11): {'leftStreamFlip': False, 'oneTarget': False, 'trialInstructionPos': (0, -1), 'probe': 'both', 'rightStreamFlip': False, 'horizVert': False, 'ISIframes': 2, 'rightResponseFirst': False}
672.0071 	INFO 	numtrials=360 and this trialDurFrames=3 or 50.0 ms  task=T1
673.1740 	EXP 	window1: recordFrameIntervals = False
673.1818 	INFO 	Mouse: using default window
674.9078 	DATA 	Keypress: h
675.5586 	DATA 	Keypress: g
675.8077 	DATA 	Keypress: z
675.9594 	EXP 	New trial (rep=5, index=0): {'leftStreamFlip': False, 'oneTarget': False, 'trialInstructionPos': (0, 1), 'probe': 'both', 'rightStreamFlip': False, 'horizVert': False, 'ISIframes': 2, 'rightResponseFirst': True}
675.9735 	INFO 	numtrials=360 and this trialDurFrames=3 or 50.0 ms  task=T1
677.0070 	EXP 	window1: recordFrameIntervals = False
677.0151 	INFO 	Mouse: using default window
678.5415 	DATA 	Keypress: y
680.7912 	DATA 	Keypress: y
681.4080 	DATA 	Keypress: y
681.5500 	EXP 	New trial (rep=5, index=1): {'leftStreamFlip': False, 'oneTarget': False, 'trialInstructionPos': (0, 1), 'probe': 'both', 'rightStreamFlip': False, 'horizVert': False, 'ISIframes': 2, 'rightResponseFirst': False}
681.5731 	INFO 	numtrials=360 and this trialDurFrames=3 or 50.0 ms  task=T1
682.7580 	EXP 	window1: recordFrameIntervals = False
682.7654 	INFO 	Mouse: using default window
684.3244 	DATA 	Keypress: m
684.9746 	DATA 	Keypress: e
685.5577 	DATA 	Keypress: h
685.6980 	EXP 	New trial (rep=5, index=2): {'leftStreamFlip': False, 'oneTarget': False, 'trialInstructionPos': (0, 1), 'probe': 'both', 'rightStreamFlip': False, 'horizVert': False, 'ISIframes': 2, 'rightResponseFirst': False}
685.7251 	INFO 	numtrials=360 and this trialDurFrames=3 or 50.0 ms  task=T1
686.7069 	EXP 	window1: recordFrameIntervals = False
686.7145 	INFO 	Mouse: using default window
689.4240 	DATA 	Keypress: m
690.2908 	DATA 	Keypress: g
690.8079 	DATA 	Keypress: h
690.9476 	EXP 	New trial (rep=5, index=3): {'leftStreamFlip': False, 'oneTarget': False, 'trialInstructionPos': (0, -1), 'probe': 'both', 'rightStreamFlip': False, 'horizVert': False, 'ISIframes': 2, 'rightResponseFirst': False}
690.9737 	INFO 	numtrials=360 and this trialDurFrames=3 or 50.0 ms  task=T1
692.0908 	EXP 	window1: recordFrameIntervals = False
692.0986 	INFO 	Mouse: using default window
693.5909 	DATA 	Keypress: t
694.4240 	DATA 	Keypress: c
694.8244 	DATA 	Keypress: e
694.9647 	EXP 	New trial (rep=5, index=4): {'leftStreamFlip': False, 'oneTarget': False, 'trialInstructionPos': (0, 1), 'probe': 'both', 'rightStreamFlip': False, 'horizVert': False, 'ISIframes': 2, 'rightResponseFirst': True}
694.9898 	INFO 	numtrials=360 and this trialDurFrames=3 or 50.0 ms  task=T1
696.0236 	EXP 	window1: recordFrameIntervals = False
696.0316 	INFO 	Mouse: using default window
697.6247 	DATA 	Keypress: a
698.3105 	DATA 	Keypress: f
698.5579 	DATA 	Keypress: u
698.6973 	EXP 	New trial (rep=5, index=5): {'leftStreamFlip': False, 'oneTarget': False, 'trialInstructionPos': (0, -1), 'probe': 'both', 'rightStreamFlip': False, 'horizVert': False, 'ISIframes': 2, 'rightResponseFirst': False}
698.7242 	INFO 	numtrials=360 and this trialDurFrames=3 or 50.0 ms  task=T1
699.7739 	EXP 	window1: recordFrameIntervals = False
699.7821 	INFO 	Mouse: using default window
702.9078 	DATA 	Keypress: h
703.8416 	DATA 	Keypress: a
704.0745 	DATA 	Keypress: z
704.2146 	EXP 	New trial (rep=5, index=6): {'leftStreamFlip': False, 'oneTarget': False, 'trialInstructionPos': (0, -1), 'probe': 'both', 'rightStreamFlip': False, 'horizVert': False, 'ISIframes': 2, 'rightResponseFirst': True}
704.2404 	INFO 	numtrials=360 and this trialDurFrames=3 or 50.0 ms  task=T1
705.3575 	EXP 	window1: recordFrameIntervals = False
705.3662 	INFO 	Mouse: using default window
709.4083 	DATA 	Keypress: m
710.3747 	DATA 	Keypress: t
710.5575 	DATA 	Keypress: k
710.6980 	EXP 	New trial (rep=5, index=7): {'leftStreamFlip': False, 'oneTarget': False, 'trialInstructionPos': (0, 1), 'probe': 'both', 'rightStreamFlip': False, 'horizVert': False, 'ISIframes': 2, 'rightResponseFirst': True}
710.7248 	INFO 	numtrials=360 and this trialDurFrames=3 or 50.0 ms  task=T1
711.8738 	EXP 	window1: recordFrameIntervals = False
711.8819 	INFO 	Mouse: using default window
714.0914 	DATA 	Keypress: h
714.5579 	DATA 	Keypress: n
715.0576 	DATA 	Keypress: t
715.2000 	EXP 	New trial (rep=5, index=8): {'leftStreamFlip': False, 'oneTarget': False, 'trialInstructionPos': (0, 1), 'probe': 'both', 'rightStreamFlip': False, 'horizVert': False, 'ISIframes': 2, 'rightResponseFirst': False}
715.2231 	INFO 	numtrials=360 and this trialDurFrames=3 or 50.0 ms  task=T1
716.3570 	EXP 	window1: recordFrameIntervals = False
716.3647 	INFO 	Mouse: using default window
718.8246 	DATA 	Keypress: z
719.5748 	DATA 	Keypress: n
719.8740 	DATA 	Keypress: y
720.0180 	EXP 	New trial (rep=5, index=9): {'leftStreamFlip': False, 'oneTarget': False, 'trialInstructionPos': (0, -1), 'probe': 'both', 'rightStreamFlip': False, 'horizVert': False, 'ISIframes': 2, 'rightResponseFirst': True}
720.0408 	INFO 	numtrials=360 and this trialDurFrames=3 or 50.0 ms  task=T1
721.1243 	EXP 	window1: recordFrameIntervals = False
721.1322 	INFO 	Mouse: using default window
724.7744 	DATA 	Keypress: b
726.1406 	DATA 	Keypress: y
726.7580 	DATA 	Keypress: a
726.8985 	EXP 	New trial (rep=5, index=10): {'leftStreamFlip': False, 'oneTarget': False, 'trialInstructionPos': (0, -1), 'probe': 'both', 'rightStreamFlip': False, 'horizVert': False, 'ISIframes': 2, 'rightResponseFirst': False}
726.9232 	INFO 	numtrials=360 and this trialDurFrames=3 or 50.0 ms  task=T1
727.9578 	EXP 	window1: recordFrameIntervals = False
727.9660 	INFO 	Mouse: using default window
730.6572 	DATA 	Keypress: g
731.7246 	DATA 	Keypress: a
732.0084 	DATA 	Keypress: h
732.1491 	EXP 	New trial (rep=5, index=11): {'leftStreamFlip': False, 'oneTarget': False, 'trialInstructionPos': (0, -1), 'probe': 'both', 'rightStreamFlip': False, 'horizVert': False, 'ISIframes': 2, 'rightResponseFirst': True}
732.1730 	INFO 	numtrials=360 and this trialDurFrames=3 or 50.0 ms  task=T1
733.2406 	EXP 	window1: recordFrameIntervals = False
733.2484 	INFO 	Mouse: using default window
734.2411 	DATA 	Keypress: s
735.0251 	DATA 	Keypress: j
735.3743 	DATA 	Keypress: e
735.5150 	EXP 	New trial (rep=6, index=0): {'leftStreamFlip': False, 'oneTarget': False, 'trialInstructionPos': (0, -1), 'probe': 'both', 'rightStreamFlip': False, 'horizVert': False, 'ISIframes': 2, 'rightResponseFirst': False}
735.5414 	INFO 	numtrials=360 and this trialDurFrames=3 or 50.0 ms  task=T1
736.5576 	EXP 	window1: recordFrameIntervals = False
736.5654 	INFO 	Mouse: using default window
738.4574 	DATA 	Keypress: z
738.7416 	DATA 	Keypress: h
739.9242 	DATA 	Keypress: g
740.0676 	EXP 	New trial (rep=6, index=1): {'leftStreamFlip': False, 'oneTarget': False, 'trialInstructionPos': (0, -1), 'probe': 'both', 'rightStreamFlip': False, 'horizVert': False, 'ISIframes': 2, 'rightResponseFirst': True}
740.0900 	INFO 	numtrials=360 and this trialDurFrames=3 or 50.0 ms  task=T1
741.2576 	EXP 	window1: recordFrameIntervals = False
741.2655 	INFO 	Mouse: using default window
743.6577 	DATA 	Keypress: a
745.1247 	DATA 	Keypress: j
745.5240 	DATA 	Keypress: h
745.6642 	EXP 	New trial (rep=6, index=2): {'leftStreamFlip': False, 'oneTarget': False, 'trialInstructionPos': (0, -1), 'probe': 'both', 'rightStreamFlip': False, 'horizVert': False, 'ISIframes': 2, 'rightResponseFirst': True}
745.6918 	INFO 	numtrials=360 and this trialDurFrames=3 or 50.0 ms  task=T1
746.8404 	EXP 	window1: recordFrameIntervals = False
746.8482 	INFO 	Mouse: using default window
748.4575 	DATA 	Keypress: s
749.2914 	DATA 	Keypress: a
749.7242 	DATA 	Keypress: c
749.8660 	EXP 	New trial (rep=6, index=3): {'leftStreamFlip': False, 'oneTarget': False, 'trialInstructionPos': (0, 1), 'probe': 'both', 'rightStreamFlip': False, 'horizVert': False, 'ISIframes': 2, 'rightResponseFirst': True}
749.8912 	INFO 	numtrials=360 and this trialDurFrames=3 or 50.0 ms  task=T1
750.8905 	EXP 	window1: recordFrameIntervals = False
750.8987 	INFO 	Mouse: using default window
752.9576 	DATA 	Keypress: g
753.2244 	DATA 	Keypress: h
753.4248 	DATA 	Keypress: g
753.5646 	EXP 	New trial (rep=6, index=4): {'leftStreamFlip': False, 'oneTarget': False, 'trialInstructionPos': (0, 1), 'probe': 'both', 'rightStreamFlip': False, 'horizVert': False, 'ISIframes': 2, 'rightResponseFirst': True}
753.5899 	INFO 	numtrials=360 and this trialDurFrames=3 or 50.0 ms  task=T1
754.7409 	EXP 	window1: recordFrameIntervals = False
754.7492 	INFO 	Mouse: using default window
756.3915 	DATA 	Keypress: n
758.6580 	DATA 	Keypress: h
759.0243 	DATA 	Keypress: j
759.1657 	EXP 	New trial (rep=6, index=5): {'leftStreamFlip': False, 'oneTarget': False, 'trialInstructionPos': (0, -1), 'probe': 'both', 'rightStreamFlip': False, 'horizVert': False, 'ISIframes': 2, 'rightResponseFirst': False}
759.1900 	INFO 	numtrials=360 and this trialDurFrames=3 or 50.0 ms  task=T1
760.3407 	EXP 	window1: recordFrameIntervals = False
760.3486 	INFO 	Mouse: using default window
762.2577 	DATA 	Keypress: k
762.8741 	DATA 	Keypress: a
763.1745 	DATA 	Keypress: g
763.3152 	EXP 	New trial (rep=6, index=6): {'leftStreamFlip': False, 'oneTarget': False, 'trialInstructionPos': (0, 1), 'probe': 'both', 'rightStreamFlip': False, 'horizVert': False, 'ISIframes': 2, 'rightResponseFirst': False}
763.3414 	INFO 	numtrials=360 and this trialDurFrames=3 or 50.0 ms  task=T1
764.5238 	EXP 	window1: recordFrameIntervals = False
764.5318 	INFO 	Mouse: using default window
766.1082 	DATA 	Keypress: e
767.6412 	DATA 	Keypress: h
768.1411 	DATA 	Keypress: h
768.2804 	EXP 	New trial (rep=6, index=7): {'leftStreamFlip': False, 'oneTarget': False, 'trialInstructionPos': (0, 1), 'probe': 'both', 'rightStreamFlip': False, 'horizVert': False, 'ISIframes': 2, 'rightResponseFirst': False}
768.3064 	INFO 	numtrials=360 and this trialDurFrames=3 or 50.0 ms  task=T1
769.4903 	EXP 	window1: recordFrameIntervals = False
769.4985 	INFO 	Mouse: using default window
771.9580 	DATA 	Keypress: g
772.2409 	DATA 	Keypress: h
772.4574 	DATA 	Keypress: j
772.6023 	EXP 	New trial (rep=6, index=8): {'leftStreamFlip': False, 'oneTarget': False, 'trialInstructionPos': (0, 1), 'probe': 'both', 'rightStreamFlip': False, 'horizVert': False, 'ISIframes': 2, 'rightResponseFirst': True}
772.6235 	INFO 	numtrials=360 and this trialDurFrames=3 or 50.0 ms  task=T1
773.6906 	EXP 	window1: recordFrameIntervals = False
773.6985 	INFO 	Mouse: using default window
776.8411 	DATA 	Keypress: g
777.3740 	DATA 	Keypress: j
777.8244 	DATA 	Keypress: h
777.9652 	EXP 	New trial (rep=6, index=9): {'leftStreamFlip': False, 'oneTarget': False, 'trialInstructionPos': (0, -1), 'probe': 'both', 'rightStreamFlip': False, 'horizVert': False, 'ISIframes': 2, 'rightResponseFirst': True}
777.9901 	INFO 	numtrials=360 and this trialDurFrames=3 or 50.0 ms  task=T1
779.1739 	EXP 	window1: recordFrameIntervals = False
779.1813 	INFO 	Mouse: using default window
781.3580 	DATA 	Keypress: e
783.7407 	DATA 	Keypress: h
784.1580 	DATA 	Keypress: r
784.2984 	EXP 	New trial (rep=6, index=10): {'leftStreamFlip': False, 'oneTarget': False, 'trialInstructionPos': (0, 1), 'probe': 'both', 'rightStreamFlip': False, 'horizVert': False, 'ISIframes': 2, 'rightResponseFirst': False}
784.3239 	INFO 	numtrials=360 and this trialDurFrames=3 or 50.0 ms  task=T1
785.3242 	EXP 	window1: recordFrameIntervals = False
785.3321 	INFO 	Mouse: using default window
787.4081 	DATA 	Keypress: r
787.9743 	DATA 	Keypress: h
788.2413 	DATA 	Keypress: k
788.3820 	EXP 	New trial (rep=6, index=11): {'leftStreamFlip': False, 'oneTarget': False, 'trialInstructionPos': (0, -1), 'probe': 'both', 'rightStreamFlip': False, 'horizVert': False, 'ISIframes': 2, 'rightResponseFirst': False}
788.4074 	INFO 	numtrials=360 and this trialDurFrames=3 or 50.0 ms  task=T1
789.5738 	EXP 	window1: recordFrameIntervals = False
789.5817 	INFO 	Mouse: using default window
792.8412 	DATA 	Keypress: a
793.6244 	DATA 	Keypress: h
793.8576 	DATA 	Keypress: g
793.9995 	EXP 	New trial (rep=7, index=0): {'leftStreamFlip': False, 'oneTarget': False, 'trialInstructionPos': (0, -1), 'probe': 'both', 'rightStreamFlip': False, 'horizVert': False, 'ISIframes': 2, 'rightResponseFirst': True}
794.0231 	INFO 	numtrials=360 and this trialDurFrames=3 or 50.0 ms  task=T1
794.9911 	EXP 	window1: recordFrameIntervals = False
794.9990 	INFO 	Mouse: using default window
800.1241 	DATA 	Keypress: e
800.3749 	DATA 	Keypress: h
800.5418 	DATA 	Keypress: s
800.6823 	EXP 	New trial (rep=7, index=1): {'leftStreamFlip': False, 'oneTarget': False, 'trialInstructionPos': (0, 1), 'probe': 'both', 'rightStreamFlip': False, 'horizVert': False, 'ISIframes': 2, 'rightResponseFirst': False}
800.7066 	INFO 	numtrials=360 and this trialDurFrames=3 or 50.0 ms  task=T1
801.7744 	EXP 	window1: recordFrameIntervals = False
801.7818 	INFO 	Mouse: using default window
802.9578 	DATA 	Keypress: f
803.5242 	DATA 	Keypress: r
803.6907 	DATA 	Keypress: m
803.8320 	EXP 	New trial (rep=7, index=2): {'leftStreamFlip': False, 'oneTarget': False, 'trialInstructionPos': (0, 1), 'probe': 'both', 'rightStreamFlip': False, 'horizVert': False, 'ISIframes': 2, 'rightResponseFirst': False}
803.8568 	INFO 	numtrials=360 and this trialDurFrames=3 or 50.0 ms  task=T1
805.0073 	EXP 	window1: recordFrameIntervals = False
805.0148 	INFO 	Mouse: using default window
809.0742 	DATA 	Keypress: h
809.4577 	DATA 	Keypress: m
809.7247 	DATA 	Keypress: r
809.8656 	EXP 	New trial (rep=7, index=3): {'leftStreamFlip': False, 'oneTarget': False, 'trialInstructionPos': (0, 1), 'probe': 'both', 'rightStreamFlip': False, 'horizVert': False, 'ISIframes': 2, 'rightResponseFirst': True}
809.8900 	INFO 	numtrials=360 and this trialDurFrames=3 or 50.0 ms  task=T1
811.0073 	EXP 	window1: recordFrameIntervals = False
811.0161 	INFO 	Mouse: using default window
812.2748 	DATA 	Keypress: e
812.9574 	DATA 	Keypress: z
813.3081 	DATA 	Keypress: k
813.4490 	EXP 	New trial (rep=7, index=4): {'leftStreamFlip': False, 'oneTarget': False, 'trialInstructionPos': (0, -1), 'probe': 'both', 'rightStreamFlip': False, 'horizVert': False, 'ISIframes': 2, 'rightResponseFirst': True}
813.4738 	INFO 	numtrials=360 and this trialDurFrames=3 or 50.0 ms  task=T1
814.5072 	EXP 	window1: recordFrameIntervals = False
814.5151 	INFO 	Mouse: using default window
816.5911 	DATA 	Keypress: t
818.1073 	DATA 	Keypress: z
818.5087 	DATA 	Keypress: s
818.6484 	EXP 	New trial (rep=7, index=5): {'leftStreamFlip': False, 'oneTarget': False, 'trialInstructionPos': (0, -1), 'probe': 'both', 'rightStreamFlip': False, 'horizVert': False, 'ISIframes': 2, 'rightResponseFirst': False}
818.6750 	INFO 	numtrials=360 and this trialDurFrames=3 or 50.0 ms  task=T1
819.7245 	EXP 	window1: recordFrameIntervals = False
819.7320 	INFO 	Mouse: using default window
821.6243 	DATA 	Keypress: k
822.2740 	DATA 	Keypress: z
822.5743 	DATA 	Keypress: u
822.7148 	EXP 	New trial (rep=7, index=6): {'leftStreamFlip': False, 'oneTarget': False, 'trialInstructionPos': (0, -1), 'probe': 'both', 'rightStreamFlip': False, 'horizVert': False, 'ISIframes': 2, 'rightResponseFirst': False}
822.7397 	INFO 	numtrials=360 and this trialDurFrames=3 or 50.0 ms  task=T1
823.8743 	EXP 	window1: recordFrameIntervals = False
823.8820 	INFO 	Mouse: using default window
825.3245 	DATA 	Keypress: c
825.9422 	DATA 	Keypress: z
826.3075 	DATA 	Keypress: a
826.4478 	EXP 	New trial (rep=7, index=7): {'leftStreamFlip': False, 'oneTarget': False, 'trialInstructionPos': (0, -1), 'probe': 'both', 'rightStreamFlip': False, 'horizVert': False, 'ISIframes': 2, 'rightResponseFirst': True}
826.4744 	INFO 	numtrials=360 and this trialDurFrames=3 or 50.0 ms  task=T1
827.6078 	EXP 	window1: recordFrameIntervals = False
827.6157 	INFO 	Mouse: using default window
829.7078 	DATA 	Keypress: a
830.3908 	DATA 	Keypress: k
830.6915 	DATA 	Keypress: z
830.8310 	EXP 	New trial (rep=7, index=8): {'leftStreamFlip': False, 'oneTarget': False, 'trialInstructionPos': (0, 1), 'probe': 'both', 'rightStreamFlip': False, 'horizVert': False, 'ISIframes': 2, 'rightResponseFirst': True}
830.8569 	INFO 	numtrials=360 and this trialDurFrames=3 or 50.0 ms  task=T1
832.0238 	EXP 	window1: recordFrameIntervals = False
832.0323 	INFO 	Mouse: using default window
833.7076 	DATA 	Keypress: j
834.2586 	DATA 	Keypress: e
834.6916 	DATA 	Keypress: h
834.8308 	EXP 	New trial (rep=7, index=9): {'leftStreamFlip': False, 'oneTarget': False, 'trialInstructionPos': (0, -1), 'probe': 'both', 'rightStreamFlip': False, 'horizVert': False, 'ISIframes': 2, 'rightResponseFirst': False}
834.8412 	INFO 	numtrials=360 and this trialDurFrames=3 or 50.0 ms  task=T1
835.9743 	EXP 	window1: recordFrameIntervals = False
835.9824 	INFO 	Mouse: using default window
837.0582 	DATA 	Keypress: a
839.3586 	DATA 	Keypress: f
839.5582 	DATA 	Keypress: k
839.6985 	EXP 	New trial (rep=7, index=10): {'leftStreamFlip': False, 'oneTarget': False, 'trialInstructionPos': (0, 1), 'probe': 'both', 'rightStreamFlip': False, 'horizVert': False, 'ISIframes': 2, 'rightResponseFirst': False}
839.7250 	INFO 	numtrials=360 and this trialDurFrames=3 or 50.0 ms  task=T1
840.7241 	EXP 	window1: recordFrameIntervals = False
840.7319 	INFO 	Mouse: using default window
843.6580 	DATA 	Keypress: t
844.2747 	DATA 	Keypress: f
844.5082 	DATA 	Keypress: e
844.6484 	EXP 	New trial (rep=7, index=11): {'leftStreamFlip': False, 'oneTarget': False, 'trialInstructionPos': (0, 1), 'probe': 'both', 'rightStreamFlip': False, 'horizVert': False, 'ISIframes': 2, 'rightResponseFirst': True}
844.6742 	INFO 	numtrials=360 and this trialDurFrames=3 or 50.0 ms  task=T1
845.6913 	EXP 	window1: recordFrameIntervals = False
845.6996 	INFO 	Mouse: using default window
848.1075 	DATA 	Keypress: z
848.8413 	DATA 	Keypress: e
849.2410 	DATA 	Keypress: j
849.3840 	EXP 	New trial (rep=8, index=0): {'leftStreamFlip': False, 'oneTarget': False, 'trialInstructionPos': (0, -1), 'probe': 'both', 'rightStreamFlip': False, 'horizVert': False, 'ISIframes': 2, 'rightResponseFirst': False}
849.4069 	INFO 	numtrials=360 and this trialDurFrames=3 or 50.0 ms  task=T1
850.4905 	EXP 	window1: recordFrameIntervals = False
850.4988 	INFO 	Mouse: using default window
853.0910 	DATA 	Keypress: f
854.1745 	DATA 	Keypress: s
854.4247 	DATA 	Keypress: e
854.5646 	EXP 	New trial (rep=8, index=1): {'leftStreamFlip': False, 'oneTarget': False, 'trialInstructionPos': (0, -1), 'probe': 'both', 'rightStreamFlip': False, 'horizVert': False, 'ISIframes': 2, 'rightResponseFirst': True}
854.5912 	INFO 	numtrials=360 and this trialDurFrames=3 or 50.0 ms  task=T1
855.5743 	EXP 	window1: recordFrameIntervals = False
855.5824 	INFO 	Mouse: using default window
857.0914 	DATA 	Keypress: f
857.8413 	DATA 	Keypress: a
858.2412 	DATA 	Keypress: s
858.3825 	EXP 	New trial (rep=8, index=2): {'leftStreamFlip': False, 'oneTarget': False, 'trialInstructionPos': (0, 1), 'probe': 'both', 'rightStreamFlip': False, 'horizVert': False, 'ISIframes': 2, 'rightResponseFirst': True}
858.4079 	INFO 	numtrials=360 and this trialDurFrames=3 or 50.0 ms  task=T1
859.3741 	EXP 	window1: recordFrameIntervals = False
859.3819 	INFO 	Mouse: using default window
860.7248 	DATA 	Keypress: t
861.3908 	DATA 	Keypress: z
862.1744 	DATA 	Keypress: u
862.3177 	EXP 	New trial (rep=8, index=3): {'leftStreamFlip': False, 'oneTarget': False, 'trialInstructionPos': (0, 1), 'probe': 'both', 'rightStreamFlip': False, 'horizVert': False, 'ISIframes': 2, 'rightResponseFirst': False}
862.3402 	INFO 	numtrials=360 and this trialDurFrames=3 or 50.0 ms  task=T1
863.4576 	EXP 	window1: recordFrameIntervals = False
863.4654 	INFO 	Mouse: using default window
865.8579 	DATA 	Keypress: z
866.3579 	DATA 	Keypress: g
867.2407 	DATA 	Keypress: f
867.3808 	EXP 	New trial (rep=8, index=4): {'leftStreamFlip': False, 'oneTarget': False, 'trialInstructionPos': (0, -1), 'probe': 'both', 'rightStreamFlip': False, 'horizVert': False, 'ISIframes': 2, 'rightResponseFirst': False}
867.4066 	INFO 	numtrials=360 and this trialDurFrames=3 or 50.0 ms  task=T1
868.4241 	EXP 	window1: recordFrameIntervals = False
868.4320 	INFO 	Mouse: using default window
870.3244 	DATA 	Keypress: f
870.5911 	DATA 	Keypress: g
870.7748 	DATA 	Keypress: j
870.9145 	EXP 	New trial (rep=8, index=5): {'leftStreamFlip': False, 'oneTarget': False, 'trialInstructionPos': (0, 1), 'probe': 'both', 'rightStreamFlip': False, 'horizVert': False, 'ISIframes': 2, 'rightResponseFirst': True}
870.9413 	INFO 	numtrials=360 and this trialDurFrames=3 or 50.0 ms  task=T1
872.0405 	EXP 	window1: recordFrameIntervals = False
872.0496 	INFO 	Mouse: using default window
872.9404 	DATA 	Keypress: a
873.1577 	DATA 	Keypress: y
873.3744 	DATA 	Keypress: u
873.5120 	EXP 	New trial (rep=8, index=6): {'leftStreamFlip': False, 'oneTarget': False, 'trialInstructionPos': (0, 1), 'probe': 'both', 'rightStreamFlip': False, 'horizVert': False, 'ISIframes': 2, 'rightResponseFirst': False}
873.5226 	INFO 	numtrials=360 and this trialDurFrames=3 or 50.0 ms  task=T1
874.6407 	EXP 	window1: recordFrameIntervals = False
874.6489 	INFO 	Mouse: using default window
875.8913 	DATA 	Keypress: a
877.0746 	DATA 	Keypress: e
877.5077 	DATA 	Keypress: r
877.6466 	EXP 	New trial (rep=8, index=7): {'leftStreamFlip': False, 'oneTarget': False, 'trialInstructionPos': (0, -1), 'probe': 'both', 'rightStreamFlip': False, 'horizVert': False, 'ISIframes': 2, 'rightResponseFirst': True}
877.6573 	INFO 	numtrials=360 and this trialDurFrames=3 or 50.0 ms  task=T1
878.7736 	EXP 	window1: recordFrameIntervals = False
878.7818 	INFO 	Mouse: using default window
879.9577 	DATA 	Keypress: g
881.1577 	DATA 	Keypress: e
881.5077 	DATA 	Keypress: n
881.6469 	EXP 	New trial (rep=8, index=8): {'leftStreamFlip': False, 'oneTarget': False, 'trialInstructionPos': (0, -1), 'probe': 'both', 'rightStreamFlip': False, 'horizVert': False, 'ISIframes': 2, 'rightResponseFirst': False}
881.6575 	INFO 	numtrials=360 and this trialDurFrames=3 or 50.0 ms  task=T1
882.8077 	EXP 	window1: recordFrameIntervals = False
882.8163 	INFO 	Mouse: using default window
883.7073 	DATA 	Keypress: a
884.5919 	DATA 	Keypress: k
884.7439 	DATA 	Keypress: c
884.8988 	EXP 	New trial (rep=8, index=9): {'leftStreamFlip': False, 'oneTarget': False, 'trialInstructionPos': (0, 1), 'probe': 'both', 'rightStreamFlip': False, 'horizVert': False, 'ISIframes': 2, 'rightResponseFirst': False}
884.9237 	INFO 	numtrials=360 and this trialDurFrames=3 or 50.0 ms  task=T1
886.0240 	EXP 	window1: recordFrameIntervals = False
886.0321 	INFO 	Mouse: using default window
887.1746 	DATA 	Keypress: c
887.9430 	DATA 	Keypress: d
888.3246 	DATA 	Keypress: g
888.4636 	EXP 	New trial (rep=8, index=10): {'leftStreamFlip': False, 'oneTarget': False, 'trialInstructionPos': (0, 1), 'probe': 'both', 'rightStreamFlip': False, 'horizVert': False, 'ISIframes': 2, 'rightResponseFirst': True}
888.4903 	INFO 	numtrials=360 and this trialDurFrames=3 or 50.0 ms  task=T1
889.5574 	EXP 	window1: recordFrameIntervals = False
889.5663 	INFO 	Mouse: using default window
891.4910 	DATA 	Keypress: g
892.1414 	DATA 	Keypress: e
892.5573 	DATA 	Keypress: f
892.6975 	EXP 	New trial (rep=8, index=11): {'leftStreamFlip': False, 'oneTarget': False, 'trialInstructionPos': (0, -1), 'probe': 'both', 'rightStreamFlip': False, 'horizVert': False, 'ISIframes': 2, 'rightResponseFirst': True}
892.7068 	INFO 	numtrials=360 and this trialDurFrames=3 or 50.0 ms  task=T1
893.7407 	EXP 	window1: recordFrameIntervals = False
893.7505 	INFO 	Mouse: using default window
894.6910 	DATA 	Keypress: u
895.3572 	DATA 	Keypress: r
895.6246 	DATA 	Keypress: g
895.7660 	EXP 	New trial (rep=9, index=0): {'leftStreamFlip': False, 'oneTarget': False, 'trialInstructionPos': (0, -1), 'probe': 'both', 'rightStreamFlip': False, 'horizVert': False, 'ISIframes': 2, 'rightResponseFirst': False}
895.7922 	INFO 	numtrials=360 and this trialDurFrames=3 or 50.0 ms  task=T1
896.8741 	EXP 	window1: recordFrameIntervals = False
896.8828 	INFO 	Mouse: using default window
898.0744 	DATA 	Keypress: a
899.0578 	DATA 	Keypress: r
899.2247 	DATA 	Keypress: k
899.3653 	EXP 	New trial (rep=9, index=1): {'leftStreamFlip': False, 'oneTarget': False, 'trialInstructionPos': (0, -1), 'probe': 'both', 'rightStreamFlip': False, 'horizVert': False, 'ISIframes': 2, 'rightResponseFirst': True}
899.3899 	INFO 	numtrials=360 and this trialDurFrames=3 or 50.0 ms  task=T1
900.3738 	EXP 	window1: recordFrameIntervals = False
900.3816 	INFO 	Mouse: using default window
901.9912 	DATA 	Keypress: y
902.4091 	DATA 	Keypress: t
902.6409 	DATA 	Keypress: b
902.7795 	EXP 	New trial (rep=9, index=2): {'leftStreamFlip': False, 'oneTarget': False, 'trialInstructionPos': (0, 1), 'probe': 'both', 'rightStreamFlip': False, 'horizVert': False, 'ISIframes': 2, 'rightResponseFirst': True}
902.7911 	INFO 	numtrials=360 and this trialDurFrames=3 or 50.0 ms  task=T1
903.8239 	EXP 	window1: recordFrameIntervals = False
903.8320 	INFO 	Mouse: using default window
904.8081 	DATA 	Keypress: a
905.1580 	DATA 	Keypress: h
905.5079 	DATA 	Keypress: r
905.6454 	EXP 	New trial (rep=9, index=3): {'leftStreamFlip': False, 'oneTarget': False, 'trialInstructionPos': (0, -1), 'probe': 'both', 'rightStreamFlip': False, 'horizVert': False, 'ISIframes': 2, 'rightResponseFirst': False}
905.6566 	INFO 	numtrials=360 and this trialDurFrames=3 or 50.0 ms  task=T1
906.8571 	EXP 	window1: recordFrameIntervals = False
906.8666 	INFO 	Mouse: using default window
908.2578 	DATA 	Keypress: a
908.9910 	DATA 	Keypress: k
909.2413 	DATA 	Keypress: b
909.3812 	EXP 	New trial (rep=9, index=4): {'leftStreamFlip': False, 'oneTarget': False, 'trialInstructionPos': (0, 1), 'probe': 'both', 'rightStreamFlip': False, 'horizVert': False, 'ISIframes': 2, 'rightResponseFirst': True}
909.4070 	INFO 	numtrials=360 and this trialDurFrames=3 or 50.0 ms  task=T1
910.3742 	EXP 	window1: recordFrameIntervals = False
910.3821 	INFO 	Mouse: using default window
912.5746 	DATA 	Keypress: b
912.9743 	DATA 	Keypress: a
913.7743 	DATA 	Keypress: m
913.9163 	EXP 	New trial (rep=9, index=5): {'leftStreamFlip': False, 'oneTarget': False, 'trialInstructionPos': (0, 1), 'probe': 'both', 'rightStreamFlip': False, 'horizVert': False, 'ISIframes': 2, 'rightResponseFirst': False}
913.9401 	INFO 	numtrials=360 and this trialDurFrames=3 or 50.0 ms  task=T1
914.9912 	EXP 	window1: recordFrameIntervals = False
914.9993 	INFO 	Mouse: using default window
916.4742 	DATA 	Keypress: f
916.9909 	DATA 	Keypress: a
917.3241 	DATA 	Keypress: n
917.4650 	EXP 	New trial (rep=9, index=6): {'leftStreamFlip': False, 'oneTarget': False, 'trialInstructionPos': (0, 1), 'probe': 'both', 'rightStreamFlip': False, 'horizVert': False, 'ISIframes': 2, 'rightResponseFirst': False}
917.4904 	INFO 	numtrials=360 and this trialDurFrames=3 or 50.0 ms  task=T1
918.6739 	EXP 	window1: recordFrameIntervals = False
918.6820 	INFO 	Mouse: using default window
919.4913 	DATA 	Keypress: e
922.4912 	DATA 	Keypress: y
922.6916 	DATA 	Keypress: t
922.8341 	EXP 	New trial (rep=9, index=7): {'leftStreamFlip': False, 'oneTarget': False, 'trialInstructionPos': (0, -1), 'probe': 'both', 'rightStreamFlip': False, 'horizVert': False, 'ISIframes': 2, 'rightResponseFirst': True}
922.8565 	INFO 	numtrials=360 and this trialDurFrames=3 or 50.0 ms  task=T1
924.0074 	EXP 	window1: recordFrameIntervals = False
924.0151 	INFO 	Mouse: using default window
925.9910 	DATA 	Keypress: k
926.5581 	DATA 	Keypress: z
926.8415 	DATA 	Keypress: a
926.9817 	EXP 	New trial (rep=9, index=8): {'leftStreamFlip': False, 'oneTarget': False, 'trialInstructionPos': (0, 1), 'probe': 'both', 'rightStreamFlip': False, 'horizVert': False, 'ISIframes': 2, 'rightResponseFirst': False}
927.0073 	INFO 	numtrials=360 and this trialDurFrames=3 or 50.0 ms  task=T1
928.1411 	EXP 	window1: recordFrameIntervals = False
928.1496 	INFO 	Mouse: using default window
929.4244 	DATA 	Keypress: a
929.6412 	DATA 	Keypress: t
930.0575 	DATA 	Keypress: k
930.1977 	EXP 	New trial (rep=9, index=9): {'leftStreamFlip': False, 'oneTarget': False, 'trialInstructionPos': (0, -1), 'probe': 'both', 'rightStreamFlip': False, 'horizVert': False, 'ISIframes': 2, 'rightResponseFirst': True}
930.2238 	INFO 	numtrials=360 and this trialDurFrames=3 or 50.0 ms  task=T1
931.3905 	EXP 	window1: recordFrameIntervals = False
931.3983 	INFO 	Mouse: using default window
932.9078 	DATA 	Keypress: c
933.9584 	DATA 	Keypress: h
934.5078 	DATA 	Keypress: m
934.6505 	EXP 	New trial (rep=9, index=10): {'leftStreamFlip': False, 'oneTarget': False, 'trialInstructionPos': (0, 1), 'probe': 'both', 'rightStreamFlip': False, 'horizVert': False, 'ISIframes': 2, 'rightResponseFirst': True}
934.6734 	INFO 	numtrials=360 and this trialDurFrames=3 or 50.0 ms  task=T1
935.7738 	EXP 	window1: recordFrameIntervals = False
935.7813 	INFO 	Mouse: using default window
937.0241 	DATA 	Keypress: t
937.6754 	DATA 	Keypress: a
937.9910 	DATA 	Keypress: z
938.1323 	EXP 	New trial (rep=9, index=11): {'leftStreamFlip': False, 'oneTarget': False, 'trialInstructionPos': (0, -1), 'probe': 'both', 'rightStreamFlip': False, 'horizVert': False, 'ISIframes': 2, 'rightResponseFirst': False}
938.1566 	INFO 	numtrials=360 and this trialDurFrames=3 or 50.0 ms  task=T1
939.2247 	EXP 	window1: recordFrameIntervals = False
939.2327 	INFO 	Mouse: using default window
941.4242 	DATA 	Keypress: c
942.1080 	DATA 	Keypress: a
942.4078 	DATA 	Keypress: y
942.5504 	EXP 	New trial (rep=10, index=0): {'leftStreamFlip': False, 'oneTarget': False, 'trialInstructionPos': (0, 1), 'probe': 'both', 'rightStreamFlip': False, 'horizVert': False, 'ISIframes': 2, 'rightResponseFirst': True}
942.5731 	INFO 	numtrials=360 and this trialDurFrames=3 or 50.0 ms  task=T1
943.6071 	EXP 	window1: recordFrameIntervals = False
943.6150 	INFO 	Mouse: using default window
945.0409 	DATA 	Keypress: f
945.8747 	DATA 	Keypress: y
946.7586 	DATA 	Keypress: z
946.8995 	EXP 	New trial (rep=10, index=1): {'leftStreamFlip': False, 'oneTarget': False, 'trialInstructionPos': (0, -1), 'probe': 'both', 'rightStreamFlip': False, 'horizVert': False, 'ISIframes': 2, 'rightResponseFirst': False}
946.9241 	INFO 	numtrials=360 and this trialDurFrames=3 or 50.0 ms  task=T1
948.0406 	EXP 	window1: recordFrameIntervals = False
948.0487 	INFO 	Mouse: using default window
950.0913 	DATA 	Keypress: m
950.7910 	DATA 	Keypress: r
951.1075 	DATA 	Keypress: z
951.2510 	EXP 	New trial (rep=10, index=2): {'leftStreamFlip': False, 'oneTarget': False, 'trialInstructionPos': (0, 1), 'probe': 'both', 'rightStreamFlip': False, 'horizVert': False, 'ISIframes': 2, 'rightResponseFirst': True}
951.2738 	INFO 	numtrials=360 and this trialDurFrames=3 or 50.0 ms  task=T1
952.3245 	EXP 	window1: recordFrameIntervals = False
952.3328 	INFO 	Mouse: using default window
954.1076 	DATA 	Keypress: c
954.9744 	DATA 	Keypress: k
955.0915 	DATA 	Keypress: z
955.2304 	EXP 	New trial (rep=10, index=3): {'leftStreamFlip': False, 'oneTarget': False, 'trialInstructionPos': (0, 1), 'probe': 'both', 'rightStreamFlip': False, 'horizVert': False, 'ISIframes': 2, 'rightResponseFirst': False}
955.2572 	INFO 	numtrials=360 and this trialDurFrames=3 or 50.0 ms  task=T1
956.2577 	EXP 	window1: recordFrameIntervals = False
956.2656 	INFO 	Mouse: using default window
958.6780 	DATA 	Keypress: y
959.1430 	DATA 	Keypress: z
959.3911 	DATA 	Keypress: r
959.5320 	EXP 	New trial (rep=10, index=4): {'leftStreamFlip': False, 'oneTarget': False, 'trialInstructionPos': (0, -1), 'probe': 'both', 'rightStreamFlip': False, 'horizVert': False, 'ISIframes': 2, 'rightResponseFirst': False}
959.5576 	INFO 	numtrials=360 and this trialDurFrames=3 or 50.0 ms  task=T1
960.5244 	EXP 	window1: recordFrameIntervals = False
960.5322 	INFO 	Mouse: using default window
962.1075 	DATA 	Keypress: a
962.7749 	DATA 	Keypress: r
963.5589 	DATA 	Keypress: s
963.6976 	EXP 	New trial (rep=10, index=5): {'leftStreamFlip': False, 'oneTarget': False, 'trialInstructionPos': (0, 1), 'probe': 'both', 'rightStreamFlip': False, 'horizVert': False, 'ISIframes': 2, 'rightResponseFirst': False}
963.7243 	INFO 	numtrials=360 and this trialDurFrames=3 or 50.0 ms  task=T1
964.9080 	EXP 	window1: recordFrameIntervals = False
964.9164 	INFO 	Mouse: using default window
966.7913 	DATA 	Keypress: f
967.3746 	DATA 	Keypress: a
968.0249 	DATA 	Keypress: u
968.1648 	EXP 	New trial (rep=10, index=6): {'leftStreamFlip': False, 'oneTarget': False, 'trialInstructionPos': (0, -1), 'probe': 'both', 'rightStreamFlip': False, 'horizVert': False, 'ISIframes': 2, 'rightResponseFirst': True}
968.1905 	INFO 	numtrials=360 and this trialDurFrames=3 or 50.0 ms  task=T1
969.2409 	EXP 	window1: recordFrameIntervals = False
969.2487 	INFO 	Mouse: using default window
970.1075 	DATA 	Keypress: a
970.8082 	DATA 	Keypress: s
971.5414 	DATA 	Keypress: c
971.6824 	EXP 	New trial (rep=10, index=7): {'leftStreamFlip': False, 'oneTarget': False, 'trialInstructionPos': (0, -1), 'probe': 'both', 'rightStreamFlip': False, 'horizVert': False, 'ISIframes': 2, 'rightResponseFirst': False}
971.7074 	INFO 	numtrials=360 and this trialDurFrames=3 or 50.0 ms  task=T1
972.8077 	EXP 	window1: recordFrameIntervals = False
972.8151 	INFO 	Mouse: using default window
973.8744 	DATA 	Keypress: r
974.1913 	DATA 	Keypress: z
974.9083 	DATA 	Keypress: h
975.0509 	EXP 	New trial (rep=10, index=8): {'leftStreamFlip': False, 'oneTarget': False, 'trialInstructionPos': (0, -1), 'probe': 'both', 'rightStreamFlip': False, 'horizVert': False, 'ISIframes': 2, 'rightResponseFirst': True}
975.0733 	INFO 	numtrials=360 and this trialDurFrames=3 or 50.0 ms  task=T1
976.1907 	EXP 	window1: recordFrameIntervals = False
976.1990 	INFO 	Mouse: using default window
978.2744 	DATA 	Keypress: t
978.9245 	DATA 	Keypress: a
979.2081 	DATA 	Keypress: y
979.3489 	EXP 	New trial (rep=10, index=9): {'leftStreamFlip': False, 'oneTarget': False, 'trialInstructionPos': (0, 1), 'probe': 'both', 'rightStreamFlip': False, 'horizVert': False, 'ISIframes': 2, 'rightResponseFirst': False}
979.3733 	INFO 	numtrials=360 and this trialDurFrames=3 or 50.0 ms  task=T1
980.4573 	EXP 	window1: recordFrameIntervals = False
980.4653 	INFO 	Mouse: using default window
983.7746 	DATA 	Keypress: f
983.9580 	DATA 	Keypress: a
984.4580 	DATA 	Keypress: z
984.6006 	EXP 	New trial (rep=10, index=10): {'leftStreamFlip': False, 'oneTarget': False, 'trialInstructionPos': (0, 1), 'probe': 'both', 'rightStreamFlip': False, 'horizVert': False, 'ISIframes': 2, 'rightResponseFirst': True}
984.6237 	INFO 	numtrials=360 and this trialDurFrames=3 or 50.0 ms  task=T1
985.8072 	EXP 	window1: recordFrameIntervals = False
985.8152 	INFO 	Mouse: using default window
987.5417 	DATA 	Keypress: k
988.3582 	DATA 	Keypress: m
988.9914 	DATA 	Keypress: f
989.1322 	EXP 	New trial (rep=10, index=11): {'leftStreamFlip': False, 'oneTarget': False, 'trialInstructionPos': (0, -1), 'probe': 'both', 'rightStreamFlip': False, 'horizVert': False, 'ISIframes': 2, 'rightResponseFirst': True}
989.1575 	INFO 	numtrials=360 and this trialDurFrames=3 or 50.0 ms  task=T1
990.1740 	EXP 	window1: recordFrameIntervals = False
990.1824 	INFO 	Mouse: using default window
992.8581 	DATA 	Keypress: u
993.8911 	DATA 	Keypress: z
994.1084 	DATA 	Keypress: f
994.2734 	EXP 	New trial (rep=11, index=0): {'leftStreamFlip': False, 'oneTarget': False, 'trialInstructionPos': (0, -1), 'probe': 'both', 'rightStreamFlip': False, 'horizVert': False, 'ISIframes': 2, 'rightResponseFirst': False}
994.2910 	INFO 	numtrials=360 and this trialDurFrames=3 or 50.0 ms  task=T1
995.4745 	EXP 	window1: recordFrameIntervals = False
995.4826 	INFO 	Mouse: using default window
997.2587 	DATA 	Keypress: a
998.2078 	DATA 	Keypress: g
998.4413 	DATA 	Keypress: f
998.5843 	EXP 	New trial (rep=11, index=1): {'leftStreamFlip': False, 'oneTarget': False, 'trialInstructionPos': (0, 1), 'probe': 'both', 'rightStreamFlip': False, 'horizVert': False, 'ISIframes': 2, 'rightResponseFirst': True}
998.6068 	INFO 	numtrials=360 and this trialDurFrames=4 or 66.6666666667 ms  task=T1
999.7579 	EXP 	window1: recordFrameIntervals = False
999.7658 	INFO 	Mouse: using default window
1002.3264 	DATA 	Keypress: n
1003.1250 	DATA 	Keypress: k
1004.8916 	DATA 	Keypress: g
1005.0333 	EXP 	New trial (rep=11, index=2): {'leftStreamFlip': False, 'oneTarget': False, 'trialInstructionPos': (0, -1), 'probe': 'both', 'rightStreamFlip': False, 'horizVert': False, 'ISIframes': 2, 'rightResponseFirst': False}
1005.0564 	INFO 	numtrials=360 and this trialDurFrames=4 or 66.6666666667 ms  task=T1
1006.2575 	EXP 	window1: recordFrameIntervals = False
1006.2660 	INFO 	Mouse: using default window
1008.8576 	DATA 	Keypress: h
1009.6415 	DATA 	Keypress: e
1010.0579 	DATA 	Keypress: f
1010.1993 	EXP 	New trial (rep=11, index=3): {'leftStreamFlip': False, 'oneTarget': False, 'trialInstructionPos': (0, 1), 'probe': 'both', 'rightStreamFlip': False, 'horizVert': False, 'ISIframes': 2, 'rightResponseFirst': False}
1010.2241 	INFO 	numtrials=360 and this trialDurFrames=3 or 50.0 ms  task=T1
1011.2242 	EXP 	window1: recordFrameIntervals = False
1011.2320 	INFO 	Mouse: using default window
1014.3587 	DATA 	Keypress: t
1014.9079 	DATA 	Keypress: f
1015.0746 	DATA 	Keypress: m
1015.2175 	EXP 	New trial (rep=11, index=4): {'leftStreamFlip': False, 'oneTarget': False, 'trialInstructionPos': (0, -1), 'probe': 'both', 'rightStreamFlip': False, 'horizVert': False, 'ISIframes': 2, 'rightResponseFirst': True}
1015.2402 	INFO 	numtrials=360 and this trialDurFrames=3 or 50.0 ms  task=T1
1016.3578 	EXP 	window1: recordFrameIntervals = False
1016.3654 	INFO 	Mouse: using default window
1017.8242 	DATA 	Keypress: g
1018.5415 	DATA 	Keypress: f
1018.9748 	DATA 	Keypress: r
1019.1156 	EXP 	New trial (rep=11, index=5): {'leftStreamFlip': False, 'oneTarget': False, 'trialInstructionPos': (0, 1), 'probe': 'both', 'rightStreamFlip': False, 'horizVert': False, 'ISIframes': 2, 'rightResponseFirst': True}
1019.1410 	INFO 	numtrials=360 and this trialDurFrames=3 or 50.0 ms  task=T1
1020.2576 	EXP 	window1: recordFrameIntervals = False
1020.2654 	INFO 	Mouse: using default window
1021.4743 	DATA 	Keypress: n
1022.6243 	DATA 	Keypress: k
1022.9414 	DATA 	Keypress: e
1023.1053 	EXP 	New trial (rep=11, index=6): {'leftStreamFlip': False, 'oneTarget': False, 'trialInstructionPos': (0, 1), 'probe': 'both', 'rightStreamFlip': False, 'horizVert': False, 'ISIframes': 2, 'rightResponseFirst': False}
1023.1234 	INFO 	numtrials=360 and this trialDurFrames=3 or 50.0 ms  task=T1
1024.1243 	EXP 	window1: recordFrameIntervals = False
1024.1324 	INFO 	Mouse: using default window
1026.7755 	DATA 	Keypress: m
1027.5419 	DATA 	Keypress: r
1027.8080 	DATA 	Keypress: g
1027.9499 	EXP 	New trial (rep=11, index=7): {'leftStreamFlip': False, 'oneTarget': False, 'trialInstructionPos': (0, 1), 'probe': 'both', 'rightStreamFlip': False, 'horizVert': False, 'ISIframes': 2, 'rightResponseFirst': False}
1027.9735 	INFO 	numtrials=360 and this trialDurFrames=3 or 50.0 ms  task=T1
1029.0744 	EXP 	window1: recordFrameIntervals = False
1029.0839 	INFO 	Mouse: using default window
1031.0909 	DATA 	Keypress: n
1032.3247 	DATA 	Keypress: t
1032.8410 	DATA 	Keypress: m
1032.9801 	EXP 	New trial (rep=11, index=8): {'leftStreamFlip': False, 'oneTarget': False, 'trialInstructionPos': (0, -1), 'probe': 'both', 'rightStreamFlip': False, 'horizVert': False, 'ISIframes': 2, 'rightResponseFirst': True}
1032.9902 	INFO 	numtrials=360 and this trialDurFrames=3 or 50.0 ms  task=T1
1034.1414 	EXP 	window1: recordFrameIntervals = False
1034.1493 	INFO 	Mouse: using default window
1036.4413 	DATA 	Keypress: a
1037.0917 	DATA 	Keypress: k
1037.4412 	DATA 	Keypress: y
1037.5819 	EXP 	New trial (rep=11, index=9): {'leftStreamFlip': False, 'oneTarget': False, 'trialInstructionPos': (0, -1), 'probe': 'both', 'rightStreamFlip': False, 'horizVert': False, 'ISIframes': 2, 'rightResponseFirst': True}
1037.6083 	INFO 	numtrials=360 and this trialDurFrames=3 or 50.0 ms  task=T1
1038.5915 	EXP 	window1: recordFrameIntervals = False
1038.5992 	INFO 	Mouse: using default window
1039.5585 	DATA 	Keypress: a
1039.8249 	DATA 	Keypress: f
1039.9254 	DATA 	Keypress: a
1040.0664 	EXP 	New trial (rep=11, index=10): {'leftStreamFlip': False, 'oneTarget': False, 'trialInstructionPos': (0, 1), 'probe': 'both', 'rightStreamFlip': False, 'horizVert': False, 'ISIframes': 2, 'rightResponseFirst': True}
1040.0900 	INFO 	numtrials=360 and this trialDurFrames=3 or 50.0 ms  task=T1
1041.2247 	EXP 	window1: recordFrameIntervals = False
1041.2326 	INFO 	Mouse: using default window
1042.8914 	DATA 	Keypress: z
1043.6582 	DATA 	Keypress: n
1044.0409 	DATA 	Keypress: f
1044.1808 	EXP 	New trial (rep=11, index=11): {'leftStreamFlip': False, 'oneTarget': False, 'trialInstructionPos': (0, -1), 'probe': 'both', 'rightStreamFlip': False, 'horizVert': False, 'ISIframes': 2, 'rightResponseFirst': False}
1044.2077 	INFO 	numtrials=360 and this trialDurFrames=3 or 50.0 ms  task=T1
1045.4073 	EXP 	window1: recordFrameIntervals = False
1045.4155 	INFO 	Mouse: using default window
1047.1582 	DATA 	Keypress: k
1047.7248 	DATA 	Keypress: f
1048.9083 	DATA 	Keypress: a
1049.0480 	EXP 	New trial (rep=12, index=0): {'leftStreamFlip': False, 'oneTarget': False, 'trialInstructionPos': (0, 1), 'probe': 'both', 'rightStreamFlip': False, 'horizVert': False, 'ISIframes': 2, 'rightResponseFirst': False}
1049.0737 	INFO 	numtrials=360 and this trialDurFrames=3 or 50.0 ms  task=T1
1050.1080 	EXP 	window1: recordFrameIntervals = False
1050.1161 	INFO 	Mouse: using default window
1052.1080 	DATA 	Keypress: f
1052.9242 	DATA 	Keypress: s
1053.3579 	DATA 	Keypress: a
1053.4985 	EXP 	New trial (rep=12, index=1): {'leftStreamFlip': False, 'oneTarget': False, 'trialInstructionPos': (0, -1), 'probe': 'both', 'rightStreamFlip': False, 'horizVert': False, 'ISIframes': 2, 'rightResponseFirst': False}
1053.5238 	INFO 	numtrials=360 and this trialDurFrames=3 or 50.0 ms  task=T1
1054.6411 	EXP 	window1: recordFrameIntervals = False
1054.6496 	INFO 	Mouse: using default window
1056.2582 	DATA 	Keypress: u
1057.0076 	DATA 	Keypress: n
1057.1914 	DATA 	Keypress: f
1057.3340 	EXP 	New trial (rep=12, index=2): {'leftStreamFlip': False, 'oneTarget': False, 'trialInstructionPos': (0, 1), 'probe': 'both', 'rightStreamFlip': False, 'horizVert': False, 'ISIframes': 2, 'rightResponseFirst': False}
1057.3569 	INFO 	numtrials=360 and this trialDurFrames=3 or 50.0 ms  task=T1
1058.4749 	EXP 	window1: recordFrameIntervals = False
1058.4833 	INFO 	Mouse: using default window
1061.3082 	DATA 	Keypress: a
1062.5417 	DATA 	Keypress: t
1062.9079 	DATA 	Keypress: r
1063.0489 	EXP 	New trial (rep=12, index=3): {'leftStreamFlip': False, 'oneTarget': False, 'trialInstructionPos': (0, -1), 'probe': 'both', 'rightStreamFlip': False, 'horizVert': False, 'ISIframes': 2, 'rightResponseFirst': True}
1063.0741 	INFO 	numtrials=360 and this trialDurFrames=3 or 50.0 ms  task=T1
1064.1575 	EXP 	window1: recordFrameIntervals = False
1064.1655 	INFO 	Mouse: using default window
1066.4745 	DATA 	Keypress: f
1067.0914 	DATA 	Keypress: z
1067.3910 	DATA 	Keypress: a
1067.5323 	EXP 	New trial (rep=12, index=4): {'leftStreamFlip': False, 'oneTarget': False, 'trialInstructionPos': (0, -1), 'probe': 'both', 'rightStreamFlip': False, 'horizVert': False, 'ISIframes': 2, 'rightResponseFirst': False}
1067.5570 	INFO 	numtrials=360 and this trialDurFrames=3 or 50.0 ms  task=T1
1068.5908 	EXP 	window1: recordFrameIntervals = False
1068.5985 	INFO 	Mouse: using default window
1073.0413 	DATA 	Keypress: k
1073.3575 	DATA 	Keypress: a
1074.2413 	DATA 	Keypress: n
1074.6824 	EXP 	New trial (rep=12, index=5): {'leftStreamFlip': False, 'oneTarget': False, 'trialInstructionPos': (0, -1), 'probe': 'both', 'rightStreamFlip': False, 'horizVert': False, 'ISIframes': 2, 'rightResponseFirst': True}
1074.7072 	INFO 	numtrials=360 and this trialDurFrames=4 or 66.6666666667 ms  task=T1
1075.7075 	EXP 	window1: recordFrameIntervals = False
1075.7154 	INFO 	Mouse: using default window
1077.2750 	DATA 	Keypress: z
1077.8247 	DATA 	Keypress: g
1078.6580 	DATA 	Keypress: j
1078.7992 	EXP 	New trial (rep=12, index=6): {'leftStreamFlip': False, 'oneTarget': False, 'trialInstructionPos': (0, 1), 'probe': 'both', 'rightStreamFlip': False, 'horizVert': False, 'ISIframes': 2, 'rightResponseFirst': False}
1078.8235 	INFO 	numtrials=360 and this trialDurFrames=4 or 66.6666666667 ms  task=T1
1079.8242 	EXP 	window1: recordFrameIntervals = False
1079.8321 	INFO 	Mouse: using default window
1081.8750 	DATA 	Keypress: k
1083.3082 	DATA 	Keypress: a
1083.7911 	DATA 	Keypress: n
1083.9327 	EXP 	New trial (rep=12, index=7): {'leftStreamFlip': False, 'oneTarget': False, 'trialInstructionPos': (0, 1), 'probe': 'both', 'rightStreamFlip': False, 'horizVert': False, 'ISIframes': 2, 'rightResponseFirst': True}
1083.9567 	INFO 	numtrials=360 and this trialDurFrames=3 or 50.0 ms  task=T1
1084.9906 	EXP 	window1: recordFrameIntervals = False
1084.9993 	INFO 	Mouse: using default window
1087.0578 	DATA 	Keypress: s
1090.0909 	DATA 	Keypress: m
1091.4082 	DATA 	Keypress: c
1091.5495 	EXP 	New trial (rep=12, index=8): {'leftStreamFlip': False, 'oneTarget': False, 'trialInstructionPos': (0, -1), 'probe': 'both', 'rightStreamFlip': False, 'horizVert': False, 'ISIframes': 2, 'rightResponseFirst': True}
1091.5741 	INFO 	numtrials=360 and this trialDurFrames=3 or 50.0 ms  task=T1
1092.7246 	EXP 	window1: recordFrameIntervals = False
1092.7324 	INFO 	Mouse: using default window
1096.0919 	DATA 	Keypress: lctrl
1096.1250 	DATA 	Keypress: lshift
1096.2082 	DATA 	Keypress: z
1096.2271 	INFO 	Stopping at 11:25 on 06 Aug 2018
1096.2288 	ERROR 	user aborted experiment on keypress with trials done=152 of 361
1096.2459 	INFO 	Program terminating normally.
