2.3034 	WARNING 	Monitor specification not found. Creating a temporary one...
20.1918 	EXP 	Created window1 = Window(allowGUI=False, allowStencil=False, autoLog=True, bitsMode=UNKNOWN, blendMode='avg', color=array([-0.7, -0.7, -0.7]), colorSpace='rgb', fullscr=UNKNOWN, gamma=None, lms=UNKNOWN, monitor=<psychopy.monitors.calibTools.Monitor object at 0x1A90A170>, name='window1', pos=[0, 0], screen=0, size=array([1920, 1080]), stereo=False, units='deg', useFBO=False, useRetina=False, viewOri=0.0, viewPos=None, viewScale=None, waitBlanking=False, winType='pyglet')
20.1918 	INFO 	Mouse: using default window
20.1921 	EXP 	window1: units = 'norm'
20.2941 	EXP 	Created unnamed ImageStim = ImageStim(autoLog=True, color=array([ 1.,  1.,  1.]), colorSpace='rgb', contrast=1.0, depth=0, flipHoriz=False, flipVert=False, image=str(...), interpolate=False, mask=None, maskParams=None, name='unnamed ImageStim', opacity=1.0, ori=0.0, pos=array([-0.5,  0. ]), size=array([ 1.290625  ,  3.24814815]), texRes=128, units='norm', win=Window(...))
20.3646 	EXP 	Created unnamed ImageStim = ImageStim(autoLog=True, color=array([ 1.,  1.,  1.]), colorSpace='rgb', contrast=1.0, depth=0, flipHoriz=False, flipVert=False, image=str(...), interpolate=False, mask=None, maskParams=None, name='unnamed ImageStim', opacity=1.0, ori=0.0, pos=array([ 0.5,  0. ]), size=array([ 1.290625  ,  3.24814815]), texRes=128, units='norm', win=Window(...))
20.3823 	EXP 	Created OKrespZone = GratingStim(autoDraw=False, autoLog=True, color=array([ 1. ,  0.5,  0.5]), colorSpace='rgb', contrast=1.0, depth=0, interpolate=False, mask='gauss', maskParams=None, name='OKrespZone', opacity=1.0, ori=0.0, phase=array([ 0.,  0.]), pos=array([-0.2 , -0.92]), rgbPedestal=array([ 0.,  0.,  0.]), sf=array([ 0.,  0.]), size=array([ 2.3,  0.2]), tex='sin', texRes=256, units='norm', win=Window(...))
20.5716 	EXP 	unnamed ImageStim: size = (1, 2)
20.5716 	EXP 	unnamed ImageStim: size = (1, 2)
80.8353 	DATA 	Mouse: Left button down, pos=(831,596)
80.9348 	DATA 	Mouse:  Left button up, pos=(831,596)
82.5515 	DATA 	Mouse: Left button down, pos=(791,40)
82.5680 	EXP 	window1: units = 'deg'
82.5741 	EXP 	window1: units = 'norm'
82.5937 	EXP 	Created OKrespZone = GratingStim(autoDraw=False, autoLog=True, color=array([ 1. ,  0.5,  0.5]), colorSpace='rgb', contrast=1.0, depth=0, interpolate=False, mask='gauss', maskParams=None, name='OKrespZone', opacity=1.0, ori=0.0, phase=array([ 0.,  0.]), pos=array([-0.2 , -0.92]), rgbPedestal=array([ 0.,  0.,  0.]), sf=array([ 0.,  0.]), size=array([ 2.3,  0.2]), tex='sin', texRes=256, units='norm', win=Window(...))
82.6931 	EXP 	Created unnamed ImageStim = ImageStim(autoLog=True, color=array([ 1.,  1.,  1.]), colorSpace='rgb', contrast=1.0, depth=0, flipHoriz=False, flipVert=False, image='abgdj\\PISandConsentForm\\consentForm.png', interpolate=False, mask=None, maskParams=None, name='unnamed ImageStim', opacity=1.0, ori=0.0, pos=array([ 0.,  0.]), size=array([ 1.3375    ,  2.97407407]), texRes=128, units='norm', win=Window(...))
82.7315 	EXP 	Created unnamed GratingStim = GratingStim(autoDraw=False, autoLog=True, color=array([ 1. ,  0.5,  0.5]), colorSpace='rgb', contrast=1.0, depth=0, interpolate=False, mask='gauss', maskParams=None, name='unnamed GratingStim', opacity=1.0, ori=0.0, phase=array([ 0.,  0.]), pos=array([-0.2 , -0.42]), rgbPedestal=array([ 0.,  0.,  0.]), sf=array([ 0.,  0.]), size=array([ 0.3,  0.2]), tex='sin', texRes=256, units='norm', win=Window(...))
82.7760 	EXP 	Created unnamed GratingStim = GratingStim(autoDraw=False, autoLog=True, color=array([ 1. ,  0.5,  0.5]), colorSpace='rgb', contrast=1.0, depth=0, interpolate=False, mask='gauss', maskParams=None, name='unnamed GratingStim', opacity=1.0, ori=0.0, phase=array([ 0.,  0.]), pos=array([ 0.1 , -0.42]), rgbPedestal=array([ 0.,  0.,  0.]), sf=array([ 0.,  0.]), size=array([ 0.3,  0.2]), tex='sin', texRes=256, units='norm', win=Window(...))
82.8001 	EXP 	Created unnamed GratingStim = GratingStim(autoDraw=False, autoLog=True, color=array([ 1. ,  0.5,  0.5]), colorSpace='rgb', contrast=1.0, depth=0, interpolate=False, mask='gauss', maskParams=None, name='unnamed GratingStim', opacity=1.0, ori=0.0, phase=array([ 0.,  0.]), pos=array([-0.2 , -0.72]), rgbPedestal=array([ 0.,  0.,  0.]), sf=array([ 0.,  0.]), size=array([ 0.3,  0.2]), tex='sin', texRes=256, units='norm', win=Window(...))
82.8244 	EXP 	Created unnamed GratingStim = GratingStim(autoDraw=False, autoLog=True, color=array([ 1. ,  0.5,  0.5]), colorSpace='rgb', contrast=1.0, depth=0, interpolate=False, mask='gauss', maskParams=None, name='unnamed GratingStim', opacity=1.0, ori=0.0, phase=array([ 0.,  0.]), pos=array([ 0.1 , -0.72]), rgbPedestal=array([ 0.,  0.,  0.]), sf=array([ 0.,  0.]), size=array([ 0.3,  0.2]), tex='sin', texRes=256, units='norm', win=Window(...))
82.8276 	DATA 	Mouse:  Left button up, pos=(792,40)
82.8346 	EXP 	unnamed ImageStim: size = (1.1, 2)
85.9221 	DATA 	Mouse: Left button down, pos=(778,321)
86.0015 	DATA 	Mouse:  Left button up, pos=(778,321)
86.6182 	DATA 	Mouse: Left button down, pos=(777,170)
86.6847 	DATA 	Mouse:  Left button up, pos=(777,170)
87.4683 	DATA 	Mouse: Left button down, pos=(761,37)
87.4848 	EXP 	window1: units = 'deg'
87.4900 	EXP 	window1: mouseVisible = True
105.0705 	EXP 	Created window1 = Window(allowGUI=False, allowStencil=False, autoLog=True, bitsMode=UNKNOWN, blendMode='avg', color=array([-0.7, -0.7, -0.7]), colorSpace='rgb', fullscr=UNKNOWN, gamma=None, lms=UNKNOWN, monitor=<psychopy.monitors.calibTools.Monitor object at 0x1A90A170>, name='window1', pos=[0, 0], screen=0, size=array([1920, 1080]), stereo=False, units='deg', useFBO=False, useRetina=False, viewOri=0.0, viewPos=None, viewScale=None, waitBlanking=False, winType='pyglet')
109.6375 	INFO 	#[ PsychoPy2 RuntimeInfoStart ]
  #[[ PsychoPy ]] #---------
    psychopyVersion: 1.84.2
    psychopyHaveExtRush: True
  #[[ Experiment ]] #---------
    experimentAuthor: None
    experimentAuthVersion: None
    experimentRunTime: 2018_08_06 11:09 (Year_Month_Day Hour:Min)
    experimentRunTime.epoch: 1533517795
    experimentScript: psyc1002.py
    experimentScript.digestSHA1: 03993779484d600ea4c1b8cc2288f3d37a5025d5
    experimentScript.directory: U:\PSYC1002\abgdj
  #[[ System ]] #---------
    systemHaveInternetAccess: True
    systemHostName: W5FBXKG2
    systemLocale: English_Australia.1252
    systemMemFreeRAM: 4155.82421875
    systemMemTotalRAM: 8076.9453125
    systemPlatform: windowsversion=sys.getwindowsversion(major=6, minor=2, build=9200, platform=2, service_pack='')
    systemPyo.InputDevices: {4: {'host api index': 2, 'latency': 0.008707483299076557, 'default sr': 44100, 'name': u'Realtek ASIO'}}
    systemPyo.OutputDevices: {0: {'host api index': 0, 'latency': 0.09000000357627869, 'default sr': 44100, 'name': u'Microsoft Sound Mapper - Output'}, 1: {'host api index': 0, 'latency': 0.09000000357627869, 'default sr': 44100, 'name': u'Speakers / Headphones (Realtek '}, 2: {'host api index': 1, 'latency': 0.11999999731779099, 'default sr': 44100, 'name': u'Primary Sound Driver'}, 3: {'host api index': 1, 'latency': 0.11999999731779099, 'default sr': 44100, 'name': u'Speakers / Headphones (Realtek High Definition Audio)'}, 4: {'host api index': 2, 'latency': 0.008707483299076557, 'default sr': 44100, 'name': u'Realtek ASIO'}, 5: {'host api index': 3, 'latency': 0.003000000026077032, 'default sr': 48000, 'name': u'Speakers / Headphones (Realtek High Definition Audio)'}}
    systemPyoVersion: 0.8.0
    systemRebooted: System Boot Time:          4/08/2018, 2:02:13 AM
    systemSec.pythonSSL: True
    systemTimeNumpySD1000000_sec: 0.0084
    systemUser: ggan2531
    systemUserID: 1000
    systemUserProcCmdPid: LabStatsUserSpace.exe dwm.exe TiWorker.exe CmRcService.exe nierserver.exe LabStatsClient.exe tagsrv.exe SearchUI.exe OneDrive.exe nipxism.exe WmiPrvSE.exe niLxiDiscovery.exe SecurityHealthService.exe redirector.exe SearchProtocolHost.exe server_admin.exe fontdrvhost.exe lkads.exe svchost.exe smartscreen.exe ni_usbmon.exe JKIUpdate.exe AGSService.exe System SISIDSService.exe SelfServicePlugin.exe explorer.exe smss.exe ApplicationWebServer.exe RuntimeBroker.exe acrotray.exe niauth_daemon.exe cmd.exe nidmsrv.exe Receiver.exe SISIPSService.exe lktsrv.exe lsass.exe python.exe RtkNGUI64.exe sisipsutil.exe AdobeUpdateService.exe armsvc.exe ssonsvr.exe concentr.exe nidevldu.exe taskhostw.exe ctfmon.exe RAVBg64.exe ''Memory Compression'' NIWebServiceContainer.exe nimxs.exe RtkAudioService64.exe SystemWebServer.exe tasklist.exe snowagent.exe CcmExec.exe SearchFilterHost.exe SmcGui.exe nicitdl5.exe ''System Idle Process'' services.exe niDiscSvc.exe sqlwriter.exe MSASCuiL.exe SCNotification.exe nimdnsResponder.exe server_runtime.exe sihost.exe spoolsv.exe wininit.exe winlogon.exe ShellExperienceHost.exe nidevmon.exe SearchIndexer.exe csrss.exe TrustedInstaller.exe audiodg.exe pc-client.exe dllhost.exe unsecapp.exe ccSvcHst.exe wfcrun32.exe nisvcloc.exe server_eventlog.exe lkcitdl.exe AuthManSvr.exe conhost.exe
    systemUserProcCount: 179
    systemUserProcFlagged: Explorer
    systemUsersCount: False
  #[[ Window ]] #---------
    windowWinType: pyglet
    windowWaitBlanking: False
    windowUseNativeGamma: True
    windowUnits: deg
    windowSize_pix: [1920 1080]
    windowScreen: 0
    windowRgb: [-0.7 -0.7 -0.7]
    windowRefreshTimeSD_ms: 0.173
    windowRefreshTimeMedian_ms: 16.658
    windowRefreshTimeAvg_ms: 16.669
    windowRefreshThreshold_sec: 0.0200
    windowRecordFrameIntervals: False
    windowPos_pix: [0, 0]
    windowMonitor.name: testmonitor
    windowMonitor.getWidth_cm: 57.0
    windowMonitor.getLinearizeMethod: 1
    windowMonitor.getGammaGrid: [[  0.   1.   1.  nan  nan  nan]
 [  0.   1.   1.  nan  nan  nan]
 [  0.   1.   1.  nan  nan  nan]
 [  0.   1.   1.  nan  nan  nan]]
    windowMonitor.getDistance_cm: 57.0
    windowMonitor.gammaInterpolator2: None
    windowMonitor.gammaInterpolator: None
    windowMonitor.currentCalibName: 2018_08_06 11:08
    windowIsFullScr: True
    windowHaveShaders: True
    windowAllowGUI: False
  #[[ Python ]] #---------
    pythonWxVersion: 3.0.2.0 msw (classic)
    pythonVersion: 2.7.11
    pythonScipyVersion: 0.17.1
    pythonPygletVersion: 1.2.4
    pythonPygameVersion: 1.9.2pre
    pythonNumpyVersion: 1.11.0
    pythonMatplotlibVersion: 1.5.1
    pythonFullVersion: 2.7.11 (v2.7.11:6d1b6a68f775, Dec  5 2015, 20:32:19) [MSC v.1500 32 bit (Intel)]
    pythonExecutable: C:\Program Files (x86)\PsychoPy2\python.exe
  #[[ OpenGL ]] #---------
    openGLVersion: 4.4.0 - Build 20.19.15.4531
    openGLVendor: Intel
    openGLRenderingEngine: Intel(R) HD Graphics 530
    openGLmaxVerticesInVertexArray: 1048576
    False: openGLext.GL_STEREO
    True: openGLext.GL_EXT_framebuffer_object
    True: openGLext.GL_ARB_vertex_shader
    True: openGLext.GL_ARB_texture_non_power_of_two
    True: openGLext.GL_ARB_texture_float
    True: openGLext.GL_ARB_shader_objects
    True: openGLext.GL_ARB_multitexture
    True: openGLext.GL_ARB_fragment_program
#[ PsychoPy2 RuntimeInfoEnd ]

109.6851 	EXP 	window1: recordFrameIntervals = True
110.5188 	EXP 	window1: recordFrameIntervals = False
110.5259 	INFO 	Frames per second ~=60.0, which is close enough to desired val of 60.0
110.7248 	EXP 	Created sequence: random, trialTypes=12, nReps=30, seed=None
110.9219 	INFO 	Mouse: using default window
110.9433 	EXP 	Created OKrespZone = GratingStim(autoDraw=False, autoLog=True, color=array([ 1.,  1.,  1.]), colorSpace='rgb', contrast=1.0, depth=0, interpolate=False, mask='gauss', maskParams=None, name='OKrespZone', opacity=1.0, ori=0.0, phase=array([ 0.,  0.]), pos=array([ 0.  ,  0.88]), rgbPedestal=array([ 0.,  0.,  0.]), sf=array([ 0.,  0.]), size=array([ 2. ,  0.2]), tex='sin', texRes=256, units='norm', win=Window(...))
121.1299 	DATA 	Mouse: Left button down, pos=(109,187)
121.2410 	DATA 	Mouse:  Left button up, pos=(109,187)
135.2571 	DATA 	Mouse: Left button down, pos=(587,666)
135.3208 	DATA 	Mouse:  Left button up, pos=(587,666)
141.0731 	DATA 	Mouse: Left button down, pos=(770,394)
141.1928 	DATA 	Mouse:  Left button up, pos=(770,394)
149.7533 	DATA 	Mouse: Left button down, pos=(1144,680)
149.8487 	DATA 	Mouse:  Left button up, pos=(1144,680)
159.1211 	DATA 	Mouse: Left button down, pos=(1342,751)
159.1848 	DATA 	Mouse:  Left button up, pos=(1342,751)
162.0251 	DATA 	Mouse: Left button down, pos=(1534,883)
162.1449 	DATA 	Mouse:  Left button up, pos=(1534,883)
168.2010 	DATA 	Mouse: Left button down, pos=(1777,50)
168.3128 	DATA 	Mouse:  Left button up, pos=(1777,50)
172.5292 	DATA 	Mouse: Left button down, pos=(1744,675)
172.6248 	DATA 	Mouse:  Left button up, pos=(1744,675)
177.3931 	DATA 	Mouse: Left button down, pos=(1745,601)
177.4889 	DATA 	Mouse:  Left button up, pos=(1745,601)
185.6890 	DATA 	Mouse: Left button down, pos=(911,1028)
185.7929 	DATA 	Mouse:  Left button up, pos=(911,1028)
188.7297 	DATA 	Mouse: Left button down, pos=(1775,744)
188.8248 	DATA 	Mouse:  Left button up, pos=(1775,744)
193.5851 	DATA 	Mouse: Left button down, pos=(729,944)
193.6889 	DATA 	Mouse:  Left button up, pos=(729,944)
200.1850 	DATA 	Mouse: Left button down, pos=(330,539)
200.2808 	DATA 	Mouse:  Left button up, pos=(330,539)
201.1610 	DATA 	Mouse: Left button down, pos=(902,1000)
201.1827 	INFO 	Experiment will have 360 trials. Letters will be drawn with superposed noise of 0.00%
201.1942 	EXP 	New trial (rep=0, index=0): {'leftStreamFlip': False, 'oneTarget': False, 'trialInstructionPos': (0, -1), 'probe': 'both', 'rightStreamFlip': False, 'horizVert': False, 'ISIframes': 2, 'rightResponseFirst': False}
201.1943 	INFO 	Starting main part of experiment
201.2521 	DATA 	Mouse:  Left button up, pos=(902,1000)
202.4018 	INFO 	numtrials=360 and this trialDurFrames=28 or 466.666666667 ms  task=T1
204.3015 	EXP 	window1: recordFrameIntervals = False
204.3121 	INFO 	Mouse: using default window
207.8363 	DATA 	Keypress: u
211.6184 	DATA 	Keypress: u
212.7017 	DATA 	Keypress: k
212.8734 	EXP 	New trial (rep=0, index=1): {'leftStreamFlip': False, 'oneTarget': False, 'trialInstructionPos': (0, -1), 'probe': 'both', 'rightStreamFlip': False, 'horizVert': False, 'ISIframes': 2, 'rightResponseFirst': True}
217.8518 	DATA 	Mouse: Left button down, pos=(479,824)
217.9682 	DATA 	Mouse:  Left button up, pos=(479,824)
222.3848 	INFO 	numtrials=360 and this trialDurFrames=22 or 366.666666667 ms  task=T1
224.2516 	EXP 	window1: recordFrameIntervals = False
224.2597 	INFO 	Mouse: using default window
226.2355 	DATA 	Keypress: f
227.0682 	DATA 	Keypress: t
228.0352 	DATA 	Keypress: z
228.1791 	EXP 	New trial (rep=0, index=2): {'leftStreamFlip': False, 'oneTarget': False, 'trialInstructionPos': (0, 1), 'probe': 'both', 'rightStreamFlip': False, 'horizVert': False, 'ISIframes': 2, 'rightResponseFirst': True}
228.2020 	INFO 	numtrials=360 and this trialDurFrames=18 or 300.0 ms  task=T1
230.1014 	EXP 	window1: recordFrameIntervals = False
230.1100 	INFO 	Mouse: using default window
231.5851 	DATA 	Keypress: j
232.4520 	DATA 	Keypress: h
233.3853 	DATA 	Keypress: m
233.5292 	EXP 	New trial (rep=0, index=3): {'leftStreamFlip': False, 'oneTarget': False, 'trialInstructionPos': (0, -1), 'probe': 'both', 'rightStreamFlip': False, 'horizVert': False, 'ISIframes': 2, 'rightResponseFirst': False}
233.5521 	INFO 	numtrials=360 and this trialDurFrames=18 or 300.0 ms  task=T1
234.7849 	EXP 	window1: recordFrameIntervals = False
234.7938 	INFO 	Mouse: using default window
235.9683 	DATA 	Keypress: m
237.6350 	DATA 	Keypress: r
238.4350 	DATA 	Keypress: s
238.5807 	EXP 	New trial (rep=0, index=4): {'leftStreamFlip': False, 'oneTarget': False, 'trialInstructionPos': (0, -1), 'probe': 'both', 'rightStreamFlip': False, 'horizVert': False, 'ISIframes': 2, 'rightResponseFirst': True}
246.9348 	INFO 	numtrials=360 and this trialDurFrames=14 or 233.333333333 ms  task=T1
248.1349 	EXP 	window1: recordFrameIntervals = False
248.1440 	INFO 	Mouse: using default window
249.8850 	DATA 	Keypress: n
251.2017 	DATA 	Keypress: u
251.7853 	DATA 	Keypress: g
251.9273 	EXP 	New trial (rep=0, index=5): {'leftStreamFlip': False, 'oneTarget': False, 'trialInstructionPos': (0, 1), 'probe': 'both', 'rightStreamFlip': False, 'horizVert': False, 'ISIframes': 2, 'rightResponseFirst': True}
251.9509 	INFO 	numtrials=360 and this trialDurFrames=4 or 66.6666666667 ms  task=T1
253.0182 	EXP 	window1: recordFrameIntervals = False
253.0268 	INFO 	Mouse: using default window
254.9517 	DATA 	Keypress: j
256.1518 	DATA 	Keypress: v
256.8185 	DATA 	Keypress: a
256.9598 	EXP 	New trial (rep=0, index=6): {'leftStreamFlip': False, 'oneTarget': False, 'trialInstructionPos': (0, -1), 'probe': 'both', 'rightStreamFlip': False, 'horizVert': False, 'ISIframes': 2, 'rightResponseFirst': True}
256.9844 	INFO 	numtrials=360 and this trialDurFrames=4 or 66.6666666667 ms  task=T1
258.0849 	EXP 	window1: recordFrameIntervals = False
258.0940 	INFO 	Mouse: using default window
259.9184 	DATA 	Keypress: y
260.5184 	DATA 	Keypress: g
261.0187 	DATA 	Keypress: g
261.1590 	EXP 	New trial (rep=0, index=7): {'leftStreamFlip': False, 'oneTarget': False, 'trialInstructionPos': (0, 1), 'probe': 'both', 'rightStreamFlip': False, 'horizVert': False, 'ISIframes': 2, 'rightResponseFirst': False}
261.1845 	INFO 	numtrials=360 and this trialDurFrames=3 or 50.0 ms  task=T1
262.2015 	EXP 	window1: recordFrameIntervals = False
262.2103 	INFO 	Mouse: using default window
264.3017 	DATA 	Keypress: f
265.7853 	DATA 	Keypress: k
266.8518 	DATA 	Keypress: s
266.9924 	EXP 	New trial (rep=0, index=8): {'leftStreamFlip': False, 'oneTarget': False, 'trialInstructionPos': (0, 1), 'probe': 'both', 'rightStreamFlip': False, 'horizVert': False, 'ISIframes': 2, 'rightResponseFirst': False}
267.0177 	INFO 	numtrials=360 and this trialDurFrames=3 or 50.0 ms  task=T1
268.0681 	EXP 	window1: recordFrameIntervals = False
268.0767 	INFO 	Mouse: using default window
272.3685 	DATA 	Keypress: t
273.0850 	DATA 	Keypress: u
274.0350 	DATA 	Keypress: w
274.1778 	EXP 	New trial (rep=0, index=9): {'leftStreamFlip': False, 'oneTarget': False, 'trialInstructionPos': (0, 1), 'probe': 'both', 'rightStreamFlip': False, 'horizVert': False, 'ISIframes': 2, 'rightResponseFirst': False}
274.2010 	INFO 	numtrials=360 and this trialDurFrames=4 or 66.6666666667 ms  task=T1
275.2348 	EXP 	window1: recordFrameIntervals = False
275.2437 	INFO 	Mouse: using default window
277.4190 	DATA 	Keypress: j
278.8686 	DATA 	Keypress: a
279.4019 	DATA 	Keypress: e
279.5430 	EXP 	New trial (rep=0, index=10): {'leftStreamFlip': False, 'oneTarget': False, 'trialInstructionPos': (0, -1), 'probe': 'both', 'rightStreamFlip': False, 'horizVert': False, 'ISIframes': 2, 'rightResponseFirst': False}
279.5677 	INFO 	numtrials=360 and this trialDurFrames=4 or 66.6666666667 ms  task=T1
280.6516 	EXP 	window1: recordFrameIntervals = False
280.6605 	INFO 	Mouse: using default window
282.4354 	DATA 	Keypress: j
283.8020 	DATA 	Keypress: a
284.5018 	DATA 	Keypress: n
284.6422 	EXP 	New trial (rep=0, index=11): {'leftStreamFlip': False, 'oneTarget': False, 'trialInstructionPos': (0, 1), 'probe': 'both', 'rightStreamFlip': False, 'horizVert': False, 'ISIframes': 2, 'rightResponseFirst': True}
284.6679 	INFO 	numtrials=360 and this trialDurFrames=3 or 50.0 ms  task=T1
285.8017 	EXP 	window1: recordFrameIntervals = False
285.8126 	INFO 	Mouse: using default window
287.8859 	DATA 	Keypress: n
288.9692 	DATA 	Keypress: x
289.6854 	DATA 	Keypress: u
289.8253 	EXP 	New trial (rep=1, index=0): {'leftStreamFlip': False, 'oneTarget': False, 'trialInstructionPos': (0, -1), 'probe': 'both', 'rightStreamFlip': False, 'horizVert': False, 'ISIframes': 2, 'rightResponseFirst': False}
289.8513 	INFO 	numtrials=360 and this trialDurFrames=4 or 66.6666666667 ms  task=T1
290.9352 	EXP 	window1: recordFrameIntervals = False
290.9442 	INFO 	Mouse: using default window
292.8185 	DATA 	Keypress: g
294.5351 	DATA 	Keypress: y
295.0353 	DATA 	Keypress: n
295.1780 	EXP 	New trial (rep=1, index=1): {'leftStreamFlip': False, 'oneTarget': False, 'trialInstructionPos': (0, -1), 'probe': 'both', 'rightStreamFlip': False, 'horizVert': False, 'ISIframes': 2, 'rightResponseFirst': False}
295.2012 	INFO 	numtrials=360 and this trialDurFrames=4 or 66.6666666667 ms  task=T1
296.2515 	EXP 	window1: recordFrameIntervals = False
296.2602 	INFO 	Mouse: using default window
298.6352 	DATA 	Keypress: m
299.5352 	DATA 	Keypress: c
300.2517 	DATA 	Keypress: y
300.3923 	EXP 	New trial (rep=1, index=2): {'leftStreamFlip': False, 'oneTarget': False, 'trialInstructionPos': (0, 1), 'probe': 'both', 'rightStreamFlip': False, 'horizVert': False, 'ISIframes': 2, 'rightResponseFirst': False}
300.4180 	INFO 	numtrials=360 and this trialDurFrames=3 or 50.0 ms  task=T1
301.5348 	EXP 	window1: recordFrameIntervals = False
301.5441 	INFO 	Mouse: using default window
305.5353 	DATA 	Keypress: n
306.5537 	DATA 	Keypress: k
306.9852 	DATA 	Keypress: y
307.1276 	EXP 	New trial (rep=1, index=3): {'leftStreamFlip': False, 'oneTarget': False, 'trialInstructionPos': (0, 1), 'probe': 'both', 'rightStreamFlip': False, 'horizVert': False, 'ISIframes': 2, 'rightResponseFirst': False}
307.1510 	INFO 	numtrials=360 and this trialDurFrames=3 or 50.0 ms  task=T1
308.2516 	EXP 	window1: recordFrameIntervals = False
308.2608 	INFO 	Mouse: using default window
312.4186 	DATA 	Keypress: n
312.9520 	DATA 	Keypress: e
313.7854 	DATA 	Keypress: j
313.9265 	EXP 	New trial (rep=1, index=4): {'leftStreamFlip': False, 'oneTarget': False, 'trialInstructionPos': (0, 1), 'probe': 'both', 'rightStreamFlip': False, 'horizVert': False, 'ISIframes': 2, 'rightResponseFirst': True}
313.9515 	INFO 	numtrials=360 and this trialDurFrames=4 or 66.6666666667 ms  task=T1
314.9683 	EXP 	window1: recordFrameIntervals = False
314.9775 	INFO 	Mouse: using default window
316.3019 	DATA 	Keypress: u
317.4019 	DATA 	Keypress: r
318.0852 	DATA 	Keypress: k
318.2254 	EXP 	New trial (rep=1, index=5): {'leftStreamFlip': False, 'oneTarget': False, 'trialInstructionPos': (0, 1), 'probe': 'both', 'rightStreamFlip': False, 'horizVert': False, 'ISIframes': 2, 'rightResponseFirst': True}
318.2510 	INFO 	numtrials=360 and this trialDurFrames=4 or 66.6666666667 ms  task=T1
319.3349 	EXP 	window1: recordFrameIntervals = False
319.3434 	INFO 	Mouse: using default window
321.2519 	DATA 	Keypress: j
322.4019 	DATA 	Keypress: r
322.7687 	DATA 	Keypress: j
322.9080 	EXP 	New trial (rep=1, index=6): {'leftStreamFlip': False, 'oneTarget': False, 'trialInstructionPos': (0, -1), 'probe': 'both', 'rightStreamFlip': False, 'horizVert': False, 'ISIframes': 2, 'rightResponseFirst': True}
322.9344 	INFO 	numtrials=360 and this trialDurFrames=4 or 66.6666666667 ms  task=T1
324.1349 	EXP 	window1: recordFrameIntervals = False
324.1434 	INFO 	Mouse: using default window
326.1542 	DATA 	Keypress: j
327.0186 	DATA 	Keypress: z
327.7186 	DATA 	Keypress: h
327.8607 	EXP 	New trial (rep=1, index=7): {'leftStreamFlip': False, 'oneTarget': False, 'trialInstructionPos': (0, 1), 'probe': 'both', 'rightStreamFlip': False, 'horizVert': False, 'ISIframes': 2, 'rightResponseFirst': False}
327.8843 	INFO 	numtrials=360 and this trialDurFrames=4 or 66.6666666667 ms  task=T1
329.0017 	EXP 	window1: recordFrameIntervals = False
329.0106 	INFO 	Mouse: using default window
330.7018 	DATA 	Keypress: z
331.5185 	DATA 	Keypress: g
331.7353 	DATA 	Keypress: g
331.8762 	EXP 	New trial (rep=1, index=8): {'leftStreamFlip': False, 'oneTarget': False, 'trialInstructionPos': (0, -1), 'probe': 'both', 'rightStreamFlip': False, 'horizVert': False, 'ISIframes': 2, 'rightResponseFirst': True}
331.9013 	INFO 	numtrials=360 and this trialDurFrames=4 or 66.6666666667 ms  task=T1
333.0683 	EXP 	window1: recordFrameIntervals = False
333.0763 	INFO 	Mouse: using default window
334.4852 	DATA 	Keypress: h
335.3853 	DATA 	Keypress: e
335.8353 	DATA 	Keypress: s
335.9775 	EXP 	New trial (rep=1, index=9): {'leftStreamFlip': False, 'oneTarget': False, 'trialInstructionPos': (0, -1), 'probe': 'both', 'rightStreamFlip': False, 'horizVert': False, 'ISIframes': 2, 'rightResponseFirst': True}
336.0008 	INFO 	numtrials=360 and this trialDurFrames=3 or 50.0 ms  task=T1
337.0684 	EXP 	window1: recordFrameIntervals = False
337.0774 	INFO 	Mouse: using default window
338.5708 	DATA 	Keypress: r
339.1018 	DATA 	Keypress: s
339.7185 	DATA 	Keypress: i
339.8585 	EXP 	New trial (rep=1, index=10): {'leftStreamFlip': False, 'oneTarget': False, 'trialInstructionPos': (0, 1), 'probe': 'both', 'rightStreamFlip': False, 'horizVert': False, 'ISIframes': 2, 'rightResponseFirst': True}
339.8847 	INFO 	numtrials=360 and this trialDurFrames=3 or 50.0 ms  task=T1
340.9684 	EXP 	window1: recordFrameIntervals = False
340.9775 	INFO 	Mouse: using default window
343.1517 	DATA 	Keypress: y
343.5185 	DATA 	Keypress: i
344.3518 	DATA 	Keypress: e
344.4926 	EXP 	New trial (rep=1, index=11): {'leftStreamFlip': False, 'oneTarget': False, 'trialInstructionPos': (0, -1), 'probe': 'both', 'rightStreamFlip': False, 'horizVert': False, 'ISIframes': 2, 'rightResponseFirst': False}
344.5175 	INFO 	numtrials=360 and this trialDurFrames=4 or 66.6666666667 ms  task=T1
345.5350 	EXP 	window1: recordFrameIntervals = False
345.5437 	INFO 	Mouse: using default window
347.1518 	DATA 	Keypress: y
349.3697 	DATA 	Keypress: r
350.1356 	DATA 	Keypress: k
350.2767 	EXP 	New trial (rep=2, index=0): {'leftStreamFlip': False, 'oneTarget': False, 'trialInstructionPos': (0, -1), 'probe': 'both', 'rightStreamFlip': False, 'horizVert': False, 'ISIframes': 2, 'rightResponseFirst': True}
350.3010 	INFO 	numtrials=360 and this trialDurFrames=4 or 66.6666666667 ms  task=T1
351.2850 	EXP 	window1: recordFrameIntervals = False
351.2941 	INFO 	Mouse: using default window
352.9020 	DATA 	Keypress: a
354.0351 	DATA 	Keypress: j
354.8518 	DATA 	Keypress: z
354.9928 	EXP 	New trial (rep=2, index=1): {'leftStreamFlip': False, 'oneTarget': False, 'trialInstructionPos': (0, 1), 'probe': 'both', 'rightStreamFlip': False, 'horizVert': False, 'ISIframes': 2, 'rightResponseFirst': True}
355.0181 	INFO 	numtrials=360 and this trialDurFrames=3 or 50.0 ms  task=T1
356.2015 	EXP 	window1: recordFrameIntervals = False
356.2100 	INFO 	Mouse: using default window
357.7715 	DATA 	Keypress: k
359.0686 	DATA 	Keypress: s
359.6018 	DATA 	Keypress: y
359.7429 	EXP 	New trial (rep=2, index=2): {'leftStreamFlip': False, 'oneTarget': False, 'trialInstructionPos': (0, -1), 'probe': 'both', 'rightStreamFlip': False, 'horizVert': False, 'ISIframes': 2, 'rightResponseFirst': False}
359.7682 	INFO 	numtrials=360 and this trialDurFrames=3 or 50.0 ms  task=T1
360.9184 	EXP 	window1: recordFrameIntervals = False
360.9274 	INFO 	Mouse: using default window
362.8184 	DATA 	Keypress: r
363.8851 	DATA 	Keypress: e
364.6186 	DATA 	Keypress: g
364.7604 	EXP 	New trial (rep=2, index=3): {'leftStreamFlip': False, 'oneTarget': False, 'trialInstructionPos': (0, -1), 'probe': 'both', 'rightStreamFlip': False, 'horizVert': False, 'ISIframes': 2, 'rightResponseFirst': True}
364.7847 	INFO 	numtrials=360 and this trialDurFrames=3 or 50.0 ms  task=T1
365.7849 	EXP 	window1: recordFrameIntervals = False
365.7934 	INFO 	Mouse: using default window
368.3686 	DATA 	Keypress: g
368.8851 	DATA 	Keypress: y
369.6853 	DATA 	Keypress: t
369.8257 	EXP 	New trial (rep=2, index=4): {'leftStreamFlip': False, 'oneTarget': False, 'trialInstructionPos': (0, 1), 'probe': 'both', 'rightStreamFlip': False, 'horizVert': False, 'ISIframes': 2, 'rightResponseFirst': False}
369.8511 	INFO 	numtrials=360 and this trialDurFrames=3 or 50.0 ms  task=T1
371.0017 	EXP 	window1: recordFrameIntervals = False
371.0106 	INFO 	Mouse: using default window
374.1857 	DATA 	Keypress: r
374.7024 	DATA 	Keypress: y
375.3853 	DATA 	Keypress: z
375.5257 	EXP 	New trial (rep=2, index=5): {'leftStreamFlip': False, 'oneTarget': False, 'trialInstructionPos': (0, 1), 'probe': 'both', 'rightStreamFlip': False, 'horizVert': False, 'ISIframes': 2, 'rightResponseFirst': True}
375.5512 	INFO 	numtrials=360 and this trialDurFrames=3 or 50.0 ms  task=T1
376.5849 	EXP 	window1: recordFrameIntervals = False
376.5946 	INFO 	Mouse: using default window
378.9853 	DATA 	Keypress: z
380.2852 	DATA 	Keypress: m
380.9709 	DATA 	Keypress: a
381.1275 	EXP 	New trial (rep=2, index=6): {'leftStreamFlip': False, 'oneTarget': False, 'trialInstructionPos': (0, 1), 'probe': 'both', 'rightStreamFlip': False, 'horizVert': False, 'ISIframes': 2, 'rightResponseFirst': False}
381.1513 	INFO 	numtrials=360 and this trialDurFrames=3 or 50.0 ms  task=T1
382.2349 	EXP 	window1: recordFrameIntervals = False
382.2444 	INFO 	Mouse: using default window
384.2020 	DATA 	Keypress: z
384.7353 	DATA 	Keypress: e
385.5019 	DATA 	Keypress: j
385.6429 	EXP 	New trial (rep=2, index=7): {'leftStreamFlip': False, 'oneTarget': False, 'trialInstructionPos': (0, 1), 'probe': 'both', 'rightStreamFlip': False, 'horizVert': False, 'ISIframes': 2, 'rightResponseFirst': True}
385.6677 	INFO 	numtrials=360 and this trialDurFrames=3 or 50.0 ms  task=T1
386.7349 	EXP 	window1: recordFrameIntervals = False
386.7439 	INFO 	Mouse: using default window
389.6518 	DATA 	Keypress: r
390.7685 	DATA 	Keypress: t
392.0519 	DATA 	Keypress: m
392.1933 	EXP 	New trial (rep=2, index=8): {'leftStreamFlip': False, 'oneTarget': False, 'trialInstructionPos': (0, -1), 'probe': 'both', 'rightStreamFlip': False, 'horizVert': False, 'ISIframes': 2, 'rightResponseFirst': False}
392.2181 	INFO 	numtrials=360 and this trialDurFrames=3 or 50.0 ms  task=T1
393.3683 	EXP 	window1: recordFrameIntervals = False
393.3768 	INFO 	Mouse: using default window
396.3530 	DATA 	Keypress: j
396.6853 	DATA 	Keypress: y
397.2852 	DATA 	Keypress: a
397.4262 	EXP 	New trial (rep=2, index=9): {'leftStreamFlip': False, 'oneTarget': False, 'trialInstructionPos': (0, -1), 'probe': 'both', 'rightStreamFlip': False, 'horizVert': False, 'ISIframes': 2, 'rightResponseFirst': False}
397.4513 	INFO 	numtrials=360 and this trialDurFrames=4 or 66.6666666667 ms  task=T1
398.6684 	EXP 	window1: recordFrameIntervals = False
398.6777 	INFO 	Mouse: using default window
400.0352 	DATA 	Keypress: g
400.8520 	DATA 	Keypress: a
401.2852 	DATA 	Keypress: g
401.4287 	EXP 	New trial (rep=2, index=10): {'leftStreamFlip': False, 'oneTarget': False, 'trialInstructionPos': (0, 1), 'probe': 'both', 'rightStreamFlip': False, 'horizVert': False, 'ISIframes': 2, 'rightResponseFirst': False}
401.4511 	INFO 	numtrials=360 and this trialDurFrames=4 or 66.6666666667 ms  task=T1
402.5183 	EXP 	window1: recordFrameIntervals = False
402.5269 	INFO 	Mouse: using default window
404.0020 	DATA 	Keypress: s
404.8853 	DATA 	Keypress: y
405.3537 	DATA 	Keypress: t
405.5089 	EXP 	New trial (rep=2, index=11): {'leftStreamFlip': False, 'oneTarget': False, 'trialInstructionPos': (0, -1), 'probe': 'both', 'rightStreamFlip': False, 'horizVert': False, 'ISIframes': 2, 'rightResponseFirst': True}
405.5348 	INFO 	numtrials=360 and this trialDurFrames=3 or 50.0 ms  task=T1
406.5684 	EXP 	window1: recordFrameIntervals = False
406.5765 	INFO 	Mouse: using default window
407.9186 	DATA 	Keypress: a
408.8351 	DATA 	Keypress: r
409.7717 	DATA 	Keypress: u
409.9271 	EXP 	New trial (rep=3, index=0): {'leftStreamFlip': False, 'oneTarget': False, 'trialInstructionPos': (0, 1), 'probe': 'both', 'rightStreamFlip': False, 'horizVert': False, 'ISIframes': 2, 'rightResponseFirst': True}
409.9515 	INFO 	numtrials=360 and this trialDurFrames=3 or 50.0 ms  task=T1
411.0850 	EXP 	window1: recordFrameIntervals = False
411.0940 	INFO 	Mouse: using default window
412.3864 	DATA 	Keypress: g
412.7188 	DATA 	Keypress: f
413.3353 	DATA 	Keypress: m
413.4762 	EXP 	New trial (rep=3, index=1): {'leftStreamFlip': False, 'oneTarget': False, 'trialInstructionPos': (0, 1), 'probe': 'both', 'rightStreamFlip': False, 'horizVert': False, 'ISIframes': 2, 'rightResponseFirst': False}
413.5011 	INFO 	numtrials=360 and this trialDurFrames=3 or 50.0 ms  task=T1
414.4683 	EXP 	window1: recordFrameIntervals = False
414.4774 	INFO 	Mouse: using default window
417.7859 	DATA 	Keypress: m
418.9547 	DATA 	Keypress: f
419.2519 	DATA 	Keypress: g
419.3929 	EXP 	New trial (rep=3, index=2): {'leftStreamFlip': False, 'oneTarget': False, 'trialInstructionPos': (0, -1), 'probe': 'both', 'rightStreamFlip': False, 'horizVert': False, 'ISIframes': 2, 'rightResponseFirst': True}
419.4182 	INFO 	numtrials=360 and this trialDurFrames=3 or 50.0 ms  task=T1
420.5351 	EXP 	window1: recordFrameIntervals = False
420.5442 	INFO 	Mouse: using default window
422.7519 	DATA 	Keypress: a
423.3019 	DATA 	Keypress: y
424.0685 	DATA 	Keypress: e
424.2093 	EXP 	New trial (rep=3, index=3): {'leftStreamFlip': False, 'oneTarget': False, 'trialInstructionPos': (0, 1), 'probe': 'both', 'rightStreamFlip': False, 'horizVert': False, 'ISIframes': 2, 'rightResponseFirst': False}
424.2346 	INFO 	numtrials=360 and this trialDurFrames=3 or 50.0 ms  task=T1
425.4185 	EXP 	window1: recordFrameIntervals = False
425.4265 	INFO 	Mouse: using default window
426.9545 	DATA 	Keypress: u
427.4520 	DATA 	Keypress: k
427.8853 	DATA 	Keypress: s
428.0288 	EXP 	New trial (rep=3, index=4): {'leftStreamFlip': False, 'oneTarget': False, 'trialInstructionPos': (0, -1), 'probe': 'both', 'rightStreamFlip': False, 'horizVert': False, 'ISIframes': 2, 'rightResponseFirst': True}
428.0512 	INFO 	numtrials=360 and this trialDurFrames=4 or 66.6666666667 ms  task=T1
429.1518 	EXP 	window1: recordFrameIntervals = False
429.1608 	INFO 	Mouse: using default window
431.5020 	DATA 	Keypress: y
432.7853 	DATA 	Keypress: i
433.3540 	DATA 	Keypress: f
433.5090 	EXP 	New trial (rep=3, index=5): {'leftStreamFlip': False, 'oneTarget': False, 'trialInstructionPos': (0, -1), 'probe': 'both', 'rightStreamFlip': False, 'horizVert': False, 'ISIframes': 2, 'rightResponseFirst': False}
433.5346 	INFO 	numtrials=360 and this trialDurFrames=4 or 66.6666666667 ms  task=T1
434.6016 	EXP 	window1: recordFrameIntervals = False
434.6101 	INFO 	Mouse: using default window
436.5353 	DATA 	Keypress: u
438.1019 	DATA 	Keypress: k
438.7021 	DATA 	Keypress: n
438.8418 	EXP 	New trial (rep=3, index=6): {'leftStreamFlip': False, 'oneTarget': False, 'trialInstructionPos': (0, -1), 'probe': 'both', 'rightStreamFlip': False, 'horizVert': False, 'ISIframes': 2, 'rightResponseFirst': False}
438.8682 	INFO 	numtrials=360 and this trialDurFrames=3 or 50.0 ms  task=T1
440.0518 	EXP 	window1: recordFrameIntervals = False
440.0611 	INFO 	Mouse: using default window
441.5185 	DATA 	Keypress: h
442.1544 	DATA 	Keypress: t
442.8023 	DATA 	Keypress: s
442.9425 	EXP 	New trial (rep=3, index=7): {'leftStreamFlip': False, 'oneTarget': False, 'trialInstructionPos': (0, 1), 'probe': 'both', 'rightStreamFlip': False, 'horizVert': False, 'ISIframes': 2, 'rightResponseFirst': True}
442.9679 	INFO 	numtrials=360 and this trialDurFrames=3 or 50.0 ms  task=T1
444.0685 	EXP 	window1: recordFrameIntervals = False
444.0766 	INFO 	Mouse: using default window
445.5519 	DATA 	Keypress: n
446.4355 	DATA 	Keypress: e
447.1519 	DATA 	Keypress: j
447.2924 	EXP 	New trial (rep=3, index=8): {'leftStreamFlip': False, 'oneTarget': False, 'trialInstructionPos': (0, -1), 'probe': 'both', 'rightStreamFlip': False, 'horizVert': False, 'ISIframes': 2, 'rightResponseFirst': False}
447.3180 	INFO 	numtrials=360 and this trialDurFrames=3 or 50.0 ms  task=T1
448.3850 	EXP 	window1: recordFrameIntervals = False
448.3935 	INFO 	Mouse: using default window
449.7188 	DATA 	Keypress: n
450.2021 	DATA 	Keypress: k
450.8021 	DATA 	Keypress: s
450.9432 	EXP 	New trial (rep=3, index=9): {'leftStreamFlip': False, 'oneTarget': False, 'trialInstructionPos': (0, 1), 'probe': 'both', 'rightStreamFlip': False, 'horizVert': False, 'ISIframes': 2, 'rightResponseFirst': False}
450.9681 	INFO 	numtrials=360 and this trialDurFrames=3 or 50.0 ms  task=T1
452.0187 	EXP 	window1: recordFrameIntervals = False
452.0281 	INFO 	Mouse: using default window
453.4186 	DATA 	Keypress: z
454.2519 	DATA 	Keypress: j
454.6860 	DATA 	Keypress: r
454.8264 	EXP 	New trial (rep=3, index=10): {'leftStreamFlip': False, 'oneTarget': False, 'trialInstructionPos': (0, 1), 'probe': 'both', 'rightStreamFlip': False, 'horizVert': False, 'ISIframes': 2, 'rightResponseFirst': True}
454.8511 	INFO 	numtrials=360 and this trialDurFrames=3 or 50.0 ms  task=T1
455.8351 	EXP 	window1: recordFrameIntervals = False
455.8445 	INFO 	Mouse: using default window
457.3019 	DATA 	Keypress: m
458.0020 	DATA 	Keypress: h
458.6020 	DATA 	Keypress: s
458.7385 	EXP 	New trial (rep=3, index=11): {'leftStreamFlip': False, 'oneTarget': False, 'trialInstructionPos': (0, -1), 'probe': 'both', 'rightStreamFlip': False, 'horizVert': False, 'ISIframes': 2, 'rightResponseFirst': True}
458.7510 	INFO 	numtrials=360 and this trialDurFrames=3 or 50.0 ms  task=T1
459.8021 	EXP 	window1: recordFrameIntervals = False
459.8100 	INFO 	Mouse: using default window
461.6025 	DATA 	Keypress: f
463.8701 	DATA 	Keypress: k
464.6688 	DATA 	Keypress: j
464.8109 	EXP 	New trial (rep=4, index=0): {'leftStreamFlip': False, 'oneTarget': False, 'trialInstructionPos': (0, 1), 'probe': 'both', 'rightStreamFlip': False, 'horizVert': False, 'ISIframes': 2, 'rightResponseFirst': True}
464.8346 	INFO 	numtrials=360 and this trialDurFrames=4 or 66.6666666667 ms  task=T1
466.0517 	EXP 	window1: recordFrameIntervals = False
466.0603 	INFO 	Mouse: using default window
467.5686 	DATA 	Keypress: e
468.1854 	DATA 	Keypress: r
468.6853 	DATA 	Keypress: t
468.8290 	EXP 	New trial (rep=4, index=1): {'leftStreamFlip': False, 'oneTarget': False, 'trialInstructionPos': (0, -1), 'probe': 'both', 'rightStreamFlip': False, 'horizVert': False, 'ISIframes': 2, 'rightResponseFirst': False}
468.8510 	INFO 	numtrials=360 and this trialDurFrames=4 or 66.6666666667 ms  task=T1
470.0518 	EXP 	window1: recordFrameIntervals = False
470.0609 	INFO 	Mouse: using default window
471.3188 	DATA 	Keypress: n
472.2522 	DATA 	Keypress: f
473.2187 	DATA 	Keypress: m
473.3641 	EXP 	New trial (rep=4, index=2): {'leftStreamFlip': False, 'oneTarget': False, 'trialInstructionPos': (0, 1), 'probe': 'both', 'rightStreamFlip': False, 'horizVert': False, 'ISIframes': 2, 'rightResponseFirst': True}
473.3844 	INFO 	numtrials=360 and this trialDurFrames=3 or 50.0 ms  task=T1
474.4351 	EXP 	window1: recordFrameIntervals = False
474.4443 	INFO 	Mouse: using default window
476.2524 	DATA 	Keypress: s
477.0195 	DATA 	Keypress: e
477.4859 	DATA 	Keypress: n
477.6271 	EXP 	New trial (rep=4, index=3): {'leftStreamFlip': False, 'oneTarget': False, 'trialInstructionPos': (0, 1), 'probe': 'both', 'rightStreamFlip': False, 'horizVert': False, 'ISIframes': 2, 'rightResponseFirst': False}
477.6509 	INFO 	numtrials=360 and this trialDurFrames=3 or 50.0 ms  task=T1
478.6685 	EXP 	window1: recordFrameIntervals = False
478.6782 	INFO 	Mouse: using default window
480.8354 	DATA 	Keypress: s
482.2687 	DATA 	Keypress: n
482.7853 	DATA 	Keypress: k
482.9240 	EXP 	New trial (rep=4, index=4): {'leftStreamFlip': False, 'oneTarget': False, 'trialInstructionPos': (0, 1), 'probe': 'both', 'rightStreamFlip': False, 'horizVert': False, 'ISIframes': 2, 'rightResponseFirst': False}
482.9352 	INFO 	numtrials=360 and this trialDurFrames=4 or 66.6666666667 ms  task=T1
484.1352 	EXP 	window1: recordFrameIntervals = False
484.1444 	INFO 	Mouse: using default window
485.7185 	DATA 	Keypress: z
486.7024 	DATA 	Keypress: c
487.1855 	DATA 	Keypress: c
487.3249 	EXP 	New trial (rep=4, index=5): {'leftStreamFlip': False, 'oneTarget': False, 'trialInstructionPos': (0, 1), 'probe': 'both', 'rightStreamFlip': False, 'horizVert': False, 'ISIframes': 2, 'rightResponseFirst': False}
487.3505 	INFO 	numtrials=360 and this trialDurFrames=4 or 66.6666666667 ms  task=T1
488.4182 	EXP 	window1: recordFrameIntervals = False
488.4264 	INFO 	Mouse: using default window
489.7562 	DATA 	Keypress: m
490.8186 	DATA 	Keypress: j
491.3019 	DATA 	Keypress: k
491.4429 	EXP 	New trial (rep=4, index=6): {'leftStreamFlip': False, 'oneTarget': False, 'trialInstructionPos': (0, -1), 'probe': 'both', 'rightStreamFlip': False, 'horizVert': False, 'ISIframes': 2, 'rightResponseFirst': True}
491.4684 	INFO 	numtrials=360 and this trialDurFrames=3 or 50.0 ms  task=T1
492.4351 	EXP 	window1: recordFrameIntervals = False
492.4437 	INFO 	Mouse: using default window
494.1547 	DATA 	Keypress: j
495.7392 	DATA 	Keypress: r
496.1705 	DATA 	Keypress: s
496.3259 	EXP 	New trial (rep=4, index=7): {'leftStreamFlip': False, 'oneTarget': False, 'trialInstructionPos': (0, 1), 'probe': 'both', 'rightStreamFlip': False, 'horizVert': False, 'ISIframes': 2, 'rightResponseFirst': True}
496.3507 	INFO 	numtrials=360 and this trialDurFrames=3 or 50.0 ms  task=T1
497.3185 	EXP 	window1: recordFrameIntervals = False
497.3278 	INFO 	Mouse: using default window
499.9354 	DATA 	Keypress: m
501.1019 	DATA 	Keypress: r
501.3699 	DATA 	Keypress: s
501.5145 	EXP 	New trial (rep=4, index=8): {'leftStreamFlip': False, 'oneTarget': False, 'trialInstructionPos': (0, -1), 'probe': 'both', 'rightStreamFlip': False, 'horizVert': False, 'ISIframes': 2, 'rightResponseFirst': False}
501.5341 	INFO 	numtrials=360 and this trialDurFrames=4 or 66.6666666667 ms  task=T1
502.6520 	EXP 	window1: recordFrameIntervals = False
502.6599 	INFO 	Mouse: using default window
504.5854 	DATA 	Keypress: n
505.6020 	DATA 	Keypress: f
506.1523 	DATA 	Keypress: y
506.2922 	EXP 	New trial (rep=4, index=9): {'leftStreamFlip': False, 'oneTarget': False, 'trialInstructionPos': (0, -1), 'probe': 'both', 'rightStreamFlip': False, 'horizVert': False, 'ISIframes': 2, 'rightResponseFirst': True}
506.3181 	INFO 	numtrials=360 and this trialDurFrames=4 or 66.6666666667 ms  task=T1
507.4688 	EXP 	window1: recordFrameIntervals = False
507.4783 	INFO 	Mouse: using default window
509.1853 	DATA 	Keypress: z
509.9524 	DATA 	Keypress: c
510.2687 	DATA 	Keypress: g
510.4075 	EXP 	New trial (rep=4, index=10): {'leftStreamFlip': False, 'oneTarget': False, 'trialInstructionPos': (0, -1), 'probe': 'both', 'rightStreamFlip': False, 'horizVert': False, 'ISIframes': 2, 'rightResponseFirst': False}
510.4341 	INFO 	numtrials=360 and this trialDurFrames=3 or 50.0 ms  task=T1
511.6186 	EXP 	window1: recordFrameIntervals = False
511.6289 	INFO 	Mouse: using default window
513.4353 	DATA 	Keypress: e
514.4022 	DATA 	Keypress: m
514.9547 	DATA 	Keypress: k
515.1089 	EXP 	New trial (rep=4, index=11): {'leftStreamFlip': False, 'oneTarget': False, 'trialInstructionPos': (0, -1), 'probe': 'both', 'rightStreamFlip': False, 'horizVert': False, 'ISIframes': 2, 'rightResponseFirst': True}
515.1342 	INFO 	numtrials=360 and this trialDurFrames=3 or 50.0 ms  task=T1
516.2182 	EXP 	window1: recordFrameIntervals = False
516.2269 	INFO 	Mouse: using default window
517.6186 	DATA 	Keypress: y
518.6188 	DATA 	Keypress: a
519.0686 	DATA 	Keypress: n
519.2092 	EXP 	New trial (rep=5, index=0): {'leftStreamFlip': False, 'oneTarget': False, 'trialInstructionPos': (0, -1), 'probe': 'both', 'rightStreamFlip': False, 'horizVert': False, 'ISIframes': 2, 'rightResponseFirst': True}
519.2346 	INFO 	numtrials=360 and this trialDurFrames=3 or 50.0 ms  task=T1
520.2017 	EXP 	window1: recordFrameIntervals = False
520.2102 	INFO 	Mouse: using default window
521.4189 	DATA 	Keypress: m
522.0355 	DATA 	Keypress: y
523.1355 	DATA 	Keypress: k
523.2743 	EXP 	New trial (rep=5, index=1): {'leftStreamFlip': False, 'oneTarget': False, 'trialInstructionPos': (0, 1), 'probe': 'both', 'rightStreamFlip': False, 'horizVert': False, 'ISIframes': 2, 'rightResponseFirst': True}
523.3012 	INFO 	numtrials=360 and this trialDurFrames=3 or 50.0 ms  task=T1
524.3686 	EXP 	window1: recordFrameIntervals = False
524.3773 	INFO 	Mouse: using default window
525.9353 	DATA 	Keypress: y
526.3519 	DATA 	Keypress: k
526.9859 	DATA 	Keypress: a
527.1278 	EXP 	New trial (rep=5, index=2): {'leftStreamFlip': False, 'oneTarget': False, 'trialInstructionPos': (0, 1), 'probe': 'both', 'rightStreamFlip': False, 'horizVert': False, 'ISIframes': 2, 'rightResponseFirst': False}
527.1511 	INFO 	numtrials=360 and this trialDurFrames=3 or 50.0 ms  task=T1
528.3518 	EXP 	window1: recordFrameIntervals = False
528.3603 	INFO 	Mouse: using default window
530.3354 	DATA 	Keypress: m
532.5386 	DATA 	Keypress: t
533.4354 	DATA 	Keypress: a
533.5760 	EXP 	New trial (rep=5, index=3): {'leftStreamFlip': False, 'oneTarget': False, 'trialInstructionPos': (0, 1), 'probe': 'both', 'rightStreamFlip': False, 'horizVert': False, 'ISIframes': 2, 'rightResponseFirst': False}
533.6016 	INFO 	numtrials=360 and this trialDurFrames=3 or 50.0 ms  task=T1
534.7519 	EXP 	window1: recordFrameIntervals = False
534.7609 	INFO 	Mouse: using default window
536.3022 	DATA 	Keypress: m
537.1687 	DATA 	Keypress: e
537.4520 	DATA 	Keypress: s
537.5927 	EXP 	New trial (rep=5, index=4): {'leftStreamFlip': False, 'oneTarget': False, 'trialInstructionPos': (0, 1), 'probe': 'both', 'rightStreamFlip': False, 'horizVert': False, 'ISIframes': 2, 'rightResponseFirst': False}
537.6182 	INFO 	numtrials=360 and this trialDurFrames=3 or 50.0 ms  task=T1
538.7686 	EXP 	window1: recordFrameIntervals = False
538.7777 	INFO 	Mouse: using default window
540.3853 	DATA 	Keypress: e
541.3858 	DATA 	Keypress: s
541.8853 	DATA 	Keypress: k
542.0267 	EXP 	New trial (rep=5, index=5): {'leftStreamFlip': False, 'oneTarget': False, 'trialInstructionPos': (0, -1), 'probe': 'both', 'rightStreamFlip': False, 'horizVert': False, 'ISIframes': 2, 'rightResponseFirst': False}
542.0516 	INFO 	numtrials=360 and this trialDurFrames=3 or 50.0 ms  task=T1
543.1851 	EXP 	window1: recordFrameIntervals = False
543.1944 	INFO 	Mouse: using default window
546.2190 	DATA 	Keypress: r
547.1521 	DATA 	Keypress: s
547.6687 	DATA 	Keypress: s
547.8106 	EXP 	New trial (rep=5, index=6): {'leftStreamFlip': False, 'oneTarget': False, 'trialInstructionPos': (0, -1), 'probe': 'both', 'rightStreamFlip': False, 'horizVert': False, 'ISIframes': 2, 'rightResponseFirst': True}
547.8346 	INFO 	numtrials=360 and this trialDurFrames=3 or 50.0 ms  task=T1
548.9017 	EXP 	window1: recordFrameIntervals = False
548.9107 	INFO 	Mouse: using default window
556.1353 	DATA 	Keypress: g
556.4861 	DATA 	Keypress: y
556.7688 	DATA 	Keypress: h
556.9124 	EXP 	New trial (rep=5, index=7): {'leftStreamFlip': False, 'oneTarget': False, 'trialInstructionPos': (0, 1), 'probe': 'both', 'rightStreamFlip': False, 'horizVert': False, 'ISIframes': 2, 'rightResponseFirst': True}
556.9348 	INFO 	numtrials=360 and this trialDurFrames=3 or 50.0 ms  task=T1
558.0520 	EXP 	window1: recordFrameIntervals = False
558.0600 	INFO 	Mouse: using default window
559.7354 	DATA 	Keypress: y
560.5856 	DATA 	Keypress: a
560.8687 	DATA 	Keypress: e
561.0306 	EXP 	New trial (rep=5, index=8): {'leftStreamFlip': False, 'oneTarget': False, 'trialInstructionPos': (0, -1), 'probe': 'both', 'rightStreamFlip': False, 'horizVert': False, 'ISIframes': 2, 'rightResponseFirst': True}
561.0513 	INFO 	numtrials=360 and this trialDurFrames=3 or 50.0 ms  task=T1
562.0186 	EXP 	window1: recordFrameIntervals = False
562.0278 	INFO 	Mouse: using default window
563.2354 	DATA 	Keypress: t
563.6854 	DATA 	Keypress: u
564.2521 	DATA 	Keypress: s
564.3938 	EXP 	New trial (rep=5, index=9): {'leftStreamFlip': False, 'oneTarget': False, 'trialInstructionPos': (0, 1), 'probe': 'both', 'rightStreamFlip': False, 'horizVert': False, 'ISIframes': 2, 'rightResponseFirst': True}
564.4179 	INFO 	numtrials=360 and this trialDurFrames=3 or 50.0 ms  task=T1
565.4684 	EXP 	window1: recordFrameIntervals = False
565.4769 	INFO 	Mouse: using default window
568.1188 	DATA 	Keypress: i
568.8357 	DATA 	Keypress: g
569.7188 	DATA 	Keypress: y
569.8597 	EXP 	New trial (rep=5, index=10): {'leftStreamFlip': False, 'oneTarget': False, 'trialInstructionPos': (0, -1), 'probe': 'both', 'rightStreamFlip': False, 'horizVert': False, 'ISIframes': 2, 'rightResponseFirst': False}
569.8844 	INFO 	numtrials=360 and this trialDurFrames=3 or 50.0 ms  task=T1
570.9351 	EXP 	window1: recordFrameIntervals = False
570.9437 	INFO 	Mouse: using default window
573.7861 	DATA 	Keypress: s
574.6190 	DATA 	Keypress: j
575.8195 	DATA 	Keypress: u
575.9604 	EXP 	New trial (rep=5, index=11): {'leftStreamFlip': False, 'oneTarget': False, 'trialInstructionPos': (0, -1), 'probe': 'both', 'rightStreamFlip': False, 'horizVert': False, 'ISIframes': 2, 'rightResponseFirst': False}
575.9846 	INFO 	numtrials=360 and this trialDurFrames=4 or 66.6666666667 ms  task=T1
577.1685 	EXP 	window1: recordFrameIntervals = False
577.1765 	INFO 	Mouse: using default window
578.3354 	DATA 	Keypress: a
579.3706 	DATA 	Keypress: k
580.2355 	DATA 	Keypress: f
580.3779 	EXP 	New trial (rep=6, index=0): {'leftStreamFlip': False, 'oneTarget': False, 'trialInstructionPos': (0, 1), 'probe': 'both', 'rightStreamFlip': False, 'horizVert': False, 'ISIframes': 2, 'rightResponseFirst': False}
580.4014 	INFO 	numtrials=360 and this trialDurFrames=4 or 66.6666666667 ms  task=T1
581.3851 	EXP 	window1: recordFrameIntervals = False
581.3937 	INFO 	Mouse: using default window
582.9022 	DATA 	Keypress: f
583.7860 	DATA 	Keypress: r
584.1386 	DATA 	Keypress: z
584.2916 	EXP 	New trial (rep=6, index=1): {'leftStreamFlip': False, 'oneTarget': False, 'trialInstructionPos': (0, -1), 'probe': 'both', 'rightStreamFlip': False, 'horizVert': False, 'ISIframes': 2, 'rightResponseFirst': True}
584.3182 	INFO 	numtrials=360 and this trialDurFrames=4 or 66.6666666667 ms  task=T1
585.4689 	EXP 	window1: recordFrameIntervals = False
585.4777 	INFO 	Mouse: using default window
586.8020 	DATA 	Keypress: j
587.4856 	DATA 	Keypress: u
588.1856 	DATA 	Keypress: a
588.3267 	EXP 	New trial (rep=6, index=2): {'leftStreamFlip': False, 'oneTarget': False, 'trialInstructionPos': (0, 1), 'probe': 'both', 'rightStreamFlip': False, 'horizVert': False, 'ISIframes': 2, 'rightResponseFirst': True}
588.3515 	INFO 	numtrials=360 and this trialDurFrames=4 or 66.6666666667 ms  task=T1
589.3517 	EXP 	window1: recordFrameIntervals = False
589.3603 	INFO 	Mouse: using default window
591.5187 	DATA 	Keypress: c
593.3020 	DATA 	Keypress: z
593.7020 	DATA 	Keypress: k
593.8427 	EXP 	New trial (rep=6, index=3): {'leftStreamFlip': False, 'oneTarget': False, 'trialInstructionPos': (0, 1), 'probe': 'both', 'rightStreamFlip': False, 'horizVert': False, 'ISIframes': 2, 'rightResponseFirst': True}
593.8683 	INFO 	numtrials=360 and this trialDurFrames=4 or 66.6666666667 ms  task=T1
595.0019 	EXP 	window1: recordFrameIntervals = False
595.0113 	INFO 	Mouse: using default window
596.6855 	DATA 	Keypress: h
597.6855 	DATA 	Keypress: m
598.2355 	DATA 	Keypress: r
598.3785 	EXP 	New trial (rep=6, index=4): {'leftStreamFlip': False, 'oneTarget': False, 'trialInstructionPos': (0, 1), 'probe': 'both', 'rightStreamFlip': False, 'horizVert': False, 'ISIframes': 2, 'rightResponseFirst': False}
598.4010 	INFO 	numtrials=360 and this trialDurFrames=3 or 50.0 ms  task=T1
599.5351 	EXP 	window1: recordFrameIntervals = False
599.5436 	INFO 	Mouse: using default window
601.9688 	DATA 	Keypress: y
602.5383 	DATA 	Keypress: m
603.2187 	DATA 	Keypress: s
603.3600 	EXP 	New trial (rep=6, index=5): {'leftStreamFlip': False, 'oneTarget': False, 'trialInstructionPos': (0, -1), 'probe': 'both', 'rightStreamFlip': False, 'horizVert': False, 'ISIframes': 2, 'rightResponseFirst': False}
603.3849 	INFO 	numtrials=360 and this trialDurFrames=3 or 50.0 ms  task=T1
604.4354 	EXP 	window1: recordFrameIntervals = False
604.4444 	INFO 	Mouse: using default window
605.7856 	DATA 	Keypress: c
606.3520 	DATA 	Keypress: u
606.5856 	DATA 	Keypress: c
606.7270 	EXP 	New trial (rep=6, index=6): {'leftStreamFlip': False, 'oneTarget': False, 'trialInstructionPos': (0, -1), 'probe': 'both', 'rightStreamFlip': False, 'horizVert': False, 'ISIframes': 2, 'rightResponseFirst': True}
606.7514 	INFO 	numtrials=360 and this trialDurFrames=3 or 50.0 ms  task=T1
607.8354 	EXP 	window1: recordFrameIntervals = False
607.8444 	INFO 	Mouse: using default window
609.7356 	DATA 	Keypress: t
610.5188 	DATA 	Keypress: a
611.9528 	DATA 	Keypress: n
612.0925 	EXP 	New trial (rep=6, index=7): {'leftStreamFlip': False, 'oneTarget': False, 'trialInstructionPos': (0, 1), 'probe': 'both', 'rightStreamFlip': False, 'horizVert': False, 'ISIframes': 2, 'rightResponseFirst': False}
612.1181 	INFO 	numtrials=360 and this trialDurFrames=3 or 50.0 ms  task=T1
613.1686 	EXP 	window1: recordFrameIntervals = False
613.1778 	INFO 	Mouse: using default window
614.6520 	DATA 	Keypress: c
615.7382 	DATA 	Keypress: e
616.0354 	DATA 	Keypress: t
616.1768 	EXP 	New trial (rep=6, index=8): {'leftStreamFlip': False, 'oneTarget': False, 'trialInstructionPos': (0, 1), 'probe': 'both', 'rightStreamFlip': False, 'horizVert': False, 'ISIframes': 2, 'rightResponseFirst': True}
616.2012 	INFO 	numtrials=360 and this trialDurFrames=3 or 50.0 ms  task=T1
617.2686 	EXP 	window1: recordFrameIntervals = False
617.2771 	INFO 	Mouse: using default window
619.3386 	DATA 	Keypress: g
620.5024 	DATA 	Keypress: z
621.3714 	DATA 	Keypress: y
621.5279 	EXP 	New trial (rep=6, index=9): {'leftStreamFlip': False, 'oneTarget': False, 'trialInstructionPos': (0, -1), 'probe': 'both', 'rightStreamFlip': False, 'horizVert': False, 'ISIframes': 2, 'rightResponseFirst': False}
621.5512 	INFO 	numtrials=360 and this trialDurFrames=3 or 50.0 ms  task=T1
622.7188 	EXP 	window1: recordFrameIntervals = False
622.7278 	INFO 	Mouse: using default window
624.1188 	DATA 	Keypress: k
625.0689 	DATA 	Keypress: z
625.8189 	DATA 	Keypress: m
625.9598 	EXP 	New trial (rep=6, index=10): {'leftStreamFlip': False, 'oneTarget': False, 'trialInstructionPos': (0, -1), 'probe': 'both', 'rightStreamFlip': False, 'horizVert': False, 'ISIframes': 2, 'rightResponseFirst': False}
625.9847 	INFO 	numtrials=360 and this trialDurFrames=3 or 50.0 ms  task=T1
627.0353 	EXP 	window1: recordFrameIntervals = False
627.0444 	INFO 	Mouse: using default window
628.5542 	DATA 	Keypress: s
629.6522 	DATA 	Keypress: j
629.9855 	DATA 	Keypress: m
630.1250 	EXP 	New trial (rep=6, index=11): {'leftStreamFlip': False, 'oneTarget': False, 'trialInstructionPos': (0, -1), 'probe': 'both', 'rightStreamFlip': False, 'horizVert': False, 'ISIframes': 2, 'rightResponseFirst': True}
630.1511 	INFO 	numtrials=360 and this trialDurFrames=3 or 50.0 ms  task=T1
631.1520 	EXP 	window1: recordFrameIntervals = False
631.1610 	INFO 	Mouse: using default window
633.3355 	DATA 	Keypress: g
633.8359 	DATA 	Keypress: y
634.2687 	DATA 	Keypress: a
634.4088 	EXP 	New trial (rep=7, index=0): {'leftStreamFlip': False, 'oneTarget': False, 'trialInstructionPos': (0, 1), 'probe': 'both', 'rightStreamFlip': False, 'horizVert': False, 'ISIframes': 2, 'rightResponseFirst': False}
634.4348 	INFO 	numtrials=360 and this trialDurFrames=3 or 50.0 ms  task=T1
635.4354 	EXP 	window1: recordFrameIntervals = False
635.4444 	INFO 	Mouse: using default window
637.8023 	DATA 	Keypress: k
638.1707 	DATA 	Keypress: u
638.4688 	DATA 	Keypress: j
638.6093 	EXP 	New trial (rep=7, index=1): {'leftStreamFlip': False, 'oneTarget': False, 'trialInstructionPos': (0, 1), 'probe': 'both', 'rightStreamFlip': False, 'horizVert': False, 'ISIframes': 2, 'rightResponseFirst': True}
638.6348 	INFO 	numtrials=360 and this trialDurFrames=3 or 50.0 ms  task=T1
639.7352 	EXP 	window1: recordFrameIntervals = False
639.7437 	INFO 	Mouse: using default window
641.1854 	DATA 	Keypress: x
641.8521 	DATA 	Keypress: j
642.2356 	DATA 	Keypress: e
642.3778 	EXP 	New trial (rep=7, index=2): {'leftStreamFlip': False, 'oneTarget': False, 'trialInstructionPos': (0, 1), 'probe': 'both', 'rightStreamFlip': False, 'horizVert': False, 'ISIframes': 2, 'rightResponseFirst': False}
642.4013 	INFO 	numtrials=360 and this trialDurFrames=4 or 66.6666666667 ms  task=T1
643.4353 	EXP 	window1: recordFrameIntervals = False
643.4444 	INFO 	Mouse: using default window
646.2365 	DATA 	Keypress: j
647.0689 	DATA 	Keypress: y
647.4690 	DATA 	Keypress: x
647.6095 	EXP 	New trial (rep=7, index=3): {'leftStreamFlip': False, 'oneTarget': False, 'trialInstructionPos': (0, -1), 'probe': 'both', 'rightStreamFlip': False, 'horizVert': False, 'ISIframes': 2, 'rightResponseFirst': False}
647.6346 	INFO 	numtrials=360 and this trialDurFrames=4 or 66.6666666667 ms  task=T1
648.8186 	EXP 	window1: recordFrameIntervals = False
648.8275 	INFO 	Mouse: using default window
650.2689 	DATA 	Keypress: j
651.2356 	DATA 	Keypress: f
651.6355 	DATA 	Keypress: s
651.7770 	EXP 	New trial (rep=7, index=4): {'leftStreamFlip': False, 'oneTarget': False, 'trialInstructionPos': (0, -1), 'probe': 'both', 'rightStreamFlip': False, 'horizVert': False, 'ISIframes': 2, 'rightResponseFirst': True}
651.8012 	INFO 	numtrials=360 and this trialDurFrames=4 or 66.6666666667 ms  task=T1
652.8853 	EXP 	window1: recordFrameIntervals = False
652.8934 	INFO 	Mouse: using default window
656.6856 	DATA 	Keypress: u
657.9355 	DATA 	Keypress: s
658.4521 	DATA 	Keypress: y
658.5954 	EXP 	New trial (rep=7, index=5): {'leftStreamFlip': False, 'oneTarget': False, 'trialInstructionPos': (0, 1), 'probe': 'both', 'rightStreamFlip': False, 'horizVert': False, 'ISIframes': 2, 'rightResponseFirst': True}
658.6180 	INFO 	numtrials=360 and this trialDurFrames=4 or 66.6666666667 ms  task=T1
659.7854 	EXP 	window1: recordFrameIntervals = False
659.7939 	INFO 	Mouse: using default window
661.2355 	DATA 	Keypress: a
661.7377 	DATA 	Keypress: a
662.1543 	DATA 	Keypress: a
662.3102 	EXP 	New trial (rep=7, index=6): {'leftStreamFlip': False, 'oneTarget': False, 'trialInstructionPos': (0, 1), 'probe': 'both', 'rightStreamFlip': False, 'horizVert': False, 'ISIframes': 2, 'rightResponseFirst': True}
662.3347 	INFO 	numtrials=360 and this trialDurFrames=4 or 66.6666666667 ms  task=T1
663.4853 	EXP 	window1: recordFrameIntervals = False
663.4938 	INFO 	Mouse: using default window
665.3189 	DATA 	Keypress: s
666.1188 	DATA 	Keypress: t
666.8857 	DATA 	Keypress: z
667.0260 	EXP 	New trial (rep=7, index=7): {'leftStreamFlip': False, 'oneTarget': False, 'trialInstructionPos': (0, -1), 'probe': 'both', 'rightStreamFlip': False, 'horizVert': False, 'ISIframes': 2, 'rightResponseFirst': True}
667.0512 	INFO 	numtrials=360 and this trialDurFrames=4 or 66.6666666667 ms  task=T1
668.1520 	EXP 	window1: recordFrameIntervals = False
668.1601 	INFO 	Mouse: using default window
669.9187 	DATA 	Keypress: f
671.7188 	DATA 	Keypress: f
673.0190 	DATA 	Keypress: o
673.1598 	EXP 	New trial (rep=7, index=8): {'leftStreamFlip': False, 'oneTarget': False, 'trialInstructionPos': (0, -1), 'probe': 'both', 'rightStreamFlip': False, 'horizVert': False, 'ISIframes': 2, 'rightResponseFirst': False}
673.1851 	INFO 	numtrials=360 and this trialDurFrames=4 or 66.6666666667 ms  task=T1
674.2852 	EXP 	window1: recordFrameIntervals = False
674.2932 	INFO 	Mouse: using default window
675.5029 	DATA 	Keypress: j
675.9356 	DATA 	Keypress: u
676.2023 	DATA 	Keypress: m
676.3423 	EXP 	New trial (rep=7, index=9): {'leftStreamFlip': False, 'oneTarget': False, 'trialInstructionPos': (0, 1), 'probe': 'both', 'rightStreamFlip': False, 'horizVert': False, 'ISIframes': 2, 'rightResponseFirst': False}
676.3682 	INFO 	numtrials=360 and this trialDurFrames=4 or 66.6666666667 ms  task=T1
677.3688 	EXP 	window1: recordFrameIntervals = False
677.3782 	INFO 	Mouse: using default window
679.0856 	DATA 	Keypress: f
679.8356 	DATA 	Keypress: j
680.2356 	DATA 	Keypress: r
680.3748 	EXP 	New trial (rep=7, index=10): {'leftStreamFlip': False, 'oneTarget': False, 'trialInstructionPos': (0, -1), 'probe': 'both', 'rightStreamFlip': False, 'horizVert': False, 'ISIframes': 2, 'rightResponseFirst': True}
680.4015 	INFO 	numtrials=360 and this trialDurFrames=4 or 66.6666666667 ms  task=T1
681.5186 	EXP 	window1: recordFrameIntervals = False
681.5271 	INFO 	Mouse: using default window
683.8689 	DATA 	Keypress: e
684.7689 	DATA 	Keypress: k
685.2688 	DATA 	Keypress: f
685.4093 	EXP 	New trial (rep=7, index=11): {'leftStreamFlip': False, 'oneTarget': False, 'trialInstructionPos': (0, -1), 'probe': 'both', 'rightStreamFlip': False, 'horizVert': False, 'ISIframes': 2, 'rightResponseFirst': False}
685.4349 	INFO 	numtrials=360 and this trialDurFrames=4 or 66.6666666667 ms  task=T1
686.6354 	EXP 	window1: recordFrameIntervals = False
686.6445 	INFO 	Mouse: using default window
688.0526 	DATA 	Keypress: u
689.1021 	DATA 	Keypress: j
689.8190 	DATA 	Keypress: s
689.9598 	EXP 	New trial (rep=8, index=0): {'leftStreamFlip': False, 'oneTarget': False, 'trialInstructionPos': (0, -1), 'probe': 'both', 'rightStreamFlip': False, 'horizVert': False, 'ISIframes': 2, 'rightResponseFirst': True}
689.9851 	INFO 	numtrials=360 and this trialDurFrames=4 or 66.6666666667 ms  task=T1
690.9853 	EXP 	window1: recordFrameIntervals = False
690.9937 	INFO 	Mouse: using default window
693.0863 	DATA 	Keypress: u
693.7021 	DATA 	Keypress: k
694.1694 	DATA 	Keypress: k
694.3304 	EXP 	New trial (rep=8, index=1): {'leftStreamFlip': False, 'oneTarget': False, 'trialInstructionPos': (0, 1), 'probe': 'both', 'rightStreamFlip': False, 'horizVert': False, 'ISIframes': 2, 'rightResponseFirst': False}
694.3514 	INFO 	numtrials=360 and this trialDurFrames=4 or 66.6666666667 ms  task=T1
695.3852 	EXP 	window1: recordFrameIntervals = False
695.3944 	INFO 	Mouse: using default window
696.4022 	DATA 	Keypress: k
697.2857 	DATA 	Keypress: z
697.9522 	DATA 	Keypress: u
698.0932 	EXP 	New trial (rep=8, index=2): {'leftStreamFlip': False, 'oneTarget': False, 'trialInstructionPos': (0, 1), 'probe': 'both', 'rightStreamFlip': False, 'horizVert': False, 'ISIframes': 2, 'rightResponseFirst': False}
698.1182 	INFO 	numtrials=360 and this trialDurFrames=3 or 50.0 ms  task=T1
699.1686 	EXP 	window1: recordFrameIntervals = False
699.1773 	INFO 	Mouse: using default window
700.9691 	DATA 	Keypress: m
702.2865 	DATA 	Keypress: h
702.8358 	DATA 	Keypress: j
702.9765 	EXP 	New trial (rep=8, index=3): {'leftStreamFlip': False, 'oneTarget': False, 'trialInstructionPos': (0, -1), 'probe': 'both', 'rightStreamFlip': False, 'horizVert': False, 'ISIframes': 2, 'rightResponseFirst': True}
703.0013 	INFO 	numtrials=360 and this trialDurFrames=3 or 50.0 ms  task=T1
704.0186 	EXP 	window1: recordFrameIntervals = False
704.0272 	INFO 	Mouse: using default window
706.1553 	DATA 	Keypress: t
707.6190 	DATA 	Keypress: f
708.2690 	DATA 	Keypress: c
708.4104 	EXP 	New trial (rep=8, index=4): {'leftStreamFlip': False, 'oneTarget': False, 'trialInstructionPos': (0, 1), 'probe': 'both', 'rightStreamFlip': False, 'horizVert': False, 'ISIframes': 2, 'rightResponseFirst': False}
708.4347 	INFO 	numtrials=360 and this trialDurFrames=3 or 50.0 ms  task=T1
709.4188 	EXP 	window1: recordFrameIntervals = False
709.4265 	INFO 	Mouse: using default window
713.8857 	DATA 	Keypress: t
714.1691 	DATA 	Keypress: y
714.5058 	DATA 	Keypress: g
714.6585 	EXP 	New trial (rep=8, index=5): {'leftStreamFlip': False, 'oneTarget': False, 'trialInstructionPos': (0, 1), 'probe': 'both', 'rightStreamFlip': False, 'horizVert': False, 'ISIframes': 2, 'rightResponseFirst': True}
714.6681 	INFO 	numtrials=360 and this trialDurFrames=3 or 50.0 ms  task=T1
715.6352 	EXP 	window1: recordFrameIntervals = False
715.6446 	INFO 	Mouse: using default window
717.2857 	DATA 	Keypress: f
718.4189 	DATA 	Keypress: j
719.0355 	DATA 	Keypress: m
719.1767 	EXP 	New trial (rep=8, index=6): {'leftStreamFlip': False, 'oneTarget': False, 'trialInstructionPos': (0, -1), 'probe': 'both', 'rightStreamFlip': False, 'horizVert': False, 'ISIframes': 2, 'rightResponseFirst': False}
719.2014 	INFO 	numtrials=360 and this trialDurFrames=4 or 66.6666666667 ms  task=T1
720.3021 	EXP 	window1: recordFrameIntervals = False
720.3117 	INFO 	Mouse: using default window
721.7859 	DATA 	Keypress: m
722.9379 	DATA 	Keypress: t
723.7522 	DATA 	Keypress: a
723.8928 	EXP 	New trial (rep=8, index=7): {'leftStreamFlip': False, 'oneTarget': False, 'trialInstructionPos': (0, 1), 'probe': 'both', 'rightStreamFlip': False, 'horizVert': False, 'ISIframes': 2, 'rightResponseFirst': True}
723.9184 	INFO 	numtrials=360 and this trialDurFrames=4 or 66.6666666667 ms  task=T1
725.0519 	EXP 	window1: recordFrameIntervals = False
725.0605 	INFO 	Mouse: using default window
726.6355 	DATA 	Keypress: z
727.5188 	DATA 	Keypress: r
728.0190 	DATA 	Keypress: h
728.1623 	EXP 	New trial (rep=8, index=8): {'leftStreamFlip': False, 'oneTarget': False, 'trialInstructionPos': (0, -1), 'probe': 'both', 'rightStreamFlip': False, 'horizVert': False, 'ISIframes': 2, 'rightResponseFirst': False}
728.1848 	INFO 	numtrials=360 and this trialDurFrames=3 or 50.0 ms  task=T1
729.3851 	EXP 	window1: recordFrameIntervals = False
729.3934 	INFO 	Mouse: using default window
730.9554 	DATA 	Keypress: k
731.7690 	DATA 	Keypress: c
732.2522 	DATA 	Keypress: j
732.3943 	EXP 	New trial (rep=8, index=9): {'leftStreamFlip': False, 'oneTarget': False, 'trialInstructionPos': (0, -1), 'probe': 'both', 'rightStreamFlip': False, 'horizVert': False, 'ISIframes': 2, 'rightResponseFirst': True}
732.4182 	INFO 	numtrials=360 and this trialDurFrames=4 or 66.6666666667 ms  task=T1
733.4020 	EXP 	window1: recordFrameIntervals = False
733.4107 	INFO 	Mouse: using default window
739.3083 	DATA 	Keypress: lctrl
739.5415 	DATA 	Keypress: lshift
739.7381 	DATA 	Keypress: z
739.7720 	INFO 	Stopping at 11:20 on 06 Aug 2018
739.7735 	ERROR 	user aborted experiment on keypress with trials done=105 of 361
739.7903 	INFO 	Program terminating normally.
