1.5412 	WARNING 	Monitor specification not found. Creating a temporary one...
37.9239 	EXP 	Created window1 = Window(allowGUI=False, allowStencil=False, autoLog=True, bitsMode=UNKNOWN, blendMode='avg', color=array([-0.7, -0.7, -0.7]), colorSpace='rgb', fullscr=UNKNOWN, gamma=None, lms=UNKNOWN, monitor=<psychopy.monitors.calibTools.Monitor object at 0x185743F0>, name='window1', pos=[0, 0], screen=0, size=array([1920, 1080]), stereo=False, units='deg', useFBO=False, useRetina=False, viewOri=0.0, viewPos=None, viewScale=None, waitBlanking=False, winType='pyglet')
37.9240 	INFO 	Mouse: using default window
37.9243 	EXP 	window1: units = 'norm'
38.0125 	EXP 	Created unnamed ImageStim = ImageStim(autoLog=True, color=array([ 1.,  1.,  1.]), colorSpace='rgb', contrast=1.0, depth=0, flipHoriz=False, flipVert=False, image=str(...), interpolate=False, mask=None, maskParams=None, name='unnamed ImageStim', opacity=1.0, ori=0.0, pos=array([-0.5,  0. ]), size=array([ 1.290625  ,  3.24814815]), texRes=128, units='norm', win=Window(...))
38.0935 	EXP 	Created unnamed ImageStim = ImageStim(autoLog=True, color=array([ 1.,  1.,  1.]), colorSpace='rgb', contrast=1.0, depth=0, flipHoriz=False, flipVert=False, image=str(...), interpolate=False, mask=None, maskParams=None, name='unnamed ImageStim', opacity=1.0, ori=0.0, pos=array([ 0.5,  0. ]), size=array([ 1.290625  ,  3.24814815]), texRes=128, units='norm', win=Window(...))
38.1118 	EXP 	Created OKrespZone = GratingStim(autoDraw=False, autoLog=True, color=array([ 1. ,  0.5,  0.5]), colorSpace='rgb', contrast=1.0, depth=0, interpolate=False, mask='gauss', maskParams=None, name='OKrespZone', opacity=1.0, ori=0.0, phase=array([ 0.,  0.]), pos=array([-0.2 , -0.92]), rgbPedestal=array([ 0.,  0.,  0.]), sf=array([ 0.,  0.]), size=array([ 2.3,  0.2]), tex='sin', texRes=256, units='norm', win=Window(...))
38.2928 	EXP 	unnamed ImageStim: size = (1, 2)
38.2928 	EXP 	unnamed ImageStim: size = (1, 2)
127.5735 	DATA 	Mouse: Left button down, pos=(950,53)
127.5894 	EXP 	window1: units = 'deg'
127.5900 	EXP 	window1: units = 'norm'
127.6100 	EXP 	Created OKrespZone = GratingStim(autoDraw=False, autoLog=True, color=array([ 1. ,  0.5,  0.5]), colorSpace='rgb', contrast=1.0, depth=0, interpolate=False, mask='gauss', maskParams=None, name='OKrespZone', opacity=1.0, ori=0.0, phase=array([ 0.,  0.]), pos=array([-0.2 , -0.92]), rgbPedestal=array([ 0.,  0.,  0.]), sf=array([ 0.,  0.]), size=array([ 2.3,  0.2]), tex='sin', texRes=256, units='norm', win=Window(...))
127.6960 	EXP 	Created unnamed ImageStim = ImageStim(autoLog=True, color=array([ 1.,  1.,  1.]), colorSpace='rgb', contrast=1.0, depth=0, flipHoriz=False, flipVert=False, image='abgdj\\PISandConsentForm\\consentForm.png', interpolate=False, mask=None, maskParams=None, name='unnamed ImageStim', opacity=1.0, ori=0.0, pos=array([ 0.,  0.]), size=array([ 1.3375    ,  2.97407407]), texRes=128, units='norm', win=Window(...))
127.7307 	EXP 	Created unnamed GratingStim = GratingStim(autoDraw=False, autoLog=True, color=array([ 1. ,  0.5,  0.5]), colorSpace='rgb', contrast=1.0, depth=0, interpolate=False, mask='gauss', maskParams=None, name='unnamed GratingStim', opacity=1.0, ori=0.0, phase=array([ 0.,  0.]), pos=array([-0.2 , -0.42]), rgbPedestal=array([ 0.,  0.,  0.]), sf=array([ 0.,  0.]), size=array([ 0.3,  0.2]), tex='sin', texRes=256, units='norm', win=Window(...))
127.7670 	EXP 	Created unnamed GratingStim = GratingStim(autoDraw=False, autoLog=True, color=array([ 1. ,  0.5,  0.5]), colorSpace='rgb', contrast=1.0, depth=0, interpolate=False, mask='gauss', maskParams=None, name='unnamed GratingStim', opacity=1.0, ori=0.0, phase=array([ 0.,  0.]), pos=array([ 0.1 , -0.42]), rgbPedestal=array([ 0.,  0.,  0.]), sf=array([ 0.,  0.]), size=array([ 0.3,  0.2]), tex='sin', texRes=256, units='norm', win=Window(...))
127.7863 	EXP 	Created unnamed GratingStim = GratingStim(autoDraw=False, autoLog=True, color=array([ 1. ,  0.5,  0.5]), colorSpace='rgb', contrast=1.0, depth=0, interpolate=False, mask='gauss', maskParams=None, name='unnamed GratingStim', opacity=1.0, ori=0.0, phase=array([ 0.,  0.]), pos=array([-0.2 , -0.72]), rgbPedestal=array([ 0.,  0.,  0.]), sf=array([ 0.,  0.]), size=array([ 0.3,  0.2]), tex='sin', texRes=256, units='norm', win=Window(...))
127.8065 	EXP 	Created unnamed GratingStim = GratingStim(autoDraw=False, autoLog=True, color=array([ 1. ,  0.5,  0.5]), colorSpace='rgb', contrast=1.0, depth=0, interpolate=False, mask='gauss', maskParams=None, name='unnamed GratingStim', opacity=1.0, ori=0.0, phase=array([ 0.,  0.]), pos=array([ 0.1 , -0.72]), rgbPedestal=array([ 0.,  0.,  0.]), sf=array([ 0.,  0.]), size=array([ 0.3,  0.2]), tex='sin', texRes=256, units='norm', win=Window(...))
127.8091 	DATA 	Mouse:  Left button up, pos=(950,53)
127.8146 	EXP 	unnamed ImageStim: size = (1.1, 2)
160.5405 	DATA 	Mouse: Left button down, pos=(782,304)
160.6744 	DATA 	Mouse:  Left button up, pos=(782,304)
171.9237 	DATA 	Mouse: Left button down, pos=(779,170)
172.0567 	DATA 	Mouse:  Left button up, pos=(779,170)
184.0067 	DATA 	Mouse: Left button down, pos=(769,53)
184.0230 	EXP 	window1: units = 'deg'
184.0280 	EXP 	window1: mouseVisible = True
208.5077 	EXP 	Created window1 = Window(allowGUI=False, allowStencil=False, autoLog=True, bitsMode=UNKNOWN, blendMode='avg', color=array([-0.7, -0.7, -0.7]), colorSpace='rgb', fullscr=UNKNOWN, gamma=None, lms=UNKNOWN, monitor=<psychopy.monitors.calibTools.Monitor object at 0x185743F0>, name='window1', pos=[0, 0], screen=0, size=array([1920, 1080]), stereo=False, units='deg', useFBO=False, useRetina=False, viewOri=0.0, viewPos=None, viewScale=None, waitBlanking=False, winType='pyglet')
213.3246 	INFO 	#[ PsychoPy2 RuntimeInfoStart ]
  #[[ PsychoPy ]] #---------
    psychopyVersion: 1.84.2
    psychopyHaveExtRush: True
  #[[ Experiment ]] #---------
    experimentAuthor: None
    experimentAuthVersion: None
    experimentRunTime: 2018_08_06 11:10 (Year_Month_Day Hour:Min)
    experimentRunTime.epoch: 1533517832
    experimentScript: psyc1002.py
    experimentScript.digestSHA1: 03993779484d600ea4c1b8cc2288f3d37a5025d5
    experimentScript.directory: U:\PSYC1002\abgdj
  #[[ System ]] #---------
    systemHaveInternetAccess: True
    systemHostName: W5FH4LG2
    systemLocale: English_United States.1252
    systemMemFreeRAM: 4138.23828125
    systemMemTotalRAM: 8076.9453125
    systemPlatform: windowsversion=sys.getwindowsversion(major=6, minor=2, build=9200, platform=2, service_pack='')
    systemPyo.InputDevices: {4: {'host api index': 2, 'latency': 0.008707483299076557, 'default sr': 44100, 'name': u'Realtek ASIO'}}
    systemPyo.OutputDevices: {0: {'host api index': 0, 'latency': 0.09000000357627869, 'default sr': 44100, 'name': u'Microsoft Sound Mapper - Output'}, 1: {'host api index': 0, 'latency': 0.09000000357627869, 'default sr': 44100, 'name': u'Speakers / Headphones (Realtek '}, 2: {'host api index': 1, 'latency': 0.11999999731779099, 'default sr': 44100, 'name': u'Primary Sound Driver'}, 3: {'host api index': 1, 'latency': 0.11999999731779099, 'default sr': 44100, 'name': u'Speakers / Headphones (Realtek High Definition Audio)'}, 4: {'host api index': 2, 'latency': 0.008707483299076557, 'default sr': 44100, 'name': u'Realtek ASIO'}, 5: {'host api index': 3, 'latency': 0.003000000026077032, 'default sr': 48000, 'name': u'Speakers / Headphones (Realtek High Definition Audio)'}}
    systemPyoVersion: 0.8.0
    systemRebooted: System Boot Time:          8/6/2018, 2:22:29 AM
    systemSec.pythonSSL: True
    systemTimeNumpySD1000000_sec: 0.0089
    systemUser: haun4840
    systemUserID: 1000
    systemUserProcCmdPid: LabStatsUserSpace.exe dwm.exe TiWorker.exe CmRcService.exe nierserver.exe LabStatsClient.exe tagsrv.exe SearchUI.exe OneDrive.exe nipxism.exe SettingSyncHost.exe WmiPrvSE.exe niLxiDiscovery.exe SecurityHealthService.exe redirector.exe SearchProtocolHost.exe server_admin.exe pc-client.exe lkads.exe svchost.exe smartscreen.exe ni_usbmon.exe AGSService.exe System SISIDSService.exe SelfServicePlugin.exe explorer.exe smss.exe ApplicationWebServer.exe RuntimeBroker.exe acrotray.exe niauth_daemon.exe cmd.exe nidmsrv.exe Receiver.exe SISIPSService.exe lktsrv.exe lsass.exe python.exe RtkNGUI64.exe sisipsutil.exe AdobeUpdateService.exe armsvc.exe ssonsvr.exe concentr.exe nidevldu.exe taskhostw.exe RAVBg64.exe ''Memory Compression'' NIWebServiceContainer.exe nimxs.exe RtkAudioService64.exe SystemWebServer.exe tasklist.exe snowagent.exe CcmExec.exe SearchFilterHost.exe SmcGui.exe nicitdl5.exe ''System Idle Process'' services.exe niDiscSvc.exe sqlwriter.exe MSASCuiL.exe SCNotification.exe nimdnsResponder.exe server_runtime.exe sihost.exe spoolsv.exe wininit.exe winlogon.exe ShellExperienceHost.exe nidevmon.exe SearchIndexer.exe csrss.exe TrustedInstaller.exe audiodg.exe fontdrvhost.exe unsecapp.exe ccSvcHst.exe wfcrun32.exe nisvcloc.exe server_eventlog.exe lkcitdl.exe AuthManSvr.exe conhost.exe
    systemUserProcCount: 177
    systemUserProcFlagged: Explorer
    systemUsersCount: False
  #[[ Window ]] #---------
    windowWinType: pyglet
    windowWaitBlanking: False
    windowUseNativeGamma: True
    windowUnits: deg
    windowSize_pix: [1920 1080]
    windowScreen: 0
    windowRgb: [-0.7 -0.7 -0.7]
    windowRefreshTimeSD_ms: 0.221
    windowRefreshTimeMedian_ms: 16.671
    windowRefreshTimeAvg_ms: 16.670
    windowRefreshThreshold_sec: 0.0200
    windowRecordFrameIntervals: False
    windowPos_pix: [0, 0]
    windowMonitor.name: testmonitor
    windowMonitor.getWidth_cm: 57.0
    windowMonitor.getLinearizeMethod: 1
    windowMonitor.getGammaGrid: [[  0.   1.   1.  nan  nan  nan]
 [  0.   1.   1.  nan  nan  nan]
 [  0.   1.   1.  nan  nan  nan]
 [  0.   1.   1.  nan  nan  nan]]
    windowMonitor.getDistance_cm: 57.0
    windowMonitor.gammaInterpolator2: None
    windowMonitor.gammaInterpolator: None
    windowMonitor.currentCalibName: 2018_08_06 11:07
    windowIsFullScr: True
    windowHaveShaders: True
    windowAllowGUI: False
  #[[ Python ]] #---------
    pythonWxVersion: 3.0.2.0 msw (classic)
    pythonVersion: 2.7.11
    pythonScipyVersion: 0.17.1
    pythonPygletVersion: 1.2.4
    pythonPygameVersion: 1.9.2pre
    pythonNumpyVersion: 1.11.0
    pythonMatplotlibVersion: 1.5.1
    pythonFullVersion: 2.7.11 (v2.7.11:6d1b6a68f775, Dec  5 2015, 20:32:19) [MSC v.1500 32 bit (Intel)]
    pythonExecutable: C:\Program Files (x86)\PsychoPy2\python.exe
  #[[ OpenGL ]] #---------
    openGLVersion: 4.4.0 - Build 21.20.16.4627
    openGLVendor: Intel
    openGLRenderingEngine: Intel(R) HD Graphics 530
    openGLmaxVerticesInVertexArray: 1048576
    False: openGLext.GL_STEREO
    True: openGLext.GL_EXT_framebuffer_object
    True: openGLext.GL_ARB_vertex_shader
    True: openGLext.GL_ARB_texture_non_power_of_two
    True: openGLext.GL_ARB_texture_float
    True: openGLext.GL_ARB_shader_objects
    True: openGLext.GL_ARB_multitexture
    True: openGLext.GL_ARB_fragment_program
#[ PsychoPy2 RuntimeInfoEnd ]

213.3730 	EXP 	window1: recordFrameIntervals = True
214.2064 	EXP 	window1: recordFrameIntervals = False
214.2068 	INFO 	Frames per second ~=60.2, which is close enough to desired val of 60.0
214.4065 	EXP 	Created sequence: random, trialTypes=12, nReps=30, seed=None
214.5361 	INFO 	Mouse: using default window
214.5549 	EXP 	Created OKrespZone = GratingStim(autoDraw=False, autoLog=True, color=array([ 1.,  1.,  1.]), colorSpace='rgb', contrast=1.0, depth=0, interpolate=False, mask='gauss', maskParams=None, name='OKrespZone', opacity=1.0, ori=0.0, phase=array([ 0.,  0.]), pos=array([ 0.  ,  0.88]), rgbPedestal=array([ 0.,  0.,  0.]), sf=array([ 0.,  0.]), size=array([ 2. ,  0.2]), tex='sin', texRes=256, units='norm', win=Window(...))
238.6590 	DATA 	Mouse: Left button down, pos=(496,743)
238.7709 	DATA 	Mouse:  Left button up, pos=(496,743)
244.4829 	DATA 	Mouse: Left button down, pos=(747,602)
244.6109 	DATA 	Mouse:  Left button up, pos=(747,602)
261.1711 	DATA 	Mouse: Left button down, pos=(1307,898)
261.2910 	DATA 	Mouse:  Left button up, pos=(1314,889)
272.6269 	DATA 	Mouse: Left button down, pos=(1749,673)
272.7469 	DATA 	Mouse:  Left button up, pos=(1750,674)
274.4190 	DATA 	Mouse: Left button down, pos=(1793,746)
274.5469 	DATA 	Mouse:  Left button up, pos=(1793,746)
301.6749 	DATA 	Mouse: Left button down, pos=(1743,182)
301.7870 	DATA 	Mouse:  Left button up, pos=(1743,182)
303.1550 	DATA 	Mouse: Left button down, pos=(1748,112)
303.2589 	DATA 	Mouse:  Left button up, pos=(1748,112)
316.7790 	DATA 	Mouse: Left button down, pos=(118,480)
316.8669 	DATA 	Mouse:  Left button up, pos=(118,480)
325.6510 	DATA 	Mouse: Left button down, pos=(538,408)
325.7949 	DATA 	Mouse:  Left button up, pos=(538,408)
327.1950 	DATA 	Mouse: Left button down, pos=(493,463)
327.3309 	DATA 	Mouse:  Left button up, pos=(493,463)
329.4990 	DATA 	Mouse: Left button down, pos=(1047,1021)
329.5235 	INFO 	Experiment will have 360 trials. Letters will be drawn with superposed noise of 0.00%
329.5363 	EXP 	New trial (rep=0, index=0): {'leftStreamFlip': False, 'oneTarget': False, 'trialInstructionPos': (0, 1), 'probe': 'both', 'rightStreamFlip': False, 'horizVert': False, 'ISIframes': 2, 'rightResponseFirst': False}
329.5364 	INFO 	Starting main part of experiment
329.6743 	DATA 	Mouse:  Left button up, pos=(1047,1021)
330.7233 	INFO 	numtrials=360 and this trialDurFrames=28 or 466.666666667 ms  task=T1
332.7567 	EXP 	window1: recordFrameIntervals = False
332.7670 	INFO 	Mouse: using default window
339.8921 	DATA 	Keypress: lshift
340.1738 	DATA 	Keypress: c
342.8572 	DATA 	Keypress: lshift
343.0918 	DATA 	Keypress: k
344.1904 	DATA 	Keypress: lshift
344.8238 	DATA 	Keypress: t
344.9933 	EXP 	New trial (rep=0, index=1): {'leftStreamFlip': False, 'oneTarget': False, 'trialInstructionPos': (0, -1), 'probe': 'both', 'rightStreamFlip': False, 'horizVert': False, 'ISIframes': 2, 'rightResponseFirst': True}
352.9404 	DATA 	Mouse: Left button down, pos=(1047,1021)
353.1403 	DATA 	Mouse:  Left button up, pos=(1047,1021)
354.5065 	INFO 	numtrials=360 and this trialDurFrames=22 or 366.666666667 ms  task=T1
356.3067 	EXP 	window1: recordFrameIntervals = False
356.3141 	INFO 	Mouse: using default window
359.0904 	DATA 	Keypress: r
361.0403 	DATA 	Keypress: n
361.8078 	DATA 	Keypress: j
361.9506 	EXP 	New trial (rep=0, index=2): {'leftStreamFlip': False, 'oneTarget': False, 'trialInstructionPos': (0, 1), 'probe': 'both', 'rightStreamFlip': False, 'horizVert': False, 'ISIframes': 2, 'rightResponseFirst': False}
361.9574 	INFO 	numtrials=360 and this trialDurFrames=18 or 300.0 ms  task=T1
363.8734 	EXP 	window1: recordFrameIntervals = False
363.8809 	INFO 	Mouse: using default window
367.0403 	DATA 	Keypress: u
368.9740 	DATA 	Keypress: e
369.9408 	DATA 	Keypress: j
370.0806 	EXP 	New trial (rep=0, index=3): {'leftStreamFlip': False, 'oneTarget': False, 'trialInstructionPos': (0, 1), 'probe': 'both', 'rightStreamFlip': False, 'horizVert': False, 'ISIframes': 2, 'rightResponseFirst': True}
370.0902 	INFO 	numtrials=360 and this trialDurFrames=18 or 300.0 ms  task=T1
371.3565 	EXP 	window1: recordFrameIntervals = False
371.3637 	INFO 	Mouse: using default window
375.6072 	DATA 	Keypress: f
376.7408 	DATA 	Keypress: s
377.6745 	DATA 	Keypress: j
377.8156 	EXP 	New trial (rep=0, index=4): {'leftStreamFlip': False, 'oneTarget': False, 'trialInstructionPos': (0, 1), 'probe': 'both', 'rightStreamFlip': False, 'horizVert': False, 'ISIframes': 2, 'rightResponseFirst': True}
381.2074 	DATA 	Mouse: Left button down, pos=(1047,1021)
381.3570 	DATA 	Mouse:  Left button up, pos=(1047,1021)
385.9574 	DATA 	Keypress: space
385.9900 	INFO 	numtrials=360 and this trialDurFrames=14 or 233.333333333 ms  task=T1
387.3236 	EXP 	window1: recordFrameIntervals = False
387.3306 	INFO 	Mouse: using default window
398.5074 	DATA 	Keypress: z
399.8575 	DATA 	Keypress: s
400.8572 	DATA 	Keypress: e
400.9979 	EXP 	New trial (rep=0, index=5): {'leftStreamFlip': False, 'oneTarget': False, 'trialInstructionPos': (0, -1), 'probe': 'both', 'rightStreamFlip': False, 'horizVert': False, 'ISIframes': 2, 'rightResponseFirst': False}
401.0235 	INFO 	numtrials=360 and this trialDurFrames=4 or 66.6666666667 ms  task=T1
402.0732 	EXP 	window1: recordFrameIntervals = False
402.0804 	INFO 	Mouse: using default window
404.2741 	DATA 	Keypress: c
411.1081 	DATA 	Keypress: k
412.6074 	DATA 	Keypress: m
412.7483 	EXP 	New trial (rep=0, index=6): {'leftStreamFlip': False, 'oneTarget': False, 'trialInstructionPos': (0, -1), 'probe': 'both', 'rightStreamFlip': False, 'horizVert': False, 'ISIframes': 2, 'rightResponseFirst': False}
412.7741 	INFO 	numtrials=360 and this trialDurFrames=5 or 83.3333333333 ms  task=T1
413.8231 	EXP 	window1: recordFrameIntervals = False
413.8305 	INFO 	Mouse: using default window
417.5089 	DATA 	Keypress: h
418.5908 	DATA 	Keypress: r
419.2405 	DATA 	Keypress: r
419.3810 	EXP 	New trial (rep=0, index=7): {'leftStreamFlip': False, 'oneTarget': False, 'trialInstructionPos': (0, -1), 'probe': 'both', 'rightStreamFlip': False, 'horizVert': False, 'ISIframes': 2, 'rightResponseFirst': True}
419.3903 	INFO 	numtrials=360 and this trialDurFrames=4 or 66.6666666667 ms  task=T1
420.4567 	EXP 	window1: recordFrameIntervals = False
420.4642 	INFO 	Mouse: using default window
422.6404 	DATA 	Keypress: m
423.9571 	DATA 	Keypress: e
424.9408 	DATA 	Keypress: z
425.0801 	EXP 	New trial (rep=0, index=8): {'leftStreamFlip': False, 'oneTarget': False, 'trialInstructionPos': (0, 1), 'probe': 'both', 'rightStreamFlip': False, 'horizVert': False, 'ISIframes': 2, 'rightResponseFirst': True}
425.0902 	INFO 	numtrials=360 and this trialDurFrames=4 or 66.6666666667 ms  task=T1
426.1898 	EXP 	window1: recordFrameIntervals = False
426.1978 	INFO 	Mouse: using default window
429.5088 	DATA 	Keypress: c
431.4240 	DATA 	Keypress: z
431.9246 	DATA 	Keypress: y
432.0618 	EXP 	New trial (rep=0, index=9): {'leftStreamFlip': False, 'oneTarget': False, 'trialInstructionPos': (0, -1), 'probe': 'both', 'rightStreamFlip': False, 'horizVert': False, 'ISIframes': 2, 'rightResponseFirst': False}
432.0736 	INFO 	numtrials=360 and this trialDurFrames=4 or 66.6666666667 ms  task=T1
433.2403 	EXP 	window1: recordFrameIntervals = False
433.2471 	INFO 	Mouse: using default window
436.2921 	DATA 	Keypress: y
437.4737 	DATA 	Keypress: r
438.5408 	DATA 	Keypress: f
438.6788 	EXP 	New trial (rep=0, index=10): {'leftStreamFlip': False, 'oneTarget': False, 'trialInstructionPos': (0, -1), 'probe': 'both', 'rightStreamFlip': False, 'horizVert': False, 'ISIframes': 2, 'rightResponseFirst': True}
438.6901 	INFO 	numtrials=360 and this trialDurFrames=4 or 66.6666666667 ms  task=T1
439.8402 	EXP 	window1: recordFrameIntervals = False
439.8474 	INFO 	Mouse: using default window
442.3739 	DATA 	Keypress: k
444.6242 	DATA 	Keypress: u
445.5406 	DATA 	Keypress: f
445.6822 	EXP 	New trial (rep=0, index=11): {'leftStreamFlip': False, 'oneTarget': False, 'trialInstructionPos': (0, 1), 'probe': 'both', 'rightStreamFlip': False, 'horizVert': False, 'ISIframes': 2, 'rightResponseFirst': False}
445.7065 	INFO 	numtrials=360 and this trialDurFrames=3 or 50.0 ms  task=T1
446.8735 	EXP 	window1: recordFrameIntervals = False
446.8807 	INFO 	Mouse: using default window
450.7081 	DATA 	Keypress: f
450.9745 	DATA 	Keypress: g
451.4075 	DATA 	Keypress: i
451.5442 	EXP 	New trial (rep=1, index=0): {'leftStreamFlip': False, 'oneTarget': False, 'trialInstructionPos': (0, 1), 'probe': 'both', 'rightStreamFlip': False, 'horizVert': False, 'ISIframes': 2, 'rightResponseFirst': False}
451.5564 	INFO 	numtrials=360 and this trialDurFrames=4 or 66.6666666667 ms  task=T1
452.6399 	EXP 	window1: recordFrameIntervals = False
452.6475 	INFO 	Mouse: using default window
455.1084 	DATA 	Keypress: r
455.9407 	DATA 	Keypress: y
456.8740 	DATA 	Keypress: f
457.0137 	EXP 	New trial (rep=1, index=1): {'leftStreamFlip': False, 'oneTarget': False, 'trialInstructionPos': (0, -1), 'probe': 'both', 'rightStreamFlip': False, 'horizVert': False, 'ISIframes': 2, 'rightResponseFirst': False}
457.0402 	INFO 	numtrials=360 and this trialDurFrames=4 or 66.6666666667 ms  task=T1
458.2068 	EXP 	window1: recordFrameIntervals = False
458.2141 	INFO 	Mouse: using default window
463.1569 	DATA 	Keypress: z
464.1575 	DATA 	Keypress: c
465.0241 	DATA 	Keypress: y
465.1620 	EXP 	New trial (rep=1, index=2): {'leftStreamFlip': False, 'oneTarget': False, 'trialInstructionPos': (0, 1), 'probe': 'both', 'rightStreamFlip': False, 'horizVert': False, 'ISIframes': 2, 'rightResponseFirst': False}
465.1736 	INFO 	numtrials=360 and this trialDurFrames=3 or 50.0 ms  task=T1
466.3232 	EXP 	window1: recordFrameIntervals = False
466.3308 	INFO 	Mouse: using default window
468.5410 	DATA 	Keypress: f
468.7908 	DATA 	Keypress: y
469.1572 	DATA 	Keypress: k
469.2953 	EXP 	New trial (rep=1, index=3): {'leftStreamFlip': False, 'oneTarget': False, 'trialInstructionPos': (0, -1), 'probe': 'both', 'rightStreamFlip': False, 'horizVert': False, 'ISIframes': 2, 'rightResponseFirst': True}
469.3068 	INFO 	numtrials=360 and this trialDurFrames=4 or 66.6666666667 ms  task=T1
470.3569 	EXP 	window1: recordFrameIntervals = False
470.3641 	INFO 	Mouse: using default window
473.2078 	DATA 	Keypress: z
473.8753 	DATA 	Keypress: n
474.4572 	DATA 	Keypress: s
474.5963 	EXP 	New trial (rep=1, index=4): {'leftStreamFlip': False, 'oneTarget': False, 'trialInstructionPos': (0, 1), 'probe': 'both', 'rightStreamFlip': False, 'horizVert': False, 'ISIframes': 2, 'rightResponseFirst': True}
474.6067 	INFO 	numtrials=360 and this trialDurFrames=4 or 66.6666666667 ms  task=T1
475.7570 	EXP 	window1: recordFrameIntervals = False
475.7642 	INFO 	Mouse: using default window
478.6741 	DATA 	Keypress: g
479.0072 	DATA 	Keypress: u
479.7239 	DATA 	Keypress: y
479.8615 	EXP 	New trial (rep=1, index=5): {'leftStreamFlip': False, 'oneTarget': False, 'trialInstructionPos': (0, -1), 'probe': 'both', 'rightStreamFlip': False, 'horizVert': False, 'ISIframes': 2, 'rightResponseFirst': True}
479.8735 	INFO 	numtrials=360 and this trialDurFrames=4 or 66.6666666667 ms  task=T1
481.0234 	EXP 	window1: recordFrameIntervals = False
481.0309 	INFO 	Mouse: using default window
485.7077 	DATA 	Keypress: y
487.3741 	DATA 	Keypress: z
487.8740 	DATA 	Keypress: h
488.0130 	EXP 	New trial (rep=1, index=6): {'leftStreamFlip': False, 'oneTarget': False, 'trialInstructionPos': (0, -1), 'probe': 'both', 'rightStreamFlip': False, 'horizVert': False, 'ISIframes': 2, 'rightResponseFirst': False}
488.0235 	INFO 	numtrials=360 and this trialDurFrames=4 or 66.6666666667 ms  task=T1
489.1403 	EXP 	window1: recordFrameIntervals = False
489.1473 	INFO 	Mouse: using default window
491.8238 	DATA 	Keypress: c
492.7408 	DATA 	Keypress: e
493.0241 	DATA 	Keypress: z
493.1632 	EXP 	New trial (rep=1, index=7): {'leftStreamFlip': False, 'oneTarget': False, 'trialInstructionPos': (0, 1), 'probe': 'both', 'rightStreamFlip': False, 'horizVert': False, 'ISIframes': 2, 'rightResponseFirst': False}
493.1734 	INFO 	numtrials=360 and this trialDurFrames=4 or 66.6666666667 ms  task=T1
494.3237 	EXP 	window1: recordFrameIntervals = False
494.3310 	INFO 	Mouse: using default window
497.1242 	DATA 	Keypress: a
498.4409 	DATA 	Keypress: k
498.7739 	DATA 	Keypress: n
498.9135 	EXP 	New trial (rep=1, index=8): {'leftStreamFlip': False, 'oneTarget': False, 'trialInstructionPos': (0, 1), 'probe': 'both', 'rightStreamFlip': False, 'horizVert': False, 'ISIframes': 2, 'rightResponseFirst': True}
498.9239 	INFO 	numtrials=360 and this trialDurFrames=4 or 66.6666666667 ms  task=T1
499.9732 	EXP 	window1: recordFrameIntervals = False
499.9809 	INFO 	Mouse: using default window
502.1405 	DATA 	Keypress: m
503.3074 	DATA 	Keypress: g
503.7409 	DATA 	Keypress: y
503.8787 	EXP 	New trial (rep=1, index=9): {'leftStreamFlip': False, 'oneTarget': False, 'trialInstructionPos': (0, 1), 'probe': 'both', 'rightStreamFlip': False, 'horizVert': False, 'ISIframes': 2, 'rightResponseFirst': True}
503.8904 	INFO 	numtrials=360 and this trialDurFrames=3 or 50.0 ms  task=T1
505.0402 	EXP 	window1: recordFrameIntervals = False
505.0474 	INFO 	Mouse: using default window
510.2742 	DATA 	Keypress: s
512.2741 	DATA 	Keypress: e
512.5742 	DATA 	Keypress: t
512.7131 	EXP 	New trial (rep=1, index=10): {'leftStreamFlip': False, 'oneTarget': False, 'trialInstructionPos': (0, -1), 'probe': 'both', 'rightStreamFlip': False, 'horizVert': False, 'ISIframes': 2, 'rightResponseFirst': False}
512.7236 	INFO 	numtrials=360 and this trialDurFrames=3 or 50.0 ms  task=T1
513.7403 	EXP 	window1: recordFrameIntervals = False
513.7475 	INFO 	Mouse: using default window
518.2242 	DATA 	Keypress: x
519.9576 	DATA 	Keypress: z
520.9239 	DATA 	Keypress: y
521.0625 	EXP 	New trial (rep=1, index=11): {'leftStreamFlip': False, 'oneTarget': False, 'trialInstructionPos': (0, -1), 'probe': 'both', 'rightStreamFlip': False, 'horizVert': False, 'ISIframes': 2, 'rightResponseFirst': True}
521.0737 	INFO 	numtrials=360 and this trialDurFrames=3 or 50.0 ms  task=T1
522.2567 	EXP 	window1: recordFrameIntervals = False
522.2638 	INFO 	Mouse: using default window
526.8414 	DATA 	Keypress: h
527.4575 	DATA 	Keypress: u
528.1242 	DATA 	Keypress: k
528.2632 	EXP 	New trial (rep=2, index=0): {'leftStreamFlip': False, 'oneTarget': False, 'trialInstructionPos': (0, -1), 'probe': 'both', 'rightStreamFlip': False, 'horizVert': False, 'ISIframes': 2, 'rightResponseFirst': True}
528.2737 	INFO 	numtrials=360 and this trialDurFrames=3 or 50.0 ms  task=T1
529.2740 	EXP 	window1: recordFrameIntervals = False
529.2808 	INFO 	Mouse: using default window
531.6741 	DATA 	Keypress: z
533.2741 	DATA 	Keypress: s
534.0579 	DATA 	Keypress: e
534.1969 	EXP 	New trial (rep=2, index=1): {'leftStreamFlip': False, 'oneTarget': False, 'trialInstructionPos': (0, -1), 'probe': 'both', 'rightStreamFlip': False, 'horizVert': False, 'ISIframes': 2, 'rightResponseFirst': False}
534.2070 	INFO 	numtrials=360 and this trialDurFrames=3 or 50.0 ms  task=T1
535.4069 	EXP 	window1: recordFrameIntervals = False
535.4144 	INFO 	Mouse: using default window
537.8408 	DATA 	Keypress: g
537.9408 	DATA 	Keypress: j
538.5742 	DATA 	Keypress: h
538.7130 	EXP 	New trial (rep=2, index=2): {'leftStreamFlip': False, 'oneTarget': False, 'trialInstructionPos': (0, -1), 'probe': 'both', 'rightStreamFlip': False, 'horizVert': False, 'ISIframes': 2, 'rightResponseFirst': True}
538.7235 	INFO 	numtrials=360 and this trialDurFrames=4 or 66.6666666667 ms  task=T1
539.8072 	EXP 	window1: recordFrameIntervals = False
539.8149 	INFO 	Mouse: using default window
542.0909 	DATA 	Keypress: e
543.2409 	DATA 	Keypress: a
543.6241 	DATA 	Keypress: r
543.7625 	EXP 	New trial (rep=2, index=3): {'leftStreamFlip': False, 'oneTarget': False, 'trialInstructionPos': (0, 1), 'probe': 'both', 'rightStreamFlip': False, 'horizVert': False, 'ISIframes': 2, 'rightResponseFirst': False}
543.7737 	INFO 	numtrials=360 and this trialDurFrames=4 or 66.6666666667 ms  task=T1
544.7900 	EXP 	window1: recordFrameIntervals = False
544.7983 	INFO 	Mouse: using default window
547.3742 	DATA 	Keypress: g
549.6241 	DATA 	Keypress: y
551.7411 	DATA 	Keypress: s
551.8806 	EXP 	New trial (rep=2, index=4): {'leftStreamFlip': False, 'oneTarget': False, 'trialInstructionPos': (0, 1), 'probe': 'both', 'rightStreamFlip': False, 'horizVert': False, 'ISIframes': 2, 'rightResponseFirst': False}
551.8907 	INFO 	numtrials=360 and this trialDurFrames=4 or 66.6666666667 ms  task=T1
552.9237 	EXP 	window1: recordFrameIntervals = False
552.9310 	INFO 	Mouse: using default window
555.4591 	DATA 	Keypress: n
556.7574 	DATA 	Keypress: e
558.7743 	DATA 	Keypress: r
558.9127 	EXP 	New trial (rep=2, index=5): {'leftStreamFlip': False, 'oneTarget': False, 'trialInstructionPos': (0, -1), 'probe': 'both', 'rightStreamFlip': False, 'horizVert': False, 'ISIframes': 2, 'rightResponseFirst': False}
558.9235 	INFO 	numtrials=360 and this trialDurFrames=4 or 66.6666666667 ms  task=T1
559.9571 	EXP 	window1: recordFrameIntervals = False
559.9643 	INFO 	Mouse: using default window
561.9087 	DATA 	Keypress: r
562.2241 	DATA 	Keypress: y
562.5575 	DATA 	Keypress: h
562.6958 	EXP 	New trial (rep=2, index=6): {'leftStreamFlip': False, 'oneTarget': False, 'trialInstructionPos': (0, 1), 'probe': 'both', 'rightStreamFlip': False, 'horizVert': False, 'ISIframes': 2, 'rightResponseFirst': True}
562.7071 	INFO 	numtrials=360 and this trialDurFrames=4 or 66.6666666667 ms  task=T1
563.9069 	EXP 	window1: recordFrameIntervals = False
563.9143 	INFO 	Mouse: using default window
568.0576 	DATA 	Keypress: j
569.4409 	DATA 	Keypress: c
570.1072 	DATA 	Keypress: g
570.2480 	EXP 	New trial (rep=2, index=7): {'leftStreamFlip': False, 'oneTarget': False, 'trialInstructionPos': (0, 1), 'probe': 'both', 'rightStreamFlip': False, 'horizVert': False, 'ISIframes': 2, 'rightResponseFirst': True}
570.2586 	INFO 	numtrials=360 and this trialDurFrames=4 or 66.6666666667 ms  task=T1
571.4402 	EXP 	window1: recordFrameIntervals = False
571.4480 	INFO 	Mouse: using default window
573.6241 	DATA 	Keypress: f
574.7742 	DATA 	Keypress: b
575.6911 	DATA 	Keypress: u
575.8298 	EXP 	New trial (rep=2, index=8): {'leftStreamFlip': False, 'oneTarget': False, 'trialInstructionPos': (0, 1), 'probe': 'both', 'rightStreamFlip': False, 'horizVert': False, 'ISIframes': 2, 'rightResponseFirst': True}
575.8406 	INFO 	numtrials=360 and this trialDurFrames=4 or 66.6666666667 ms  task=T1
576.9738 	EXP 	window1: recordFrameIntervals = False
576.9813 	INFO 	Mouse: using default window
580.2079 	DATA 	Keypress: s
580.9916 	DATA 	Keypress: t
581.9079 	DATA 	Keypress: z
582.0463 	EXP 	New trial (rep=2, index=9): {'leftStreamFlip': False, 'oneTarget': False, 'trialInstructionPos': (0, -1), 'probe': 'both', 'rightStreamFlip': False, 'horizVert': False, 'ISIframes': 2, 'rightResponseFirst': False}
582.0568 	INFO 	numtrials=360 and this trialDurFrames=4 or 66.6666666667 ms  task=T1
583.1570 	EXP 	window1: recordFrameIntervals = False
583.1642 	INFO 	Mouse: using default window
588.5911 	DATA 	Keypress: j
589.4574 	DATA 	Keypress: j
590.2075 	DATA 	Keypress: s
590.3472 	EXP 	New trial (rep=2, index=10): {'leftStreamFlip': False, 'oneTarget': False, 'trialInstructionPos': (0, 1), 'probe': 'both', 'rightStreamFlip': False, 'horizVert': False, 'ISIframes': 2, 'rightResponseFirst': False}
590.3574 	INFO 	numtrials=360 and this trialDurFrames=4 or 66.6666666667 ms  task=T1
591.4070 	EXP 	window1: recordFrameIntervals = False
591.4142 	INFO 	Mouse: using default window
594.0409 	DATA 	Keypress: g
595.1743 	DATA 	Keypress: k
596.0574 	DATA 	Keypress: e
596.1967 	EXP 	New trial (rep=2, index=11): {'leftStreamFlip': False, 'oneTarget': False, 'trialInstructionPos': (0, -1), 'probe': 'both', 'rightStreamFlip': False, 'horizVert': False, 'ISIframes': 2, 'rightResponseFirst': True}
596.2079 	INFO 	numtrials=360 and this trialDurFrames=4 or 66.6666666667 ms  task=T1
597.3902 	EXP 	window1: recordFrameIntervals = False
597.3978 	INFO 	Mouse: using default window
599.8074 	DATA 	Keypress: c
600.5574 	DATA 	Keypress: e
601.8923 	DATA 	Keypress: e
602.0468 	EXP 	New trial (rep=3, index=0): {'leftStreamFlip': False, 'oneTarget': False, 'trialInstructionPos': (0, -1), 'probe': 'both', 'rightStreamFlip': False, 'horizVert': False, 'ISIframes': 2, 'rightResponseFirst': False}
602.0570 	INFO 	numtrials=360 and this trialDurFrames=4 or 66.6666666667 ms  task=T1
603.2407 	EXP 	window1: recordFrameIntervals = False
603.2481 	INFO 	Mouse: using default window
610.2755 	DATA 	Keypress: y
611.4414 	DATA 	Keypress: z
612.3746 	DATA 	Keypress: k
612.5118 	EXP 	New trial (rep=3, index=1): {'leftStreamFlip': False, 'oneTarget': False, 'trialInstructionPos': (0, -1), 'probe': 'both', 'rightStreamFlip': False, 'horizVert': False, 'ISIframes': 2, 'rightResponseFirst': True}
612.5238 	INFO 	numtrials=360 and this trialDurFrames=4 or 66.6666666667 ms  task=T1
613.5239 	EXP 	window1: recordFrameIntervals = False
613.5311 	INFO 	Mouse: using default window
616.8574 	DATA 	Keypress: u
618.4074 	DATA 	Keypress: n
618.9909 	DATA 	Keypress: e
619.1290 	EXP 	New trial (rep=3, index=2): {'leftStreamFlip': False, 'oneTarget': False, 'trialInstructionPos': (0, -1), 'probe': 'both', 'rightStreamFlip': False, 'horizVert': False, 'ISIframes': 2, 'rightResponseFirst': False}
619.1406 	INFO 	numtrials=360 and this trialDurFrames=4 or 66.6666666667 ms  task=T1
620.1238 	EXP 	window1: recordFrameIntervals = False
620.1310 	INFO 	Mouse: using default window
622.0910 	DATA 	Keypress: c
623.1743 	DATA 	Keypress: t
623.9748 	DATA 	Keypress: s
624.1145 	EXP 	New trial (rep=3, index=3): {'leftStreamFlip': False, 'oneTarget': False, 'trialInstructionPos': (0, -1), 'probe': 'both', 'rightStreamFlip': False, 'horizVert': False, 'ISIframes': 2, 'rightResponseFirst': True}
624.1247 	INFO 	numtrials=360 and this trialDurFrames=4 or 66.6666666667 ms  task=T1
625.1737 	EXP 	window1: recordFrameIntervals = False
625.1810 	INFO 	Mouse: using default window
627.3411 	DATA 	Keypress: u
628.6752 	DATA 	Keypress: m
629.4743 	DATA 	Keypress: a
629.6150 	EXP 	New trial (rep=3, index=4): {'leftStreamFlip': False, 'oneTarget': False, 'trialInstructionPos': (0, 1), 'probe': 'both', 'rightStreamFlip': False, 'horizVert': False, 'ISIframes': 2, 'rightResponseFirst': False}
629.6409 	INFO 	numtrials=360 and this trialDurFrames=4 or 66.6666666667 ms  task=T1
630.6404 	EXP 	window1: recordFrameIntervals = False
630.6477 	INFO 	Mouse: using default window
632.8075 	DATA 	Keypress: m
634.2077 	DATA 	Keypress: t
634.7577 	DATA 	Keypress: u
634.8974 	EXP 	New trial (rep=3, index=5): {'leftStreamFlip': False, 'oneTarget': False, 'trialInstructionPos': (0, 1), 'probe': 'both', 'rightStreamFlip': False, 'horizVert': False, 'ISIframes': 2, 'rightResponseFirst': True}
634.9072 	INFO 	numtrials=360 and this trialDurFrames=4 or 66.6666666667 ms  task=T1
635.9571 	EXP 	window1: recordFrameIntervals = False
635.9641 	INFO 	Mouse: using default window
637.6410 	DATA 	Keypress: m
639.1576 	DATA 	Keypress: r
639.6411 	DATA 	Keypress: t
639.7797 	EXP 	New trial (rep=3, index=6): {'leftStreamFlip': False, 'oneTarget': False, 'trialInstructionPos': (0, 1), 'probe': 'both', 'rightStreamFlip': False, 'horizVert': False, 'ISIframes': 2, 'rightResponseFirst': False}
639.7903 	INFO 	numtrials=360 and this trialDurFrames=4 or 66.6666666667 ms  task=T1
640.8070 	EXP 	window1: recordFrameIntervals = False
640.8144 	INFO 	Mouse: using default window
643.4411 	DATA 	Keypress: f
644.7578 	DATA 	Keypress: z
645.5744 	DATA 	Keypress: h
645.7130 	EXP 	New trial (rep=3, index=7): {'leftStreamFlip': False, 'oneTarget': False, 'trialInstructionPos': (0, 1), 'probe': 'both', 'rightStreamFlip': False, 'horizVert': False, 'ISIframes': 2, 'rightResponseFirst': True}
645.7238 	INFO 	numtrials=360 and this trialDurFrames=4 or 66.6666666667 ms  task=T1
646.8238 	EXP 	window1: recordFrameIntervals = False
646.8316 	INFO 	Mouse: using default window
649.3744 	DATA 	Keypress: y
650.5407 	DATA 	Keypress: c
651.3573 	DATA 	Keypress: z
651.4965 	EXP 	New trial (rep=3, index=8): {'leftStreamFlip': False, 'oneTarget': False, 'trialInstructionPos': (0, -1), 'probe': 'both', 'rightStreamFlip': False, 'horizVert': False, 'ISIframes': 2, 'rightResponseFirst': False}
651.5070 	INFO 	numtrials=360 and this trialDurFrames=4 or 66.6666666667 ms  task=T1
652.5571 	EXP 	window1: recordFrameIntervals = False
652.5643 	INFO 	Mouse: using default window
655.0077 	DATA 	Keypress: k
656.2410 	DATA 	Keypress: r
656.6757 	DATA 	Keypress: t
656.8299 	EXP 	New trial (rep=3, index=9): {'leftStreamFlip': False, 'oneTarget': False, 'trialInstructionPos': (0, -1), 'probe': 'both', 'rightStreamFlip': False, 'horizVert': False, 'ISIframes': 2, 'rightResponseFirst': True}
656.8404 	INFO 	numtrials=360 and this trialDurFrames=4 or 66.6666666667 ms  task=T1
657.9905 	EXP 	window1: recordFrameIntervals = False
657.9977 	INFO 	Mouse: using default window
662.2078 	DATA 	Keypress: u
663.3912 	DATA 	Keypress: y
664.0910 	DATA 	Keypress: a
664.2303 	EXP 	New trial (rep=3, index=10): {'leftStreamFlip': False, 'oneTarget': False, 'trialInstructionPos': (0, 1), 'probe': 'both', 'rightStreamFlip': False, 'horizVert': False, 'ISIframes': 2, 'rightResponseFirst': True}
664.2412 	INFO 	numtrials=360 and this trialDurFrames=4 or 66.6666666667 ms  task=T1
665.4403 	EXP 	window1: recordFrameIntervals = False
665.4474 	INFO 	Mouse: using default window
667.6077 	DATA 	Keypress: f
669.0244 	DATA 	Keypress: m
669.3575 	DATA 	Keypress: a
669.4949 	EXP 	New trial (rep=3, index=11): {'leftStreamFlip': False, 'oneTarget': False, 'trialInstructionPos': (0, 1), 'probe': 'both', 'rightStreamFlip': False, 'horizVert': False, 'ISIframes': 2, 'rightResponseFirst': False}
669.5071 	INFO 	numtrials=360 and this trialDurFrames=4 or 66.6666666667 ms  task=T1
670.7238 	EXP 	window1: recordFrameIntervals = False
670.7310 	INFO 	Mouse: using default window
674.0079 	DATA 	Keypress: f
676.2245 	DATA 	Keypress: k
677.9246 	DATA 	Keypress: k
678.0637 	EXP 	New trial (rep=4, index=0): {'leftStreamFlip': False, 'oneTarget': False, 'trialInstructionPos': (0, 1), 'probe': 'both', 'rightStreamFlip': False, 'horizVert': False, 'ISIframes': 2, 'rightResponseFirst': False}
678.0903 	INFO 	numtrials=360 and this trialDurFrames=4 or 66.6666666667 ms  task=T1
679.1738 	EXP 	window1: recordFrameIntervals = False
679.1813 	INFO 	Mouse: using default window
682.6247 	DATA 	Keypress: k
684.2925 	DATA 	Keypress: f
685.3579 	DATA 	Keypress: n
685.4981 	EXP 	New trial (rep=4, index=1): {'leftStreamFlip': False, 'oneTarget': False, 'trialInstructionPos': (0, -1), 'probe': 'both', 'rightStreamFlip': False, 'horizVert': False, 'ISIframes': 2, 'rightResponseFirst': False}
685.5082 	INFO 	numtrials=360 and this trialDurFrames=4 or 66.6666666667 ms  task=T1
686.5739 	EXP 	window1: recordFrameIntervals = False
686.5814 	INFO 	Mouse: using default window
688.3746 	DATA 	Keypress: r
689.8412 	DATA 	Keypress: r
690.7411 	DATA 	Keypress: m
690.8795 	EXP 	New trial (rep=4, index=2): {'leftStreamFlip': False, 'oneTarget': False, 'trialInstructionPos': (0, -1), 'probe': 'both', 'rightStreamFlip': False, 'horizVert': False, 'ISIframes': 2, 'rightResponseFirst': False}
690.8907 	INFO 	numtrials=360 and this trialDurFrames=4 or 66.6666666667 ms  task=T1
692.0239 	EXP 	window1: recordFrameIntervals = False
692.0311 	INFO 	Mouse: using default window
693.5576 	DATA 	Keypress: t
694.5243 	DATA 	Keypress: r
696.6592 	DATA 	Keypress: g
696.8121 	EXP 	New trial (rep=4, index=3): {'leftStreamFlip': False, 'oneTarget': False, 'trialInstructionPos': (0, -1), 'probe': 'both', 'rightStreamFlip': False, 'horizVert': False, 'ISIframes': 2, 'rightResponseFirst': True}
696.8239 	INFO 	numtrials=360 and this trialDurFrames=4 or 66.6666666667 ms  task=T1
697.9570 	EXP 	window1: recordFrameIntervals = False
697.9648 	INFO 	Mouse: using default window
699.6410 	DATA 	Keypress: e
700.6925 	DATA 	Keypress: s
704.4910 	DATA 	Keypress: h
704.6298 	EXP 	New trial (rep=4, index=4): {'leftStreamFlip': False, 'oneTarget': False, 'trialInstructionPos': (0, 1), 'probe': 'both', 'rightStreamFlip': False, 'horizVert': False, 'ISIframes': 2, 'rightResponseFirst': True}
704.6404 	INFO 	numtrials=360 and this trialDurFrames=4 or 66.6666666667 ms  task=T1
705.7236 	EXP 	window1: recordFrameIntervals = False
705.7313 	INFO 	Mouse: using default window
707.9240 	DATA 	Keypress: y
708.6758 	DATA 	Keypress: y
710.0908 	DATA 	Keypress: c
710.2300 	EXP 	New trial (rep=4, index=5): {'leftStreamFlip': False, 'oneTarget': False, 'trialInstructionPos': (0, 1), 'probe': 'both', 'rightStreamFlip': False, 'horizVert': False, 'ISIframes': 2, 'rightResponseFirst': True}
710.2404 	INFO 	numtrials=360 and this trialDurFrames=4 or 66.6666666667 ms  task=T1
711.3573 	EXP 	window1: recordFrameIntervals = False
711.3646 	INFO 	Mouse: using default window
714.0410 	DATA 	Keypress: m
715.1744 	DATA 	Keypress: j
716.1411 	DATA 	Keypress: z
716.2802 	EXP 	New trial (rep=4, index=6): {'leftStreamFlip': False, 'oneTarget': False, 'trialInstructionPos': (0, -1), 'probe': 'both', 'rightStreamFlip': False, 'horizVert': False, 'ISIframes': 2, 'rightResponseFirst': False}
716.2904 	INFO 	numtrials=360 and this trialDurFrames=4 or 66.6666666667 ms  task=T1
717.2903 	EXP 	window1: recordFrameIntervals = False
717.2977 	INFO 	Mouse: using default window
720.6758 	DATA 	Keypress: r
722.6077 	DATA 	Keypress: p
724.1412 	DATA 	Keypress: m
724.2810 	EXP 	New trial (rep=4, index=7): {'leftStreamFlip': False, 'oneTarget': False, 'trialInstructionPos': (0, 1), 'probe': 'both', 'rightStreamFlip': False, 'horizVert': False, 'ISIframes': 2, 'rightResponseFirst': False}
724.3073 	INFO 	numtrials=360 and this trialDurFrames=4 or 66.6666666667 ms  task=T1
725.3072 	EXP 	window1: recordFrameIntervals = False
725.3146 	INFO 	Mouse: using default window
728.7743 	DATA 	Keypress: j
730.4079 	DATA 	Keypress: n
731.4757 	DATA 	Keypress: f
731.6307 	EXP 	New trial (rep=4, index=8): {'leftStreamFlip': False, 'oneTarget': False, 'trialInstructionPos': (0, 1), 'probe': 'both', 'rightStreamFlip': False, 'horizVert': False, 'ISIframes': 2, 'rightResponseFirst': False}
731.6409 	INFO 	numtrials=360 and this trialDurFrames=4 or 66.6666666667 ms  task=T1
732.6404 	EXP 	window1: recordFrameIntervals = False
732.6474 	INFO 	Mouse: using default window
734.7577 	DATA 	Keypress: b
735.9912 	DATA 	Keypress: e
736.9247 	DATA 	Keypress: k
737.0632 	EXP 	New trial (rep=4, index=9): {'leftStreamFlip': False, 'oneTarget': False, 'trialInstructionPos': (0, -1), 'probe': 'both', 'rightStreamFlip': False, 'horizVert': False, 'ISIframes': 2, 'rightResponseFirst': True}
737.0742 	INFO 	numtrials=360 and this trialDurFrames=4 or 66.6666666667 ms  task=T1
738.1402 	EXP 	window1: recordFrameIntervals = False
738.1481 	INFO 	Mouse: using default window
740.1079 	DATA 	Keypress: r
741.2911 	DATA 	Keypress: z
742.5077 	DATA 	Keypress: e
742.6467 	EXP 	New trial (rep=4, index=10): {'leftStreamFlip': False, 'oneTarget': False, 'trialInstructionPos': (0, -1), 'probe': 'both', 'rightStreamFlip': False, 'horizVert': False, 'ISIframes': 2, 'rightResponseFirst': True}
742.6571 	INFO 	numtrials=360 and this trialDurFrames=4 or 66.6666666667 ms  task=T1
743.7069 	EXP 	window1: recordFrameIntervals = False
743.7143 	INFO 	Mouse: using default window
745.9411 	DATA 	Keypress: g
747.4412 	DATA 	Keypress: z
747.9243 	DATA 	Keypress: a
748.0642 	EXP 	New trial (rep=4, index=11): {'leftStreamFlip': False, 'oneTarget': False, 'trialInstructionPos': (0, 1), 'probe': 'both', 'rightStreamFlip': False, 'horizVert': False, 'ISIframes': 2, 'rightResponseFirst': True}
748.0746 	INFO 	numtrials=360 and this trialDurFrames=4 or 66.6666666667 ms  task=T1
749.2739 	EXP 	window1: recordFrameIntervals = False
749.2812 	INFO 	Mouse: using default window
751.6745 	DATA 	Keypress: j
751.8243 	DATA 	Keypress: j
752.1413 	DATA 	Keypress: s
752.2791 	EXP 	New trial (rep=5, index=0): {'leftStreamFlip': False, 'oneTarget': False, 'trialInstructionPos': (0, -1), 'probe': 'both', 'rightStreamFlip': False, 'horizVert': False, 'ISIframes': 2, 'rightResponseFirst': True}
752.2838 	DATA 	Keypress: i
752.2907 	INFO 	numtrials=360 and this trialDurFrames=4 or 66.6666666667 ms  task=T1
753.4407 	EXP 	window1: recordFrameIntervals = False
753.4483 	INFO 	Mouse: using default window
755.6912 	DATA 	Keypress: c
757.1576 	DATA 	Keypress: y
758.8078 	DATA 	Keypress: j
758.9470 	EXP 	New trial (rep=5, index=1): {'leftStreamFlip': False, 'oneTarget': False, 'trialInstructionPos': (0, -1), 'probe': 'both', 'rightStreamFlip': False, 'horizVert': False, 'ISIframes': 2, 'rightResponseFirst': False}
758.9575 	INFO 	numtrials=360 and this trialDurFrames=4 or 66.6666666667 ms  task=T1
760.1404 	EXP 	window1: recordFrameIntervals = False
760.1480 	INFO 	Mouse: using default window
763.4755 	DATA 	Keypress: e
764.5243 	DATA 	Keypress: k
765.6245 	DATA 	Keypress: g
765.7637 	EXP 	New trial (rep=5, index=2): {'leftStreamFlip': False, 'oneTarget': False, 'trialInstructionPos': (0, -1), 'probe': 'both', 'rightStreamFlip': False, 'horizVert': False, 'ISIframes': 2, 'rightResponseFirst': True}
765.7749 	INFO 	numtrials=360 and this trialDurFrames=4 or 66.6666666667 ms  task=T1
766.9407 	EXP 	window1: recordFrameIntervals = False
766.9479 	INFO 	Mouse: using default window
773.9912 	DATA 	Keypress: z
776.3086 	DATA 	Keypress: g
777.1245 	DATA 	Keypress: r
777.2638 	EXP 	New trial (rep=5, index=3): {'leftStreamFlip': False, 'oneTarget': False, 'trialInstructionPos': (0, 1), 'probe': 'both', 'rightStreamFlip': False, 'horizVert': False, 'ISIframes': 2, 'rightResponseFirst': False}
777.2741 	INFO 	numtrials=360 and this trialDurFrames=4 or 66.6666666667 ms  task=T1
778.3241 	EXP 	window1: recordFrameIntervals = False
778.3310 	INFO 	Mouse: using default window
781.6245 	DATA 	Keypress: a
782.8078 	DATA 	Keypress: k
783.5410 	DATA 	Keypress: t
783.6809 	EXP 	New trial (rep=5, index=4): {'leftStreamFlip': False, 'oneTarget': False, 'trialInstructionPos': (0, -1), 'probe': 'both', 'rightStreamFlip': False, 'horizVert': False, 'ISIframes': 2, 'rightResponseFirst': True}
783.6909 	INFO 	numtrials=360 and this trialDurFrames=4 or 66.6666666667 ms  task=T1
784.7741 	EXP 	window1: recordFrameIntervals = False
784.7814 	INFO 	Mouse: using default window
786.2246 	DATA 	Keypress: g
786.6592 	DATA 	Keypress: u
786.9911 	DATA 	Keypress: g
787.1287 	EXP 	New trial (rep=5, index=5): {'leftStreamFlip': False, 'oneTarget': False, 'trialInstructionPos': (0, 1), 'probe': 'both', 'rightStreamFlip': False, 'horizVert': False, 'ISIframes': 2, 'rightResponseFirst': True}
787.1404 	INFO 	numtrials=360 and this trialDurFrames=4 or 66.6666666667 ms  task=T1
788.3073 	EXP 	window1: recordFrameIntervals = False
788.3150 	INFO 	Mouse: using default window
790.5915 	DATA 	Keypress: n
792.2927 	DATA 	Keypress: h
793.0925 	DATA 	Keypress: k
793.2465 	EXP 	New trial (rep=5, index=6): {'leftStreamFlip': False, 'oneTarget': False, 'trialInstructionPos': (0, 1), 'probe': 'both', 'rightStreamFlip': False, 'horizVert': False, 'ISIframes': 2, 'rightResponseFirst': False}
793.2573 	INFO 	numtrials=360 and this trialDurFrames=4 or 66.6666666667 ms  task=T1
794.3573 	EXP 	window1: recordFrameIntervals = False
794.3645 	INFO 	Mouse: using default window
796.3746 	DATA 	Keypress: u
797.8246 	DATA 	Keypress: a
799.1412 	DATA 	Keypress: k
799.2808 	EXP 	New trial (rep=5, index=7): {'leftStreamFlip': False, 'oneTarget': False, 'trialInstructionPos': (0, -1), 'probe': 'both', 'rightStreamFlip': False, 'horizVert': False, 'ISIframes': 2, 'rightResponseFirst': False}
799.2911 	INFO 	numtrials=360 and this trialDurFrames=4 or 66.6666666667 ms  task=T1
800.4239 	EXP 	window1: recordFrameIntervals = False
800.4313 	INFO 	Mouse: using default window
802.2743 	DATA 	Keypress: l
803.6413 	DATA 	Keypress: k
804.2412 	DATA 	Keypress: h
804.3795 	EXP 	New trial (rep=5, index=8): {'leftStreamFlip': False, 'oneTarget': False, 'trialInstructionPos': (0, 1), 'probe': 'both', 'rightStreamFlip': False, 'horizVert': False, 'ISIframes': 2, 'rightResponseFirst': False}
804.3907 	INFO 	numtrials=360 and this trialDurFrames=4 or 66.6666666667 ms  task=T1
805.6073 	EXP 	window1: recordFrameIntervals = False
805.6147 	INFO 	Mouse: using default window
808.9746 	DATA 	Keypress: h
810.0242 	DATA 	Keypress: j
810.4410 	DATA 	Keypress: m
810.5814 	EXP 	New trial (rep=5, index=9): {'leftStreamFlip': False, 'oneTarget': False, 'trialInstructionPos': (0, 1), 'probe': 'both', 'rightStreamFlip': False, 'horizVert': False, 'ISIframes': 2, 'rightResponseFirst': True}
810.6078 	INFO 	numtrials=360 and this trialDurFrames=4 or 66.6666666667 ms  task=T1
811.8241 	EXP 	window1: recordFrameIntervals = False
811.8314 	INFO 	Mouse: using default window
815.9086 	DATA 	Keypress: m
817.1083 	DATA 	Keypress: y
818.0913 	DATA 	Keypress: k
818.2298 	EXP 	New trial (rep=5, index=10): {'leftStreamFlip': False, 'oneTarget': False, 'trialInstructionPos': (0, 1), 'probe': 'both', 'rightStreamFlip': False, 'horizVert': False, 'ISIframes': 2, 'rightResponseFirst': True}
818.2406 	INFO 	numtrials=360 and this trialDurFrames=4 or 66.6666666667 ms  task=T1
819.3070 	EXP 	window1: recordFrameIntervals = False
819.3154 	INFO 	Mouse: using default window
822.4247 	DATA 	Keypress: f
826.6246 	DATA 	Keypress: r
827.4591 	DATA 	Keypress: k
827.6144 	EXP 	New trial (rep=5, index=11): {'leftStreamFlip': False, 'oneTarget': False, 'trialInstructionPos': (0, -1), 'probe': 'both', 'rightStreamFlip': False, 'horizVert': False, 'ISIframes': 2, 'rightResponseFirst': False}
827.6407 	INFO 	numtrials=360 and this trialDurFrames=4 or 66.6666666667 ms  task=T1
828.7072 	EXP 	window1: recordFrameIntervals = False
828.7146 	INFO 	Mouse: using default window
831.4078 	DATA 	Keypress: c
832.8413 	DATA 	Keypress: f
834.2412 	DATA 	Keypress: g
834.3797 	EXP 	New trial (rep=6, index=0): {'leftStreamFlip': False, 'oneTarget': False, 'trialInstructionPos': (0, 1), 'probe': 'both', 'rightStreamFlip': False, 'horizVert': False, 'ISIframes': 2, 'rightResponseFirst': False}
834.3908 	INFO 	numtrials=360 and this trialDurFrames=4 or 66.6666666667 ms  task=T1
835.5574 	EXP 	window1: recordFrameIntervals = False
835.5646 	INFO 	Mouse: using default window
839.1913 	DATA 	Keypress: k
840.9247 	DATA 	Keypress: f
842.0579 	DATA 	Keypress: s
842.1963 	EXP 	New trial (rep=6, index=1): {'leftStreamFlip': False, 'oneTarget': False, 'trialInstructionPos': (0, -1), 'probe': 'both', 'rightStreamFlip': False, 'horizVert': False, 'ISIframes': 2, 'rightResponseFirst': False}
842.2072 	INFO 	numtrials=360 and this trialDurFrames=4 or 66.6666666667 ms  task=T1
843.3241 	EXP 	window1: recordFrameIntervals = False
843.3308 	INFO 	Mouse: using default window
846.1914 	DATA 	Keypress: y
848.4576 	DATA 	Keypress: z
849.0747 	DATA 	Keypress: e
849.2131 	EXP 	New trial (rep=6, index=2): {'leftStreamFlip': False, 'oneTarget': False, 'trialInstructionPos': (0, -1), 'probe': 'both', 'rightStreamFlip': False, 'horizVert': False, 'ISIframes': 2, 'rightResponseFirst': False}
849.2241 	INFO 	numtrials=360 and this trialDurFrames=4 or 66.6666666667 ms  task=T1
850.2740 	EXP 	window1: recordFrameIntervals = False
850.2813 	INFO 	Mouse: using default window
851.7914 	DATA 	Keypress: a
853.0078 	DATA 	Keypress: r
853.6246 	DATA 	Keypress: j
853.7633 	EXP 	New trial (rep=6, index=3): {'leftStreamFlip': False, 'oneTarget': False, 'trialInstructionPos': (0, -1), 'probe': 'both', 'rightStreamFlip': False, 'horizVert': False, 'ISIframes': 2, 'rightResponseFirst': False}
853.7743 	INFO 	numtrials=360 and this trialDurFrames=4 or 66.6666666667 ms  task=T1
854.9573 	EXP 	window1: recordFrameIntervals = False
854.9645 	INFO 	Mouse: using default window
856.8745 	DATA 	Keypress: j
858.2578 	DATA 	Keypress: y
859.7747 	DATA 	Keypress: e
859.9114 	EXP 	New trial (rep=6, index=4): {'leftStreamFlip': False, 'oneTarget': False, 'trialInstructionPos': (0, -1), 'probe': 'both', 'rightStreamFlip': False, 'horizVert': False, 'ISIframes': 2, 'rightResponseFirst': True}
859.9238 	INFO 	numtrials=360 and this trialDurFrames=4 or 66.6666666667 ms  task=T1
861.0741 	EXP 	window1: recordFrameIntervals = False
861.0812 	INFO 	Mouse: using default window
862.3911 	DATA 	Keypress: h
862.6412 	DATA 	Keypress: j
862.8912 	DATA 	Keypress: j
863.0296 	EXP 	New trial (rep=6, index=5): {'leftStreamFlip': False, 'oneTarget': False, 'trialInstructionPos': (0, 1), 'probe': 'both', 'rightStreamFlip': False, 'horizVert': False, 'ISIframes': 2, 'rightResponseFirst': False}
863.0406 	INFO 	numtrials=360 and this trialDurFrames=4 or 66.6666666667 ms  task=T1
864.1241 	EXP 	window1: recordFrameIntervals = False
864.1314 	INFO 	Mouse: using default window
867.0579 	DATA 	Keypress: g
868.5577 	DATA 	Keypress: t
869.2913 	DATA 	Keypress: h
869.4297 	EXP 	New trial (rep=6, index=6): {'leftStreamFlip': False, 'oneTarget': False, 'trialInstructionPos': (0, 1), 'probe': 'both', 'rightStreamFlip': False, 'horizVert': False, 'ISIframes': 2, 'rightResponseFirst': True}
869.4410 	INFO 	numtrials=360 and this trialDurFrames=4 or 66.6666666667 ms  task=T1
870.4574 	EXP 	window1: recordFrameIntervals = False
870.4646 	INFO 	Mouse: using default window
872.3579 	DATA 	Keypress: s
875.4761 	DATA 	Keypress: e
876.5411 	DATA 	Keypress: m
876.6788 	EXP 	New trial (rep=6, index=7): {'leftStreamFlip': False, 'oneTarget': False, 'trialInstructionPos': (0, -1), 'probe': 'both', 'rightStreamFlip': False, 'horizVert': False, 'ISIframes': 2, 'rightResponseFirst': True}
876.6907 	INFO 	numtrials=360 and this trialDurFrames=4 or 66.6666666667 ms  task=T1
877.6906 	EXP 	window1: recordFrameIntervals = False
877.6979 	INFO 	Mouse: using default window
880.0246 	DATA 	Keypress: s
881.2080 	DATA 	Keypress: g
881.9580 	DATA 	Keypress: c
882.0965 	EXP 	New trial (rep=6, index=8): {'leftStreamFlip': False, 'oneTarget': False, 'trialInstructionPos': (0, 1), 'probe': 'both', 'rightStreamFlip': False, 'horizVert': False, 'ISIframes': 2, 'rightResponseFirst': True}
882.1073 	INFO 	numtrials=360 and this trialDurFrames=4 or 66.6666666667 ms  task=T1
883.1408 	EXP 	window1: recordFrameIntervals = False
883.1482 	INFO 	Mouse: using default window
886.1246 	DATA 	Keypress: m
887.1747 	DATA 	Keypress: h
887.4592 	DATA 	Keypress: u
887.6134 	EXP 	New trial (rep=6, index=9): {'leftStreamFlip': False, 'oneTarget': False, 'trialInstructionPos': (0, 1), 'probe': 'both', 'rightStreamFlip': False, 'horizVert': False, 'ISIframes': 2, 'rightResponseFirst': True}
887.6245 	INFO 	numtrials=360 and this trialDurFrames=4 or 66.6666666667 ms  task=T1
888.8244 	EXP 	window1: recordFrameIntervals = False
888.8310 	INFO 	Mouse: using default window
890.4247 	DATA 	Keypress: m
891.4414 	DATA 	Keypress: t
892.0746 	DATA 	Keypress: z
892.2142 	EXP 	New trial (rep=6, index=10): {'leftStreamFlip': False, 'oneTarget': False, 'trialInstructionPos': (0, -1), 'probe': 'both', 'rightStreamFlip': False, 'horizVert': False, 'ISIframes': 2, 'rightResponseFirst': True}
892.2405 	INFO 	numtrials=360 and this trialDurFrames=4 or 66.6666666667 ms  task=T1
893.3576 	EXP 	window1: recordFrameIntervals = False
893.3648 	INFO 	Mouse: using default window
895.7579 	DATA 	Keypress: e
896.7085 	DATA 	Keypress: s
897.3579 	DATA 	Keypress: m
897.4957 	EXP 	New trial (rep=6, index=11): {'leftStreamFlip': False, 'oneTarget': False, 'trialInstructionPos': (0, 1), 'probe': 'both', 'rightStreamFlip': False, 'horizVert': False, 'ISIframes': 2, 'rightResponseFirst': False}
897.5076 	INFO 	numtrials=360 and this trialDurFrames=4 or 66.6666666667 ms  task=T1
898.5243 	EXP 	window1: recordFrameIntervals = False
898.5315 	INFO 	Mouse: using default window
900.1246 	DATA 	Keypress: g
901.5252 	DATA 	Keypress: h
906.2413 	DATA 	Keypress: e
906.3795 	EXP 	New trial (rep=7, index=0): {'leftStreamFlip': False, 'oneTarget': False, 'trialInstructionPos': (0, 1), 'probe': 'both', 'rightStreamFlip': False, 'horizVert': False, 'ISIframes': 2, 'rightResponseFirst': True}
906.3906 	INFO 	numtrials=360 and this trialDurFrames=4 or 66.6666666667 ms  task=T1
907.5909 	EXP 	window1: recordFrameIntervals = False
907.5980 	INFO 	Mouse: using default window
910.6761 	DATA 	Keypress: f
911.9913 	DATA 	Keypress: g
912.4747 	DATA 	Keypress: h
912.6186 	EXP 	New trial (rep=7, index=1): {'leftStreamFlip': False, 'oneTarget': False, 'trialInstructionPos': (0, 1), 'probe': 'both', 'rightStreamFlip': False, 'horizVert': False, 'ISIframes': 2, 'rightResponseFirst': False}
912.6406 	INFO 	numtrials=360 and this trialDurFrames=4 or 66.6666666667 ms  task=T1
913.7243 	EXP 	window1: recordFrameIntervals = False
913.7309 	INFO 	Mouse: using default window
915.8593 	DATA 	Keypress: y
917.2414 	DATA 	Keypress: f
917.6246 	DATA 	Keypress: t
917.7640 	EXP 	New trial (rep=7, index=2): {'leftStreamFlip': False, 'oneTarget': False, 'trialInstructionPos': (0, -1), 'probe': 'both', 'rightStreamFlip': False, 'horizVert': False, 'ISIframes': 2, 'rightResponseFirst': True}
917.7740 	INFO 	numtrials=360 and this trialDurFrames=4 or 66.6666666667 ms  task=T1
918.9575 	EXP 	window1: recordFrameIntervals = False
918.9650 	INFO 	Mouse: using default window
921.0928 	DATA 	Keypress: c
922.1248 	DATA 	Keypress: s
923.3080 	DATA 	Keypress: g
923.4466 	EXP 	New trial (rep=7, index=3): {'leftStreamFlip': False, 'oneTarget': False, 'trialInstructionPos': (0, 1), 'probe': 'both', 'rightStreamFlip': False, 'horizVert': False, 'ISIframes': 2, 'rightResponseFirst': False}
923.4575 	INFO 	numtrials=360 and this trialDurFrames=4 or 66.6666666667 ms  task=T1
924.6076 	EXP 	window1: recordFrameIntervals = False
924.6152 	INFO 	Mouse: using default window
927.0593 	DATA 	Keypress: g
928.3415 	DATA 	Keypress: h
929.6580 	DATA 	Keypress: k
929.7975 	EXP 	New trial (rep=7, index=4): {'leftStreamFlip': False, 'oneTarget': False, 'trialInstructionPos': (0, -1), 'probe': 'both', 'rightStreamFlip': False, 'horizVert': False, 'ISIframes': 2, 'rightResponseFirst': True}
929.8079 	INFO 	numtrials=360 and this trialDurFrames=4 or 66.6666666667 ms  task=T1
930.8405 	EXP 	window1: recordFrameIntervals = False
930.8477 	INFO 	Mouse: using default window
933.3413 	DATA 	Keypress: g
933.8414 	DATA 	Keypress: h
934.2596 	DATA 	Keypress: g
934.4110 	EXP 	New trial (rep=7, index=5): {'leftStreamFlip': False, 'oneTarget': False, 'trialInstructionPos': (0, -1), 'probe': 'both', 'rightStreamFlip': False, 'horizVert': False, 'ISIframes': 2, 'rightResponseFirst': False}
934.4236 	INFO 	numtrials=360 and this trialDurFrames=4 or 66.6666666667 ms  task=T1
935.5907 	EXP 	window1: recordFrameIntervals = False
935.5985 	INFO 	Mouse: using default window
937.4761 	DATA 	Keypress: a
938.7084 	DATA 	Keypress: t
939.8247 	DATA 	Keypress: k
939.9615 	EXP 	New trial (rep=7, index=6): {'leftStreamFlip': False, 'oneTarget': False, 'trialInstructionPos': (0, 1), 'probe': 'both', 'rightStreamFlip': False, 'horizVert': False, 'ISIframes': 2, 'rightResponseFirst': True}
939.9737 	INFO 	numtrials=360 and this trialDurFrames=4 or 66.6666666667 ms  task=T1
940.9904 	EXP 	window1: recordFrameIntervals = False
940.9988 	INFO 	Mouse: using default window
944.0249 	DATA 	Keypress: a
945.6747 	DATA 	Keypress: k
946.4914 	DATA 	Keypress: z
946.6279 	EXP 	New trial (rep=7, index=7): {'leftStreamFlip': False, 'oneTarget': False, 'trialInstructionPos': (0, -1), 'probe': 'both', 'rightStreamFlip': False, 'horizVert': False, 'ISIframes': 2, 'rightResponseFirst': False}
946.6403 	INFO 	numtrials=360 and this trialDurFrames=4 or 66.6666666667 ms  task=T1
947.8576 	EXP 	window1: recordFrameIntervals = False
947.8648 	INFO 	Mouse: using default window
960.4079 	DATA 	Keypress: k
961.5748 	DATA 	Keypress: a
964.2414 	DATA 	Keypress: z
964.3780 	EXP 	New trial (rep=7, index=8): {'leftStreamFlip': False, 'oneTarget': False, 'trialInstructionPos': (0, 1), 'probe': 'both', 'rightStreamFlip': False, 'horizVert': False, 'ISIframes': 2, 'rightResponseFirst': True}
964.3904 	INFO 	numtrials=360 and this trialDurFrames=4 or 66.6666666667 ms  task=T1
965.5906 	EXP 	window1: recordFrameIntervals = False
965.5982 	INFO 	Mouse: using default window
969.0579 	DATA 	Keypress: g
970.1582 	DATA 	Keypress: h
970.6595 	DATA 	Keypress: e
970.8128 	EXP 	New trial (rep=7, index=9): {'leftStreamFlip': False, 'oneTarget': False, 'trialInstructionPos': (0, -1), 'probe': 'both', 'rightStreamFlip': False, 'horizVert': False, 'ISIframes': 2, 'rightResponseFirst': True}
970.8243 	INFO 	numtrials=360 and this trialDurFrames=4 or 66.6666666667 ms  task=T1
971.8409 	EXP 	window1: recordFrameIntervals = False
971.8486 	INFO 	Mouse: using default window
974.7581 	DATA 	Keypress: k
975.8928 	DATA 	Keypress: r
976.4248 	DATA 	Keypress: y
976.5631 	EXP 	New trial (rep=7, index=10): {'leftStreamFlip': False, 'oneTarget': False, 'trialInstructionPos': (0, 1), 'probe': 'both', 'rightStreamFlip': False, 'horizVert': False, 'ISIframes': 2, 'rightResponseFirst': False}
976.5740 	INFO 	numtrials=360 and this trialDurFrames=4 or 66.6666666667 ms  task=T1
977.6576 	EXP 	window1: recordFrameIntervals = False
977.6649 	INFO 	Mouse: using default window
979.1413 	DATA 	Keypress: z
980.4418 	DATA 	Keypress: k
980.9586 	DATA 	Keypress: u
981.0967 	EXP 	New trial (rep=7, index=11): {'leftStreamFlip': False, 'oneTarget': False, 'trialInstructionPos': (0, -1), 'probe': 'both', 'rightStreamFlip': False, 'horizVert': False, 'ISIframes': 2, 'rightResponseFirst': False}
981.1075 	INFO 	numtrials=360 and this trialDurFrames=4 or 66.6666666667 ms  task=T1
982.2909 	EXP 	window1: recordFrameIntervals = False
982.2982 	INFO 	Mouse: using default window
984.6080 	DATA 	Keypress: u
986.0749 	DATA 	Keypress: z
989.2248 	DATA 	Keypress: u
989.3631 	EXP 	New trial (rep=8, index=0): {'leftStreamFlip': False, 'oneTarget': False, 'trialInstructionPos': (0, -1), 'probe': 'both', 'rightStreamFlip': False, 'horizVert': False, 'ISIframes': 2, 'rightResponseFirst': False}
989.3740 	INFO 	numtrials=360 and this trialDurFrames=4 or 66.6666666667 ms  task=T1
990.4914 	EXP 	window1: recordFrameIntervals = False
990.4984 	INFO 	Mouse: using default window
994.6081 	DATA 	Keypress: j
995.8582 	DATA 	Keypress: f
996.8748 	DATA 	Keypress: s
997.0136 	EXP 	New trial (rep=8, index=1): {'leftStreamFlip': False, 'oneTarget': False, 'trialInstructionPos': (0, 1), 'probe': 'both', 'rightStreamFlip': False, 'horizVert': False, 'ISIframes': 2, 'rightResponseFirst': True}
997.0242 	INFO 	numtrials=360 and this trialDurFrames=4 or 66.6666666667 ms  task=T1
998.0744 	EXP 	window1: recordFrameIntervals = False
998.0814 	INFO 	Mouse: using default window
1000.4915 	DATA 	Keypress: g
1001.6080 	DATA 	Keypress: m
1002.2082 	DATA 	Keypress: k
1002.3464 	EXP 	New trial (rep=8, index=2): {'leftStreamFlip': False, 'oneTarget': False, 'trialInstructionPos': (0, 1), 'probe': 'both', 'rightStreamFlip': False, 'horizVert': False, 'ISIframes': 2, 'rightResponseFirst': False}
1002.3574 	INFO 	numtrials=360 and this trialDurFrames=4 or 66.6666666667 ms  task=T1
1003.5745 	EXP 	window1: recordFrameIntervals = False
1003.5813 	INFO 	Mouse: using default window
1005.6747 	DATA 	Keypress: t
1006.8916 	DATA 	Keypress: k
1007.8580 	DATA 	Keypress: n
1007.9978 	EXP 	New trial (rep=8, index=3): {'leftStreamFlip': False, 'oneTarget': False, 'trialInstructionPos': (0, 1), 'probe': 'both', 'rightStreamFlip': False, 'horizVert': False, 'ISIframes': 2, 'rightResponseFirst': True}
1008.0084 	INFO 	numtrials=360 and this trialDurFrames=4 or 66.6666666667 ms  task=T1
1009.0408 	EXP 	window1: recordFrameIntervals = False
1009.0478 	INFO 	Mouse: using default window
1011.8248 	DATA 	Keypress: g
1012.9415 	DATA 	Keypress: e
1013.9084 	DATA 	Keypress: z
1014.0457 	EXP 	New trial (rep=8, index=4): {'leftStreamFlip': False, 'oneTarget': False, 'trialInstructionPos': (0, -1), 'probe': 'both', 'rightStreamFlip': False, 'horizVert': False, 'ISIframes': 2, 'rightResponseFirst': True}
1014.0576 	INFO 	numtrials=360 and this trialDurFrames=4 or 66.6666666667 ms  task=T1
1015.1575 	EXP 	window1: recordFrameIntervals = False
1015.1648 	INFO 	Mouse: using default window
1018.4249 	DATA 	Keypress: f
1018.6245 	DATA 	Keypress: h
1018.6746 	DATA 	Keypress: g
1018.8147 	EXP 	New trial (rep=8, index=5): {'leftStreamFlip': False, 'oneTarget': False, 'trialInstructionPos': (0, -1), 'probe': 'both', 'rightStreamFlip': False, 'horizVert': False, 'ISIframes': 2, 'rightResponseFirst': False}
1018.8251 	INFO 	numtrials=360 and this trialDurFrames=4 or 66.6666666667 ms  task=T1
1018.8512 	DATA 	Keypress: f
1019.8739 	EXP 	window1: recordFrameIntervals = False
1019.8816 	INFO 	Mouse: using default window
1021.5084 	DATA 	Keypress: r
1023.9583 	DATA 	Keypress: a
1024.4248 	DATA 	Keypress: e
1024.5640 	EXP 	New trial (rep=8, index=6): {'leftStreamFlip': False, 'oneTarget': False, 'trialInstructionPos': (0, -1), 'probe': 'both', 'rightStreamFlip': False, 'horizVert': False, 'ISIframes': 2, 'rightResponseFirst': True}
1024.5744 	INFO 	numtrials=360 and this trialDurFrames=4 or 66.6666666667 ms  task=T1
1025.7744 	EXP 	window1: recordFrameIntervals = False
1025.7820 	INFO 	Mouse: using default window
1027.6249 	DATA 	Keypress: f
1028.1749 	DATA 	Keypress: h
1028.5415 	DATA 	Keypress: f
1028.6797 	EXP 	New trial (rep=8, index=7): {'leftStreamFlip': False, 'oneTarget': False, 'trialInstructionPos': (0, -1), 'probe': 'both', 'rightStreamFlip': False, 'horizVert': False, 'ISIframes': 2, 'rightResponseFirst': False}
1028.6911 	INFO 	numtrials=360 and this trialDurFrames=4 or 66.6666666667 ms  task=T1
1029.6909 	EXP 	window1: recordFrameIntervals = False
1029.6982 	INFO 	Mouse: using default window
1033.1912 	DATA 	Keypress: z
1034.6249 	DATA 	Keypress: g
1035.3088 	DATA 	Keypress: y
1035.4481 	EXP 	New trial (rep=8, index=8): {'leftStreamFlip': False, 'oneTarget': False, 'trialInstructionPos': (0, 1), 'probe': 'both', 'rightStreamFlip': False, 'horizVert': False, 'ISIframes': 2, 'rightResponseFirst': False}
1035.4583 	INFO 	numtrials=360 and this trialDurFrames=4 or 66.6666666667 ms  task=T1
1036.5575 	EXP 	window1: recordFrameIntervals = False
1036.5651 	INFO 	Mouse: using default window
1038.2249 	DATA 	Keypress: f
1038.8751 	DATA 	Keypress: t
1039.9752 	DATA 	Keypress: m
1040.1151 	EXP 	New trial (rep=8, index=9): {'leftStreamFlip': False, 'oneTarget': False, 'trialInstructionPos': (0, 1), 'probe': 'both', 'rightStreamFlip': False, 'horizVert': False, 'ISIframes': 2, 'rightResponseFirst': True}
1040.1245 	INFO 	numtrials=360 and this trialDurFrames=4 or 66.6666666667 ms  task=T1
1041.2078 	EXP 	window1: recordFrameIntervals = False
1041.2150 	INFO 	Mouse: using default window
1042.3245 	DATA 	Keypress: u
1043.8762 	DATA 	Keypress: a
1044.2595 	DATA 	Keypress: k
1044.4174 	EXP 	New trial (rep=8, index=10): {'leftStreamFlip': False, 'oneTarget': False, 'trialInstructionPos': (0, 1), 'probe': 'both', 'rightStreamFlip': False, 'horizVert': False, 'ISIframes': 2, 'rightResponseFirst': False}
1044.4409 	INFO 	numtrials=360 and this trialDurFrames=4 or 66.6666666667 ms  task=T1
1045.6409 	EXP 	window1: recordFrameIntervals = False
1045.6479 	INFO 	Mouse: using default window
1049.0764 	DATA 	Keypress: s
1050.0916 	DATA 	Keypress: s
1051.2583 	DATA 	Keypress: s
1051.3967 	EXP 	New trial (rep=8, index=11): {'leftStreamFlip': False, 'oneTarget': False, 'trialInstructionPos': (0, -1), 'probe': 'both', 'rightStreamFlip': False, 'horizVert': False, 'ISIframes': 2, 'rightResponseFirst': True}
1051.4077 	INFO 	numtrials=360 and this trialDurFrames=4 or 66.6666666667 ms  task=T1
1052.5240 	EXP 	window1: recordFrameIntervals = False
1052.5315 	INFO 	Mouse: using default window
1053.7579 	DATA 	Keypress: j
1054.4081 	DATA 	Keypress: m
1057.8596 	DATA 	Keypress: g
1058.0140 	EXP 	New trial (rep=9, index=0): {'leftStreamFlip': False, 'oneTarget': False, 'trialInstructionPos': (0, -1), 'probe': 'both', 'rightStreamFlip': False, 'horizVert': False, 'ISIframes': 2, 'rightResponseFirst': False}
1058.0244 	INFO 	numtrials=360 and this trialDurFrames=4 or 66.6666666667 ms  task=T1
1059.2077 	EXP 	window1: recordFrameIntervals = False
1059.2149 	INFO 	Mouse: using default window
1060.9748 	DATA 	Keypress: n
1061.8252 	DATA 	Keypress: a
1062.8082 	DATA 	Keypress: f
1062.9476 	EXP 	New trial (rep=9, index=1): {'leftStreamFlip': False, 'oneTarget': False, 'trialInstructionPos': (0, 1), 'probe': 'both', 'rightStreamFlip': False, 'horizVert': False, 'ISIframes': 2, 'rightResponseFirst': False}
1062.9578 	INFO 	numtrials=360 and this trialDurFrames=4 or 66.6666666667 ms  task=T1
1064.0911 	EXP 	window1: recordFrameIntervals = False
1064.0984 	INFO 	Mouse: using default window
1065.9753 	DATA 	Keypress: a
1066.6581 	DATA 	Keypress: r
1066.9582 	DATA 	Keypress: s
1067.0992 	EXP 	New trial (rep=9, index=2): {'leftStreamFlip': False, 'oneTarget': False, 'trialInstructionPos': (0, 1), 'probe': 'both', 'rightStreamFlip': False, 'horizVert': False, 'ISIframes': 2, 'rightResponseFirst': False}
1067.1243 	INFO 	numtrials=360 and this trialDurFrames=4 or 66.6666666667 ms  task=T1
1068.1244 	EXP 	window1: recordFrameIntervals = False
1068.1318 	INFO 	Mouse: using default window
1069.4929 	DATA 	Keypress: s
1070.2084 	DATA 	Keypress: m
1071.9583 	DATA 	Keypress: n
1072.0982 	EXP 	New trial (rep=9, index=3): {'leftStreamFlip': False, 'oneTarget': False, 'trialInstructionPos': (0, 1), 'probe': 'both', 'rightStreamFlip': False, 'horizVert': False, 'ISIframes': 2, 'rightResponseFirst': True}
1072.1082 	INFO 	numtrials=360 and this trialDurFrames=4 or 66.6666666667 ms  task=T1
1073.2577 	EXP 	window1: recordFrameIntervals = False
1073.2650 	INFO 	Mouse: using default window
1074.8080 	DATA 	Keypress: c
1076.0749 	DATA 	Keypress: u
1076.3917 	DATA 	Keypress: k
1076.5302 	EXP 	New trial (rep=9, index=4): {'leftStreamFlip': False, 'oneTarget': False, 'trialInstructionPos': (0, -1), 'probe': 'both', 'rightStreamFlip': False, 'horizVert': False, 'ISIframes': 2, 'rightResponseFirst': True}
1076.5410 	INFO 	numtrials=360 and this trialDurFrames=4 or 66.6666666667 ms  task=T1
1077.7411 	EXP 	window1: recordFrameIntervals = False
1077.7484 	INFO 	Mouse: using default window
1080.6582 	DATA 	Keypress: lctrl
1081.7082 	DATA 	Keypress: lshift
1082.7085 	DATA 	Keypress: z
1082.7275 	INFO 	Stopping at 11:25 on 06 Aug 2018
1082.7292 	ERROR 	user aborted experiment on keypress with trials done=112 of 361
1082.7465 	INFO 	Program terminating normally.
