0.9968 	WARNING 	Monitor specification not found. Creating a temporary one...
14.6229 	EXP 	Created window1 = Window(allowGUI=False, allowStencil=False, autoLog=True, bitsMode=UNKNOWN, blendMode='avg', color=array([-0.7, -0.7, -0.7]), colorSpace='rgb', fullscr=UNKNOWN, gamma=None, lms=UNKNOWN, monitor=<psychopy.monitors.calibTools.Monitor object at 0x19F60030>, name='window1', pos=[0, 0], screen=0, size=array([1920, 1080]), stereo=False, units='deg', useFBO=False, useRetina=False, viewOri=0.0, viewPos=None, viewScale=None, waitBlanking=False, winType='pyglet')
14.6230 	INFO 	Mouse: using default window
14.6232 	EXP 	window1: units = 'norm'
14.7276 	EXP 	Created unnamed ImageStim = ImageStim(autoLog=True, color=array([ 1.,  1.,  1.]), colorSpace='rgb', contrast=1.0, depth=0, flipHoriz=False, flipVert=False, image=str(...), interpolate=False, mask=None, maskParams=None, name='unnamed ImageStim', opacity=1.0, ori=0.0, pos=array([-0.5,  0. ]), size=array([ 1.290625  ,  3.24814815]), texRes=128, units='norm', win=Window(...))
14.7965 	EXP 	Created unnamed ImageStim = ImageStim(autoLog=True, color=array([ 1.,  1.,  1.]), colorSpace='rgb', contrast=1.0, depth=0, flipHoriz=False, flipVert=False, image=str(...), interpolate=False, mask=None, maskParams=None, name='unnamed ImageStim', opacity=1.0, ori=0.0, pos=array([ 0.5,  0. ]), size=array([ 1.290625  ,  3.24814815]), texRes=128, units='norm', win=Window(...))
14.8129 	EXP 	Created OKrespZone = GratingStim(autoDraw=False, autoLog=True, color=array([ 1. ,  0.5,  0.5]), colorSpace='rgb', contrast=1.0, depth=0, interpolate=False, mask='gauss', maskParams=None, name='OKrespZone', opacity=1.0, ori=0.0, phase=array([ 0.,  0.]), pos=array([-0.2 , -0.92]), rgbPedestal=array([ 0.,  0.,  0.]), sf=array([ 0.,  0.]), size=array([ 2.3,  0.2]), tex='sin', texRes=256, units='norm', win=Window(...))
15.0018 	DATA 	Keypress: capslock
15.0154 	EXP 	unnamed ImageStim: size = (1, 2)
15.0154 	EXP 	unnamed ImageStim: size = (1, 2)
92.3150 	DATA 	Mouse: Left button down, pos=(720,181)
92.3815 	DATA 	Mouse:  Left button up, pos=(720,181)
101.4486 	DATA 	Mouse: Left button down, pos=(772,47)
101.4647 	EXP 	window1: units = 'deg'
101.4649 	EXP 	window1: units = 'norm'
101.4855 	EXP 	Created OKrespZone = GratingStim(autoDraw=False, autoLog=True, color=array([ 1. ,  0.5,  0.5]), colorSpace='rgb', contrast=1.0, depth=0, interpolate=False, mask='gauss', maskParams=None, name='OKrespZone', opacity=1.0, ori=0.0, phase=array([ 0.,  0.]), pos=array([-0.2 , -0.92]), rgbPedestal=array([ 0.,  0.,  0.]), sf=array([ 0.,  0.]), size=array([ 2.3,  0.2]), tex='sin', texRes=256, units='norm', win=Window(...))
101.5653 	EXP 	Created unnamed ImageStim = ImageStim(autoLog=True, color=array([ 1.,  1.,  1.]), colorSpace='rgb', contrast=1.0, depth=0, flipHoriz=False, flipVert=False, image='abgdj\\PISandConsentForm\\consentForm.png', interpolate=False, mask=None, maskParams=None, name='unnamed ImageStim', opacity=1.0, ori=0.0, pos=array([ 0.,  0.]), size=array([ 1.3375    ,  2.97407407]), texRes=128, units='norm', win=Window(...))
101.6075 	EXP 	Created unnamed GratingStim = GratingStim(autoDraw=False, autoLog=True, color=array([ 1. ,  0.5,  0.5]), colorSpace='rgb', contrast=1.0, depth=0, interpolate=False, mask='gauss', maskParams=None, name='unnamed GratingStim', opacity=1.0, ori=0.0, phase=array([ 0.,  0.]), pos=array([-0.2 , -0.42]), rgbPedestal=array([ 0.,  0.,  0.]), sf=array([ 0.,  0.]), size=array([ 0.3,  0.2]), tex='sin', texRes=256, units='norm', win=Window(...))
101.6496 	EXP 	Created unnamed GratingStim = GratingStim(autoDraw=False, autoLog=True, color=array([ 1. ,  0.5,  0.5]), colorSpace='rgb', contrast=1.0, depth=0, interpolate=False, mask='gauss', maskParams=None, name='unnamed GratingStim', opacity=1.0, ori=0.0, phase=array([ 0.,  0.]), pos=array([ 0.1 , -0.42]), rgbPedestal=array([ 0.,  0.,  0.]), sf=array([ 0.,  0.]), size=array([ 0.3,  0.2]), tex='sin', texRes=256, units='norm', win=Window(...))
101.6719 	EXP 	Created unnamed GratingStim = GratingStim(autoDraw=False, autoLog=True, color=array([ 1. ,  0.5,  0.5]), colorSpace='rgb', contrast=1.0, depth=0, interpolate=False, mask='gauss', maskParams=None, name='unnamed GratingStim', opacity=1.0, ori=0.0, phase=array([ 0.,  0.]), pos=array([-0.2 , -0.72]), rgbPedestal=array([ 0.,  0.,  0.]), sf=array([ 0.,  0.]), size=array([ 0.3,  0.2]), tex='sin', texRes=256, units='norm', win=Window(...))
101.6963 	EXP 	Created unnamed GratingStim = GratingStim(autoDraw=False, autoLog=True, color=array([ 1. ,  0.5,  0.5]), colorSpace='rgb', contrast=1.0, depth=0, interpolate=False, mask='gauss', maskParams=None, name='unnamed GratingStim', opacity=1.0, ori=0.0, phase=array([ 0.,  0.]), pos=array([ 0.1 , -0.72]), rgbPedestal=array([ 0.,  0.,  0.]), sf=array([ 0.,  0.]), size=array([ 0.3,  0.2]), tex='sin', texRes=256, units='norm', win=Window(...))
101.7002 	DATA 	Mouse:  Left button up, pos=(772,47)
101.7063 	EXP 	unnamed ImageStim: size = (1.1, 2)
110.1150 	DATA 	Mouse: Left button down, pos=(754,313)
110.2648 	DATA 	Mouse:  Left button up, pos=(754,313)
114.1983 	DATA 	Mouse: Left button down, pos=(751,154)
114.3815 	DATA 	Mouse:  Left button up, pos=(751,154)
115.8352 	DATA 	Mouse: Left button down, pos=(796,40)
115.8481 	EXP 	window1: units = 'deg'
115.8535 	EXP 	window1: mouseVisible = True
131.0489 	EXP 	Created window1 = Window(allowGUI=False, allowStencil=False, autoLog=True, bitsMode=UNKNOWN, blendMode='avg', color=array([-0.7, -0.7, -0.7]), colorSpace='rgb', fullscr=UNKNOWN, gamma=None, lms=UNKNOWN, monitor=<psychopy.monitors.calibTools.Monitor object at 0x19F60030>, name='window1', pos=[0, 0], screen=0, size=array([1920, 1080]), stereo=False, units='deg', useFBO=False, useRetina=False, viewOri=0.0, viewPos=None, viewScale=None, waitBlanking=False, winType='pyglet')
135.4988 	INFO 	#[ PsychoPy2 RuntimeInfoStart ]
  #[[ PsychoPy ]] #---------
    psychopyVersion: 1.84.2
    psychopyHaveExtRush: True
  #[[ Experiment ]] #---------
    experimentAuthor: None
    experimentAuthVersion: None
    experimentRunTime: 2018_08_10 09:14 (Year_Month_Day Hour:Min)
    experimentRunTime.epoch: 1533856449
    experimentScript: psyc1002.py
    experimentScript.digestSHA1: 03993779484d600ea4c1b8cc2288f3d37a5025d5
    experimentScript.directory: U:\PSYC1002\abgdj
  #[[ System ]] #---------
    systemHaveInternetAccess: True
    systemHostName: W5FH2LG2
    systemLocale: English_United States.1252
    systemMemFreeRAM: 4549.1328125
    systemMemTotalRAM: 8076.9453125
    systemPlatform: windowsversion=sys.getwindowsversion(major=6, minor=2, build=9200, platform=2, service_pack='')
    systemPyo.InputDevices: {4: {'host api index': 2, 'latency': 0.008707483299076557, 'default sr': 44100, 'name': u'Realtek ASIO'}}
    systemPyo.OutputDevices: {0: {'host api index': 0, 'latency': 0.09000000357627869, 'default sr': 44100, 'name': u'Microsoft Sound Mapper - Output'}, 1: {'host api index': 0, 'latency': 0.09000000357627869, 'default sr': 44100, 'name': u'Speakers / Headphones (Realtek '}, 2: {'host api index': 1, 'latency': 0.11999999731779099, 'default sr': 44100, 'name': u'Primary Sound Driver'}, 3: {'host api index': 1, 'latency': 0.11999999731779099, 'default sr': 44100, 'name': u'Speakers / Headphones (Realtek High Definition Audio)'}, 4: {'host api index': 2, 'latency': 0.008707483299076557, 'default sr': 44100, 'name': u'Realtek ASIO'}, 5: {'host api index': 3, 'latency': 0.003000000026077032, 'default sr': 48000, 'name': u'Speakers / Headphones (Realtek High Definition Audio)'}}
    systemPyoVersion: 0.8.0
    systemRebooted: System Boot Time:          8/10/2018, 2:05:29 AM
    systemSec.pythonSSL: True
    systemTimeNumpySD1000000_sec: 0.0086
    systemUser: hgho8778
    systemUserID: 1000
    systemUserProcCmdPid: nimdnsResponder.exe OneDrive.exe nierserver.exe LabStatsUserSpace.exe ssonsvr.exe AGSService.exe dwm.exe nidevldu.exe System sihost.exe csrss.exe SmcGui.exe niauth_daemon.exe wininit.exe SISIDSService.exe CmRcService.exe server_admin.exe winlogon.exe LabStatsClient.exe ShellExperienceHost.exe tagsrv.exe SearchUI.exe ctfmon.exe TrustedInstaller.exe RtkNGUI64.exe nidevmon.exe RAVBg64.exe SearchIndexer.exe TiWorker.exe ''Memory Compression'' explorer.exe server_runtime.exe SCNotification.exe conhost.exe smss.exe WmiPrvSE.exe NIWebServiceContainer.exe ApplicationWebServer.exe nimxs.exe fontdrvhost.exe taskhostw.exe nipxism.exe dllhost.exe acrotray.exe redirector.exe nicitdl5.exe niLxiDiscovery.exe RtkAudioService64.exe cmd.exe SystemWebServer.exe unsecapp.exe tasklist.exe SecurityHealthService.exe sisipsutil.exe nidmsrv.exe Receiver.exe snowagent.exe wfcrun32.exe CcmExec.exe SISIPSService.exe concentr.exe lktsrv.exe nisvcloc.exe server_eventlog.exe pc-client.exe RuntimeBroker.exe lkcitdl.exe python.exe ''System Idle Process'' lkads.exe lsass.exe services.exe niDiscSvc.exe sqlwriter.exe AuthManSvr.exe MSASCuiL.exe spoolsv.exe svchost.exe smartscreen.exe ccSvcHst.exe SelfServicePlugin.exe ni_usbmon.exe AdobeUpdateService.exe armsvc.exe audiodg.exe
    systemUserProcCount: 171
    systemUserProcFlagged: Explorer
    systemUsersCount: False
  #[[ Window ]] #---------
    windowWinType: pyglet
    windowWaitBlanking: False
    windowUseNativeGamma: True
    windowUnits: deg
    windowSize_pix: [1920 1080]
    windowScreen: 0
    windowRgb: [-0.7 -0.7 -0.7]
    windowRefreshTimeSD_ms: 0.161
    windowRefreshTimeMedian_ms: 16.677
    windowRefreshTimeAvg_ms: 16.666
    windowRefreshThreshold_sec: 0.0200
    windowRecordFrameIntervals: False
    windowPos_pix: [0, 0]
    windowMonitor.name: testmonitor
    windowMonitor.getWidth_cm: 57.0
    windowMonitor.getLinearizeMethod: 1
    windowMonitor.getGammaGrid: [[  0.   1.   1.  nan  nan  nan]
 [  0.   1.   1.  nan  nan  nan]
 [  0.   1.   1.  nan  nan  nan]
 [  0.   1.   1.  nan  nan  nan]]
    windowMonitor.getDistance_cm: 57.0
    windowMonitor.gammaInterpolator2: None
    windowMonitor.gammaInterpolator: None
    windowMonitor.currentCalibName: 2018_08_10 09:11
    windowIsFullScr: True
    windowHaveShaders: True
    windowAllowGUI: False
  #[[ Python ]] #---------
    pythonWxVersion: 3.0.2.0 msw (classic)
    pythonVersion: 2.7.11
    pythonScipyVersion: 0.17.1
    pythonPygletVersion: 1.2.4
    pythonPygameVersion: 1.9.2pre
    pythonNumpyVersion: 1.11.0
    pythonMatplotlibVersion: 1.5.1
    pythonFullVersion: 2.7.11 (v2.7.11:6d1b6a68f775, Dec  5 2015, 20:32:19) [MSC v.1500 32 bit (Intel)]
    pythonExecutable: C:\Program Files (x86)\PsychoPy2\python.exe
  #[[ OpenGL ]] #---------
    openGLVersion: 4.4.0 - Build 21.20.16.4627
    openGLVendor: Intel
    openGLRenderingEngine: Intel(R) HD Graphics 530
    openGLmaxVerticesInVertexArray: 1048576
    False: openGLext.GL_STEREO
    True: openGLext.GL_EXT_framebuffer_object
    True: openGLext.GL_ARB_vertex_shader
    True: openGLext.GL_ARB_texture_non_power_of_two
    True: openGLext.GL_ARB_texture_float
    True: openGLext.GL_ARB_shader_objects
    True: openGLext.GL_ARB_multitexture
    True: openGLext.GL_ARB_fragment_program
#[ PsychoPy2 RuntimeInfoEnd ]

135.5480 	EXP 	window1: recordFrameIntervals = True
136.3813 	EXP 	window1: recordFrameIntervals = False
136.3886 	INFO 	Frames per second ~=60.0, which is close enough to desired val of 60.0
136.6004 	EXP 	Created sequence: random, trialTypes=12, nReps=30, seed=None
136.8132 	INFO 	Mouse: using default window
136.8363 	EXP 	Created OKrespZone = GratingStim(autoDraw=False, autoLog=True, color=array([ 1.,  1.,  1.]), colorSpace='rgb', contrast=1.0, depth=0, interpolate=False, mask='gauss', maskParams=None, name='OKrespZone', opacity=1.0, ori=0.0, phase=array([ 0.,  0.]), pos=array([ 0.  ,  0.88]), rgbPedestal=array([ 0.,  0.,  0.]), sf=array([ 0.,  0.]), size=array([ 2. ,  0.2]), tex='sin', texRes=256, units='norm', win=Window(...))
149.3205 	DATA 	Mouse: Left button down, pos=(1150,675)
149.4083 	DATA 	Mouse:  Left button up, pos=(1150,675)
158.9371 	DATA 	Mouse: Left button down, pos=(1493,889)
159.0483 	DATA 	Mouse:  Left button up, pos=(1493,889)
182.8734 	DATA 	Mouse: Left button down, pos=(410,601)
182.9847 	DATA 	Mouse:  Left button up, pos=(410,601)
188.7685 	DATA 	Mouse: Left button down, pos=(1542,884)
188.8323 	DATA 	Mouse:  Left button up, pos=(1542,884)
189.4322 	DATA 	Mouse: Left button down, pos=(1542,884)
189.5123 	DATA 	Mouse:  Left button up, pos=(1542,884)
200.5285 	DATA 	Mouse: Left button down, pos=(763,403)
200.6402 	DATA 	Mouse:  Left button up, pos=(763,403)
212.8655 	DATA 	Mouse: Left button down, pos=(117,180)
212.9682 	DATA 	Mouse:  Left button up, pos=(117,180)
214.0892 	DATA 	Mouse: Left button down, pos=(138,115)
214.1762 	DATA 	Mouse:  Left button up, pos=(138,115)
216.4094 	DATA 	Mouse: Left button down, pos=(950,117)
216.5122 	DATA 	Mouse:  Left button up, pos=(950,117)
218.8326 	DATA 	Mouse: Left button down, pos=(1724,188)
218.9441 	DATA 	Mouse:  Left button up, pos=(1724,188)
220.2725 	DATA 	Mouse: Left button down, pos=(1746,821)
220.3841 	DATA 	Mouse:  Left button up, pos=(1746,821)
222.0484 	DATA 	Mouse: Left button down, pos=(1717,742)
222.1522 	DATA 	Mouse:  Left button up, pos=(1717,743)
223.3369 	DATA 	Mouse: Left button down, pos=(886,1009)
223.3639 	INFO 	Experiment will have 360 trials. Letters will be drawn with superposed noise of 0.00%
223.3776 	EXP 	New trial (rep=0, index=0): {'leftStreamFlip': False, 'oneTarget': False, 'trialInstructionPos': (0, 1), 'probe': 'both', 'rightStreamFlip': False, 'horizVert': True, 'ISIframes': 3, 'rightResponseFirst': False}
223.3777 	INFO 	Starting main part of experiment
223.4318 	DATA 	Mouse:  Left button up, pos=(887,1009)
223.4989 	DATA 	Mouse: Left button down, pos=(887,1009)
223.5654 	DATA 	Mouse:  Left button up, pos=(887,1009)
224.5814 	INFO 	numtrials=360 and this trialDurFrames=41 or 683.333333333 ms  task=T1
226.7814 	EXP 	window1: recordFrameIntervals = False
226.7924 	INFO 	Mouse: using default window
231.0347 	DATA 	Keypress: s
233.7652 	DATA 	Keypress: i
233.9389 	EXP 	New trial (rep=0, index=1): {'leftStreamFlip': False, 'oneTarget': False, 'trialInstructionPos': (0, 1), 'probe': 'both', 'rightStreamFlip': False, 'horizVert': True, 'ISIframes': 3, 'rightResponseFirst': True}
243.4482 	INFO 	numtrials=360 and this trialDurFrames=32 or 533.333333333 ms  task=T1
245.5648 	EXP 	window1: recordFrameIntervals = False
245.5729 	INFO 	Mouse: using default window
247.3983 	DATA 	Keypress: k
249.2651 	DATA 	Keypress: z
249.4047 	EXP 	New trial (rep=0, index=2): {'leftStreamFlip': False, 'oneTarget': False, 'trialInstructionPos': (0, 1), 'probe': 'both', 'rightStreamFlip': False, 'horizVert': True, 'ISIframes': 3, 'rightResponseFirst': True}
249.4151 	INFO 	numtrials=360 and this trialDurFrames=26 or 433.333333333 ms  task=T1
251.4981 	EXP 	window1: recordFrameIntervals = False
251.5066 	INFO 	Mouse: using default window
252.8817 	DATA 	Keypress: i
253.4484 	DATA 	Keypress: k
253.5880 	EXP 	New trial (rep=0, index=3): {'leftStreamFlip': False, 'oneTarget': False, 'trialInstructionPos': (0, -1), 'probe': 'both', 'rightStreamFlip': False, 'horizVert': True, 'ISIframes': 3, 'rightResponseFirst': False}
253.5979 	INFO 	numtrials=360 and this trialDurFrames=26 or 433.333333333 ms  task=T1
255.1315 	EXP 	window1: recordFrameIntervals = False
255.1402 	INFO 	Mouse: using default window
256.2818 	DATA 	Keypress: s
256.8150 	DATA 	Keypress: s
256.9549 	EXP 	New trial (rep=0, index=4): {'leftStreamFlip': False, 'oneTarget': False, 'trialInstructionPos': (0, -1), 'probe': 'both', 'rightStreamFlip': False, 'horizVert': True, 'ISIframes': 3, 'rightResponseFirst': True}
265.2981 	INFO 	numtrials=360 and this trialDurFrames=20 or 333.333333333 ms  task=T1
266.6814 	EXP 	window1: recordFrameIntervals = False
266.6897 	INFO 	Mouse: using default window
267.6824 	DATA 	Keypress: k
268.2332 	DATA 	Keypress: z
268.3892 	EXP 	New trial (rep=0, index=5): {'leftStreamFlip': False, 'oneTarget': False, 'trialInstructionPos': (0, -1), 'probe': 'both', 'rightStreamFlip': False, 'horizVert': True, 'ISIframes': 3, 'rightResponseFirst': False}
268.4148 	INFO 	numtrials=360 and this trialDurFrames=5 or 83.3333333333 ms  task=T1
269.4648 	EXP 	window1: recordFrameIntervals = False
269.4756 	INFO 	Mouse: using default window
270.5150 	DATA 	Keypress: a
270.6984 	DATA 	Keypress: n
270.8395 	EXP 	New trial (rep=0, index=6): {'leftStreamFlip': False, 'oneTarget': True, 'trialInstructionPos': (0, 1), 'probe': 'both', 'rightStreamFlip': False, 'horizVert': True, 'ISIframes': 3, 'rightResponseFirst': False}
270.8645 	INFO 	numtrials=360 and this trialDurFrames=6 or 100.0 ms  task=T1
271.9482 	EXP 	window1: recordFrameIntervals = False
271.9566 	INFO 	Mouse: using default window
274.1649 	DATA 	Keypress: s
274.3061 	EXP 	New trial (rep=0, index=7): {'leftStreamFlip': False, 'oneTarget': False, 'trialInstructionPos': (0, -1), 'probe': 'both', 'rightStreamFlip': False, 'horizVert': True, 'ISIframes': 3, 'rightResponseFirst': True}
274.3321 	INFO 	numtrials=360 and this trialDurFrames=7 or 116.666666667 ms  task=T1
275.3648 	EXP 	window1: recordFrameIntervals = False
275.3732 	INFO 	Mouse: using default window
277.2484 	DATA 	Keypress: y
277.7484 	DATA 	Keypress: a
277.8878 	EXP 	New trial (rep=0, index=8): {'leftStreamFlip': False, 'oneTarget': False, 'trialInstructionPos': (0, 1), 'probe': 'both', 'rightStreamFlip': False, 'horizVert': True, 'ISIframes': 3, 'rightResponseFirst': False}
277.9144 	INFO 	numtrials=360 and this trialDurFrames=6 or 100.0 ms  task=T1
278.9815 	EXP 	window1: recordFrameIntervals = False
278.9896 	INFO 	Mouse: using default window
280.3150 	DATA 	Keypress: z
281.2484 	DATA 	Keypress: z
281.3883 	EXP 	New trial (rep=0, index=9): {'leftStreamFlip': False, 'oneTarget': True, 'trialInstructionPos': (0, -1), 'probe': 'both', 'rightStreamFlip': False, 'horizVert': True, 'ISIframes': 3, 'rightResponseFirst': False}
281.4147 	INFO 	numtrials=360 and this trialDurFrames=6 or 100.0 ms  task=T1
282.5481 	EXP 	window1: recordFrameIntervals = False
282.5565 	INFO 	Mouse: using default window
283.6650 	DATA 	Keypress: m
283.8056 	EXP 	New trial (rep=0, index=10): {'leftStreamFlip': False, 'oneTarget': True, 'trialInstructionPos': (0, -1), 'probe': 'both', 'rightStreamFlip': False, 'horizVert': True, 'ISIframes': 3, 'rightResponseFirst': True}
283.8321 	INFO 	numtrials=360 and this trialDurFrames=5 or 83.3333333333 ms  task=T1
284.8481 	EXP 	window1: recordFrameIntervals = False
284.8571 	INFO 	Mouse: using default window
286.1317 	DATA 	Keypress: n
286.2727 	EXP 	New trial (rep=0, index=11): {'leftStreamFlip': False, 'oneTarget': True, 'trialInstructionPos': (0, 1), 'probe': 'both', 'rightStreamFlip': False, 'horizVert': True, 'ISIframes': 3, 'rightResponseFirst': True}
286.2989 	INFO 	numtrials=360 and this trialDurFrames=6 or 100.0 ms  task=T1
287.3482 	EXP 	window1: recordFrameIntervals = False
287.3567 	INFO 	Mouse: using default window
288.4484 	DATA 	Keypress: a
288.5875 	EXP 	New trial (rep=1, index=0): {'leftStreamFlip': False, 'oneTarget': False, 'trialInstructionPos': (0, 1), 'probe': 'both', 'rightStreamFlip': False, 'horizVert': True, 'ISIframes': 3, 'rightResponseFirst': False}
288.6155 	INFO 	numtrials=360 and this trialDurFrames=6 or 100.0 ms  task=T1
289.8148 	EXP 	window1: recordFrameIntervals = False
289.8230 	INFO 	Mouse: using default window
293.7151 	DATA 	Keypress: a
296.5988 	DATA 	Keypress: z
296.7384 	EXP 	New trial (rep=1, index=1): {'leftStreamFlip': False, 'oneTarget': True, 'trialInstructionPos': (0, -1), 'probe': 'both', 'rightStreamFlip': False, 'horizVert': True, 'ISIframes': 3, 'rightResponseFirst': False}
296.7644 	INFO 	numtrials=360 and this trialDurFrames=7 or 116.666666667 ms  task=T1
298.0148 	EXP 	window1: recordFrameIntervals = False
298.0229 	INFO 	Mouse: using default window
299.1317 	DATA 	Keypress: h
299.2709 	EXP 	New trial (rep=1, index=2): {'leftStreamFlip': False, 'oneTarget': False, 'trialInstructionPos': (0, -1), 'probe': 'both', 'rightStreamFlip': False, 'horizVert': True, 'ISIframes': 3, 'rightResponseFirst': True}
299.2989 	INFO 	numtrials=360 and this trialDurFrames=7 or 116.666666667 ms  task=T1
300.3816 	EXP 	window1: recordFrameIntervals = False
300.3900 	INFO 	Mouse: using default window
302.2152 	DATA 	Keypress: j
302.7817 	DATA 	Keypress: k
302.9214 	EXP 	New trial (rep=1, index=3): {'leftStreamFlip': False, 'oneTarget': False, 'trialInstructionPos': (0, -1), 'probe': 'both', 'rightStreamFlip': False, 'horizVert': True, 'ISIframes': 3, 'rightResponseFirst': False}
302.9478 	INFO 	numtrials=360 and this trialDurFrames=6 or 100.0 ms  task=T1
304.1316 	EXP 	window1: recordFrameIntervals = False
304.1399 	INFO 	Mouse: using default window
306.2984 	DATA 	Keypress: y
307.2984 	DATA 	Keypress: c
307.4375 	EXP 	New trial (rep=1, index=4): {'leftStreamFlip': False, 'oneTarget': False, 'trialInstructionPos': (0, -1), 'probe': 'both', 'rightStreamFlip': False, 'horizVert': True, 'ISIframes': 3, 'rightResponseFirst': False}
307.4658 	INFO 	numtrials=360 and this trialDurFrames=6 or 100.0 ms  task=T1
308.6982 	EXP 	window1: recordFrameIntervals = False
308.7067 	INFO 	Mouse: using default window
309.9650 	DATA 	Keypress: k
310.7158 	DATA 	Keypress: a
310.8557 	EXP 	New trial (rep=1, index=5): {'leftStreamFlip': False, 'oneTarget': False, 'trialInstructionPos': (0, 1), 'probe': 'both', 'rightStreamFlip': False, 'horizVert': True, 'ISIframes': 3, 'rightResponseFirst': True}
310.8823 	INFO 	numtrials=360 and this trialDurFrames=6 or 100.0 ms  task=T1
312.0149 	EXP 	window1: recordFrameIntervals = False
312.0233 	INFO 	Mouse: using default window
313.1986 	DATA 	Keypress: u
313.8333 	DATA 	Keypress: g
313.9865 	EXP 	New trial (rep=1, index=6): {'leftStreamFlip': False, 'oneTarget': False, 'trialInstructionPos': (0, 1), 'probe': 'both', 'rightStreamFlip': False, 'horizVert': True, 'ISIframes': 3, 'rightResponseFirst': True}
314.0154 	INFO 	numtrials=360 and this trialDurFrames=6 or 100.0 ms  task=T1
315.0648 	EXP 	window1: recordFrameIntervals = False
315.0740 	INFO 	Mouse: using default window
316.0984 	DATA 	Keypress: t
316.6652 	DATA 	Keypress: g
316.8046 	EXP 	New trial (rep=1, index=7): {'leftStreamFlip': False, 'oneTarget': True, 'trialInstructionPos': (0, 1), 'probe': 'both', 'rightStreamFlip': False, 'horizVert': True, 'ISIframes': 3, 'rightResponseFirst': True}
316.8311 	INFO 	numtrials=360 and this trialDurFrames=5 or 83.3333333333 ms  task=T1
317.9148 	EXP 	window1: recordFrameIntervals = False
317.9233 	INFO 	Mouse: using default window
318.9651 	DATA 	Keypress: j
319.1060 	EXP 	New trial (rep=1, index=8): {'leftStreamFlip': False, 'oneTarget': False, 'trialInstructionPos': (0, -1), 'probe': 'both', 'rightStreamFlip': False, 'horizVert': True, 'ISIframes': 3, 'rightResponseFirst': True}
319.1313 	INFO 	numtrials=360 and this trialDurFrames=5 or 83.3333333333 ms  task=T1
320.1981 	EXP 	window1: recordFrameIntervals = False
320.2078 	INFO 	Mouse: using default window
321.7150 	DATA 	Keypress: u
322.0151 	DATA 	Keypress: z
322.1545 	EXP 	New trial (rep=1, index=9): {'leftStreamFlip': False, 'oneTarget': True, 'trialInstructionPos': (0, -1), 'probe': 'both', 'rightStreamFlip': False, 'horizVert': True, 'ISIframes': 3, 'rightResponseFirst': True}
322.1821 	INFO 	numtrials=360 and this trialDurFrames=5 or 83.3333333333 ms  task=T1
323.2815 	EXP 	window1: recordFrameIntervals = False
323.2905 	INFO 	Mouse: using default window
324.4651 	DATA 	Keypress: r
324.6037 	EXP 	New trial (rep=1, index=10): {'leftStreamFlip': False, 'oneTarget': True, 'trialInstructionPos': (0, 1), 'probe': 'both', 'rightStreamFlip': False, 'horizVert': True, 'ISIframes': 3, 'rightResponseFirst': False}
324.6145 	INFO 	numtrials=360 and this trialDurFrames=5 or 83.3333333333 ms  task=T1
325.7814 	EXP 	window1: recordFrameIntervals = False
325.7902 	INFO 	Mouse: using default window
326.8483 	DATA 	Keypress: y
326.9871 	EXP 	New trial (rep=1, index=11): {'leftStreamFlip': False, 'oneTarget': False, 'trialInstructionPos': (0, 1), 'probe': 'both', 'rightStreamFlip': False, 'horizVert': True, 'ISIframes': 3, 'rightResponseFirst': False}
327.0153 	INFO 	numtrials=360 and this trialDurFrames=5 or 83.3333333333 ms  task=T1
328.0480 	EXP 	window1: recordFrameIntervals = False
328.0564 	INFO 	Mouse: using default window
330.1484 	DATA 	Keypress: a
331.2483 	DATA 	Keypress: g
331.3889 	EXP 	New trial (rep=2, index=0): {'leftStreamFlip': False, 'oneTarget': False, 'trialInstructionPos': (0, -1), 'probe': 'both', 'rightStreamFlip': False, 'horizVert': True, 'ISIframes': 3, 'rightResponseFirst': False}
331.4143 	INFO 	numtrials=360 and this trialDurFrames=5 or 83.3333333333 ms  task=T1
332.5648 	EXP 	window1: recordFrameIntervals = False
332.5735 	INFO 	Mouse: using default window
334.0318 	DATA 	Keypress: z
334.7984 	DATA 	Keypress: t
334.9391 	EXP 	New trial (rep=2, index=1): {'leftStreamFlip': False, 'oneTarget': False, 'trialInstructionPos': (0, 1), 'probe': 'both', 'rightStreamFlip': False, 'horizVert': True, 'ISIframes': 3, 'rightResponseFirst': False}
334.9645 	INFO 	numtrials=360 and this trialDurFrames=5 or 83.3333333333 ms  task=T1
335.9816 	EXP 	window1: recordFrameIntervals = False
335.9897 	INFO 	Mouse: using default window
338.0483 	DATA 	Keypress: k
338.8984 	DATA 	Keypress: g
339.0385 	EXP 	New trial (rep=2, index=2): {'leftStreamFlip': False, 'oneTarget': True, 'trialInstructionPos': (0, 1), 'probe': 'both', 'rightStreamFlip': False, 'horizVert': True, 'ISIframes': 3, 'rightResponseFirst': True}
339.0643 	INFO 	numtrials=360 and this trialDurFrames=5 or 83.3333333333 ms  task=T1
340.2816 	EXP 	window1: recordFrameIntervals = False
340.2905 	INFO 	Mouse: using default window
341.4317 	DATA 	Keypress: t
341.5708 	EXP 	New trial (rep=2, index=3): {'leftStreamFlip': False, 'oneTarget': False, 'trialInstructionPos': (0, -1), 'probe': 'both', 'rightStreamFlip': False, 'horizVert': True, 'ISIframes': 3, 'rightResponseFirst': True}
341.5980 	INFO 	numtrials=360 and this trialDurFrames=6 or 100.0 ms  task=T1
342.7816 	EXP 	window1: recordFrameIntervals = False
342.7895 	INFO 	Mouse: using default window
344.7817 	DATA 	Keypress: c
345.1818 	DATA 	Keypress: n
345.3212 	EXP 	New trial (rep=2, index=4): {'leftStreamFlip': False, 'oneTarget': False, 'trialInstructionPos': (0, 1), 'probe': 'both', 'rightStreamFlip': False, 'horizVert': True, 'ISIframes': 3, 'rightResponseFirst': False}
345.3476 	INFO 	numtrials=360 and this trialDurFrames=6 or 100.0 ms  task=T1
346.5815 	EXP 	window1: recordFrameIntervals = False
346.5905 	INFO 	Mouse: using default window
348.0984 	DATA 	Keypress: y
348.5152 	DATA 	Keypress: t
348.6552 	EXP 	New trial (rep=2, index=5): {'leftStreamFlip': False, 'oneTarget': False, 'trialInstructionPos': (0, -1), 'probe': 'both', 'rightStreamFlip': False, 'horizVert': True, 'ISIframes': 3, 'rightResponseFirst': True}
348.6811 	INFO 	numtrials=360 and this trialDurFrames=5 or 83.3333333333 ms  task=T1
349.7980 	EXP 	window1: recordFrameIntervals = False
349.8068 	INFO 	Mouse: using default window
351.0151 	DATA 	Keypress: c
352.3483 	DATA 	Keypress: g
352.4881 	EXP 	New trial (rep=2, index=6): {'leftStreamFlip': False, 'oneTarget': False, 'trialInstructionPos': (0, 1), 'probe': 'both', 'rightStreamFlip': False, 'horizVert': True, 'ISIframes': 3, 'rightResponseFirst': True}
352.5147 	INFO 	numtrials=360 and this trialDurFrames=5 or 83.3333333333 ms  task=T1
353.5482 	EXP 	window1: recordFrameIntervals = False
353.5569 	INFO 	Mouse: using default window
354.8320 	DATA 	Keypress: t
355.4985 	DATA 	Keypress: h
355.6384 	EXP 	New trial (rep=2, index=7): {'leftStreamFlip': False, 'oneTarget': False, 'trialInstructionPos': (0, 1), 'probe': 'both', 'rightStreamFlip': False, 'horizVert': True, 'ISIframes': 3, 'rightResponseFirst': True}
355.6647 	INFO 	numtrials=360 and this trialDurFrames=6 or 100.0 ms  task=T1
356.7982 	EXP 	window1: recordFrameIntervals = False
356.8066 	INFO 	Mouse: using default window
357.9151 	DATA 	Keypress: r
358.2330 	DATA 	Keypress: m
358.4010 	EXP 	New trial (rep=2, index=8): {'leftStreamFlip': False, 'oneTarget': False, 'trialInstructionPos': (0, -1), 'probe': 'both', 'rightStreamFlip': False, 'horizVert': True, 'ISIframes': 3, 'rightResponseFirst': False}
358.4145 	INFO 	numtrials=360 and this trialDurFrames=6 or 100.0 ms  task=T1
359.6648 	EXP 	window1: recordFrameIntervals = False
359.6730 	INFO 	Mouse: using default window
361.0325 	DATA 	Keypress: e
361.5316 	DATA 	Keypress: a
361.6726 	EXP 	New trial (rep=2, index=9): {'leftStreamFlip': False, 'oneTarget': True, 'trialInstructionPos': (0, -1), 'probe': 'both', 'rightStreamFlip': False, 'horizVert': True, 'ISIframes': 3, 'rightResponseFirst': False}
361.6978 	INFO 	numtrials=360 and this trialDurFrames=6 or 100.0 ms  task=T1
362.7481 	EXP 	window1: recordFrameIntervals = False
362.7566 	INFO 	Mouse: using default window
364.0492 	DATA 	Keypress: r
364.1895 	EXP 	New trial (rep=2, index=10): {'leftStreamFlip': False, 'oneTarget': True, 'trialInstructionPos': (0, 1), 'probe': 'both', 'rightStreamFlip': False, 'horizVert': True, 'ISIframes': 3, 'rightResponseFirst': False}
364.2147 	INFO 	numtrials=360 and this trialDurFrames=6 or 100.0 ms  task=T1
365.2315 	EXP 	window1: recordFrameIntervals = False
365.2401 	INFO 	Mouse: using default window
365.9996 	DATA 	Keypress: r
366.1390 	EXP 	New trial (rep=2, index=11): {'leftStreamFlip': False, 'oneTarget': True, 'trialInstructionPos': (0, -1), 'probe': 'both', 'rightStreamFlip': False, 'horizVert': True, 'ISIframes': 3, 'rightResponseFirst': True}
366.1645 	INFO 	numtrials=360 and this trialDurFrames=6 or 100.0 ms  task=T1
367.3148 	EXP 	window1: recordFrameIntervals = False
367.3235 	INFO 	Mouse: using default window
368.1151 	DATA 	Keypress: a
368.2566 	EXP 	New trial (rep=3, index=0): {'leftStreamFlip': False, 'oneTarget': False, 'trialInstructionPos': (0, 1), 'probe': 'both', 'rightStreamFlip': False, 'horizVert': True, 'ISIframes': 3, 'rightResponseFirst': False}
368.2822 	INFO 	numtrials=360 and this trialDurFrames=6 or 100.0 ms  task=T1
369.3481 	EXP 	window1: recordFrameIntervals = False
369.3564 	INFO 	Mouse: using default window
370.5818 	DATA 	Keypress: g
370.9484 	DATA 	Keypress: e
371.0876 	EXP 	New trial (rep=3, index=1): {'leftStreamFlip': False, 'oneTarget': False, 'trialInstructionPos': (0, 1), 'probe': 'both', 'rightStreamFlip': False, 'horizVert': True, 'ISIframes': 3, 'rightResponseFirst': True}
371.1147 	INFO 	numtrials=360 and this trialDurFrames=6 or 100.0 ms  task=T1
372.3484 	EXP 	window1: recordFrameIntervals = False
372.3564 	INFO 	Mouse: using default window
373.2651 	DATA 	Keypress: u
373.8985 	DATA 	Keypress: g
374.0385 	EXP 	New trial (rep=3, index=2): {'leftStreamFlip': False, 'oneTarget': True, 'trialInstructionPos': (0, -1), 'probe': 'both', 'rightStreamFlip': False, 'horizVert': True, 'ISIframes': 3, 'rightResponseFirst': False}
374.0645 	INFO 	numtrials=360 and this trialDurFrames=6 or 100.0 ms  task=T1
375.2648 	EXP 	window1: recordFrameIntervals = False
375.2730 	INFO 	Mouse: using default window
376.1150 	DATA 	Keypress: n
376.2550 	EXP 	New trial (rep=3, index=3): {'leftStreamFlip': False, 'oneTarget': True, 'trialInstructionPos': (0, 1), 'probe': 'both', 'rightStreamFlip': False, 'horizVert': True, 'ISIframes': 3, 'rightResponseFirst': False}
376.2822 	INFO 	numtrials=360 and this trialDurFrames=6 or 100.0 ms  task=T1
377.4648 	EXP 	window1: recordFrameIntervals = False
377.4732 	INFO 	Mouse: using default window
378.2152 	DATA 	Keypress: g
378.3552 	EXP 	New trial (rep=3, index=4): {'leftStreamFlip': False, 'oneTarget': False, 'trialInstructionPos': (0, -1), 'probe': 'both', 'rightStreamFlip': False, 'horizVert': True, 'ISIframes': 3, 'rightResponseFirst': False}
378.3811 	INFO 	numtrials=360 and this trialDurFrames=6 or 100.0 ms  task=T1
379.6314 	EXP 	window1: recordFrameIntervals = False
379.6403 	INFO 	Mouse: using default window
381.0818 	DATA 	Keypress: j
381.5984 	DATA 	Keypress: i
381.7377 	EXP 	New trial (rep=3, index=5): {'leftStreamFlip': False, 'oneTarget': False, 'trialInstructionPos': (0, -1), 'probe': 'both', 'rightStreamFlip': False, 'horizVert': True, 'ISIframes': 3, 'rightResponseFirst': False}
381.7655 	INFO 	numtrials=360 and this trialDurFrames=6 or 100.0 ms  task=T1
382.9815 	EXP 	window1: recordFrameIntervals = False
382.9904 	INFO 	Mouse: using default window
385.1984 	DATA 	Keypress: r
385.6484 	DATA 	Keypress: n
385.7886 	EXP 	New trial (rep=3, index=6): {'leftStreamFlip': False, 'oneTarget': False, 'trialInstructionPos': (0, -1), 'probe': 'both', 'rightStreamFlip': False, 'horizVert': True, 'ISIframes': 3, 'rightResponseFirst': True}
385.8157 	INFO 	numtrials=360 and this trialDurFrames=6 or 100.0 ms  task=T1
386.8316 	EXP 	window1: recordFrameIntervals = False
386.8400 	INFO 	Mouse: using default window
388.6485 	DATA 	Keypress: c
389.0484 	DATA 	Keypress: t
389.1888 	EXP 	New trial (rep=3, index=7): {'leftStreamFlip': False, 'oneTarget': False, 'trialInstructionPos': (0, 1), 'probe': 'both', 'rightStreamFlip': False, 'horizVert': True, 'ISIframes': 3, 'rightResponseFirst': False}
389.2145 	INFO 	numtrials=360 and this trialDurFrames=6 or 100.0 ms  task=T1
390.3152 	EXP 	window1: recordFrameIntervals = False
390.3238 	INFO 	Mouse: using default window
392.2655 	DATA 	Keypress: n
392.6330 	DATA 	Keypress: t
392.7880 	EXP 	New trial (rep=3, index=8): {'leftStreamFlip': False, 'oneTarget': False, 'trialInstructionPos': (0, 1), 'probe': 'both', 'rightStreamFlip': False, 'horizVert': True, 'ISIframes': 3, 'rightResponseFirst': True}
392.8142 	INFO 	numtrials=360 and this trialDurFrames=6 or 100.0 ms  task=T1
393.8815 	EXP 	window1: recordFrameIntervals = False
393.8897 	INFO 	Mouse: using default window
394.8150 	DATA 	Keypress: g
395.1483 	DATA 	Keypress: n
395.2896 	EXP 	New trial (rep=3, index=9): {'leftStreamFlip': False, 'oneTarget': False, 'trialInstructionPos': (0, -1), 'probe': 'both', 'rightStreamFlip': False, 'horizVert': True, 'ISIframes': 3, 'rightResponseFirst': True}
395.3145 	INFO 	numtrials=360 and this trialDurFrames=6 or 100.0 ms  task=T1
396.4317 	EXP 	window1: recordFrameIntervals = False
396.4399 	INFO 	Mouse: using default window
397.7317 	DATA 	Keypress: r
397.9483 	DATA 	Keypress: u
398.0884 	EXP 	New trial (rep=3, index=10): {'leftStreamFlip': False, 'oneTarget': True, 'trialInstructionPos': (0, 1), 'probe': 'both', 'rightStreamFlip': False, 'horizVert': True, 'ISIframes': 3, 'rightResponseFirst': True}
398.1144 	INFO 	numtrials=360 and this trialDurFrames=5 or 83.3333333333 ms  task=T1
399.3481 	EXP 	window1: recordFrameIntervals = False
399.3598 	INFO 	Mouse: using default window
400.3650 	DATA 	Keypress: t
400.5046 	EXP 	New trial (rep=3, index=11): {'leftStreamFlip': False, 'oneTarget': True, 'trialInstructionPos': (0, -1), 'probe': 'both', 'rightStreamFlip': False, 'horizVert': True, 'ISIframes': 3, 'rightResponseFirst': True}
400.5313 	INFO 	numtrials=360 and this trialDurFrames=6 or 100.0 ms  task=T1
401.6149 	EXP 	window1: recordFrameIntervals = False
401.6238 	INFO 	Mouse: using default window
402.3984 	DATA 	Keypress: h
402.5381 	EXP 	New trial (rep=4, index=0): {'leftStreamFlip': False, 'oneTarget': True, 'trialInstructionPos': (0, 1), 'probe': 'both', 'rightStreamFlip': False, 'horizVert': True, 'ISIframes': 3, 'rightResponseFirst': True}
402.5654 	INFO 	numtrials=360 and this trialDurFrames=6 or 100.0 ms  task=T1
403.6148 	EXP 	window1: recordFrameIntervals = False
403.6235 	INFO 	Mouse: using default window
404.4151 	DATA 	Keypress: j
404.5546 	EXP 	New trial (rep=4, index=1): {'leftStreamFlip': False, 'oneTarget': True, 'trialInstructionPos': (0, 1), 'probe': 'both', 'rightStreamFlip': False, 'horizVert': True, 'ISIframes': 3, 'rightResponseFirst': False}
404.5811 	INFO 	numtrials=360 and this trialDurFrames=6 or 100.0 ms  task=T1
405.5981 	EXP 	window1: recordFrameIntervals = False
405.6066 	INFO 	Mouse: using default window
406.5317 	DATA 	Keypress: y
406.6713 	EXP 	New trial (rep=4, index=2): {'leftStreamFlip': False, 'oneTarget': True, 'trialInstructionPos': (0, -1), 'probe': 'both', 'rightStreamFlip': False, 'horizVert': True, 'ISIframes': 3, 'rightResponseFirst': False}
406.6988 	INFO 	numtrials=360 and this trialDurFrames=6 or 100.0 ms  task=T1
407.7316 	EXP 	window1: recordFrameIntervals = False
407.7400 	INFO 	Mouse: using default window
408.5484 	DATA 	Keypress: a
408.6871 	EXP 	New trial (rep=4, index=3): {'leftStreamFlip': False, 'oneTarget': False, 'trialInstructionPos': (0, 1), 'probe': 'both', 'rightStreamFlip': False, 'horizVert': True, 'ISIframes': 3, 'rightResponseFirst': False}
408.7155 	INFO 	numtrials=360 and this trialDurFrames=6 or 100.0 ms  task=T1
409.8315 	EXP 	window1: recordFrameIntervals = False
409.8397 	INFO 	Mouse: using default window
411.0985 	DATA 	Keypress: j
411.9984 	DATA 	Keypress: c
412.1380 	EXP 	New trial (rep=4, index=4): {'leftStreamFlip': False, 'oneTarget': False, 'trialInstructionPos': (0, -1), 'probe': 'both', 'rightStreamFlip': False, 'horizVert': True, 'ISIframes': 3, 'rightResponseFirst': False}
412.1644 	INFO 	numtrials=360 and this trialDurFrames=6 or 100.0 ms  task=T1
413.3815 	EXP 	window1: recordFrameIntervals = False
413.3892 	INFO 	Mouse: using default window
414.6818 	DATA 	Keypress: n
415.4652 	DATA 	Keypress: u
415.6081 	EXP 	New trial (rep=4, index=5): {'leftStreamFlip': False, 'oneTarget': True, 'trialInstructionPos': (0, -1), 'probe': 'both', 'rightStreamFlip': False, 'horizVert': True, 'ISIframes': 3, 'rightResponseFirst': True}
415.6311 	INFO 	numtrials=360 and this trialDurFrames=6 or 100.0 ms  task=T1
416.8649 	EXP 	window1: recordFrameIntervals = False
416.8738 	INFO 	Mouse: using default window
417.5818 	DATA 	Keypress: y
417.7210 	EXP 	New trial (rep=4, index=6): {'leftStreamFlip': False, 'oneTarget': False, 'trialInstructionPos': (0, -1), 'probe': 'both', 'rightStreamFlip': False, 'horizVert': True, 'ISIframes': 3, 'rightResponseFirst': True}
417.7487 	INFO 	numtrials=360 and this trialDurFrames=6 or 100.0 ms  task=T1
418.8149 	EXP 	window1: recordFrameIntervals = False
418.8245 	INFO 	Mouse: using default window
419.8652 	DATA 	Keypress: g
420.2652 	DATA 	Keypress: r
420.4063 	EXP 	New trial (rep=4, index=7): {'leftStreamFlip': False, 'oneTarget': False, 'trialInstructionPos': (0, 1), 'probe': 'both', 'rightStreamFlip': False, 'horizVert': True, 'ISIframes': 3, 'rightResponseFirst': True}
420.4316 	INFO 	numtrials=360 and this trialDurFrames=6 or 100.0 ms  task=T1
421.6813 	EXP 	window1: recordFrameIntervals = False
421.6898 	INFO 	Mouse: using default window
422.4817 	DATA 	Keypress: r
422.7317 	DATA 	Keypress: n
422.8711 	EXP 	New trial (rep=4, index=8): {'leftStreamFlip': False, 'oneTarget': False, 'trialInstructionPos': (0, 1), 'probe': 'both', 'rightStreamFlip': False, 'horizVert': True, 'ISIframes': 3, 'rightResponseFirst': False}
422.8977 	INFO 	numtrials=360 and this trialDurFrames=6 or 100.0 ms  task=T1
423.9815 	EXP 	window1: recordFrameIntervals = False
423.9901 	INFO 	Mouse: using default window
425.4009 	DATA 	Keypress: g
425.8344 	DATA 	Keypress: r
425.9911 	EXP 	New trial (rep=4, index=9): {'leftStreamFlip': False, 'oneTarget': False, 'trialInstructionPos': (0, 1), 'probe': 'both', 'rightStreamFlip': False, 'horizVert': True, 'ISIframes': 3, 'rightResponseFirst': True}
426.0147 	INFO 	numtrials=360 and this trialDurFrames=6 or 100.0 ms  task=T1
427.1815 	EXP 	window1: recordFrameIntervals = False
427.1902 	INFO 	Mouse: using default window
428.2164 	DATA 	Keypress: a
428.5985 	DATA 	Keypress: n
428.7385 	EXP 	New trial (rep=4, index=10): {'leftStreamFlip': False, 'oneTarget': False, 'trialInstructionPos': (0, -1), 'probe': 'both', 'rightStreamFlip': False, 'horizVert': True, 'ISIframes': 3, 'rightResponseFirst': True}
428.7645 	INFO 	numtrials=360 and this trialDurFrames=6 or 100.0 ms  task=T1
430.0149 	EXP 	window1: recordFrameIntervals = False
430.0233 	INFO 	Mouse: using default window
430.9317 	DATA 	Keypress: r
431.2818 	DATA 	Keypress: a
431.4214 	EXP 	New trial (rep=4, index=11): {'leftStreamFlip': False, 'oneTarget': False, 'trialInstructionPos': (0, -1), 'probe': 'both', 'rightStreamFlip': False, 'horizVert': True, 'ISIframes': 3, 'rightResponseFirst': False}
431.4477 	INFO 	numtrials=360 and this trialDurFrames=6 or 100.0 ms  task=T1
432.5982 	EXP 	window1: recordFrameIntervals = False
432.6064 	INFO 	Mouse: using default window
433.7651 	DATA 	Keypress: r
434.1151 	DATA 	Keypress: a
434.2550 	EXP 	New trial (rep=5, index=0): {'leftStreamFlip': False, 'oneTarget': False, 'trialInstructionPos': (0, 1), 'probe': 'both', 'rightStreamFlip': False, 'horizVert': True, 'ISIframes': 3, 'rightResponseFirst': True}
434.2811 	INFO 	numtrials=360 and this trialDurFrames=6 or 100.0 ms  task=T1
435.5148 	EXP 	window1: recordFrameIntervals = False
435.5238 	INFO 	Mouse: using default window
436.7485 	DATA 	Keypress: n
437.0163 	DATA 	Keypress: z
437.1721 	EXP 	New trial (rep=5, index=1): {'leftStreamFlip': False, 'oneTarget': False, 'trialInstructionPos': (0, -1), 'probe': 'both', 'rightStreamFlip': False, 'horizVert': True, 'ISIframes': 3, 'rightResponseFirst': False}
437.1979 	INFO 	numtrials=360 and this trialDurFrames=6 or 100.0 ms  task=T1
438.2150 	EXP 	window1: recordFrameIntervals = False
438.2237 	INFO 	Mouse: using default window
439.6319 	DATA 	Keypress: n
439.9817 	DATA 	Keypress: c
440.1224 	EXP 	New trial (rep=5, index=2): {'leftStreamFlip': False, 'oneTarget': False, 'trialInstructionPos': (0, 1), 'probe': 'both', 'rightStreamFlip': False, 'horizVert': True, 'ISIframes': 3, 'rightResponseFirst': True}
440.1477 	INFO 	numtrials=360 and this trialDurFrames=6 or 100.0 ms  task=T1
441.1982 	EXP 	window1: recordFrameIntervals = False
441.2071 	INFO 	Mouse: using default window
442.0984 	DATA 	Keypress: t
442.5818 	DATA 	Keypress: m
442.7215 	EXP 	New trial (rep=5, index=3): {'leftStreamFlip': False, 'oneTarget': False, 'trialInstructionPos': (0, 1), 'probe': 'both', 'rightStreamFlip': False, 'horizVert': True, 'ISIframes': 3, 'rightResponseFirst': False}
442.7477 	INFO 	numtrials=360 and this trialDurFrames=6 or 100.0 ms  task=T1
443.9815 	EXP 	window1: recordFrameIntervals = False
443.9901 	INFO 	Mouse: using default window
445.6150 	DATA 	Keypress: r
447.0150 	DATA 	Keypress: e
447.1552 	EXP 	New trial (rep=5, index=4): {'leftStreamFlip': False, 'oneTarget': False, 'trialInstructionPos': (0, -1), 'probe': 'both', 'rightStreamFlip': False, 'horizVert': True, 'ISIframes': 3, 'rightResponseFirst': False}
447.1814 	INFO 	numtrials=360 and this trialDurFrames=6 or 100.0 ms  task=T1
448.2481 	EXP 	window1: recordFrameIntervals = False
448.2566 	INFO 	Mouse: using default window
449.6818 	DATA 	Keypress: t
449.9818 	DATA 	Keypress: a
450.1202 	EXP 	New trial (rep=5, index=5): {'leftStreamFlip': False, 'oneTarget': False, 'trialInstructionPos': (0, -1), 'probe': 'both', 'rightStreamFlip': False, 'horizVert': True, 'ISIframes': 3, 'rightResponseFirst': True}
450.1490 	INFO 	numtrials=360 and this trialDurFrames=6 or 100.0 ms  task=T1
451.3150 	EXP 	window1: recordFrameIntervals = False
451.3242 	INFO 	Mouse: using default window
452.8483 	DATA 	Keypress: z
453.4152 	DATA 	Keypress: y
453.5546 	EXP 	New trial (rep=5, index=6): {'leftStreamFlip': False, 'oneTarget': True, 'trialInstructionPos': (0, -1), 'probe': 'both', 'rightStreamFlip': False, 'horizVert': True, 'ISIframes': 3, 'rightResponseFirst': False}
453.5811 	INFO 	numtrials=360 and this trialDurFrames=6 or 100.0 ms  task=T1
454.7815 	EXP 	window1: recordFrameIntervals = False
454.7899 	INFO 	Mouse: using default window
455.6318 	DATA 	Keypress: e
455.7705 	EXP 	New trial (rep=5, index=7): {'leftStreamFlip': False, 'oneTarget': True, 'trialInstructionPos': (0, -1), 'probe': 'both', 'rightStreamFlip': False, 'horizVert': True, 'ISIframes': 3, 'rightResponseFirst': True}
455.7990 	INFO 	numtrials=360 and this trialDurFrames=6 or 100.0 ms  task=T1
456.9815 	EXP 	window1: recordFrameIntervals = False
456.9900 	INFO 	Mouse: using default window
457.8333 	DATA 	Keypress: z
457.9866 	EXP 	New trial (rep=5, index=8): {'leftStreamFlip': False, 'oneTarget': True, 'trialInstructionPos': (0, 1), 'probe': 'both', 'rightStreamFlip': False, 'horizVert': True, 'ISIframes': 3, 'rightResponseFirst': False}
458.0148 	INFO 	numtrials=360 and this trialDurFrames=6 or 100.0 ms  task=T1
459.0484 	EXP 	window1: recordFrameIntervals = False
459.0569 	INFO 	Mouse: using default window
459.9985 	DATA 	Keypress: a
460.1378 	EXP 	New trial (rep=5, index=9): {'leftStreamFlip': False, 'oneTarget': True, 'trialInstructionPos': (0, 1), 'probe': 'both', 'rightStreamFlip': False, 'horizVert': True, 'ISIframes': 3, 'rightResponseFirst': True}
460.1657 	INFO 	numtrials=360 and this trialDurFrames=6 or 100.0 ms  task=T1
461.3148 	EXP 	window1: recordFrameIntervals = False
461.3234 	INFO 	Mouse: using default window
462.2331 	DATA 	Keypress: f
462.3887 	EXP 	New trial (rep=5, index=10): {'leftStreamFlip': False, 'oneTarget': False, 'trialInstructionPos': (0, 1), 'probe': 'both', 'rightStreamFlip': False, 'horizVert': True, 'ISIframes': 3, 'rightResponseFirst': False}
462.4151 	INFO 	numtrials=360 and this trialDurFrames=6 or 100.0 ms  task=T1
463.4482 	EXP 	window1: recordFrameIntervals = False
463.4568 	INFO 	Mouse: using default window
464.7318 	DATA 	Keypress: m
465.2817 	DATA 	Keypress: u
465.4248 	EXP 	New trial (rep=5, index=11): {'leftStreamFlip': False, 'oneTarget': False, 'trialInstructionPos': (0, -1), 'probe': 'both', 'rightStreamFlip': False, 'horizVert': True, 'ISIframes': 3, 'rightResponseFirst': True}
465.4476 	INFO 	numtrials=360 and this trialDurFrames=6 or 100.0 ms  task=T1
466.6316 	EXP 	window1: recordFrameIntervals = False
466.6401 	INFO 	Mouse: using default window
467.7317 	DATA 	Keypress: y
468.3652 	DATA 	Keypress: a
468.5040 	EXP 	New trial (rep=6, index=0): {'leftStreamFlip': False, 'oneTarget': False, 'trialInstructionPos': (0, -1), 'probe': 'both', 'rightStreamFlip': False, 'horizVert': True, 'ISIframes': 3, 'rightResponseFirst': False}
468.5320 	INFO 	numtrials=360 and this trialDurFrames=6 or 100.0 ms  task=T1
469.7315 	EXP 	window1: recordFrameIntervals = False
469.7397 	INFO 	Mouse: using default window
471.2317 	DATA 	Keypress: t
471.8984 	DATA 	Keypress: e
472.0381 	EXP 	New trial (rep=6, index=1): {'leftStreamFlip': False, 'oneTarget': False, 'trialInstructionPos': (0, 1), 'probe': 'both', 'rightStreamFlip': False, 'horizVert': True, 'ISIframes': 3, 'rightResponseFirst': True}
472.0647 	INFO 	numtrials=360 and this trialDurFrames=6 or 100.0 ms  task=T1
473.2648 	EXP 	window1: recordFrameIntervals = False
473.2737 	INFO 	Mouse: using default window
474.2336 	DATA 	Keypress: e
474.6487 	DATA 	Keypress: t
474.7896 	EXP 	New trial (rep=6, index=2): {'leftStreamFlip': False, 'oneTarget': True, 'trialInstructionPos': (0, 1), 'probe': 'both', 'rightStreamFlip': False, 'horizVert': True, 'ISIframes': 3, 'rightResponseFirst': False}
474.8145 	INFO 	numtrials=360 and this trialDurFrames=6 or 100.0 ms  task=T1
476.0315 	EXP 	window1: recordFrameIntervals = False
476.0406 	INFO 	Mouse: using default window
477.2150 	DATA 	Keypress: j
477.3545 	EXP 	New trial (rep=6, index=3): {'leftStreamFlip': False, 'oneTarget': False, 'trialInstructionPos': (0, 1), 'probe': 'both', 'rightStreamFlip': False, 'horizVert': True, 'ISIframes': 3, 'rightResponseFirst': True}
477.3810 	INFO 	numtrials=360 and this trialDurFrames=6 or 100.0 ms  task=T1
478.4481 	EXP 	window1: recordFrameIntervals = False
478.4565 	INFO 	Mouse: using default window
479.5651 	DATA 	Keypress: u
479.7823 	DATA 	Keypress: t
479.9217 	EXP 	New trial (rep=6, index=4): {'leftStreamFlip': False, 'oneTarget': False, 'trialInstructionPos': (0, 1), 'probe': 'both', 'rightStreamFlip': False, 'horizVert': True, 'ISIframes': 3, 'rightResponseFirst': False}
479.9478 	INFO 	numtrials=360 and this trialDurFrames=6 or 100.0 ms  task=T1
481.1482 	EXP 	window1: recordFrameIntervals = False
481.1568 	INFO 	Mouse: using default window
482.4483 	DATA 	Keypress: a
482.8150 	DATA 	Keypress: f
482.9553 	EXP 	New trial (rep=6, index=5): {'leftStreamFlip': False, 'oneTarget': False, 'trialInstructionPos': (0, 1), 'probe': 'both', 'rightStreamFlip': False, 'horizVert': True, 'ISIframes': 3, 'rightResponseFirst': False}
482.9812 	INFO 	numtrials=360 and this trialDurFrames=6 or 100.0 ms  task=T1
484.1148 	EXP 	window1: recordFrameIntervals = False
484.1233 	INFO 	Mouse: using default window
485.0485 	DATA 	Keypress: g
485.2984 	DATA 	Keypress: n
485.4602 	EXP 	New trial (rep=6, index=6): {'leftStreamFlip': False, 'oneTarget': False, 'trialInstructionPos': (0, -1), 'probe': 'both', 'rightStreamFlip': False, 'horizVert': True, 'ISIframes': 3, 'rightResponseFirst': True}
485.4814 	INFO 	numtrials=360 and this trialDurFrames=6 or 100.0 ms  task=T1
486.5149 	EXP 	window1: recordFrameIntervals = False
486.5233 	INFO 	Mouse: using default window
487.3986 	DATA 	Keypress: s
487.8326 	DATA 	Keypress: m
487.9702 	EXP 	New trial (rep=6, index=7): {'leftStreamFlip': False, 'oneTarget': True, 'trialInstructionPos': (0, -1), 'probe': 'both', 'rightStreamFlip': False, 'horizVert': True, 'ISIframes': 3, 'rightResponseFirst': False}
487.9987 	INFO 	numtrials=360 and this trialDurFrames=6 or 100.0 ms  task=T1
489.0315 	EXP 	window1: recordFrameIntervals = False
489.0409 	INFO 	Mouse: using default window
490.2818 	DATA 	Keypress: n
490.4202 	EXP 	New trial (rep=6, index=8): {'leftStreamFlip': False, 'oneTarget': False, 'trialInstructionPos': (0, -1), 'probe': 'both', 'rightStreamFlip': False, 'horizVert': True, 'ISIframes': 3, 'rightResponseFirst': True}
490.4483 	INFO 	numtrials=360 and this trialDurFrames=6 or 100.0 ms  task=T1
491.6650 	EXP 	window1: recordFrameIntervals = False
491.6731 	INFO 	Mouse: using default window
493.2984 	DATA 	Keypress: c
493.7486 	DATA 	Keypress: u
493.8881 	EXP 	New trial (rep=6, index=9): {'leftStreamFlip': False, 'oneTarget': True, 'trialInstructionPos': (0, 1), 'probe': 'both', 'rightStreamFlip': False, 'horizVert': True, 'ISIframes': 3, 'rightResponseFirst': True}
493.9150 	INFO 	numtrials=360 and this trialDurFrames=6 or 100.0 ms  task=T1
495.0149 	EXP 	window1: recordFrameIntervals = False
495.0231 	INFO 	Mouse: using default window
495.8154 	DATA 	Keypress: m
495.9545 	EXP 	New trial (rep=6, index=10): {'leftStreamFlip': False, 'oneTarget': True, 'trialInstructionPos': (0, -1), 'probe': 'both', 'rightStreamFlip': False, 'horizVert': True, 'ISIframes': 3, 'rightResponseFirst': True}
495.9821 	INFO 	numtrials=360 and this trialDurFrames=6 or 100.0 ms  task=T1
497.0983 	EXP 	window1: recordFrameIntervals = False
497.1070 	INFO 	Mouse: using default window
498.2333 	DATA 	Keypress: h
498.3878 	EXP 	New trial (rep=6, index=11): {'leftStreamFlip': False, 'oneTarget': False, 'trialInstructionPos': (0, -1), 'probe': 'both', 'rightStreamFlip': False, 'horizVert': True, 'ISIframes': 3, 'rightResponseFirst': False}
498.4143 	INFO 	numtrials=360 and this trialDurFrames=6 or 100.0 ms  task=T1
499.5817 	EXP 	window1: recordFrameIntervals = False
499.5914 	INFO 	Mouse: using default window
500.7984 	DATA 	Keypress: r
501.2318 	DATA 	Keypress: k
501.3726 	EXP 	New trial (rep=7, index=0): {'leftStreamFlip': False, 'oneTarget': False, 'trialInstructionPos': (0, 1), 'probe': 'both', 'rightStreamFlip': False, 'horizVert': True, 'ISIframes': 3, 'rightResponseFirst': True}
501.3976 	INFO 	numtrials=360 and this trialDurFrames=6 or 100.0 ms  task=T1
502.4482 	EXP 	window1: recordFrameIntervals = False
502.4568 	INFO 	Mouse: using default window
503.3318 	DATA 	Keypress: t
503.6819 	DATA 	Keypress: n
503.8221 	EXP 	New trial (rep=7, index=1): {'leftStreamFlip': False, 'oneTarget': True, 'trialInstructionPos': (0, -1), 'probe': 'both', 'rightStreamFlip': False, 'horizVert': True, 'ISIframes': 3, 'rightResponseFirst': True}
503.8472 	INFO 	numtrials=360 and this trialDurFrames=6 or 100.0 ms  task=T1
505.0982 	EXP 	window1: recordFrameIntervals = False
505.1077 	INFO 	Mouse: using default window
507.1483 	DATA 	Keypress: n
507.2875 	EXP 	New trial (rep=7, index=2): {'leftStreamFlip': False, 'oneTarget': True, 'trialInstructionPos': (0, 1), 'probe': 'both', 'rightStreamFlip': False, 'horizVert': True, 'ISIframes': 3, 'rightResponseFirst': False}
507.3146 	INFO 	numtrials=360 and this trialDurFrames=6 or 100.0 ms  task=T1
508.4148 	EXP 	window1: recordFrameIntervals = False
508.4234 	INFO 	Mouse: using default window
516.9151 	DATA 	Keypress: j
517.0549 	EXP 	New trial (rep=7, index=3): {'leftStreamFlip': False, 'oneTarget': False, 'trialInstructionPos': (0, -1), 'probe': 'both', 'rightStreamFlip': False, 'horizVert': True, 'ISIframes': 3, 'rightResponseFirst': True}
517.0816 	INFO 	numtrials=360 and this trialDurFrames=6 or 100.0 ms  task=T1
518.1315 	EXP 	window1: recordFrameIntervals = False
518.1402 	INFO 	Mouse: using default window
519.1151 	DATA 	Keypress: r
519.3983 	DATA 	Keypress: g
519.5408 	EXP 	New trial (rep=7, index=4): {'leftStreamFlip': False, 'oneTarget': False, 'trialInstructionPos': (0, 1), 'probe': 'both', 'rightStreamFlip': False, 'horizVert': True, 'ISIframes': 3, 'rightResponseFirst': False}
519.5654 	INFO 	numtrials=360 and this trialDurFrames=6 or 100.0 ms  task=T1
520.7315 	EXP 	window1: recordFrameIntervals = False
520.7402 	INFO 	Mouse: using default window
522.2320 	DATA 	Keypress: y
522.3486 	DATA 	Keypress: g
522.5448 	EXP 	New trial (rep=7, index=5): {'leftStreamFlip': False, 'oneTarget': False, 'trialInstructionPos': (0, 1), 'probe': 'both', 'rightStreamFlip': False, 'horizVert': True, 'ISIframes': 3, 'rightResponseFirst': False}
522.5646 	INFO 	numtrials=360 and this trialDurFrames=6 or 100.0 ms  task=T1
523.5816 	EXP 	window1: recordFrameIntervals = False
523.5901 	INFO 	Mouse: using default window
524.3484 	DATA 	Keypress: s
524.5151 	DATA 	Keypress: s
524.6564 	EXP 	New trial (rep=7, index=6): {'leftStreamFlip': False, 'oneTarget': False, 'trialInstructionPos': (0, -1), 'probe': 'both', 'rightStreamFlip': False, 'horizVert': True, 'ISIframes': 3, 'rightResponseFirst': False}
524.6813 	INFO 	numtrials=360 and this trialDurFrames=6 or 100.0 ms  task=T1
525.8984 	EXP 	window1: recordFrameIntervals = False
525.9068 	INFO 	Mouse: using default window
527.0151 	DATA 	Keypress: m
527.1484 	DATA 	Keypress: s
527.2876 	EXP 	New trial (rep=7, index=7): {'leftStreamFlip': False, 'oneTarget': True, 'trialInstructionPos': (0, 1), 'probe': 'both', 'rightStreamFlip': False, 'horizVert': True, 'ISIframes': 3, 'rightResponseFirst': True}
527.3147 	INFO 	numtrials=360 and this trialDurFrames=6 or 100.0 ms  task=T1
528.4481 	EXP 	window1: recordFrameIntervals = False
528.4566 	INFO 	Mouse: using default window
529.3986 	DATA 	Keypress: c
529.5372 	EXP 	New trial (rep=7, index=8): {'leftStreamFlip': False, 'oneTarget': False, 'trialInstructionPos': (0, 1), 'probe': 'both', 'rightStreamFlip': False, 'horizVert': True, 'ISIframes': 3, 'rightResponseFirst': True}
529.5656 	INFO 	numtrials=360 and this trialDurFrames=6 or 100.0 ms  task=T1
530.7149 	EXP 	window1: recordFrameIntervals = False
530.7231 	INFO 	Mouse: using default window
531.4152 	DATA 	Keypress: u
531.6150 	DATA 	Keypress: m
531.7548 	EXP 	New trial (rep=7, index=9): {'leftStreamFlip': False, 'oneTarget': False, 'trialInstructionPos': (0, -1), 'probe': 'both', 'rightStreamFlip': False, 'horizVert': True, 'ISIframes': 3, 'rightResponseFirst': True}
531.7811 	INFO 	numtrials=360 and this trialDurFrames=6 or 100.0 ms  task=T1
533.0315 	EXP 	window1: recordFrameIntervals = False
533.0400 	INFO 	Mouse: using default window
533.9317 	DATA 	Keypress: u
534.2485 	DATA 	Keypress: c
534.3883 	EXP 	New trial (rep=7, index=10): {'leftStreamFlip': False, 'oneTarget': True, 'trialInstructionPos': (0, -1), 'probe': 'both', 'rightStreamFlip': False, 'horizVert': True, 'ISIframes': 3, 'rightResponseFirst': False}
534.4147 	INFO 	numtrials=360 and this trialDurFrames=6 or 100.0 ms  task=T1
535.4981 	EXP 	window1: recordFrameIntervals = False
535.5062 	INFO 	Mouse: using default window
536.3652 	DATA 	Keypress: a
536.5044 	EXP 	New trial (rep=7, index=11): {'leftStreamFlip': False, 'oneTarget': False, 'trialInstructionPos': (0, -1), 'probe': 'both', 'rightStreamFlip': False, 'horizVert': True, 'ISIframes': 3, 'rightResponseFirst': False}
536.5306 	INFO 	numtrials=360 and this trialDurFrames=6 or 100.0 ms  task=T1
537.7149 	EXP 	window1: recordFrameIntervals = False
537.7234 	INFO 	Mouse: using default window
538.9985 	DATA 	Keypress: j
539.1817 	DATA 	Keypress: i
539.3220 	EXP 	New trial (rep=8, index=0): {'leftStreamFlip': False, 'oneTarget': False, 'trialInstructionPos': (0, -1), 'probe': 'both', 'rightStreamFlip': False, 'horizVert': True, 'ISIframes': 3, 'rightResponseFirst': True}
539.3477 	INFO 	numtrials=360 and this trialDurFrames=6 or 100.0 ms  task=T1
540.5982 	EXP 	window1: recordFrameIntervals = False
540.6068 	INFO 	Mouse: using default window
541.4334 	DATA 	Keypress: u
541.6651 	DATA 	Keypress: m
541.8060 	EXP 	New trial (rep=8, index=1): {'leftStreamFlip': False, 'oneTarget': False, 'trialInstructionPos': (0, 1), 'probe': 'both', 'rightStreamFlip': False, 'horizVert': True, 'ISIframes': 3, 'rightResponseFirst': True}
541.8310 	INFO 	numtrials=360 and this trialDurFrames=6 or 100.0 ms  task=T1
542.9149 	EXP 	window1: recordFrameIntervals = False
542.9237 	INFO 	Mouse: using default window
543.8652 	DATA 	Keypress: f
544.1651 	DATA 	Keypress: m
544.3044 	EXP 	New trial (rep=8, index=2): {'leftStreamFlip': False, 'oneTarget': False, 'trialInstructionPos': (0, 1), 'probe': 'both', 'rightStreamFlip': False, 'horizVert': True, 'ISIframes': 3, 'rightResponseFirst': False}
544.3311 	INFO 	numtrials=360 and this trialDurFrames=6 or 100.0 ms  task=T1
545.3483 	EXP 	window1: recordFrameIntervals = False
545.3569 	INFO 	Mouse: using default window
546.2821 	DATA 	Keypress: f
546.5822 	DATA 	Keypress: m
546.7217 	EXP 	New trial (rep=8, index=3): {'leftStreamFlip': False, 'oneTarget': False, 'trialInstructionPos': (0, -1), 'probe': 'both', 'rightStreamFlip': False, 'horizVert': True, 'ISIframes': 3, 'rightResponseFirst': False}
546.7479 	INFO 	numtrials=360 and this trialDurFrames=6 or 100.0 ms  task=T1
547.8483 	EXP 	window1: recordFrameIntervals = False
547.8571 	INFO 	Mouse: using default window
548.6985 	DATA 	Keypress: a
548.8484 	DATA 	Keypress: z
548.9887 	EXP 	New trial (rep=8, index=4): {'leftStreamFlip': False, 'oneTarget': True, 'trialInstructionPos': (0, -1), 'probe': 'both', 'rightStreamFlip': False, 'horizVert': True, 'ISIframes': 3, 'rightResponseFirst': False}
549.0147 	INFO 	numtrials=360 and this trialDurFrames=6 or 100.0 ms  task=T1
550.1149 	EXP 	window1: recordFrameIntervals = False
550.1230 	INFO 	Mouse: using default window
551.5153 	DATA 	Keypress: m
551.6551 	EXP 	New trial (rep=8, index=5): {'leftStreamFlip': False, 'oneTarget': True, 'trialInstructionPos': (0, 1), 'probe': 'both', 'rightStreamFlip': False, 'horizVert': True, 'ISIframes': 3, 'rightResponseFirst': True}
551.6811 	INFO 	numtrials=360 and this trialDurFrames=6 or 100.0 ms  task=T1
552.8651 	EXP 	window1: recordFrameIntervals = False
552.8731 	INFO 	Mouse: using default window
553.6317 	DATA 	Keypress: a
553.7704 	EXP 	New trial (rep=8, index=6): {'leftStreamFlip': False, 'oneTarget': False, 'trialInstructionPos': (0, 1), 'probe': 'both', 'rightStreamFlip': False, 'horizVert': True, 'ISIframes': 3, 'rightResponseFirst': False}
553.7984 	INFO 	numtrials=360 and this trialDurFrames=6 or 100.0 ms  task=T1
554.8482 	EXP 	window1: recordFrameIntervals = False
554.8566 	INFO 	Mouse: using default window
556.2488 	DATA 	Keypress: c
557.1151 	DATA 	Keypress: k
557.2561 	EXP 	New trial (rep=8, index=7): {'leftStreamFlip': False, 'oneTarget': True, 'trialInstructionPos': (0, -1), 'probe': 'both', 'rightStreamFlip': False, 'horizVert': True, 'ISIframes': 3, 'rightResponseFirst': True}
557.2812 	INFO 	numtrials=360 and this trialDurFrames=6 or 100.0 ms  task=T1
558.4148 	EXP 	window1: recordFrameIntervals = False
558.4234 	INFO 	Mouse: using default window
559.5984 	DATA 	Keypress: z
559.7374 	EXP 	New trial (rep=8, index=8): {'leftStreamFlip': False, 'oneTarget': False, 'trialInstructionPos': (0, -1), 'probe': 'both', 'rightStreamFlip': False, 'horizVert': True, 'ISIframes': 3, 'rightResponseFirst': False}
559.7657 	INFO 	numtrials=360 and this trialDurFrames=6 or 100.0 ms  task=T1
560.8815 	EXP 	window1: recordFrameIntervals = False
560.8896 	INFO 	Mouse: using default window
562.3485 	DATA 	Keypress: k
563.0983 	DATA 	Keypress: e
563.2380 	EXP 	New trial (rep=8, index=9): {'leftStreamFlip': False, 'oneTarget': False, 'trialInstructionPos': (0, 1), 'probe': 'both', 'rightStreamFlip': False, 'horizVert': True, 'ISIframes': 3, 'rightResponseFirst': True}
563.2655 	INFO 	numtrials=360 and this trialDurFrames=6 or 100.0 ms  task=T1
564.3315 	EXP 	window1: recordFrameIntervals = False
564.3401 	INFO 	Mouse: using default window
566.4150 	DATA 	Keypress: n
566.9984 	DATA 	Keypress: c
567.1368 	EXP 	New trial (rep=8, index=10): {'leftStreamFlip': False, 'oneTarget': False, 'trialInstructionPos': (0, -1), 'probe': 'both', 'rightStreamFlip': False, 'horizVert': True, 'ISIframes': 3, 'rightResponseFirst': True}
567.1655 	INFO 	numtrials=360 and this trialDurFrames=6 or 100.0 ms  task=T1
568.3481 	EXP 	window1: recordFrameIntervals = False
568.3569 	INFO 	Mouse: using default window
569.4153 	DATA 	Keypress: y
569.7818 	DATA 	Keypress: z
569.9212 	EXP 	New trial (rep=8, index=11): {'leftStreamFlip': False, 'oneTarget': True, 'trialInstructionPos': (0, 1), 'probe': 'both', 'rightStreamFlip': False, 'horizVert': True, 'ISIframes': 3, 'rightResponseFirst': False}
569.9478 	INFO 	numtrials=360 and this trialDurFrames=6 or 100.0 ms  task=T1
571.0148 	EXP 	window1: recordFrameIntervals = False
571.0235 	INFO 	Mouse: using default window
572.0484 	DATA 	Keypress: h
572.1891 	EXP 	New trial (rep=9, index=0): {'leftStreamFlip': False, 'oneTarget': False, 'trialInstructionPos': (0, 1), 'probe': 'both', 'rightStreamFlip': False, 'horizVert': True, 'ISIframes': 3, 'rightResponseFirst': True}
572.2155 	INFO 	numtrials=360 and this trialDurFrames=6 or 100.0 ms  task=T1
573.2648 	EXP 	window1: recordFrameIntervals = False
573.2733 	INFO 	Mouse: using default window
574.1818 	DATA 	Keypress: u
574.6485 	DATA 	Keypress: z
574.7888 	EXP 	New trial (rep=9, index=1): {'leftStreamFlip': False, 'oneTarget': False, 'trialInstructionPos': (0, -1), 'probe': 'both', 'rightStreamFlip': False, 'horizVert': True, 'ISIframes': 3, 'rightResponseFirst': True}
574.8143 	INFO 	numtrials=360 and this trialDurFrames=6 or 100.0 ms  task=T1
576.0649 	EXP 	window1: recordFrameIntervals = False
576.0736 	INFO 	Mouse: using default window
577.2652 	DATA 	Keypress: f
577.5817 	DATA 	Keypress: z
577.7209 	EXP 	New trial (rep=9, index=2): {'leftStreamFlip': False, 'oneTarget': False, 'trialInstructionPos': (0, 1), 'probe': 'both', 'rightStreamFlip': False, 'horizVert': True, 'ISIframes': 3, 'rightResponseFirst': False}
577.7488 	INFO 	numtrials=360 and this trialDurFrames=6 or 100.0 ms  task=T1
578.9982 	EXP 	window1: recordFrameIntervals = False
579.0067 	INFO 	Mouse: using default window
579.9984 	DATA 	Keypress: u
580.4652 	DATA 	Keypress: e
580.6052 	EXP 	New trial (rep=9, index=3): {'leftStreamFlip': False, 'oneTarget': True, 'trialInstructionPos': (0, -1), 'probe': 'both', 'rightStreamFlip': False, 'horizVert': True, 'ISIframes': 3, 'rightResponseFirst': True}
580.6311 	INFO 	numtrials=360 and this trialDurFrames=6 or 100.0 ms  task=T1
581.8315 	EXP 	window1: recordFrameIntervals = False
581.8408 	INFO 	Mouse: using default window
582.8984 	DATA 	Keypress: n
583.0373 	EXP 	New trial (rep=9, index=4): {'leftStreamFlip': False, 'oneTarget': True, 'trialInstructionPos': (0, 1), 'probe': 'both', 'rightStreamFlip': False, 'horizVert': True, 'ISIframes': 3, 'rightResponseFirst': False}
583.0657 	INFO 	numtrials=360 and this trialDurFrames=6 or 100.0 ms  task=T1
584.1983 	EXP 	window1: recordFrameIntervals = False
584.2067 	INFO 	Mouse: using default window
585.2985 	DATA 	Keypress: z
585.4386 	EXP 	New trial (rep=9, index=5): {'leftStreamFlip': False, 'oneTarget': False, 'trialInstructionPos': (0, 1), 'probe': 'both', 'rightStreamFlip': False, 'horizVert': True, 'ISIframes': 3, 'rightResponseFirst': True}
585.4658 	INFO 	numtrials=360 and this trialDurFrames=6 or 100.0 ms  task=T1
586.5649 	EXP 	window1: recordFrameIntervals = False
586.5728 	INFO 	Mouse: using default window
587.7984 	DATA 	Keypress: s
589.8151 	DATA 	Keypress: g
589.9545 	EXP 	New trial (rep=9, index=6): {'leftStreamFlip': False, 'oneTarget': False, 'trialInstructionPos': (0, -1), 'probe': 'both', 'rightStreamFlip': False, 'horizVert': True, 'ISIframes': 3, 'rightResponseFirst': False}
589.9813 	INFO 	numtrials=360 and this trialDurFrames=6 or 100.0 ms  task=T1
591.0482 	EXP 	window1: recordFrameIntervals = False
591.0566 	INFO 	Mouse: using default window
593.7817 	DATA 	Keypress: j
595.5652 	DATA 	Keypress: i
595.7045 	EXP 	New trial (rep=9, index=7): {'leftStreamFlip': False, 'oneTarget': True, 'trialInstructionPos': (0, -1), 'probe': 'both', 'rightStreamFlip': False, 'horizVert': True, 'ISIframes': 3, 'rightResponseFirst': False}
595.7320 	INFO 	numtrials=360 and this trialDurFrames=6 or 100.0 ms  task=T1
596.8315 	EXP 	window1: recordFrameIntervals = False
596.8400 	INFO 	Mouse: using default window
597.6318 	DATA 	Keypress: g
597.7708 	EXP 	New trial (rep=9, index=8): {'leftStreamFlip': False, 'oneTarget': False, 'trialInstructionPos': (0, -1), 'probe': 'both', 'rightStreamFlip': False, 'horizVert': True, 'ISIframes': 3, 'rightResponseFirst': False}
597.7988 	INFO 	numtrials=360 and this trialDurFrames=6 or 100.0 ms  task=T1
598.9650 	EXP 	window1: recordFrameIntervals = False
598.9735 	INFO 	Mouse: using default window
600.2653 	DATA 	Keypress: z
600.7485 	DATA 	Keypress: y
600.8884 	EXP 	New trial (rep=9, index=9): {'leftStreamFlip': False, 'oneTarget': False, 'trialInstructionPos': (0, -1), 'probe': 'both', 'rightStreamFlip': False, 'horizVert': True, 'ISIframes': 3, 'rightResponseFirst': True}
600.9146 	INFO 	numtrials=360 and this trialDurFrames=6 or 100.0 ms  task=T1
602.0148 	EXP 	window1: recordFrameIntervals = False
602.0233 	INFO 	Mouse: using default window
603.1651 	DATA 	Keypress: y
603.4166 	DATA 	Keypress: t
603.5719 	EXP 	New trial (rep=9, index=10): {'leftStreamFlip': False, 'oneTarget': False, 'trialInstructionPos': (0, 1), 'probe': 'both', 'rightStreamFlip': False, 'horizVert': True, 'ISIframes': 3, 'rightResponseFirst': False}
603.5981 	INFO 	numtrials=360 and this trialDurFrames=6 or 100.0 ms  task=T1
604.7316 	EXP 	window1: recordFrameIntervals = False
604.7422 	INFO 	Mouse: using default window
605.6984 	DATA 	Keypress: r
606.8817 	DATA 	Keypress: w
607.0209 	EXP 	New trial (rep=9, index=11): {'leftStreamFlip': False, 'oneTarget': True, 'trialInstructionPos': (0, 1), 'probe': 'both', 'rightStreamFlip': False, 'horizVert': True, 'ISIframes': 3, 'rightResponseFirst': True}
607.0494 	INFO 	numtrials=360 and this trialDurFrames=6 or 100.0 ms  task=T1
608.2648 	EXP 	window1: recordFrameIntervals = False
608.2728 	INFO 	Mouse: using default window
609.2983 	DATA 	Keypress: h
609.4388 	EXP 	New trial (rep=10, index=0): {'leftStreamFlip': False, 'oneTarget': True, 'trialInstructionPos': (0, -1), 'probe': 'both', 'rightStreamFlip': False, 'horizVert': True, 'ISIframes': 3, 'rightResponseFirst': False}
609.4652 	INFO 	numtrials=360 and this trialDurFrames=6 or 100.0 ms  task=T1
610.6649 	EXP 	window1: recordFrameIntervals = False
610.6733 	INFO 	Mouse: using default window
612.1651 	DATA 	Keypress: n
612.3071 	EXP 	New trial (rep=10, index=1): {'leftStreamFlip': False, 'oneTarget': False, 'trialInstructionPos': (0, 1), 'probe': 'both', 'rightStreamFlip': False, 'horizVert': True, 'ISIframes': 3, 'rightResponseFirst': True}
612.3313 	INFO 	numtrials=360 and this trialDurFrames=6 or 100.0 ms  task=T1
613.3483 	EXP 	window1: recordFrameIntervals = False
613.3575 	INFO 	Mouse: using default window
614.9319 	DATA 	Keypress: m
615.7984 	DATA 	Keypress: h
615.9377 	EXP 	New trial (rep=10, index=2): {'leftStreamFlip': False, 'oneTarget': False, 'trialInstructionPos': (0, -1), 'probe': 'both', 'rightStreamFlip': False, 'horizVert': True, 'ISIframes': 3, 'rightResponseFirst': True}
615.9654 	INFO 	numtrials=360 and this trialDurFrames=6 or 100.0 ms  task=T1
616.9815 	EXP 	window1: recordFrameIntervals = False
616.9902 	INFO 	Mouse: using default window
618.1484 	DATA 	Keypress: g
618.4318 	DATA 	Keypress: f
618.5715 	EXP 	New trial (rep=10, index=3): {'leftStreamFlip': False, 'oneTarget': True, 'trialInstructionPos': (0, -1), 'probe': 'both', 'rightStreamFlip': False, 'horizVert': True, 'ISIframes': 3, 'rightResponseFirst': True}
618.5979 	INFO 	numtrials=360 and this trialDurFrames=6 or 100.0 ms  task=T1
619.7649 	EXP 	window1: recordFrameIntervals = False
619.7730 	INFO 	Mouse: using default window
622.2485 	DATA 	Keypress: k
622.3880 	EXP 	New trial (rep=10, index=4): {'leftStreamFlip': False, 'oneTarget': False, 'trialInstructionPos': (0, 1), 'probe': 'both', 'rightStreamFlip': False, 'horizVert': True, 'ISIframes': 3, 'rightResponseFirst': False}
622.4158 	INFO 	numtrials=360 and this trialDurFrames=6 or 100.0 ms  task=T1
623.6481 	EXP 	window1: recordFrameIntervals = False
623.6566 	INFO 	Mouse: using default window
625.0485 	DATA 	Keypress: h
625.2317 	DATA 	Keypress: g
625.3711 	EXP 	New trial (rep=10, index=5): {'leftStreamFlip': False, 'oneTarget': True, 'trialInstructionPos': (0, 1), 'probe': 'both', 'rightStreamFlip': False, 'horizVert': True, 'ISIframes': 3, 'rightResponseFirst': True}
625.3979 	INFO 	numtrials=360 and this trialDurFrames=6 or 100.0 ms  task=T1
626.5317 	EXP 	window1: recordFrameIntervals = False
626.5400 	INFO 	Mouse: using default window
627.2817 	DATA 	Keypress: m
627.4208 	EXP 	New trial (rep=10, index=6): {'leftStreamFlip': False, 'oneTarget': True, 'trialInstructionPos': (0, 1), 'probe': 'both', 'rightStreamFlip': False, 'horizVert': True, 'ISIframes': 3, 'rightResponseFirst': False}
627.4479 	INFO 	numtrials=360 and this trialDurFrames=6 or 100.0 ms  task=T1
628.6482 	EXP 	window1: recordFrameIntervals = False
628.6569 	INFO 	Mouse: using default window
629.7985 	DATA 	Keypress: g
629.9372 	EXP 	New trial (rep=10, index=7): {'leftStreamFlip': False, 'oneTarget': False, 'trialInstructionPos': (0, -1), 'probe': 'both', 'rightStreamFlip': False, 'horizVert': True, 'ISIframes': 3, 'rightResponseFirst': False}
629.9644 	INFO 	numtrials=360 and this trialDurFrames=6 or 100.0 ms  task=T1
630.9982 	EXP 	window1: recordFrameIntervals = False
631.0072 	INFO 	Mouse: using default window
632.6165 	DATA 	Keypress: k
633.0485 	DATA 	Keypress: g
633.1881 	EXP 	New trial (rep=10, index=8): {'leftStreamFlip': False, 'oneTarget': False, 'trialInstructionPos': (0, -1), 'probe': 'both', 'rightStreamFlip': False, 'horizVert': True, 'ISIframes': 3, 'rightResponseFirst': False}
633.2154 	INFO 	numtrials=360 and this trialDurFrames=6 or 100.0 ms  task=T1
634.3316 	EXP 	window1: recordFrameIntervals = False
634.3410 	INFO 	Mouse: using default window
635.1484 	DATA 	Keypress: i
635.3317 	DATA 	Keypress: j
635.4736 	EXP 	New trial (rep=10, index=9): {'leftStreamFlip': False, 'oneTarget': False, 'trialInstructionPos': (0, 1), 'probe': 'both', 'rightStreamFlip': False, 'horizVert': True, 'ISIframes': 3, 'rightResponseFirst': True}
635.4978 	INFO 	numtrials=360 and this trialDurFrames=6 or 100.0 ms  task=T1
636.5981 	EXP 	window1: recordFrameIntervals = False
636.6066 	INFO 	Mouse: using default window
637.5984 	DATA 	Keypress: m
637.7817 	DATA 	Keypress: k
637.9205 	EXP 	New trial (rep=10, index=10): {'leftStreamFlip': False, 'oneTarget': False, 'trialInstructionPos': (0, 1), 'probe': 'both', 'rightStreamFlip': False, 'horizVert': True, 'ISIframes': 3, 'rightResponseFirst': False}
637.9486 	INFO 	numtrials=360 and this trialDurFrames=6 or 100.0 ms  task=T1
639.0648 	EXP 	window1: recordFrameIntervals = False
639.0733 	INFO 	Mouse: using default window
640.1150 	DATA 	Keypress: n
640.2486 	DATA 	Keypress: u
640.3873 	EXP 	New trial (rep=10, index=11): {'leftStreamFlip': False, 'oneTarget': False, 'trialInstructionPos': (0, -1), 'probe': 'both', 'rightStreamFlip': False, 'horizVert': True, 'ISIframes': 3, 'rightResponseFirst': True}
640.4154 	INFO 	numtrials=360 and this trialDurFrames=6 or 100.0 ms  task=T1
641.6320 	EXP 	window1: recordFrameIntervals = False
641.6395 	INFO 	Mouse: using default window
642.9650 	DATA 	Keypress: f
643.1150 	DATA 	Keypress: f
643.2541 	EXP 	New trial (rep=11, index=0): {'leftStreamFlip': False, 'oneTarget': True, 'trialInstructionPos': (0, 1), 'probe': 'both', 'rightStreamFlip': False, 'horizVert': True, 'ISIframes': 3, 'rightResponseFirst': True}
643.2822 	INFO 	numtrials=360 and this trialDurFrames=6 or 100.0 ms  task=T1
644.3984 	EXP 	window1: recordFrameIntervals = False
644.4071 	INFO 	Mouse: using default window
645.2318 	DATA 	Keypress: m
645.3711 	EXP 	New trial (rep=11, index=1): {'leftStreamFlip': False, 'oneTarget': False, 'trialInstructionPos': (0, -1), 'probe': 'both', 'rightStreamFlip': False, 'horizVert': True, 'ISIframes': 3, 'rightResponseFirst': False}
645.3987 	INFO 	numtrials=360 and this trialDurFrames=6 or 100.0 ms  task=T1
646.5482 	EXP 	window1: recordFrameIntervals = False
646.5564 	INFO 	Mouse: using default window
647.7486 	DATA 	Keypress: k
647.9484 	DATA 	Keypress: j
648.0890 	EXP 	New trial (rep=11, index=2): {'leftStreamFlip': False, 'oneTarget': False, 'trialInstructionPos': (0, -1), 'probe': 'both', 'rightStreamFlip': False, 'horizVert': True, 'ISIframes': 3, 'rightResponseFirst': True}
648.1144 	INFO 	numtrials=360 and this trialDurFrames=6 or 100.0 ms  task=T1
649.3315 	EXP 	window1: recordFrameIntervals = False
649.3401 	INFO 	Mouse: using default window
650.3985 	DATA 	Keypress: m
651.0652 	DATA 	Keypress: f
651.2050 	EXP 	New trial (rep=11, index=3): {'leftStreamFlip': False, 'oneTarget': True, 'trialInstructionPos': (0, 1), 'probe': 'both', 'rightStreamFlip': False, 'horizVert': True, 'ISIframes': 3, 'rightResponseFirst': False}
651.2319 	INFO 	numtrials=360 and this trialDurFrames=6 or 100.0 ms  task=T1
652.2981 	EXP 	window1: recordFrameIntervals = False
652.3071 	INFO 	Mouse: using default window
653.2153 	DATA 	Keypress: a
653.3537 	EXP 	New trial (rep=11, index=4): {'leftStreamFlip': False, 'oneTarget': False, 'trialInstructionPos': (0, -1), 'probe': 'both', 'rightStreamFlip': False, 'horizVert': True, 'ISIframes': 3, 'rightResponseFirst': False}
653.3820 	INFO 	numtrials=360 and this trialDurFrames=6 or 100.0 ms  task=T1
654.6315 	EXP 	window1: recordFrameIntervals = False
654.6396 	INFO 	Mouse: using default window
656.4824 	DATA 	Keypress: e
657.1152 	DATA 	Keypress: m
657.2544 	EXP 	New trial (rep=11, index=5): {'leftStreamFlip': False, 'oneTarget': False, 'trialInstructionPos': (0, -1), 'probe': 'both', 'rightStreamFlip': False, 'horizVert': True, 'ISIframes': 3, 'rightResponseFirst': True}
657.2810 	INFO 	numtrials=360 and this trialDurFrames=6 or 100.0 ms  task=T1
658.3481 	EXP 	window1: recordFrameIntervals = False
658.3566 	INFO 	Mouse: using default window
659.2650 	DATA 	Keypress: f
659.6483 	DATA 	Keypress: j
659.7879 	EXP 	New trial (rep=11, index=6): {'leftStreamFlip': False, 'oneTarget': True, 'trialInstructionPos': (0, -1), 'probe': 'both', 'rightStreamFlip': False, 'horizVert': True, 'ISIframes': 3, 'rightResponseFirst': False}
659.8155 	INFO 	numtrials=360 and this trialDurFrames=6 or 100.0 ms  task=T1
660.9317 	EXP 	window1: recordFrameIntervals = False
660.9398 	INFO 	Mouse: using default window
661.7818 	DATA 	Keypress: a
661.9231 	EXP 	New trial (rep=11, index=7): {'leftStreamFlip': False, 'oneTarget': False, 'trialInstructionPos': (0, 1), 'probe': 'both', 'rightStreamFlip': False, 'horizVert': True, 'ISIframes': 3, 'rightResponseFirst': True}
661.9490 	INFO 	numtrials=360 and this trialDurFrames=6 or 100.0 ms  task=T1
663.0316 	EXP 	window1: recordFrameIntervals = False
663.0400 	INFO 	Mouse: using default window
664.0650 	DATA 	Keypress: r
664.2488 	DATA 	Keypress: t
664.3894 	EXP 	New trial (rep=11, index=8): {'leftStreamFlip': False, 'oneTarget': False, 'trialInstructionPos': (0, 1), 'probe': 'both', 'rightStreamFlip': False, 'horizVert': True, 'ISIframes': 3, 'rightResponseFirst': False}
664.4143 	INFO 	numtrials=360 and this trialDurFrames=6 or 100.0 ms  task=T1
665.5982 	EXP 	window1: recordFrameIntervals = False
665.6064 	INFO 	Mouse: using default window
666.7319 	DATA 	Keypress: y
667.5484 	DATA 	Keypress: m
667.6879 	EXP 	New trial (rep=11, index=9): {'leftStreamFlip': False, 'oneTarget': True, 'trialInstructionPos': (0, -1), 'probe': 'both', 'rightStreamFlip': False, 'horizVert': True, 'ISIframes': 3, 'rightResponseFirst': True}
667.7146 	INFO 	numtrials=360 and this trialDurFrames=6 or 100.0 ms  task=T1
668.7482 	EXP 	window1: recordFrameIntervals = False
668.7567 	INFO 	Mouse: using default window
669.4821 	DATA 	Keypress: m
669.6218 	EXP 	New trial (rep=11, index=10): {'leftStreamFlip': False, 'oneTarget': False, 'trialInstructionPos': (0, 1), 'probe': 'both', 'rightStreamFlip': False, 'horizVert': True, 'ISIframes': 3, 'rightResponseFirst': False}
669.6478 	INFO 	numtrials=360 and this trialDurFrames=6 or 100.0 ms  task=T1
670.7483 	EXP 	window1: recordFrameIntervals = False
670.7566 	INFO 	Mouse: using default window
671.9817 	DATA 	Keypress: k
672.1650 	DATA 	Keypress: m
672.3044 	EXP 	New trial (rep=11, index=11): {'leftStreamFlip': False, 'oneTarget': False, 'trialInstructionPos': (0, 1), 'probe': 'both', 'rightStreamFlip': False, 'horizVert': True, 'ISIframes': 3, 'rightResponseFirst': True}
672.3310 	INFO 	numtrials=360 and this trialDurFrames=6 or 100.0 ms  task=T1
673.5815 	EXP 	window1: recordFrameIntervals = False
673.5901 	INFO 	Mouse: using default window
674.6819 	DATA 	Keypress: k
675.3650 	DATA 	Keypress: a
675.5049 	EXP 	New trial (rep=12, index=0): {'leftStreamFlip': False, 'oneTarget': False, 'trialInstructionPos': (0, 1), 'probe': 'both', 'rightStreamFlip': False, 'horizVert': True, 'ISIframes': 3, 'rightResponseFirst': True}
675.5308 	INFO 	numtrials=360 and this trialDurFrames=6 or 100.0 ms  task=T1
676.5982 	EXP 	window1: recordFrameIntervals = False
676.6067 	INFO 	Mouse: using default window
677.6151 	DATA 	Keypress: m
677.8318 	DATA 	Keypress: j
677.9723 	EXP 	New trial (rep=12, index=1): {'leftStreamFlip': False, 'oneTarget': True, 'trialInstructionPos': (0, -1), 'probe': 'both', 'rightStreamFlip': False, 'horizVert': True, 'ISIframes': 3, 'rightResponseFirst': True}
677.9978 	INFO 	numtrials=360 and this trialDurFrames=6 or 100.0 ms  task=T1
679.2149 	EXP 	window1: recordFrameIntervals = False
679.2234 	INFO 	Mouse: using default window
679.9984 	DATA 	Keypress: s
680.1367 	EXP 	New trial (rep=12, index=2): {'leftStreamFlip': False, 'oneTarget': False, 'trialInstructionPos': (0, -1), 'probe': 'both', 'rightStreamFlip': False, 'horizVert': True, 'ISIframes': 3, 'rightResponseFirst': True}
680.1648 	INFO 	numtrials=360 and this trialDurFrames=6 or 100.0 ms  task=T1
681.2648 	EXP 	window1: recordFrameIntervals = False
681.2733 	INFO 	Mouse: using default window
682.2819 	DATA 	Keypress: g
682.4651 	DATA 	Keypress: t
682.6045 	EXP 	New trial (rep=12, index=3): {'leftStreamFlip': False, 'oneTarget': False, 'trialInstructionPos': (0, -1), 'probe': 'both', 'rightStreamFlip': False, 'horizVert': True, 'ISIframes': 3, 'rightResponseFirst': True}
682.6309 	INFO 	numtrials=360 and this trialDurFrames=6 or 100.0 ms  task=T1
683.8485 	EXP 	window1: recordFrameIntervals = False
683.8569 	INFO 	Mouse: using default window
684.6819 	DATA 	Keypress: c
684.9985 	DATA 	Keypress: k
685.1384 	EXP 	New trial (rep=12, index=4): {'leftStreamFlip': False, 'oneTarget': True, 'trialInstructionPos': (0, -1), 'probe': 'both', 'rightStreamFlip': False, 'horizVert': True, 'ISIframes': 3, 'rightResponseFirst': False}
685.1642 	INFO 	numtrials=360 and this trialDurFrames=6 or 100.0 ms  task=T1
686.3318 	EXP 	window1: recordFrameIntervals = False
686.3398 	INFO 	Mouse: using default window
687.3819 	DATA 	Keypress: c
687.5202 	EXP 	New trial (rep=12, index=5): {'leftStreamFlip': False, 'oneTarget': False, 'trialInstructionPos': (0, 1), 'probe': 'both', 'rightStreamFlip': False, 'horizVert': True, 'ISIframes': 3, 'rightResponseFirst': False}
687.5488 	INFO 	numtrials=360 and this trialDurFrames=6 or 100.0 ms  task=T1
688.7819 	EXP 	window1: recordFrameIntervals = False
688.7927 	INFO 	Mouse: using default window
690.0817 	DATA 	Keypress: f
690.3485 	DATA 	Keypress: a
690.4882 	EXP 	New trial (rep=12, index=6): {'leftStreamFlip': False, 'oneTarget': False, 'trialInstructionPos': (0, 1), 'probe': 'both', 'rightStreamFlip': False, 'horizVert': True, 'ISIframes': 3, 'rightResponseFirst': False}
690.5154 	INFO 	numtrials=360 and this trialDurFrames=6 or 100.0 ms  task=T1
691.7649 	EXP 	window1: recordFrameIntervals = False
691.7731 	INFO 	Mouse: using default window
693.2817 	DATA 	Keypress: z
693.5819 	DATA 	Keypress: y
693.7237 	EXP 	New trial (rep=12, index=7): {'leftStreamFlip': False, 'oneTarget': False, 'trialInstructionPos': (0, -1), 'probe': 'both', 'rightStreamFlip': False, 'horizVert': True, 'ISIframes': 3, 'rightResponseFirst': False}
693.7478 	INFO 	numtrials=360 and this trialDurFrames=6 or 100.0 ms  task=T1
694.8983 	EXP 	window1: recordFrameIntervals = False
694.9068 	INFO 	Mouse: using default window
696.2169 	DATA 	Keypress: c
696.9817 	DATA 	Keypress: k
697.1186 	EXP 	New trial (rep=12, index=8): {'leftStreamFlip': False, 'oneTarget': False, 'trialInstructionPos': (0, -1), 'probe': 'both', 'rightStreamFlip': False, 'horizVert': True, 'ISIframes': 3, 'rightResponseFirst': False}
697.1319 	INFO 	numtrials=360 and this trialDurFrames=6 or 100.0 ms  task=T1
698.3824 	EXP 	window1: recordFrameIntervals = False
698.3913 	INFO 	Mouse: using default window
702.6320 	DATA 	Keypress: k
704.2821 	DATA 	Keypress: k
704.4216 	EXP 	New trial (rep=12, index=9): {'leftStreamFlip': False, 'oneTarget': False, 'trialInstructionPos': (0, 1), 'probe': 'both', 'rightStreamFlip': False, 'horizVert': True, 'ISIframes': 3, 'rightResponseFirst': True}
704.4474 	INFO 	numtrials=360 and this trialDurFrames=6 or 100.0 ms  task=T1
705.6154 	EXP 	window1: recordFrameIntervals = False
705.6229 	INFO 	Mouse: using default window
706.9991 	DATA 	Keypress: a
707.2324 	DATA 	Keypress: j
707.3713 	EXP 	New trial (rep=12, index=10): {'leftStreamFlip': False, 'oneTarget': True, 'trialInstructionPos': (0, 1), 'probe': 'both', 'rightStreamFlip': False, 'horizVert': True, 'ISIframes': 3, 'rightResponseFirst': False}
707.3974 	INFO 	numtrials=360 and this trialDurFrames=6 or 100.0 ms  task=T1
708.4652 	EXP 	window1: recordFrameIntervals = False
708.4728 	INFO 	Mouse: using default window
709.2988 	DATA 	Keypress: u
709.4573 	EXP 	New trial (rep=12, index=11): {'leftStreamFlip': False, 'oneTarget': True, 'trialInstructionPos': (0, 1), 'probe': 'both', 'rightStreamFlip': False, 'horizVert': True, 'ISIframes': 3, 'rightResponseFirst': True}
709.4809 	INFO 	numtrials=360 and this trialDurFrames=6 or 100.0 ms  task=T1
710.6148 	EXP 	window1: recordFrameIntervals = False
710.6237 	INFO 	Mouse: using default window
711.4820 	DATA 	Keypress: z
711.6206 	EXP 	New trial (rep=13, index=0): {'leftStreamFlip': False, 'oneTarget': False, 'trialInstructionPos': (0, 1), 'probe': 'both', 'rightStreamFlip': False, 'horizVert': True, 'ISIframes': 3, 'rightResponseFirst': False}
711.6490 	INFO 	numtrials=360 and this trialDurFrames=6 or 100.0 ms  task=T1
712.7815 	EXP 	window1: recordFrameIntervals = False
712.7905 	INFO 	Mouse: using default window
714.8151 	DATA 	Keypress: k
715.1484 	DATA 	Keypress: j
715.2887 	EXP 	New trial (rep=13, index=1): {'leftStreamFlip': False, 'oneTarget': True, 'trialInstructionPos': (0, -1), 'probe': 'both', 'rightStreamFlip': False, 'horizVert': True, 'ISIframes': 3, 'rightResponseFirst': False}
715.3143 	INFO 	numtrials=360 and this trialDurFrames=6 or 100.0 ms  task=T1
716.3648 	EXP 	window1: recordFrameIntervals = False
716.3734 	INFO 	Mouse: using default window
717.2149 	DATA 	Keypress: g
717.3539 	EXP 	New trial (rep=13, index=2): {'leftStreamFlip': False, 'oneTarget': False, 'trialInstructionPos': (0, -1), 'probe': 'both', 'rightStreamFlip': False, 'horizVert': True, 'ISIframes': 3, 'rightResponseFirst': False}
717.3821 	INFO 	numtrials=360 and this trialDurFrames=6 or 100.0 ms  task=T1
718.5315 	EXP 	window1: recordFrameIntervals = False
718.5399 	INFO 	Mouse: using default window
720.0817 	DATA 	Keypress: f
720.8152 	DATA 	Keypress: u
720.9563 	EXP 	New trial (rep=13, index=3): {'leftStreamFlip': False, 'oneTarget': False, 'trialInstructionPos': (0, 1), 'probe': 'both', 'rightStreamFlip': False, 'horizVert': True, 'ISIframes': 3, 'rightResponseFirst': False}
720.9812 	INFO 	numtrials=360 and this trialDurFrames=6 or 100.0 ms  task=T1
722.0648 	EXP 	window1: recordFrameIntervals = False
722.0732 	INFO 	Mouse: using default window
723.2485 	DATA 	Keypress: c
723.3819 	DATA 	Keypress: y
723.5228 	EXP 	New trial (rep=13, index=4): {'leftStreamFlip': False, 'oneTarget': False, 'trialInstructionPos': (0, -1), 'probe': 'both', 'rightStreamFlip': False, 'horizVert': True, 'ISIframes': 3, 'rightResponseFirst': True}
723.5476 	INFO 	numtrials=360 and this trialDurFrames=6 or 100.0 ms  task=T1
724.7648 	EXP 	window1: recordFrameIntervals = False
724.7732 	INFO 	Mouse: using default window
726.6152 	DATA 	Keypress: r
727.0000 	DATA 	Keypress: z
727.1556 	EXP 	New trial (rep=13, index=5): {'leftStreamFlip': False, 'oneTarget': True, 'trialInstructionPos': (0, -1), 'probe': 'both', 'rightStreamFlip': False, 'horizVert': True, 'ISIframes': 3, 'rightResponseFirst': True}
727.1811 	INFO 	numtrials=360 and this trialDurFrames=6 or 100.0 ms  task=T1
728.3982 	EXP 	window1: recordFrameIntervals = False
728.4070 	INFO 	Mouse: using default window
729.1818 	DATA 	Keypress: f
729.3213 	EXP 	New trial (rep=13, index=6): {'leftStreamFlip': False, 'oneTarget': True, 'trialInstructionPos': (0, 1), 'probe': 'both', 'rightStreamFlip': False, 'horizVert': True, 'ISIframes': 3, 'rightResponseFirst': False}
729.3489 	INFO 	numtrials=360 and this trialDurFrames=6 or 100.0 ms  task=T1
730.5148 	EXP 	window1: recordFrameIntervals = False
730.5236 	INFO 	Mouse: using default window
748.2984 	DATA 	Keypress: a
748.4369 	EXP 	New trial (rep=13, index=7): {'leftStreamFlip': False, 'oneTarget': False, 'trialInstructionPos': (0, 1), 'probe': 'both', 'rightStreamFlip': False, 'horizVert': True, 'ISIframes': 3, 'rightResponseFirst': True}
748.4641 	INFO 	numtrials=360 and this trialDurFrames=6 or 100.0 ms  task=T1
749.6485 	EXP 	window1: recordFrameIntervals = False
749.6566 	INFO 	Mouse: using default window
750.9651 	DATA 	Keypress: k
751.0651 	DATA 	Keypress: r
751.2052 	EXP 	New trial (rep=13, index=8): {'leftStreamFlip': False, 'oneTarget': True, 'trialInstructionPos': (0, 1), 'probe': 'both', 'rightStreamFlip': False, 'horizVert': True, 'ISIframes': 3, 'rightResponseFirst': True}
751.2311 	INFO 	numtrials=360 and this trialDurFrames=6 or 100.0 ms  task=T1
752.4816 	EXP 	window1: recordFrameIntervals = False
752.4902 	INFO 	Mouse: using default window
753.1985 	DATA 	Keypress: y
753.3384 	EXP 	New trial (rep=13, index=9): {'leftStreamFlip': False, 'oneTarget': False, 'trialInstructionPos': (0, 1), 'probe': 'both', 'rightStreamFlip': False, 'horizVert': True, 'ISIframes': 3, 'rightResponseFirst': True}
753.3655 	INFO 	numtrials=360 and this trialDurFrames=6 or 100.0 ms  task=T1
754.5151 	EXP 	window1: recordFrameIntervals = False
754.5240 	INFO 	Mouse: using default window
755.4487 	DATA 	Keypress: y
755.6318 	DATA 	Keypress: z
755.7712 	EXP 	New trial (rep=13, index=10): {'leftStreamFlip': False, 'oneTarget': False, 'trialInstructionPos': (0, -1), 'probe': 'both', 'rightStreamFlip': False, 'horizVert': True, 'ISIframes': 3, 'rightResponseFirst': False}
755.7977 	INFO 	numtrials=360 and this trialDurFrames=6 or 100.0 ms  task=T1
756.8315 	EXP 	window1: recordFrameIntervals = False
756.8404 	INFO 	Mouse: using default window
758.1318 	DATA 	Keypress: n
758.4152 	DATA 	Keypress: s
758.5549 	EXP 	New trial (rep=13, index=11): {'leftStreamFlip': False, 'oneTarget': False, 'trialInstructionPos': (0, -1), 'probe': 'both', 'rightStreamFlip': False, 'horizVert': True, 'ISIframes': 3, 'rightResponseFirst': True}
758.5811 	INFO 	numtrials=360 and this trialDurFrames=6 or 100.0 ms  task=T1
759.6815 	EXP 	window1: recordFrameIntervals = False
759.6900 	INFO 	Mouse: using default window
760.9317 	DATA 	Keypress: j
765.5485 	DATA 	Keypress: i
765.6868 	EXP 	New trial (rep=14, index=0): {'leftStreamFlip': False, 'oneTarget': True, 'trialInstructionPos': (0, 1), 'probe': 'both', 'rightStreamFlip': False, 'horizVert': True, 'ISIframes': 3, 'rightResponseFirst': True}
765.6969 	INFO 	numtrials=360 and this trialDurFrames=6 or 100.0 ms  task=T1
766.7650 	EXP 	window1: recordFrameIntervals = False
766.7734 	INFO 	Mouse: using default window
769.3653 	DATA 	Keypress: s
769.5015 	EXP 	New trial (rep=14, index=1): {'leftStreamFlip': False, 'oneTarget': False, 'trialInstructionPos': (0, -1), 'probe': 'both', 'rightStreamFlip': False, 'horizVert': True, 'ISIframes': 3, 'rightResponseFirst': True}
769.5141 	INFO 	numtrials=360 and this trialDurFrames=6 or 100.0 ms  task=T1
770.6482 	EXP 	window1: recordFrameIntervals = False
770.6567 	INFO 	Mouse: using default window
771.8008 	DATA 	Keypress: n
771.9985 	DATA 	Keypress: c
772.1376 	EXP 	New trial (rep=14, index=2): {'leftStreamFlip': False, 'oneTarget': False, 'trialInstructionPos': (0, 1), 'probe': 'both', 'rightStreamFlip': False, 'horizVert': True, 'ISIframes': 3, 'rightResponseFirst': True}
772.1651 	INFO 	numtrials=360 and this trialDurFrames=6 or 100.0 ms  task=T1
773.4147 	EXP 	window1: recordFrameIntervals = False
773.4228 	INFO 	Mouse: using default window
774.5484 	DATA 	Keypress: r
774.6818 	DATA 	Keypress: m
774.8180 	EXP 	New trial (rep=14, index=3): {'leftStreamFlip': False, 'oneTarget': False, 'trialInstructionPos': (0, 1), 'probe': 'both', 'rightStreamFlip': False, 'horizVert': True, 'ISIframes': 3, 'rightResponseFirst': True}
774.8308 	INFO 	numtrials=360 and this trialDurFrames=6 or 100.0 ms  task=T1
775.9482 	EXP 	window1: recordFrameIntervals = False
775.9562 	INFO 	Mouse: using default window
776.7484 	DATA 	Keypress: r
777.7318 	DATA 	Keypress: backspace
778.6488 	DATA 	Keypress: z
778.7864 	EXP 	New trial (rep=14, index=4): {'leftStreamFlip': False, 'oneTarget': False, 'trialInstructionPos': (0, 1), 'probe': 'both', 'rightStreamFlip': False, 'horizVert': True, 'ISIframes': 3, 'rightResponseFirst': False}
778.7976 	INFO 	numtrials=360 and this trialDurFrames=6 or 100.0 ms  task=T1
779.8317 	EXP 	window1: recordFrameIntervals = False
779.8404 	INFO 	Mouse: using default window
780.7485 	DATA 	Keypress: f
780.8819 	DATA 	Keypress: u
781.0197 	EXP 	New trial (rep=14, index=5): {'leftStreamFlip': False, 'oneTarget': False, 'trialInstructionPos': (0, -1), 'probe': 'both', 'rightStreamFlip': False, 'horizVert': True, 'ISIframes': 3, 'rightResponseFirst': False}
781.0472 	INFO 	numtrials=360 and this trialDurFrames=6 or 100.0 ms  task=T1
782.2647 	EXP 	window1: recordFrameIntervals = False
782.2742 	INFO 	Mouse: using default window
783.4177 	DATA 	Keypress: e
783.6318 	DATA 	Keypress: f
783.7690 	EXP 	New trial (rep=14, index=6): {'leftStreamFlip': False, 'oneTarget': False, 'trialInstructionPos': (0, -1), 'probe': 'both', 'rightStreamFlip': False, 'horizVert': True, 'ISIframes': 3, 'rightResponseFirst': True}
783.7808 	INFO 	numtrials=360 and this trialDurFrames=6 or 100.0 ms  task=T1
784.9648 	EXP 	window1: recordFrameIntervals = False
784.9734 	INFO 	Mouse: using default window
786.2320 	DATA 	Keypress: g
786.3983 	DATA 	Keypress: m
786.5355 	EXP 	New trial (rep=14, index=7): {'leftStreamFlip': False, 'oneTarget': False, 'trialInstructionPos': (0, 1), 'probe': 'both', 'rightStreamFlip': False, 'horizVert': True, 'ISIframes': 3, 'rightResponseFirst': False}
786.5653 	INFO 	numtrials=360 and this trialDurFrames=6 or 100.0 ms  task=T1
787.6647 	EXP 	window1: recordFrameIntervals = False
787.6733 	INFO 	Mouse: using default window
788.9982 	DATA 	Keypress: k
789.1483 	DATA 	Keypress: z
789.2873 	EXP 	New trial (rep=14, index=8): {'leftStreamFlip': False, 'oneTarget': True, 'trialInstructionPos': (0, -1), 'probe': 'both', 'rightStreamFlip': False, 'horizVert': True, 'ISIframes': 3, 'rightResponseFirst': False}
789.3140 	INFO 	numtrials=360 and this trialDurFrames=6 or 100.0 ms  task=T1
790.4145 	EXP 	window1: recordFrameIntervals = False
790.4221 	INFO 	Mouse: using default window
791.1817 	DATA 	Keypress: m
791.3173 	EXP 	New trial (rep=14, index=9): {'leftStreamFlip': False, 'oneTarget': False, 'trialInstructionPos': (0, -1), 'probe': 'both', 'rightStreamFlip': False, 'horizVert': True, 'ISIframes': 3, 'rightResponseFirst': False}
791.3305 	INFO 	numtrials=360 and this trialDurFrames=6 or 100.0 ms  task=T1
792.3982 	EXP 	window1: recordFrameIntervals = False
792.4066 	INFO 	Mouse: using default window
793.5319 	DATA 	Keypress: a
793.7319 	DATA 	Keypress: u
793.8700 	EXP 	New trial (rep=14, index=10): {'leftStreamFlip': False, 'oneTarget': True, 'trialInstructionPos': (0, -1), 'probe': 'both', 'rightStreamFlip': False, 'horizVert': True, 'ISIframes': 3, 'rightResponseFirst': True}
793.8815 	INFO 	numtrials=360 and this trialDurFrames=6 or 100.0 ms  task=T1
795.0483 	EXP 	window1: recordFrameIntervals = False
795.0587 	INFO 	Mouse: using default window
795.9485 	DATA 	Keypress: i
796.0848 	EXP 	New trial (rep=14, index=11): {'leftStreamFlip': False, 'oneTarget': True, 'trialInstructionPos': (0, 1), 'probe': 'both', 'rightStreamFlip': False, 'horizVert': True, 'ISIframes': 3, 'rightResponseFirst': False}
796.0980 	INFO 	numtrials=360 and this trialDurFrames=6 or 100.0 ms  task=T1
797.2315 	EXP 	window1: recordFrameIntervals = False
797.2408 	INFO 	Mouse: using default window
798.0317 	DATA 	Keypress: y
798.1708 	EXP 	New trial (rep=15, index=0): {'leftStreamFlip': False, 'oneTarget': False, 'trialInstructionPos': (0, 1), 'probe': 'both', 'rightStreamFlip': False, 'horizVert': True, 'ISIframes': 3, 'rightResponseFirst': True}
798.1985 	INFO 	numtrials=360 and this trialDurFrames=6 or 100.0 ms  task=T1
799.3314 	EXP 	window1: recordFrameIntervals = False
799.3398 	INFO 	Mouse: using default window
800.2488 	DATA 	Keypress: n
800.4652 	DATA 	Keypress: g
800.6020 	EXP 	New trial (rep=15, index=1): {'leftStreamFlip': False, 'oneTarget': False, 'trialInstructionPos': (0, 1), 'probe': 'both', 'rightStreamFlip': False, 'horizVert': True, 'ISIframes': 3, 'rightResponseFirst': True}
800.6317 	INFO 	numtrials=360 and this trialDurFrames=6 or 100.0 ms  task=T1
801.7647 	EXP 	window1: recordFrameIntervals = False
801.7728 	INFO 	Mouse: using default window
802.7650 	DATA 	Keypress: a
803.1150 	DATA 	Keypress: j
803.2573 	EXP 	New trial (rep=15, index=2): {'leftStreamFlip': False, 'oneTarget': False, 'trialInstructionPos': (0, 1), 'probe': 'both', 'rightStreamFlip': False, 'horizVert': True, 'ISIframes': 3, 'rightResponseFirst': False}
803.2802 	INFO 	numtrials=360 and this trialDurFrames=6 or 100.0 ms  task=T1
804.3815 	EXP 	window1: recordFrameIntervals = False
804.3895 	INFO 	Mouse: using default window
813.2317 	DATA 	Keypress: lctrl
813.2485 	DATA 	Keypress: lshift
813.7817 	DATA 	Keypress: z
813.8018 	INFO 	Stopping at 09:25 on 10 Aug 2018
813.8038 	ERROR 	user aborted experiment on keypress with trials done=182 of 361
813.8212 	INFO 	Program terminating normally.
