0.6036 	WARNING 	Monitor specification not found. Creating a temporary one...
20.7075 	EXP 	Created window1 = Window(allowGUI=False, allowStencil=False, autoLog=True, bitsMode=UNKNOWN, blendMode='avg', color=array([-0.7, -0.7, -0.7]), colorSpace='rgb', fullscr=UNKNOWN, gamma=None, lms=UNKNOWN, monitor=<psychopy.monitors.calibTools.Monitor object at 0x1B1D2150>, name='window1', pos=[0, 0], screen=0, size=array([1920, 1080]), stereo=False, units='deg', useFBO=False, useRetina=False, viewOri=0.0, viewPos=None, viewScale=None, waitBlanking=False, winType='pyglet')
20.7075 	INFO 	Mouse: using default window
20.7078 	EXP 	window1: units = 'norm'
20.7918 	EXP 	Created unnamed ImageStim = ImageStim(autoLog=True, color=array([ 1.,  1.,  1.]), colorSpace='rgb', contrast=1.0, depth=0, flipHoriz=False, flipVert=False, image=str(...), interpolate=False, mask=None, maskParams=None, name='unnamed ImageStim', opacity=1.0, ori=0.0, pos=array([-0.5,  0. ]), size=array([ 1.290625  ,  3.24814815]), texRes=128, units='norm', win=Window(...))
20.8673 	EXP 	Created unnamed ImageStim = ImageStim(autoLog=True, color=array([ 1.,  1.,  1.]), colorSpace='rgb', contrast=1.0, depth=0, flipHoriz=False, flipVert=False, image=str(...), interpolate=False, mask=None, maskParams=None, name='unnamed ImageStim', opacity=1.0, ori=0.0, pos=array([ 0.5,  0. ]), size=array([ 1.290625  ,  3.24814815]), texRes=128, units='norm', win=Window(...))
20.8834 	EXP 	Created OKrespZone = GratingStim(autoDraw=False, autoLog=True, color=array([ 1. ,  0.5,  0.5]), colorSpace='rgb', contrast=1.0, depth=0, interpolate=False, mask='gauss', maskParams=None, name='OKrespZone', opacity=1.0, ori=0.0, phase=array([ 0.,  0.]), pos=array([-0.2 , -0.92]), rgbPedestal=array([ 0.,  0.,  0.]), sf=array([ 0.,  0.]), size=array([ 2.3,  0.2]), tex='sin', texRes=256, units='norm', win=Window(...))
21.0237 	EXP 	unnamed ImageStim: size = (1, 2)
21.0237 	EXP 	unnamed ImageStim: size = (1, 2)
28.9553 	DATA 	Mouse: Left button down, pos=(702,463)
29.0718 	DATA 	Mouse:  Left button up, pos=(702,463)
57.0221 	DATA 	Mouse: Left button down, pos=(857,70)
57.0384 	EXP 	window1: units = 'deg'
57.0388 	EXP 	window1: units = 'norm'
57.0625 	EXP 	Created OKrespZone = GratingStim(autoDraw=False, autoLog=True, color=array([ 1. ,  0.5,  0.5]), colorSpace='rgb', contrast=1.0, depth=0, interpolate=False, mask='gauss', maskParams=None, name='OKrespZone', opacity=1.0, ori=0.0, phase=array([ 0.,  0.]), pos=array([-0.2 , -0.92]), rgbPedestal=array([ 0.,  0.,  0.]), sf=array([ 0.,  0.]), size=array([ 2.3,  0.2]), tex='sin', texRes=256, units='norm', win=Window(...))
57.1429 	EXP 	Created unnamed ImageStim = ImageStim(autoLog=True, color=array([ 1.,  1.,  1.]), colorSpace='rgb', contrast=1.0, depth=0, flipHoriz=False, flipVert=False, image='abgdj\\PISandConsentForm\\consentForm.png', interpolate=False, mask=None, maskParams=None, name='unnamed ImageStim', opacity=1.0, ori=0.0, pos=array([ 0.,  0.]), size=array([ 1.3375    ,  2.97407407]), texRes=128, units='norm', win=Window(...))
57.1783 	EXP 	Created unnamed GratingStim = GratingStim(autoDraw=False, autoLog=True, color=array([ 1. ,  0.5,  0.5]), colorSpace='rgb', contrast=1.0, depth=0, interpolate=False, mask='gauss', maskParams=None, name='unnamed GratingStim', opacity=1.0, ori=0.0, phase=array([ 0.,  0.]), pos=array([-0.2 , -0.42]), rgbPedestal=array([ 0.,  0.,  0.]), sf=array([ 0.,  0.]), size=array([ 0.3,  0.2]), tex='sin', texRes=256, units='norm', win=Window(...))
57.2162 	EXP 	Created unnamed GratingStim = GratingStim(autoDraw=False, autoLog=True, color=array([ 1. ,  0.5,  0.5]), colorSpace='rgb', contrast=1.0, depth=0, interpolate=False, mask='gauss', maskParams=None, name='unnamed GratingStim', opacity=1.0, ori=0.0, phase=array([ 0.,  0.]), pos=array([ 0.1 , -0.42]), rgbPedestal=array([ 0.,  0.,  0.]), sf=array([ 0.,  0.]), size=array([ 0.3,  0.2]), tex='sin', texRes=256, units='norm', win=Window(...))
57.2371 	EXP 	Created unnamed GratingStim = GratingStim(autoDraw=False, autoLog=True, color=array([ 1. ,  0.5,  0.5]), colorSpace='rgb', contrast=1.0, depth=0, interpolate=False, mask='gauss', maskParams=None, name='unnamed GratingStim', opacity=1.0, ori=0.0, phase=array([ 0.,  0.]), pos=array([-0.2 , -0.72]), rgbPedestal=array([ 0.,  0.,  0.]), sf=array([ 0.,  0.]), size=array([ 0.3,  0.2]), tex='sin', texRes=256, units='norm', win=Window(...))
57.2587 	EXP 	Created unnamed GratingStim = GratingStim(autoDraw=False, autoLog=True, color=array([ 1. ,  0.5,  0.5]), colorSpace='rgb', contrast=1.0, depth=0, interpolate=False, mask='gauss', maskParams=None, name='unnamed GratingStim', opacity=1.0, ori=0.0, phase=array([ 0.,  0.]), pos=array([ 0.1 , -0.72]), rgbPedestal=array([ 0.,  0.,  0.]), sf=array([ 0.,  0.]), size=array([ 0.3,  0.2]), tex='sin', texRes=256, units='norm', win=Window(...))
57.2615 	DATA 	Mouse:  Left button up, pos=(857,70)
57.2676 	EXP 	unnamed ImageStim: size = (1.1, 2)
64.1385 	DATA 	Mouse: Left button down, pos=(784,311)
64.1550 	DATA 	Mouse:  Left button up, pos=(784,311)
65.2551 	DATA 	Mouse: Left button down, pos=(783,134)
65.3217 	DATA 	Mouse:  Left button up, pos=(783,134)
66.0592 	DATA 	Mouse: Left button down, pos=(785,52)
66.0714 	EXP 	window1: units = 'deg'
66.0757 	EXP 	window1: mouseVisible = True
75.5910 	EXP 	Created window1 = Window(allowGUI=False, allowStencil=False, autoLog=True, bitsMode=UNKNOWN, blendMode='avg', color=array([-0.7, -0.7, -0.7]), colorSpace='rgb', fullscr=UNKNOWN, gamma=None, lms=UNKNOWN, monitor=<psychopy.monitors.calibTools.Monitor object at 0x1B1D2150>, name='window1', pos=[0, 0], screen=0, size=array([1920, 1080]), stereo=False, units='deg', useFBO=False, useRetina=False, viewOri=0.0, viewPos=None, viewScale=None, waitBlanking=False, winType='pyglet')
79.8742 	INFO 	#[ PsychoPy2 RuntimeInfoStart ]
  #[[ PsychoPy ]] #---------
    psychopyVersion: 1.84.2
    psychopyHaveExtRush: True
  #[[ Experiment ]] #---------
    experimentAuthor: None
    experimentAuthVersion: None
    experimentRunTime: 2018_08_06 14:08 (Year_Month_Day Hour:Min)
    experimentRunTime.epoch: 1533528518
    experimentScript: psyc1002.py
    experimentScript.digestSHA1: 03993779484d600ea4c1b8cc2288f3d37a5025d5
    experimentScript.directory: U:\PSYC1002\abgdj
  #[[ System ]] #---------
    systemHaveInternetAccess: True
    systemHostName: W5FG1LG2
    systemLocale: English_Australia.1252
    systemMemFreeRAM: 4436.44921875
    systemMemTotalRAM: 8076.9453125
    systemPlatform: windowsversion=sys.getwindowsversion(major=6, minor=2, build=9200, platform=2, service_pack='')
    systemPyo.InputDevices: {4: {'host api index': 2, 'latency': 0.008707483299076557, 'default sr': 44100, 'name': u'Realtek ASIO'}}
    systemPyo.OutputDevices: {0: {'host api index': 0, 'latency': 0.09000000357627869, 'default sr': 44100, 'name': u'Microsoft Sound Mapper - Output'}, 1: {'host api index': 0, 'latency': 0.09000000357627869, 'default sr': 44100, 'name': u'Speakers / Headphones (Realtek '}, 2: {'host api index': 1, 'latency': 0.11999999731779099, 'default sr': 44100, 'name': u'Primary Sound Driver'}, 3: {'host api index': 1, 'latency': 0.11999999731779099, 'default sr': 44100, 'name': u'Speakers / Headphones (Realtek High Definition Audio)'}, 4: {'host api index': 2, 'latency': 0.008707483299076557, 'default sr': 44100, 'name': u'Realtek ASIO'}, 5: {'host api index': 3, 'latency': 0.003000000026077032, 'default sr': 48000, 'name': u'Speakers / Headphones (Realtek High Definition Audio)'}}
    systemPyoVersion: 0.8.0
    systemRebooted: System Boot Time:          6/08/2018, 11:03:37 AM
    systemSec.pythonSSL: True
    systemTimeNumpySD1000000_sec: 0.0088
    systemUser: hnai9409
    systemUserID: 1000
    systemUserProcCmdPid: LabStatsUserSpace.exe dwm.exe TiWorker.exe CmRcService.exe nierserver.exe LabStatsClient.exe tagsrv.exe SearchUI.exe rundll32.exe OneDrive.exe nipxism.exe TrustedInstaller.exe niLxiDiscovery.exe SecurityHealthService.exe redirector.exe SearchProtocolHost.exe server_admin.exe pc-client.exe lkads.exe svchost.exe smartscreen.exe ni_usbmon.exe AGSService.exe System SISIDSService.exe SelfServicePlugin.exe explorer.exe smss.exe ApplicationWebServer.exe RuntimeBroker.exe acrotray.exe niauth_daemon.exe cmd.exe nidmsrv.exe Receiver.exe SISIPSService.exe lktsrv.exe lsass.exe python.exe RtkNGUI64.exe sisipsutil.exe AdobeUpdateService.exe armsvc.exe ssonsvr.exe concentr.exe nidevldu.exe taskhostw.exe ctfmon.exe RAVBg64.exe ''Memory Compression'' NIWebServiceContainer.exe nimxs.exe RtkAudioService64.exe SystemWebServer.exe tasklist.exe snowagent.exe CcmExec.exe SearchFilterHost.exe SmcGui.exe nicitdl5.exe ''System Idle Process'' services.exe niDiscSvc.exe sqlwriter.exe MSASCuiL.exe SCNotification.exe nimdnsResponder.exe server_runtime.exe sihost.exe backgroundTaskHost.exe spoolsv.exe wininit.exe winlogon.exe ShellExperienceHost.exe nidevmon.exe SearchIndexer.exe csrss.exe WmiPrvSE.exe audiodg.exe fontdrvhost.exe OneDriveSetup.exe dllhost.exe unsecapp.exe ccSvcHst.exe wfcrun32.exe nisvcloc.exe server_eventlog.exe lkcitdl.exe AuthManSvr.exe conhost.exe
    systemUserProcCount: 185
    systemUserProcFlagged: Explorer
    systemUsersCount: False
  #[[ Window ]] #---------
    windowWinType: pyglet
    windowWaitBlanking: False
    windowUseNativeGamma: True
    windowUnits: deg
    windowSize_pix: [1920 1080]
    windowScreen: 0
    windowRgb: [-0.7 -0.7 -0.7]
    windowRefreshTimeSD_ms: 0.142
    windowRefreshTimeMedian_ms: 16.672
    windowRefreshTimeAvg_ms: 16.671
    windowRefreshThreshold_sec: 0.0200
    windowRecordFrameIntervals: False
    windowPos_pix: [0, 0]
    windowMonitor.name: testmonitor
    windowMonitor.getWidth_cm: 57.0
    windowMonitor.getLinearizeMethod: 1
    windowMonitor.getGammaGrid: [[  0.   1.   1.  nan  nan  nan]
 [  0.   1.   1.  nan  nan  nan]
 [  0.   1.   1.  nan  nan  nan]
 [  0.   1.   1.  nan  nan  nan]]
    windowMonitor.getDistance_cm: 57.0
    windowMonitor.gammaInterpolator2: None
    windowMonitor.gammaInterpolator: None
    windowMonitor.currentCalibName: 2018_08_06 14:07
    windowIsFullScr: True
    windowHaveShaders: True
    windowAllowGUI: False
  #[[ Python ]] #---------
    pythonWxVersion: 3.0.2.0 msw (classic)
    pythonVersion: 2.7.11
    pythonScipyVersion: 0.17.1
    pythonPygletVersion: 1.2.4
    pythonPygameVersion: 1.9.2pre
    pythonNumpyVersion: 1.11.0
    pythonMatplotlibVersion: 1.5.1
    pythonFullVersion: 2.7.11 (v2.7.11:6d1b6a68f775, Dec  5 2015, 20:32:19) [MSC v.1500 32 bit (Intel)]
    pythonExecutable: C:\Program Files (x86)\PsychoPy2\python.exe
  #[[ OpenGL ]] #---------
    openGLVersion: 4.4.0 - Build 20.19.15.4531
    openGLVendor: Intel
    openGLRenderingEngine: Intel(R) HD Graphics 530
    openGLmaxVerticesInVertexArray: 1048576
    False: openGLext.GL_STEREO
    True: openGLext.GL_EXT_framebuffer_object
    True: openGLext.GL_ARB_vertex_shader
    True: openGLext.GL_ARB_texture_non_power_of_two
    True: openGLext.GL_ARB_texture_float
    True: openGLext.GL_ARB_shader_objects
    True: openGLext.GL_ARB_multitexture
    True: openGLext.GL_ARB_fragment_program
#[ PsychoPy2 RuntimeInfoEnd ]

79.9216 	EXP 	window1: recordFrameIntervals = True
80.7549 	EXP 	window1: recordFrameIntervals = False
80.7554 	INFO 	Frames per second ~=60.1, which is close enough to desired val of 60.0
80.9382 	EXP 	Created sequence: random, trialTypes=12, nReps=30, seed=None
81.0867 	INFO 	Mouse: using default window
81.1060 	EXP 	Created OKrespZone = GratingStim(autoDraw=False, autoLog=True, color=array([ 1.,  1.,  1.]), colorSpace='rgb', contrast=1.0, depth=0, interpolate=False, mask='gauss', maskParams=None, name='OKrespZone', opacity=1.0, ori=0.0, phase=array([ 0.,  0.]), pos=array([ 0.  ,  0.88]), rgbPedestal=array([ 0.,  0.,  0.]), sf=array([ 0.,  0.]), size=array([ 2. ,  0.2]), tex='sin', texRes=256, units='norm', win=Window(...))
91.7282 	DATA 	Mouse: Left button down, pos=(101,187)
91.7866 	DATA 	Mouse:  Left button up, pos=(101,187)
103.0001 	DATA 	Mouse: Left button down, pos=(1749,672)
103.1040 	DATA 	Mouse:  Left button up, pos=(1748,672)
130.5852 	DATA 	Mouse: Left button down, pos=(1107,676)
130.6561 	DATA 	Mouse:  Left button up, pos=(1107,676)
144.3122 	DATA 	Mouse: Left button down, pos=(105,748)
144.4321 	DATA 	Mouse:  Left button up, pos=(105,748)
150.2812 	DATA 	Mouse: Left button down, pos=(70,404)
150.4319 	DATA 	Mouse:  Left button up, pos=(70,404)
153.0243 	DATA 	Mouse: Left button down, pos=(83,269)
153.2240 	DATA 	Mouse:  Left button up, pos=(83,269)
155.0807 	DATA 	Mouse: Left button down, pos=(291,954)
155.1999 	DATA 	Mouse:  Left button up, pos=(291,954)
161.8962 	DATA 	Mouse: Left button down, pos=(520,674)
162.9759 	DATA 	Mouse:  Left button up, pos=(528,686)
163.1841 	DATA 	Mouse: Left button down, pos=(528,686)
163.2960 	DATA 	Mouse:  Left button up, pos=(528,686)
165.0563 	DATA 	Mouse: Left button down, pos=(513,678)
165.1148 	DATA 	Mouse:  Left button up, pos=(513,678)
166.9923 	DATA 	Mouse: Left button down, pos=(329,545)
167.0640 	DATA 	Mouse:  Left button up, pos=(329,545)
169.6483 	DATA 	Mouse: Left button down, pos=(331,470)
169.8240 	DATA 	Mouse:  Left button up, pos=(331,470)
172.0324 	DATA 	Mouse: Left button down, pos=(289,433)
172.1362 	DATA 	Mouse:  Left button up, pos=(291,433)
173.2092 	DATA 	Mouse: Left button down, pos=(277,394)
173.3200 	DATA 	Mouse:  Left button up, pos=(277,394)
175.1213 	DATA 	Mouse: Left button down, pos=(1140,472)
175.1786 	DATA 	Mouse:  Left button up, pos=(1140,472)
176.0322 	DATA 	Mouse: Left button down, pos=(905,669)
176.1200 	DATA 	Mouse:  Left button up, pos=(905,666)
177.8167 	DATA 	Mouse: Left button down, pos=(956,1013)
177.8389 	INFO 	Experiment will have 360 trials. Letters will be drawn with superposed noise of 0.00%
177.8525 	EXP 	New trial (rep=0, index=0): {'leftStreamFlip': False, 'oneTarget': True, 'trialInstructionPos': (0, 1), 'probe': 'both', 'rightStreamFlip': False, 'horizVert': True, 'ISIframes': 3, 'rightResponseFirst': True}
177.8526 	INFO 	Starting main part of experiment
177.9247 	DATA 	Mouse:  Left button up, pos=(956,1013)
179.0548 	INFO 	numtrials=360 and this trialDurFrames=41 or 683.333333333 ms  task=T1
181.2883 	EXP 	window1: recordFrameIntervals = False
181.2989 	INFO 	Mouse: using default window
183.6220 	DATA 	Keypress: i
183.7993 	EXP 	New trial (rep=0, index=1): {'leftStreamFlip': False, 'oneTarget': True, 'trialInstructionPos': (0, -1), 'probe': 'both', 'rightStreamFlip': False, 'horizVert': True, 'ISIframes': 3, 'rightResponseFirst': False}
190.3391 	DATA 	Mouse: Left button down, pos=(950,1011)
190.5053 	DATA 	Mouse:  Left button up, pos=(950,1011)
193.3215 	INFO 	numtrials=360 and this trialDurFrames=32 or 533.333333333 ms  task=T1
195.4050 	EXP 	window1: recordFrameIntervals = False
195.4132 	INFO 	Mouse: using default window
198.8553 	DATA 	Keypress: i
198.9955 	EXP 	New trial (rep=0, index=2): {'leftStreamFlip': False, 'oneTarget': False, 'trialInstructionPos': (0, 1), 'probe': 'both', 'rightStreamFlip': False, 'horizVert': True, 'ISIframes': 3, 'rightResponseFirst': True}
199.0053 	INFO 	numtrials=360 and this trialDurFrames=26 or 433.333333333 ms  task=T1
201.0717 	EXP 	window1: recordFrameIntervals = False
201.0808 	INFO 	Mouse: using default window
203.6885 	DATA 	Keypress: i
205.4887 	DATA 	Keypress: i
205.6300 	EXP 	New trial (rep=0, index=3): {'leftStreamFlip': False, 'oneTarget': False, 'trialInstructionPos': (0, 1), 'probe': 'both', 'rightStreamFlip': False, 'horizVert': True, 'ISIframes': 3, 'rightResponseFirst': False}
205.6371 	INFO 	numtrials=360 and this trialDurFrames=26 or 433.333333333 ms  task=T1
207.1383 	EXP 	window1: recordFrameIntervals = False
207.1470 	INFO 	Mouse: using default window
211.0901 	DATA 	Keypress: i
212.7718 	DATA 	Keypress: l
212.9146 	EXP 	New trial (rep=0, index=4): {'leftStreamFlip': False, 'oneTarget': False, 'trialInstructionPos': (0, -1), 'probe': 'both', 'rightStreamFlip': False, 'horizVert': True, 'ISIframes': 3, 'rightResponseFirst': False}
216.4053 	DATA 	Mouse: Left button down, pos=(947,954)
216.5885 	DATA 	Mouse:  Left button up, pos=(947,954)
221.2716 	INFO 	numtrials=360 and this trialDurFrames=20 or 333.333333333 ms  task=T1
222.5883 	EXP 	window1: recordFrameIntervals = False
222.5967 	INFO 	Mouse: using default window
224.4552 	DATA 	Keypress: f
226.3385 	DATA 	Keypress: k
226.4811 	EXP 	New trial (rep=0, index=5): {'leftStreamFlip': False, 'oneTarget': False, 'trialInstructionPos': (0, 1), 'probe': 'both', 'rightStreamFlip': False, 'horizVert': True, 'ISIframes': 3, 'rightResponseFirst': True}
226.5046 	INFO 	numtrials=360 and this trialDurFrames=5 or 83.3333333333 ms  task=T1
227.7218 	EXP 	window1: recordFrameIntervals = False
227.7302 	INFO 	Mouse: using default window
230.5552 	DATA 	Keypress: j
232.0885 	DATA 	Keypress: g
232.2302 	EXP 	New trial (rep=0, index=6): {'leftStreamFlip': False, 'oneTarget': True, 'trialInstructionPos': (0, -1), 'probe': 'both', 'rightStreamFlip': False, 'horizVert': True, 'ISIframes': 3, 'rightResponseFirst': True}
232.2544 	INFO 	numtrials=360 and this trialDurFrames=5 or 83.3333333333 ms  task=T1
233.4716 	EXP 	window1: recordFrameIntervals = False
233.4810 	INFO 	Mouse: using default window
236.0552 	DATA 	Keypress: y
236.1915 	EXP 	New trial (rep=0, index=7): {'leftStreamFlip': False, 'oneTarget': False, 'trialInstructionPos': (0, -1), 'probe': 'both', 'rightStreamFlip': False, 'horizVert': True, 'ISIframes': 3, 'rightResponseFirst': True}
236.2039 	INFO 	numtrials=360 and this trialDurFrames=5 or 83.3333333333 ms  task=T1
237.2051 	EXP 	window1: recordFrameIntervals = False
237.2135 	INFO 	Mouse: using default window
239.2393 	DATA 	Keypress: a
240.2416 	DATA 	Keypress: u
240.3972 	EXP 	New trial (rep=0, index=8): {'leftStreamFlip': False, 'oneTarget': False, 'trialInstructionPos': (0, -1), 'probe': 'both', 'rightStreamFlip': False, 'horizVert': True, 'ISIframes': 3, 'rightResponseFirst': True}
240.4214 	INFO 	numtrials=360 and this trialDurFrames=5 or 83.3333333333 ms  task=T1
241.5216 	EXP 	window1: recordFrameIntervals = False
241.5301 	INFO 	Mouse: using default window
242.8885 	DATA 	Keypress: s
243.7718 	DATA 	Keypress: t
243.9171 	EXP 	New trial (rep=0, index=9): {'leftStreamFlip': False, 'oneTarget': True, 'trialInstructionPos': (0, 1), 'probe': 'both', 'rightStreamFlip': False, 'horizVert': True, 'ISIframes': 3, 'rightResponseFirst': False}
243.9378 	INFO 	numtrials=360 and this trialDurFrames=5 or 83.3333333333 ms  task=T1
245.1051 	EXP 	window1: recordFrameIntervals = False
245.1136 	INFO 	Mouse: using default window
246.5719 	DATA 	Keypress: e
246.7104 	EXP 	New trial (rep=0, index=10): {'leftStreamFlip': False, 'oneTarget': False, 'trialInstructionPos': (0, 1), 'probe': 'both', 'rightStreamFlip': False, 'horizVert': True, 'ISIframes': 3, 'rightResponseFirst': False}
246.7216 	INFO 	numtrials=360 and this trialDurFrames=5 or 83.3333333333 ms  task=T1
247.7551 	EXP 	window1: recordFrameIntervals = False
247.7644 	INFO 	Mouse: using default window
248.8386 	DATA 	Keypress: u
250.7223 	DATA 	Keypress: w
250.8820 	EXP 	New trial (rep=0, index=11): {'leftStreamFlip': False, 'oneTarget': False, 'trialInstructionPos': (0, -1), 'probe': 'both', 'rightStreamFlip': False, 'horizVert': True, 'ISIframes': 3, 'rightResponseFirst': False}
250.9044 	INFO 	numtrials=360 and this trialDurFrames=5 or 83.3333333333 ms  task=T1
252.1217 	EXP 	window1: recordFrameIntervals = False
252.1297 	INFO 	Mouse: using default window
254.1553 	DATA 	Keypress: s
254.9553 	DATA 	Keypress: g
255.0936 	EXP 	New trial (rep=1, index=0): {'leftStreamFlip': False, 'oneTarget': False, 'trialInstructionPos': (0, 1), 'probe': 'both', 'rightStreamFlip': False, 'horizVert': True, 'ISIframes': 3, 'rightResponseFirst': False}
255.1041 	INFO 	numtrials=360 and this trialDurFrames=5 or 83.3333333333 ms  task=T1
256.2551 	EXP 	window1: recordFrameIntervals = False
256.2635 	INFO 	Mouse: using default window
258.2387 	DATA 	Keypress: a
259.1385 	DATA 	Keypress: k
259.2787 	EXP 	New trial (rep=1, index=1): {'leftStreamFlip': False, 'oneTarget': False, 'trialInstructionPos': (0, 1), 'probe': 'both', 'rightStreamFlip': False, 'horizVert': True, 'ISIframes': 3, 'rightResponseFirst': True}
259.3045 	INFO 	numtrials=360 and this trialDurFrames=5 or 83.3333333333 ms  task=T1
260.4549 	EXP 	window1: recordFrameIntervals = False
260.4641 	INFO 	Mouse: using default window
261.9052 	DATA 	Keypress: u
262.5887 	DATA 	Keypress: f
262.7285 	EXP 	New trial (rep=1, index=2): {'leftStreamFlip': False, 'oneTarget': True, 'trialInstructionPos': (0, 1), 'probe': 'both', 'rightStreamFlip': False, 'horizVert': True, 'ISIframes': 3, 'rightResponseFirst': False}
262.7548 	INFO 	numtrials=360 and this trialDurFrames=5 or 83.3333333333 ms  task=T1
263.9718 	EXP 	window1: recordFrameIntervals = False
263.9808 	INFO 	Mouse: using default window
266.0385 	DATA 	Keypress: y
266.1784 	EXP 	New trial (rep=1, index=3): {'leftStreamFlip': False, 'oneTarget': False, 'trialInstructionPos': (0, -1), 'probe': 'both', 'rightStreamFlip': False, 'horizVert': True, 'ISIframes': 3, 'rightResponseFirst': True}
266.2046 	INFO 	numtrials=360 and this trialDurFrames=5 or 83.3333333333 ms  task=T1
267.2051 	EXP 	window1: recordFrameIntervals = False
267.2134 	INFO 	Mouse: using default window
268.7553 	DATA 	Keypress: z
269.7056 	DATA 	Keypress: e
269.8438 	EXP 	New trial (rep=1, index=4): {'leftStreamFlip': False, 'oneTarget': True, 'trialInstructionPos': (0, 1), 'probe': 'both', 'rightStreamFlip': False, 'horizVert': True, 'ISIframes': 3, 'rightResponseFirst': True}
269.8547 	INFO 	numtrials=360 and this trialDurFrames=5 or 83.3333333333 ms  task=T1
271.0888 	EXP 	window1: recordFrameIntervals = False
271.0973 	INFO 	Mouse: using default window
272.7221 	DATA 	Keypress: a
272.8614 	EXP 	New trial (rep=1, index=5): {'leftStreamFlip': False, 'oneTarget': False, 'trialInstructionPos': (0, 1), 'probe': 'both', 'rightStreamFlip': False, 'horizVert': True, 'ISIframes': 3, 'rightResponseFirst': False}
272.8893 	INFO 	numtrials=360 and this trialDurFrames=6 or 100.0 ms  task=T1
274.1055 	EXP 	window1: recordFrameIntervals = False
274.1149 	INFO 	Mouse: using default window
276.3385 	DATA 	Keypress: a
277.2551 	DATA 	Keypress: n
277.3953 	EXP 	New trial (rep=1, index=6): {'leftStreamFlip': False, 'oneTarget': True, 'trialInstructionPos': (0, -1), 'probe': 'both', 'rightStreamFlip': False, 'horizVert': True, 'ISIframes': 3, 'rightResponseFirst': True}
277.4212 	INFO 	numtrials=360 and this trialDurFrames=6 or 100.0 ms  task=T1
278.4383 	EXP 	window1: recordFrameIntervals = False
278.4471 	INFO 	Mouse: using default window
280.0562 	DATA 	Keypress: j
280.1953 	EXP 	New trial (rep=1, index=7): {'leftStreamFlip': False, 'oneTarget': False, 'trialInstructionPos': (0, -1), 'probe': 'both', 'rightStreamFlip': False, 'horizVert': True, 'ISIframes': 3, 'rightResponseFirst': False}
280.2213 	INFO 	numtrials=360 and this trialDurFrames=6 or 100.0 ms  task=T1
281.3051 	EXP 	window1: recordFrameIntervals = False
281.3135 	INFO 	Mouse: using default window
282.5552 	DATA 	Keypress: z
283.3885 	DATA 	Keypress: u
283.5329 	EXP 	New trial (rep=1, index=8): {'leftStreamFlip': False, 'oneTarget': False, 'trialInstructionPos': (0, 1), 'probe': 'both', 'rightStreamFlip': False, 'horizVert': True, 'ISIframes': 3, 'rightResponseFirst': True}
283.5546 	INFO 	numtrials=360 and this trialDurFrames=6 or 100.0 ms  task=T1
284.7716 	EXP 	window1: recordFrameIntervals = False
284.7800 	INFO 	Mouse: using default window
286.7885 	DATA 	Keypress: r
286.9385 	DATA 	Keypress: r
287.0785 	EXP 	New trial (rep=1, index=9): {'leftStreamFlip': False, 'oneTarget': True, 'trialInstructionPos': (0, -1), 'probe': 'both', 'rightStreamFlip': False, 'horizVert': True, 'ISIframes': 3, 'rightResponseFirst': False}
287.1056 	INFO 	numtrials=360 and this trialDurFrames=6 or 100.0 ms  task=T1
288.3049 	EXP 	window1: recordFrameIntervals = False
288.3138 	INFO 	Mouse: using default window
289.5053 	DATA 	Keypress: n
289.6492 	EXP 	New trial (rep=1, index=10): {'leftStreamFlip': False, 'oneTarget': False, 'trialInstructionPos': (0, -1), 'probe': 'both', 'rightStreamFlip': False, 'horizVert': True, 'ISIframes': 3, 'rightResponseFirst': True}
289.6713 	INFO 	numtrials=360 and this trialDurFrames=6 or 100.0 ms  task=T1
290.8884 	EXP 	window1: recordFrameIntervals = False
290.8973 	INFO 	Mouse: using default window
292.2886 	DATA 	Keypress: t
292.9720 	DATA 	Keypress: f
293.1147 	EXP 	New trial (rep=1, index=11): {'leftStreamFlip': False, 'oneTarget': False, 'trialInstructionPos': (0, -1), 'probe': 'both', 'rightStreamFlip': False, 'horizVert': True, 'ISIframes': 3, 'rightResponseFirst': False}
293.1377 	INFO 	numtrials=360 and this trialDurFrames=5 or 83.3333333333 ms  task=T1
294.3384 	EXP 	window1: recordFrameIntervals = False
294.3468 	INFO 	Mouse: using default window
295.7552 	DATA 	Keypress: m
298.1885 	DATA 	Keypress: r
298.3264 	EXP 	New trial (rep=2, index=0): {'leftStreamFlip': False, 'oneTarget': False, 'trialInstructionPos': (0, -1), 'probe': 'both', 'rightStreamFlip': False, 'horizVert': True, 'ISIframes': 3, 'rightResponseFirst': True}
298.3543 	INFO 	numtrials=360 and this trialDurFrames=5 or 83.3333333333 ms  task=T1
299.4717 	EXP 	window1: recordFrameIntervals = False
299.4801 	INFO 	Mouse: using default window
300.9552 	DATA 	Keypress: e
301.5224 	DATA 	Keypress: f
301.6605 	EXP 	New trial (rep=2, index=1): {'leftStreamFlip': False, 'oneTarget': False, 'trialInstructionPos': (0, -1), 'probe': 'both', 'rightStreamFlip': False, 'horizVert': True, 'ISIframes': 3, 'rightResponseFirst': False}
301.6890 	INFO 	numtrials=360 and this trialDurFrames=5 or 83.3333333333 ms  task=T1
302.7051 	EXP 	window1: recordFrameIntervals = False
302.7138 	INFO 	Mouse: using default window
305.2551 	DATA 	Keypress: a
305.7386 	DATA 	Keypress: z
305.8815 	EXP 	New trial (rep=2, index=2): {'leftStreamFlip': False, 'oneTarget': False, 'trialInstructionPos': (0, 1), 'probe': 'both', 'rightStreamFlip': False, 'horizVert': True, 'ISIframes': 3, 'rightResponseFirst': True}
305.9049 	INFO 	numtrials=360 and this trialDurFrames=5 or 83.3333333333 ms  task=T1
306.9885 	EXP 	window1: recordFrameIntervals = False
306.9975 	INFO 	Mouse: using default window
308.6248 	DATA 	Keypress: r
309.3719 	DATA 	Keypress: a
309.5112 	EXP 	New trial (rep=2, index=3): {'leftStreamFlip': False, 'oneTarget': False, 'trialInstructionPos': (0, -1), 'probe': 'both', 'rightStreamFlip': False, 'horizVert': True, 'ISIframes': 3, 'rightResponseFirst': False}
309.5383 	INFO 	numtrials=360 and this trialDurFrames=5 or 83.3333333333 ms  task=T1
310.5882 	EXP 	window1: recordFrameIntervals = False
310.5967 	INFO 	Mouse: using default window
312.0885 	DATA 	Keypress: g
313.3054 	DATA 	Keypress: g
313.4450 	EXP 	New trial (rep=2, index=4): {'leftStreamFlip': False, 'oneTarget': True, 'trialInstructionPos': (0, 1), 'probe': 'both', 'rightStreamFlip': False, 'horizVert': True, 'ISIframes': 3, 'rightResponseFirst': True}
313.4713 	INFO 	numtrials=360 and this trialDurFrames=5 or 83.3333333333 ms  task=T1
314.4716 	EXP 	window1: recordFrameIntervals = False
314.4800 	INFO 	Mouse: using default window
315.9552 	DATA 	Keypress: z
316.1064 	EXP 	New trial (rep=2, index=5): {'leftStreamFlip': False, 'oneTarget': True, 'trialInstructionPos': (0, 1), 'probe': 'both', 'rightStreamFlip': False, 'horizVert': True, 'ISIframes': 3, 'rightResponseFirst': False}
316.1215 	INFO 	numtrials=360 and this trialDurFrames=5 or 83.3333333333 ms  task=T1
317.2716 	EXP 	window1: recordFrameIntervals = False
317.2793 	INFO 	Mouse: using default window
321.6229 	DATA 	Keypress: h
321.7611 	EXP 	New trial (rep=2, index=6): {'leftStreamFlip': False, 'oneTarget': False, 'trialInstructionPos': (0, -1), 'probe': 'both', 'rightStreamFlip': False, 'horizVert': True, 'ISIframes': 3, 'rightResponseFirst': True}
321.7879 	INFO 	numtrials=360 and this trialDurFrames=5 or 83.3333333333 ms  task=T1
322.9716 	EXP 	window1: recordFrameIntervals = False
322.9807 	INFO 	Mouse: using default window
324.3054 	DATA 	Keypress: a
325.0053 	DATA 	Keypress: s
325.1447 	EXP 	New trial (rep=2, index=7): {'leftStreamFlip': False, 'oneTarget': True, 'trialInstructionPos': (0, -1), 'probe': 'both', 'rightStreamFlip': False, 'horizVert': True, 'ISIframes': 3, 'rightResponseFirst': False}
325.1713 	INFO 	numtrials=360 and this trialDurFrames=5 or 83.3333333333 ms  task=T1
326.3050 	EXP 	window1: recordFrameIntervals = False
326.3140 	INFO 	Mouse: using default window
327.5553 	DATA 	Keypress: g
327.6944 	EXP 	New trial (rep=2, index=8): {'leftStreamFlip': False, 'oneTarget': False, 'trialInstructionPos': (0, 1), 'probe': 'both', 'rightStreamFlip': False, 'horizVert': True, 'ISIframes': 3, 'rightResponseFirst': False}
327.7214 	INFO 	numtrials=360 and this trialDurFrames=5 or 83.3333333333 ms  task=T1
328.8883 	EXP 	window1: recordFrameIntervals = False
328.8969 	INFO 	Mouse: using default window
330.3385 	DATA 	Keypress: a
331.1052 	DATA 	Keypress: g
331.2458 	EXP 	New trial (rep=2, index=9): {'leftStreamFlip': False, 'oneTarget': False, 'trialInstructionPos': (0, 1), 'probe': 'both', 'rightStreamFlip': False, 'horizVert': True, 'ISIframes': 3, 'rightResponseFirst': False}
331.2711 	INFO 	numtrials=360 and this trialDurFrames=5 or 83.3333333333 ms  task=T1
332.3386 	EXP 	window1: recordFrameIntervals = False
332.3470 	INFO 	Mouse: using default window
335.5719 	DATA 	Keypress: o
336.0553 	DATA 	Keypress: s
336.1952 	EXP 	New trial (rep=2, index=10): {'leftStreamFlip': False, 'oneTarget': False, 'trialInstructionPos': (0, 1), 'probe': 'both', 'rightStreamFlip': False, 'horizVert': True, 'ISIframes': 3, 'rightResponseFirst': True}
336.2213 	INFO 	numtrials=360 and this trialDurFrames=5 or 83.3333333333 ms  task=T1
337.4384 	EXP 	window1: recordFrameIntervals = False
337.4468 	INFO 	Mouse: using default window
339.2887 	DATA 	Keypress: u
339.7719 	DATA 	Keypress: h
339.9207 	EXP 	New trial (rep=2, index=11): {'leftStreamFlip': False, 'oneTarget': True, 'trialInstructionPos': (0, -1), 'probe': 'both', 'rightStreamFlip': False, 'horizVert': True, 'ISIframes': 3, 'rightResponseFirst': True}
339.9381 	INFO 	numtrials=360 and this trialDurFrames=5 or 83.3333333333 ms  task=T1
341.0716 	EXP 	window1: recordFrameIntervals = False
341.0809 	INFO 	Mouse: using default window
342.2888 	DATA 	Keypress: j
342.4263 	EXP 	New trial (rep=3, index=0): {'leftStreamFlip': False, 'oneTarget': True, 'trialInstructionPos': (0, 1), 'probe': 'both', 'rightStreamFlip': False, 'horizVert': True, 'ISIframes': 3, 'rightResponseFirst': True}
342.4376 	INFO 	numtrials=360 and this trialDurFrames=5 or 83.3333333333 ms  task=T1
343.6716 	EXP 	window1: recordFrameIntervals = False
343.6802 	INFO 	Mouse: using default window
344.8554 	DATA 	Keypress: n
344.9946 	EXP 	New trial (rep=3, index=1): {'leftStreamFlip': False, 'oneTarget': True, 'trialInstructionPos': (0, -1), 'probe': 'both', 'rightStreamFlip': False, 'horizVert': True, 'ISIframes': 3, 'rightResponseFirst': False}
345.0214 	INFO 	numtrials=360 and this trialDurFrames=5 or 83.3333333333 ms  task=T1
346.2550 	EXP 	window1: recordFrameIntervals = False
346.2634 	INFO 	Mouse: using default window
347.2719 	DATA 	Keypress: e
347.4112 	EXP 	New trial (rep=3, index=2): {'leftStreamFlip': False, 'oneTarget': False, 'trialInstructionPos': (0, -1), 'probe': 'both', 'rightStreamFlip': False, 'horizVert': True, 'ISIframes': 3, 'rightResponseFirst': True}
347.4389 	INFO 	numtrials=360 and this trialDurFrames=5 or 83.3333333333 ms  task=T1
348.4550 	EXP 	window1: recordFrameIntervals = False
348.4635 	INFO 	Mouse: using default window
350.0051 	DATA 	Keypress: t
350.4886 	DATA 	Keypress: f
350.6369 	EXP 	New trial (rep=3, index=3): {'leftStreamFlip': False, 'oneTarget': False, 'trialInstructionPos': (0, -1), 'probe': 'both', 'rightStreamFlip': False, 'horizVert': True, 'ISIframes': 3, 'rightResponseFirst': True}
350.6545 	INFO 	numtrials=360 and this trialDurFrames=5 or 83.3333333333 ms  task=T1
351.7050 	EXP 	window1: recordFrameIntervals = False
351.7135 	INFO 	Mouse: using default window
352.8721 	DATA 	Keypress: a
353.2885 	DATA 	Keypress: h
353.4285 	EXP 	New trial (rep=3, index=4): {'leftStreamFlip': False, 'oneTarget': False, 'trialInstructionPos': (0, -1), 'probe': 'both', 'rightStreamFlip': False, 'horizVert': True, 'ISIframes': 3, 'rightResponseFirst': False}
353.4555 	INFO 	numtrials=360 and this trialDurFrames=5 or 83.3333333333 ms  task=T1
354.5216 	EXP 	window1: recordFrameIntervals = False
354.5299 	INFO 	Mouse: using default window
355.6552 	DATA 	Keypress: z
356.2581 	DATA 	Keypress: e
356.4118 	EXP 	New trial (rep=3, index=5): {'leftStreamFlip': False, 'oneTarget': True, 'trialInstructionPos': (0, -1), 'probe': 'both', 'rightStreamFlip': False, 'horizVert': True, 'ISIframes': 3, 'rightResponseFirst': True}
356.4381 	INFO 	numtrials=360 and this trialDurFrames=5 or 83.3333333333 ms  task=T1
357.6718 	EXP 	window1: recordFrameIntervals = False
357.6802 	INFO 	Mouse: using default window
358.8720 	DATA 	Keypress: s
359.0124 	EXP 	New trial (rep=3, index=6): {'leftStreamFlip': False, 'oneTarget': False, 'trialInstructionPos': (0, 1), 'probe': 'both', 'rightStreamFlip': False, 'horizVert': True, 'ISIframes': 3, 'rightResponseFirst': False}
359.0378 	INFO 	numtrials=360 and this trialDurFrames=5 or 83.3333333333 ms  task=T1
360.1217 	EXP 	window1: recordFrameIntervals = False
360.1306 	INFO 	Mouse: using default window
361.1721 	DATA 	Keypress: h
361.8385 	DATA 	Keypress: m
361.9775 	EXP 	New trial (rep=3, index=7): {'leftStreamFlip': False, 'oneTarget': False, 'trialInstructionPos': (0, 1), 'probe': 'both', 'rightStreamFlip': False, 'horizVert': True, 'ISIframes': 3, 'rightResponseFirst': True}
362.0055 	INFO 	numtrials=360 and this trialDurFrames=5 or 83.3333333333 ms  task=T1
363.0883 	EXP 	window1: recordFrameIntervals = False
363.0968 	INFO 	Mouse: using default window
366.7720 	DATA 	Keypress: u
367.0386 	DATA 	Keypress: s
367.1785 	EXP 	New trial (rep=3, index=8): {'leftStreamFlip': False, 'oneTarget': False, 'trialInstructionPos': (0, -1), 'probe': 'both', 'rightStreamFlip': False, 'horizVert': True, 'ISIframes': 3, 'rightResponseFirst': False}
367.2056 	INFO 	numtrials=360 and this trialDurFrames=5 or 83.3333333333 ms  task=T1
368.4049 	EXP 	window1: recordFrameIntervals = False
368.4136 	INFO 	Mouse: using default window
369.5887 	DATA 	Keypress: f
370.8052 	DATA 	Keypress: e
370.9495 	EXP 	New trial (rep=3, index=9): {'leftStreamFlip': False, 'oneTarget': False, 'trialInstructionPos': (0, 1), 'probe': 'both', 'rightStreamFlip': False, 'horizVert': True, 'ISIframes': 3, 'rightResponseFirst': True}
370.9710 	INFO 	numtrials=360 and this trialDurFrames=5 or 83.3333333333 ms  task=T1
372.0384 	EXP 	window1: recordFrameIntervals = False
372.0471 	INFO 	Mouse: using default window
373.9385 	DATA 	Keypress: c
374.3052 	DATA 	Keypress: m
374.4461 	EXP 	New trial (rep=3, index=10): {'leftStreamFlip': False, 'oneTarget': False, 'trialInstructionPos': (0, 1), 'probe': 'both', 'rightStreamFlip': False, 'horizVert': True, 'ISIframes': 3, 'rightResponseFirst': False}
374.4709 	INFO 	numtrials=360 and this trialDurFrames=5 or 83.3333333333 ms  task=T1
375.5550 	EXP 	window1: recordFrameIntervals = False
375.5635 	INFO 	Mouse: using default window
377.0720 	DATA 	Keypress: h
377.3719 	DATA 	Keypress: k
377.5105 	EXP 	New trial (rep=3, index=11): {'leftStreamFlip': False, 'oneTarget': True, 'trialInstructionPos': (0, 1), 'probe': 'both', 'rightStreamFlip': False, 'horizVert': True, 'ISIframes': 3, 'rightResponseFirst': False}
377.5211 	INFO 	numtrials=360 and this trialDurFrames=5 or 83.3333333333 ms  task=T1
378.6883 	EXP 	window1: recordFrameIntervals = False
378.6967 	INFO 	Mouse: using default window
380.5219 	DATA 	Keypress: a
380.6613 	EXP 	New trial (rep=4, index=0): {'leftStreamFlip': False, 'oneTarget': False, 'trialInstructionPos': (0, -1), 'probe': 'both', 'rightStreamFlip': False, 'horizVert': True, 'ISIframes': 3, 'rightResponseFirst': True}
380.6879 	INFO 	numtrials=360 and this trialDurFrames=5 or 83.3333333333 ms  task=T1
381.7882 	EXP 	window1: recordFrameIntervals = False
381.7969 	INFO 	Mouse: using default window
383.1220 	DATA 	Keypress: m
383.4720 	DATA 	Keypress: f
383.6125 	EXP 	New trial (rep=4, index=1): {'leftStreamFlip': False, 'oneTarget': True, 'trialInstructionPos': (0, -1), 'probe': 'both', 'rightStreamFlip': False, 'horizVert': True, 'ISIframes': 3, 'rightResponseFirst': True}
383.6380 	INFO 	numtrials=360 and this trialDurFrames=5 or 83.3333333333 ms  task=T1
384.7882 	EXP 	window1: recordFrameIntervals = False
384.7980 	INFO 	Mouse: using default window
386.7052 	DATA 	Keypress: p
386.8437 	EXP 	New trial (rep=4, index=2): {'leftStreamFlip': False, 'oneTarget': False, 'trialInstructionPos': (0, 1), 'probe': 'both', 'rightStreamFlip': False, 'horizVert': True, 'ISIframes': 3, 'rightResponseFirst': True}
386.8556 	INFO 	numtrials=360 and this trialDurFrames=5 or 83.3333333333 ms  task=T1
388.0549 	EXP 	window1: recordFrameIntervals = False
388.0634 	INFO 	Mouse: using default window
389.4052 	DATA 	Keypress: r
389.7385 	DATA 	Keypress: f
389.8779 	EXP 	New trial (rep=4, index=3): {'leftStreamFlip': False, 'oneTarget': False, 'trialInstructionPos': (0, 1), 'probe': 'both', 'rightStreamFlip': False, 'horizVert': True, 'ISIframes': 3, 'rightResponseFirst': False}
389.9045 	INFO 	numtrials=360 and this trialDurFrames=5 or 83.3333333333 ms  task=T1
390.9217 	EXP 	window1: recordFrameIntervals = False
390.9304 	INFO 	Mouse: using default window
392.5885 	DATA 	Keypress: s
392.9552 	DATA 	Keypress: n
393.0959 	EXP 	New trial (rep=4, index=4): {'leftStreamFlip': False, 'oneTarget': False, 'trialInstructionPos': (0, 1), 'probe': 'both', 'rightStreamFlip': False, 'horizVert': True, 'ISIframes': 3, 'rightResponseFirst': False}
393.1214 	INFO 	numtrials=360 and this trialDurFrames=5 or 83.3333333333 ms  task=T1
394.2216 	EXP 	window1: recordFrameIntervals = False
394.2301 	INFO 	Mouse: using default window
395.6219 	DATA 	Keypress: z
395.8888 	DATA 	Keypress: u
396.0287 	EXP 	New trial (rep=4, index=5): {'leftStreamFlip': False, 'oneTarget': False, 'trialInstructionPos': (0, -1), 'probe': 'both', 'rightStreamFlip': False, 'horizVert': True, 'ISIframes': 3, 'rightResponseFirst': False}
396.0542 	INFO 	numtrials=360 and this trialDurFrames=5 or 83.3333333333 ms  task=T1
397.2383 	EXP 	window1: recordFrameIntervals = False
397.2467 	INFO 	Mouse: using default window
398.8726 	DATA 	Keypress: n
399.1720 	DATA 	Keypress: a
399.3127 	EXP 	New trial (rep=4, index=6): {'leftStreamFlip': False, 'oneTarget': False, 'trialInstructionPos': (0, -1), 'probe': 'both', 'rightStreamFlip': False, 'horizVert': True, 'ISIframes': 3, 'rightResponseFirst': True}
399.3378 	INFO 	numtrials=360 and this trialDurFrames=5 or 83.3333333333 ms  task=T1
400.5216 	EXP 	window1: recordFrameIntervals = False
400.5302 	INFO 	Mouse: using default window
401.7554 	DATA 	Keypress: e
402.0720 	DATA 	Keypress: k
402.2120 	EXP 	New trial (rep=4, index=7): {'leftStreamFlip': False, 'oneTarget': True, 'trialInstructionPos': (0, -1), 'probe': 'both', 'rightStreamFlip': False, 'horizVert': True, 'ISIframes': 3, 'rightResponseFirst': False}
402.2377 	INFO 	numtrials=360 and this trialDurFrames=5 or 83.3333333333 ms  task=T1
403.3385 	EXP 	window1: recordFrameIntervals = False
403.3469 	INFO 	Mouse: using default window
404.3718 	DATA 	Keypress: g
404.5110 	EXP 	New trial (rep=4, index=8): {'leftStreamFlip': False, 'oneTarget': False, 'trialInstructionPos': (0, -1), 'probe': 'both', 'rightStreamFlip': False, 'horizVert': True, 'ISIframes': 3, 'rightResponseFirst': False}
404.5389 	INFO 	numtrials=360 and this trialDurFrames=5 or 83.3333333333 ms  task=T1
405.5717 	EXP 	window1: recordFrameIntervals = False
405.5797 	INFO 	Mouse: using default window
406.7553 	DATA 	Keypress: m
407.0218 	DATA 	Keypress: r
407.1584 	EXP 	New trial (rep=4, index=9): {'leftStreamFlip': False, 'oneTarget': True, 'trialInstructionPos': (0, 1), 'probe': 'both', 'rightStreamFlip': False, 'horizVert': True, 'ISIframes': 3, 'rightResponseFirst': True}
407.1708 	INFO 	numtrials=360 and this trialDurFrames=5 or 83.3333333333 ms  task=T1
408.2053 	EXP 	window1: recordFrameIntervals = False
408.2129 	INFO 	Mouse: using default window
409.3385 	DATA 	Keypress: z
409.4775 	EXP 	New trial (rep=4, index=10): {'leftStreamFlip': False, 'oneTarget': True, 'trialInstructionPos': (0, 1), 'probe': 'both', 'rightStreamFlip': False, 'horizVert': True, 'ISIframes': 3, 'rightResponseFirst': False}
409.4880 	INFO 	numtrials=360 and this trialDurFrames=5 or 83.3333333333 ms  task=T1
410.6217 	EXP 	window1: recordFrameIntervals = False
410.6307 	INFO 	Mouse: using default window
411.9387 	DATA 	Keypress: t
412.0779 	EXP 	New trial (rep=4, index=11): {'leftStreamFlip': False, 'oneTarget': False, 'trialInstructionPos': (0, 1), 'probe': 'both', 'rightStreamFlip': False, 'horizVert': True, 'ISIframes': 3, 'rightResponseFirst': True}
412.1038 	INFO 	numtrials=360 and this trialDurFrames=5 or 83.3333333333 ms  task=T1
413.1051 	EXP 	window1: recordFrameIntervals = False
413.1146 	INFO 	Mouse: using default window
414.0887 	DATA 	Keypress: a
414.5218 	DATA 	Keypress: c
414.6604 	EXP 	New trial (rep=5, index=0): {'leftStreamFlip': False, 'oneTarget': True, 'trialInstructionPos': (0, -1), 'probe': 'both', 'rightStreamFlip': False, 'horizVert': True, 'ISIframes': 3, 'rightResponseFirst': False}
414.6726 	INFO 	numtrials=360 and this trialDurFrames=5 or 83.3333333333 ms  task=T1
415.8382 	EXP 	window1: recordFrameIntervals = False
415.8467 	INFO 	Mouse: using default window
416.8886 	DATA 	Keypress: y
417.0279 	EXP 	New trial (rep=5, index=1): {'leftStreamFlip': False, 'oneTarget': True, 'trialInstructionPos': (0, 1), 'probe': 'both', 'rightStreamFlip': False, 'horizVert': True, 'ISIframes': 3, 'rightResponseFirst': True}
417.0558 	INFO 	numtrials=360 and this trialDurFrames=5 or 83.3333333333 ms  task=T1
418.2551 	EXP 	window1: recordFrameIntervals = False
418.2636 	INFO 	Mouse: using default window
422.5886 	DATA 	Keypress: u
422.7282 	EXP 	New trial (rep=5, index=2): {'leftStreamFlip': False, 'oneTarget': True, 'trialInstructionPos': (0, 1), 'probe': 'both', 'rightStreamFlip': False, 'horizVert': True, 'ISIframes': 3, 'rightResponseFirst': False}
422.7559 	INFO 	numtrials=360 and this trialDurFrames=5 or 83.3333333333 ms  task=T1
423.8384 	EXP 	window1: recordFrameIntervals = False
423.8465 	INFO 	Mouse: using default window
424.7551 	DATA 	Keypress: k
424.8943 	EXP 	New trial (rep=5, index=3): {'leftStreamFlip': False, 'oneTarget': False, 'trialInstructionPos': (0, -1), 'probe': 'both', 'rightStreamFlip': False, 'horizVert': True, 'ISIframes': 3, 'rightResponseFirst': True}
424.9047 	INFO 	numtrials=360 and this trialDurFrames=5 or 83.3333333333 ms  task=T1
426.1216 	EXP 	window1: recordFrameIntervals = False
426.1307 	INFO 	Mouse: using default window
427.7052 	DATA 	Keypress: m
428.1719 	DATA 	Keypress: k
428.3103 	EXP 	New trial (rep=5, index=4): {'leftStreamFlip': False, 'oneTarget': False, 'trialInstructionPos': (0, -1), 'probe': 'both', 'rightStreamFlip': False, 'horizVert': True, 'ISIframes': 3, 'rightResponseFirst': True}
428.3375 	INFO 	numtrials=360 and this trialDurFrames=5 or 83.3333333333 ms  task=T1
429.5384 	EXP 	window1: recordFrameIntervals = False
429.5473 	INFO 	Mouse: using default window
430.7553 	DATA 	Keypress: m
430.9886 	DATA 	Keypress: j
431.1293 	EXP 	New trial (rep=5, index=5): {'leftStreamFlip': False, 'oneTarget': False, 'trialInstructionPos': (0, -1), 'probe': 'both', 'rightStreamFlip': False, 'horizVert': True, 'ISIframes': 3, 'rightResponseFirst': False}
431.1546 	INFO 	numtrials=360 and this trialDurFrames=5 or 83.3333333333 ms  task=T1
432.3884 	EXP 	window1: recordFrameIntervals = False
432.3972 	INFO 	Mouse: using default window
433.5384 	DATA 	Keypress: j
433.9386 	DATA 	Keypress: s
434.0778 	EXP 	New trial (rep=5, index=6): {'leftStreamFlip': False, 'oneTarget': False, 'trialInstructionPos': (0, 1), 'probe': 'both', 'rightStreamFlip': False, 'horizVert': True, 'ISIframes': 3, 'rightResponseFirst': True}
434.1056 	INFO 	numtrials=360 and this trialDurFrames=5 or 83.3333333333 ms  task=T1
435.2216 	EXP 	window1: recordFrameIntervals = False
435.2300 	INFO 	Mouse: using default window
436.1721 	DATA 	Keypress: r
436.5551 	DATA 	Keypress: g
436.7006 	EXP 	New trial (rep=5, index=7): {'leftStreamFlip': False, 'oneTarget': False, 'trialInstructionPos': (0, 1), 'probe': 'both', 'rightStreamFlip': False, 'horizVert': True, 'ISIframes': 3, 'rightResponseFirst': False}
436.7211 	INFO 	numtrials=360 and this trialDurFrames=5 or 83.3333333333 ms  task=T1
437.7384 	EXP 	window1: recordFrameIntervals = False
437.7475 	INFO 	Mouse: using default window
438.8717 	DATA 	Keypress: c
439.5886 	DATA 	Keypress: q
439.7286 	EXP 	New trial (rep=5, index=8): {'leftStreamFlip': False, 'oneTarget': False, 'trialInstructionPos': (0, 1), 'probe': 'both', 'rightStreamFlip': False, 'horizVert': True, 'ISIframes': 3, 'rightResponseFirst': True}
439.7557 	INFO 	numtrials=360 and this trialDurFrames=5 or 83.3333333333 ms  task=T1
440.7882 	EXP 	window1: recordFrameIntervals = False
440.7967 	INFO 	Mouse: using default window
441.9052 	DATA 	Keypress: n
443.2718 	DATA 	Keypress: f
443.4128 	EXP 	New trial (rep=5, index=9): {'leftStreamFlip': False, 'oneTarget': True, 'trialInstructionPos': (0, -1), 'probe': 'both', 'rightStreamFlip': False, 'horizVert': True, 'ISIframes': 3, 'rightResponseFirst': True}
443.4378 	INFO 	numtrials=360 and this trialDurFrames=5 or 83.3333333333 ms  task=T1
444.4882 	EXP 	window1: recordFrameIntervals = False
444.4970 	INFO 	Mouse: using default window
445.5218 	DATA 	Keypress: e
445.6605 	EXP 	New trial (rep=5, index=10): {'leftStreamFlip': False, 'oneTarget': False, 'trialInstructionPos': (0, 1), 'probe': 'both', 'rightStreamFlip': False, 'horizVert': True, 'ISIframes': 3, 'rightResponseFirst': False}
445.6879 	INFO 	numtrials=360 and this trialDurFrames=5 or 83.3333333333 ms  task=T1
446.8382 	EXP 	window1: recordFrameIntervals = False
446.8471 	INFO 	Mouse: using default window
448.0720 	DATA 	Keypress: t
448.3552 	DATA 	Keypress: m
448.4950 	EXP 	New trial (rep=5, index=11): {'leftStreamFlip': False, 'oneTarget': False, 'trialInstructionPos': (0, -1), 'probe': 'both', 'rightStreamFlip': False, 'horizVert': True, 'ISIframes': 3, 'rightResponseFirst': False}
448.5213 	INFO 	numtrials=360 and this trialDurFrames=5 or 83.3333333333 ms  task=T1
449.7215 	EXP 	window1: recordFrameIntervals = False
449.7303 	INFO 	Mouse: using default window
451.8582 	DATA 	Keypress: t
452.4219 	DATA 	Keypress: z
452.5614 	EXP 	New trial (rep=6, index=0): {'leftStreamFlip': False, 'oneTarget': False, 'trialInstructionPos': (0, 1), 'probe': 'both', 'rightStreamFlip': False, 'horizVert': True, 'ISIframes': 3, 'rightResponseFirst': True}
452.5878 	INFO 	numtrials=360 and this trialDurFrames=5 or 83.3333333333 ms  task=T1
453.6551 	EXP 	window1: recordFrameIntervals = False
453.6638 	INFO 	Mouse: using default window
454.8553 	DATA 	Keypress: m
455.6887 	DATA 	Keypress: e
455.8281 	EXP 	New trial (rep=6, index=1): {'leftStreamFlip': False, 'oneTarget': False, 'trialInstructionPos': (0, 1), 'probe': 'both', 'rightStreamFlip': False, 'horizVert': True, 'ISIframes': 3, 'rightResponseFirst': False}
455.8544 	INFO 	numtrials=360 and this trialDurFrames=5 or 83.3333333333 ms  task=T1
457.0216 	EXP 	window1: recordFrameIntervals = False
457.0301 	INFO 	Mouse: using default window
458.1052 	DATA 	Keypress: y
458.4219 	DATA 	Keypress: f
458.5684 	EXP 	New trial (rep=6, index=2): {'leftStreamFlip': False, 'oneTarget': False, 'trialInstructionPos': (0, -1), 'probe': 'both', 'rightStreamFlip': False, 'horizVert': True, 'ISIframes': 3, 'rightResponseFirst': False}
458.5880 	INFO 	numtrials=360 and this trialDurFrames=5 or 83.3333333333 ms  task=T1
459.6883 	EXP 	window1: recordFrameIntervals = False
459.6975 	INFO 	Mouse: using default window
461.2552 	DATA 	Keypress: f
461.4054 	DATA 	Keypress: n
461.5445 	EXP 	New trial (rep=6, index=3): {'leftStreamFlip': False, 'oneTarget': False, 'trialInstructionPos': (0, -1), 'probe': 'both', 'rightStreamFlip': False, 'horizVert': True, 'ISIframes': 3, 'rightResponseFirst': True}
461.5712 	INFO 	numtrials=360 and this trialDurFrames=5 or 83.3333333333 ms  task=T1
462.6216 	EXP 	window1: recordFrameIntervals = False
462.6294 	INFO 	Mouse: using default window
464.5386 	DATA 	Keypress: j
464.7385 	DATA 	Keypress: y
464.8786 	EXP 	New trial (rep=6, index=4): {'leftStreamFlip': False, 'oneTarget': True, 'trialInstructionPos': (0, -1), 'probe': 'both', 'rightStreamFlip': False, 'horizVert': True, 'ISIframes': 3, 'rightResponseFirst': True}
464.9047 	INFO 	numtrials=360 and this trialDurFrames=5 or 83.3333333333 ms  task=T1
466.0549 	EXP 	window1: recordFrameIntervals = False
466.0634 	INFO 	Mouse: using default window
468.2415 	DATA 	Keypress: j
468.3947 	EXP 	New trial (rep=6, index=5): {'leftStreamFlip': False, 'oneTarget': False, 'trialInstructionPos': (0, 1), 'probe': 'both', 'rightStreamFlip': False, 'horizVert': True, 'ISIframes': 3, 'rightResponseFirst': True}
468.4212 	INFO 	numtrials=360 and this trialDurFrames=5 or 83.3333333333 ms  task=T1
469.4883 	EXP 	window1: recordFrameIntervals = False
469.4966 	INFO 	Mouse: using default window
470.5385 	DATA 	Keypress: h
470.7553 	DATA 	Keypress: n
470.8944 	EXP 	New trial (rep=6, index=6): {'leftStreamFlip': False, 'oneTarget': False, 'trialInstructionPos': (0, -1), 'probe': 'both', 'rightStreamFlip': False, 'horizVert': True, 'ISIframes': 3, 'rightResponseFirst': False}
470.9210 	INFO 	numtrials=360 and this trialDurFrames=5 or 83.3333333333 ms  task=T1
471.9382 	EXP 	window1: recordFrameIntervals = False
471.9466 	INFO 	Mouse: using default window
473.1219 	DATA 	Keypress: h
473.3720 	DATA 	Keypress: j
473.5110 	EXP 	New trial (rep=6, index=7): {'leftStreamFlip': False, 'oneTarget': True, 'trialInstructionPos': (0, 1), 'probe': 'both', 'rightStreamFlip': False, 'horizVert': True, 'ISIframes': 3, 'rightResponseFirst': False}
473.5379 	INFO 	numtrials=360 and this trialDurFrames=5 or 83.3333333333 ms  task=T1
474.6718 	EXP 	window1: recordFrameIntervals = False
474.6808 	INFO 	Mouse: using default window
475.8724 	DATA 	Keypress: a
476.0112 	EXP 	New trial (rep=6, index=8): {'leftStreamFlip': False, 'oneTarget': True, 'trialInstructionPos': (0, 1), 'probe': 'both', 'rightStreamFlip': False, 'horizVert': True, 'ISIframes': 3, 'rightResponseFirst': True}
476.0379 	INFO 	numtrials=360 and this trialDurFrames=5 or 83.3333333333 ms  task=T1
477.2550 	EXP 	window1: recordFrameIntervals = False
477.2639 	INFO 	Mouse: using default window
478.2220 	DATA 	Keypress: n
478.3661 	EXP 	New trial (rep=6, index=9): {'leftStreamFlip': False, 'oneTarget': False, 'trialInstructionPos': (0, 1), 'probe': 'both', 'rightStreamFlip': False, 'horizVert': True, 'ISIframes': 3, 'rightResponseFirst': False}
478.3877 	INFO 	numtrials=360 and this trialDurFrames=5 or 83.3333333333 ms  task=T1
479.5051 	EXP 	window1: recordFrameIntervals = False
479.5136 	INFO 	Mouse: using default window
480.5886 	DATA 	Keypress: a
480.9552 	DATA 	Keypress: k
481.0941 	EXP 	New trial (rep=6, index=10): {'leftStreamFlip': False, 'oneTarget': False, 'trialInstructionPos': (0, -1), 'probe': 'both', 'rightStreamFlip': False, 'horizVert': True, 'ISIframes': 3, 'rightResponseFirst': True}
481.1212 	INFO 	numtrials=360 and this trialDurFrames=5 or 83.3333333333 ms  task=T1
482.2051 	EXP 	window1: recordFrameIntervals = False
482.2131 	INFO 	Mouse: using default window
483.2720 	DATA 	Keypress: c
484.0219 	DATA 	Keypress: h
484.1621 	EXP 	New trial (rep=6, index=11): {'leftStreamFlip': False, 'oneTarget': True, 'trialInstructionPos': (0, -1), 'probe': 'both', 'rightStreamFlip': False, 'horizVert': True, 'ISIframes': 3, 'rightResponseFirst': False}
484.1879 	INFO 	numtrials=360 and this trialDurFrames=5 or 83.3333333333 ms  task=T1
485.3883 	EXP 	window1: recordFrameIntervals = False
485.3969 	INFO 	Mouse: using default window
485.9386 	DATA 	Keypress: m
486.0788 	EXP 	New trial (rep=7, index=0): {'leftStreamFlip': False, 'oneTarget': False, 'trialInstructionPos': (0, 1), 'probe': 'both', 'rightStreamFlip': False, 'horizVert': True, 'ISIframes': 3, 'rightResponseFirst': False}
486.1048 	INFO 	numtrials=360 and this trialDurFrames=5 or 83.3333333333 ms  task=T1
487.3216 	EXP 	window1: recordFrameIntervals = False
487.3301 	INFO 	Mouse: using default window
488.5553 	DATA 	Keypress: y
488.7054 	DATA 	Keypress: s
488.8452 	EXP 	New trial (rep=7, index=1): {'leftStreamFlip': False, 'oneTarget': True, 'trialInstructionPos': (0, -1), 'probe': 'both', 'rightStreamFlip': False, 'horizVert': True, 'ISIframes': 3, 'rightResponseFirst': False}
488.8712 	INFO 	numtrials=360 and this trialDurFrames=5 or 83.3333333333 ms  task=T1
490.1049 	EXP 	window1: recordFrameIntervals = False
490.1136 	INFO 	Mouse: using default window
491.5055 	DATA 	Keypress: f
491.6439 	EXP 	New trial (rep=7, index=2): {'leftStreamFlip': False, 'oneTarget': False, 'trialInstructionPos': (0, -1), 'probe': 'both', 'rightStreamFlip': False, 'horizVert': True, 'ISIframes': 3, 'rightResponseFirst': True}
491.6721 	INFO 	numtrials=360 and this trialDurFrames=5 or 83.3333333333 ms  task=T1
492.8717 	EXP 	window1: recordFrameIntervals = False
492.8802 	INFO 	Mouse: using default window
494.0052 	DATA 	Keypress: z
494.2414 	DATA 	Keypress: e
494.3945 	EXP 	New trial (rep=7, index=3): {'leftStreamFlip': False, 'oneTarget': True, 'trialInstructionPos': (0, 1), 'probe': 'both', 'rightStreamFlip': False, 'horizVert': True, 'ISIframes': 3, 'rightResponseFirst': False}
494.4214 	INFO 	numtrials=360 and this trialDurFrames=5 or 83.3333333333 ms  task=T1
495.4384 	EXP 	window1: recordFrameIntervals = False
495.4475 	INFO 	Mouse: using default window
497.4052 	DATA 	Keypress: p
497.5443 	EXP 	New trial (rep=7, index=4): {'leftStreamFlip': False, 'oneTarget': False, 'trialInstructionPos': (0, -1), 'probe': 'both', 'rightStreamFlip': False, 'horizVert': True, 'ISIframes': 3, 'rightResponseFirst': True}
497.5725 	INFO 	numtrials=360 and this trialDurFrames=5 or 83.3333333333 ms  task=T1
498.8050 	EXP 	window1: recordFrameIntervals = False
498.8161 	INFO 	Mouse: using default window
500.7719 	DATA 	Keypress: z
501.0721 	DATA 	Keypress: t
501.2731 	EXP 	New trial (rep=7, index=5): {'leftStreamFlip': False, 'oneTarget': False, 'trialInstructionPos': (0, -1), 'probe': 'both', 'rightStreamFlip': False, 'horizVert': True, 'ISIframes': 3, 'rightResponseFirst': False}
501.2876 	INFO 	numtrials=360 and this trialDurFrames=5 or 83.3333333333 ms  task=T1
502.2883 	EXP 	window1: recordFrameIntervals = False
502.2961 	INFO 	Mouse: using default window
503.7386 	DATA 	Keypress: h
504.5052 	DATA 	Keypress: a
504.6489 	EXP 	New trial (rep=7, index=6): {'leftStreamFlip': False, 'oneTarget': False, 'trialInstructionPos': (0, 1), 'probe': 'both', 'rightStreamFlip': False, 'horizVert': True, 'ISIframes': 3, 'rightResponseFirst': True}
504.6711 	INFO 	numtrials=360 and this trialDurFrames=5 or 83.3333333333 ms  task=T1
505.6718 	EXP 	window1: recordFrameIntervals = False
505.6807 	INFO 	Mouse: using default window
507.5886 	DATA 	Keypress: t
507.9053 	DATA 	Keypress: j
508.0457 	EXP 	New trial (rep=7, index=7): {'leftStreamFlip': False, 'oneTarget': False, 'trialInstructionPos': (0, -1), 'probe': 'both', 'rightStreamFlip': False, 'horizVert': True, 'ISIframes': 3, 'rightResponseFirst': False}
508.0712 	INFO 	numtrials=360 and this trialDurFrames=5 or 83.3333333333 ms  task=T1
509.2383 	EXP 	window1: recordFrameIntervals = False
509.2467 	INFO 	Mouse: using default window
510.8218 	DATA 	Keypress: y
511.0721 	DATA 	Keypress: f
511.2125 	EXP 	New trial (rep=7, index=8): {'leftStreamFlip': False, 'oneTarget': False, 'trialInstructionPos': (0, 1), 'probe': 'both', 'rightStreamFlip': False, 'horizVert': True, 'ISIframes': 3, 'rightResponseFirst': True}
511.2380 	INFO 	numtrials=360 and this trialDurFrames=5 or 83.3333333333 ms  task=T1
512.4717 	EXP 	window1: recordFrameIntervals = False
512.4806 	INFO 	Mouse: using default window
513.8582 	DATA 	Keypress: k
514.6416 	DATA 	Keypress: y
514.7955 	EXP 	New trial (rep=7, index=9): {'leftStreamFlip': False, 'oneTarget': True, 'trialInstructionPos': (0, -1), 'probe': 'both', 'rightStreamFlip': False, 'horizVert': True, 'ISIframes': 3, 'rightResponseFirst': True}
514.8207 	INFO 	numtrials=360 and this trialDurFrames=5 or 83.3333333333 ms  task=T1
515.8383 	EXP 	window1: recordFrameIntervals = False
515.8470 	INFO 	Mouse: using default window
516.8385 	DATA 	Keypress: a
516.9789 	EXP 	New trial (rep=7, index=10): {'leftStreamFlip': False, 'oneTarget': False, 'trialInstructionPos': (0, 1), 'probe': 'both', 'rightStreamFlip': False, 'horizVert': True, 'ISIframes': 3, 'rightResponseFirst': False}
517.0048 	INFO 	numtrials=360 and this trialDurFrames=5 or 83.3333333333 ms  task=T1
518.2218 	EXP 	window1: recordFrameIntervals = False
518.2307 	INFO 	Mouse: using default window
526.4387 	DATA 	Keypress: n
526.9885 	DATA 	Keypress: a
527.1273 	EXP 	New trial (rep=7, index=11): {'leftStreamFlip': False, 'oneTarget': True, 'trialInstructionPos': (0, 1), 'probe': 'both', 'rightStreamFlip': False, 'horizVert': True, 'ISIframes': 3, 'rightResponseFirst': True}
527.1376 	INFO 	numtrials=360 and this trialDurFrames=5 or 83.3333333333 ms  task=T1
528.3051 	EXP 	window1: recordFrameIntervals = False
528.3143 	INFO 	Mouse: using default window
529.1224 	DATA 	Keypress: s
529.2605 	EXP 	New trial (rep=8, index=0): {'leftStreamFlip': False, 'oneTarget': True, 'trialInstructionPos': (0, -1), 'probe': 'both', 'rightStreamFlip': False, 'horizVert': True, 'ISIframes': 3, 'rightResponseFirst': True}
529.2718 	INFO 	numtrials=360 and this trialDurFrames=5 or 83.3333333333 ms  task=T1
530.5050 	EXP 	window1: recordFrameIntervals = False
530.5134 	INFO 	Mouse: using default window
531.3885 	DATA 	Keypress: h
531.5266 	EXP 	New trial (rep=8, index=1): {'leftStreamFlip': False, 'oneTarget': False, 'trialInstructionPos': (0, -1), 'probe': 'both', 'rightStreamFlip': False, 'horizVert': True, 'ISIframes': 3, 'rightResponseFirst': False}
531.5555 	INFO 	numtrials=360 and this trialDurFrames=6 or 100.0 ms  task=T1
532.6049 	EXP 	window1: recordFrameIntervals = False
532.6135 	INFO 	Mouse: using default window
534.5722 	DATA 	Keypress: n
534.6582 	DATA 	Keypress: a
534.8152 	EXP 	New trial (rep=8, index=2): {'leftStreamFlip': False, 'oneTarget': False, 'trialInstructionPos': (0, -1), 'probe': 'both', 'rightStreamFlip': False, 'horizVert': True, 'ISIframes': 3, 'rightResponseFirst': False}
534.8380 	INFO 	numtrials=360 and this trialDurFrames=6 or 100.0 ms  task=T1
536.0384 	EXP 	window1: recordFrameIntervals = False
536.0470 	INFO 	Mouse: using default window
537.3721 	DATA 	Keypress: y
537.4582 	DATA 	Keypress: f
537.6121 	EXP 	New trial (rep=8, index=3): {'leftStreamFlip': False, 'oneTarget': True, 'trialInstructionPos': (0, -1), 'probe': 'both', 'rightStreamFlip': False, 'horizVert': True, 'ISIframes': 3, 'rightResponseFirst': False}
537.6379 	INFO 	numtrials=360 and this trialDurFrames=5 or 83.3333333333 ms  task=T1
538.8383 	EXP 	window1: recordFrameIntervals = False
538.8467 	INFO 	Mouse: using default window
539.8887 	DATA 	Keypress: h
540.0277 	EXP 	New trial (rep=8, index=4): {'leftStreamFlip': False, 'oneTarget': True, 'trialInstructionPos': (0, 1), 'probe': 'both', 'rightStreamFlip': False, 'horizVert': True, 'ISIframes': 3, 'rightResponseFirst': True}
540.0555 	INFO 	numtrials=360 and this trialDurFrames=6 or 100.0 ms  task=T1
541.1883 	EXP 	window1: recordFrameIntervals = False
541.1968 	INFO 	Mouse: using default window
542.2887 	DATA 	Keypress: t
542.4270 	EXP 	New trial (rep=8, index=5): {'leftStreamFlip': False, 'oneTarget': False, 'trialInstructionPos': (0, -1), 'probe': 'both', 'rightStreamFlip': False, 'horizVert': True, 'ISIframes': 3, 'rightResponseFirst': True}
542.4558 	INFO 	numtrials=360 and this trialDurFrames=6 or 100.0 ms  task=T1
543.7052 	EXP 	window1: recordFrameIntervals = False
543.7137 	INFO 	Mouse: using default window
544.5719 	DATA 	Keypress: m
544.8218 	DATA 	Keypress: t
544.9615 	EXP 	New trial (rep=8, index=6): {'leftStreamFlip': False, 'oneTarget': False, 'trialInstructionPos': (0, 1), 'probe': 'both', 'rightStreamFlip': False, 'horizVert': True, 'ISIframes': 3, 'rightResponseFirst': False}
544.9878 	INFO 	numtrials=360 and this trialDurFrames=6 or 100.0 ms  task=T1
546.0883 	EXP 	window1: recordFrameIntervals = False
546.0970 	INFO 	Mouse: using default window
547.3055 	DATA 	Keypress: u
547.7718 	DATA 	Keypress: g
547.9122 	EXP 	New trial (rep=8, index=7): {'leftStreamFlip': False, 'oneTarget': False, 'trialInstructionPos': (0, -1), 'probe': 'both', 'rightStreamFlip': False, 'horizVert': True, 'ISIframes': 3, 'rightResponseFirst': True}
547.9382 	INFO 	numtrials=360 and this trialDurFrames=6 or 100.0 ms  task=T1
549.1884 	EXP 	window1: recordFrameIntervals = False
549.1969 	INFO 	Mouse: using default window
550.7886 	DATA 	Keypress: c
551.3219 	DATA 	Keypress: g
551.4614 	EXP 	New trial (rep=8, index=8): {'leftStreamFlip': False, 'oneTarget': False, 'trialInstructionPos': (0, 1), 'probe': 'both', 'rightStreamFlip': False, 'horizVert': True, 'ISIframes': 3, 'rightResponseFirst': True}
551.4880 	INFO 	numtrials=360 and this trialDurFrames=6 or 100.0 ms  task=T1
552.6384 	EXP 	window1: recordFrameIntervals = False
552.6469 	INFO 	Mouse: using default window
553.3885 	DATA 	Keypress: m
553.8248 	DATA 	Keypress: f
553.9774 	EXP 	New trial (rep=8, index=9): {'leftStreamFlip': False, 'oneTarget': False, 'trialInstructionPos': (0, 1), 'probe': 'both', 'rightStreamFlip': False, 'horizVert': True, 'ISIframes': 3, 'rightResponseFirst': True}
554.0041 	INFO 	numtrials=360 and this trialDurFrames=5 or 83.3333333333 ms  task=T1
555.0883 	EXP 	window1: recordFrameIntervals = False
555.0970 	INFO 	Mouse: using default window
556.1051 	DATA 	Keypress: r
556.5051 	DATA 	Keypress: j
556.6451 	EXP 	New trial (rep=8, index=10): {'leftStreamFlip': False, 'oneTarget': True, 'trialInstructionPos': (0, 1), 'probe': 'both', 'rightStreamFlip': False, 'horizVert': True, 'ISIframes': 3, 'rightResponseFirst': False}
556.6713 	INFO 	numtrials=360 and this trialDurFrames=5 or 83.3333333333 ms  task=T1
557.7383 	EXP 	window1: recordFrameIntervals = False
557.7468 	INFO 	Mouse: using default window
558.7718 	DATA 	Keypress: g
558.9105 	EXP 	New trial (rep=8, index=11): {'leftStreamFlip': False, 'oneTarget': False, 'trialInstructionPos': (0, 1), 'probe': 'both', 'rightStreamFlip': False, 'horizVert': True, 'ISIframes': 3, 'rightResponseFirst': False}
558.9390 	INFO 	numtrials=360 and this trialDurFrames=5 or 83.3333333333 ms  task=T1
559.9551 	EXP 	window1: recordFrameIntervals = False
559.9630 	INFO 	Mouse: using default window
561.1220 	DATA 	Keypress: a
561.3386 	DATA 	Keypress: u
561.4780 	EXP 	New trial (rep=9, index=0): {'leftStreamFlip': False, 'oneTarget': False, 'trialInstructionPos': (0, 1), 'probe': 'both', 'rightStreamFlip': False, 'horizVert': True, 'ISIframes': 3, 'rightResponseFirst': True}
561.4884 	INFO 	numtrials=360 and this trialDurFrames=5 or 83.3333333333 ms  task=T1
562.6216 	EXP 	window1: recordFrameIntervals = False
562.6296 	INFO 	Mouse: using default window
563.7386 	DATA 	Keypress: z
563.9385 	DATA 	Keypress: f
564.0777 	EXP 	New trial (rep=9, index=1): {'leftStreamFlip': False, 'oneTarget': True, 'trialInstructionPos': (0, -1), 'probe': 'both', 'rightStreamFlip': False, 'horizVert': True, 'ISIframes': 3, 'rightResponseFirst': True}
564.0876 	INFO 	numtrials=360 and this trialDurFrames=5 or 83.3333333333 ms  task=T1
565.2551 	EXP 	window1: recordFrameIntervals = False
565.2636 	INFO 	Mouse: using default window
566.9885 	DATA 	Keypress: r
567.1273 	EXP 	New trial (rep=9, index=2): {'leftStreamFlip': False, 'oneTarget': True, 'trialInstructionPos': (0, 1), 'probe': 'both', 'rightStreamFlip': False, 'horizVert': True, 'ISIframes': 3, 'rightResponseFirst': True}
567.1555 	INFO 	numtrials=360 and this trialDurFrames=5 or 83.3333333333 ms  task=T1
568.2051 	EXP 	window1: recordFrameIntervals = False
568.2143 	INFO 	Mouse: using default window
569.1885 	DATA 	Keypress: y
569.3273 	EXP 	New trial (rep=9, index=3): {'leftStreamFlip': False, 'oneTarget': False, 'trialInstructionPos': (0, -1), 'probe': 'both', 'rightStreamFlip': False, 'horizVert': True, 'ISIframes': 3, 'rightResponseFirst': False}
569.3549 	INFO 	numtrials=360 and this trialDurFrames=5 or 83.3333333333 ms  task=T1
570.5385 	EXP 	window1: recordFrameIntervals = False
570.5479 	INFO 	Mouse: using default window
571.7552 	DATA 	Keypress: s
572.0052 	DATA 	Keypress: c
572.1444 	EXP 	New trial (rep=9, index=4): {'leftStreamFlip': False, 'oneTarget': False, 'trialInstructionPos': (0, 1), 'probe': 'both', 'rightStreamFlip': False, 'horizVert': True, 'ISIframes': 3, 'rightResponseFirst': True}
572.1548 	INFO 	numtrials=360 and this trialDurFrames=5 or 83.3333333333 ms  task=T1
573.2884 	EXP 	window1: recordFrameIntervals = False
573.2969 	INFO 	Mouse: using default window
574.3220 	DATA 	Keypress: r
574.7719 	DATA 	Keypress: g
574.9115 	EXP 	New trial (rep=9, index=5): {'leftStreamFlip': False, 'oneTarget': True, 'trialInstructionPos': (0, -1), 'probe': 'both', 'rightStreamFlip': False, 'horizVert': True, 'ISIframes': 3, 'rightResponseFirst': False}
574.9381 	INFO 	numtrials=360 and this trialDurFrames=5 or 83.3333333333 ms  task=T1
576.0387 	EXP 	window1: recordFrameIntervals = False
576.0475 	INFO 	Mouse: using default window
576.9052 	DATA 	Keypress: g
577.0442 	EXP 	New trial (rep=9, index=6): {'leftStreamFlip': False, 'oneTarget': False, 'trialInstructionPos': (0, -1), 'probe': 'both', 'rightStreamFlip': False, 'horizVert': True, 'ISIframes': 3, 'rightResponseFirst': False}
577.0717 	INFO 	numtrials=360 and this trialDurFrames=5 or 83.3333333333 ms  task=T1
578.1885 	EXP 	window1: recordFrameIntervals = False
578.1980 	INFO 	Mouse: using default window
579.3052 	DATA 	Keypress: g
580.0552 	DATA 	Keypress: n
580.1938 	EXP 	New trial (rep=9, index=7): {'leftStreamFlip': False, 'oneTarget': False, 'trialInstructionPos': (0, -1), 'probe': 'both', 'rightStreamFlip': False, 'horizVert': True, 'ISIframes': 3, 'rightResponseFirst': True}
580.2043 	INFO 	numtrials=360 and this trialDurFrames=5 or 83.3333333333 ms  task=T1
581.3383 	EXP 	window1: recordFrameIntervals = False
581.3468 	INFO 	Mouse: using default window
584.9053 	DATA 	Keypress: y
585.0217 	DATA 	Keypress: r
585.1606 	EXP 	New trial (rep=9, index=8): {'leftStreamFlip': False, 'oneTarget': True, 'trialInstructionPos': (0, 1), 'probe': 'both', 'rightStreamFlip': False, 'horizVert': True, 'ISIframes': 3, 'rightResponseFirst': False}
585.1888 	INFO 	numtrials=360 and this trialDurFrames=5 or 83.3333333333 ms  task=T1
586.3382 	EXP 	window1: recordFrameIntervals = False
586.3468 	INFO 	Mouse: using default window
587.1553 	DATA 	Keypress: a
587.2997 	EXP 	New trial (rep=9, index=9): {'leftStreamFlip': False, 'oneTarget': False, 'trialInstructionPos': (0, 1), 'probe': 'both', 'rightStreamFlip': False, 'horizVert': True, 'ISIframes': 3, 'rightResponseFirst': False}
587.3212 	INFO 	numtrials=360 and this trialDurFrames=5 or 83.3333333333 ms  task=T1
588.3551 	EXP 	window1: recordFrameIntervals = False
588.3635 	INFO 	Mouse: using default window
590.2415 	DATA 	Keypress: f
590.4552 	DATA 	Keypress: u
590.5946 	EXP 	New trial (rep=9, index=10): {'leftStreamFlip': False, 'oneTarget': False, 'trialInstructionPos': (0, -1), 'probe': 'both', 'rightStreamFlip': False, 'horizVert': True, 'ISIframes': 3, 'rightResponseFirst': True}
590.6048 	INFO 	numtrials=360 and this trialDurFrames=5 or 83.3333333333 ms  task=T1
591.8217 	EXP 	window1: recordFrameIntervals = False
591.8296 	INFO 	Mouse: using default window
593.6552 	DATA 	Keypress: n
595.3553 	DATA 	Keypress: a
595.4937 	EXP 	New trial (rep=9, index=11): {'leftStreamFlip': False, 'oneTarget': False, 'trialInstructionPos': (0, 1), 'probe': 'both', 'rightStreamFlip': False, 'horizVert': True, 'ISIframes': 3, 'rightResponseFirst': False}
595.5225 	INFO 	numtrials=360 and this trialDurFrames=5 or 83.3333333333 ms  task=T1
596.5885 	EXP 	window1: recordFrameIntervals = False
596.5971 	INFO 	Mouse: using default window
597.8249 	DATA 	Keypress: a
598.1722 	DATA 	Keypress: m
598.3141 	EXP 	New trial (rep=10, index=0): {'leftStreamFlip': False, 'oneTarget': True, 'trialInstructionPos': (0, -1), 'probe': 'both', 'rightStreamFlip': False, 'horizVert': True, 'ISIframes': 3, 'rightResponseFirst': False}
598.3379 	INFO 	numtrials=360 and this trialDurFrames=5 or 83.3333333333 ms  task=T1
599.5550 	EXP 	window1: recordFrameIntervals = False
599.5635 	INFO 	Mouse: using default window
601.0053 	DATA 	Keypress: m
601.1444 	EXP 	New trial (rep=10, index=1): {'leftStreamFlip': False, 'oneTarget': False, 'trialInstructionPos': (0, 1), 'probe': 'both', 'rightStreamFlip': False, 'horizVert': True, 'ISIframes': 3, 'rightResponseFirst': False}
601.1713 	INFO 	numtrials=360 and this trialDurFrames=5 or 83.3333333333 ms  task=T1
602.2551 	EXP 	window1: recordFrameIntervals = False
602.2635 	INFO 	Mouse: using default window
603.7720 	DATA 	Keypress: m
604.6221 	DATA 	Keypress: u
604.7618 	EXP 	New trial (rep=10, index=2): {'leftStreamFlip': False, 'oneTarget': False, 'trialInstructionPos': (0, 1), 'probe': 'both', 'rightStreamFlip': False, 'horizVert': True, 'ISIframes': 3, 'rightResponseFirst': True}
604.7879 	INFO 	numtrials=360 and this trialDurFrames=5 or 83.3333333333 ms  task=T1
606.0216 	EXP 	window1: recordFrameIntervals = False
606.0301 	INFO 	Mouse: using default window
608.3718 	DATA 	Keypress: n
608.9052 	DATA 	Keypress: f
609.0456 	EXP 	New trial (rep=10, index=3): {'leftStreamFlip': False, 'oneTarget': False, 'trialInstructionPos': (0, -1), 'probe': 'both', 'rightStreamFlip': False, 'horizVert': True, 'ISIframes': 3, 'rightResponseFirst': False}
609.0712 	INFO 	numtrials=360 and this trialDurFrames=5 or 83.3333333333 ms  task=T1
610.2385 	EXP 	window1: recordFrameIntervals = False
610.2470 	INFO 	Mouse: using default window
611.2552 	DATA 	Keypress: k
612.1386 	DATA 	Keypress: t
612.2795 	EXP 	New trial (rep=10, index=4): {'leftStreamFlip': False, 'oneTarget': False, 'trialInstructionPos': (0, -1), 'probe': 'both', 'rightStreamFlip': False, 'horizVert': True, 'ISIframes': 3, 'rightResponseFirst': True}
612.3041 	INFO 	numtrials=360 and this trialDurFrames=5 or 83.3333333333 ms  task=T1
613.4219 	EXP 	window1: recordFrameIntervals = False
613.4301 	INFO 	Mouse: using default window
614.4885 	DATA 	Keypress: n
615.8219 	DATA 	Keypress: y
615.9610 	EXP 	New trial (rep=10, index=5): {'leftStreamFlip': False, 'oneTarget': True, 'trialInstructionPos': (0, 1), 'probe': 'both', 'rightStreamFlip': False, 'horizVert': True, 'ISIframes': 3, 'rightResponseFirst': True}
615.9881 	INFO 	numtrials=360 and this trialDurFrames=5 or 83.3333333333 ms  task=T1
617.0717 	EXP 	window1: recordFrameIntervals = False
617.0796 	INFO 	Mouse: using default window
618.0554 	DATA 	Keypress: t
618.1942 	EXP 	New trial (rep=10, index=6): {'leftStreamFlip': False, 'oneTarget': False, 'trialInstructionPos': (0, 1), 'probe': 'both', 'rightStreamFlip': False, 'horizVert': True, 'ISIframes': 3, 'rightResponseFirst': False}
618.2222 	INFO 	numtrials=360 and this trialDurFrames=5 or 83.3333333333 ms  task=T1
619.2384 	EXP 	window1: recordFrameIntervals = False
619.2470 	INFO 	Mouse: using default window
620.2413 	DATA 	Keypress: g
620.4223 	DATA 	Keypress: h
620.5611 	EXP 	New trial (rep=10, index=7): {'leftStreamFlip': False, 'oneTarget': False, 'trialInstructionPos': (0, -1), 'probe': 'both', 'rightStreamFlip': False, 'horizVert': True, 'ISIframes': 3, 'rightResponseFirst': False}
620.5724 	INFO 	numtrials=360 and this trialDurFrames=5 or 83.3333333333 ms  task=T1
621.7220 	EXP 	window1: recordFrameIntervals = False
621.7308 	INFO 	Mouse: using default window
622.7718 	DATA 	Keypress: s
622.9918 	DATA 	Keypress: e
623.1460 	EXP 	New trial (rep=10, index=8): {'leftStreamFlip': False, 'oneTarget': True, 'trialInstructionPos': (0, -1), 'probe': 'both', 'rightStreamFlip': False, 'horizVert': True, 'ISIframes': 3, 'rightResponseFirst': True}
623.1713 	INFO 	numtrials=360 and this trialDurFrames=5 or 83.3333333333 ms  task=T1
624.2886 	EXP 	window1: recordFrameIntervals = False
624.2981 	INFO 	Mouse: using default window
625.5719 	DATA 	Keypress: n
625.7142 	EXP 	New trial (rep=10, index=9): {'leftStreamFlip': False, 'oneTarget': False, 'trialInstructionPos': (0, 1), 'probe': 'both', 'rightStreamFlip': False, 'horizVert': True, 'ISIframes': 3, 'rightResponseFirst': True}
625.7384 	INFO 	numtrials=360 and this trialDurFrames=5 or 83.3333333333 ms  task=T1
626.7717 	EXP 	window1: recordFrameIntervals = False
626.7802 	INFO 	Mouse: using default window
628.1918 	DATA 	Keypress: n
629.0054 	DATA 	Keypress: f
629.1446 	EXP 	New trial (rep=10, index=10): {'leftStreamFlip': False, 'oneTarget': True, 'trialInstructionPos': (0, 1), 'probe': 'both', 'rightStreamFlip': False, 'horizVert': True, 'ISIframes': 3, 'rightResponseFirst': False}
629.1711 	INFO 	numtrials=360 and this trialDurFrames=5 or 83.3333333333 ms  task=T1
630.2552 	EXP 	window1: recordFrameIntervals = False
630.2637 	INFO 	Mouse: using default window
631.3553 	DATA 	Keypress: j
631.4962 	EXP 	New trial (rep=10, index=11): {'leftStreamFlip': False, 'oneTarget': False, 'trialInstructionPos': (0, -1), 'probe': 'both', 'rightStreamFlip': False, 'horizVert': True, 'ISIframes': 3, 'rightResponseFirst': True}
631.5212 	INFO 	numtrials=360 and this trialDurFrames=5 or 83.3333333333 ms  task=T1
632.6716 	EXP 	window1: recordFrameIntervals = False
632.6804 	INFO 	Mouse: using default window
634.0052 	DATA 	Keypress: n
634.3720 	DATA 	Keypress: h
634.5113 	EXP 	New trial (rep=11, index=0): {'leftStreamFlip': False, 'oneTarget': True, 'trialInstructionPos': (0, 1), 'probe': 'both', 'rightStreamFlip': False, 'horizVert': True, 'ISIframes': 3, 'rightResponseFirst': True}
634.5379 	INFO 	numtrials=360 and this trialDurFrames=5 or 83.3333333333 ms  task=T1
635.6384 	EXP 	window1: recordFrameIntervals = False
635.6471 	INFO 	Mouse: using default window
636.4553 	DATA 	Keypress: e
636.5944 	EXP 	New trial (rep=11, index=1): {'leftStreamFlip': False, 'oneTarget': False, 'trialInstructionPos': (0, 1), 'probe': 'both', 'rightStreamFlip': False, 'horizVert': True, 'ISIframes': 3, 'rightResponseFirst': True}
636.6047 	INFO 	numtrials=360 and this trialDurFrames=5 or 83.3333333333 ms  task=T1
637.8217 	EXP 	window1: recordFrameIntervals = False
637.8302 	INFO 	Mouse: using default window
638.4720 	DATA 	Keypress: e
639.8887 	DATA 	Keypress: a
640.0278 	EXP 	New trial (rep=11, index=2): {'leftStreamFlip': False, 'oneTarget': False, 'trialInstructionPos': (0, -1), 'probe': 'both', 'rightStreamFlip': False, 'horizVert': True, 'ISIframes': 3, 'rightResponseFirst': False}
640.0548 	INFO 	numtrials=360 and this trialDurFrames=5 or 83.3333333333 ms  task=T1
641.1716 	EXP 	window1: recordFrameIntervals = False
641.1801 	INFO 	Mouse: using default window
642.7719 	DATA 	Keypress: e
643.1720 	DATA 	Keypress: h
643.3112 	EXP 	New trial (rep=11, index=3): {'leftStreamFlip': False, 'oneTarget': False, 'trialInstructionPos': (0, 1), 'probe': 'both', 'rightStreamFlip': False, 'horizVert': True, 'ISIframes': 3, 'rightResponseFirst': False}
643.3379 	INFO 	numtrials=360 and this trialDurFrames=5 or 83.3333333333 ms  task=T1
644.4220 	EXP 	window1: recordFrameIntervals = False
644.4311 	INFO 	Mouse: using default window
645.8248 	DATA 	Keypress: z
646.2053 	DATA 	Keypress: s
646.3448 	EXP 	New trial (rep=11, index=4): {'leftStreamFlip': False, 'oneTarget': False, 'trialInstructionPos': (0, -1), 'probe': 'both', 'rightStreamFlip': False, 'horizVert': True, 'ISIframes': 3, 'rightResponseFirst': True}
646.3712 	INFO 	numtrials=360 and this trialDurFrames=5 or 83.3333333333 ms  task=T1
647.6051 	EXP 	window1: recordFrameIntervals = False
647.6136 	INFO 	Mouse: using default window
648.8052 	DATA 	Keypress: h
648.9219 	DATA 	Keypress: r
649.0607 	EXP 	New trial (rep=11, index=5): {'leftStreamFlip': False, 'oneTarget': False, 'trialInstructionPos': (0, 1), 'probe': 'both', 'rightStreamFlip': False, 'horizVert': True, 'ISIframes': 3, 'rightResponseFirst': False}
649.0878 	INFO 	numtrials=360 and this trialDurFrames=5 or 83.3333333333 ms  task=T1
650.1883 	EXP 	window1: recordFrameIntervals = False
650.1968 	INFO 	Mouse: using default window
651.8219 	DATA 	Keypress: n
652.0385 	DATA 	Keypress: f
652.1797 	EXP 	New trial (rep=11, index=6): {'leftStreamFlip': False, 'oneTarget': False, 'trialInstructionPos': (0, -1), 'probe': 'both', 'rightStreamFlip': False, 'horizVert': True, 'ISIframes': 3, 'rightResponseFirst': True}
652.2049 	INFO 	numtrials=360 and this trialDurFrames=5 or 83.3333333333 ms  task=T1
653.3716 	EXP 	window1: recordFrameIntervals = False
653.3801 	INFO 	Mouse: using default window
654.6414 	DATA 	Keypress: z
654.8719 	DATA 	Keypress: f
655.0106 	EXP 	New trial (rep=11, index=7): {'leftStreamFlip': False, 'oneTarget': False, 'trialInstructionPos': (0, 1), 'probe': 'both', 'rightStreamFlip': False, 'horizVert': True, 'ISIframes': 3, 'rightResponseFirst': True}
655.0215 	INFO 	numtrials=360 and this trialDurFrames=5 or 83.3333333333 ms  task=T1
656.1216 	EXP 	window1: recordFrameIntervals = False
656.1322 	INFO 	Mouse: using default window
657.4556 	DATA 	Keypress: n
657.7222 	DATA 	Keypress: f
657.8608 	EXP 	New trial (rep=11, index=8): {'leftStreamFlip': False, 'oneTarget': False, 'trialInstructionPos': (0, -1), 'probe': 'both', 'rightStreamFlip': False, 'horizVert': True, 'ISIframes': 3, 'rightResponseFirst': False}
657.8890 	INFO 	numtrials=360 and this trialDurFrames=5 or 83.3333333333 ms  task=T1
659.1051 	EXP 	window1: recordFrameIntervals = False
659.1137 	INFO 	Mouse: using default window
660.4720 	DATA 	Keypress: a
660.7720 	DATA 	Keypress: t
660.9105 	EXP 	New trial (rep=11, index=9): {'leftStreamFlip': False, 'oneTarget': True, 'trialInstructionPos': (0, -1), 'probe': 'both', 'rightStreamFlip': False, 'horizVert': True, 'ISIframes': 3, 'rightResponseFirst': False}
660.9217 	INFO 	numtrials=360 and this trialDurFrames=5 or 83.3333333333 ms  task=T1
662.0050 	EXP 	window1: recordFrameIntervals = False
662.0136 	INFO 	Mouse: using default window
662.9056 	DATA 	Keypress: r
663.0447 	EXP 	New trial (rep=11, index=10): {'leftStreamFlip': False, 'oneTarget': True, 'trialInstructionPos': (0, -1), 'probe': 'both', 'rightStreamFlip': False, 'horizVert': True, 'ISIframes': 3, 'rightResponseFirst': True}
663.0724 	INFO 	numtrials=360 and this trialDurFrames=5 or 83.3333333333 ms  task=T1
664.1718 	EXP 	window1: recordFrameIntervals = False
664.1801 	INFO 	Mouse: using default window
665.1718 	DATA 	Keypress: m
665.3104 	EXP 	New trial (rep=11, index=11): {'leftStreamFlip': False, 'oneTarget': True, 'trialInstructionPos': (0, 1), 'probe': 'both', 'rightStreamFlip': False, 'horizVert': True, 'ISIframes': 3, 'rightResponseFirst': False}
665.3386 	INFO 	numtrials=360 and this trialDurFrames=5 or 83.3333333333 ms  task=T1
666.5718 	EXP 	window1: recordFrameIntervals = False
666.5807 	INFO 	Mouse: using default window
667.2886 	DATA 	Keypress: m
667.4272 	EXP 	New trial (rep=12, index=0): {'leftStreamFlip': False, 'oneTarget': True, 'trialInstructionPos': (0, -1), 'probe': 'both', 'rightStreamFlip': False, 'horizVert': True, 'ISIframes': 3, 'rightResponseFirst': True}
667.4388 	INFO 	numtrials=360 and this trialDurFrames=5 or 83.3333333333 ms  task=T1
668.4550 	EXP 	window1: recordFrameIntervals = False
668.4636 	INFO 	Mouse: using default window
669.1719 	DATA 	Keypress: g
669.3108 	EXP 	New trial (rep=12, index=1): {'leftStreamFlip': False, 'oneTarget': False, 'trialInstructionPos': (0, 1), 'probe': 'both', 'rightStreamFlip': False, 'horizVert': True, 'ISIframes': 3, 'rightResponseFirst': True}
669.3213 	INFO 	numtrials=360 and this trialDurFrames=5 or 83.3333333333 ms  task=T1
670.3384 	EXP 	window1: recordFrameIntervals = False
670.3473 	INFO 	Mouse: using default window
672.1052 	DATA 	Keypress: z
672.3719 	DATA 	Keypress: s
672.5118 	EXP 	New trial (rep=12, index=2): {'leftStreamFlip': False, 'oneTarget': False, 'trialInstructionPos': (0, 1), 'probe': 'both', 'rightStreamFlip': False, 'horizVert': True, 'ISIframes': 3, 'rightResponseFirst': False}
672.5380 	INFO 	numtrials=360 and this trialDurFrames=5 or 83.3333333333 ms  task=T1
673.7384 	EXP 	window1: recordFrameIntervals = False
673.7472 	INFO 	Mouse: using default window
675.3387 	DATA 	Keypress: g
675.5887 	DATA 	Keypress: f
675.7316 	EXP 	New trial (rep=12, index=3): {'leftStreamFlip': False, 'oneTarget': False, 'trialInstructionPos': (0, 1), 'probe': 'both', 'rightStreamFlip': False, 'horizVert': True, 'ISIframes': 3, 'rightResponseFirst': True}
675.7545 	INFO 	numtrials=360 and this trialDurFrames=5 or 83.3333333333 ms  task=T1
676.9551 	EXP 	window1: recordFrameIntervals = False
676.9636 	INFO 	Mouse: using default window
678.3387 	DATA 	Keypress: s
678.6085 	DATA 	Keypress: h
678.7658 	EXP 	New trial (rep=12, index=4): {'leftStreamFlip': False, 'oneTarget': False, 'trialInstructionPos': (0, -1), 'probe': 'both', 'rightStreamFlip': False, 'horizVert': True, 'ISIframes': 3, 'rightResponseFirst': True}
678.7874 	INFO 	numtrials=360 and this trialDurFrames=5 or 83.3333333333 ms  task=T1
679.9717 	EXP 	window1: recordFrameIntervals = False
679.9798 	INFO 	Mouse: using default window
681.5385 	DATA 	Keypress: u
682.5552 	DATA 	Keypress: z
682.6951 	EXP 	New trial (rep=12, index=5): {'leftStreamFlip': False, 'oneTarget': True, 'trialInstructionPos': (0, 1), 'probe': 'both', 'rightStreamFlip': False, 'horizVert': True, 'ISIframes': 3, 'rightResponseFirst': True}
682.7225 	INFO 	numtrials=360 and this trialDurFrames=5 or 83.3333333333 ms  task=T1
683.9216 	EXP 	window1: recordFrameIntervals = False
683.9301 	INFO 	Mouse: using default window
685.3552 	DATA 	Keypress: y
685.5049 	EXP 	New trial (rep=12, index=6): {'leftStreamFlip': False, 'oneTarget': False, 'trialInstructionPos': (0, -1), 'probe': 'both', 'rightStreamFlip': False, 'horizVert': True, 'ISIframes': 3, 'rightResponseFirst': False}
685.5211 	INFO 	numtrials=360 and this trialDurFrames=5 or 83.3333333333 ms  task=T1
686.7049 	EXP 	window1: recordFrameIntervals = False
686.7135 	INFO 	Mouse: using default window
688.3550 	DATA 	Keypress: h
689.0248 	DATA 	Keypress: k
689.1891 	EXP 	New trial (rep=12, index=7): {'leftStreamFlip': False, 'oneTarget': False, 'trialInstructionPos': (0, -1), 'probe': 'both', 'rightStreamFlip': False, 'horizVert': True, 'ISIframes': 3, 'rightResponseFirst': False}
689.2044 	INFO 	numtrials=360 and this trialDurFrames=5 or 83.3333333333 ms  task=T1
690.2551 	EXP 	window1: recordFrameIntervals = False
690.2635 	INFO 	Mouse: using default window
691.3719 	DATA 	Keypress: e
692.4552 	DATA 	Keypress: e
692.5957 	EXP 	New trial (rep=12, index=8): {'leftStreamFlip': False, 'oneTarget': True, 'trialInstructionPos': (0, -1), 'probe': 'both', 'rightStreamFlip': False, 'horizVert': True, 'ISIframes': 3, 'rightResponseFirst': False}
692.6213 	INFO 	numtrials=360 and this trialDurFrames=5 or 83.3333333333 ms  task=T1
693.6549 	EXP 	window1: recordFrameIntervals = False
693.6634 	INFO 	Mouse: using default window
694.5387 	DATA 	Keypress: s
694.6777 	EXP 	New trial (rep=12, index=9): {'leftStreamFlip': False, 'oneTarget': False, 'trialInstructionPos': (0, -1), 'probe': 'both', 'rightStreamFlip': False, 'horizVert': True, 'ISIframes': 3, 'rightResponseFirst': True}
694.7055 	INFO 	numtrials=360 and this trialDurFrames=5 or 83.3333333333 ms  task=T1
695.8217 	EXP 	window1: recordFrameIntervals = False
695.8303 	INFO 	Mouse: using default window
696.8720 	DATA 	Keypress: m
697.0577 	DATA 	Keypress: e
697.2119 	EXP 	New trial (rep=12, index=10): {'leftStreamFlip': False, 'oneTarget': False, 'trialInstructionPos': (0, 1), 'probe': 'both', 'rightStreamFlip': False, 'horizVert': True, 'ISIframes': 3, 'rightResponseFirst': False}
697.2380 	INFO 	numtrials=360 and this trialDurFrames=5 or 83.3333333333 ms  task=T1
698.4551 	EXP 	window1: recordFrameIntervals = False
698.4635 	INFO 	Mouse: using default window
699.8219 	DATA 	Keypress: c
700.2220 	DATA 	Keypress: k
700.3616 	EXP 	New trial (rep=12, index=11): {'leftStreamFlip': False, 'oneTarget': True, 'trialInstructionPos': (0, 1), 'probe': 'both', 'rightStreamFlip': False, 'horizVert': True, 'ISIframes': 3, 'rightResponseFirst': False}
700.3884 	INFO 	numtrials=360 and this trialDurFrames=5 or 83.3333333333 ms  task=T1
701.4884 	EXP 	window1: recordFrameIntervals = False
701.4970 	INFO 	Mouse: using default window
702.5553 	DATA 	Keypress: g
702.6947 	EXP 	New trial (rep=13, index=0): {'leftStreamFlip': False, 'oneTarget': True, 'trialInstructionPos': (0, 1), 'probe': 'both', 'rightStreamFlip': False, 'horizVert': True, 'ISIframes': 3, 'rightResponseFirst': True}
702.7212 	INFO 	numtrials=360 and this trialDurFrames=5 or 83.3333333333 ms  task=T1
703.7383 	EXP 	window1: recordFrameIntervals = False
703.7468 	INFO 	Mouse: using default window
704.6418 	DATA 	Keypress: f
704.8020 	EXP 	New trial (rep=13, index=1): {'leftStreamFlip': False, 'oneTarget': False, 'trialInstructionPos': (0, 1), 'probe': 'both', 'rightStreamFlip': False, 'horizVert': True, 'ISIframes': 3, 'rightResponseFirst': False}
704.8211 	INFO 	numtrials=360 and this trialDurFrames=5 or 83.3333333333 ms  task=T1
705.9549 	EXP 	window1: recordFrameIntervals = False
705.9635 	INFO 	Mouse: using default window
707.0417 	DATA 	Keypress: z
707.3556 	DATA 	Keypress: t
707.4942 	EXP 	New trial (rep=13, index=2): {'leftStreamFlip': False, 'oneTarget': False, 'trialInstructionPos': (0, -1), 'probe': 'both', 'rightStreamFlip': False, 'horizVert': True, 'ISIframes': 3, 'rightResponseFirst': False}
707.5226 	INFO 	numtrials=360 and this trialDurFrames=5 or 83.3333333333 ms  task=T1
708.6883 	EXP 	window1: recordFrameIntervals = False
708.6967 	INFO 	Mouse: using default window
710.0218 	DATA 	Keypress: y
710.3052 	DATA 	Keypress: a
710.4482 	EXP 	New trial (rep=13, index=3): {'leftStreamFlip': False, 'oneTarget': True, 'trialInstructionPos': (0, -1), 'probe': 'both', 'rightStreamFlip': False, 'horizVert': True, 'ISIframes': 3, 'rightResponseFirst': True}
710.4715 	INFO 	numtrials=360 and this trialDurFrames=5 or 83.3333333333 ms  task=T1
711.5716 	EXP 	window1: recordFrameIntervals = False
711.5801 	INFO 	Mouse: using default window
712.5219 	DATA 	Keypress: r
712.6606 	EXP 	New trial (rep=13, index=4): {'leftStreamFlip': False, 'oneTarget': False, 'trialInstructionPos': (0, -1), 'probe': 'both', 'rightStreamFlip': False, 'horizVert': True, 'ISIframes': 3, 'rightResponseFirst': True}
712.6712 	INFO 	numtrials=360 and this trialDurFrames=5 or 83.3333333333 ms  task=T1
713.8882 	EXP 	window1: recordFrameIntervals = False
713.8967 	INFO 	Mouse: using default window
715.8250 	DATA 	Keypress: c
716.2387 	DATA 	Keypress: g
716.3808 	EXP 	New trial (rep=13, index=5): {'leftStreamFlip': False, 'oneTarget': False, 'trialInstructionPos': (0, 1), 'probe': 'both', 'rightStreamFlip': False, 'horizVert': True, 'ISIframes': 3, 'rightResponseFirst': False}
716.4044 	INFO 	numtrials=360 and this trialDurFrames=5 or 83.3333333333 ms  task=T1
717.5717 	EXP 	window1: recordFrameIntervals = False
717.5802 	INFO 	Mouse: using default window
718.8720 	DATA 	Keypress: c
719.1886 	DATA 	Keypress: t
719.3281 	EXP 	New trial (rep=13, index=6): {'leftStreamFlip': False, 'oneTarget': False, 'trialInstructionPos': (0, -1), 'probe': 'both', 'rightStreamFlip': False, 'horizVert': True, 'ISIframes': 3, 'rightResponseFirst': False}
719.3545 	INFO 	numtrials=360 and this trialDurFrames=5 or 83.3333333333 ms  task=T1
720.4550 	EXP 	window1: recordFrameIntervals = False
720.4646 	INFO 	Mouse: using default window
721.4414 	DATA 	Keypress: k
721.5718 	DATA 	Keypress: a
721.7173 	EXP 	New trial (rep=13, index=7): {'leftStreamFlip': False, 'oneTarget': False, 'trialInstructionPos': (0, 1), 'probe': 'both', 'rightStreamFlip': False, 'horizVert': True, 'ISIframes': 3, 'rightResponseFirst': True}
721.7377 	INFO 	numtrials=360 and this trialDurFrames=5 or 83.3333333333 ms  task=T1
722.8383 	EXP 	window1: recordFrameIntervals = False
722.8474 	INFO 	Mouse: using default window
724.0554 	DATA 	Keypress: z
724.1886 	DATA 	Keypress: c
724.3288 	EXP 	New trial (rep=13, index=8): {'leftStreamFlip': False, 'oneTarget': True, 'trialInstructionPos': (0, -1), 'probe': 'both', 'rightStreamFlip': False, 'horizVert': True, 'ISIframes': 3, 'rightResponseFirst': False}
724.3545 	INFO 	numtrials=360 and this trialDurFrames=5 or 83.3333333333 ms  task=T1
725.3551 	EXP 	window1: recordFrameIntervals = False
725.3645 	INFO 	Mouse: using default window
726.2415 	DATA 	Keypress: h
726.3935 	EXP 	New trial (rep=13, index=9): {'leftStreamFlip': False, 'oneTarget': False, 'trialInstructionPos': (0, 1), 'probe': 'both', 'rightStreamFlip': False, 'horizVert': True, 'ISIframes': 3, 'rightResponseFirst': True}
726.4055 	INFO 	numtrials=360 and this trialDurFrames=5 or 83.3333333333 ms  task=T1
727.4384 	EXP 	window1: recordFrameIntervals = False
727.4469 	INFO 	Mouse: using default window
728.4554 	DATA 	Keypress: r
728.6413 	DATA 	Keypress: f
728.7947 	EXP 	New trial (rep=13, index=10): {'leftStreamFlip': False, 'oneTarget': True, 'trialInstructionPos': (0, 1), 'probe': 'both', 'rightStreamFlip': False, 'horizVert': True, 'ISIframes': 3, 'rightResponseFirst': False}
728.8214 	INFO 	numtrials=360 and this trialDurFrames=5 or 83.3333333333 ms  task=T1
730.0049 	EXP 	window1: recordFrameIntervals = False
730.0134 	INFO 	Mouse: using default window
730.9886 	DATA 	Keypress: m
731.1278 	EXP 	New trial (rep=13, index=11): {'leftStreamFlip': False, 'oneTarget': False, 'trialInstructionPos': (0, -1), 'probe': 'both', 'rightStreamFlip': False, 'horizVert': True, 'ISIframes': 3, 'rightResponseFirst': True}
731.1546 	INFO 	numtrials=360 and this trialDurFrames=5 or 83.3333333333 ms  task=T1
732.3049 	EXP 	window1: recordFrameIntervals = False
732.3130 	INFO 	Mouse: using default window
733.1886 	DATA 	Keypress: n
733.3386 	DATA 	Keypress: k
733.4788 	EXP 	New trial (rep=14, index=0): {'leftStreamFlip': False, 'oneTarget': True, 'trialInstructionPos': (0, -1), 'probe': 'both', 'rightStreamFlip': False, 'horizVert': True, 'ISIframes': 3, 'rightResponseFirst': True}
733.5046 	INFO 	numtrials=360 and this trialDurFrames=5 or 83.3333333333 ms  task=T1
734.5716 	EXP 	window1: recordFrameIntervals = False
734.5795 	INFO 	Mouse: using default window
739.3220 	DATA 	Keypress: o
739.4603 	EXP 	New trial (rep=14, index=1): {'leftStreamFlip': False, 'oneTarget': False, 'trialInstructionPos': (0, 1), 'probe': 'both', 'rightStreamFlip': False, 'horizVert': True, 'ISIframes': 3, 'rightResponseFirst': False}
739.4709 	INFO 	numtrials=360 and this trialDurFrames=5 or 83.3333333333 ms  task=T1
740.6218 	EXP 	window1: recordFrameIntervals = False
740.6303 	INFO 	Mouse: using default window
742.1884 	DATA 	Keypress: n
742.9218 	DATA 	Keypress: z
743.0618 	EXP 	New trial (rep=14, index=2): {'leftStreamFlip': False, 'oneTarget': True, 'trialInstructionPos': (0, -1), 'probe': 'both', 'rightStreamFlip': False, 'horizVert': True, 'ISIframes': 3, 'rightResponseFirst': False}
743.0890 	INFO 	numtrials=360 and this trialDurFrames=5 or 83.3333333333 ms  task=T1
744.2216 	EXP 	window1: recordFrameIntervals = False
744.2307 	INFO 	Mouse: using default window
745.6052 	DATA 	Keypress: l
745.7456 	EXP 	New trial (rep=14, index=3): {'leftStreamFlip': False, 'oneTarget': False, 'trialInstructionPos': (0, 1), 'probe': 'both', 'rightStreamFlip': False, 'horizVert': True, 'ISIframes': 3, 'rightResponseFirst': True}
745.7713 	INFO 	numtrials=360 and this trialDurFrames=5 or 83.3333333333 ms  task=T1
746.8716 	EXP 	window1: recordFrameIntervals = False
746.8826 	INFO 	Mouse: using default window
748.3225 	DATA 	Keypress: l
748.5721 	DATA 	Keypress: m
748.7110 	EXP 	New trial (rep=14, index=4): {'leftStreamFlip': False, 'oneTarget': False, 'trialInstructionPos': (0, -1), 'probe': 'both', 'rightStreamFlip': False, 'horizVert': True, 'ISIframes': 3, 'rightResponseFirst': True}
748.7212 	INFO 	numtrials=360 and this trialDurFrames=5 or 83.3333333333 ms  task=T1
749.9550 	EXP 	window1: recordFrameIntervals = False
749.9634 	INFO 	Mouse: using default window
751.1385 	DATA 	Keypress: u
751.3218 	DATA 	Keypress: e
751.4611 	EXP 	New trial (rep=14, index=5): {'leftStreamFlip': False, 'oneTarget': False, 'trialInstructionPos': (0, -1), 'probe': 'both', 'rightStreamFlip': False, 'horizVert': True, 'ISIframes': 3, 'rightResponseFirst': False}
751.4879 	INFO 	numtrials=360 and this trialDurFrames=5 or 83.3333333333 ms  task=T1
752.6220 	EXP 	window1: recordFrameIntervals = False
752.6307 	INFO 	Mouse: using default window
753.7886 	DATA 	Keypress: c
753.9718 	DATA 	Keypress: t
754.1159 	EXP 	New trial (rep=14, index=6): {'leftStreamFlip': False, 'oneTarget': True, 'trialInstructionPos': (0, 1), 'probe': 'both', 'rightStreamFlip': False, 'horizVert': True, 'ISIframes': 3, 'rightResponseFirst': False}
754.1380 	INFO 	numtrials=360 and this trialDurFrames=5 or 83.3333333333 ms  task=T1
755.1383 	EXP 	window1: recordFrameIntervals = False
755.1469 	INFO 	Mouse: using default window
756.1719 	DATA 	Keypress: t
756.3106 	EXP 	New trial (rep=14, index=7): {'leftStreamFlip': False, 'oneTarget': False, 'trialInstructionPos': (0, 1), 'probe': 'both', 'rightStreamFlip': False, 'horizVert': True, 'ISIframes': 3, 'rightResponseFirst': True}
756.3215 	INFO 	numtrials=360 and this trialDurFrames=5 or 83.3333333333 ms  task=T1
757.5551 	EXP 	window1: recordFrameIntervals = False
757.5637 	INFO 	Mouse: using default window
758.9052 	DATA 	Keypress: g
759.4385 	DATA 	Keypress: z
759.5770 	EXP 	New trial (rep=14, index=8): {'leftStreamFlip': False, 'oneTarget': False, 'trialInstructionPos': (0, -1), 'probe': 'both', 'rightStreamFlip': False, 'horizVert': True, 'ISIframes': 3, 'rightResponseFirst': False}
759.6056 	INFO 	numtrials=360 and this trialDurFrames=5 or 83.3333333333 ms  task=T1
760.7717 	EXP 	window1: recordFrameIntervals = False
760.7804 	INFO 	Mouse: using default window
761.8053 	DATA 	Keypress: t
762.2887 	DATA 	Keypress: c
762.4290 	EXP 	New trial (rep=14, index=9): {'leftStreamFlip': False, 'oneTarget': False, 'trialInstructionPos': (0, -1), 'probe': 'both', 'rightStreamFlip': False, 'horizVert': True, 'ISIframes': 3, 'rightResponseFirst': True}
762.4546 	INFO 	numtrials=360 and this trialDurFrames=5 or 83.3333333333 ms  task=T1
763.5218 	EXP 	window1: recordFrameIntervals = False
763.5309 	INFO 	Mouse: using default window
765.0419 	DATA 	Keypress: m
765.5887 	DATA 	Keypress: z
765.7270 	EXP 	New trial (rep=14, index=10): {'leftStreamFlip': False, 'oneTarget': False, 'trialInstructionPos': (0, 1), 'probe': 'both', 'rightStreamFlip': False, 'horizVert': True, 'ISIframes': 3, 'rightResponseFirst': False}
765.7376 	INFO 	numtrials=360 and this trialDurFrames=5 or 83.3333333333 ms  task=T1
766.9051 	EXP 	window1: recordFrameIntervals = False
766.9140 	INFO 	Mouse: using default window
768.5720 	DATA 	Keypress: j
768.7552 	DATA 	Keypress: e
768.9007 	EXP 	New trial (rep=14, index=11): {'leftStreamFlip': False, 'oneTarget': True, 'trialInstructionPos': (0, 1), 'probe': 'both', 'rightStreamFlip': False, 'horizVert': True, 'ISIframes': 3, 'rightResponseFirst': True}
768.9211 	INFO 	numtrials=360 and this trialDurFrames=5 or 83.3333333333 ms  task=T1
770.0383 	EXP 	window1: recordFrameIntervals = False
770.0465 	INFO 	Mouse: using default window
770.9554 	DATA 	Keypress: s
771.0936 	EXP 	New trial (rep=15, index=0): {'leftStreamFlip': False, 'oneTarget': False, 'trialInstructionPos': (0, 1), 'probe': 'both', 'rightStreamFlip': False, 'horizVert': True, 'ISIframes': 3, 'rightResponseFirst': False}
771.1048 	INFO 	numtrials=360 and this trialDurFrames=5 or 83.3333333333 ms  task=T1
772.1216 	EXP 	window1: recordFrameIntervals = False
772.1298 	INFO 	Mouse: using default window
773.1718 	DATA 	Keypress: k
773.2553 	DATA 	Keypress: z
773.3976 	EXP 	New trial (rep=15, index=1): {'leftStreamFlip': False, 'oneTarget': False, 'trialInstructionPos': (0, 1), 'probe': 'both', 'rightStreamFlip': False, 'horizVert': True, 'ISIframes': 3, 'rightResponseFirst': False}
773.4214 	INFO 	numtrials=360 and this trialDurFrames=5 or 83.3333333333 ms  task=T1
774.4551 	EXP 	window1: recordFrameIntervals = False
774.4635 	INFO 	Mouse: using default window
775.3552 	DATA 	Keypress: r
776.1387 	DATA 	Keypress: m
776.2784 	EXP 	New trial (rep=15, index=2): {'leftStreamFlip': False, 'oneTarget': True, 'trialInstructionPos': (0, 1), 'probe': 'both', 'rightStreamFlip': False, 'horizVert': True, 'ISIframes': 3, 'rightResponseFirst': False}
776.3045 	INFO 	numtrials=360 and this trialDurFrames=5 or 83.3333333333 ms  task=T1
777.3718 	EXP 	window1: recordFrameIntervals = False
777.3804 	INFO 	Mouse: using default window
778.1552 	DATA 	Keypress: f
778.2945 	EXP 	New trial (rep=15, index=3): {'leftStreamFlip': False, 'oneTarget': True, 'trialInstructionPos': (0, -1), 'probe': 'both', 'rightStreamFlip': False, 'horizVert': True, 'ISIframes': 3, 'rightResponseFirst': True}
778.3213 	INFO 	numtrials=360 and this trialDurFrames=5 or 83.3333333333 ms  task=T1
779.4383 	EXP 	window1: recordFrameIntervals = False
779.4467 	INFO 	Mouse: using default window
780.3387 	DATA 	Keypress: j
780.4772 	EXP 	New trial (rep=15, index=4): {'leftStreamFlip': False, 'oneTarget': False, 'trialInstructionPos': (0, -1), 'probe': 'both', 'rightStreamFlip': False, 'horizVert': True, 'ISIframes': 3, 'rightResponseFirst': False}
780.4877 	INFO 	numtrials=360 and this trialDurFrames=5 or 83.3333333333 ms  task=T1
781.6383 	EXP 	window1: recordFrameIntervals = False
781.6468 	INFO 	Mouse: using default window
782.7719 	DATA 	Keypress: m
783.8219 	DATA 	Keypress: t
783.9619 	EXP 	New trial (rep=15, index=5): {'leftStreamFlip': False, 'oneTarget': False, 'trialInstructionPos': (0, 1), 'probe': 'both', 'rightStreamFlip': False, 'horizVert': True, 'ISIframes': 3, 'rightResponseFirst': True}
783.9879 	INFO 	numtrials=360 and this trialDurFrames=5 or 83.3333333333 ms  task=T1
785.0716 	EXP 	window1: recordFrameIntervals = False
785.0802 	INFO 	Mouse: using default window
787.1058 	DATA 	Keypress: lctrl
787.3219 	DATA 	Keypress: lshift
787.9718 	DATA 	Keypress: z
787.9917 	INFO 	Stopping at 14:20 on 06 Aug 2018
787.9931 	ERROR 	user aborted experiment on keypress with trials done=185 of 361
788.0099 	INFO 	Program terminating normally.
