0.9643 	WARNING 	Monitor specification not found. Creating a temporary one...
13.6669 	EXP 	Created window1 = Window(allowGUI=False, allowStencil=False, autoLog=True, bitsMode=UNKNOWN, blendMode='avg', color=array([-0.7, -0.7, -0.7]), colorSpace='rgb', fullscr=UNKNOWN, gamma=None, lms=UNKNOWN, monitor=<psychopy.monitors.calibTools.Monitor object at 0x1A280050>, name='window1', pos=[0, 0], screen=0, size=array([1920, 1080]), stereo=False, units='deg', useFBO=False, useRetina=False, viewOri=0.0, viewPos=None, viewScale=None, waitBlanking=False, winType='pyglet')
13.6669 	INFO 	Mouse: using default window
13.6671 	EXP 	window1: units = 'norm'
13.7599 	EXP 	Created unnamed ImageStim = ImageStim(autoLog=True, color=array([ 1.,  1.,  1.]), colorSpace='rgb', contrast=1.0, depth=0, flipHoriz=False, flipVert=False, image=str(...), interpolate=False, mask=None, maskParams=None, name='unnamed ImageStim', opacity=1.0, ori=0.0, pos=array([-0.5,  0. ]), size=array([ 1.290625  ,  3.24814815]), texRes=128, units='norm', win=Window(...))
13.8316 	EXP 	Created unnamed ImageStim = ImageStim(autoLog=True, color=array([ 1.,  1.,  1.]), colorSpace='rgb', contrast=1.0, depth=0, flipHoriz=False, flipVert=False, image=str(...), interpolate=False, mask=None, maskParams=None, name='unnamed ImageStim', opacity=1.0, ori=0.0, pos=array([ 0.5,  0. ]), size=array([ 1.290625  ,  3.24814815]), texRes=128, units='norm', win=Window(...))
13.8485 	EXP 	Created OKrespZone = GratingStim(autoDraw=False, autoLog=True, color=array([ 1. ,  0.5,  0.5]), colorSpace='rgb', contrast=1.0, depth=0, interpolate=False, mask='gauss', maskParams=None, name='OKrespZone', opacity=1.0, ori=0.0, phase=array([ 0.,  0.]), pos=array([-0.2 , -0.92]), rgbPedestal=array([ 0.,  0.,  0.]), sf=array([ 0.,  0.]), size=array([ 2.3,  0.2]), tex='sin', texRes=256, units='norm', win=Window(...))
14.0330 	EXP 	unnamed ImageStim: size = (1, 2)
14.0330 	EXP 	unnamed ImageStim: size = (1, 2)
129.4768 	DATA 	Mouse: Left button down, pos=(774,43)
129.4926 	EXP 	window1: units = 'deg'
129.4927 	EXP 	window1: units = 'norm'
129.5131 	EXP 	Created OKrespZone = GratingStim(autoDraw=False, autoLog=True, color=array([ 1. ,  0.5,  0.5]), colorSpace='rgb', contrast=1.0, depth=0, interpolate=False, mask='gauss', maskParams=None, name='OKrespZone', opacity=1.0, ori=0.0, phase=array([ 0.,  0.]), pos=array([-0.2 , -0.92]), rgbPedestal=array([ 0.,  0.,  0.]), sf=array([ 0.,  0.]), size=array([ 2.3,  0.2]), tex='sin', texRes=256, units='norm', win=Window(...))
129.5925 	EXP 	Created unnamed ImageStim = ImageStim(autoLog=True, color=array([ 1.,  1.,  1.]), colorSpace='rgb', contrast=1.0, depth=0, flipHoriz=False, flipVert=False, image='abgdj\\PISandConsentForm\\consentForm.png', interpolate=False, mask=None, maskParams=None, name='unnamed ImageStim', opacity=1.0, ori=0.0, pos=array([ 0.,  0.]), size=array([ 1.3375    ,  2.97407407]), texRes=128, units='norm', win=Window(...))
129.6388 	EXP 	Created unnamed GratingStim = GratingStim(autoDraw=False, autoLog=True, color=array([ 1. ,  0.5,  0.5]), colorSpace='rgb', contrast=1.0, depth=0, interpolate=False, mask='gauss', maskParams=None, name='unnamed GratingStim', opacity=1.0, ori=0.0, phase=array([ 0.,  0.]), pos=array([-0.2 , -0.42]), rgbPedestal=array([ 0.,  0.,  0.]), sf=array([ 0.,  0.]), size=array([ 0.3,  0.2]), tex='sin', texRes=256, units='norm', win=Window(...))
129.6810 	EXP 	Created unnamed GratingStim = GratingStim(autoDraw=False, autoLog=True, color=array([ 1. ,  0.5,  0.5]), colorSpace='rgb', contrast=1.0, depth=0, interpolate=False, mask='gauss', maskParams=None, name='unnamed GratingStim', opacity=1.0, ori=0.0, phase=array([ 0.,  0.]), pos=array([ 0.1 , -0.42]), rgbPedestal=array([ 0.,  0.,  0.]), sf=array([ 0.,  0.]), size=array([ 0.3,  0.2]), tex='sin', texRes=256, units='norm', win=Window(...))
129.7020 	EXP 	Created unnamed GratingStim = GratingStim(autoDraw=False, autoLog=True, color=array([ 1. ,  0.5,  0.5]), colorSpace='rgb', contrast=1.0, depth=0, interpolate=False, mask='gauss', maskParams=None, name='unnamed GratingStim', opacity=1.0, ori=0.0, phase=array([ 0.,  0.]), pos=array([-0.2 , -0.72]), rgbPedestal=array([ 0.,  0.,  0.]), sf=array([ 0.,  0.]), size=array([ 0.3,  0.2]), tex='sin', texRes=256, units='norm', win=Window(...))
129.7228 	EXP 	Created unnamed GratingStim = GratingStim(autoDraw=False, autoLog=True, color=array([ 1. ,  0.5,  0.5]), colorSpace='rgb', contrast=1.0, depth=0, interpolate=False, mask='gauss', maskParams=None, name='unnamed GratingStim', opacity=1.0, ori=0.0, phase=array([ 0.,  0.]), pos=array([ 0.1 , -0.72]), rgbPedestal=array([ 0.,  0.,  0.]), sf=array([ 0.,  0.]), size=array([ 0.3,  0.2]), tex='sin', texRes=256, units='norm', win=Window(...))
129.7259 	DATA 	Mouse:  Left button up, pos=(774,43)
129.7316 	EXP 	unnamed ImageStim: size = (1.1, 2)
144.8095 	DATA 	Mouse: Left button down, pos=(767,316)
144.8927 	DATA 	Mouse:  Left button up, pos=(767,316)
151.4762 	DATA 	Mouse: Left button down, pos=(764,147)
151.5262 	DATA 	Mouse:  Left button up, pos=(764,147)
152.7100 	DATA 	Mouse: Left button down, pos=(825,43)
152.7258 	EXP 	window1: units = 'deg'
152.7308 	EXP 	window1: mouseVisible = True
181.9267 	EXP 	Created window1 = Window(allowGUI=False, allowStencil=False, autoLog=True, bitsMode=UNKNOWN, blendMode='avg', color=array([-0.7, -0.7, -0.7]), colorSpace='rgb', fullscr=UNKNOWN, gamma=None, lms=UNKNOWN, monitor=<psychopy.monitors.calibTools.Monitor object at 0x1A280050>, name='window1', pos=[0, 0], screen=0, size=array([1920, 1080]), stereo=False, units='deg', useFBO=False, useRetina=False, viewOri=0.0, viewPos=None, viewScale=None, waitBlanking=False, winType='pyglet')
186.5268 	INFO 	#[ PsychoPy2 RuntimeInfoStart ]
  #[[ PsychoPy ]] #---------
    psychopyVersion: 1.84.2
    psychopyHaveExtRush: True
  #[[ Experiment ]] #---------
    experimentAuthor: None
    experimentAuthVersion: None
    experimentRunTime: 2018_08_09 09:31 (Year_Month_Day Hour:Min)
    experimentRunTime.epoch: 1533771099
    experimentScript: psyc1002.py
    experimentScript.digestSHA1: 03993779484d600ea4c1b8cc2288f3d37a5025d5
    experimentScript.directory: U:\PSYC1002\abgdj
  #[[ System ]] #---------
    systemHaveInternetAccess: True
    systemHostName: W5FD0LG2
    systemLocale: English_United States.1252
    systemMemFreeRAM: 4615.96484375
    systemMemTotalRAM: 8076.9453125
    systemPlatform: windowsversion=sys.getwindowsversion(major=6, minor=2, build=9200, platform=2, service_pack='')
    systemPyo.InputDevices: {4: {'host api index': 2, 'latency': 0.008707483299076557, 'default sr': 44100, 'name': u'Realtek ASIO'}}
    systemPyo.OutputDevices: {0: {'host api index': 0, 'latency': 0.09000000357627869, 'default sr': 44100, 'name': u'Microsoft Sound Mapper - Output'}, 1: {'host api index': 0, 'latency': 0.09000000357627869, 'default sr': 44100, 'name': u'Speakers / Headphones (Realtek '}, 2: {'host api index': 1, 'latency': 0.11999999731779099, 'default sr': 44100, 'name': u'Primary Sound Driver'}, 3: {'host api index': 1, 'latency': 0.11999999731779099, 'default sr': 44100, 'name': u'Speakers / Headphones (Realtek High Definition Audio)'}, 4: {'host api index': 2, 'latency': 0.008707483299076557, 'default sr': 44100, 'name': u'Realtek ASIO'}, 5: {'host api index': 3, 'latency': 0.003000000026077032, 'default sr': 48000, 'name': u'Speakers / Headphones (Realtek High Definition Audio)'}}
    systemPyoVersion: 0.8.0
    systemRebooted: System Boot Time:          8/9/2018, 2:27:56 AM
    systemSec.pythonSSL: True
    systemTimeNumpySD1000000_sec: 0.0082
    systemUser: jbax0718
    systemUserID: 1000
    systemUserProcCmdPid: LabStatsUserSpace.exe dwm.exe TiWorker.exe CmRcService.exe nierserver.exe LabStatsClient.exe tagsrv.exe SearchUI.exe OneDrive.exe nipxism.exe SettingSyncHost.exe WmiPrvSE.exe niLxiDiscovery.exe SecurityHealthService.exe redirector.exe SearchProtocolHost.exe server_admin.exe pc-client.exe lkads.exe svchost.exe smartscreen.exe ni_usbmon.exe AGSService.exe System SISIDSService.exe SelfServicePlugin.exe explorer.exe smss.exe ApplicationWebServer.exe RuntimeBroker.exe acrotray.exe niauth_daemon.exe cmd.exe nidmsrv.exe Receiver.exe SISIPSService.exe lktsrv.exe lsass.exe python.exe RtkNGUI64.exe sisipsutil.exe AdobeUpdateService.exe armsvc.exe ssonsvr.exe concentr.exe nidevldu.exe taskhostw.exe ctfmon.exe RAVBg64.exe ''Memory Compression'' NIWebServiceContainer.exe nimxs.exe RtkAudioService64.exe SystemWebServer.exe tasklist.exe snowagent.exe CcmExec.exe SearchFilterHost.exe SmcGui.exe nicitdl5.exe ''System Idle Process'' services.exe niDiscSvc.exe sqlwriter.exe MSASCuiL.exe SCNotification.exe nimdnsResponder.exe server_runtime.exe sihost.exe spoolsv.exe wininit.exe winlogon.exe ShellExperienceHost.exe nidevmon.exe SearchIndexer.exe csrss.exe TrustedInstaller.exe audiodg.exe fontdrvhost.exe unsecapp.exe ccSvcHst.exe wfcrun32.exe nisvcloc.exe server_eventlog.exe lkcitdl.exe AuthManSvr.exe conhost.exe AdobeGCClient.exe
    systemUserProcCount: 178
    systemUserProcFlagged: Explorer
    systemUsersCount: False
  #[[ Window ]] #---------
    windowWinType: pyglet
    windowWaitBlanking: False
    windowUseNativeGamma: True
    windowUnits: deg
    windowSize_pix: [1920 1080]
    windowScreen: 0
    windowRgb: [-0.7 -0.7 -0.7]
    windowRefreshTimeSD_ms: 0.188
    windowRefreshTimeMedian_ms: 16.657
    windowRefreshTimeAvg_ms: 16.664
    windowRefreshThreshold_sec: 0.0200
    windowRecordFrameIntervals: False
    windowPos_pix: [0, 0]
    windowMonitor.name: testmonitor
    windowMonitor.getWidth_cm: 57.0
    windowMonitor.getLinearizeMethod: 1
    windowMonitor.getGammaGrid: [[  0.   1.   1.  nan  nan  nan]
 [  0.   1.   1.  nan  nan  nan]
 [  0.   1.   1.  nan  nan  nan]
 [  0.   1.   1.  nan  nan  nan]]
    windowMonitor.getDistance_cm: 57.0
    windowMonitor.gammaInterpolator2: None
    windowMonitor.gammaInterpolator: None
    windowMonitor.currentCalibName: 2018_08_09 09:28
    windowIsFullScr: True
    windowHaveShaders: True
    windowAllowGUI: False
  #[[ Python ]] #---------
    pythonWxVersion: 3.0.2.0 msw (classic)
    pythonVersion: 2.7.11
    pythonScipyVersion: 0.17.1
    pythonPygletVersion: 1.2.4
    pythonPygameVersion: 1.9.2pre
    pythonNumpyVersion: 1.11.0
    pythonMatplotlibVersion: 1.5.1
    pythonFullVersion: 2.7.11 (v2.7.11:6d1b6a68f775, Dec  5 2015, 20:32:19) [MSC v.1500 32 bit (Intel)]
    pythonExecutable: C:\Program Files (x86)\PsychoPy2\python.exe
  #[[ OpenGL ]] #---------
    openGLVersion: 4.4.0 - Build 21.20.16.4627
    openGLVendor: Intel
    openGLRenderingEngine: Intel(R) HD Graphics 530
    openGLmaxVerticesInVertexArray: 1048576
    False: openGLext.GL_STEREO
    True: openGLext.GL_EXT_framebuffer_object
    True: openGLext.GL_ARB_vertex_shader
    True: openGLext.GL_ARB_texture_non_power_of_two
    True: openGLext.GL_ARB_texture_float
    True: openGLext.GL_ARB_shader_objects
    True: openGLext.GL_ARB_multitexture
    True: openGLext.GL_ARB_fragment_program
#[ PsychoPy2 RuntimeInfoEnd ]

186.5759 	EXP 	window1: recordFrameIntervals = True
187.4097 	EXP 	window1: recordFrameIntervals = False
187.4163 	INFO 	Frames per second ~=60.0, which is close enough to desired val of 60.0
187.6256 	EXP 	Created sequence: random, trialTypes=12, nReps=30, seed=None
187.8192 	INFO 	Mouse: using default window
187.8391 	EXP 	Created OKrespZone = GratingStim(autoDraw=False, autoLog=True, color=array([ 1.,  1.,  1.]), colorSpace='rgb', contrast=1.0, depth=0, interpolate=False, mask='gauss', maskParams=None, name='OKrespZone', opacity=1.0, ori=0.0, phase=array([ 0.,  0.]), pos=array([ 0.  ,  0.88]), rgbPedestal=array([ 0.,  0.,  0.]), sf=array([ 0.,  0.]), size=array([ 2. ,  0.2]), tex='sin', texRes=256, units='norm', win=Window(...))
222.5170 	DATA 	Mouse: Left button down, pos=(532,251)
222.6522 	DATA 	Mouse:  Left button up, pos=(532,251)
229.2926 	DATA 	Mouse: Left button down, pos=(162,399)
229.4202 	DATA 	Mouse:  Left button up, pos=(162,399)
230.8606 	DATA 	Mouse: Left button down, pos=(85,960)
230.9322 	DATA 	Mouse:  Left button up, pos=(85,960)
235.7723 	DATA 	Mouse: Left button down, pos=(1368,952)
235.8842 	DATA 	Mouse:  Left button up, pos=(1368,952)
237.4845 	DATA 	Mouse: Left button down, pos=(1548,950)
237.6121 	DATA 	Mouse:  Left button up, pos=(1548,950)
240.3164 	DATA 	Mouse: Left button down, pos=(1562,882)
240.4442 	DATA 	Mouse:  Left button up, pos=(1562,882)
242.3485 	DATA 	Mouse: Left button down, pos=(1345,878)
242.4922 	DATA 	Mouse:  Left button up, pos=(1345,878)
262.6603 	DATA 	Mouse: Left button down, pos=(1707,816)
262.7801 	DATA 	Mouse:  Left button up, pos=(1707,816)
264.1564 	DATA 	Mouse: Left button down, pos=(1700,738)
264.2521 	DATA 	Mouse:  Left button up, pos=(1700,738)
267.8374 	DATA 	Mouse: Left button down, pos=(1478,745)
267.9242 	DATA 	Mouse:  Left button up, pos=(1478,745)
275.4844 	DATA 	Mouse: Left button down, pos=(1140,256)
275.5721 	DATA 	Mouse:  Left button up, pos=(1140,256)
276.7805 	DATA 	Mouse: Left button down, pos=(1145,256)
276.8602 	DATA 	Mouse:  Left button up, pos=(1145,256)
280.8124 	DATA 	Mouse: Left button down, pos=(1529,192)
280.9241 	DATA 	Mouse:  Left button up, pos=(1529,192)
282.7963 	DATA 	Mouse: Left button down, pos=(1305,47)
282.8841 	DATA 	Mouse:  Left button up, pos=(1305,47)
288.9724 	DATA 	Mouse: Left button down, pos=(913,116)
289.0682 	DATA 	Mouse:  Left button up, pos=(913,116)
295.4206 	DATA 	Mouse: Left button down, pos=(921,600)
295.5561 	DATA 	Mouse:  Left button up, pos=(921,600)
296.5883 	DATA 	Mouse: Left button down, pos=(928,743)
296.7561 	DATA 	Mouse:  Left button up, pos=(928,743)
299.0763 	DATA 	Mouse: Left button down, pos=(921,882)
299.1642 	DATA 	Mouse:  Left button up, pos=(921,882)
305.6203 	DATA 	Mouse: Left button down, pos=(561,394)
305.7240 	DATA 	Mouse:  Left button up, pos=(561,394)
307.9964 	DATA 	Mouse: Left button down, pos=(945,1010)
308.0127 	INFO 	Experiment will have 360 trials. Letters will be drawn with superposed noise of 0.00%
308.0242 	EXP 	New trial (rep=0, index=0): {'leftStreamFlip': True, 'oneTarget': False, 'trialInstructionPos': (0, -1), 'probe': 'both', 'rightStreamFlip': True, 'horizVert': False, 'ISIframes': 4, 'rightResponseFirst': False}
308.0243 	INFO 	Starting main part of experiment
308.0769 	DATA 	Mouse:  Left button up, pos=(945,1010)
309.2092 	INFO 	numtrials=360 and this trialDurFrames=54 or 900.0 ms  task=T1
311.5425 	EXP 	window1: recordFrameIntervals = False
311.5537 	INFO 	Mouse: using default window
315.6776 	DATA 	Keypress: i
317.4429 	DATA 	Keypress: c
317.6292 	EXP 	New trial (rep=0, index=1): {'leftStreamFlip': True, 'oneTarget': True, 'trialInstructionPos': (0, 1), 'probe': 'both', 'rightStreamFlip': True, 'horizVert': False, 'ISIframes': 4, 'rightResponseFirst': False}
327.1425 	INFO 	numtrials=360 and this trialDurFrames=42 or 700.0 ms  task=T1
329.3592 	EXP 	window1: recordFrameIntervals = False
329.3675 	INFO 	Mouse: using default window
332.0428 	DATA 	Keypress: i
332.1820 	EXP 	New trial (rep=0, index=2): {'leftStreamFlip': True, 'oneTarget': False, 'trialInstructionPos': (0, 1), 'probe': 'both', 'rightStreamFlip': True, 'horizVert': False, 'ISIframes': 4, 'rightResponseFirst': False}
332.1929 	INFO 	numtrials=360 and this trialDurFrames=34 or 566.666666667 ms  task=T1
334.2591 	EXP 	window1: recordFrameIntervals = False
334.2676 	INFO 	Mouse: using default window
336.6927 	DATA 	Keypress: i
338.4093 	DATA 	Keypress: k
338.5505 	EXP 	New trial (rep=0, index=3): {'leftStreamFlip': True, 'oneTarget': False, 'trialInstructionPos': (0, 1), 'probe': 'both', 'rightStreamFlip': True, 'horizVert': False, 'ISIframes': 4, 'rightResponseFirst': False}
338.5591 	INFO 	numtrials=360 and this trialDurFrames=34 or 566.666666667 ms  task=T1
340.0925 	EXP 	window1: recordFrameIntervals = False
340.1010 	INFO 	Mouse: using default window
342.8604 	DATA 	Keypress: e
344.2095 	DATA 	Keypress: a
344.3518 	EXP 	New trial (rep=0, index=4): {'leftStreamFlip': True, 'oneTarget': False, 'trialInstructionPos': (0, 1), 'probe': 'both', 'rightStreamFlip': True, 'horizVert': False, 'ISIframes': 4, 'rightResponseFirst': True}
352.7090 	INFO 	numtrials=360 and this trialDurFrames=26 or 433.333333333 ms  task=T1
354.1257 	EXP 	window1: recordFrameIntervals = False
354.1340 	INFO 	Mouse: using default window
358.0592 	DATA 	Keypress: y
359.6773 	DATA 	Keypress: h
359.8343 	EXP 	New trial (rep=0, index=5): {'leftStreamFlip': True, 'oneTarget': False, 'trialInstructionPos': (0, -1), 'probe': 'both', 'rightStreamFlip': True, 'horizVert': False, 'ISIframes': 4, 'rightResponseFirst': True}
359.8587 	INFO 	numtrials=360 and this trialDurFrames=6 or 100.0 ms  task=T1
360.9758 	EXP 	window1: recordFrameIntervals = False
360.9842 	INFO 	Mouse: using default window
362.9760 	DATA 	Keypress: i
364.2759 	DATA 	Keypress: c
364.4201 	EXP 	New trial (rep=0, index=6): {'leftStreamFlip': True, 'oneTarget': False, 'trialInstructionPos': (0, -1), 'probe': 'both', 'rightStreamFlip': True, 'horizVert': False, 'ISIframes': 4, 'rightResponseFirst': True}
364.4422 	INFO 	numtrials=360 and this trialDurFrames=6 or 100.0 ms  task=T1
365.4925 	EXP 	window1: recordFrameIntervals = False
365.5009 	INFO 	Mouse: using default window
367.2772 	DATA 	Keypress: c
368.5764 	DATA 	Keypress: e
368.7167 	EXP 	New trial (rep=0, index=7): {'leftStreamFlip': True, 'oneTarget': True, 'trialInstructionPos': (0, -1), 'probe': 'both', 'rightStreamFlip': True, 'horizVert': False, 'ISIframes': 4, 'rightResponseFirst': False}
368.7416 	INFO 	numtrials=360 and this trialDurFrames=5 or 83.3333333333 ms  task=T1
369.9090 	EXP 	window1: recordFrameIntervals = False
369.9178 	INFO 	Mouse: using default window
371.5093 	DATA 	Keypress: c
371.6480 	EXP 	New trial (rep=0, index=8): {'leftStreamFlip': True, 'oneTarget': False, 'trialInstructionPos': (0, 1), 'probe': 'both', 'rightStreamFlip': True, 'horizVert': False, 'ISIframes': 4, 'rightResponseFirst': True}
371.6764 	INFO 	numtrials=360 and this trialDurFrames=5 or 83.3333333333 ms  task=T1
372.8258 	EXP 	window1: recordFrameIntervals = False
372.8347 	INFO 	Mouse: using default window
375.2264 	DATA 	Keypress: z
376.5094 	DATA 	Keypress: i
376.6487 	EXP 	New trial (rep=0, index=9): {'leftStreamFlip': True, 'oneTarget': True, 'trialInstructionPos': (0, -1), 'probe': 'both', 'rightStreamFlip': True, 'horizVert': False, 'ISIframes': 4, 'rightResponseFirst': True}
376.6755 	INFO 	numtrials=360 and this trialDurFrames=5 or 83.3333333333 ms  task=T1
377.7591 	EXP 	window1: recordFrameIntervals = False
377.7675 	INFO 	Mouse: using default window
385.3927 	DATA 	Keypress: k
385.5326 	EXP 	New trial (rep=0, index=10): {'leftStreamFlip': True, 'oneTarget': False, 'trialInstructionPos': (0, -1), 'probe': 'both', 'rightStreamFlip': True, 'horizVert': False, 'ISIframes': 4, 'rightResponseFirst': False}
385.5597 	INFO 	numtrials=360 and this trialDurFrames=6 or 100.0 ms  task=T1
386.7091 	EXP 	window1: recordFrameIntervals = False
386.7177 	INFO 	Mouse: using default window
388.6093 	DATA 	Keypress: h
389.6593 	DATA 	Keypress: z
389.7981 	EXP 	New trial (rep=0, index=11): {'leftStreamFlip': True, 'oneTarget': True, 'trialInstructionPos': (0, 1), 'probe': 'both', 'rightStreamFlip': True, 'horizVert': False, 'ISIframes': 4, 'rightResponseFirst': True}
389.8264 	INFO 	numtrials=360 and this trialDurFrames=6 or 100.0 ms  task=T1
390.9091 	EXP 	window1: recordFrameIntervals = False
390.9176 	INFO 	Mouse: using default window
392.1261 	DATA 	Keypress: g
392.2674 	EXP 	New trial (rep=1, index=0): {'leftStreamFlip': True, 'oneTarget': False, 'trialInstructionPos': (0, -1), 'probe': 'both', 'rightStreamFlip': True, 'horizVert': False, 'ISIframes': 4, 'rightResponseFirst': False}
392.2929 	INFO 	numtrials=360 and this trialDurFrames=6 or 100.0 ms  task=T1
393.4590 	EXP 	window1: recordFrameIntervals = False
393.4677 	INFO 	Mouse: using default window
395.5594 	DATA 	Keypress: r
396.8260 	DATA 	Keypress: u
396.9648 	EXP 	New trial (rep=1, index=1): {'leftStreamFlip': True, 'oneTarget': True, 'trialInstructionPos': (0, 1), 'probe': 'both', 'rightStreamFlip': True, 'horizVert': False, 'ISIframes': 4, 'rightResponseFirst': False}
396.9758 	INFO 	numtrials=360 and this trialDurFrames=6 or 100.0 ms  task=T1
398.2258 	EXP 	window1: recordFrameIntervals = False
398.2343 	INFO 	Mouse: using default window
399.4760 	DATA 	Keypress: g
399.6148 	EXP 	New trial (rep=1, index=2): {'leftStreamFlip': True, 'oneTarget': False, 'trialInstructionPos': (0, -1), 'probe': 'both', 'rightStreamFlip': True, 'horizVert': False, 'ISIframes': 4, 'rightResponseFirst': True}
399.6432 	INFO 	numtrials=360 and this trialDurFrames=6 or 100.0 ms  task=T1
400.7591 	EXP 	window1: recordFrameIntervals = False
400.7673 	INFO 	Mouse: using default window
402.1593 	DATA 	Keypress: u
402.9592 	DATA 	Keypress: i
403.1014 	EXP 	New trial (rep=1, index=3): {'leftStreamFlip': True, 'oneTarget': False, 'trialInstructionPos': (0, 1), 'probe': 'both', 'rightStreamFlip': True, 'horizVert': False, 'ISIframes': 4, 'rightResponseFirst': True}
403.1262 	INFO 	numtrials=360 and this trialDurFrames=6 or 100.0 ms  task=T1
404.3425 	EXP 	window1: recordFrameIntervals = False
404.3510 	INFO 	Mouse: using default window
406.3927 	DATA 	Keypress: n
407.2429 	DATA 	Keypress: y
407.3824 	EXP 	New trial (rep=1, index=4): {'leftStreamFlip': True, 'oneTarget': False, 'trialInstructionPos': (0, 1), 'probe': 'both', 'rightStreamFlip': True, 'horizVert': False, 'ISIframes': 4, 'rightResponseFirst': False}
407.4087 	INFO 	numtrials=360 and this trialDurFrames=5 or 83.3333333333 ms  task=T1
408.6090 	EXP 	window1: recordFrameIntervals = False
408.6177 	INFO 	Mouse: using default window
410.1263 	DATA 	Keypress: n
411.0426 	DATA 	Keypress: t
411.1838 	EXP 	New trial (rep=1, index=5): {'leftStreamFlip': True, 'oneTarget': False, 'trialInstructionPos': (0, 1), 'probe': 'both', 'rightStreamFlip': True, 'horizVert': False, 'ISIframes': 4, 'rightResponseFirst': False}
411.2087 	INFO 	numtrials=360 and this trialDurFrames=5 or 83.3333333333 ms  task=T1
412.2427 	EXP 	window1: recordFrameIntervals = False
412.2521 	INFO 	Mouse: using default window
414.8096 	DATA 	Keypress: i
415.5931 	DATA 	Keypress: n
415.7334 	EXP 	New trial (rep=1, index=6): {'leftStreamFlip': True, 'oneTarget': False, 'trialInstructionPos': (0, 1), 'probe': 'both', 'rightStreamFlip': True, 'horizVert': False, 'ISIframes': 4, 'rightResponseFirst': True}
415.7586 	INFO 	numtrials=360 and this trialDurFrames=5 or 83.3333333333 ms  task=T1
416.7590 	EXP 	window1: recordFrameIntervals = False
416.7676 	INFO 	Mouse: using default window
418.2930 	DATA 	Keypress: t
419.1759 	DATA 	Keypress: m
419.3164 	EXP 	New trial (rep=1, index=7): {'leftStreamFlip': True, 'oneTarget': False, 'trialInstructionPos': (0, -1), 'probe': 'both', 'rightStreamFlip': True, 'horizVert': False, 'ISIframes': 4, 'rightResponseFirst': False}
419.3422 	INFO 	numtrials=360 and this trialDurFrames=5 or 83.3333333333 ms  task=T1
420.5758 	EXP 	window1: recordFrameIntervals = False
420.5848 	INFO 	Mouse: using default window
422.0259 	DATA 	Keypress: g
422.4092 	DATA 	Keypress: s
422.5492 	EXP 	New trial (rep=1, index=8): {'leftStreamFlip': True, 'oneTarget': True, 'trialInstructionPos': (0, -1), 'probe': 'both', 'rightStreamFlip': True, 'horizVert': False, 'ISIframes': 4, 'rightResponseFirst': False}
422.5752 	INFO 	numtrials=360 and this trialDurFrames=5 or 83.3333333333 ms  task=T1
423.8090 	EXP 	window1: recordFrameIntervals = False
423.8176 	INFO 	Mouse: using default window
424.8427 	DATA 	Keypress: e
424.9816 	EXP 	New trial (rep=1, index=9): {'leftStreamFlip': True, 'oneTarget': False, 'trialInstructionPos': (0, -1), 'probe': 'both', 'rightStreamFlip': True, 'horizVert': False, 'ISIframes': 4, 'rightResponseFirst': True}
425.0096 	INFO 	numtrials=360 and this trialDurFrames=5 or 83.3333333333 ms  task=T1
426.1591 	EXP 	window1: recordFrameIntervals = False
426.1674 	INFO 	Mouse: using default window
427.6262 	DATA 	Keypress: y
428.4927 	DATA 	Keypress: n
428.6331 	EXP 	New trial (rep=1, index=10): {'leftStreamFlip': True, 'oneTarget': True, 'trialInstructionPos': (0, 1), 'probe': 'both', 'rightStreamFlip': True, 'horizVert': False, 'ISIframes': 4, 'rightResponseFirst': True}
428.6585 	INFO 	numtrials=360 and this trialDurFrames=5 or 83.3333333333 ms  task=T1
429.7090 	EXP 	window1: recordFrameIntervals = False
429.7180 	INFO 	Mouse: using default window
432.7091 	DATA 	Keypress: m
432.8474 	EXP 	New trial (rep=1, index=11): {'leftStreamFlip': True, 'oneTarget': True, 'trialInstructionPos': (0, -1), 'probe': 'both', 'rightStreamFlip': True, 'horizVert': False, 'ISIframes': 4, 'rightResponseFirst': True}
432.8589 	INFO 	numtrials=360 and this trialDurFrames=5 or 83.3333333333 ms  task=T1
433.9089 	EXP 	window1: recordFrameIntervals = False
433.9179 	INFO 	Mouse: using default window
434.9428 	DATA 	Keypress: t
435.0821 	EXP 	New trial (rep=2, index=0): {'leftStreamFlip': True, 'oneTarget': False, 'trialInstructionPos': (0, -1), 'probe': 'both', 'rightStreamFlip': True, 'horizVert': False, 'ISIframes': 4, 'rightResponseFirst': False}
435.1088 	INFO 	numtrials=360 and this trialDurFrames=6 or 100.0 ms  task=T1
436.3091 	EXP 	window1: recordFrameIntervals = False
436.3180 	INFO 	Mouse: using default window
437.6605 	DATA 	Keypress: e
438.4093 	DATA 	Keypress: a
438.5479 	EXP 	New trial (rep=2, index=1): {'leftStreamFlip': True, 'oneTarget': False, 'trialInstructionPos': (0, -1), 'probe': 'both', 'rightStreamFlip': True, 'horizVert': False, 'ISIframes': 4, 'rightResponseFirst': False}
438.5590 	INFO 	numtrials=360 and this trialDurFrames=6 or 100.0 ms  task=T1
439.6925 	EXP 	window1: recordFrameIntervals = False
439.7007 	INFO 	Mouse: using default window
440.8092 	DATA 	Keypress: s
441.1595 	DATA 	Keypress: s
441.2981 	EXP 	New trial (rep=2, index=2): {'leftStreamFlip': True, 'oneTarget': False, 'trialInstructionPos': (0, 1), 'probe': 'both', 'rightStreamFlip': True, 'horizVert': False, 'ISIframes': 4, 'rightResponseFirst': False}
441.3261 	INFO 	numtrials=360 and this trialDurFrames=6 or 100.0 ms  task=T1
442.4091 	EXP 	window1: recordFrameIntervals = False
442.4178 	INFO 	Mouse: using default window
443.5759 	DATA 	Keypress: z
444.2758 	DATA 	Keypress: k
444.4130 	EXP 	New trial (rep=2, index=3): {'leftStreamFlip': True, 'oneTarget': False, 'trialInstructionPos': (0, -1), 'probe': 'both', 'rightStreamFlip': True, 'horizVert': False, 'ISIframes': 4, 'rightResponseFirst': True}
444.4252 	INFO 	numtrials=360 and this trialDurFrames=6 or 100.0 ms  task=T1
445.6758 	EXP 	window1: recordFrameIntervals = False
445.6845 	INFO 	Mouse: using default window
446.8592 	DATA 	Keypress: z
447.8592 	DATA 	Keypress: h
447.9986 	EXP 	New trial (rep=2, index=4): {'leftStreamFlip': True, 'oneTarget': False, 'trialInstructionPos': (0, -1), 'probe': 'both', 'rightStreamFlip': True, 'horizVert': False, 'ISIframes': 4, 'rightResponseFirst': True}
448.0255 	INFO 	numtrials=360 and this trialDurFrames=5 or 83.3333333333 ms  task=T1
449.2090 	EXP 	window1: recordFrameIntervals = False
449.2177 	INFO 	Mouse: using default window
450.8427 	DATA 	Keypress: i
451.4593 	DATA 	Keypress: c
451.5988 	EXP 	New trial (rep=2, index=5): {'leftStreamFlip': True, 'oneTarget': True, 'trialInstructionPos': (0, 1), 'probe': 'both', 'rightStreamFlip': True, 'horizVert': False, 'ISIframes': 4, 'rightResponseFirst': True}
451.6260 	INFO 	numtrials=360 and this trialDurFrames=5 or 83.3333333333 ms  task=T1
452.6257 	EXP 	window1: recordFrameIntervals = False
452.6343 	INFO 	Mouse: using default window
453.6604 	DATA 	Keypress: m
453.7986 	EXP 	New trial (rep=2, index=6): {'leftStreamFlip': True, 'oneTarget': True, 'trialInstructionPos': (0, -1), 'probe': 'both', 'rightStreamFlip': True, 'horizVert': False, 'ISIframes': 4, 'rightResponseFirst': False}
453.8261 	INFO 	numtrials=360 and this trialDurFrames=5 or 83.3333333333 ms  task=T1
455.0257 	EXP 	window1: recordFrameIntervals = False
455.0338 	INFO 	Mouse: using default window
455.9926 	DATA 	Keypress: t
456.1320 	EXP 	New trial (rep=2, index=7): {'leftStreamFlip': True, 'oneTarget': True, 'trialInstructionPos': (0, 1), 'probe': 'both', 'rightStreamFlip': True, 'horizVert': False, 'ISIframes': 4, 'rightResponseFirst': False}
456.1588 	INFO 	numtrials=360 and this trialDurFrames=5 or 83.3333333333 ms  task=T1
457.2924 	EXP 	window1: recordFrameIntervals = False
457.3016 	INFO 	Mouse: using default window
458.3259 	DATA 	Keypress: u
458.4656 	EXP 	New trial (rep=2, index=8): {'leftStreamFlip': True, 'oneTarget': False, 'trialInstructionPos': (0, 1), 'probe': 'both', 'rightStreamFlip': True, 'horizVert': False, 'ISIframes': 4, 'rightResponseFirst': True}
458.4930 	INFO 	numtrials=360 and this trialDurFrames=5 or 83.3333333333 ms  task=T1
459.7091 	EXP 	window1: recordFrameIntervals = False
459.7177 	INFO 	Mouse: using default window
461.1759 	DATA 	Keypress: n
461.7426 	DATA 	Keypress: u
461.8823 	EXP 	New trial (rep=2, index=9): {'leftStreamFlip': True, 'oneTarget': False, 'trialInstructionPos': (0, 1), 'probe': 'both', 'rightStreamFlip': True, 'horizVert': False, 'ISIframes': 4, 'rightResponseFirst': True}
461.9088 	INFO 	numtrials=360 and this trialDurFrames=5 or 83.3333333333 ms  task=T1
462.9923 	EXP 	window1: recordFrameIntervals = False
463.0009 	INFO 	Mouse: using default window
465.6609 	DATA 	Keypress: i
466.2428 	DATA 	Keypress: t
466.3825 	EXP 	New trial (rep=2, index=10): {'leftStreamFlip': True, 'oneTarget': True, 'trialInstructionPos': (0, -1), 'probe': 'both', 'rightStreamFlip': True, 'horizVert': False, 'ISIframes': 4, 'rightResponseFirst': True}
466.4086 	INFO 	numtrials=360 and this trialDurFrames=5 or 83.3333333333 ms  task=T1
467.6257 	EXP 	window1: recordFrameIntervals = False
467.6343 	INFO 	Mouse: using default window
468.6427 	DATA 	Keypress: u
468.7819 	EXP 	New trial (rep=2, index=11): {'leftStreamFlip': True, 'oneTarget': False, 'trialInstructionPos': (0, 1), 'probe': 'both', 'rightStreamFlip': True, 'horizVert': False, 'ISIframes': 4, 'rightResponseFirst': False}
468.8086 	INFO 	numtrials=360 and this trialDurFrames=5 or 83.3333333333 ms  task=T1
470.0422 	EXP 	window1: recordFrameIntervals = False
470.0504 	INFO 	Mouse: using default window
472.2093 	DATA 	Keypress: y
473.6426 	DATA 	Keypress: e
473.7848 	EXP 	New trial (rep=3, index=0): {'leftStreamFlip': True, 'oneTarget': True, 'trialInstructionPos': (0, 1), 'probe': 'both', 'rightStreamFlip': True, 'horizVert': False, 'ISIframes': 4, 'rightResponseFirst': True}
473.8086 	INFO 	numtrials=360 and this trialDurFrames=5 or 83.3333333333 ms  task=T1
474.9589 	EXP 	window1: recordFrameIntervals = False
474.9672 	INFO 	Mouse: using default window
475.9592 	DATA 	Keypress: t
476.0982 	EXP 	New trial (rep=3, index=1): {'leftStreamFlip': True, 'oneTarget': False, 'trialInstructionPos': (0, 1), 'probe': 'both', 'rightStreamFlip': True, 'horizVert': False, 'ISIframes': 4, 'rightResponseFirst': False}
476.1258 	INFO 	numtrials=360 and this trialDurFrames=5 or 83.3333333333 ms  task=T1
477.3258 	EXP 	window1: recordFrameIntervals = False
477.3338 	INFO 	Mouse: using default window
478.5093 	DATA 	Keypress: z
478.8592 	DATA 	Keypress: z
478.9987 	EXP 	New trial (rep=3, index=2): {'leftStreamFlip': True, 'oneTarget': False, 'trialInstructionPos': (0, -1), 'probe': 'both', 'rightStreamFlip': True, 'horizVert': False, 'ISIframes': 4, 'rightResponseFirst': True}
479.0264 	INFO 	numtrials=360 and this trialDurFrames=5 or 83.3333333333 ms  task=T1
480.0425 	EXP 	window1: recordFrameIntervals = False
480.0509 	INFO 	Mouse: using default window
481.4760 	DATA 	Keypress: d
482.2259 	DATA 	Keypress: n
482.3660 	EXP 	New trial (rep=3, index=3): {'leftStreamFlip': True, 'oneTarget': False, 'trialInstructionPos': (0, -1), 'probe': 'both', 'rightStreamFlip': True, 'horizVert': False, 'ISIframes': 4, 'rightResponseFirst': True}
482.3919 	INFO 	numtrials=360 and this trialDurFrames=5 or 83.3333333333 ms  task=T1
483.5424 	EXP 	window1: recordFrameIntervals = False
483.5511 	INFO 	Mouse: using default window
485.0092 	DATA 	Keypress: y
485.8593 	DATA 	Keypress: a
485.9979 	EXP 	New trial (rep=3, index=4): {'leftStreamFlip': True, 'oneTarget': True, 'trialInstructionPos': (0, -1), 'probe': 'both', 'rightStreamFlip': True, 'horizVert': False, 'ISIframes': 4, 'rightResponseFirst': True}
486.0084 	INFO 	numtrials=360 and this trialDurFrames=5 or 83.3333333333 ms  task=T1
487.1756 	EXP 	window1: recordFrameIntervals = False
487.1842 	INFO 	Mouse: using default window
488.2592 	DATA 	Keypress: t
488.3982 	EXP 	New trial (rep=3, index=5): {'leftStreamFlip': True, 'oneTarget': False, 'trialInstructionPos': (0, 1), 'probe': 'both', 'rightStreamFlip': True, 'horizVert': False, 'ISIframes': 4, 'rightResponseFirst': False}
488.4262 	INFO 	numtrials=360 and this trialDurFrames=5 or 83.3333333333 ms  task=T1
489.4757 	EXP 	window1: recordFrameIntervals = False
489.4845 	INFO 	Mouse: using default window
491.3759 	DATA 	Keypress: t
491.8765 	DATA 	Keypress: z
492.0172 	EXP 	New trial (rep=3, index=6): {'leftStreamFlip': True, 'oneTarget': False, 'trialInstructionPos': (0, -1), 'probe': 'both', 'rightStreamFlip': True, 'horizVert': False, 'ISIframes': 4, 'rightResponseFirst': False}
492.0420 	INFO 	numtrials=360 and this trialDurFrames=5 or 83.3333333333 ms  task=T1
493.1756 	EXP 	window1: recordFrameIntervals = False
493.1847 	INFO 	Mouse: using default window
494.4426 	DATA 	Keypress: t
496.0259 	DATA 	Keypress: u
496.1662 	EXP 	New trial (rep=3, index=7): {'leftStreamFlip': True, 'oneTarget': True, 'trialInstructionPos': (0, 1), 'probe': 'both', 'rightStreamFlip': True, 'horizVert': False, 'ISIframes': 4, 'rightResponseFirst': False}
496.1919 	INFO 	numtrials=360 and this trialDurFrames=5 or 83.3333333333 ms  task=T1
497.3424 	EXP 	window1: recordFrameIntervals = False
497.3510 	INFO 	Mouse: using default window
498.5758 	DATA 	Keypress: k
498.7153 	EXP 	New trial (rep=3, index=8): {'leftStreamFlip': True, 'oneTarget': False, 'trialInstructionPos': (0, -1), 'probe': 'both', 'rightStreamFlip': True, 'horizVert': False, 'ISIframes': 4, 'rightResponseFirst': False}
498.7432 	INFO 	numtrials=360 and this trialDurFrames=5 or 83.3333333333 ms  task=T1
499.7589 	EXP 	window1: recordFrameIntervals = False
499.7675 	INFO 	Mouse: using default window
501.1592 	DATA 	Keypress: t
501.6603 	DATA 	Keypress: t
501.8176 	EXP 	New trial (rep=3, index=9): {'leftStreamFlip': True, 'oneTarget': True, 'trialInstructionPos': (0, -1), 'probe': 'both', 'rightStreamFlip': True, 'horizVert': False, 'ISIframes': 4, 'rightResponseFirst': False}
501.8419 	INFO 	numtrials=360 and this trialDurFrames=5 or 83.3333333333 ms  task=T1
502.8589 	EXP 	window1: recordFrameIntervals = False
502.8674 	INFO 	Mouse: using default window
503.9592 	DATA 	Keypress: t
504.0981 	EXP 	New trial (rep=3, index=10): {'leftStreamFlip': True, 'oneTarget': False, 'trialInstructionPos': (0, 1), 'probe': 'both', 'rightStreamFlip': True, 'horizVert': False, 'ISIframes': 4, 'rightResponseFirst': True}
504.1263 	INFO 	numtrials=360 and this trialDurFrames=5 or 83.3333333333 ms  task=T1
505.3091 	EXP 	window1: recordFrameIntervals = False
505.3176 	INFO 	Mouse: using default window
506.6259 	DATA 	Keypress: i
507.2092 	DATA 	Keypress: g
507.3491 	EXP 	New trial (rep=3, index=11): {'leftStreamFlip': True, 'oneTarget': False, 'trialInstructionPos': (0, 1), 'probe': 'both', 'rightStreamFlip': True, 'horizVert': False, 'ISIframes': 4, 'rightResponseFirst': True}
507.3754 	INFO 	numtrials=360 and this trialDurFrames=5 or 83.3333333333 ms  task=T1
508.5589 	EXP 	window1: recordFrameIntervals = False
508.5674 	INFO 	Mouse: using default window
509.8426 	DATA 	Keypress: m
510.4927 	DATA 	Keypress: r
510.6335 	EXP 	New trial (rep=4, index=0): {'leftStreamFlip': True, 'oneTarget': False, 'trialInstructionPos': (0, -1), 'probe': 'both', 'rightStreamFlip': True, 'horizVert': False, 'ISIframes': 4, 'rightResponseFirst': True}
510.6588 	INFO 	numtrials=360 and this trialDurFrames=5 or 83.3333333333 ms  task=T1
511.7756 	EXP 	window1: recordFrameIntervals = False
511.7841 	INFO 	Mouse: using default window
512.8260 	DATA 	Keypress: m
513.4258 	DATA 	Keypress: s
513.5659 	EXP 	New trial (rep=4, index=1): {'leftStreamFlip': True, 'oneTarget': False, 'trialInstructionPos': (0, 1), 'probe': 'both', 'rightStreamFlip': True, 'horizVert': False, 'ISIframes': 4, 'rightResponseFirst': True}
513.5919 	INFO 	numtrials=360 and this trialDurFrames=5 or 83.3333333333 ms  task=T1
514.7757 	EXP 	window1: recordFrameIntervals = False
514.7843 	INFO 	Mouse: using default window
515.9759 	DATA 	Keypress: i
516.4094 	DATA 	Keypress: u
516.5483 	EXP 	New trial (rep=4, index=2): {'leftStreamFlip': True, 'oneTarget': False, 'trialInstructionPos': (0, -1), 'probe': 'both', 'rightStreamFlip': True, 'horizVert': False, 'ISIframes': 4, 'rightResponseFirst': False}
516.5762 	INFO 	numtrials=360 and this trialDurFrames=5 or 83.3333333333 ms  task=T1
517.7424 	EXP 	window1: recordFrameIntervals = False
517.7512 	INFO 	Mouse: using default window
518.9757 	DATA 	Keypress: m
519.2425 	DATA 	Keypress: m
519.3857 	EXP 	New trial (rep=4, index=3): {'leftStreamFlip': True, 'oneTarget': True, 'trialInstructionPos': (0, -1), 'probe': 'both', 'rightStreamFlip': True, 'horizVert': False, 'ISIframes': 4, 'rightResponseFirst': True}
519.4090 	INFO 	numtrials=360 and this trialDurFrames=5 or 83.3333333333 ms  task=T1
520.6257 	EXP 	window1: recordFrameIntervals = False
520.6344 	INFO 	Mouse: using default window
521.6759 	DATA 	Keypress: t
521.8158 	EXP 	New trial (rep=4, index=4): {'leftStreamFlip': True, 'oneTarget': True, 'trialInstructionPos': (0, -1), 'probe': 'both', 'rightStreamFlip': True, 'horizVert': False, 'ISIframes': 4, 'rightResponseFirst': False}
521.8419 	INFO 	numtrials=360 and this trialDurFrames=5 or 83.3333333333 ms  task=T1
522.8922 	EXP 	window1: recordFrameIntervals = False
522.9005 	INFO 	Mouse: using default window
524.0438 	DATA 	Keypress: s
524.1837 	EXP 	New trial (rep=4, index=5): {'leftStreamFlip': True, 'oneTarget': False, 'trialInstructionPos': (0, 1), 'probe': 'both', 'rightStreamFlip': True, 'horizVert': False, 'ISIframes': 4, 'rightResponseFirst': False}
524.2086 	INFO 	numtrials=360 and this trialDurFrames=5 or 83.3333333333 ms  task=T1
525.2423 	EXP 	window1: recordFrameIntervals = False
525.2508 	INFO 	Mouse: using default window
526.8605 	DATA 	Keypress: y
527.3926 	DATA 	Keypress: i
527.5321 	EXP 	New trial (rep=4, index=6): {'leftStreamFlip': True, 'oneTarget': False, 'trialInstructionPos': (0, -1), 'probe': 'both', 'rightStreamFlip': True, 'horizVert': False, 'ISIframes': 4, 'rightResponseFirst': True}
527.5587 	INFO 	numtrials=360 and this trialDurFrames=5 or 83.3333333333 ms  task=T1
528.7589 	EXP 	window1: recordFrameIntervals = False
528.7668 	INFO 	Mouse: using default window
530.0258 	DATA 	Keypress: r
530.3591 	DATA 	Keypress: r
530.4988 	EXP 	New trial (rep=4, index=7): {'leftStreamFlip': True, 'oneTarget': False, 'trialInstructionPos': (0, 1), 'probe': 'both', 'rightStreamFlip': True, 'horizVert': False, 'ISIframes': 4, 'rightResponseFirst': True}
530.5251 	INFO 	numtrials=360 and this trialDurFrames=5 or 83.3333333333 ms  task=T1
531.6923 	EXP 	window1: recordFrameIntervals = False
531.7006 	INFO 	Mouse: using default window
535.3758 	DATA 	Keypress: n
535.6592 	DATA 	Keypress: i
535.8005 	EXP 	New trial (rep=4, index=8): {'leftStreamFlip': True, 'oneTarget': True, 'trialInstructionPos': (0, 1), 'probe': 'both', 'rightStreamFlip': True, 'horizVert': False, 'ISIframes': 4, 'rightResponseFirst': True}
535.8254 	INFO 	numtrials=360 and this trialDurFrames=5 or 83.3333333333 ms  task=T1
536.9430 	EXP 	window1: recordFrameIntervals = False
536.9514 	INFO 	Mouse: using default window
538.1761 	DATA 	Keypress: m
538.3135 	EXP 	New trial (rep=4, index=9): {'leftStreamFlip': True, 'oneTarget': False, 'trialInstructionPos': (0, 1), 'probe': 'both', 'rightStreamFlip': True, 'horizVert': False, 'ISIframes': 4, 'rightResponseFirst': False}
538.3258 	INFO 	numtrials=360 and this trialDurFrames=5 or 83.3333333333 ms  task=T1
539.5090 	EXP 	window1: recordFrameIntervals = False
539.5171 	INFO 	Mouse: using default window
541.2929 	DATA 	Keypress: y
541.6602 	DATA 	Keypress: e
541.8146 	EXP 	New trial (rep=4, index=10): {'leftStreamFlip': True, 'oneTarget': True, 'trialInstructionPos': (0, 1), 'probe': 'both', 'rightStreamFlip': True, 'horizVert': False, 'ISIframes': 4, 'rightResponseFirst': False}
541.8429 	INFO 	numtrials=360 and this trialDurFrames=5 or 83.3333333333 ms  task=T1
543.0756 	EXP 	window1: recordFrameIntervals = False
543.0842 	INFO 	Mouse: using default window
544.6263 	DATA 	Keypress: h
544.7663 	EXP 	New trial (rep=4, index=11): {'leftStreamFlip': True, 'oneTarget': False, 'trialInstructionPos': (0, -1), 'probe': 'both', 'rightStreamFlip': True, 'horizVert': False, 'ISIframes': 4, 'rightResponseFirst': False}
544.7928 	INFO 	numtrials=360 and this trialDurFrames=5 or 83.3333333333 ms  task=T1
545.7924 	EXP 	window1: recordFrameIntervals = False
545.8008 	INFO 	Mouse: using default window
547.2606 	DATA 	Keypress: c
547.7759 	DATA 	Keypress: h
547.9154 	EXP 	New trial (rep=5, index=0): {'leftStreamFlip': True, 'oneTarget': False, 'trialInstructionPos': (0, -1), 'probe': 'both', 'rightStreamFlip': True, 'horizVert': False, 'ISIframes': 4, 'rightResponseFirst': False}
547.9251 	INFO 	numtrials=360 and this trialDurFrames=5 or 83.3333333333 ms  task=T1
548.9924 	EXP 	window1: recordFrameIntervals = False
549.0007 	INFO 	Mouse: using default window
550.4427 	DATA 	Keypress: g
550.8770 	DATA 	Keypress: z
551.0160 	EXP 	New trial (rep=5, index=1): {'leftStreamFlip': True, 'oneTarget': True, 'trialInstructionPos': (0, 1), 'probe': 'both', 'rightStreamFlip': True, 'horizVert': False, 'ISIframes': 4, 'rightResponseFirst': True}
551.0420 	INFO 	numtrials=360 and this trialDurFrames=5 or 83.3333333333 ms  task=T1
552.1422 	EXP 	window1: recordFrameIntervals = False
552.1505 	INFO 	Mouse: using default window
553.2759 	DATA 	Keypress: h
553.4147 	EXP 	New trial (rep=5, index=2): {'leftStreamFlip': True, 'oneTarget': False, 'trialInstructionPos': (0, 1), 'probe': 'both', 'rightStreamFlip': True, 'horizVert': False, 'ISIframes': 4, 'rightResponseFirst': False}
553.4428 	INFO 	numtrials=360 and this trialDurFrames=5 or 83.3333333333 ms  task=T1
554.4422 	EXP 	window1: recordFrameIntervals = False
554.4505 	INFO 	Mouse: using default window
555.6608 	DATA 	Keypress: y
556.1093 	DATA 	Keypress: m
556.2464 	EXP 	New trial (rep=5, index=3): {'leftStreamFlip': True, 'oneTarget': False, 'trialInstructionPos': (0, -1), 'probe': 'both', 'rightStreamFlip': True, 'horizVert': False, 'ISIframes': 4, 'rightResponseFirst': True}
556.2579 	INFO 	numtrials=360 and this trialDurFrames=5 or 83.3333333333 ms  task=T1
557.4422 	EXP 	window1: recordFrameIntervals = False
557.4509 	INFO 	Mouse: using default window
558.6593 	DATA 	Keypress: s
559.1425 	DATA 	Keypress: g
559.2830 	EXP 	New trial (rep=5, index=4): {'leftStreamFlip': True, 'oneTarget': True, 'trialInstructionPos': (0, -1), 'probe': 'both', 'rightStreamFlip': True, 'horizVert': False, 'ISIframes': 4, 'rightResponseFirst': True}
559.3085 	INFO 	numtrials=360 and this trialDurFrames=5 or 83.3333333333 ms  task=T1
560.3924 	EXP 	window1: recordFrameIntervals = False
560.4015 	INFO 	Mouse: using default window
561.6091 	DATA 	Keypress: c
561.7479 	EXP 	New trial (rep=5, index=5): {'leftStreamFlip': True, 'oneTarget': False, 'trialInstructionPos': (0, -1), 'probe': 'both', 'rightStreamFlip': True, 'horizVert': False, 'ISIframes': 4, 'rightResponseFirst': True}
561.7761 	INFO 	numtrials=360 and this trialDurFrames=5 or 83.3333333333 ms  task=T1
562.9256 	EXP 	window1: recordFrameIntervals = False
562.9349 	INFO 	Mouse: using default window
564.6759 	DATA 	Keypress: c
565.2094 	DATA 	Keypress: z
565.3463 	EXP 	New trial (rep=5, index=6): {'leftStreamFlip': True, 'oneTarget': True, 'trialInstructionPos': (0, -1), 'probe': 'both', 'rightStreamFlip': True, 'horizVert': False, 'ISIframes': 4, 'rightResponseFirst': False}
565.3579 	INFO 	numtrials=360 and this trialDurFrames=5 or 83.3333333333 ms  task=T1
566.5590 	EXP 	window1: recordFrameIntervals = False
566.5676 	INFO 	Mouse: using default window
567.3926 	DATA 	Keypress: g
567.5316 	EXP 	New trial (rep=5, index=7): {'leftStreamFlip': True, 'oneTarget': False, 'trialInstructionPos': (0, 1), 'probe': 'both', 'rightStreamFlip': True, 'horizVert': False, 'ISIframes': 4, 'rightResponseFirst': True}
567.5586 	INFO 	numtrials=360 and this trialDurFrames=5 or 83.3333333333 ms  task=T1
568.6257 	EXP 	window1: recordFrameIntervals = False
568.6342 	INFO 	Mouse: using default window
569.6604 	DATA 	Keypress: i
570.1590 	DATA 	Keypress: e
570.2990 	EXP 	New trial (rep=5, index=8): {'leftStreamFlip': True, 'oneTarget': False, 'trialInstructionPos': (0, 1), 'probe': 'both', 'rightStreamFlip': True, 'horizVert': False, 'ISIframes': 4, 'rightResponseFirst': True}
570.3252 	INFO 	numtrials=360 and this trialDurFrames=5 or 83.3333333333 ms  task=T1
571.4923 	EXP 	window1: recordFrameIntervals = False
571.5006 	INFO 	Mouse: using default window
573.5759 	DATA 	Keypress: n
574.1096 	DATA 	Keypress: u
574.2486 	EXP 	New trial (rep=5, index=9): {'leftStreamFlip': True, 'oneTarget': True, 'trialInstructionPos': (0, 1), 'probe': 'both', 'rightStreamFlip': True, 'horizVert': False, 'ISIframes': 4, 'rightResponseFirst': False}
574.2751 	INFO 	numtrials=360 and this trialDurFrames=5 or 83.3333333333 ms  task=T1
575.4590 	EXP 	window1: recordFrameIntervals = False
575.4679 	INFO 	Mouse: using default window
576.2928 	DATA 	Keypress: y
576.4318 	EXP 	New trial (rep=5, index=10): {'leftStreamFlip': True, 'oneTarget': False, 'trialInstructionPos': (0, 1), 'probe': 'both', 'rightStreamFlip': True, 'horizVert': False, 'ISIframes': 4, 'rightResponseFirst': False}
576.4595 	INFO 	numtrials=360 and this trialDurFrames=5 or 83.3333333333 ms  task=T1
577.5924 	EXP 	window1: recordFrameIntervals = False
577.6009 	INFO 	Mouse: using default window
579.4425 	DATA 	Keypress: t
580.0762 	DATA 	Keypress: s
580.2153 	EXP 	New trial (rep=5, index=11): {'leftStreamFlip': True, 'oneTarget': False, 'trialInstructionPos': (0, -1), 'probe': 'both', 'rightStreamFlip': True, 'horizVert': False, 'ISIframes': 4, 'rightResponseFirst': False}
580.2418 	INFO 	numtrials=360 and this trialDurFrames=5 or 83.3333333333 ms  task=T1
581.4589 	EXP 	window1: recordFrameIntervals = False
581.4676 	INFO 	Mouse: using default window
582.8603 	DATA 	Keypress: m
583.4425 	DATA 	Keypress: i
583.5818 	EXP 	New trial (rep=6, index=0): {'leftStreamFlip': True, 'oneTarget': False, 'trialInstructionPos': (0, -1), 'probe': 'both', 'rightStreamFlip': True, 'horizVert': False, 'ISIframes': 4, 'rightResponseFirst': True}
583.6095 	INFO 	numtrials=360 and this trialDurFrames=5 or 83.3333333333 ms  task=T1
584.6423 	EXP 	window1: recordFrameIntervals = False
584.6506 	INFO 	Mouse: using default window
585.8925 	DATA 	Keypress: g
586.3092 	DATA 	Keypress: t
586.4486 	EXP 	New trial (rep=6, index=1): {'leftStreamFlip': True, 'oneTarget': False, 'trialInstructionPos': (0, -1), 'probe': 'both', 'rightStreamFlip': True, 'horizVert': False, 'ISIframes': 4, 'rightResponseFirst': False}
586.4752 	INFO 	numtrials=360 and this trialDurFrames=5 or 83.3333333333 ms  task=T1
587.5923 	EXP 	window1: recordFrameIntervals = False
587.6008 	INFO 	Mouse: using default window
588.9591 	DATA 	Keypress: g
589.3425 	DATA 	Keypress: a
589.4824 	EXP 	New trial (rep=6, index=2): {'leftStreamFlip': True, 'oneTarget': False, 'trialInstructionPos': (0, -1), 'probe': 'both', 'rightStreamFlip': True, 'horizVert': False, 'ISIframes': 4, 'rightResponseFirst': True}
589.5086 	INFO 	numtrials=360 and this trialDurFrames=5 or 83.3333333333 ms  task=T1
590.5422 	EXP 	window1: recordFrameIntervals = False
590.5504 	INFO 	Mouse: using default window
592.6758 	DATA 	Keypress: h
592.9758 	DATA 	Keypress: n
593.1158 	EXP 	New trial (rep=6, index=3): {'leftStreamFlip': True, 'oneTarget': False, 'trialInstructionPos': (0, 1), 'probe': 'both', 'rightStreamFlip': True, 'horizVert': False, 'ISIframes': 4, 'rightResponseFirst': True}
593.1418 	INFO 	numtrials=360 and this trialDurFrames=5 or 83.3333333333 ms  task=T1
594.1426 	EXP 	window1: recordFrameIntervals = False
594.1507 	INFO 	Mouse: using default window
595.9259 	DATA 	Keypress: d
596.6424 	DATA 	Keypress: g
596.7831 	EXP 	New trial (rep=6, index=4): {'leftStreamFlip': True, 'oneTarget': False, 'trialInstructionPos': (0, 1), 'probe': 'both', 'rightStreamFlip': True, 'horizVert': False, 'ISIframes': 4, 'rightResponseFirst': False}
596.8083 	INFO 	numtrials=360 and this trialDurFrames=5 or 83.3333333333 ms  task=T1
597.9922 	EXP 	window1: recordFrameIntervals = False
598.0007 	INFO 	Mouse: using default window
599.0593 	DATA 	Keypress: r
599.3924 	DATA 	Keypress: t
599.5323 	EXP 	New trial (rep=6, index=5): {'leftStreamFlip': True, 'oneTarget': False, 'trialInstructionPos': (0, 1), 'probe': 'both', 'rightStreamFlip': True, 'horizVert': False, 'ISIframes': 4, 'rightResponseFirst': False}
599.5585 	INFO 	numtrials=360 and this trialDurFrames=5 or 83.3333333333 ms  task=T1
600.6923 	EXP 	window1: recordFrameIntervals = False
600.7008 	INFO 	Mouse: using default window
601.9090 	DATA 	Keypress: g
602.2757 	DATA 	Keypress: e
602.4162 	EXP 	New trial (rep=6, index=6): {'leftStreamFlip': True, 'oneTarget': True, 'trialInstructionPos': (0, 1), 'probe': 'both', 'rightStreamFlip': True, 'horizVert': False, 'ISIframes': 4, 'rightResponseFirst': False}
602.4417 	INFO 	numtrials=360 and this trialDurFrames=5 or 83.3333333333 ms  task=T1
603.4756 	EXP 	window1: recordFrameIntervals = False
603.4841 	INFO 	Mouse: using default window
604.6593 	DATA 	Keypress: k
604.7973 	EXP 	New trial (rep=6, index=7): {'leftStreamFlip': True, 'oneTarget': False, 'trialInstructionPos': (0, -1), 'probe': 'both', 'rightStreamFlip': True, 'horizVert': False, 'ISIframes': 4, 'rightResponseFirst': False}
604.8085 	INFO 	numtrials=360 and this trialDurFrames=5 or 83.3333333333 ms  task=T1
605.8923 	EXP 	window1: recordFrameIntervals = False
605.9004 	INFO 	Mouse: using default window
607.2264 	DATA 	Keypress: t
607.6926 	DATA 	Keypress: z
607.8337 	EXP 	New trial (rep=6, index=8): {'leftStreamFlip': True, 'oneTarget': True, 'trialInstructionPos': (0, -1), 'probe': 'both', 'rightStreamFlip': True, 'horizVert': False, 'ISIframes': 4, 'rightResponseFirst': False}
607.8588 	INFO 	numtrials=360 and this trialDurFrames=5 or 83.3333333333 ms  task=T1
608.9422 	EXP 	window1: recordFrameIntervals = False
608.9505 	INFO 	Mouse: using default window
609.8924 	DATA 	Keypress: c
610.0321 	EXP 	New trial (rep=6, index=9): {'leftStreamFlip': True, 'oneTarget': False, 'trialInstructionPos': (0, 1), 'probe': 'both', 'rightStreamFlip': True, 'horizVert': False, 'ISIframes': 4, 'rightResponseFirst': True}
610.0595 	INFO 	numtrials=360 and this trialDurFrames=5 or 83.3333333333 ms  task=T1
611.1755 	EXP 	window1: recordFrameIntervals = False
611.1840 	INFO 	Mouse: using default window
613.4260 	DATA 	Keypress: z
614.1091 	DATA 	Keypress: c
614.2503 	EXP 	New trial (rep=6, index=10): {'leftStreamFlip': True, 'oneTarget': True, 'trialInstructionPos': (0, 1), 'probe': 'both', 'rightStreamFlip': True, 'horizVert': False, 'ISIframes': 4, 'rightResponseFirst': True}
614.2752 	INFO 	numtrials=360 and this trialDurFrames=5 or 83.3333333333 ms  task=T1
615.3756 	EXP 	window1: recordFrameIntervals = False
615.3842 	INFO 	Mouse: using default window
616.5927 	DATA 	Keypress: a
616.7343 	EXP 	New trial (rep=6, index=11): {'leftStreamFlip': True, 'oneTarget': True, 'trialInstructionPos': (0, -1), 'probe': 'both', 'rightStreamFlip': True, 'horizVert': False, 'ISIframes': 4, 'rightResponseFirst': True}
616.7583 	INFO 	numtrials=360 and this trialDurFrames=5 or 83.3333333333 ms  task=T1
617.9589 	EXP 	window1: recordFrameIntervals = False
617.9671 	INFO 	Mouse: using default window
619.1928 	DATA 	Keypress: r
619.3320 	EXP 	New trial (rep=7, index=0): {'leftStreamFlip': True, 'oneTarget': False, 'trialInstructionPos': (0, 1), 'probe': 'both', 'rightStreamFlip': True, 'horizVert': False, 'ISIframes': 4, 'rightResponseFirst': False}
619.3595 	INFO 	numtrials=360 and this trialDurFrames=5 or 83.3333333333 ms  task=T1
620.3755 	EXP 	window1: recordFrameIntervals = False
620.3840 	INFO 	Mouse: using default window
621.6090 	DATA 	Keypress: s
623.9092 	DATA 	Keypress: i
624.0481 	EXP 	New trial (rep=7, index=1): {'leftStreamFlip': True, 'oneTarget': False, 'trialInstructionPos': (0, -1), 'probe': 'both', 'rightStreamFlip': True, 'horizVert': False, 'ISIframes': 4, 'rightResponseFirst': False}
624.0762 	INFO 	numtrials=360 and this trialDurFrames=5 or 83.3333333333 ms  task=T1
625.2921 	EXP 	window1: recordFrameIntervals = False
625.3006 	INFO 	Mouse: using default window
626.4453 	DATA 	Keypress: z
626.9424 	DATA 	Keypress: r
627.0832 	EXP 	New trial (rep=7, index=2): {'leftStreamFlip': True, 'oneTarget': True, 'trialInstructionPos': (0, -1), 'probe': 'both', 'rightStreamFlip': True, 'horizVert': False, 'ISIframes': 4, 'rightResponseFirst': True}
627.1090 	INFO 	numtrials=360 and this trialDurFrames=5 or 83.3333333333 ms  task=T1
628.1589 	EXP 	window1: recordFrameIntervals = False
628.1672 	INFO 	Mouse: using default window
629.5758 	DATA 	Keypress: s
629.7171 	EXP 	New trial (rep=7, index=3): {'leftStreamFlip': True, 'oneTarget': False, 'trialInstructionPos': (0, 1), 'probe': 'both', 'rightStreamFlip': True, 'horizVert': False, 'ISIframes': 4, 'rightResponseFirst': True}
629.7429 	INFO 	numtrials=360 and this trialDurFrames=5 or 83.3333333333 ms  task=T1
630.8256 	EXP 	window1: recordFrameIntervals = False
630.8339 	INFO 	Mouse: using default window
631.9091 	DATA 	Keypress: t
632.3424 	DATA 	Keypress: c
632.5391 	EXP 	New trial (rep=7, index=4): {'leftStreamFlip': True, 'oneTarget': False, 'trialInstructionPos': (0, 1), 'probe': 'both', 'rightStreamFlip': True, 'horizVert': False, 'ISIframes': 4, 'rightResponseFirst': True}
632.5583 	INFO 	numtrials=360 and this trialDurFrames=5 or 83.3333333333 ms  task=T1
633.6589 	EXP 	window1: recordFrameIntervals = False
633.6675 	INFO 	Mouse: using default window
637.6092 	DATA 	Keypress: t
640.3424 	DATA 	Keypress: k
640.4827 	EXP 	New trial (rep=7, index=5): {'leftStreamFlip': True, 'oneTarget': True, 'trialInstructionPos': (0, 1), 'probe': 'both', 'rightStreamFlip': True, 'horizVert': False, 'ISIframes': 4, 'rightResponseFirst': True}
640.5085 	INFO 	numtrials=360 and this trialDurFrames=5 or 83.3333333333 ms  task=T1
641.5756 	EXP 	window1: recordFrameIntervals = False
641.5841 	INFO 	Mouse: using default window
642.8925 	DATA 	Keypress: j
643.0315 	EXP 	New trial (rep=7, index=6): {'leftStreamFlip': True, 'oneTarget': True, 'trialInstructionPos': (0, -1), 'probe': 'both', 'rightStreamFlip': True, 'horizVert': False, 'ISIframes': 4, 'rightResponseFirst': False}
643.0582 	INFO 	numtrials=360 and this trialDurFrames=5 or 83.3333333333 ms  task=T1
644.2422 	EXP 	window1: recordFrameIntervals = False
644.2504 	INFO 	Mouse: using default window
645.6926 	DATA 	Keypress: f
645.8316 	EXP 	New trial (rep=7, index=7): {'leftStreamFlip': True, 'oneTarget': False, 'trialInstructionPos': (0, -1), 'probe': 'both', 'rightStreamFlip': True, 'horizVert': False, 'ISIframes': 4, 'rightResponseFirst': False}
645.8596 	INFO 	numtrials=360 and this trialDurFrames=5 or 83.3333333333 ms  task=T1
646.9089 	EXP 	window1: recordFrameIntervals = False
646.9176 	INFO 	Mouse: using default window
648.0757 	DATA 	Keypress: y
648.5925 	DATA 	Keypress: n
648.7314 	EXP 	New trial (rep=7, index=8): {'leftStreamFlip': True, 'oneTarget': True, 'trialInstructionPos': (0, 1), 'probe': 'both', 'rightStreamFlip': True, 'horizVert': False, 'ISIframes': 4, 'rightResponseFirst': False}
648.7594 	INFO 	numtrials=360 and this trialDurFrames=5 or 83.3333333333 ms  task=T1
649.9425 	EXP 	window1: recordFrameIntervals = False
649.9506 	INFO 	Mouse: using default window
651.0257 	DATA 	Keypress: e
651.1656 	EXP 	New trial (rep=7, index=9): {'leftStreamFlip': True, 'oneTarget': False, 'trialInstructionPos': (0, -1), 'probe': 'both', 'rightStreamFlip': True, 'horizVert': False, 'ISIframes': 4, 'rightResponseFirst': True}
651.1928 	INFO 	numtrials=360 and this trialDurFrames=5 or 83.3333333333 ms  task=T1
652.1922 	EXP 	window1: recordFrameIntervals = False
652.2007 	INFO 	Mouse: using default window
653.6603 	DATA 	Keypress: d
654.0424 	DATA 	Keypress: r
654.1823 	EXP 	New trial (rep=7, index=10): {'leftStreamFlip': True, 'oneTarget': False, 'trialInstructionPos': (0, 1), 'probe': 'both', 'rightStreamFlip': True, 'horizVert': False, 'ISIframes': 4, 'rightResponseFirst': False}
654.2084 	INFO 	numtrials=360 and this trialDurFrames=5 or 83.3333333333 ms  task=T1
655.2756 	EXP 	window1: recordFrameIntervals = False
655.2840 	INFO 	Mouse: using default window
658.2424 	DATA 	Keypress: i
660.8603 	DATA 	Keypress: c
661.0158 	EXP 	New trial (rep=7, index=11): {'leftStreamFlip': True, 'oneTarget': False, 'trialInstructionPos': (0, -1), 'probe': 'both', 'rightStreamFlip': True, 'horizVert': False, 'ISIframes': 4, 'rightResponseFirst': True}
661.0421 	INFO 	numtrials=360 and this trialDurFrames=5 or 83.3333333333 ms  task=T1
662.0423 	EXP 	window1: recordFrameIntervals = False
662.0508 	INFO 	Mouse: using default window
664.5924 	DATA 	Keypress: y
664.8927 	DATA 	Keypress: y
665.0292 	EXP 	New trial (rep=8, index=0): {'leftStreamFlip': True, 'oneTarget': True, 'trialInstructionPos': (0, 1), 'probe': 'both', 'rightStreamFlip': True, 'horizVert': False, 'ISIframes': 4, 'rightResponseFirst': True}
665.0413 	INFO 	numtrials=360 and this trialDurFrames=5 or 83.3333333333 ms  task=T1
666.1922 	EXP 	window1: recordFrameIntervals = False
666.2007 	INFO 	Mouse: using default window
667.3258 	DATA 	Keypress: e
667.4658 	EXP 	New trial (rep=8, index=1): {'leftStreamFlip': True, 'oneTarget': False, 'trialInstructionPos': (0, -1), 'probe': 'both', 'rightStreamFlip': True, 'horizVert': False, 'ISIframes': 4, 'rightResponseFirst': False}
667.4919 	INFO 	numtrials=360 and this trialDurFrames=5 or 83.3333333333 ms  task=T1
668.4924 	EXP 	window1: recordFrameIntervals = False
668.5012 	INFO 	Mouse: using default window
670.5425 	DATA 	Keypress: u
671.3092 	DATA 	Keypress: n
671.4487 	EXP 	New trial (rep=8, index=2): {'leftStreamFlip': True, 'oneTarget': False, 'trialInstructionPos': (0, -1), 'probe': 'both', 'rightStreamFlip': True, 'horizVert': False, 'ISIframes': 4, 'rightResponseFirst': False}
671.4753 	INFO 	numtrials=360 and this trialDurFrames=5 or 83.3333333333 ms  task=T1
672.7089 	EXP 	window1: recordFrameIntervals = False
672.7171 	INFO 	Mouse: using default window
673.9258 	DATA 	Keypress: t
674.4437 	DATA 	Keypress: u
674.5980 	EXP 	New trial (rep=8, index=3): {'leftStreamFlip': True, 'oneTarget': False, 'trialInstructionPos': (0, 1), 'probe': 'both', 'rightStreamFlip': True, 'horizVert': False, 'ISIframes': 4, 'rightResponseFirst': True}
674.6092 	INFO 	numtrials=360 and this trialDurFrames=5 or 83.3333333333 ms  task=T1
675.7262 	EXP 	window1: recordFrameIntervals = False
675.7341 	INFO 	Mouse: using default window
677.2426 	DATA 	Keypress: d
677.7423 	DATA 	Keypress: t
677.8825 	EXP 	New trial (rep=8, index=4): {'leftStreamFlip': True, 'oneTarget': False, 'trialInstructionPos': (0, 1), 'probe': 'both', 'rightStreamFlip': True, 'horizVert': False, 'ISIframes': 4, 'rightResponseFirst': True}
677.9084 	INFO 	numtrials=360 and this trialDurFrames=5 or 83.3333333333 ms  task=T1
678.9755 	EXP 	window1: recordFrameIntervals = False
678.9843 	INFO 	Mouse: using default window
680.1257 	DATA 	Keypress: n
680.5258 	DATA 	Keypress: m
680.6657 	EXP 	New trial (rep=8, index=5): {'leftStreamFlip': True, 'oneTarget': False, 'trialInstructionPos': (0, -1), 'probe': 'both', 'rightStreamFlip': True, 'horizVert': False, 'ISIframes': 4, 'rightResponseFirst': True}
680.6919 	INFO 	numtrials=360 and this trialDurFrames=5 or 83.3333333333 ms  task=T1
681.8423 	EXP 	window1: recordFrameIntervals = False
681.8507 	INFO 	Mouse: using default window
682.9758 	DATA 	Keypress: r
683.3257 	DATA 	Keypress: s
683.4660 	EXP 	New trial (rep=8, index=6): {'leftStreamFlip': True, 'oneTarget': True, 'trialInstructionPos': (0, -1), 'probe': 'both', 'rightStreamFlip': True, 'horizVert': False, 'ISIframes': 4, 'rightResponseFirst': True}
683.4918 	INFO 	numtrials=360 and this trialDurFrames=5 or 83.3333333333 ms  task=T1
684.5588 	EXP 	window1: recordFrameIntervals = False
684.5672 	INFO 	Mouse: using default window
687.9925 	DATA 	Keypress: n
688.1316 	EXP 	New trial (rep=8, index=7): {'leftStreamFlip': True, 'oneTarget': True, 'trialInstructionPos': (0, -1), 'probe': 'both', 'rightStreamFlip': True, 'horizVert': False, 'ISIframes': 4, 'rightResponseFirst': False}
688.1595 	INFO 	numtrials=360 and this trialDurFrames=5 or 83.3333333333 ms  task=T1
689.2255 	EXP 	window1: recordFrameIntervals = False
689.2338 	INFO 	Mouse: using default window
690.0442 	DATA 	Keypress: k
690.1974 	EXP 	New trial (rep=8, index=8): {'leftStreamFlip': True, 'oneTarget': True, 'trialInstructionPos': (0, 1), 'probe': 'both', 'rightStreamFlip': True, 'horizVert': False, 'ISIframes': 4, 'rightResponseFirst': False}
690.2265 	INFO 	numtrials=360 and this trialDurFrames=5 or 83.3333333333 ms  task=T1
691.4255 	EXP 	window1: recordFrameIntervals = False
691.4339 	INFO 	Mouse: using default window
692.4430 	DATA 	Keypress: a
692.5800 	EXP 	New trial (rep=8, index=9): {'leftStreamFlip': True, 'oneTarget': False, 'trialInstructionPos': (0, 1), 'probe': 'both', 'rightStreamFlip': True, 'horizVert': False, 'ISIframes': 4, 'rightResponseFirst': False}
692.5916 	INFO 	numtrials=360 and this trialDurFrames=5 or 83.3333333333 ms  task=T1
693.8089 	EXP 	window1: recordFrameIntervals = False
693.8173 	INFO 	Mouse: using default window
695.0591 	DATA 	Keypress: i
695.4923 	DATA 	Keypress: z
695.6331 	EXP 	New trial (rep=8, index=10): {'leftStreamFlip': True, 'oneTarget': False, 'trialInstructionPos': (0, 1), 'probe': 'both', 'rightStreamFlip': True, 'horizVert': False, 'ISIframes': 4, 'rightResponseFirst': False}
695.6584 	INFO 	numtrials=360 and this trialDurFrames=5 or 83.3333333333 ms  task=T1
696.8425 	EXP 	window1: recordFrameIntervals = False
696.8505 	INFO 	Mouse: using default window
698.1591 	DATA 	Keypress: m
698.5756 	DATA 	Keypress: t
698.7196 	EXP 	New trial (rep=8, index=11): {'leftStreamFlip': True, 'oneTarget': False, 'trialInstructionPos': (0, -1), 'probe': 'both', 'rightStreamFlip': True, 'horizVert': False, 'ISIframes': 4, 'rightResponseFirst': True}
698.7415 	INFO 	numtrials=360 and this trialDurFrames=5 or 83.3333333333 ms  task=T1
699.8088 	EXP 	window1: recordFrameIntervals = False
699.8175 	INFO 	Mouse: using default window
701.0756 	DATA 	Keypress: n
701.5424 	DATA 	Keypress: s
701.6840 	EXP 	New trial (rep=9, index=0): {'leftStreamFlip': True, 'oneTarget': False, 'trialInstructionPos': (0, 1), 'probe': 'both', 'rightStreamFlip': True, 'horizVert': False, 'ISIframes': 4, 'rightResponseFirst': True}
701.7083 	INFO 	numtrials=360 and this trialDurFrames=5 or 83.3333333333 ms  task=T1
702.8755 	EXP 	window1: recordFrameIntervals = False
702.8839 	INFO 	Mouse: using default window
704.9758 	DATA 	Keypress: i
705.3923 	DATA 	Keypress: s
705.5317 	EXP 	New trial (rep=9, index=1): {'leftStreamFlip': True, 'oneTarget': False, 'trialInstructionPos': (0, -1), 'probe': 'both', 'rightStreamFlip': True, 'horizVert': False, 'ISIframes': 4, 'rightResponseFirst': True}
705.5582 	INFO 	numtrials=360 and this trialDurFrames=5 or 83.3333333333 ms  task=T1
706.7922 	EXP 	window1: recordFrameIntervals = False
706.8005 	INFO 	Mouse: using default window
707.9591 	DATA 	Keypress: e
708.4259 	DATA 	Keypress: h
708.5666 	EXP 	New trial (rep=9, index=2): {'leftStreamFlip': True, 'oneTarget': False, 'trialInstructionPos': (0, 1), 'probe': 'both', 'rightStreamFlip': True, 'horizVert': False, 'ISIframes': 4, 'rightResponseFirst': False}
708.5917 	INFO 	numtrials=360 and this trialDurFrames=5 or 83.3333333333 ms  task=T1
709.7588 	EXP 	window1: recordFrameIntervals = False
709.7673 	INFO 	Mouse: using default window
712.4090 	DATA 	Keypress: h
712.7595 	DATA 	Keypress: e
712.8988 	EXP 	New trial (rep=9, index=3): {'leftStreamFlip': True, 'oneTarget': False, 'trialInstructionPos': (0, -1), 'probe': 'both', 'rightStreamFlip': True, 'horizVert': False, 'ISIframes': 4, 'rightResponseFirst': False}
712.9260 	INFO 	numtrials=360 and this trialDurFrames=5 or 83.3333333333 ms  task=T1
714.0587 	EXP 	window1: recordFrameIntervals = False
714.0675 	INFO 	Mouse: using default window
715.2257 	DATA 	Keypress: e
715.5924 	DATA 	Keypress: r
715.7319 	EXP 	New trial (rep=9, index=4): {'leftStreamFlip': True, 'oneTarget': False, 'trialInstructionPos': (0, 1), 'probe': 'both', 'rightStreamFlip': True, 'horizVert': False, 'ISIframes': 4, 'rightResponseFirst': True}
715.7422 	INFO 	numtrials=360 and this trialDurFrames=5 or 83.3333333333 ms  task=T1
716.9254 	EXP 	window1: recordFrameIntervals = False
716.9337 	INFO 	Mouse: using default window
718.4258 	DATA 	Keypress: n
718.7924 	DATA 	Keypress: r
718.9334 	EXP 	New trial (rep=9, index=5): {'leftStreamFlip': True, 'oneTarget': True, 'trialInstructionPos': (0, 1), 'probe': 'both', 'rightStreamFlip': True, 'horizVert': False, 'ISIframes': 4, 'rightResponseFirst': False}
718.9585 	INFO 	numtrials=360 and this trialDurFrames=5 or 83.3333333333 ms  task=T1
720.1922 	EXP 	window1: recordFrameIntervals = False
720.2011 	INFO 	Mouse: using default window
721.5256 	DATA 	Keypress: m
721.6645 	EXP 	New trial (rep=9, index=6): {'leftStreamFlip': True, 'oneTarget': False, 'trialInstructionPos': (0, 1), 'probe': 'both', 'rightStreamFlip': True, 'horizVert': False, 'ISIframes': 4, 'rightResponseFirst': False}
721.6929 	INFO 	numtrials=360 and this trialDurFrames=5 or 83.3333333333 ms  task=T1
722.8421 	EXP 	window1: recordFrameIntervals = False
722.8506 	INFO 	Mouse: using default window
724.6926 	DATA 	Keypress: t
725.2256 	DATA 	Keypress: s
725.3670 	EXP 	New trial (rep=9, index=7): {'leftStreamFlip': True, 'oneTarget': False, 'trialInstructionPos': (0, -1), 'probe': 'both', 'rightStreamFlip': True, 'horizVert': False, 'ISIframes': 4, 'rightResponseFirst': True}
725.3917 	INFO 	numtrials=360 and this trialDurFrames=5 or 83.3333333333 ms  task=T1
726.3921 	EXP 	window1: recordFrameIntervals = False
726.4007 	INFO 	Mouse: using default window
729.4425 	DATA 	Keypress: g
730.5423 	DATA 	Keypress: r
730.6822 	EXP 	New trial (rep=9, index=8): {'leftStreamFlip': True, 'oneTarget': True, 'trialInstructionPos': (0, -1), 'probe': 'both', 'rightStreamFlip': True, 'horizVert': False, 'ISIframes': 4, 'rightResponseFirst': True}
730.7082 	INFO 	numtrials=360 and this trialDurFrames=5 or 83.3333333333 ms  task=T1
731.7922 	EXP 	window1: recordFrameIntervals = False
731.8006 	INFO 	Mouse: using default window
733.6436 	DATA 	Keypress: e
733.7972 	EXP 	New trial (rep=9, index=9): {'leftStreamFlip': True, 'oneTarget': False, 'trialInstructionPos': (0, -1), 'probe': 'both', 'rightStreamFlip': True, 'horizVert': False, 'ISIframes': 4, 'rightResponseFirst': False}
733.8083 	INFO 	numtrials=360 and this trialDurFrames=5 or 83.3333333333 ms  task=T1
734.8255 	EXP 	window1: recordFrameIntervals = False
734.8342 	INFO 	Mouse: using default window
735.9924 	DATA 	Keypress: i
736.6926 	DATA 	Keypress: c
736.8319 	EXP 	New trial (rep=9, index=10): {'leftStreamFlip': True, 'oneTarget': True, 'trialInstructionPos': (0, -1), 'probe': 'both', 'rightStreamFlip': True, 'horizVert': False, 'ISIframes': 4, 'rightResponseFirst': False}
736.8583 	INFO 	numtrials=360 and this trialDurFrames=5 or 83.3333333333 ms  task=T1
737.9088 	EXP 	window1: recordFrameIntervals = False
737.9170 	INFO 	Mouse: using default window
739.1089 	DATA 	Keypress: r
739.2491 	EXP 	New trial (rep=9, index=11): {'leftStreamFlip': True, 'oneTarget': True, 'trialInstructionPos': (0, 1), 'probe': 'both', 'rightStreamFlip': True, 'horizVert': False, 'ISIframes': 4, 'rightResponseFirst': True}
739.2749 	INFO 	numtrials=360 and this trialDurFrames=5 or 83.3333333333 ms  task=T1
740.4588 	EXP 	window1: recordFrameIntervals = False
740.4673 	INFO 	Mouse: using default window
742.5258 	DATA 	Keypress: s
742.6641 	EXP 	New trial (rep=10, index=0): {'leftStreamFlip': True, 'oneTarget': False, 'trialInstructionPos': (0, -1), 'probe': 'both', 'rightStreamFlip': True, 'horizVert': False, 'ISIframes': 4, 'rightResponseFirst': False}
742.6760 	INFO 	numtrials=360 and this trialDurFrames=5 or 83.3333333333 ms  task=T1
743.6755 	EXP 	window1: recordFrameIntervals = False
743.6840 	INFO 	Mouse: using default window
745.0257 	DATA 	Keypress: h
745.7256 	DATA 	Keypress: e
745.8673 	EXP 	New trial (rep=10, index=1): {'leftStreamFlip': True, 'oneTarget': True, 'trialInstructionPos': (0, 1), 'probe': 'both', 'rightStreamFlip': True, 'horizVert': False, 'ISIframes': 4, 'rightResponseFirst': True}
745.8917 	INFO 	numtrials=360 and this trialDurFrames=5 or 83.3333333333 ms  task=T1
746.9755 	EXP 	window1: recordFrameIntervals = False
746.9838 	INFO 	Mouse: using default window
748.3756 	DATA 	Keypress: r
748.5150 	EXP 	New trial (rep=10, index=2): {'leftStreamFlip': True, 'oneTarget': False, 'trialInstructionPos': (0, 1), 'probe': 'both', 'rightStreamFlip': True, 'horizVert': False, 'ISIframes': 4, 'rightResponseFirst': True}
748.5427 	INFO 	numtrials=360 and this trialDurFrames=5 or 83.3333333333 ms  task=T1
749.6255 	EXP 	window1: recordFrameIntervals = False
749.6341 	INFO 	Mouse: using default window
751.1423 	DATA 	Keypress: r
751.5424 	DATA 	Keypress: r
751.6821 	EXP 	New trial (rep=10, index=3): {'leftStreamFlip': True, 'oneTarget': False, 'trialInstructionPos': (0, 1), 'probe': 'both', 'rightStreamFlip': True, 'horizVert': False, 'ISIframes': 4, 'rightResponseFirst': True}
751.7083 	INFO 	numtrials=360 and this trialDurFrames=5 or 83.3333333333 ms  task=T1
752.8254 	EXP 	window1: recordFrameIntervals = False
752.8338 	INFO 	Mouse: using default window
753.9590 	DATA 	Keypress: n
754.4759 	DATA 	Keypress: z
754.6156 	EXP 	New trial (rep=10, index=4): {'leftStreamFlip': True, 'oneTarget': True, 'trialInstructionPos': (0, 1), 'probe': 'both', 'rightStreamFlip': True, 'horizVert': False, 'ISIframes': 4, 'rightResponseFirst': False}
754.6415 	INFO 	numtrials=360 and this trialDurFrames=5 or 83.3333333333 ms  task=T1
755.8255 	EXP 	window1: recordFrameIntervals = False
755.8333 	INFO 	Mouse: using default window
756.8925 	DATA 	Keypress: z
757.0316 	EXP 	New trial (rep=10, index=5): {'leftStreamFlip': True, 'oneTarget': True, 'trialInstructionPos': (0, -1), 'probe': 'both', 'rightStreamFlip': True, 'horizVert': False, 'ISIframes': 4, 'rightResponseFirst': True}
757.0595 	INFO 	numtrials=360 and this trialDurFrames=5 or 83.3333333333 ms  task=T1
758.1754 	EXP 	window1: recordFrameIntervals = False
758.1840 	INFO 	Mouse: using default window
760.0090 	DATA 	Keypress: m
760.1488 	EXP 	New trial (rep=10, index=6): {'leftStreamFlip': True, 'oneTarget': True, 'trialInstructionPos': (0, -1), 'probe': 'both', 'rightStreamFlip': True, 'horizVert': False, 'ISIframes': 4, 'rightResponseFirst': False}
760.1762 	INFO 	numtrials=360 and this trialDurFrames=5 or 83.3333333333 ms  task=T1
761.3589 	EXP 	window1: recordFrameIntervals = False
761.3679 	INFO 	Mouse: using default window
762.5096 	DATA 	Keypress: h
762.6492 	EXP 	New trial (rep=10, index=7): {'leftStreamFlip': True, 'oneTarget': False, 'trialInstructionPos': (0, 1), 'probe': 'both', 'rightStreamFlip': True, 'horizVert': False, 'ISIframes': 4, 'rightResponseFirst': False}
762.6750 	INFO 	numtrials=360 and this trialDurFrames=5 or 83.3333333333 ms  task=T1
763.6922 	EXP 	window1: recordFrameIntervals = False
763.7006 	INFO 	Mouse: using default window
765.0256 	DATA 	Keypress: f
765.3590 	DATA 	Keypress: d
765.4979 	EXP 	New trial (rep=10, index=8): {'leftStreamFlip': True, 'oneTarget': False, 'trialInstructionPos': (0, -1), 'probe': 'both', 'rightStreamFlip': True, 'horizVert': False, 'ISIframes': 4, 'rightResponseFirst': True}
765.5258 	INFO 	numtrials=360 and this trialDurFrames=5 or 83.3333333333 ms  task=T1
766.6920 	EXP 	window1: recordFrameIntervals = False
766.7005 	INFO 	Mouse: using default window
768.0263 	DATA 	Keypress: y
768.3590 	DATA 	Keypress: t
768.5002 	EXP 	New trial (rep=10, index=9): {'leftStreamFlip': True, 'oneTarget': False, 'trialInstructionPos': (0, -1), 'probe': 'both', 'rightStreamFlip': True, 'horizVert': False, 'ISIframes': 4, 'rightResponseFirst': False}
768.5250 	INFO 	numtrials=360 and this trialDurFrames=5 or 83.3333333333 ms  task=T1
769.6421 	EXP 	window1: recordFrameIntervals = False
769.6500 	INFO 	Mouse: using default window
771.3589 	DATA 	Keypress: k
772.2091 	DATA 	Keypress: j
772.3500 	EXP 	New trial (rep=10, index=10): {'leftStreamFlip': True, 'oneTarget': False, 'trialInstructionPos': (0, 1), 'probe': 'both', 'rightStreamFlip': True, 'horizVert': False, 'ISIframes': 4, 'rightResponseFirst': False}
772.3748 	INFO 	numtrials=360 and this trialDurFrames=5 or 83.3333333333 ms  task=T1
773.4920 	EXP 	window1: recordFrameIntervals = False
773.5004 	INFO 	Mouse: using default window
774.8758 	DATA 	Keypress: u
775.8256 	DATA 	Keypress: n
775.9646 	EXP 	New trial (rep=10, index=11): {'leftStreamFlip': True, 'oneTarget': False, 'trialInstructionPos': (0, -1), 'probe': 'both', 'rightStreamFlip': True, 'horizVert': False, 'ISIframes': 4, 'rightResponseFirst': True}
775.9916 	INFO 	numtrials=360 and this trialDurFrames=5 or 83.3333333333 ms  task=T1
777.0420 	EXP 	window1: recordFrameIntervals = False
777.0500 	INFO 	Mouse: using default window
778.3258 	DATA 	Keypress: i
778.9090 	DATA 	Keypress: n
779.0491 	EXP 	New trial (rep=11, index=0): {'leftStreamFlip': True, 'oneTarget': False, 'trialInstructionPos': (0, 1), 'probe': 'both', 'rightStreamFlip': True, 'horizVert': False, 'ISIframes': 4, 'rightResponseFirst': True}
779.0746 	INFO 	numtrials=360 and this trialDurFrames=5 or 83.3333333333 ms  task=T1
780.2753 	EXP 	window1: recordFrameIntervals = False
780.2838 	INFO 	Mouse: using default window
781.5091 	DATA 	Keypress: i
781.9757 	DATA 	Keypress: s
782.1164 	EXP 	New trial (rep=11, index=1): {'leftStreamFlip': True, 'oneTarget': False, 'trialInstructionPos': (0, -1), 'probe': 'both', 'rightStreamFlip': True, 'horizVert': False, 'ISIframes': 4, 'rightResponseFirst': True}
782.1413 	INFO 	numtrials=360 and this trialDurFrames=5 or 83.3333333333 ms  task=T1
783.3422 	EXP 	window1: recordFrameIntervals = False
783.3514 	INFO 	Mouse: using default window
784.4760 	DATA 	Keypress: c
785.0922 	DATA 	Keypress: e
785.2321 	EXP 	New trial (rep=11, index=2): {'leftStreamFlip': True, 'oneTarget': False, 'trialInstructionPos': (0, 1), 'probe': 'both', 'rightStreamFlip': True, 'horizVert': False, 'ISIframes': 4, 'rightResponseFirst': True}
785.2584 	INFO 	numtrials=360 and this trialDurFrames=5 or 83.3333333333 ms  task=T1
786.2754 	EXP 	window1: recordFrameIntervals = False
786.2845 	INFO 	Mouse: using default window
787.3590 	DATA 	Keypress: g
790.1099 	DATA 	Keypress: z
790.2485 	EXP 	New trial (rep=11, index=3): {'leftStreamFlip': True, 'oneTarget': False, 'trialInstructionPos': (0, -1), 'probe': 'both', 'rightStreamFlip': True, 'horizVert': False, 'ISIframes': 4, 'rightResponseFirst': False}
790.2583 	INFO 	numtrials=360 and this trialDurFrames=5 or 83.3333333333 ms  task=T1
791.3923 	EXP 	window1: recordFrameIntervals = False
791.4007 	INFO 	Mouse: using default window
794.0261 	DATA 	Keypress: g
794.4093 	DATA 	Keypress: z
794.5526 	EXP 	New trial (rep=11, index=4): {'leftStreamFlip': True, 'oneTarget': False, 'trialInstructionPos': (0, -1), 'probe': 'both', 'rightStreamFlip': True, 'horizVert': False, 'ISIframes': 4, 'rightResponseFirst': True}
794.5745 	INFO 	numtrials=360 and this trialDurFrames=5 or 83.3333333333 ms  task=T1
795.5760 	EXP 	window1: recordFrameIntervals = False
795.5838 	INFO 	Mouse: using default window
797.6097 	DATA 	Keypress: lctrl
799.6436 	DATA 	Keypress: lshift
800.5922 	DATA 	Keypress: z
800.6110 	INFO 	Stopping at 09:41 on 09 Aug 2018
800.6136 	ERROR 	user aborted experiment on keypress with trials done=136 of 361
800.6300 	INFO 	Program terminating normally.
