0.6799 	WARNING 	Monitor specification not found. Creating a temporary one...
13.6527 	EXP 	Created window1 = Window(allowGUI=False, allowStencil=False, autoLog=True, bitsMode=UNKNOWN, blendMode='avg', color=array([-0.7, -0.7, -0.7]), colorSpace='rgb', fullscr=UNKNOWN, gamma=None, lms=UNKNOWN, monitor=<psychopy.monitors.calibTools.Monitor object at 0x1DF6B050>, name='window1', pos=[0, 0], screen=0, size=array([1920, 1080]), stereo=False, units='deg', useFBO=False, useRetina=False, viewOri=0.0, viewPos=None, viewScale=None, waitBlanking=False, winType='pyglet')
13.6528 	INFO 	Mouse: using default window
13.6530 	EXP 	window1: units = 'norm'
13.8583 	EXP 	Created unnamed ImageStim = ImageStim(autoLog=True, color=array([ 1.,  1.,  1.]), colorSpace='rgb', contrast=1.0, depth=0, flipHoriz=False, flipVert=False, image=str(...), interpolate=False, mask=None, maskParams=None, name='unnamed ImageStim', opacity=1.0, ori=0.0, pos=array([-0.5,  0. ]), size=array([ 1.290625  ,  3.24814815]), texRes=128, units='norm', win=Window(...))
14.0674 	EXP 	Created unnamed ImageStim = ImageStim(autoLog=True, color=array([ 1.,  1.,  1.]), colorSpace='rgb', contrast=1.0, depth=0, flipHoriz=False, flipVert=False, image=str(...), interpolate=False, mask=None, maskParams=None, name='unnamed ImageStim', opacity=1.0, ori=0.0, pos=array([ 0.5,  0. ]), size=array([ 1.290625  ,  3.24814815]), texRes=128, units='norm', win=Window(...))
14.0973 	EXP 	Created OKrespZone = GratingStim(autoDraw=False, autoLog=True, color=array([ 1. ,  0.5,  0.5]), colorSpace='rgb', contrast=1.0, depth=0, interpolate=False, mask='gauss', maskParams=None, name='OKrespZone', opacity=1.0, ori=0.0, phase=array([ 0.,  0.]), pos=array([-0.2 , -0.92]), rgbPedestal=array([ 0.,  0.,  0.]), sf=array([ 0.,  0.]), size=array([ 2.3,  0.2]), tex='sin', texRes=256, units='norm', win=Window(...))
14.2693 	EXP 	unnamed ImageStim: size = (1, 2)
14.2693 	EXP 	unnamed ImageStim: size = (1, 2)
51.6522 	DATA 	Mouse: Left button down, pos=(464,91)
51.6681 	EXP 	window1: units = 'deg'
51.6686 	EXP 	window1: units = 'norm'
51.7026 	EXP 	Created OKrespZone = GratingStim(autoDraw=False, autoLog=True, color=array([ 1. ,  0.5,  0.5]), colorSpace='rgb', contrast=1.0, depth=0, interpolate=False, mask='gauss', maskParams=None, name='OKrespZone', opacity=1.0, ori=0.0, phase=array([ 0.,  0.]), pos=array([-0.2 , -0.92]), rgbPedestal=array([ 0.,  0.,  0.]), sf=array([ 0.,  0.]), size=array([ 2.3,  0.2]), tex='sin', texRes=256, units='norm', win=Window(...))
51.9165 	EXP 	Created unnamed ImageStim = ImageStim(autoLog=True, color=array([ 1.,  1.,  1.]), colorSpace='rgb', contrast=1.0, depth=0, flipHoriz=False, flipVert=False, image='abgdj\\PISandConsentForm\\consentForm.png', interpolate=False, mask=None, maskParams=None, name='unnamed ImageStim', opacity=1.0, ori=0.0, pos=array([ 0.,  0.]), size=array([ 1.3375    ,  2.97407407]), texRes=128, units='norm', win=Window(...))
51.9509 	EXP 	Created unnamed GratingStim = GratingStim(autoDraw=False, autoLog=True, color=array([ 1. ,  0.5,  0.5]), colorSpace='rgb', contrast=1.0, depth=0, interpolate=False, mask='gauss', maskParams=None, name='unnamed GratingStim', opacity=1.0, ori=0.0, phase=array([ 0.,  0.]), pos=array([-0.2 , -0.42]), rgbPedestal=array([ 0.,  0.,  0.]), sf=array([ 0.,  0.]), size=array([ 0.3,  0.2]), tex='sin', texRes=256, units='norm', win=Window(...))
51.9906 	EXP 	Created unnamed GratingStim = GratingStim(autoDraw=False, autoLog=True, color=array([ 1. ,  0.5,  0.5]), colorSpace='rgb', contrast=1.0, depth=0, interpolate=False, mask='gauss', maskParams=None, name='unnamed GratingStim', opacity=1.0, ori=0.0, phase=array([ 0.,  0.]), pos=array([ 0.1 , -0.42]), rgbPedestal=array([ 0.,  0.,  0.]), sf=array([ 0.,  0.]), size=array([ 0.3,  0.2]), tex='sin', texRes=256, units='norm', win=Window(...))
52.0267 	EXP 	Created unnamed GratingStim = GratingStim(autoDraw=False, autoLog=True, color=array([ 1. ,  0.5,  0.5]), colorSpace='rgb', contrast=1.0, depth=0, interpolate=False, mask='gauss', maskParams=None, name='unnamed GratingStim', opacity=1.0, ori=0.0, phase=array([ 0.,  0.]), pos=array([-0.2 , -0.72]), rgbPedestal=array([ 0.,  0.,  0.]), sf=array([ 0.,  0.]), size=array([ 0.3,  0.2]), tex='sin', texRes=256, units='norm', win=Window(...))
52.0626 	EXP 	Created unnamed GratingStim = GratingStim(autoDraw=False, autoLog=True, color=array([ 1. ,  0.5,  0.5]), colorSpace='rgb', contrast=1.0, depth=0, interpolate=False, mask='gauss', maskParams=None, name='unnamed GratingStim', opacity=1.0, ori=0.0, phase=array([ 0.,  0.]), pos=array([ 0.1 , -0.72]), rgbPedestal=array([ 0.,  0.,  0.]), sf=array([ 0.,  0.]), size=array([ 0.3,  0.2]), tex='sin', texRes=256, units='norm', win=Window(...))
52.0655 	DATA 	Mouse:  Left button up, pos=(464,91)
52.0702 	EXP 	unnamed ImageStim: size = (1.1, 2)
57.8358 	DATA 	Mouse: Left button down, pos=(758,310)
57.9187 	DATA 	Mouse:  Left button up, pos=(758,310)
60.0355 	DATA 	Mouse: Left button down, pos=(763,142)
60.1043 	DATA 	Mouse:  Left button up, pos=(763,142)
60.9855 	DATA 	Mouse: Left button down, pos=(605,38)
61.0015 	EXP 	window1: units = 'deg'
61.0051 	EXP 	window1: mouseVisible = True
71.2360 	EXP 	Created window1 = Window(allowGUI=False, allowStencil=False, autoLog=True, bitsMode=UNKNOWN, blendMode='avg', color=array([-0.7, -0.7, -0.7]), colorSpace='rgb', fullscr=UNKNOWN, gamma=None, lms=UNKNOWN, monitor=<psychopy.monitors.calibTools.Monitor object at 0x1DF6B050>, name='window1', pos=[0, 0], screen=0, size=array([1920, 1080]), stereo=False, units='deg', useFBO=False, useRetina=False, viewOri=0.0, viewPos=None, viewScale=None, waitBlanking=False, winType='pyglet')
75.4196 	INFO 	#[ PsychoPy2 RuntimeInfoStart ]
  #[[ PsychoPy ]] #---------
    psychopyVersion: 1.84.2
    psychopyHaveExtRush: True
  #[[ Experiment ]] #---------
    experimentAuthor: None
    experimentAuthVersion: None
    experimentRunTime: 2018_08_08 15:14 (Year_Month_Day Hour:Min)
    experimentRunTime.epoch: 1533705241
    experimentScript: psyc1002.py
    experimentScript.digestSHA1: 03993779484d600ea4c1b8cc2288f3d37a5025d5
    experimentScript.directory: U:\PSYC1002\abgdj
  #[[ System ]] #---------
    systemHaveInternetAccess: True
    systemHostName: W5FG3LG2
    systemLocale: English_United States.1252
    systemMemFreeRAM: 4280.24609375
    systemMemTotalRAM: 8076.9453125
    systemPlatform: windowsversion=sys.getwindowsversion(major=6, minor=2, build=9200, platform=2, service_pack='')
    systemPyo.InputDevices: {4: {'host api index': 2, 'latency': 0.008707483299076557, 'default sr': 44100, 'name': u'Realtek ASIO'}}
    systemPyo.OutputDevices: {0: {'host api index': 0, 'latency': 0.09000000357627869, 'default sr': 44100, 'name': u'Microsoft Sound Mapper - Output'}, 1: {'host api index': 0, 'latency': 0.09000000357627869, 'default sr': 44100, 'name': u'Speakers / Headphones (Realtek '}, 2: {'host api index': 1, 'latency': 0.11999999731779099, 'default sr': 44100, 'name': u'Primary Sound Driver'}, 3: {'host api index': 1, 'latency': 0.11999999731779099, 'default sr': 44100, 'name': u'Speakers / Headphones (Realtek High Definition Audio)'}, 4: {'host api index': 2, 'latency': 0.008707483299076557, 'default sr': 44100, 'name': u'Realtek ASIO'}, 5: {'host api index': 3, 'latency': 0.003000000026077032, 'default sr': 48000, 'name': u'Speakers / Headphones (Realtek High Definition Audio)'}}
    systemPyoVersion: 0.8.0
    systemRebooted: System Boot Time:          8/8/2018, 2:09:58 AM
    systemSec.pythonSSL: True
    systemTimeNumpySD1000000_sec: 0.0085
    systemUser: jcab7744
    systemUserID: 1000
    systemUserProcCmdPid: LabStatsUserSpace.exe dwm.exe TiWorker.exe CmRcService.exe nierserver.exe LabStatsClient.exe tagsrv.exe SearchUI.exe OneDrive.exe nipxism.exe SettingSyncHost.exe TrustedInstaller.exe niLxiDiscovery.exe SecurityHealthService.exe redirector.exe SearchProtocolHost.exe server_admin.exe fontdrvhost.exe lkads.exe svchost.exe smartscreen.exe ni_usbmon.exe AGSService.exe System SISIDSService.exe IntelCpHeciSvc.exe SelfServicePlugin.exe explorer.exe smss.exe ApplicationWebServer.exe RuntimeBroker.exe acrotray.exe IntelCpHDCPSvc.exe niauth_daemon.exe cmd.exe nidmsrv.exe Receiver.exe SISIPSService.exe lktsrv.exe lsass.exe python.exe RtkNGUI64.exe sisipsutil.exe AdobeUpdateService.exe armsvc.exe policyHost.exe ssonsvr.exe concentr.exe nidevldu.exe taskhostw.exe ctfmon.exe RAVBg64.exe ''Memory Compression'' NIWebServiceContainer.exe nimxs.exe RtkAudioService64.exe SystemWebServer.exe tasklist.exe snowagent.exe CcmExec.exe SearchFilterHost.exe SmcGui.exe nicitdl5.exe ''System Idle Process'' services.exe niDiscSvc.exe sqlwriter.exe MSASCuiL.exe SCNotification.exe nimdnsResponder.exe server_runtime.exe sihost.exe backgroundTaskHost.exe spoolsv.exe wininit.exe winlogon.exe ShellExperienceHost.exe nidevmon.exe SearchIndexer.exe csrss.exe WmiPrvSE.exe audiodg.exe pc-client.exe OneDriveSetup.exe unsecapp.exe ccSvcHst.exe wfcrun32.exe nisvcloc.exe server_eventlog.exe lkcitdl.exe AuthManSvr.exe conhost.exe
    systemUserProcCount: 191
    systemUserProcFlagged: Explorer
    systemUsersCount: False
  #[[ Window ]] #---------
    windowWinType: pyglet
    windowWaitBlanking: False
    windowUseNativeGamma: True
    windowUnits: deg
    windowSize_pix: [1920 1080]
    windowScreen: 0
    windowRgb: [-0.7 -0.7 -0.7]
    windowRefreshTimeSD_ms: 0.100
    windowRefreshTimeMedian_ms: 16.654
    windowRefreshTimeAvg_ms: 16.663
    windowRefreshThreshold_sec: 0.0200
    windowRecordFrameIntervals: False
    windowPos_pix: [0, 0]
    windowMonitor.name: testmonitor
    windowMonitor.getWidth_cm: 57.0
    windowMonitor.getLinearizeMethod: 1
    windowMonitor.getGammaGrid: [[  0.   1.   1.  nan  nan  nan]
 [  0.   1.   1.  nan  nan  nan]
 [  0.   1.   1.  nan  nan  nan]
 [  0.   1.   1.  nan  nan  nan]]
    windowMonitor.getDistance_cm: 57.0
    windowMonitor.gammaInterpolator2: None
    windowMonitor.gammaInterpolator: None
    windowMonitor.currentCalibName: 2018_08_08 15:12
    windowIsFullScr: True
    windowHaveShaders: True
    windowAllowGUI: False
  #[[ Python ]] #---------
    pythonWxVersion: 3.0.2.0 msw (classic)
    pythonVersion: 2.7.11
    pythonScipyVersion: 0.17.1
    pythonPygletVersion: 1.2.4
    pythonPygameVersion: 1.9.2pre
    pythonNumpyVersion: 1.11.0
    pythonMatplotlibVersion: 1.5.1
    pythonFullVersion: 2.7.11 (v2.7.11:6d1b6a68f775, Dec  5 2015, 20:32:19) [MSC v.1500 32 bit (Intel)]
    pythonExecutable: C:\Program Files (x86)\PsychoPy2\python.exe
  #[[ OpenGL ]] #---------
    openGLVersion: 4.5.0 - Build 22.20.16.4836
    openGLVendor: Intel
    openGLRenderingEngine: Intel(R) HD Graphics 530
    openGLmaxVerticesInVertexArray: 1048576
    False: openGLext.GL_STEREO
    True: openGLext.GL_EXT_framebuffer_object
    True: openGLext.GL_ARB_vertex_shader
    True: openGLext.GL_ARB_texture_non_power_of_two
    True: openGLext.GL_ARB_texture_float
    True: openGLext.GL_ARB_shader_objects
    True: openGLext.GL_ARB_multitexture
    True: openGLext.GL_ARB_fragment_program
#[ PsychoPy2 RuntimeInfoEnd ]

75.4681 	EXP 	window1: recordFrameIntervals = True
76.3016 	EXP 	window1: recordFrameIntervals = False
76.3022 	INFO 	Frames per second ~=60.1, which is close enough to desired val of 60.0
76.4864 	EXP 	Created sequence: random, trialTypes=12, nReps=30, seed=None
76.6322 	INFO 	Mouse: using default window
76.6498 	EXP 	Created OKrespZone = GratingStim(autoDraw=False, autoLog=True, color=array([ 1.,  1.,  1.]), colorSpace='rgb', contrast=1.0, depth=0, interpolate=False, mask='gauss', maskParams=None, name='OKrespZone', opacity=1.0, ori=0.0, phase=array([ 0.,  0.]), pos=array([ 0.  ,  0.88]), rgbPedestal=array([ 0.,  0.,  0.]), sf=array([ 0.,  0.]), size=array([ 2. ,  0.2]), tex='sin', texRes=256, units='norm', win=Window(...))
86.0000 	DATA 	Mouse: Left button down, pos=(108,195)
86.1038 	DATA 	Mouse:  Left button up, pos=(108,195)
95.3681 	DATA 	Mouse: Left button down, pos=(534,749)
95.4559 	DATA 	Mouse:  Left button up, pos=(534,749)
124.7843 	DATA 	Mouse: Left button down, pos=(1537,256)
124.8878 	DATA 	Mouse:  Left button up, pos=(1537,256)
127.6082 	DATA 	Mouse: Left button down, pos=(1583,882)
127.7039 	DATA 	Mouse:  Left button up, pos=(1583,882)
129.9201 	DATA 	Mouse: Left button down, pos=(1743,678)
130.0078 	DATA 	Mouse:  Left button up, pos=(1743,678)
130.4400 	DATA 	Mouse: Left button down, pos=(1772,759)
130.5118 	DATA 	Mouse:  Left button up, pos=(1772,759)
137.1041 	DATA 	Mouse: Left button down, pos=(1774,327)
137.1999 	DATA 	Mouse:  Left button up, pos=(1774,327)
138.1441 	DATA 	Mouse: Left button down, pos=(1767,184)
138.2319 	DATA 	Mouse:  Left button up, pos=(1767,184)
139.6805 	DATA 	Mouse: Left button down, pos=(1767,261)
139.7759 	DATA 	Mouse:  Left button up, pos=(1767,261)
142.0001 	DATA 	Mouse: Left button down, pos=(1775,395)
142.0718 	DATA 	Mouse:  Left button up, pos=(1775,395)
145.0560 	DATA 	Mouse: Left button down, pos=(934,996)
145.0722 	INFO 	Experiment will have 360 trials. Letters will be drawn with superposed noise of 0.00%
145.0860 	EXP 	New trial (rep=0, index=0): {'leftStreamFlip': False, 'oneTarget': True, 'trialInstructionPos': (0, 1), 'probe': 'both', 'rightStreamFlip': False, 'horizVert': False, 'ISIframes': 2, 'rightResponseFirst': True}
145.0861 	INFO 	Starting main part of experiment
145.1369 	DATA 	Mouse:  Left button up, pos=(935,1000)
146.2687 	INFO 	numtrials=360 and this trialDurFrames=28 or 466.666666667 ms  task=T1
148.3022 	EXP 	window1: recordFrameIntervals = False
148.3117 	INFO 	Mouse: using default window
149.8861 	DATA 	Keypress: k
150.0593 	EXP 	New trial (rep=0, index=1): {'leftStreamFlip': False, 'oneTarget': True, 'trialInstructionPos': (0, -1), 'probe': 'both', 'rightStreamFlip': False, 'horizVert': False, 'ISIframes': 2, 'rightResponseFirst': True}
159.5687 	INFO 	numtrials=360 and this trialDurFrames=22 or 366.666666667 ms  task=T1
161.5020 	EXP 	window1: recordFrameIntervals = False
161.5090 	INFO 	Mouse: using default window
162.6192 	DATA 	Keypress: h
162.7539 	EXP 	New trial (rep=0, index=2): {'leftStreamFlip': False, 'oneTarget': False, 'trialInstructionPos': (0, -1), 'probe': 'both', 'rightStreamFlip': False, 'horizVert': False, 'ISIframes': 2, 'rightResponseFirst': True}
162.7678 	INFO 	numtrials=360 and this trialDurFrames=18 or 300.0 ms  task=T1
164.6017 	EXP 	window1: recordFrameIntervals = False
164.6099 	INFO 	Mouse: using default window
166.1361 	DATA 	Keypress: h
166.3028 	DATA 	Keypress: y
166.4479 	EXP 	New trial (rep=0, index=3): {'leftStreamFlip': False, 'oneTarget': True, 'trialInstructionPos': (0, -1), 'probe': 'both', 'rightStreamFlip': False, 'horizVert': False, 'ISIframes': 2, 'rightResponseFirst': False}
166.4687 	INFO 	numtrials=360 and this trialDurFrames=18 or 300.0 ms  task=T1
167.9020 	EXP 	window1: recordFrameIntervals = False
167.9090 	INFO 	Mouse: using default window
169.5534 	DATA 	Keypress: k
169.6976 	EXP 	New trial (rep=0, index=4): {'leftStreamFlip': False, 'oneTarget': False, 'trialInstructionPos': (0, -1), 'probe': 'both', 'rightStreamFlip': False, 'horizVert': False, 'ISIframes': 2, 'rightResponseFirst': False}
178.0522 	INFO 	numtrials=360 and this trialDurFrames=14 or 233.333333333 ms  task=T1
179.3855 	EXP 	window1: recordFrameIntervals = False
179.3932 	INFO 	Mouse: using default window
181.0693 	DATA 	Keypress: y
182.4692 	DATA 	Keypress: n
182.6126 	EXP 	New trial (rep=0, index=5): {'leftStreamFlip': False, 'oneTarget': False, 'trialInstructionPos': (0, -1), 'probe': 'both', 'rightStreamFlip': False, 'horizVert': False, 'ISIframes': 2, 'rightResponseFirst': True}
182.6350 	INFO 	numtrials=360 and this trialDurFrames=4 or 66.6666666667 ms  task=T1
183.6350 	EXP 	window1: recordFrameIntervals = False
183.6422 	INFO 	Mouse: using default window
184.9360 	DATA 	Keypress: t
185.9045 	DATA 	Keypress: g
186.0619 	EXP 	New trial (rep=0, index=6): {'leftStreamFlip': False, 'oneTarget': True, 'trialInstructionPos': (0, 1), 'probe': 'both', 'rightStreamFlip': False, 'horizVert': False, 'ISIframes': 2, 'rightResponseFirst': False}
186.0855 	INFO 	numtrials=360 and this trialDurFrames=4 or 66.6666666667 ms  task=T1
187.2520 	EXP 	window1: recordFrameIntervals = False
187.2595 	INFO 	Mouse: using default window
188.7378 	DATA 	Keypress: k
188.8918 	EXP 	New trial (rep=0, index=7): {'leftStreamFlip': False, 'oneTarget': False, 'trialInstructionPos': (0, 1), 'probe': 'both', 'rightStreamFlip': False, 'horizVert': False, 'ISIframes': 2, 'rightResponseFirst': True}
188.9015 	INFO 	numtrials=360 and this trialDurFrames=4 or 66.6666666667 ms  task=T1
190.0522 	EXP 	window1: recordFrameIntervals = False
190.0597 	INFO 	Mouse: using default window
191.4526 	DATA 	Keypress: y
191.9377 	DATA 	Keypress: z
192.0942 	EXP 	New trial (rep=0, index=8): {'leftStreamFlip': False, 'oneTarget': False, 'trialInstructionPos': (0, -1), 'probe': 'both', 'rightStreamFlip': False, 'horizVert': False, 'ISIframes': 2, 'rightResponseFirst': False}
192.1191 	INFO 	numtrials=360 and this trialDurFrames=4 or 66.6666666667 ms  task=T1
193.1356 	EXP 	window1: recordFrameIntervals = False
193.1430 	INFO 	Mouse: using default window
194.4028 	DATA 	Keypress: c
194.9360 	DATA 	Keypress: j
195.0767 	EXP 	New trial (rep=0, index=9): {'leftStreamFlip': False, 'oneTarget': False, 'trialInstructionPos': (0, 1), 'probe': 'both', 'rightStreamFlip': False, 'horizVert': False, 'ISIframes': 2, 'rightResponseFirst': False}
195.1015 	INFO 	numtrials=360 and this trialDurFrames=4 or 66.6666666667 ms  task=T1
196.1020 	EXP 	window1: recordFrameIntervals = False
196.1093 	INFO 	Mouse: using default window
197.2192 	DATA 	Keypress: g
197.7693 	DATA 	Keypress: s
197.9122 	EXP 	New trial (rep=0, index=10): {'leftStreamFlip': False, 'oneTarget': False, 'trialInstructionPos': (0, 1), 'probe': 'both', 'rightStreamFlip': False, 'horizVert': False, 'ISIframes': 2, 'rightResponseFirst': False}
197.9351 	INFO 	numtrials=360 and this trialDurFrames=4 or 66.6666666667 ms  task=T1
198.9354 	EXP 	window1: recordFrameIntervals = False
198.9435 	INFO 	Mouse: using default window
200.0528 	DATA 	Keypress: j
200.5191 	DATA 	Keypress: a
200.6685 	EXP 	New trial (rep=0, index=11): {'leftStreamFlip': False, 'oneTarget': False, 'trialInstructionPos': (0, 1), 'probe': 'both', 'rightStreamFlip': False, 'horizVert': False, 'ISIframes': 2, 'rightResponseFirst': True}
200.6848 	INFO 	numtrials=360 and this trialDurFrames=3 or 50.0 ms  task=T1
201.8850 	EXP 	window1: recordFrameIntervals = False
201.8925 	INFO 	Mouse: using default window
203.8695 	DATA 	Keypress: s
204.8030 	DATA 	Keypress: t
204.9433 	EXP 	New trial (rep=1, index=0): {'leftStreamFlip': False, 'oneTarget': False, 'trialInstructionPos': (0, 1), 'probe': 'both', 'rightStreamFlip': False, 'horizVert': False, 'ISIframes': 2, 'rightResponseFirst': False}
204.9682 	INFO 	numtrials=360 and this trialDurFrames=4 or 66.6666666667 ms  task=T1
206.0523 	EXP 	window1: recordFrameIntervals = False
206.0593 	INFO 	Mouse: using default window
207.1694 	DATA 	Keypress: j
207.8022 	DATA 	Keypress: g
207.9385 	EXP 	New trial (rep=1, index=1): {'leftStreamFlip': False, 'oneTarget': True, 'trialInstructionPos': (0, 1), 'probe': 'both', 'rightStreamFlip': False, 'horizVert': False, 'ISIframes': 2, 'rightResponseFirst': False}
207.9512 	INFO 	numtrials=360 and this trialDurFrames=4 or 66.6666666667 ms  task=T1
209.1518 	EXP 	window1: recordFrameIntervals = False
209.1620 	INFO 	Mouse: using default window
210.1024 	DATA 	Keypress: s
210.2407 	EXP 	New trial (rep=1, index=2): {'leftStreamFlip': False, 'oneTarget': False, 'trialInstructionPos': (0, -1), 'probe': 'both', 'rightStreamFlip': False, 'horizVert': False, 'ISIframes': 2, 'rightResponseFirst': False}
210.2515 	INFO 	numtrials=360 and this trialDurFrames=4 or 66.6666666667 ms  task=T1
211.2354 	EXP 	window1: recordFrameIntervals = False
211.2427 	INFO 	Mouse: using default window
212.4527 	DATA 	Keypress: f
212.9195 	DATA 	Keypress: g
213.0604 	EXP 	New trial (rep=1, index=3): {'leftStreamFlip': False, 'oneTarget': False, 'trialInstructionPos': (0, 1), 'probe': 'both', 'rightStreamFlip': False, 'horizVert': False, 'ISIframes': 2, 'rightResponseFirst': True}
213.0849 	INFO 	numtrials=360 and this trialDurFrames=4 or 66.6666666667 ms  task=T1
214.2352 	EXP 	window1: recordFrameIntervals = False
214.2423 	INFO 	Mouse: using default window
215.5861 	DATA 	Keypress: g
216.0024 	DATA 	Keypress: c
216.1454 	EXP 	New trial (rep=1, index=4): {'leftStreamFlip': False, 'oneTarget': False, 'trialInstructionPos': (0, -1), 'probe': 'both', 'rightStreamFlip': False, 'horizVert': False, 'ISIframes': 2, 'rightResponseFirst': False}
216.1681 	INFO 	numtrials=360 and this trialDurFrames=3 or 50.0 ms  task=T1
217.3687 	EXP 	window1: recordFrameIntervals = False
217.3757 	INFO 	Mouse: using default window
219.0522 	DATA 	Keypress: s
219.6521 	DATA 	Keypress: g
219.7910 	EXP 	New trial (rep=1, index=5): {'leftStreamFlip': False, 'oneTarget': True, 'trialInstructionPos': (0, -1), 'probe': 'both', 'rightStreamFlip': False, 'horizVert': False, 'ISIframes': 2, 'rightResponseFirst': True}
219.8017 	INFO 	numtrials=360 and this trialDurFrames=3 or 50.0 ms  task=T1
220.9688 	EXP 	window1: recordFrameIntervals = False
220.9767 	INFO 	Mouse: using default window
222.2861 	DATA 	Keypress: f
222.4377 	EXP 	New trial (rep=1, index=6): {'leftStreamFlip': False, 'oneTarget': False, 'trialInstructionPos': (0, 1), 'probe': 'both', 'rightStreamFlip': False, 'horizVert': False, 'ISIframes': 2, 'rightResponseFirst': False}
222.4515 	INFO 	numtrials=360 and this trialDurFrames=4 or 66.6666666667 ms  task=T1
223.5016 	EXP 	window1: recordFrameIntervals = False
223.5085 	INFO 	Mouse: using default window
225.7193 	DATA 	Keypress: k
226.1863 	DATA 	Keypress: h
226.3318 	EXP 	New trial (rep=1, index=7): {'leftStreamFlip': False, 'oneTarget': False, 'trialInstructionPos': (0, 1), 'probe': 'both', 'rightStreamFlip': False, 'horizVert': False, 'ISIframes': 2, 'rightResponseFirst': True}
226.3516 	INFO 	numtrials=360 and this trialDurFrames=4 or 66.6666666667 ms  task=T1
227.3355 	EXP 	window1: recordFrameIntervals = False
227.3430 	INFO 	Mouse: using default window
228.3698 	DATA 	Keypress: r
228.7026 	DATA 	Keypress: r
228.8522 	EXP 	New trial (rep=1, index=8): {'leftStreamFlip': False, 'oneTarget': True, 'trialInstructionPos': (0, -1), 'probe': 'both', 'rightStreamFlip': False, 'horizVert': False, 'ISIframes': 2, 'rightResponseFirst': False}
228.8682 	INFO 	numtrials=360 and this trialDurFrames=3 or 50.0 ms  task=T1
229.8686 	EXP 	window1: recordFrameIntervals = False
229.8755 	INFO 	Mouse: using default window
230.7860 	DATA 	Keypress: y
230.9266 	EXP 	New trial (rep=1, index=9): {'leftStreamFlip': False, 'oneTarget': True, 'trialInstructionPos': (0, 1), 'probe': 'both', 'rightStreamFlip': False, 'horizVert': False, 'ISIframes': 2, 'rightResponseFirst': True}
230.9354 	INFO 	numtrials=360 and this trialDurFrames=3 or 50.0 ms  task=T1
232.0354 	EXP 	window1: recordFrameIntervals = False
232.0426 	INFO 	Mouse: using default window
233.0693 	DATA 	Keypress: m
233.2092 	EXP 	New trial (rep=1, index=10): {'leftStreamFlip': False, 'oneTarget': False, 'trialInstructionPos': (0, -1), 'probe': 'both', 'rightStreamFlip': False, 'horizVert': False, 'ISIframes': 2, 'rightResponseFirst': True}
233.2192 	INFO 	numtrials=360 and this trialDurFrames=3 or 50.0 ms  task=T1
234.4187 	EXP 	window1: recordFrameIntervals = False
234.4257 	INFO 	Mouse: using default window
236.5862 	DATA 	Keypress: t
237.0360 	DATA 	Keypress: r
237.1780 	EXP 	New trial (rep=1, index=11): {'leftStreamFlip': False, 'oneTarget': False, 'trialInstructionPos': (0, -1), 'probe': 'both', 'rightStreamFlip': False, 'horizVert': False, 'ISIframes': 2, 'rightResponseFirst': True}
237.2015 	INFO 	numtrials=360 and this trialDurFrames=3 or 50.0 ms  task=T1
238.3186 	EXP 	window1: recordFrameIntervals = False
238.3257 	INFO 	Mouse: using default window
240.4365 	DATA 	Keypress: t
241.2362 	DATA 	Keypress: f
241.3757 	EXP 	New trial (rep=2, index=0): {'leftStreamFlip': False, 'oneTarget': True, 'trialInstructionPos': (0, 1), 'probe': 'both', 'rightStreamFlip': False, 'horizVert': False, 'ISIframes': 2, 'rightResponseFirst': True}
241.3852 	INFO 	numtrials=360 and this trialDurFrames=3 or 50.0 ms  task=T1
242.3519 	EXP 	window1: recordFrameIntervals = False
242.3593 	INFO 	Mouse: using default window
243.4694 	DATA 	Keypress: h
243.6101 	EXP 	New trial (rep=2, index=1): {'leftStreamFlip': False, 'oneTarget': False, 'trialInstructionPos': (0, -1), 'probe': 'both', 'rightStreamFlip': False, 'horizVert': False, 'ISIframes': 2, 'rightResponseFirst': True}
243.6348 	INFO 	numtrials=360 and this trialDurFrames=3 or 50.0 ms  task=T1
244.8188 	EXP 	window1: recordFrameIntervals = False
244.8260 	INFO 	Mouse: using default window
246.1026 	DATA 	Keypress: h
246.9526 	DATA 	Keypress: t
247.0984 	EXP 	New trial (rep=2, index=2): {'leftStreamFlip': False, 'oneTarget': False, 'trialInstructionPos': (0, 1), 'probe': 'both', 'rightStreamFlip': False, 'horizVert': False, 'ISIframes': 2, 'rightResponseFirst': True}
247.1184 	INFO 	numtrials=360 and this trialDurFrames=3 or 50.0 ms  task=T1
248.0854 	EXP 	window1: recordFrameIntervals = False
248.0923 	INFO 	Mouse: using default window
249.2027 	DATA 	Keypress: c
249.9858 	DATA 	Keypress: m
250.1271 	EXP 	New trial (rep=2, index=3): {'leftStreamFlip': False, 'oneTarget': False, 'trialInstructionPos': (0, 1), 'probe': 'both', 'rightStreamFlip': False, 'horizVert': False, 'ISIframes': 2, 'rightResponseFirst': False}
250.1516 	INFO 	numtrials=360 and this trialDurFrames=3 or 50.0 ms  task=T1
251.1687 	EXP 	window1: recordFrameIntervals = False
251.1758 	INFO 	Mouse: using default window
252.5193 	DATA 	Keypress: n
252.8360 	DATA 	Keypress: z
252.9760 	EXP 	New trial (rep=2, index=4): {'leftStreamFlip': False, 'oneTarget': True, 'trialInstructionPos': (0, 1), 'probe': 'both', 'rightStreamFlip': False, 'horizVert': False, 'ISIframes': 2, 'rightResponseFirst': False}
253.0017 	INFO 	numtrials=360 and this trialDurFrames=3 or 50.0 ms  task=T1
253.9687 	EXP 	window1: recordFrameIntervals = False
253.9759 	INFO 	Mouse: using default window
254.9860 	DATA 	Keypress: f
255.1287 	EXP 	New trial (rep=2, index=5): {'leftStreamFlip': False, 'oneTarget': True, 'trialInstructionPos': (0, -1), 'probe': 'both', 'rightStreamFlip': False, 'horizVert': False, 'ISIframes': 2, 'rightResponseFirst': True}
255.1515 	INFO 	numtrials=360 and this trialDurFrames=3 or 50.0 ms  task=T1
256.2020 	EXP 	window1: recordFrameIntervals = False
256.2090 	INFO 	Mouse: using default window
257.4026 	DATA 	Keypress: m
257.5436 	EXP 	New trial (rep=2, index=6): {'leftStreamFlip': False, 'oneTarget': False, 'trialInstructionPos': (0, -1), 'probe': 'both', 'rightStreamFlip': False, 'horizVert': False, 'ISIframes': 2, 'rightResponseFirst': True}
257.5528 	INFO 	numtrials=360 and this trialDurFrames=3 or 50.0 ms  task=T1
258.6854 	EXP 	window1: recordFrameIntervals = False
258.6932 	INFO 	Mouse: using default window
259.8861 	DATA 	Keypress: y
260.5860 	DATA 	Keypress: h
260.7287 	EXP 	New trial (rep=2, index=7): {'leftStreamFlip': False, 'oneTarget': False, 'trialInstructionPos': (0, 1), 'probe': 'both', 'rightStreamFlip': False, 'horizVert': False, 'ISIframes': 2, 'rightResponseFirst': False}
260.7515 	INFO 	numtrials=360 and this trialDurFrames=3 or 50.0 ms  task=T1
261.8521 	EXP 	window1: recordFrameIntervals = False
261.8593 	INFO 	Mouse: using default window
263.6526 	DATA 	Keypress: s
264.0028 	DATA 	Keypress: c
264.1449 	EXP 	New trial (rep=2, index=8): {'leftStreamFlip': False, 'oneTarget': False, 'trialInstructionPos': (0, -1), 'probe': 'both', 'rightStreamFlip': False, 'horizVert': False, 'ISIframes': 2, 'rightResponseFirst': False}
264.1682 	INFO 	numtrials=360 and this trialDurFrames=3 or 50.0 ms  task=T1
265.2354 	EXP 	window1: recordFrameIntervals = False
265.2433 	INFO 	Mouse: using default window
267.1377 	DATA 	Keypress: s
267.5529 	DATA 	Keypress: c
267.6915 	EXP 	New trial (rep=2, index=9): {'leftStreamFlip': False, 'oneTarget': False, 'trialInstructionPos': (0, -1), 'probe': 'both', 'rightStreamFlip': False, 'horizVert': False, 'ISIframes': 2, 'rightResponseFirst': False}
267.7019 	INFO 	numtrials=360 and this trialDurFrames=3 or 50.0 ms  task=T1
268.8187 	EXP 	window1: recordFrameIntervals = False
268.8256 	INFO 	Mouse: using default window
270.0191 	DATA 	Keypress: k
270.5526 	DATA 	Keypress: j
270.6914 	EXP 	New trial (rep=2, index=10): {'leftStreamFlip': False, 'oneTarget': False, 'trialInstructionPos': (0, 1), 'probe': 'both', 'rightStreamFlip': False, 'horizVert': False, 'ISIframes': 2, 'rightResponseFirst': True}
270.7017 	INFO 	numtrials=360 and this trialDurFrames=3 or 50.0 ms  task=T1
271.9021 	EXP 	window1: recordFrameIntervals = False
271.9097 	INFO 	Mouse: using default window
273.2360 	DATA 	Keypress: j
274.8526 	DATA 	Keypress: k
274.9922 	EXP 	New trial (rep=2, index=11): {'leftStreamFlip': False, 'oneTarget': True, 'trialInstructionPos': (0, -1), 'probe': 'both', 'rightStreamFlip': False, 'horizVert': False, 'ISIframes': 2, 'rightResponseFirst': False}
275.0016 	INFO 	numtrials=360 and this trialDurFrames=3 or 50.0 ms  task=T1
276.0520 	EXP 	window1: recordFrameIntervals = False
276.0591 	INFO 	Mouse: using default window
276.9862 	DATA 	Keypress: e
277.1272 	EXP 	New trial (rep=3, index=0): {'leftStreamFlip': False, 'oneTarget': True, 'trialInstructionPos': (0, 1), 'probe': 'both', 'rightStreamFlip': False, 'horizVert': False, 'ISIframes': 2, 'rightResponseFirst': False}
277.1522 	INFO 	numtrials=360 and this trialDurFrames=3 or 50.0 ms  task=T1
278.1355 	EXP 	window1: recordFrameIntervals = False
278.1424 	INFO 	Mouse: using default window
279.1207 	DATA 	Keypress: e
279.2750 	EXP 	New trial (rep=3, index=1): {'leftStreamFlip': False, 'oneTarget': False, 'trialInstructionPos': (0, -1), 'probe': 'both', 'rightStreamFlip': False, 'horizVert': False, 'ISIframes': 2, 'rightResponseFirst': True}
279.3023 	INFO 	numtrials=360 and this trialDurFrames=3 or 50.0 ms  task=T1
280.4187 	EXP 	window1: recordFrameIntervals = False
280.4258 	INFO 	Mouse: using default window
284.9192 	DATA 	Keypress: n
285.3524 	DATA 	Keypress: j
285.4938 	EXP 	New trial (rep=3, index=2): {'leftStreamFlip': False, 'oneTarget': False, 'trialInstructionPos': (0, -1), 'probe': 'both', 'rightStreamFlip': False, 'horizVert': False, 'ISIframes': 2, 'rightResponseFirst': False}
285.5021 	INFO 	numtrials=360 and this trialDurFrames=3 or 50.0 ms  task=T1
286.6686 	EXP 	window1: recordFrameIntervals = False
286.6756 	INFO 	Mouse: using default window
288.5361 	DATA 	Keypress: n
289.3528 	DATA 	Keypress: g
289.5436 	EXP 	New trial (rep=3, index=3): {'leftStreamFlip': False, 'oneTarget': False, 'trialInstructionPos': (0, 1), 'probe': 'both', 'rightStreamFlip': False, 'horizVert': False, 'ISIframes': 2, 'rightResponseFirst': True}
289.5525 	INFO 	numtrials=360 and this trialDurFrames=3 or 50.0 ms  task=T1
290.6855 	EXP 	window1: recordFrameIntervals = False
290.6926 	INFO 	Mouse: using default window
292.5862 	DATA 	Keypress: t
294.0193 	DATA 	Keypress: n
294.1710 	EXP 	New trial (rep=3, index=4): {'leftStreamFlip': False, 'oneTarget': False, 'trialInstructionPos': (0, 1), 'probe': 'both', 'rightStreamFlip': False, 'horizVert': False, 'ISIframes': 2, 'rightResponseFirst': False}
294.1850 	INFO 	numtrials=360 and this trialDurFrames=3 or 50.0 ms  task=T1
295.2521 	EXP 	window1: recordFrameIntervals = False
295.2594 	INFO 	Mouse: using default window
296.3533 	DATA 	Keypress: a
297.4029 	DATA 	Keypress: e
297.5435 	EXP 	New trial (rep=3, index=5): {'leftStreamFlip': False, 'oneTarget': True, 'trialInstructionPos': (0, 1), 'probe': 'both', 'rightStreamFlip': False, 'horizVert': False, 'ISIframes': 2, 'rightResponseFirst': True}
297.5518 	INFO 	numtrials=360 and this trialDurFrames=3 or 50.0 ms  task=T1
298.5853 	EXP 	window1: recordFrameIntervals = False
298.5927 	INFO 	Mouse: using default window
299.6026 	DATA 	Keypress: y
299.7521 	EXP 	New trial (rep=3, index=6): {'leftStreamFlip': False, 'oneTarget': False, 'trialInstructionPos': (0, -1), 'probe': 'both', 'rightStreamFlip': False, 'horizVert': False, 'ISIframes': 2, 'rightResponseFirst': False}
299.7681 	INFO 	numtrials=360 and this trialDurFrames=3 or 50.0 ms  task=T1
300.8354 	EXP 	window1: recordFrameIntervals = False
300.8427 	INFO 	Mouse: using default window
302.9861 	DATA 	Keypress: c
303.2190 	DATA 	Keypress: y
303.3605 	EXP 	New trial (rep=3, index=7): {'leftStreamFlip': False, 'oneTarget': False, 'trialInstructionPos': (0, 1), 'probe': 'both', 'rightStreamFlip': False, 'horizVert': False, 'ISIframes': 2, 'rightResponseFirst': True}
303.3848 	INFO 	numtrials=360 and this trialDurFrames=4 or 66.6666666667 ms  task=T1
304.4687 	EXP 	window1: recordFrameIntervals = False
304.4757 	INFO 	Mouse: using default window
305.7528 	DATA 	Keypress: s
306.6692 	DATA 	Keypress: t
306.8124 	EXP 	New trial (rep=3, index=8): {'leftStreamFlip': False, 'oneTarget': False, 'trialInstructionPos': (0, -1), 'probe': 'both', 'rightStreamFlip': False, 'horizVert': False, 'ISIframes': 2, 'rightResponseFirst': True}
306.8349 	INFO 	numtrials=360 and this trialDurFrames=4 or 66.6666666667 ms  task=T1
307.9522 	EXP 	window1: recordFrameIntervals = False
307.9595 	INFO 	Mouse: using default window
309.1533 	DATA 	Keypress: t
310.2193 	DATA 	Keypress: z
310.3589 	EXP 	New trial (rep=3, index=9): {'leftStreamFlip': False, 'oneTarget': True, 'trialInstructionPos': (0, -1), 'probe': 'both', 'rightStreamFlip': False, 'horizVert': False, 'ISIframes': 2, 'rightResponseFirst': False}
310.3684 	INFO 	numtrials=360 and this trialDurFrames=3 or 50.0 ms  task=T1
311.4187 	EXP 	window1: recordFrameIntervals = False
311.4260 	INFO 	Mouse: using default window
312.6192 	DATA 	Keypress: s
312.7600 	EXP 	New trial (rep=3, index=10): {'leftStreamFlip': False, 'oneTarget': False, 'trialInstructionPos': (0, 1), 'probe': 'both', 'rightStreamFlip': False, 'horizVert': False, 'ISIframes': 2, 'rightResponseFirst': False}
312.7854 	INFO 	numtrials=360 and this trialDurFrames=4 or 66.6666666667 ms  task=T1
313.9351 	EXP 	window1: recordFrameIntervals = False
313.9445 	INFO 	Mouse: using default window
315.0696 	DATA 	Keypress: s
315.6192 	DATA 	Keypress: z
315.7652 	EXP 	New trial (rep=3, index=11): {'leftStreamFlip': False, 'oneTarget': True, 'trialInstructionPos': (0, -1), 'probe': 'both', 'rightStreamFlip': False, 'horizVert': False, 'ISIframes': 2, 'rightResponseFirst': True}
315.7850 	INFO 	numtrials=360 and this trialDurFrames=4 or 66.6666666667 ms  task=T1
316.9856 	EXP 	window1: recordFrameIntervals = False
316.9925 	INFO 	Mouse: using default window
317.8862 	DATA 	Keypress: z
318.0261 	EXP 	New trial (rep=4, index=0): {'leftStreamFlip': False, 'oneTarget': False, 'trialInstructionPos': (0, 1), 'probe': 'both', 'rightStreamFlip': False, 'horizVert': False, 'ISIframes': 2, 'rightResponseFirst': True}
318.0353 	INFO 	numtrials=360 and this trialDurFrames=4 or 66.6666666667 ms  task=T1
319.2352 	EXP 	window1: recordFrameIntervals = False
319.2426 	INFO 	Mouse: using default window
320.7210 	DATA 	Keypress: m
321.3192 	DATA 	Keypress: y
321.4619 	EXP 	New trial (rep=4, index=1): {'leftStreamFlip': False, 'oneTarget': False, 'trialInstructionPos': (0, 1), 'probe': 'both', 'rightStreamFlip': False, 'horizVert': False, 'ISIframes': 2, 'rightResponseFirst': False}
321.4848 	INFO 	numtrials=360 and this trialDurFrames=4 or 66.6666666667 ms  task=T1
322.4854 	EXP 	window1: recordFrameIntervals = False
322.4931 	INFO 	Mouse: using default window
323.8194 	DATA 	Keypress: z
324.3377 	DATA 	Keypress: c
324.4918 	EXP 	New trial (rep=4, index=2): {'leftStreamFlip': False, 'oneTarget': False, 'trialInstructionPos': (0, -1), 'probe': 'both', 'rightStreamFlip': False, 'horizVert': False, 'ISIframes': 2, 'rightResponseFirst': False}
324.5017 	INFO 	numtrials=360 and this trialDurFrames=4 or 66.6666666667 ms  task=T1
325.5521 	EXP 	window1: recordFrameIntervals = False
325.5603 	INFO 	Mouse: using default window
326.9192 	DATA 	Keypress: r
327.4861 	DATA 	Keypress: k
327.6271 	EXP 	New trial (rep=4, index=3): {'leftStreamFlip': False, 'oneTarget': False, 'trialInstructionPos': (0, 1), 'probe': 'both', 'rightStreamFlip': False, 'horizVert': False, 'ISIframes': 2, 'rightResponseFirst': True}
327.6515 	INFO 	numtrials=360 and this trialDurFrames=4 or 66.6666666667 ms  task=T1
328.7854 	EXP 	window1: recordFrameIntervals = False
328.7930 	INFO 	Mouse: using default window
329.9376 	DATA 	Keypress: m
331.8861 	DATA 	Keypress: m
332.0265 	EXP 	New trial (rep=4, index=4): {'leftStreamFlip': False, 'oneTarget': True, 'trialInstructionPos': (0, -1), 'probe': 'both', 'rightStreamFlip': False, 'horizVert': False, 'ISIframes': 2, 'rightResponseFirst': False}
332.0514 	INFO 	numtrials=360 and this trialDurFrames=3 or 50.0 ms  task=T1
333.1020 	EXP 	window1: recordFrameIntervals = False
333.1089 	INFO 	Mouse: using default window
334.2527 	DATA 	Keypress: r
334.3907 	EXP 	New trial (rep=4, index=5): {'leftStreamFlip': False, 'oneTarget': False, 'trialInstructionPos': (0, -1), 'probe': 'both', 'rightStreamFlip': False, 'horizVert': False, 'ISIframes': 2, 'rightResponseFirst': True}
334.4016 	INFO 	numtrials=360 and this trialDurFrames=3 or 50.0 ms  task=T1
335.3855 	EXP 	window1: recordFrameIntervals = False
335.3929 	INFO 	Mouse: using default window
337.3027 	DATA 	Keypress: z
337.8361 	DATA 	Keypress: c
337.9773 	EXP 	New trial (rep=4, index=6): {'leftStreamFlip': False, 'oneTarget': True, 'trialInstructionPos': (0, 1), 'probe': 'both', 'rightStreamFlip': False, 'horizVert': False, 'ISIframes': 2, 'rightResponseFirst': True}
337.9859 	INFO 	numtrials=360 and this trialDurFrames=3 or 50.0 ms  task=T1
339.0853 	EXP 	window1: recordFrameIntervals = False
339.0922 	INFO 	Mouse: using default window
340.1860 	DATA 	Keypress: s
340.3266 	EXP 	New trial (rep=4, index=7): {'leftStreamFlip': False, 'oneTarget': False, 'trialInstructionPos': (0, 1), 'probe': 'both', 'rightStreamFlip': False, 'horizVert': False, 'ISIframes': 2, 'rightResponseFirst': False}
340.3514 	INFO 	numtrials=360 and this trialDurFrames=3 or 50.0 ms  task=T1
341.4686 	EXP 	window1: recordFrameIntervals = False
341.4758 	INFO 	Mouse: using default window
343.2861 	DATA 	Keypress: s
343.7195 	DATA 	Keypress: c
343.8570 	EXP 	New trial (rep=4, index=8): {'leftStreamFlip': False, 'oneTarget': False, 'trialInstructionPos': (0, -1), 'probe': 'both', 'rightStreamFlip': False, 'horizVert': False, 'ISIframes': 2, 'rightResponseFirst': False}
343.8678 	INFO 	numtrials=360 and this trialDurFrames=3 or 50.0 ms  task=T1
345.0019 	EXP 	window1: recordFrameIntervals = False
345.0100 	INFO 	Mouse: using default window
346.2692 	DATA 	Keypress: j
346.9029 	DATA 	Keypress: z
347.0417 	EXP 	New trial (rep=4, index=9): {'leftStreamFlip': False, 'oneTarget': True, 'trialInstructionPos': (0, -1), 'probe': 'both', 'rightStreamFlip': False, 'horizVert': False, 'ISIframes': 2, 'rightResponseFirst': True}
347.0516 	INFO 	numtrials=360 and this trialDurFrames=3 or 50.0 ms  task=T1
348.0522 	EXP 	window1: recordFrameIntervals = False
348.0596 	INFO 	Mouse: using default window
349.1211 	DATA 	Keypress: f
349.2747 	EXP 	New trial (rep=4, index=10): {'leftStreamFlip': False, 'oneTarget': False, 'trialInstructionPos': (0, -1), 'probe': 'both', 'rightStreamFlip': False, 'horizVert': False, 'ISIframes': 2, 'rightResponseFirst': True}
349.2847 	INFO 	numtrials=360 and this trialDurFrames=3 or 50.0 ms  task=T1
350.4853 	EXP 	window1: recordFrameIntervals = False
350.4925 	INFO 	Mouse: using default window
351.8359 	DATA 	Keypress: f
352.7374 	DATA 	Keypress: s
352.8929 	EXP 	New trial (rep=4, index=11): {'leftStreamFlip': False, 'oneTarget': True, 'trialInstructionPos': (0, 1), 'probe': 'both', 'rightStreamFlip': False, 'horizVert': False, 'ISIframes': 2, 'rightResponseFirst': False}
352.9023 	INFO 	numtrials=360 and this trialDurFrames=3 or 50.0 ms  task=T1
354.0520 	EXP 	window1: recordFrameIntervals = False
354.0593 	INFO 	Mouse: using default window
355.5043 	DATA 	Keypress: s
355.6590 	EXP 	New trial (rep=5, index=0): {'leftStreamFlip': False, 'oneTarget': True, 'trialInstructionPos': (0, 1), 'probe': 'both', 'rightStreamFlip': False, 'horizVert': False, 'ISIframes': 2, 'rightResponseFirst': True}
355.6686 	INFO 	numtrials=360 and this trialDurFrames=4 or 66.6666666667 ms  task=T1
356.8686 	EXP 	window1: recordFrameIntervals = False
356.8758 	INFO 	Mouse: using default window
357.8527 	DATA 	Keypress: a
357.9966 	EXP 	New trial (rep=5, index=1): {'leftStreamFlip': False, 'oneTarget': False, 'trialInstructionPos': (0, -1), 'probe': 'both', 'rightStreamFlip': False, 'horizVert': False, 'ISIframes': 2, 'rightResponseFirst': False}
358.0180 	INFO 	numtrials=360 and this trialDurFrames=4 or 66.6666666667 ms  task=T1
359.0020 	EXP 	window1: recordFrameIntervals = False
359.0088 	INFO 	Mouse: using default window
360.5863 	DATA 	Keypress: e
361.3189 	DATA 	Keypress: m
361.4610 	EXP 	New trial (rep=5, index=2): {'leftStreamFlip': False, 'oneTarget': False, 'trialInstructionPos': (0, -1), 'probe': 'both', 'rightStreamFlip': False, 'horizVert': False, 'ISIframes': 2, 'rightResponseFirst': False}
361.4848 	INFO 	numtrials=360 and this trialDurFrames=4 or 66.6666666667 ms  task=T1
362.6354 	EXP 	window1: recordFrameIntervals = False
362.6427 	INFO 	Mouse: using default window
363.6693 	DATA 	Keypress: h
364.2027 	DATA 	Keypress: t
364.3426 	EXP 	New trial (rep=5, index=3): {'leftStreamFlip': False, 'oneTarget': False, 'trialInstructionPos': (0, 1), 'probe': 'both', 'rightStreamFlip': False, 'horizVert': False, 'ISIframes': 2, 'rightResponseFirst': True}
364.3519 	INFO 	numtrials=360 and this trialDurFrames=4 or 66.6666666667 ms  task=T1
365.4518 	EXP 	window1: recordFrameIntervals = False
365.4590 	INFO 	Mouse: using default window
366.7027 	DATA 	Keypress: e
367.2862 	DATA 	Keypress: m
367.4520 	EXP 	New trial (rep=5, index=4): {'leftStreamFlip': False, 'oneTarget': True, 'trialInstructionPos': (0, -1), 'probe': 'both', 'rightStreamFlip': False, 'horizVert': False, 'ISIframes': 2, 'rightResponseFirst': True}
367.4681 	INFO 	numtrials=360 and this trialDurFrames=4 or 66.6666666667 ms  task=T1
368.6682 	EXP 	window1: recordFrameIntervals = False
368.6756 	INFO 	Mouse: using default window
369.6026 	DATA 	Keypress: r
369.7418 	EXP 	New trial (rep=5, index=5): {'leftStreamFlip': False, 'oneTarget': True, 'trialInstructionPos': (0, -1), 'probe': 'both', 'rightStreamFlip': False, 'horizVert': False, 'ISIframes': 2, 'rightResponseFirst': False}
369.7515 	INFO 	numtrials=360 and this trialDurFrames=4 or 66.6666666667 ms  task=T1
370.8020 	EXP 	window1: recordFrameIntervals = False
370.8104 	INFO 	Mouse: using default window
371.6693 	DATA 	Keypress: g
371.8129 	EXP 	New trial (rep=5, index=6): {'leftStreamFlip': False, 'oneTarget': True, 'trialInstructionPos': (0, 1), 'probe': 'both', 'rightStreamFlip': False, 'horizVert': False, 'ISIframes': 2, 'rightResponseFirst': False}
371.8348 	INFO 	numtrials=360 and this trialDurFrames=4 or 66.6666666667 ms  task=T1
372.8355 	EXP 	window1: recordFrameIntervals = False
372.8425 	INFO 	Mouse: using default window
375.1693 	DATA 	Keypress: g
375.3088 	EXP 	New trial (rep=5, index=7): {'leftStreamFlip': False, 'oneTarget': False, 'trialInstructionPos': (0, 1), 'probe': 'both', 'rightStreamFlip': False, 'horizVert': False, 'ISIframes': 2, 'rightResponseFirst': False}
375.3184 	INFO 	numtrials=360 and this trialDurFrames=4 or 66.6666666667 ms  task=T1
376.4354 	EXP 	window1: recordFrameIntervals = False
376.4450 	INFO 	Mouse: using default window
377.3688 	DATA 	Keypress: r
377.9026 	DATA 	Keypress: j
378.0442 	EXP 	New trial (rep=5, index=8): {'leftStreamFlip': False, 'oneTarget': False, 'trialInstructionPos': (0, 1), 'probe': 'both', 'rightStreamFlip': False, 'horizVert': False, 'ISIframes': 2, 'rightResponseFirst': True}
378.0682 	INFO 	numtrials=360 and this trialDurFrames=4 or 66.6666666667 ms  task=T1
379.0688 	EXP 	window1: recordFrameIntervals = False
379.0757 	INFO 	Mouse: using default window
380.3026 	DATA 	Keypress: k
380.6021 	DATA 	Keypress: r
380.7417 	EXP 	New trial (rep=5, index=9): {'leftStreamFlip': False, 'oneTarget': False, 'trialInstructionPos': (0, -1), 'probe': 'both', 'rightStreamFlip': False, 'horizVert': False, 'ISIframes': 2, 'rightResponseFirst': True}
380.7514 	INFO 	numtrials=360 and this trialDurFrames=4 or 66.6666666667 ms  task=T1
381.9687 	EXP 	window1: recordFrameIntervals = False
381.9756 	INFO 	Mouse: using default window
384.6860 	DATA 	Keypress: a
388.9195 	DATA 	Keypress: j
389.0589 	EXP 	New trial (rep=5, index=10): {'leftStreamFlip': False, 'oneTarget': False, 'trialInstructionPos': (0, -1), 'probe': 'both', 'rightStreamFlip': False, 'horizVert': False, 'ISIframes': 2, 'rightResponseFirst': True}
389.0860 	INFO 	numtrials=360 and this trialDurFrames=4 or 66.6666666667 ms  task=T1
390.1185 	EXP 	window1: recordFrameIntervals = False
390.1259 	INFO 	Mouse: using default window
391.1211 	DATA 	Keypress: k
391.6692 	DATA 	Keypress: t
391.8098 	EXP 	New trial (rep=5, index=11): {'leftStreamFlip': False, 'oneTarget': False, 'trialInstructionPos': (0, 1), 'probe': 'both', 'rightStreamFlip': False, 'horizVert': False, 'ISIframes': 2, 'rightResponseFirst': False}
391.8187 	INFO 	numtrials=360 and this trialDurFrames=4 or 66.6666666667 ms  task=T1
392.8185 	EXP 	window1: recordFrameIntervals = False
392.8259 	INFO 	Mouse: using default window
393.7860 	DATA 	Keypress: u
394.1025 	DATA 	Keypress: u
394.2424 	EXP 	New trial (rep=6, index=0): {'leftStreamFlip': False, 'oneTarget': True, 'trialInstructionPos': (0, -1), 'probe': 'both', 'rightStreamFlip': False, 'horizVert': False, 'ISIframes': 2, 'rightResponseFirst': True}
394.2514 	INFO 	numtrials=360 and this trialDurFrames=4 or 66.6666666667 ms  task=T1
395.2520 	EXP 	window1: recordFrameIntervals = False
395.2589 	INFO 	Mouse: using default window
396.1527 	DATA 	Keypress: m
396.2940 	EXP 	New trial (rep=6, index=1): {'leftStreamFlip': False, 'oneTarget': False, 'trialInstructionPos': (0, -1), 'probe': 'both', 'rightStreamFlip': False, 'horizVert': False, 'ISIframes': 2, 'rightResponseFirst': False}
396.3184 	INFO 	numtrials=360 and this trialDurFrames=4 or 66.6666666667 ms  task=T1
397.4021 	EXP 	window1: recordFrameIntervals = False
397.4090 	INFO 	Mouse: using default window
398.4026 	DATA 	Keypress: k
399.0193 	DATA 	Keypress: a
399.1601 	EXP 	New trial (rep=6, index=2): {'leftStreamFlip': False, 'oneTarget': False, 'trialInstructionPos': (0, -1), 'probe': 'both', 'rightStreamFlip': False, 'horizVert': False, 'ISIframes': 2, 'rightResponseFirst': True}
399.1698 	INFO 	numtrials=360 and this trialDurFrames=4 or 66.6666666667 ms  task=T1
400.3686 	EXP 	window1: recordFrameIntervals = False
400.3755 	INFO 	Mouse: using default window
401.3193 	DATA 	Keypress: n
401.7191 	DATA 	Keypress: m
401.8576 	EXP 	New trial (rep=6, index=3): {'leftStreamFlip': False, 'oneTarget': True, 'trialInstructionPos': (0, 1), 'probe': 'both', 'rightStreamFlip': False, 'horizVert': False, 'ISIframes': 2, 'rightResponseFirst': False}
401.8681 	INFO 	numtrials=360 and this trialDurFrames=4 or 66.6666666667 ms  task=T1
403.0020 	EXP 	window1: recordFrameIntervals = False
403.0093 	INFO 	Mouse: using default window
403.7363 	DATA 	Keypress: g
403.8768 	EXP 	New trial (rep=6, index=4): {'leftStreamFlip': False, 'oneTarget': False, 'trialInstructionPos': (0, 1), 'probe': 'both', 'rightStreamFlip': False, 'horizVert': False, 'ISIframes': 2, 'rightResponseFirst': False}
403.9012 	INFO 	numtrials=360 and this trialDurFrames=4 or 66.6666666667 ms  task=T1
405.1187 	EXP 	window1: recordFrameIntervals = False
405.1258 	INFO 	Mouse: using default window
406.3028 	DATA 	Keypress: f
406.8030 	DATA 	Keypress: y
406.9466 	EXP 	New trial (rep=6, index=5): {'leftStreamFlip': False, 'oneTarget': False, 'trialInstructionPos': (0, -1), 'probe': 'both', 'rightStreamFlip': False, 'horizVert': False, 'ISIframes': 2, 'rightResponseFirst': True}
406.9681 	INFO 	numtrials=360 and this trialDurFrames=4 or 66.6666666667 ms  task=T1
408.0519 	EXP 	window1: recordFrameIntervals = False
408.0589 	INFO 	Mouse: using default window
409.0526 	DATA 	Keypress: c
409.3860 	DATA 	Keypress: a
409.5267 	EXP 	New trial (rep=6, index=6): {'leftStreamFlip': False, 'oneTarget': True, 'trialInstructionPos': (0, -1), 'probe': 'both', 'rightStreamFlip': False, 'horizVert': False, 'ISIframes': 2, 'rightResponseFirst': False}
409.5515 	INFO 	numtrials=360 and this trialDurFrames=4 or 66.6666666667 ms  task=T1
410.5854 	EXP 	window1: recordFrameIntervals = False
410.5926 	INFO 	Mouse: using default window
411.4526 	DATA 	Keypress: k
411.5922 	EXP 	New trial (rep=6, index=7): {'leftStreamFlip': False, 'oneTarget': False, 'trialInstructionPos': (0, 1), 'probe': 'both', 'rightStreamFlip': False, 'horizVert': False, 'ISIframes': 2, 'rightResponseFirst': True}
411.6186 	INFO 	numtrials=360 and this trialDurFrames=4 or 66.6666666667 ms  task=T1
412.8019 	EXP 	window1: recordFrameIntervals = False
412.8093 	INFO 	Mouse: using default window
413.7362 	DATA 	Keypress: c
414.2195 	DATA 	Keypress: e
414.3624 	EXP 	New trial (rep=6, index=8): {'leftStreamFlip': False, 'oneTarget': True, 'trialInstructionPos': (0, 1), 'probe': 'both', 'rightStreamFlip': False, 'horizVert': False, 'ISIframes': 2, 'rightResponseFirst': True}
414.3849 	INFO 	numtrials=360 and this trialDurFrames=4 or 66.6666666667 ms  task=T1
415.5020 	EXP 	window1: recordFrameIntervals = False
415.5093 	INFO 	Mouse: using default window
416.3694 	DATA 	Keypress: g
416.5151 	EXP 	New trial (rep=6, index=9): {'leftStreamFlip': False, 'oneTarget': False, 'trialInstructionPos': (0, 1), 'probe': 'both', 'rightStreamFlip': False, 'horizVert': False, 'ISIframes': 2, 'rightResponseFirst': False}
416.5348 	INFO 	numtrials=360 and this trialDurFrames=4 or 66.6666666667 ms  task=T1
417.5855 	EXP 	window1: recordFrameIntervals = False
417.5924 	INFO 	Mouse: using default window
418.6031 	DATA 	Keypress: u
419.2190 	DATA 	Keypress: c
419.3603 	EXP 	New trial (rep=6, index=10): {'leftStreamFlip': False, 'oneTarget': False, 'trialInstructionPos': (0, -1), 'probe': 'both', 'rightStreamFlip': False, 'horizVert': False, 'ISIframes': 2, 'rightResponseFirst': False}
419.3847 	INFO 	numtrials=360 and this trialDurFrames=4 or 66.6666666667 ms  task=T1
420.4516 	EXP 	window1: recordFrameIntervals = False
420.4593 	INFO 	Mouse: using default window
421.5533 	DATA 	Keypress: g
422.0028 	DATA 	Keypress: h
422.1475 	EXP 	New trial (rep=6, index=11): {'leftStreamFlip': False, 'oneTarget': False, 'trialInstructionPos': (0, 1), 'probe': 'both', 'rightStreamFlip': False, 'horizVert': False, 'ISIframes': 2, 'rightResponseFirst': True}
422.1682 	INFO 	numtrials=360 and this trialDurFrames=4 or 66.6666666667 ms  task=T1
423.1686 	EXP 	window1: recordFrameIntervals = False
423.1757 	INFO 	Mouse: using default window
424.4360 	DATA 	Keypress: z
424.9192 	DATA 	Keypress: j
425.0599 	EXP 	New trial (rep=7, index=0): {'leftStreamFlip': False, 'oneTarget': False, 'trialInstructionPos': (0, 1), 'probe': 'both', 'rightStreamFlip': False, 'horizVert': False, 'ISIframes': 2, 'rightResponseFirst': True}
425.0687 	INFO 	numtrials=360 and this trialDurFrames=4 or 66.6666666667 ms  task=T1
426.1354 	EXP 	window1: recordFrameIntervals = False
426.1435 	INFO 	Mouse: using default window
431.7693 	DATA 	Keypress: lctrl
431.9528 	DATA 	Keypress: lshift
432.1862 	DATA 	Keypress: z
432.2058 	INFO 	Stopping at 15:20 on 08 Aug 2018
432.2074 	ERROR 	user aborted experiment on keypress with trials done=84 of 361
432.2239 	INFO 	Program terminating normally.
