0.9474 	WARNING 	Monitor specification not found. Creating a temporary one...
10.0961 	EXP 	Created window1 = Window(allowGUI=False, allowStencil=False, autoLog=True, bitsMode=UNKNOWN, blendMode='avg', color=array([-0.7, -0.7, -0.7]), colorSpace='rgb', fullscr=UNKNOWN, gamma=None, lms=UNKNOWN, monitor=<psychopy.monitors.calibTools.Monitor object at 0x1B117170>, name='window1', pos=[0, 0], screen=0, size=array([1920, 1080]), stereo=False, units='deg', useFBO=False, useRetina=False, viewOri=0.0, viewPos=None, viewScale=None, waitBlanking=False, winType='pyglet')
10.0962 	INFO 	Mouse: using default window
10.0964 	EXP 	window1: units = 'norm'
10.1852 	EXP 	Created unnamed ImageStim = ImageStim(autoLog=True, color=array([ 1.,  1.,  1.]), colorSpace='rgb', contrast=1.0, depth=0, flipHoriz=False, flipVert=False, image=str(...), interpolate=False, mask=None, maskParams=None, name='unnamed ImageStim', opacity=1.0, ori=0.0, pos=array([-0.5,  0. ]), size=array([ 1.290625  ,  3.24814815]), texRes=128, units='norm', win=Window(...))
10.2610 	EXP 	Created unnamed ImageStim = ImageStim(autoLog=True, color=array([ 1.,  1.,  1.]), colorSpace='rgb', contrast=1.0, depth=0, flipHoriz=False, flipVert=False, image=str(...), interpolate=False, mask=None, maskParams=None, name='unnamed ImageStim', opacity=1.0, ori=0.0, pos=array([ 0.5,  0. ]), size=array([ 1.290625  ,  3.24814815]), texRes=128, units='norm', win=Window(...))
10.2770 	EXP 	Created OKrespZone = GratingStim(autoDraw=False, autoLog=True, color=array([ 1. ,  0.5,  0.5]), colorSpace='rgb', contrast=1.0, depth=0, interpolate=False, mask='gauss', maskParams=None, name='OKrespZone', opacity=1.0, ori=0.0, phase=array([ 0.,  0.]), pos=array([-0.2 , -0.92]), rgbPedestal=array([ 0.,  0.,  0.]), sf=array([ 0.,  0.]), size=array([ 2.3,  0.2]), tex='sin', texRes=256, units='norm', win=Window(...))
10.4553 	EXP 	unnamed ImageStim: size = (1, 2)
10.4553 	EXP 	unnamed ImageStim: size = (1, 2)
78.4921 	DATA 	Mouse: Left button down, pos=(575,38)
78.5084 	EXP 	window1: units = 'deg'
78.5087 	EXP 	window1: units = 'norm'
78.5289 	EXP 	Created OKrespZone = GratingStim(autoDraw=False, autoLog=True, color=array([ 1. ,  0.5,  0.5]), colorSpace='rgb', contrast=1.0, depth=0, interpolate=False, mask='gauss', maskParams=None, name='OKrespZone', opacity=1.0, ori=0.0, phase=array([ 0.,  0.]), pos=array([-0.2 , -0.92]), rgbPedestal=array([ 0.,  0.,  0.]), sf=array([ 0.,  0.]), size=array([ 2.3,  0.2]), tex='sin', texRes=256, units='norm', win=Window(...))
78.6094 	EXP 	Created unnamed ImageStim = ImageStim(autoLog=True, color=array([ 1.,  1.,  1.]), colorSpace='rgb', contrast=1.0, depth=0, flipHoriz=False, flipVert=False, image='abgdj\\PISandConsentForm\\consentForm.png', interpolate=False, mask=None, maskParams=None, name='unnamed ImageStim', opacity=1.0, ori=0.0, pos=array([ 0.,  0.]), size=array([ 1.3375    ,  2.97407407]), texRes=128, units='norm', win=Window(...))
78.6518 	EXP 	Created unnamed GratingStim = GratingStim(autoDraw=False, autoLog=True, color=array([ 1. ,  0.5,  0.5]), colorSpace='rgb', contrast=1.0, depth=0, interpolate=False, mask='gauss', maskParams=None, name='unnamed GratingStim', opacity=1.0, ori=0.0, phase=array([ 0.,  0.]), pos=array([-0.2 , -0.42]), rgbPedestal=array([ 0.,  0.,  0.]), sf=array([ 0.,  0.]), size=array([ 0.3,  0.2]), tex='sin', texRes=256, units='norm', win=Window(...))
78.6905 	EXP 	Created unnamed GratingStim = GratingStim(autoDraw=False, autoLog=True, color=array([ 1. ,  0.5,  0.5]), colorSpace='rgb', contrast=1.0, depth=0, interpolate=False, mask='gauss', maskParams=None, name='unnamed GratingStim', opacity=1.0, ori=0.0, phase=array([ 0.,  0.]), pos=array([ 0.1 , -0.42]), rgbPedestal=array([ 0.,  0.,  0.]), sf=array([ 0.,  0.]), size=array([ 0.3,  0.2]), tex='sin', texRes=256, units='norm', win=Window(...))
78.7117 	EXP 	Created unnamed GratingStim = GratingStim(autoDraw=False, autoLog=True, color=array([ 1. ,  0.5,  0.5]), colorSpace='rgb', contrast=1.0, depth=0, interpolate=False, mask='gauss', maskParams=None, name='unnamed GratingStim', opacity=1.0, ori=0.0, phase=array([ 0.,  0.]), pos=array([-0.2 , -0.72]), rgbPedestal=array([ 0.,  0.,  0.]), sf=array([ 0.,  0.]), size=array([ 0.3,  0.2]), tex='sin', texRes=256, units='norm', win=Window(...))
78.7328 	EXP 	Created unnamed GratingStim = GratingStim(autoDraw=False, autoLog=True, color=array([ 1. ,  0.5,  0.5]), colorSpace='rgb', contrast=1.0, depth=0, interpolate=False, mask='gauss', maskParams=None, name='unnamed GratingStim', opacity=1.0, ori=0.0, phase=array([ 0.,  0.]), pos=array([ 0.1 , -0.72]), rgbPedestal=array([ 0.,  0.,  0.]), sf=array([ 0.,  0.]), size=array([ 0.3,  0.2]), tex='sin', texRes=256, units='norm', win=Window(...))
78.7357 	DATA 	Mouse:  Left button up, pos=(576,38)
78.7413 	EXP 	unnamed ImageStim: size = (1.1, 2)
84.7255 	DATA 	Mouse: Left button down, pos=(780,311)
84.9089 	DATA 	Mouse:  Left button up, pos=(780,311)
88.0588 	DATA 	Mouse: Left button down, pos=(776,155)
88.1959 	DATA 	Mouse:  Left button up, pos=(776,155)
89.2590 	DATA 	Mouse: Left button down, pos=(701,48)
89.2757 	EXP 	window1: units = 'deg'
89.2800 	EXP 	window1: mouseVisible = True
104.5112 	EXP 	Created window1 = Window(allowGUI=False, allowStencil=False, autoLog=True, bitsMode=UNKNOWN, blendMode='avg', color=array([-0.7, -0.7, -0.7]), colorSpace='rgb', fullscr=UNKNOWN, gamma=None, lms=UNKNOWN, monitor=<psychopy.monitors.calibTools.Monitor object at 0x1B117170>, name='window1', pos=[0, 0], screen=0, size=array([1920, 1080]), stereo=False, units='deg', useFBO=False, useRetina=False, viewOri=0.0, viewPos=None, viewScale=None, waitBlanking=False, winType='pyglet')
109.0781 	INFO 	#[ PsychoPy2 RuntimeInfoStart ]
  #[[ PsychoPy ]] #---------
    psychopyVersion: 1.84.2
    psychopyHaveExtRush: True
  #[[ Experiment ]] #---------
    experimentAuthor: None
    experimentAuthVersion: None
    experimentRunTime: 2018_08_08 09:25 (Year_Month_Day Hour:Min)
    experimentRunTime.epoch: 1533684345
    experimentScript: psyc1002.py
    experimentScript.digestSHA1: 03993779484d600ea4c1b8cc2288f3d37a5025d5
    experimentScript.directory: U:\PSYC1002\abgdj
  #[[ System ]] #---------
    systemHaveInternetAccess: True
    systemHostName: W5125LG2
    systemLocale: English_Australia.1252
    systemMemFreeRAM: 4683.640625
    systemMemTotalRAM: 8076.9453125
    systemPlatform: windowsversion=sys.getwindowsversion(major=6, minor=2, build=9200, platform=2, service_pack='')
    systemPyo.InputDevices: {4: {'host api index': 2, 'latency': 0.008707483299076557, 'default sr': 44100, 'name': u'Realtek ASIO'}}
    systemPyo.OutputDevices: {0: {'host api index': 0, 'latency': 0.09000000357627869, 'default sr': 44100, 'name': u'Microsoft Sound Mapper - Output'}, 1: {'host api index': 0, 'latency': 0.09000000357627869, 'default sr': 44100, 'name': u'Speakers / Headphones (Realtek '}, 2: {'host api index': 1, 'latency': 0.11999999731779099, 'default sr': 44100, 'name': u'Primary Sound Driver'}, 3: {'host api index': 1, 'latency': 0.11999999731779099, 'default sr': 44100, 'name': u'Speakers / Headphones (Realtek High Definition Audio)'}, 4: {'host api index': 2, 'latency': 0.008707483299076557, 'default sr': 44100, 'name': u'Realtek ASIO'}, 5: {'host api index': 3, 'latency': 0.003000000026077032, 'default sr': 48000, 'name': u'Speakers / Headphones (Realtek High Definition Audio)'}}
    systemPyoVersion: 0.8.0
    systemRebooted: System Boot Time:          8/08/2018, 2:08:43 AM
    systemSec.pythonSSL: True
    systemTimeNumpySD1000000_sec: 0.0087
    systemUser: jhol7480
    systemUserID: 1000
    systemUserProcCmdPid: LabStatsUserSpace.exe dwm.exe TiWorker.exe CmRcService.exe nierserver.exe LabStatsClient.exe tagsrv.exe SearchUI.exe OneDrive.exe nipxism.exe WmiPrvSE.exe niLxiDiscovery.exe SecurityHealthService.exe redirector.exe SearchProtocolHost.exe server_admin.exe pc-client.exe lkads.exe svchost.exe smartscreen.exe ni_usbmon.exe AGSService.exe System SISIDSService.exe SelfServicePlugin.exe explorer.exe smss.exe ApplicationWebServer.exe RuntimeBroker.exe acrotray.exe niauth_daemon.exe cmd.exe nidmsrv.exe Receiver.exe SISIPSService.exe lktsrv.exe lsass.exe python.exe RtkNGUI64.exe sisipsutil.exe armsvc.exe policyHost.exe ssonsvr.exe concentr.exe nidevldu.exe taskhostw.exe ctfmon.exe RAVBg64.exe ''Memory Compression'' NIWebServiceContainer.exe nimxs.exe RtkAudioService64.exe SystemWebServer.exe tasklist.exe snowagent.exe CcmExec.exe SearchFilterHost.exe SmcGui.exe nicitdl5.exe ''System Idle Process'' services.exe niDiscSvc.exe sqlwriter.exe MSASCuiL.exe SCNotification.exe nimdnsResponder.exe server_runtime.exe sihost.exe backgroundTaskHost.exe spoolsv.exe wininit.exe winlogon.exe ShellExperienceHost.exe nidevmon.exe SearchIndexer.exe csrss.exe TrustedInstaller.exe audiodg.exe fontdrvhost.exe OneDriveSetup.exe dllhost.exe unsecapp.exe ccSvcHst.exe wfcrun32.exe nisvcloc.exe server_eventlog.exe lkcitdl.exe AuthManSvr.exe conhost.exe
    systemUserProcCount: 179
    systemUserProcFlagged: Explorer
    systemUsersCount: False
  #[[ Window ]] #---------
    windowWinType: pyglet
    windowWaitBlanking: False
    windowUseNativeGamma: True
    windowUnits: deg
    windowSize_pix: [1920 1080]
    windowScreen: 0
    windowRgb: [-0.7 -0.7 -0.7]
    windowRefreshTimeSD_ms: 0.236
    windowRefreshTimeMedian_ms: 16.679
    windowRefreshTimeAvg_ms: 16.670
    windowRefreshThreshold_sec: 0.0200
    windowRecordFrameIntervals: False
    windowPos_pix: [0, 0]
    windowMonitor.name: testmonitor
    windowMonitor.getWidth_cm: 57.0
    windowMonitor.getLinearizeMethod: 1
    windowMonitor.getGammaGrid: [[  0.   1.   1.  nan  nan  nan]
 [  0.   1.   1.  nan  nan  nan]
 [  0.   1.   1.  nan  nan  nan]
 [  0.   1.   1.  nan  nan  nan]]
    windowMonitor.getDistance_cm: 57.0
    windowMonitor.gammaInterpolator2: None
    windowMonitor.gammaInterpolator: None
    windowMonitor.currentCalibName: 2018_08_08 09:24
    windowIsFullScr: True
    windowHaveShaders: True
    windowAllowGUI: False
  #[[ Python ]] #---------
    pythonWxVersion: 3.0.2.0 msw (classic)
    pythonVersion: 2.7.11
    pythonScipyVersion: 0.17.1
    pythonPygletVersion: 1.2.4
    pythonPygameVersion: 1.9.2pre
    pythonNumpyVersion: 1.11.0
    pythonMatplotlibVersion: 1.5.1
    pythonFullVersion: 2.7.11 (v2.7.11:6d1b6a68f775, Dec  5 2015, 20:32:19) [MSC v.1500 32 bit (Intel)]
    pythonExecutable: C:\Program Files (x86)\PsychoPy2\python.exe
  #[[ OpenGL ]] #---------
    openGLVersion: 4.4.0 - Build 20.19.15.4531
    openGLVendor: Intel
    openGLRenderingEngine: Intel(R) HD Graphics 530
    openGLmaxVerticesInVertexArray: 1048576
    False: openGLext.GL_STEREO
    True: openGLext.GL_EXT_framebuffer_object
    True: openGLext.GL_ARB_vertex_shader
    True: openGLext.GL_ARB_texture_non_power_of_two
    True: openGLext.GL_ARB_texture_float
    True: openGLext.GL_ARB_shader_objects
    True: openGLext.GL_ARB_multitexture
    True: openGLext.GL_ARB_fragment_program
#[ PsychoPy2 RuntimeInfoEnd ]

109.1253 	EXP 	window1: recordFrameIntervals = True
109.9586 	EXP 	window1: recordFrameIntervals = False
109.9653 	INFO 	Frames per second ~=60.0, which is close enough to desired val of 60.0
110.1482 	EXP 	Created sequence: random, trialTypes=12, nReps=30, seed=None
110.3499 	INFO 	Mouse: using default window
110.3692 	EXP 	Created OKrespZone = GratingStim(autoDraw=False, autoLog=True, color=array([ 1.,  1.,  1.]), colorSpace='rgb', contrast=1.0, depth=0, interpolate=False, mask='gauss', maskParams=None, name='OKrespZone', opacity=1.0, ori=0.0, phase=array([ 0.,  0.]), pos=array([ 0.  ,  0.88]), rgbPedestal=array([ 0.,  0.,  0.]), sf=array([ 0.,  0.]), size=array([ 2. ,  0.2]), tex='sin', texRes=256, units='norm', win=Window(...))
118.3211 	DATA 	Mouse: Left button down, pos=(127,956)
118.4730 	DATA 	Mouse:  Left button up, pos=(127,956)
125.7935 	DATA 	Mouse: Left button down, pos=(104,194)
125.9369 	DATA 	Mouse:  Left button up, pos=(104,194)
128.9771 	DATA 	Mouse: Left button down, pos=(278,118)
129.0889 	DATA 	Mouse:  Left button up, pos=(278,118)
145.0973 	DATA 	Mouse: Left button down, pos=(116,395)
145.2648 	DATA 	Mouse:  Left button up, pos=(116,395)
186.4812 	DATA 	Mouse: Left button down, pos=(1130,685)
186.5848 	DATA 	Mouse:  Left button up, pos=(1130,685)
200.2971 	DATA 	Mouse: Left button down, pos=(1331,733)
200.4728 	DATA 	Mouse:  Left button up, pos=(1331,733)
217.1058 	DATA 	Mouse: Left button down, pos=(1724,752)
217.2888 	DATA 	Mouse:  Left button up, pos=(1724,752)
219.2015 	DATA 	Mouse: Left button down, pos=(1711,672)
219.3768 	DATA 	Mouse:  Left button up, pos=(1711,672)
250.1940 	DATA 	Mouse: Left button down, pos=(1537,882)
250.3127 	DATA 	Mouse:  Left button up, pos=(1537,882)
267.6809 	DATA 	Mouse: Left button down, pos=(280,196)
267.8646 	DATA 	Mouse:  Left button up, pos=(280,196)
279.8659 	DATA 	Mouse: Left button down, pos=(963,1001)
279.8897 	INFO 	Experiment will have 360 trials. Letters will be drawn with superposed noise of 0.00%
279.9039 	EXP 	New trial (rep=0, index=0): {'leftStreamFlip': False, 'oneTarget': True, 'trialInstructionPos': (0, 1), 'probe': 'both', 'rightStreamFlip': False, 'horizVert': True, 'ISIframes': 3, 'rightResponseFirst': False}
279.9040 	INFO 	Starting main part of experiment
279.9785 	DATA 	Mouse:  Left button up, pos=(963,1001)
281.0919 	INFO 	numtrials=360 and this trialDurFrames=41 or 683.333333333 ms  task=T1
283.2422 	EXP 	window1: recordFrameIntervals = False
283.2520 	INFO 	Mouse: using default window
286.0938 	DATA 	Keypress: h
286.2619 	EXP 	New trial (rep=0, index=1): {'leftStreamFlip': False, 'oneTarget': False, 'trialInstructionPos': (0, 1), 'probe': 'both', 'rightStreamFlip': False, 'horizVert': True, 'ISIframes': 3, 'rightResponseFirst': False}
295.7751 	INFO 	numtrials=360 and this trialDurFrames=32 or 533.333333333 ms  task=T1
297.9417 	EXP 	window1: recordFrameIntervals = False
297.9496 	INFO 	Mouse: using default window
300.2595 	DATA 	Keypress: y
302.6927 	DATA 	Keypress: o
302.8330 	EXP 	New trial (rep=0, index=2): {'leftStreamFlip': False, 'oneTarget': False, 'trialInstructionPos': (0, 1), 'probe': 'both', 'rightStreamFlip': False, 'horizVert': True, 'ISIframes': 3, 'rightResponseFirst': True}
302.8423 	INFO 	numtrials=360 and this trialDurFrames=26 or 433.333333333 ms  task=T1
304.8418 	EXP 	window1: recordFrameIntervals = False
304.8501 	INFO 	Mouse: using default window
306.8427 	DATA 	Keypress: y
308.3456 	DATA 	Keypress: e
308.5007 	EXP 	New trial (rep=0, index=3): {'leftStreamFlip': False, 'oneTarget': True, 'trialInstructionPos': (0, -1), 'probe': 'both', 'rightStreamFlip': False, 'horizVert': True, 'ISIframes': 3, 'rightResponseFirst': False}
308.5255 	INFO 	numtrials=360 and this trialDurFrames=26 or 433.333333333 ms  task=T1
310.0586 	EXP 	window1: recordFrameIntervals = False
310.0678 	INFO 	Mouse: using default window
312.0430 	DATA 	Keypress: e
312.1872 	EXP 	New trial (rep=0, index=4): {'leftStreamFlip': False, 'oneTarget': False, 'trialInstructionPos': (0, -1), 'probe': 'both', 'rightStreamFlip': False, 'horizVert': True, 'ISIframes': 3, 'rightResponseFirst': False}
320.5426 	INFO 	numtrials=360 and this trialDurFrames=20 or 333.333333333 ms  task=T1
321.9420 	EXP 	window1: recordFrameIntervals = False
321.9500 	INFO 	Mouse: using default window
323.9095 	DATA 	Keypress: c
325.1290 	DATA 	Keypress: y
325.2869 	EXP 	New trial (rep=0, index=5): {'leftStreamFlip': False, 'oneTarget': True, 'trialInstructionPos': (0, 1), 'probe': 'both', 'rightStreamFlip': False, 'horizVert': True, 'ISIframes': 3, 'rightResponseFirst': True}
325.3080 	INFO 	numtrials=360 and this trialDurFrames=5 or 83.3333333333 ms  task=T1
326.4752 	EXP 	window1: recordFrameIntervals = False
326.4837 	INFO 	Mouse: using default window
329.0426 	DATA 	Keypress: z
329.1871 	EXP 	New trial (rep=0, index=6): {'leftStreamFlip': False, 'oneTarget': False, 'trialInstructionPos': (0, -1), 'probe': 'both', 'rightStreamFlip': False, 'horizVert': True, 'ISIframes': 3, 'rightResponseFirst': False}
329.2081 	INFO 	numtrials=360 and this trialDurFrames=6 or 100.0 ms  task=T1
330.3753 	EXP 	window1: recordFrameIntervals = False
330.3839 	INFO 	Mouse: using default window
332.6428 	DATA 	Keypress: c
333.9936 	DATA 	Keypress: r
334.1352 	EXP 	New trial (rep=0, index=7): {'leftStreamFlip': False, 'oneTarget': True, 'trialInstructionPos': (0, -1), 'probe': 'both', 'rightStreamFlip': False, 'horizVert': True, 'ISIframes': 3, 'rightResponseFirst': True}
334.1580 	INFO 	numtrials=360 and this trialDurFrames=5 or 83.3333333333 ms  task=T1
335.3089 	EXP 	window1: recordFrameIntervals = False
335.3172 	INFO 	Mouse: using default window
336.9755 	DATA 	Keypress: n
337.1144 	EXP 	New trial (rep=0, index=8): {'leftStreamFlip': False, 'oneTarget': False, 'trialInstructionPos': (0, 1), 'probe': 'both', 'rightStreamFlip': False, 'horizVert': True, 'ISIframes': 3, 'rightResponseFirst': True}
337.1420 	INFO 	numtrials=360 and this trialDurFrames=6 or 100.0 ms  task=T1
338.3752 	EXP 	window1: recordFrameIntervals = False
338.3839 	INFO 	Mouse: using default window
340.7255 	DATA 	Keypress: k
342.0762 	DATA 	Keypress: t
342.2173 	EXP 	New trial (rep=0, index=9): {'leftStreamFlip': False, 'oneTarget': False, 'trialInstructionPos': (0, -1), 'probe': 'both', 'rightStreamFlip': False, 'horizVert': True, 'ISIframes': 3, 'rightResponseFirst': True}
342.2413 	INFO 	numtrials=360 and this trialDurFrames=6 or 100.0 ms  task=T1
343.3086 	EXP 	window1: recordFrameIntervals = False
343.3174 	INFO 	Mouse: using default window
350.3254 	DATA 	Keypress: y
351.5451 	DATA 	Keypress: g
351.6988 	EXP 	New trial (rep=0, index=10): {'leftStreamFlip': False, 'oneTarget': False, 'trialInstructionPos': (0, -1), 'probe': 'both', 'rightStreamFlip': False, 'horizVert': True, 'ISIframes': 3, 'rightResponseFirst': True}
351.7247 	INFO 	numtrials=360 and this trialDurFrames=5 or 83.3333333333 ms  task=T1
352.7251 	EXP 	window1: recordFrameIntervals = False
352.7335 	INFO 	Mouse: using default window
354.2266 	DATA 	Keypress: g
355.2099 	DATA 	Keypress: c
355.3506 	EXP 	New trial (rep=0, index=11): {'leftStreamFlip': False, 'oneTarget': False, 'trialInstructionPos': (0, 1), 'probe': 'both', 'rightStreamFlip': False, 'horizVert': True, 'ISIframes': 3, 'rightResponseFirst': False}
355.3747 	INFO 	numtrials=360 and this trialDurFrames=5 or 83.3333333333 ms  task=T1
356.4590 	EXP 	window1: recordFrameIntervals = False
356.4662 	INFO 	Mouse: using default window
358.3456 	DATA 	Keypress: k
360.4759 	DATA 	Keypress: k
360.6150 	EXP 	New trial (rep=1, index=0): {'leftStreamFlip': False, 'oneTarget': False, 'trialInstructionPos': (0, 1), 'probe': 'both', 'rightStreamFlip': False, 'horizVert': True, 'ISIframes': 3, 'rightResponseFirst': True}
360.6416 	INFO 	numtrials=360 and this trialDurFrames=5 or 83.3333333333 ms  task=T1
361.7422 	EXP 	window1: recordFrameIntervals = False
361.7508 	INFO 	Mouse: using default window
364.1260 	DATA 	Keypress: z
366.0271 	DATA 	Keypress: t
366.1663 	EXP 	New trial (rep=1, index=1): {'leftStreamFlip': False, 'oneTarget': True, 'trialInstructionPos': (0, -1), 'probe': 'both', 'rightStreamFlip': False, 'horizVert': True, 'ISIframes': 3, 'rightResponseFirst': False}
366.1917 	INFO 	numtrials=360 and this trialDurFrames=5 or 83.3333333333 ms  task=T1
367.3751 	EXP 	window1: recordFrameIntervals = False
367.3840 	INFO 	Mouse: using default window
370.1088 	DATA 	Keypress: n
370.2483 	EXP 	New trial (rep=1, index=2): {'leftStreamFlip': False, 'oneTarget': False, 'trialInstructionPos': (0, 1), 'probe': 'both', 'rightStreamFlip': False, 'horizVert': True, 'ISIframes': 3, 'rightResponseFirst': False}
370.2750 	INFO 	numtrials=360 and this trialDurFrames=5 or 83.3333333333 ms  task=T1
371.4926 	EXP 	window1: recordFrameIntervals = False
371.5007 	INFO 	Mouse: using default window
374.2429 	DATA 	Keypress: i
375.5633 	DATA 	Keypress: s
375.7178 	EXP 	New trial (rep=1, index=3): {'leftStreamFlip': False, 'oneTarget': True, 'trialInstructionPos': (0, -1), 'probe': 'both', 'rightStreamFlip': False, 'horizVert': True, 'ISIframes': 3, 'rightResponseFirst': True}
375.7414 	INFO 	numtrials=360 and this trialDurFrames=5 or 83.3333333333 ms  task=T1
376.7421 	EXP 	window1: recordFrameIntervals = False
376.7510 	INFO 	Mouse: using default window
378.3793 	DATA 	Keypress: c
378.5346 	EXP 	New trial (rep=1, index=4): {'leftStreamFlip': False, 'oneTarget': True, 'trialInstructionPos': (0, 1), 'probe': 'both', 'rightStreamFlip': False, 'horizVert': True, 'ISIframes': 3, 'rightResponseFirst': False}
378.5584 	INFO 	numtrials=360 and this trialDurFrames=5 or 83.3333333333 ms  task=T1
379.6751 	EXP 	window1: recordFrameIntervals = False
379.6851 	INFO 	Mouse: using default window
380.9426 	DATA 	Keypress: y
381.0850 	EXP 	New trial (rep=1, index=5): {'leftStreamFlip': False, 'oneTarget': False, 'trialInstructionPos': (0, 1), 'probe': 'both', 'rightStreamFlip': False, 'horizVert': True, 'ISIframes': 3, 'rightResponseFirst': False}
381.1083 	INFO 	numtrials=360 and this trialDurFrames=5 or 83.3333333333 ms  task=T1
382.1089 	EXP 	window1: recordFrameIntervals = False
382.1172 	INFO 	Mouse: using default window
387.3589 	DATA 	Keypress: k
387.7596 	DATA 	Keypress: j
387.9007 	EXP 	New trial (rep=1, index=6): {'leftStreamFlip': False, 'oneTarget': False, 'trialInstructionPos': (0, -1), 'probe': 'both', 'rightStreamFlip': False, 'horizVert': True, 'ISIframes': 3, 'rightResponseFirst': False}
387.9247 	INFO 	numtrials=360 and this trialDurFrames=5 or 83.3333333333 ms  task=T1
388.9584 	EXP 	window1: recordFrameIntervals = False
388.9674 	INFO 	Mouse: using default window
391.8269 	DATA 	Keypress: k
392.0594 	DATA 	Keypress: u
392.2011 	EXP 	New trial (rep=1, index=7): {'leftStreamFlip': False, 'oneTarget': False, 'trialInstructionPos': (0, 1), 'probe': 'both', 'rightStreamFlip': False, 'horizVert': True, 'ISIframes': 3, 'rightResponseFirst': True}
392.2250 	INFO 	numtrials=360 and this trialDurFrames=5 or 83.3333333333 ms  task=T1
393.4584 	EXP 	window1: recordFrameIntervals = False
393.4666 	INFO 	Mouse: using default window
396.2927 	DATA 	Keypress: c
398.1929 	DATA 	Keypress: u
398.3321 	EXP 	New trial (rep=1, index=8): {'leftStreamFlip': False, 'oneTarget': False, 'trialInstructionPos': (0, -1), 'probe': 'both', 'rightStreamFlip': False, 'horizVert': True, 'ISIframes': 3, 'rightResponseFirst': False}
398.3583 	INFO 	numtrials=360 and this trialDurFrames=4 or 66.6666666667 ms  task=T1
399.4586 	EXP 	window1: recordFrameIntervals = False
399.4669 	INFO 	Mouse: using default window
402.5761 	DATA 	Keypress: y
403.0759 	DATA 	Keypress: s
403.2157 	EXP 	New trial (rep=1, index=9): {'leftStreamFlip': False, 'oneTarget': True, 'trialInstructionPos': (0, 1), 'probe': 'both', 'rightStreamFlip': False, 'horizVert': True, 'ISIframes': 3, 'rightResponseFirst': True}
403.2415 	INFO 	numtrials=360 and this trialDurFrames=4 or 66.6666666667 ms  task=T1
404.2917 	EXP 	window1: recordFrameIntervals = False
404.3000 	INFO 	Mouse: using default window
405.6261 	DATA 	Keypress: j
405.7651 	EXP 	New trial (rep=1, index=10): {'leftStreamFlip': False, 'oneTarget': False, 'trialInstructionPos': (0, -1), 'probe': 'both', 'rightStreamFlip': False, 'horizVert': True, 'ISIframes': 3, 'rightResponseFirst': True}
405.7914 	INFO 	numtrials=360 and this trialDurFrames=5 or 83.3333333333 ms  task=T1
406.8920 	EXP 	window1: recordFrameIntervals = False
406.9009 	INFO 	Mouse: using default window
408.7463 	DATA 	Keypress: j
409.0423 	DATA 	Keypress: k
409.1853 	EXP 	New trial (rep=1, index=11): {'leftStreamFlip': False, 'oneTarget': False, 'trialInstructionPos': (0, -1), 'probe': 'both', 'rightStreamFlip': False, 'horizVert': True, 'ISIframes': 3, 'rightResponseFirst': True}
409.2076 	INFO 	numtrials=360 and this trialDurFrames=5 or 83.3333333333 ms  task=T1
410.3417 	EXP 	window1: recordFrameIntervals = False
410.3502 	INFO 	Mouse: using default window
412.0927 	DATA 	Keypress: k
413.8095 	DATA 	Keypress: h
413.9506 	EXP 	New trial (rep=2, index=0): {'leftStreamFlip': False, 'oneTarget': False, 'trialInstructionPos': (0, 1), 'probe': 'both', 'rightStreamFlip': False, 'horizVert': True, 'ISIframes': 3, 'rightResponseFirst': False}
413.9745 	INFO 	numtrials=360 and this trialDurFrames=5 or 83.3333333333 ms  task=T1
414.9750 	EXP 	window1: recordFrameIntervals = False
414.9840 	INFO 	Mouse: using default window
416.5926 	DATA 	Keypress: h
417.8424 	DATA 	Keypress: r
417.9831 	EXP 	New trial (rep=2, index=1): {'leftStreamFlip': False, 'oneTarget': False, 'trialInstructionPos': (0, -1), 'probe': 'both', 'rightStreamFlip': False, 'horizVert': True, 'ISIframes': 3, 'rightResponseFirst': False}
418.0080 	INFO 	numtrials=360 and this trialDurFrames=5 or 83.3333333333 ms  task=T1
419.1250 	EXP 	window1: recordFrameIntervals = False
419.1333 	INFO 	Mouse: using default window
422.3093 	DATA 	Keypress: f
423.5626 	DATA 	Keypress: s
423.7233 	EXP 	New trial (rep=2, index=2): {'leftStreamFlip': False, 'oneTarget': False, 'trialInstructionPos': (0, -1), 'probe': 'both', 'rightStreamFlip': False, 'horizVert': True, 'ISIframes': 3, 'rightResponseFirst': True}
423.7415 	INFO 	numtrials=360 and this trialDurFrames=4 or 66.6666666667 ms  task=T1
424.7584 	EXP 	window1: recordFrameIntervals = False
424.7675 	INFO 	Mouse: using default window
426.9760 	DATA 	Keypress: r
427.3428 	DATA 	Keypress: u
427.4850 	EXP 	New trial (rep=2, index=3): {'leftStreamFlip': False, 'oneTarget': True, 'trialInstructionPos': (0, 1), 'probe': 'both', 'rightStreamFlip': False, 'horizVert': True, 'ISIframes': 3, 'rightResponseFirst': True}
427.5079 	INFO 	numtrials=360 and this trialDurFrames=4 or 66.6666666667 ms  task=T1
428.6255 	EXP 	window1: recordFrameIntervals = False
428.6341 	INFO 	Mouse: using default window
429.6927 	DATA 	Keypress: r
429.8330 	EXP 	New trial (rep=2, index=4): {'leftStreamFlip': False, 'oneTarget': False, 'trialInstructionPos': (0, -1), 'probe': 'both', 'rightStreamFlip': False, 'horizVert': True, 'ISIframes': 3, 'rightResponseFirst': True}
429.8582 	INFO 	numtrials=360 and this trialDurFrames=5 or 83.3333333333 ms  task=T1
431.0084 	EXP 	window1: recordFrameIntervals = False
431.0174 	INFO 	Mouse: using default window
432.3260 	DATA 	Keypress: t
433.9097 	DATA 	Keypress: s
434.0523 	EXP 	New trial (rep=2, index=5): {'leftStreamFlip': False, 'oneTarget': True, 'trialInstructionPos': (0, -1), 'probe': 'both', 'rightStreamFlip': False, 'horizVert': True, 'ISIframes': 3, 'rightResponseFirst': False}
434.0745 	INFO 	numtrials=360 and this trialDurFrames=5 or 83.3333333333 ms  task=T1
435.2918 	EXP 	window1: recordFrameIntervals = False
435.3007 	INFO 	Mouse: using default window
436.8926 	DATA 	Keypress: z
437.0339 	EXP 	New trial (rep=2, index=6): {'leftStreamFlip': False, 'oneTarget': False, 'trialInstructionPos': (0, 1), 'probe': 'both', 'rightStreamFlip': False, 'horizVert': True, 'ISIframes': 3, 'rightResponseFirst': True}
437.0580 	INFO 	numtrials=360 and this trialDurFrames=4 or 66.6666666667 ms  task=T1
438.1917 	EXP 	window1: recordFrameIntervals = False
438.2008 	INFO 	Mouse: using default window
441.3259 	DATA 	Keypress: z
442.2759 	DATA 	Keypress: e
442.4191 	EXP 	New trial (rep=2, index=7): {'leftStreamFlip': False, 'oneTarget': False, 'trialInstructionPos': (0, 1), 'probe': 'both', 'rightStreamFlip': False, 'horizVert': True, 'ISIframes': 3, 'rightResponseFirst': False}
442.4413 	INFO 	numtrials=360 and this trialDurFrames=4 or 66.6666666667 ms  task=T1
443.6585 	EXP 	window1: recordFrameIntervals = False
443.6673 	INFO 	Mouse: using default window
445.1627 	DATA 	Keypress: r
447.0094 	DATA 	Keypress: r
447.1507 	EXP 	New trial (rep=2, index=8): {'leftStreamFlip': False, 'oneTarget': True, 'trialInstructionPos': (0, 1), 'probe': 'both', 'rightStreamFlip': False, 'horizVert': True, 'ISIframes': 3, 'rightResponseFirst': False}
447.1748 	INFO 	numtrials=360 and this trialDurFrames=4 or 66.6666666667 ms  task=T1
448.2086 	EXP 	window1: recordFrameIntervals = False
448.2166 	INFO 	Mouse: using default window
449.4254 	DATA 	Keypress: n
449.6012 	EXP 	New trial (rep=2, index=9): {'leftStreamFlip': False, 'oneTarget': True, 'trialInstructionPos': (0, -1), 'probe': 'both', 'rightStreamFlip': False, 'horizVert': True, 'ISIframes': 3, 'rightResponseFirst': True}
449.6243 	INFO 	numtrials=360 and this trialDurFrames=4 or 66.6666666667 ms  task=T1
450.7086 	EXP 	window1: recordFrameIntervals = False
450.7174 	INFO 	Mouse: using default window
451.6094 	DATA 	Keypress: f
451.7491 	EXP 	New trial (rep=2, index=10): {'leftStreamFlip': False, 'oneTarget': False, 'trialInstructionPos': (0, 1), 'probe': 'both', 'rightStreamFlip': False, 'horizVert': True, 'ISIframes': 3, 'rightResponseFirst': True}
451.7747 	INFO 	numtrials=360 and this trialDurFrames=5 or 83.3333333333 ms  task=T1
452.8083 	EXP 	window1: recordFrameIntervals = False
452.8173 	INFO 	Mouse: using default window
454.7092 	DATA 	Keypress: g
455.6097 	DATA 	Keypress: f
455.7510 	EXP 	New trial (rep=2, index=11): {'leftStreamFlip': False, 'oneTarget': False, 'trialInstructionPos': (0, -1), 'probe': 'both', 'rightStreamFlip': False, 'horizVert': True, 'ISIframes': 3, 'rightResponseFirst': False}
455.7747 	INFO 	numtrials=360 and this trialDurFrames=5 or 83.3333333333 ms  task=T1
456.9918 	EXP 	window1: recordFrameIntervals = False
457.0007 	INFO 	Mouse: using default window
458.7627 	DATA 	Keypress: u
460.7457 	DATA 	Keypress: u
460.9004 	EXP 	New trial (rep=3, index=0): {'leftStreamFlip': False, 'oneTarget': False, 'trialInstructionPos': (0, 1), 'probe': 'both', 'rightStreamFlip': False, 'horizVert': True, 'ISIframes': 3, 'rightResponseFirst': True}
460.9244 	INFO 	numtrials=360 and this trialDurFrames=5 or 83.3333333333 ms  task=T1
461.9417 	EXP 	window1: recordFrameIntervals = False
461.9503 	INFO 	Mouse: using default window
464.9426 	DATA 	Keypress: n
465.6259 	DATA 	Keypress: u
465.7671 	EXP 	New trial (rep=3, index=1): {'leftStreamFlip': False, 'oneTarget': False, 'trialInstructionPos': (0, -1), 'probe': 'both', 'rightStreamFlip': False, 'horizVert': True, 'ISIframes': 3, 'rightResponseFirst': True}
465.7919 	INFO 	numtrials=360 and this trialDurFrames=5 or 83.3333333333 ms  task=T1
466.9584 	EXP 	window1: recordFrameIntervals = False
466.9673 	INFO 	Mouse: using default window
469.5456 	DATA 	Keypress: z
471.4926 	DATA 	Keypress: c
471.6333 	EXP 	New trial (rep=3, index=2): {'leftStreamFlip': False, 'oneTarget': False, 'trialInstructionPos': (0, 1), 'probe': 'both', 'rightStreamFlip': False, 'horizVert': True, 'ISIframes': 3, 'rightResponseFirst': False}
471.6582 	INFO 	numtrials=360 and this trialDurFrames=4 or 66.6666666667 ms  task=T1
472.8424 	EXP 	window1: recordFrameIntervals = False
472.8510 	INFO 	Mouse: using default window
473.8926 	DATA 	Keypress: f
475.3427 	DATA 	Keypress: f
475.4827 	EXP 	New trial (rep=3, index=3): {'leftStreamFlip': False, 'oneTarget': True, 'trialInstructionPos': (0, -1), 'probe': 'both', 'rightStreamFlip': False, 'horizVert': True, 'ISIframes': 3, 'rightResponseFirst': True}
475.5083 	INFO 	numtrials=360 and this trialDurFrames=4 or 66.6666666667 ms  task=T1
476.4924 	EXP 	window1: recordFrameIntervals = False
476.5009 	INFO 	Mouse: using default window
479.5461 	DATA 	Keypress: f
479.6999 	EXP 	New trial (rep=3, index=4): {'leftStreamFlip': False, 'oneTarget': True, 'trialInstructionPos': (0, 1), 'probe': 'both', 'rightStreamFlip': False, 'horizVert': True, 'ISIframes': 3, 'rightResponseFirst': False}
479.7247 	INFO 	numtrials=360 and this trialDurFrames=5 or 83.3333333333 ms  task=T1
480.9258 	EXP 	window1: recordFrameIntervals = False
480.9341 	INFO 	Mouse: using default window
482.4925 	DATA 	Keypress: s
482.6341 	EXP 	New trial (rep=3, index=5): {'leftStreamFlip': False, 'oneTarget': True, 'trialInstructionPos': (0, -1), 'probe': 'both', 'rightStreamFlip': False, 'horizVert': True, 'ISIframes': 3, 'rightResponseFirst': False}
482.6578 	INFO 	numtrials=360 and this trialDurFrames=5 or 83.3333333333 ms  task=T1
483.7084 	EXP 	window1: recordFrameIntervals = False
483.7174 	INFO 	Mouse: using default window
485.9792 	DATA 	Keypress: s
486.1392 	EXP 	New trial (rep=3, index=6): {'leftStreamFlip': False, 'oneTarget': False, 'trialInstructionPos': (0, 1), 'probe': 'both', 'rightStreamFlip': False, 'horizVert': True, 'ISIframes': 3, 'rightResponseFirst': False}
486.1580 	INFO 	numtrials=360 and this trialDurFrames=5 or 83.3333333333 ms  task=T1
487.2417 	EXP 	window1: recordFrameIntervals = False
487.2500 	INFO 	Mouse: using default window
489.0928 	DATA 	Keypress: f
489.3593 	DATA 	Keypress: g
489.5057 	EXP 	New trial (rep=3, index=7): {'leftStreamFlip': False, 'oneTarget': False, 'trialInstructionPos': (0, -1), 'probe': 'both', 'rightStreamFlip': False, 'horizVert': True, 'ISIframes': 3, 'rightResponseFirst': True}
489.5246 	INFO 	numtrials=360 and this trialDurFrames=5 or 83.3333333333 ms  task=T1
490.6417 	EXP 	window1: recordFrameIntervals = False
490.6506 	INFO 	Mouse: using default window
493.4424 	DATA 	Keypress: f
493.5791 	DATA 	Keypress: c
493.7325 	EXP 	New trial (rep=3, index=8): {'leftStreamFlip': False, 'oneTarget': False, 'trialInstructionPos': (0, 1), 'probe': 'both', 'rightStreamFlip': False, 'horizVert': True, 'ISIframes': 3, 'rightResponseFirst': True}
493.7579 	INFO 	numtrials=360 and this trialDurFrames=5 or 83.3333333333 ms  task=T1
494.8252 	EXP 	window1: recordFrameIntervals = False
494.8338 	INFO 	Mouse: using default window
499.6930 	DATA 	Keypress: h
499.8593 	DATA 	Keypress: c
500.0005 	EXP 	New trial (rep=3, index=9): {'leftStreamFlip': False, 'oneTarget': True, 'trialInstructionPos': (0, 1), 'probe': 'both', 'rightStreamFlip': False, 'horizVert': True, 'ISIframes': 3, 'rightResponseFirst': True}
500.0244 	INFO 	numtrials=360 and this trialDurFrames=5 or 83.3333333333 ms  task=T1
501.1084 	EXP 	window1: recordFrameIntervals = False
501.1174 	INFO 	Mouse: using default window
503.2258 	DATA 	Keypress: n
503.3661 	EXP 	New trial (rep=3, index=10): {'leftStreamFlip': False, 'oneTarget': False, 'trialInstructionPos': (0, -1), 'probe': 'both', 'rightStreamFlip': False, 'horizVert': True, 'ISIframes': 3, 'rightResponseFirst': False}
503.3915 	INFO 	numtrials=360 and this trialDurFrames=5 or 83.3333333333 ms  task=T1
504.6256 	EXP 	window1: recordFrameIntervals = False
504.6341 	INFO 	Mouse: using default window
508.5090 	DATA 	Keypress: h
508.7295 	DATA 	Keypress: t
508.8853 	EXP 	New trial (rep=3, index=11): {'leftStreamFlip': False, 'oneTarget': False, 'trialInstructionPos': (0, -1), 'probe': 'both', 'rightStreamFlip': False, 'horizVert': True, 'ISIframes': 3, 'rightResponseFirst': False}
508.9080 	INFO 	numtrials=360 and this trialDurFrames=5 or 83.3333333333 ms  task=T1
510.1249 	EXP 	window1: recordFrameIntervals = False
510.1334 	INFO 	Mouse: using default window
515.0093 	DATA 	Keypress: f
515.3593 	DATA 	Keypress: e
515.4999 	EXP 	New trial (rep=4, index=0): {'leftStreamFlip': False, 'oneTarget': False, 'trialInstructionPos': (0, -1), 'probe': 'both', 'rightStreamFlip': False, 'horizVert': True, 'ISIframes': 3, 'rightResponseFirst': True}
515.5249 	INFO 	numtrials=360 and this trialDurFrames=5 or 83.3333333333 ms  task=T1
516.5750 	EXP 	window1: recordFrameIntervals = False
516.5839 	INFO 	Mouse: using default window
521.9292 	DATA 	Keypress: e
522.1593 	DATA 	Keypress: k
522.2999 	EXP 	New trial (rep=4, index=1): {'leftStreamFlip': False, 'oneTarget': False, 'trialInstructionPos': (0, -1), 'probe': 'both', 'rightStreamFlip': False, 'horizVert': True, 'ISIframes': 3, 'rightResponseFirst': False}
522.3251 	INFO 	numtrials=360 and this trialDurFrames=5 or 83.3333333333 ms  task=T1
523.3416 	EXP 	window1: recordFrameIntervals = False
523.3507 	INFO 	Mouse: using default window
526.9921 	DATA 	Keypress: f
527.2592 	DATA 	Keypress: k
527.4017 	EXP 	New trial (rep=4, index=2): {'leftStreamFlip': False, 'oneTarget': True, 'trialInstructionPos': (0, 1), 'probe': 'both', 'rightStreamFlip': False, 'horizVert': True, 'ISIframes': 3, 'rightResponseFirst': False}
527.4244 	INFO 	numtrials=360 and this trialDurFrames=5 or 83.3333333333 ms  task=T1
528.4251 	EXP 	window1: recordFrameIntervals = False
528.4343 	INFO 	Mouse: using default window
529.6926 	DATA 	Keypress: k
529.8332 	EXP 	New trial (rep=4, index=3): {'leftStreamFlip': False, 'oneTarget': False, 'trialInstructionPos': (0, 1), 'probe': 'both', 'rightStreamFlip': False, 'horizVert': True, 'ISIframes': 3, 'rightResponseFirst': False}
529.8581 	INFO 	numtrials=360 and this trialDurFrames=5 or 83.3333333333 ms  task=T1
530.9924 	EXP 	window1: recordFrameIntervals = False
530.9997 	INFO 	Mouse: using default window
533.9259 	DATA 	Keypress: j
534.2093 	DATA 	Keypress: a
534.3502 	EXP 	New trial (rep=4, index=4): {'leftStreamFlip': False, 'oneTarget': True, 'trialInstructionPos': (0, -1), 'probe': 'both', 'rightStreamFlip': False, 'horizVert': True, 'ISIframes': 3, 'rightResponseFirst': False}
534.3748 	INFO 	numtrials=360 and this trialDurFrames=4 or 66.6666666667 ms  task=T1
535.5749 	EXP 	window1: recordFrameIntervals = False
535.5840 	INFO 	Mouse: using default window
536.9260 	DATA 	Keypress: g
537.0662 	EXP 	New trial (rep=4, index=5): {'leftStreamFlip': False, 'oneTarget': True, 'trialInstructionPos': (0, 1), 'probe': 'both', 'rightStreamFlip': False, 'horizVert': True, 'ISIframes': 3, 'rightResponseFirst': True}
537.0912 	INFO 	numtrials=360 and this trialDurFrames=4 or 66.6666666667 ms  task=T1
538.2250 	EXP 	window1: recordFrameIntervals = False
538.2339 	INFO 	Mouse: using default window
540.9433 	DATA 	Keypress: d
541.0826 	EXP 	New trial (rep=4, index=6): {'leftStreamFlip': False, 'oneTarget': False, 'trialInstructionPos': (0, -1), 'probe': 'both', 'rightStreamFlip': False, 'horizVert': True, 'ISIframes': 3, 'rightResponseFirst': True}
541.1083 	INFO 	numtrials=360 and this trialDurFrames=5 or 83.3333333333 ms  task=T1
542.1418 	EXP 	window1: recordFrameIntervals = False
542.1509 	INFO 	Mouse: using default window
544.5419 	DATA 	Keypress: s
544.7450 	DATA 	Keypress: u
544.8998 	EXP 	New trial (rep=4, index=7): {'leftStreamFlip': False, 'oneTarget': False, 'trialInstructionPos': (0, -1), 'probe': 'both', 'rightStreamFlip': False, 'horizVert': True, 'ISIframes': 3, 'rightResponseFirst': False}
544.9249 	INFO 	numtrials=360 and this trialDurFrames=5 or 83.3333333333 ms  task=T1
545.9924 	EXP 	window1: recordFrameIntervals = False
546.0008 	INFO 	Mouse: using default window
549.1293 	DATA 	Keypress: w
549.3760 	DATA 	Keypress: e
549.5172 	EXP 	New trial (rep=4, index=8): {'leftStreamFlip': False, 'oneTarget': False, 'trialInstructionPos': (0, 1), 'probe': 'both', 'rightStreamFlip': False, 'horizVert': True, 'ISIframes': 3, 'rightResponseFirst': True}
549.5412 	INFO 	numtrials=360 and this trialDurFrames=4 or 66.6666666667 ms  task=T1
550.6751 	EXP 	window1: recordFrameIntervals = False
550.6840 	INFO 	Mouse: using default window
552.4429 	DATA 	Keypress: y
552.7929 	DATA 	Keypress: t
552.9332 	EXP 	New trial (rep=4, index=9): {'leftStreamFlip': False, 'oneTarget': True, 'trialInstructionPos': (0, -1), 'probe': 'both', 'rightStreamFlip': False, 'horizVert': True, 'ISIframes': 3, 'rightResponseFirst': True}
552.9585 	INFO 	numtrials=360 and this trialDurFrames=4 or 66.6666666667 ms  task=T1
554.1083 	EXP 	window1: recordFrameIntervals = False
554.1197 	INFO 	Mouse: using default window
555.1461 	DATA 	Keypress: n
555.2992 	EXP 	New trial (rep=4, index=10): {'leftStreamFlip': False, 'oneTarget': False, 'trialInstructionPos': (0, 1), 'probe': 'both', 'rightStreamFlip': False, 'horizVert': True, 'ISIframes': 3, 'rightResponseFirst': True}
555.3247 	INFO 	numtrials=360 and this trialDurFrames=5 or 83.3333333333 ms  task=T1
556.4584 	EXP 	window1: recordFrameIntervals = False
556.4674 	INFO 	Mouse: using default window
557.4928 	DATA 	Keypress: m
560.8095 	DATA 	Keypress: u
560.9504 	EXP 	New trial (rep=4, index=11): {'leftStreamFlip': False, 'oneTarget': False, 'trialInstructionPos': (0, 1), 'probe': 'both', 'rightStreamFlip': False, 'horizVert': True, 'ISIframes': 3, 'rightResponseFirst': False}
560.9746 	INFO 	numtrials=360 and this trialDurFrames=5 or 83.3333333333 ms  task=T1
562.0415 	EXP 	window1: recordFrameIntervals = False
562.0502 	INFO 	Mouse: using default window
564.2928 	DATA 	Keypress: l
564.3791 	DATA 	Keypress: g
564.5331 	EXP 	New trial (rep=5, index=0): {'leftStreamFlip': False, 'oneTarget': False, 'trialInstructionPos': (0, 1), 'probe': 'both', 'rightStreamFlip': False, 'horizVert': True, 'ISIframes': 3, 'rightResponseFirst': True}
564.5578 	INFO 	numtrials=360 and this trialDurFrames=4 or 66.6666666667 ms  task=T1
565.6749 	EXP 	window1: recordFrameIntervals = False
565.6834 	INFO 	Mouse: using default window
568.5926 	DATA 	Keypress: g
568.7290 	DATA 	Keypress: m
568.8845 	EXP 	New trial (rep=5, index=1): {'leftStreamFlip': False, 'oneTarget': True, 'trialInstructionPos': (0, -1), 'probe': 'both', 'rightStreamFlip': False, 'horizVert': True, 'ISIframes': 3, 'rightResponseFirst': True}
568.9078 	INFO 	numtrials=360 and this trialDurFrames=5 or 83.3333333333 ms  task=T1
570.0583 	EXP 	window1: recordFrameIntervals = False
570.0667 	INFO 	Mouse: using default window
571.0592 	DATA 	Keypress: s
571.2000 	EXP 	New trial (rep=5, index=2): {'leftStreamFlip': False, 'oneTarget': False, 'trialInstructionPos': (0, -1), 'probe': 'both', 'rightStreamFlip': False, 'horizVert': True, 'ISIframes': 3, 'rightResponseFirst': False}
571.2246 	INFO 	numtrials=360 and this trialDurFrames=5 or 83.3333333333 ms  task=T1
572.3749 	EXP 	window1: recordFrameIntervals = False
572.3839 	INFO 	Mouse: using default window
575.1950 	DATA 	Keypress: z
575.3753 	DATA 	Keypress: n
575.5144 	EXP 	New trial (rep=5, index=3): {'leftStreamFlip': False, 'oneTarget': False, 'trialInstructionPos': (0, 1), 'probe': 'both', 'rightStreamFlip': False, 'horizVert': True, 'ISIframes': 3, 'rightResponseFirst': True}
575.5423 	INFO 	numtrials=360 and this trialDurFrames=5 or 83.3333333333 ms  task=T1
576.5416 	EXP 	window1: recordFrameIntervals = False
576.5507 	INFO 	Mouse: using default window
579.5624 	DATA 	Keypress: n
579.6759 	DATA 	Keypress: z
579.8169 	EXP 	New trial (rep=5, index=4): {'leftStreamFlip': False, 'oneTarget': False, 'trialInstructionPos': (0, -1), 'probe': 'both', 'rightStreamFlip': False, 'horizVert': True, 'ISIframes': 3, 'rightResponseFirst': False}
579.8413 	INFO 	numtrials=360 and this trialDurFrames=5 or 83.3333333333 ms  task=T1
581.0083 	EXP 	window1: recordFrameIntervals = False
581.0175 	INFO 	Mouse: using default window
585.2595 	DATA 	Keypress: a
586.2592 	DATA 	Keypress: g
586.4008 	EXP 	New trial (rep=5, index=5): {'leftStreamFlip': False, 'oneTarget': True, 'trialInstructionPos': (0, 1), 'probe': 'both', 'rightStreamFlip': False, 'horizVert': True, 'ISIframes': 3, 'rightResponseFirst': False}
586.4245 	INFO 	numtrials=360 and this trialDurFrames=5 or 83.3333333333 ms  task=T1
587.5416 	EXP 	window1: recordFrameIntervals = False
587.5506 	INFO 	Mouse: using default window
588.5090 	DATA 	Keypress: n
588.6533 	EXP 	New trial (rep=5, index=6): {'leftStreamFlip': False, 'oneTarget': False, 'trialInstructionPos': (0, -1), 'probe': 'both', 'rightStreamFlip': False, 'horizVert': True, 'ISIframes': 3, 'rightResponseFirst': True}
588.6744 	INFO 	numtrials=360 and this trialDurFrames=4 or 66.6666666667 ms  task=T1
589.6603 	EXP 	window1: recordFrameIntervals = False
589.6676 	INFO 	Mouse: using default window
591.8091 	DATA 	Keypress: k
592.0423 	DATA 	Keypress: c
592.1806 	EXP 	New trial (rep=5, index=7): {'leftStreamFlip': False, 'oneTarget': True, 'trialInstructionPos': (0, -1), 'probe': 'both', 'rightStreamFlip': False, 'horizVert': True, 'ISIframes': 3, 'rightResponseFirst': False}
592.2090 	INFO 	numtrials=360 and this trialDurFrames=4 or 66.6666666667 ms  task=T1
593.1920 	EXP 	window1: recordFrameIntervals = False
593.2006 	INFO 	Mouse: using default window
595.0421 	DATA 	Keypress: m
595.1815 	EXP 	New trial (rep=5, index=8): {'leftStreamFlip': False, 'oneTarget': False, 'trialInstructionPos': (0, 1), 'probe': 'both', 'rightStreamFlip': False, 'horizVert': True, 'ISIframes': 3, 'rightResponseFirst': False}
595.2092 	INFO 	numtrials=360 and this trialDurFrames=5 or 83.3333333333 ms  task=T1
596.2916 	EXP 	window1: recordFrameIntervals = False
596.3006 	INFO 	Mouse: using default window
598.0926 	DATA 	Keypress: c
598.6926 	DATA 	Keypress: j
598.8334 	EXP 	New trial (rep=5, index=9): {'leftStreamFlip': False, 'oneTarget': False, 'trialInstructionPos': (0, 1), 'probe': 'both', 'rightStreamFlip': False, 'horizVert': True, 'ISIframes': 3, 'rightResponseFirst': False}
598.8580 	INFO 	numtrials=360 and this trialDurFrames=5 or 83.3333333333 ms  task=T1
599.9584 	EXP 	window1: recordFrameIntervals = False
599.9676 	INFO 	Mouse: using default window
604.8096 	DATA 	Keypress: h
606.5760 	DATA 	Keypress: j
606.7219 	EXP 	New trial (rep=5, index=10): {'leftStreamFlip': False, 'oneTarget': False, 'trialInstructionPos': (0, -1), 'probe': 'both', 'rightStreamFlip': False, 'horizVert': True, 'ISIframes': 3, 'rightResponseFirst': True}
606.7413 	INFO 	numtrials=360 and this trialDurFrames=5 or 83.3333333333 ms  task=T1
607.7417 	EXP 	window1: recordFrameIntervals = False
607.7510 	INFO 	Mouse: using default window
609.5792 	DATA 	Keypress: r
609.7258 	DATA 	Keypress: g
609.8685 	EXP 	New trial (rep=5, index=11): {'leftStreamFlip': False, 'oneTarget': True, 'trialInstructionPos': (0, 1), 'probe': 'both', 'rightStreamFlip': False, 'horizVert': True, 'ISIframes': 3, 'rightResponseFirst': True}
609.8913 	INFO 	numtrials=360 and this trialDurFrames=5 or 83.3333333333 ms  task=T1
611.0256 	EXP 	window1: recordFrameIntervals = False
611.0340 	INFO 	Mouse: using default window
611.9458 	DATA 	Keypress: h
612.0992 	EXP 	New trial (rep=6, index=0): {'leftStreamFlip': False, 'oneTarget': True, 'trialInstructionPos': (0, -1), 'probe': 'both', 'rightStreamFlip': False, 'horizVert': True, 'ISIframes': 3, 'rightResponseFirst': True}
612.1247 	INFO 	numtrials=360 and this trialDurFrames=5 or 83.3333333333 ms  task=T1
613.2418 	EXP 	window1: recordFrameIntervals = False
613.2507 	INFO 	Mouse: using default window
614.0253 	DATA 	Keypress: s
614.1640 	EXP 	New trial (rep=6, index=1): {'leftStreamFlip': False, 'oneTarget': True, 'trialInstructionPos': (0, 1), 'probe': 'both', 'rightStreamFlip': False, 'horizVert': True, 'ISIframes': 3, 'rightResponseFirst': False}
614.1923 	INFO 	numtrials=360 and this trialDurFrames=5 or 83.3333333333 ms  task=T1
615.2917 	EXP 	window1: recordFrameIntervals = False
615.3007 	INFO 	Mouse: using default window
618.7294 	DATA 	Keypress: n
618.8826 	EXP 	New trial (rep=6, index=2): {'leftStreamFlip': False, 'oneTarget': False, 'trialInstructionPos': (0, -1), 'probe': 'both', 'rightStreamFlip': False, 'horizVert': True, 'ISIframes': 3, 'rightResponseFirst': False}
618.9079 	INFO 	numtrials=360 and this trialDurFrames=5 or 83.3333333333 ms  task=T1
620.1090 	EXP 	window1: recordFrameIntervals = False
620.1165 	INFO 	Mouse: using default window
622.0258 	DATA 	Keypress: y
622.3293 	DATA 	Keypress: u
622.4825 	EXP 	New trial (rep=6, index=3): {'leftStreamFlip': False, 'oneTarget': False, 'trialInstructionPos': (0, 1), 'probe': 'both', 'rightStreamFlip': False, 'horizVert': True, 'ISIframes': 3, 'rightResponseFirst': True}
622.5078 	INFO 	numtrials=360 and this trialDurFrames=5 or 83.3333333333 ms  task=T1
623.5749 	EXP 	window1: recordFrameIntervals = False
623.5834 	INFO 	Mouse: using default window
625.0093 	DATA 	Keypress: y
625.3257 	DATA 	Keypress: c
625.4671 	EXP 	New trial (rep=6, index=4): {'leftStreamFlip': False, 'oneTarget': False, 'trialInstructionPos': (0, -1), 'probe': 'both', 'rightStreamFlip': False, 'horizVert': True, 'ISIframes': 3, 'rightResponseFirst': True}
625.4912 	INFO 	numtrials=360 and this trialDurFrames=5 or 83.3333333333 ms  task=T1
626.5084 	EXP 	window1: recordFrameIntervals = False
626.5173 	INFO 	Mouse: using default window
628.3462 	DATA 	Keypress: g
628.5422 	DATA 	Keypress: r
628.6833 	EXP 	New trial (rep=6, index=5): {'leftStreamFlip': False, 'oneTarget': False, 'trialInstructionPos': (0, 1), 'probe': 'both', 'rightStreamFlip': False, 'horizVert': True, 'ISIframes': 3, 'rightResponseFirst': False}
628.7079 	INFO 	numtrials=360 and this trialDurFrames=5 or 83.3333333333 ms  task=T1
629.9082 	EXP 	window1: recordFrameIntervals = False
629.9177 	INFO 	Mouse: using default window
631.2758 	DATA 	Keypress: k
631.5097 	DATA 	Keypress: e
631.6548 	EXP 	New trial (rep=6, index=6): {'leftStreamFlip': False, 'oneTarget': True, 'trialInstructionPos': (0, 1), 'probe': 'both', 'rightStreamFlip': False, 'horizVert': True, 'ISIframes': 3, 'rightResponseFirst': True}
631.6744 	INFO 	numtrials=360 and this trialDurFrames=5 or 83.3333333333 ms  task=T1
632.8922 	EXP 	window1: recordFrameIntervals = False
632.9006 	INFO 	Mouse: using default window
634.0258 	DATA 	Keypress: m
634.1652 	EXP 	New trial (rep=6, index=7): {'leftStreamFlip': False, 'oneTarget': False, 'trialInstructionPos': (0, 1), 'probe': 'both', 'rightStreamFlip': False, 'horizVert': True, 'ISIframes': 3, 'rightResponseFirst': False}
634.1911 	INFO 	numtrials=360 and this trialDurFrames=5 or 83.3333333333 ms  task=T1
635.2749 	EXP 	window1: recordFrameIntervals = False
635.2840 	INFO 	Mouse: using default window
637.1136 	DATA 	Keypress: n
637.7258 	DATA 	Keypress: k
637.8667 	EXP 	New trial (rep=6, index=8): {'leftStreamFlip': False, 'oneTarget': True, 'trialInstructionPos': (0, -1), 'probe': 'both', 'rightStreamFlip': False, 'horizVert': True, 'ISIframes': 3, 'rightResponseFirst': False}
637.8912 	INFO 	numtrials=360 and this trialDurFrames=5 or 83.3333333333 ms  task=T1
639.0922 	EXP 	window1: recordFrameIntervals = False
639.0995 	INFO 	Mouse: using default window
640.1426 	DATA 	Keypress: c
640.2840 	EXP 	New trial (rep=6, index=9): {'leftStreamFlip': False, 'oneTarget': False, 'trialInstructionPos': (0, 1), 'probe': 'both', 'rightStreamFlip': False, 'horizVert': True, 'ISIframes': 3, 'rightResponseFirst': True}
640.3078 	INFO 	numtrials=360 and this trialDurFrames=5 or 83.3333333333 ms  task=T1
641.3083 	EXP 	window1: recordFrameIntervals = False
641.3174 	INFO 	Mouse: using default window
644.9093 	DATA 	Keypress: z
645.1624 	DATA 	Keypress: e
645.3165 	EXP 	New trial (rep=6, index=10): {'leftStreamFlip': False, 'oneTarget': False, 'trialInstructionPos': (0, -1), 'probe': 'both', 'rightStreamFlip': False, 'horizVert': True, 'ISIframes': 3, 'rightResponseFirst': False}
645.3412 	INFO 	numtrials=360 and this trialDurFrames=5 or 83.3333333333 ms  task=T1
646.3591 	EXP 	window1: recordFrameIntervals = False
646.3675 	INFO 	Mouse: using default window
648.1592 	DATA 	Keypress: i
648.4925 	DATA 	Keypress: g
648.6330 	EXP 	New trial (rep=6, index=11): {'leftStreamFlip': False, 'oneTarget': False, 'trialInstructionPos': (0, -1), 'probe': 'both', 'rightStreamFlip': False, 'horizVert': True, 'ISIframes': 3, 'rightResponseFirst': True}
648.6579 	INFO 	numtrials=360 and this trialDurFrames=5 or 83.3333333333 ms  task=T1
649.6583 	EXP 	window1: recordFrameIntervals = False
649.6673 	INFO 	Mouse: using default window
652.2267 	DATA 	Keypress: f
652.4258 	DATA 	Keypress: i
652.5654 	EXP 	New trial (rep=7, index=0): {'leftStreamFlip': False, 'oneTarget': False, 'trialInstructionPos': (0, -1), 'probe': 'both', 'rightStreamFlip': False, 'horizVert': True, 'ISIframes': 3, 'rightResponseFirst': False}
652.5915 	INFO 	numtrials=360 and this trialDurFrames=5 or 83.3333333333 ms  task=T1
653.6585 	EXP 	window1: recordFrameIntervals = False
653.6681 	INFO 	Mouse: using default window
655.1459 	DATA 	Keypress: y
655.4585 	DATA 	Keypress: g
655.5991 	EXP 	New trial (rep=7, index=1): {'leftStreamFlip': False, 'oneTarget': False, 'trialInstructionPos': (0, -1), 'probe': 'both', 'rightStreamFlip': False, 'horizVert': True, 'ISIframes': 3, 'rightResponseFirst': True}
655.6246 	INFO 	numtrials=360 and this trialDurFrames=5 or 83.3333333333 ms  task=T1
656.7583 	EXP 	window1: recordFrameIntervals = False
656.7673 	INFO 	Mouse: using default window
658.0259 	DATA 	Keypress: e
658.2925 	DATA 	Keypress: f
658.4343 	EXP 	New trial (rep=7, index=2): {'leftStreamFlip': False, 'oneTarget': False, 'trialInstructionPos': (0, 1), 'probe': 'both', 'rightStreamFlip': False, 'horizVert': True, 'ISIframes': 3, 'rightResponseFirst': True}
658.4580 	INFO 	numtrials=360 and this trialDurFrames=5 or 83.3333333333 ms  task=T1
659.6416 	EXP 	window1: recordFrameIntervals = False
659.6505 	INFO 	Mouse: using default window
662.7254 	DATA 	Keypress: h
663.0087 	DATA 	Keypress: m
663.1491 	EXP 	New trial (rep=7, index=3): {'leftStreamFlip': False, 'oneTarget': True, 'trialInstructionPos': (0, 1), 'probe': 'both', 'rightStreamFlip': False, 'horizVert': True, 'ISIframes': 3, 'rightResponseFirst': False}
663.1745 	INFO 	numtrials=360 and this trialDurFrames=4 or 66.6666666667 ms  task=T1
664.1916 	EXP 	window1: recordFrameIntervals = False
664.2008 	INFO 	Mouse: using default window
666.2087 	DATA 	Keypress: j
666.3478 	EXP 	New trial (rep=7, index=4): {'leftStreamFlip': False, 'oneTarget': False, 'trialInstructionPos': (0, -1), 'probe': 'both', 'rightStreamFlip': False, 'horizVert': True, 'ISIframes': 3, 'rightResponseFirst': False}
666.3748 	INFO 	numtrials=360 and this trialDurFrames=5 or 83.3333333333 ms  task=T1
667.5749 	EXP 	window1: recordFrameIntervals = False
667.5850 	INFO 	Mouse: using default window
677.1517 	DATA 	Keypress: lctrl
677.4758 	DATA 	Keypress: lshift
677.9458 	DATA 	Keypress: z
677.9801 	INFO 	Stopping at 09:35 on 08 Aug 2018
677.9814 	ERROR 	user aborted experiment on keypress with trials done=88 of 361
677.9983 	INFO 	Program terminating normally.
