18.2632 	EXP 	Created window1 = Window(allowGUI=False, allowStencil=False, autoLog=True, bitsMode=UNKNOWN, blendMode='avg', color=array([-0.7, -0.7, -0.7]), colorSpace='rgb', fullscr=UNKNOWN, gamma=None, lms=UNKNOWN, monitor=<psychopy.monitors.calibTools.Monitor object at 0x19E7C3B0>, name='window1', pos=[0, 0], screen=0, size=array([1920, 1080]), stereo=False, units='deg', useFBO=False, useRetina=False, viewOri=0.0, viewPos=None, viewScale=None, waitBlanking=False, winType='pyglet')
18.2633 	INFO 	Mouse: using default window
18.2638 	EXP 	window1: units = 'norm'
18.3846 	EXP 	Created unnamed ImageStim = ImageStim(autoLog=True, color=array([ 1.,  1.,  1.]), colorSpace='rgb', contrast=1.0, depth=0, flipHoriz=False, flipVert=False, image=str(...), interpolate=False, mask=None, maskParams=None, name='unnamed ImageStim', opacity=1.0, ori=0.0, pos=array([-0.5,  0. ]), size=array([ 1.290625  ,  3.24814815]), texRes=128, units='norm', win=Window(...))
18.4539 	EXP 	Created unnamed ImageStim = ImageStim(autoLog=True, color=array([ 1.,  1.,  1.]), colorSpace='rgb', contrast=1.0, depth=0, flipHoriz=False, flipVert=False, image=str(...), interpolate=False, mask=None, maskParams=None, name='unnamed ImageStim', opacity=1.0, ori=0.0, pos=array([ 0.5,  0. ]), size=array([ 1.290625  ,  3.24814815]), texRes=128, units='norm', win=Window(...))
18.4704 	EXP 	Created OKrespZone = GratingStim(autoDraw=False, autoLog=True, color=array([ 1. ,  0.5,  0.5]), colorSpace='rgb', contrast=1.0, depth=0, interpolate=False, mask='gauss', maskParams=None, name='OKrespZone', opacity=1.0, ori=0.0, phase=array([ 0.,  0.]), pos=array([-0.2 , -0.92]), rgbPedestal=array([ 0.,  0.,  0.]), sf=array([ 0.,  0.]), size=array([ 2.3,  0.2]), tex='sin', texRes=256, units='norm', win=Window(...))
18.7497 	EXP 	unnamed ImageStim: size = (1, 2)
18.7497 	EXP 	unnamed ImageStim: size = (1, 2)
46.3765 	DATA 	Mouse: wheel shift=(0,-1), pos=(107,621)
441.7108 	DATA 	Mouse: Left button down, pos=(888,56)
441.7264 	EXP 	window1: units = 'deg'
441.7270 	EXP 	window1: units = 'norm'
441.7554 	EXP 	Created OKrespZone = GratingStim(autoDraw=False, autoLog=True, color=array([ 1. ,  0.5,  0.5]), colorSpace='rgb', contrast=1.0, depth=0, interpolate=False, mask='gauss', maskParams=None, name='OKrespZone', opacity=1.0, ori=0.0, phase=array([ 0.,  0.]), pos=array([-0.2 , -0.92]), rgbPedestal=array([ 0.,  0.,  0.]), sf=array([ 0.,  0.]), size=array([ 2.3,  0.2]), tex='sin', texRes=256, units='norm', win=Window(...))
441.8396 	EXP 	Created unnamed ImageStim = ImageStim(autoLog=True, color=array([ 1.,  1.,  1.]), colorSpace='rgb', contrast=1.0, depth=0, flipHoriz=False, flipVert=False, image='abgdj\\PISandConsentForm\\consentForm.png', interpolate=False, mask=None, maskParams=None, name='unnamed ImageStim', opacity=1.0, ori=0.0, pos=array([ 0.,  0.]), size=array([ 1.3375    ,  2.97407407]), texRes=128, units='norm', win=Window(...))
441.8748 	EXP 	Created unnamed GratingStim = GratingStim(autoDraw=False, autoLog=True, color=array([ 1. ,  0.5,  0.5]), colorSpace='rgb', contrast=1.0, depth=0, interpolate=False, mask='gauss', maskParams=None, name='unnamed GratingStim', opacity=1.0, ori=0.0, phase=array([ 0.,  0.]), pos=array([-0.2 , -0.42]), rgbPedestal=array([ 0.,  0.,  0.]), sf=array([ 0.,  0.]), size=array([ 0.3,  0.2]), tex='sin', texRes=256, units='norm', win=Window(...))
441.9185 	EXP 	Created unnamed GratingStim = GratingStim(autoDraw=False, autoLog=True, color=array([ 1. ,  0.5,  0.5]), colorSpace='rgb', contrast=1.0, depth=0, interpolate=False, mask='gauss', maskParams=None, name='unnamed GratingStim', opacity=1.0, ori=0.0, phase=array([ 0.,  0.]), pos=array([ 0.1 , -0.42]), rgbPedestal=array([ 0.,  0.,  0.]), sf=array([ 0.,  0.]), size=array([ 0.3,  0.2]), tex='sin', texRes=256, units='norm', win=Window(...))
441.9408 	EXP 	Created unnamed GratingStim = GratingStim(autoDraw=False, autoLog=True, color=array([ 1. ,  0.5,  0.5]), colorSpace='rgb', contrast=1.0, depth=0, interpolate=False, mask='gauss', maskParams=None, name='unnamed GratingStim', opacity=1.0, ori=0.0, phase=array([ 0.,  0.]), pos=array([-0.2 , -0.72]), rgbPedestal=array([ 0.,  0.,  0.]), sf=array([ 0.,  0.]), size=array([ 0.3,  0.2]), tex='sin', texRes=256, units='norm', win=Window(...))
441.9633 	EXP 	Created unnamed GratingStim = GratingStim(autoDraw=False, autoLog=True, color=array([ 1. ,  0.5,  0.5]), colorSpace='rgb', contrast=1.0, depth=0, interpolate=False, mask='gauss', maskParams=None, name='unnamed GratingStim', opacity=1.0, ori=0.0, phase=array([ 0.,  0.]), pos=array([ 0.1 , -0.72]), rgbPedestal=array([ 0.,  0.,  0.]), sf=array([ 0.,  0.]), size=array([ 0.3,  0.2]), tex='sin', texRes=256, units='norm', win=Window(...))
441.9669 	DATA 	Mouse:  Left button up, pos=(888,56)
441.9723 	EXP 	unnamed ImageStim: size = (1.1, 2)
512.4755 	DATA 	Mouse: Left button down, pos=(776,328)
512.5925 	DATA 	Mouse:  Left button up, pos=(776,328)
513.3763 	DATA 	Mouse: Left button down, pos=(758,129)
513.4754 	DATA 	Mouse:  Left button up, pos=(758,129)
514.2921 	DATA 	Mouse: Left button down, pos=(769,51)
514.3087 	EXP 	window1: units = 'deg'
514.3145 	EXP 	window1: mouseVisible = True
545.1466 	EXP 	Created window1 = Window(allowGUI=False, allowStencil=False, autoLog=True, bitsMode=UNKNOWN, blendMode='avg', color=array([-0.7, -0.7, -0.7]), colorSpace='rgb', fullscr=UNKNOWN, gamma=None, lms=UNKNOWN, monitor=<psychopy.monitors.calibTools.Monitor object at 0x19E7C3B0>, name='window1', pos=[0, 0], screen=0, size=array([1920, 1080]), stereo=False, units='deg', useFBO=False, useRetina=False, viewOri=0.0, viewPos=None, viewScale=None, waitBlanking=False, winType='pyglet')
549.8801 	INFO 	#[ PsychoPy2 RuntimeInfoStart ]
  #[[ PsychoPy ]] #---------
    psychopyVersion: 1.84.2
    psychopyHaveExtRush: True
  #[[ Experiment ]] #---------
    experimentAuthor: None
    experimentAuthVersion: None
    experimentRunTime: 2018_08_06 09:16 (Year_Month_Day Hour:Min)
    experimentRunTime.epoch: 1533510975
    experimentScript: psyc1002.py
    experimentScript.digestSHA1: 03993779484d600ea4c1b8cc2288f3d37a5025d5
    experimentScript.directory: U:\PSYC1002\abgdj
  #[[ System ]] #---------
    systemHaveInternetAccess: True
    systemHostName: W5FF4LG2
    systemLocale: English_United States.1252
    systemMemFreeRAM: 4763.43359375
    systemMemTotalRAM: 8076.9453125
    systemPlatform: windowsversion=sys.getwindowsversion(major=6, minor=2, build=9200, platform=2, service_pack='')
    systemPyo.InputDevices: {4: {'host api index': 2, 'latency': 0.008707483299076557, 'default sr': 44100, 'name': u'Realtek ASIO'}}
    systemPyo.OutputDevices: {0: {'host api index': 0, 'latency': 0.09000000357627869, 'default sr': 44100, 'name': u'Microsoft Sound Mapper - Output'}, 1: {'host api index': 0, 'latency': 0.09000000357627869, 'default sr': 44100, 'name': u'Speakers / Headphones (Realtek '}, 2: {'host api index': 1, 'latency': 0.11999999731779099, 'default sr': 44100, 'name': u'Primary Sound Driver'}, 3: {'host api index': 1, 'latency': 0.11999999731779099, 'default sr': 44100, 'name': u'Speakers / Headphones (Realtek High Definition Audio)'}, 4: {'host api index': 2, 'latency': 0.008707483299076557, 'default sr': 44100, 'name': u'Realtek ASIO'}, 5: {'host api index': 3, 'latency': 0.003000000026077032, 'default sr': 48000, 'name': u'Speakers / Headphones (Realtek High Definition Audio)'}}
    systemPyoVersion: 0.8.0
    systemRebooted: System Boot Time:          8/6/2018, 2:16:17 AM
    systemSec.pythonSSL: True
    systemTimeNumpySD1000000_sec: 0.0075
    systemUser: jlyu7194
    systemUserID: 1000
    systemUserProcCmdPid: nimdnsResponder.exe tagsrv.exe nierserver.exe LabStatsUserSpace.exe ssonsvr.exe AGSService.exe dwm.exe nidevldu.exe System sihost.exe csrss.exe SmcGui.exe niauth_daemon.exe wininit.exe SISIDSService.exe CmRcService.exe OneDrive.exe winlogon.exe LabStatsClient.exe ShellExperienceHost.exe server_eventlog.exe SearchUI.exe ctfmon.exe TrustedInstaller.exe nidevmon.exe RAVBg64.exe SearchIndexer.exe TiWorker.exe ''Memory Compression'' explorer.exe server_runtime.exe RtkNGUI64.exe smss.exe WmiPrvSE.exe NIWebServiceContainer.exe ApplicationWebServer.exe nimxs.exe fontdrvhost.exe taskhostw.exe nipxism.exe dllhost.exe acrotray.exe redirector.exe nicitdl5.exe niLxiDiscovery.exe RtkAudioService64.exe cmd.exe SystemWebServer.exe server_admin.exe tasklist.exe SecurityHealthService.exe sisipsutil.exe nidmsrv.exe Receiver.exe snowagent.exe wfcrun32.exe CcmExec.exe SISIPSService.exe concentr.exe lktsrv.exe nisvcloc.exe unsecapp.exe pc-client.exe RuntimeBroker.exe conhost.exe lkcitdl.exe python.exe SCNotification.exe lkads.exe lsass.exe services.exe niDiscSvc.exe sqlwriter.exe AuthManSvr.exe MSASCuiL.exe spoolsv.exe svchost.exe smartscreen.exe ccSvcHst.exe SelfServicePlugin.exe ni_usbmon.exe AdobeUpdateService.exe armsvc.exe audiodg.exe
    systemUserProcCount: 167
    systemUserProcFlagged: Explorer
    systemUsersCount: False
  #[[ Window ]] #---------
    windowWinType: pyglet
    windowWaitBlanking: False
    windowUseNativeGamma: True
    windowUnits: deg
    windowSize_pix: [1920 1080]
    windowScreen: 0
    windowRgb: [-0.7 -0.7 -0.7]
    windowRefreshTimeSD_ms: 0.402
    windowRefreshTimeMedian_ms: 16.679
    windowRefreshTimeAvg_ms: 16.684
    windowRefreshThreshold_sec: 0.0200
    windowRecordFrameIntervals: False
    windowPos_pix: [0, 0]
    windowMonitor.name: testmonitor
    windowMonitor.getWidth_cm: 57.0
    windowMonitor.getLinearizeMethod: 1
    windowMonitor.getGammaGrid: [[  0.   1.   1.  nan  nan  nan]
 [  0.   1.   1.  nan  nan  nan]
 [  0.   1.   1.  nan  nan  nan]
 [  0.   1.   1.  nan  nan  nan]]
    windowMonitor.getDistance_cm: 57.0
    windowMonitor.gammaInterpolator2: None
    windowMonitor.gammaInterpolator: None
    windowMonitor.currentCalibName: 2018_08_06 09:06
    windowIsFullScr: True
    windowHaveShaders: True
    windowAllowGUI: False
  #[[ Python ]] #---------
    pythonWxVersion: 3.0.2.0 msw (classic)
    pythonVersion: 2.7.11
    pythonScipyVersion: 0.17.1
    pythonPygletVersion: 1.2.4
    pythonPygameVersion: 1.9.2pre
    pythonNumpyVersion: 1.11.0
    pythonMatplotlibVersion: 1.5.1
    pythonFullVersion: 2.7.11 (v2.7.11:6d1b6a68f775, Dec  5 2015, 20:32:19) [MSC v.1500 32 bit (Intel)]
    pythonExecutable: C:\Program Files (x86)\PsychoPy2\python.exe
  #[[ OpenGL ]] #---------
    openGLVersion: 4.4.0 - Build 21.20.16.4627
    openGLVendor: Intel
    openGLRenderingEngine: Intel(R) HD Graphics 530
    openGLmaxVerticesInVertexArray: 1048576
    False: openGLext.GL_STEREO
    True: openGLext.GL_EXT_framebuffer_object
    True: openGLext.GL_ARB_vertex_shader
    True: openGLext.GL_ARB_texture_non_power_of_two
    True: openGLext.GL_ARB_texture_float
    True: openGLext.GL_ARB_shader_objects
    True: openGLext.GL_ARB_multitexture
    True: openGLext.GL_ARB_fragment_program
#[ PsychoPy2 RuntimeInfoEnd ]

549.9253 	EXP 	window1: recordFrameIntervals = True
550.4995 	WARNING 	t of last frame was 23.96ms (=1/41)
550.7583 	EXP 	window1: recordFrameIntervals = False
550.7596 	INFO 	Frames per second ~=60.1, which is close enough to desired val of 60.0
550.9587 	EXP 	Created sequence: random, trialTypes=12, nReps=30, seed=None
551.1906 	INFO 	Mouse: using default window
551.2133 	EXP 	Created OKrespZone = GratingStim(autoDraw=False, autoLog=True, color=array([ 1.,  1.,  1.]), colorSpace='rgb', contrast=1.0, depth=0, interpolate=False, mask='gauss', maskParams=None, name='OKrespZone', opacity=1.0, ori=0.0, phase=array([ 0.,  0.]), pos=array([ 0.  ,  0.88]), rgbPedestal=array([ 0.,  0.,  0.]), sf=array([ 0.,  0.]), size=array([ 2. ,  0.2]), tex='sin', texRes=256, units='norm', win=Window(...))
571.7051 	DATA 	Mouse: Left button down, pos=(1719,955)
571.8480 	DATA 	Mouse:  Left button up, pos=(1719,955)
585.9141 	DATA 	Mouse: Left button down, pos=(721,624)
586.0080 	DATA 	Mouse:  Left button up, pos=(721,624)
596.5937 	DATA 	Mouse: Left button down, pos=(320,195)
596.6879 	DATA 	Mouse:  Left button up, pos=(320,195)
604.6494 	DATA 	Mouse: Left button down, pos=(1281,459)
604.7520 	DATA 	Mouse:  Left button up, pos=(1281,459)
616.8021 	DATA 	Mouse: Left button down, pos=(132,815)
616.9440 	DATA 	Mouse:  Left button up, pos=(132,815)
621.2256 	DATA 	Mouse: Left button down, pos=(142,749)
621.3279 	DATA 	Mouse:  Left button up, pos=(142,749)
623.9461 	DATA 	Mouse: Left button down, pos=(521,746)
624.0320 	DATA 	Mouse:  Left button up, pos=(521,746)
629.8729 	DATA 	Mouse: Left button down, pos=(768,477)
629.9680 	DATA 	Mouse:  Left button up, pos=(768,477)
636.6722 	DATA 	Mouse: Left button down, pos=(928,677)
636.7759 	DATA 	Mouse:  Left button up, pos=(928,677)
641.6564 	DATA 	Mouse: Left button down, pos=(1284,126)
641.7759 	DATA 	Mouse:  Left button up, pos=(1284,126)
642.8648 	DATA 	Mouse: Left button down, pos=(1304,193)
642.9599 	DATA 	Mouse:  Left button up, pos=(1304,193)
648.8167 	DATA 	Mouse: Left button down, pos=(793,1023)
648.8443 	INFO 	Experiment will have 360 trials. Letters will be drawn with superposed noise of 0.00%
648.8562 	EXP 	New trial (rep=0, index=0): {'leftStreamFlip': True, 'oneTarget': False, 'trialInstructionPos': (0, 1), 'probe': 'both', 'rightStreamFlip': True, 'horizVert': False, 'ISIframes': 4, 'rightResponseFirst': True}
648.8563 	INFO 	Starting main part of experiment
648.9611 	DATA 	Mouse:  Left button up, pos=(793,1023)
650.0420 	INFO 	numtrials=360 and this trialDurFrames=54 or 900.0 ms  task=T1
652.5769 	EXP 	window1: recordFrameIntervals = False
652.5977 	INFO 	Mouse: using default window
661.2768 	DATA 	Keypress: e
664.0762 	DATA 	Keypress: e
664.2505 	EXP 	New trial (rep=0, index=1): {'leftStreamFlip': True, 'oneTarget': True, 'trialInstructionPos': (0, 1), 'probe': 'both', 'rightStreamFlip': True, 'horizVert': False, 'ISIframes': 4, 'rightResponseFirst': False}
673.7590 	INFO 	numtrials=360 and this trialDurFrames=42 or 700.0 ms  task=T1
676.0951 	EXP 	window1: recordFrameIntervals = False
676.1125 	INFO 	Mouse: using default window
677.9755 	DATA 	Keypress: e
678.1190 	EXP 	New trial (rep=0, index=2): {'leftStreamFlip': True, 'oneTarget': True, 'trialInstructionPos': (0, -1), 'probe': 'both', 'rightStreamFlip': True, 'horizVert': False, 'ISIframes': 4, 'rightResponseFirst': False}
678.1423 	INFO 	numtrials=360 and this trialDurFrames=34 or 566.666666667 ms  task=T1
680.1428 	EXP 	window1: recordFrameIntervals = False
680.1598 	INFO 	Mouse: using default window
681.4097 	DATA 	Keypress: s
681.5532 	EXP 	New trial (rep=0, index=3): {'leftStreamFlip': True, 'oneTarget': True, 'trialInstructionPos': (0, 1), 'probe': 'both', 'rightStreamFlip': True, 'horizVert': False, 'ISIframes': 4, 'rightResponseFirst': True}
681.5753 	INFO 	numtrials=360 and this trialDurFrames=34 or 566.666666667 ms  task=T1
683.2752 	EXP 	window1: recordFrameIntervals = False
683.2840 	INFO 	Mouse: using default window
684.5426 	DATA 	Keypress: m
684.6848 	EXP 	New trial (rep=0, index=4): {'leftStreamFlip': True, 'oneTarget': False, 'trialInstructionPos': (0, 1), 'probe': 'both', 'rightStreamFlip': True, 'horizVert': False, 'ISIframes': 4, 'rightResponseFirst': False}
693.0435 	INFO 	numtrials=360 and this trialDurFrames=26 or 433.333333333 ms  task=T1
694.4590 	EXP 	window1: recordFrameIntervals = False
694.4686 	INFO 	Mouse: using default window
695.8427 	DATA 	Keypress: z
697.2273 	DATA 	Keypress: f
697.3708 	EXP 	New trial (rep=0, index=5): {'leftStreamFlip': True, 'oneTarget': False, 'trialInstructionPos': (0, -1), 'probe': 'both', 'rightStreamFlip': True, 'horizVert': False, 'ISIframes': 4, 'rightResponseFirst': True}
697.3911 	INFO 	numtrials=360 and this trialDurFrames=6 or 100.0 ms  task=T1
698.5594 	EXP 	window1: recordFrameIntervals = False
698.5747 	INFO 	Mouse: using default window
699.7773 	DATA 	Keypress: t
701.1763 	DATA 	Keypress: y
701.3243 	EXP 	New trial (rep=0, index=6): {'leftStreamFlip': True, 'oneTarget': True, 'trialInstructionPos': (0, -1), 'probe': 'both', 'rightStreamFlip': True, 'horizVert': False, 'ISIframes': 4, 'rightResponseFirst': True}
701.3412 	INFO 	numtrials=360 and this trialDurFrames=6 or 100.0 ms  task=T1
702.5769 	EXP 	window1: recordFrameIntervals = False
702.5969 	INFO 	Mouse: using default window
704.0261 	DATA 	Keypress: e
704.1705 	EXP 	New trial (rep=0, index=7): {'leftStreamFlip': True, 'oneTarget': False, 'trialInstructionPos': (0, -1), 'probe': 'both', 'rightStreamFlip': True, 'horizVert': False, 'ISIframes': 4, 'rightResponseFirst': True}
704.1912 	INFO 	numtrials=360 and this trialDurFrames=6 or 100.0 ms  task=T1
705.4430 	EXP 	window1: recordFrameIntervals = False
705.4572 	INFO 	Mouse: using default window
706.7106 	DATA 	Keypress: r
707.1757 	DATA 	Keypress: g
707.3174 	EXP 	New trial (rep=0, index=8): {'leftStreamFlip': True, 'oneTarget': False, 'trialInstructionPos': (0, 1), 'probe': 'both', 'rightStreamFlip': True, 'horizVert': False, 'ISIframes': 4, 'rightResponseFirst': True}
707.3412 	INFO 	numtrials=360 and this trialDurFrames=7 or 116.666666667 ms  task=T1
708.5095 	EXP 	window1: recordFrameIntervals = False
708.5204 	INFO 	Mouse: using default window
709.5256 	DATA 	Keypress: g
711.4427 	DATA 	Keypress: g
711.5840 	EXP 	New trial (rep=0, index=9): {'leftStreamFlip': True, 'oneTarget': False, 'trialInstructionPos': (0, -1), 'probe': 'both', 'rightStreamFlip': True, 'horizVert': False, 'ISIframes': 4, 'rightResponseFirst': False}
711.6101 	INFO 	numtrials=360 and this trialDurFrames=8 or 133.333333333 ms  task=T1
712.8755 	EXP 	window1: recordFrameIntervals = False
712.8835 	INFO 	Mouse: using default window
714.8423 	DATA 	Keypress: r
715.6260 	DATA 	Keypress: e
715.7657 	EXP 	New trial (rep=0, index=10): {'leftStreamFlip': True, 'oneTarget': False, 'trialInstructionPos': (0, -1), 'probe': 'both', 'rightStreamFlip': True, 'horizVert': False, 'ISIframes': 4, 'rightResponseFirst': False}
715.7921 	INFO 	numtrials=360 and this trialDurFrames=8 or 133.333333333 ms  task=T1
716.9604 	EXP 	window1: recordFrameIntervals = False
716.9814 	INFO 	Mouse: using default window
718.4927 	DATA 	Keypress: t
719.3621 	DATA 	Keypress: z
719.5153 	EXP 	New trial (rep=0, index=11): {'leftStreamFlip': True, 'oneTarget': False, 'trialInstructionPos': (0, 1), 'probe': 'both', 'rightStreamFlip': True, 'horizVert': False, 'ISIframes': 4, 'rightResponseFirst': False}
719.5412 	INFO 	numtrials=360 and this trialDurFrames=7 or 116.666666667 ms  task=T1
720.6930 	EXP 	window1: recordFrameIntervals = False
720.7027 	INFO 	Mouse: using default window
721.9591 	DATA 	Keypress: s
722.3769 	DATA 	Keypress: i
722.5186 	EXP 	New trial (rep=1, index=0): {'leftStreamFlip': True, 'oneTarget': True, 'trialInstructionPos': (0, -1), 'probe': 'both', 'rightStreamFlip': True, 'horizVert': False, 'ISIframes': 4, 'rightResponseFirst': True}
722.5432 	INFO 	numtrials=360 and this trialDurFrames=7 or 116.666666667 ms  task=T1
723.7604 	EXP 	window1: recordFrameIntervals = False
723.7779 	INFO 	Mouse: using default window
724.6615 	DATA 	Keypress: i
724.8042 	EXP 	New trial (rep=1, index=1): {'leftStreamFlip': True, 'oneTarget': False, 'trialInstructionPos': (0, 1), 'probe': 'both', 'rightStreamFlip': True, 'horizVert': False, 'ISIframes': 4, 'rightResponseFirst': True}
724.8246 	INFO 	numtrials=360 and this trialDurFrames=8 or 133.333333333 ms  task=T1
726.0100 	EXP 	window1: recordFrameIntervals = False
726.0285 	INFO 	Mouse: using default window
727.2094 	DATA 	Keypress: c
727.7095 	DATA 	Keypress: m
727.8539 	EXP 	New trial (rep=1, index=2): {'leftStreamFlip': True, 'oneTarget': False, 'trialInstructionPos': (0, -1), 'probe': 'both', 'rightStreamFlip': True, 'horizVert': False, 'ISIframes': 4, 'rightResponseFirst': True}
727.8762 	INFO 	numtrials=360 and this trialDurFrames=8 or 133.333333333 ms  task=T1
729.0089 	EXP 	window1: recordFrameIntervals = False
729.0221 	INFO 	Mouse: using default window
731.3298 	DATA 	Keypress: i
732.3756 	DATA 	Keypress: f
732.5352 	EXP 	New trial (rep=1, index=3): {'leftStreamFlip': True, 'oneTarget': True, 'trialInstructionPos': (0, 1), 'probe': 'both', 'rightStreamFlip': True, 'horizVert': False, 'ISIframes': 4, 'rightResponseFirst': False}
732.5578 	INFO 	numtrials=360 and this trialDurFrames=8 or 133.333333333 ms  task=T1
733.7770 	EXP 	window1: recordFrameIntervals = False
733.7955 	INFO 	Mouse: using default window
735.5438 	DATA 	Keypress: u
735.6863 	EXP 	New trial (rep=1, index=4): {'leftStreamFlip': True, 'oneTarget': False, 'trialInstructionPos': (0, -1), 'probe': 'both', 'rightStreamFlip': True, 'horizVert': False, 'ISIframes': 4, 'rightResponseFirst': False}
735.7080 	INFO 	numtrials=360 and this trialDurFrames=8 or 133.333333333 ms  task=T1
736.7595 	EXP 	window1: recordFrameIntervals = False
736.7693 	INFO 	Mouse: using default window
738.5771 	DATA 	Keypress: f
739.1424 	DATA 	Keypress: i
739.2844 	EXP 	New trial (rep=1, index=5): {'leftStreamFlip': True, 'oneTarget': False, 'trialInstructionPos': (0, -1), 'probe': 'both', 'rightStreamFlip': True, 'horizVert': False, 'ISIframes': 4, 'rightResponseFirst': True}
739.3079 	INFO 	numtrials=360 and this trialDurFrames=8 or 133.333333333 ms  task=T1
740.4089 	EXP 	window1: recordFrameIntervals = False
740.4186 	INFO 	Mouse: using default window
741.4261 	DATA 	Keypress: i
743.6436 	DATA 	Keypress: i
743.7888 	EXP 	New trial (rep=1, index=6): {'leftStreamFlip': True, 'oneTarget': False, 'trialInstructionPos': (0, -1), 'probe': 'both', 'rightStreamFlip': True, 'horizVert': False, 'ISIframes': 4, 'rightResponseFirst': False}
743.8079 	INFO 	numtrials=360 and this trialDurFrames=8 or 133.333333333 ms  task=T1
745.0755 	EXP 	window1: recordFrameIntervals = False
745.0843 	INFO 	Mouse: using default window
746.8426 	DATA 	Keypress: f
747.3606 	DATA 	Keypress: n
747.5070 	EXP 	New trial (rep=1, index=7): {'leftStreamFlip': True, 'oneTarget': True, 'trialInstructionPos': (0, -1), 'probe': 'both', 'rightStreamFlip': True, 'horizVert': False, 'ISIframes': 4, 'rightResponseFirst': False}
747.5247 	INFO 	numtrials=360 and this trialDurFrames=8 or 133.333333333 ms  task=T1
748.7934 	EXP 	window1: recordFrameIntervals = False
748.8046 	INFO 	Mouse: using default window
749.9263 	DATA 	Keypress: m
750.0645 	EXP 	New trial (rep=1, index=8): {'leftStreamFlip': True, 'oneTarget': False, 'trialInstructionPos': (0, 1), 'probe': 'both', 'rightStreamFlip': True, 'horizVert': False, 'ISIframes': 4, 'rightResponseFirst': False}
750.0935 	INFO 	numtrials=360 and this trialDurFrames=8 or 133.333333333 ms  task=T1
751.3761 	EXP 	window1: recordFrameIntervals = False
751.3876 	INFO 	Mouse: using default window
752.7603 	DATA 	Keypress: n
753.6423 	DATA 	Keypress: k
753.7828 	EXP 	New trial (rep=1, index=9): {'leftStreamFlip': True, 'oneTarget': False, 'trialInstructionPos': (0, 1), 'probe': 'both', 'rightStreamFlip': True, 'horizVert': False, 'ISIframes': 4, 'rightResponseFirst': False}
753.8073 	INFO 	numtrials=360 and this trialDurFrames=8 or 133.333333333 ms  task=T1
754.9598 	EXP 	window1: recordFrameIntervals = False
754.9788 	INFO 	Mouse: using default window
756.7090 	DATA 	Keypress: y
757.3139 	DATA 	Keypress: t
757.4691 	EXP 	New trial (rep=1, index=10): {'leftStreamFlip': True, 'oneTarget': True, 'trialInstructionPos': (0, 1), 'probe': 'both', 'rightStreamFlip': True, 'horizVert': False, 'ISIframes': 4, 'rightResponseFirst': True}
757.4913 	INFO 	numtrials=360 and this trialDurFrames=7 or 116.666666667 ms  task=T1
758.5603 	EXP 	window1: recordFrameIntervals = False
758.5727 	INFO 	Mouse: using default window
759.9092 	DATA 	Keypress: i
760.0558 	EXP 	New trial (rep=1, index=11): {'leftStreamFlip': True, 'oneTarget': False, 'trialInstructionPos': (0, 1), 'probe': 'both', 'rightStreamFlip': True, 'horizVert': False, 'ISIframes': 4, 'rightResponseFirst': True}
760.0745 	INFO 	numtrials=360 and this trialDurFrames=8 or 133.333333333 ms  task=T1
761.1263 	EXP 	window1: recordFrameIntervals = False
761.1394 	INFO 	Mouse: using default window
762.5290 	DATA 	Keypress: k
763.1433 	DATA 	Keypress: k
763.2836 	EXP 	New trial (rep=2, index=0): {'leftStreamFlip': True, 'oneTarget': False, 'trialInstructionPos': (0, -1), 'probe': 'both', 'rightStreamFlip': True, 'horizVert': False, 'ISIframes': 4, 'rightResponseFirst': False}
763.3079 	INFO 	numtrials=360 and this trialDurFrames=8 or 133.333333333 ms  task=T1
764.5257 	EXP 	window1: recordFrameIntervals = False
764.5349 	INFO 	Mouse: using default window
766.9766 	DATA 	Keypress: a
767.4946 	DATA 	Keypress: s
767.6330 	EXP 	New trial (rep=2, index=1): {'leftStreamFlip': True, 'oneTarget': False, 'trialInstructionPos': (0, -1), 'probe': 'both', 'rightStreamFlip': True, 'horizVert': False, 'ISIframes': 4, 'rightResponseFirst': False}
767.6582 	INFO 	numtrials=360 and this trialDurFrames=7 or 116.666666667 ms  task=T1
768.7595 	EXP 	window1: recordFrameIntervals = False
768.7755 	INFO 	Mouse: using default window
770.0595 	DATA 	Keypress: t
770.5132 	DATA 	Keypress: t
770.6693 	EXP 	New trial (rep=2, index=2): {'leftStreamFlip': True, 'oneTarget': False, 'trialInstructionPos': (0, 1), 'probe': 'both', 'rightStreamFlip': True, 'horizVert': False, 'ISIframes': 4, 'rightResponseFirst': False}
770.6913 	INFO 	numtrials=360 and this trialDurFrames=7 or 116.666666667 ms  task=T1
771.7923 	EXP 	window1: recordFrameIntervals = False
771.8072 	INFO 	Mouse: using default window
773.0769 	DATA 	Keypress: r
773.9595 	DATA 	Keypress: s
774.0989 	EXP 	New trial (rep=2, index=3): {'leftStreamFlip': True, 'oneTarget': False, 'trialInstructionPos': (0, 1), 'probe': 'both', 'rightStreamFlip': True, 'horizVert': False, 'ISIframes': 4, 'rightResponseFirst': True}
774.1248 	INFO 	numtrials=360 and this trialDurFrames=7 or 116.666666667 ms  task=T1
775.1927 	EXP 	window1: recordFrameIntervals = False
775.2019 	INFO 	Mouse: using default window
776.5618 	DATA 	Keypress: k
777.8431 	DATA 	Keypress: k
777.9856 	EXP 	New trial (rep=2, index=4): {'leftStreamFlip': True, 'oneTarget': True, 'trialInstructionPos': (0, -1), 'probe': 'both', 'rightStreamFlip': True, 'horizVert': False, 'ISIframes': 4, 'rightResponseFirst': False}
778.0080 	INFO 	numtrials=360 and this trialDurFrames=7 or 116.666666667 ms  task=T1
779.1100 	EXP 	window1: recordFrameIntervals = False
779.1298 	INFO 	Mouse: using default window
780.2098 	DATA 	Keypress: z
780.3509 	EXP 	New trial (rep=2, index=5): {'leftStreamFlip': True, 'oneTarget': False, 'trialInstructionPos': (0, 1), 'probe': 'both', 'rightStreamFlip': True, 'horizVert': False, 'ISIframes': 4, 'rightResponseFirst': False}
780.3755 	INFO 	numtrials=360 and this trialDurFrames=7 or 116.666666667 ms  task=T1
781.4422 	EXP 	window1: recordFrameIntervals = False
781.4509 	INFO 	Mouse: using default window
782.9296 	DATA 	Keypress: a
783.9102 	DATA 	Keypress: u
784.0497 	EXP 	New trial (rep=2, index=6): {'leftStreamFlip': True, 'oneTarget': True, 'trialInstructionPos': (0, -1), 'probe': 'both', 'rightStreamFlip': True, 'horizVert': False, 'ISIframes': 4, 'rightResponseFirst': True}
784.0755 	INFO 	numtrials=360 and this trialDurFrames=7 or 116.666666667 ms  task=T1
785.3102 	EXP 	window1: recordFrameIntervals = False
785.3313 	INFO 	Mouse: using default window
786.4924 	DATA 	Keypress: c
786.6349 	EXP 	New trial (rep=2, index=7): {'leftStreamFlip': True, 'oneTarget': False, 'trialInstructionPos': (0, -1), 'probe': 'both', 'rightStreamFlip': True, 'horizVert': False, 'ISIframes': 4, 'rightResponseFirst': True}
786.6579 	INFO 	numtrials=360 and this trialDurFrames=7 or 116.666666667 ms  task=T1
787.7438 	EXP 	window1: recordFrameIntervals = False
787.7621 	INFO 	Mouse: using default window
789.1769 	DATA 	Keypress: a
790.2095 	DATA 	Keypress: a
790.3466 	EXP 	New trial (rep=2, index=8): {'leftStreamFlip': True, 'oneTarget': True, 'trialInstructionPos': (0, 1), 'probe': 'both', 'rightStreamFlip': True, 'horizVert': False, 'ISIframes': 4, 'rightResponseFirst': True}
790.3756 	INFO 	numtrials=360 and this trialDurFrames=7 or 116.666666667 ms  task=T1
791.4256 	EXP 	window1: recordFrameIntervals = False
791.4343 	INFO 	Mouse: using default window
792.5606 	DATA 	Keypress: y
792.7170 	EXP 	New trial (rep=2, index=9): {'leftStreamFlip': True, 'oneTarget': False, 'trialInstructionPos': (0, 1), 'probe': 'both', 'rightStreamFlip': True, 'horizVert': False, 'ISIframes': 4, 'rightResponseFirst': True}
792.7413 	INFO 	numtrials=360 and this trialDurFrames=8 or 133.333333333 ms  task=T1
793.9919 	EXP 	window1: recordFrameIntervals = False
794.0002 	INFO 	Mouse: using default window
795.9927 	DATA 	Keypress: n
796.8254 	DATA 	Keypress: e
796.9648 	EXP 	New trial (rep=2, index=10): {'leftStreamFlip': True, 'oneTarget': False, 'trialInstructionPos': (0, -1), 'probe': 'both', 'rightStreamFlip': True, 'horizVert': False, 'ISIframes': 4, 'rightResponseFirst': True}
796.9916 	INFO 	numtrials=360 and this trialDurFrames=8 or 133.333333333 ms  task=T1
798.2757 	EXP 	window1: recordFrameIntervals = False
798.2843 	INFO 	Mouse: using default window
799.9428 	DATA 	Keypress: s
801.5089 	DATA 	Keypress: i
801.6513 	EXP 	New trial (rep=2, index=11): {'leftStreamFlip': True, 'oneTarget': True, 'trialInstructionPos': (0, 1), 'probe': 'both', 'rightStreamFlip': True, 'horizVert': False, 'ISIframes': 4, 'rightResponseFirst': False}
801.6747 	INFO 	numtrials=360 and this trialDurFrames=7 or 116.666666667 ms  task=T1
802.8923 	EXP 	window1: recordFrameIntervals = False
802.9010 	INFO 	Mouse: using default window
803.8265 	DATA 	Keypress: z
803.9750 	EXP 	New trial (rep=3, index=0): {'leftStreamFlip': True, 'oneTarget': False, 'trialInstructionPos': (0, -1), 'probe': 'both', 'rightStreamFlip': True, 'horizVert': False, 'ISIframes': 4, 'rightResponseFirst': True}
803.9912 	INFO 	numtrials=360 and this trialDurFrames=7 or 116.666666667 ms  task=T1
805.2101 	EXP 	window1: recordFrameIntervals = False
805.2294 	INFO 	Mouse: using default window
813.7772 	DATA 	Keypress: lctrl
813.7775 	DATA 	Keypress: z
813.8085 	DATA 	Keypress: lshift
815.5096 	DATA 	Keypress: lctrl
815.5931 	DATA 	Keypress: z
815.6259 	DATA 	Keypress: lshift
815.7375 	EXP 	New trial (rep=3, index=1): {'leftStreamFlip': True, 'oneTarget': False, 'trialInstructionPos': (0, 1), 'probe': 'both', 'rightStreamFlip': True, 'horizVert': False, 'ISIframes': 4, 'rightResponseFirst': False}
815.7579 	INFO 	numtrials=360 and this trialDurFrames=7 or 116.666666667 ms  task=T1
816.9929 	EXP 	window1: recordFrameIntervals = False
817.0022 	INFO 	Mouse: using default window
824.9622 	DATA 	Keypress: lctrl
825.3766 	DATA 	Keypress: lshift
825.7768 	DATA 	Keypress: z
825.7980 	INFO 	Stopping at 09:20 on 06 Aug 2018
825.7994 	ERROR 	user aborted experiment on keypress with trials done=37 of 361
825.8165 	INFO 	Program terminating normally.
