2.1362 	WARNING 	Monitor specification not found. Creating a temporary one...
22.5729 	EXP 	Created window1 = Window(allowGUI=False, allowStencil=False, autoLog=True, bitsMode=UNKNOWN, blendMode='avg', color=array([-0.7, -0.7, -0.7]), colorSpace='rgb', fullscr=UNKNOWN, gamma=None, lms=UNKNOWN, monitor=<psychopy.monitors.calibTools.Monitor object at 0x1A9753B0>, name='window1', pos=[0, 0], screen=0, size=array([1920, 1080]), stereo=False, units='deg', useFBO=False, useRetina=False, viewOri=0.0, viewPos=None, viewScale=None, waitBlanking=False, winType='pyglet')
22.5730 	INFO 	Mouse: using default window
22.5736 	EXP 	window1: units = 'norm'
22.8148 	EXP 	Created unnamed ImageStim = ImageStim(autoLog=True, color=array([ 1.,  1.,  1.]), colorSpace='rgb', contrast=1.0, depth=0, flipHoriz=False, flipVert=False, image=str(...), interpolate=False, mask=None, maskParams=None, name='unnamed ImageStim', opacity=1.0, ori=0.0, pos=array([-0.5,  0. ]), size=array([ 1.290625  ,  3.24814815]), texRes=128, units='norm', win=Window(...))
23.0339 	EXP 	Created unnamed ImageStim = ImageStim(autoLog=True, color=array([ 1.,  1.,  1.]), colorSpace='rgb', contrast=1.0, depth=0, flipHoriz=False, flipVert=False, image=str(...), interpolate=False, mask=None, maskParams=None, name='unnamed ImageStim', opacity=1.0, ori=0.0, pos=array([ 0.5,  0. ]), size=array([ 1.290625  ,  3.24814815]), texRes=128, units='norm', win=Window(...))
23.1087 	EXP 	Created OKrespZone = GratingStim(autoDraw=False, autoLog=True, color=array([ 1. ,  0.5,  0.5]), colorSpace='rgb', contrast=1.0, depth=0, interpolate=False, mask='gauss', maskParams=None, name='OKrespZone', opacity=1.0, ori=0.0, phase=array([ 0.,  0.]), pos=array([-0.2 , -0.92]), rgbPedestal=array([ 0.,  0.,  0.]), sf=array([ 0.,  0.]), size=array([ 2.3,  0.2]), tex='sin', texRes=256, units='norm', win=Window(...))
23.6159 	EXP 	unnamed ImageStim: size = (1, 2)
23.6159 	EXP 	unnamed ImageStim: size = (1, 2)
41.6384 	DATA 	Keypress: escape
61.6874 	DATA 	Keypress: escape
61.8871 	DATA 	Keypress: escape
62.0872 	DATA 	Keypress: escape
62.1238 	DATA 	Keypress: escape
324.2384 	DATA 	Mouse: Left button down, pos=(637,36)
324.2529 	EXP 	window1: units = 'deg'
324.2537 	EXP 	window1: units = 'norm'
324.3143 	EXP 	Created OKrespZone = GratingStim(autoDraw=False, autoLog=True, color=array([ 1. ,  0.5,  0.5]), colorSpace='rgb', contrast=1.0, depth=0, interpolate=False, mask='gauss', maskParams=None, name='OKrespZone', opacity=1.0, ori=0.0, phase=array([ 0.,  0.]), pos=array([-0.2 , -0.92]), rgbPedestal=array([ 0.,  0.,  0.]), sf=array([ 0.,  0.]), size=array([ 2.3,  0.2]), tex='sin', texRes=256, units='norm', win=Window(...))
324.5664 	EXP 	Created unnamed ImageStim = ImageStim(autoLog=True, color=array([ 1.,  1.,  1.]), colorSpace='rgb', contrast=1.0, depth=0, flipHoriz=False, flipVert=False, image='abgdj\\PISandConsentForm\\consentForm.png', interpolate=False, mask=None, maskParams=None, name='unnamed ImageStim', opacity=1.0, ori=0.0, pos=array([ 0.,  0.]), size=array([ 1.3375    ,  2.97407407]), texRes=128, units='norm', win=Window(...))
324.6926 	EXP 	Created unnamed GratingStim = GratingStim(autoDraw=False, autoLog=True, color=array([ 1. ,  0.5,  0.5]), colorSpace='rgb', contrast=1.0, depth=0, interpolate=False, mask='gauss', maskParams=None, name='unnamed GratingStim', opacity=1.0, ori=0.0, phase=array([ 0.,  0.]), pos=array([-0.2 , -0.42]), rgbPedestal=array([ 0.,  0.,  0.]), sf=array([ 0.,  0.]), size=array([ 0.3,  0.2]), tex='sin', texRes=256, units='norm', win=Window(...))
324.8023 	EXP 	Created unnamed GratingStim = GratingStim(autoDraw=False, autoLog=True, color=array([ 1. ,  0.5,  0.5]), colorSpace='rgb', contrast=1.0, depth=0, interpolate=False, mask='gauss', maskParams=None, name='unnamed GratingStim', opacity=1.0, ori=0.0, phase=array([ 0.,  0.]), pos=array([ 0.1 , -0.42]), rgbPedestal=array([ 0.,  0.,  0.]), sf=array([ 0.,  0.]), size=array([ 0.3,  0.2]), tex='sin', texRes=256, units='norm', win=Window(...))
324.8811 	EXP 	Created unnamed GratingStim = GratingStim(autoDraw=False, autoLog=True, color=array([ 1. ,  0.5,  0.5]), colorSpace='rgb', contrast=1.0, depth=0, interpolate=False, mask='gauss', maskParams=None, name='unnamed GratingStim', opacity=1.0, ori=0.0, phase=array([ 0.,  0.]), pos=array([-0.2 , -0.72]), rgbPedestal=array([ 0.,  0.,  0.]), sf=array([ 0.,  0.]), size=array([ 0.3,  0.2]), tex='sin', texRes=256, units='norm', win=Window(...))
324.9568 	EXP 	Created unnamed GratingStim = GratingStim(autoDraw=False, autoLog=True, color=array([ 1. ,  0.5,  0.5]), colorSpace='rgb', contrast=1.0, depth=0, interpolate=False, mask='gauss', maskParams=None, name='unnamed GratingStim', opacity=1.0, ori=0.0, phase=array([ 0.,  0.]), pos=array([ 0.1 , -0.72]), rgbPedestal=array([ 0.,  0.,  0.]), sf=array([ 0.,  0.]), size=array([ 0.3,  0.2]), tex='sin', texRes=256, units='norm', win=Window(...))
324.9676 	DATA 	Mouse:  Left button up, pos=(638,36)
324.9820 	EXP 	unnamed ImageStim: size = (1.1, 2)
325.0380 	DATA 	Mouse: Left button down, pos=(833,51)
325.1534 	DATA 	Mouse:  Left button up, pos=(834,51)
340.6539 	DATA 	Mouse: Left button down, pos=(779,302)
340.8368 	DATA 	Mouse:  Left button up, pos=(779,302)
350.6705 	DATA 	Mouse: Left button down, pos=(1052,313)
350.8035 	DATA 	Mouse:  Left button up, pos=(1052,313)
351.2767 	DATA 	Mouse: Left button down, pos=(1094,129)
351.4104 	DATA 	Mouse:  Left button up, pos=(1094,129)
352.6269 	DATA 	Mouse: Left button down, pos=(760,33)
352.6361 	EXP 	window1: units = 'deg'
352.6479 	EXP 	window1: mouseVisible = True
389.2227 	EXP 	Created window1 = Window(allowGUI=False, allowStencil=False, autoLog=True, bitsMode=UNKNOWN, blendMode='avg', color=array([-0.7, -0.7, -0.7]), colorSpace='rgb', fullscr=UNKNOWN, gamma=None, lms=UNKNOWN, monitor=<psychopy.monitors.calibTools.Monitor object at 0x1A9753B0>, name='window1', pos=[0, 0], screen=0, size=array([1920, 1080]), stereo=False, units='deg', useFBO=False, useRetina=False, viewOri=0.0, viewPos=None, viewScale=None, waitBlanking=False, winType='pyglet')
395.8231 	INFO 	#[ PsychoPy2 RuntimeInfoStart ]
  #[[ PsychoPy ]] #---------
    psychopyVersion: 1.84.2
    psychopyHaveExtRush: True
  #[[ Experiment ]] #---------
    experimentAuthor: None
    experimentAuthVersion: None
    experimentRunTime: 2018_08_06 12:09 (Year_Month_Day Hour:Min)
    experimentRunTime.epoch: 1533521374
    experimentScript: psyc1002.py
    experimentScript.digestSHA1: 03993779484d600ea4c1b8cc2288f3d37a5025d5
    experimentScript.directory: U:\PSYC1002\abgdj
  #[[ System ]] #---------
    systemHaveInternetAccess: True
    systemHostName: W5FDXKG2
    systemLocale: English_Australia.1252
    systemMemFreeRAM: 4329.890625
    systemMemTotalRAM: 8076.9453125
    systemPlatform: windowsversion=sys.getwindowsversion(major=6, minor=2, build=9200, platform=2, service_pack='')
    systemPyo.InputDevices: {4: {'host api index': 2, 'latency': 0.008707483299076557, 'default sr': 44100, 'name': u'Realtek ASIO'}}
    systemPyo.OutputDevices: {0: {'host api index': 0, 'latency': 0.09000000357627869, 'default sr': 44100, 'name': u'Microsoft Sound Mapper - Output'}, 1: {'host api index': 0, 'latency': 0.09000000357627869, 'default sr': 44100, 'name': u'Speakers / Headphones (Realtek '}, 2: {'host api index': 1, 'latency': 0.11999999731779099, 'default sr': 44100, 'name': u'Primary Sound Driver'}, 3: {'host api index': 1, 'latency': 0.11999999731779099, 'default sr': 44100, 'name': u'Speakers / Headphones (Realtek High Definition Audio)'}, 4: {'host api index': 2, 'latency': 0.008707483299076557, 'default sr': 44100, 'name': u'Realtek ASIO'}, 5: {'host api index': 3, 'latency': 0.003000000026077032, 'default sr': 48000, 'name': u'Speakers / Headphones (Realtek High Definition Audio)'}}
    systemPyoVersion: 0.8.0
    systemRebooted: System Boot Time:          6/08/2018, 2:07:15 AM
    systemSec.pythonSSL: True
    systemTimeNumpySD1000000_sec: 0.0227
    systemUser: jufu9490
    systemUserID: 1000
    systemUserProcCmdPid: LabStatsUserSpace.exe dwm.exe TiWorker.exe CmRcService.exe nierserver.exe LabStatsClient.exe tagsrv.exe SearchUI.exe rundll32.exe OneDrive.exe nipxism.exe WmiPrvSE.exe niLxiDiscovery.exe SecurityHealthService.exe redirector.exe server_admin.exe pc-client.exe lkads.exe svchost.exe ni_usbmon.exe AGSService.exe System SISIDSService.exe SelfServicePlugin.exe explorer.exe smss.exe ApplicationWebServer.exe RuntimeBroker.exe acrotray.exe niauth_daemon.exe cmd.exe nidmsrv.exe Receiver.exe SISIPSService.exe lktsrv.exe lsass.exe python.exe RtkNGUI64.exe sisipsutil.exe AdobeUpdateService.exe armsvc.exe ssonsvr.exe concentr.exe nidevldu.exe taskhostw.exe ctfmon.exe RAVBg64.exe ''Memory Compression'' NIWebServiceContainer.exe nimxs.exe RtkAudioService64.exe SystemWebServer.exe tasklist.exe snowagent.exe CcmExec.exe SmcGui.exe nicitdl5.exe ''System Idle Process'' services.exe niDiscSvc.exe sqlwriter.exe MSASCuiL.exe SCNotification.exe nimdnsResponder.exe server_runtime.exe sihost.exe backgroundTaskHost.exe spoolsv.exe wininit.exe winlogon.exe ShellExperienceHost.exe nidevmon.exe SearchIndexer.exe csrss.exe TrustedInstaller.exe audiodg.exe fontdrvhost.exe OneDriveSetup.exe unsecapp.exe ccSvcHst.exe wfcrun32.exe nisvcloc.exe server_eventlog.exe lkcitdl.exe AuthManSvr.exe conhost.exe
    systemUserProcCount: 176
    systemUserProcFlagged: Explorer
    systemUsersCount: False
  #[[ Window ]] #---------
    windowWinType: pyglet
    windowWaitBlanking: False
    windowUseNativeGamma: True
    windowUnits: deg
    windowSize_pix: [1920 1080]
    windowScreen: 0
    windowRgb: [-0.7 -0.7 -0.7]
    windowRefreshTimeSD_ms: 0.442
    windowRefreshTimeMedian_ms: 16.674
    windowRefreshTimeAvg_ms: 16.672
    windowRefreshThreshold_sec: 0.0200
    windowRecordFrameIntervals: False
    windowPos_pix: [0, 0]
    windowMonitor.name: testmonitor
    windowMonitor.getWidth_cm: 57.0
    windowMonitor.getLinearizeMethod: 1
    windowMonitor.getGammaGrid: [[  0.   1.   1.  nan  nan  nan]
 [  0.   1.   1.  nan  nan  nan]
 [  0.   1.   1.  nan  nan  nan]
 [  0.   1.   1.  nan  nan  nan]]
    windowMonitor.getDistance_cm: 57.0
    windowMonitor.gammaInterpolator2: None
    windowMonitor.gammaInterpolator: None
    windowMonitor.currentCalibName: 2018_08_06 12:03
    windowIsFullScr: True
    windowHaveShaders: True
    windowAllowGUI: False
  #[[ Python ]] #---------
    pythonWxVersion: 3.0.2.0 msw (classic)
    pythonVersion: 2.7.11
    pythonScipyVersion: 0.17.1
    pythonPygletVersion: 1.2.4
    pythonPygameVersion: 1.9.2pre
    pythonNumpyVersion: 1.11.0
    pythonMatplotlibVersion: 1.5.1
    pythonFullVersion: 2.7.11 (v2.7.11:6d1b6a68f775, Dec  5 2015, 20:32:19) [MSC v.1500 32 bit (Intel)]
    pythonExecutable: C:\Program Files (x86)\PsychoPy2\python.exe
  #[[ OpenGL ]] #---------
    openGLVersion: 4.4.0 - Build 20.19.15.4531
    openGLVendor: Intel
    openGLRenderingEngine: Intel(R) HD Graphics 530
    openGLmaxVerticesInVertexArray: 1048576
    False: openGLext.GL_STEREO
    True: openGLext.GL_EXT_framebuffer_object
    True: openGLext.GL_ARB_vertex_shader
    True: openGLext.GL_ARB_texture_non_power_of_two
    True: openGLext.GL_ARB_texture_float
    True: openGLext.GL_ARB_shader_objects
    True: openGLext.GL_ARB_multitexture
    True: openGLext.GL_ARB_fragment_program
#[ PsychoPy2 RuntimeInfoEnd ]

395.8696 	EXP 	window1: recordFrameIntervals = True
396.7028 	EXP 	window1: recordFrameIntervals = False
396.7037 	INFO 	Frames per second ~=60.1, which is close enough to desired val of 60.0
397.3839 	EXP 	Created sequence: random, trialTypes=12, nReps=30, seed=None
397.8535 	INFO 	Mouse: using default window
397.9159 	EXP 	Created OKrespZone = GratingStim(autoDraw=False, autoLog=True, color=array([ 1.,  1.,  1.]), colorSpace='rgb', contrast=1.0, depth=0, interpolate=False, mask='gauss', maskParams=None, name='OKrespZone', opacity=1.0, ori=0.0, phase=array([ 0.,  0.]), pos=array([ 0.  ,  0.88]), rgbPedestal=array([ 0.,  0.,  0.]), sf=array([ 0.,  0.]), size=array([ 2. ,  0.2]), tex='sin', texRes=256, units='norm', win=Window(...))
428.4580 	DATA 	Mouse: wheel shift=(0,-1), pos=(317,558)
428.4818 	DATA 	Mouse: wheel shift=(0,-1), pos=(317,558)
428.5139 	DATA 	Mouse: wheel shift=(0,-1), pos=(317,558)
428.5619 	DATA 	Mouse: wheel shift=(0,-1), pos=(317,558)
428.7779 	DATA 	Mouse: wheel shift=(0,1), pos=(317,558)
428.8018 	DATA 	Mouse: wheel shift=(0,1), pos=(317,558)
428.8178 	DATA 	Mouse: wheel shift=(0,1), pos=(317,558)
428.8419 	DATA 	Mouse: wheel shift=(0,1), pos=(317,558)
429.0339 	DATA 	Mouse: wheel shift=(0,-1), pos=(317,558)
429.0579 	DATA 	Mouse: wheel shift=(0,-1), pos=(317,558)
429.0820 	DATA 	Mouse: wheel shift=(0,-1), pos=(317,558)
429.0978 	DATA 	Mouse: wheel shift=(0,-1), pos=(317,558)
429.1298 	DATA 	Mouse: wheel shift=(0,-1), pos=(317,558)
429.2659 	DATA 	Mouse: wheel shift=(0,1), pos=(317,558)
429.3001 	DATA 	Mouse: wheel shift=(0,1), pos=(317,558)
429.3379 	DATA 	Mouse: wheel shift=(0,1), pos=(317,558)
429.5139 	DATA 	Mouse: wheel shift=(0,-1), pos=(317,558)
429.5301 	DATA 	Mouse: wheel shift=(0,-1), pos=(317,558)
429.5699 	DATA 	Mouse: wheel shift=(0,-1), pos=(317,558)
488.6507 	DATA 	Mouse: Left button down, pos=(132,186)
488.8828 	DATA 	Mouse:  Left button up, pos=(132,186)
497.4029 	DATA 	Mouse: Left button down, pos=(180,1012)
497.6375 	DATA 	Mouse:  Left button up, pos=(180,1012)
501.0986 	DATA 	Mouse: Left button down, pos=(754,189)
501.3236 	DATA 	Mouse:  Left button up, pos=(754,189)
507.0908 	DATA 	Mouse: Left button down, pos=(1568,880)
507.3216 	DATA 	Mouse:  Left button up, pos=(1568,880)
512.4746 	DATA 	Mouse: Left button down, pos=(1781,735)
512.7276 	DATA 	Mouse:  Left button up, pos=(1781,735)
517.3625 	DATA 	Mouse: Left button down, pos=(1557,258)
517.5988 	DATA 	Mouse:  Left button up, pos=(1557,258)
526.0905 	DATA 	Mouse: Left button down, pos=(121,392)
526.3168 	DATA 	Mouse:  Left button up, pos=(121,392)
534.0746 	DATA 	Mouse: Left button down, pos=(1126,813)
534.3033 	DATA 	Mouse:  Left button up, pos=(1126,813)
544.4505 	DATA 	Mouse: Left button down, pos=(194,1023)
544.6814 	DATA 	Mouse:  Left button up, pos=(194,1023)
555.4024 	DATA 	Mouse: Left button down, pos=(130,951)
555.6339 	DATA 	Mouse:  Left button up, pos=(130,951)
558.6186 	DATA 	Mouse: Left button down, pos=(344,803)
558.8699 	DATA 	Mouse:  Left button up, pos=(344,803)
560.3303 	DATA 	Mouse: Left button down, pos=(474,611)
560.5633 	DATA 	Mouse:  Left button up, pos=(474,611)
563.0183 	DATA 	Mouse: Left button down, pos=(992,1011)
563.0676 	INFO 	Experiment will have 360 trials. Letters will be drawn with superposed noise of 0.00%
563.1124 	EXP 	New trial (rep=0, index=0): {'leftStreamFlip': False, 'oneTarget': False, 'trialInstructionPos': (0, 1), 'probe': 'both', 'rightStreamFlip': False, 'horizVert': False, 'ISIframes': 2, 'rightResponseFirst': True}
563.1128 	INFO 	Starting main part of experiment
563.1152 	DATA 	Mouse:  Left button up, pos=(992,1009)
564.3193 	INFO 	numtrials=360 and this trialDurFrames=28 or 466.666666667 ms  task=T1
566.2364 	EXP 	window1: recordFrameIntervals = False
566.2675 	INFO 	Mouse: using default window
583.0874 	DATA 	Keypress: a
589.5370 	DATA 	Keypress: a
594.1873 	DATA 	Keypress: a
594.4216 	EXP 	New trial (rep=0, index=1): {'leftStreamFlip': False, 'oneTarget': False, 'trialInstructionPos': (0, 1), 'probe': 'both', 'rightStreamFlip': False, 'horizVert': False, 'ISIframes': 2, 'rightResponseFirst': False}
603.9361 	INFO 	numtrials=360 and this trialDurFrames=22 or 366.666666667 ms  task=T1
605.7532 	EXP 	window1: recordFrameIntervals = False
605.7756 	INFO 	Mouse: using default window
613.8371 	DATA 	Keypress: c
616.2874 	DATA 	Keypress: j
617.3574 	DATA 	Keypress: f
617.5543 	EXP 	New trial (rep=0, index=2): {'leftStreamFlip': False, 'oneTarget': False, 'trialInstructionPos': (0, -1), 'probe': 'both', 'rightStreamFlip': False, 'horizVert': False, 'ISIframes': 2, 'rightResponseFirst': False}
617.5701 	INFO 	numtrials=360 and this trialDurFrames=18 or 300.0 ms  task=T1
619.5033 	EXP 	window1: recordFrameIntervals = False
619.5265 	INFO 	Mouse: using default window
622.3040 	DATA 	Keypress: g
624.3871 	DATA 	Keypress: n
625.8538 	DATA 	Keypress: u
626.0360 	EXP 	New trial (rep=0, index=3): {'leftStreamFlip': False, 'oneTarget': False, 'trialInstructionPos': (0, 1), 'probe': 'both', 'rightStreamFlip': False, 'horizVert': False, 'ISIframes': 2, 'rightResponseFirst': True}
626.0529 	INFO 	numtrials=360 and this trialDurFrames=18 or 300.0 ms  task=T1
627.5032 	EXP 	window1: recordFrameIntervals = False
627.5262 	INFO 	Mouse: using default window
630.9075 	DATA 	Keypress: f
632.3374 	DATA 	Keypress: k
633.6207 	DATA 	Keypress: h
633.8103 	EXP 	New trial (rep=0, index=4): {'leftStreamFlip': False, 'oneTarget': False, 'trialInstructionPos': (0, 1), 'probe': 'both', 'rightStreamFlip': False, 'horizVert': False, 'ISIframes': 2, 'rightResponseFirst': False}
642.1693 	INFO 	numtrials=360 and this trialDurFrames=14 or 233.333333333 ms  task=T1
643.3696 	EXP 	window1: recordFrameIntervals = False
643.3918 	INFO 	Mouse: using default window
646.2870 	DATA 	Keypress: t
648.9410 	DATA 	Keypress: s
649.9869 	DATA 	Keypress: j
650.1655 	EXP 	New trial (rep=0, index=5): {'leftStreamFlip': False, 'oneTarget': False, 'trialInstructionPos': (0, -1), 'probe': 'both', 'rightStreamFlip': False, 'horizVert': False, 'ISIframes': 2, 'rightResponseFirst': False}
650.1855 	INFO 	numtrials=360 and this trialDurFrames=4 or 66.6666666667 ms  task=T1
651.3198 	EXP 	window1: recordFrameIntervals = False
651.3428 	INFO 	Mouse: using default window
655.1040 	DATA 	Keypress: s
656.3539 	DATA 	Keypress: z
657.3544 	DATA 	Keypress: f
657.5334 	EXP 	New trial (rep=0, index=6): {'leftStreamFlip': False, 'oneTarget': False, 'trialInstructionPos': (0, 1), 'probe': 'both', 'rightStreamFlip': False, 'horizVert': False, 'ISIframes': 2, 'rightResponseFirst': True}
657.5687 	INFO 	numtrials=360 and this trialDurFrames=5 or 83.3333333333 ms  task=T1
658.7361 	EXP 	window1: recordFrameIntervals = False
658.7596 	INFO 	Mouse: using default window
663.2206 	DATA 	Keypress: f
664.4037 	DATA 	Keypress: c
665.6539 	DATA 	Keypress: t
665.8269 	EXP 	New trial (rep=0, index=7): {'leftStreamFlip': False, 'oneTarget': False, 'trialInstructionPos': (0, -1), 'probe': 'both', 'rightStreamFlip': False, 'horizVert': False, 'ISIframes': 2, 'rightResponseFirst': True}
665.8524 	INFO 	numtrials=360 and this trialDurFrames=4 or 66.6666666667 ms  task=T1
666.9698 	EXP 	window1: recordFrameIntervals = False
666.9939 	INFO 	Mouse: using default window
678.8905 	DATA 	Keypress: a
679.5371 	DATA 	Keypress: a
679.7407 	DATA 	Keypress: a
679.9297 	EXP 	New trial (rep=0, index=8): {'leftStreamFlip': False, 'oneTarget': False, 'trialInstructionPos': (0, -1), 'probe': 'both', 'rightStreamFlip': False, 'horizVert': False, 'ISIframes': 2, 'rightResponseFirst': True}
679.9694 	INFO 	numtrials=360 and this trialDurFrames=5 or 83.3333333333 ms  task=T1
681.2196 	EXP 	window1: recordFrameIntervals = False
681.2427 	INFO 	Mouse: using default window
684.4910 	DATA 	Keypress: c
686.1075 	DATA 	Keypress: k
687.3568 	DATA 	Keypress: m
687.5475 	EXP 	New trial (rep=0, index=9): {'leftStreamFlip': False, 'oneTarget': False, 'trialInstructionPos': (0, -1), 'probe': 'both', 'rightStreamFlip': False, 'horizVert': False, 'ISIframes': 2, 'rightResponseFirst': True}
687.5859 	INFO 	numtrials=360 and this trialDurFrames=5 or 83.3333333333 ms  task=T1
688.7362 	EXP 	window1: recordFrameIntervals = False
688.7602 	INFO 	Mouse: using default window
693.0537 	DATA 	Keypress: c
694.3036 	DATA 	Keypress: m
696.2873 	DATA 	Keypress: k
696.4654 	EXP 	New trial (rep=0, index=10): {'leftStreamFlip': False, 'oneTarget': False, 'trialInstructionPos': (0, 1), 'probe': 'both', 'rightStreamFlip': False, 'horizVert': False, 'ISIframes': 2, 'rightResponseFirst': False}
696.5024 	INFO 	numtrials=360 and this trialDurFrames=5 or 83.3333333333 ms  task=T1
697.5697 	EXP 	window1: recordFrameIntervals = False
697.5933 	INFO 	Mouse: using default window
700.0202 	DATA 	Keypress: c
701.4369 	DATA 	Keypress: e
702.5074 	DATA 	Keypress: u
702.6937 	EXP 	New trial (rep=0, index=11): {'leftStreamFlip': False, 'oneTarget': False, 'trialInstructionPos': (0, -1), 'probe': 'both', 'rightStreamFlip': False, 'horizVert': False, 'ISIframes': 2, 'rightResponseFirst': False}
702.7191 	INFO 	numtrials=360 and this trialDurFrames=5 or 83.3333333333 ms  task=T1
703.9194 	EXP 	window1: recordFrameIntervals = False
703.9426 	INFO 	Mouse: using default window
706.0910 	DATA 	Keypress: e
707.3404 	DATA 	Keypress: y
708.6702 	DATA 	Keypress: h
708.8452 	EXP 	New trial (rep=1, index=0): {'leftStreamFlip': False, 'oneTarget': False, 'trialInstructionPos': (0, 1), 'probe': 'both', 'rightStreamFlip': False, 'horizVert': False, 'ISIframes': 2, 'rightResponseFirst': True}
708.8863 	INFO 	numtrials=360 and this trialDurFrames=5 or 83.3333333333 ms  task=T1
710.1028 	EXP 	window1: recordFrameIntervals = False
710.1257 	INFO 	Mouse: using default window
712.6209 	DATA 	Keypress: s
713.1873 	DATA 	Keypress: s
714.1708 	DATA 	Keypress: k
714.3455 	EXP 	New trial (rep=1, index=1): {'leftStreamFlip': False, 'oneTarget': False, 'trialInstructionPos': (0, -1), 'probe': 'both', 'rightStreamFlip': False, 'horizVert': False, 'ISIframes': 2, 'rightResponseFirst': False}
714.3865 	INFO 	numtrials=360 and this trialDurFrames=5 or 83.3333333333 ms  task=T1
715.5029 	EXP 	window1: recordFrameIntervals = False
715.5272 	INFO 	Mouse: using default window
722.4906 	DATA 	Keypress: s
722.8542 	DATA 	Keypress: f
723.4710 	DATA 	Keypress: k
723.6470 	EXP 	New trial (rep=1, index=2): {'leftStreamFlip': False, 'oneTarget': False, 'trialInstructionPos': (0, 1), 'probe': 'both', 'rightStreamFlip': False, 'horizVert': False, 'ISIframes': 2, 'rightResponseFirst': False}
723.6858 	INFO 	numtrials=360 and this trialDurFrames=5 or 83.3333333333 ms  task=T1
724.7527 	EXP 	window1: recordFrameIntervals = False
724.7757 	INFO 	Mouse: using default window
727.2537 	DATA 	Keypress: z
727.9040 	DATA 	Keypress: g
728.6370 	DATA 	Keypress: c
728.8116 	EXP 	New trial (rep=1, index=3): {'leftStreamFlip': False, 'oneTarget': False, 'trialInstructionPos': (0, -1), 'probe': 'both', 'rightStreamFlip': False, 'horizVert': False, 'ISIframes': 2, 'rightResponseFirst': True}
728.8530 	INFO 	numtrials=360 and this trialDurFrames=5 or 83.3333333333 ms  task=T1
730.0529 	EXP 	window1: recordFrameIntervals = False
730.0759 	INFO 	Mouse: using default window
732.6372 	DATA 	Keypress: c
733.8702 	DATA 	Keypress: y
734.7212 	DATA 	Keypress: e
734.9005 	EXP 	New trial (rep=1, index=4): {'leftStreamFlip': False, 'oneTarget': False, 'trialInstructionPos': (0, 1), 'probe': 'both', 'rightStreamFlip': False, 'horizVert': False, 'ISIframes': 2, 'rightResponseFirst': True}
734.9355 	INFO 	numtrials=360 and this trialDurFrames=6 or 100.0 ms  task=T1
736.0197 	EXP 	window1: recordFrameIntervals = False
736.0435 	INFO 	Mouse: using default window
738.4707 	DATA 	Keypress: n
739.8039 	DATA 	Keypress: f
740.9877 	DATA 	Keypress: c
741.1616 	EXP 	New trial (rep=1, index=5): {'leftStreamFlip': False, 'oneTarget': False, 'trialInstructionPos': (0, -1), 'probe': 'both', 'rightStreamFlip': False, 'horizVert': False, 'ISIframes': 2, 'rightResponseFirst': False}
741.2030 	INFO 	numtrials=360 and this trialDurFrames=6 or 100.0 ms  task=T1
742.3031 	EXP 	window1: recordFrameIntervals = False
742.3267 	INFO 	Mouse: using default window
745.1547 	DATA 	Keypress: e
746.5240 	DATA 	Keypress: u
747.5207 	DATA 	Keypress: j
747.7020 	EXP 	New trial (rep=1, index=6): {'leftStreamFlip': False, 'oneTarget': False, 'trialInstructionPos': (0, -1), 'probe': 'both', 'rightStreamFlip': False, 'horizVert': False, 'ISIframes': 2, 'rightResponseFirst': True}
747.7359 	INFO 	numtrials=360 and this trialDurFrames=5 or 83.3333333333 ms  task=T1
748.8368 	EXP 	window1: recordFrameIntervals = False
748.8600 	INFO 	Mouse: using default window
751.9551 	DATA 	Keypress: r
753.7407 	DATA 	Keypress: z
754.3206 	DATA 	Keypress: k
754.5012 	EXP 	New trial (rep=1, index=7): {'leftStreamFlip': False, 'oneTarget': False, 'trialInstructionPos': (0, -1), 'probe': 'both', 'rightStreamFlip': False, 'horizVert': False, 'ISIframes': 2, 'rightResponseFirst': False}
754.5359 	INFO 	numtrials=360 and this trialDurFrames=5 or 83.3333333333 ms  task=T1
755.7028 	EXP 	window1: recordFrameIntervals = False
755.7283 	INFO 	Mouse: using default window
759.1553 	DATA 	Keypress: u
760.9709 	DATA 	Keypress: r
761.9371 	DATA 	Keypress: m
762.1123 	EXP 	New trial (rep=1, index=8): {'leftStreamFlip': False, 'oneTarget': False, 'trialInstructionPos': (0, 1), 'probe': 'both', 'rightStreamFlip': False, 'horizVert': False, 'ISIframes': 2, 'rightResponseFirst': False}
762.1531 	INFO 	numtrials=360 and this trialDurFrames=5 or 83.3333333333 ms  task=T1
763.2698 	EXP 	window1: recordFrameIntervals = False
763.2939 	INFO 	Mouse: using default window
767.0540 	DATA 	Keypress: h
768.0708 	DATA 	Keypress: r
768.6703 	DATA 	Keypress: f
768.8516 	EXP 	New trial (rep=1, index=9): {'leftStreamFlip': False, 'oneTarget': False, 'trialInstructionPos': (0, 1), 'probe': 'both', 'rightStreamFlip': False, 'horizVert': False, 'ISIframes': 2, 'rightResponseFirst': False}
768.8860 	INFO 	numtrials=360 and this trialDurFrames=5 or 83.3333333333 ms  task=T1
770.1029 	EXP 	window1: recordFrameIntervals = False
770.1249 	INFO 	Mouse: using default window
773.3239 	DATA 	Keypress: g
774.2873 	DATA 	Keypress: f
776.5875 	DATA 	Keypress: k
776.7718 	EXP 	New trial (rep=1, index=10): {'leftStreamFlip': False, 'oneTarget': False, 'trialInstructionPos': (0, -1), 'probe': 'both', 'rightStreamFlip': False, 'horizVert': False, 'ISIframes': 2, 'rightResponseFirst': True}
776.8025 	INFO 	numtrials=360 and this trialDurFrames=5 or 83.3333333333 ms  task=T1
777.8864 	EXP 	window1: recordFrameIntervals = False
777.9106 	INFO 	Mouse: using default window
781.9703 	DATA 	Keypress: m
783.1376 	DATA 	Keypress: f
785.2908 	DATA 	Keypress: h
785.4870 	EXP 	New trial (rep=1, index=11): {'leftStreamFlip': False, 'oneTarget': False, 'trialInstructionPos': (0, 1), 'probe': 'both', 'rightStreamFlip': False, 'horizVert': False, 'ISIframes': 2, 'rightResponseFirst': True}
785.5193 	INFO 	numtrials=360 and this trialDurFrames=5 or 83.3333333333 ms  task=T1
786.5530 	EXP 	window1: recordFrameIntervals = False
786.5765 	INFO 	Mouse: using default window
790.5872 	DATA 	Keypress: h
791.9703 	DATA 	Keypress: c
796.6210 	DATA 	Keypress: f
796.8020 	EXP 	New trial (rep=2, index=0): {'leftStreamFlip': False, 'oneTarget': False, 'trialInstructionPos': (0, 1), 'probe': 'both', 'rightStreamFlip': False, 'horizVert': False, 'ISIframes': 2, 'rightResponseFirst': True}
796.8360 	INFO 	numtrials=360 and this trialDurFrames=5 or 83.3333333333 ms  task=T1
797.8698 	EXP 	window1: recordFrameIntervals = False
797.8935 	INFO 	Mouse: using default window
800.3207 	DATA 	Keypress: y
801.7071 	DATA 	Keypress: h
803.0871 	DATA 	Keypress: c
803.2657 	EXP 	New trial (rep=2, index=1): {'leftStreamFlip': False, 'oneTarget': False, 'trialInstructionPos': (0, -1), 'probe': 'both', 'rightStreamFlip': False, 'horizVert': False, 'ISIframes': 2, 'rightResponseFirst': True}
803.3023 	INFO 	numtrials=360 and this trialDurFrames=5 or 83.3333333333 ms  task=T1
804.4697 	EXP 	window1: recordFrameIntervals = False
804.4931 	INFO 	Mouse: using default window
808.0205 	DATA 	Keypress: f
809.4871 	DATA 	Keypress: s
810.0707 	DATA 	Keypress: a
810.2509 	EXP 	New trial (rep=2, index=2): {'leftStreamFlip': False, 'oneTarget': False, 'trialInstructionPos': (0, 1), 'probe': 'both', 'rightStreamFlip': False, 'horizVert': False, 'ISIframes': 2, 'rightResponseFirst': False}
810.2857 	INFO 	numtrials=360 and this trialDurFrames=5 or 83.3333333333 ms  task=T1
811.3364 	EXP 	window1: recordFrameIntervals = False
811.3600 	INFO 	Mouse: using default window
813.4538 	DATA 	Keypress: c
814.6705 	DATA 	Keypress: e
815.9039 	DATA 	Keypress: g
816.0850 	EXP 	New trial (rep=2, index=3): {'leftStreamFlip': False, 'oneTarget': False, 'trialInstructionPos': (0, 1), 'probe': 'both', 'rightStreamFlip': False, 'horizVert': False, 'ISIframes': 2, 'rightResponseFirst': True}
816.1192 	INFO 	numtrials=360 and this trialDurFrames=5 or 83.3333333333 ms  task=T1
817.1365 	EXP 	window1: recordFrameIntervals = False
817.1593 	INFO 	Mouse: using default window
818.7374 	DATA 	Keypress: m
820.0372 	DATA 	Keypress: s
821.0371 	DATA 	Keypress: m
821.2176 	EXP 	New trial (rep=2, index=4): {'leftStreamFlip': False, 'oneTarget': False, 'trialInstructionPos': (0, 1), 'probe': 'both', 'rightStreamFlip': False, 'horizVert': False, 'ISIframes': 2, 'rightResponseFirst': False}
821.2523 	INFO 	numtrials=360 and this trialDurFrames=5 or 83.3333333333 ms  task=T1
822.4030 	EXP 	window1: recordFrameIntervals = False
822.4285 	INFO 	Mouse: using default window
826.4205 	DATA 	Keypress: r
828.4708 	DATA 	Keypress: k
829.6909 	DATA 	Keypress: h
829.8849 	EXP 	New trial (rep=2, index=5): {'leftStreamFlip': False, 'oneTarget': False, 'trialInstructionPos': (0, -1), 'probe': 'both', 'rightStreamFlip': False, 'horizVert': False, 'ISIframes': 2, 'rightResponseFirst': False}
829.9191 	INFO 	numtrials=360 and this trialDurFrames=5 or 83.3333333333 ms  task=T1
831.1362 	EXP 	window1: recordFrameIntervals = False
831.1602 	INFO 	Mouse: using default window
832.7708 	DATA 	Keypress: y
833.7240 	DATA 	Keypress: m
834.5873 	DATA 	Keypress: n
834.7632 	EXP 	New trial (rep=2, index=6): {'leftStreamFlip': False, 'oneTarget': False, 'trialInstructionPos': (0, -1), 'probe': 'both', 'rightStreamFlip': False, 'horizVert': False, 'ISIframes': 2, 'rightResponseFirst': True}
834.8022 	INFO 	numtrials=360 and this trialDurFrames=5 or 83.3333333333 ms  task=T1
835.9861 	EXP 	window1: recordFrameIntervals = False
836.0093 	INFO 	Mouse: using default window
838.0539 	DATA 	Keypress: e
839.3071 	DATA 	Keypress: y
840.2041 	DATA 	Keypress: n
840.3832 	EXP 	New trial (rep=2, index=7): {'leftStreamFlip': False, 'oneTarget': False, 'trialInstructionPos': (0, -1), 'probe': 'both', 'rightStreamFlip': False, 'horizVert': False, 'ISIframes': 2, 'rightResponseFirst': True}
840.4192 	INFO 	numtrials=360 and this trialDurFrames=5 or 83.3333333333 ms  task=T1
841.4530 	EXP 	window1: recordFrameIntervals = False
841.4780 	INFO 	Mouse: using default window
844.0042 	DATA 	Keypress: r
845.2541 	DATA 	Keypress: c
846.0374 	DATA 	Keypress: k
846.2134 	EXP 	New trial (rep=2, index=8): {'leftStreamFlip': False, 'oneTarget': False, 'trialInstructionPos': (0, -1), 'probe': 'both', 'rightStreamFlip': False, 'horizVert': False, 'ISIframes': 2, 'rightResponseFirst': False}
846.2521 	INFO 	numtrials=360 and this trialDurFrames=5 or 83.3333333333 ms  task=T1
847.3529 	EXP 	window1: recordFrameIntervals = False
847.3767 	INFO 	Mouse: using default window
849.8037 	DATA 	Keypress: g
851.0539 	DATA 	Keypress: f
851.5036 	DATA 	Keypress: f
851.6828 	EXP 	New trial (rep=2, index=9): {'leftStreamFlip': False, 'oneTarget': False, 'trialInstructionPos': (0, 1), 'probe': 'both', 'rightStreamFlip': False, 'horizVert': False, 'ISIframes': 2, 'rightResponseFirst': False}
851.7190 	INFO 	numtrials=360 and this trialDurFrames=5 or 83.3333333333 ms  task=T1
852.8194 	EXP 	window1: recordFrameIntervals = False
852.8449 	INFO 	Mouse: using default window
854.5541 	DATA 	Keypress: h
855.9377 	DATA 	Keypress: z
856.9707 	DATA 	Keypress: c
857.1537 	EXP 	New trial (rep=2, index=10): {'leftStreamFlip': False, 'oneTarget': False, 'trialInstructionPos': (0, 1), 'probe': 'both', 'rightStreamFlip': False, 'horizVert': False, 'ISIframes': 2, 'rightResponseFirst': True}
857.1854 	INFO 	numtrials=360 and this trialDurFrames=5 or 83.3333333333 ms  task=T1
858.2699 	EXP 	window1: recordFrameIntervals = False
858.2933 	INFO 	Mouse: using default window
860.2870 	DATA 	Keypress: j
860.8906 	DATA 	Keypress: j
861.7240 	DATA 	Keypress: e
861.9121 	EXP 	New trial (rep=2, index=11): {'leftStreamFlip': False, 'oneTarget': False, 'trialInstructionPos': (0, -1), 'probe': 'both', 'rightStreamFlip': False, 'horizVert': False, 'ISIframes': 2, 'rightResponseFirst': False}
861.9531 	INFO 	numtrials=360 and this trialDurFrames=5 or 83.3333333333 ms  task=T1
863.1696 	EXP 	window1: recordFrameIntervals = False
863.1958 	INFO 	Mouse: using default window
865.5871 	DATA 	Keypress: e
866.8427 	DATA 	Keypress: y
867.8372 	DATA 	Keypress: r
868.0145 	EXP 	New trial (rep=3, index=0): {'leftStreamFlip': False, 'oneTarget': False, 'trialInstructionPos': (0, -1), 'probe': 'both', 'rightStreamFlip': False, 'horizVert': False, 'ISIframes': 2, 'rightResponseFirst': True}
868.0522 	INFO 	numtrials=360 and this trialDurFrames=5 or 83.3333333333 ms  task=T1
869.1198 	EXP 	window1: recordFrameIntervals = False
869.1435 	INFO 	Mouse: using default window
871.1872 	DATA 	Keypress: e
872.2873 	DATA 	Keypress: y
873.2038 	DATA 	Keypress: c
873.3822 	EXP 	New trial (rep=3, index=1): {'leftStreamFlip': False, 'oneTarget': False, 'trialInstructionPos': (0, -1), 'probe': 'both', 'rightStreamFlip': False, 'horizVert': False, 'ISIframes': 2, 'rightResponseFirst': False}
873.4188 	INFO 	numtrials=360 and this trialDurFrames=5 or 83.3333333333 ms  task=T1
874.5362 	EXP 	window1: recordFrameIntervals = False
874.5608 	INFO 	Mouse: using default window
877.1535 	DATA 	Keypress: j
878.2209 	DATA 	Keypress: f
879.2741 	DATA 	Keypress: c
879.4637 	EXP 	New trial (rep=3, index=2): {'leftStreamFlip': False, 'oneTarget': False, 'trialInstructionPos': (0, -1), 'probe': 'both', 'rightStreamFlip': False, 'horizVert': False, 'ISIframes': 2, 'rightResponseFirst': False}
879.5027 	INFO 	numtrials=360 and this trialDurFrames=5 or 83.3333333333 ms  task=T1
880.7530 	EXP 	window1: recordFrameIntervals = False
880.7814 	INFO 	Mouse: using default window
883.6538 	DATA 	Keypress: f
884.8540 	DATA 	Keypress: n
885.9372 	DATA 	Keypress: m
886.1121 	EXP 	New trial (rep=3, index=3): {'leftStreamFlip': False, 'oneTarget': False, 'trialInstructionPos': (0, -1), 'probe': 'both', 'rightStreamFlip': False, 'horizVert': False, 'ISIframes': 2, 'rightResponseFirst': True}
886.1527 	INFO 	numtrials=360 and this trialDurFrames=5 or 83.3333333333 ms  task=T1
887.2696 	EXP 	window1: recordFrameIntervals = False
887.2934 	INFO 	Mouse: using default window
889.3409 	DATA 	Keypress: f
890.1548 	DATA 	Keypress: z
891.1872 	DATA 	Keypress: u
891.3724 	EXP 	New trial (rep=3, index=4): {'leftStreamFlip': False, 'oneTarget': False, 'trialInstructionPos': (0, 1), 'probe': 'both', 'rightStreamFlip': False, 'horizVert': False, 'ISIframes': 2, 'rightResponseFirst': True}
891.4021 	INFO 	numtrials=360 and this trialDurFrames=5 or 83.3333333333 ms  task=T1
892.5528 	EXP 	window1: recordFrameIntervals = False
892.5773 	INFO 	Mouse: using default window
894.9075 	DATA 	Keypress: h
896.1871 	DATA 	Keypress: z
897.1705 	DATA 	Keypress: k
897.3442 	EXP 	New trial (rep=3, index=5): {'leftStreamFlip': False, 'oneTarget': False, 'trialInstructionPos': (0, 1), 'probe': 'both', 'rightStreamFlip': False, 'horizVert': False, 'ISIframes': 2, 'rightResponseFirst': False}
897.3855 	INFO 	numtrials=360 and this trialDurFrames=5 or 83.3333333333 ms  task=T1
898.5196 	EXP 	window1: recordFrameIntervals = False
898.5481 	INFO 	Mouse: using default window
900.7881 	DATA 	Keypress: k
902.5069 	DATA 	Keypress: c
903.3237 	DATA 	Keypress: j
903.5128 	EXP 	New trial (rep=3, index=6): {'leftStreamFlip': False, 'oneTarget': False, 'trialInstructionPos': (0, -1), 'probe': 'both', 'rightStreamFlip': False, 'horizVert': False, 'ISIframes': 2, 'rightResponseFirst': False}
903.5524 	INFO 	numtrials=360 and this trialDurFrames=5 or 83.3333333333 ms  task=T1
904.6193 	EXP 	window1: recordFrameIntervals = False
904.6458 	INFO 	Mouse: using default window
907.4705 	DATA 	Keypress: j
908.6535 	DATA 	Keypress: k
909.6214 	DATA 	Keypress: h
909.7968 	EXP 	New trial (rep=3, index=7): {'leftStreamFlip': False, 'oneTarget': False, 'trialInstructionPos': (0, 1), 'probe': 'both', 'rightStreamFlip': False, 'horizVert': False, 'ISIframes': 2, 'rightResponseFirst': False}
909.8357 	INFO 	numtrials=360 and this trialDurFrames=5 or 83.3333333333 ms  task=T1
910.9030 	EXP 	window1: recordFrameIntervals = False
910.9259 	INFO 	Mouse: using default window
913.7408 	DATA 	Keypress: n
914.8200 	DATA 	Keypress: h
914.9054 	DATA 	Keypress: h
915.0966 	EXP 	New trial (rep=3, index=8): {'leftStreamFlip': False, 'oneTarget': False, 'trialInstructionPos': (0, -1), 'probe': 'both', 'rightStreamFlip': False, 'horizVert': False, 'ISIframes': 2, 'rightResponseFirst': True}
915.1354 	INFO 	numtrials=360 and this trialDurFrames=5 or 83.3333333333 ms  task=T1
916.3527 	EXP 	window1: recordFrameIntervals = False
916.3770 	INFO 	Mouse: using default window
918.8908 	DATA 	Keypress: j
920.0910 	DATA 	Keypress: s
921.1534 	DATA 	Keypress: k
921.3310 	EXP 	New trial (rep=3, index=9): {'leftStreamFlip': False, 'oneTarget': False, 'trialInstructionPos': (0, 1), 'probe': 'both', 'rightStreamFlip': False, 'horizVert': False, 'ISIframes': 2, 'rightResponseFirst': True}
921.3687 	INFO 	numtrials=360 and this trialDurFrames=5 or 83.3333333333 ms  task=T1
922.5029 	EXP 	window1: recordFrameIntervals = False
922.5259 	INFO 	Mouse: using default window
924.3881 	DATA 	Keypress: k
925.4535 	DATA 	Keypress: m
926.0572 	DATA 	Keypress: r
926.2479 	EXP 	New trial (rep=3, index=10): {'leftStreamFlip': False, 'oneTarget': False, 'trialInstructionPos': (0, 1), 'probe': 'both', 'rightStreamFlip': False, 'horizVert': False, 'ISIframes': 2, 'rightResponseFirst': True}
926.2857 	INFO 	numtrials=360 and this trialDurFrames=5 or 83.3333333333 ms  task=T1
927.3195 	EXP 	window1: recordFrameIntervals = False
927.3426 	INFO 	Mouse: using default window
931.3410 	DATA 	Keypress: r
934.1073 	DATA 	Keypress: s
935.1206 	DATA 	Keypress: m
935.2982 	EXP 	New trial (rep=3, index=11): {'leftStreamFlip': False, 'oneTarget': False, 'trialInstructionPos': (0, 1), 'probe': 'both', 'rightStreamFlip': False, 'horizVert': False, 'ISIframes': 2, 'rightResponseFirst': False}
935.3354 	INFO 	numtrials=360 and this trialDurFrames=5 or 83.3333333333 ms  task=T1
936.5194 	EXP 	window1: recordFrameIntervals = False
936.5475 	INFO 	Mouse: using default window
938.0738 	DATA 	Keypress: y
939.1366 	DATA 	Keypress: s
940.1869 	DATA 	Keypress: c
940.3612 	EXP 	New trial (rep=4, index=0): {'leftStreamFlip': False, 'oneTarget': False, 'trialInstructionPos': (0, 1), 'probe': 'both', 'rightStreamFlip': False, 'horizVert': False, 'ISIframes': 2, 'rightResponseFirst': True}
940.4025 	INFO 	numtrials=360 and this trialDurFrames=5 or 83.3333333333 ms  task=T1
941.6195 	EXP 	window1: recordFrameIntervals = False
941.6426 	INFO 	Mouse: using default window
943.9032 	DATA 	Keypress: s
945.1034 	DATA 	Keypress: h
945.4042 	DATA 	Keypress: f
945.5771 	EXP 	New trial (rep=4, index=1): {'leftStreamFlip': False, 'oneTarget': False, 'trialInstructionPos': (0, 1), 'probe': 'both', 'rightStreamFlip': False, 'horizVert': False, 'ISIframes': 2, 'rightResponseFirst': True}
945.6019 	INFO 	numtrials=360 and this trialDurFrames=5 or 83.3333333333 ms  task=T1
946.8367 	EXP 	window1: recordFrameIntervals = False
946.8696 	ERROR 	trialnum=49 ERROR,1 frames were longer than 21.67 ms apparently screen refreshes skipped, interframe durs were:[ 24.3] and was these frames: [0]
946.8704 	INFO 	flankers also=[ 24.3  17.4]
946.8705 	INFO 	Mouse: using default window
950.5704 	DATA 	Keypress: y
951.4032 	DATA 	Keypress: m
952.1708 	DATA 	Keypress: f
952.3601 	EXP 	New trial (rep=4, index=2): {'leftStreamFlip': False, 'oneTarget': False, 'trialInstructionPos': (0, -1), 'probe': 'both', 'rightStreamFlip': False, 'horizVert': False, 'ISIframes': 2, 'rightResponseFirst': True}
952.4025 	INFO 	numtrials=360 and this trialDurFrames=5 or 83.3333333333 ms  task=T1
953.6526 	EXP 	window1: recordFrameIntervals = False
953.6772 	INFO 	Mouse: using default window
956.2534 	DATA 	Keypress: f
957.3867 	DATA 	Keypress: s
958.0538 	DATA 	Keypress: c
958.2362 	EXP 	New trial (rep=4, index=3): {'leftStreamFlip': False, 'oneTarget': False, 'trialInstructionPos': (0, -1), 'probe': 'both', 'rightStreamFlip': False, 'horizVert': False, 'ISIframes': 2, 'rightResponseFirst': True}
958.2686 	INFO 	numtrials=360 and this trialDurFrames=5 or 83.3333333333 ms  task=T1
959.4362 	EXP 	window1: recordFrameIntervals = False
959.4612 	INFO 	Mouse: using default window
961.6906 	DATA 	Keypress: f
962.8537 	DATA 	Keypress: c
966.0534 	DATA 	Keypress: s
966.2271 	EXP 	New trial (rep=4, index=4): {'leftStreamFlip': False, 'oneTarget': False, 'trialInstructionPos': (0, -1), 'probe': 'both', 'rightStreamFlip': False, 'horizVert': False, 'ISIframes': 2, 'rightResponseFirst': False}
966.2696 	INFO 	numtrials=360 and this trialDurFrames=5 or 83.3333333333 ms  task=T1
967.5026 	EXP 	window1: recordFrameIntervals = False
967.5270 	INFO 	Mouse: using default window
969.1702 	DATA 	Keypress: m
970.3213 	DATA 	Keypress: n
971.3868 	DATA 	Keypress: a
971.5684 	EXP 	New trial (rep=4, index=5): {'leftStreamFlip': False, 'oneTarget': False, 'trialInstructionPos': (0, -1), 'probe': 'both', 'rightStreamFlip': False, 'horizVert': False, 'ISIframes': 2, 'rightResponseFirst': False}
971.6021 	INFO 	numtrials=360 and this trialDurFrames=5 or 83.3333333333 ms  task=T1
972.6527 	EXP 	window1: recordFrameIntervals = False
972.6767 	INFO 	Mouse: using default window
974.6039 	DATA 	Keypress: f
976.0905 	DATA 	Keypress: m
976.8203 	DATA 	Keypress: h
977.0011 	EXP 	New trial (rep=4, index=6): {'leftStreamFlip': False, 'oneTarget': False, 'trialInstructionPos': (0, 1), 'probe': 'both', 'rightStreamFlip': False, 'horizVert': False, 'ISIframes': 2, 'rightResponseFirst': True}
977.0355 	INFO 	numtrials=360 and this trialDurFrames=5 or 83.3333333333 ms  task=T1
978.0529 	EXP 	window1: recordFrameIntervals = False
978.0758 	INFO 	Mouse: using default window
980.0542 	DATA 	Keypress: j
981.0209 	DATA 	Keypress: g
982.0039 	DATA 	Keypress: a
982.1824 	EXP 	New trial (rep=4, index=7): {'leftStreamFlip': False, 'oneTarget': False, 'trialInstructionPos': (0, 1), 'probe': 'both', 'rightStreamFlip': False, 'horizVert': False, 'ISIframes': 2, 'rightResponseFirst': False}
982.2191 	INFO 	numtrials=360 and this trialDurFrames=5 or 83.3333333333 ms  task=T1
983.3863 	EXP 	window1: recordFrameIntervals = False
983.4103 	INFO 	Mouse: using default window
987.1870 	DATA 	Keypress: m
988.2870 	DATA 	Keypress: s
988.9241 	DATA 	Keypress: r
989.1163 	EXP 	New trial (rep=4, index=8): {'leftStreamFlip': False, 'oneTarget': False, 'trialInstructionPos': (0, 1), 'probe': 'both', 'rightStreamFlip': False, 'horizVert': False, 'ISIframes': 2, 'rightResponseFirst': False}
989.1524 	INFO 	numtrials=360 and this trialDurFrames=5 or 83.3333333333 ms  task=T1
990.3695 	EXP 	window1: recordFrameIntervals = False
990.3929 	INFO 	Mouse: using default window
994.0538 	DATA 	Keypress: c
995.2572 	DATA 	Keypress: t
996.0537 	DATA 	Keypress: f
996.2325 	EXP 	New trial (rep=4, index=9): {'leftStreamFlip': False, 'oneTarget': False, 'trialInstructionPos': (0, 1), 'probe': 'both', 'rightStreamFlip': False, 'horizVert': False, 'ISIframes': 2, 'rightResponseFirst': False}
996.2691 	INFO 	numtrials=360 and this trialDurFrames=5 or 83.3333333333 ms  task=T1
997.4861 	EXP 	window1: recordFrameIntervals = False
997.5109 	INFO 	Mouse: using default window
1000.0039 	DATA 	Keypress: h
1001.4536 	DATA 	Keypress: e
1002.7045 	DATA 	Keypress: t
1002.8826 	EXP 	New trial (rep=4, index=10): {'leftStreamFlip': False, 'oneTarget': False, 'trialInstructionPos': (0, -1), 'probe': 'both', 'rightStreamFlip': False, 'horizVert': False, 'ISIframes': 2, 'rightResponseFirst': True}
1002.9190 	INFO 	numtrials=360 and this trialDurFrames=5 or 83.3333333333 ms  task=T1
1004.0862 	EXP 	window1: recordFrameIntervals = False
1004.1098 	INFO 	Mouse: using default window
1008.8701 	DATA 	Keypress: f
1009.1037 	DATA 	Keypress: f
1009.2704 	DATA 	Keypress: f
1009.4487 	EXP 	New trial (rep=4, index=11): {'leftStreamFlip': False, 'oneTarget': False, 'trialInstructionPos': (0, -1), 'probe': 'both', 'rightStreamFlip': False, 'horizVert': False, 'ISIframes': 2, 'rightResponseFirst': False}
1009.4852 	INFO 	numtrials=360 and this trialDurFrames=5 or 83.3333333333 ms  task=T1
1010.5530 	EXP 	window1: recordFrameIntervals = False
1010.5767 	INFO 	Mouse: using default window
1012.4905 	DATA 	Keypress: n
1013.0704 	DATA 	Keypress: z
1013.3542 	DATA 	Keypress: e
1013.5331 	EXP 	New trial (rep=5, index=0): {'leftStreamFlip': False, 'oneTarget': False, 'trialInstructionPos': (0, 1), 'probe': 'both', 'rightStreamFlip': False, 'horizVert': False, 'ISIframes': 2, 'rightResponseFirst': False}
1013.5690 	INFO 	numtrials=360 and this trialDurFrames=5 or 83.3333333333 ms  task=T1
1014.6195 	EXP 	window1: recordFrameIntervals = False
1014.6424 	INFO 	Mouse: using default window
1016.9713 	DATA 	Keypress: n
1018.2871 	DATA 	Keypress: z
1019.0701 	DATA 	Keypress: h
1019.2528 	EXP 	New trial (rep=5, index=1): {'leftStreamFlip': False, 'oneTarget': False, 'trialInstructionPos': (0, -1), 'probe': 'both', 'rightStreamFlip': False, 'horizVert': False, 'ISIframes': 2, 'rightResponseFirst': True}
1019.2856 	INFO 	numtrials=360 and this trialDurFrames=5 or 83.3333333333 ms  task=T1
1020.3529 	EXP 	window1: recordFrameIntervals = False
1020.3760 	INFO 	Mouse: using default window
1022.1873 	DATA 	Keypress: h
1023.0868 	DATA 	Keypress: n
1023.5705 	DATA 	Keypress: r
1023.7525 	EXP 	New trial (rep=5, index=2): {'leftStreamFlip': False, 'oneTarget': False, 'trialInstructionPos': (0, -1), 'probe': 'both', 'rightStreamFlip': False, 'horizVert': False, 'ISIframes': 2, 'rightResponseFirst': False}
1023.7856 	INFO 	numtrials=360 and this trialDurFrames=5 or 83.3333333333 ms  task=T1
1024.9364 	EXP 	window1: recordFrameIntervals = False
1024.9600 	INFO 	Mouse: using default window
1027.4376 	DATA 	Keypress: s
1028.9871 	DATA 	Keypress: k
1030.6538 	DATA 	Keypress: z
1030.8336 	EXP 	New trial (rep=5, index=3): {'leftStreamFlip': False, 'oneTarget': False, 'trialInstructionPos': (0, 1), 'probe': 'both', 'rightStreamFlip': False, 'horizVert': False, 'ISIframes': 2, 'rightResponseFirst': True}
1030.8685 	INFO 	numtrials=360 and this trialDurFrames=5 or 83.3333333333 ms  task=T1
1032.1027 	EXP 	window1: recordFrameIntervals = False
1032.1254 	INFO 	Mouse: using default window
1034.6538 	DATA 	Keypress: a
1035.7871 	DATA 	Keypress: e
1036.0571 	DATA 	Keypress: z
1036.2520 	EXP 	New trial (rep=5, index=4): {'leftStreamFlip': False, 'oneTarget': False, 'trialInstructionPos': (0, -1), 'probe': 'both', 'rightStreamFlip': False, 'horizVert': False, 'ISIframes': 2, 'rightResponseFirst': True}
1036.2856 	INFO 	numtrials=360 and this trialDurFrames=5 or 83.3333333333 ms  task=T1
1037.4531 	EXP 	window1: recordFrameIntervals = False
1037.4762 	INFO 	Mouse: using default window
1046.4737 	DATA 	Keypress: e
1046.7203 	DATA 	Keypress: e
1046.9704 	DATA 	Keypress: e
1047.1505 	EXP 	New trial (rep=5, index=5): {'leftStreamFlip': False, 'oneTarget': False, 'trialInstructionPos': (0, 1), 'probe': 'both', 'rightStreamFlip': False, 'horizVert': False, 'ISIframes': 2, 'rightResponseFirst': True}
1047.1858 	INFO 	numtrials=360 and this trialDurFrames=5 or 83.3333333333 ms  task=T1
1048.3862 	EXP 	window1: recordFrameIntervals = False
1048.4099 	INFO 	Mouse: using default window
1051.5371 	DATA 	Keypress: h
1053.3410 	DATA 	Keypress: t
1054.9241 	DATA 	Keypress: k
1055.1172 	EXP 	New trial (rep=5, index=6): {'leftStreamFlip': False, 'oneTarget': False, 'trialInstructionPos': (0, 1), 'probe': 'both', 'rightStreamFlip': False, 'horizVert': False, 'ISIframes': 2, 'rightResponseFirst': False}
1055.1522 	INFO 	numtrials=360 and this trialDurFrames=5 or 83.3333333333 ms  task=T1
1056.3361 	EXP 	window1: recordFrameIntervals = False
1056.3601 	INFO 	Mouse: using default window
1059.7706 	DATA 	Keypress: r
1061.4039 	DATA 	Keypress: j
1063.2367 	DATA 	Keypress: c
1063.4155 	EXP 	New trial (rep=5, index=7): {'leftStreamFlip': False, 'oneTarget': False, 'trialInstructionPos': (0, -1), 'probe': 'both', 'rightStreamFlip': False, 'horizVert': False, 'ISIframes': 2, 'rightResponseFirst': False}
1063.4524 	INFO 	numtrials=360 and this trialDurFrames=5 or 83.3333333333 ms  task=T1
1064.6862 	EXP 	window1: recordFrameIntervals = False
1064.7095 	INFO 	Mouse: using default window
1066.1871 	DATA 	Keypress: y
1067.6204 	DATA 	Keypress: m
1068.9871 	DATA 	Keypress: y
1069.1653 	EXP 	New trial (rep=5, index=8): {'leftStreamFlip': False, 'oneTarget': False, 'trialInstructionPos': (0, -1), 'probe': 'both', 'rightStreamFlip': False, 'horizVert': False, 'ISIframes': 2, 'rightResponseFirst': True}
1069.2030 	INFO 	numtrials=360 and this trialDurFrames=5 or 83.3333333333 ms  task=T1
1070.2363 	EXP 	window1: recordFrameIntervals = False
1070.2599 	INFO 	Mouse: using default window
1072.4369 	DATA 	Keypress: t
1073.1538 	DATA 	Keypress: e
1073.9866 	DATA 	Keypress: c
1074.1695 	EXP 	New trial (rep=5, index=9): {'leftStreamFlip': False, 'oneTarget': False, 'trialInstructionPos': (0, 1), 'probe': 'both', 'rightStreamFlip': False, 'horizVert': False, 'ISIframes': 2, 'rightResponseFirst': True}
1074.2031 	INFO 	numtrials=360 and this trialDurFrames=5 or 83.3333333333 ms  task=T1
1075.4029 	EXP 	window1: recordFrameIntervals = False
1075.4260 	INFO 	Mouse: using default window
1078.5540 	DATA 	Keypress: m
1080.7870 	DATA 	Keypress: r
1083.4715 	DATA 	Keypress: m
1083.6480 	EXP 	New trial (rep=5, index=10): {'leftStreamFlip': False, 'oneTarget': False, 'trialInstructionPos': (0, 1), 'probe': 'both', 'rightStreamFlip': False, 'horizVert': False, 'ISIframes': 2, 'rightResponseFirst': False}
1083.6855 	INFO 	numtrials=360 and this trialDurFrames=5 or 83.3333333333 ms  task=T1
1084.8030 	EXP 	window1: recordFrameIntervals = False
1084.8257 	INFO 	Mouse: using default window
1087.3069 	DATA 	Keypress: n
1088.5710 	DATA 	Keypress: k
1089.2370 	DATA 	Keypress: m
1089.4170 	EXP 	New trial (rep=5, index=11): {'leftStreamFlip': False, 'oneTarget': False, 'trialInstructionPos': (0, -1), 'probe': 'both', 'rightStreamFlip': False, 'horizVert': False, 'ISIframes': 2, 'rightResponseFirst': False}
1089.4525 	INFO 	numtrials=360 and this trialDurFrames=5 or 83.3333333333 ms  task=T1
1090.5029 	EXP 	window1: recordFrameIntervals = False
1090.5259 	INFO 	Mouse: using default window
1093.4538 	DATA 	Keypress: m
1094.6038 	DATA 	Keypress: f
1099.9036 	DATA 	Keypress: h
1100.0818 	EXP 	New trial (rep=6, index=0): {'leftStreamFlip': False, 'oneTarget': False, 'trialInstructionPos': (0, 1), 'probe': 'both', 'rightStreamFlip': False, 'horizVert': False, 'ISIframes': 2, 'rightResponseFirst': False}
1100.1190 	INFO 	numtrials=360 and this trialDurFrames=5 or 83.3333333333 ms  task=T1
1101.1529 	EXP 	window1: recordFrameIntervals = False
1101.1757 	INFO 	Mouse: using default window
1105.7073 	DATA 	Keypress: g
1107.0046 	DATA 	Keypress: t
1108.2705 	DATA 	Keypress: u
1108.4515 	EXP 	New trial (rep=6, index=1): {'leftStreamFlip': False, 'oneTarget': False, 'trialInstructionPos': (0, 1), 'probe': 'both', 'rightStreamFlip': False, 'horizVert': False, 'ISIframes': 2, 'rightResponseFirst': True}
1108.4856 	INFO 	numtrials=360 and this trialDurFrames=5 or 83.3333333333 ms  task=T1
1109.6862 	EXP 	window1: recordFrameIntervals = False
1109.7106 	INFO 	Mouse: using default window
1112.0047 	DATA 	Keypress: e
1112.1870 	DATA 	Keypress: r
1114.8206 	DATA 	Keypress: r
1114.9984 	EXP 	New trial (rep=6, index=2): {'leftStreamFlip': False, 'oneTarget': False, 'trialInstructionPos': (0, 1), 'probe': 'both', 'rightStreamFlip': False, 'horizVert': False, 'ISIframes': 2, 'rightResponseFirst': True}
1115.0354 	INFO 	numtrials=360 and this trialDurFrames=5 or 83.3333333333 ms  task=T1
1116.2363 	EXP 	window1: recordFrameIntervals = False
1116.2596 	INFO 	Mouse: using default window
1118.3538 	DATA 	Keypress: j
1120.0537 	DATA 	Keypress: s
1121.0371 	DATA 	Keypress: u
1121.2183 	EXP 	New trial (rep=6, index=3): {'leftStreamFlip': False, 'oneTarget': False, 'trialInstructionPos': (0, -1), 'probe': 'both', 'rightStreamFlip': False, 'horizVert': False, 'ISIframes': 2, 'rightResponseFirst': True}
1121.2525 	INFO 	numtrials=360 and this trialDurFrames=5 or 83.3333333333 ms  task=T1
1122.3364 	EXP 	window1: recordFrameIntervals = False
1122.3593 	INFO 	Mouse: using default window
1124.2055 	DATA 	Keypress: k
1124.8571 	DATA 	Keypress: k
1125.9205 	DATA 	Keypress: a
1126.1049 	EXP 	New trial (rep=6, index=4): {'leftStreamFlip': False, 'oneTarget': False, 'trialInstructionPos': (0, -1), 'probe': 'both', 'rightStreamFlip': False, 'horizVert': False, 'ISIframes': 2, 'rightResponseFirst': False}
1126.1353 	INFO 	numtrials=360 and this trialDurFrames=5 or 83.3333333333 ms  task=T1
1127.3695 	EXP 	window1: recordFrameIntervals = False
1127.3923 	INFO 	Mouse: using default window
1129.5036 	DATA 	Keypress: g
1130.6705 	DATA 	Keypress: a
1131.8038 	DATA 	Keypress: n
1131.9831 	EXP 	New trial (rep=6, index=5): {'leftStreamFlip': False, 'oneTarget': False, 'trialInstructionPos': (0, -1), 'probe': 'both', 'rightStreamFlip': False, 'horizVert': False, 'ISIframes': 2, 'rightResponseFirst': True}
1132.0192 	INFO 	numtrials=360 and this trialDurFrames=5 or 83.3333333333 ms  task=T1
1133.0528 	EXP 	window1: recordFrameIntervals = False
1133.0753 	INFO 	Mouse: using default window
1135.1872 	DATA 	Keypress: n
1137.0204 	DATA 	Keypress: t
1137.4201 	DATA 	Keypress: t
1137.6035 	EXP 	New trial (rep=6, index=6): {'leftStreamFlip': False, 'oneTarget': False, 'trialInstructionPos': (0, -1), 'probe': 'both', 'rightStreamFlip': False, 'horizVert': False, 'ISIframes': 2, 'rightResponseFirst': False}
1137.6353 	INFO 	numtrials=360 and this trialDurFrames=5 or 83.3333333333 ms  task=T1
1138.8527 	EXP 	window1: recordFrameIntervals = False
1138.8757 	INFO 	Mouse: using default window
1141.4369 	DATA 	Keypress: c
1142.8371 	DATA 	Keypress: c
1143.6739 	DATA 	Keypress: e
1143.8668 	EXP 	New trial (rep=6, index=7): {'leftStreamFlip': False, 'oneTarget': False, 'trialInstructionPos': (0, -1), 'probe': 'both', 'rightStreamFlip': False, 'horizVert': False, 'ISIframes': 2, 'rightResponseFirst': False}
1143.9022 	INFO 	numtrials=360 and this trialDurFrames=5 or 83.3333333333 ms  task=T1
1145.0028 	EXP 	window1: recordFrameIntervals = False
1145.0256 	INFO 	Mouse: using default window
1147.7237 	DATA 	Keypress: m
1148.8906 	DATA 	Keypress: u
1149.7070 	DATA 	Keypress: y
1149.8988 	EXP 	New trial (rep=6, index=8): {'leftStreamFlip': False, 'oneTarget': False, 'trialInstructionPos': (0, -1), 'probe': 'both', 'rightStreamFlip': False, 'horizVert': False, 'ISIframes': 2, 'rightResponseFirst': True}
1149.9356 	INFO 	numtrials=360 and this trialDurFrames=5 or 83.3333333333 ms  task=T1
1151.0695 	EXP 	window1: recordFrameIntervals = False
1151.0927 	INFO 	Mouse: using default window
1152.7705 	DATA 	Keypress: e
1154.1543 	DATA 	Keypress: g
1154.4537 	DATA 	Keypress: g
1154.6348 	EXP 	New trial (rep=6, index=9): {'leftStreamFlip': False, 'oneTarget': False, 'trialInstructionPos': (0, 1), 'probe': 'both', 'rightStreamFlip': False, 'horizVert': False, 'ISIframes': 2, 'rightResponseFirst': False}
1154.6689 	INFO 	numtrials=360 and this trialDurFrames=5 or 83.3333333333 ms  task=T1
1155.7364 	EXP 	window1: recordFrameIntervals = False
1155.7581 	INFO 	Mouse: using default window
1158.3708 	DATA 	Keypress: k
1159.8720 	DATA 	Keypress: h
1160.8571 	DATA 	Keypress: t
1161.0516 	EXP 	New trial (rep=6, index=10): {'leftStreamFlip': False, 'oneTarget': False, 'trialInstructionPos': (0, 1), 'probe': 'both', 'rightStreamFlip': False, 'horizVert': False, 'ISIframes': 2, 'rightResponseFirst': False}
1161.0857 	INFO 	numtrials=360 and this trialDurFrames=5 or 83.3333333333 ms  task=T1
1162.2529 	EXP 	window1: recordFrameIntervals = False
1162.2774 	INFO 	Mouse: using default window
1163.7539 	DATA 	Keypress: s
1164.1237 	DATA 	Keypress: z
1164.2870 	DATA 	Keypress: z
1164.4695 	EXP 	New trial (rep=6, index=11): {'leftStreamFlip': False, 'oneTarget': False, 'trialInstructionPos': (0, 1), 'probe': 'both', 'rightStreamFlip': False, 'horizVert': False, 'ISIframes': 2, 'rightResponseFirst': True}
1164.5025 	INFO 	numtrials=360 and this trialDurFrames=5 or 83.3333333333 ms  task=T1
1165.5358 	EXP 	window1: recordFrameIntervals = False
1165.5591 	INFO 	Mouse: using default window
1167.2205 	DATA 	Keypress: c
1168.7703 	DATA 	Keypress: e
1169.6570 	DATA 	Keypress: c
1169.8506 	EXP 	New trial (rep=7, index=0): {'leftStreamFlip': False, 'oneTarget': False, 'trialInstructionPos': (0, 1), 'probe': 'both', 'rightStreamFlip': False, 'horizVert': False, 'ISIframes': 2, 'rightResponseFirst': False}
1169.8858 	INFO 	numtrials=360 and this trialDurFrames=5 or 83.3333333333 ms  task=T1
1170.9695 	EXP 	window1: recordFrameIntervals = False
1170.9920 	INFO 	Mouse: using default window
1172.9543 	DATA 	Keypress: t
1174.2369 	DATA 	Keypress: a
1175.1369 	DATA 	Keypress: c
1175.3213 	EXP 	New trial (rep=7, index=1): {'leftStreamFlip': False, 'oneTarget': False, 'trialInstructionPos': (0, 1), 'probe': 'both', 'rightStreamFlip': False, 'horizVert': False, 'ISIframes': 2, 'rightResponseFirst': True}
1175.3521 	INFO 	numtrials=360 and this trialDurFrames=5 or 83.3333333333 ms  task=T1
1176.5862 	EXP 	window1: recordFrameIntervals = False
1176.6085 	INFO 	Mouse: using default window
1179.4046 	DATA 	Keypress: z
1180.7536 	DATA 	Keypress: s
1181.7703 	DATA 	Keypress: e
1181.9511 	EXP 	New trial (rep=7, index=2): {'leftStreamFlip': False, 'oneTarget': False, 'trialInstructionPos': (0, 1), 'probe': 'both', 'rightStreamFlip': False, 'horizVert': False, 'ISIframes': 2, 'rightResponseFirst': False}
1181.9857 	INFO 	numtrials=360 and this trialDurFrames=5 or 83.3333333333 ms  task=T1
1183.0694 	EXP 	window1: recordFrameIntervals = False
1183.0939 	INFO 	Mouse: using default window
1184.6040 	DATA 	Keypress: z
1185.9203 	DATA 	Keypress: s
1186.6201 	DATA 	Keypress: u
1186.8005 	EXP 	New trial (rep=7, index=3): {'leftStreamFlip': False, 'oneTarget': False, 'trialInstructionPos': (0, 1), 'probe': 'both', 'rightStreamFlip': False, 'horizVert': False, 'ISIframes': 2, 'rightResponseFirst': True}
1186.8357 	INFO 	numtrials=360 and this trialDurFrames=5 or 83.3333333333 ms  task=T1
1187.8693 	EXP 	window1: recordFrameIntervals = False
1187.8933 	INFO 	Mouse: using default window
1189.8869 	DATA 	Keypress: y
1191.0700 	DATA 	Keypress: a
1192.3203 	DATA 	Keypress: k
1192.5023 	EXP 	New trial (rep=7, index=4): {'leftStreamFlip': False, 'oneTarget': False, 'trialInstructionPos': (0, -1), 'probe': 'both', 'rightStreamFlip': False, 'horizVert': False, 'ISIframes': 2, 'rightResponseFirst': False}
1192.5354 	INFO 	numtrials=360 and this trialDurFrames=5 or 83.3333333333 ms  task=T1
1193.6363 	EXP 	window1: recordFrameIntervals = False
1193.6596 	INFO 	Mouse: using default window
1195.1536 	DATA 	Keypress: a
1196.3051 	DATA 	Keypress: s
1197.3373 	DATA 	Keypress: j
1197.5168 	EXP 	New trial (rep=7, index=5): {'leftStreamFlip': False, 'oneTarget': False, 'trialInstructionPos': (0, 1), 'probe': 'both', 'rightStreamFlip': False, 'horizVert': False, 'ISIframes': 2, 'rightResponseFirst': False}
1197.5524 	INFO 	numtrials=360 and this trialDurFrames=5 or 83.3333333333 ms  task=T1
1198.7696 	EXP 	window1: recordFrameIntervals = False
1198.7938 	INFO 	Mouse: using default window
1200.6536 	DATA 	Keypress: e
1202.1070 	DATA 	Keypress: u
1203.0872 	DATA 	Keypress: a
1203.2680 	EXP 	New trial (rep=7, index=6): {'leftStreamFlip': False, 'oneTarget': False, 'trialInstructionPos': (0, -1), 'probe': 'both', 'rightStreamFlip': False, 'horizVert': False, 'ISIframes': 2, 'rightResponseFirst': False}
1203.3035 	INFO 	numtrials=360 and this trialDurFrames=5 or 83.3333333333 ms  task=T1
1204.5528 	EXP 	window1: recordFrameIntervals = False
1204.5757 	INFO 	Mouse: using default window
1207.7374 	DATA 	Keypress: g
1208.9706 	DATA 	Keypress: k
1209.7374 	DATA 	Keypress: j
1209.9189 	EXP 	New trial (rep=7, index=7): {'leftStreamFlip': False, 'oneTarget': False, 'trialInstructionPos': (0, -1), 'probe': 'both', 'rightStreamFlip': False, 'horizVert': False, 'ISIframes': 2, 'rightResponseFirst': False}
1209.9523 	INFO 	numtrials=360 and this trialDurFrames=5 or 83.3333333333 ms  task=T1
1211.1530 	EXP 	window1: recordFrameIntervals = False
1211.1757 	INFO 	Mouse: using default window
1213.0202 	DATA 	Keypress: k
1213.2737 	DATA 	Keypress: k
1215.6367 	DATA 	Keypress: k
1215.8152 	EXP 	New trial (rep=7, index=8): {'leftStreamFlip': False, 'oneTarget': False, 'trialInstructionPos': (0, -1), 'probe': 'both', 'rightStreamFlip': False, 'horizVert': False, 'ISIframes': 2, 'rightResponseFirst': True}
1215.8523 	INFO 	numtrials=360 and this trialDurFrames=5 or 83.3333333333 ms  task=T1
1217.0527 	EXP 	window1: recordFrameIntervals = False
1217.0768 	INFO 	Mouse: using default window
1223.1198 	DATA 	Keypress: g
1224.6869 	DATA 	Keypress: y
1225.4202 	DATA 	Keypress: j
1225.5982 	EXP 	New trial (rep=7, index=9): {'leftStreamFlip': False, 'oneTarget': False, 'trialInstructionPos': (0, 1), 'probe': 'both', 'rightStreamFlip': False, 'horizVert': False, 'ISIframes': 2, 'rightResponseFirst': True}
1225.6353 	INFO 	numtrials=360 and this trialDurFrames=5 or 83.3333333333 ms  task=T1
1226.7858 	EXP 	window1: recordFrameIntervals = False
1226.8115 	INFO 	Mouse: using default window
1230.3370 	DATA 	Keypress: g
1231.6571 	DATA 	Keypress: u
1236.4036 	DATA 	Keypress: f
1236.5822 	EXP 	New trial (rep=7, index=10): {'leftStreamFlip': False, 'oneTarget': False, 'trialInstructionPos': (0, -1), 'probe': 'both', 'rightStreamFlip': False, 'horizVert': False, 'ISIframes': 2, 'rightResponseFirst': True}
1236.6189 	INFO 	numtrials=360 and this trialDurFrames=5 or 83.3333333333 ms  task=T1
1237.8026 	EXP 	window1: recordFrameIntervals = False
1237.8255 	INFO 	Mouse: using default window
1241.0369 	DATA 	Keypress: c
1242.5373 	DATA 	Keypress: n
1244.0537 	DATA 	Keypress: f
1244.2333 	EXP 	New trial (rep=7, index=11): {'leftStreamFlip': False, 'oneTarget': False, 'trialInstructionPos': (0, -1), 'probe': 'both', 'rightStreamFlip': False, 'horizVert': False, 'ISIframes': 2, 'rightResponseFirst': True}
1244.2690 	INFO 	numtrials=360 and this trialDurFrames=5 or 83.3333333333 ms  task=T1
1245.3695 	EXP 	window1: recordFrameIntervals = False
1245.3926 	INFO 	Mouse: using default window
1250.1704 	DATA 	Keypress: h
1251.6036 	DATA 	Keypress: k
1252.6041 	DATA 	Keypress: k
1252.7844 	EXP 	New trial (rep=8, index=0): {'leftStreamFlip': False, 'oneTarget': False, 'trialInstructionPos': (0, -1), 'probe': 'both', 'rightStreamFlip': False, 'horizVert': False, 'ISIframes': 2, 'rightResponseFirst': False}
1252.8189 	INFO 	numtrials=360 and this trialDurFrames=5 or 83.3333333333 ms  task=T1
1253.8363 	EXP 	window1: recordFrameIntervals = False
1253.8602 	INFO 	Mouse: using default window
1255.8702 	DATA 	Keypress: n
1258.2704 	DATA 	Keypress: k
1259.1700 	DATA 	Keypress: e
1259.3466 	EXP 	New trial (rep=8, index=1): {'leftStreamFlip': False, 'oneTarget': False, 'trialInstructionPos': (0, 1), 'probe': 'both', 'rightStreamFlip': False, 'horizVert': False, 'ISIframes': 2, 'rightResponseFirst': True}
1259.3857 	INFO 	numtrials=360 and this trialDurFrames=5 or 83.3333333333 ms  task=T1
1260.5192 	EXP 	window1: recordFrameIntervals = False
1260.5424 	INFO 	Mouse: using default window
1262.4203 	DATA 	Keypress: g
1263.7068 	DATA 	Keypress: c
1264.4903 	DATA 	Keypress: u
1264.6893 	EXP 	New trial (rep=8, index=2): {'leftStreamFlip': False, 'oneTarget': False, 'trialInstructionPos': (0, 1), 'probe': 'both', 'rightStreamFlip': False, 'horizVert': False, 'ISIframes': 2, 'rightResponseFirst': False}
1264.7194 	INFO 	numtrials=360 and this trialDurFrames=5 or 83.3333333333 ms  task=T1
1265.9024 	EXP 	window1: recordFrameIntervals = False
1265.9256 	INFO 	Mouse: using default window
1268.5869 	DATA 	Keypress: m
1270.3220 	DATA 	Keypress: f
1270.9372 	DATA 	Keypress: f
1271.1163 	EXP 	New trial (rep=8, index=3): {'leftStreamFlip': False, 'oneTarget': False, 'trialInstructionPos': (0, -1), 'probe': 'both', 'rightStreamFlip': False, 'horizVert': False, 'ISIframes': 2, 'rightResponseFirst': True}
1271.1523 	INFO 	numtrials=360 and this trialDurFrames=4 or 66.6666666667 ms  task=T1
1272.3027 	EXP 	window1: recordFrameIntervals = False
1272.3249 	INFO 	Mouse: using default window
1274.0739 	DATA 	Keypress: h
1274.8372 	DATA 	Keypress: u
1279.0545 	DATA 	Keypress: m
1279.2345 	EXP 	New trial (rep=8, index=4): {'leftStreamFlip': False, 'oneTarget': False, 'trialInstructionPos': (0, -1), 'probe': 'both', 'rightStreamFlip': False, 'horizVert': False, 'ISIframes': 2, 'rightResponseFirst': False}
1279.2694 	INFO 	numtrials=360 and this trialDurFrames=4 or 66.6666666667 ms  task=T1
1280.3695 	EXP 	window1: recordFrameIntervals = False
1280.3935 	INFO 	Mouse: using default window
1282.6702 	DATA 	Keypress: a
1284.0369 	DATA 	Keypress: u
1285.5702 	DATA 	Keypress: y
1285.7503 	EXP 	New trial (rep=8, index=5): {'leftStreamFlip': False, 'oneTarget': False, 'trialInstructionPos': (0, -1), 'probe': 'both', 'rightStreamFlip': False, 'horizVert': False, 'ISIframes': 2, 'rightResponseFirst': True}
1285.7858 	INFO 	numtrials=360 and this trialDurFrames=4 or 66.6666666667 ms  task=T1
1286.8861 	EXP 	window1: recordFrameIntervals = False
1286.9099 	INFO 	Mouse: using default window
1288.5540 	DATA 	Keypress: e
1290.1373 	DATA 	Keypress: g
1291.2371 	DATA 	Keypress: n
1291.4139 	EXP 	New trial (rep=8, index=6): {'leftStreamFlip': False, 'oneTarget': False, 'trialInstructionPos': (0, 1), 'probe': 'both', 'rightStreamFlip': False, 'horizVert': False, 'ISIframes': 2, 'rightResponseFirst': False}
1291.4351 	INFO 	numtrials=360 and this trialDurFrames=4 or 66.6666666667 ms  task=T1
1292.6525 	EXP 	window1: recordFrameIntervals = False
1292.6768 	INFO 	Mouse: using default window
1295.4040 	DATA 	Keypress: f
1296.6534 	DATA 	Keypress: c
1299.4702 	DATA 	Keypress: n
1299.6498 	EXP 	New trial (rep=8, index=7): {'leftStreamFlip': False, 'oneTarget': False, 'trialInstructionPos': (0, 1), 'probe': 'both', 'rightStreamFlip': False, 'horizVert': False, 'ISIframes': 2, 'rightResponseFirst': True}
1299.6861 	INFO 	numtrials=360 and this trialDurFrames=4 or 66.6666666667 ms  task=T1
1300.7694 	EXP 	window1: recordFrameIntervals = False
1300.7944 	INFO 	Mouse: using default window
1306.5068 	DATA 	Keypress: z
1307.2036 	DATA 	Keypress: z
1308.3538 	DATA 	Keypress: a
1308.5335 	EXP 	New trial (rep=8, index=8): {'leftStreamFlip': False, 'oneTarget': False, 'trialInstructionPos': (0, -1), 'probe': 'both', 'rightStreamFlip': False, 'horizVert': False, 'ISIframes': 2, 'rightResponseFirst': True}
1308.5689 	INFO 	numtrials=360 and this trialDurFrames=4 or 66.6666666667 ms  task=T1
1309.6858 	EXP 	window1: recordFrameIntervals = False
1309.7079 	INFO 	Mouse: using default window
1311.3235 	DATA 	Keypress: m
1312.3867 	DATA 	Keypress: k
1312.9866 	DATA 	Keypress: m
1313.1728 	EXP 	New trial (rep=8, index=9): {'leftStreamFlip': False, 'oneTarget': False, 'trialInstructionPos': (0, -1), 'probe': 'both', 'rightStreamFlip': False, 'horizVert': False, 'ISIframes': 2, 'rightResponseFirst': False}
1313.2025 	INFO 	numtrials=360 and this trialDurFrames=4 or 66.6666666667 ms  task=T1
1314.3525 	EXP 	window1: recordFrameIntervals = False
1314.3758 	INFO 	Mouse: using default window
1317.3702 	DATA 	Keypress: t
1320.8902 	DATA 	Keypress: k
1323.1370 	DATA 	Keypress: t
1323.3165 	EXP 	New trial (rep=8, index=10): {'leftStreamFlip': False, 'oneTarget': False, 'trialInstructionPos': (0, 1), 'probe': 'both', 'rightStreamFlip': False, 'horizVert': False, 'ISIframes': 2, 'rightResponseFirst': False}
1323.3529 	INFO 	numtrials=360 and this trialDurFrames=4 or 66.6666666667 ms  task=T1
1324.5694 	EXP 	window1: recordFrameIntervals = False
1324.5924 	INFO 	Mouse: using default window
1327.3539 	DATA 	Keypress: e
1328.5231 	DATA 	Keypress: k
1331.3372 	DATA 	Keypress: j
1331.5165 	EXP 	New trial (rep=8, index=11): {'leftStreamFlip': False, 'oneTarget': False, 'trialInstructionPos': (0, 1), 'probe': 'both', 'rightStreamFlip': False, 'horizVert': False, 'ISIframes': 2, 'rightResponseFirst': True}
1331.5527 	INFO 	numtrials=360 and this trialDurFrames=4 or 66.6666666667 ms  task=T1
1332.5861 	EXP 	window1: recordFrameIntervals = False
1332.6096 	INFO 	Mouse: using default window
1340.4735 	DATA 	Keypress: a
1341.8204 	DATA 	Keypress: u
1345.1035 	DATA 	Keypress: a
1345.2815 	EXP 	New trial (rep=9, index=0): {'leftStreamFlip': False, 'oneTarget': False, 'trialInstructionPos': (0, 1), 'probe': 'both', 'rightStreamFlip': False, 'horizVert': False, 'ISIframes': 2, 'rightResponseFirst': True}
1345.3191 	INFO 	numtrials=360 and this trialDurFrames=4 or 66.6666666667 ms  task=T1
1346.3860 	EXP 	window1: recordFrameIntervals = False
1346.4105 	INFO 	Mouse: using default window
1351.1534 	DATA 	Keypress: k
1352.2200 	DATA 	Keypress: s
1353.2535 	DATA 	Keypress: m
1353.4348 	EXP 	New trial (rep=9, index=1): {'leftStreamFlip': False, 'oneTarget': False, 'trialInstructionPos': (0, -1), 'probe': 'both', 'rightStreamFlip': False, 'horizVert': False, 'ISIframes': 2, 'rightResponseFirst': False}
1353.4693 	INFO 	numtrials=360 and this trialDurFrames=4 or 66.6666666667 ms  task=T1
1354.6024 	EXP 	window1: recordFrameIntervals = False
1354.6269 	INFO 	Mouse: using default window
1358.9871 	DATA 	Keypress: r
1360.1884 	DATA 	Keypress: k
1361.1536 	DATA 	Keypress: s
1361.3336 	EXP 	New trial (rep=9, index=2): {'leftStreamFlip': False, 'oneTarget': False, 'trialInstructionPos': (0, 1), 'probe': 'both', 'rightStreamFlip': False, 'horizVert': False, 'ISIframes': 2, 'rightResponseFirst': False}
1361.3691 	INFO 	numtrials=360 and this trialDurFrames=4 or 66.6666666667 ms  task=T1
1362.5693 	EXP 	window1: recordFrameIntervals = False
1362.5931 	INFO 	Mouse: using default window
1364.7705 	DATA 	Keypress: n
1365.9369 	DATA 	Keypress: u
1366.9070 	DATA 	Keypress: m
1367.0992 	EXP 	New trial (rep=9, index=3): {'leftStreamFlip': False, 'oneTarget': False, 'trialInstructionPos': (0, 1), 'probe': 'both', 'rightStreamFlip': False, 'horizVert': False, 'ISIframes': 2, 'rightResponseFirst': True}
1367.1358 	INFO 	numtrials=360 and this trialDurFrames=4 or 66.6666666667 ms  task=T1
1368.2694 	EXP 	window1: recordFrameIntervals = False
1368.2929 	INFO 	Mouse: using default window
1376.0367 	DATA 	Keypress: u
1378.8906 	DATA 	Keypress: t
1382.0369 	DATA 	Keypress: f
1382.2166 	EXP 	New trial (rep=9, index=4): {'leftStreamFlip': False, 'oneTarget': False, 'trialInstructionPos': (0, 1), 'probe': 'both', 'rightStreamFlip': False, 'horizVert': False, 'ISIframes': 2, 'rightResponseFirst': True}
1382.2528 	INFO 	numtrials=360 and this trialDurFrames=4 or 66.6666666667 ms  task=T1
1383.4529 	EXP 	window1: recordFrameIntervals = False
1383.4756 	INFO 	Mouse: using default window
1385.2536 	DATA 	Keypress: u
1386.3201 	DATA 	Keypress: f
1387.1368 	DATA 	Keypress: s
1387.3180 	EXP 	New trial (rep=9, index=5): {'leftStreamFlip': False, 'oneTarget': False, 'trialInstructionPos': (0, -1), 'probe': 'both', 'rightStreamFlip': False, 'horizVert': False, 'ISIframes': 2, 'rightResponseFirst': False}
1387.3524 	INFO 	numtrials=360 and this trialDurFrames=4 or 66.6666666667 ms  task=T1
1388.4361 	EXP 	window1: recordFrameIntervals = False
1388.4595 	INFO 	Mouse: using default window
1390.1704 	DATA 	Keypress: r
1391.2904 	DATA 	Keypress: c
1391.8206 	DATA 	Keypress: g
1392.0020 	EXP 	New trial (rep=9, index=6): {'leftStreamFlip': False, 'oneTarget': False, 'trialInstructionPos': (0, -1), 'probe': 'both', 'rightStreamFlip': False, 'horizVert': False, 'ISIframes': 2, 'rightResponseFirst': True}
1392.0355 	INFO 	numtrials=360 and this trialDurFrames=4 or 66.6666666667 ms  task=T1
1393.1528 	EXP 	window1: recordFrameIntervals = False
1393.1747 	INFO 	Mouse: using default window
1395.9699 	DATA 	Keypress: m
1397.0040 	DATA 	Keypress: e
1397.6406 	DATA 	Keypress: f
1397.8324 	EXP 	New trial (rep=9, index=7): {'leftStreamFlip': False, 'oneTarget': False, 'trialInstructionPos': (0, 1), 'probe': 'both', 'rightStreamFlip': False, 'horizVert': False, 'ISIframes': 2, 'rightResponseFirst': False}
1397.8695 	INFO 	numtrials=360 and this trialDurFrames=4 or 66.6666666667 ms  task=T1
1398.9360 	EXP 	window1: recordFrameIntervals = False
1398.9600 	INFO 	Mouse: using default window
1400.4202 	DATA 	Keypress: y
1401.4533 	DATA 	Keypress: c
1402.3037 	DATA 	Keypress: n
1402.4839 	EXP 	New trial (rep=9, index=8): {'leftStreamFlip': False, 'oneTarget': False, 'trialInstructionPos': (0, -1), 'probe': 'both', 'rightStreamFlip': False, 'horizVert': False, 'ISIframes': 2, 'rightResponseFirst': False}
1402.5194 	INFO 	numtrials=360 and this trialDurFrames=4 or 66.6666666667 ms  task=T1
1403.5528 	EXP 	window1: recordFrameIntervals = False
1403.5779 	INFO 	Mouse: using default window
1407.2035 	DATA 	Keypress: s
1408.5702 	DATA 	Keypress: h
1409.1700 	DATA 	Keypress: k
1409.3506 	EXP 	New trial (rep=9, index=9): {'leftStreamFlip': False, 'oneTarget': False, 'trialInstructionPos': (0, -1), 'probe': 'both', 'rightStreamFlip': False, 'horizVert': False, 'ISIframes': 2, 'rightResponseFirst': True}
1409.3859 	INFO 	numtrials=360 and this trialDurFrames=4 or 66.6666666667 ms  task=T1
1410.4198 	EXP 	window1: recordFrameIntervals = False
1410.4430 	INFO 	Mouse: using default window
1413.2904 	DATA 	Keypress: y
1414.4404 	DATA 	Keypress: n
1415.5703 	DATA 	Keypress: e
1415.7495 	EXP 	New trial (rep=9, index=10): {'leftStreamFlip': False, 'oneTarget': False, 'trialInstructionPos': (0, 1), 'probe': 'both', 'rightStreamFlip': False, 'horizVert': False, 'ISIframes': 2, 'rightResponseFirst': False}
1415.7863 	INFO 	numtrials=360 and this trialDurFrames=4 or 66.6666666667 ms  task=T1
1417.0027 	EXP 	window1: recordFrameIntervals = False
1417.0257 	INFO 	Mouse: using default window
1418.7703 	DATA 	Keypress: m
1419.9535 	DATA 	Keypress: n
1421.0368 	DATA 	Keypress: s
1421.2188 	EXP 	New trial (rep=9, index=11): {'leftStreamFlip': False, 'oneTarget': False, 'trialInstructionPos': (0, -1), 'probe': 'both', 'rightStreamFlip': False, 'horizVert': False, 'ISIframes': 2, 'rightResponseFirst': True}
1421.2523 	INFO 	numtrials=360 and this trialDurFrames=4 or 66.6666666667 ms  task=T1
1422.3028 	EXP 	window1: recordFrameIntervals = False
1422.3260 	INFO 	Mouse: using default window
1425.9537 	DATA 	Keypress: z
1427.2532 	DATA 	Keypress: c
1428.2205 	DATA 	Keypress: u
1428.4002 	EXP 	New trial (rep=10, index=0): {'leftStreamFlip': False, 'oneTarget': False, 'trialInstructionPos': (0, -1), 'probe': 'both', 'rightStreamFlip': False, 'horizVert': False, 'ISIframes': 2, 'rightResponseFirst': False}
1428.4357 	INFO 	numtrials=360 and this trialDurFrames=4 or 66.6666666667 ms  task=T1
1429.4524 	EXP 	window1: recordFrameIntervals = False
1429.4761 	INFO 	Mouse: using default window
1435.9035 	DATA 	Keypress: m
1436.3368 	DATA 	Keypress: m
1438.0201 	DATA 	Keypress: m
1438.1991 	EXP 	New trial (rep=10, index=1): {'leftStreamFlip': False, 'oneTarget': False, 'trialInstructionPos': (0, 1), 'probe': 'both', 'rightStreamFlip': False, 'horizVert': False, 'ISIframes': 2, 'rightResponseFirst': False}
1438.2182 	INFO 	numtrials=360 and this trialDurFrames=4 or 66.6666666667 ms  task=T1
1439.3193 	EXP 	window1: recordFrameIntervals = False
1439.3432 	INFO 	Mouse: using default window
1440.7871 	DATA 	Keypress: g
1441.9369 	DATA 	Keypress: c
1442.5067 	DATA 	Keypress: h
1442.7004 	EXP 	New trial (rep=10, index=2): {'leftStreamFlip': False, 'oneTarget': False, 'trialInstructionPos': (0, 1), 'probe': 'both', 'rightStreamFlip': False, 'horizVert': False, 'ISIframes': 2, 'rightResponseFirst': False}
1442.7357 	INFO 	numtrials=360 and this trialDurFrames=4 or 66.6666666667 ms  task=T1
1443.8691 	EXP 	window1: recordFrameIntervals = False
1443.8919 	INFO 	Mouse: using default window
1447.5535 	DATA 	Keypress: m
1448.7367 	DATA 	Keypress: z
1449.2902 	DATA 	Keypress: h
1449.4795 	EXP 	New trial (rep=10, index=3): {'leftStreamFlip': False, 'oneTarget': False, 'trialInstructionPos': (0, 1), 'probe': 'both', 'rightStreamFlip': False, 'horizVert': False, 'ISIframes': 2, 'rightResponseFirst': True}
1449.5020 	INFO 	numtrials=360 and this trialDurFrames=4 or 66.6666666667 ms  task=T1
1450.6361 	EXP 	window1: recordFrameIntervals = False
1450.6591 	INFO 	Mouse: using default window
1452.1371 	DATA 	Keypress: s
1453.4868 	DATA 	Keypress: a
1454.7035 	DATA 	Keypress: n
1454.8843 	EXP 	New trial (rep=10, index=4): {'leftStreamFlip': False, 'oneTarget': False, 'trialInstructionPos': (0, -1), 'probe': 'both', 'rightStreamFlip': False, 'horizVert': False, 'ISIframes': 2, 'rightResponseFirst': True}
1454.9196 	INFO 	numtrials=360 and this trialDurFrames=4 or 66.6666666667 ms  task=T1
1456.1027 	EXP 	window1: recordFrameIntervals = False
1456.1260 	INFO 	Mouse: using default window
1458.2203 	DATA 	Keypress: u
1459.6531 	DATA 	Keypress: u
1461.1700 	DATA 	Keypress: z
1461.3521 	EXP 	New trial (rep=10, index=5): {'leftStreamFlip': False, 'oneTarget': False, 'trialInstructionPos': (0, -1), 'probe': 'both', 'rightStreamFlip': False, 'horizVert': False, 'ISIframes': 2, 'rightResponseFirst': True}
1461.3858 	INFO 	numtrials=360 and this trialDurFrames=4 or 66.6666666667 ms  task=T1
1462.4860 	EXP 	window1: recordFrameIntervals = False
1462.5086 	INFO 	Mouse: using default window
1465.0203 	DATA 	Keypress: g
1466.5703 	DATA 	Keypress: m
1467.4544 	DATA 	Keypress: z
1467.6275 	EXP 	New trial (rep=10, index=6): {'leftStreamFlip': False, 'oneTarget': False, 'trialInstructionPos': (0, 1), 'probe': 'both', 'rightStreamFlip': False, 'horizVert': False, 'ISIframes': 2, 'rightResponseFirst': True}
1467.6516 	INFO 	numtrials=360 and this trialDurFrames=4 or 66.6666666667 ms  task=T1
1468.6862 	EXP 	window1: recordFrameIntervals = False
1468.7083 	INFO 	Mouse: using default window
1472.1069 	DATA 	Keypress: h
1473.1870 	DATA 	Keypress: z
1473.8203 	DATA 	Keypress: f
1474.0058 	EXP 	New trial (rep=10, index=7): {'leftStreamFlip': False, 'oneTarget': False, 'trialInstructionPos': (0, -1), 'probe': 'both', 'rightStreamFlip': False, 'horizVert': False, 'ISIframes': 2, 'rightResponseFirst': False}
1474.0362 	INFO 	numtrials=360 and this trialDurFrames=4 or 66.6666666667 ms  task=T1
1475.2194 	EXP 	window1: recordFrameIntervals = False
1475.2433 	INFO 	Mouse: using default window
1477.4536 	DATA 	Keypress: z
1478.5233 	DATA 	Keypress: t
1478.8034 	DATA 	Keypress: z
1478.9836 	EXP 	New trial (rep=10, index=8): {'leftStreamFlip': False, 'oneTarget': False, 'trialInstructionPos': (0, 1), 'probe': 'both', 'rightStreamFlip': False, 'horizVert': False, 'ISIframes': 2, 'rightResponseFirst': True}
1479.0190 	INFO 	numtrials=360 and this trialDurFrames=4 or 66.6666666667 ms  task=T1
1480.2194 	EXP 	window1: recordFrameIntervals = False
1480.2414 	INFO 	Mouse: using default window
1483.6201 	DATA 	Keypress: n
1484.1699 	DATA 	Keypress: u
1484.8203 	DATA 	Keypress: t
1485.0006 	EXP 	New trial (rep=10, index=9): {'leftStreamFlip': False, 'oneTarget': False, 'trialInstructionPos': (0, 1), 'probe': 'both', 'rightStreamFlip': False, 'horizVert': False, 'ISIframes': 2, 'rightResponseFirst': False}
1485.0357 	INFO 	numtrials=360 and this trialDurFrames=4 or 66.6666666667 ms  task=T1
1486.0861 	EXP 	window1: recordFrameIntervals = False
1486.1105 	INFO 	Mouse: using default window
1488.6368 	DATA 	Keypress: j
1489.5868 	DATA 	Keypress: m
1490.4034 	DATA 	Keypress: a
1490.5854 	EXP 	New trial (rep=10, index=10): {'leftStreamFlip': False, 'oneTarget': False, 'trialInstructionPos': (0, -1), 'probe': 'both', 'rightStreamFlip': False, 'horizVert': False, 'ISIframes': 2, 'rightResponseFirst': False}
1490.6192 	INFO 	numtrials=360 and this trialDurFrames=4 or 66.6666666667 ms  task=T1
1491.8359 	EXP 	window1: recordFrameIntervals = False
1491.8597 	INFO 	Mouse: using default window
1493.9202 	DATA 	Keypress: s
1495.5534 	DATA 	Keypress: e
1496.2702 	DATA 	Keypress: t
1496.4507 	EXP 	New trial (rep=10, index=11): {'leftStreamFlip': False, 'oneTarget': False, 'trialInstructionPos': (0, -1), 'probe': 'both', 'rightStreamFlip': False, 'horizVert': False, 'ISIframes': 2, 'rightResponseFirst': True}
1496.4864 	INFO 	numtrials=360 and this trialDurFrames=4 or 66.6666666667 ms  task=T1
1497.5026 	EXP 	window1: recordFrameIntervals = False
1497.5270 	INFO 	Mouse: using default window
1500.8566 	DATA 	Keypress: a
1501.0368 	DATA 	Keypress: a
1501.2200 	DATA 	Keypress: a
1501.3988 	EXP 	New trial (rep=11, index=0): {'leftStreamFlip': False, 'oneTarget': False, 'trialInstructionPos': (0, -1), 'probe': 'both', 'rightStreamFlip': False, 'horizVert': False, 'ISIframes': 2, 'rightResponseFirst': True}
1501.4187 	INFO 	numtrials=360 and this trialDurFrames=4 or 66.6666666667 ms  task=T1
1502.4694 	EXP 	window1: recordFrameIntervals = False
1502.4919 	INFO 	Mouse: using default window
1504.3367 	DATA 	Keypress: g
1504.9067 	DATA 	Keypress: g
1505.8703 	DATA 	Keypress: k
1506.0518 	EXP 	New trial (rep=11, index=1): {'leftStreamFlip': False, 'oneTarget': False, 'trialInstructionPos': (0, 1), 'probe': 'both', 'rightStreamFlip': False, 'horizVert': False, 'ISIframes': 2, 'rightResponseFirst': False}
1506.0857 	INFO 	numtrials=360 and this trialDurFrames=4 or 66.6666666667 ms  task=T1
1507.1361 	EXP 	window1: recordFrameIntervals = False
1507.1601 	INFO 	Mouse: using default window
1510.8367 	DATA 	Keypress: f
1512.2542 	DATA 	Keypress: m
1513.5866 	DATA 	Keypress: g
1513.7696 	EXP 	New trial (rep=11, index=2): {'leftStreamFlip': False, 'oneTarget': False, 'trialInstructionPos': (0, -1), 'probe': 'both', 'rightStreamFlip': False, 'horizVert': False, 'ISIframes': 2, 'rightResponseFirst': False}
1513.8022 	INFO 	numtrials=360 and this trialDurFrames=4 or 66.6666666667 ms  task=T1
1514.9693 	EXP 	window1: recordFrameIntervals = False
1514.9924 	INFO 	Mouse: using default window
1517.2568 	DATA 	Keypress: u
1518.4370 	DATA 	Keypress: h
1519.2566 	DATA 	Keypress: z
1519.4501 	EXP 	New trial (rep=11, index=3): {'leftStreamFlip': False, 'oneTarget': False, 'trialInstructionPos': (0, 1), 'probe': 'both', 'rightStreamFlip': False, 'horizVert': False, 'ISIframes': 2, 'rightResponseFirst': True}
1519.4856 	INFO 	numtrials=360 and this trialDurFrames=4 or 66.6666666667 ms  task=T1
1520.6525 	EXP 	window1: recordFrameIntervals = False
1520.6761 	INFO 	Mouse: using default window
1522.9368 	DATA 	Keypress: m
1523.9699 	DATA 	Keypress: z
1524.8907 	DATA 	Keypress: u
1525.0859 	EXP 	New trial (rep=11, index=4): {'leftStreamFlip': False, 'oneTarget': False, 'trialInstructionPos': (0, -1), 'probe': 'both', 'rightStreamFlip': False, 'horizVert': False, 'ISIframes': 2, 'rightResponseFirst': True}
1525.1192 	INFO 	numtrials=360 and this trialDurFrames=4 or 66.6666666667 ms  task=T1
1526.3191 	EXP 	window1: recordFrameIntervals = False
1526.3429 	INFO 	Mouse: using default window
1530.6199 	DATA 	Keypress: r
1531.6406 	DATA 	Keypress: s
1532.9234 	DATA 	Keypress: g
1533.1166 	EXP 	New trial (rep=11, index=5): {'leftStreamFlip': False, 'oneTarget': False, 'trialInstructionPos': (0, 1), 'probe': 'both', 'rightStreamFlip': False, 'horizVert': False, 'ISIframes': 2, 'rightResponseFirst': False}
1533.1523 	INFO 	numtrials=360 and this trialDurFrames=4 or 66.6666666667 ms  task=T1
1534.2861 	EXP 	window1: recordFrameIntervals = False
1534.3099 	INFO 	Mouse: using default window
1536.5537 	DATA 	Keypress: e
1537.4532 	DATA 	Keypress: e
1537.7368 	DATA 	Keypress: e
1537.9166 	EXP 	New trial (rep=11, index=6): {'leftStreamFlip': False, 'oneTarget': False, 'trialInstructionPos': (0, 1), 'probe': 'both', 'rightStreamFlip': False, 'horizVert': False, 'ISIframes': 2, 'rightResponseFirst': True}
1537.9518 	INFO 	numtrials=360 and this trialDurFrames=5 or 83.3333333333 ms  task=T1
1539.1525 	EXP 	window1: recordFrameIntervals = False
1539.1764 	INFO 	Mouse: using default window
1541.1201 	DATA 	Keypress: n
1542.3034 	DATA 	Keypress: h
1543.0700 	DATA 	Keypress: a
1543.2506 	EXP 	New trial (rep=11, index=7): {'leftStreamFlip': False, 'oneTarget': False, 'trialInstructionPos': (0, -1), 'probe': 'both', 'rightStreamFlip': False, 'horizVert': False, 'ISIframes': 2, 'rightResponseFirst': True}
1543.2853 	INFO 	numtrials=360 and this trialDurFrames=5 or 83.3333333333 ms  task=T1
1544.5023 	EXP 	window1: recordFrameIntervals = False
1544.5249 	INFO 	Mouse: using default window
1552.9538 	DATA 	Keypress: lctrl
1552.9547 	DATA 	Keypress: lshift
1553.5364 	DATA 	Keypress: z
1553.5588 	INFO 	Stopping at 12:28 on 06 Aug 2018
1553.5635 	ERROR 	user aborted experiment on keypress with trials done=139 of 361
1553.6044 	INFO 	Program terminating normally.
