0.6026 	WARNING 	Monitor specification not found. Creating a temporary one...
23.1917 	EXP 	Created window1 = Window(allowGUI=False, allowStencil=False, autoLog=True, bitsMode=UNKNOWN, blendMode='avg', color=array([-0.7, -0.7, -0.7]), colorSpace='rgb', fullscr=UNKNOWN, gamma=None, lms=UNKNOWN, monitor=<psychopy.monitors.calibTools.Monitor object at 0x1ACD6170>, name='window1', pos=[0, 0], screen=0, size=array([1920, 1080]), stereo=False, units='deg', useFBO=False, useRetina=False, viewOri=0.0, viewPos=None, viewScale=None, waitBlanking=False, winType='pyglet')
23.1917 	INFO 	Mouse: using default window
23.1920 	EXP 	window1: units = 'norm'
23.2684 	EXP 	Created unnamed ImageStim = ImageStim(autoLog=True, color=array([ 1.,  1.,  1.]), colorSpace='rgb', contrast=1.0, depth=0, flipHoriz=False, flipVert=False, image=str(...), interpolate=False, mask=None, maskParams=None, name='unnamed ImageStim', opacity=1.0, ori=0.0, pos=array([-0.5,  0. ]), size=array([ 1.290625  ,  3.24814815]), texRes=128, units='norm', win=Window(...))
23.3437 	EXP 	Created unnamed ImageStim = ImageStim(autoLog=True, color=array([ 1.,  1.,  1.]), colorSpace='rgb', contrast=1.0, depth=0, flipHoriz=False, flipVert=False, image=str(...), interpolate=False, mask=None, maskParams=None, name='unnamed ImageStim', opacity=1.0, ori=0.0, pos=array([ 0.5,  0. ]), size=array([ 1.290625  ,  3.24814815]), texRes=128, units='norm', win=Window(...))
23.3592 	EXP 	Created OKrespZone = GratingStim(autoDraw=False, autoLog=True, color=array([ 1. ,  0.5,  0.5]), colorSpace='rgb', contrast=1.0, depth=0, interpolate=False, mask='gauss', maskParams=None, name='OKrespZone', opacity=1.0, ori=0.0, phase=array([ 0.,  0.]), pos=array([-0.2 , -0.92]), rgbPedestal=array([ 0.,  0.,  0.]), sf=array([ 0.,  0.]), size=array([ 2.3,  0.2]), tex='sin', texRes=256, units='norm', win=Window(...))
23.5073 	EXP 	unnamed ImageStim: size = (1, 2)
23.5073 	EXP 	unnamed ImageStim: size = (1, 2)
29.4555 	DATA 	Mouse: Left button down, pos=(878,47)
29.4717 	EXP 	window1: units = 'deg'
29.4724 	EXP 	window1: units = 'norm'
29.4916 	EXP 	Created OKrespZone = GratingStim(autoDraw=False, autoLog=True, color=array([ 1. ,  0.5,  0.5]), colorSpace='rgb', contrast=1.0, depth=0, interpolate=False, mask='gauss', maskParams=None, name='OKrespZone', opacity=1.0, ori=0.0, phase=array([ 0.,  0.]), pos=array([-0.2 , -0.92]), rgbPedestal=array([ 0.,  0.,  0.]), sf=array([ 0.,  0.]), size=array([ 2.3,  0.2]), tex='sin', texRes=256, units='norm', win=Window(...))
29.5641 	EXP 	Created unnamed ImageStim = ImageStim(autoLog=True, color=array([ 1.,  1.,  1.]), colorSpace='rgb', contrast=1.0, depth=0, flipHoriz=False, flipVert=False, image='abgdj\\PISandConsentForm\\consentForm.png', interpolate=False, mask=None, maskParams=None, name='unnamed ImageStim', opacity=1.0, ori=0.0, pos=array([ 0.,  0.]), size=array([ 1.3375    ,  2.97407407]), texRes=128, units='norm', win=Window(...))
29.6010 	EXP 	Created unnamed GratingStim = GratingStim(autoDraw=False, autoLog=True, color=array([ 1. ,  0.5,  0.5]), colorSpace='rgb', contrast=1.0, depth=0, interpolate=False, mask='gauss', maskParams=None, name='unnamed GratingStim', opacity=1.0, ori=0.0, phase=array([ 0.,  0.]), pos=array([-0.2 , -0.42]), rgbPedestal=array([ 0.,  0.,  0.]), sf=array([ 0.,  0.]), size=array([ 0.3,  0.2]), tex='sin', texRes=256, units='norm', win=Window(...))
29.6312 	EXP 	Created unnamed GratingStim = GratingStim(autoDraw=False, autoLog=True, color=array([ 1. ,  0.5,  0.5]), colorSpace='rgb', contrast=1.0, depth=0, interpolate=False, mask='gauss', maskParams=None, name='unnamed GratingStim', opacity=1.0, ori=0.0, phase=array([ 0.,  0.]), pos=array([ 0.1 , -0.42]), rgbPedestal=array([ 0.,  0.,  0.]), sf=array([ 0.,  0.]), size=array([ 0.3,  0.2]), tex='sin', texRes=256, units='norm', win=Window(...))
29.6503 	EXP 	Created unnamed GratingStim = GratingStim(autoDraw=False, autoLog=True, color=array([ 1. ,  0.5,  0.5]), colorSpace='rgb', contrast=1.0, depth=0, interpolate=False, mask='gauss', maskParams=None, name='unnamed GratingStim', opacity=1.0, ori=0.0, phase=array([ 0.,  0.]), pos=array([-0.2 , -0.72]), rgbPedestal=array([ 0.,  0.,  0.]), sf=array([ 0.,  0.]), size=array([ 0.3,  0.2]), tex='sin', texRes=256, units='norm', win=Window(...))
29.6683 	EXP 	Created unnamed GratingStim = GratingStim(autoDraw=False, autoLog=True, color=array([ 1. ,  0.5,  0.5]), colorSpace='rgb', contrast=1.0, depth=0, interpolate=False, mask='gauss', maskParams=None, name='unnamed GratingStim', opacity=1.0, ori=0.0, phase=array([ 0.,  0.]), pos=array([ 0.1 , -0.72]), rgbPedestal=array([ 0.,  0.,  0.]), sf=array([ 0.,  0.]), size=array([ 0.3,  0.2]), tex='sin', texRes=256, units='norm', win=Window(...))
29.6711 	DATA 	Mouse:  Left button up, pos=(878,47)
29.6774 	EXP 	unnamed ImageStim: size = (1.1, 2)
34.9886 	DATA 	Mouse: Left button down, pos=(787,312)
35.0883 	DATA 	Mouse:  Left button up, pos=(787,312)
35.8218 	DATA 	Mouse: Left button down, pos=(795,138)
35.9088 	DATA 	Mouse:  Left button up, pos=(795,138)
37.0386 	DATA 	Mouse: Left button down, pos=(782,25)
37.0548 	EXP 	window1: units = 'deg'
37.0598 	EXP 	window1: mouseVisible = True
60.9574 	EXP 	Created window1 = Window(allowGUI=False, allowStencil=False, autoLog=True, bitsMode=UNKNOWN, blendMode='avg', color=array([-0.7, -0.7, -0.7]), colorSpace='rgb', fullscr=UNKNOWN, gamma=None, lms=UNKNOWN, monitor=<psychopy.monitors.calibTools.Monitor object at 0x1ACD6170>, name='window1', pos=[0, 0], screen=0, size=array([1920, 1080]), stereo=False, units='deg', useFBO=False, useRetina=False, viewOri=0.0, viewPos=None, viewScale=None, waitBlanking=False, winType='pyglet')
65.2580 	INFO 	#[ PsychoPy2 RuntimeInfoStart ]
  #[[ PsychoPy ]] #---------
    psychopyVersion: 1.84.2
    psychopyHaveExtRush: True
  #[[ Experiment ]] #---------
    experimentAuthor: None
    experimentAuthVersion: None
    experimentRunTime: 2018_08_07 16:10 (Year_Month_Day Hour:Min)
    experimentRunTime.epoch: 1533622203
    experimentScript: psyc1002.py
    experimentScript.digestSHA1: 03993779484d600ea4c1b8cc2288f3d37a5025d5
    experimentScript.directory: U:\PSYC1002\abgdj
  #[[ System ]] #---------
    systemHaveInternetAccess: True
    systemHostName: W5FG0LG2
    systemLocale: English_Australia.1252
    systemMemFreeRAM: 4217.46875
    systemMemTotalRAM: 8076.9453125
    systemPlatform: windowsversion=sys.getwindowsversion(major=6, minor=2, build=9200, platform=2, service_pack='')
    systemPyo.InputDevices: {4: {'host api index': 2, 'latency': 0.008707483299076557, 'default sr': 44100, 'name': u'Realtek ASIO'}}
    systemPyo.OutputDevices: {0: {'host api index': 0, 'latency': 0.09000000357627869, 'default sr': 44100, 'name': u'Microsoft Sound Mapper - Output'}, 1: {'host api index': 0, 'latency': 0.09000000357627869, 'default sr': 44100, 'name': u'Speakers / Headphones (Realtek '}, 2: {'host api index': 1, 'latency': 0.11999999731779099, 'default sr': 44100, 'name': u'Primary Sound Driver'}, 3: {'host api index': 1, 'latency': 0.11999999731779099, 'default sr': 44100, 'name': u'Speakers / Headphones (Realtek High Definition Audio)'}, 4: {'host api index': 2, 'latency': 0.008707483299076557, 'default sr': 44100, 'name': u'Realtek ASIO'}, 5: {'host api index': 3, 'latency': 0.003000000026077032, 'default sr': 48000, 'name': u'Speakers / Headphones (Realtek High Definition Audio)'}}
    systemPyoVersion: 0.8.0
    systemRebooted: System Boot Time:          7/08/2018, 2:08:54 AM
    systemSec.pythonSSL: True
    systemTimeNumpySD1000000_sec: 0.0084
    systemUser: jwei7370
    systemUserID: 1000
    systemUserProcCmdPid: LabStatsUserSpace.exe dwm.exe TiWorker.exe CmRcService.exe nierserver.exe LabStatsClient.exe tagsrv.exe SearchUI.exe ApplicationFrameHost.exe OneDrive.exe nipxism.exe WmiPrvSE.exe niLxiDiscovery.exe SecurityHealthService.exe redirector.exe SearchProtocolHost.exe server_admin.exe pc-client.exe lkads.exe svchost.exe smartscreen.exe ni_usbmon.exe AGSService.exe System SISIDSService.exe SelfServicePlugin.exe explorer.exe smss.exe ApplicationWebServer.exe RuntimeBroker.exe acrotray.exe niauth_daemon.exe cmd.exe nidmsrv.exe Receiver.exe SISIPSService.exe lktsrv.exe lsass.exe python.exe RtkNGUI64.exe sisipsutil.exe AdobeUpdateService.exe armsvc.exe ssonsvr.exe concentr.exe nidevldu.exe taskhostw.exe ctfmon.exe RAVBg64.exe ''Memory Compression'' NIWebServiceContainer.exe nimxs.exe RtkAudioService64.exe SystemWebServer.exe tasklist.exe snowagent.exe CcmExec.exe SearchFilterHost.exe SmcGui.exe nicitdl5.exe ''System Idle Process'' services.exe niDiscSvc.exe sqlwriter.exe MSASCuiL.exe SCNotification.exe nimdnsResponder.exe server_runtime.exe sihost.exe spoolsv.exe wininit.exe winlogon.exe ShellExperienceHost.exe nidevmon.exe SearchIndexer.exe csrss.exe TrustedInstaller.exe audiodg.exe fontdrvhost.exe dllhost.exe unsecapp.exe ccSvcHst.exe wfcrun32.exe nisvcloc.exe server_eventlog.exe lkcitdl.exe AuthManSvr.exe conhost.exe
    systemUserProcCount: 180
    systemUserProcFlagged: Explorer
    systemUsersCount: False
  #[[ Window ]] #---------
    windowWinType: pyglet
    windowWaitBlanking: False
    windowUseNativeGamma: True
    windowUnits: deg
    windowSize_pix: [1920 1080]
    windowScreen: 0
    windowRgb: [-0.7 -0.7 -0.7]
    windowRefreshTimeSD_ms: 0.344
    windowRefreshTimeMedian_ms: 16.661
    windowRefreshTimeAvg_ms: 16.666
    windowRefreshThreshold_sec: 0.0199
    windowRecordFrameIntervals: False
    windowPos_pix: [0, 0]
    windowMonitor.name: testmonitor
    windowMonitor.getWidth_cm: 57.0
    windowMonitor.getLinearizeMethod: 1
    windowMonitor.getGammaGrid: [[  0.   1.   1.  nan  nan  nan]
 [  0.   1.   1.  nan  nan  nan]
 [  0.   1.   1.  nan  nan  nan]
 [  0.   1.   1.  nan  nan  nan]]
    windowMonitor.getDistance_cm: 57.0
    windowMonitor.gammaInterpolator2: None
    windowMonitor.gammaInterpolator: None
    windowMonitor.currentCalibName: 2018_08_07 16:09
    windowIsFullScr: True
    windowHaveShaders: True
    windowAllowGUI: False
  #[[ Python ]] #---------
    pythonWxVersion: 3.0.2.0 msw (classic)
    pythonVersion: 2.7.11
    pythonScipyVersion: 0.17.1
    pythonPygletVersion: 1.2.4
    pythonPygameVersion: 1.9.2pre
    pythonNumpyVersion: 1.11.0
    pythonMatplotlibVersion: 1.5.1
    pythonFullVersion: 2.7.11 (v2.7.11:6d1b6a68f775, Dec  5 2015, 20:32:19) [MSC v.1500 32 bit (Intel)]
    pythonExecutable: C:\Program Files (x86)\PsychoPy2\python.exe
  #[[ OpenGL ]] #---------
    openGLVersion: 4.4.0 - Build 20.19.15.4531
    openGLVendor: Intel
    openGLRenderingEngine: Intel(R) HD Graphics 530
    openGLmaxVerticesInVertexArray: 1048576
    False: openGLext.GL_STEREO
    True: openGLext.GL_EXT_framebuffer_object
    True: openGLext.GL_ARB_vertex_shader
    True: openGLext.GL_ARB_texture_non_power_of_two
    True: openGLext.GL_ARB_texture_float
    True: openGLext.GL_ARB_shader_objects
    True: openGLext.GL_ARB_multitexture
    True: openGLext.GL_ARB_fragment_program
#[ PsychoPy2 RuntimeInfoEnd ]

65.3061 	EXP 	window1: recordFrameIntervals = True
66.1393 	EXP 	window1: recordFrameIntervals = False
66.1402 	INFO 	Frames per second ~=59.9, which is close enough to desired val of 60.0
66.3378 	EXP 	Created sequence: random, trialTypes=12, nReps=30, seed=None
66.4771 	INFO 	Mouse: using default window
66.4981 	EXP 	Created OKrespZone = GratingStim(autoDraw=False, autoLog=True, color=array([ 1.,  1.,  1.]), colorSpace='rgb', contrast=1.0, depth=0, interpolate=False, mask='gauss', maskParams=None, name='OKrespZone', opacity=1.0, ori=0.0, phase=array([ 0.,  0.]), pos=array([ 0.  ,  0.88]), rgbPedestal=array([ 0.,  0.,  0.]), sf=array([ 0.,  0.]), size=array([ 2. ,  0.2]), tex='sin', texRes=256, units='norm', win=Window(...))
95.4273 	DATA 	Mouse: Left button down, pos=(141,958)
95.5949 	DATA 	Mouse:  Left button up, pos=(141,958)
101.8829 	DATA 	Mouse: wheel shift=(0,1), pos=(166,303)
102.6511 	DATA 	Mouse: Left button down, pos=(116,179)
102.8028 	DATA 	Mouse:  Left button up, pos=(116,179)
129.7391 	DATA 	Mouse: Left button down, pos=(345,466)
129.9149 	DATA 	Mouse:  Left button up, pos=(345,466)
131.8033 	DATA 	Mouse: Left button down, pos=(152,734)
131.8988 	DATA 	Mouse:  Left button up, pos=(152,734)
143.5562 	DATA 	Mouse: Left button down, pos=(567,334)
143.9308 	DATA 	Mouse:  Left button up, pos=(567,334)
153.1230 	DATA 	Mouse: Left button down, pos=(560,260)
153.9388 	DATA 	Mouse:  Left button up, pos=(560,260)
162.6519 	DATA 	Mouse: Left button down, pos=(945,886)
162.7789 	DATA 	Mouse:  Left button up, pos=(945,886)
171.8912 	DATA 	Mouse: Left button down, pos=(975,253)
171.9868 	DATA 	Mouse:  Left button up, pos=(975,253)
179.6362 	DATA 	Mouse: Left button down, pos=(1142,254)
179.8109 	DATA 	Mouse:  Left button up, pos=(1142,254)
182.1240 	DATA 	Mouse: Left button down, pos=(1144,393)
182.1835 	DATA 	Mouse:  Left button up, pos=(1144,393)
192.0760 	DATA 	Mouse: Left button down, pos=(1360,400)
192.1629 	DATA 	Mouse:  Left button up, pos=(1360,400)
192.8670 	DATA 	Mouse: Left button down, pos=(1362,332)
192.9316 	DATA 	Mouse:  Left button up, pos=(1362,332)
201.1881 	DATA 	Mouse: Left button down, pos=(1590,877)
201.3628 	DATA 	Mouse:  Left button up, pos=(1590,877)
202.6190 	DATA 	Mouse: Left button down, pos=(1729,676)
202.7229 	DATA 	Mouse:  Left button up, pos=(1729,676)
208.6672 	DATA 	Mouse: Left button down, pos=(1752,185)
208.7467 	DATA 	Mouse:  Left button up, pos=(1752,185)
211.4675 	DATA 	Mouse: Left button down, pos=(809,1004)
211.5059 	INFO 	Experiment will have 360 trials. Letters will be drawn with superposed noise of 0.00%
211.5198 	EXP 	New trial (rep=0, index=0): {'leftStreamFlip': False, 'oneTarget': False, 'trialInstructionPos': (0, 1), 'probe': 'both', 'rightStreamFlip': False, 'horizVert': False, 'ISIframes': 2, 'rightResponseFirst': True}
211.5199 	INFO 	Starting main part of experiment
211.5413 	DATA 	Mouse:  Left button up, pos=(809,1004)
212.7051 	INFO 	numtrials=360 and this trialDurFrames=28 or 466.666666667 ms  task=T1
214.8222 	EXP 	window1: recordFrameIntervals = False
214.8326 	INFO 	Mouse: using default window
217.1737 	DATA 	Keypress: u
219.5086 	DATA 	Keypress: s
221.8720 	DATA 	Keypress: k
222.0522 	EXP 	New trial (rep=0, index=1): {'leftStreamFlip': False, 'oneTarget': False, 'trialInstructionPos': (0, 1), 'probe': 'both', 'rightStreamFlip': False, 'horizVert': False, 'ISIframes': 2, 'rightResponseFirst': False}
228.8054 	DATA 	Mouse: Left button down, pos=(990,494)
228.9554 	DATA 	Mouse:  Left button up, pos=(990,494)
231.5717 	INFO 	numtrials=360 and this trialDurFrames=22 or 366.666666667 ms  task=T1
233.3551 	EXP 	window1: recordFrameIntervals = False
233.3628 	INFO 	Mouse: using default window
235.7886 	DATA 	Keypress: c
237.8720 	DATA 	Keypress: r
239.3886 	DATA 	Keypress: y
239.5340 	EXP 	New trial (rep=0, index=2): {'leftStreamFlip': False, 'oneTarget': False, 'trialInstructionPos': (0, -1), 'probe': 'both', 'rightStreamFlip': False, 'horizVert': False, 'ISIframes': 2, 'rightResponseFirst': True}
239.5555 	INFO 	numtrials=360 and this trialDurFrames=18 or 300.0 ms  task=T1
241.3888 	EXP 	window1: recordFrameIntervals = False
241.3969 	INFO 	Mouse: using default window
243.4387 	DATA 	Keypress: e
244.6886 	DATA 	Keypress: s
246.2221 	DATA 	Keypress: f
246.3621 	EXP 	New trial (rep=0, index=3): {'leftStreamFlip': False, 'oneTarget': False, 'trialInstructionPos': (0, 1), 'probe': 'both', 'rightStreamFlip': False, 'horizVert': False, 'ISIframes': 2, 'rightResponseFirst': True}
246.3713 	INFO 	numtrials=360 and this trialDurFrames=18 or 300.0 ms  task=T1
247.8052 	EXP 	window1: recordFrameIntervals = False
247.8129 	INFO 	Mouse: using default window
249.5220 	DATA 	Keypress: u
251.6889 	DATA 	Keypress: n
253.0887 	DATA 	Keypress: s
253.2313 	EXP 	New trial (rep=0, index=4): {'leftStreamFlip': False, 'oneTarget': False, 'trialInstructionPos': (0, -1), 'probe': 'both', 'rightStreamFlip': False, 'horizVert': False, 'ISIframes': 2, 'rightResponseFirst': False}
261.5886 	INFO 	numtrials=360 and this trialDurFrames=14 or 233.333333333 ms  task=T1
262.8557 	EXP 	window1: recordFrameIntervals = False
262.8643 	INFO 	Mouse: using default window
264.6386 	DATA 	Keypress: n
265.9054 	DATA 	Keypress: c
266.8056 	DATA 	Keypress: c
266.9517 	EXP 	New trial (rep=0, index=5): {'leftStreamFlip': False, 'oneTarget': False, 'trialInstructionPos': (0, -1), 'probe': 'both', 'rightStreamFlip': False, 'horizVert': False, 'ISIframes': 2, 'rightResponseFirst': False}
266.9714 	INFO 	numtrials=360 and this trialDurFrames=4 or 66.6666666667 ms  task=T1
268.0551 	EXP 	window1: recordFrameIntervals = False
268.0632 	INFO 	Mouse: using default window
270.6552 	DATA 	Keypress: m
271.9226 	DATA 	Keypress: t
272.7403 	DATA 	Keypress: a
272.8969 	EXP 	New trial (rep=0, index=6): {'leftStreamFlip': False, 'oneTarget': False, 'trialInstructionPos': (0, -1), 'probe': 'both', 'rightStreamFlip': False, 'horizVert': False, 'ISIframes': 2, 'rightResponseFirst': False}
272.9213 	INFO 	numtrials=360 and this trialDurFrames=4 or 66.6666666667 ms  task=T1
274.0884 	EXP 	window1: recordFrameIntervals = False
274.0967 	INFO 	Mouse: using default window
275.6553 	DATA 	Keypress: s
277.4387 	DATA 	Keypress: t
278.5887 	DATA 	Keypress: j
278.7297 	EXP 	New trial (rep=0, index=7): {'leftStreamFlip': False, 'oneTarget': False, 'trialInstructionPos': (0, 1), 'probe': 'both', 'rightStreamFlip': False, 'horizVert': False, 'ISIframes': 2, 'rightResponseFirst': True}
278.7551 	INFO 	numtrials=360 and this trialDurFrames=3 or 50.0 ms  task=T1
279.7218 	EXP 	window1: recordFrameIntervals = False
279.7308 	INFO 	Mouse: using default window
284.3220 	DATA 	Keypress: y
286.5720 	DATA 	Keypress: c
287.7386 	DATA 	Keypress: y
287.8803 	EXP 	New trial (rep=0, index=8): {'leftStreamFlip': False, 'oneTarget': False, 'trialInstructionPos': (0, 1), 'probe': 'both', 'rightStreamFlip': False, 'horizVert': False, 'ISIframes': 2, 'rightResponseFirst': False}
287.9047 	INFO 	numtrials=360 and this trialDurFrames=4 or 66.6666666667 ms  task=T1
288.9053 	EXP 	window1: recordFrameIntervals = False
288.9141 	INFO 	Mouse: using default window
290.3238 	DATA 	Keypress: z
291.2553 	DATA 	Keypress: z
291.9555 	DATA 	Keypress: z
292.0943 	EXP 	New trial (rep=0, index=9): {'leftStreamFlip': False, 'oneTarget': False, 'trialInstructionPos': (0, -1), 'probe': 'both', 'rightStreamFlip': False, 'horizVert': False, 'ISIframes': 2, 'rightResponseFirst': True}
292.1214 	INFO 	numtrials=360 and this trialDurFrames=4 or 66.6666666667 ms  task=T1
293.1218 	EXP 	window1: recordFrameIntervals = False
293.1301 	INFO 	Mouse: using default window
295.5054 	DATA 	Keypress: r
297.2220 	DATA 	Keypress: f
298.1403 	DATA 	Keypress: z
298.2799 	EXP 	New trial (rep=0, index=10): {'leftStreamFlip': False, 'oneTarget': False, 'trialInstructionPos': (0, 1), 'probe': 'both', 'rightStreamFlip': False, 'horizVert': False, 'ISIframes': 2, 'rightResponseFirst': False}
298.3049 	INFO 	numtrials=360 and this trialDurFrames=3 or 50.0 ms  task=T1
299.4219 	EXP 	window1: recordFrameIntervals = False
299.4302 	INFO 	Mouse: using default window
302.8220 	DATA 	Keypress: s
305.0887 	DATA 	Keypress: f
306.6892 	DATA 	Keypress: j
306.8299 	EXP 	New trial (rep=0, index=11): {'leftStreamFlip': False, 'oneTarget': False, 'trialInstructionPos': (0, -1), 'probe': 'both', 'rightStreamFlip': False, 'horizVert': False, 'ISIframes': 2, 'rightResponseFirst': True}
306.8548 	INFO 	numtrials=360 and this trialDurFrames=4 or 66.6666666667 ms  task=T1
308.0218 	EXP 	window1: recordFrameIntervals = False
308.0301 	INFO 	Mouse: using default window
310.3250 	DATA 	Keypress: k
314.1054 	DATA 	Keypress: f
315.8554 	DATA 	Keypress: h
315.9935 	EXP 	New trial (rep=1, index=0): {'leftStreamFlip': False, 'oneTarget': False, 'trialInstructionPos': (0, 1), 'probe': 'both', 'rightStreamFlip': False, 'horizVert': False, 'ISIframes': 2, 'rightResponseFirst': False}
316.0048 	INFO 	numtrials=360 and this trialDurFrames=4 or 66.6666666667 ms  task=T1
317.1886 	EXP 	window1: recordFrameIntervals = False
317.1969 	INFO 	Mouse: using default window
319.8060 	DATA 	Keypress: f
321.1892 	DATA 	Keypress: y
322.2723 	DATA 	Keypress: r
322.4140 	EXP 	New trial (rep=1, index=1): {'leftStreamFlip': False, 'oneTarget': False, 'trialInstructionPos': (0, -1), 'probe': 'both', 'rightStreamFlip': False, 'horizVert': False, 'ISIframes': 2, 'rightResponseFirst': False}
322.4383 	INFO 	numtrials=360 and this trialDurFrames=4 or 66.6666666667 ms  task=T1
323.4219 	EXP 	window1: recordFrameIntervals = False
323.4302 	INFO 	Mouse: using default window
326.0887 	DATA 	Keypress: g
328.5387 	DATA 	Keypress: n
329.3220 	DATA 	Keypress: f
329.4612 	EXP 	New trial (rep=1, index=2): {'leftStreamFlip': False, 'oneTarget': False, 'trialInstructionPos': (0, 1), 'probe': 'both', 'rightStreamFlip': False, 'horizVert': False, 'ISIframes': 2, 'rightResponseFirst': False}
329.4730 	INFO 	numtrials=360 and this trialDurFrames=4 or 66.6666666667 ms  task=T1
330.5387 	EXP 	window1: recordFrameIntervals = False
330.5466 	INFO 	Mouse: using default window
332.9894 	DATA 	Keypress: g
336.4221 	DATA 	Keypress: n
337.2387 	DATA 	Keypress: t
337.3794 	EXP 	New trial (rep=1, index=3): {'leftStreamFlip': False, 'oneTarget': False, 'trialInstructionPos': (0, 1), 'probe': 'both', 'rightStreamFlip': False, 'horizVert': False, 'ISIframes': 2, 'rightResponseFirst': True}
337.4048 	INFO 	numtrials=360 and this trialDurFrames=4 or 66.6666666667 ms  task=T1
338.5885 	EXP 	window1: recordFrameIntervals = False
338.5968 	INFO 	Mouse: using default window
341.0888 	DATA 	Keypress: h
342.7054 	DATA 	Keypress: k
343.6054 	DATA 	Keypress: y
343.7460 	EXP 	New trial (rep=1, index=4): {'leftStreamFlip': False, 'oneTarget': False, 'trialInstructionPos': (0, 1), 'probe': 'both', 'rightStreamFlip': False, 'horizVert': False, 'ISIframes': 2, 'rightResponseFirst': False}
343.7714 	INFO 	numtrials=360 and this trialDurFrames=4 or 66.6666666667 ms  task=T1
344.9719 	EXP 	window1: recordFrameIntervals = False
344.9800 	INFO 	Mouse: using default window
347.0887 	DATA 	Keypress: z
348.4054 	DATA 	Keypress: t
349.1389 	DATA 	Keypress: n
349.2824 	EXP 	New trial (rep=1, index=5): {'leftStreamFlip': False, 'oneTarget': False, 'trialInstructionPos': (0, -1), 'probe': 'both', 'rightStreamFlip': False, 'horizVert': False, 'ISIframes': 2, 'rightResponseFirst': False}
349.3047 	INFO 	numtrials=360 and this trialDurFrames=4 or 66.6666666667 ms  task=T1
350.4219 	EXP 	window1: recordFrameIntervals = False
350.4301 	INFO 	Mouse: using default window
353.0554 	DATA 	Keypress: h
355.0894 	DATA 	Keypress: a
355.8387 	DATA 	Keypress: c
355.9798 	EXP 	New trial (rep=1, index=6): {'leftStreamFlip': False, 'oneTarget': False, 'trialInstructionPos': (0, 1), 'probe': 'both', 'rightStreamFlip': False, 'horizVert': False, 'ISIframes': 2, 'rightResponseFirst': True}
356.0046 	INFO 	numtrials=360 and this trialDurFrames=4 or 66.6666666667 ms  task=T1
357.2052 	EXP 	window1: recordFrameIntervals = False
357.2136 	INFO 	Mouse: using default window
359.1247 	DATA 	Keypress: m
363.7890 	DATA 	Keypress: s
364.5221 	DATA 	Keypress: y
364.6674 	EXP 	New trial (rep=1, index=7): {'leftStreamFlip': False, 'oneTarget': False, 'trialInstructionPos': (0, -1), 'probe': 'both', 'rightStreamFlip': False, 'horizVert': False, 'ISIframes': 2, 'rightResponseFirst': False}
364.6884 	INFO 	numtrials=360 and this trialDurFrames=3 or 50.0 ms  task=T1
365.8053 	EXP 	window1: recordFrameIntervals = False
365.8135 	INFO 	Mouse: using default window
368.8221 	DATA 	Keypress: h
370.6721 	DATA 	Keypress: s
371.4723 	DATA 	Keypress: y
371.6116 	EXP 	New trial (rep=1, index=8): {'leftStreamFlip': False, 'oneTarget': False, 'trialInstructionPos': (0, -1), 'probe': 'both', 'rightStreamFlip': False, 'horizVert': False, 'ISIframes': 2, 'rightResponseFirst': True}
371.6384 	INFO 	numtrials=360 and this trialDurFrames=3 or 50.0 ms  task=T1
372.7385 	EXP 	window1: recordFrameIntervals = False
372.7468 	INFO 	Mouse: using default window
377.4887 	DATA 	Keypress: y
381.3555 	DATA 	Keypress: s
382.1222 	DATA 	Keypress: h
382.2647 	EXP 	New trial (rep=1, index=9): {'leftStreamFlip': False, 'oneTarget': False, 'trialInstructionPos': (0, -1), 'probe': 'both', 'rightStreamFlip': False, 'horizVert': False, 'ISIframes': 2, 'rightResponseFirst': True}
382.2881 	INFO 	numtrials=360 and this trialDurFrames=3 or 50.0 ms  task=T1
383.4052 	EXP 	window1: recordFrameIntervals = False
383.4138 	INFO 	Mouse: using default window
386.6723 	DATA 	Keypress: c
388.4057 	DATA 	Keypress: h
389.0221 	DATA 	Keypress: s
389.1650 	EXP 	New trial (rep=1, index=10): {'leftStreamFlip': False, 'oneTarget': False, 'trialInstructionPos': (0, -1), 'probe': 'both', 'rightStreamFlip': False, 'horizVert': False, 'ISIframes': 2, 'rightResponseFirst': True}
389.1882 	INFO 	numtrials=360 and this trialDurFrames=4 or 66.6666666667 ms  task=T1
390.2886 	EXP 	window1: recordFrameIntervals = False
390.2973 	INFO 	Mouse: using default window
393.3559 	DATA 	Keypress: h
394.7889 	DATA 	Keypress: k
395.6226 	DATA 	Keypress: a
395.7615 	EXP 	New trial (rep=1, index=11): {'leftStreamFlip': False, 'oneTarget': False, 'trialInstructionPos': (0, 1), 'probe': 'both', 'rightStreamFlip': False, 'horizVert': False, 'ISIframes': 2, 'rightResponseFirst': True}
395.7877 	INFO 	numtrials=360 and this trialDurFrames=4 or 66.6666666667 ms  task=T1
396.7886 	EXP 	window1: recordFrameIntervals = False
396.7964 	INFO 	Mouse: using default window
401.6055 	DATA 	Keypress: y
404.2056 	DATA 	Keypress: s
405.2554 	DATA 	Keypress: h
405.3954 	EXP 	New trial (rep=2, index=0): {'leftStreamFlip': False, 'oneTarget': False, 'trialInstructionPos': (0, -1), 'probe': 'both', 'rightStreamFlip': False, 'horizVert': False, 'ISIframes': 2, 'rightResponseFirst': False}
405.4218 	INFO 	numtrials=360 and this trialDurFrames=4 or 66.6666666667 ms  task=T1
406.4386 	EXP 	window1: recordFrameIntervals = False
406.4468 	INFO 	Mouse: using default window
408.8056 	DATA 	Keypress: m
410.5555 	DATA 	Keypress: k
410.9888 	DATA 	Keypress: z
411.1283 	EXP 	New trial (rep=2, index=1): {'leftStreamFlip': False, 'oneTarget': False, 'trialInstructionPos': (0, -1), 'probe': 'both', 'rightStreamFlip': False, 'horizVert': False, 'ISIframes': 2, 'rightResponseFirst': True}
411.1383 	INFO 	numtrials=360 and this trialDurFrames=4 or 66.6666666667 ms  task=T1
412.2886 	EXP 	window1: recordFrameIntervals = False
412.2969 	INFO 	Mouse: using default window
413.8561 	DATA 	Keypress: g
415.2388 	DATA 	Keypress: g
416.4221 	DATA 	Keypress: h
416.5684 	EXP 	New trial (rep=2, index=2): {'leftStreamFlip': False, 'oneTarget': False, 'trialInstructionPos': (0, 1), 'probe': 'both', 'rightStreamFlip': False, 'horizVert': False, 'ISIframes': 2, 'rightResponseFirst': False}
416.5881 	INFO 	numtrials=360 and this trialDurFrames=4 or 66.6666666667 ms  task=T1
417.7553 	EXP 	window1: recordFrameIntervals = False
417.7633 	INFO 	Mouse: using default window
419.8055 	DATA 	Keypress: k
421.7894 	DATA 	Keypress: s
423.2223 	DATA 	Keypress: g
423.3619 	EXP 	New trial (rep=2, index=3): {'leftStreamFlip': False, 'oneTarget': False, 'trialInstructionPos': (0, 1), 'probe': 'both', 'rightStreamFlip': False, 'horizVert': False, 'ISIframes': 2, 'rightResponseFirst': False}
423.3883 	INFO 	numtrials=360 and this trialDurFrames=4 or 66.6666666667 ms  task=T1
424.4720 	EXP 	window1: recordFrameIntervals = False
424.4803 	INFO 	Mouse: using default window
427.3055 	DATA 	Keypress: m
428.2055 	DATA 	Keypress: s
428.8056 	DATA 	Keypress: h
428.9460 	EXP 	New trial (rep=2, index=4): {'leftStreamFlip': False, 'oneTarget': False, 'trialInstructionPos': (0, 1), 'probe': 'both', 'rightStreamFlip': False, 'horizVert': False, 'ISIframes': 2, 'rightResponseFirst': True}
428.9719 	INFO 	numtrials=360 and this trialDurFrames=3 or 50.0 ms  task=T1
430.1553 	EXP 	window1: recordFrameIntervals = False
430.1639 	INFO 	Mouse: using default window
434.7890 	DATA 	Keypress: j
435.1557 	DATA 	Keypress: s
435.9890 	DATA 	Keypress: k
436.1294 	EXP 	New trial (rep=2, index=5): {'leftStreamFlip': False, 'oneTarget': False, 'trialInstructionPos': (0, 1), 'probe': 'both', 'rightStreamFlip': False, 'horizVert': False, 'ISIframes': 2, 'rightResponseFirst': True}
436.1549 	INFO 	numtrials=360 and this trialDurFrames=3 or 50.0 ms  task=T1
437.2054 	EXP 	window1: recordFrameIntervals = False
437.2137 	INFO 	Mouse: using default window
439.4222 	DATA 	Keypress: e
440.7723 	DATA 	Keypress: k
441.4390 	DATA 	Keypress: a
441.5798 	EXP 	New trial (rep=2, index=6): {'leftStreamFlip': False, 'oneTarget': False, 'trialInstructionPos': (0, -1), 'probe': 'both', 'rightStreamFlip': False, 'horizVert': False, 'ISIframes': 2, 'rightResponseFirst': False}
441.6051 	INFO 	numtrials=360 and this trialDurFrames=3 or 50.0 ms  task=T1
442.7053 	EXP 	window1: recordFrameIntervals = False
442.7135 	INFO 	Mouse: using default window
447.5055 	DATA 	Keypress: a
449.0388 	DATA 	Keypress: k
450.0224 	DATA 	Keypress: m
450.1623 	EXP 	New trial (rep=2, index=7): {'leftStreamFlip': False, 'oneTarget': False, 'trialInstructionPos': (0, 1), 'probe': 'both', 'rightStreamFlip': False, 'horizVert': False, 'ISIframes': 2, 'rightResponseFirst': False}
450.1884 	INFO 	numtrials=360 and this trialDurFrames=3 or 50.0 ms  task=T1
451.2554 	EXP 	window1: recordFrameIntervals = False
451.2637 	INFO 	Mouse: using default window
454.3890 	DATA 	Keypress: a
455.7727 	DATA 	Keypress: y
456.9055 	DATA 	Keypress: a
457.0458 	EXP 	New trial (rep=2, index=8): {'leftStreamFlip': False, 'oneTarget': False, 'trialInstructionPos': (0, 1), 'probe': 'both', 'rightStreamFlip': False, 'horizVert': False, 'ISIframes': 2, 'rightResponseFirst': True}
457.0719 	INFO 	numtrials=360 and this trialDurFrames=3 or 50.0 ms  task=T1
458.0386 	EXP 	window1: recordFrameIntervals = False
458.0470 	INFO 	Mouse: using default window
460.3240 	DATA 	Keypress: j
462.0889 	DATA 	Keypress: f
462.5888 	DATA 	Keypress: y
462.7278 	EXP 	New trial (rep=2, index=9): {'leftStreamFlip': False, 'oneTarget': False, 'trialInstructionPos': (0, -1), 'probe': 'both', 'rightStreamFlip': False, 'horizVert': False, 'ISIframes': 2, 'rightResponseFirst': True}
462.7547 	INFO 	numtrials=360 and this trialDurFrames=4 or 66.6666666667 ms  task=T1
463.9559 	EXP 	window1: recordFrameIntervals = False
463.9645 	INFO 	Mouse: using default window
466.0059 	DATA 	Keypress: g
468.1222 	DATA 	Keypress: f
469.5229 	DATA 	Keypress: m
469.6633 	EXP 	New trial (rep=2, index=10): {'leftStreamFlip': False, 'oneTarget': False, 'trialInstructionPos': (0, -1), 'probe': 'both', 'rightStreamFlip': False, 'horizVert': False, 'ISIframes': 2, 'rightResponseFirst': False}
469.6887 	INFO 	numtrials=360 and this trialDurFrames=4 or 66.6666666667 ms  task=T1
470.7887 	EXP 	window1: recordFrameIntervals = False
470.7969 	INFO 	Mouse: using default window
474.0390 	DATA 	Keypress: g
475.9222 	DATA 	Keypress: k
476.6058 	DATA 	Keypress: j
476.7451 	EXP 	New trial (rep=2, index=11): {'leftStreamFlip': False, 'oneTarget': False, 'trialInstructionPos': (0, -1), 'probe': 'both', 'rightStreamFlip': False, 'horizVert': False, 'ISIframes': 2, 'rightResponseFirst': True}
476.7719 	INFO 	numtrials=360 and this trialDurFrames=3 or 50.0 ms  task=T1
477.8387 	EXP 	window1: recordFrameIntervals = False
477.8470 	INFO 	Mouse: using default window
481.6056 	DATA 	Keypress: c
483.1561 	DATA 	Keypress: j
483.7895 	DATA 	Keypress: m
483.9296 	EXP 	New trial (rep=3, index=0): {'leftStreamFlip': False, 'oneTarget': False, 'trialInstructionPos': (0, -1), 'probe': 'both', 'rightStreamFlip': False, 'horizVert': False, 'ISIframes': 2, 'rightResponseFirst': False}
483.9553 	INFO 	numtrials=360 and this trialDurFrames=3 or 50.0 ms  task=T1
484.9220 	EXP 	window1: recordFrameIntervals = False
484.9301 	INFO 	Mouse: using default window
487.3890 	DATA 	Keypress: s
488.4388 	DATA 	Keypress: k
489.1391 	DATA 	Keypress: e
489.2791 	EXP 	New trial (rep=3, index=1): {'leftStreamFlip': False, 'oneTarget': False, 'trialInstructionPos': (0, 1), 'probe': 'both', 'rightStreamFlip': False, 'horizVert': False, 'ISIframes': 2, 'rightResponseFirst': True}
489.3052 	INFO 	numtrials=360 and this trialDurFrames=3 or 50.0 ms  task=T1
490.3887 	EXP 	window1: recordFrameIntervals = False
490.3968 	INFO 	Mouse: using default window
496.7083 	DATA 	Keypress: s
498.4397 	DATA 	Keypress: e
499.5077 	DATA 	Keypress: g
499.6611 	EXP 	New trial (rep=3, index=2): {'leftStreamFlip': False, 'oneTarget': False, 'trialInstructionPos': (0, -1), 'probe': 'both', 'rightStreamFlip': False, 'horizVert': False, 'ISIframes': 2, 'rightResponseFirst': True}
499.6883 	INFO 	numtrials=360 and this trialDurFrames=3 or 50.0 ms  task=T1
500.7220 	EXP 	window1: recordFrameIntervals = False
500.7298 	INFO 	Mouse: using default window
505.1895 	DATA 	Keypress: g
506.5389 	DATA 	Keypress: s
507.9890 	DATA 	Keypress: g
508.1302 	EXP 	New trial (rep=3, index=3): {'leftStreamFlip': False, 'oneTarget': False, 'trialInstructionPos': (0, 1), 'probe': 'both', 'rightStreamFlip': False, 'horizVert': False, 'ISIframes': 2, 'rightResponseFirst': False}
508.1553 	INFO 	numtrials=360 and this trialDurFrames=3 or 50.0 ms  task=T1
509.2054 	EXP 	window1: recordFrameIntervals = False
509.2131 	INFO 	Mouse: using default window
519.7723 	DATA 	Keypress: g
521.6555 	DATA 	Keypress: s
523.5098 	DATA 	Keypress: g
523.6642 	EXP 	New trial (rep=3, index=4): {'leftStreamFlip': False, 'oneTarget': False, 'trialInstructionPos': (0, -1), 'probe': 'both', 'rightStreamFlip': False, 'horizVert': False, 'ISIframes': 2, 'rightResponseFirst': False}
523.6883 	INFO 	numtrials=360 and this trialDurFrames=4 or 66.6666666667 ms  task=T1
524.7888 	EXP 	window1: recordFrameIntervals = False
524.7969 	INFO 	Mouse: using default window
527.0890 	DATA 	Keypress: t
529.6056 	DATA 	Keypress: g
530.2223 	DATA 	Keypress: e
530.3630 	EXP 	New trial (rep=3, index=5): {'leftStreamFlip': False, 'oneTarget': False, 'trialInstructionPos': (0, -1), 'probe': 'both', 'rightStreamFlip': False, 'horizVert': False, 'ISIframes': 2, 'rightResponseFirst': True}
530.3886 	INFO 	numtrials=360 and this trialDurFrames=4 or 66.6666666667 ms  task=T1
531.4221 	EXP 	window1: recordFrameIntervals = False
531.4303 	INFO 	Mouse: using default window
533.9391 	DATA 	Keypress: h
535.0556 	DATA 	Keypress: y
536.3230 	DATA 	Keypress: s
536.4626 	EXP 	New trial (rep=3, index=6): {'leftStreamFlip': False, 'oneTarget': False, 'trialInstructionPos': (0, 1), 'probe': 'both', 'rightStreamFlip': False, 'horizVert': False, 'ISIframes': 2, 'rightResponseFirst': True}
536.4884 	INFO 	numtrials=360 and this trialDurFrames=3 or 50.0 ms  task=T1
537.5391 	EXP 	window1: recordFrameIntervals = False
537.5469 	INFO 	Mouse: using default window
540.2390 	DATA 	Keypress: f
544.4894 	DATA 	Keypress: g
545.9559 	DATA 	Keypress: a
546.0958 	EXP 	New trial (rep=3, index=7): {'leftStreamFlip': False, 'oneTarget': False, 'trialInstructionPos': (0, -1), 'probe': 'both', 'rightStreamFlip': False, 'horizVert': False, 'ISIframes': 2, 'rightResponseFirst': True}
546.1217 	INFO 	numtrials=360 and this trialDurFrames=3 or 50.0 ms  task=T1
547.0887 	EXP 	window1: recordFrameIntervals = False
547.0967 	INFO 	Mouse: using default window
550.6228 	DATA 	Keypress: g
552.2057 	DATA 	Keypress: c
552.9889 	DATA 	Keypress: a
553.1288 	EXP 	New trial (rep=3, index=8): {'leftStreamFlip': False, 'oneTarget': False, 'trialInstructionPos': (0, -1), 'probe': 'both', 'rightStreamFlip': False, 'horizVert': False, 'ISIframes': 2, 'rightResponseFirst': False}
553.1553 	INFO 	numtrials=360 and this trialDurFrames=3 or 50.0 ms  task=T1
554.3390 	EXP 	window1: recordFrameIntervals = False
554.3470 	INFO 	Mouse: using default window
555.9392 	DATA 	Keypress: y
556.6223 	DATA 	Keypress: s
557.1723 	DATA 	Keypress: s
557.3142 	EXP 	New trial (rep=3, index=9): {'leftStreamFlip': False, 'oneTarget': False, 'trialInstructionPos': (0, 1), 'probe': 'both', 'rightStreamFlip': False, 'horizVert': False, 'ISIframes': 2, 'rightResponseFirst': False}
557.3381 	INFO 	numtrials=360 and this trialDurFrames=3 or 50.0 ms  task=T1
558.5388 	EXP 	window1: recordFrameIntervals = False
558.5470 	INFO 	Mouse: using default window
561.1892 	DATA 	Keypress: g
562.6557 	DATA 	Keypress: f
563.5404 	DATA 	Keypress: g
563.6960 	EXP 	New trial (rep=3, index=10): {'leftStreamFlip': False, 'oneTarget': False, 'trialInstructionPos': (0, 1), 'probe': 'both', 'rightStreamFlip': False, 'horizVert': False, 'ISIframes': 2, 'rightResponseFirst': False}
563.7220 	INFO 	numtrials=360 and this trialDurFrames=3 or 50.0 ms  task=T1
564.8562 	EXP 	window1: recordFrameIntervals = False
564.8635 	INFO 	Mouse: using default window
567.6557 	DATA 	Keypress: s
570.0056 	DATA 	Keypress: f
571.0389 	DATA 	Keypress: g
571.1798 	EXP 	New trial (rep=3, index=11): {'leftStreamFlip': False, 'oneTarget': False, 'trialInstructionPos': (0, 1), 'probe': 'both', 'rightStreamFlip': False, 'horizVert': False, 'ISIframes': 2, 'rightResponseFirst': True}
571.2051 	INFO 	numtrials=360 and this trialDurFrames=3 or 50.0 ms  task=T1
572.3054 	EXP 	window1: recordFrameIntervals = False
572.3136 	INFO 	Mouse: using default window
575.9559 	DATA 	Keypress: f
577.5725 	DATA 	Keypress: a
580.0556 	DATA 	Keypress: h
580.1966 	EXP 	New trial (rep=4, index=0): {'leftStreamFlip': False, 'oneTarget': False, 'trialInstructionPos': (0, -1), 'probe': 'both', 'rightStreamFlip': False, 'horizVert': False, 'ISIframes': 2, 'rightResponseFirst': False}
580.2221 	INFO 	numtrials=360 and this trialDurFrames=3 or 50.0 ms  task=T1
581.3558 	EXP 	window1: recordFrameIntervals = False
581.3636 	INFO 	Mouse: using default window
584.3058 	DATA 	Keypress: j
586.1726 	DATA 	Keypress: k
587.0726 	DATA 	Keypress: e
587.2128 	EXP 	New trial (rep=4, index=1): {'leftStreamFlip': False, 'oneTarget': False, 'trialInstructionPos': (0, -1), 'probe': 'both', 'rightStreamFlip': False, 'horizVert': False, 'ISIframes': 2, 'rightResponseFirst': False}
587.2382 	INFO 	numtrials=360 and this trialDurFrames=3 or 50.0 ms  task=T1
588.4055 	EXP 	window1: recordFrameIntervals = False
588.4136 	INFO 	Mouse: using default window
590.9223 	DATA 	Keypress: f
592.4391 	DATA 	Keypress: e
593.1559 	DATA 	Keypress: c
593.2959 	EXP 	New trial (rep=4, index=2): {'leftStreamFlip': False, 'oneTarget': False, 'trialInstructionPos': (0, 1), 'probe': 'both', 'rightStreamFlip': False, 'horizVert': False, 'ISIframes': 2, 'rightResponseFirst': True}
593.3218 	INFO 	numtrials=360 and this trialDurFrames=3 or 50.0 ms  task=T1
594.3888 	EXP 	window1: recordFrameIntervals = False
594.3971 	INFO 	Mouse: using default window
597.2556 	DATA 	Keypress: n
598.9056 	DATA 	Keypress: g
599.4224 	DATA 	Keypress: f
599.5632 	EXP 	New trial (rep=4, index=3): {'leftStreamFlip': False, 'oneTarget': False, 'trialInstructionPos': (0, 1), 'probe': 'both', 'rightStreamFlip': False, 'horizVert': False, 'ISIframes': 2, 'rightResponseFirst': False}
599.5888 	INFO 	numtrials=360 and this trialDurFrames=3 or 50.0 ms  task=T1
600.6221 	EXP 	window1: recordFrameIntervals = False
600.6307 	INFO 	Mouse: using default window
603.5241 	DATA 	Keypress: z
604.7083 	DATA 	Keypress: g
605.3557 	DATA 	Keypress: m
605.4957 	EXP 	New trial (rep=4, index=4): {'leftStreamFlip': False, 'oneTarget': False, 'trialInstructionPos': (0, 1), 'probe': 'both', 'rightStreamFlip': False, 'horizVert': False, 'ISIframes': 2, 'rightResponseFirst': False}
605.5217 	INFO 	numtrials=360 and this trialDurFrames=3 or 50.0 ms  task=T1
606.6889 	EXP 	window1: recordFrameIntervals = False
606.6972 	INFO 	Mouse: using default window
609.5392 	DATA 	Keypress: g
611.8224 	DATA 	Keypress: u
612.3242 	DATA 	Keypress: n
612.4796 	EXP 	New trial (rep=4, index=5): {'leftStreamFlip': False, 'oneTarget': False, 'trialInstructionPos': (0, 1), 'probe': 'both', 'rightStreamFlip': False, 'horizVert': False, 'ISIframes': 2, 'rightResponseFirst': True}
612.5052 	INFO 	numtrials=360 and this trialDurFrames=3 or 50.0 ms  task=T1
613.6388 	EXP 	window1: recordFrameIntervals = False
613.6472 	INFO 	Mouse: using default window
617.1079 	DATA 	Keypress: n
618.2224 	DATA 	Keypress: a
619.2890 	DATA 	Keypress: g
619.4305 	EXP 	New trial (rep=4, index=6): {'leftStreamFlip': False, 'oneTarget': False, 'trialInstructionPos': (0, -1), 'probe': 'both', 'rightStreamFlip': False, 'horizVert': False, 'ISIframes': 2, 'rightResponseFirst': False}
619.4550 	INFO 	numtrials=360 and this trialDurFrames=3 or 50.0 ms  task=T1
620.4555 	EXP 	window1: recordFrameIntervals = False
620.4632 	INFO 	Mouse: using default window
623.8058 	DATA 	Keypress: n
625.8229 	DATA 	Keypress: k
627.4393 	DATA 	Keypress: y
627.6257 	EXP 	New trial (rep=4, index=7): {'leftStreamFlip': False, 'oneTarget': False, 'trialInstructionPos': (0, -1), 'probe': 'both', 'rightStreamFlip': False, 'horizVert': False, 'ISIframes': 2, 'rightResponseFirst': True}
627.6385 	INFO 	numtrials=360 and this trialDurFrames=3 or 50.0 ms  task=T1
628.6888 	EXP 	window1: recordFrameIntervals = False
628.6968 	INFO 	Mouse: using default window
631.4393 	DATA 	Keypress: a
633.0228 	DATA 	Keypress: y
633.4565 	DATA 	Keypress: m
633.5951 	EXP 	New trial (rep=4, index=8): {'leftStreamFlip': False, 'oneTarget': False, 'trialInstructionPos': (0, 1), 'probe': 'both', 'rightStreamFlip': False, 'horizVert': False, 'ISIframes': 2, 'rightResponseFirst': True}
633.6056 	INFO 	numtrials=360 and this trialDurFrames=3 or 50.0 ms  task=T1
634.7055 	EXP 	window1: recordFrameIntervals = False
634.7141 	INFO 	Mouse: using default window
637.1727 	DATA 	Keypress: m
638.3394 	DATA 	Keypress: a
639.0058 	DATA 	Keypress: y
639.1440 	EXP 	New trial (rep=4, index=9): {'leftStreamFlip': False, 'oneTarget': False, 'trialInstructionPos': (0, 1), 'probe': 'both', 'rightStreamFlip': False, 'horizVert': False, 'ISIframes': 2, 'rightResponseFirst': False}
639.1550 	INFO 	numtrials=360 and this trialDurFrames=3 or 50.0 ms  task=T1
640.1722 	EXP 	window1: recordFrameIntervals = False
640.1813 	INFO 	Mouse: using default window
643.0924 	DATA 	Keypress: m
645.0225 	DATA 	Keypress: g
645.4394 	DATA 	Keypress: a
645.5849 	EXP 	New trial (rep=4, index=10): {'leftStreamFlip': False, 'oneTarget': False, 'trialInstructionPos': (0, -1), 'probe': 'both', 'rightStreamFlip': False, 'horizVert': False, 'ISIframes': 2, 'rightResponseFirst': True}
645.6052 	INFO 	numtrials=360 and this trialDurFrames=3 or 50.0 ms  task=T1
646.7389 	EXP 	window1: recordFrameIntervals = False
646.7472 	INFO 	Mouse: using default window
649.2392 	DATA 	Keypress: t
651.0559 	DATA 	Keypress: s
652.0558 	DATA 	Keypress: y
652.1926 	EXP 	New trial (rep=4, index=11): {'leftStreamFlip': False, 'oneTarget': False, 'trialInstructionPos': (0, -1), 'probe': 'both', 'rightStreamFlip': False, 'horizVert': False, 'ISIframes': 2, 'rightResponseFirst': True}
652.2045 	INFO 	numtrials=360 and this trialDurFrames=3 or 50.0 ms  task=T1
653.2892 	EXP 	window1: recordFrameIntervals = False
653.2973 	INFO 	Mouse: using default window
655.5737 	DATA 	Keypress: z
657.4057 	DATA 	Keypress: c
657.9563 	DATA 	Keypress: y
658.1008 	EXP 	New trial (rep=5, index=0): {'leftStreamFlip': False, 'oneTarget': False, 'trialInstructionPos': (0, 1), 'probe': 'both', 'rightStreamFlip': False, 'horizVert': False, 'ISIframes': 2, 'rightResponseFirst': True}
658.1211 	INFO 	numtrials=360 and this trialDurFrames=3 or 50.0 ms  task=T1
659.2388 	EXP 	window1: recordFrameIntervals = False
659.2473 	INFO 	Mouse: using default window
662.4065 	DATA 	Keypress: t
663.6225 	DATA 	Keypress: u
664.4724 	DATA 	Keypress: y
664.6102 	EXP 	New trial (rep=5, index=1): {'leftStreamFlip': False, 'oneTarget': False, 'trialInstructionPos': (0, -1), 'probe': 'both', 'rightStreamFlip': False, 'horizVert': False, 'ISIframes': 2, 'rightResponseFirst': False}
664.6224 	INFO 	numtrials=360 and this trialDurFrames=3 or 50.0 ms  task=T1
665.6390 	EXP 	window1: recordFrameIntervals = False
665.6482 	INFO 	Mouse: using default window
671.1731 	DATA 	Keypress: y
672.4726 	DATA 	Keypress: m
673.3225 	DATA 	Keypress: z
673.4609 	EXP 	New trial (rep=5, index=2): {'leftStreamFlip': False, 'oneTarget': False, 'trialInstructionPos': (0, -1), 'probe': 'both', 'rightStreamFlip': False, 'horizVert': False, 'ISIframes': 2, 'rightResponseFirst': False}
673.4717 	INFO 	numtrials=360 and this trialDurFrames=3 or 50.0 ms  task=T1
674.6385 	EXP 	window1: recordFrameIntervals = False
674.6464 	INFO 	Mouse: using default window
682.1898 	DATA 	Keypress: u
683.8391 	DATA 	Keypress: z
685.4058 	DATA 	Keypress: y
685.5470 	EXP 	New trial (rep=5, index=3): {'leftStreamFlip': False, 'oneTarget': False, 'trialInstructionPos': (0, 1), 'probe': 'both', 'rightStreamFlip': False, 'horizVert': False, 'ISIframes': 2, 'rightResponseFirst': False}
685.5721 	INFO 	numtrials=360 and this trialDurFrames=3 or 50.0 ms  task=T1
686.5723 	EXP 	window1: recordFrameIntervals = False
686.5805 	INFO 	Mouse: using default window
689.2061 	DATA 	Keypress: g
690.3085 	DATA 	Keypress: g
690.7392 	DATA 	Keypress: h
690.8794 	EXP 	New trial (rep=5, index=4): {'leftStreamFlip': False, 'oneTarget': False, 'trialInstructionPos': (0, 1), 'probe': 'both', 'rightStreamFlip': False, 'horizVert': False, 'ISIframes': 2, 'rightResponseFirst': False}
690.9055 	INFO 	numtrials=360 and this trialDurFrames=3 or 50.0 ms  task=T1
692.0227 	EXP 	window1: recordFrameIntervals = False
692.0307 	INFO 	Mouse: using default window
699.1393 	DATA 	Keypress: h
700.2725 	DATA 	Keypress: g
702.0059 	DATA 	Keypress: g
702.1453 	EXP 	New trial (rep=5, index=5): {'leftStreamFlip': False, 'oneTarget': False, 'trialInstructionPos': (0, 1), 'probe': 'both', 'rightStreamFlip': False, 'horizVert': False, 'ISIframes': 2, 'rightResponseFirst': True}
702.1720 	INFO 	numtrials=360 and this trialDurFrames=3 or 50.0 ms  task=T1
703.2722 	EXP 	window1: recordFrameIntervals = False
703.2808 	INFO 	Mouse: using default window
710.7255 	DATA 	Keypress: g
711.0724 	DATA 	Keypress: y
712.6224 	DATA 	Keypress: g
712.7623 	EXP 	New trial (rep=5, index=6): {'leftStreamFlip': False, 'oneTarget': False, 'trialInstructionPos': (0, -1), 'probe': 'both', 'rightStreamFlip': False, 'horizVert': False, 'ISIframes': 2, 'rightResponseFirst': False}
712.7886 	INFO 	numtrials=360 and this trialDurFrames=3 or 50.0 ms  task=T1
713.8223 	EXP 	window1: recordFrameIntervals = False
713.8297 	INFO 	Mouse: using default window
721.0725 	DATA 	Keypress: e
721.9230 	DATA 	Keypress: h
727.1058 	DATA 	Keypress: y
727.2452 	EXP 	New trial (rep=5, index=7): {'leftStreamFlip': False, 'oneTarget': False, 'trialInstructionPos': (0, -1), 'probe': 'both', 'rightStreamFlip': False, 'horizVert': False, 'ISIframes': 2, 'rightResponseFirst': True}
727.2718 	INFO 	numtrials=360 and this trialDurFrames=3 or 50.0 ms  task=T1
728.3389 	EXP 	window1: recordFrameIntervals = False
728.3469 	INFO 	Mouse: using default window
730.6567 	DATA 	Keypress: a
731.9725 	DATA 	Keypress: m
732.1892 	DATA 	Keypress: z
732.3296 	EXP 	New trial (rep=5, index=8): {'leftStreamFlip': False, 'oneTarget': False, 'trialInstructionPos': (0, -1), 'probe': 'both', 'rightStreamFlip': False, 'horizVert': False, 'ISIframes': 2, 'rightResponseFirst': True}
732.3549 	INFO 	numtrials=360 and this trialDurFrames=3 or 50.0 ms  task=T1
733.5390 	EXP 	window1: recordFrameIntervals = False
733.5469 	INFO 	Mouse: using default window
735.3892 	DATA 	Keypress: a
736.3734 	DATA 	Keypress: n
737.6058 	DATA 	Keypress: y
737.7485 	EXP 	New trial (rep=5, index=9): {'leftStreamFlip': False, 'oneTarget': False, 'trialInstructionPos': (0, 1), 'probe': 'both', 'rightStreamFlip': False, 'horizVert': False, 'ISIframes': 2, 'rightResponseFirst': False}
737.7717 	INFO 	numtrials=360 and this trialDurFrames=3 or 50.0 ms  task=T1
738.7723 	EXP 	window1: recordFrameIntervals = False
738.7804 	INFO 	Mouse: using default window
741.9560 	DATA 	Keypress: a
743.6060 	DATA 	Keypress: n
744.4725 	DATA 	Keypress: y
744.6112 	EXP 	New trial (rep=5, index=10): {'leftStreamFlip': False, 'oneTarget': False, 'trialInstructionPos': (0, -1), 'probe': 'both', 'rightStreamFlip': False, 'horizVert': False, 'ISIframes': 2, 'rightResponseFirst': True}
744.6219 	INFO 	numtrials=360 and this trialDurFrames=3 or 50.0 ms  task=T1
745.6889 	EXP 	window1: recordFrameIntervals = False
745.6973 	INFO 	Mouse: using default window
752.9058 	DATA 	Keypress: a
753.9893 	DATA 	Keypress: v
754.1725 	DATA 	Keypress: y
754.3116 	EXP 	New trial (rep=5, index=11): {'leftStreamFlip': False, 'oneTarget': False, 'trialInstructionPos': (0, 1), 'probe': 'both', 'rightStreamFlip': False, 'horizVert': False, 'ISIframes': 2, 'rightResponseFirst': True}
754.3219 	INFO 	numtrials=360 and this trialDurFrames=4 or 66.6666666667 ms  task=T1
755.5223 	EXP 	window1: recordFrameIntervals = False
755.5305 	INFO 	Mouse: using default window
758.9393 	DATA 	Keypress: a
759.9561 	DATA 	Keypress: s
760.6558 	DATA 	Keypress: z
760.7970 	EXP 	New trial (rep=6, index=0): {'leftStreamFlip': False, 'oneTarget': False, 'trialInstructionPos': (0, -1), 'probe': 'both', 'rightStreamFlip': False, 'horizVert': False, 'ISIframes': 2, 'rightResponseFirst': False}
760.8220 	INFO 	numtrials=360 and this trialDurFrames=4 or 66.6666666667 ms  task=T1
761.8056 	EXP 	window1: recordFrameIntervals = False
761.8133 	INFO 	Mouse: using default window
764.4226 	DATA 	Keypress: e
765.4727 	DATA 	Keypress: f
767.4725 	DATA 	Keypress: g
767.6138 	EXP 	New trial (rep=6, index=1): {'leftStreamFlip': False, 'oneTarget': False, 'trialInstructionPos': (0, 1), 'probe': 'both', 'rightStreamFlip': False, 'horizVert': False, 'ISIframes': 2, 'rightResponseFirst': False}
767.6388 	INFO 	numtrials=360 and this trialDurFrames=4 or 66.6666666667 ms  task=T1
768.6723 	EXP 	window1: recordFrameIntervals = False
768.6806 	INFO 	Mouse: using default window
770.4893 	DATA 	Keypress: h
771.8560 	DATA 	Keypress: r
772.7394 	DATA 	Keypress: c
772.8797 	EXP 	New trial (rep=6, index=2): {'leftStreamFlip': False, 'oneTarget': False, 'trialInstructionPos': (0, 1), 'probe': 'both', 'rightStreamFlip': False, 'horizVert': False, 'ISIframes': 2, 'rightResponseFirst': False}
772.9053 	INFO 	numtrials=360 and this trialDurFrames=4 or 66.6666666667 ms  task=T1
774.0225 	EXP 	window1: recordFrameIntervals = False
774.0307 	INFO 	Mouse: using default window
776.3243 	DATA 	Keypress: m
778.0392 	DATA 	Keypress: m
778.8225 	DATA 	Keypress: t
778.9638 	EXP 	New trial (rep=6, index=3): {'leftStreamFlip': False, 'oneTarget': False, 'trialInstructionPos': (0, 1), 'probe': 'both', 'rightStreamFlip': False, 'horizVert': False, 'ISIframes': 2, 'rightResponseFirst': True}
778.9884 	INFO 	numtrials=360 and this trialDurFrames=4 or 66.6666666667 ms  task=T1
780.0723 	EXP 	window1: recordFrameIntervals = False
780.0805 	INFO 	Mouse: using default window
781.6561 	DATA 	Keypress: k
783.2059 	DATA 	Keypress: a
784.2915 	DATA 	Keypress: s
784.4460 	EXP 	New trial (rep=6, index=4): {'leftStreamFlip': False, 'oneTarget': False, 'trialInstructionPos': (0, -1), 'probe': 'both', 'rightStreamFlip': False, 'horizVert': False, 'ISIframes': 2, 'rightResponseFirst': True}
784.4720 	INFO 	numtrials=360 and this trialDurFrames=4 or 66.6666666667 ms  task=T1
785.4557 	EXP 	window1: recordFrameIntervals = False
785.4638 	INFO 	Mouse: using default window
788.3563 	DATA 	Keypress: g
789.9560 	DATA 	Keypress: e
790.8561 	DATA 	Keypress: t
790.9956 	EXP 	New trial (rep=6, index=5): {'leftStreamFlip': False, 'oneTarget': False, 'trialInstructionPos': (0, 1), 'probe': 'both', 'rightStreamFlip': False, 'horizVert': False, 'ISIframes': 2, 'rightResponseFirst': False}
791.0221 	INFO 	numtrials=360 and this trialDurFrames=3 or 50.0 ms  task=T1
792.1890 	EXP 	window1: recordFrameIntervals = False
792.1971 	INFO 	Mouse: using default window
795.0059 	DATA 	Keypress: f
796.7561 	DATA 	Keypress: g
797.7227 	DATA 	Keypress: z
797.8631 	EXP 	New trial (rep=6, index=6): {'leftStreamFlip': False, 'oneTarget': False, 'trialInstructionPos': (0, -1), 'probe': 'both', 'rightStreamFlip': False, 'horizVert': False, 'ISIframes': 2, 'rightResponseFirst': False}
797.8886 	INFO 	numtrials=360 and this trialDurFrames=3 or 50.0 ms  task=T1
798.8722 	EXP 	window1: recordFrameIntervals = False
798.8806 	INFO 	Mouse: using default window
800.7729 	DATA 	Keypress: k
802.2892 	DATA 	Keypress: j
803.0059 	DATA 	Keypress: a
803.1446 	EXP 	New trial (rep=6, index=7): {'leftStreamFlip': False, 'oneTarget': False, 'trialInstructionPos': (0, 1), 'probe': 'both', 'rightStreamFlip': False, 'horizVert': False, 'ISIframes': 2, 'rightResponseFirst': True}
803.1558 	INFO 	numtrials=360 and this trialDurFrames=3 or 50.0 ms  task=T1
804.2392 	EXP 	window1: recordFrameIntervals = False
804.2473 	INFO 	Mouse: using default window
806.4059 	DATA 	Keypress: y
807.7562 	DATA 	Keypress: u
808.6060 	DATA 	Keypress: a
808.7464 	EXP 	New trial (rep=6, index=8): {'leftStreamFlip': False, 'oneTarget': False, 'trialInstructionPos': (0, -1), 'probe': 'both', 'rightStreamFlip': False, 'horizVert': False, 'ISIframes': 2, 'rightResponseFirst': True}
808.7723 	INFO 	numtrials=360 and this trialDurFrames=3 or 50.0 ms  task=T1
809.8891 	EXP 	window1: recordFrameIntervals = False
809.8976 	INFO 	Mouse: using default window
811.9241 	DATA 	Keypress: f
813.4919 	DATA 	Keypress: g
814.3241 	DATA 	Keypress: m
814.4793 	EXP 	New trial (rep=6, index=9): {'leftStreamFlip': False, 'oneTarget': False, 'trialInstructionPos': (0, -1), 'probe': 'both', 'rightStreamFlip': False, 'horizVert': False, 'ISIframes': 2, 'rightResponseFirst': False}
814.5052 	INFO 	numtrials=360 and this trialDurFrames=3 or 50.0 ms  task=T1
815.6723 	EXP 	window1: recordFrameIntervals = False
815.6806 	INFO 	Mouse: using default window
817.4059 	DATA 	Keypress: s
818.6059 	DATA 	Keypress: j
819.5065 	DATA 	Keypress: a
819.6490 	EXP 	New trial (rep=6, index=10): {'leftStreamFlip': False, 'oneTarget': False, 'trialInstructionPos': (0, 1), 'probe': 'both', 'rightStreamFlip': False, 'horizVert': False, 'ISIframes': 2, 'rightResponseFirst': True}
819.6719 	INFO 	numtrials=360 and this trialDurFrames=3 or 50.0 ms  task=T1
820.6557 	EXP 	window1: recordFrameIntervals = False
820.6649 	INFO 	Mouse: using default window
823.1243 	DATA 	Keypress: g
825.8725 	DATA 	Keypress: g
827.3392 	DATA 	Keypress: a
827.4814 	EXP 	New trial (rep=6, index=11): {'leftStreamFlip': False, 'oneTarget': False, 'trialInstructionPos': (0, -1), 'probe': 'both', 'rightStreamFlip': False, 'horizVert': False, 'ISIframes': 2, 'rightResponseFirst': True}
827.5053 	INFO 	numtrials=360 and this trialDurFrames=4 or 66.6666666667 ms  task=T1
828.5392 	EXP 	window1: recordFrameIntervals = False
828.5473 	INFO 	Mouse: using default window
831.5077 	DATA 	Keypress: m
833.4900 	DATA 	Keypress: a
834.2559 	DATA 	Keypress: k
834.3957 	EXP 	New trial (rep=7, index=0): {'leftStreamFlip': False, 'oneTarget': False, 'trialInstructionPos': (0, -1), 'probe': 'both', 'rightStreamFlip': False, 'horizVert': False, 'ISIframes': 2, 'rightResponseFirst': False}
834.4223 	INFO 	numtrials=360 and this trialDurFrames=4 or 66.6666666667 ms  task=T1
835.5724 	EXP 	window1: recordFrameIntervals = False
835.5807 	INFO 	Mouse: using default window
837.0561 	DATA 	Keypress: r
838.7568 	DATA 	Keypress: n
839.4393 	DATA 	Keypress: s
839.5794 	EXP 	New trial (rep=7, index=1): {'leftStreamFlip': False, 'oneTarget': False, 'trialInstructionPos': (0, 1), 'probe': 'both', 'rightStreamFlip': False, 'horizVert': False, 'ISIframes': 2, 'rightResponseFirst': False}
839.6051 	INFO 	numtrials=360 and this trialDurFrames=3 or 50.0 ms  task=T1
840.7231 	EXP 	window1: recordFrameIntervals = False
840.7308 	INFO 	Mouse: using default window
842.7892 	DATA 	Keypress: z
844.2731 	DATA 	Keypress: t
845.0226 	DATA 	Keypress: a
845.1634 	EXP 	New trial (rep=7, index=2): {'leftStreamFlip': False, 'oneTarget': False, 'trialInstructionPos': (0, 1), 'probe': 'both', 'rightStreamFlip': False, 'horizVert': False, 'ISIframes': 2, 'rightResponseFirst': True}
845.1887 	INFO 	numtrials=360 and this trialDurFrames=3 or 50.0 ms  task=T1
846.1557 	EXP 	window1: recordFrameIntervals = False
846.1642 	INFO 	Mouse: using default window
848.3560 	DATA 	Keypress: a
849.6726 	DATA 	Keypress: e
850.7395 	DATA 	Keypress: g
850.8808 	EXP 	New trial (rep=7, index=3): {'leftStreamFlip': False, 'oneTarget': False, 'trialInstructionPos': (0, -1), 'probe': 'both', 'rightStreamFlip': False, 'horizVert': False, 'ISIframes': 2, 'rightResponseFirst': True}
850.9052 	INFO 	numtrials=360 and this trialDurFrames=3 or 50.0 ms  task=T1
852.0557 	EXP 	window1: recordFrameIntervals = False
852.0642 	INFO 	Mouse: using default window
854.3561 	DATA 	Keypress: c
855.9092 	DATA 	Keypress: e
857.1077 	DATA 	Keypress: m
857.2612 	EXP 	New trial (rep=7, index=4): {'leftStreamFlip': False, 'oneTarget': False, 'trialInstructionPos': (0, 1), 'probe': 'both', 'rightStreamFlip': False, 'horizVert': False, 'ISIframes': 2, 'rightResponseFirst': True}
857.2887 	INFO 	numtrials=360 and this trialDurFrames=3 or 50.0 ms  task=T1
858.2724 	EXP 	window1: recordFrameIntervals = False
858.2807 	INFO 	Mouse: using default window
860.1060 	DATA 	Keypress: g
860.9394 	DATA 	Keypress: s
861.6731 	DATA 	Keypress: s
861.8149 	EXP 	New trial (rep=7, index=5): {'leftStreamFlip': False, 'oneTarget': False, 'trialInstructionPos': (0, -1), 'probe': 'both', 'rightStreamFlip': False, 'horizVert': False, 'ISIframes': 2, 'rightResponseFirst': True}
861.8382 	INFO 	numtrials=360 and this trialDurFrames=3 or 50.0 ms  task=T1
862.8893 	EXP 	window1: recordFrameIntervals = False
862.8968 	INFO 	Mouse: using default window
865.7561 	DATA 	Keypress: s
867.0059 	DATA 	Keypress: u
867.2726 	DATA 	Keypress: f
867.4125 	EXP 	New trial (rep=7, index=6): {'leftStreamFlip': False, 'oneTarget': False, 'trialInstructionPos': (0, -1), 'probe': 'both', 'rightStreamFlip': False, 'horizVert': False, 'ISIframes': 2, 'rightResponseFirst': True}
867.4391 	INFO 	numtrials=360 and this trialDurFrames=3 or 50.0 ms  task=T1
868.4057 	EXP 	window1: recordFrameIntervals = False
868.4138 	INFO 	Mouse: using default window
871.5893 	DATA 	Keypress: y
873.7893 	DATA 	Keypress: k
874.7079 	DATA 	Keypress: a
874.8620 	EXP 	New trial (rep=7, index=7): {'leftStreamFlip': False, 'oneTarget': False, 'trialInstructionPos': (0, 1), 'probe': 'both', 'rightStreamFlip': False, 'horizVert': False, 'ISIframes': 2, 'rightResponseFirst': False}
874.8888 	INFO 	numtrials=360 and this trialDurFrames=3 or 50.0 ms  task=T1
875.9894 	EXP 	window1: recordFrameIntervals = False
875.9983 	INFO 	Mouse: using default window
878.0729 	DATA 	Keypress: n
880.2062 	DATA 	Keypress: g
880.9727 	DATA 	Keypress: a
881.1160 	EXP 	New trial (rep=7, index=8): {'leftStreamFlip': False, 'oneTarget': False, 'trialInstructionPos': (0, 1), 'probe': 'both', 'rightStreamFlip': False, 'horizVert': False, 'ISIframes': 2, 'rightResponseFirst': False}
881.1379 	INFO 	numtrials=360 and this trialDurFrames=3 or 50.0 ms  task=T1
882.1059 	EXP 	window1: recordFrameIntervals = False
882.1135 	INFO 	Mouse: using default window
884.7090 	DATA 	Keypress: g
887.0062 	DATA 	Keypress: n
887.7560 	DATA 	Keypress: m
887.8960 	EXP 	New trial (rep=7, index=9): {'leftStreamFlip': False, 'oneTarget': False, 'trialInstructionPos': (0, 1), 'probe': 'both', 'rightStreamFlip': False, 'horizVert': False, 'ISIframes': 2, 'rightResponseFirst': True}
887.9221 	INFO 	numtrials=360 and this trialDurFrames=3 or 50.0 ms  task=T1
888.8892 	EXP 	window1: recordFrameIntervals = False
888.8975 	INFO 	Mouse: using default window
892.9894 	DATA 	Keypress: j
894.0893 	DATA 	Keypress: e
897.4226 	DATA 	Keypress: e
897.5630 	EXP 	New trial (rep=7, index=10): {'leftStreamFlip': False, 'oneTarget': False, 'trialInstructionPos': (0, -1), 'probe': 'both', 'rightStreamFlip': False, 'horizVert': False, 'ISIframes': 2, 'rightResponseFirst': False}
897.5887 	INFO 	numtrials=360 and this trialDurFrames=3 or 50.0 ms  task=T1
898.5891 	EXP 	window1: recordFrameIntervals = False
898.5973 	INFO 	Mouse: using default window
901.6560 	DATA 	Keypress: s
904.2393 	DATA 	Keypress: e
906.7732 	DATA 	Keypress: t
906.9134 	EXP 	New trial (rep=7, index=11): {'leftStreamFlip': False, 'oneTarget': False, 'trialInstructionPos': (0, -1), 'probe': 'both', 'rightStreamFlip': False, 'horizVert': False, 'ISIframes': 2, 'rightResponseFirst': False}
906.9387 	INFO 	numtrials=360 and this trialDurFrames=3 or 50.0 ms  task=T1
907.9892 	EXP 	window1: recordFrameIntervals = False
907.9974 	INFO 	Mouse: using default window
911.2393 	DATA 	Keypress: g
912.6393 	DATA 	Keypress: t
914.1227 	DATA 	Keypress: e
914.2734 	EXP 	New trial (rep=8, index=0): {'leftStreamFlip': False, 'oneTarget': False, 'trialInstructionPos': (0, 1), 'probe': 'both', 'rightStreamFlip': False, 'horizVert': False, 'ISIframes': 2, 'rightResponseFirst': False}
914.2886 	INFO 	numtrials=360 and this trialDurFrames=3 or 50.0 ms  task=T1
915.2732 	EXP 	window1: recordFrameIntervals = False
915.2814 	INFO 	Mouse: using default window
918.0560 	DATA 	Keypress: s
919.5561 	DATA 	Keypress: y
920.2061 	DATA 	Keypress: h
920.3467 	EXP 	New trial (rep=8, index=1): {'leftStreamFlip': False, 'oneTarget': False, 'trialInstructionPos': (0, 1), 'probe': 'both', 'rightStreamFlip': False, 'horizVert': False, 'ISIframes': 2, 'rightResponseFirst': False}
920.3721 	INFO 	numtrials=360 and this trialDurFrames=3 or 50.0 ms  task=T1
921.3561 	EXP 	window1: recordFrameIntervals = False
921.3641 	INFO 	Mouse: using default window
924.3082 	DATA 	Keypress: f
925.4727 	DATA 	Keypress: u
925.8728 	DATA 	Keypress: e
926.0128 	EXP 	New trial (rep=8, index=2): {'leftStreamFlip': False, 'oneTarget': False, 'trialInstructionPos': (0, -1), 'probe': 'both', 'rightStreamFlip': False, 'horizVert': False, 'ISIframes': 2, 'rightResponseFirst': False}
926.0387 	INFO 	numtrials=360 and this trialDurFrames=3 or 50.0 ms  task=T1
927.0558 	EXP 	window1: recordFrameIntervals = False
927.0639 	INFO 	Mouse: using default window
929.3394 	DATA 	Keypress: g
932.1563 	DATA 	Keypress: e
933.7062 	DATA 	Keypress: u
933.8479 	EXP 	New trial (rep=8, index=3): {'leftStreamFlip': False, 'oneTarget': False, 'trialInstructionPos': (0, -1), 'probe': 'both', 'rightStreamFlip': False, 'horizVert': False, 'ISIframes': 2, 'rightResponseFirst': True}
933.8720 	INFO 	numtrials=360 and this trialDurFrames=4 or 66.6666666667 ms  task=T1
934.8892 	EXP 	window1: recordFrameIntervals = False
934.8973 	INFO 	Mouse: using default window
938.1895 	DATA 	Keypress: h
940.0394 	DATA 	Keypress: r
940.9394 	DATA 	Keypress: u
941.0793 	EXP 	New trial (rep=8, index=4): {'leftStreamFlip': False, 'oneTarget': False, 'trialInstructionPos': (0, -1), 'probe': 'both', 'rightStreamFlip': False, 'horizVert': False, 'ISIframes': 2, 'rightResponseFirst': False}
941.1057 	INFO 	numtrials=360 and this trialDurFrames=4 or 66.6666666667 ms  task=T1
942.2892 	EXP 	window1: recordFrameIntervals = False
942.2967 	INFO 	Mouse: using default window
944.3397 	DATA 	Keypress: u
946.5893 	DATA 	Keypress: e
947.9230 	DATA 	Keypress: h
948.0660 	EXP 	New trial (rep=8, index=5): {'leftStreamFlip': False, 'oneTarget': False, 'trialInstructionPos': (0, 1), 'probe': 'both', 'rightStreamFlip': False, 'horizVert': False, 'ISIframes': 2, 'rightResponseFirst': False}
948.0885 	INFO 	numtrials=360 and this trialDurFrames=3 or 50.0 ms  task=T1
949.0725 	EXP 	window1: recordFrameIntervals = False
949.0803 	INFO 	Mouse: using default window
953.2560 	DATA 	Keypress: s
954.9061 	DATA 	Keypress: y
955.8727 	DATA 	Keypress: c
956.0129 	EXP 	New trial (rep=8, index=6): {'leftStreamFlip': False, 'oneTarget': False, 'trialInstructionPos': (0, 1), 'probe': 'both', 'rightStreamFlip': False, 'horizVert': False, 'ISIframes': 2, 'rightResponseFirst': True}
956.0392 	INFO 	numtrials=360 and this trialDurFrames=3 or 50.0 ms  task=T1
957.0728 	EXP 	window1: recordFrameIntervals = False
957.0807 	INFO 	Mouse: using default window
960.0727 	DATA 	Keypress: t
961.2894 	DATA 	Keypress: s
962.2560 	DATA 	Keypress: r
962.3964 	EXP 	New trial (rep=8, index=7): {'leftStreamFlip': False, 'oneTarget': False, 'trialInstructionPos': (0, 1), 'probe': 'both', 'rightStreamFlip': False, 'horizVert': False, 'ISIframes': 2, 'rightResponseFirst': True}
962.4222 	INFO 	numtrials=360 and this trialDurFrames=3 or 50.0 ms  task=T1
963.3892 	EXP 	window1: recordFrameIntervals = False
963.3973 	INFO 	Mouse: using default window
965.1564 	DATA 	Keypress: g
965.7562 	DATA 	Keypress: e
966.1561 	DATA 	Keypress: e
966.2975 	EXP 	New trial (rep=8, index=8): {'leftStreamFlip': False, 'oneTarget': False, 'trialInstructionPos': (0, -1), 'probe': 'both', 'rightStreamFlip': False, 'horizVert': False, 'ISIframes': 2, 'rightResponseFirst': True}
966.3220 	INFO 	numtrials=360 and this trialDurFrames=3 or 50.0 ms  task=T1
967.4558 	EXP 	window1: recordFrameIntervals = False
967.4641 	INFO 	Mouse: using default window
970.5061 	DATA 	Keypress: j
971.5063 	DATA 	Keypress: k
971.8560 	DATA 	Keypress: s
971.9975 	EXP 	New trial (rep=8, index=9): {'leftStreamFlip': False, 'oneTarget': False, 'trialInstructionPos': (0, 1), 'probe': 'both', 'rightStreamFlip': False, 'horizVert': False, 'ISIframes': 2, 'rightResponseFirst': True}
972.0221 	INFO 	numtrials=360 and this trialDurFrames=3 or 50.0 ms  task=T1
973.1726 	EXP 	window1: recordFrameIntervals = False
973.1810 	INFO 	Mouse: using default window
975.4060 	DATA 	Keypress: r
976.4060 	DATA 	Keypress: e
977.1229 	DATA 	Keypress: k
977.2628 	EXP 	New trial (rep=8, index=10): {'leftStreamFlip': False, 'oneTarget': False, 'trialInstructionPos': (0, -1), 'probe': 'both', 'rightStreamFlip': False, 'horizVert': False, 'ISIframes': 2, 'rightResponseFirst': False}
977.2891 	INFO 	numtrials=360 and this trialDurFrames=3 or 50.0 ms  task=T1
978.4225 	EXP 	window1: recordFrameIntervals = False
978.4307 	INFO 	Mouse: using default window
980.2064 	DATA 	Keypress: e
982.2061 	DATA 	Keypress: n
985.7394 	DATA 	Keypress: e
985.8791 	EXP 	New trial (rep=8, index=11): {'leftStreamFlip': False, 'oneTarget': False, 'trialInstructionPos': (0, -1), 'probe': 'both', 'rightStreamFlip': False, 'horizVert': False, 'ISIframes': 2, 'rightResponseFirst': True}
985.9054 	INFO 	numtrials=360 and this trialDurFrames=3 or 50.0 ms  task=T1
986.9225 	EXP 	window1: recordFrameIntervals = False
986.9309 	INFO 	Mouse: using default window
991.5895 	DATA 	Keypress: e
992.8894 	DATA 	Keypress: n
994.9395 	DATA 	Keypress: f
995.0807 	EXP 	New trial (rep=9, index=0): {'leftStreamFlip': False, 'oneTarget': False, 'trialInstructionPos': (0, 1), 'probe': 'both', 'rightStreamFlip': False, 'horizVert': False, 'ISIframes': 2, 'rightResponseFirst': False}
995.1055 	INFO 	numtrials=360 and this trialDurFrames=3 or 50.0 ms  task=T1
996.2393 	EXP 	window1: recordFrameIntervals = False
996.2474 	INFO 	Mouse: using default window
998.8228 	DATA 	Keypress: j
1000.6397 	DATA 	Keypress: e
1001.3062 	DATA 	Keypress: m
1001.4454 	EXP 	New trial (rep=9, index=1): {'leftStreamFlip': False, 'oneTarget': False, 'trialInstructionPos': (0, -1), 'probe': 'both', 'rightStreamFlip': False, 'horizVert': False, 'ISIframes': 2, 'rightResponseFirst': False}
1001.4557 	INFO 	numtrials=360 and this trialDurFrames=3 or 50.0 ms  task=T1
1002.5733 	EXP 	window1: recordFrameIntervals = False
1002.5812 	INFO 	Mouse: using default window
1006.8561 	DATA 	Keypress: m
1008.1394 	DATA 	Keypress: e
1008.8394 	DATA 	Keypress: a
1008.9803 	EXP 	New trial (rep=9, index=2): {'leftStreamFlip': False, 'oneTarget': False, 'trialInstructionPos': (0, 1), 'probe': 'both', 'rightStreamFlip': False, 'horizVert': False, 'ISIframes': 2, 'rightResponseFirst': False}
1009.0053 	INFO 	numtrials=360 and this trialDurFrames=3 or 50.0 ms  task=T1
1010.0226 	EXP 	window1: recordFrameIntervals = False
1010.0308 	INFO 	Mouse: using default window
1013.5396 	DATA 	Keypress: s
1014.6561 	DATA 	Keypress: r
1015.4728 	DATA 	Keypress: j
1015.6122 	EXP 	New trial (rep=9, index=3): {'leftStreamFlip': False, 'oneTarget': False, 'trialInstructionPos': (0, 1), 'probe': 'both', 'rightStreamFlip': False, 'horizVert': False, 'ISIframes': 2, 'rightResponseFirst': False}
1015.6387 	INFO 	numtrials=360 and this trialDurFrames=3 or 50.0 ms  task=T1
1016.6061 	EXP 	window1: recordFrameIntervals = False
1016.6142 	INFO 	Mouse: using default window
1020.1728 	DATA 	Keypress: j
1021.3061 	DATA 	Keypress: s
1021.9079 	DATA 	Keypress: m
1022.0633 	EXP 	New trial (rep=9, index=4): {'leftStreamFlip': False, 'oneTarget': False, 'trialInstructionPos': (0, -1), 'probe': 'both', 'rightStreamFlip': False, 'horizVert': False, 'ISIframes': 2, 'rightResponseFirst': False}
1022.0888 	INFO 	numtrials=360 and this trialDurFrames=3 or 50.0 ms  task=T1
1023.1899 	EXP 	window1: recordFrameIntervals = False
1023.1982 	INFO 	Mouse: using default window
1025.6396 	DATA 	Keypress: e
1027.9562 	DATA 	Keypress: a
1028.6395 	DATA 	Keypress: c
1028.7786 	EXP 	New trial (rep=9, index=5): {'leftStreamFlip': False, 'oneTarget': False, 'trialInstructionPos': (0, 1), 'probe': 'both', 'rightStreamFlip': False, 'horizVert': False, 'ISIframes': 2, 'rightResponseFirst': True}
1028.8066 	INFO 	numtrials=360 and this trialDurFrames=3 or 50.0 ms  task=T1
1029.9726 	EXP 	window1: recordFrameIntervals = False
1029.9809 	INFO 	Mouse: using default window
1033.6561 	DATA 	Keypress: g
1037.7562 	DATA 	Keypress: f
1039.0895 	DATA 	Keypress: u
1039.2301 	EXP 	New trial (rep=9, index=6): {'leftStreamFlip': False, 'oneTarget': False, 'trialInstructionPos': (0, -1), 'probe': 'both', 'rightStreamFlip': False, 'horizVert': False, 'ISIframes': 2, 'rightResponseFirst': False}
1039.2555 	INFO 	numtrials=360 and this trialDurFrames=3 or 50.0 ms  task=T1
1040.4565 	EXP 	window1: recordFrameIntervals = False
1040.4643 	INFO 	Mouse: using default window
1042.8395 	DATA 	Keypress: a
1045.3395 	DATA 	Keypress: f
1046.9064 	DATA 	Keypress: e
1047.0469 	EXP 	New trial (rep=9, index=7): {'leftStreamFlip': False, 'oneTarget': False, 'trialInstructionPos': (0, -1), 'probe': 'both', 'rightStreamFlip': False, 'horizVert': False, 'ISIframes': 2, 'rightResponseFirst': True}
1047.0721 	INFO 	numtrials=360 and this trialDurFrames=3 or 50.0 ms  task=T1
1048.2562 	EXP 	window1: recordFrameIntervals = False
1048.2642 	INFO 	Mouse: using default window
1051.1230 	DATA 	Keypress: f
1052.6229 	DATA 	Keypress: a
1053.4565 	DATA 	Keypress: y
1053.5968 	EXP 	New trial (rep=9, index=8): {'leftStreamFlip': False, 'oneTarget': False, 'trialInstructionPos': (0, -1), 'probe': 'both', 'rightStreamFlip': False, 'horizVert': False, 'ISIframes': 2, 'rightResponseFirst': True}
1053.6224 	INFO 	numtrials=360 and this trialDurFrames=3 or 50.0 ms  task=T1
1054.8226 	EXP 	window1: recordFrameIntervals = False
1054.8314 	INFO 	Mouse: using default window
1057.3561 	DATA 	Keypress: f
1059.9399 	DATA 	Keypress: g
1060.9895 	DATA 	Keypress: h
1061.1301 	EXP 	New trial (rep=9, index=9): {'leftStreamFlip': False, 'oneTarget': False, 'trialInstructionPos': (0, 1), 'probe': 'both', 'rightStreamFlip': False, 'horizVert': False, 'ISIframes': 2, 'rightResponseFirst': True}
1061.1556 	INFO 	numtrials=360 and this trialDurFrames=4 or 66.6666666667 ms  task=T1
1062.3728 	EXP 	window1: recordFrameIntervals = False
1062.3812 	INFO 	Mouse: using default window
1065.8062 	DATA 	Keypress: e
1068.3895 	DATA 	Keypress: n
1068.9895 	DATA 	Keypress: j
1069.1297 	EXP 	New trial (rep=9, index=10): {'leftStreamFlip': False, 'oneTarget': False, 'trialInstructionPos': (0, 1), 'probe': 'both', 'rightStreamFlip': False, 'horizVert': False, 'ISIframes': 2, 'rightResponseFirst': True}
1069.1562 	INFO 	numtrials=360 and this trialDurFrames=4 or 66.6666666667 ms  task=T1
1070.2393 	EXP 	window1: recordFrameIntervals = False
1070.2469 	INFO 	Mouse: using default window
1072.8562 	DATA 	Keypress: j
1074.4729 	DATA 	Keypress: h
1075.3395 	DATA 	Keypress: e
1075.4798 	EXP 	New trial (rep=9, index=11): {'leftStreamFlip': False, 'oneTarget': False, 'trialInstructionPos': (0, -1), 'probe': 'both', 'rightStreamFlip': False, 'horizVert': False, 'ISIframes': 2, 'rightResponseFirst': True}
1075.5056 	INFO 	numtrials=360 and this trialDurFrames=3 or 50.0 ms  task=T1
1076.5226 	EXP 	window1: recordFrameIntervals = False
1076.5309 	INFO 	Mouse: using default window
1078.8230 	DATA 	Keypress: m
1081.0397 	DATA 	Keypress: n
1082.2732 	DATA 	Keypress: e
1082.4135 	EXP 	New trial (rep=10, index=0): {'leftStreamFlip': False, 'oneTarget': False, 'trialInstructionPos': (0, 1), 'probe': 'both', 'rightStreamFlip': False, 'horizVert': False, 'ISIframes': 2, 'rightResponseFirst': False}
1082.4387 	INFO 	numtrials=360 and this trialDurFrames=3 or 50.0 ms  task=T1
1083.5897 	EXP 	window1: recordFrameIntervals = False
1083.5976 	INFO 	Mouse: using default window
1086.8728 	DATA 	Keypress: e
1087.6896 	DATA 	Keypress: f
1088.7079 	DATA 	Keypress: g
1088.8637 	EXP 	New trial (rep=10, index=1): {'leftStreamFlip': False, 'oneTarget': False, 'trialInstructionPos': (0, 1), 'probe': 'both', 'rightStreamFlip': False, 'horizVert': False, 'ISIframes': 2, 'rightResponseFirst': True}
1088.8891 	INFO 	numtrials=360 and this trialDurFrames=4 or 66.6666666667 ms  task=T1
1089.9226 	EXP 	window1: recordFrameIntervals = False
1089.9309 	INFO 	Mouse: using default window
1092.6395 	DATA 	Keypress: n
1093.8229 	DATA 	Keypress: k
1094.8567 	DATA 	Keypress: n
1094.9956 	EXP 	New trial (rep=10, index=2): {'leftStreamFlip': False, 'oneTarget': False, 'trialInstructionPos': (0, 1), 'probe': 'both', 'rightStreamFlip': False, 'horizVert': False, 'ISIframes': 2, 'rightResponseFirst': True}
1095.0225 	INFO 	numtrials=360 and this trialDurFrames=4 or 66.6666666667 ms  task=T1
1096.1060 	EXP 	window1: recordFrameIntervals = False
1096.1139 	INFO 	Mouse: using default window
1097.9230 	DATA 	Keypress: c
1099.0927 	DATA 	Keypress: y
1099.8729 	DATA 	Keypress: j
1100.0138 	EXP 	New trial (rep=10, index=3): {'leftStreamFlip': False, 'oneTarget': False, 'trialInstructionPos': (0, -1), 'probe': 'both', 'rightStreamFlip': False, 'horizVert': False, 'ISIframes': 2, 'rightResponseFirst': True}
1100.0387 	INFO 	numtrials=360 and this trialDurFrames=3 or 50.0 ms  task=T1
1101.1560 	EXP 	window1: recordFrameIntervals = False
1101.1645 	INFO 	Mouse: using default window
1103.4896 	DATA 	Keypress: e
1104.2066 	DATA 	Keypress: y
1105.2895 	DATA 	Keypress: s
1105.4306 	EXP 	New trial (rep=10, index=4): {'leftStreamFlip': False, 'oneTarget': False, 'trialInstructionPos': (0, 1), 'probe': 'both', 'rightStreamFlip': False, 'horizVert': False, 'ISIframes': 2, 'rightResponseFirst': False}
1105.4555 	INFO 	numtrials=360 and this trialDurFrames=3 or 50.0 ms  task=T1
1106.5393 	EXP 	window1: recordFrameIntervals = False
1106.5469 	INFO 	Mouse: using default window
1109.5563 	DATA 	Keypress: k
1116.5067 	DATA 	Keypress: k
1117.9401 	DATA 	Keypress: k
1118.0804 	EXP 	New trial (rep=10, index=5): {'leftStreamFlip': False, 'oneTarget': False, 'trialInstructionPos': (0, -1), 'probe': 'both', 'rightStreamFlip': False, 'horizVert': False, 'ISIframes': 2, 'rightResponseFirst': False}
1118.1055 	INFO 	numtrials=360 and this trialDurFrames=4 or 66.6666666667 ms  task=T1
1119.2396 	EXP 	window1: recordFrameIntervals = False
1119.2486 	INFO 	Mouse: using default window
1121.5567 	DATA 	Keypress: j
1124.4229 	DATA 	Keypress: r
1126.4396 	DATA 	Keypress: r
1126.5800 	EXP 	New trial (rep=10, index=6): {'leftStreamFlip': False, 'oneTarget': False, 'trialInstructionPos': (0, -1), 'probe': 'both', 'rightStreamFlip': False, 'horizVert': False, 'ISIframes': 2, 'rightResponseFirst': True}
1126.6056 	INFO 	numtrials=360 and this trialDurFrames=4 or 66.6666666667 ms  task=T1
1127.7227 	EXP 	window1: recordFrameIntervals = False
1127.7308 	INFO 	Mouse: using default window
1129.9070 	DATA 	Keypress: f
1132.2762 	DATA 	Keypress: y
1133.3729 	DATA 	Keypress: f
1133.5135 	EXP 	New trial (rep=10, index=7): {'leftStreamFlip': False, 'oneTarget': False, 'trialInstructionPos': (0, 1), 'probe': 'both', 'rightStreamFlip': False, 'horizVert': False, 'ISIframes': 2, 'rightResponseFirst': True}
1133.5392 	INFO 	numtrials=360 and this trialDurFrames=3 or 50.0 ms  task=T1
1134.6060 	EXP 	window1: recordFrameIntervals = False
1134.6140 	INFO 	Mouse: using default window
1136.9231 	DATA 	Keypress: g
1138.5397 	DATA 	Keypress: e
1140.3896 	DATA 	Keypress: f
1140.5300 	EXP 	New trial (rep=10, index=8): {'leftStreamFlip': False, 'oneTarget': False, 'trialInstructionPos': (0, -1), 'probe': 'both', 'rightStreamFlip': False, 'horizVert': False, 'ISIframes': 2, 'rightResponseFirst': False}
1140.5556 	INFO 	numtrials=360 and this trialDurFrames=3 or 50.0 ms  task=T1
1141.7562 	EXP 	window1: recordFrameIntervals = False
1141.7650 	INFO 	Mouse: using default window
1145.8062 	DATA 	Keypress: f
1147.9896 	DATA 	Keypress: c
1149.3569 	DATA 	Keypress: k
1149.4959 	EXP 	New trial (rep=10, index=9): {'leftStreamFlip': False, 'oneTarget': False, 'trialInstructionPos': (0, -1), 'probe': 'both', 'rightStreamFlip': False, 'horizVert': False, 'ISIframes': 2, 'rightResponseFirst': True}
1149.5232 	INFO 	numtrials=360 and this trialDurFrames=3 or 50.0 ms  task=T1
1150.5727 	EXP 	window1: recordFrameIntervals = False
1150.5811 	INFO 	Mouse: using default window
1152.3731 	DATA 	Keypress: r
1154.0396 	DATA 	Keypress: z
1154.6563 	DATA 	Keypress: a
1154.7969 	EXP 	New trial (rep=10, index=10): {'leftStreamFlip': False, 'oneTarget': False, 'trialInstructionPos': (0, 1), 'probe': 'both', 'rightStreamFlip': False, 'horizVert': False, 'ISIframes': 2, 'rightResponseFirst': False}
1154.8223 	INFO 	numtrials=360 and this trialDurFrames=3 or 50.0 ms  task=T1
1155.9561 	EXP 	window1: recordFrameIntervals = False
1155.9644 	INFO 	Mouse: using default window
1157.7729 	DATA 	Keypress: e
1159.3396 	DATA 	Keypress: s
1160.4565 	DATA 	Keypress: m
1160.5969 	EXP 	New trial (rep=10, index=11): {'leftStreamFlip': False, 'oneTarget': False, 'trialInstructionPos': (0, -1), 'probe': 'both', 'rightStreamFlip': False, 'horizVert': False, 'ISIframes': 2, 'rightResponseFirst': False}
1160.6223 	INFO 	numtrials=360 and this trialDurFrames=3 or 50.0 ms  task=T1
1161.8061 	EXP 	window1: recordFrameIntervals = False
1161.8143 	INFO 	Mouse: using default window
1164.5903 	DATA 	Keypress: f
1166.2062 	DATA 	Keypress: g
1166.8563 	DATA 	Keypress: a
1166.9976 	EXP 	New trial (rep=11, index=0): {'leftStreamFlip': False, 'oneTarget': False, 'trialInstructionPos': (0, 1), 'probe': 'both', 'rightStreamFlip': False, 'horizVert': False, 'ISIframes': 2, 'rightResponseFirst': True}
1167.0225 	INFO 	numtrials=360 and this trialDurFrames=3 or 50.0 ms  task=T1
1168.0229 	EXP 	window1: recordFrameIntervals = False
1168.0310 	INFO 	Mouse: using default window
1170.3730 	DATA 	Keypress: a
1171.5570 	DATA 	Keypress: n
1173.5233 	DATA 	Keypress: backspace
1173.7901 	DATA 	Keypress: backspace
1173.9731 	DATA 	Keypress: backspace
1175.3404 	DATA 	Keypress: r
1175.4827 	EXP 	New trial (rep=11, index=1): {'leftStreamFlip': False, 'oneTarget': False, 'trialInstructionPos': (0, -1), 'probe': 'both', 'rightStreamFlip': False, 'horizVert': False, 'ISIframes': 2, 'rightResponseFirst': True}
1175.5057 	INFO 	numtrials=360 and this trialDurFrames=3 or 50.0 ms  task=T1
1176.6566 	EXP 	window1: recordFrameIntervals = False
1176.6652 	INFO 	Mouse: using default window
1178.4902 	DATA 	Keypress: j
1181.5897 	DATA 	Keypress: g
1182.4730 	DATA 	Keypress: e
1182.6163 	EXP 	New trial (rep=11, index=2): {'leftStreamFlip': False, 'oneTarget': False, 'trialInstructionPos': (0, 1), 'probe': 'both', 'rightStreamFlip': False, 'horizVert': False, 'ISIframes': 2, 'rightResponseFirst': False}
1182.6389 	INFO 	numtrials=360 and this trialDurFrames=3 or 50.0 ms  task=T1
1183.6069 	EXP 	window1: recordFrameIntervals = False
1183.6152 	INFO 	Mouse: using default window
1185.7063 	DATA 	Keypress: j
1187.1082 	DATA 	Keypress: e
1188.0397 	DATA 	Keypress: c
1188.1796 	EXP 	New trial (rep=11, index=3): {'leftStreamFlip': False, 'oneTarget': False, 'trialInstructionPos': (0, -1), 'probe': 'both', 'rightStreamFlip': False, 'horizVert': False, 'ISIframes': 2, 'rightResponseFirst': False}
1188.2057 	INFO 	numtrials=360 and this trialDurFrames=3 or 50.0 ms  task=T1
1189.3394 	EXP 	window1: recordFrameIntervals = False
1189.3474 	INFO 	Mouse: using default window
1192.0897 	DATA 	Keypress: e
1193.6899 	DATA 	Keypress: a
1195.0759 	DATA 	Keypress: g
1195.2311 	EXP 	New trial (rep=11, index=4): {'leftStreamFlip': False, 'oneTarget': False, 'trialInstructionPos': (0, -1), 'probe': 'both', 'rightStreamFlip': False, 'horizVert': False, 'ISIframes': 2, 'rightResponseFirst': True}
1195.2558 	INFO 	numtrials=360 and this trialDurFrames=3 or 50.0 ms  task=T1
1196.2227 	EXP 	window1: recordFrameIntervals = False
1196.2310 	INFO 	Mouse: using default window
1199.0921 	DATA 	Keypress: h
1200.8398 	DATA 	Keypress: j
1201.6901 	DATA 	Keypress: a
1201.8307 	EXP 	New trial (rep=11, index=5): {'leftStreamFlip': False, 'oneTarget': False, 'trialInstructionPos': (0, 1), 'probe': 'both', 'rightStreamFlip': False, 'horizVert': False, 'ISIframes': 2, 'rightResponseFirst': True}
1201.8558 	INFO 	numtrials=360 and this trialDurFrames=3 or 50.0 ms  task=T1
1203.0395 	EXP 	window1: recordFrameIntervals = False
1203.0477 	INFO 	Mouse: using default window
1205.8564 	DATA 	Keypress: r
1207.2237 	DATA 	Keypress: s
1208.2563 	DATA 	Keypress: a
1208.3957 	EXP 	New trial (rep=11, index=6): {'leftStreamFlip': False, 'oneTarget': False, 'trialInstructionPos': (0, 1), 'probe': 'both', 'rightStreamFlip': False, 'horizVert': False, 'ISIframes': 2, 'rightResponseFirst': False}
1208.4235 	INFO 	numtrials=360 and this trialDurFrames=3 or 50.0 ms  task=T1
1209.4728 	EXP 	window1: recordFrameIntervals = False
1209.4811 	INFO 	Mouse: using default window
1216.1230 	DATA 	Keypress: h
1217.5070 	DATA 	Keypress: r
1218.2925 	DATA 	Keypress: a
1218.4455 	EXP 	New trial (rep=11, index=7): {'leftStreamFlip': False, 'oneTarget': False, 'trialInstructionPos': (0, 1), 'probe': 'both', 'rightStreamFlip': False, 'horizVert': False, 'ISIframes': 2, 'rightResponseFirst': True}
1218.4558 	INFO 	numtrials=360 and this trialDurFrames=3 or 50.0 ms  task=T1
1219.4229 	EXP 	window1: recordFrameIntervals = False
1219.4311 	INFO 	Mouse: using default window
1223.4230 	DATA 	Keypress: y
1225.3730 	DATA 	Keypress: r
1226.0397 	DATA 	Keypress: a
1226.1829 	EXP 	New trial (rep=11, index=8): {'leftStreamFlip': False, 'oneTarget': False, 'trialInstructionPos': (0, -1), 'probe': 'both', 'rightStreamFlip': False, 'horizVert': False, 'ISIframes': 2, 'rightResponseFirst': True}
1226.2055 	INFO 	numtrials=360 and this trialDurFrames=3 or 50.0 ms  task=T1
1227.2562 	EXP 	window1: recordFrameIntervals = False
1227.2647 	INFO 	Mouse: using default window
1229.8397 	DATA 	Keypress: g
1231.1238 	DATA 	Keypress: s
1231.7064 	DATA 	Keypress: m
1231.8559 	EXP 	New trial (rep=11, index=9): {'leftStreamFlip': False, 'oneTarget': False, 'trialInstructionPos': (0, -1), 'probe': 'both', 'rightStreamFlip': False, 'horizVert': False, 'ISIframes': 2, 'rightResponseFirst': False}
1231.8723 	INFO 	numtrials=360 and this trialDurFrames=3 or 50.0 ms  task=T1
1232.9561 	EXP 	window1: recordFrameIntervals = False
1232.9644 	INFO 	Mouse: using default window
1234.8064 	DATA 	Keypress: c
1236.0397 	DATA 	Keypress: a
1236.8230 	DATA 	Keypress: n
1236.9645 	EXP 	New trial (rep=11, index=10): {'leftStreamFlip': False, 'oneTarget': False, 'trialInstructionPos': (0, -1), 'probe': 'both', 'rightStreamFlip': False, 'horizVert': False, 'ISIframes': 2, 'rightResponseFirst': False}
1236.9890 	INFO 	numtrials=360 and this trialDurFrames=3 or 50.0 ms  task=T1
1238.0567 	EXP 	window1: recordFrameIntervals = False
1238.0652 	INFO 	Mouse: using default window
1243.3063 	DATA 	Keypress: a
1244.8563 	DATA 	Keypress: j
1245.3897 	DATA 	Keypress: z
1245.5306 	EXP 	New trial (rep=11, index=11): {'leftStreamFlip': False, 'oneTarget': False, 'trialInstructionPos': (0, 1), 'probe': 'both', 'rightStreamFlip': False, 'horizVert': False, 'ISIframes': 2, 'rightResponseFirst': False}
1245.5555 	INFO 	numtrials=360 and this trialDurFrames=3 or 50.0 ms  task=T1
1246.5730 	EXP 	window1: recordFrameIntervals = False
1246.5810 	INFO 	Mouse: using default window
1248.6743 	DATA 	Keypress: r
1249.2731 	DATA 	Keypress: e
1251.0232 	DATA 	Keypress: e
1251.1635 	EXP 	New trial (rep=12, index=0): {'leftStreamFlip': False, 'oneTarget': False, 'trialInstructionPos': (0, 1), 'probe': 'both', 'rightStreamFlip': False, 'horizVert': False, 'ISIframes': 2, 'rightResponseFirst': True}
1251.1894 	INFO 	numtrials=360 and this trialDurFrames=3 or 50.0 ms  task=T1
1252.3562 	EXP 	window1: recordFrameIntervals = False
1252.3644 	INFO 	Mouse: using default window
1254.8565 	DATA 	Keypress: n
1257.4231 	DATA 	Keypress: h
1258.0237 	DATA 	Keypress: r
1258.1639 	EXP 	New trial (rep=12, index=1): {'leftStreamFlip': False, 'oneTarget': False, 'trialInstructionPos': (0, -1), 'probe': 'both', 'rightStreamFlip': False, 'horizVert': False, 'ISIframes': 2, 'rightResponseFirst': True}
1258.1892 	INFO 	numtrials=360 and this trialDurFrames=3 or 50.0 ms  task=T1
1259.3738 	EXP 	window1: recordFrameIntervals = False
1259.3821 	INFO 	Mouse: using default window
1263.7064 	DATA 	Keypress: y
1265.0731 	DATA 	Keypress: g
1265.8898 	DATA 	Keypress: e
1266.0326 	EXP 	New trial (rep=12, index=2): {'leftStreamFlip': False, 'oneTarget': False, 'trialInstructionPos': (0, 1), 'probe': 'both', 'rightStreamFlip': False, 'horizVert': False, 'ISIframes': 2, 'rightResponseFirst': True}
1266.0557 	INFO 	numtrials=360 and this trialDurFrames=3 or 50.0 ms  task=T1
1267.1228 	EXP 	window1: recordFrameIntervals = False
1267.1308 	INFO 	Mouse: using default window
1269.2564 	DATA 	Keypress: n
1270.8064 	DATA 	Keypress: s
1272.1404 	DATA 	Keypress: m
1272.2807 	EXP 	New trial (rep=12, index=3): {'leftStreamFlip': False, 'oneTarget': False, 'trialInstructionPos': (0, -1), 'probe': 'both', 'rightStreamFlip': False, 'horizVert': False, 'ISIframes': 2, 'rightResponseFirst': True}
1272.3058 	INFO 	numtrials=360 and this trialDurFrames=3 or 50.0 ms  task=T1
1273.3228 	EXP 	window1: recordFrameIntervals = False
1273.3312 	INFO 	Mouse: using default window
1284.5565 	DATA 	Keypress: lshift
1285.1232 	DATA 	Keypress: lctrl
1285.4916 	DATA 	Keypress: z
1285.5263 	INFO 	Stopping at 16:30 on 07 Aug 2018
1285.5276 	ERROR 	user aborted experiment on keypress with trials done=147 of 361
1285.5287 	INFO 	Experiment timed out with trials done=147 of 361
1285.5466 	INFO 	Program terminating normally.
