0.6583 	WARNING 	Monitor specification not found. Creating a temporary one...
34.2491 	EXP 	Created window1 = Window(allowGUI=False, allowStencil=False, autoLog=True, bitsMode=UNKNOWN, blendMode='avg', color=array([-0.7, -0.7, -0.7]), colorSpace='rgb', fullscr=UNKNOWN, gamma=None, lms=UNKNOWN, monitor=<psychopy.monitors.calibTools.Monitor object at 0x1E95E050>, name='window1', pos=[0, 0], screen=0, size=array([1920, 1080]), stereo=False, units='deg', useFBO=False, useRetina=False, viewOri=0.0, viewPos=None, viewScale=None, waitBlanking=False, winType='pyglet')
34.2492 	INFO 	Mouse: using default window
34.2495 	EXP 	window1: units = 'norm'
34.4442 	EXP 	Created unnamed ImageStim = ImageStim(autoLog=True, color=array([ 1.,  1.,  1.]), colorSpace='rgb', contrast=1.0, depth=0, flipHoriz=False, flipVert=False, image=str(...), interpolate=False, mask=None, maskParams=None, name='unnamed ImageStim', opacity=1.0, ori=0.0, pos=array([-0.5,  0. ]), size=array([ 1.290625  ,  3.24814815]), texRes=128, units='norm', win=Window(...))
34.6476 	EXP 	Created unnamed ImageStim = ImageStim(autoLog=True, color=array([ 1.,  1.,  1.]), colorSpace='rgb', contrast=1.0, depth=0, flipHoriz=False, flipVert=False, image=str(...), interpolate=False, mask=None, maskParams=None, name='unnamed ImageStim', opacity=1.0, ori=0.0, pos=array([ 0.5,  0. ]), size=array([ 1.290625  ,  3.24814815]), texRes=128, units='norm', win=Window(...))
34.6754 	EXP 	Created OKrespZone = GratingStim(autoDraw=False, autoLog=True, color=array([ 1. ,  0.5,  0.5]), colorSpace='rgb', contrast=1.0, depth=0, interpolate=False, mask='gauss', maskParams=None, name='OKrespZone', opacity=1.0, ori=0.0, phase=array([ 0.,  0.]), pos=array([-0.2 , -0.92]), rgbPedestal=array([ 0.,  0.,  0.]), sf=array([ 0.,  0.]), size=array([ 2.3,  0.2]), tex='sin', texRes=256, units='norm', win=Window(...))
34.8664 	EXP 	unnamed ImageStim: size = (1, 2)
34.8664 	EXP 	unnamed ImageStim: size = (1, 2)
75.9487 	DATA 	Mouse: Left button down, pos=(856,38)
75.9651 	EXP 	window1: units = 'deg'
75.9658 	EXP 	window1: units = 'norm'
75.9815 	EXP 	Created OKrespZone = GratingStim(autoDraw=False, autoLog=True, color=array([ 1. ,  0.5,  0.5]), colorSpace='rgb', contrast=1.0, depth=0, interpolate=False, mask='gauss', maskParams=None, name='OKrespZone', opacity=1.0, ori=0.0, phase=array([ 0.,  0.]), pos=array([-0.2 , -0.92]), rgbPedestal=array([ 0.,  0.,  0.]), sf=array([ 0.,  0.]), size=array([ 2.3,  0.2]), tex='sin', texRes=256, units='norm', win=Window(...))
76.0579 	EXP 	Created unnamed ImageStim = ImageStim(autoLog=True, color=array([ 1.,  1.,  1.]), colorSpace='rgb', contrast=1.0, depth=0, flipHoriz=False, flipVert=False, image='abgdj\\PISandConsentForm\\consentForm.png', interpolate=False, mask=None, maskParams=None, name='unnamed ImageStim', opacity=1.0, ori=0.0, pos=array([ 0.,  0.]), size=array([ 1.3375    ,  2.97407407]), texRes=128, units='norm', win=Window(...))
76.0945 	EXP 	Created unnamed GratingStim = GratingStim(autoDraw=False, autoLog=True, color=array([ 1. ,  0.5,  0.5]), colorSpace='rgb', contrast=1.0, depth=0, interpolate=False, mask='gauss', maskParams=None, name='unnamed GratingStim', opacity=1.0, ori=0.0, phase=array([ 0.,  0.]), pos=array([-0.2 , -0.42]), rgbPedestal=array([ 0.,  0.,  0.]), sf=array([ 0.,  0.]), size=array([ 0.3,  0.2]), tex='sin', texRes=256, units='norm', win=Window(...))
76.1312 	EXP 	Created unnamed GratingStim = GratingStim(autoDraw=False, autoLog=True, color=array([ 1. ,  0.5,  0.5]), colorSpace='rgb', contrast=1.0, depth=0, interpolate=False, mask='gauss', maskParams=None, name='unnamed GratingStim', opacity=1.0, ori=0.0, phase=array([ 0.,  0.]), pos=array([ 0.1 , -0.42]), rgbPedestal=array([ 0.,  0.,  0.]), sf=array([ 0.,  0.]), size=array([ 0.3,  0.2]), tex='sin', texRes=256, units='norm', win=Window(...))
76.1700 	EXP 	Created unnamed GratingStim = GratingStim(autoDraw=False, autoLog=True, color=array([ 1. ,  0.5,  0.5]), colorSpace='rgb', contrast=1.0, depth=0, interpolate=False, mask='gauss', maskParams=None, name='unnamed GratingStim', opacity=1.0, ori=0.0, phase=array([ 0.,  0.]), pos=array([-0.2 , -0.72]), rgbPedestal=array([ 0.,  0.,  0.]), sf=array([ 0.,  0.]), size=array([ 0.3,  0.2]), tex='sin', texRes=256, units='norm', win=Window(...))
76.2086 	EXP 	Created unnamed GratingStim = GratingStim(autoDraw=False, autoLog=True, color=array([ 1. ,  0.5,  0.5]), colorSpace='rgb', contrast=1.0, depth=0, interpolate=False, mask='gauss', maskParams=None, name='unnamed GratingStim', opacity=1.0, ori=0.0, phase=array([ 0.,  0.]), pos=array([ 0.1 , -0.72]), rgbPedestal=array([ 0.,  0.,  0.]), sf=array([ 0.,  0.]), size=array([ 0.3,  0.2]), tex='sin', texRes=256, units='norm', win=Window(...))
76.2115 	DATA 	Mouse:  Left button up, pos=(856,38)
76.2166 	EXP 	unnamed ImageStim: size = (1.1, 2)
107.4825 	DATA 	Mouse: Left button down, pos=(1062,298)
107.5657 	DATA 	Mouse:  Left button up, pos=(1062,298)
150.0489 	DATA 	Mouse: Left button down, pos=(1074,144)
150.0988 	DATA 	Mouse:  Left button up, pos=(1074,144)
150.8659 	DATA 	Mouse: Left button down, pos=(930,32)
150.8818 	EXP 	window1: units = 'deg'
150.8871 	EXP 	window1: mouseVisible = True
188.0827 	EXP 	Created window1 = Window(allowGUI=False, allowStencil=False, autoLog=True, bitsMode=UNKNOWN, blendMode='avg', color=array([-0.7, -0.7, -0.7]), colorSpace='rgb', fullscr=UNKNOWN, gamma=None, lms=UNKNOWN, monitor=<psychopy.monitors.calibTools.Monitor object at 0x1E95E050>, name='window1', pos=[0, 0], screen=0, size=array([1920, 1080]), stereo=False, units='deg', useFBO=False, useRetina=False, viewOri=0.0, viewPos=None, viewScale=None, waitBlanking=False, winType='pyglet')
192.4498 	INFO 	#[ PsychoPy2 RuntimeInfoStart ]
  #[[ PsychoPy ]] #---------
    psychopyVersion: 1.84.2
    psychopyHaveExtRush: True
  #[[ Experiment ]] #---------
    experimentAuthor: None
    experimentAuthVersion: None
    experimentRunTime: 2018_08_08 10:24 (Year_Month_Day Hour:Min)
    experimentRunTime.epoch: 1533687869
    experimentScript: psyc1002.py
    experimentScript.digestSHA1: 03993779484d600ea4c1b8cc2288f3d37a5025d5
    experimentScript.directory: U:\PSYC1002\abgdj
  #[[ System ]] #---------
    systemHaveInternetAccess: True
    systemHostName: W5FG3LG2
    systemLocale: English_United States.1252
    systemMemFreeRAM: 4706.59765625
    systemMemTotalRAM: 8076.9453125
    systemPlatform: windowsversion=sys.getwindowsversion(major=6, minor=2, build=9200, platform=2, service_pack='')
    systemPyo.InputDevices: {4: {'host api index': 2, 'latency': 0.008707483299076557, 'default sr': 44100, 'name': u'Realtek ASIO'}}
    systemPyo.OutputDevices: {0: {'host api index': 0, 'latency': 0.09000000357627869, 'default sr': 44100, 'name': u'Microsoft Sound Mapper - Output'}, 1: {'host api index': 0, 'latency': 0.09000000357627869, 'default sr': 44100, 'name': u'Speakers / Headphones (Realtek '}, 2: {'host api index': 1, 'latency': 0.11999999731779099, 'default sr': 44100, 'name': u'Primary Sound Driver'}, 3: {'host api index': 1, 'latency': 0.11999999731779099, 'default sr': 44100, 'name': u'Speakers / Headphones (Realtek High Definition Audio)'}, 4: {'host api index': 2, 'latency': 0.008707483299076557, 'default sr': 44100, 'name': u'Realtek ASIO'}, 5: {'host api index': 3, 'latency': 0.003000000026077032, 'default sr': 48000, 'name': u'Speakers / Headphones (Realtek High Definition Audio)'}}
    systemPyoVersion: 0.8.0
    systemRebooted: System Boot Time:          8/8/2018, 2:09:58 AM
    systemSec.pythonSSL: True
    systemTimeNumpySD1000000_sec: 0.0082
    systemUser: kcao7818
    systemUserID: 1000
    systemUserProcCmdPid: LabStatsUserSpace.exe dwm.exe TiWorker.exe CmRcService.exe nierserver.exe LabStatsClient.exe tagsrv.exe SearchUI.exe OneDrive.exe nipxism.exe SettingSyncHost.exe TrustedInstaller.exe niLxiDiscovery.exe SecurityHealthService.exe redirector.exe SearchProtocolHost.exe server_admin.exe pc-client.exe lkads.exe svchost.exe smartscreen.exe ni_usbmon.exe AGSService.exe System SISIDSService.exe IntelCpHeciSvc.exe SelfServicePlugin.exe explorer.exe smss.exe ApplicationWebServer.exe RuntimeBroker.exe acrotray.exe IntelCpHDCPSvc.exe niauth_daemon.exe cmd.exe nidmsrv.exe Receiver.exe SISIPSService.exe lktsrv.exe lsass.exe python.exe RtkNGUI64.exe sisipsutil.exe AdobeUpdateService.exe armsvc.exe ssonsvr.exe concentr.exe nidevldu.exe taskhostw.exe ctfmon.exe RAVBg64.exe ''Memory Compression'' NIWebServiceContainer.exe nimxs.exe RtkAudioService64.exe SystemWebServer.exe tasklist.exe snowagent.exe CcmExec.exe SearchFilterHost.exe SmcGui.exe nicitdl5.exe ''System Idle Process'' services.exe niDiscSvc.exe sqlwriter.exe MSASCuiL.exe SCNotification.exe nimdnsResponder.exe server_runtime.exe sihost.exe spoolsv.exe wininit.exe winlogon.exe ShellExperienceHost.exe nidevmon.exe SearchIndexer.exe csrss.exe WmiPrvSE.exe audiodg.exe fontdrvhost.exe unsecapp.exe ccSvcHst.exe wfcrun32.exe nisvcloc.exe server_eventlog.exe lkcitdl.exe AuthManSvr.exe conhost.exe
    systemUserProcCount: 180
    systemUserProcFlagged: Explorer
    systemUsersCount: False
  #[[ Window ]] #---------
    windowWinType: pyglet
    windowWaitBlanking: False
    windowUseNativeGamma: True
    windowUnits: deg
    windowSize_pix: [1920 1080]
    windowScreen: 0
    windowRgb: [-0.7 -0.7 -0.7]
    windowRefreshTimeSD_ms: 0.179
    windowRefreshTimeMedian_ms: 16.674
    windowRefreshTimeAvg_ms: 16.671
    windowRefreshThreshold_sec: 0.0200
    windowRecordFrameIntervals: False
    windowPos_pix: [0, 0]
    windowMonitor.name: testmonitor
    windowMonitor.getWidth_cm: 57.0
    windowMonitor.getLinearizeMethod: 1
    windowMonitor.getGammaGrid: [[  0.   1.   1.  nan  nan  nan]
 [  0.   1.   1.  nan  nan  nan]
 [  0.   1.   1.  nan  nan  nan]
 [  0.   1.   1.  nan  nan  nan]]
    windowMonitor.getDistance_cm: 57.0
    windowMonitor.gammaInterpolator2: None
    windowMonitor.gammaInterpolator: None
    windowMonitor.currentCalibName: 2018_08_08 10:21
    windowIsFullScr: True
    windowHaveShaders: True
    windowAllowGUI: False
  #[[ Python ]] #---------
    pythonWxVersion: 3.0.2.0 msw (classic)
    pythonVersion: 2.7.11
    pythonScipyVersion: 0.17.1
    pythonPygletVersion: 1.2.4
    pythonPygameVersion: 1.9.2pre
    pythonNumpyVersion: 1.11.0
    pythonMatplotlibVersion: 1.5.1
    pythonFullVersion: 2.7.11 (v2.7.11:6d1b6a68f775, Dec  5 2015, 20:32:19) [MSC v.1500 32 bit (Intel)]
    pythonExecutable: C:\Program Files (x86)\PsychoPy2\python.exe
  #[[ OpenGL ]] #---------
    openGLVersion: 4.5.0 - Build 22.20.16.4836
    openGLVendor: Intel
    openGLRenderingEngine: Intel(R) HD Graphics 530
    openGLmaxVerticesInVertexArray: 1048576
    False: openGLext.GL_STEREO
    True: openGLext.GL_EXT_framebuffer_object
    True: openGLext.GL_ARB_vertex_shader
    True: openGLext.GL_ARB_texture_non_power_of_two
    True: openGLext.GL_ARB_texture_float
    True: openGLext.GL_ARB_shader_objects
    True: openGLext.GL_ARB_multitexture
    True: openGLext.GL_ARB_fragment_program
#[ PsychoPy2 RuntimeInfoEnd ]

192.4984 	EXP 	window1: recordFrameIntervals = True
193.3317 	EXP 	window1: recordFrameIntervals = False
193.3321 	INFO 	Frames per second ~=60.2, which is close enough to desired val of 60.0
193.8218 	EXP 	Created sequence: random, trialTypes=12, nReps=30, seed=None
193.9494 	INFO 	Mouse: using default window
193.9688 	EXP 	Created OKrespZone = GratingStim(autoDraw=False, autoLog=True, color=array([ 1.,  1.,  1.]), colorSpace='rgb', contrast=1.0, depth=0, interpolate=False, mask='gauss', maskParams=None, name='OKrespZone', opacity=1.0, ori=0.0, phase=array([ 0.,  0.]), pos=array([ 0.  ,  0.88]), rgbPedestal=array([ 0.,  0.,  0.]), sf=array([ 0.,  0.]), size=array([ 2. ,  0.2]), tex='sin', texRes=256, units='norm', win=Window(...))
219.9274 	DATA 	Mouse: Left button down, pos=(915,530)
220.0153 	DATA 	Mouse:  Left button up, pos=(915,530)
222.7114 	DATA 	Mouse: Left button down, pos=(1574,895)
222.8071 	DATA 	Mouse:  Left button up, pos=(1574,895)
225.5038 	DATA 	Mouse: Left button down, pos=(1511,255)
225.5913 	DATA 	Mouse:  Left button up, pos=(1511,255)
230.3114 	DATA 	Mouse: Left button down, pos=(498,459)
230.4071 	DATA 	Mouse:  Left button up, pos=(498,459)
232.4803 	DATA 	Mouse: Left button down, pos=(295,535)
232.5673 	DATA 	Mouse:  Left button up, pos=(295,535)
233.2954 	DATA 	Mouse: Left button down, pos=(306,602)
233.3753 	DATA 	Mouse:  Left button up, pos=(307,603)
234.9916 	DATA 	Mouse: Left button down, pos=(89,752)
235.0873 	DATA 	Mouse:  Left button up, pos=(89,752)
236.2955 	DATA 	Mouse: Left button down, pos=(129,947)
236.3832 	DATA 	Mouse:  Left button up, pos=(129,947)
238.7361 	DATA 	Mouse: Left button down, pos=(890,954)
238.8153 	DATA 	Mouse:  Left button up, pos=(890,954)
240.5994 	DATA 	Mouse: Left button down, pos=(509,183)
240.6952 	DATA 	Mouse:  Left button up, pos=(509,183)
242.4795 	DATA 	Mouse: Left button down, pos=(1000,1007)
242.4967 	INFO 	Experiment will have 360 trials. Letters will be drawn with superposed noise of 0.00%
242.5147 	EXP 	New trial (rep=0, index=0): {'leftStreamFlip': False, 'oneTarget': True, 'trialInstructionPos': (0, -1), 'probe': 'both', 'rightStreamFlip': False, 'horizVert': False, 'ISIframes': 2, 'rightResponseFirst': True}
242.5148 	INFO 	Starting main part of experiment
242.5663 	DATA 	Mouse:  Left button up, pos=(1000,1007)
243.6984 	INFO 	numtrials=360 and this trialDurFrames=28 or 466.666666667 ms  task=T1
245.7318 	EXP 	window1: recordFrameIntervals = False
245.7408 	INFO 	Mouse: using default window
248.5157 	DATA 	Keypress: f
249.0170 	DATA 	Keypress: e
250.2657 	DATA 	Keypress: backspace
250.9159 	DATA 	Keypress: r
251.2317 	DATA 	Keypress: e
251.4022 	EXP 	New trial (rep=0, index=1): {'leftStreamFlip': False, 'oneTarget': False, 'trialInstructionPos': (0, -1), 'probe': 'both', 'rightStreamFlip': False, 'horizVert': False, 'ISIframes': 2, 'rightResponseFirst': False}
251.4025 	DATA 	Keypress: e
260.9150 	INFO 	numtrials=360 and this trialDurFrames=22 or 366.666666667 ms  task=T1
262.9152 	EXP 	window1: recordFrameIntervals = False
262.9223 	INFO 	Mouse: using default window
266.7823 	DATA 	Keypress: p
267.0328 	DATA 	Keypress: e
267.1323 	DATA 	Keypress: r
269.8174 	DATA 	Keypress: s
270.2327 	DATA 	Keypress: e
271.4004 	DATA 	Keypress: t
271.5680 	EXP 	New trial (rep=0, index=2): {'leftStreamFlip': False, 'oneTarget': False, 'trialInstructionPos': (0, 1), 'probe': 'both', 'rightStreamFlip': False, 'horizVert': False, 'ISIframes': 2, 'rightResponseFirst': True}
271.5813 	INFO 	numtrials=360 and this trialDurFrames=18 or 300.0 ms  task=T1
273.3146 	EXP 	window1: recordFrameIntervals = False
273.3219 	INFO 	Mouse: using default window
277.3824 	DATA 	Keypress: w
277.5989 	DATA 	Keypress: e
277.8168 	DATA 	Keypress: b
280.2490 	DATA 	Keypress: l
280.4158 	DATA 	Keypress: a
280.5489 	DATA 	Keypress: y
280.6948 	EXP 	New trial (rep=0, index=3): {'leftStreamFlip': False, 'oneTarget': False, 'trialInstructionPos': (0, -1), 'probe': 'both', 'rightStreamFlip': False, 'horizVert': False, 'ISIframes': 2, 'rightResponseFirst': True}
280.7146 	INFO 	numtrials=360 and this trialDurFrames=18 or 300.0 ms  task=T1
282.0153 	EXP 	window1: recordFrameIntervals = False
282.0224 	INFO 	Mouse: using default window
283.8661 	DATA 	Keypress: n
284.6003 	DATA 	Keypress: o
284.7324 	DATA 	Keypress: t
287.5323 	DATA 	Keypress: n
288.2493 	DATA 	Keypress: e
288.3823 	DATA 	Keypress: t
288.5307 	EXP 	New trial (rep=0, index=4): {'leftStreamFlip': False, 'oneTarget': False, 'trialInstructionPos': (0, 1), 'probe': 'both', 'rightStreamFlip': False, 'horizVert': False, 'ISIframes': 2, 'rightResponseFirst': True}
296.8817 	INFO 	numtrials=360 and this trialDurFrames=14 or 233.333333333 ms  task=T1
298.0484 	EXP 	window1: recordFrameIntervals = False
298.0558 	INFO 	Mouse: using default window
300.0826 	DATA 	Keypress: j
300.7490 	DATA 	Keypress: a
300.9657 	DATA 	Keypress: r
302.0824 	DATA 	Keypress: r
302.7993 	DATA 	Keypress: e
302.9325 	DATA 	Keypress: a
303.0783 	EXP 	New trial (rep=0, index=5): {'leftStreamFlip': False, 'oneTarget': False, 'trialInstructionPos': (0, 1), 'probe': 'both', 'rightStreamFlip': False, 'horizVert': False, 'ISIframes': 2, 'rightResponseFirst': False}
303.0978 	INFO 	numtrials=360 and this trialDurFrames=4 or 66.6666666667 ms  task=T1
304.2318 	EXP 	window1: recordFrameIntervals = False
304.2386 	INFO 	Mouse: using default window
306.1655 	DATA 	Keypress: r
306.2822 	DATA 	Keypress: e
306.3990 	DATA 	Keypress: a
307.4162 	DATA 	Keypress: b
307.5490 	DATA 	Keypress: a
307.9823 	DATA 	Keypress: r
308.1296 	EXP 	New trial (rep=0, index=6): {'leftStreamFlip': False, 'oneTarget': True, 'trialInstructionPos': (0, -1), 'probe': 'both', 'rightStreamFlip': False, 'horizVert': False, 'ISIframes': 2, 'rightResponseFirst': False}
308.1478 	INFO 	numtrials=360 and this trialDurFrames=4 or 66.6666666667 ms  task=T1
309.1985 	EXP 	window1: recordFrameIntervals = False
309.2054 	INFO 	Mouse: using default window
310.9657 	DATA 	Keypress: d
311.1658 	DATA 	Keypress: o
311.2992 	DATA 	Keypress: t
311.4432 	EXP 	New trial (rep=0, index=7): {'leftStreamFlip': False, 'oneTarget': True, 'trialInstructionPos': (0, 1), 'probe': 'both', 'rightStreamFlip': False, 'horizVert': False, 'ISIframes': 2, 'rightResponseFirst': False}
311.4645 	INFO 	numtrials=360 and this trialDurFrames=4 or 66.6666666667 ms  task=T1
312.6483 	EXP 	window1: recordFrameIntervals = False
312.6552 	INFO 	Mouse: using default window
313.9491 	DATA 	Keypress: q
314.0993 	DATA 	Keypress: h
315.2823 	DATA 	Keypress: backspace
315.4002 	DATA 	Keypress: backspace
315.9490 	DATA 	Keypress: w
316.1658 	DATA 	Keypress: h
316.2660 	DATA 	Keypress: o
316.4130 	EXP 	New trial (rep=0, index=8): {'leftStreamFlip': False, 'oneTarget': False, 'trialInstructionPos': (0, -1), 'probe': 'both', 'rightStreamFlip': False, 'horizVert': False, 'ISIframes': 2, 'rightResponseFirst': True}
316.4311 	INFO 	numtrials=360 and this trialDurFrames=4 or 66.6666666667 ms  task=T1
317.6485 	EXP 	window1: recordFrameIntervals = False
317.6554 	INFO 	Mouse: using default window
319.9158 	DATA 	Keypress: s
320.0657 	DATA 	Keypress: i
320.0660 	DATA 	Keypress: d
321.1156 	DATA 	Keypress: backspace
321.6824 	DATA 	Keypress: i
321.7824 	DATA 	Keypress: d
322.7658 	DATA 	Keypress: s
322.8991 	DATA 	Keypress: i
322.9835 	DATA 	Keypress: d
323.1465 	EXP 	New trial (rep=0, index=9): {'leftStreamFlip': False, 'oneTarget': False, 'trialInstructionPos': (0, 1), 'probe': 'both', 'rightStreamFlip': False, 'horizVert': False, 'ISIframes': 2, 'rightResponseFirst': False}
323.1645 	INFO 	numtrials=360 and this trialDurFrames=5 or 83.3333333333 ms  task=T1
324.3650 	EXP 	window1: recordFrameIntervals = False
324.3724 	INFO 	Mouse: using default window
325.6325 	DATA 	Keypress: h
325.7836 	DATA 	Keypress: o
325.9491 	DATA 	Keypress: w
326.6171 	DATA 	Keypress: s
326.7491 	DATA 	Keypress: e
326.9840 	DATA 	Keypress: t
327.1483 	EXP 	New trial (rep=0, index=10): {'leftStreamFlip': False, 'oneTarget': False, 'trialInstructionPos': (0, -1), 'probe': 'both', 'rightStreamFlip': False, 'horizVert': False, 'ISIframes': 2, 'rightResponseFirst': False}
327.1645 	INFO 	numtrials=360 and this trialDurFrames=5 or 83.3333333333 ms  task=T1
328.3151 	EXP 	window1: recordFrameIntervals = False
328.3229 	INFO 	Mouse: using default window
329.7491 	DATA 	Keypress: s
329.9156 	DATA 	Keypress: a
330.1652 	DATA 	Keypress: t
331.3324 	DATA 	Keypress: s
331.4329 	DATA 	Keypress: e
331.6165 	DATA 	Keypress: a
331.7621 	EXP 	New trial (rep=0, index=11): {'leftStreamFlip': False, 'oneTarget': True, 'trialInstructionPos': (0, 1), 'probe': 'both', 'rightStreamFlip': False, 'horizVert': False, 'ISIframes': 2, 'rightResponseFirst': True}
331.7812 	INFO 	numtrials=360 and this trialDurFrames=6 or 100.0 ms  task=T1
333.0317 	EXP 	window1: recordFrameIntervals = False
333.0391 	INFO 	Mouse: using default window
334.1838 	DATA 	Keypress: f
334.3990 	DATA 	Keypress: e
334.5488 	DATA 	Keypress: w
334.6913 	EXP 	New trial (rep=1, index=0): {'leftStreamFlip': False, 'oneTarget': False, 'trialInstructionPos': (0, -1), 'probe': 'both', 'rightStreamFlip': False, 'horizVert': False, 'ISIframes': 2, 'rightResponseFirst': False}
334.7145 	INFO 	numtrials=360 and this trialDurFrames=6 or 100.0 ms  task=T1
335.9651 	EXP 	window1: recordFrameIntervals = False
335.9723 	INFO 	Mouse: using default window
337.6325 	DATA 	Keypress: a
339.1491 	DATA 	Keypress: r
339.2656 	DATA 	Keypress: e
343.0657 	DATA 	Keypress: t
343.1990 	DATA 	Keypress: y
343.3323 	DATA 	Keypress: e
343.4759 	EXP 	New trial (rep=1, index=1): {'leftStreamFlip': False, 'oneTarget': True, 'trialInstructionPos': (0, -1), 'probe': 'both', 'rightStreamFlip': False, 'horizVert': False, 'ISIframes': 2, 'rightResponseFirst': False}
343.4978 	INFO 	numtrials=360 and this trialDurFrames=7 or 116.666666667 ms  task=T1
344.6150 	EXP 	window1: recordFrameIntervals = False
344.6220 	INFO 	Mouse: using default window
345.9492 	DATA 	Keypress: s
346.0489 	DATA 	Keypress: a
346.3322 	DATA 	Keypress: y
346.4773 	EXP 	New trial (rep=1, index=2): {'leftStreamFlip': False, 'oneTarget': False, 'trialInstructionPos': (0, 1), 'probe': 'both', 'rightStreamFlip': False, 'horizVert': False, 'ISIframes': 2, 'rightResponseFirst': False}
346.4978 	INFO 	numtrials=360 and this trialDurFrames=7 or 116.666666667 ms  task=T1
347.5317 	EXP 	window1: recordFrameIntervals = False
347.5394 	INFO 	Mouse: using default window
349.7322 	DATA 	Keypress: m
349.8327 	DATA 	Keypress: a
350.1158 	DATA 	Keypress: r
350.8490 	DATA 	Keypress: n
351.0161 	DATA 	Keypress: o
351.3657 	DATA 	Keypress: r
351.5126 	EXP 	New trial (rep=1, index=3): {'leftStreamFlip': False, 'oneTarget': True, 'trialInstructionPos': (0, 1), 'probe': 'both', 'rightStreamFlip': False, 'horizVert': False, 'ISIframes': 2, 'rightResponseFirst': False}
351.5314 	INFO 	numtrials=360 and this trialDurFrames=6 or 100.0 ms  task=T1
352.5985 	EXP 	window1: recordFrameIntervals = False
352.6054 	INFO 	Mouse: using default window
353.8004 	DATA 	Keypress: p
354.1837 	DATA 	Keypress: i
354.3324 	DATA 	Keypress: r
354.4741 	EXP 	New trial (rep=1, index=4): {'leftStreamFlip': False, 'oneTarget': False, 'trialInstructionPos': (0, -1), 'probe': 'both', 'rightStreamFlip': False, 'horizVert': False, 'ISIframes': 2, 'rightResponseFirst': False}
354.4979 	INFO 	numtrials=360 and this trialDurFrames=7 or 116.666666667 ms  task=T1
355.5318 	EXP 	window1: recordFrameIntervals = False
355.5387 	INFO 	Mouse: using default window
357.6491 	DATA 	Keypress: u
357.8989 	DATA 	Keypress: s
357.9821 	DATA 	Keypress: e
367.2487 	DATA 	Keypress: lshift
369.3493 	DATA 	Keypress: lctrl
369.3834 	DATA 	Keypress: lshift
370.1824 	DATA 	Keypress: lctrl
370.1825 	DATA 	Keypress: lshift
370.7158 	DATA 	Keypress: lctrl
370.7160 	DATA 	Keypress: lshift
371.1156 	DATA 	Keypress: lctrl
371.1158 	DATA 	Keypress: lshift
371.7323 	DATA 	Keypress: lwindows
566.4223 	DATA 	Mouse: Left button down, pos=(753,436)
566.5326 	DATA 	Mouse:  Left button up, pos=(753,436)
569.4657 	DATA 	Keypress: lctrl
569.4659 	DATA 	Keypress: lshift
569.6327 	DATA 	Keypress: z
569.6523 	INFO 	Stopping at 10:30 on 08 Aug 2018
569.6537 	ERROR 	user aborted experiment on keypress with trials done=16 of 361
569.6829 	INFO 	Program terminating normally.
