0.5996 	WARNING 	Monitor specification not found. Creating a temporary one...
11.3262 	DATA 	Keypress: capslock
11.7151 	EXP 	Created window1 = Window(allowGUI=False, allowStencil=False, autoLog=True, bitsMode=UNKNOWN, blendMode='avg', color=array([-0.7, -0.7, -0.7]), colorSpace='rgb', fullscr=UNKNOWN, gamma=None, lms=UNKNOWN, monitor=<psychopy.monitors.calibTools.Monitor object at 0x1A9FA170>, name='window1', pos=[0, 0], screen=0, size=array([1920, 1080]), stereo=False, units='deg', useFBO=False, useRetina=False, viewOri=0.0, viewPos=None, viewScale=None, waitBlanking=False, winType='pyglet')
11.7151 	INFO 	Mouse: using default window
11.7154 	EXP 	window1: units = 'norm'
11.7967 	EXP 	Created unnamed ImageStim = ImageStim(autoLog=True, color=array([ 1.,  1.,  1.]), colorSpace='rgb', contrast=1.0, depth=0, flipHoriz=False, flipVert=False, image=str(...), interpolate=False, mask=None, maskParams=None, name='unnamed ImageStim', opacity=1.0, ori=0.0, pos=array([-0.5,  0. ]), size=array([ 1.290625  ,  3.24814815]), texRes=128, units='norm', win=Window(...))
11.8714 	EXP 	Created unnamed ImageStim = ImageStim(autoLog=True, color=array([ 1.,  1.,  1.]), colorSpace='rgb', contrast=1.0, depth=0, flipHoriz=False, flipVert=False, image=str(...), interpolate=False, mask=None, maskParams=None, name='unnamed ImageStim', opacity=1.0, ori=0.0, pos=array([ 0.5,  0. ]), size=array([ 1.290625  ,  3.24814815]), texRes=128, units='norm', win=Window(...))
11.8873 	EXP 	Created OKrespZone = GratingStim(autoDraw=False, autoLog=True, color=array([ 1. ,  0.5,  0.5]), colorSpace='rgb', contrast=1.0, depth=0, interpolate=False, mask='gauss', maskParams=None, name='OKrespZone', opacity=1.0, ori=0.0, phase=array([ 0.,  0.]), pos=array([-0.2 , -0.92]), rgbPedestal=array([ 0.,  0.,  0.]), sf=array([ 0.,  0.]), size=array([ 2.3,  0.2]), tex='sin', texRes=256, units='norm', win=Window(...))
12.0267 	EXP 	unnamed ImageStim: size = (1, 2)
12.0267 	EXP 	unnamed ImageStim: size = (1, 2)
18.2143 	DATA 	Keypress: escape
18.9630 	DATA 	Mouse: Left button down, pos=(690,834)
19.0457 	DATA 	Mouse:  Left button up, pos=(690,834)
19.3822 	DATA 	Mouse: Left button down, pos=(1162,1080)
19.4622 	DATA 	Mouse:  Left button up, pos=(1162,1080)
19.5291 	DATA 	Mouse: Left button down, pos=(1162,1080)
19.5981 	DATA 	Mouse:  Left button up, pos=(1162,1080)
19.7985 	DATA 	Mouse: Left button down, pos=(1360,978)
19.8955 	DATA 	Mouse:  Left button up, pos=(1360,978)
20.0293 	DATA 	Mouse: Left button down, pos=(1919,1080)
20.1288 	DATA 	Mouse:  Left button up, pos=(1919,1080)
20.2291 	DATA 	Mouse: Left button down, pos=(1919,1080)
20.2955 	DATA 	Mouse:  Left button up, pos=(1919,1080)
20.3965 	DATA 	Mouse: Left button down, pos=(1919,1078)
20.4624 	DATA 	Mouse:  Left button up, pos=(1919,1074)
72.3623 	DATA 	Mouse: Left button down, pos=(919,49)
72.3786 	EXP 	window1: units = 'deg'
72.3789 	EXP 	window1: units = 'norm'
72.4012 	EXP 	Created OKrespZone = GratingStim(autoDraw=False, autoLog=True, color=array([ 1. ,  0.5,  0.5]), colorSpace='rgb', contrast=1.0, depth=0, interpolate=False, mask='gauss', maskParams=None, name='OKrespZone', opacity=1.0, ori=0.0, phase=array([ 0.,  0.]), pos=array([-0.2 , -0.92]), rgbPedestal=array([ 0.,  0.,  0.]), sf=array([ 0.,  0.]), size=array([ 2.3,  0.2]), tex='sin', texRes=256, units='norm', win=Window(...))
72.4800 	EXP 	Created unnamed ImageStim = ImageStim(autoLog=True, color=array([ 1.,  1.,  1.]), colorSpace='rgb', contrast=1.0, depth=0, flipHoriz=False, flipVert=False, image='abgdj\\PISandConsentForm\\consentForm.png', interpolate=False, mask=None, maskParams=None, name='unnamed ImageStim', opacity=1.0, ori=0.0, pos=array([ 0.,  0.]), size=array([ 1.3375    ,  2.97407407]), texRes=128, units='norm', win=Window(...))
72.5157 	EXP 	Created unnamed GratingStim = GratingStim(autoDraw=False, autoLog=True, color=array([ 1. ,  0.5,  0.5]), colorSpace='rgb', contrast=1.0, depth=0, interpolate=False, mask='gauss', maskParams=None, name='unnamed GratingStim', opacity=1.0, ori=0.0, phase=array([ 0.,  0.]), pos=array([-0.2 , -0.42]), rgbPedestal=array([ 0.,  0.,  0.]), sf=array([ 0.,  0.]), size=array([ 0.3,  0.2]), tex='sin', texRes=256, units='norm', win=Window(...))
72.5466 	EXP 	Created unnamed GratingStim = GratingStim(autoDraw=False, autoLog=True, color=array([ 1. ,  0.5,  0.5]), colorSpace='rgb', contrast=1.0, depth=0, interpolate=False, mask='gauss', maskParams=None, name='unnamed GratingStim', opacity=1.0, ori=0.0, phase=array([ 0.,  0.]), pos=array([ 0.1 , -0.42]), rgbPedestal=array([ 0.,  0.,  0.]), sf=array([ 0.,  0.]), size=array([ 0.3,  0.2]), tex='sin', texRes=256, units='norm', win=Window(...))
72.5677 	EXP 	Created unnamed GratingStim = GratingStim(autoDraw=False, autoLog=True, color=array([ 1. ,  0.5,  0.5]), colorSpace='rgb', contrast=1.0, depth=0, interpolate=False, mask='gauss', maskParams=None, name='unnamed GratingStim', opacity=1.0, ori=0.0, phase=array([ 0.,  0.]), pos=array([-0.2 , -0.72]), rgbPedestal=array([ 0.,  0.,  0.]), sf=array([ 0.,  0.]), size=array([ 0.3,  0.2]), tex='sin', texRes=256, units='norm', win=Window(...))
72.5885 	EXP 	Created unnamed GratingStim = GratingStim(autoDraw=False, autoLog=True, color=array([ 1. ,  0.5,  0.5]), colorSpace='rgb', contrast=1.0, depth=0, interpolate=False, mask='gauss', maskParams=None, name='unnamed GratingStim', opacity=1.0, ori=0.0, phase=array([ 0.,  0.]), pos=array([ 0.1 , -0.72]), rgbPedestal=array([ 0.,  0.,  0.]), sf=array([ 0.,  0.]), size=array([ 0.3,  0.2]), tex='sin', texRes=256, units='norm', win=Window(...))
72.5912 	DATA 	Mouse:  Left button up, pos=(919,49)
72.5968 	EXP 	unnamed ImageStim: size = (1.1, 2)
90.1626 	DATA 	Mouse: Left button down, pos=(801,312)
90.2956 	DATA 	Mouse:  Left button up, pos=(801,312)
91.6458 	DATA 	Mouse: Left button down, pos=(790,150)
91.7496 	DATA 	Mouse:  Left button up, pos=(790,150)
94.1790 	DATA 	Mouse: Left button down, pos=(768,35)
94.1954 	EXP 	window1: units = 'deg'
94.2021 	EXP 	window1: mouseVisible = True
107.4318 	EXP 	Created window1 = Window(allowGUI=False, allowStencil=False, autoLog=True, bitsMode=UNKNOWN, blendMode='avg', color=array([-0.7, -0.7, -0.7]), colorSpace='rgb', fullscr=UNKNOWN, gamma=None, lms=UNKNOWN, monitor=<psychopy.monitors.calibTools.Monitor object at 0x1A9FA170>, name='window1', pos=[0, 0], screen=0, size=array([1920, 1080]), stereo=False, units='deg', useFBO=False, useRetina=False, viewOri=0.0, viewPos=None, viewScale=None, waitBlanking=False, winType='pyglet')
111.7648 	INFO 	#[ PsychoPy2 RuntimeInfoStart ]
  #[[ PsychoPy ]] #---------
    psychopyVersion: 1.84.2
    psychopyHaveExtRush: True
  #[[ Experiment ]] #---------
    experimentAuthor: None
    experimentAuthVersion: None
    experimentRunTime: 2018_08_09 12:08 (Year_Month_Day Hour:Min)
    experimentRunTime.epoch: 1533780494
    experimentScript: psyc1002.py
    experimentScript.digestSHA1: 03993779484d600ea4c1b8cc2288f3d37a5025d5
    experimentScript.directory: U:\PSYC1002\abgdj
  #[[ System ]] #---------
    systemHaveInternetAccess: True
    systemHostName: W5FGYKG2
    systemLocale: English_Australia.1252
    systemMemFreeRAM: 4194.625
    systemMemTotalRAM: 8076.9453125
    systemPlatform: windowsversion=sys.getwindowsversion(major=6, minor=2, build=9200, platform=2, service_pack='')
    systemPyo.InputDevices: {4: {'host api index': 2, 'latency': 0.008707483299076557, 'default sr': 44100, 'name': u'Realtek ASIO'}}
    systemPyo.OutputDevices: {0: {'host api index': 0, 'latency': 0.09000000357627869, 'default sr': 44100, 'name': u'Microsoft Sound Mapper - Output'}, 1: {'host api index': 0, 'latency': 0.09000000357627869, 'default sr': 44100, 'name': u'Speakers / Headphones (Realtek '}, 2: {'host api index': 1, 'latency': 0.11999999731779099, 'default sr': 44100, 'name': u'Primary Sound Driver'}, 3: {'host api index': 1, 'latency': 0.11999999731779099, 'default sr': 44100, 'name': u'Speakers / Headphones (Realtek High Definition Audio)'}, 4: {'host api index': 2, 'latency': 0.008707483299076557, 'default sr': 44100, 'name': u'Realtek ASIO'}, 5: {'host api index': 3, 'latency': 0.003000000026077032, 'default sr': 48000, 'name': u'Speakers / Headphones (Realtek High Definition Audio)'}}
    systemPyoVersion: 0.8.0
    systemRebooted: System Boot Time:          9/08/2018, 2:23:22 AM
    systemSec.pythonSSL: True
    systemTimeNumpySD1000000_sec: 0.0079
    systemUser: kche8559
    systemUserID: 1000
    systemUserProcCmdPid: LabStatsUserSpace.exe dwm.exe TiWorker.exe CmRcService.exe nierserver.exe LabStatsClient.exe tagsrv.exe SearchUI.exe OneDrive.exe nipxism.exe WmiPrvSE.exe niLxiDiscovery.exe SecurityHealthService.exe redirector.exe SearchProtocolHost.exe server_admin.exe pc-client.exe lkads.exe svchost.exe smartscreen.exe ni_usbmon.exe AGSService.exe System SISIDSService.exe SelfServicePlugin.exe explorer.exe smss.exe ApplicationWebServer.exe RuntimeBroker.exe acrotray.exe niauth_daemon.exe cmd.exe nidmsrv.exe Receiver.exe SISIPSService.exe lktsrv.exe lsass.exe python.exe RtkNGUI64.exe sisipsutil.exe AdobeUpdateService.exe armsvc.exe ssonsvr.exe concentr.exe nidevldu.exe taskhostw.exe ctfmon.exe RAVBg64.exe ''Memory Compression'' NIWebServiceContainer.exe nimxs.exe RtkAudioService64.exe SystemWebServer.exe tasklist.exe snowagent.exe CcmExec.exe SearchFilterHost.exe SmcGui.exe nicitdl5.exe ''System Idle Process'' services.exe niDiscSvc.exe sqlwriter.exe MSASCuiL.exe SCNotification.exe nimdnsResponder.exe server_runtime.exe sihost.exe backgroundTaskHost.exe spoolsv.exe wininit.exe winlogon.exe ShellExperienceHost.exe nidevmon.exe SearchIndexer.exe csrss.exe TrustedInstaller.exe audiodg.exe fontdrvhost.exe unsecapp.exe ccSvcHst.exe wfcrun32.exe nisvcloc.exe server_eventlog.exe lkcitdl.exe AuthManSvr.exe conhost.exe
    systemUserProcCount: 178
    systemUserProcFlagged: Explorer
    systemUsersCount: False
  #[[ Window ]] #---------
    windowWinType: pyglet
    windowWaitBlanking: False
    windowUseNativeGamma: True
    windowUnits: deg
    windowSize_pix: [1920 1080]
    windowScreen: 0
    windowRgb: [-0.7 -0.7 -0.7]
    windowRefreshTimeSD_ms: 0.240
    windowRefreshTimeMedian_ms: 16.675
    windowRefreshTimeAvg_ms: 16.663
    windowRefreshThreshold_sec: 0.0199
    windowRecordFrameIntervals: False
    windowPos_pix: [0, 0]
    windowMonitor.name: testmonitor
    windowMonitor.getWidth_cm: 57.0
    windowMonitor.getLinearizeMethod: 1
    windowMonitor.getGammaGrid: [[  0.   1.   1.  nan  nan  nan]
 [  0.   1.   1.  nan  nan  nan]
 [  0.   1.   1.  nan  nan  nan]
 [  0.   1.   1.  nan  nan  nan]]
    windowMonitor.getDistance_cm: 57.0
    windowMonitor.gammaInterpolator2: None
    windowMonitor.gammaInterpolator: None
    windowMonitor.currentCalibName: 2018_08_09 12:06
    windowIsFullScr: True
    windowHaveShaders: True
    windowAllowGUI: False
  #[[ Python ]] #---------
    pythonWxVersion: 3.0.2.0 msw (classic)
    pythonVersion: 2.7.11
    pythonScipyVersion: 0.17.1
    pythonPygletVersion: 1.2.4
    pythonPygameVersion: 1.9.2pre
    pythonNumpyVersion: 1.11.0
    pythonMatplotlibVersion: 1.5.1
    pythonFullVersion: 2.7.11 (v2.7.11:6d1b6a68f775, Dec  5 2015, 20:32:19) [MSC v.1500 32 bit (Intel)]
    pythonExecutable: C:\Program Files (x86)\PsychoPy2\python.exe
  #[[ OpenGL ]] #---------
    openGLVersion: 4.4.0 - Build 20.19.15.4531
    openGLVendor: Intel
    openGLRenderingEngine: Intel(R) HD Graphics 530
    openGLmaxVerticesInVertexArray: 1048576
    False: openGLext.GL_STEREO
    True: openGLext.GL_EXT_framebuffer_object
    True: openGLext.GL_ARB_vertex_shader
    True: openGLext.GL_ARB_texture_non_power_of_two
    True: openGLext.GL_ARB_texture_float
    True: openGLext.GL_ARB_shader_objects
    True: openGLext.GL_ARB_multitexture
    True: openGLext.GL_ARB_fragment_program
#[ PsychoPy2 RuntimeInfoEnd ]

111.8121 	EXP 	window1: recordFrameIntervals = True
112.6464 	EXP 	window1: recordFrameIntervals = False
112.6471 	INFO 	Frames per second ~=60.0, which is close enough to desired val of 60.0
113.1502 	EXP 	Created sequence: random, trialTypes=12, nReps=30, seed=None
113.2720 	INFO 	Mouse: using default window
113.2945 	EXP 	Created OKrespZone = GratingStim(autoDraw=False, autoLog=True, color=array([ 1.,  1.,  1.]), colorSpace='rgb', contrast=1.0, depth=0, interpolate=False, mask='gauss', maskParams=None, name='OKrespZone', opacity=1.0, ori=0.0, phase=array([ 0.,  0.]), pos=array([ 0.  ,  0.88]), rgbPedestal=array([ 0.,  0.,  0.]), sf=array([ 0.,  0.]), size=array([ 2. ,  0.2]), tex='sin', texRes=256, units='norm', win=Window(...))
126.3236 	DATA 	Mouse: Left button down, pos=(137,183)
126.4594 	DATA 	Mouse:  Left button up, pos=(137,183)
143.4360 	DATA 	Mouse: Left button down, pos=(1693,745)
143.5634 	DATA 	Mouse:  Left button up, pos=(1694,744)
145.3077 	DATA 	Mouse: Left button down, pos=(1721,682)
145.4114 	DATA 	Mouse:  Left button up, pos=(1721,682)
160.4838 	DATA 	Mouse: Left button down, pos=(197,1017)
160.5954 	DATA 	Mouse:  Left button up, pos=(197,1017)
161.9397 	DATA 	Mouse: Left button down, pos=(198,1015)
162.0354 	DATA 	Mouse:  Left button up, pos=(198,1015)
170.1557 	DATA 	Mouse: Left button down, pos=(983,524)
170.2913 	DATA 	Mouse:  Left button up, pos=(983,524)
171.6601 	DATA 	Mouse: Left button down, pos=(983,526)
171.7315 	DATA 	Mouse:  Left button up, pos=(983,526)
175.1636 	DATA 	Mouse: Left button down, pos=(779,952)
175.2674 	DATA 	Mouse:  Left button up, pos=(779,952)
184.7237 	DATA 	Mouse: Left button down, pos=(1331,36)
184.8274 	DATA 	Mouse:  Left button up, pos=(1331,36)
186.2757 	DATA 	Mouse: Left button down, pos=(1487,258)
186.3874 	DATA 	Mouse:  Left button up, pos=(1485,259)
189.0518 	DATA 	Mouse: Left button down, pos=(1327,817)
189.1714 	DATA 	Mouse:  Left button up, pos=(1327,817)
198.0196 	DATA 	Mouse: Left button down, pos=(384,607)
198.1234 	DATA 	Mouse:  Left button up, pos=(384,607)
202.7166 	DATA 	Mouse: Left button down, pos=(94,472)
202.7958 	DATA 	Mouse:  Left button up, pos=(94,472)
204.5638 	DATA 	Mouse: Left button down, pos=(166,399)
204.6514 	DATA 	Mouse:  Left button up, pos=(166,399)
214.3636 	DATA 	Mouse: Left button down, pos=(573,51)
214.4593 	DATA 	Mouse:  Left button up, pos=(573,51)
217.0926 	DATA 	Mouse: Left button down, pos=(757,607)
217.1794 	DATA 	Mouse:  Left button up, pos=(757,607)
218.7715 	DATA 	Mouse: Left button down, pos=(754,177)
218.8514 	DATA 	Mouse:  Left button up, pos=(754,177)
222.7558 	DATA 	Mouse: Left button down, pos=(955,537)
222.8354 	DATA 	Mouse:  Left button up, pos=(955,537)
224.7398 	DATA 	Mouse: Left button down, pos=(935,115)
224.8122 	DATA 	Mouse:  Left button up, pos=(935,115)
226.2443 	DATA 	Mouse: Left button down, pos=(1130,948)
226.3394 	DATA 	Mouse:  Left button up, pos=(1130,948)
227.9397 	DATA 	Mouse: Left button down, pos=(1127,949)
228.0355 	DATA 	Mouse:  Left button up, pos=(1127,949)
230.8763 	DATA 	Mouse: Left button down, pos=(1164,812)
230.9633 	DATA 	Mouse:  Left button up, pos=(1164,812)
231.6355 	DATA 	Mouse: Left button down, pos=(1191,677)
231.7154 	DATA 	Mouse:  Left button up, pos=(1191,677)
233.3317 	DATA 	Mouse: Left button down, pos=(1125,813)
233.4194 	DATA 	Mouse:  Left button up, pos=(1125,813)
235.0757 	DATA 	Mouse: Left button down, pos=(1143,334)
235.1714 	DATA 	Mouse:  Left button up, pos=(1143,334)
240.1076 	DATA 	Mouse: Left button down, pos=(1125,338)
240.1874 	DATA 	Mouse:  Left button up, pos=(1125,338)
246.4441 	DATA 	Mouse: Left button down, pos=(1723,604)
246.5314 	DATA 	Mouse:  Left button up, pos=(1723,604)
246.9796 	DATA 	Mouse: Left button down, pos=(1740,669)
247.0674 	DATA 	Mouse:  Left button up, pos=(1740,669)
255.1315 	DATA 	Mouse: Left button down, pos=(1571,39)
255.2121 	DATA 	Mouse:  Left button up, pos=(1571,39)
258.0519 	DATA 	Mouse: Left button down, pos=(544,404)
258.1394 	DATA 	Mouse:  Left button up, pos=(544,404)
258.5234 	DATA 	Mouse: Left button down, pos=(544,404)
258.6274 	DATA 	Mouse:  Left button up, pos=(544,403)
265.5322 	DATA 	Mouse: Left button down, pos=(523,612)
265.6124 	DATA 	Mouse:  Left button up, pos=(523,612)
273.7317 	DATA 	Mouse: Left button down, pos=(156,817)
273.7916 	DATA 	Mouse:  Left button up, pos=(156,817)
281.9237 	DATA 	Mouse: Left button down, pos=(1137,260)
281.9882 	DATA 	Mouse:  Left button up, pos=(1137,260)
282.7556 	DATA 	Mouse: Left button down, pos=(1335,467)
282.8136 	DATA 	Mouse:  Left button up, pos=(1335,467)
283.5167 	DATA 	Mouse: Left button down, pos=(1479,676)
283.6034 	DATA 	Mouse:  Left button up, pos=(1479,676)
284.0598 	DATA 	Mouse: Left button down, pos=(1503,758)
284.1394 	DATA 	Mouse:  Left button up, pos=(1502,757)
284.3640 	DATA 	Mouse: Left button down, pos=(1500,821)
284.4276 	DATA 	Mouse:  Left button up, pos=(1500,821)
284.6277 	DATA 	Mouse: Left button down, pos=(1503,907)
284.6994 	DATA 	Mouse:  Left button up, pos=(1503,907)
285.1958 	DATA 	Mouse: Left button down, pos=(1498,899)
285.2834 	DATA 	Mouse:  Left button up, pos=(1498,899)
285.5476 	DATA 	Mouse: Left button down, pos=(1492,828)
285.6513 	DATA 	Mouse:  Left button up, pos=(1492,826)
286.5317 	DATA 	Mouse: Left button down, pos=(1528,667)
286.6194 	DATA 	Mouse:  Left button up, pos=(1528,667)
287.2998 	DATA 	Mouse: Left button down, pos=(1527,681)
287.3714 	DATA 	Mouse:  Left button up, pos=(1527,681)
288.2924 	DATA 	Mouse: Left button down, pos=(1750,950)
288.3716 	DATA 	Mouse:  Left button up, pos=(1750,951)
289.2595 	DATA 	Mouse: Left button down, pos=(168,1021)
289.2806 	INFO 	Experiment will have 360 trials. Letters will be drawn with superposed noise of 0.00%
289.2982 	EXP 	New trial (rep=0, index=0): {'leftStreamFlip': False, 'oneTarget': False, 'trialInstructionPos': (0, -1), 'probe': 'both', 'rightStreamFlip': False, 'horizVert': False, 'ISIframes': 2, 'rightResponseFirst': False}
289.2983 	INFO 	Starting main part of experiment
289.3794 	DATA 	Mouse:  Left button up, pos=(168,1021)
290.4788 	INFO 	numtrials=360 and this trialDurFrames=28 or 466.666666667 ms  task=T1
292.5623 	EXP 	window1: recordFrameIntervals = False
292.5737 	INFO 	Mouse: using default window
296.0127 	DATA 	Keypress: c
296.1486 	DATA 	Keypress: a
296.5125 	DATA 	Keypress: r
298.2291 	DATA 	Keypress: p
298.3793 	DATA 	Keypress: o
298.5294 	DATA 	Keypress: p
298.7662 	EXP 	New trial (rep=0, index=1): {'leftStreamFlip': False, 'oneTarget': False, 'trialInstructionPos': (0, 1), 'probe': 'both', 'rightStreamFlip': False, 'horizVert': False, 'ISIframes': 2, 'rightResponseFirst': False}
306.2292 	DATA 	Mouse: Left button down, pos=(1345,641)
306.3295 	DATA 	Mouse:  Left button up, pos=(1345,641)
308.2792 	INFO 	numtrials=360 and this trialDurFrames=22 or 366.666666667 ms  task=T1
310.0957 	EXP 	window1: recordFrameIntervals = False
310.1043 	INFO 	Mouse: using default window
311.9796 	DATA 	Keypress: h
312.1125 	DATA 	Keypress: i
312.2463 	DATA 	Keypress: t
313.1626 	DATA 	Keypress: o
313.2959 	DATA 	Keypress: d
313.4126 	DATA 	Keypress: d
313.5596 	EXP 	New trial (rep=0, index=2): {'leftStreamFlip': False, 'oneTarget': False, 'trialInstructionPos': (0, -1), 'probe': 'both', 'rightStreamFlip': False, 'horizVert': False, 'ISIframes': 2, 'rightResponseFirst': True}
313.5797 	INFO 	numtrials=360 and this trialDurFrames=18 or 300.0 ms  task=T1
315.4624 	EXP 	window1: recordFrameIntervals = False
315.4719 	INFO 	Mouse: using default window
317.2126 	DATA 	Keypress: h
317.3126 	DATA 	Keypress: o
317.3823 	DATA 	Keypress: t
318.1293 	DATA 	Keypress: s
318.2125 	DATA 	Keypress: i
318.3292 	DATA 	Keypress: r
318.4765 	EXP 	New trial (rep=0, index=3): {'leftStreamFlip': False, 'oneTarget': False, 'trialInstructionPos': (0, -1), 'probe': 'both', 'rightStreamFlip': False, 'horizVert': False, 'ISIframes': 2, 'rightResponseFirst': False}
318.4956 	INFO 	numtrials=360 and this trialDurFrames=18 or 300.0 ms  task=T1
319.8624 	EXP 	window1: recordFrameIntervals = False
319.8708 	INFO 	Mouse: using default window
321.6791 	DATA 	Keypress: w
321.7811 	DATA 	Keypress: a
321.9292 	DATA 	Keypress: s
322.6459 	DATA 	Keypress: c
322.8127 	DATA 	Keypress: o
322.9128 	DATA 	Keypress: p
323.0623 	EXP 	New trial (rep=0, index=4): {'leftStreamFlip': False, 'oneTarget': True, 'trialInstructionPos': (0, 1), 'probe': 'both', 'rightStreamFlip': False, 'horizVert': False, 'ISIframes': 2, 'rightResponseFirst': True}
329.6295 	DATA 	Mouse: Left button down, pos=(758,842)
329.7810 	DATA 	Mouse:  Left button up, pos=(758,842)
331.4122 	INFO 	numtrials=360 and this trialDurFrames=14 or 233.333333333 ms  task=T1
332.7956 	EXP 	window1: recordFrameIntervals = False
332.8050 	INFO 	Mouse: using default window
334.1970 	DATA 	Keypress: a
334.3459 	DATA 	Keypress: c
334.4791 	DATA 	Keypress: t
334.6285 	EXP 	New trial (rep=0, index=5): {'leftStreamFlip': False, 'oneTarget': True, 'trialInstructionPos': (0, 1), 'probe': 'both', 'rightStreamFlip': False, 'horizVert': False, 'ISIframes': 2, 'rightResponseFirst': False}
334.6451 	INFO 	numtrials=360 and this trialDurFrames=4 or 66.6666666667 ms  task=T1
335.7457 	EXP 	window1: recordFrameIntervals = False
335.7541 	INFO 	Mouse: using default window
336.8300 	DATA 	Keypress: p
336.9132 	DATA 	Keypress: r
336.9656 	DATA 	Keypress: o
337.1230 	EXP 	New trial (rep=0, index=6): {'leftStreamFlip': False, 'oneTarget': True, 'trialInstructionPos': (0, -1), 'probe': 'both', 'rightStreamFlip': False, 'horizVert': False, 'ISIframes': 2, 'rightResponseFirst': True}
337.1448 	INFO 	numtrials=360 and this trialDurFrames=4 or 66.6666666667 ms  task=T1
338.3291 	EXP 	window1: recordFrameIntervals = False
338.3375 	INFO 	Mouse: using default window
339.2792 	DATA 	Keypress: p
339.3460 	DATA 	Keypress: i
339.4132 	DATA 	Keypress: g
339.5629 	EXP 	New trial (rep=0, index=7): {'leftStreamFlip': False, 'oneTarget': False, 'trialInstructionPos': (0, -1), 'probe': 'both', 'rightStreamFlip': False, 'horizVert': False, 'ISIframes': 2, 'rightResponseFirst': True}
339.5789 	INFO 	numtrials=360 and this trialDurFrames=4 or 66.6666666667 ms  task=T1
340.6625 	EXP 	window1: recordFrameIntervals = False
340.6715 	INFO 	Mouse: using default window
341.9292 	DATA 	Keypress: c
342.0128 	DATA 	Keypress: u
342.0960 	DATA 	Keypress: e
343.5625 	DATA 	Keypress: f
343.7650 	DATA 	Keypress: a
343.9625 	DATA 	Keypress: x
344.1076 	EXP 	New trial (rep=0, index=8): {'leftStreamFlip': False, 'oneTarget': False, 'trialInstructionPos': (0, 1), 'probe': 'both', 'rightStreamFlip': False, 'horizVert': False, 'ISIframes': 2, 'rightResponseFirst': True}
344.1286 	INFO 	numtrials=360 and this trialDurFrames=4 or 66.6666666667 ms  task=T1
345.2958 	EXP 	window1: recordFrameIntervals = False
345.3048 	INFO 	Mouse: using default window
346.4958 	DATA 	Keypress: a
346.6798 	DATA 	Keypress: i
346.7791 	DATA 	Keypress: r
347.0961 	DATA 	Keypress: c
347.2293 	DATA 	Keypress: r
347.2965 	DATA 	Keypress: y
347.4404 	EXP 	New trial (rep=0, index=9): {'leftStreamFlip': False, 'oneTarget': False, 'trialInstructionPos': (0, 1), 'probe': 'both', 'rightStreamFlip': False, 'horizVert': False, 'ISIframes': 2, 'rightResponseFirst': True}
347.4614 	INFO 	numtrials=360 and this trialDurFrames=4 or 66.6666666667 ms  task=T1
348.4458 	EXP 	window1: recordFrameIntervals = False
348.4544 	INFO 	Mouse: using default window
349.5128 	DATA 	Keypress: l
349.6792 	DATA 	Keypress: o
349.7292 	DATA 	Keypress: g
350.0292 	DATA 	Keypress: a
350.2128 	DATA 	Keypress: r
350.3632 	DATA 	Keypress: t
350.5079 	EXP 	New trial (rep=0, index=10): {'leftStreamFlip': False, 'oneTarget': True, 'trialInstructionPos': (0, -1), 'probe': 'both', 'rightStreamFlip': False, 'horizVert': False, 'ISIframes': 2, 'rightResponseFirst': False}
350.5284 	INFO 	numtrials=360 and this trialDurFrames=4 or 66.6666666667 ms  task=T1
351.6627 	EXP 	window1: recordFrameIntervals = False
351.6712 	INFO 	Mouse: using default window
352.5464 	DATA 	Keypress: w
352.6293 	DATA 	Keypress: o
352.6962 	DATA 	Keypress: w
352.8484 	EXP 	New trial (rep=0, index=11): {'leftStreamFlip': False, 'oneTarget': False, 'trialInstructionPos': (0, 1), 'probe': 'both', 'rightStreamFlip': False, 'horizVert': False, 'ISIframes': 2, 'rightResponseFirst': False}
352.8618 	INFO 	numtrials=360 and this trialDurFrames=3 or 50.0 ms  task=T1
354.0291 	EXP 	window1: recordFrameIntervals = False
354.0381 	INFO 	Mouse: using default window
358.6792 	DATA 	Keypress: return
359.5127 	DATA 	Keypress: g
359.5959 	DATA 	Keypress: r
362.0459 	DATA 	Keypress: o
367.8627 	DATA 	Keypress: a
368.2299 	DATA 	Keypress: r
368.6127 	DATA 	Keypress: t
368.7571 	EXP 	New trial (rep=1, index=0): {'leftStreamFlip': False, 'oneTarget': False, 'trialInstructionPos': (0, -1), 'probe': 'both', 'rightStreamFlip': False, 'horizVert': False, 'ISIframes': 2, 'rightResponseFirst': True}
368.7786 	INFO 	numtrials=360 and this trialDurFrames=4 or 66.6666666667 ms  task=T1
369.8123 	EXP 	window1: recordFrameIntervals = False
369.8208 	INFO 	Mouse: using default window
371.0127 	DATA 	Keypress: b
371.1125 	DATA 	Keypress: u
371.1792 	DATA 	Keypress: s
371.7626 	DATA 	Keypress: m
371.8296 	DATA 	Keypress: i
371.9295 	DATA 	Keypress: x
372.0736 	EXP 	New trial (rep=1, index=1): {'leftStreamFlip': False, 'oneTarget': False, 'trialInstructionPos': (0, -1), 'probe': 'both', 'rightStreamFlip': False, 'horizVert': False, 'ISIframes': 2, 'rightResponseFirst': True}
372.0948 	INFO 	numtrials=360 and this trialDurFrames=4 or 66.6666666667 ms  task=T1
373.1958 	EXP 	window1: recordFrameIntervals = False
373.2043 	INFO 	Mouse: using default window
374.2792 	DATA 	Keypress: p
374.3792 	DATA 	Keypress: e
374.5464 	DATA 	Keypress: t
374.9649 	DATA 	Keypress: u
375.0632 	DATA 	Keypress: s
375.1126 	DATA 	Keypress: e
375.2571 	EXP 	New trial (rep=1, index=2): {'leftStreamFlip': False, 'oneTarget': False, 'trialInstructionPos': (0, -1), 'probe': 'both', 'rightStreamFlip': False, 'horizVert': False, 'ISIframes': 2, 'rightResponseFirst': False}
375.2782 	INFO 	numtrials=360 and this trialDurFrames=4 or 66.6666666667 ms  task=T1
376.2956 	EXP 	window1: recordFrameIntervals = False
376.3041 	INFO 	Mouse: using default window
377.2642 	DATA 	Keypress: f
377.3961 	DATA 	Keypress: a
377.4959 	DATA 	Keypress: n
377.8459 	DATA 	Keypress: t
377.9626 	DATA 	Keypress: o
378.0625 	DATA 	Keypress: e
378.2092 	EXP 	New trial (rep=1, index=3): {'leftStreamFlip': False, 'oneTarget': True, 'trialInstructionPos': (0, -1), 'probe': 'both', 'rightStreamFlip': False, 'horizVert': False, 'ISIframes': 2, 'rightResponseFirst': False}
378.2282 	INFO 	numtrials=360 and this trialDurFrames=4 or 66.6666666667 ms  task=T1
379.4458 	EXP 	window1: recordFrameIntervals = False
379.4539 	INFO 	Mouse: using default window
380.2296 	DATA 	Keypress: p
380.2961 	DATA 	Keypress: i
380.3460 	DATA 	Keypress: e
380.4895 	EXP 	New trial (rep=1, index=4): {'leftStreamFlip': False, 'oneTarget': False, 'trialInstructionPos': (0, -1), 'probe': 'both', 'rightStreamFlip': False, 'horizVert': False, 'ISIframes': 2, 'rightResponseFirst': False}
380.5115 	INFO 	numtrials=360 and this trialDurFrames=3 or 50.0 ms  task=T1
381.6956 	EXP 	window1: recordFrameIntervals = False
381.7036 	INFO 	Mouse: using default window
382.8127 	DATA 	Keypress: s
382.9795 	DATA 	Keypress: e
383.2126 	DATA 	Keypress: x
384.3627 	DATA 	Keypress: a
384.5489 	DATA 	Keypress: d
384.8127 	DATA 	Keypress: d
384.9570 	EXP 	New trial (rep=1, index=5): {'leftStreamFlip': False, 'oneTarget': True, 'trialInstructionPos': (0, -1), 'probe': 'both', 'rightStreamFlip': False, 'horizVert': False, 'ISIframes': 2, 'rightResponseFirst': True}
384.9782 	INFO 	numtrials=360 and this trialDurFrames=3 or 50.0 ms  task=T1
386.0458 	EXP 	window1: recordFrameIntervals = False
386.0543 	INFO 	Mouse: using default window
386.7467 	DATA 	Keypress: a
386.9127 	DATA 	Keypress: d
387.0297 	DATA 	Keypress: d
387.1798 	EXP 	New trial (rep=1, index=6): {'leftStreamFlip': False, 'oneTarget': False, 'trialInstructionPos': (0, 1), 'probe': 'both', 'rightStreamFlip': False, 'horizVert': False, 'ISIframes': 2, 'rightResponseFirst': False}
387.2123 	INFO 	numtrials=360 and this trialDurFrames=3 or 50.0 ms  task=T1
388.1957 	EXP 	window1: recordFrameIntervals = False
388.2042 	INFO 	Mouse: using default window
389.5626 	DATA 	Keypress: l
389.7292 	DATA 	Keypress: o
389.7626 	DATA 	Keypress: t
391.0127 	DATA 	Keypress: r
391.0960 	DATA 	Keypress: i
391.1292 	DATA 	Keypress: n
391.2034 	DATA 	Keypress: g
391.3410 	EXP 	New trial (rep=1, index=7): {'leftStreamFlip': False, 'oneTarget': False, 'trialInstructionPos': (0, 1), 'probe': 'both', 'rightStreamFlip': False, 'horizVert': False, 'ISIframes': 2, 'rightResponseFirst': False}
391.3618 	INFO 	numtrials=360 and this trialDurFrames=3 or 50.0 ms  task=T1
392.3291 	EXP 	window1: recordFrameIntervals = False
392.3380 	INFO 	Mouse: using default window
393.6126 	DATA 	Keypress: f
393.7794 	DATA 	Keypress: o
393.8963 	DATA 	Keypress: x
394.4125 	DATA 	Keypress: h
394.5126 	DATA 	Keypress: u
394.5652 	DATA 	Keypress: g
394.7290 	EXP 	New trial (rep=1, index=8): {'leftStreamFlip': False, 'oneTarget': True, 'trialInstructionPos': (0, 1), 'probe': 'both', 'rightStreamFlip': False, 'horizVert': False, 'ISIframes': 2, 'rightResponseFirst': True}
394.7453 	INFO 	numtrials=360 and this trialDurFrames=3 or 50.0 ms  task=T1
395.8791 	EXP 	window1: recordFrameIntervals = False
395.8881 	INFO 	Mouse: using default window
396.6127 	DATA 	Keypress: p
396.6630 	DATA 	Keypress: a
396.7792 	DATA 	Keypress: d
396.9224 	EXP 	New trial (rep=1, index=9): {'leftStreamFlip': False, 'oneTarget': True, 'trialInstructionPos': (0, 1), 'probe': 'both', 'rightStreamFlip': False, 'horizVert': False, 'ISIframes': 2, 'rightResponseFirst': False}
396.9451 	INFO 	numtrials=360 and this trialDurFrames=3 or 50.0 ms  task=T1
397.9957 	EXP 	window1: recordFrameIntervals = False
398.0039 	INFO 	Mouse: using default window
399.3294 	DATA 	Keypress: s
399.6626 	DATA 	Keypress: u
399.7459 	DATA 	Keypress: n
399.8968 	EXP 	New trial (rep=1, index=10): {'leftStreamFlip': False, 'oneTarget': False, 'trialInstructionPos': (0, 1), 'probe': 'both', 'rightStreamFlip': False, 'horizVert': False, 'ISIframes': 2, 'rightResponseFirst': True}
399.9117 	INFO 	numtrials=360 and this trialDurFrames=3 or 50.0 ms  task=T1
401.0290 	EXP 	window1: recordFrameIntervals = False
401.0368 	INFO 	Mouse: using default window
402.0961 	DATA 	Keypress: r
402.2467 	DATA 	Keypress: e
402.4127 	DATA 	Keypress: d
405.7962 	DATA 	Keypress: s
405.8959 	DATA 	Keypress: u
405.9461 	DATA 	Keypress: n
406.0913 	EXP 	New trial (rep=1, index=11): {'leftStreamFlip': False, 'oneTarget': False, 'trialInstructionPos': (0, 1), 'probe': 'both', 'rightStreamFlip': False, 'horizVert': False, 'ISIframes': 2, 'rightResponseFirst': True}
406.1115 	INFO 	numtrials=360 and this trialDurFrames=3 or 50.0 ms  task=T1
407.0790 	EXP 	window1: recordFrameIntervals = False
407.0875 	INFO 	Mouse: using default window
410.0628 	DATA 	Keypress: r
410.1960 	DATA 	Keypress: o
410.3460 	DATA 	Keypress: d
412.0626 	DATA 	Keypress: s
412.1461 	DATA 	Keypress: u
412.2127 	DATA 	Keypress: n
412.3677 	EXP 	New trial (rep=2, index=0): {'leftStreamFlip': False, 'oneTarget': False, 'trialInstructionPos': (0, 1), 'probe': 'both', 'rightStreamFlip': False, 'horizVert': False, 'ISIframes': 2, 'rightResponseFirst': False}
412.3950 	INFO 	numtrials=360 and this trialDurFrames=3 or 50.0 ms  task=T1
413.5125 	EXP 	window1: recordFrameIntervals = False
413.5215 	INFO 	Mouse: using default window
415.4962 	DATA 	Keypress: j
415.6959 	DATA 	Keypress: o
415.7967 	DATA 	Keypress: t
416.4959 	DATA 	Keypress: k
416.5811 	DATA 	Keypress: e
416.6960 	DATA 	Keypress: y
416.8404 	EXP 	New trial (rep=2, index=1): {'leftStreamFlip': False, 'oneTarget': False, 'trialInstructionPos': (0, -1), 'probe': 'both', 'rightStreamFlip': False, 'horizVert': False, 'ISIframes': 2, 'rightResponseFirst': False}
416.8615 	INFO 	numtrials=360 and this trialDurFrames=3 or 50.0 ms  task=T1
417.9958 	EXP 	window1: recordFrameIntervals = False
418.0044 	INFO 	Mouse: using default window
418.7293 	DATA 	Keypress: w
418.8126 	DATA 	Keypress: a
418.9463 	DATA 	Keypress: y
419.2962 	DATA 	Keypress: o
419.3648 	DATA 	Keypress: f
419.4793 	DATA 	Keypress: f
419.6287 	EXP 	New trial (rep=2, index=2): {'leftStreamFlip': False, 'oneTarget': False, 'trialInstructionPos': (0, 1), 'probe': 'both', 'rightStreamFlip': False, 'horizVert': False, 'ISIframes': 2, 'rightResponseFirst': True}
419.6453 	INFO 	numtrials=360 and this trialDurFrames=3 or 50.0 ms  task=T1
420.8458 	EXP 	window1: recordFrameIntervals = False
420.8540 	INFO 	Mouse: using default window
421.8296 	DATA 	Keypress: b
421.8960 	DATA 	Keypress: u
421.9628 	DATA 	Keypress: s
422.3793 	DATA 	Keypress: h
422.4460 	DATA 	Keypress: i
422.4792 	DATA 	Keypress: t
422.6295 	EXP 	New trial (rep=2, index=3): {'leftStreamFlip': False, 'oneTarget': False, 'trialInstructionPos': (0, -1), 'probe': 'both', 'rightStreamFlip': False, 'horizVert': False, 'ISIframes': 2, 'rightResponseFirst': True}
422.6450 	INFO 	numtrials=360 and this trialDurFrames=3 or 50.0 ms  task=T1
423.6291 	EXP 	window1: recordFrameIntervals = False
423.6375 	INFO 	Mouse: using default window
425.2459 	DATA 	Keypress: g
425.3327 	DATA 	Keypress: a
425.4626 	DATA 	Keypress: s
426.3127 	DATA 	Keypress: h
426.7626 	DATA 	Keypress: u
426.8134 	DATA 	Keypress: g
426.9569 	EXP 	New trial (rep=2, index=4): {'leftStreamFlip': False, 'oneTarget': True, 'trialInstructionPos': (0, 1), 'probe': 'both', 'rightStreamFlip': False, 'horizVert': False, 'ISIframes': 2, 'rightResponseFirst': True}
426.9784 	INFO 	numtrials=360 and this trialDurFrames=3 or 50.0 ms  task=T1
428.1292 	EXP 	window1: recordFrameIntervals = False
428.1377 	INFO 	Mouse: using default window
430.4293 	DATA 	Keypress: h
430.9295 	DATA 	Keypress: backspace
431.1959 	DATA 	Keypress: g
431.2293 	DATA 	Keypress: a
431.2961 	DATA 	Keypress: s
431.4401 	EXP 	New trial (rep=2, index=5): {'leftStreamFlip': False, 'oneTarget': True, 'trialInstructionPos': (0, 1), 'probe': 'both', 'rightStreamFlip': False, 'horizVert': False, 'ISIframes': 2, 'rightResponseFirst': False}
431.4617 	INFO 	numtrials=360 and this trialDurFrames=3 or 50.0 ms  task=T1
432.5790 	EXP 	window1: recordFrameIntervals = False
432.5876 	INFO 	Mouse: using default window
433.1959 	DATA 	Keypress: a
433.3296 	DATA 	Keypress: g
433.3962 	DATA 	Keypress: e
433.5405 	EXP 	New trial (rep=2, index=6): {'leftStreamFlip': False, 'oneTarget': False, 'trialInstructionPos': (0, -1), 'probe': 'both', 'rightStreamFlip': False, 'horizVert': False, 'ISIframes': 2, 'rightResponseFirst': True}
433.5615 	INFO 	numtrials=360 and this trialDurFrames=3 or 50.0 ms  task=T1
434.5291 	EXP 	window1: recordFrameIntervals = False
434.5376 	INFO 	Mouse: using default window
435.2126 	DATA 	Keypress: n
435.3484 	DATA 	Keypress: o
435.4295 	DATA 	Keypress: w
435.8127 	DATA 	Keypress: s
435.8794 	DATA 	Keypress: p
436.1128 	DATA 	Keypress: y
436.2620 	EXP 	New trial (rep=2, index=7): {'leftStreamFlip': False, 'oneTarget': False, 'trialInstructionPos': (0, 1), 'probe': 'both', 'rightStreamFlip': False, 'horizVert': False, 'ISIframes': 2, 'rightResponseFirst': True}
436.2785 	INFO 	numtrials=360 and this trialDurFrames=3 or 50.0 ms  task=T1
437.2624 	EXP 	window1: recordFrameIntervals = False
437.2715 	INFO 	Mouse: using default window
438.1628 	DATA 	Keypress: o
438.3626 	DATA 	Keypress: f
438.5293 	DATA 	Keypress: f
439.0295 	DATA 	Keypress: g
439.1126 	DATA 	Keypress: e
439.2627 	DATA 	Keypress: t
439.4175 	EXP 	New trial (rep=2, index=8): {'leftStreamFlip': False, 'oneTarget': False, 'trialInstructionPos': (0, 1), 'probe': 'both', 'rightStreamFlip': False, 'horizVert': False, 'ISIframes': 2, 'rightResponseFirst': False}
439.4460 	INFO 	numtrials=360 and this trialDurFrames=3 or 50.0 ms  task=T1
440.4457 	EXP 	window1: recordFrameIntervals = False
440.4541 	INFO 	Mouse: using default window
442.8127 	DATA 	Keypress: w
442.9655 	DATA 	Keypress: a
443.2293 	DATA 	Keypress: t
444.7126 	DATA 	Keypress: w
444.7794 	DATA 	Keypress: a
445.0127 	DATA 	Keypress: t
445.1578 	EXP 	New trial (rep=2, index=9): {'leftStreamFlip': False, 'oneTarget': True, 'trialInstructionPos': (0, -1), 'probe': 'both', 'rightStreamFlip': False, 'horizVert': False, 'ISIframes': 2, 'rightResponseFirst': False}
445.1784 	INFO 	numtrials=360 and this trialDurFrames=3 or 50.0 ms  task=T1
446.2125 	EXP 	window1: recordFrameIntervals = False
446.2207 	INFO 	Mouse: using default window
447.1793 	DATA 	Keypress: c
447.3299 	DATA 	Keypress: a
447.3657 	DATA 	Keypress: n
447.5210 	EXP 	New trial (rep=2, index=10): {'leftStreamFlip': False, 'oneTarget': False, 'trialInstructionPos': (0, -1), 'probe': 'both', 'rightStreamFlip': False, 'horizVert': False, 'ISIframes': 2, 'rightResponseFirst': False}
447.5452 	INFO 	numtrials=360 and this trialDurFrames=3 or 50.0 ms  task=T1
448.5292 	EXP 	window1: recordFrameIntervals = False
448.5383 	INFO 	Mouse: using default window
450.2296 	DATA 	Keypress: w
450.3460 	DATA 	Keypress: a
450.5628 	DATA 	Keypress: t
452.2793 	DATA 	Keypress: w
452.3793 	DATA 	Keypress: a
452.5813 	DATA 	Keypress: t
452.7486 	EXP 	New trial (rep=2, index=11): {'leftStreamFlip': False, 'oneTarget': True, 'trialInstructionPos': (0, -1), 'probe': 'both', 'rightStreamFlip': False, 'horizVert': False, 'ISIframes': 2, 'rightResponseFirst': True}
452.7632 	INFO 	numtrials=360 and this trialDurFrames=3 or 50.0 ms  task=T1
453.9291 	EXP 	window1: recordFrameIntervals = False
453.9372 	INFO 	Mouse: using default window
454.5501 	DATA 	Keypress: s
454.6466 	DATA 	Keypress: i
454.7153 	DATA 	Keypress: r
454.8545 	EXP 	New trial (rep=3, index=0): {'leftStreamFlip': False, 'oneTarget': False, 'trialInstructionPos': (0, 1), 'probe': 'both', 'rightStreamFlip': False, 'horizVert': False, 'ISIframes': 2, 'rightResponseFirst': True}
454.8782 	INFO 	numtrials=360 and this trialDurFrames=3 or 50.0 ms  task=T1
456.0123 	EXP 	window1: recordFrameIntervals = False
456.0207 	INFO 	Mouse: using default window
457.1126 	DATA 	Keypress: t
457.3628 	DATA 	Keypress: a
457.3810 	DATA 	Keypress: g
458.6295 	DATA 	Keypress: r
458.7959 	DATA 	Keypress: e
458.9655 	DATA 	Keypress: d
459.1265 	EXP 	New trial (rep=3, index=1): {'leftStreamFlip': False, 'oneTarget': True, 'trialInstructionPos': (0, -1), 'probe': 'both', 'rightStreamFlip': False, 'horizVert': False, 'ISIframes': 2, 'rightResponseFirst': False}
459.1450 	INFO 	numtrials=360 and this trialDurFrames=3 or 50.0 ms  task=T1
460.1292 	EXP 	window1: recordFrameIntervals = False
460.1384 	INFO 	Mouse: using default window
460.7128 	DATA 	Keypress: a
460.8128 	DATA 	Keypress: g
460.8798 	DATA 	Keypress: e
461.0215 	EXP 	New trial (rep=3, index=2): {'leftStreamFlip': False, 'oneTarget': False, 'trialInstructionPos': (0, -1), 'probe': 'both', 'rightStreamFlip': False, 'horizVert': False, 'ISIframes': 2, 'rightResponseFirst': False}
461.0449 	INFO 	numtrials=360 and this trialDurFrames=3 or 50.0 ms  task=T1
462.0126 	EXP 	window1: recordFrameIntervals = False
462.0215 	INFO 	Mouse: using default window
462.8131 	DATA 	Keypress: s
462.8794 	DATA 	Keypress: u
463.0462 	DATA 	Keypress: m
463.4795 	DATA 	Keypress: t
463.7795 	DATA 	Keypress: a
464.0128 	DATA 	Keypress: x
464.1575 	EXP 	New trial (rep=3, index=3): {'leftStreamFlip': False, 'oneTarget': False, 'trialInstructionPos': (0, 1), 'probe': 'both', 'rightStreamFlip': False, 'horizVert': False, 'ISIframes': 2, 'rightResponseFirst': False}
464.1784 	INFO 	numtrials=360 and this trialDurFrames=3 or 50.0 ms  task=T1
465.3792 	EXP 	window1: recordFrameIntervals = False
465.3882 	INFO 	Mouse: using default window
466.9653 	DATA 	Keypress: r
467.2794 	DATA 	Keypress: e
467.7126 	DATA 	Keypress: backspace
467.8298 	DATA 	Keypress: backspace
467.9959 	DATA 	Keypress: w
468.0629 	DATA 	Keypress: a
468.2626 	DATA 	Keypress: t
468.5796 	DATA 	Keypress: c
468.6795 	DATA 	Keypress: u
468.7299 	DATA 	Keypress: e
468.8810 	EXP 	New trial (rep=3, index=4): {'leftStreamFlip': False, 'oneTarget': True, 'trialInstructionPos': (0, 1), 'probe': 'both', 'rightStreamFlip': False, 'horizVert': False, 'ISIframes': 2, 'rightResponseFirst': True}
468.9124 	INFO 	numtrials=360 and this trialDurFrames=3 or 50.0 ms  task=T1
470.0793 	EXP 	window1: recordFrameIntervals = False
470.0883 	INFO 	Mouse: using default window
470.7460 	DATA 	Keypress: g
470.8293 	DATA 	Keypress: y
470.9824 	DATA 	Keypress: m
471.1408 	EXP 	New trial (rep=3, index=5): {'leftStreamFlip': False, 'oneTarget': False, 'trialInstructionPos': (0, -1), 'probe': 'both', 'rightStreamFlip': False, 'horizVert': False, 'ISIframes': 2, 'rightResponseFirst': True}
471.1613 	INFO 	numtrials=360 and this trialDurFrames=3 or 50.0 ms  task=T1
472.2792 	EXP 	window1: recordFrameIntervals = False
472.2874 	INFO 	Mouse: using default window
473.7644 	DATA 	Keypress: p
473.8461 	DATA 	Keypress: o
473.8647 	DATA 	Keypress: t
475.5295 	DATA 	Keypress: w
476.0793 	DATA 	Keypress: a
476.3964 	DATA 	Keypress: t
476.5404 	EXP 	New trial (rep=3, index=6): {'leftStreamFlip': False, 'oneTarget': True, 'trialInstructionPos': (0, 1), 'probe': 'both', 'rightStreamFlip': False, 'horizVert': False, 'ISIframes': 2, 'rightResponseFirst': False}
476.5615 	INFO 	numtrials=360 and this trialDurFrames=3 or 50.0 ms  task=T1
476.6276 	DATA 	Keypress: return
477.6292 	EXP 	window1: recordFrameIntervals = False
477.6374 	INFO 	Mouse: using default window
478.6462 	DATA 	Keypress: i
478.8294 	DATA 	Keypress: n
478.9630 	DATA 	Keypress: n
479.1068 	EXP 	New trial (rep=3, index=7): {'leftStreamFlip': False, 'oneTarget': True, 'trialInstructionPos': (0, -1), 'probe': 'both', 'rightStreamFlip': False, 'horizVert': False, 'ISIframes': 2, 'rightResponseFirst': True}
479.1285 	INFO 	numtrials=360 and this trialDurFrames=3 or 50.0 ms  task=T1
480.1458 	EXP 	window1: recordFrameIntervals = False
480.1547 	INFO 	Mouse: using default window
480.8960 	DATA 	Keypress: f
480.9795 	DATA 	Keypress: u
481.0298 	DATA 	Keypress: r
481.1818 	EXP 	New trial (rep=3, index=8): {'leftStreamFlip': False, 'oneTarget': False, 'trialInstructionPos': (0, -1), 'probe': 'both', 'rightStreamFlip': False, 'horizVert': False, 'ISIframes': 2, 'rightResponseFirst': True}
481.1955 	INFO 	numtrials=360 and this trialDurFrames=3 or 50.0 ms  task=T1
482.1794 	EXP 	window1: recordFrameIntervals = False
482.1883 	INFO 	Mouse: using default window
482.8638 	DATA 	Keypress: n
483.0461 	DATA 	Keypress: u
483.1627 	DATA 	Keypress: t
483.9294 	DATA 	Keypress: w
484.0137 	DATA 	Keypress: a
484.2128 	DATA 	Keypress: t
484.3580 	EXP 	New trial (rep=3, index=9): {'leftStreamFlip': False, 'oneTarget': False, 'trialInstructionPos': (0, 1), 'probe': 'both', 'rightStreamFlip': False, 'horizVert': False, 'ISIframes': 2, 'rightResponseFirst': False}
484.3783 	INFO 	numtrials=360 and this trialDurFrames=3 or 50.0 ms  task=T1
485.5124 	EXP 	window1: recordFrameIntervals = False
485.5208 	INFO 	Mouse: using default window
487.2293 	DATA 	Keypress: d
487.3294 	DATA 	Keypress: i
487.3962 	DATA 	Keypress: g
488.2296 	DATA 	Keypress: w
488.3462 	DATA 	Keypress: a
488.4626 	DATA 	Keypress: t
488.6120 	EXP 	New trial (rep=3, index=10): {'leftStreamFlip': False, 'oneTarget': False, 'trialInstructionPos': (0, -1), 'probe': 'both', 'rightStreamFlip': False, 'horizVert': False, 'ISIframes': 2, 'rightResponseFirst': False}
488.6286 	INFO 	numtrials=360 and this trialDurFrames=3 or 50.0 ms  task=T1
489.6791 	EXP 	window1: recordFrameIntervals = False
489.6877 	INFO 	Mouse: using default window
490.6465 	DATA 	Keypress: f
490.8131 	DATA 	Keypress: a
490.9460 	DATA 	Keypress: r
491.1629 	DATA 	Keypress: e
491.2961 	DATA 	Keypress: y
491.3629 	DATA 	Keypress: e
491.5072 	EXP 	New trial (rep=3, index=11): {'leftStreamFlip': False, 'oneTarget': False, 'trialInstructionPos': (0, 1), 'probe': 'both', 'rightStreamFlip': False, 'horizVert': False, 'ISIframes': 2, 'rightResponseFirst': True}
491.5280 	INFO 	numtrials=360 and this trialDurFrames=3 or 50.0 ms  task=T1
492.6625 	EXP 	window1: recordFrameIntervals = False
492.6714 	INFO 	Mouse: using default window
493.7127 	DATA 	Keypress: c
493.8127 	DATA 	Keypress: r
493.8960 	DATA 	Keypress: y
494.1490 	DATA 	Keypress: a
494.1965 	DATA 	Keypress: s
494.2960 	DATA 	Keypress: k
494.4416 	EXP 	New trial (rep=4, index=0): {'leftStreamFlip': False, 'oneTarget': False, 'trialInstructionPos': (0, -1), 'probe': 'both', 'rightStreamFlip': False, 'horizVert': False, 'ISIframes': 2, 'rightResponseFirst': False}
494.4618 	INFO 	numtrials=360 and this trialDurFrames=3 or 50.0 ms  task=T1
495.4293 	EXP 	window1: recordFrameIntervals = False
495.4377 	INFO 	Mouse: using default window
497.1960 	DATA 	Keypress: o
497.2460 	DATA 	Keypress: f
497.3795 	DATA 	Keypress: f
497.7814 	DATA 	Keypress: o
497.8632 	DATA 	Keypress: f
497.9960 	DATA 	Keypress: f
498.1408 	EXP 	New trial (rep=4, index=1): {'leftStreamFlip': False, 'oneTarget': True, 'trialInstructionPos': (0, -1), 'probe': 'both', 'rightStreamFlip': False, 'horizVert': False, 'ISIframes': 2, 'rightResponseFirst': True}
498.1617 	INFO 	numtrials=360 and this trialDurFrames=3 or 50.0 ms  task=T1
499.1959 	EXP 	window1: recordFrameIntervals = False
499.2047 	INFO 	Mouse: using default window
499.7644 	DATA 	Keypress: b
499.8960 	DATA 	Keypress: i
499.9146 	DATA 	Keypress: t
500.0705 	EXP 	New trial (rep=4, index=2): {'leftStreamFlip': False, 'oneTarget': False, 'trialInstructionPos': (0, 1), 'probe': 'both', 'rightStreamFlip': False, 'horizVert': False, 'ISIframes': 2, 'rightResponseFirst': True}
500.0952 	INFO 	numtrials=360 and this trialDurFrames=3 or 50.0 ms  task=T1
501.2459 	EXP 	window1: recordFrameIntervals = False
501.2544 	INFO 	Mouse: using default window
502.1296 	DATA 	Keypress: o
502.2130 	DATA 	Keypress: n
502.2631 	DATA 	Keypress: e
502.6461 	DATA 	Keypress: l
502.7301 	DATA 	Keypress: e
502.7793 	DATA 	Keypress: d
502.9238 	EXP 	New trial (rep=4, index=3): {'leftStreamFlip': False, 'oneTarget': True, 'trialInstructionPos': (0, 1), 'probe': 'both', 'rightStreamFlip': False, 'horizVert': False, 'ISIframes': 2, 'rightResponseFirst': False}
502.9450 	INFO 	numtrials=360 and this trialDurFrames=3 or 50.0 ms  task=T1
503.9294 	EXP 	window1: recordFrameIntervals = False
503.9379 	INFO 	Mouse: using default window
504.9627 	DATA 	Keypress: o
505.0462 	DATA 	Keypress: n
505.0799 	DATA 	Keypress: e
505.2294 	EXP 	New trial (rep=4, index=4): {'leftStreamFlip': False, 'oneTarget': False, 'trialInstructionPos': (0, -1), 'probe': 'both', 'rightStreamFlip': False, 'horizVert': False, 'ISIframes': 2, 'rightResponseFirst': True}
505.2452 	INFO 	numtrials=360 and this trialDurFrames=3 or 50.0 ms  task=T1
506.4461 	EXP 	window1: recordFrameIntervals = False
506.4541 	INFO 	Mouse: using default window
507.5460 	DATA 	Keypress: b
507.6293 	DATA 	Keypress: a
507.6960 	DATA 	Keypress: g
508.0966 	DATA 	Keypress: m
508.6794 	DATA 	Keypress: o
508.8461 	DATA 	Keypress: m
508.9894 	EXP 	New trial (rep=4, index=5): {'leftStreamFlip': False, 'oneTarget': True, 'trialInstructionPos': (0, -1), 'probe': 'both', 'rightStreamFlip': False, 'horizVert': False, 'ISIframes': 2, 'rightResponseFirst': False}
509.0115 	INFO 	numtrials=360 and this trialDurFrames=3 or 50.0 ms  task=T1
510.0625 	EXP 	window1: recordFrameIntervals = False
510.0714 	INFO 	Mouse: using default window
510.7629 	DATA 	Keypress: s
510.9460 	DATA 	Keypress: e
511.0628 	DATA 	Keypress: c
511.2059 	EXP 	New trial (rep=4, index=6): {'leftStreamFlip': False, 'oneTarget': False, 'trialInstructionPos': (0, -1), 'probe': 'both', 'rightStreamFlip': False, 'horizVert': False, 'ISIframes': 2, 'rightResponseFirst': True}
511.2285 	INFO 	numtrials=360 and this trialDurFrames=3 or 50.0 ms  task=T1
512.3792 	EXP 	window1: recordFrameIntervals = False
512.3877 	INFO 	Mouse: using default window
513.3463 	DATA 	Keypress: w
513.4295 	DATA 	Keypress: a
513.5797 	DATA 	Keypress: s
513.9293 	DATA 	Keypress: p
513.9795 	DATA 	Keypress: i
514.0461 	DATA 	Keypress: g
514.1978 	EXP 	New trial (rep=4, index=7): {'leftStreamFlip': False, 'oneTarget': False, 'trialInstructionPos': (0, 1), 'probe': 'both', 'rightStreamFlip': False, 'horizVert': False, 'ISIframes': 2, 'rightResponseFirst': True}
514.2132 	INFO 	numtrials=360 and this trialDurFrames=3 or 50.0 ms  task=T1
515.2792 	EXP 	window1: recordFrameIntervals = False
515.2871 	INFO 	Mouse: using default window
516.3794 	DATA 	Keypress: g
516.4628 	DATA 	Keypress: i
516.5462 	DATA 	Keypress: g
517.2794 	DATA 	Keypress: w
517.3645 	DATA 	Keypress: a
517.5627 	DATA 	Keypress: t
517.7078 	EXP 	New trial (rep=4, index=8): {'leftStreamFlip': False, 'oneTarget': False, 'trialInstructionPos': (0, 1), 'probe': 'both', 'rightStreamFlip': False, 'horizVert': False, 'ISIframes': 2, 'rightResponseFirst': False}
517.7287 	INFO 	numtrials=360 and this trialDurFrames=3 or 50.0 ms  task=T1
518.7126 	EXP 	window1: recordFrameIntervals = False
518.7211 	INFO 	Mouse: using default window
519.5628 	DATA 	Keypress: p
519.6794 	DATA 	Keypress: a
519.7488 	DATA 	Keypress: y
520.0461 	DATA 	Keypress: p
520.1295 	DATA 	Keypress: o
520.1795 	DATA 	Keypress: d
520.3302 	EXP 	New trial (rep=4, index=9): {'leftStreamFlip': False, 'oneTarget': True, 'trialInstructionPos': (0, 1), 'probe': 'both', 'rightStreamFlip': False, 'horizVert': False, 'ISIframes': 2, 'rightResponseFirst': True}
520.3458 	INFO 	numtrials=360 and this trialDurFrames=3 or 50.0 ms  task=T1
521.4292 	EXP 	window1: recordFrameIntervals = False
521.4376 	INFO 	Mouse: using default window
521.9962 	DATA 	Keypress: p
522.0627 	DATA 	Keypress: o
522.1461 	DATA 	Keypress: t
522.2973 	EXP 	New trial (rep=4, index=10): {'leftStreamFlip': False, 'oneTarget': False, 'trialInstructionPos': (0, 1), 'probe': 'both', 'rightStreamFlip': False, 'horizVert': False, 'ISIframes': 2, 'rightResponseFirst': False}
522.3292 	INFO 	numtrials=360 and this trialDurFrames=3 or 50.0 ms  task=T1
523.4627 	EXP 	window1: recordFrameIntervals = False
523.4708 	INFO 	Mouse: using default window
524.4794 	DATA 	Keypress: s
524.6295 	DATA 	Keypress: e
524.7796 	DATA 	Keypress: a
524.9657 	DATA 	Keypress: r
525.1135 	DATA 	Keypress: u
525.1796 	DATA 	Keypress: b
525.3252 	EXP 	New trial (rep=4, index=11): {'leftStreamFlip': False, 'oneTarget': False, 'trialInstructionPos': (0, -1), 'probe': 'both', 'rightStreamFlip': False, 'horizVert': False, 'ISIframes': 2, 'rightResponseFirst': False}
525.3451 	INFO 	numtrials=360 and this trialDurFrames=3 or 50.0 ms  task=T1
526.4294 	EXP 	window1: recordFrameIntervals = False
526.4383 	INFO 	Mouse: using default window
527.1461 	DATA 	Keypress: g
527.2128 	DATA 	Keypress: e
527.3646 	DATA 	Keypress: t
527.7130 	DATA 	Keypress: g
527.7961 	DATA 	Keypress: u
528.1488 	DATA 	Keypress: m
528.3064 	EXP 	New trial (rep=5, index=0): {'leftStreamFlip': False, 'oneTarget': False, 'trialInstructionPos': (0, -1), 'probe': 'both', 'rightStreamFlip': False, 'horizVert': False, 'ISIframes': 2, 'rightResponseFirst': False}
528.3284 	INFO 	numtrials=360 and this trialDurFrames=3 or 50.0 ms  task=T1
529.3625 	EXP 	window1: recordFrameIntervals = False
529.3711 	INFO 	Mouse: using default window
530.5644 	DATA 	Keypress: w
530.6794 	DATA 	Keypress: a
530.8128 	DATA 	Keypress: t
531.1469 	DATA 	Keypress: p
531.2128 	DATA 	Keypress: a
531.2961 	DATA 	Keypress: d
531.4450 	EXP 	New trial (rep=5, index=1): {'leftStreamFlip': False, 'oneTarget': True, 'trialInstructionPos': (0, -1), 'probe': 'both', 'rightStreamFlip': False, 'horizVert': False, 'ISIframes': 2, 'rightResponseFirst': False}
531.4618 	INFO 	numtrials=360 and this trialDurFrames=3 or 50.0 ms  task=T1
532.5458 	EXP 	window1: recordFrameIntervals = False
532.5543 	INFO 	Mouse: using default window
533.3655 	DATA 	Keypress: b
533.4626 	DATA 	Keypress: u
533.5803 	DATA 	Keypress: g
533.7337 	EXP 	New trial (rep=5, index=2): {'leftStreamFlip': False, 'oneTarget': False, 'trialInstructionPos': (0, -1), 'probe': 'both', 'rightStreamFlip': False, 'horizVert': False, 'ISIframes': 2, 'rightResponseFirst': False}
533.7627 	INFO 	numtrials=360 and this trialDurFrames=3 or 50.0 ms  task=T1
534.8293 	EXP 	window1: recordFrameIntervals = False
534.8370 	INFO 	Mouse: using default window
535.5127 	DATA 	Keypress: i
535.6628 	DATA 	Keypress: n
535.7966 	DATA 	Keypress: n
536.1323 	DATA 	Keypress: n
536.2130 	DATA 	Keypress: e
536.3627 	DATA 	Keypress: t
536.5470 	EXP 	New trial (rep=5, index=3): {'leftStreamFlip': False, 'oneTarget': False, 'trialInstructionPos': (0, 1), 'probe': 'both', 'rightStreamFlip': False, 'horizVert': False, 'ISIframes': 2, 'rightResponseFirst': False}
536.5792 	INFO 	numtrials=360 and this trialDurFrames=3 or 50.0 ms  task=T1
537.6959 	EXP 	window1: recordFrameIntervals = False
537.7044 	INFO 	Mouse: using default window
538.9128 	DATA 	Keypress: w
539.0128 	DATA 	Keypress: a
539.1967 	DATA 	Keypress: t
539.4966 	DATA 	Keypress: l
539.5962 	DATA 	Keypress: a
539.6629 	DATA 	Keypress: b
539.8291 	EXP 	New trial (rep=5, index=4): {'leftStreamFlip': False, 'oneTarget': True, 'trialInstructionPos': (0, 1), 'probe': 'both', 'rightStreamFlip': False, 'horizVert': False, 'ISIframes': 2, 'rightResponseFirst': False}
539.8462 	INFO 	numtrials=360 and this trialDurFrames=3 or 50.0 ms  task=T1
540.9792 	EXP 	window1: recordFrameIntervals = False
540.9877 	INFO 	Mouse: using default window
542.5295 	DATA 	Keypress: g
542.5655 	DATA 	Keypress: e
542.7462 	DATA 	Keypress: t
542.8982 	EXP 	New trial (rep=5, index=5): {'leftStreamFlip': False, 'oneTarget': True, 'trialInstructionPos': (0, -1), 'probe': 'both', 'rightStreamFlip': False, 'horizVert': False, 'ISIframes': 2, 'rightResponseFirst': True}
542.9292 	INFO 	numtrials=360 and this trialDurFrames=3 or 50.0 ms  task=T1
544.1130 	EXP 	window1: recordFrameIntervals = False
544.1225 	INFO 	Mouse: using default window
544.7462 	DATA 	Keypress: h
544.8128 	DATA 	Keypress: e
544.9644 	DATA 	Keypress: r
545.1328 	EXP 	New trial (rep=5, index=6): {'leftStreamFlip': False, 'oneTarget': False, 'trialInstructionPos': (0, 1), 'probe': 'both', 'rightStreamFlip': False, 'horizVert': False, 'ISIframes': 2, 'rightResponseFirst': True}
545.1627 	INFO 	numtrials=360 and this trialDurFrames=3 or 50.0 ms  task=T1
546.3127 	EXP 	window1: recordFrameIntervals = False
546.3212 	INFO 	Mouse: using default window
547.1794 	DATA 	Keypress: d
547.2462 	DATA 	Keypress: i
547.3297 	DATA 	Keypress: d
547.5627 	DATA 	Keypress: f
547.7295 	DATA 	Keypress: e
547.8129 	DATA 	Keypress: w
547.9706 	EXP 	New trial (rep=5, index=7): {'leftStreamFlip': False, 'oneTarget': False, 'trialInstructionPos': (0, -1), 'probe': 'both', 'rightStreamFlip': False, 'horizVert': False, 'ISIframes': 2, 'rightResponseFirst': True}
547.9954 	INFO 	numtrials=360 and this trialDurFrames=3 or 50.0 ms  task=T1
549.0959 	EXP 	window1: recordFrameIntervals = False
549.1042 	INFO 	Mouse: using default window
550.4794 	DATA 	Keypress: t
550.5294 	DATA 	Keypress: a
550.6794 	DATA 	Keypress: x
550.9796 	DATA 	Keypress: j
551.0462 	DATA 	Keypress: o
551.0963 	DATA 	Keypress: b
551.2427 	EXP 	New trial (rep=5, index=8): {'leftStreamFlip': False, 'oneTarget': False, 'trialInstructionPos': (0, -1), 'probe': 'both', 'rightStreamFlip': False, 'horizVert': False, 'ISIframes': 2, 'rightResponseFirst': True}
551.2618 	INFO 	numtrials=360 and this trialDurFrames=3 or 50.0 ms  task=T1
552.4128 	EXP 	window1: recordFrameIntervals = False
552.4212 	INFO 	Mouse: using default window
553.2965 	DATA 	Keypress: j
553.3462 	DATA 	Keypress: o
553.5129 	DATA 	Keypress: b
554.4627 	DATA 	Keypress: b
554.5326 	DATA 	Keypress: u
554.5967 	DATA 	Keypress: s
554.7410 	EXP 	New trial (rep=5, index=9): {'leftStreamFlip': False, 'oneTarget': False, 'trialInstructionPos': (0, 1), 'probe': 'both', 'rightStreamFlip': False, 'horizVert': False, 'ISIframes': 2, 'rightResponseFirst': True}
554.7616 	INFO 	numtrials=360 and this trialDurFrames=3 or 50.0 ms  task=T1
555.8292 	EXP 	window1: recordFrameIntervals = False
555.8376 	INFO 	Mouse: using default window
556.7794 	DATA 	Keypress: t
556.8630 	DATA 	Keypress: u
556.9129 	DATA 	Keypress: b
557.3487 	DATA 	Keypress: w
557.4460 	DATA 	Keypress: h
557.4966 	DATA 	Keypress: o
557.6466 	EXP 	New trial (rep=5, index=10): {'leftStreamFlip': False, 'oneTarget': False, 'trialInstructionPos': (0, 1), 'probe': 'both', 'rightStreamFlip': False, 'horizVert': False, 'ISIframes': 2, 'rightResponseFirst': False}
557.6792 	INFO 	numtrials=360 and this trialDurFrames=3 or 50.0 ms  task=T1
558.8127 	EXP 	window1: recordFrameIntervals = False
558.8209 	INFO 	Mouse: using default window
559.4296 	DATA 	Keypress: f
559.5627 	DATA 	Keypress: a
559.6295 	DATA 	Keypress: t
559.8299 	DATA 	Keypress: a
560.0127 	DATA 	Keypress: r
560.1494 	DATA 	Keypress: e
560.3074 	EXP 	New trial (rep=5, index=11): {'leftStreamFlip': False, 'oneTarget': True, 'trialInstructionPos': (0, 1), 'probe': 'both', 'rightStreamFlip': False, 'horizVert': False, 'ISIframes': 2, 'rightResponseFirst': True}
560.3287 	INFO 	numtrials=360 and this trialDurFrames=3 or 50.0 ms  task=T1
561.4960 	EXP 	window1: recordFrameIntervals = False
561.5053 	INFO 	Mouse: using default window
562.0462 	DATA 	Keypress: a
562.1296 	DATA 	Keypress: i
562.1962 	DATA 	Keypress: m
562.3454 	EXP 	New trial (rep=6, index=0): {'leftStreamFlip': False, 'oneTarget': True, 'trialInstructionPos': (0, 1), 'probe': 'both', 'rightStreamFlip': False, 'horizVert': False, 'ISIframes': 2, 'rightResponseFirst': True}
562.3620 	INFO 	numtrials=360 and this trialDurFrames=3 or 50.0 ms  task=T1
563.5125 	EXP 	window1: recordFrameIntervals = False
563.5212 	INFO 	Mouse: using default window
564.1294 	DATA 	Keypress: o
564.1649 	DATA 	Keypress: u
564.2295 	DATA 	Keypress: r
564.3799 	EXP 	New trial (rep=6, index=1): {'leftStreamFlip': False, 'oneTarget': False, 'trialInstructionPos': (0, 1), 'probe': 'both', 'rightStreamFlip': False, 'horizVert': False, 'ISIframes': 2, 'rightResponseFirst': True}
564.3955 	INFO 	numtrials=360 and this trialDurFrames=3 or 50.0 ms  task=T1
565.4626 	EXP 	window1: recordFrameIntervals = False
565.4716 	INFO 	Mouse: using default window
566.1964 	DATA 	Keypress: s
566.3295 	DATA 	Keypress: e
566.5133 	DATA 	Keypress: x
567.6795 	DATA 	Keypress: w
567.7815 	DATA 	Keypress: a
567.9963 	DATA 	Keypress: t
568.1419 	EXP 	New trial (rep=6, index=2): {'leftStreamFlip': False, 'oneTarget': False, 'trialInstructionPos': (0, -1), 'probe': 'both', 'rightStreamFlip': False, 'horizVert': False, 'ISIframes': 2, 'rightResponseFirst': False}
568.1618 	INFO 	numtrials=360 and this trialDurFrames=3 or 50.0 ms  task=T1
569.1292 	EXP 	window1: recordFrameIntervals = False
569.1376 	INFO 	Mouse: using default window
569.7129 	DATA 	Keypress: c
569.8296 	DATA 	Keypress: a
569.9129 	DATA 	Keypress: t
570.1629 	DATA 	Keypress: o
570.2295 	DATA 	Keypress: f
570.3466 	DATA 	Keypress: f
570.4915 	EXP 	New trial (rep=6, index=3): {'leftStreamFlip': False, 'oneTarget': False, 'trialInstructionPos': (0, 1), 'probe': 'both', 'rightStreamFlip': False, 'horizVert': False, 'ISIframes': 2, 'rightResponseFirst': True}
570.5118 	INFO 	numtrials=360 and this trialDurFrames=3 or 50.0 ms  task=T1
571.6793 	EXP 	window1: recordFrameIntervals = False
571.6883 	INFO 	Mouse: using default window
572.6628 	DATA 	Keypress: s
572.7296 	DATA 	Keypress: o
572.7960 	DATA 	Keypress: n
573.0627 	DATA 	Keypress: p
573.1129 	DATA 	Keypress: i
573.1795 	DATA 	Keypress: g
573.3242 	EXP 	New trial (rep=6, index=4): {'leftStreamFlip': False, 'oneTarget': True, 'trialInstructionPos': (0, -1), 'probe': 'both', 'rightStreamFlip': False, 'horizVert': False, 'ISIframes': 2, 'rightResponseFirst': True}
573.3461 	INFO 	numtrials=360 and this trialDurFrames=3 or 50.0 ms  task=T1
574.4459 	EXP 	window1: recordFrameIntervals = False
574.4539 	INFO 	Mouse: using default window
574.9504 	DATA 	Keypress: p
574.9967 	DATA 	Keypress: e
575.1466 	DATA 	Keypress: e
575.2877 	EXP 	New trial (rep=6, index=5): {'leftStreamFlip': False, 'oneTarget': True, 'trialInstructionPos': (0, 1), 'probe': 'both', 'rightStreamFlip': False, 'horizVert': False, 'ISIframes': 2, 'rightResponseFirst': False}
575.3120 	INFO 	numtrials=360 and this trialDurFrames=3 or 50.0 ms  task=T1
576.3632 	EXP 	window1: recordFrameIntervals = False
576.3728 	INFO 	Mouse: using default window
577.2629 	DATA 	Keypress: g
577.3128 	DATA 	Keypress: a
577.3495 	DATA 	Keypress: s
577.5033 	EXP 	New trial (rep=6, index=6): {'leftStreamFlip': False, 'oneTarget': False, 'trialInstructionPos': (0, 1), 'probe': 'both', 'rightStreamFlip': False, 'horizVert': False, 'ISIframes': 2, 'rightResponseFirst': False}
577.5284 	INFO 	numtrials=360 and this trialDurFrames=3 or 50.0 ms  task=T1
578.5792 	EXP 	window1: recordFrameIntervals = False
578.5882 	INFO 	Mouse: using default window
579.2464 	DATA 	Keypress: e
579.3324 	DATA 	Keypress: y
579.3805 	DATA 	Keypress: e
579.6961 	DATA 	Keypress: b
579.7647 	DATA 	Keypress: u
579.9794 	DATA 	Keypress: m
580.1268 	EXP 	New trial (rep=6, index=7): {'leftStreamFlip': False, 'oneTarget': False, 'trialInstructionPos': (0, -1), 'probe': 'both', 'rightStreamFlip': False, 'horizVert': False, 'ISIframes': 2, 'rightResponseFirst': False}
580.1450 	INFO 	numtrials=360 and this trialDurFrames=3 or 50.0 ms  task=T1
581.2626 	EXP 	window1: recordFrameIntervals = False
581.2712 	INFO 	Mouse: using default window
581.9634 	DATA 	Keypress: j
582.0128 	DATA 	Keypress: a
582.0796 	DATA 	Keypress: w
582.5296 	DATA 	Keypress: w
582.6300 	DATA 	Keypress: a
582.8299 	DATA 	Keypress: t
582.9765 	EXP 	New trial (rep=6, index=8): {'leftStreamFlip': False, 'oneTarget': False, 'trialInstructionPos': (0, -1), 'probe': 'both', 'rightStreamFlip': False, 'horizVert': False, 'ISIframes': 2, 'rightResponseFirst': True}
582.9955 	INFO 	numtrials=360 and this trialDurFrames=3 or 50.0 ms  task=T1
583.9626 	EXP 	window1: recordFrameIntervals = False
583.9720 	INFO 	Mouse: using default window
585.0794 	DATA 	Keypress: e
585.1961 	DATA 	Keypress: w
586.1463 	DATA 	Keypress: backspace
586.2628 	DATA 	Keypress: backspace
586.3963 	DATA 	Keypress: backspace
586.6131 	DATA 	Keypress: n
586.6962 	DATA 	Keypress: e
586.7629 	DATA 	Keypress: w
587.2463 	DATA 	Keypress: s
587.2963 	DATA 	Keypress: e
587.6295 	DATA 	Keypress: backspace
587.7480 	DATA 	Keypress: backspace
587.8794 	DATA 	Keypress: backspace
588.1297 	DATA 	Keypress: u
588.1964 	DATA 	Keypress: s
588.2796 	DATA 	Keypress: e
588.4360 	EXP 	New trial (rep=6, index=9): {'leftStreamFlip': False, 'oneTarget': False, 'trialInstructionPos': (0, -1), 'probe': 'both', 'rightStreamFlip': False, 'horizVert': False, 'ISIframes': 2, 'rightResponseFirst': True}
588.4628 	INFO 	numtrials=360 and this trialDurFrames=3 or 50.0 ms  task=T1
589.6293 	EXP 	window1: recordFrameIntervals = False
589.6382 	INFO 	Mouse: using default window
590.6296 	DATA 	Keypress: b
590.8127 	DATA 	Keypress: o
590.9128 	DATA 	Keypress: x
591.2463 	DATA 	Keypress: b
591.3297 	DATA 	Keypress: a
591.4794 	DATA 	Keypress: t
591.6248 	EXP 	New trial (rep=6, index=10): {'leftStreamFlip': False, 'oneTarget': True, 'trialInstructionPos': (0, -1), 'probe': 'both', 'rightStreamFlip': False, 'horizVert': False, 'ISIframes': 2, 'rightResponseFirst': False}
591.6451 	INFO 	numtrials=360 and this trialDurFrames=3 or 50.0 ms  task=T1
592.8459 	EXP 	window1: recordFrameIntervals = False
592.8546 	INFO 	Mouse: using default window
593.5796 	DATA 	Keypress: w
593.6461 	DATA 	Keypress: i
593.7464 	DATA 	Keypress: g
593.8882 	EXP 	New trial (rep=6, index=11): {'leftStreamFlip': False, 'oneTarget': False, 'trialInstructionPos': (0, 1), 'probe': 'both', 'rightStreamFlip': False, 'horizVert': False, 'ISIframes': 2, 'rightResponseFirst': False}
593.9119 	INFO 	numtrials=360 and this trialDurFrames=3 or 50.0 ms  task=T1
595.0628 	EXP 	window1: recordFrameIntervals = False
595.0713 	INFO 	Mouse: using default window
596.3295 	DATA 	Keypress: w
596.4137 	DATA 	Keypress: a
596.6128 	DATA 	Keypress: t
596.9487 	DATA 	Keypress: a
597.0297 	DATA 	Keypress: i
597.1129 	DATA 	Keypress: m
597.2637 	EXP 	New trial (rep=7, index=0): {'leftStreamFlip': False, 'oneTarget': False, 'trialInstructionPos': (0, 1), 'probe': 'both', 'rightStreamFlip': False, 'horizVert': False, 'ISIframes': 2, 'rightResponseFirst': True}
597.2788 	INFO 	numtrials=360 and this trialDurFrames=3 or 50.0 ms  task=T1
598.4794 	EXP 	window1: recordFrameIntervals = False
598.4885 	INFO 	Mouse: using default window
599.6627 	DATA 	Keypress: e
600.2296 	DATA 	Keypress: backspace
600.3634 	DATA 	Keypress: r
600.4296 	DATA 	Keypress: e
600.5962 	DATA 	Keypress: d
600.8795 	DATA 	Keypress: p
600.9796 	DATA 	Keypress: i
601.0630 	DATA 	Keypress: g
601.2126 	EXP 	New trial (rep=7, index=1): {'leftStreamFlip': False, 'oneTarget': True, 'trialInstructionPos': (0, 1), 'probe': 'both', 'rightStreamFlip': False, 'horizVert': False, 'ISIframes': 2, 'rightResponseFirst': False}
601.2288 	INFO 	numtrials=360 and this trialDurFrames=3 or 50.0 ms  task=T1
602.1960 	EXP 	window1: recordFrameIntervals = False
602.2051 	INFO 	Mouse: using default window
603.1796 	DATA 	Keypress: w
603.2630 	DATA 	Keypress: a
603.4962 	DATA 	Keypress: t
603.6374 	EXP 	New trial (rep=7, index=2): {'leftStreamFlip': False, 'oneTarget': False, 'trialInstructionPos': (0, 1), 'probe': 'both', 'rightStreamFlip': False, 'horizVert': False, 'ISIframes': 2, 'rightResponseFirst': False}
603.6623 	INFO 	numtrials=360 and this trialDurFrames=3 or 50.0 ms  task=T1
604.7794 	EXP 	window1: recordFrameIntervals = False
604.7888 	INFO 	Mouse: using default window
605.4629 	DATA 	Keypress: g
605.5795 	DATA 	Keypress: u
605.6462 	DATA 	Keypress: y
605.9129 	DATA 	Keypress: w
606.0798 	DATA 	Keypress: e
606.1796 	DATA 	Keypress: b
606.3236 	EXP 	New trial (rep=7, index=3): {'leftStreamFlip': False, 'oneTarget': True, 'trialInstructionPos': (0, -1), 'probe': 'both', 'rightStreamFlip': False, 'horizVert': False, 'ISIframes': 2, 'rightResponseFirst': True}
606.3451 	INFO 	numtrials=360 and this trialDurFrames=3 or 50.0 ms  task=T1
607.5293 	EXP 	window1: recordFrameIntervals = False
607.5380 	INFO 	Mouse: using default window
608.2130 	DATA 	Keypress: r
608.2967 	DATA 	Keypress: o
608.3963 	DATA 	Keypress: d
608.5390 	EXP 	New trial (rep=7, index=4): {'leftStreamFlip': False, 'oneTarget': True, 'trialInstructionPos': (0, 1), 'probe': 'both', 'rightStreamFlip': False, 'horizVert': False, 'ISIframes': 2, 'rightResponseFirst': True}
608.5617 	INFO 	numtrials=360 and this trialDurFrames=3 or 50.0 ms  task=T1
609.5295 	EXP 	window1: recordFrameIntervals = False
609.5377 	INFO 	Mouse: using default window
610.1811 	DATA 	Keypress: f
610.2794 	DATA 	Keypress: i
610.3961 	DATA 	Keypress: x
610.5378 	EXP 	New trial (rep=7, index=5): {'leftStreamFlip': False, 'oneTarget': False, 'trialInstructionPos': (0, -1), 'probe': 'both', 'rightStreamFlip': False, 'horizVert': False, 'ISIframes': 2, 'rightResponseFirst': False}
610.5618 	INFO 	numtrials=360 and this trialDurFrames=3 or 50.0 ms  task=T1
611.5960 	EXP 	window1: recordFrameIntervals = False
611.6056 	INFO 	Mouse: using default window
612.2794 	DATA 	Keypress: f
612.3462 	DATA 	Keypress: i
612.4965 	DATA 	Keypress: x
612.8628 	DATA 	Keypress: a
612.9650 	DATA 	Keypress: n
613.1462 	DATA 	Keypress: y
613.2915 	EXP 	New trial (rep=7, index=6): {'leftStreamFlip': False, 'oneTarget': False, 'trialInstructionPos': (0, 1), 'probe': 'both', 'rightStreamFlip': False, 'horizVert': False, 'ISIframes': 2, 'rightResponseFirst': False}
613.3120 	INFO 	numtrials=360 and this trialDurFrames=3 or 50.0 ms  task=T1
614.4962 	EXP 	window1: recordFrameIntervals = False
614.5052 	INFO 	Mouse: using default window
615.6628 	DATA 	Keypress: l
616.4296 	DATA 	Keypress: a
616.6304 	DATA 	Keypress: y
617.1794 	DATA 	Keypress: b
617.2468 	DATA 	Keypress: a
617.3485 	DATA 	Keypress: d
617.5078 	EXP 	New trial (rep=7, index=7): {'leftStreamFlip': False, 'oneTarget': False, 'trialInstructionPos': (0, 1), 'probe': 'both', 'rightStreamFlip': False, 'horizVert': False, 'ISIframes': 2, 'rightResponseFirst': True}
617.5285 	INFO 	numtrials=360 and this trialDurFrames=3 or 50.0 ms  task=T1
618.6293 	EXP 	window1: recordFrameIntervals = False
618.6379 	INFO 	Mouse: using default window
619.6463 	DATA 	Keypress: c
619.7797 	DATA 	Keypress: a
619.8297 	DATA 	Keypress: t
620.0128 	DATA 	Keypress: w
620.1132 	DATA 	Keypress: a
620.2295 	DATA 	Keypress: s
620.3813 	EXP 	New trial (rep=7, index=8): {'leftStreamFlip': False, 'oneTarget': False, 'trialInstructionPos': (0, -1), 'probe': 'both', 'rightStreamFlip': False, 'horizVert': False, 'ISIframes': 2, 'rightResponseFirst': False}
620.3955 	INFO 	numtrials=360 and this trialDurFrames=3 or 50.0 ms  task=T1
621.3960 	EXP 	window1: recordFrameIntervals = False
621.4049 	INFO 	Mouse: using default window
622.3296 	DATA 	Keypress: p
622.4130 	DATA 	Keypress: o
622.4461 	DATA 	Keypress: r
622.8295 	DATA 	Keypress: r
623.5634 	DATA 	Keypress: i
623.6462 	DATA 	Keypress: d
623.7913 	EXP 	New trial (rep=7, index=9): {'leftStreamFlip': False, 'oneTarget': False, 'trialInstructionPos': (0, -1), 'probe': 'both', 'rightStreamFlip': False, 'horizVert': False, 'ISIframes': 2, 'rightResponseFirst': True}
623.8118 	INFO 	numtrials=360 and this trialDurFrames=3 or 50.0 ms  task=T1
624.9961 	EXP 	window1: recordFrameIntervals = False
625.0046 	INFO 	Mouse: using default window
625.8132 	DATA 	Keypress: s
625.9131 	DATA 	Keypress: i
625.9964 	DATA 	Keypress: r
626.2963 	DATA 	Keypress: l
626.4795 	DATA 	Keypress: o
626.5485 	DATA 	Keypress: w
626.7072 	EXP 	New trial (rep=7, index=10): {'leftStreamFlip': False, 'oneTarget': False, 'trialInstructionPos': (0, -1), 'probe': 'both', 'rightStreamFlip': False, 'horizVert': False, 'ISIframes': 2, 'rightResponseFirst': True}
626.7293 	INFO 	numtrials=360 and this trialDurFrames=3 or 50.0 ms  task=T1
627.8962 	EXP 	window1: recordFrameIntervals = False
627.9045 	INFO 	Mouse: using default window
628.6795 	DATA 	Keypress: h
628.7962 	DATA 	Keypress: a
628.8962 	DATA 	Keypress: m
629.1801 	DATA 	Keypress: s
629.3650 	DATA 	Keypress: e
629.5796 	DATA 	Keypress: x
629.7262 	EXP 	New trial (rep=7, index=11): {'leftStreamFlip': False, 'oneTarget': True, 'trialInstructionPos': (0, -1), 'probe': 'both', 'rightStreamFlip': False, 'horizVert': False, 'ISIframes': 2, 'rightResponseFirst': False}
629.7459 	INFO 	numtrials=360 and this trialDurFrames=3 or 50.0 ms  task=T1
630.7961 	EXP 	window1: recordFrameIntervals = False
630.8051 	INFO 	Mouse: using default window
631.4130 	DATA 	Keypress: b
631.5464 	DATA 	Keypress: a
631.6129 	DATA 	Keypress: t
631.7580 	EXP 	New trial (rep=8, index=0): {'leftStreamFlip': False, 'oneTarget': True, 'trialInstructionPos': (0, -1), 'probe': 'both', 'rightStreamFlip': False, 'horizVert': False, 'ISIframes': 2, 'rightResponseFirst': False}
631.7787 	INFO 	numtrials=360 and this trialDurFrames=3 or 50.0 ms  task=T1
632.9794 	EXP 	window1: recordFrameIntervals = False
632.9875 	INFO 	Mouse: using default window
633.8463 	DATA 	Keypress: w
633.9465 	DATA 	Keypress: a
634.0461 	DATA 	Keypress: t
634.1868 	EXP 	New trial (rep=8, index=1): {'leftStreamFlip': False, 'oneTarget': False, 'trialInstructionPos': (0, 1), 'probe': 'both', 'rightStreamFlip': False, 'horizVert': False, 'ISIframes': 2, 'rightResponseFirst': True}
634.2117 	INFO 	numtrials=360 and this trialDurFrames=3 or 50.0 ms  task=T1
635.3462 	EXP 	window1: recordFrameIntervals = False
635.3547 	INFO 	Mouse: using default window
636.2634 	DATA 	Keypress: c
636.3797 	DATA 	Keypress: r
636.5487 	DATA 	Keypress: a
636.5980 	DATA 	Keypress: p
637.7643 	DATA 	Keypress: backspace
637.9962 	DATA 	Keypress: l
638.0796 	DATA 	Keypress: a
638.0854 	DATA 	Keypress: w
638.2608 	EXP 	New trial (rep=8, index=2): {'leftStreamFlip': False, 'oneTarget': False, 'trialInstructionPos': (0, -1), 'probe': 'both', 'rightStreamFlip': False, 'horizVert': False, 'ISIframes': 2, 'rightResponseFirst': False}
638.2786 	INFO 	numtrials=360 and this trialDurFrames=3 or 50.0 ms  task=T1
639.2961 	EXP 	window1: recordFrameIntervals = False
639.3055 	INFO 	Mouse: using default window
639.7796 	DATA 	Keypress: a
639.9628 	DATA 	Keypress: c
640.1483 	DATA 	Keypress: t
640.4628 	DATA 	Keypress: w
640.5463 	DATA 	Keypress: a
640.6628 	DATA 	Keypress: s
640.8074 	EXP 	New trial (rep=8, index=3): {'leftStreamFlip': False, 'oneTarget': True, 'trialInstructionPos': (0, 1), 'probe': 'both', 'rightStreamFlip': False, 'horizVert': False, 'ISIframes': 2, 'rightResponseFirst': True}
640.8286 	INFO 	numtrials=360 and this trialDurFrames=3 or 50.0 ms  task=T1
642.0128 	EXP 	window1: recordFrameIntervals = False
642.0218 	INFO 	Mouse: using default window
642.4295 	DATA 	Keypress: a
642.5659 	DATA 	Keypress: d
642.7128 	DATA 	Keypress: d
642.8561 	EXP 	New trial (rep=8, index=4): {'leftStreamFlip': False, 'oneTarget': False, 'trialInstructionPos': (0, 1), 'probe': 'both', 'rightStreamFlip': False, 'horizVert': False, 'ISIframes': 2, 'rightResponseFirst': False}
642.8786 	INFO 	numtrials=360 and this trialDurFrames=3 or 50.0 ms  task=T1
643.9293 	EXP 	window1: recordFrameIntervals = False
643.9378 	INFO 	Mouse: using default window
644.9969 	DATA 	Keypress: n
645.1129 	DATA 	Keypress: e
645.2299 	DATA 	Keypress: t
645.5629 	DATA 	Keypress: d
645.6962 	DATA 	Keypress: a
645.7652 	DATA 	Keypress: y
645.9299 	EXP 	New trial (rep=8, index=5): {'leftStreamFlip': False, 'oneTarget': False, 'trialInstructionPos': (0, -1), 'probe': 'both', 'rightStreamFlip': False, 'horizVert': False, 'ISIframes': 2, 'rightResponseFirst': True}
645.9456 	INFO 	numtrials=360 and this trialDurFrames=3 or 50.0 ms  task=T1
647.1461 	EXP 	window1: recordFrameIntervals = False
647.1545 	INFO 	Mouse: using default window
648.1629 	DATA 	Keypress: h
648.3462 	DATA 	Keypress: i
648.4295 	DATA 	Keypress: m
648.6961 	DATA 	Keypress: a
648.7962 	DATA 	Keypress: y
648.8797 	DATA 	Keypress: e
649.0298 	EXP 	New trial (rep=8, index=6): {'leftStreamFlip': False, 'oneTarget': False, 'trialInstructionPos': (0, 1), 'probe': 'both', 'rightStreamFlip': False, 'horizVert': False, 'ISIframes': 2, 'rightResponseFirst': False}
649.0630 	INFO 	numtrials=360 and this trialDurFrames=3 or 50.0 ms  task=T1
650.2461 	EXP 	window1: recordFrameIntervals = False
650.2551 	INFO 	Mouse: using default window
650.8795 	DATA 	Keypress: s
650.9795 	DATA 	Keypress: u
651.0796 	DATA 	Keypress: n
651.3464 	DATA 	Keypress: s
651.5966 	DATA 	Keypress: i
652.3964 	DATA 	Keypress: backspace
652.6130 	DATA 	Keypress: k
652.7629 	DATA 	Keypress: i
652.9107 	EXP 	New trial (rep=8, index=7): {'leftStreamFlip': False, 'oneTarget': True, 'trialInstructionPos': (0, 1), 'probe': 'both', 'rightStreamFlip': False, 'horizVert': False, 'ISIframes': 2, 'rightResponseFirst': False}
652.9286 	INFO 	numtrials=360 and this trialDurFrames=3 or 50.0 ms  task=T1
654.0793 	EXP 	window1: recordFrameIntervals = False
654.0876 	INFO 	Mouse: using default window
655.5630 	DATA 	Keypress: l
655.6462 	DATA 	Keypress: a
655.7300 	DATA 	Keypress: y
655.8796 	EXP 	New trial (rep=8, index=8): {'leftStreamFlip': False, 'oneTarget': False, 'trialInstructionPos': (0, 1), 'probe': 'both', 'rightStreamFlip': False, 'horizVert': False, 'ISIframes': 2, 'rightResponseFirst': True}
655.8953 	INFO 	numtrials=360 and this trialDurFrames=3 or 50.0 ms  task=T1
656.9133 	EXP 	window1: recordFrameIntervals = False
656.9219 	INFO 	Mouse: using default window
657.6636 	DATA 	Keypress: i
657.7462 	DATA 	Keypress: n
657.8633 	DATA 	Keypress: k
658.2630 	DATA 	Keypress: w
658.3795 	DATA 	Keypress: a
658.5965 	DATA 	Keypress: t
658.7406 	EXP 	New trial (rep=8, index=9): {'leftStreamFlip': False, 'oneTarget': False, 'trialInstructionPos': (0, -1), 'probe': 'both', 'rightStreamFlip': False, 'horizVert': False, 'ISIframes': 2, 'rightResponseFirst': True}
658.7618 	INFO 	numtrials=360 and this trialDurFrames=3 or 50.0 ms  task=T1
659.8960 	EXP 	window1: recordFrameIntervals = False
659.9045 	INFO 	Mouse: using default window
660.7630 	DATA 	Keypress: w
660.8796 	DATA 	Keypress: a
660.9797 	DATA 	Keypress: t
661.1964 	DATA 	Keypress: w
661.2628 	DATA 	Keypress: a
661.3501 	DATA 	Keypress: t
661.5077 	EXP 	New trial (rep=8, index=10): {'leftStreamFlip': False, 'oneTarget': False, 'trialInstructionPos': (0, -1), 'probe': 'both', 'rightStreamFlip': False, 'horizVert': False, 'ISIframes': 2, 'rightResponseFirst': False}
661.5286 	INFO 	numtrials=360 and this trialDurFrames=3 or 50.0 ms  task=T1
662.6628 	EXP 	window1: recordFrameIntervals = False
662.6716 	INFO 	Mouse: using default window
663.3797 	DATA 	Keypress: h
663.4628 	DATA 	Keypress: a
663.5628 	DATA 	Keypress: m
663.8796 	DATA 	Keypress: b
664.0296 	DATA 	Keypress: u
664.1131 	DATA 	Keypress: y
664.2572 	EXP 	New trial (rep=8, index=11): {'leftStreamFlip': False, 'oneTarget': True, 'trialInstructionPos': (0, -1), 'probe': 'both', 'rightStreamFlip': False, 'horizVert': False, 'ISIframes': 2, 'rightResponseFirst': True}
664.2788 	INFO 	numtrials=360 and this trialDurFrames=3 or 50.0 ms  task=T1
665.3628 	EXP 	window1: recordFrameIntervals = False
665.3718 	INFO 	Mouse: using default window
665.9311 	DATA 	Keypress: e
666.0295 	DATA 	Keypress: g
666.1481 	DATA 	Keypress: o
666.3050 	EXP 	New trial (rep=9, index=0): {'leftStreamFlip': False, 'oneTarget': False, 'trialInstructionPos': (0, -1), 'probe': 'both', 'rightStreamFlip': False, 'horizVert': False, 'ISIframes': 2, 'rightResponseFirst': False}
666.3285 	INFO 	numtrials=360 and this trialDurFrames=3 or 50.0 ms  task=T1
667.3962 	EXP 	window1: recordFrameIntervals = False
667.4052 	INFO 	Mouse: using default window
668.0464 	DATA 	Keypress: t
668.1299 	DATA 	Keypress: a
668.2962 	DATA 	Keypress: x
668.6295 	DATA 	Keypress: g
668.7128 	DATA 	Keypress: u
668.8129 	DATA 	Keypress: t
668.9579 	EXP 	New trial (rep=9, index=1): {'leftStreamFlip': False, 'oneTarget': True, 'trialInstructionPos': (0, 1), 'probe': 'both', 'rightStreamFlip': False, 'horizVert': False, 'ISIframes': 2, 'rightResponseFirst': False}
668.9785 	INFO 	numtrials=360 and this trialDurFrames=3 or 50.0 ms  task=T1
670.1794 	EXP 	window1: recordFrameIntervals = False
670.1883 	INFO 	Mouse: using default window
670.8628 	DATA 	Keypress: b
670.9462 	DATA 	Keypress: u
670.9798 	DATA 	Keypress: t
671.1321 	EXP 	New trial (rep=9, index=2): {'leftStreamFlip': False, 'oneTarget': False, 'trialInstructionPos': (0, 1), 'probe': 'both', 'rightStreamFlip': False, 'horizVert': False, 'ISIframes': 2, 'rightResponseFirst': False}
671.1628 	INFO 	numtrials=360 and this trialDurFrames=3 or 50.0 ms  task=T1
672.2464 	EXP 	window1: recordFrameIntervals = False
672.2551 	INFO 	Mouse: using default window
672.8962 	DATA 	Keypress: s
673.0134 	DATA 	Keypress: i
673.0462 	DATA 	Keypress: m
673.3797 	DATA 	Keypress: n
673.4463 	DATA 	Keypress: e
673.6129 	DATA 	Keypress: t
673.7593 	EXP 	New trial (rep=9, index=3): {'leftStreamFlip': False, 'oneTarget': False, 'trialInstructionPos': (0, -1), 'probe': 'both', 'rightStreamFlip': False, 'horizVert': False, 'ISIframes': 2, 'rightResponseFirst': True}
673.7788 	INFO 	numtrials=360 and this trialDurFrames=3 or 50.0 ms  task=T1
674.8293 	EXP 	window1: recordFrameIntervals = False
674.8377 	INFO 	Mouse: using default window
675.4465 	DATA 	Keypress: t
675.9462 	DATA 	Keypress: i
676.1325 	DATA 	Keypress: p
676.4462 	DATA 	Keypress: t
676.5298 	DATA 	Keypress: u
676.5966 	DATA 	Keypress: b
676.7449 	EXP 	New trial (rep=9, index=4): {'leftStreamFlip': False, 'oneTarget': False, 'trialInstructionPos': (0, -1), 'probe': 'both', 'rightStreamFlip': False, 'horizVert': False, 'ISIframes': 2, 'rightResponseFirst': True}
676.7621 	INFO 	numtrials=360 and this trialDurFrames=3 or 50.0 ms  task=T1
677.8461 	EXP 	window1: recordFrameIntervals = False
677.8545 	INFO 	Mouse: using default window
678.4797 	DATA 	Keypress: l
678.9963 	DATA 	Keypress: backspace
679.1301 	DATA 	Keypress: backspace
679.3805 	DATA 	Keypress: t
679.4798 	DATA 	Keypress: h
679.5796 	DATA 	Keypress: e
680.3130 	DATA 	Keypress: l
680.5296 	DATA 	Keypress: a
680.6300 	DATA 	Keypress: b
680.7818 	EXP 	New trial (rep=9, index=5): {'leftStreamFlip': False, 'oneTarget': False, 'trialInstructionPos': (0, 1), 'probe': 'both', 'rightStreamFlip': False, 'horizVert': False, 'ISIframes': 2, 'rightResponseFirst': True}
680.8127 	INFO 	numtrials=360 and this trialDurFrames=3 or 50.0 ms  task=T1
681.9628 	EXP 	window1: recordFrameIntervals = False
681.9720 	INFO 	Mouse: using default window
682.7462 	DATA 	Keypress: a
682.9329 	DATA 	Keypress: c
683.0297 	DATA 	Keypress: t
683.6296 	DATA 	Keypress: m
683.6795 	DATA 	Keypress: o
683.7484 	DATA 	Keypress: b
683.9074 	EXP 	New trial (rep=9, index=6): {'leftStreamFlip': False, 'oneTarget': False, 'trialInstructionPos': (0, 1), 'probe': 'both', 'rightStreamFlip': False, 'horizVert': False, 'ISIframes': 2, 'rightResponseFirst': True}
683.9288 	INFO 	numtrials=360 and this trialDurFrames=3 or 50.0 ms  task=T1
685.0793 	EXP 	window1: recordFrameIntervals = False
685.0884 	INFO 	Mouse: using default window
690.0969 	DATA 	Keypress: lctrl
690.5798 	DATA 	Keypress: lshift
690.9965 	DATA 	Keypress: d
691.7652 	DATA 	Keypress: backspace
691.8962 	DATA 	Keypress: backspace
692.0633 	DATA 	Keypress: lctrl
692.1297 	DATA 	Keypress: lshift
692.2630 	DATA 	Keypress: z
692.2828 	INFO 	Stopping at 12:17 on 09 Aug 2018
692.2842 	ERROR 	user aborted experiment on keypress with trials done=114 of 361
692.3076 	INFO 	Program terminating normally.
