0.8948 	WARNING 	Monitor specification not found. Creating a temporary one...
17.8976 	EXP 	Created window1 = Window(allowGUI=False, allowStencil=False, autoLog=True, bitsMode=UNKNOWN, blendMode='avg', color=array([-0.7, -0.7, -0.7]), colorSpace='rgb', fullscr=UNKNOWN, gamma=None, lms=UNKNOWN, monitor=<psychopy.monitors.calibTools.Monitor object at 0x1A392170>, name='window1', pos=[0, 0], screen=0, size=array([1920, 1080]), stereo=False, units='deg', useFBO=False, useRetina=False, viewOri=0.0, viewPos=None, viewScale=None, waitBlanking=False, winType='pyglet')
17.8976 	INFO 	Mouse: using default window
17.8979 	EXP 	window1: units = 'norm'
17.9888 	EXP 	Created unnamed ImageStim = ImageStim(autoLog=True, color=array([ 1.,  1.,  1.]), colorSpace='rgb', contrast=1.0, depth=0, flipHoriz=False, flipVert=False, image=str(...), interpolate=False, mask=None, maskParams=None, name='unnamed ImageStim', opacity=1.0, ori=0.0, pos=array([-0.5,  0. ]), size=array([ 1.290625  ,  3.24814815]), texRes=128, units='norm', win=Window(...))
18.0561 	EXP 	Created unnamed ImageStim = ImageStim(autoLog=True, color=array([ 1.,  1.,  1.]), colorSpace='rgb', contrast=1.0, depth=0, flipHoriz=False, flipVert=False, image=str(...), interpolate=False, mask=None, maskParams=None, name='unnamed ImageStim', opacity=1.0, ori=0.0, pos=array([ 0.5,  0. ]), size=array([ 1.290625  ,  3.24814815]), texRes=128, units='norm', win=Window(...))
18.0727 	EXP 	Created OKrespZone = GratingStim(autoDraw=False, autoLog=True, color=array([ 1. ,  0.5,  0.5]), colorSpace='rgb', contrast=1.0, depth=0, interpolate=False, mask='gauss', maskParams=None, name='OKrespZone', opacity=1.0, ori=0.0, phase=array([ 0.,  0.]), pos=array([-0.2 , -0.92]), rgbPedestal=array([ 0.,  0.,  0.]), sf=array([ 0.,  0.]), size=array([ 2.3,  0.2]), tex='sin', texRes=256, units='norm', win=Window(...))
18.2596 	EXP 	unnamed ImageStim: size = (1, 2)
18.2596 	EXP 	unnamed ImageStim: size = (1, 2)
92.4072 	DATA 	Mouse: Left button down, pos=(982,542)
92.5070 	DATA 	Mouse:  Left button up, pos=(982,542)
93.6906 	DATA 	Mouse: Left button down, pos=(893,49)
93.7071 	EXP 	window1: units = 'deg'
93.7073 	EXP 	window1: units = 'norm'
93.7278 	EXP 	Created OKrespZone = GratingStim(autoDraw=False, autoLog=True, color=array([ 1. ,  0.5,  0.5]), colorSpace='rgb', contrast=1.0, depth=0, interpolate=False, mask='gauss', maskParams=None, name='OKrespZone', opacity=1.0, ori=0.0, phase=array([ 0.,  0.]), pos=array([-0.2 , -0.92]), rgbPedestal=array([ 0.,  0.,  0.]), sf=array([ 0.,  0.]), size=array([ 2.3,  0.2]), tex='sin', texRes=256, units='norm', win=Window(...))
93.8070 	EXP 	Created unnamed ImageStim = ImageStim(autoLog=True, color=array([ 1.,  1.,  1.]), colorSpace='rgb', contrast=1.0, depth=0, flipHoriz=False, flipVert=False, image='abgdj\\PISandConsentForm\\consentForm.png', interpolate=False, mask=None, maskParams=None, name='unnamed ImageStim', opacity=1.0, ori=0.0, pos=array([ 0.,  0.]), size=array([ 1.3375    ,  2.97407407]), texRes=128, units='norm', win=Window(...))
93.8507 	EXP 	Created unnamed GratingStim = GratingStim(autoDraw=False, autoLog=True, color=array([ 1. ,  0.5,  0.5]), colorSpace='rgb', contrast=1.0, depth=0, interpolate=False, mask='gauss', maskParams=None, name='unnamed GratingStim', opacity=1.0, ori=0.0, phase=array([ 0.,  0.]), pos=array([-0.2 , -0.42]), rgbPedestal=array([ 0.,  0.,  0.]), sf=array([ 0.,  0.]), size=array([ 0.3,  0.2]), tex='sin', texRes=256, units='norm', win=Window(...))
93.8897 	EXP 	Created unnamed GratingStim = GratingStim(autoDraw=False, autoLog=True, color=array([ 1. ,  0.5,  0.5]), colorSpace='rgb', contrast=1.0, depth=0, interpolate=False, mask='gauss', maskParams=None, name='unnamed GratingStim', opacity=1.0, ori=0.0, phase=array([ 0.,  0.]), pos=array([ 0.1 , -0.42]), rgbPedestal=array([ 0.,  0.,  0.]), sf=array([ 0.,  0.]), size=array([ 0.3,  0.2]), tex='sin', texRes=256, units='norm', win=Window(...))
93.9109 	EXP 	Created unnamed GratingStim = GratingStim(autoDraw=False, autoLog=True, color=array([ 1. ,  0.5,  0.5]), colorSpace='rgb', contrast=1.0, depth=0, interpolate=False, mask='gauss', maskParams=None, name='unnamed GratingStim', opacity=1.0, ori=0.0, phase=array([ 0.,  0.]), pos=array([-0.2 , -0.72]), rgbPedestal=array([ 0.,  0.,  0.]), sf=array([ 0.,  0.]), size=array([ 0.3,  0.2]), tex='sin', texRes=256, units='norm', win=Window(...))
93.9306 	EXP 	Created unnamed GratingStim = GratingStim(autoDraw=False, autoLog=True, color=array([ 1. ,  0.5,  0.5]), colorSpace='rgb', contrast=1.0, depth=0, interpolate=False, mask='gauss', maskParams=None, name='unnamed GratingStim', opacity=1.0, ori=0.0, phase=array([ 0.,  0.]), pos=array([ 0.1 , -0.72]), rgbPedestal=array([ 0.,  0.,  0.]), sf=array([ 0.,  0.]), size=array([ 0.3,  0.2]), tex='sin', texRes=256, units='norm', win=Window(...))
93.9335 	DATA 	Mouse:  Left button up, pos=(893,49)
93.9400 	EXP 	unnamed ImageStim: size = (1.1, 2)
106.0572 	DATA 	Mouse: Left button down, pos=(790,307)
106.1904 	DATA 	Mouse:  Left button up, pos=(790,307)
112.3242 	DATA 	Mouse: Left button down, pos=(765,139)
112.4404 	DATA 	Mouse:  Left button up, pos=(765,139)
113.5611 	DATA 	Mouse: Left button down, pos=(732,31)
113.5736 	EXP 	window1: units = 'deg'
113.5786 	EXP 	window1: mouseVisible = True
125.3436 	EXP 	Created window1 = Window(allowGUI=False, allowStencil=False, autoLog=True, bitsMode=UNKNOWN, blendMode='avg', color=array([-0.7, -0.7, -0.7]), colorSpace='rgb', fullscr=UNKNOWN, gamma=None, lms=UNKNOWN, monitor=<psychopy.monitors.calibTools.Monitor object at 0x1A392170>, name='window1', pos=[0, 0], screen=0, size=array([1920, 1080]), stereo=False, units='deg', useFBO=False, useRetina=False, viewOri=0.0, viewPos=None, viewScale=None, waitBlanking=False, winType='pyglet')
129.8105 	INFO 	#[ PsychoPy2 RuntimeInfoStart ]
  #[[ PsychoPy ]] #---------
    psychopyVersion: 1.84.2
    psychopyHaveExtRush: True
  #[[ Experiment ]] #---------
    experimentAuthor: None
    experimentAuthVersion: None
    experimentRunTime: 2018_08_09 09:30 (Year_Month_Day Hour:Min)
    experimentRunTime.epoch: 1533771034
    experimentScript: psyc1002.py
    experimentScript.digestSHA1: 03993779484d600ea4c1b8cc2288f3d37a5025d5
    experimentScript.directory: U:\PSYC1002\abgdj
  #[[ System ]] #---------
    systemHaveInternetAccess: True
    systemHostName: W5FFZKG2
    systemLocale: English_Australia.1252
    systemMemFreeRAM: 4299.546875
    systemMemTotalRAM: 8076.9453125
    systemPlatform: windowsversion=sys.getwindowsversion(major=6, minor=2, build=9200, platform=2, service_pack='')
    systemPyo.InputDevices: {4: {'host api index': 2, 'latency': 0.008707483299076557, 'default sr': 44100, 'name': u'Realtek ASIO'}}
    systemPyo.OutputDevices: {0: {'host api index': 0, 'latency': 0.09000000357627869, 'default sr': 44100, 'name': u'Microsoft Sound Mapper - Output'}, 1: {'host api index': 0, 'latency': 0.09000000357627869, 'default sr': 44100, 'name': u'Speakers / Headphones (Realtek '}, 2: {'host api index': 1, 'latency': 0.11999999731779099, 'default sr': 44100, 'name': u'Primary Sound Driver'}, 3: {'host api index': 1, 'latency': 0.11999999731779099, 'default sr': 44100, 'name': u'Speakers / Headphones (Realtek High Definition Audio)'}, 4: {'host api index': 2, 'latency': 0.008707483299076557, 'default sr': 44100, 'name': u'Realtek ASIO'}, 5: {'host api index': 3, 'latency': 0.003000000026077032, 'default sr': 48000, 'name': u'Speakers / Headphones (Realtek High Definition Audio)'}}
    systemPyoVersion: 0.8.0
    systemRebooted: System Boot Time:          8/08/2018, 2:15:43 AM
    systemSec.pythonSSL: True
    systemTimeNumpySD1000000_sec: 0.0083
    systemUser: ldol8783
    systemUserID: 1000
    systemUserProcCmdPid: nimdnsResponder.exe OneDrive.exe nierserver.exe LabStatsUserSpace.exe ssonsvr.exe AGSService.exe dwm.exe nidevldu.exe System sihost.exe csrss.exe SmcGui.exe niauth_daemon.exe wininit.exe SISIDSService.exe CmRcService.exe server_admin.exe winlogon.exe LabStatsClient.exe ShellExperienceHost.exe tagsrv.exe SearchUI.exe ctfmon.exe TrustedInstaller.exe RtkNGUI64.exe nidevmon.exe RAVBg64.exe SearchIndexer.exe TiWorker.exe ''Memory Compression'' explorer.exe server_runtime.exe SCNotification.exe conhost.exe smss.exe WmiPrvSE.exe NIWebServiceContainer.exe ApplicationWebServer.exe nimxs.exe fontdrvhost.exe taskhostw.exe nipxism.exe acrotray.exe redirector.exe nicitdl5.exe niLxiDiscovery.exe RtkAudioService64.exe cmd.exe chrome.exe SystemWebServer.exe unsecapp.exe tasklist.exe SecurityHealthService.exe sisipsutil.exe nidmsrv.exe Receiver.exe snowagent.exe wfcrun32.exe CcmExec.exe SISIPSService.exe concentr.exe lktsrv.exe nisvcloc.exe server_eventlog.exe pc-client.exe RuntimeBroker.exe lkcitdl.exe python.exe ''System Idle Process'' lkads.exe lsass.exe services.exe niDiscSvc.exe sqlwriter.exe AuthManSvr.exe MSASCuiL.exe spoolsv.exe svchost.exe ccSvcHst.exe SelfServicePlugin.exe ni_usbmon.exe AdobeUpdateService.exe armsvc.exe audiodg.exe
    systemUserProcCount: 178
    systemUserProcFlagged: Explorer
    systemUsersCount: False
  #[[ Window ]] #---------
    windowWinType: pyglet
    windowWaitBlanking: False
    windowUseNativeGamma: True
    windowUnits: deg
    windowSize_pix: [1920 1080]
    windowScreen: 0
    windowRgb: [-0.7 -0.7 -0.7]
    windowRefreshTimeSD_ms: 0.280
    windowRefreshTimeMedian_ms: 16.680
    windowRefreshTimeAvg_ms: 16.664
    windowRefreshThreshold_sec: 0.0200
    windowRecordFrameIntervals: False
    windowPos_pix: [0, 0]
    windowMonitor.name: testmonitor
    windowMonitor.getWidth_cm: 57.0
    windowMonitor.getLinearizeMethod: 1
    windowMonitor.getGammaGrid: [[  0.   1.   1.  nan  nan  nan]
 [  0.   1.   1.  nan  nan  nan]
 [  0.   1.   1.  nan  nan  nan]
 [  0.   1.   1.  nan  nan  nan]]
    windowMonitor.getDistance_cm: 57.0
    windowMonitor.gammaInterpolator2: None
    windowMonitor.gammaInterpolator: None
    windowMonitor.currentCalibName: 2018_08_09 09:28
    windowIsFullScr: True
    windowHaveShaders: True
    windowAllowGUI: False
  #[[ Python ]] #---------
    pythonWxVersion: 3.0.2.0 msw (classic)
    pythonVersion: 2.7.11
    pythonScipyVersion: 0.17.1
    pythonPygletVersion: 1.2.4
    pythonPygameVersion: 1.9.2pre
    pythonNumpyVersion: 1.11.0
    pythonMatplotlibVersion: 1.5.1
    pythonFullVersion: 2.7.11 (v2.7.11:6d1b6a68f775, Dec  5 2015, 20:32:19) [MSC v.1500 32 bit (Intel)]
    pythonExecutable: C:\Program Files (x86)\PsychoPy2\python.exe
  #[[ OpenGL ]] #---------
    openGLVersion: 4.4.0 - Build 20.19.15.4531
    openGLVendor: Intel
    openGLRenderingEngine: Intel(R) HD Graphics 530
    openGLmaxVerticesInVertexArray: 1048576
    False: openGLext.GL_STEREO
    True: openGLext.GL_EXT_framebuffer_object
    True: openGLext.GL_ARB_vertex_shader
    True: openGLext.GL_ARB_texture_non_power_of_two
    True: openGLext.GL_ARB_texture_float
    True: openGLext.GL_ARB_shader_objects
    True: openGLext.GL_ARB_multitexture
    True: openGLext.GL_ARB_fragment_program
#[ PsychoPy2 RuntimeInfoEnd ]

129.8579 	EXP 	window1: recordFrameIntervals = True
130.6912 	EXP 	window1: recordFrameIntervals = False
130.6987 	INFO 	Frames per second ~=60.1, which is close enough to desired val of 60.0
130.8978 	EXP 	Created sequence: random, trialTypes=12, nReps=30, seed=None
131.0853 	INFO 	Mouse: using default window
131.1042 	EXP 	Created OKrespZone = GratingStim(autoDraw=False, autoLog=True, color=array([ 1.,  1.,  1.]), colorSpace='rgb', contrast=1.0, depth=0, interpolate=False, mask='gauss', maskParams=None, name='OKrespZone', opacity=1.0, ori=0.0, phase=array([ 0.,  0.]), pos=array([ 0.  ,  0.88]), rgbPedestal=array([ 0.,  0.,  0.]), sf=array([ 0.,  0.]), size=array([ 2. ,  0.2]), tex='sin', texRes=256, units='norm', win=Window(...))
141.9514 	DATA 	Mouse: Left button down, pos=(148,810)
142.0710 	DATA 	Mouse:  Left button up, pos=(148,810)
155.3752 	DATA 	Mouse: Left button down, pos=(351,891)
155.5190 	DATA 	Mouse:  Left button up, pos=(351,891)
184.5913 	DATA 	Mouse: Left button down, pos=(532,175)
184.7110 	DATA 	Mouse:  Left button up, pos=(532,175)
203.8553 	DATA 	Mouse: Left button down, pos=(1290,806)
204.0229 	DATA 	Mouse:  Left button up, pos=(1290,806)
206.4634 	DATA 	Mouse: Left button down, pos=(1525,745)
206.5910 	DATA 	Mouse:  Left button up, pos=(1525,745)
208.2554 	DATA 	Mouse: Left button down, pos=(1523,674)
208.3511 	DATA 	Mouse:  Left button up, pos=(1523,674)
209.0872 	DATA 	Mouse: Left button down, pos=(1517,613)
209.1749 	DATA 	Mouse:  Left button up, pos=(1517,613)
213.8313 	DATA 	Mouse: Left button down, pos=(1716,970)
213.9029 	DATA 	Mouse:  Left button up, pos=(1716,970)
214.7353 	DATA 	Mouse: Left button down, pos=(1715,884)
214.8311 	DATA 	Mouse:  Left button up, pos=(1715,884)
216.0879 	DATA 	Mouse: Left button down, pos=(1693,191)
216.1831 	DATA 	Mouse:  Left button up, pos=(1693,191)
225.1671 	DATA 	Keypress: escape
226.8311 	DATA 	Keypress: lwindows
233.2812 	DATA 	Mouse: Left button down, pos=(1715,957)
233.3670 	DATA 	Mouse:  Left button up, pos=(1715,957)
236.1992 	DATA 	Mouse: Left button down, pos=(1553,593)
236.2630 	DATA 	Mouse:  Left button up, pos=(1553,593)
236.7751 	DATA 	Mouse: Left button down, pos=(1538,679)
236.8790 	DATA 	Mouse:  Left button up, pos=(1535,680)
237.5751 	DATA 	Mouse: Left button down, pos=(1514,744)
237.6347 	DATA 	Mouse:  Left button up, pos=(1514,744)
238.2954 	DATA 	Mouse: Left button down, pos=(1300,829)
238.3670 	DATA 	Mouse:  Left button up, pos=(1300,829)
244.8710 	DATA 	Mouse: Left button down, pos=(1712,665)
244.9670 	DATA 	Mouse:  Left button up, pos=(1712,665)
253.2392 	DATA 	Mouse: Left button down, pos=(332,890)
253.3589 	DATA 	Mouse:  Left button up, pos=(332,890)
257.2871 	DATA 	Mouse: Left button down, pos=(100,177)
257.3509 	DATA 	Mouse:  Left button up, pos=(100,177)
261.2231 	DATA 	Mouse: Left button down, pos=(488,182)
261.3270 	DATA 	Mouse:  Left button up, pos=(488,182)
263.7193 	DATA 	Mouse: Left button down, pos=(287,468)
263.7989 	DATA 	Mouse:  Left button up, pos=(287,468)
268.2870 	DATA 	Mouse: Left button down, pos=(504,186)
268.3669 	DATA 	Mouse:  Left button up, pos=(504,186)
279.2071 	DATA 	Mouse: Left button down, pos=(900,820)
279.3270 	DATA 	Mouse:  Left button up, pos=(900,820)
282.7750 	DATA 	Mouse: Left button down, pos=(929,470)
282.8550 	DATA 	Mouse:  Left button up, pos=(929,470)
295.0791 	DATA 	Mouse: Left button down, pos=(1497,44)
295.1910 	DATA 	Mouse:  Left button up, pos=(1497,44)
296.5831 	DATA 	Mouse: Left button down, pos=(1504,249)
296.6630 	DATA 	Mouse:  Left button up, pos=(1504,249)
305.2556 	DATA 	Mouse: Left button down, pos=(812,1028)
305.2733 	INFO 	Experiment will have 360 trials. Letters will be drawn with superposed noise of 0.00%
305.2864 	EXP 	New trial (rep=0, index=0): {'leftStreamFlip': False, 'oneTarget': False, 'trialInstructionPos': (0, 1), 'probe': 'both', 'rightStreamFlip': False, 'horizVert': True, 'ISIframes': 2, 'rightResponseFirst': False}
305.2865 	INFO 	Starting main part of experiment
305.3771 	DATA 	Mouse:  Left button up, pos=(812,1028)
306.4739 	INFO 	numtrials=360 and this trialDurFrames=28 or 466.666666667 ms  task=T1
308.4576 	EXP 	window1: recordFrameIntervals = False
308.4687 	INFO 	Mouse: using default window
311.6085 	DATA 	Keypress: m
313.5755 	DATA 	Keypress: z
313.7723 	EXP 	New trial (rep=0, index=1): {'leftStreamFlip': False, 'oneTarget': True, 'trialInstructionPos': (0, 1), 'probe': 'both', 'rightStreamFlip': False, 'horizVert': True, 'ISIframes': 2, 'rightResponseFirst': True}
323.2904 	INFO 	numtrials=360 and this trialDurFrames=22 or 366.666666667 ms  task=T1
325.3072 	EXP 	window1: recordFrameIntervals = False
325.3149 	INFO 	Mouse: using default window
327.6741 	DATA 	Keypress: u
327.8139 	EXP 	New trial (rep=0, index=2): {'leftStreamFlip': False, 'oneTarget': False, 'trialInstructionPos': (0, -1), 'probe': 'both', 'rightStreamFlip': False, 'horizVert': True, 'ISIframes': 2, 'rightResponseFirst': True}
327.8242 	INFO 	numtrials=360 and this trialDurFrames=18 or 300.0 ms  task=T1
329.7406 	EXP 	window1: recordFrameIntervals = False
329.7489 	INFO 	Mouse: using default window
331.5908 	DATA 	Keypress: m
332.9573 	DATA 	Keypress: a
333.0989 	EXP 	New trial (rep=0, index=3): {'leftStreamFlip': False, 'oneTarget': False, 'trialInstructionPos': (0, 1), 'probe': 'both', 'rightStreamFlip': False, 'horizVert': True, 'ISIframes': 2, 'rightResponseFirst': True}
333.1065 	INFO 	numtrials=360 and this trialDurFrames=18 or 300.0 ms  task=T1
334.4743 	EXP 	window1: recordFrameIntervals = False
334.4823 	INFO 	Mouse: using default window
335.9076 	DATA 	Keypress: t
336.8408 	DATA 	Keypress: r
336.9814 	EXP 	New trial (rep=0, index=4): {'leftStreamFlip': False, 'oneTarget': False, 'trialInstructionPos': (0, -1), 'probe': 'both', 'rightStreamFlip': False, 'horizVert': True, 'ISIframes': 2, 'rightResponseFirst': False}
345.3239 	INFO 	numtrials=360 and this trialDurFrames=14 or 233.333333333 ms  task=T1
346.5240 	EXP 	window1: recordFrameIntervals = False
346.5316 	INFO 	Mouse: using default window
348.1075 	DATA 	Keypress: j
349.2907 	DATA 	Keypress: s
349.4308 	EXP 	New trial (rep=0, index=5): {'leftStreamFlip': False, 'oneTarget': True, 'trialInstructionPos': (0, -1), 'probe': 'both', 'rightStreamFlip': False, 'horizVert': True, 'ISIframes': 2, 'rightResponseFirst': True}
349.4569 	INFO 	numtrials=360 and this trialDurFrames=4 or 66.6666666667 ms  task=T1
350.6574 	EXP 	window1: recordFrameIntervals = False
350.6658 	INFO 	Mouse: using default window
352.1934 	DATA 	Keypress: z
352.3491 	EXP 	New trial (rep=0, index=6): {'leftStreamFlip': False, 'oneTarget': True, 'trialInstructionPos': (0, -1), 'probe': 'both', 'rightStreamFlip': False, 'horizVert': True, 'ISIframes': 2, 'rightResponseFirst': False}
352.3745 	INFO 	numtrials=360 and this trialDurFrames=5 or 83.3333333333 ms  task=T1
353.5406 	EXP 	window1: recordFrameIntervals = False
353.5488 	INFO 	Mouse: using default window
355.2583 	DATA 	Keypress: m
355.3951 	EXP 	New trial (rep=0, index=7): {'leftStreamFlip': False, 'oneTarget': True, 'trialInstructionPos': (0, 1), 'probe': 'both', 'rightStreamFlip': False, 'horizVert': True, 'ISIframes': 2, 'rightResponseFirst': False}
355.4245 	INFO 	numtrials=360 and this trialDurFrames=6 or 100.0 ms  task=T1
356.5738 	EXP 	window1: recordFrameIntervals = False
356.5821 	INFO 	Mouse: using default window
357.4411 	DATA 	Keypress: h
357.5809 	EXP 	New trial (rep=0, index=8): {'leftStreamFlip': False, 'oneTarget': False, 'trialInstructionPos': (0, -1), 'probe': 'both', 'rightStreamFlip': False, 'horizVert': True, 'ISIframes': 2, 'rightResponseFirst': True}
357.6079 	INFO 	numtrials=360 and this trialDurFrames=5 or 83.3333333333 ms  task=T1
358.7239 	EXP 	window1: recordFrameIntervals = False
358.7321 	INFO 	Mouse: using default window
360.5441 	DATA 	Keypress: g
361.4908 	DATA 	Keypress: s
361.6323 	EXP 	New trial (rep=0, index=9): {'leftStreamFlip': False, 'oneTarget': False, 'trialInstructionPos': (0, 1), 'probe': 'both', 'rightStreamFlip': False, 'horizVert': True, 'ISIframes': 2, 'rightResponseFirst': True}
361.6564 	INFO 	numtrials=360 and this trialDurFrames=5 or 83.3333333333 ms  task=T1
362.7073 	EXP 	window1: recordFrameIntervals = False
362.7163 	INFO 	Mouse: using default window
363.9574 	DATA 	Keypress: y
364.5612 	DATA 	Keypress: m
364.7125 	EXP 	New trial (rep=0, index=10): {'leftStreamFlip': False, 'oneTarget': False, 'trialInstructionPos': (0, -1), 'probe': 'both', 'rightStreamFlip': False, 'horizVert': True, 'ISIframes': 2, 'rightResponseFirst': False}
364.7413 	INFO 	numtrials=360 and this trialDurFrames=4 or 66.6666666667 ms  task=T1
365.9073 	EXP 	window1: recordFrameIntervals = False
365.9163 	INFO 	Mouse: using default window
367.4908 	DATA 	Keypress: m
367.9575 	DATA 	Keypress: h
368.0980 	EXP 	New trial (rep=0, index=11): {'leftStreamFlip': False, 'oneTarget': False, 'trialInstructionPos': (0, 1), 'probe': 'both', 'rightStreamFlip': False, 'horizVert': True, 'ISIframes': 2, 'rightResponseFirst': False}
368.1235 	INFO 	numtrials=360 and this trialDurFrames=4 or 66.6666666667 ms  task=T1
369.2238 	EXP 	window1: recordFrameIntervals = False
369.2320 	INFO 	Mouse: using default window
370.6407 	DATA 	Keypress: m
371.1240 	DATA 	Keypress: y
371.2627 	EXP 	New trial (rep=1, index=0): {'leftStreamFlip': False, 'oneTarget': False, 'trialInstructionPos': (0, -1), 'probe': 'both', 'rightStreamFlip': False, 'horizVert': True, 'ISIframes': 2, 'rightResponseFirst': False}
371.2737 	INFO 	numtrials=360 and this trialDurFrames=4 or 66.6666666667 ms  task=T1
372.3905 	EXP 	window1: recordFrameIntervals = False
372.3986 	INFO 	Mouse: using default window
374.2074 	DATA 	Keypress: s
374.5274 	DATA 	Keypress: c
374.6837 	EXP 	New trial (rep=1, index=1): {'leftStreamFlip': False, 'oneTarget': False, 'trialInstructionPos': (0, 1), 'probe': 'both', 'rightStreamFlip': False, 'horizVert': True, 'ISIframes': 2, 'rightResponseFirst': False}
374.7067 	INFO 	numtrials=360 and this trialDurFrames=4 or 66.6666666667 ms  task=T1
375.8906 	EXP 	window1: recordFrameIntervals = False
375.8988 	INFO 	Mouse: using default window
377.8907 	DATA 	Keypress: s
378.2741 	DATA 	Keypress: h
378.4149 	EXP 	New trial (rep=1, index=2): {'leftStreamFlip': False, 'oneTarget': False, 'trialInstructionPos': (0, 1), 'probe': 'both', 'rightStreamFlip': False, 'horizVert': True, 'ISIframes': 2, 'rightResponseFirst': False}
378.4404 	INFO 	numtrials=360 and this trialDurFrames=3 or 50.0 ms  task=T1
379.6239 	EXP 	window1: recordFrameIntervals = False
379.6320 	INFO 	Mouse: using default window
381.4908 	DATA 	Keypress: e
381.9575 	DATA 	Keypress: h
382.0959 	EXP 	New trial (rep=1, index=3): {'leftStreamFlip': False, 'oneTarget': True, 'trialInstructionPos': (0, 1), 'probe': 'both', 'rightStreamFlip': False, 'horizVert': True, 'ISIframes': 2, 'rightResponseFirst': True}
382.1080 	INFO 	numtrials=360 and this trialDurFrames=3 or 50.0 ms  task=T1
383.0739 	EXP 	window1: recordFrameIntervals = False
383.0843 	INFO 	Mouse: using default window
384.9742 	DATA 	Keypress: r
385.1133 	EXP 	New trial (rep=1, index=4): {'leftStreamFlip': False, 'oneTarget': False, 'trialInstructionPos': (0, 1), 'probe': 'both', 'rightStreamFlip': False, 'horizVert': True, 'ISIframes': 2, 'rightResponseFirst': True}
385.1415 	INFO 	numtrials=360 and this trialDurFrames=4 or 66.6666666667 ms  task=T1
386.2576 	EXP 	window1: recordFrameIntervals = False
386.2657 	INFO 	Mouse: using default window
388.1074 	DATA 	Keypress: n
388.4409 	DATA 	Keypress: y
388.5804 	EXP 	New trial (rep=1, index=5): {'leftStreamFlip': False, 'oneTarget': False, 'trialInstructionPos': (0, -1), 'probe': 'both', 'rightStreamFlip': False, 'horizVert': True, 'ISIframes': 2, 'rightResponseFirst': False}
388.6067 	INFO 	numtrials=360 and this trialDurFrames=4 or 66.6666666667 ms  task=T1
389.7741 	EXP 	window1: recordFrameIntervals = False
389.7821 	INFO 	Mouse: using default window
392.0913 	DATA 	Keypress: e
392.5242 	DATA 	Keypress: z
392.6629 	EXP 	New trial (rep=1, index=6): {'leftStreamFlip': False, 'oneTarget': False, 'trialInstructionPos': (0, -1), 'probe': 'both', 'rightStreamFlip': False, 'horizVert': True, 'ISIframes': 2, 'rightResponseFirst': True}
392.6736 	INFO 	numtrials=360 and this trialDurFrames=3 or 50.0 ms  task=T1
393.6739 	EXP 	window1: recordFrameIntervals = False
393.6816 	INFO 	Mouse: using default window
395.2409 	DATA 	Keypress: t
396.3407 	DATA 	Keypress: m
396.4799 	EXP 	New trial (rep=1, index=7): {'leftStreamFlip': False, 'oneTarget': False, 'trialInstructionPos': (0, 1), 'probe': 'both', 'rightStreamFlip': False, 'horizVert': True, 'ISIframes': 2, 'rightResponseFirst': True}
396.5079 	INFO 	numtrials=360 and this trialDurFrames=3 or 50.0 ms  task=T1
397.4738 	EXP 	window1: recordFrameIntervals = False
397.4818 	INFO 	Mouse: using default window
399.8575 	DATA 	Keypress: c
401.1080 	DATA 	Keypress: m
401.2451 	EXP 	New trial (rep=1, index=8): {'leftStreamFlip': False, 'oneTarget': True, 'trialInstructionPos': (0, -1), 'probe': 'both', 'rightStreamFlip': False, 'horizVert': True, 'ISIframes': 2, 'rightResponseFirst': True}
401.2567 	INFO 	numtrials=360 and this trialDurFrames=3 or 50.0 ms  task=T1
402.3073 	EXP 	window1: recordFrameIntervals = False
402.3164 	INFO 	Mouse: using default window
403.9408 	DATA 	Keypress: e
404.0810 	EXP 	New trial (rep=1, index=9): {'leftStreamFlip': False, 'oneTarget': False, 'trialInstructionPos': (0, -1), 'probe': 'both', 'rightStreamFlip': False, 'horizVert': True, 'ISIframes': 2, 'rightResponseFirst': True}
404.1083 	INFO 	numtrials=360 and this trialDurFrames=3 or 50.0 ms  task=T1
405.1738 	EXP 	window1: recordFrameIntervals = False
405.1825 	INFO 	Mouse: using default window
407.1407 	DATA 	Keypress: s
407.6907 	DATA 	Keypress: e
407.8310 	EXP 	New trial (rep=1, index=10): {'leftStreamFlip': False, 'oneTarget': True, 'trialInstructionPos': (0, 1), 'probe': 'both', 'rightStreamFlip': False, 'horizVert': True, 'ISIframes': 2, 'rightResponseFirst': False}
407.8564 	INFO 	numtrials=360 and this trialDurFrames=3 or 50.0 ms  task=T1
408.9744 	EXP 	window1: recordFrameIntervals = False
408.9821 	INFO 	Mouse: using default window
410.0079 	DATA 	Keypress: m
410.1448 	EXP 	New trial (rep=1, index=11): {'leftStreamFlip': False, 'oneTarget': True, 'trialInstructionPos': (0, -1), 'probe': 'both', 'rightStreamFlip': False, 'horizVert': True, 'ISIframes': 2, 'rightResponseFirst': False}
410.1564 	INFO 	numtrials=360 and this trialDurFrames=3 or 50.0 ms  task=T1
411.1573 	EXP 	window1: recordFrameIntervals = False
411.1658 	INFO 	Mouse: using default window
412.3745 	DATA 	Keypress: s
412.5099 	EXP 	New trial (rep=2, index=0): {'leftStreamFlip': False, 'oneTarget': True, 'trialInstructionPos': (0, 1), 'probe': 'both', 'rightStreamFlip': False, 'horizVert': True, 'ISIframes': 2, 'rightResponseFirst': True}
412.5226 	INFO 	numtrials=360 and this trialDurFrames=3 or 50.0 ms  task=T1
413.5739 	EXP 	window1: recordFrameIntervals = False
413.5824 	INFO 	Mouse: using default window
418.0239 	DATA 	Keypress: t
418.1604 	EXP 	New trial (rep=2, index=1): {'leftStreamFlip': False, 'oneTarget': True, 'trialInstructionPos': (0, -1), 'probe': 'both', 'rightStreamFlip': False, 'horizVert': True, 'ISIframes': 2, 'rightResponseFirst': False}
418.1727 	INFO 	numtrials=360 and this trialDurFrames=4 or 66.6666666667 ms  task=T1
419.1913 	EXP 	window1: recordFrameIntervals = False
419.1996 	INFO 	Mouse: using default window
420.0576 	DATA 	Keypress: g
420.1972 	EXP 	New trial (rep=2, index=2): {'leftStreamFlip': False, 'oneTarget': False, 'trialInstructionPos': (0, -1), 'probe': 'both', 'rightStreamFlip': False, 'horizVert': True, 'ISIframes': 2, 'rightResponseFirst': True}
420.2067 	INFO 	numtrials=360 and this trialDurFrames=4 or 66.6666666667 ms  task=T1
421.3572 	EXP 	window1: recordFrameIntervals = False
421.3661 	INFO 	Mouse: using default window
423.4077 	DATA 	Keypress: m
424.2243 	DATA 	Keypress: g
424.3629 	EXP 	New trial (rep=2, index=3): {'leftStreamFlip': False, 'oneTarget': False, 'trialInstructionPos': (0, -1), 'probe': 'both', 'rightStreamFlip': False, 'horizVert': True, 'ISIframes': 2, 'rightResponseFirst': False}
424.3744 	INFO 	numtrials=360 and this trialDurFrames=3 or 50.0 ms  task=T1
425.5742 	EXP 	window1: recordFrameIntervals = False
425.5830 	INFO 	Mouse: using default window
426.8908 	DATA 	Keypress: m
428.6741 	DATA 	Keypress: u
428.8130 	EXP 	New trial (rep=2, index=4): {'leftStreamFlip': False, 'oneTarget': False, 'trialInstructionPos': (0, 1), 'probe': 'both', 'rightStreamFlip': False, 'horizVert': True, 'ISIframes': 2, 'rightResponseFirst': True}
428.8413 	INFO 	numtrials=360 and this trialDurFrames=4 or 66.6666666667 ms  task=T1
430.0407 	EXP 	window1: recordFrameIntervals = False
430.0493 	INFO 	Mouse: using default window
432.3908 	DATA 	Keypress: e
432.7742 	DATA 	Keypress: k
432.9122 	EXP 	New trial (rep=2, index=5): {'leftStreamFlip': False, 'oneTarget': False, 'trialInstructionPos': (0, 1), 'probe': 'both', 'rightStreamFlip': False, 'horizVert': True, 'ISIframes': 2, 'rightResponseFirst': True}
432.9241 	INFO 	numtrials=360 and this trialDurFrames=4 or 66.6666666667 ms  task=T1
434.0743 	EXP 	window1: recordFrameIntervals = False
434.0829 	INFO 	Mouse: using default window
435.5241 	DATA 	Keypress: g
436.4407 	DATA 	Keypress: y
436.5803 	EXP 	New trial (rep=2, index=6): {'leftStreamFlip': False, 'oneTarget': False, 'trialInstructionPos': (0, -1), 'probe': 'both', 'rightStreamFlip': False, 'horizVert': True, 'ISIframes': 2, 'rightResponseFirst': True}
436.6077 	INFO 	numtrials=360 and this trialDurFrames=4 or 66.6666666667 ms  task=T1
437.5909 	EXP 	window1: recordFrameIntervals = False
437.5994 	INFO 	Mouse: using default window
438.9606 	DATA 	Keypress: k
439.4076 	DATA 	Keypress: c
439.5464 	EXP 	New trial (rep=2, index=7): {'leftStreamFlip': False, 'oneTarget': True, 'trialInstructionPos': (0, -1), 'probe': 'both', 'rightStreamFlip': False, 'horizVert': True, 'ISIframes': 2, 'rightResponseFirst': True}
439.5729 	INFO 	numtrials=360 and this trialDurFrames=4 or 66.6666666667 ms  task=T1
440.5742 	EXP 	window1: recordFrameIntervals = False
440.5830 	INFO 	Mouse: using default window
442.3083 	DATA 	Keypress: y
442.4496 	EXP 	New trial (rep=2, index=8): {'leftStreamFlip': False, 'oneTarget': False, 'trialInstructionPos': (0, 1), 'probe': 'both', 'rightStreamFlip': False, 'horizVert': True, 'ISIframes': 2, 'rightResponseFirst': False}
442.4736 	INFO 	numtrials=360 and this trialDurFrames=4 or 66.6666666667 ms  task=T1
443.6574 	EXP 	window1: recordFrameIntervals = False
443.6655 	INFO 	Mouse: using default window
445.8914 	DATA 	Keypress: e
446.1773 	DATA 	Keypress: n
446.3309 	EXP 	New trial (rep=2, index=9): {'leftStreamFlip': False, 'oneTarget': True, 'trialInstructionPos': (0, 1), 'probe': 'both', 'rightStreamFlip': False, 'horizVert': True, 'ISIframes': 2, 'rightResponseFirst': False}
446.3569 	INFO 	numtrials=360 and this trialDurFrames=4 or 66.6666666667 ms  task=T1
447.5740 	EXP 	window1: recordFrameIntervals = False
447.5821 	INFO 	Mouse: using default window
449.4411 	DATA 	Keypress: n
449.5795 	EXP 	New trial (rep=2, index=10): {'leftStreamFlip': False, 'oneTarget': False, 'trialInstructionPos': (0, 1), 'probe': 'both', 'rightStreamFlip': False, 'horizVert': True, 'ISIframes': 2, 'rightResponseFirst': False}
449.6080 	INFO 	numtrials=360 and this trialDurFrames=4 or 66.6666666667 ms  task=T1
450.8079 	EXP 	window1: recordFrameIntervals = False
450.8164 	INFO 	Mouse: using default window
453.5741 	DATA 	Keypress: s
453.9574 	DATA 	Keypress: z
454.0987 	EXP 	New trial (rep=2, index=11): {'leftStreamFlip': False, 'oneTarget': False, 'trialInstructionPos': (0, -1), 'probe': 'both', 'rightStreamFlip': False, 'horizVert': True, 'ISIframes': 2, 'rightResponseFirst': False}
454.1237 	INFO 	numtrials=360 and this trialDurFrames=4 or 66.6666666667 ms  task=T1
455.2912 	EXP 	window1: recordFrameIntervals = False
455.2987 	INFO 	Mouse: using default window
457.2408 	DATA 	Keypress: g
457.5742 	DATA 	Keypress: r
457.7168 	EXP 	New trial (rep=3, index=0): {'leftStreamFlip': False, 'oneTarget': True, 'trialInstructionPos': (0, -1), 'probe': 'both', 'rightStreamFlip': False, 'horizVert': True, 'ISIframes': 2, 'rightResponseFirst': True}
457.7402 	INFO 	numtrials=360 and this trialDurFrames=4 or 66.6666666667 ms  task=T1
458.7405 	EXP 	window1: recordFrameIntervals = False
458.7488 	INFO 	Mouse: using default window
460.5941 	DATA 	Keypress: u
460.7469 	EXP 	New trial (rep=3, index=1): {'leftStreamFlip': False, 'oneTarget': False, 'trialInstructionPos': (0, 1), 'probe': 'both', 'rightStreamFlip': False, 'horizVert': True, 'ISIframes': 2, 'rightResponseFirst': False}
460.7746 	INFO 	numtrials=360 and this trialDurFrames=4 or 66.6666666667 ms  task=T1
461.9740 	EXP 	window1: recordFrameIntervals = False
461.9822 	INFO 	Mouse: using default window
463.9074 	DATA 	Keypress: g
464.1774 	DATA 	Keypress: e
464.3307 	EXP 	New trial (rep=3, index=2): {'leftStreamFlip': False, 'oneTarget': True, 'trialInstructionPos': (0, 1), 'probe': 'both', 'rightStreamFlip': False, 'horizVert': True, 'ISIframes': 2, 'rightResponseFirst': True}
464.3582 	INFO 	numtrials=360 and this trialDurFrames=4 or 66.6666666667 ms  task=T1
465.4905 	EXP 	window1: recordFrameIntervals = False
465.4987 	INFO 	Mouse: using default window
466.5241 	DATA 	Keypress: g
466.6658 	EXP 	New trial (rep=3, index=3): {'leftStreamFlip': False, 'oneTarget': False, 'trialInstructionPos': (0, -1), 'probe': 'both', 'rightStreamFlip': False, 'horizVert': True, 'ISIframes': 2, 'rightResponseFirst': False}
466.6902 	INFO 	numtrials=360 and this trialDurFrames=4 or 66.6666666667 ms  task=T1
467.9079 	EXP 	window1: recordFrameIntervals = False
467.9159 	INFO 	Mouse: using default window
470.4743 	DATA 	Keypress: u
470.9408 	DATA 	Keypress: g
471.0811 	EXP 	New trial (rep=3, index=4): {'leftStreamFlip': False, 'oneTarget': False, 'trialInstructionPos': (0, 1), 'probe': 'both', 'rightStreamFlip': False, 'horizVert': True, 'ISIframes': 2, 'rightResponseFirst': True}
471.1066 	INFO 	numtrials=360 and this trialDurFrames=4 or 66.6666666667 ms  task=T1
472.3239 	EXP 	window1: recordFrameIntervals = False
472.3322 	INFO 	Mouse: using default window
473.7604 	DATA 	Keypress: y
474.2247 	DATA 	Keypress: s
474.3638 	EXP 	New trial (rep=3, index=5): {'leftStreamFlip': False, 'oneTarget': False, 'trialInstructionPos': (0, -1), 'probe': 'both', 'rightStreamFlip': False, 'horizVert': True, 'ISIframes': 2, 'rightResponseFirst': False}
474.3902 	INFO 	numtrials=360 and this trialDurFrames=4 or 66.6666666667 ms  task=T1
475.5072 	EXP 	window1: recordFrameIntervals = False
475.5153 	INFO 	Mouse: using default window
478.5076 	DATA 	Keypress: y
478.6910 	DATA 	Keypress: s
478.8313 	EXP 	New trial (rep=3, index=6): {'leftStreamFlip': False, 'oneTarget': False, 'trialInstructionPos': (0, 1), 'probe': 'both', 'rightStreamFlip': False, 'horizVert': True, 'ISIframes': 2, 'rightResponseFirst': False}
478.8569 	INFO 	numtrials=360 and this trialDurFrames=4 or 66.6666666667 ms  task=T1
479.8906 	EXP 	window1: recordFrameIntervals = False
479.8989 	INFO 	Mouse: using default window
481.7911 	DATA 	Keypress: g
482.2077 	DATA 	Keypress: j
482.3475 	EXP 	New trial (rep=3, index=7): {'leftStreamFlip': False, 'oneTarget': False, 'trialInstructionPos': (0, 1), 'probe': 'both', 'rightStreamFlip': False, 'horizVert': True, 'ISIframes': 2, 'rightResponseFirst': True}
482.3732 	INFO 	numtrials=360 and this trialDurFrames=4 or 66.6666666667 ms  task=T1
483.3905 	EXP 	window1: recordFrameIntervals = False
483.3988 	INFO 	Mouse: using default window
485.0575 	DATA 	Keypress: h
485.3080 	DATA 	Keypress: t
485.4529 	EXP 	New trial (rep=3, index=8): {'leftStreamFlip': False, 'oneTarget': True, 'trialInstructionPos': (0, -1), 'probe': 'both', 'rightStreamFlip': False, 'horizVert': True, 'ISIframes': 2, 'rightResponseFirst': False}
485.4733 	INFO 	numtrials=360 and this trialDurFrames=4 or 66.6666666667 ms  task=T1
486.5238 	EXP 	window1: recordFrameIntervals = False
486.5321 	INFO 	Mouse: using default window
487.4746 	DATA 	Keypress: j
487.6124 	EXP 	New trial (rep=3, index=9): {'leftStreamFlip': False, 'oneTarget': True, 'trialInstructionPos': (0, 1), 'probe': 'both', 'rightStreamFlip': False, 'horizVert': True, 'ISIframes': 2, 'rightResponseFirst': False}
487.6243 	INFO 	numtrials=360 and this trialDurFrames=4 or 66.6666666667 ms  task=T1
488.6409 	EXP 	window1: recordFrameIntervals = False
488.6491 	INFO 	Mouse: using default window
489.6243 	DATA 	Keypress: e
489.7659 	EXP 	New trial (rep=3, index=10): {'leftStreamFlip': False, 'oneTarget': False, 'trialInstructionPos': (0, -1), 'probe': 'both', 'rightStreamFlip': False, 'horizVert': True, 'ISIframes': 2, 'rightResponseFirst': True}
489.7902 	INFO 	numtrials=360 and this trialDurFrames=4 or 66.6666666667 ms  task=T1
490.8744 	EXP 	window1: recordFrameIntervals = False
490.8825 	INFO 	Mouse: using default window
493.1408 	DATA 	Keypress: e
493.3585 	DATA 	Keypress: m
493.4992 	EXP 	New trial (rep=3, index=11): {'leftStreamFlip': False, 'oneTarget': False, 'trialInstructionPos': (0, -1), 'probe': 'both', 'rightStreamFlip': False, 'horizVert': True, 'ISIframes': 2, 'rightResponseFirst': True}
493.5236 	INFO 	numtrials=360 and this trialDurFrames=4 or 66.6666666667 ms  task=T1
494.5740 	EXP 	window1: recordFrameIntervals = False
494.5813 	INFO 	Mouse: using default window
496.6741 	DATA 	Keypress: n
496.8910 	DATA 	Keypress: g
497.0418 	EXP 	New trial (rep=4, index=0): {'leftStreamFlip': False, 'oneTarget': False, 'trialInstructionPos': (0, -1), 'probe': 'both', 'rightStreamFlip': False, 'horizVert': True, 'ISIframes': 2, 'rightResponseFirst': False}
497.0566 	INFO 	numtrials=360 and this trialDurFrames=4 or 66.6666666667 ms  task=T1
498.1908 	EXP 	window1: recordFrameIntervals = False
498.1989 	INFO 	Mouse: using default window
499.4742 	DATA 	Keypress: k
499.6913 	DATA 	Keypress: j
499.8309 	EXP 	New trial (rep=4, index=1): {'leftStreamFlip': False, 'oneTarget': True, 'trialInstructionPos': (0, 1), 'probe': 'both', 'rightStreamFlip': False, 'horizVert': True, 'ISIframes': 2, 'rightResponseFirst': False}
499.8571 	INFO 	numtrials=360 and this trialDurFrames=4 or 66.6666666667 ms  task=T1
500.9239 	EXP 	window1: recordFrameIntervals = False
500.9324 	INFO 	Mouse: using default window
503.0412 	DATA 	Keypress: e
503.1798 	EXP 	New trial (rep=4, index=2): {'leftStreamFlip': False, 'oneTarget': True, 'trialInstructionPos': (0, -1), 'probe': 'both', 'rightStreamFlip': False, 'horizVert': True, 'ISIframes': 2, 'rightResponseFirst': True}
503.2071 	INFO 	numtrials=360 and this trialDurFrames=4 or 66.6666666667 ms  task=T1
504.2409 	EXP 	window1: recordFrameIntervals = False
504.2488 	INFO 	Mouse: using default window
505.2408 	DATA 	Keypress: u
505.3797 	EXP 	New trial (rep=4, index=3): {'leftStreamFlip': False, 'oneTarget': False, 'trialInstructionPos': (0, -1), 'probe': 'both', 'rightStreamFlip': False, 'horizVert': True, 'ISIframes': 2, 'rightResponseFirst': True}
505.3901 	INFO 	numtrials=360 and this trialDurFrames=4 or 66.6666666667 ms  task=T1
506.5905 	EXP 	window1: recordFrameIntervals = False
506.5979 	INFO 	Mouse: using default window
508.0581 	DATA 	Keypress: e
508.1602 	DATA 	Keypress: y
508.3137 	EXP 	New trial (rep=4, index=4): {'leftStreamFlip': False, 'oneTarget': False, 'trialInstructionPos': (0, 1), 'probe': 'both', 'rightStreamFlip': False, 'horizVert': True, 'ISIframes': 2, 'rightResponseFirst': False}
508.3412 	INFO 	numtrials=360 and this trialDurFrames=4 or 66.6666666667 ms  task=T1
509.3242 	EXP 	window1: recordFrameIntervals = False
509.3329 	INFO 	Mouse: using default window
510.8075 	DATA 	Keypress: y
510.9772 	DATA 	Keypress: s
511.1326 	EXP 	New trial (rep=4, index=5): {'leftStreamFlip': False, 'oneTarget': False, 'trialInstructionPos': (0, -1), 'probe': 'both', 'rightStreamFlip': False, 'horizVert': True, 'ISIframes': 2, 'rightResponseFirst': True}
511.1572 	INFO 	numtrials=360 and this trialDurFrames=4 or 66.6666666667 ms  task=T1
512.1408 	EXP 	window1: recordFrameIntervals = False
512.1489 	INFO 	Mouse: using default window
513.4909 	DATA 	Keypress: s
513.8743 	DATA 	Keypress: m
514.0133 	EXP 	New trial (rep=4, index=6): {'leftStreamFlip': False, 'oneTarget': False, 'trialInstructionPos': (0, 1), 'probe': 'both', 'rightStreamFlip': False, 'horizVert': True, 'ISIframes': 2, 'rightResponseFirst': True}
514.0401 	INFO 	numtrials=360 and this trialDurFrames=4 or 66.6666666667 ms  task=T1
515.0908 	EXP 	window1: recordFrameIntervals = False
515.0992 	INFO 	Mouse: using default window
516.1574 	DATA 	Keypress: u
516.3741 	DATA 	Keypress: t
516.5135 	EXP 	New trial (rep=4, index=7): {'leftStreamFlip': False, 'oneTarget': False, 'trialInstructionPos': (0, -1), 'probe': 'both', 'rightStreamFlip': False, 'horizVert': True, 'ISIframes': 2, 'rightResponseFirst': False}
516.5414 	INFO 	numtrials=360 and this trialDurFrames=4 or 66.6666666667 ms  task=T1
517.7244 	EXP 	window1: recordFrameIntervals = False
517.7325 	INFO 	Mouse: using default window
519.0743 	DATA 	Keypress: s
519.2910 	DATA 	Keypress: a
519.4309 	EXP 	New trial (rep=4, index=8): {'leftStreamFlip': False, 'oneTarget': False, 'trialInstructionPos': (0, 1), 'probe': 'both', 'rightStreamFlip': False, 'horizVert': True, 'ISIframes': 2, 'rightResponseFirst': True}
519.4569 	INFO 	numtrials=360 and this trialDurFrames=4 or 66.6666666667 ms  task=T1
520.6239 	EXP 	window1: recordFrameIntervals = False
520.6322 	INFO 	Mouse: using default window
522.2908 	DATA 	Keypress: j
522.5578 	DATA 	Keypress: g
522.6972 	EXP 	New trial (rep=4, index=9): {'leftStreamFlip': False, 'oneTarget': False, 'trialInstructionPos': (0, 1), 'probe': 'both', 'rightStreamFlip': False, 'horizVert': True, 'ISIframes': 2, 'rightResponseFirst': False}
522.7236 	INFO 	numtrials=360 and this trialDurFrames=4 or 66.6666666667 ms  task=T1
523.8407 	EXP 	window1: recordFrameIntervals = False
523.8489 	INFO 	Mouse: using default window
525.0575 	DATA 	Keypress: g
526.3577 	DATA 	Keypress: j
526.4986 	EXP 	New trial (rep=4, index=10): {'leftStreamFlip': False, 'oneTarget': True, 'trialInstructionPos': (0, 1), 'probe': 'both', 'rightStreamFlip': False, 'horizVert': True, 'ISIframes': 2, 'rightResponseFirst': True}
526.5235 	INFO 	numtrials=360 and this trialDurFrames=4 or 66.6666666667 ms  task=T1
527.7245 	EXP 	window1: recordFrameIntervals = False
527.7331 	INFO 	Mouse: using default window
528.3742 	DATA 	Keypress: g
528.5135 	EXP 	New trial (rep=4, index=11): {'leftStreamFlip': False, 'oneTarget': True, 'trialInstructionPos': (0, -1), 'probe': 'both', 'rightStreamFlip': False, 'horizVert': True, 'ISIframes': 2, 'rightResponseFirst': False}
528.5414 	INFO 	numtrials=360 and this trialDurFrames=4 or 66.6666666667 ms  task=T1
529.6244 	EXP 	window1: recordFrameIntervals = False
529.6322 	INFO 	Mouse: using default window
530.7576 	DATA 	Keypress: s
530.8959 	EXP 	New trial (rep=5, index=0): {'leftStreamFlip': False, 'oneTarget': False, 'trialInstructionPos': (0, -1), 'probe': 'both', 'rightStreamFlip': False, 'horizVert': True, 'ISIframes': 2, 'rightResponseFirst': False}
530.9078 	INFO 	numtrials=360 and this trialDurFrames=4 or 66.6666666667 ms  task=T1
531.8909 	EXP 	window1: recordFrameIntervals = False
531.8991 	INFO 	Mouse: using default window
533.2247 	DATA 	Keypress: t
533.4743 	DATA 	Keypress: h
533.6439 	EXP 	New trial (rep=5, index=1): {'leftStreamFlip': False, 'oneTarget': True, 'trialInstructionPos': (0, 1), 'probe': 'both', 'rightStreamFlip': False, 'horizVert': True, 'ISIframes': 2, 'rightResponseFirst': True}
533.6571 	INFO 	numtrials=360 and this trialDurFrames=4 or 66.6666666667 ms  task=T1
534.8407 	EXP 	window1: recordFrameIntervals = False
534.8488 	INFO 	Mouse: using default window
535.8079 	DATA 	Keypress: g
535.9469 	EXP 	New trial (rep=5, index=2): {'leftStreamFlip': False, 'oneTarget': False, 'trialInstructionPos': (0, -1), 'probe': 'both', 'rightStreamFlip': False, 'horizVert': True, 'ISIframes': 2, 'rightResponseFirst': True}
535.9747 	INFO 	numtrials=360 and this trialDurFrames=4 or 66.6666666667 ms  task=T1
537.1408 	EXP 	window1: recordFrameIntervals = False
537.1497 	INFO 	Mouse: using default window
538.3576 	DATA 	Keypress: a
538.7575 	DATA 	Keypress: r
538.8968 	EXP 	New trial (rep=5, index=3): {'leftStreamFlip': False, 'oneTarget': False, 'trialInstructionPos': (0, 1), 'probe': 'both', 'rightStreamFlip': False, 'horizVert': True, 'ISIframes': 2, 'rightResponseFirst': False}
538.9244 	INFO 	numtrials=360 and this trialDurFrames=4 or 66.6666666667 ms  task=T1
540.0074 	EXP 	window1: recordFrameIntervals = False
540.0155 	INFO 	Mouse: using default window
541.9081 	DATA 	Keypress: j
542.0909 	DATA 	Keypress: c
542.2294 	EXP 	New trial (rep=5, index=4): {'leftStreamFlip': False, 'oneTarget': True, 'trialInstructionPos': (0, -1), 'probe': 'both', 'rightStreamFlip': False, 'horizVert': True, 'ISIframes': 2, 'rightResponseFirst': True}
542.2581 	INFO 	numtrials=360 and this trialDurFrames=4 or 66.6666666667 ms  task=T1
543.4409 	EXP 	window1: recordFrameIntervals = False
543.4490 	INFO 	Mouse: using default window
544.7748 	DATA 	Keypress: g
544.9129 	EXP 	New trial (rep=5, index=5): {'leftStreamFlip': False, 'oneTarget': False, 'trialInstructionPos': (0, 1), 'probe': 'both', 'rightStreamFlip': False, 'horizVert': True, 'ISIframes': 2, 'rightResponseFirst': True}
544.9414 	INFO 	numtrials=360 and this trialDurFrames=4 or 66.6666666667 ms  task=T1
546.0743 	EXP 	window1: recordFrameIntervals = False
546.0830 	INFO 	Mouse: using default window
548.6243 	DATA 	Keypress: z
548.8744 	DATA 	Keypress: m
549.0139 	EXP 	New trial (rep=5, index=6): {'leftStreamFlip': False, 'oneTarget': True, 'trialInstructionPos': (0, -1), 'probe': 'both', 'rightStreamFlip': False, 'horizVert': True, 'ISIframes': 2, 'rightResponseFirst': False}
549.0402 	INFO 	numtrials=360 and this trialDurFrames=4 or 66.6666666667 ms  task=T1
550.2073 	EXP 	window1: recordFrameIntervals = False
550.2157 	INFO 	Mouse: using default window
551.0242 	DATA 	Keypress: k
551.1634 	EXP 	New trial (rep=5, index=7): {'leftStreamFlip': False, 'oneTarget': True, 'trialInstructionPos': (0, 1), 'probe': 'both', 'rightStreamFlip': False, 'horizVert': True, 'ISIframes': 2, 'rightResponseFirst': False}
551.1902 	INFO 	numtrials=360 and this trialDurFrames=4 or 66.6666666667 ms  task=T1
552.2408 	EXP 	window1: recordFrameIntervals = False
552.2514 	INFO 	Mouse: using default window
553.2910 	DATA 	Keypress: g
553.4295 	EXP 	New trial (rep=5, index=8): {'leftStreamFlip': False, 'oneTarget': False, 'trialInstructionPos': (0, -1), 'probe': 'both', 'rightStreamFlip': False, 'horizVert': True, 'ISIframes': 2, 'rightResponseFirst': True}
553.4404 	INFO 	numtrials=360 and this trialDurFrames=4 or 66.6666666667 ms  task=T1
554.5908 	EXP 	window1: recordFrameIntervals = False
554.5990 	INFO 	Mouse: using default window
555.9079 	DATA 	Keypress: g
557.0742 	DATA 	Keypress: y
557.2131 	EXP 	New trial (rep=5, index=9): {'leftStreamFlip': False, 'oneTarget': False, 'trialInstructionPos': (0, 1), 'probe': 'both', 'rightStreamFlip': False, 'horizVert': True, 'ISIframes': 2, 'rightResponseFirst': True}
557.2238 	INFO 	numtrials=360 and this trialDurFrames=4 or 66.6666666667 ms  task=T1
558.2072 	EXP 	window1: recordFrameIntervals = False
558.2154 	INFO 	Mouse: using default window
559.8575 	DATA 	Keypress: f
560.5077 	DATA 	Keypress: m
560.6470 	EXP 	New trial (rep=5, index=10): {'leftStreamFlip': False, 'oneTarget': False, 'trialInstructionPos': (0, 1), 'probe': 'both', 'rightStreamFlip': False, 'horizVert': True, 'ISIframes': 2, 'rightResponseFirst': False}
560.6736 	INFO 	numtrials=360 and this trialDurFrames=4 or 66.6666666667 ms  task=T1
561.6910 	EXP 	window1: recordFrameIntervals = False
561.6991 	INFO 	Mouse: using default window
563.0250 	DATA 	Keypress: y
564.9607 	DATA 	Keypress: t
565.1155 	EXP 	New trial (rep=5, index=11): {'leftStreamFlip': False, 'oneTarget': False, 'trialInstructionPos': (0, -1), 'probe': 'both', 'rightStreamFlip': False, 'horizVert': True, 'ISIframes': 2, 'rightResponseFirst': False}
565.1401 	INFO 	numtrials=360 and this trialDurFrames=4 or 66.6666666667 ms  task=T1
566.2074 	EXP 	window1: recordFrameIntervals = False
566.2162 	INFO 	Mouse: using default window
568.0744 	DATA 	Keypress: t
568.4075 	DATA 	Keypress: s
568.5467 	EXP 	New trial (rep=6, index=0): {'leftStreamFlip': False, 'oneTarget': False, 'trialInstructionPos': (0, -1), 'probe': 'both', 'rightStreamFlip': False, 'horizVert': True, 'ISIframes': 2, 'rightResponseFirst': False}
568.5735 	INFO 	numtrials=360 and this trialDurFrames=4 or 66.6666666667 ms  task=T1
569.7242 	EXP 	window1: recordFrameIntervals = False
569.7324 	INFO 	Mouse: using default window
572.0242 	DATA 	Keypress: e
572.2909 	DATA 	Keypress: g
572.4309 	EXP 	New trial (rep=6, index=1): {'leftStreamFlip': False, 'oneTarget': False, 'trialInstructionPos': (0, -1), 'probe': 'both', 'rightStreamFlip': False, 'horizVert': True, 'ISIframes': 2, 'rightResponseFirst': True}
572.4572 	INFO 	numtrials=360 and this trialDurFrames=4 or 66.6666666667 ms  task=T1
573.6408 	EXP 	window1: recordFrameIntervals = False
573.6498 	INFO 	Mouse: using default window
574.7908 	DATA 	Keypress: e
575.6910 	DATA 	Keypress: m
575.8309 	EXP 	New trial (rep=6, index=2): {'leftStreamFlip': False, 'oneTarget': True, 'trialInstructionPos': (0, -1), 'probe': 'both', 'rightStreamFlip': False, 'horizVert': True, 'ISIframes': 2, 'rightResponseFirst': False}
575.8569 	INFO 	numtrials=360 and this trialDurFrames=4 or 66.6666666667 ms  task=T1
577.0073 	EXP 	window1: recordFrameIntervals = False
577.0157 	INFO 	Mouse: using default window
578.6742 	DATA 	Keypress: y
578.8138 	EXP 	New trial (rep=6, index=3): {'leftStreamFlip': False, 'oneTarget': True, 'trialInstructionPos': (0, 1), 'probe': 'both', 'rightStreamFlip': False, 'horizVert': True, 'ISIframes': 2, 'rightResponseFirst': False}
578.8416 	INFO 	numtrials=360 and this trialDurFrames=4 or 66.6666666667 ms  task=T1
579.8907 	EXP 	window1: recordFrameIntervals = False
579.8992 	INFO 	Mouse: using default window
580.6243 	DATA 	Keypress: m
580.7631 	EXP 	New trial (rep=6, index=4): {'leftStreamFlip': False, 'oneTarget': True, 'trialInstructionPos': (0, 1), 'probe': 'both', 'rightStreamFlip': False, 'horizVert': True, 'ISIframes': 2, 'rightResponseFirst': True}
580.7916 	INFO 	numtrials=360 and this trialDurFrames=4 or 66.6666666667 ms  task=T1
581.7908 	EXP 	window1: recordFrameIntervals = False
581.7989 	INFO 	Mouse: using default window
582.7075 	DATA 	Keypress: s
582.8494 	EXP 	New trial (rep=6, index=5): {'leftStreamFlip': False, 'oneTarget': False, 'trialInstructionPos': (0, 1), 'probe': 'both', 'rightStreamFlip': False, 'horizVert': True, 'ISIframes': 2, 'rightResponseFirst': True}
582.8738 	INFO 	numtrials=360 and this trialDurFrames=4 or 66.6666666667 ms  task=T1
583.9575 	EXP 	window1: recordFrameIntervals = False
583.9658 	INFO 	Mouse: using default window
586.1604 	DATA 	Keypress: g
586.5916 	DATA 	Keypress: m
586.7309 	EXP 	New trial (rep=6, index=6): {'leftStreamFlip': False, 'oneTarget': True, 'trialInstructionPos': (0, -1), 'probe': 'both', 'rightStreamFlip': False, 'horizVert': True, 'ISIframes': 2, 'rightResponseFirst': True}
586.7572 	INFO 	numtrials=360 and this trialDurFrames=4 or 66.6666666667 ms  task=T1
587.9740 	EXP 	window1: recordFrameIntervals = False
587.9824 	INFO 	Mouse: using default window
590.0576 	DATA 	Keypress: z
590.1967 	EXP 	New trial (rep=6, index=7): {'leftStreamFlip': False, 'oneTarget': False, 'trialInstructionPos': (0, 1), 'probe': 'both', 'rightStreamFlip': False, 'horizVert': True, 'ISIframes': 2, 'rightResponseFirst': False}
590.2240 	INFO 	numtrials=360 and this trialDurFrames=4 or 66.6666666667 ms  task=T1
591.2242 	EXP 	window1: recordFrameIntervals = False
591.2316 	INFO 	Mouse: using default window
592.8743 	DATA 	Keypress: g
593.8410 	DATA 	Keypress: backspace
595.5577 	DATA 	Keypress: c
595.6994 	EXP 	New trial (rep=6, index=8): {'leftStreamFlip': False, 'oneTarget': False, 'trialInstructionPos': (0, -1), 'probe': 'both', 'rightStreamFlip': False, 'horizVert': True, 'ISIframes': 2, 'rightResponseFirst': True}
595.7237 	INFO 	numtrials=360 and this trialDurFrames=4 or 66.6666666667 ms  task=T1
596.7744 	EXP 	window1: recordFrameIntervals = False
596.7822 	INFO 	Mouse: using default window
598.5075 	DATA 	Keypress: z
598.7745 	DATA 	Keypress: e
598.9138 	EXP 	New trial (rep=6, index=9): {'leftStreamFlip': False, 'oneTarget': False, 'trialInstructionPos': (0, 1), 'probe': 'both', 'rightStreamFlip': False, 'horizVert': True, 'ISIframes': 2, 'rightResponseFirst': True}
598.9403 	INFO 	numtrials=360 and this trialDurFrames=4 or 66.6666666667 ms  task=T1
600.1411 	EXP 	window1: recordFrameIntervals = False
600.1493 	INFO 	Mouse: using default window
601.5410 	DATA 	Keypress: y
601.8575 	DATA 	Keypress: a
602.0008 	EXP 	New trial (rep=6, index=10): {'leftStreamFlip': False, 'oneTarget': False, 'trialInstructionPos': (0, -1), 'probe': 'both', 'rightStreamFlip': False, 'horizVert': True, 'ISIframes': 2, 'rightResponseFirst': False}
602.0236 	INFO 	numtrials=360 and this trialDurFrames=4 or 66.6666666667 ms  task=T1
603.1573 	EXP 	window1: recordFrameIntervals = False
603.1659 	INFO 	Mouse: using default window
606.6080 	DATA 	Keypress: a
606.9248 	DATA 	Keypress: r
607.0647 	EXP 	New trial (rep=6, index=11): {'leftStreamFlip': False, 'oneTarget': False, 'trialInstructionPos': (0, 1), 'probe': 'both', 'rightStreamFlip': False, 'horizVert': True, 'ISIframes': 2, 'rightResponseFirst': False}
607.0903 	INFO 	numtrials=360 and this trialDurFrames=4 or 66.6666666667 ms  task=T1
608.3080 	EXP 	window1: recordFrameIntervals = False
608.3160 	INFO 	Mouse: using default window
611.3242 	DATA 	Keypress: f
611.4745 	DATA 	Keypress: h
611.6138 	EXP 	New trial (rep=7, index=0): {'leftStreamFlip': False, 'oneTarget': False, 'trialInstructionPos': (0, 1), 'probe': 'both', 'rightStreamFlip': False, 'horizVert': True, 'ISIframes': 2, 'rightResponseFirst': True}
611.6406 	INFO 	numtrials=360 and this trialDurFrames=4 or 66.6666666667 ms  task=T1
612.8240 	EXP 	window1: recordFrameIntervals = False
612.8323 	INFO 	Mouse: using default window
614.4245 	DATA 	Keypress: u
614.5581 	DATA 	Keypress: g
614.6969 	EXP 	New trial (rep=7, index=1): {'leftStreamFlip': False, 'oneTarget': True, 'trialInstructionPos': (0, 1), 'probe': 'both', 'rightStreamFlip': False, 'horizVert': True, 'ISIframes': 2, 'rightResponseFirst': True}
614.7239 	INFO 	numtrials=360 and this trialDurFrames=4 or 66.6666666667 ms  task=T1
615.8907 	EXP 	window1: recordFrameIntervals = False
615.8994 	INFO 	Mouse: using default window
617.0411 	DATA 	Keypress: z
617.1797 	EXP 	New trial (rep=7, index=2): {'leftStreamFlip': False, 'oneTarget': True, 'trialInstructionPos': (0, -1), 'probe': 'both', 'rightStreamFlip': False, 'horizVert': True, 'ISIframes': 2, 'rightResponseFirst': False}
617.1907 	INFO 	numtrials=360 and this trialDurFrames=4 or 66.6666666667 ms  task=T1
618.2741 	EXP 	window1: recordFrameIntervals = False
618.2834 	INFO 	Mouse: using default window
619.4250 	DATA 	Keypress: e
619.5626 	EXP 	New trial (rep=7, index=3): {'leftStreamFlip': False, 'oneTarget': False, 'trialInstructionPos': (0, -1), 'probe': 'both', 'rightStreamFlip': False, 'horizVert': True, 'ISIframes': 2, 'rightResponseFirst': True}
619.5746 	INFO 	numtrials=360 and this trialDurFrames=4 or 66.6666666667 ms  task=T1
620.7409 	EXP 	window1: recordFrameIntervals = False
620.7491 	INFO 	Mouse: using default window
622.6243 	DATA 	Keypress: g
622.7409 	DATA 	Keypress: y
622.8830 	EXP 	New trial (rep=7, index=4): {'leftStreamFlip': False, 'oneTarget': False, 'trialInstructionPos': (0, -1), 'probe': 'both', 'rightStreamFlip': False, 'horizVert': True, 'ISIframes': 2, 'rightResponseFirst': True}
622.9071 	INFO 	numtrials=360 and this trialDurFrames=4 or 66.6666666667 ms  task=T1
623.9741 	EXP 	window1: recordFrameIntervals = False
623.9830 	INFO 	Mouse: using default window
625.6742 	DATA 	Keypress: k
626.0743 	DATA 	Keypress: e
626.2716 	EXP 	New trial (rep=7, index=5): {'leftStreamFlip': False, 'oneTarget': False, 'trialInstructionPos': (0, 1), 'probe': 'both', 'rightStreamFlip': False, 'horizVert': True, 'ISIframes': 2, 'rightResponseFirst': False}
626.2906 	INFO 	numtrials=360 and this trialDurFrames=4 or 66.6666666667 ms  task=T1
627.2742 	EXP 	window1: recordFrameIntervals = False
627.2823 	INFO 	Mouse: using default window
628.9750 	DATA 	Keypress: a
629.2249 	DATA 	Keypress: j
629.3643 	EXP 	New trial (rep=7, index=6): {'leftStreamFlip': False, 'oneTarget': False, 'trialInstructionPos': (0, 1), 'probe': 'both', 'rightStreamFlip': False, 'horizVert': True, 'ISIframes': 2, 'rightResponseFirst': False}
629.3905 	INFO 	numtrials=360 and this trialDurFrames=4 or 66.6666666667 ms  task=T1
630.5910 	EXP 	window1: recordFrameIntervals = False
630.5992 	INFO 	Mouse: using default window
632.3243 	DATA 	Keypress: m
632.5076 	DATA 	Keypress: c
632.6477 	EXP 	New trial (rep=7, index=7): {'leftStreamFlip': False, 'oneTarget': True, 'trialInstructionPos': (0, -1), 'probe': 'both', 'rightStreamFlip': False, 'horizVert': True, 'ISIframes': 2, 'rightResponseFirst': True}
632.6739 	INFO 	numtrials=360 and this trialDurFrames=4 or 66.6666666667 ms  task=T1
633.8241 	EXP 	window1: recordFrameIntervals = False
633.8325 	INFO 	Mouse: using default window
635.7603 	DATA 	Keypress: e
635.9132 	EXP 	New trial (rep=7, index=8): {'leftStreamFlip': False, 'oneTarget': True, 'trialInstructionPos': (0, 1), 'probe': 'both', 'rightStreamFlip': False, 'horizVert': True, 'ISIframes': 2, 'rightResponseFirst': False}
635.9401 	INFO 	numtrials=360 and this trialDurFrames=4 or 66.6666666667 ms  task=T1
637.0575 	EXP 	window1: recordFrameIntervals = False
637.0657 	INFO 	Mouse: using default window
638.3411 	DATA 	Keypress: m
638.4807 	EXP 	New trial (rep=7, index=9): {'leftStreamFlip': False, 'oneTarget': False, 'trialInstructionPos': (0, -1), 'probe': 'both', 'rightStreamFlip': False, 'horizVert': True, 'ISIframes': 2, 'rightResponseFirst': False}
638.5071 	INFO 	numtrials=360 and this trialDurFrames=4 or 66.6666666667 ms  task=T1
639.6746 	EXP 	window1: recordFrameIntervals = False
639.6832 	INFO 	Mouse: using default window
642.0410 	DATA 	Keypress: e
642.3076 	DATA 	Keypress: s
642.4477 	EXP 	New trial (rep=7, index=10): {'leftStreamFlip': False, 'oneTarget': False, 'trialInstructionPos': (0, 1), 'probe': 'both', 'rightStreamFlip': False, 'horizVert': True, 'ISIframes': 2, 'rightResponseFirst': True}
642.4737 	INFO 	numtrials=360 and this trialDurFrames=4 or 66.6666666667 ms  task=T1
643.5907 	EXP 	window1: recordFrameIntervals = False
643.5989 	INFO 	Mouse: using default window
644.9443 	DATA 	Keypress: y
645.2244 	DATA 	Keypress: m
645.3643 	EXP 	New trial (rep=7, index=11): {'leftStreamFlip': False, 'oneTarget': False, 'trialInstructionPos': (0, -1), 'probe': 'both', 'rightStreamFlip': False, 'horizVert': True, 'ISIframes': 2, 'rightResponseFirst': False}
645.3903 	INFO 	numtrials=360 and this trialDurFrames=4 or 66.6666666667 ms  task=T1
646.4412 	EXP 	window1: recordFrameIntervals = False
646.4491 	INFO 	Mouse: using default window
647.3077 	DATA 	Keypress: s
647.5242 	DATA 	Keypress: m
647.6633 	EXP 	New trial (rep=8, index=0): {'leftStreamFlip': False, 'oneTarget': True, 'trialInstructionPos': (0, -1), 'probe': 'both', 'rightStreamFlip': False, 'horizVert': True, 'ISIframes': 2, 'rightResponseFirst': True}
647.6914 	INFO 	numtrials=360 and this trialDurFrames=4 or 66.6666666667 ms  task=T1
648.6741 	EXP 	window1: recordFrameIntervals = False
648.6818 	INFO 	Mouse: using default window
650.0577 	DATA 	Keypress: y
650.1965 	EXP 	New trial (rep=8, index=1): {'leftStreamFlip': False, 'oneTarget': False, 'trialInstructionPos': (0, -1), 'probe': 'both', 'rightStreamFlip': False, 'horizVert': True, 'ISIframes': 2, 'rightResponseFirst': True}
650.2237 	INFO 	numtrials=360 and this trialDurFrames=4 or 66.6666666667 ms  task=T1
651.2073 	EXP 	window1: recordFrameIntervals = False
651.2152 	INFO 	Mouse: using default window
653.0245 	DATA 	Keypress: j
653.1576 	DATA 	Keypress: e
653.2967 	EXP 	New trial (rep=8, index=2): {'leftStreamFlip': False, 'oneTarget': False, 'trialInstructionPos': (0, -1), 'probe': 'both', 'rightStreamFlip': False, 'horizVert': True, 'ISIframes': 2, 'rightResponseFirst': False}
653.3075 	INFO 	numtrials=360 and this trialDurFrames=4 or 66.6666666667 ms  task=T1
654.4074 	EXP 	window1: recordFrameIntervals = False
654.4157 	INFO 	Mouse: using default window
655.3599 	DATA 	Keypress: c
655.6243 	DATA 	Keypress: e
655.7646 	EXP 	New trial (rep=8, index=3): {'leftStreamFlip': False, 'oneTarget': False, 'trialInstructionPos': (0, -1), 'probe': 'both', 'rightStreamFlip': False, 'horizVert': True, 'ISIframes': 2, 'rightResponseFirst': False}
655.7905 	INFO 	numtrials=360 and this trialDurFrames=4 or 66.6666666667 ms  task=T1
656.8574 	EXP 	window1: recordFrameIntervals = False
656.8656 	INFO 	Mouse: using default window
659.2081 	DATA 	Keypress: e
659.3910 	DATA 	Keypress: a
659.5311 	EXP 	New trial (rep=8, index=4): {'leftStreamFlip': False, 'oneTarget': True, 'trialInstructionPos': (0, -1), 'probe': 'both', 'rightStreamFlip': False, 'horizVert': True, 'ISIframes': 2, 'rightResponseFirst': False}
659.5569 	INFO 	numtrials=360 and this trialDurFrames=4 or 66.6666666667 ms  task=T1
660.5410 	EXP 	window1: recordFrameIntervals = False
660.5499 	INFO 	Mouse: using default window
661.5249 	DATA 	Keypress: m
661.6626 	EXP 	New trial (rep=8, index=5): {'leftStreamFlip': False, 'oneTarget': True, 'trialInstructionPos': (0, 1), 'probe': 'both', 'rightStreamFlip': False, 'horizVert': True, 'ISIframes': 2, 'rightResponseFirst': False}
661.6736 	INFO 	numtrials=360 and this trialDurFrames=4 or 66.6666666667 ms  task=T1
662.7074 	EXP 	window1: recordFrameIntervals = False
662.7160 	INFO 	Mouse: using default window
664.4744 	DATA 	Keypress: g
664.6126 	EXP 	New trial (rep=8, index=6): {'leftStreamFlip': False, 'oneTarget': False, 'trialInstructionPos': (0, 1), 'probe': 'both', 'rightStreamFlip': False, 'horizVert': True, 'ISIframes': 2, 'rightResponseFirst': False}
664.6235 	INFO 	numtrials=360 and this trialDurFrames=4 or 66.6666666667 ms  task=T1
665.6741 	EXP 	window1: recordFrameIntervals = False
665.6823 	INFO 	Mouse: using default window
668.4077 	DATA 	Keypress: a
669.7610 	DATA 	Keypress: g
669.9139 	EXP 	New trial (rep=8, index=7): {'leftStreamFlip': False, 'oneTarget': True, 'trialInstructionPos': (0, 1), 'probe': 'both', 'rightStreamFlip': False, 'horizVert': True, 'ISIframes': 2, 'rightResponseFirst': True}
669.9416 	INFO 	numtrials=360 and this trialDurFrames=4 or 66.6666666667 ms  task=T1
670.9574 	EXP 	window1: recordFrameIntervals = False
670.9657 	INFO 	Mouse: using default window
672.1911 	DATA 	Keypress: t
672.3302 	EXP 	New trial (rep=8, index=8): {'leftStreamFlip': False, 'oneTarget': False, 'trialInstructionPos': (0, 1), 'probe': 'both', 'rightStreamFlip': False, 'horizVert': True, 'ISIframes': 2, 'rightResponseFirst': True}
672.3567 	INFO 	numtrials=360 and this trialDurFrames=4 or 66.6666666667 ms  task=T1
673.4741 	EXP 	window1: recordFrameIntervals = False
673.4832 	INFO 	Mouse: using default window
675.0244 	DATA 	Keypress: t
675.3601 	DATA 	Keypress: e
675.5141 	EXP 	New trial (rep=8, index=9): {'leftStreamFlip': False, 'oneTarget': False, 'trialInstructionPos': (0, 1), 'probe': 'both', 'rightStreamFlip': False, 'horizVert': True, 'ISIframes': 2, 'rightResponseFirst': True}
675.5404 	INFO 	numtrials=360 and this trialDurFrames=4 or 66.6666666667 ms  task=T1
676.6745 	EXP 	window1: recordFrameIntervals = False
676.6826 	INFO 	Mouse: using default window
678.1578 	DATA 	Keypress: e
678.4743 	DATA 	Keypress: y
678.6124 	EXP 	New trial (rep=8, index=10): {'leftStreamFlip': False, 'oneTarget': False, 'trialInstructionPos': (0, -1), 'probe': 'both', 'rightStreamFlip': False, 'horizVert': True, 'ISIframes': 2, 'rightResponseFirst': True}
678.6414 	INFO 	numtrials=360 and this trialDurFrames=4 or 66.6666666667 ms  task=T1
679.6408 	EXP 	window1: recordFrameIntervals = False
679.6490 	INFO 	Mouse: using default window
682.5445 	DATA 	Keypress: m
682.6577 	DATA 	Keypress: c
682.7973 	EXP 	New trial (rep=8, index=11): {'leftStreamFlip': False, 'oneTarget': False, 'trialInstructionPos': (0, 1), 'probe': 'both', 'rightStreamFlip': False, 'horizVert': True, 'ISIframes': 2, 'rightResponseFirst': False}
682.8239 	INFO 	numtrials=360 and this trialDurFrames=4 or 66.6666666667 ms  task=T1
683.9076 	EXP 	window1: recordFrameIntervals = False
683.9157 	INFO 	Mouse: using default window
686.9412 	DATA 	Keypress: j
687.2076 	DATA 	Keypress: z
687.3473 	EXP 	New trial (rep=9, index=0): {'leftStreamFlip': False, 'oneTarget': False, 'trialInstructionPos': (0, -1), 'probe': 'both', 'rightStreamFlip': False, 'horizVert': True, 'ISIframes': 2, 'rightResponseFirst': False}
687.3746 	INFO 	numtrials=360 and this trialDurFrames=4 or 66.6666666667 ms  task=T1
688.3575 	EXP 	window1: recordFrameIntervals = False
688.3656 	INFO 	Mouse: using default window
690.1244 	DATA 	Keypress: u
690.2243 	DATA 	Keypress: y
690.3634 	EXP 	New trial (rep=9, index=1): {'leftStreamFlip': False, 'oneTarget': False, 'trialInstructionPos': (0, 1), 'probe': 'both', 'rightStreamFlip': False, 'horizVert': True, 'ISIframes': 2, 'rightResponseFirst': False}
690.3903 	INFO 	numtrials=360 and this trialDurFrames=4 or 66.6666666667 ms  task=T1
691.4241 	EXP 	window1: recordFrameIntervals = False
691.4330 	INFO 	Mouse: using default window
694.4910 	DATA 	Keypress: u
694.7748 	DATA 	Keypress: j
694.9139 	EXP 	New trial (rep=9, index=2): {'leftStreamFlip': False, 'oneTarget': False, 'trialInstructionPos': (0, 1), 'probe': 'both', 'rightStreamFlip': False, 'horizVert': True, 'ISIframes': 2, 'rightResponseFirst': True}
694.9407 	INFO 	numtrials=360 and this trialDurFrames=4 or 66.6666666667 ms  task=T1
696.0248 	EXP 	window1: recordFrameIntervals = False
696.0331 	INFO 	Mouse: using default window
698.0576 	DATA 	Keypress: z
698.6243 	DATA 	Keypress: k
698.7634 	EXP 	New trial (rep=9, index=3): {'leftStreamFlip': False, 'oneTarget': True, 'trialInstructionPos': (0, -1), 'probe': 'both', 'rightStreamFlip': False, 'horizVert': True, 'ISIframes': 2, 'rightResponseFirst': False}
698.7740 	INFO 	numtrials=360 and this trialDurFrames=4 or 66.6666666667 ms  task=T1
699.9908 	EXP 	window1: recordFrameIntervals = False
699.9990 	INFO 	Mouse: using default window
700.8249 	DATA 	Keypress: g
700.9633 	EXP 	New trial (rep=9, index=4): {'leftStreamFlip': False, 'oneTarget': True, 'trialInstructionPos': (0, -1), 'probe': 'both', 'rightStreamFlip': False, 'horizVert': True, 'ISIframes': 2, 'rightResponseFirst': True}
700.9914 	INFO 	numtrials=360 and this trialDurFrames=4 or 66.6666666667 ms  task=T1
702.0075 	EXP 	window1: recordFrameIntervals = False
702.0157 	INFO 	Mouse: using default window
703.1912 	DATA 	Keypress: y
703.3295 	EXP 	New trial (rep=9, index=5): {'leftStreamFlip': False, 'oneTarget': True, 'trialInstructionPos': (0, 1), 'probe': 'both', 'rightStreamFlip': False, 'horizVert': True, 'ISIframes': 2, 'rightResponseFirst': True}
703.3408 	INFO 	numtrials=360 and this trialDurFrames=4 or 66.6666666667 ms  task=T1
704.5414 	EXP 	window1: recordFrameIntervals = False
704.5500 	INFO 	Mouse: using default window
705.4749 	DATA 	Keypress: m
705.6135 	EXP 	New trial (rep=9, index=6): {'leftStreamFlip': False, 'oneTarget': False, 'trialInstructionPos': (0, -1), 'probe': 'both', 'rightStreamFlip': False, 'horizVert': True, 'ISIframes': 2, 'rightResponseFirst': True}
705.6240 	INFO 	numtrials=360 and this trialDurFrames=4 or 66.6666666667 ms  task=T1
706.6074 	EXP 	window1: recordFrameIntervals = False
706.6157 	INFO 	Mouse: using default window
708.1587 	DATA 	Keypress: f
708.6079 	DATA 	Keypress: s
708.7478 	EXP 	New trial (rep=9, index=7): {'leftStreamFlip': False, 'oneTarget': False, 'trialInstructionPos': (0, 1), 'probe': 'both', 'rightStreamFlip': False, 'horizVert': True, 'ISIframes': 2, 'rightResponseFirst': True}
708.7739 	INFO 	numtrials=360 and this trialDurFrames=4 or 66.6666666667 ms  task=T1
709.8573 	EXP 	window1: recordFrameIntervals = False
709.8659 	INFO 	Mouse: using default window
711.0078 	DATA 	Keypress: u
711.4410 	DATA 	Keypress: e
711.5802 	EXP 	New trial (rep=9, index=8): {'leftStreamFlip': False, 'oneTarget': False, 'trialInstructionPos': (0, -1), 'probe': 'both', 'rightStreamFlip': False, 'horizVert': True, 'ISIframes': 2, 'rightResponseFirst': False}
711.6074 	INFO 	numtrials=360 and this trialDurFrames=4 or 66.6666666667 ms  task=T1
712.6074 	EXP 	window1: recordFrameIntervals = False
712.6156 	INFO 	Mouse: using default window
713.6910 	DATA 	Keypress: a
714.3412 	DATA 	Keypress: y
714.4802 	EXP 	New trial (rep=9, index=9): {'leftStreamFlip': False, 'oneTarget': False, 'trialInstructionPos': (0, 1), 'probe': 'both', 'rightStreamFlip': False, 'horizVert': True, 'ISIframes': 2, 'rightResponseFirst': False}
714.5082 	INFO 	numtrials=360 and this trialDurFrames=4 or 66.6666666667 ms  task=T1
715.5074 	EXP 	window1: recordFrameIntervals = False
715.5157 	INFO 	Mouse: using default window
717.5410 	DATA 	Keypress: s
717.7750 	DATA 	Keypress: n
717.9172 	EXP 	New trial (rep=9, index=10): {'leftStreamFlip': False, 'oneTarget': True, 'trialInstructionPos': (0, 1), 'probe': 'both', 'rightStreamFlip': False, 'horizVert': True, 'ISIframes': 2, 'rightResponseFirst': False}
717.9404 	INFO 	numtrials=360 and this trialDurFrames=4 or 66.6666666667 ms  task=T1
718.9574 	EXP 	window1: recordFrameIntervals = False
718.9661 	INFO 	Mouse: using default window
720.5077 	DATA 	Keypress: s
720.6479 	EXP 	New trial (rep=9, index=11): {'leftStreamFlip': False, 'oneTarget': False, 'trialInstructionPos': (0, -1), 'probe': 'both', 'rightStreamFlip': False, 'horizVert': True, 'ISIframes': 2, 'rightResponseFirst': True}
720.6734 	INFO 	numtrials=360 and this trialDurFrames=4 or 66.6666666667 ms  task=T1
721.8075 	EXP 	window1: recordFrameIntervals = False
721.8156 	INFO 	Mouse: using default window
723.4745 	DATA 	Keypress: c
723.5743 	DATA 	Keypress: g
723.7146 	EXP 	New trial (rep=10, index=0): {'leftStreamFlip': False, 'oneTarget': True, 'trialInstructionPos': (0, -1), 'probe': 'both', 'rightStreamFlip': False, 'horizVert': True, 'ISIframes': 2, 'rightResponseFirst': False}
723.7403 	INFO 	numtrials=360 and this trialDurFrames=4 or 66.6666666667 ms  task=T1
724.9408 	EXP 	window1: recordFrameIntervals = False
724.9490 	INFO 	Mouse: using default window
726.3909 	DATA 	Keypress: j
726.5303 	EXP 	New trial (rep=10, index=1): {'leftStreamFlip': False, 'oneTarget': False, 'trialInstructionPos': (0, 1), 'probe': 'both', 'rightStreamFlip': False, 'horizVert': True, 'ISIframes': 2, 'rightResponseFirst': True}
726.5582 	INFO 	numtrials=360 and this trialDurFrames=4 or 66.6666666667 ms  task=T1
727.5741 	EXP 	window1: recordFrameIntervals = False
727.5823 	INFO 	Mouse: using default window
729.0910 	DATA 	Keypress: j
730.1777 	DATA 	Keypress: t
730.3283 	EXP 	New trial (rep=10, index=2): {'leftStreamFlip': False, 'oneTarget': False, 'trialInstructionPos': (0, 1), 'probe': 'both', 'rightStreamFlip': False, 'horizVert': True, 'ISIframes': 2, 'rightResponseFirst': False}
730.3398 	INFO 	numtrials=360 and this trialDurFrames=4 or 66.6666666667 ms  task=T1
731.4575 	EXP 	window1: recordFrameIntervals = False
731.4666 	INFO 	Mouse: using default window
733.5744 	DATA 	Keypress: a
734.9582 	DATA 	Keypress: j
735.0968 	EXP 	New trial (rep=10, index=3): {'leftStreamFlip': False, 'oneTarget': False, 'trialInstructionPos': (0, 1), 'probe': 'both', 'rightStreamFlip': False, 'horizVert': True, 'ISIframes': 2, 'rightResponseFirst': False}
735.1236 	INFO 	numtrials=360 and this trialDurFrames=4 or 66.6666666667 ms  task=T1
736.1915 	EXP 	window1: recordFrameIntervals = False
736.1995 	INFO 	Mouse: using default window
737.5743 	DATA 	Keypress: y
738.1243 	DATA 	Keypress: z
738.2633 	EXP 	New trial (rep=10, index=4): {'leftStreamFlip': False, 'oneTarget': True, 'trialInstructionPos': (0, 1), 'probe': 'both', 'rightStreamFlip': False, 'horizVert': True, 'ISIframes': 2, 'rightResponseFirst': True}
738.2902 	INFO 	numtrials=360 and this trialDurFrames=4 or 66.6666666667 ms  task=T1
739.3741 	EXP 	window1: recordFrameIntervals = False
739.3827 	INFO 	Mouse: using default window
740.5608 	DATA 	Keypress: e
740.7130 	EXP 	New trial (rep=10, index=5): {'leftStreamFlip': False, 'oneTarget': False, 'trialInstructionPos': (0, 1), 'probe': 'both', 'rightStreamFlip': False, 'horizVert': True, 'ISIframes': 2, 'rightResponseFirst': True}
740.7236 	INFO 	numtrials=360 and this trialDurFrames=4 or 66.6666666667 ms  task=T1
741.7907 	EXP 	window1: recordFrameIntervals = False
741.7993 	INFO 	Mouse: using default window
744.5918 	DATA 	Keypress: z
745.0410 	DATA 	Keypress: s
745.1802 	EXP 	New trial (rep=10, index=6): {'leftStreamFlip': False, 'oneTarget': True, 'trialInstructionPos': (0, -1), 'probe': 'both', 'rightStreamFlip': False, 'horizVert': True, 'ISIframes': 2, 'rightResponseFirst': True}
745.1904 	INFO 	numtrials=360 and this trialDurFrames=4 or 66.6666666667 ms  task=T1
746.2408 	EXP 	window1: recordFrameIntervals = False
746.2490 	INFO 	Mouse: using default window
747.3912 	DATA 	Keypress: j
747.5302 	EXP 	New trial (rep=10, index=7): {'leftStreamFlip': False, 'oneTarget': False, 'trialInstructionPos': (0, -1), 'probe': 'both', 'rightStreamFlip': False, 'horizVert': True, 'ISIframes': 2, 'rightResponseFirst': False}
747.5585 	INFO 	numtrials=360 and this trialDurFrames=4 or 66.6666666667 ms  task=T1
748.6576 	EXP 	window1: recordFrameIntervals = False
748.6659 	INFO 	Mouse: using default window
750.4085 	DATA 	Keypress: g
750.8577 	DATA 	Keypress: j
750.9984 	EXP 	New trial (rep=10, index=8): {'leftStreamFlip': False, 'oneTarget': False, 'trialInstructionPos': (0, -1), 'probe': 'both', 'rightStreamFlip': False, 'horizVert': True, 'ISIframes': 2, 'rightResponseFirst': False}
751.0236 	INFO 	numtrials=360 and this trialDurFrames=4 or 66.6666666667 ms  task=T1
752.0413 	EXP 	window1: recordFrameIntervals = False
752.0494 	INFO 	Mouse: using default window
753.0577 	DATA 	Keypress: h
755.5744 	DATA 	Keypress: u
755.7131 	EXP 	New trial (rep=10, index=9): {'leftStreamFlip': False, 'oneTarget': True, 'trialInstructionPos': (0, 1), 'probe': 'both', 'rightStreamFlip': False, 'horizVert': True, 'ISIframes': 2, 'rightResponseFirst': False}
755.7237 	INFO 	numtrials=360 and this trialDurFrames=4 or 66.6666666667 ms  task=T1
756.9241 	EXP 	window1: recordFrameIntervals = False
756.9323 	INFO 	Mouse: using default window
758.2416 	DATA 	Keypress: y
758.3796 	EXP 	New trial (rep=10, index=10): {'leftStreamFlip': False, 'oneTarget': False, 'trialInstructionPos': (0, -1), 'probe': 'both', 'rightStreamFlip': False, 'horizVert': True, 'ISIframes': 2, 'rightResponseFirst': True}
758.4081 	INFO 	numtrials=360 and this trialDurFrames=4 or 66.6666666667 ms  task=T1
759.4574 	EXP 	window1: recordFrameIntervals = False
759.4656 	INFO 	Mouse: using default window
761.3079 	DATA 	Keypress: m
761.6910 	DATA 	Keypress: j
761.8305 	EXP 	New trial (rep=10, index=11): {'leftStreamFlip': False, 'oneTarget': False, 'trialInstructionPos': (0, -1), 'probe': 'both', 'rightStreamFlip': False, 'horizVert': True, 'ISIframes': 2, 'rightResponseFirst': True}
761.8582 	INFO 	numtrials=360 and this trialDurFrames=4 or 66.6666666667 ms  task=T1
762.8407 	EXP 	window1: recordFrameIntervals = False
762.8493 	INFO 	Mouse: using default window
764.0079 	DATA 	Keypress: m
764.7077 	DATA 	Keypress: u
764.8472 	EXP 	New trial (rep=11, index=0): {'leftStreamFlip': False, 'oneTarget': True, 'trialInstructionPos': (0, -1), 'probe': 'both', 'rightStreamFlip': False, 'horizVert': True, 'ISIframes': 2, 'rightResponseFirst': True}
764.8748 	INFO 	numtrials=360 and this trialDurFrames=4 or 66.6666666667 ms  task=T1
766.0243 	EXP 	window1: recordFrameIntervals = False
766.0324 	INFO 	Mouse: using default window
768.2912 	DATA 	Keypress: w
768.4315 	EXP 	New trial (rep=11, index=1): {'leftStreamFlip': False, 'oneTarget': False, 'trialInstructionPos': (0, -1), 'probe': 'both', 'rightStreamFlip': False, 'horizVert': True, 'ISIframes': 2, 'rightResponseFirst': True}
768.4570 	INFO 	numtrials=360 and this trialDurFrames=4 or 66.6666666667 ms  task=T1
769.4913 	EXP 	window1: recordFrameIntervals = False
769.4994 	INFO 	Mouse: using default window
771.4743 	DATA 	Keypress: n
772.4745 	DATA 	Keypress: t
772.6275 	EXP 	New trial (rep=11, index=2): {'leftStreamFlip': False, 'oneTarget': False, 'trialInstructionPos': (0, 1), 'probe': 'both', 'rightStreamFlip': False, 'horizVert': True, 'ISIframes': 2, 'rightResponseFirst': False}
772.6407 	INFO 	numtrials=360 and this trialDurFrames=4 or 66.6666666667 ms  task=T1
773.6751 	EXP 	window1: recordFrameIntervals = False
773.6835 	INFO 	Mouse: using default window
775.6244 	DATA 	Keypress: s
776.2244 	DATA 	Keypress: m
776.3635 	EXP 	New trial (rep=11, index=3): {'leftStreamFlip': False, 'oneTarget': False, 'trialInstructionPos': (0, 1), 'probe': 'both', 'rightStreamFlip': False, 'horizVert': True, 'ISIframes': 2, 'rightResponseFirst': False}
776.3906 	INFO 	numtrials=360 and this trialDurFrames=4 or 66.6666666667 ms  task=T1
777.5574 	EXP 	window1: recordFrameIntervals = False
777.5652 	INFO 	Mouse: using default window
779.9410 	DATA 	Keypress: e
780.3577 	DATA 	Keypress: g
780.4997 	EXP 	New trial (rep=11, index=4): {'leftStreamFlip': False, 'oneTarget': True, 'trialInstructionPos': (0, -1), 'probe': 'both', 'rightStreamFlip': False, 'horizVert': True, 'ISIframes': 2, 'rightResponseFirst': False}
780.5237 	INFO 	numtrials=360 and this trialDurFrames=4 or 66.6666666667 ms  task=T1
781.7408 	EXP 	window1: recordFrameIntervals = False
781.7499 	INFO 	Mouse: using default window
783.0582 	DATA 	Keypress: r
783.1970 	EXP 	New trial (rep=11, index=5): {'leftStreamFlip': False, 'oneTarget': False, 'trialInstructionPos': (0, 1), 'probe': 'both', 'rightStreamFlip': False, 'horizVert': True, 'ISIframes': 2, 'rightResponseFirst': True}
783.2249 	INFO 	numtrials=360 and this trialDurFrames=4 or 66.6666666667 ms  task=T1
784.2913 	EXP 	window1: recordFrameIntervals = False
784.3002 	INFO 	Mouse: using default window
786.3419 	DATA 	Keypress: s
786.8244 	DATA 	Keypress: u
786.9647 	EXP 	New trial (rep=11, index=6): {'leftStreamFlip': False, 'oneTarget': True, 'trialInstructionPos': (0, 1), 'probe': 'both', 'rightStreamFlip': False, 'horizVert': True, 'ISIframes': 2, 'rightResponseFirst': True}
786.9905 	INFO 	numtrials=360 and this trialDurFrames=4 or 66.6666666667 ms  task=T1
788.1413 	EXP 	window1: recordFrameIntervals = False
788.1492 	INFO 	Mouse: using default window
789.2244 	DATA 	Keypress: t
789.3647 	EXP 	New trial (rep=11, index=7): {'leftStreamFlip': False, 'oneTarget': False, 'trialInstructionPos': (0, -1), 'probe': 'both', 'rightStreamFlip': False, 'horizVert': True, 'ISIframes': 2, 'rightResponseFirst': True}
789.3915 	INFO 	numtrials=360 and this trialDurFrames=4 or 66.6666666667 ms  task=T1
790.5075 	EXP 	window1: recordFrameIntervals = False
790.5153 	INFO 	Mouse: using default window
791.7613 	DATA 	Keypress: k
792.4077 	DATA 	Keypress: u
792.5486 	EXP 	New trial (rep=11, index=8): {'leftStreamFlip': False, 'oneTarget': True, 'trialInstructionPos': (0, 1), 'probe': 'both', 'rightStreamFlip': False, 'horizVert': True, 'ISIframes': 2, 'rightResponseFirst': False}
792.5740 	INFO 	numtrials=360 and this trialDurFrames=4 or 66.6666666667 ms  task=T1
793.7408 	EXP 	window1: recordFrameIntervals = False
793.7490 	INFO 	Mouse: using default window
795.3444 	DATA 	Keypress: a
795.4966 	EXP 	New trial (rep=11, index=9): {'leftStreamFlip': False, 'oneTarget': False, 'trialInstructionPos': (0, -1), 'probe': 'both', 'rightStreamFlip': False, 'horizVert': True, 'ISIframes': 2, 'rightResponseFirst': False}
795.5072 	INFO 	numtrials=360 and this trialDurFrames=4 or 66.6666666667 ms  task=T1
796.6913 	EXP 	window1: recordFrameIntervals = False
796.6995 	INFO 	Mouse: using default window
802.2577 	DATA 	Keypress: lctrl
803.2744 	DATA 	Keypress: lshift
803.9243 	DATA 	Keypress: z
803.9441 	INFO 	Stopping at 09:41 on 09 Aug 2018
803.9454 	ERROR 	user aborted experiment on keypress with trials done=141 of 361
803.9605 	INFO 	Program terminating normally.
