0.6178 	WARNING 	Monitor specification not found. Creating a temporary one...
10.0691 	EXP 	Created window1 = Window(allowGUI=False, allowStencil=False, autoLog=True, bitsMode=UNKNOWN, blendMode='avg', color=array([-0.7, -0.7, -0.7]), colorSpace='rgb', fullscr=UNKNOWN, gamma=None, lms=UNKNOWN, monitor=<psychopy.monitors.calibTools.Monitor object at 0x1AA51050>, name='window1', pos=[0, 0], screen=0, size=array([1920, 1080]), stereo=False, units='deg', useFBO=False, useRetina=False, viewOri=0.0, viewPos=None, viewScale=None, waitBlanking=False, winType='pyglet')
10.0692 	INFO 	Mouse: using default window
10.0696 	EXP 	window1: units = 'norm'
10.1691 	EXP 	Created unnamed ImageStim = ImageStim(autoLog=True, color=array([ 1.,  1.,  1.]), colorSpace='rgb', contrast=1.0, depth=0, flipHoriz=False, flipVert=False, image=str(...), interpolate=False, mask=None, maskParams=None, name='unnamed ImageStim', opacity=1.0, ori=0.0, pos=array([-0.5,  0. ]), size=array([ 1.290625  ,  3.24814815]), texRes=128, units='norm', win=Window(...))
10.2554 	EXP 	Created unnamed ImageStim = ImageStim(autoLog=True, color=array([ 1.,  1.,  1.]), colorSpace='rgb', contrast=1.0, depth=0, flipHoriz=False, flipVert=False, image=str(...), interpolate=False, mask=None, maskParams=None, name='unnamed ImageStim', opacity=1.0, ori=0.0, pos=array([ 0.5,  0. ]), size=array([ 1.290625  ,  3.24814815]), texRes=128, units='norm', win=Window(...))
10.2727 	EXP 	Created OKrespZone = GratingStim(autoDraw=False, autoLog=True, color=array([ 1. ,  0.5,  0.5]), colorSpace='rgb', contrast=1.0, depth=0, interpolate=False, mask='gauss', maskParams=None, name='OKrespZone', opacity=1.0, ori=0.0, phase=array([ 0.,  0.]), pos=array([-0.2 , -0.92]), rgbPedestal=array([ 0.,  0.,  0.]), sf=array([ 0.,  0.]), size=array([ 2.3,  0.2]), tex='sin', texRes=256, units='norm', win=Window(...))
10.4137 	EXP 	unnamed ImageStim: size = (1, 2)
10.4137 	EXP 	unnamed ImageStim: size = (1, 2)
103.8035 	DATA 	Mouse: Left button down, pos=(720,46)
103.8184 	EXP 	window1: units = 'deg'
103.8186 	EXP 	window1: units = 'norm'
103.8383 	EXP 	Created OKrespZone = GratingStim(autoDraw=False, autoLog=True, color=array([ 1. ,  0.5,  0.5]), colorSpace='rgb', contrast=1.0, depth=0, interpolate=False, mask='gauss', maskParams=None, name='OKrespZone', opacity=1.0, ori=0.0, phase=array([ 0.,  0.]), pos=array([-0.2 , -0.92]), rgbPedestal=array([ 0.,  0.,  0.]), sf=array([ 0.,  0.]), size=array([ 2.3,  0.2]), tex='sin', texRes=256, units='norm', win=Window(...))
103.9161 	EXP 	Created unnamed ImageStim = ImageStim(autoLog=True, color=array([ 1.,  1.,  1.]), colorSpace='rgb', contrast=1.0, depth=0, flipHoriz=False, flipVert=False, image='abgdj\\PISandConsentForm\\consentForm.png', interpolate=False, mask=None, maskParams=None, name='unnamed ImageStim', opacity=1.0, ori=0.0, pos=array([ 0.,  0.]), size=array([ 1.3375    ,  2.97407407]), texRes=128, units='norm', win=Window(...))
103.9551 	EXP 	Created unnamed GratingStim = GratingStim(autoDraw=False, autoLog=True, color=array([ 1. ,  0.5,  0.5]), colorSpace='rgb', contrast=1.0, depth=0, interpolate=False, mask='gauss', maskParams=None, name='unnamed GratingStim', opacity=1.0, ori=0.0, phase=array([ 0.,  0.]), pos=array([-0.2 , -0.42]), rgbPedestal=array([ 0.,  0.,  0.]), sf=array([ 0.,  0.]), size=array([ 0.3,  0.2]), tex='sin', texRes=256, units='norm', win=Window(...))
103.9917 	EXP 	Created unnamed GratingStim = GratingStim(autoDraw=False, autoLog=True, color=array([ 1. ,  0.5,  0.5]), colorSpace='rgb', contrast=1.0, depth=0, interpolate=False, mask='gauss', maskParams=None, name='unnamed GratingStim', opacity=1.0, ori=0.0, phase=array([ 0.,  0.]), pos=array([ 0.1 , -0.42]), rgbPedestal=array([ 0.,  0.,  0.]), sf=array([ 0.,  0.]), size=array([ 0.3,  0.2]), tex='sin', texRes=256, units='norm', win=Window(...))
104.0140 	EXP 	Created unnamed GratingStim = GratingStim(autoDraw=False, autoLog=True, color=array([ 1. ,  0.5,  0.5]), colorSpace='rgb', contrast=1.0, depth=0, interpolate=False, mask='gauss', maskParams=None, name='unnamed GratingStim', opacity=1.0, ori=0.0, phase=array([ 0.,  0.]), pos=array([-0.2 , -0.72]), rgbPedestal=array([ 0.,  0.,  0.]), sf=array([ 0.,  0.]), size=array([ 0.3,  0.2]), tex='sin', texRes=256, units='norm', win=Window(...))
104.0356 	EXP 	Created unnamed GratingStim = GratingStim(autoDraw=False, autoLog=True, color=array([ 1. ,  0.5,  0.5]), colorSpace='rgb', contrast=1.0, depth=0, interpolate=False, mask='gauss', maskParams=None, name='unnamed GratingStim', opacity=1.0, ori=0.0, phase=array([ 0.,  0.]), pos=array([ 0.1 , -0.72]), rgbPedestal=array([ 0.,  0.,  0.]), sf=array([ 0.,  0.]), size=array([ 0.3,  0.2]), tex='sin', texRes=256, units='norm', win=Window(...))
104.0387 	DATA 	Mouse:  Left button up, pos=(720,46)
104.0443 	EXP 	unnamed ImageStim: size = (1.1, 2)
109.1187 	DATA 	Mouse: Left button down, pos=(771,314)
109.2520 	DATA 	Mouse:  Left button up, pos=(771,314)
116.1853 	DATA 	Mouse: Left button down, pos=(766,156)
116.2689 	DATA 	Mouse:  Left button up, pos=(766,156)
117.1521 	DATA 	Mouse: Left button down, pos=(869,20)
117.1684 	EXP 	window1: units = 'deg'
117.1731 	EXP 	window1: mouseVisible = True
131.9358 	EXP 	Created window1 = Window(allowGUI=False, allowStencil=False, autoLog=True, bitsMode=UNKNOWN, blendMode='avg', color=array([-0.7, -0.7, -0.7]), colorSpace='rgb', fullscr=UNKNOWN, gamma=None, lms=UNKNOWN, monitor=<psychopy.monitors.calibTools.Monitor object at 0x1AA51050>, name='window1', pos=[0, 0], screen=0, size=array([1920, 1080]), stereo=False, units='deg', useFBO=False, useRetina=False, viewOri=0.0, viewPos=None, viewScale=None, waitBlanking=False, winType='pyglet')
136.2692 	INFO 	#[ PsychoPy2 RuntimeInfoStart ]
  #[[ PsychoPy ]] #---------
    psychopyVersion: 1.84.2
    psychopyHaveExtRush: True
  #[[ Experiment ]] #---------
    experimentAuthor: None
    experimentAuthVersion: None
    experimentRunTime: 2018_08_10 11:13 (Year_Month_Day Hour:Min)
    experimentRunTime.epoch: 1533863606
    experimentScript: psyc1002.py
    experimentScript.digestSHA1: 03993779484d600ea4c1b8cc2288f3d37a5025d5
    experimentScript.directory: U:\PSYC1002\abgdj
  #[[ System ]] #---------
    systemHaveInternetAccess: True
    systemHostName: W5FC0LG2
    systemLocale: English_United States.1252
    systemMemFreeRAM: 3711.6171875
    systemMemTotalRAM: 8076.9453125
    systemPlatform: windowsversion=sys.getwindowsversion(major=6, minor=2, build=9200, platform=2, service_pack='')
    systemPyo.InputDevices: {4: {'host api index': 2, 'latency': 0.008707483299076557, 'default sr': 44100, 'name': u'Realtek ASIO'}}
    systemPyo.OutputDevices: {0: {'host api index': 0, 'latency': 0.09000000357627869, 'default sr': 44100, 'name': u'Microsoft Sound Mapper - Output'}, 1: {'host api index': 0, 'latency': 0.09000000357627869, 'default sr': 44100, 'name': u'Speakers / Headphones (Realtek '}, 2: {'host api index': 1, 'latency': 0.11999999731779099, 'default sr': 44100, 'name': u'Primary Sound Driver'}, 3: {'host api index': 1, 'latency': 0.11999999731779099, 'default sr': 44100, 'name': u'Speakers / Headphones (Realtek High Definition Audio)'}, 4: {'host api index': 2, 'latency': 0.008707483299076557, 'default sr': 44100, 'name': u'Realtek ASIO'}, 5: {'host api index': 3, 'latency': 0.003000000026077032, 'default sr': 48000, 'name': u'Speakers / Headphones (Realtek High Definition Audio)'}}
    systemPyoVersion: 0.8.0
    systemRebooted: System Boot Time:          8/7/2018, 5:26:07 PM
    systemSec.pythonSSL: True
    systemTimeNumpySD1000000_sec: 0.0081
    systemUser: lhur6520
    systemUserID: 1000
    systemUserProcCmdPid: LabStatsUserSpace.exe dwm.exe TiWorker.exe CmRcService.exe nierserver.exe LabStatsClient.exe tagsrv.exe SearchUI.exe DWRCST.EXE OneDrive.exe nipxism.exe WmiPrvSE.exe niLxiDiscovery.exe SecurityHealthService.exe redirector.exe server_admin.exe pc-client.exe lkads.exe svchost.exe ni_usbmon.exe JKIUpdate.exe AGSService.exe System SISIDSService.exe SelfServicePlugin.exe explorer.exe smss.exe ApplicationWebServer.exe RuntimeBroker.exe acrotray.exe niauth_daemon.exe cmd.exe nidmsrv.exe Receiver.exe SISIPSService.exe lktsrv.exe lsass.exe python.exe RtkNGUI64.exe sisipsutil.exe AdobeUpdateService.exe armsvc.exe ssonsvr.exe concentr.exe nidevldu.exe taskhostw.exe ctfmon.exe RAVBg64.exe ''Memory Compression'' NIWebServiceContainer.exe nimxs.exe RtkAudioService64.exe chrome.exe SystemWebServer.exe tasklist.exe snowagent.exe CcmExec.exe SmcGui.exe nicitdl5.exe ''System Idle Process'' services.exe niDiscSvc.exe sqlwriter.exe MSASCuiL.exe SCNotification.exe nimdnsResponder.exe server_runtime.exe DWRCS.EXE sihost.exe spoolsv.exe wininit.exe winlogon.exe ShellExperienceHost.exe nidevmon.exe SearchIndexer.exe csrss.exe TrustedInstaller.exe audiodg.exe fontdrvhost.exe dllhost.exe unsecapp.exe ccSvcHst.exe wfcrun32.exe nisvcloc.exe server_eventlog.exe lkcitdl.exe AuthManSvr.exe conhost.exe
    systemUserProcCount: 183
    systemUserProcFlagged: Explorer
    systemUsersCount: False
  #[[ Window ]] #---------
    windowWinType: pyglet
    windowWaitBlanking: False
    windowUseNativeGamma: True
    windowUnits: deg
    windowSize_pix: [1920 1080]
    windowScreen: 0
    windowRgb: [-0.7 -0.7 -0.7]
    windowRefreshTimeSD_ms: 0.184
    windowRefreshTimeMedian_ms: 16.672
    windowRefreshTimeAvg_ms: 16.669
    windowRefreshThreshold_sec: 0.0200
    windowRecordFrameIntervals: False
    windowPos_pix: [0, 0]
    windowMonitor.name: testmonitor
    windowMonitor.getWidth_cm: 57.0
    windowMonitor.getLinearizeMethod: 1
    windowMonitor.getGammaGrid: [[  0.   1.   1.  nan  nan  nan]
 [  0.   1.   1.  nan  nan  nan]
 [  0.   1.   1.  nan  nan  nan]
 [  0.   1.   1.  nan  nan  nan]]
    windowMonitor.getDistance_cm: 57.0
    windowMonitor.gammaInterpolator2: None
    windowMonitor.gammaInterpolator: None
    windowMonitor.currentCalibName: 2018_08_10 11:11
    windowIsFullScr: True
    windowHaveShaders: True
    windowAllowGUI: False
  #[[ Python ]] #---------
    pythonWxVersion: 3.0.2.0 msw (classic)
    pythonVersion: 2.7.11
    pythonScipyVersion: 0.17.1
    pythonPygletVersion: 1.2.4
    pythonPygameVersion: 1.9.2pre
    pythonNumpyVersion: 1.11.0
    pythonMatplotlibVersion: 1.5.1
    pythonFullVersion: 2.7.11 (v2.7.11:6d1b6a68f775, Dec  5 2015, 20:32:19) [MSC v.1500 32 bit (Intel)]
    pythonExecutable: C:\Program Files (x86)\PsychoPy2\python.exe
  #[[ OpenGL ]] #---------
    openGLVersion: 4.4.0 - Build 21.20.16.4627
    openGLVendor: Intel
    openGLRenderingEngine: Intel(R) HD Graphics 530
    openGLmaxVerticesInVertexArray: 1048576
    False: openGLext.GL_STEREO
    True: openGLext.GL_EXT_framebuffer_object
    True: openGLext.GL_ARB_vertex_shader
    True: openGLext.GL_ARB_texture_non_power_of_two
    True: openGLext.GL_ARB_texture_float
    True: openGLext.GL_ARB_shader_objects
    True: openGLext.GL_ARB_multitexture
    True: openGLext.GL_ARB_fragment_program
#[ PsychoPy2 RuntimeInfoEnd ]

136.3185 	EXP 	window1: recordFrameIntervals = True
137.1518 	EXP 	window1: recordFrameIntervals = False
137.1520 	INFO 	Frames per second ~=60.0, which is close enough to desired val of 60.0
137.3524 	EXP 	Created sequence: random, trialTypes=12, nReps=30, seed=None
137.4693 	INFO 	Mouse: using default window
137.4910 	EXP 	Created OKrespZone = GratingStim(autoDraw=False, autoLog=True, color=array([ 1.,  1.,  1.]), colorSpace='rgb', contrast=1.0, depth=0, interpolate=False, mask='gauss', maskParams=None, name='OKrespZone', opacity=1.0, ori=0.0, phase=array([ 0.,  0.]), pos=array([ 0.  ,  0.88]), rgbPedestal=array([ 0.,  0.,  0.]), sf=array([ 0.,  0.]), size=array([ 2. ,  0.2]), tex='sin', texRes=256, units='norm', win=Window(...))
143.9469 	DATA 	Mouse: Left button down, pos=(152,956)
144.0667 	DATA 	Mouse:  Left button up, pos=(152,956)
154.6668 	DATA 	Mouse: Left button down, pos=(916,892)
154.7547 	DATA 	Mouse:  Left button up, pos=(916,892)
169.3630 	DATA 	Mouse: Left button down, pos=(1152,675)
169.5067 	DATA 	Mouse:  Left button up, pos=(1152,675)
171.4362 	DATA 	Mouse: Left button down, pos=(1144,674)
171.5547 	DATA 	Mouse:  Left button up, pos=(1144,674)
173.8991 	DATA 	Mouse: Left button down, pos=(1775,671)
174.0027 	DATA 	Mouse:  Left button up, pos=(1775,671)
195.2908 	DATA 	Mouse: Left button down, pos=(95,193)
195.4506 	DATA 	Mouse:  Left button up, pos=(95,193)
207.5960 	DATA 	Mouse: Left button down, pos=(918,676)
207.7067 	DATA 	Mouse:  Left button up, pos=(918,676)
223.2197 	DATA 	Mouse: Left button down, pos=(1318,464)
223.3307 	DATA 	Mouse:  Left button up, pos=(1318,464)
232.0269 	DATA 	Mouse: Left button down, pos=(1738,184)
232.1227 	DATA 	Mouse:  Left button up, pos=(1738,184)
249.2108 	DATA 	Mouse: Left button down, pos=(486,751)
249.3466 	DATA 	Mouse:  Left button up, pos=(486,751)
251.0910 	DATA 	Mouse: Left button down, pos=(499,612)
251.2267 	DATA 	Mouse:  Left button up, pos=(499,612)
256.7149 	DATA 	Mouse: Left button down, pos=(147,402)
256.8346 	DATA 	Mouse:  Left button up, pos=(147,402)
267.2830 	DATA 	Mouse: Left button down, pos=(1530,262)
267.4186 	DATA 	Mouse:  Left button up, pos=(1530,262)
272.7389 	DATA 	Mouse: Left button down, pos=(1745,745)
272.9307 	DATA 	Mouse:  Left button up, pos=(1745,745)
283.8749 	DATA 	Mouse: Left button down, pos=(917,124)
284.0586 	DATA 	Mouse:  Left button up, pos=(917,124)
293.1868 	DATA 	Mouse: Left button down, pos=(315,890)
293.3145 	DATA 	Mouse:  Left button up, pos=(315,890)
299.4759 	DATA 	Mouse: Left button down, pos=(1155,807)
299.5545 	DATA 	Mouse:  Left button up, pos=(1155,807)
306.9237 	DATA 	Mouse: Left button down, pos=(1204,678)
307.0586 	DATA 	Mouse:  Left button up, pos=(1204,677)
320.6750 	DATA 	Mouse: Left button down, pos=(1361,543)
320.8106 	DATA 	Mouse:  Left button up, pos=(1361,543)
332.0187 	DATA 	Mouse: Left button down, pos=(917,1006)
332.0403 	INFO 	Experiment will have 360 trials. Letters will be drawn with superposed noise of 0.00%
332.0529 	EXP 	New trial (rep=0, index=0): {'leftStreamFlip': False, 'oneTarget': False, 'trialInstructionPos': (0, -1), 'probe': 'both', 'rightStreamFlip': False, 'horizVert': False, 'ISIframes': 2, 'rightResponseFirst': True}
332.0530 	INFO 	Starting main part of experiment
332.1691 	DATA 	Mouse:  Left button up, pos=(917,1006)
333.2353 	INFO 	numtrials=360 and this trialDurFrames=28 or 466.666666667 ms  task=T1
335.1520 	EXP 	window1: recordFrameIntervals = False
335.1629 	INFO 	Mouse: using default window
336.6855 	DATA 	Keypress: lshift
336.9022 	DATA 	Keypress: s
341.9356 	DATA 	Keypress: s
343.4034 	DATA 	Keypress: j
343.6022 	EXP 	New trial (rep=0, index=1): {'leftStreamFlip': False, 'oneTarget': False, 'trialInstructionPos': (0, -1), 'probe': 'both', 'rightStreamFlip': False, 'horizVert': False, 'ISIframes': 2, 'rightResponseFirst': False}
353.1186 	INFO 	numtrials=360 and this trialDurFrames=22 or 366.666666667 ms  task=T1
355.0688 	EXP 	window1: recordFrameIntervals = False
355.0768 	INFO 	Mouse: using default window
357.9857 	DATA 	Keypress: s
359.1689 	DATA 	Keypress: j
360.2690 	DATA 	Keypress: k
360.4101 	EXP 	New trial (rep=0, index=2): {'leftStreamFlip': False, 'oneTarget': False, 'trialInstructionPos': (0, 1), 'probe': 'both', 'rightStreamFlip': False, 'horizVert': False, 'ISIframes': 2, 'rightResponseFirst': False}
360.4189 	INFO 	numtrials=360 and this trialDurFrames=18 or 300.0 ms  task=T1
362.3520 	EXP 	window1: recordFrameIntervals = False
362.3601 	INFO 	Mouse: using default window
364.7689 	DATA 	Keypress: m
366.1523 	DATA 	Keypress: g
367.4023 	DATA 	Keypress: k
367.5459 	EXP 	New trial (rep=0, index=3): {'leftStreamFlip': False, 'oneTarget': False, 'trialInstructionPos': (0, -1), 'probe': 'both', 'rightStreamFlip': False, 'horizVert': False, 'ISIframes': 2, 'rightResponseFirst': False}
367.5695 	INFO 	numtrials=360 and this trialDurFrames=18 or 300.0 ms  task=T1
368.8187 	EXP 	window1: recordFrameIntervals = False
368.8270 	INFO 	Mouse: using default window
370.6857 	DATA 	Keypress: t
371.7357 	DATA 	Keypress: f
372.6357 	DATA 	Keypress: z
372.7796 	EXP 	New trial (rep=0, index=4): {'leftStreamFlip': False, 'oneTarget': False, 'trialInstructionPos': (0, 1), 'probe': 'both', 'rightStreamFlip': False, 'horizVert': False, 'ISIframes': 2, 'rightResponseFirst': True}
381.1355 	INFO 	numtrials=360 and this trialDurFrames=14 or 233.333333333 ms  task=T1
382.3187 	EXP 	window1: recordFrameIntervals = False
382.3267 	INFO 	Mouse: using default window
384.2022 	DATA 	Keypress: c
385.1858 	DATA 	Keypress: k
386.0856 	DATA 	Keypress: z
386.2254 	EXP 	New trial (rep=0, index=5): {'leftStreamFlip': False, 'oneTarget': False, 'trialInstructionPos': (0, 1), 'probe': 'both', 'rightStreamFlip': False, 'horizVert': False, 'ISIframes': 2, 'rightResponseFirst': True}
386.2519 	INFO 	numtrials=360 and this trialDurFrames=4 or 66.6666666667 ms  task=T1
387.3521 	EXP 	window1: recordFrameIntervals = False
387.3602 	INFO 	Mouse: using default window
391.2690 	DATA 	Keypress: z
392.7357 	DATA 	Keypress: z
393.2190 	DATA 	Keypress: g
393.3622 	EXP 	New trial (rep=0, index=6): {'leftStreamFlip': False, 'oneTarget': False, 'trialInstructionPos': (0, 1), 'probe': 'both', 'rightStreamFlip': False, 'horizVert': False, 'ISIframes': 2, 'rightResponseFirst': False}
393.3849 	INFO 	numtrials=360 and this trialDurFrames=4 or 66.6666666667 ms  task=T1
394.4854 	EXP 	window1: recordFrameIntervals = False
394.4934 	INFO 	Mouse: using default window
396.5526 	DATA 	Keypress: c
397.9192 	DATA 	Keypress: u
398.4025 	DATA 	Keypress: h
398.5436 	EXP 	New trial (rep=0, index=7): {'leftStreamFlip': False, 'oneTarget': False, 'trialInstructionPos': (0, 1), 'probe': 'both', 'rightStreamFlip': False, 'horizVert': False, 'ISIframes': 2, 'rightResponseFirst': True}
398.5689 	INFO 	numtrials=360 and this trialDurFrames=3 or 50.0 ms  task=T1
399.7521 	EXP 	window1: recordFrameIntervals = False
399.7605 	INFO 	Mouse: using default window
404.1359 	DATA 	Keypress: r
408.1190 	DATA 	Keypress: c
409.0033 	DATA 	Keypress: s
409.1609 	EXP 	New trial (rep=0, index=8): {'leftStreamFlip': False, 'oneTarget': False, 'trialInstructionPos': (0, 1), 'probe': 'both', 'rightStreamFlip': False, 'horizVert': False, 'ISIframes': 2, 'rightResponseFirst': False}
409.1850 	INFO 	numtrials=360 and this trialDurFrames=4 or 66.6666666667 ms  task=T1
410.2021 	EXP 	window1: recordFrameIntervals = False
410.2101 	INFO 	Mouse: using default window
411.8033 	DATA 	Keypress: n
412.4856 	DATA 	Keypress: e
413.3189 	DATA 	Keypress: f
413.4622 	EXP 	New trial (rep=0, index=9): {'leftStreamFlip': False, 'oneTarget': False, 'trialInstructionPos': (0, -1), 'probe': 'both', 'rightStreamFlip': False, 'horizVert': False, 'ISIframes': 2, 'rightResponseFirst': True}
413.4850 	INFO 	numtrials=360 and this trialDurFrames=4 or 66.6666666667 ms  task=T1
414.4687 	EXP 	window1: recordFrameIntervals = False
414.4768 	INFO 	Mouse: using default window
416.2200 	DATA 	Keypress: r
417.6355 	DATA 	Keypress: h
418.2358 	DATA 	Keypress: a
418.3762 	EXP 	New trial (rep=0, index=10): {'leftStreamFlip': False, 'oneTarget': False, 'trialInstructionPos': (0, -1), 'probe': 'both', 'rightStreamFlip': False, 'horizVert': False, 'ISIframes': 2, 'rightResponseFirst': True}
418.4021 	INFO 	numtrials=360 and this trialDurFrames=3 or 50.0 ms  task=T1
419.4855 	EXP 	window1: recordFrameIntervals = False
419.4937 	INFO 	Mouse: using default window
422.7023 	DATA 	Keypress: l
425.3359 	DATA 	Keypress: o
427.3024 	DATA 	Keypress: t
427.4423 	EXP 	New trial (rep=0, index=11): {'leftStreamFlip': False, 'oneTarget': False, 'trialInstructionPos': (0, -1), 'probe': 'both', 'rightStreamFlip': False, 'horizVert': False, 'ISIframes': 2, 'rightResponseFirst': False}
427.4687 	INFO 	numtrials=360 and this trialDurFrames=4 or 66.6666666667 ms  task=T1
428.5355 	EXP 	window1: recordFrameIntervals = False
428.5464 	INFO 	Mouse: using default window
429.9856 	DATA 	Keypress: m
430.9690 	DATA 	Keypress: n
431.3689 	DATA 	Keypress: e
431.5091 	EXP 	New trial (rep=1, index=0): {'leftStreamFlip': False, 'oneTarget': False, 'trialInstructionPos': (0, -1), 'probe': 'both', 'rightStreamFlip': False, 'horizVert': False, 'ISIframes': 2, 'rightResponseFirst': True}
431.5351 	INFO 	numtrials=360 and this trialDurFrames=4 or 66.6666666667 ms  task=T1
432.6688 	EXP 	window1: recordFrameIntervals = False
432.6769 	INFO 	Mouse: using default window
435.8856 	DATA 	Keypress: n
436.8857 	DATA 	Keypress: y
438.9190 	DATA 	Keypress: r
439.0596 	EXP 	New trial (rep=1, index=1): {'leftStreamFlip': False, 'oneTarget': False, 'trialInstructionPos': (0, -1), 'probe': 'both', 'rightStreamFlip': False, 'horizVert': False, 'ISIframes': 2, 'rightResponseFirst': False}
439.0845 	INFO 	numtrials=360 and this trialDurFrames=3 or 50.0 ms  task=T1
440.2023 	EXP 	window1: recordFrameIntervals = False
440.2104 	INFO 	Mouse: using default window
442.8357 	DATA 	Keypress: r
443.7857 	DATA 	Keypress: j
444.2191 	DATA 	Keypress: a
444.3598 	EXP 	New trial (rep=1, index=2): {'leftStreamFlip': False, 'oneTarget': False, 'trialInstructionPos': (0, 1), 'probe': 'both', 'rightStreamFlip': False, 'horizVert': False, 'ISIframes': 2, 'rightResponseFirst': True}
444.3853 	INFO 	numtrials=360 and this trialDurFrames=4 or 66.6666666667 ms  task=T1
445.4521 	EXP 	window1: recordFrameIntervals = False
445.4604 	INFO 	Mouse: using default window
447.0524 	DATA 	Keypress: f
448.8692 	DATA 	Keypress: e
449.4194 	DATA 	Keypress: r
449.5592 	EXP 	New trial (rep=1, index=3): {'leftStreamFlip': False, 'oneTarget': False, 'trialInstructionPos': (0, 1), 'probe': 'both', 'rightStreamFlip': False, 'horizVert': False, 'ISIframes': 2, 'rightResponseFirst': False}
449.5851 	INFO 	numtrials=360 and this trialDurFrames=4 or 66.6666666667 ms  task=T1
450.5688 	EXP 	window1: recordFrameIntervals = False
450.5764 	INFO 	Mouse: using default window
452.4857 	DATA 	Keypress: r
454.3025 	DATA 	Keypress: s
455.0033 	DATA 	Keypress: t
455.1583 	EXP 	New trial (rep=1, index=4): {'leftStreamFlip': False, 'oneTarget': False, 'trialInstructionPos': (0, -1), 'probe': 'both', 'rightStreamFlip': False, 'horizVert': False, 'ISIframes': 2, 'rightResponseFirst': True}
455.1850 	INFO 	numtrials=360 and this trialDurFrames=4 or 66.6666666667 ms  task=T1
456.3021 	EXP 	window1: recordFrameIntervals = False
456.3103 	INFO 	Mouse: using default window
458.1191 	DATA 	Keypress: a
459.4358 	DATA 	Keypress: y
459.9191 	DATA 	Keypress: m
460.0589 	EXP 	New trial (rep=1, index=5): {'leftStreamFlip': False, 'oneTarget': False, 'trialInstructionPos': (0, 1), 'probe': 'both', 'rightStreamFlip': False, 'horizVert': False, 'ISIframes': 2, 'rightResponseFirst': True}
460.0848 	INFO 	numtrials=360 and this trialDurFrames=4 or 66.6666666667 ms  task=T1
461.0856 	EXP 	window1: recordFrameIntervals = False
461.0935 	INFO 	Mouse: using default window
462.8192 	DATA 	Keypress: s
464.2195 	DATA 	Keypress: s
464.8360 	DATA 	Keypress: k
464.9745 	EXP 	New trial (rep=1, index=6): {'leftStreamFlip': False, 'oneTarget': False, 'trialInstructionPos': (0, -1), 'probe': 'both', 'rightStreamFlip': False, 'horizVert': False, 'ISIframes': 2, 'rightResponseFirst': False}
464.9852 	INFO 	numtrials=360 and this trialDurFrames=4 or 66.6666666667 ms  task=T1
466.1025 	EXP 	window1: recordFrameIntervals = False
466.1103 	INFO 	Mouse: using default window
467.5695 	DATA 	Keypress: j
469.2191 	DATA 	Keypress: k
469.7359 	DATA 	Keypress: n
469.8760 	EXP 	New trial (rep=1, index=7): {'leftStreamFlip': False, 'oneTarget': False, 'trialInstructionPos': (0, -1), 'probe': 'both', 'rightStreamFlip': False, 'horizVert': False, 'ISIframes': 2, 'rightResponseFirst': True}
469.9018 	INFO 	numtrials=360 and this trialDurFrames=4 or 66.6666666667 ms  task=T1
471.0696 	EXP 	window1: recordFrameIntervals = False
471.0773 	INFO 	Mouse: using default window
472.6856 	DATA 	Keypress: g
474.1690 	DATA 	Keypress: z
476.2862 	DATA 	Keypress: i
476.4244 	EXP 	New trial (rep=1, index=8): {'leftStreamFlip': False, 'oneTarget': False, 'trialInstructionPos': (0, 1), 'probe': 'both', 'rightStreamFlip': False, 'horizVert': False, 'ISIframes': 2, 'rightResponseFirst': False}
476.4518 	INFO 	numtrials=360 and this trialDurFrames=3 or 50.0 ms  task=T1
477.4522 	EXP 	window1: recordFrameIntervals = False
477.4603 	INFO 	Mouse: using default window
479.5529 	DATA 	Keypress: n
480.2692 	DATA 	Keypress: c
481.0359 	DATA 	Keypress: z
481.1763 	EXP 	New trial (rep=1, index=9): {'leftStreamFlip': False, 'oneTarget': False, 'trialInstructionPos': (0, 1), 'probe': 'both', 'rightStreamFlip': False, 'horizVert': False, 'ISIframes': 2, 'rightResponseFirst': True}
481.2022 	INFO 	numtrials=360 and this trialDurFrames=3 or 50.0 ms  task=T1
482.2855 	EXP 	window1: recordFrameIntervals = False
482.2938 	INFO 	Mouse: using default window
483.9525 	DATA 	Keypress: g
484.7024 	DATA 	Keypress: e
485.0358 	DATA 	Keypress: n
485.1780 	EXP 	New trial (rep=1, index=10): {'leftStreamFlip': False, 'oneTarget': False, 'trialInstructionPos': (0, -1), 'probe': 'both', 'rightStreamFlip': False, 'horizVert': False, 'ISIframes': 2, 'rightResponseFirst': False}
485.2017 	INFO 	numtrials=360 and this trialDurFrames=3 or 50.0 ms  task=T1
486.3355 	EXP 	window1: recordFrameIntervals = False
486.3436 	INFO 	Mouse: using default window
491.1029 	DATA 	Keypress: y
492.2695 	DATA 	Keypress: g
492.8861 	DATA 	Keypress: u
493.0292 	EXP 	New trial (rep=1, index=11): {'leftStreamFlip': False, 'oneTarget': False, 'trialInstructionPos': (0, 1), 'probe': 'both', 'rightStreamFlip': False, 'horizVert': False, 'ISIframes': 2, 'rightResponseFirst': False}
493.0517 	INFO 	numtrials=360 and this trialDurFrames=3 or 50.0 ms  task=T1
494.0189 	EXP 	window1: recordFrameIntervals = False
494.0270 	INFO 	Mouse: using default window
499.9032 	DATA 	Keypress: y
501.3359 	DATA 	Keypress: g
501.7358 	DATA 	Keypress: y
501.8761 	EXP 	New trial (rep=2, index=0): {'leftStreamFlip': False, 'oneTarget': False, 'trialInstructionPos': (0, -1), 'probe': 'both', 'rightStreamFlip': False, 'horizVert': False, 'ISIframes': 2, 'rightResponseFirst': True}
501.9023 	INFO 	numtrials=360 and this trialDurFrames=3 or 50.0 ms  task=T1
502.9356 	EXP 	window1: recordFrameIntervals = False
502.9435 	INFO 	Mouse: using default window
505.5201 	DATA 	Keypress: g
505.9858 	DATA 	Keypress: f
506.5873 	DATA 	Keypress: c
506.7423 	EXP 	New trial (rep=2, index=1): {'leftStreamFlip': False, 'oneTarget': False, 'trialInstructionPos': (0, 1), 'probe': 'both', 'rightStreamFlip': False, 'horizVert': False, 'ISIframes': 2, 'rightResponseFirst': True}
506.7688 	INFO 	numtrials=360 and this trialDurFrames=3 or 50.0 ms  task=T1
507.7362 	EXP 	window1: recordFrameIntervals = False
507.7451 	INFO 	Mouse: using default window
509.7526 	DATA 	Keypress: f
511.6357 	DATA 	Keypress: g
512.2531 	DATA 	Keypress: c
512.3919 	EXP 	New trial (rep=2, index=2): {'leftStreamFlip': False, 'oneTarget': False, 'trialInstructionPos': (0, -1), 'probe': 'both', 'rightStreamFlip': False, 'horizVert': False, 'ISIframes': 2, 'rightResponseFirst': True}
512.4195 	INFO 	numtrials=360 and this trialDurFrames=3 or 50.0 ms  task=T1
513.4861 	EXP 	window1: recordFrameIntervals = False
513.4943 	INFO 	Mouse: using default window
519.1191 	DATA 	Keypress: u
520.8363 	DATA 	Keypress: g
521.3691 	DATA 	Keypress: h
521.5097 	EXP 	New trial (rep=2, index=3): {'leftStreamFlip': False, 'oneTarget': False, 'trialInstructionPos': (0, -1), 'probe': 'both', 'rightStreamFlip': False, 'horizVert': False, 'ISIframes': 2, 'rightResponseFirst': False}
521.5351 	INFO 	numtrials=360 and this trialDurFrames=4 or 66.6666666667 ms  task=T1
522.6355 	EXP 	window1: recordFrameIntervals = False
522.6436 	INFO 	Mouse: using default window
524.7024 	DATA 	Keypress: a
526.2035 	DATA 	Keypress: t
526.9858 	DATA 	Keypress: k
527.1273 	EXP 	New trial (rep=2, index=4): {'leftStreamFlip': False, 'oneTarget': False, 'trialInstructionPos': (0, 1), 'probe': 'both', 'rightStreamFlip': False, 'horizVert': False, 'ISIframes': 2, 'rightResponseFirst': False}
527.1518 	INFO 	numtrials=360 and this trialDurFrames=4 or 66.6666666667 ms  task=T1
528.2856 	EXP 	window1: recordFrameIntervals = False
528.2938 	INFO 	Mouse: using default window
530.4358 	DATA 	Keypress: s
530.8190 	DATA 	Keypress: u
531.7199 	DATA 	Keypress: k
531.8599 	EXP 	New trial (rep=2, index=5): {'leftStreamFlip': False, 'oneTarget': False, 'trialInstructionPos': (0, 1), 'probe': 'both', 'rightStreamFlip': False, 'horizVert': False, 'ISIframes': 2, 'rightResponseFirst': False}
531.8855 	INFO 	numtrials=360 and this trialDurFrames=4 or 66.6666666667 ms  task=T1
532.9855 	EXP 	window1: recordFrameIntervals = False
532.9940 	INFO 	Mouse: using default window
534.6525 	DATA 	Keypress: k
536.0191 	DATA 	Keypress: s
536.3191 	DATA 	Keypress: j
536.4598 	EXP 	New trial (rep=2, index=6): {'leftStreamFlip': False, 'oneTarget': False, 'trialInstructionPos': (0, -1), 'probe': 'both', 'rightStreamFlip': False, 'horizVert': False, 'ISIframes': 2, 'rightResponseFirst': True}
536.4852 	INFO 	numtrials=360 and this trialDurFrames=4 or 66.6666666667 ms  task=T1
537.6190 	EXP 	window1: recordFrameIntervals = False
537.6273 	INFO 	Mouse: using default window
538.9858 	DATA 	Keypress: a
539.3524 	DATA 	Keypress: c
540.3025 	DATA 	Keypress: u
540.4415 	EXP 	New trial (rep=2, index=7): {'leftStreamFlip': False, 'oneTarget': False, 'trialInstructionPos': (0, 1), 'probe': 'both', 'rightStreamFlip': False, 'horizVert': False, 'ISIframes': 2, 'rightResponseFirst': True}
540.4686 	INFO 	numtrials=360 and this trialDurFrames=4 or 66.6666666667 ms  task=T1
541.6190 	EXP 	window1: recordFrameIntervals = False
541.6271 	INFO 	Mouse: using default window
543.2192 	DATA 	Keypress: t
544.1357 	DATA 	Keypress: f
544.5025 	DATA 	Keypress: s
544.6432 	EXP 	New trial (rep=2, index=8): {'leftStreamFlip': False, 'oneTarget': False, 'trialInstructionPos': (0, 1), 'probe': 'both', 'rightStreamFlip': False, 'horizVert': False, 'ISIframes': 2, 'rightResponseFirst': False}
544.6686 	INFO 	numtrials=360 and this trialDurFrames=4 or 66.6666666667 ms  task=T1
545.7190 	EXP 	window1: recordFrameIntervals = False
545.7274 	INFO 	Mouse: using default window
547.8527 	DATA 	Keypress: k
548.6192 	DATA 	Keypress: s
549.0195 	DATA 	Keypress: m
549.1597 	EXP 	New trial (rep=2, index=9): {'leftStreamFlip': False, 'oneTarget': False, 'trialInstructionPos': (0, 1), 'probe': 'both', 'rightStreamFlip': False, 'horizVert': False, 'ISIframes': 2, 'rightResponseFirst': True}
549.1856 	INFO 	numtrials=360 and this trialDurFrames=4 or 66.6666666667 ms  task=T1
550.2861 	EXP 	window1: recordFrameIntervals = False
550.2940 	INFO 	Mouse: using default window
552.1026 	DATA 	Keypress: g
552.6526 	DATA 	Keypress: k
553.6525 	DATA 	Keypress: j
553.7940 	EXP 	New trial (rep=2, index=10): {'leftStreamFlip': False, 'oneTarget': False, 'trialInstructionPos': (0, -1), 'probe': 'both', 'rightStreamFlip': False, 'horizVert': False, 'ISIframes': 2, 'rightResponseFirst': False}
553.8185 	INFO 	numtrials=360 and this trialDurFrames=4 or 66.6666666667 ms  task=T1
554.8523 	EXP 	window1: recordFrameIntervals = False
554.8606 	INFO 	Mouse: using default window
556.5526 	DATA 	Keypress: z
558.5692 	DATA 	Keypress: u
558.9691 	DATA 	Keypress: u
559.1097 	EXP 	New trial (rep=2, index=11): {'leftStreamFlip': False, 'oneTarget': False, 'trialInstructionPos': (0, -1), 'probe': 'both', 'rightStreamFlip': False, 'horizVert': False, 'ISIframes': 2, 'rightResponseFirst': False}
559.1354 	INFO 	numtrials=360 and this trialDurFrames=4 or 66.6666666667 ms  task=T1
560.1693 	EXP 	window1: recordFrameIntervals = False
560.1772 	INFO 	Mouse: using default window
561.4858 	DATA 	Keypress: r
563.8693 	DATA 	Keypress: k
564.2368 	DATA 	Keypress: a
564.3763 	EXP 	New trial (rep=3, index=0): {'leftStreamFlip': False, 'oneTarget': False, 'trialInstructionPos': (0, -1), 'probe': 'both', 'rightStreamFlip': False, 'horizVert': False, 'ISIframes': 2, 'rightResponseFirst': False}
564.4018 	INFO 	numtrials=360 and this trialDurFrames=4 or 66.6666666667 ms  task=T1
565.5689 	EXP 	window1: recordFrameIntervals = False
565.5774 	INFO 	Mouse: using default window
567.0194 	DATA 	Keypress: a
567.9858 	DATA 	Keypress: r
568.5859 	DATA 	Keypress: z
568.7270 	EXP 	New trial (rep=3, index=1): {'leftStreamFlip': False, 'oneTarget': False, 'trialInstructionPos': (0, -1), 'probe': 'both', 'rightStreamFlip': False, 'horizVert': False, 'ISIframes': 2, 'rightResponseFirst': False}
568.7519 	INFO 	numtrials=360 and this trialDurFrames=3 or 50.0 ms  task=T1
569.7193 	EXP 	window1: recordFrameIntervals = False
569.7273 	INFO 	Mouse: using default window
572.0025 	DATA 	Keypress: h
573.3692 	DATA 	Keypress: j
573.6358 	DATA 	Keypress: s
573.7761 	EXP 	New trial (rep=3, index=2): {'leftStreamFlip': False, 'oneTarget': False, 'trialInstructionPos': (0, 1), 'probe': 'both', 'rightStreamFlip': False, 'horizVert': False, 'ISIframes': 2, 'rightResponseFirst': False}
573.8022 	INFO 	numtrials=360 and this trialDurFrames=4 or 66.6666666667 ms  task=T1
574.8189 	EXP 	window1: recordFrameIntervals = False
574.8270 	INFO 	Mouse: using default window
577.3531 	DATA 	Keypress: r
577.7025 	DATA 	Keypress: k
578.7025 	DATA 	Keypress: k
578.8446 	EXP 	New trial (rep=3, index=3): {'leftStreamFlip': False, 'oneTarget': False, 'trialInstructionPos': (0, 1), 'probe': 'both', 'rightStreamFlip': False, 'horizVert': False, 'ISIframes': 2, 'rightResponseFirst': True}
578.8687 	INFO 	numtrials=360 and this trialDurFrames=4 or 66.6666666667 ms  task=T1
580.0358 	EXP 	window1: recordFrameIntervals = False
580.0439 	INFO 	Mouse: using default window
581.8692 	DATA 	Keypress: t
582.7192 	DATA 	Keypress: c
583.1025 	DATA 	Keypress: r
583.2447 	EXP 	New trial (rep=3, index=4): {'leftStreamFlip': False, 'oneTarget': False, 'trialInstructionPos': (0, -1), 'probe': 'both', 'rightStreamFlip': False, 'horizVert': False, 'ISIframes': 2, 'rightResponseFirst': True}
583.2686 	INFO 	numtrials=360 and this trialDurFrames=4 or 66.6666666667 ms  task=T1
584.2523 	EXP 	window1: recordFrameIntervals = False
584.2605 	INFO 	Mouse: using default window
585.9527 	DATA 	Keypress: g
587.2692 	DATA 	Keypress: s
587.6025 	DATA 	Keypress: n
587.7432 	EXP 	New trial (rep=3, index=5): {'leftStreamFlip': False, 'oneTarget': False, 'trialInstructionPos': (0, -1), 'probe': 'both', 'rightStreamFlip': False, 'horizVert': False, 'ISIframes': 2, 'rightResponseFirst': False}
587.7687 	INFO 	numtrials=360 and this trialDurFrames=4 or 66.6666666667 ms  task=T1
588.8024 	EXP 	window1: recordFrameIntervals = False
588.8104 	INFO 	Mouse: using default window
590.1692 	DATA 	Keypress: a
591.2524 	DATA 	Keypress: h
591.4863 	DATA 	Keypress: y
591.6302 	EXP 	New trial (rep=3, index=6): {'leftStreamFlip': False, 'oneTarget': False, 'trialInstructionPos': (0, 1), 'probe': 'both', 'rightStreamFlip': False, 'horizVert': False, 'ISIframes': 2, 'rightResponseFirst': True}
591.6518 	INFO 	numtrials=360 and this trialDurFrames=4 or 66.6666666667 ms  task=T1
592.8690 	EXP 	window1: recordFrameIntervals = False
592.8770 	INFO 	Mouse: using default window
594.2027 	DATA 	Keypress: r
594.5025 	DATA 	Keypress: r
594.9358 	DATA 	Keypress: a
595.0760 	EXP 	New trial (rep=3, index=7): {'leftStreamFlip': False, 'oneTarget': False, 'trialInstructionPos': (0, -1), 'probe': 'both', 'rightStreamFlip': False, 'horizVert': False, 'ISIframes': 2, 'rightResponseFirst': True}
595.1020 	INFO 	numtrials=360 and this trialDurFrames=3 or 50.0 ms  task=T1
596.2023 	EXP 	window1: recordFrameIntervals = False
596.2106 	INFO 	Mouse: using default window
598.1525 	DATA 	Keypress: k
598.5207 	DATA 	Keypress: g
599.1199 	DATA 	Keypress: h
599.2593 	EXP 	New trial (rep=3, index=8): {'leftStreamFlip': False, 'oneTarget': False, 'trialInstructionPos': (0, 1), 'probe': 'both', 'rightStreamFlip': False, 'horizVert': False, 'ISIframes': 2, 'rightResponseFirst': False}
599.2851 	INFO 	numtrials=360 and this trialDurFrames=3 or 50.0 ms  task=T1
600.4190 	EXP 	window1: recordFrameIntervals = False
600.4273 	INFO 	Mouse: using default window
602.1712 	DATA 	Keypress: m
603.7866 	DATA 	Keypress: a
604.7358 	DATA 	Keypress: r
604.8764 	EXP 	New trial (rep=3, index=9): {'leftStreamFlip': False, 'oneTarget': False, 'trialInstructionPos': (0, 1), 'probe': 'both', 'rightStreamFlip': False, 'horizVert': False, 'ISIframes': 2, 'rightResponseFirst': True}
604.9020 	INFO 	numtrials=360 and this trialDurFrames=3 or 50.0 ms  task=T1
606.0690 	EXP 	window1: recordFrameIntervals = False
606.0771 	INFO 	Mouse: using default window
607.4860 	DATA 	Keypress: m
608.7192 	DATA 	Keypress: a
608.9525 	DATA 	Keypress: y
609.0928 	EXP 	New trial (rep=3, index=10): {'leftStreamFlip': False, 'oneTarget': False, 'trialInstructionPos': (0, -1), 'probe': 'both', 'rightStreamFlip': False, 'horizVert': False, 'ISIframes': 2, 'rightResponseFirst': True}
609.1189 	INFO 	numtrials=360 and this trialDurFrames=4 or 66.6666666667 ms  task=T1
610.1691 	EXP 	window1: recordFrameIntervals = False
610.1770 	INFO 	Mouse: using default window
611.9525 	DATA 	Keypress: f
612.5692 	DATA 	Keypress: m
613.1525 	DATA 	Keypress: h
613.2928 	EXP 	New trial (rep=3, index=11): {'leftStreamFlip': False, 'oneTarget': False, 'trialInstructionPos': (0, 1), 'probe': 'both', 'rightStreamFlip': False, 'horizVert': False, 'ISIframes': 2, 'rightResponseFirst': False}
613.3188 	INFO 	numtrials=360 and this trialDurFrames=4 or 66.6666666667 ms  task=T1
614.4690 	EXP 	window1: recordFrameIntervals = False
614.4771 	INFO 	Mouse: using default window
616.1859 	DATA 	Keypress: g
617.4531 	DATA 	Keypress: k
618.0860 	DATA 	Keypress: g
618.2267 	EXP 	New trial (rep=4, index=0): {'leftStreamFlip': False, 'oneTarget': False, 'trialInstructionPos': (0, -1), 'probe': 'both', 'rightStreamFlip': False, 'horizVert': False, 'ISIframes': 2, 'rightResponseFirst': True}
618.2519 	INFO 	numtrials=360 and this trialDurFrames=3 or 50.0 ms  task=T1
619.2690 	EXP 	window1: recordFrameIntervals = False
619.2768 	INFO 	Mouse: using default window
626.2858 	DATA 	Keypress: z
627.9193 	DATA 	Keypress: k
628.6194 	DATA 	Keypress: c
628.7774 	EXP 	New trial (rep=4, index=1): {'leftStreamFlip': False, 'oneTarget': False, 'trialInstructionPos': (0, -1), 'probe': 'both', 'rightStreamFlip': False, 'horizVert': False, 'ISIframes': 2, 'rightResponseFirst': False}
628.8025 	INFO 	numtrials=360 and this trialDurFrames=4 or 66.6666666667 ms  task=T1
629.8523 	EXP 	window1: recordFrameIntervals = False
629.8608 	INFO 	Mouse: using default window
631.5193 	DATA 	Keypress: u
632.5531 	DATA 	Keypress: t
632.9724 	DATA 	Keypress: y
633.1255 	EXP 	New trial (rep=4, index=2): {'leftStreamFlip': False, 'oneTarget': False, 'trialInstructionPos': (0, 1), 'probe': 'both', 'rightStreamFlip': False, 'horizVert': False, 'ISIframes': 2, 'rightResponseFirst': True}
633.1531 	INFO 	numtrials=360 and this trialDurFrames=4 or 66.6666666667 ms  task=T1
634.3523 	EXP 	window1: recordFrameIntervals = False
634.3605 	INFO 	Mouse: using default window
635.8692 	DATA 	Keypress: s
636.8361 	DATA 	Keypress: e
637.2693 	DATA 	Keypress: k
637.4110 	EXP 	New trial (rep=4, index=3): {'leftStreamFlip': False, 'oneTarget': False, 'trialInstructionPos': (0, 1), 'probe': 'both', 'rightStreamFlip': False, 'horizVert': False, 'ISIframes': 2, 'rightResponseFirst': False}
637.4352 	INFO 	numtrials=360 and this trialDurFrames=3 or 50.0 ms  task=T1
638.4857 	EXP 	window1: recordFrameIntervals = False
638.4943 	INFO 	Mouse: using default window
639.9527 	DATA 	Keypress: s
642.6693 	DATA 	Keypress: e
643.6359 	DATA 	Keypress: k
643.7762 	EXP 	New trial (rep=4, index=4): {'leftStreamFlip': False, 'oneTarget': False, 'trialInstructionPos': (0, 1), 'probe': 'both', 'rightStreamFlip': False, 'horizVert': False, 'ISIframes': 2, 'rightResponseFirst': False}
643.8020 	INFO 	numtrials=360 and this trialDurFrames=4 or 66.6666666667 ms  task=T1
645.0193 	EXP 	window1: recordFrameIntervals = False
645.0273 	INFO 	Mouse: using default window
646.7526 	DATA 	Keypress: n
651.4030 	DATA 	Keypress: n
651.9694 	DATA 	Keypress: k
652.1082 	EXP 	New trial (rep=4, index=5): {'leftStreamFlip': False, 'oneTarget': False, 'trialInstructionPos': (0, 1), 'probe': 'both', 'rightStreamFlip': False, 'horizVert': False, 'ISIframes': 2, 'rightResponseFirst': True}
652.1189 	INFO 	numtrials=360 and this trialDurFrames=4 or 66.6666666667 ms  task=T1
653.3027 	EXP 	window1: recordFrameIntervals = False
653.3108 	INFO 	Mouse: using default window
654.6860 	DATA 	Keypress: a
655.0861 	DATA 	Keypress: c
655.5195 	DATA 	Keypress: f
655.6572 	EXP 	New trial (rep=4, index=6): {'leftStreamFlip': False, 'oneTarget': False, 'trialInstructionPos': (0, 1), 'probe': 'both', 'rightStreamFlip': False, 'horizVert': False, 'ISIframes': 2, 'rightResponseFirst': True}
655.6679 	INFO 	numtrials=360 and this trialDurFrames=3 or 50.0 ms  task=T1
656.8692 	EXP 	window1: recordFrameIntervals = False
656.8770 	INFO 	Mouse: using default window
658.3029 	DATA 	Keypress: t
659.6026 	DATA 	Keypress: m
659.8198 	DATA 	Keypress: n
659.9579 	EXP 	New trial (rep=4, index=7): {'leftStreamFlip': False, 'oneTarget': False, 'trialInstructionPos': (0, -1), 'probe': 'both', 'rightStreamFlip': False, 'horizVert': False, 'ISIframes': 2, 'rightResponseFirst': False}
659.9851 	INFO 	numtrials=360 and this trialDurFrames=3 or 50.0 ms  task=T1
661.0197 	EXP 	window1: recordFrameIntervals = False
661.0272 	INFO 	Mouse: using default window
668.1027 	DATA 	Keypress: j
669.9693 	DATA 	Keypress: m
670.4192 	DATA 	Keypress: k
670.5600 	EXP 	New trial (rep=4, index=8): {'leftStreamFlip': False, 'oneTarget': False, 'trialInstructionPos': (0, -1), 'probe': 'both', 'rightStreamFlip': False, 'horizVert': False, 'ISIframes': 2, 'rightResponseFirst': True}
670.5853 	INFO 	numtrials=360 and this trialDurFrames=4 or 66.6666666667 ms  task=T1
671.5690 	EXP 	window1: recordFrameIntervals = False
671.5771 	INFO 	Mouse: using default window
672.9870 	DATA 	Keypress: a
673.7875 	DATA 	Keypress: a
674.2360 	DATA 	Keypress: c
674.3759 	EXP 	New trial (rep=4, index=9): {'leftStreamFlip': False, 'oneTarget': False, 'trialInstructionPos': (0, -1), 'probe': 'both', 'rightStreamFlip': False, 'horizVert': False, 'ISIframes': 2, 'rightResponseFirst': False}
674.4018 	INFO 	numtrials=360 and this trialDurFrames=4 or 66.6666666667 ms  task=T1
675.5697 	EXP 	window1: recordFrameIntervals = False
675.5779 	INFO 	Mouse: using default window
677.1526 	DATA 	Keypress: e
677.4193 	DATA 	Keypress: m
678.2692 	DATA 	Keypress: g
678.4108 	EXP 	New trial (rep=4, index=10): {'leftStreamFlip': False, 'oneTarget': False, 'trialInstructionPos': (0, -1), 'probe': 'both', 'rightStreamFlip': False, 'horizVert': False, 'ISIframes': 2, 'rightResponseFirst': True}
678.4353 	INFO 	numtrials=360 and this trialDurFrames=3 or 50.0 ms  task=T1
679.4190 	EXP 	window1: recordFrameIntervals = False
679.4270 	INFO 	Mouse: using default window
681.6859 	DATA 	Keypress: x
682.6196 	DATA 	Keypress: g
682.9532 	DATA 	Keypress: e
683.0934 	EXP 	New trial (rep=4, index=11): {'leftStreamFlip': False, 'oneTarget': False, 'trialInstructionPos': (0, 1), 'probe': 'both', 'rightStreamFlip': False, 'horizVert': False, 'ISIframes': 2, 'rightResponseFirst': False}
683.1183 	INFO 	numtrials=360 and this trialDurFrames=4 or 66.6666666667 ms  task=T1
684.1191 	EXP 	window1: recordFrameIntervals = False
684.1274 	INFO 	Mouse: using default window
685.4361 	DATA 	Keypress: s
688.2035 	DATA 	Keypress: e
688.8359 	DATA 	Keypress: k
688.9759 	EXP 	New trial (rep=5, index=0): {'leftStreamFlip': False, 'oneTarget': False, 'trialInstructionPos': (0, 1), 'probe': 'both', 'rightStreamFlip': False, 'horizVert': False, 'ISIframes': 2, 'rightResponseFirst': False}
689.0022 	INFO 	numtrials=360 and this trialDurFrames=4 or 66.6666666667 ms  task=T1
690.1691 	EXP 	window1: recordFrameIntervals = False
690.1774 	INFO 	Mouse: using default window
692.1526 	DATA 	Keypress: s
693.0194 	DATA 	Keypress: r
693.4194 	DATA 	Keypress: j
693.5604 	EXP 	New trial (rep=5, index=1): {'leftStreamFlip': False, 'oneTarget': False, 'trialInstructionPos': (0, 1), 'probe': 'both', 'rightStreamFlip': False, 'horizVert': False, 'ISIframes': 2, 'rightResponseFirst': False}
693.5854 	INFO 	numtrials=360 and this trialDurFrames=3 or 50.0 ms  task=T1
694.6857 	EXP 	window1: recordFrameIntervals = False
694.6939 	INFO 	Mouse: using default window
697.3526 	DATA 	Keypress: n
698.6035 	DATA 	Keypress: r
699.0859 	DATA 	Keypress: e
699.2258 	EXP 	New trial (rep=5, index=2): {'leftStreamFlip': False, 'oneTarget': False, 'trialInstructionPos': (0, -1), 'probe': 'both', 'rightStreamFlip': False, 'horizVert': False, 'ISIframes': 2, 'rightResponseFirst': False}
699.2523 	INFO 	numtrials=360 and this trialDurFrames=3 or 50.0 ms  task=T1
700.3024 	EXP 	window1: recordFrameIntervals = False
700.3105 	INFO 	Mouse: using default window
702.1859 	DATA 	Keypress: r
703.0859 	DATA 	Keypress: m
703.8527 	DATA 	Keypress: e
703.9933 	EXP 	New trial (rep=5, index=3): {'leftStreamFlip': False, 'oneTarget': False, 'trialInstructionPos': (0, -1), 'probe': 'both', 'rightStreamFlip': False, 'horizVert': False, 'ISIframes': 2, 'rightResponseFirst': False}
704.0187 	INFO 	numtrials=360 and this trialDurFrames=4 or 66.6666666667 ms  task=T1
705.0028 	EXP 	window1: recordFrameIntervals = False
705.0105 	INFO 	Mouse: using default window
711.0693 	DATA 	Keypress: j
711.7870 	DATA 	Keypress: r
712.4026 	DATA 	Keypress: k
712.5415 	EXP 	New trial (rep=5, index=4): {'leftStreamFlip': False, 'oneTarget': False, 'trialInstructionPos': (0, 1), 'probe': 'both', 'rightStreamFlip': False, 'horizVert': False, 'ISIframes': 2, 'rightResponseFirst': True}
712.5688 	INFO 	numtrials=360 and this trialDurFrames=4 or 66.6666666667 ms  task=T1
713.7863 	EXP 	window1: recordFrameIntervals = False
713.7943 	INFO 	Mouse: using default window
715.2361 	DATA 	Keypress: g
716.1193 	DATA 	Keypress: m
716.7694 	DATA 	Keypress: a
716.9077 	EXP 	New trial (rep=5, index=5): {'leftStreamFlip': False, 'oneTarget': False, 'trialInstructionPos': (0, 1), 'probe': 'both', 'rightStreamFlip': False, 'horizVert': False, 'ISIframes': 2, 'rightResponseFirst': True}
716.9197 	INFO 	numtrials=360 and this trialDurFrames=4 or 66.6666666667 ms  task=T1
718.0358 	EXP 	window1: recordFrameIntervals = False
718.0445 	INFO 	Mouse: using default window
719.8196 	DATA 	Keypress: h
720.6034 	DATA 	Keypress: u
721.3200 	DATA 	Keypress: m
721.4557 	EXP 	New trial (rep=5, index=6): {'leftStreamFlip': False, 'oneTarget': False, 'trialInstructionPos': (0, -1), 'probe': 'both', 'rightStreamFlip': False, 'horizVert': False, 'ISIframes': 2, 'rightResponseFirst': True}
721.4680 	INFO 	numtrials=360 and this trialDurFrames=4 or 66.6666666667 ms  task=T1
722.4525 	EXP 	window1: recordFrameIntervals = False
722.4620 	INFO 	Mouse: using default window
724.4526 	DATA 	Keypress: z
724.9694 	DATA 	Keypress: r
725.9858 	DATA 	Keypress: n
726.1231 	EXP 	New trial (rep=5, index=7): {'leftStreamFlip': False, 'oneTarget': False, 'trialInstructionPos': (0, -1), 'probe': 'both', 'rightStreamFlip': False, 'horizVert': False, 'ISIframes': 2, 'rightResponseFirst': True}
726.1359 	INFO 	numtrials=360 and this trialDurFrames=4 or 66.6666666667 ms  task=T1
727.2692 	EXP 	window1: recordFrameIntervals = False
727.2770 	INFO 	Mouse: using default window
728.8359 	DATA 	Keypress: y
729.4527 	DATA 	Keypress: e
730.0026 	DATA 	Keypress: m
730.1418 	EXP 	New trial (rep=5, index=8): {'leftStreamFlip': False, 'oneTarget': False, 'trialInstructionPos': (0, 1), 'probe': 'both', 'rightStreamFlip': False, 'horizVert': False, 'ISIframes': 2, 'rightResponseFirst': True}
730.1521 	INFO 	numtrials=360 and this trialDurFrames=3 or 50.0 ms  task=T1
731.2525 	EXP 	window1: recordFrameIntervals = False
731.2602 	INFO 	Mouse: using default window
733.0362 	DATA 	Keypress: j
733.8693 	DATA 	Keypress: e
734.9861 	DATA 	Keypress: u
735.1255 	EXP 	New trial (rep=5, index=9): {'leftStreamFlip': False, 'oneTarget': False, 'trialInstructionPos': (0, -1), 'probe': 'both', 'rightStreamFlip': False, 'horizVert': False, 'ISIframes': 2, 'rightResponseFirst': True}
735.1525 	INFO 	numtrials=360 and this trialDurFrames=3 or 50.0 ms  task=T1
736.3361 	EXP 	window1: recordFrameIntervals = False
736.3432 	INFO 	Mouse: using default window
738.3694 	DATA 	Keypress: h
739.3882 	DATA 	Keypress: f
740.5360 	DATA 	Keypress: e
740.6720 	EXP 	New trial (rep=5, index=10): {'leftStreamFlip': False, 'oneTarget': False, 'trialInstructionPos': (0, 1), 'probe': 'both', 'rightStreamFlip': False, 'horizVert': False, 'ISIframes': 2, 'rightResponseFirst': False}
740.6848 	INFO 	numtrials=360 and this trialDurFrames=3 or 50.0 ms  task=T1
741.7695 	EXP 	window1: recordFrameIntervals = False
741.7775 	INFO 	Mouse: using default window
743.6029 	DATA 	Keypress: j
744.1875 	DATA 	Keypress: z
744.9871 	DATA 	Keypress: n
745.1416 	EXP 	New trial (rep=5, index=11): {'leftStreamFlip': False, 'oneTarget': False, 'trialInstructionPos': (0, -1), 'probe': 'both', 'rightStreamFlip': False, 'horizVert': False, 'ISIframes': 2, 'rightResponseFirst': False}
745.1684 	INFO 	numtrials=360 and this trialDurFrames=3 or 50.0 ms  task=T1
746.2191 	EXP 	window1: recordFrameIntervals = False
746.2276 	INFO 	Mouse: using default window
747.8195 	DATA 	Keypress: g
749.4198 	DATA 	Keypress: x
750.3366 	DATA 	Keypress: e
750.4742 	EXP 	New trial (rep=6, index=0): {'leftStreamFlip': False, 'oneTarget': False, 'trialInstructionPos': (0, -1), 'probe': 'both', 'rightStreamFlip': False, 'horizVert': False, 'ISIframes': 2, 'rightResponseFirst': False}
750.4849 	INFO 	numtrials=360 and this trialDurFrames=3 or 50.0 ms  task=T1
751.5524 	EXP 	window1: recordFrameIntervals = False
751.5615 	INFO 	Mouse: using default window
752.9865 	DATA 	Keypress: z
754.0194 	DATA 	Keypress: a
754.4360 	DATA 	Keypress: m
754.5724 	EXP 	New trial (rep=6, index=1): {'leftStreamFlip': False, 'oneTarget': False, 'trialInstructionPos': (0, -1), 'probe': 'both', 'rightStreamFlip': False, 'horizVert': False, 'ISIframes': 2, 'rightResponseFirst': False}
754.5848 	INFO 	numtrials=360 and this trialDurFrames=3 or 50.0 ms  task=T1
755.5857 	EXP 	window1: recordFrameIntervals = False
755.5938 	INFO 	Mouse: using default window
757.3195 	DATA 	Keypress: a
758.7028 	DATA 	Keypress: c
759.1028 	DATA 	Keypress: y
759.2455 	EXP 	New trial (rep=6, index=2): {'leftStreamFlip': False, 'oneTarget': False, 'trialInstructionPos': (0, -1), 'probe': 'both', 'rightStreamFlip': False, 'horizVert': False, 'ISIframes': 2, 'rightResponseFirst': True}
759.2686 	INFO 	numtrials=360 and this trialDurFrames=4 or 66.6666666667 ms  task=T1
760.3862 	EXP 	window1: recordFrameIntervals = False
760.3949 	INFO 	Mouse: using default window
761.9194 	DATA 	Keypress: t
762.6363 	DATA 	Keypress: g
763.4028 	DATA 	Keypress: u
763.5421 	EXP 	New trial (rep=6, index=3): {'leftStreamFlip': False, 'oneTarget': False, 'trialInstructionPos': (0, 1), 'probe': 'both', 'rightStreamFlip': False, 'horizVert': False, 'ISIframes': 2, 'rightResponseFirst': False}
763.5699 	INFO 	numtrials=360 and this trialDurFrames=4 or 66.6666666667 ms  task=T1
764.7858 	EXP 	window1: recordFrameIntervals = False
764.7940 	INFO 	Mouse: using default window
789.7694 	DATA 	Keypress: k
790.1876 	DATA 	Keypress: j
790.6694 	DATA 	Keypress: l
790.8093 	EXP 	New trial (rep=6, index=4): {'leftStreamFlip': False, 'oneTarget': False, 'trialInstructionPos': (0, 1), 'probe': 'both', 'rightStreamFlip': False, 'horizVert': False, 'ISIframes': 2, 'rightResponseFirst': False}
790.8352 	INFO 	numtrials=360 and this trialDurFrames=4 or 66.6666666667 ms  task=T1
792.0525 	EXP 	window1: recordFrameIntervals = False
792.0623 	INFO 	Mouse: using default window
794.0027 	DATA 	Keypress: m
794.6028 	DATA 	Keypress: h
794.9870 	DATA 	Keypress: j
795.1431 	EXP 	New trial (rep=6, index=5): {'leftStreamFlip': False, 'oneTarget': False, 'trialInstructionPos': (0, -1), 'probe': 'both', 'rightStreamFlip': False, 'horizVert': False, 'ISIframes': 2, 'rightResponseFirst': False}
795.1690 	INFO 	numtrials=360 and this trialDurFrames=4 or 66.6666666667 ms  task=T1
796.3358 	EXP 	window1: recordFrameIntervals = False
796.3441 	INFO 	Mouse: using default window
798.8694 	DATA 	Keypress: m
799.9362 	DATA 	Keypress: t
800.4027 	DATA 	Keypress: z
800.5439 	EXP 	New trial (rep=6, index=6): {'leftStreamFlip': False, 'oneTarget': False, 'trialInstructionPos': (0, 1), 'probe': 'both', 'rightStreamFlip': False, 'horizVert': False, 'ISIframes': 2, 'rightResponseFirst': True}
800.5691 	INFO 	numtrials=360 and this trialDurFrames=4 or 66.6666666667 ms  task=T1
801.6025 	EXP 	window1: recordFrameIntervals = False
801.6106 	INFO 	Mouse: using default window
804.8360 	DATA 	Keypress: k
805.1032 	DATA 	Keypress: m
805.2694 	DATA 	Keypress: t
805.4085 	EXP 	New trial (rep=6, index=7): {'leftStreamFlip': False, 'oneTarget': False, 'trialInstructionPos': (0, 1), 'probe': 'both', 'rightStreamFlip': False, 'horizVert': False, 'ISIframes': 2, 'rightResponseFirst': True}
805.4353 	INFO 	numtrials=360 and this trialDurFrames=4 or 66.6666666667 ms  task=T1
806.4526 	EXP 	window1: recordFrameIntervals = False
806.4605 	INFO 	Mouse: using default window
808.9870 	DATA 	Keypress: s
810.0194 	DATA 	Keypress: m
810.4861 	DATA 	Keypress: k
810.6256 	EXP 	New trial (rep=6, index=8): {'leftStreamFlip': False, 'oneTarget': False, 'trialInstructionPos': (0, -1), 'probe': 'both', 'rightStreamFlip': False, 'horizVert': False, 'ISIframes': 2, 'rightResponseFirst': True}
810.6522 	INFO 	numtrials=360 and this trialDurFrames=4 or 66.6666666667 ms  task=T1
811.8692 	EXP 	window1: recordFrameIntervals = False
811.8773 	INFO 	Mouse: using default window
813.8034 	DATA 	Keypress: k
814.4360 	DATA 	Keypress: j
814.9694 	DATA 	Keypress: m
815.1107 	EXP 	New trial (rep=6, index=9): {'leftStreamFlip': False, 'oneTarget': False, 'trialInstructionPos': (0, 1), 'probe': 'both', 'rightStreamFlip': False, 'horizVert': False, 'ISIframes': 2, 'rightResponseFirst': False}
815.1354 	INFO 	numtrials=360 and this trialDurFrames=4 or 66.6666666667 ms  task=T1
816.2359 	EXP 	window1: recordFrameIntervals = False
816.2439 	INFO 	Mouse: using default window
817.5860 	DATA 	Keypress: z
818.2029 	DATA 	Keypress: m
818.5872 	DATA 	Keypress: s
818.7423 	EXP 	New trial (rep=6, index=10): {'leftStreamFlip': False, 'oneTarget': False, 'trialInstructionPos': (0, -1), 'probe': 'both', 'rightStreamFlip': False, 'horizVert': False, 'ISIframes': 2, 'rightResponseFirst': True}
818.7525 	INFO 	numtrials=360 and this trialDurFrames=4 or 66.6666666667 ms  task=T1
819.9525 	EXP 	window1: recordFrameIntervals = False
819.9608 	INFO 	Mouse: using default window
821.3362 	DATA 	Keypress: z
823.6694 	DATA 	Keypress: r
823.8860 	DATA 	Keypress: s
824.0251 	EXP 	New trial (rep=6, index=11): {'leftStreamFlip': False, 'oneTarget': False, 'trialInstructionPos': (0, 1), 'probe': 'both', 'rightStreamFlip': False, 'horizVert': False, 'ISIframes': 2, 'rightResponseFirst': True}
824.0522 	INFO 	numtrials=360 and this trialDurFrames=4 or 66.6666666667 ms  task=T1
825.1525 	EXP 	window1: recordFrameIntervals = False
825.1605 	INFO 	Mouse: using default window
826.9361 	DATA 	Keypress: h
827.4196 	DATA 	Keypress: g
827.8029 	DATA 	Keypress: a
827.9444 	EXP 	New trial (rep=7, index=0): {'leftStreamFlip': False, 'oneTarget': False, 'trialInstructionPos': (0, 1), 'probe': 'both', 'rightStreamFlip': False, 'horizVert': False, 'ISIframes': 2, 'rightResponseFirst': False}
827.9689 	INFO 	numtrials=360 and this trialDurFrames=4 or 66.6666666667 ms  task=T1
829.0692 	EXP 	window1: recordFrameIntervals = False
829.0774 	INFO 	Mouse: using default window
830.9862 	DATA 	Keypress: h
832.1361 	DATA 	Keypress: g
832.5529 	DATA 	Keypress: c
832.6931 	EXP 	New trial (rep=7, index=1): {'leftStreamFlip': False, 'oneTarget': False, 'trialInstructionPos': (0, -1), 'probe': 'both', 'rightStreamFlip': False, 'horizVert': False, 'ISIframes': 2, 'rightResponseFirst': True}
832.7190 	INFO 	numtrials=360 and this trialDurFrames=4 or 66.6666666667 ms  task=T1
833.8692 	EXP 	window1: recordFrameIntervals = False
833.8773 	INFO 	Mouse: using default window
835.3028 	DATA 	Keypress: m
836.1196 	DATA 	Keypress: u
836.5862 	DATA 	Keypress: z
836.7258 	EXP 	New trial (rep=7, index=2): {'leftStreamFlip': False, 'oneTarget': False, 'trialInstructionPos': (0, -1), 'probe': 'both', 'rightStreamFlip': False, 'horizVert': False, 'ISIframes': 2, 'rightResponseFirst': True}
836.7522 	INFO 	numtrials=360 and this trialDurFrames=4 or 66.6666666667 ms  task=T1
837.9025 	EXP 	window1: recordFrameIntervals = False
837.9106 	INFO 	Mouse: using default window
839.3872 	DATA 	Keypress: g
841.1527 	DATA 	Keypress: z
841.6697 	DATA 	Keypress: h
841.8087 	EXP 	New trial (rep=7, index=3): {'leftStreamFlip': False, 'oneTarget': False, 'trialInstructionPos': (0, 1), 'probe': 'both', 'rightStreamFlip': False, 'horizVert': False, 'ISIframes': 2, 'rightResponseFirst': True}
841.8366 	INFO 	numtrials=360 and this trialDurFrames=4 or 66.6666666667 ms  task=T1
842.9365 	EXP 	window1: recordFrameIntervals = False
842.9451 	INFO 	Mouse: using default window
864.6029 	DATA 	Keypress: h
865.7197 	DATA 	Keypress: u
865.9528 	DATA 	Keypress: y
866.0926 	EXP 	New trial (rep=7, index=4): {'leftStreamFlip': False, 'oneTarget': False, 'trialInstructionPos': (0, -1), 'probe': 'both', 'rightStreamFlip': False, 'horizVert': False, 'ISIframes': 2, 'rightResponseFirst': True}
866.1204 	INFO 	numtrials=360 and this trialDurFrames=4 or 66.6666666667 ms  task=T1
867.2193 	EXP 	window1: recordFrameIntervals = False
867.2275 	INFO 	Mouse: using default window
872.0362 	DATA 	Keypress: h
872.2862 	DATA 	Keypress: u
872.5363 	DATA 	Keypress: k
872.6767 	EXP 	New trial (rep=7, index=5): {'leftStreamFlip': False, 'oneTarget': False, 'trialInstructionPos': (0, 1), 'probe': 'both', 'rightStreamFlip': False, 'horizVert': False, 'ISIframes': 2, 'rightResponseFirst': True}
872.7024 	INFO 	numtrials=360 and this trialDurFrames=4 or 66.6666666667 ms  task=T1
873.9026 	EXP 	window1: recordFrameIntervals = False
873.9107 	INFO 	Mouse: using default window
875.8038 	DATA 	Keypress: m
876.2196 	DATA 	Keypress: j
876.5698 	DATA 	Keypress: h
876.7101 	EXP 	New trial (rep=7, index=6): {'leftStreamFlip': False, 'oneTarget': False, 'trialInstructionPos': (0, -1), 'probe': 'both', 'rightStreamFlip': False, 'horizVert': False, 'ISIframes': 2, 'rightResponseFirst': False}
876.7356 	INFO 	numtrials=360 and this trialDurFrames=4 or 66.6666666667 ms  task=T1
877.8361 	EXP 	window1: recordFrameIntervals = False
877.8444 	INFO 	Mouse: using default window
879.4030 	DATA 	Keypress: h
880.0694 	DATA 	Keypress: e
880.3028 	DATA 	Keypress: m
880.4431 	EXP 	New trial (rep=7, index=7): {'leftStreamFlip': False, 'oneTarget': False, 'trialInstructionPos': (0, 1), 'probe': 'both', 'rightStreamFlip': False, 'horizVert': False, 'ISIframes': 2, 'rightResponseFirst': False}
880.4693 	INFO 	numtrials=360 and this trialDurFrames=4 or 66.6666666667 ms  task=T1
881.5360 	EXP 	window1: recordFrameIntervals = False
881.5441 	INFO 	Mouse: using default window
884.6863 	DATA 	Keypress: t
884.9529 	DATA 	Keypress: u
885.9861 	DATA 	Keypress: m
886.1282 	EXP 	New trial (rep=7, index=8): {'leftStreamFlip': False, 'oneTarget': False, 'trialInstructionPos': (0, 1), 'probe': 'both', 'rightStreamFlip': False, 'horizVert': False, 'ISIframes': 2, 'rightResponseFirst': True}
886.1523 	INFO 	numtrials=360 and this trialDurFrames=4 or 66.6666666667 ms  task=T1
887.3532 	EXP 	window1: recordFrameIntervals = False
887.3610 	INFO 	Mouse: using default window
889.7029 	DATA 	Keypress: j
890.6696 	DATA 	Keypress: z
890.9861 	DATA 	Keypress: m
891.1265 	EXP 	New trial (rep=7, index=9): {'leftStreamFlip': False, 'oneTarget': False, 'trialInstructionPos': (0, -1), 'probe': 'both', 'rightStreamFlip': False, 'horizVert': False, 'ISIframes': 2, 'rightResponseFirst': False}
891.1520 	INFO 	numtrials=360 and this trialDurFrames=4 or 66.6666666667 ms  task=T1
892.2360 	EXP 	window1: recordFrameIntervals = False
892.2445 	INFO 	Mouse: using default window
893.6195 	DATA 	Keypress: z
893.8694 	DATA 	Keypress: h
894.2029 	DATA 	Keypress: m
894.3434 	EXP 	New trial (rep=7, index=10): {'leftStreamFlip': False, 'oneTarget': False, 'trialInstructionPos': (0, -1), 'probe': 'both', 'rightStreamFlip': False, 'horizVert': False, 'ISIframes': 2, 'rightResponseFirst': False}
894.3692 	INFO 	numtrials=360 and this trialDurFrames=4 or 66.6666666667 ms  task=T1
895.4360 	EXP 	window1: recordFrameIntervals = False
895.4442 	INFO 	Mouse: using default window
897.6862 	DATA 	Keypress: l
898.1195 	DATA 	Keypress: k
898.6029 	DATA 	Keypress: h
898.7434 	EXP 	New trial (rep=7, index=11): {'leftStreamFlip': False, 'oneTarget': False, 'trialInstructionPos': (0, 1), 'probe': 'both', 'rightStreamFlip': False, 'horizVert': False, 'ISIframes': 2, 'rightResponseFirst': False}
898.7693 	INFO 	numtrials=360 and this trialDurFrames=4 or 66.6666666667 ms  task=T1
899.7526 	EXP 	window1: recordFrameIntervals = False
899.7607 	INFO 	Mouse: using default window
901.7695 	DATA 	Keypress: g
902.1196 	DATA 	Keypress: h
903.1195 	DATA 	Keypress: k
903.2597 	EXP 	New trial (rep=8, index=0): {'leftStreamFlip': False, 'oneTarget': False, 'trialInstructionPos': (0, -1), 'probe': 'both', 'rightStreamFlip': False, 'horizVert': False, 'ISIframes': 2, 'rightResponseFirst': False}
903.2856 	INFO 	numtrials=360 and this trialDurFrames=4 or 66.6666666667 ms  task=T1
904.5026 	EXP 	window1: recordFrameIntervals = False
904.5111 	INFO 	Mouse: using default window
906.0030 	DATA 	Keypress: a
906.3195 	DATA 	Keypress: j
906.6364 	DATA 	Keypress: k
906.7750 	EXP 	New trial (rep=8, index=1): {'leftStreamFlip': False, 'oneTarget': False, 'trialInstructionPos': (0, -1), 'probe': 'both', 'rightStreamFlip': False, 'horizVert': False, 'ISIframes': 2, 'rightResponseFirst': True}
906.8031 	INFO 	numtrials=360 and this trialDurFrames=4 or 66.6666666667 ms  task=T1
907.9526 	EXP 	window1: recordFrameIntervals = False
907.9608 	INFO 	Mouse: using default window
909.4862 	DATA 	Keypress: h
910.5363 	DATA 	Keypress: c
911.1528 	DATA 	Keypress: m
911.2930 	EXP 	New trial (rep=8, index=2): {'leftStreamFlip': False, 'oneTarget': False, 'trialInstructionPos': (0, 1), 'probe': 'both', 'rightStreamFlip': False, 'horizVert': False, 'ISIframes': 2, 'rightResponseFirst': False}
911.3189 	INFO 	numtrials=360 and this trialDurFrames=4 or 66.6666666667 ms  task=T1
912.4693 	EXP 	window1: recordFrameIntervals = False
912.4774 	INFO 	Mouse: using default window
913.7029 	DATA 	Keypress: n
913.9861 	DATA 	Keypress: t
914.2030 	DATA 	Keypress: g
914.3438 	EXP 	New trial (rep=8, index=3): {'leftStreamFlip': False, 'oneTarget': False, 'trialInstructionPos': (0, 1), 'probe': 'both', 'rightStreamFlip': False, 'horizVert': False, 'ISIframes': 2, 'rightResponseFirst': True}
914.3688 	INFO 	numtrials=360 and this trialDurFrames=4 or 66.6666666667 ms  task=T1
915.5526 	EXP 	window1: recordFrameIntervals = False
915.5607 	INFO 	Mouse: using default window
917.3370 	DATA 	Keypress: f
918.4533 	DATA 	Keypress: k
918.9362 	DATA 	Keypress: n
919.0766 	EXP 	New trial (rep=8, index=4): {'leftStreamFlip': False, 'oneTarget': False, 'trialInstructionPos': (0, -1), 'probe': 'both', 'rightStreamFlip': False, 'horizVert': False, 'ISIframes': 2, 'rightResponseFirst': False}
919.1023 	INFO 	numtrials=360 and this trialDurFrames=4 or 66.6666666667 ms  task=T1
920.2693 	EXP 	window1: recordFrameIntervals = False
920.2776 	INFO 	Mouse: using default window
921.4364 	DATA 	Keypress: m
921.9862 	DATA 	Keypress: e
922.4695 	DATA 	Keypress: j
922.6105 	EXP 	New trial (rep=8, index=5): {'leftStreamFlip': False, 'oneTarget': False, 'trialInstructionPos': (0, -1), 'probe': 'both', 'rightStreamFlip': False, 'horizVert': False, 'ISIframes': 2, 'rightResponseFirst': True}
922.6359 	INFO 	numtrials=360 and this trialDurFrames=4 or 66.6666666667 ms  task=T1
923.7193 	EXP 	window1: recordFrameIntervals = False
923.7274 	INFO 	Mouse: using default window
941.4035 	DATA 	Keypress: u
941.7872 	DATA 	Keypress: y
942.0696 	DATA 	Keypress: i
942.2101 	EXP 	New trial (rep=8, index=6): {'leftStreamFlip': False, 'oneTarget': False, 'trialInstructionPos': (0, -1), 'probe': 'both', 'rightStreamFlip': False, 'horizVert': False, 'ISIframes': 2, 'rightResponseFirst': True}
942.2354 	INFO 	numtrials=360 and this trialDurFrames=4 or 66.6666666667 ms  task=T1
943.3860 	EXP 	window1: recordFrameIntervals = False
943.3947 	INFO 	Mouse: using default window
944.6533 	DATA 	Keypress: z
944.9196 	DATA 	Keypress: h
945.1529 	DATA 	Keypress: m
945.2933 	EXP 	New trial (rep=8, index=7): {'leftStreamFlip': False, 'oneTarget': False, 'trialInstructionPos': (0, 1), 'probe': 'both', 'rightStreamFlip': False, 'horizVert': False, 'ISIframes': 2, 'rightResponseFirst': False}
945.3190 	INFO 	numtrials=360 and this trialDurFrames=4 or 66.6666666667 ms  task=T1
946.4360 	EXP 	window1: recordFrameIntervals = False
946.4442 	INFO 	Mouse: using default window
947.7529 	DATA 	Keypress: j
948.8028 	DATA 	Keypress: z
949.0863 	DATA 	Keypress: m
949.2263 	EXP 	New trial (rep=8, index=8): {'leftStreamFlip': False, 'oneTarget': False, 'trialInstructionPos': (0, 1), 'probe': 'both', 'rightStreamFlip': False, 'horizVert': False, 'ISIframes': 2, 'rightResponseFirst': True}
949.2524 	INFO 	numtrials=360 and this trialDurFrames=4 or 66.6666666667 ms  task=T1
950.2859 	EXP 	window1: recordFrameIntervals = False
950.2941 	INFO 	Mouse: using default window
952.7196 	DATA 	Keypress: comma
953.9363 	DATA 	Keypress: m
954.4864 	DATA 	Keypress: g
954.8529 	DATA 	Keypress: h
954.9961 	EXP 	New trial (rep=8, index=9): {'leftStreamFlip': False, 'oneTarget': False, 'trialInstructionPos': (0, 1), 'probe': 'both', 'rightStreamFlip': False, 'horizVert': False, 'ISIframes': 2, 'rightResponseFirst': True}
955.0189 	INFO 	numtrials=360 and this trialDurFrames=4 or 66.6666666667 ms  task=T1
956.1360 	EXP 	window1: recordFrameIntervals = False
956.1440 	INFO 	Mouse: using default window
957.4363 	DATA 	Keypress: h
957.6695 	DATA 	Keypress: j
958.1862 	DATA 	Keypress: z
958.3267 	EXP 	New trial (rep=8, index=10): {'leftStreamFlip': False, 'oneTarget': False, 'trialInstructionPos': (0, -1), 'probe': 'both', 'rightStreamFlip': False, 'horizVert': False, 'ISIframes': 2, 'rightResponseFirst': False}
958.3522 	INFO 	numtrials=360 and this trialDurFrames=4 or 66.6666666667 ms  task=T1
959.3361 	EXP 	window1: recordFrameIntervals = False
959.3444 	INFO 	Mouse: using default window
961.3713 	DATA 	Keypress: m
961.8697 	DATA 	Keypress: y
962.2197 	DATA 	Keypress: z
962.3612 	EXP 	New trial (rep=8, index=11): {'leftStreamFlip': False, 'oneTarget': False, 'trialInstructionPos': (0, 1), 'probe': 'both', 'rightStreamFlip': False, 'horizVert': False, 'ISIframes': 2, 'rightResponseFirst': False}
962.3860 	INFO 	numtrials=360 and this trialDurFrames=4 or 66.6666666667 ms  task=T1
963.5360 	EXP 	window1: recordFrameIntervals = False
963.5442 	INFO 	Mouse: using default window
965.4198 	DATA 	Keypress: j
965.8863 	DATA 	Keypress: a
966.3696 	DATA 	Keypress: f
966.5088 	EXP 	New trial (rep=9, index=0): {'leftStreamFlip': False, 'oneTarget': False, 'trialInstructionPos': (0, -1), 'probe': 'both', 'rightStreamFlip': False, 'horizVert': False, 'ISIframes': 2, 'rightResponseFirst': False}
966.5357 	INFO 	numtrials=360 and this trialDurFrames=4 or 66.6666666667 ms  task=T1
967.7194 	EXP 	window1: recordFrameIntervals = False
967.7276 	INFO 	Mouse: using default window
969.7196 	DATA 	Keypress: f
970.6862 	DATA 	Keypress: s
971.0530 	DATA 	Keypress: f
971.1934 	EXP 	New trial (rep=9, index=1): {'leftStreamFlip': False, 'oneTarget': False, 'trialInstructionPos': (0, -1), 'probe': 'both', 'rightStreamFlip': False, 'horizVert': False, 'ISIframes': 2, 'rightResponseFirst': True}
971.2193 	INFO 	numtrials=360 and this trialDurFrames=4 or 66.6666666667 ms  task=T1
972.3361 	EXP 	window1: recordFrameIntervals = False
972.3441 	INFO 	Mouse: using default window
973.9196 	DATA 	Keypress: j
974.7029 	DATA 	Keypress: j
975.2529 	DATA 	Keypress: u
975.3939 	EXP 	New trial (rep=9, index=2): {'leftStreamFlip': False, 'oneTarget': False, 'trialInstructionPos': (0, 1), 'probe': 'both', 'rightStreamFlip': False, 'horizVert': False, 'ISIframes': 2, 'rightResponseFirst': False}
975.4191 	INFO 	numtrials=360 and this trialDurFrames=4 or 66.6666666667 ms  task=T1
976.5860 	EXP 	window1: recordFrameIntervals = False
976.5942 	INFO 	Mouse: using default window
978.0529 	DATA 	Keypress: z
978.4863 	DATA 	Keypress: g
979.2029 	DATA 	Keypress: y
979.3427 	EXP 	New trial (rep=9, index=3): {'leftStreamFlip': False, 'oneTarget': False, 'trialInstructionPos': (0, 1), 'probe': 'both', 'rightStreamFlip': False, 'horizVert': False, 'ISIframes': 2, 'rightResponseFirst': True}
979.3692 	INFO 	numtrials=360 and this trialDurFrames=4 or 66.6666666667 ms  task=T1
980.4026 	EXP 	window1: recordFrameIntervals = False
980.4108 	INFO 	Mouse: using default window
981.7863 	DATA 	Keypress: m
983.1364 	DATA 	Keypress: g
983.5363 	DATA 	Keypress: y
983.6752 	EXP 	New trial (rep=9, index=4): {'leftStreamFlip': False, 'oneTarget': False, 'trialInstructionPos': (0, 1), 'probe': 'both', 'rightStreamFlip': False, 'horizVert': False, 'ISIframes': 2, 'rightResponseFirst': False}
983.7024 	INFO 	numtrials=360 and this trialDurFrames=4 or 66.6666666667 ms  task=T1
984.7195 	EXP 	window1: recordFrameIntervals = False
984.7277 	INFO 	Mouse: using default window
985.9696 	DATA 	Keypress: m
986.6363 	DATA 	Keypress: h
987.4040 	DATA 	Keypress: g
987.5425 	EXP 	New trial (rep=9, index=5): {'leftStreamFlip': False, 'oneTarget': False, 'trialInstructionPos': (0, 1), 'probe': 'both', 'rightStreamFlip': False, 'horizVert': False, 'ISIframes': 2, 'rightResponseFirst': False}
987.5692 	INFO 	numtrials=360 and this trialDurFrames=4 or 66.6666666667 ms  task=T1
988.7527 	EXP 	window1: recordFrameIntervals = False
988.7607 	INFO 	Mouse: using default window
990.0362 	DATA 	Keypress: t
990.7862 	DATA 	Keypress: m
991.2696 	DATA 	Keypress: g
991.4103 	EXP 	New trial (rep=9, index=6): {'leftStreamFlip': False, 'oneTarget': False, 'trialInstructionPos': (0, 1), 'probe': 'both', 'rightStreamFlip': False, 'horizVert': False, 'ISIframes': 2, 'rightResponseFirst': True}
991.4353 	INFO 	numtrials=360 and this trialDurFrames=4 or 66.6666666667 ms  task=T1
992.5361 	EXP 	window1: recordFrameIntervals = False
992.5443 	INFO 	Mouse: using default window
994.1364 	DATA 	Keypress: h
995.3698 	DATA 	Keypress: g
995.8197 	DATA 	Keypress: z
995.9610 	EXP 	New trial (rep=9, index=7): {'leftStreamFlip': False, 'oneTarget': False, 'trialInstructionPos': (0, -1), 'probe': 'both', 'rightStreamFlip': False, 'horizVert': False, 'ISIframes': 2, 'rightResponseFirst': False}
995.9856 	INFO 	numtrials=360 and this trialDurFrames=4 or 66.6666666667 ms  task=T1
997.1360 	EXP 	window1: recordFrameIntervals = False
997.1442 	INFO 	Mouse: using default window
998.4362 	DATA 	Keypress: c
999.4364 	DATA 	Keypress: u
999.8862 	DATA 	Keypress: z
1000.0275 	EXP 	New trial (rep=9, index=8): {'leftStreamFlip': False, 'oneTarget': False, 'trialInstructionPos': (0, -1), 'probe': 'both', 'rightStreamFlip': False, 'horizVert': False, 'ISIframes': 2, 'rightResponseFirst': True}
1000.0521 	INFO 	numtrials=360 and this trialDurFrames=4 or 66.6666666667 ms  task=T1
1001.0361 	EXP 	window1: recordFrameIntervals = False
1001.0448 	INFO 	Mouse: using default window
1002.2530 	DATA 	Keypress: z
1002.4362 	DATA 	Keypress: m
1002.7196 	DATA 	Keypress: g
1002.8676 	EXP 	New trial (rep=9, index=9): {'leftStreamFlip': False, 'oneTarget': False, 'trialInstructionPos': (0, -1), 'probe': 'both', 'rightStreamFlip': False, 'horizVert': False, 'ISIframes': 2, 'rightResponseFirst': False}
1002.8852 	INFO 	numtrials=360 and this trialDurFrames=4 or 66.6666666667 ms  task=T1
1004.0362 	EXP 	window1: recordFrameIntervals = False
1004.0444 	INFO 	Mouse: using default window
1005.8862 	DATA 	Keypress: n
1006.4032 	DATA 	Keypress: m
1007.2529 	DATA 	Keypress: k
1007.3938 	EXP 	New trial (rep=9, index=10): {'leftStreamFlip': False, 'oneTarget': False, 'trialInstructionPos': (0, 1), 'probe': 'both', 'rightStreamFlip': False, 'horizVert': False, 'ISIframes': 2, 'rightResponseFirst': True}
1007.4191 	INFO 	numtrials=360 and this trialDurFrames=4 or 66.6666666667 ms  task=T1
1008.5360 	EXP 	window1: recordFrameIntervals = False
1008.5442 	INFO 	Mouse: using default window
1010.2030 	DATA 	Keypress: j
1011.2529 	DATA 	Keypress: j
1011.7029 	DATA 	Keypress: a
1011.8440 	EXP 	New trial (rep=9, index=11): {'leftStreamFlip': False, 'oneTarget': False, 'trialInstructionPos': (0, -1), 'probe': 'both', 'rightStreamFlip': False, 'horizVert': False, 'ISIframes': 2, 'rightResponseFirst': True}
1011.8690 	INFO 	numtrials=360 and this trialDurFrames=4 or 66.6666666667 ms  task=T1
1013.0360 	EXP 	window1: recordFrameIntervals = False
1013.0442 	INFO 	Mouse: using default window
1015.0862 	DATA 	Keypress: g
1015.5362 	DATA 	Keypress: j
1016.3864 	DATA 	Keypress: j
1016.5266 	EXP 	New trial (rep=10, index=0): {'leftStreamFlip': False, 'oneTarget': False, 'trialInstructionPos': (0, -1), 'probe': 'both', 'rightStreamFlip': False, 'horizVert': False, 'ISIframes': 2, 'rightResponseFirst': False}
1016.5523 	INFO 	numtrials=360 and this trialDurFrames=4 or 66.6666666667 ms  task=T1
1017.6195 	EXP 	window1: recordFrameIntervals = False
1017.6277 	INFO 	Mouse: using default window
1018.6696 	DATA 	Keypress: e
1018.9029 	DATA 	Keypress: z
1019.5029 	DATA 	Keypress: k
1019.6445 	EXP 	New trial (rep=10, index=1): {'leftStreamFlip': False, 'oneTarget': False, 'trialInstructionPos': (0, 1), 'probe': 'both', 'rightStreamFlip': False, 'horizVert': False, 'ISIframes': 2, 'rightResponseFirst': False}
1019.6698 	INFO 	numtrials=360 and this trialDurFrames=4 or 66.6666666667 ms  task=T1
1020.8527 	EXP 	window1: recordFrameIntervals = False
1020.8609 	INFO 	Mouse: using default window
1023.0030 	DATA 	Keypress: k
1023.3707 	DATA 	Keypress: j
1023.8031 	DATA 	Keypress: g
1023.9444 	EXP 	New trial (rep=10, index=2): {'leftStreamFlip': False, 'oneTarget': False, 'trialInstructionPos': (0, -1), 'probe': 'both', 'rightStreamFlip': False, 'horizVert': False, 'ISIframes': 2, 'rightResponseFirst': False}
1023.9692 	INFO 	numtrials=360 and this trialDurFrames=4 or 66.6666666667 ms  task=T1
1024.9695 	EXP 	window1: recordFrameIntervals = False
1024.9778 	INFO 	Mouse: using default window
1027.0364 	DATA 	Keypress: h
1027.2696 	DATA 	Keypress: u
1027.5363 	DATA 	Keypress: m
1027.6758 	EXP 	New trial (rep=10, index=3): {'leftStreamFlip': False, 'oneTarget': False, 'trialInstructionPos': (0, -1), 'probe': 'both', 'rightStreamFlip': False, 'horizVert': False, 'ISIframes': 2, 'rightResponseFirst': False}
1027.6870 	INFO 	numtrials=360 and this trialDurFrames=4 or 66.6666666667 ms  task=T1
1028.9027 	EXP 	window1: recordFrameIntervals = False
1028.9110 	INFO 	Mouse: using default window
1030.3197 	DATA 	Keypress: t
1030.8363 	DATA 	Keypress: u
1031.6030 	DATA 	Keypress: n
1031.7440 	EXP 	New trial (rep=10, index=4): {'leftStreamFlip': False, 'oneTarget': False, 'trialInstructionPos': (0, 1), 'probe': 'both', 'rightStreamFlip': False, 'horizVert': False, 'ISIframes': 2, 'rightResponseFirst': False}
1031.7691 	INFO 	numtrials=360 and this trialDurFrames=4 or 66.6666666667 ms  task=T1
1032.8361 	EXP 	window1: recordFrameIntervals = False
1032.8441 	INFO 	Mouse: using default window
1034.3363 	DATA 	Keypress: t
1034.5363 	DATA 	Keypress: k
1035.0531 	DATA 	Keypress: j
1035.1935 	EXP 	New trial (rep=10, index=5): {'leftStreamFlip': False, 'oneTarget': False, 'trialInstructionPos': (0, -1), 'probe': 'both', 'rightStreamFlip': False, 'horizVert': False, 'ISIframes': 2, 'rightResponseFirst': True}
1035.2190 	INFO 	numtrials=360 and this trialDurFrames=5 or 83.3333333333 ms  task=T1
1036.4360 	EXP 	window1: recordFrameIntervals = False
1036.4447 	INFO 	Mouse: using default window
1037.7529 	DATA 	Keypress: a
1038.5696 	DATA 	Keypress: z
1038.9696 	DATA 	Keypress: g
1039.1103 	EXP 	New trial (rep=10, index=6): {'leftStreamFlip': False, 'oneTarget': False, 'trialInstructionPos': (0, -1), 'probe': 'both', 'rightStreamFlip': False, 'horizVert': False, 'ISIframes': 2, 'rightResponseFirst': True}
1039.1356 	INFO 	numtrials=360 and this trialDurFrames=5 or 83.3333333333 ms  task=T1
1040.2027 	EXP 	window1: recordFrameIntervals = False
1040.2109 	INFO 	Mouse: using default window
1041.7363 	DATA 	Keypress: g
1041.9196 	DATA 	Keypress: j
1042.1709 	DATA 	Keypress: m
1042.3267 	EXP 	New trial (rep=10, index=7): {'leftStreamFlip': False, 'oneTarget': False, 'trialInstructionPos': (0, -1), 'probe': 'both', 'rightStreamFlip': False, 'horizVert': False, 'ISIframes': 2, 'rightResponseFirst': True}
1042.3523 	INFO 	numtrials=360 and this trialDurFrames=5 or 83.3333333333 ms  task=T1
1043.5032 	EXP 	window1: recordFrameIntervals = False
1043.5110 	INFO 	Mouse: using default window
1044.7529 	DATA 	Keypress: g
1044.8866 	DATA 	Keypress: u
1045.0863 	DATA 	Keypress: m
1045.2270 	EXP 	New trial (rep=10, index=8): {'leftStreamFlip': False, 'oneTarget': False, 'trialInstructionPos': (0, 1), 'probe': 'both', 'rightStreamFlip': False, 'horizVert': False, 'ISIframes': 2, 'rightResponseFirst': False}
1045.2527 	INFO 	numtrials=360 and this trialDurFrames=5 or 83.3333333333 ms  task=T1
1046.2862 	EXP 	window1: recordFrameIntervals = False
1046.2940 	INFO 	Mouse: using default window
1047.5032 	DATA 	Keypress: j
1048.0531 	DATA 	Keypress: j
1048.5030 	DATA 	Keypress: t
1048.6438 	EXP 	New trial (rep=10, index=9): {'leftStreamFlip': False, 'oneTarget': False, 'trialInstructionPos': (0, 1), 'probe': 'both', 'rightStreamFlip': False, 'horizVert': False, 'ISIframes': 2, 'rightResponseFirst': True}
1048.6691 	INFO 	numtrials=360 and this trialDurFrames=5 or 83.3333333333 ms  task=T1
1049.6861 	EXP 	window1: recordFrameIntervals = False
1049.6943 	INFO 	Mouse: using default window
1050.8196 	DATA 	Keypress: m
1051.2363 	DATA 	Keypress: e
1051.4531 	DATA 	Keypress: f
1051.5948 	EXP 	New trial (rep=10, index=10): {'leftStreamFlip': False, 'oneTarget': False, 'trialInstructionPos': (0, 1), 'probe': 'both', 'rightStreamFlip': False, 'horizVert': False, 'ISIframes': 2, 'rightResponseFirst': True}
1051.6194 	INFO 	numtrials=360 and this trialDurFrames=5 or 83.3333333333 ms  task=T1
1052.8531 	EXP 	window1: recordFrameIntervals = False
1052.8623 	INFO 	Mouse: using default window
1054.0863 	DATA 	Keypress: n
1054.3696 	DATA 	Keypress: t
1055.2530 	DATA 	Keypress: s
1055.3933 	EXP 	New trial (rep=10, index=11): {'leftStreamFlip': False, 'oneTarget': False, 'trialInstructionPos': (0, 1), 'probe': 'both', 'rightStreamFlip': False, 'horizVert': False, 'ISIframes': 2, 'rightResponseFirst': True}
1055.4191 	INFO 	numtrials=360 and this trialDurFrames=5 or 83.3333333333 ms  task=T1
1056.4201 	EXP 	window1: recordFrameIntervals = False
1056.4285 	INFO 	Mouse: using default window
1057.8696 	DATA 	Keypress: a
1058.8035 	DATA 	Keypress: n
1059.1863 	DATA 	Keypress: k
1059.3262 	EXP 	New trial (rep=11, index=0): {'leftStreamFlip': False, 'oneTarget': False, 'trialInstructionPos': (0, 1), 'probe': 'both', 'rightStreamFlip': False, 'horizVert': False, 'ISIframes': 2, 'rightResponseFirst': False}
1059.3524 	INFO 	numtrials=360 and this trialDurFrames=5 or 83.3333333333 ms  task=T1
1060.3696 	EXP 	window1: recordFrameIntervals = False
1060.3782 	INFO 	Mouse: using default window
1061.5701 	DATA 	Keypress: m
1061.9530 	DATA 	Keypress: r
1062.8864 	DATA 	Keypress: k
1063.0257 	EXP 	New trial (rep=11, index=1): {'leftStreamFlip': False, 'oneTarget': False, 'trialInstructionPos': (0, -1), 'probe': 'both', 'rightStreamFlip': False, 'horizVert': False, 'ISIframes': 2, 'rightResponseFirst': True}
1063.0534 	INFO 	numtrials=360 and this trialDurFrames=5 or 83.3333333333 ms  task=T1
1064.1194 	EXP 	window1: recordFrameIntervals = False
1064.1275 	INFO 	Mouse: using default window
1065.1363 	DATA 	Keypress: y
1065.7030 	DATA 	Keypress: a
1066.4197 	DATA 	Keypress: m
1066.5624 	EXP 	New trial (rep=11, index=2): {'leftStreamFlip': False, 'oneTarget': False, 'trialInstructionPos': (0, -1), 'probe': 'both', 'rightStreamFlip': False, 'horizVert': False, 'ISIframes': 2, 'rightResponseFirst': False}
1066.5858 	INFO 	numtrials=360 and this trialDurFrames=5 or 83.3333333333 ms  task=T1
1067.7362 	EXP 	window1: recordFrameIntervals = False
1067.7442 	INFO 	Mouse: using default window
1069.1363 	DATA 	Keypress: s
1069.9365 	DATA 	Keypress: t
1070.1876 	DATA 	Keypress: y
1070.3417 	EXP 	New trial (rep=11, index=3): {'leftStreamFlip': False, 'oneTarget': False, 'trialInstructionPos': (0, 1), 'probe': 'both', 'rightStreamFlip': False, 'horizVert': False, 'ISIframes': 2, 'rightResponseFirst': True}
1070.3700 	INFO 	numtrials=360 and this trialDurFrames=5 or 83.3333333333 ms  task=T1
1071.4699 	EXP 	window1: recordFrameIntervals = False
1071.4778 	INFO 	Mouse: using default window
1072.5703 	DATA 	Keypress: k
1073.3864 	DATA 	Keypress: c
1073.7031 	DATA 	Keypress: k
1073.8423 	EXP 	New trial (rep=11, index=4): {'leftStreamFlip': False, 'oneTarget': False, 'trialInstructionPos': (0, -1), 'probe': 'both', 'rightStreamFlip': False, 'horizVert': False, 'ISIframes': 2, 'rightResponseFirst': False}
1073.8702 	INFO 	numtrials=360 and this trialDurFrames=5 or 83.3333333333 ms  task=T1
1074.9861 	EXP 	window1: recordFrameIntervals = False
1074.9943 	INFO 	Mouse: using default window
1076.3864 	DATA 	Keypress: r
1077.0198 	DATA 	Keypress: c
1077.8032 	DATA 	Keypress: j
1077.9439 	EXP 	New trial (rep=11, index=5): {'leftStreamFlip': False, 'oneTarget': False, 'trialInstructionPos': (0, 1), 'probe': 'both', 'rightStreamFlip': False, 'horizVert': False, 'ISIframes': 2, 'rightResponseFirst': True}
1077.9690 	INFO 	numtrials=360 and this trialDurFrames=5 or 83.3333333333 ms  task=T1
1078.9696 	EXP 	window1: recordFrameIntervals = False
1078.9782 	INFO 	Mouse: using default window
1080.0702 	DATA 	Keypress: z
1080.6032 	DATA 	Keypress: n
1081.1699 	DATA 	Keypress: r
1081.3113 	EXP 	New trial (rep=11, index=6): {'leftStreamFlip': False, 'oneTarget': False, 'trialInstructionPos': (0, -1), 'probe': 'both', 'rightStreamFlip': False, 'horizVert': False, 'ISIframes': 2, 'rightResponseFirst': True}
1081.3354 	INFO 	numtrials=360 and this trialDurFrames=5 or 83.3333333333 ms  task=T1
1082.3696 	EXP 	window1: recordFrameIntervals = False
1082.3774 	INFO 	Mouse: using default window
1084.2534 	DATA 	Keypress: j
1086.7032 	DATA 	Keypress: f
1087.6368 	DATA 	Keypress: k
1087.7748 	EXP 	New trial (rep=11, index=7): {'leftStreamFlip': False, 'oneTarget': False, 'trialInstructionPos': (0, -1), 'probe': 'both', 'rightStreamFlip': False, 'horizVert': False, 'ISIframes': 2, 'rightResponseFirst': False}
1087.8033 	INFO 	numtrials=360 and this trialDurFrames=5 or 83.3333333333 ms  task=T1
1088.9364 	EXP 	window1: recordFrameIntervals = False
1088.9443 	INFO 	Mouse: using default window
1090.3532 	DATA 	Keypress: s
1091.0530 	DATA 	Keypress: f
1091.5703 	DATA 	Keypress: n
1091.7098 	EXP 	New trial (rep=11, index=8): {'leftStreamFlip': False, 'oneTarget': False, 'trialInstructionPos': (0, 1), 'probe': 'both', 'rightStreamFlip': False, 'horizVert': False, 'ISIframes': 2, 'rightResponseFirst': False}
1091.7354 	INFO 	numtrials=360 and this trialDurFrames=5 or 83.3333333333 ms  task=T1
1092.9196 	EXP 	window1: recordFrameIntervals = False
1092.9274 	INFO 	Mouse: using default window
1094.5363 	DATA 	Keypress: u
1095.5530 	DATA 	Keypress: m
1095.9364 	DATA 	Keypress: f
1096.0758 	EXP 	New trial (rep=11, index=9): {'leftStreamFlip': False, 'oneTarget': False, 'trialInstructionPos': (0, 1), 'probe': 'both', 'rightStreamFlip': False, 'horizVert': False, 'ISIframes': 2, 'rightResponseFirst': False}
1096.1027 	INFO 	numtrials=360 and this trialDurFrames=5 or 83.3333333333 ms  task=T1
1097.2362 	EXP 	window1: recordFrameIntervals = False
1097.2443 	INFO 	Mouse: using default window
1098.5710 	DATA 	Keypress: k
1099.2198 	DATA 	Keypress: u
1099.7197 	DATA 	Keypress: y
1099.8602 	EXP 	New trial (rep=11, index=10): {'leftStreamFlip': False, 'oneTarget': False, 'trialInstructionPos': (0, 1), 'probe': 'both', 'rightStreamFlip': False, 'horizVert': False, 'ISIframes': 2, 'rightResponseFirst': True}
1099.8858 	INFO 	numtrials=360 and this trialDurFrames=5 or 83.3333333333 ms  task=T1
1100.9362 	EXP 	window1: recordFrameIntervals = False
1100.9443 	INFO 	Mouse: using default window
1102.2031 	DATA 	Keypress: z
1102.7197 	DATA 	Keypress: m
1103.1864 	DATA 	Keypress: m
1103.3250 	EXP 	New trial (rep=11, index=11): {'leftStreamFlip': False, 'oneTarget': False, 'trialInstructionPos': (0, -1), 'probe': 'both', 'rightStreamFlip': False, 'horizVert': False, 'ISIframes': 2, 'rightResponseFirst': True}
1103.3535 	INFO 	numtrials=360 and this trialDurFrames=5 or 83.3333333333 ms  task=T1
1104.4863 	EXP 	window1: recordFrameIntervals = False
1104.4944 	INFO 	Mouse: using default window
1105.7197 	DATA 	Keypress: e
1105.9863 	DATA 	Keypress: n
1106.6697 	DATA 	Keypress: h
1106.8100 	EXP 	New trial (rep=12, index=0): {'leftStreamFlip': False, 'oneTarget': False, 'trialInstructionPos': (0, -1), 'probe': 'both', 'rightStreamFlip': False, 'horizVert': False, 'ISIframes': 2, 'rightResponseFirst': True}
1106.8360 	INFO 	numtrials=360 and this trialDurFrames=5 or 83.3333333333 ms  task=T1
1107.9030 	EXP 	window1: recordFrameIntervals = False
1107.9109 	INFO 	Mouse: using default window
1109.1863 	DATA 	Keypress: k
1110.4197 	DATA 	Keypress: f
1110.7865 	DATA 	Keypress: h
1110.9252 	EXP 	New trial (rep=12, index=1): {'leftStreamFlip': False, 'oneTarget': False, 'trialInstructionPos': (0, 1), 'probe': 'both', 'rightStreamFlip': False, 'horizVert': False, 'ISIframes': 2, 'rightResponseFirst': True}
1110.9532 	INFO 	numtrials=360 and this trialDurFrames=5 or 83.3333333333 ms  task=T1
1112.1695 	EXP 	window1: recordFrameIntervals = False
1112.1781 	INFO 	Mouse: using default window
1113.8697 	DATA 	Keypress: h
1114.1030 	DATA 	Keypress: m
1115.7030 	DATA 	Keypress: m
1115.8430 	EXP 	New trial (rep=12, index=2): {'leftStreamFlip': False, 'oneTarget': False, 'trialInstructionPos': (0, -1), 'probe': 'both', 'rightStreamFlip': False, 'horizVert': False, 'ISIframes': 2, 'rightResponseFirst': False}
1115.8695 	INFO 	numtrials=360 and this trialDurFrames=5 or 83.3333333333 ms  task=T1
1117.0029 	EXP 	window1: recordFrameIntervals = False
1117.0110 	INFO 	Mouse: using default window
1118.6031 	DATA 	Keypress: lctrl
1119.7531 	DATA 	Keypress: lshift
1120.4030 	DATA 	Keypress: z
1120.4230 	INFO 	Stopping at 11:29 on 10 Aug 2018
1120.4243 	ERROR 	user aborted experiment on keypress with trials done=146 of 361
1120.4450 	INFO 	Program terminating normally.
