0.6483 	WARNING 	Monitor specification not found. Creating a temporary one...
15.3880 	EXP 	Created window1 = Window(allowGUI=False, allowStencil=False, autoLog=True, bitsMode=UNKNOWN, blendMode='avg', color=array([-0.7, -0.7, -0.7]), colorSpace='rgb', fullscr=UNKNOWN, gamma=None, lms=UNKNOWN, monitor=<psychopy.monitors.calibTools.Monitor object at 0x1A425050>, name='window1', pos=[0, 0], screen=0, size=array([1920, 1080]), stereo=False, units='deg', useFBO=False, useRetina=False, viewOri=0.0, viewPos=None, viewScale=None, waitBlanking=False, winType='pyglet')
15.3881 	INFO 	Mouse: using default window
15.3885 	EXP 	window1: units = 'norm'
15.4698 	EXP 	Created unnamed ImageStim = ImageStim(autoLog=True, color=array([ 1.,  1.,  1.]), colorSpace='rgb', contrast=1.0, depth=0, flipHoriz=False, flipVert=False, image=str(...), interpolate=False, mask=None, maskParams=None, name='unnamed ImageStim', opacity=1.0, ori=0.0, pos=array([-0.5,  0. ]), size=array([ 1.290625  ,  3.24814815]), texRes=128, units='norm', win=Window(...))
15.5474 	EXP 	Created unnamed ImageStim = ImageStim(autoLog=True, color=array([ 1.,  1.,  1.]), colorSpace='rgb', contrast=1.0, depth=0, flipHoriz=False, flipVert=False, image=str(...), interpolate=False, mask=None, maskParams=None, name='unnamed ImageStim', opacity=1.0, ori=0.0, pos=array([ 0.5,  0. ]), size=array([ 1.290625  ,  3.24814815]), texRes=128, units='norm', win=Window(...))
15.5647 	EXP 	Created OKrespZone = GratingStim(autoDraw=False, autoLog=True, color=array([ 1. ,  0.5,  0.5]), colorSpace='rgb', contrast=1.0, depth=0, interpolate=False, mask='gauss', maskParams=None, name='OKrespZone', opacity=1.0, ori=0.0, phase=array([ 0.,  0.]), pos=array([-0.2 , -0.92]), rgbPedestal=array([ 0.,  0.,  0.]), sf=array([ 0.,  0.]), size=array([ 2.3,  0.2]), tex='sin', texRes=256, units='norm', win=Window(...))
15.7025 	EXP 	unnamed ImageStim: size = (1, 2)
15.7025 	EXP 	unnamed ImageStim: size = (1, 2)
48.5710 	DATA 	Mouse: Left button down, pos=(887,268)
48.7377 	DATA 	Mouse:  Left button up, pos=(887,268)
55.1210 	DATA 	Mouse: Left button down, pos=(887,268)
55.2046 	DATA 	Mouse:  Left button up, pos=(887,268)
55.8379 	DATA 	Mouse: Left button down, pos=(753,31)
55.8541 	EXP 	window1: units = 'deg'
55.8543 	EXP 	window1: units = 'norm'
55.8751 	EXP 	Created OKrespZone = GratingStim(autoDraw=False, autoLog=True, color=array([ 1. ,  0.5,  0.5]), colorSpace='rgb', contrast=1.0, depth=0, interpolate=False, mask='gauss', maskParams=None, name='OKrespZone', opacity=1.0, ori=0.0, phase=array([ 0.,  0.]), pos=array([-0.2 , -0.92]), rgbPedestal=array([ 0.,  0.,  0.]), sf=array([ 0.,  0.]), size=array([ 2.3,  0.2]), tex='sin', texRes=256, units='norm', win=Window(...))
55.9539 	EXP 	Created unnamed ImageStim = ImageStim(autoLog=True, color=array([ 1.,  1.,  1.]), colorSpace='rgb', contrast=1.0, depth=0, flipHoriz=False, flipVert=False, image='abgdj\\PISandConsentForm\\consentForm.png', interpolate=False, mask=None, maskParams=None, name='unnamed ImageStim', opacity=1.0, ori=0.0, pos=array([ 0.,  0.]), size=array([ 1.3375    ,  2.97407407]), texRes=128, units='norm', win=Window(...))
55.9899 	EXP 	Created unnamed GratingStim = GratingStim(autoDraw=False, autoLog=True, color=array([ 1. ,  0.5,  0.5]), colorSpace='rgb', contrast=1.0, depth=0, interpolate=False, mask='gauss', maskParams=None, name='unnamed GratingStim', opacity=1.0, ori=0.0, phase=array([ 0.,  0.]), pos=array([-0.2 , -0.42]), rgbPedestal=array([ 0.,  0.,  0.]), sf=array([ 0.,  0.]), size=array([ 0.3,  0.2]), tex='sin', texRes=256, units='norm', win=Window(...))
56.0270 	EXP 	Created unnamed GratingStim = GratingStim(autoDraw=False, autoLog=True, color=array([ 1. ,  0.5,  0.5]), colorSpace='rgb', contrast=1.0, depth=0, interpolate=False, mask='gauss', maskParams=None, name='unnamed GratingStim', opacity=1.0, ori=0.0, phase=array([ 0.,  0.]), pos=array([ 0.1 , -0.42]), rgbPedestal=array([ 0.,  0.,  0.]), sf=array([ 0.,  0.]), size=array([ 0.3,  0.2]), tex='sin', texRes=256, units='norm', win=Window(...))
56.0491 	EXP 	Created unnamed GratingStim = GratingStim(autoDraw=False, autoLog=True, color=array([ 1. ,  0.5,  0.5]), colorSpace='rgb', contrast=1.0, depth=0, interpolate=False, mask='gauss', maskParams=None, name='unnamed GratingStim', opacity=1.0, ori=0.0, phase=array([ 0.,  0.]), pos=array([-0.2 , -0.72]), rgbPedestal=array([ 0.,  0.,  0.]), sf=array([ 0.,  0.]), size=array([ 0.3,  0.2]), tex='sin', texRes=256, units='norm', win=Window(...))
56.0716 	EXP 	Created unnamed GratingStim = GratingStim(autoDraw=False, autoLog=True, color=array([ 1. ,  0.5,  0.5]), colorSpace='rgb', contrast=1.0, depth=0, interpolate=False, mask='gauss', maskParams=None, name='unnamed GratingStim', opacity=1.0, ori=0.0, phase=array([ 0.,  0.]), pos=array([ 0.1 , -0.72]), rgbPedestal=array([ 0.,  0.,  0.]), sf=array([ 0.,  0.]), size=array([ 0.3,  0.2]), tex='sin', texRes=256, units='norm', win=Window(...))
56.0746 	DATA 	Mouse:  Left button up, pos=(753,31)
56.0799 	EXP 	unnamed ImageStim: size = (1.1, 2)
59.8210 	DATA 	Mouse: Left button down, pos=(769,312)
59.9393 	DATA 	Mouse:  Left button up, pos=(769,312)
65.0881 	DATA 	Mouse: Left button down, pos=(792,152)
65.2209 	DATA 	Mouse:  Left button up, pos=(792,154)
65.7211 	DATA 	Mouse: Left button down, pos=(859,62)
65.7375 	EXP 	window1: units = 'deg'
65.7429 	EXP 	window1: mouseVisible = True
78.0549 	EXP 	Created window1 = Window(allowGUI=False, allowStencil=False, autoLog=True, bitsMode=UNKNOWN, blendMode='avg', color=array([-0.7, -0.7, -0.7]), colorSpace='rgb', fullscr=UNKNOWN, gamma=None, lms=UNKNOWN, monitor=<psychopy.monitors.calibTools.Monitor object at 0x1A425050>, name='window1', pos=[0, 0], screen=0, size=array([1920, 1080]), stereo=False, units='deg', useFBO=False, useRetina=False, viewOri=0.0, viewPos=None, viewScale=None, waitBlanking=False, winType='pyglet')
82.3549 	INFO 	#[ PsychoPy2 RuntimeInfoStart ]
  #[[ PsychoPy ]] #---------
    psychopyVersion: 1.84.2
    psychopyHaveExtRush: True
  #[[ Experiment ]] #---------
    experimentAuthor: None
    experimentAuthVersion: None
    experimentRunTime: 2018_08_09 11:14 (Year_Month_Day Hour:Min)
    experimentRunTime.epoch: 1533777270
    experimentScript: psyc1002.py
    experimentScript.digestSHA1: 03993779484d600ea4c1b8cc2288f3d37a5025d5
    experimentScript.directory: U:\PSYC1002\abgdj
  #[[ System ]] #---------
    systemHaveInternetAccess: True
    systemHostName: W5FC0LG2
    systemLocale: English_United States.1252
    systemMemFreeRAM: 3906.08203125
    systemMemTotalRAM: 8076.9453125
    systemPlatform: windowsversion=sys.getwindowsversion(major=6, minor=2, build=9200, platform=2, service_pack='')
    systemPyo.InputDevices: {4: {'host api index': 2, 'latency': 0.008707483299076557, 'default sr': 44100, 'name': u'Realtek ASIO'}}
    systemPyo.OutputDevices: {0: {'host api index': 0, 'latency': 0.09000000357627869, 'default sr': 44100, 'name': u'Microsoft Sound Mapper - Output'}, 1: {'host api index': 0, 'latency': 0.09000000357627869, 'default sr': 44100, 'name': u'Speakers / Headphones (Realtek '}, 2: {'host api index': 1, 'latency': 0.11999999731779099, 'default sr': 44100, 'name': u'Primary Sound Driver'}, 3: {'host api index': 1, 'latency': 0.11999999731779099, 'default sr': 44100, 'name': u'Speakers / Headphones (Realtek High Definition Audio)'}, 4: {'host api index': 2, 'latency': 0.008707483299076557, 'default sr': 44100, 'name': u'Realtek ASIO'}, 5: {'host api index': 3, 'latency': 0.003000000026077032, 'default sr': 48000, 'name': u'Speakers / Headphones (Realtek High Definition Audio)'}}
    systemPyoVersion: 0.8.0
    systemRebooted: System Boot Time:          8/7/2018, 5:26:07 PM
    systemSec.pythonSSL: True
    systemTimeNumpySD1000000_sec: 0.0077
    systemUser: lhuy6205
    systemUserID: 1000
    systemUserProcCmdPid: LabStatsUserSpace.exe dwm.exe TiWorker.exe CmRcService.exe nierserver.exe LabStatsClient.exe tagsrv.exe SearchUI.exe DWRCST.EXE OneDrive.exe nipxism.exe SettingSyncHost.exe TrustedInstaller.exe niLxiDiscovery.exe SecurityHealthService.exe redirector.exe SearchProtocolHost.exe server_admin.exe pc-client.exe lkads.exe svchost.exe smartscreen.exe ni_usbmon.exe JKIUpdate.exe AGSService.exe System SISIDSService.exe SelfServicePlugin.exe explorer.exe smss.exe ApplicationWebServer.exe RuntimeBroker.exe acrotray.exe niauth_daemon.exe cmd.exe nidmsrv.exe Receiver.exe SISIPSService.exe WmiApSrv.exe lktsrv.exe lsass.exe services.exe RtkNGUI64.exe sisipsutil.exe AdobeUpdateService.exe armsvc.exe ssonsvr.exe concentr.exe nidevldu.exe taskhostw.exe ctfmon.exe RAVBg64.exe ''Memory Compression'' NIWebServiceContainer.exe nimxs.exe RtkAudioService64.exe SystemWebServer.exe tasklist.exe snowagent.exe CcmExec.exe SearchFilterHost.exe SmcGui.exe nicitdl5.exe ''System Idle Process'' python.exe niDiscSvc.exe sqlwriter.exe MSASCuiL.exe SCNotification.exe nimdnsResponder.exe server_runtime.exe DWRCS.EXE sihost.exe backgroundTaskHost.exe spoolsv.exe wininit.exe winlogon.exe ShellExperienceHost.exe nidevmon.exe SearchIndexer.exe csrss.exe WmiPrvSE.exe audiodg.exe fontdrvhost.exe dllhost.exe unsecapp.exe ccSvcHst.exe wfcrun32.exe nisvcloc.exe server_eventlog.exe lkcitdl.exe AuthManSvr.exe conhost.exe
    systemUserProcCount: 186
    systemUserProcFlagged: Explorer
    systemUsersCount: False
  #[[ Window ]] #---------
    windowWinType: pyglet
    windowWaitBlanking: False
    windowUseNativeGamma: True
    windowUnits: deg
    windowSize_pix: [1920 1080]
    windowScreen: 0
    windowRgb: [-0.7 -0.7 -0.7]
    windowRefreshTimeSD_ms: 0.235
    windowRefreshTimeMedian_ms: 16.656
    windowRefreshTimeAvg_ms: 16.671
    windowRefreshThreshold_sec: 0.0200
    windowRecordFrameIntervals: False
    windowPos_pix: [0, 0]
    windowMonitor.name: testmonitor
    windowMonitor.getWidth_cm: 57.0
    windowMonitor.getLinearizeMethod: 1
    windowMonitor.getGammaGrid: [[  0.   1.   1.  nan  nan  nan]
 [  0.   1.   1.  nan  nan  nan]
 [  0.   1.   1.  nan  nan  nan]
 [  0.   1.   1.  nan  nan  nan]]
    windowMonitor.getDistance_cm: 57.0
    windowMonitor.gammaInterpolator2: None
    windowMonitor.gammaInterpolator: None
    windowMonitor.currentCalibName: 2018_08_09 11:13
    windowIsFullScr: True
    windowHaveShaders: True
    windowAllowGUI: False
  #[[ Python ]] #---------
    pythonWxVersion: 3.0.2.0 msw (classic)
    pythonVersion: 2.7.11
    pythonScipyVersion: 0.17.1
    pythonPygletVersion: 1.2.4
    pythonPygameVersion: 1.9.2pre
    pythonNumpyVersion: 1.11.0
    pythonMatplotlibVersion: 1.5.1
    pythonFullVersion: 2.7.11 (v2.7.11:6d1b6a68f775, Dec  5 2015, 20:32:19) [MSC v.1500 32 bit (Intel)]
    pythonExecutable: C:\Program Files (x86)\PsychoPy2\python.exe
  #[[ OpenGL ]] #---------
    openGLVersion: 4.4.0 - Build 21.20.16.4627
    openGLVendor: Intel
    openGLRenderingEngine: Intel(R) HD Graphics 530
    openGLmaxVerticesInVertexArray: 1048576
    False: openGLext.GL_STEREO
    True: openGLext.GL_EXT_framebuffer_object
    True: openGLext.GL_ARB_vertex_shader
    True: openGLext.GL_ARB_texture_non_power_of_two
    True: openGLext.GL_ARB_texture_float
    True: openGLext.GL_ARB_shader_objects
    True: openGLext.GL_ARB_multitexture
    True: openGLext.GL_ARB_fragment_program
#[ PsychoPy2 RuntimeInfoEnd ]

82.4042 	EXP 	window1: recordFrameIntervals = True
83.2375 	EXP 	window1: recordFrameIntervals = False
83.2377 	INFO 	Frames per second ~=60.1, which is close enough to desired val of 60.0
83.7233 	EXP 	Created sequence: random, trialTypes=12, nReps=30, seed=None
83.8393 	INFO 	Mouse: using default window
83.8617 	EXP 	Created OKrespZone = GratingStim(autoDraw=False, autoLog=True, color=array([ 1.,  1.,  1.]), colorSpace='rgb', contrast=1.0, depth=0, interpolate=False, mask='gauss', maskParams=None, name='OKrespZone', opacity=1.0, ori=0.0, phase=array([ 0.,  0.]), pos=array([ 0.  ,  0.88]), rgbPedestal=array([ 0.,  0.,  0.]), sf=array([ 0.,  0.]), size=array([ 2. ,  0.2]), tex='sin', texRes=256, units='norm', win=Window(...))
106.8995 	DATA 	Mouse: Left button down, pos=(1713,185)
107.0343 	DATA 	Mouse:  Left button up, pos=(1713,185)
108.4586 	DATA 	Mouse: Left button down, pos=(1708,679)
108.5944 	DATA 	Mouse:  Left button up, pos=(1708,679)
141.1153 	DATA 	Mouse: Left button down, pos=(145,392)
141.2423 	DATA 	Mouse:  Left button up, pos=(145,392)
144.7306 	DATA 	Mouse: Left button down, pos=(127,188)
144.8824 	DATA 	Mouse:  Left button up, pos=(127,188)
173.6026 	DATA 	Mouse: Left button down, pos=(1324,737)
173.7864 	DATA 	Mouse:  Left button up, pos=(1324,737)
183.2507 	DATA 	Mouse: Left button down, pos=(658,691)
183.3384 	DATA 	Mouse:  Left button up, pos=(658,691)
191.8345 	DATA 	Mouse: Left button down, pos=(917,735)
191.9223 	DATA 	Mouse:  Left button up, pos=(917,735)
212.1062 	DATA 	Mouse: wheel shift=(0,-1), pos=(1266,253)
212.1623 	DATA 	Mouse: wheel shift=(0,-1), pos=(1266,253)
212.2502 	DATA 	Mouse: wheel shift=(0,-1), pos=(1266,253)
226.1625 	DATA 	Mouse: Left button down, pos=(916,462)
226.2664 	DATA 	Mouse:  Left button up, pos=(916,462)
227.9066 	DATA 	Mouse: Left button down, pos=(711,396)
228.0343 	DATA 	Mouse:  Left button up, pos=(711,396)
234.6189 	DATA 	Mouse: Left button down, pos=(744,50)
234.7224 	DATA 	Mouse:  Left button up, pos=(744,50)
235.9957 	DATA 	Mouse: Left button down, pos=(1090,1015)
236.0139 	INFO 	Experiment will have 360 trials. Letters will be drawn with superposed noise of 0.00%
236.0303 	EXP 	New trial (rep=0, index=0): {'leftStreamFlip': False, 'oneTarget': False, 'trialInstructionPos': (0, 1), 'probe': 'both', 'rightStreamFlip': False, 'horizVert': True, 'ISIframes': 2, 'rightResponseFirst': True}
236.0304 	INFO 	Starting main part of experiment
236.2382 	DATA 	Mouse:  Left button up, pos=(1090,1015)
237.2210 	INFO 	numtrials=360 and this trialDurFrames=28 or 466.666666667 ms  task=T1
239.2209 	EXP 	window1: recordFrameIntervals = False
239.2313 	INFO 	Mouse: using default window
242.1046 	DATA 	Keypress: n
242.3560 	DATA 	Keypress: e
242.4045 	DATA 	Keypress: w
250.9379 	DATA 	Keypress: r
251.0046 	DATA 	Keypress: e
251.1393 	DATA 	Keypress: d
251.3331 	EXP 	New trial (rep=0, index=1): {'leftStreamFlip': False, 'oneTarget': False, 'trialInstructionPos': (0, -1), 'probe': 'both', 'rightStreamFlip': False, 'horizVert': True, 'ISIframes': 2, 'rightResponseFirst': True}
258.7714 	DATA 	Keypress: return
259.9710 	INFO 	numtrials=360 and this trialDurFrames=22 or 366.666666667 ms  task=T1
261.9876 	EXP 	window1: recordFrameIntervals = False
261.9958 	INFO 	Mouse: using default window
263.6878 	DATA 	Keypress: g
263.8879 	DATA 	Keypress: i
264.0047 	DATA 	Keypress: g
264.6378 	DATA 	Keypress: l
265.0048 	DATA 	Keypress: i
265.1214 	DATA 	Keypress: p
265.2694 	EXP 	New trial (rep=0, index=2): {'leftStreamFlip': False, 'oneTarget': False, 'trialInstructionPos': (0, -1), 'probe': 'both', 'rightStreamFlip': False, 'horizVert': True, 'ISIframes': 2, 'rightResponseFirst': True}
265.2882 	INFO 	numtrials=360 and this trialDurFrames=18 or 300.0 ms  task=T1
267.0711 	EXP 	window1: recordFrameIntervals = False
267.0792 	INFO 	Mouse: using default window
268.8214 	DATA 	Keypress: b
268.8880 	DATA 	Keypress: u
269.0212 	DATA 	Keypress: d
269.5390 	DATA 	Keypress: s
269.6711 	DATA 	Keypress: e
269.8050 	DATA 	Keypress: a
269.9496 	EXP 	New trial (rep=0, index=3): {'leftStreamFlip': False, 'oneTarget': False, 'trialInstructionPos': (0, 1), 'probe': 'both', 'rightStreamFlip': False, 'horizVert': True, 'ISIframes': 2, 'rightResponseFirst': False}
269.9716 	INFO 	numtrials=360 and this trialDurFrames=18 or 300.0 ms  task=T1
271.3878 	EXP 	window1: recordFrameIntervals = False
271.3960 	INFO 	Mouse: using default window
272.4880 	DATA 	Keypress: a
272.7045 	DATA 	Keypress: y
272.8212 	DATA 	Keypress: e
274.8545 	DATA 	Keypress: a
274.9722 	DATA 	Keypress: y
275.1045 	DATA 	Keypress: e
275.2495 	EXP 	New trial (rep=0, index=4): {'leftStreamFlip': False, 'oneTarget': True, 'trialInstructionPos': (0, -1), 'probe': 'both', 'rightStreamFlip': False, 'horizVert': True, 'ISIframes': 2, 'rightResponseFirst': True}
281.0047 	DATA 	Mouse: Left button down, pos=(987,516)
281.1044 	DATA 	Mouse:  Left button up, pos=(987,519)
281.9880 	DATA 	Keypress: return
282.0210 	INFO 	numtrials=360 and this trialDurFrames=14 or 233.333333333 ms  task=T1
283.1876 	EXP 	window1: recordFrameIntervals = False
283.1954 	INFO 	Mouse: using default window
284.3546 	DATA 	Keypress: h
284.5057 	DATA 	Keypress: e
284.5880 	DATA 	Keypress: y
284.7319 	EXP 	New trial (rep=0, index=5): {'leftStreamFlip': False, 'oneTarget': False, 'trialInstructionPos': (0, 1), 'probe': 'both', 'rightStreamFlip': False, 'horizVert': True, 'ISIframes': 2, 'rightResponseFirst': True}
284.7540 	INFO 	numtrials=360 and this trialDurFrames=4 or 66.6666666667 ms  task=T1
285.9544 	EXP 	window1: recordFrameIntervals = False
285.9625 	INFO 	Mouse: using default window
287.5214 	DATA 	Keypress: d
287.6047 	DATA 	Keypress: o
287.7384 	DATA 	Keypress: c
291.5714 	DATA 	Keypress: b
291.7382 	DATA 	Keypress: o
293.3546 	DATA 	Keypress: backspace
293.8713 	DATA 	Keypress: backspace
297.9390 	DATA 	Keypress: g
298.1046 	DATA 	Keypress: e
298.5879 	DATA 	Keypress: t
298.7380 	EXP 	New trial (rep=0, index=6): {'leftStreamFlip': False, 'oneTarget': False, 'trialInstructionPos': (0, -1), 'probe': 'both', 'rightStreamFlip': False, 'horizVert': True, 'ISIframes': 2, 'rightResponseFirst': False}
298.7539 	INFO 	numtrials=360 and this trialDurFrames=4 or 66.6666666667 ms  task=T1
299.9544 	EXP 	window1: recordFrameIntervals = False
299.9625 	INFO 	Mouse: using default window
301.5212 	DATA 	Keypress: m
301.6214 	DATA 	Keypress: a
301.6714 	DATA 	Keypress: y
302.3714 	DATA 	Keypress: c
302.8048 	DATA 	Keypress: t
303.3379 	DATA 	Keypress: backspace
303.4879 	DATA 	Keypress: r
303.7547 	DATA 	Keypress: y
303.9009 	EXP 	New trial (rep=0, index=7): {'leftStreamFlip': False, 'oneTarget': True, 'trialInstructionPos': (0, 1), 'probe': 'both', 'rightStreamFlip': False, 'horizVert': True, 'ISIframes': 2, 'rightResponseFirst': False}
303.9211 	INFO 	numtrials=360 and this trialDurFrames=3 or 50.0 ms  task=T1
305.0545 	EXP 	window1: recordFrameIntervals = False
305.0626 	INFO 	Mouse: using default window
314.7547 	DATA 	Keypress: r
314.8546 	DATA 	Keypress: e
314.9712 	DATA 	Keypress: g
315.1117 	EXP 	New trial (rep=0, index=8): {'leftStreamFlip': False, 'oneTarget': False, 'trialInstructionPos': (0, -1), 'probe': 'both', 'rightStreamFlip': False, 'horizVert': True, 'ISIframes': 2, 'rightResponseFirst': False}
315.1372 	INFO 	numtrials=360 and this trialDurFrames=4 or 66.6666666667 ms  task=T1
316.3544 	EXP 	window1: recordFrameIntervals = False
316.3624 	INFO 	Mouse: using default window
317.6212 	DATA 	Keypress: m
317.8046 	DATA 	Keypress: a
317.9547 	DATA 	Keypress: n
318.4379 	DATA 	Keypress: t
318.5547 	DATA 	Keypress: e
318.6046 	DATA 	Keypress: a
318.7505 	EXP 	New trial (rep=0, index=9): {'leftStreamFlip': False, 'oneTarget': True, 'trialInstructionPos': (0, -1), 'probe': 'both', 'rightStreamFlip': False, 'horizVert': True, 'ISIframes': 2, 'rightResponseFirst': False}
318.7705 	INFO 	numtrials=360 and this trialDurFrames=4 or 66.6666666667 ms  task=T1
319.9044 	EXP 	window1: recordFrameIntervals = False
319.9125 	INFO 	Mouse: using default window
328.3395 	DATA 	Keypress: s
328.4547 	DATA 	Keypress: e
328.5547 	DATA 	Keypress: a
328.6964 	EXP 	New trial (rep=0, index=10): {'leftStreamFlip': False, 'oneTarget': False, 'trialInstructionPos': (0, 1), 'probe': 'both', 'rightStreamFlip': False, 'horizVert': True, 'ISIframes': 2, 'rightResponseFirst': False}
328.7206 	INFO 	numtrials=360 and this trialDurFrames=4 or 66.6666666667 ms  task=T1
329.9378 	EXP 	window1: recordFrameIntervals = False
329.9473 	INFO 	Mouse: using default window
331.1047 	DATA 	Keypress: a
331.4379 	DATA 	Keypress: u
331.6047 	DATA 	Keypress: d
333.3713 	DATA 	Keypress: t
333.4380 	DATA 	Keypress: e
333.5216 	DATA 	Keypress: a
333.6655 	EXP 	New trial (rep=0, index=11): {'leftStreamFlip': False, 'oneTarget': True, 'trialInstructionPos': (0, 1), 'probe': 'both', 'rightStreamFlip': False, 'horizVert': True, 'ISIframes': 2, 'rightResponseFirst': True}
333.6873 	INFO 	numtrials=360 and this trialDurFrames=5 or 83.3333333333 ms  task=T1
334.9211 	EXP 	window1: recordFrameIntervals = False
334.9292 	INFO 	Mouse: using default window
335.6879 	DATA 	Keypress: t
335.7882 	DATA 	Keypress: e
336.5714 	DATA 	Keypress: backspace
336.7714 	DATA 	Keypress: backspace
338.2216 	DATA 	Keypress: t
338.3379 	DATA 	Keypress: e
338.3880 	DATA 	Keypress: a
338.5356 	EXP 	New trial (rep=1, index=0): {'leftStreamFlip': False, 'oneTarget': False, 'trialInstructionPos': (0, -1), 'probe': 'both', 'rightStreamFlip': False, 'horizVert': True, 'ISIframes': 2, 'rightResponseFirst': True}
338.5540 	INFO 	numtrials=360 and this trialDurFrames=6 or 100.0 ms  task=T1
339.6878 	EXP 	window1: recordFrameIntervals = False
339.6959 	INFO 	Mouse: using default window
340.6379 	DATA 	Keypress: r
341.0213 	DATA 	Keypress: u
341.2047 	DATA 	Keypress: g
345.6217 	DATA 	Keypress: e
345.7381 	DATA 	Keypress: t
346.4047 	DATA 	Keypress: backspace
346.5880 	DATA 	Keypress: backspace
346.9380 	DATA 	Keypress: y
347.0880 	DATA 	Keypress: e
347.1388 	DATA 	Keypress: t
347.2861 	EXP 	New trial (rep=1, index=1): {'leftStreamFlip': False, 'oneTarget': False, 'trialInstructionPos': (0, 1), 'probe': 'both', 'rightStreamFlip': False, 'horizVert': True, 'ISIframes': 2, 'rightResponseFirst': False}
347.3041 	INFO 	numtrials=360 and this trialDurFrames=6 or 100.0 ms  task=T1
348.3211 	EXP 	window1: recordFrameIntervals = False
348.3292 	INFO 	Mouse: using default window
349.3380 	DATA 	Keypress: s
349.4880 	DATA 	Keypress: a
349.5715 	DATA 	Keypress: w
350.3380 	DATA 	Keypress: w
350.5712 	DATA 	Keypress: u
350.6879 	DATA 	Keypress: b
350.8320 	EXP 	New trial (rep=1, index=2): {'leftStreamFlip': False, 'oneTarget': False, 'trialInstructionPos': (0, 1), 'probe': 'both', 'rightStreamFlip': False, 'horizVert': True, 'ISIframes': 2, 'rightResponseFirst': False}
350.8542 	INFO 	numtrials=360 and this trialDurFrames=5 or 83.3333333333 ms  task=T1
351.9712 	EXP 	window1: recordFrameIntervals = False
351.9796 	INFO 	Mouse: using default window
354.0719 	DATA 	Keypress: b
354.1547 	DATA 	Keypress: e
354.2547 	DATA 	Keypress: t
355.9549 	DATA 	Keypress: b
356.0380 	DATA 	Keypress: u
356.3047 	DATA 	Keypress: y
356.4479 	EXP 	New trial (rep=1, index=3): {'leftStreamFlip': False, 'oneTarget': False, 'trialInstructionPos': (0, -1), 'probe': 'both', 'rightStreamFlip': False, 'horizVert': True, 'ISIframes': 2, 'rightResponseFirst': False}
356.4706 	INFO 	numtrials=360 and this trialDurFrames=5 or 83.3333333333 ms  task=T1
357.6377 	EXP 	window1: recordFrameIntervals = False
357.6458 	INFO 	Mouse: using default window
396.2547 	DATA 	Keypress: r
396.3231 	DATA 	Keypress: a
396.4213 	DATA 	Keypress: t
398.9547 	DATA 	Keypress: h
399.1381 	DATA 	Keypress: a
399.2048 	DATA 	Keypress: t
399.3487 	EXP 	New trial (rep=1, index=4): {'leftStreamFlip': False, 'oneTarget': True, 'trialInstructionPos': (0, 1), 'probe': 'both', 'rightStreamFlip': False, 'horizVert': True, 'ISIframes': 2, 'rightResponseFirst': True}
399.3707 	INFO 	numtrials=360 and this trialDurFrames=6 or 100.0 ms  task=T1
400.5044 	EXP 	window1: recordFrameIntervals = False
400.5126 	INFO 	Mouse: using default window
401.0714 	DATA 	Keypress: p
401.1554 	DATA 	Keypress: e
401.2380 	DATA 	Keypress: r
401.3803 	EXP 	New trial (rep=1, index=5): {'leftStreamFlip': False, 'oneTarget': False, 'trialInstructionPos': (0, -1), 'probe': 'both', 'rightStreamFlip': False, 'horizVert': True, 'ISIframes': 2, 'rightResponseFirst': True}
401.4041 	INFO 	numtrials=360 and this trialDurFrames=6 or 100.0 ms  task=T1
402.5379 	EXP 	window1: recordFrameIntervals = False
402.5460 	INFO 	Mouse: using default window
403.8213 	DATA 	Keypress: b
404.0048 	DATA 	Keypress: u
404.1713 	DATA 	Keypress: y
404.9713 	DATA 	Keypress: o
405.3214 	DATA 	Keypress: backspace
405.4548 	DATA 	Keypress: p
405.6048 	DATA 	Keypress: e
405.8214 	DATA 	Keypress: n
405.9666 	EXP 	New trial (rep=1, index=6): {'leftStreamFlip': False, 'oneTarget': False, 'trialInstructionPos': (0, 1), 'probe': 'both', 'rightStreamFlip': False, 'horizVert': True, 'ISIframes': 2, 'rightResponseFirst': True}
405.9874 	INFO 	numtrials=360 and this trialDurFrames=6 or 100.0 ms  task=T1
407.0379 	EXP 	window1: recordFrameIntervals = False
407.0460 	INFO 	Mouse: using default window
408.3214 	DATA 	Keypress: l
408.4714 	DATA 	Keypress: a
408.7880 	DATA 	Keypress: p
412.3549 	DATA 	Keypress: e
412.6714 	DATA 	Keypress: a
412.7884 	DATA 	Keypress: t
412.9313 	EXP 	New trial (rep=1, index=7): {'leftStreamFlip': False, 'oneTarget': True, 'trialInstructionPos': (0, -1), 'probe': 'both', 'rightStreamFlip': False, 'horizVert': True, 'ISIframes': 2, 'rightResponseFirst': True}
412.9540 	INFO 	numtrials=360 and this trialDurFrames=6 or 100.0 ms  task=T1
414.0210 	EXP 	window1: recordFrameIntervals = False
414.0294 	INFO 	Mouse: using default window
415.0047 	DATA 	Keypress: c
415.1047 	DATA 	Keypress: a
415.2048 	DATA 	Keypress: b
415.3468 	EXP 	New trial (rep=1, index=8): {'leftStreamFlip': False, 'oneTarget': False, 'trialInstructionPos': (0, -1), 'probe': 'both', 'rightStreamFlip': False, 'horizVert': True, 'ISIframes': 2, 'rightResponseFirst': False}
415.3718 	INFO 	numtrials=360 and this trialDurFrames=6 or 100.0 ms  task=T1
416.5711 	EXP 	window1: recordFrameIntervals = False
416.5793 	INFO 	Mouse: using default window
417.6881 	DATA 	Keypress: g
417.8714 	DATA 	Keypress: o
418.0047 	DATA 	Keypress: t
418.5047 	DATA 	Keypress: v
418.6048 	DATA 	Keypress: a
418.7382 	DATA 	Keypress: n
418.8810 	EXP 	New trial (rep=1, index=9): {'leftStreamFlip': False, 'oneTarget': False, 'trialInstructionPos': (0, 1), 'probe': 'both', 'rightStreamFlip': False, 'horizVert': True, 'ISIframes': 2, 'rightResponseFirst': True}
418.9041 	INFO 	numtrials=360 and this trialDurFrames=6 or 100.0 ms  task=T1
420.0713 	EXP 	window1: recordFrameIntervals = False
420.0792 	INFO 	Mouse: using default window
420.7047 	DATA 	Keypress: p
420.8547 	DATA 	Keypress: o
421.0556 	DATA 	Keypress: d
423.0381 	DATA 	Keypress: r
423.1548 	DATA 	Keypress: o
423.2713 	DATA 	Keypress: d
423.4194 	EXP 	New trial (rep=1, index=10): {'leftStreamFlip': False, 'oneTarget': True, 'trialInstructionPos': (0, 1), 'probe': 'both', 'rightStreamFlip': False, 'horizVert': True, 'ISIframes': 2, 'rightResponseFirst': False}
423.4376 	INFO 	numtrials=360 and this trialDurFrames=6 or 100.0 ms  task=T1
424.5879 	EXP 	window1: recordFrameIntervals = False
424.5964 	INFO 	Mouse: using default window
425.1549 	DATA 	Keypress: f
425.4714 	DATA 	Keypress: e
425.5549 	DATA 	Keypress: w
425.6964 	EXP 	New trial (rep=1, index=11): {'leftStreamFlip': False, 'oneTarget': True, 'trialInstructionPos': (0, -1), 'probe': 'both', 'rightStreamFlip': False, 'horizVert': True, 'ISIframes': 2, 'rightResponseFirst': False}
425.7208 	INFO 	numtrials=360 and this trialDurFrames=6 or 100.0 ms  task=T1
426.8545 	EXP 	window1: recordFrameIntervals = False
426.8626 	INFO 	Mouse: using default window
427.3049 	DATA 	Keypress: o
427.5047 	DATA 	Keypress: l
427.6048 	DATA 	Keypress: d
427.7457 	EXP 	New trial (rep=2, index=0): {'leftStreamFlip': False, 'oneTarget': True, 'trialInstructionPos': (0, 1), 'probe': 'both', 'rightStreamFlip': False, 'horizVert': True, 'ISIframes': 2, 'rightResponseFirst': False}
427.7708 	INFO 	numtrials=360 and this trialDurFrames=5 or 83.3333333333 ms  task=T1
428.8712 	EXP 	window1: recordFrameIntervals = False
428.8792 	INFO 	Mouse: using default window
429.3880 	DATA 	Keypress: s
429.5220 	DATA 	Keypress: e
429.7713 	DATA 	Keypress: x
429.9119 	EXP 	New trial (rep=2, index=1): {'leftStreamFlip': False, 'oneTarget': False, 'trialInstructionPos': (0, -1), 'probe': 'both', 'rightStreamFlip': False, 'horizVert': True, 'ISIframes': 2, 'rightResponseFirst': False}
429.9374 	INFO 	numtrials=360 and this trialDurFrames=5 or 83.3333333333 ms  task=T1
431.1713 	EXP 	window1: recordFrameIntervals = False
431.1811 	INFO 	Mouse: using default window
432.0048 	DATA 	Keypress: f
432.1713 	DATA 	Keypress: o
432.3213 	DATA 	Keypress: x
432.9715 	DATA 	Keypress: s
433.1047 	DATA 	Keypress: i
433.2049 	DATA 	Keypress: n
433.3493 	EXP 	New trial (rep=2, index=2): {'leftStreamFlip': False, 'oneTarget': False, 'trialInstructionPos': (0, -1), 'probe': 'both', 'rightStreamFlip': False, 'horizVert': True, 'ISIframes': 2, 'rightResponseFirst': True}
433.3708 	INFO 	numtrials=360 and this trialDurFrames=5 or 83.3333333333 ms  task=T1
434.3713 	EXP 	window1: recordFrameIntervals = False
434.3795 	INFO 	Mouse: using default window
435.1047 	DATA 	Keypress: g
435.1718 	DATA 	Keypress: o
435.2879 	DATA 	Keypress: t
438.7715 	DATA 	Keypress: lshift
439.1390 	DATA 	Keypress: lctrl
439.3547 	DATA 	Keypress: d
440.1049 	DATA 	Keypress: backspace
440.5047 	DATA 	Keypress: lctrl
440.5547 	DATA 	Keypress: lshift
440.8047 	DATA 	Keypress: d
441.8714 	DATA 	Keypress: backspace
442.0549 	DATA 	Keypress: backspace
442.2549 	DATA 	Keypress: backspace
442.8714 	DATA 	Keypress: backspace
443.0214 	DATA 	Keypress: lctrl
443.1549 	DATA 	Keypress: lshift
443.3547 	DATA 	Keypress: z
443.3747 	INFO 	Stopping at 11:20 on 09 Aug 2018
443.3760 	ERROR 	user aborted experiment on keypress with trials done=26 of 361
443.4040 	INFO 	Program terminating normally.
