0.5789 	WARNING 	Monitor specification not found. Creating a temporary one...
12.5953 	EXP 	Created window1 = Window(allowGUI=False, allowStencil=False, autoLog=True, bitsMode=UNKNOWN, blendMode='avg', color=array([-0.7, -0.7, -0.7]), colorSpace='rgb', fullscr=UNKNOWN, gamma=None, lms=UNKNOWN, monitor=<psychopy.monitors.calibTools.Monitor object at 0x1A4B1170>, name='window1', pos=[0, 0], screen=0, size=array([1920, 1080]), stereo=False, units='deg', useFBO=False, useRetina=False, viewOri=0.0, viewPos=None, viewScale=None, waitBlanking=False, winType='pyglet')
12.5953 	INFO 	Mouse: using default window
12.5956 	EXP 	window1: units = 'norm'
12.6735 	EXP 	Created unnamed ImageStim = ImageStim(autoLog=True, color=array([ 1.,  1.,  1.]), colorSpace='rgb', contrast=1.0, depth=0, flipHoriz=False, flipVert=False, image=str(...), interpolate=False, mask=None, maskParams=None, name='unnamed ImageStim', opacity=1.0, ori=0.0, pos=array([-0.5,  0. ]), size=array([ 1.290625  ,  3.24814815]), texRes=128, units='norm', win=Window(...))
12.7467 	EXP 	Created unnamed ImageStim = ImageStim(autoLog=True, color=array([ 1.,  1.,  1.]), colorSpace='rgb', contrast=1.0, depth=0, flipHoriz=False, flipVert=False, image=str(...), interpolate=False, mask=None, maskParams=None, name='unnamed ImageStim', opacity=1.0, ori=0.0, pos=array([ 0.5,  0. ]), size=array([ 1.290625  ,  3.24814815]), texRes=128, units='norm', win=Window(...))
12.7635 	EXP 	Created OKrespZone = GratingStim(autoDraw=False, autoLog=True, color=array([ 1. ,  0.5,  0.5]), colorSpace='rgb', contrast=1.0, depth=0, interpolate=False, mask='gauss', maskParams=None, name='OKrespZone', opacity=1.0, ori=0.0, phase=array([ 0.,  0.]), pos=array([-0.2 , -0.92]), rgbPedestal=array([ 0.,  0.,  0.]), sf=array([ 0.,  0.]), size=array([ 2.3,  0.2]), tex='sin', texRes=256, units='norm', win=Window(...))
12.9013 	EXP 	unnamed ImageStim: size = (1, 2)
12.9013 	EXP 	unnamed ImageStim: size = (1, 2)
36.4762 	DATA 	Mouse: Left button down, pos=(913,35)
36.4922 	EXP 	window1: units = 'deg'
36.4927 	EXP 	window1: units = 'norm'
36.5132 	EXP 	Created OKrespZone = GratingStim(autoDraw=False, autoLog=True, color=array([ 1. ,  0.5,  0.5]), colorSpace='rgb', contrast=1.0, depth=0, interpolate=False, mask='gauss', maskParams=None, name='OKrespZone', opacity=1.0, ori=0.0, phase=array([ 0.,  0.]), pos=array([-0.2 , -0.92]), rgbPedestal=array([ 0.,  0.,  0.]), sf=array([ 0.,  0.]), size=array([ 2.3,  0.2]), tex='sin', texRes=256, units='norm', win=Window(...))
36.5883 	EXP 	Created unnamed ImageStim = ImageStim(autoLog=True, color=array([ 1.,  1.,  1.]), colorSpace='rgb', contrast=1.0, depth=0, flipHoriz=False, flipVert=False, image='abgdj\\PISandConsentForm\\consentForm.png', interpolate=False, mask=None, maskParams=None, name='unnamed ImageStim', opacity=1.0, ori=0.0, pos=array([ 0.,  0.]), size=array([ 1.3375    ,  2.97407407]), texRes=128, units='norm', win=Window(...))
36.6254 	EXP 	Created unnamed GratingStim = GratingStim(autoDraw=False, autoLog=True, color=array([ 1. ,  0.5,  0.5]), colorSpace='rgb', contrast=1.0, depth=0, interpolate=False, mask='gauss', maskParams=None, name='unnamed GratingStim', opacity=1.0, ori=0.0, phase=array([ 0.,  0.]), pos=array([-0.2 , -0.42]), rgbPedestal=array([ 0.,  0.,  0.]), sf=array([ 0.,  0.]), size=array([ 0.3,  0.2]), tex='sin', texRes=256, units='norm', win=Window(...))
36.6547 	EXP 	Created unnamed GratingStim = GratingStim(autoDraw=False, autoLog=True, color=array([ 1. ,  0.5,  0.5]), colorSpace='rgb', contrast=1.0, depth=0, interpolate=False, mask='gauss', maskParams=None, name='unnamed GratingStim', opacity=1.0, ori=0.0, phase=array([ 0.,  0.]), pos=array([ 0.1 , -0.42]), rgbPedestal=array([ 0.,  0.,  0.]), sf=array([ 0.,  0.]), size=array([ 0.3,  0.2]), tex='sin', texRes=256, units='norm', win=Window(...))
36.6745 	EXP 	Created unnamed GratingStim = GratingStim(autoDraw=False, autoLog=True, color=array([ 1. ,  0.5,  0.5]), colorSpace='rgb', contrast=1.0, depth=0, interpolate=False, mask='gauss', maskParams=None, name='unnamed GratingStim', opacity=1.0, ori=0.0, phase=array([ 0.,  0.]), pos=array([-0.2 , -0.72]), rgbPedestal=array([ 0.,  0.,  0.]), sf=array([ 0.,  0.]), size=array([ 0.3,  0.2]), tex='sin', texRes=256, units='norm', win=Window(...))
36.6943 	EXP 	Created unnamed GratingStim = GratingStim(autoDraw=False, autoLog=True, color=array([ 1. ,  0.5,  0.5]), colorSpace='rgb', contrast=1.0, depth=0, interpolate=False, mask='gauss', maskParams=None, name='unnamed GratingStim', opacity=1.0, ori=0.0, phase=array([ 0.,  0.]), pos=array([ 0.1 , -0.72]), rgbPedestal=array([ 0.,  0.,  0.]), sf=array([ 0.,  0.]), size=array([ 0.3,  0.2]), tex='sin', texRes=256, units='norm', win=Window(...))
36.6971 	DATA 	Mouse:  Left button up, pos=(913,35)
36.7024 	EXP 	unnamed ImageStim: size = (1.1, 2)
50.0928 	DATA 	Mouse: Left button down, pos=(773,314)
50.2261 	DATA 	Mouse:  Left button up, pos=(773,314)
51.8094 	DATA 	Mouse: Left button down, pos=(763,156)
51.9097 	DATA 	Mouse:  Left button up, pos=(763,156)
52.9263 	DATA 	Mouse: Left button down, pos=(750,31)
52.9427 	EXP 	window1: units = 'deg'
52.9467 	EXP 	window1: mouseVisible = True
65.0105 	EXP 	Created window1 = Window(allowGUI=False, allowStencil=False, autoLog=True, bitsMode=UNKNOWN, blendMode='avg', color=array([-0.7, -0.7, -0.7]), colorSpace='rgb', fullscr=UNKNOWN, gamma=None, lms=UNKNOWN, monitor=<psychopy.monitors.calibTools.Monitor object at 0x1A4B1170>, name='window1', pos=[0, 0], screen=0, size=array([1920, 1080]), stereo=False, units='deg', useFBO=False, useRetina=False, viewOri=0.0, viewPos=None, viewScale=None, waitBlanking=False, winType='pyglet')
71.0935 	INFO 	#[ PsychoPy2 RuntimeInfoStart ]
  #[[ PsychoPy ]] #---------
    psychopyVersion: 1.84.2
    psychopyHaveExtRush: True
  #[[ Experiment ]] #---------
    experimentAuthor: None
    experimentAuthVersion: None
    experimentRunTime: 2018_08_08 14:15 (Year_Month_Day Hour:Min)
    experimentRunTime.epoch: 1533701756
    experimentScript: psyc1002.py
    experimentScript.digestSHA1: 03993779484d600ea4c1b8cc2288f3d37a5025d5
    experimentScript.directory: U:\PSYC1002\abgdj
  #[[ System ]] #---------
    systemHaveInternetAccess: True
    systemHostName: W5FG5LG2
    systemLocale: English_Australia.1252
    systemMemFreeRAM: 4017.8046875
    systemMemTotalRAM: 8076.9453125
    systemPlatform: windowsversion=sys.getwindowsversion(major=6, minor=2, build=9200, platform=2, service_pack='')
    systemPyo.InputDevices: {4: {'host api index': 2, 'latency': 0.008707483299076557, 'default sr': 44100, 'name': u'Realtek ASIO'}}
    systemPyo.OutputDevices: {0: {'host api index': 0, 'latency': 0.09000000357627869, 'default sr': 44100, 'name': u'Microsoft Sound Mapper - Output'}, 1: {'host api index': 0, 'latency': 0.09000000357627869, 'default sr': 44100, 'name': u'Speakers / Headphones (Realtek '}, 2: {'host api index': 1, 'latency': 0.11999999731779099, 'default sr': 44100, 'name': u'Primary Sound Driver'}, 3: {'host api index': 1, 'latency': 0.11999999731779099, 'default sr': 44100, 'name': u'Speakers / Headphones (Realtek High Definition Audio)'}, 4: {'host api index': 2, 'latency': 0.008707483299076557, 'default sr': 44100, 'name': u'Realtek ASIO'}, 5: {'host api index': 3, 'latency': 0.003000000026077032, 'default sr': 48000, 'name': u'Speakers / Headphones (Realtek High Definition Audio)'}}
    systemPyoVersion: 0.8.0
    systemRebooted: System Boot Time:          8/08/2018, 2:12:17 AM
    systemSec.pythonSSL: True
    systemTimeNumpySD1000000_sec: 0.0079
    systemUser: lsym4943
    systemUserID: 1000
    systemUserProcCmdPid: LabStatsUserSpace.exe dwm.exe TiWorker.exe CmRcService.exe nierserver.exe LabStatsClient.exe tagsrv.exe SearchUI.exe OneDrive.exe nipxism.exe TrustedInstaller.exe niLxiDiscovery.exe SecurityHealthService.exe redirector.exe SearchProtocolHost.exe server_admin.exe pc-client.exe lkads.exe svchost.exe smartscreen.exe ni_usbmon.exe AGSService.exe System SISIDSService.exe SelfServicePlugin.exe explorer.exe smss.exe ApplicationWebServer.exe RuntimeBroker.exe acrotray.exe niauth_daemon.exe cmd.exe nidmsrv.exe Receiver.exe SISIPSService.exe lktsrv.exe lsass.exe python.exe RtkNGUI64.exe sisipsutil.exe AdobeUpdateService.exe armsvc.exe policyHost.exe ssonsvr.exe concentr.exe nidevldu.exe taskhostw.exe ctfmon.exe RAVBg64.exe ''Memory Compression'' NIWebServiceContainer.exe nimxs.exe RtkAudioService64.exe SystemWebServer.exe tasklist.exe snowagent.exe CcmExec.exe SearchFilterHost.exe SmcGui.exe nicitdl5.exe ''System Idle Process'' services.exe niDiscSvc.exe sqlwriter.exe MSASCuiL.exe SCNotification.exe nimdnsResponder.exe server_runtime.exe sihost.exe backgroundTaskHost.exe spoolsv.exe wininit.exe winlogon.exe ShellExperienceHost.exe nidevmon.exe SearchIndexer.exe csrss.exe WmiPrvSE.exe audiodg.exe fontdrvhost.exe OneDriveSetup.exe dllhost.exe unsecapp.exe ccSvcHst.exe wfcrun32.exe nisvcloc.exe server_eventlog.exe lkcitdl.exe AuthManSvr.exe conhost.exe
    systemUserProcCount: 187
    systemUserProcFlagged: Explorer
    systemUsersCount: False
  #[[ Window ]] #---------
    windowWinType: pyglet
    windowWaitBlanking: False
    windowUseNativeGamma: True
    windowUnits: deg
    windowSize_pix: [1920 1080]
    windowScreen: 0
    windowRgb: [-0.7 -0.7 -0.7]
    windowRefreshTimeSD_ms: 0.222
    windowRefreshTimeMedian_ms: 16.652
    windowRefreshTimeAvg_ms: 16.667
    windowRefreshThreshold_sec: 0.0200
    windowRecordFrameIntervals: False
    windowPos_pix: [0, 0]
    windowMonitor.name: testmonitor
    windowMonitor.getWidth_cm: 57.0
    windowMonitor.getLinearizeMethod: 1
    windowMonitor.getGammaGrid: [[  0.   1.   1.  nan  nan  nan]
 [  0.   1.   1.  nan  nan  nan]
 [  0.   1.   1.  nan  nan  nan]
 [  0.   1.   1.  nan  nan  nan]]
    windowMonitor.getDistance_cm: 57.0
    windowMonitor.gammaInterpolator2: None
    windowMonitor.gammaInterpolator: None
    windowMonitor.currentCalibName: 2018_08_08 14:14
    windowIsFullScr: True
    windowHaveShaders: True
    windowAllowGUI: False
  #[[ Python ]] #---------
    pythonWxVersion: 3.0.2.0 msw (classic)
    pythonVersion: 2.7.11
    pythonScipyVersion: 0.17.1
    pythonPygletVersion: 1.2.4
    pythonPygameVersion: 1.9.2pre
    pythonNumpyVersion: 1.11.0
    pythonMatplotlibVersion: 1.5.1
    pythonFullVersion: 2.7.11 (v2.7.11:6d1b6a68f775, Dec  5 2015, 20:32:19) [MSC v.1500 32 bit (Intel)]
    pythonExecutable: C:\Program Files (x86)\PsychoPy2\python.exe
  #[[ OpenGL ]] #---------
    openGLVersion: 4.4.0 - Build 20.19.15.4531
    openGLVendor: Intel
    openGLRenderingEngine: Intel(R) HD Graphics 530
    openGLmaxVerticesInVertexArray: 1048576
    False: openGLext.GL_STEREO
    True: openGLext.GL_EXT_framebuffer_object
    True: openGLext.GL_ARB_vertex_shader
    True: openGLext.GL_ARB_texture_non_power_of_two
    True: openGLext.GL_ARB_texture_float
    True: openGLext.GL_ARB_shader_objects
    True: openGLext.GL_ARB_multitexture
    True: openGLext.GL_ARB_fragment_program
#[ PsychoPy2 RuntimeInfoEnd ]

71.1423 	EXP 	window1: recordFrameIntervals = True
71.9758 	EXP 	window1: recordFrameIntervals = False
71.9762 	INFO 	Frames per second ~=60.0, which is close enough to desired val of 60.0
72.1567 	EXP 	Created sequence: random, trialTypes=12, nReps=30, seed=None
72.3021 	INFO 	Mouse: using default window
72.3269 	EXP 	Created OKrespZone = GratingStim(autoDraw=False, autoLog=True, color=array([ 1.,  1.,  1.]), colorSpace='rgb', contrast=1.0, depth=0, interpolate=False, mask='gauss', maskParams=None, name='OKrespZone', opacity=1.0, ori=0.0, phase=array([ 0.,  0.]), pos=array([ 0.  ,  0.88]), rgbPedestal=array([ 0.,  0.,  0.]), sf=array([ 0.,  0.]), size=array([ 2. ,  0.2]), tex='sin', texRes=256, units='norm', win=Window(...))
78.2221 	DATA 	Mouse: Left button down, pos=(169,959)
78.3889 	DATA 	Mouse:  Left button up, pos=(169,959)
82.1571 	DATA 	Mouse: Left button down, pos=(107,622)
82.2609 	DATA 	Mouse:  Left button up, pos=(107,622)
90.3331 	DATA 	Mouse: Left button down, pos=(105,460)
90.4449 	DATA 	Mouse:  Left button up, pos=(105,460)
92.6539 	DATA 	Mouse: Left button down, pos=(107,397)
92.7728 	DATA 	Mouse:  Left button up, pos=(107,397)
94.5892 	DATA 	Mouse: Left button down, pos=(98,182)
94.7249 	DATA 	Mouse:  Left button up, pos=(98,182)
99.0451 	DATA 	Mouse: Left button down, pos=(336,946)
99.1648 	DATA 	Mouse:  Left button up, pos=(336,946)
101.7421 	DATA 	Mouse: Left button down, pos=(318,611)
101.8369 	DATA 	Mouse:  Left button up, pos=(318,611)
103.8050 	DATA 	Mouse: Left button down, pos=(301,465)
103.9168 	DATA 	Mouse:  Left button up, pos=(301,465)
107.0378 	DATA 	Mouse: Left button down, pos=(313,260)
107.1729 	DATA 	Mouse:  Left button up, pos=(313,260)
108.5171 	DATA 	Mouse: Left button down, pos=(317,192)
108.6609 	DATA 	Mouse:  Left button up, pos=(317,192)
116.3652 	DATA 	Mouse: Left button down, pos=(531,950)
116.4769 	DATA 	Mouse:  Left button up, pos=(531,950)
122.0940 	DATA 	Mouse: Left button down, pos=(514,524)
122.2129 	DATA 	Mouse:  Left button up, pos=(514,524)
126.5019 	DATA 	Mouse: Left button down, pos=(526,252)
126.6449 	DATA 	Mouse:  Left button up, pos=(526,252)
128.5902 	DATA 	Mouse: Left button down, pos=(513,56)
128.7169 	DATA 	Mouse:  Left button up, pos=(513,56)
131.9490 	DATA 	Mouse: Left button down, pos=(730,814)
132.0689 	DATA 	Mouse:  Left button up, pos=(730,814)
132.5651 	DATA 	Mouse: Left button down, pos=(727,682)
132.6769 	DATA 	Mouse:  Left button up, pos=(727,682)
134.4700 	DATA 	Mouse: Left button down, pos=(741,537)
134.6049 	DATA 	Mouse:  Left button up, pos=(741,537)
136.6052 	DATA 	Mouse: Left button down, pos=(755,609)
136.6929 	DATA 	Mouse:  Left button up, pos=(755,609)
138.5490 	DATA 	Mouse: Left button down, pos=(729,373)
138.6769 	DATA 	Mouse:  Left button up, pos=(729,373)
144.6531 	DATA 	Mouse: Left button down, pos=(908,881)
144.7809 	DATA 	Mouse:  Left button up, pos=(908,881)
146.0460 	DATA 	Mouse: Left button down, pos=(918,745)
146.1489 	DATA 	Mouse:  Left button up, pos=(918,745)
146.7970 	DATA 	Mouse: Left button down, pos=(919,675)
146.9089 	DATA 	Mouse:  Left button up, pos=(919,675)
149.6292 	DATA 	Mouse: Left button down, pos=(940,461)
149.7329 	DATA 	Mouse:  Left button up, pos=(940,461)
150.8941 	DATA 	Mouse: Left button down, pos=(955,386)
150.9809 	DATA 	Mouse:  Left button up, pos=(955,386)
155.1502 	DATA 	Mouse: Left button down, pos=(977,248)
155.2129 	DATA 	Mouse:  Left button up, pos=(977,248)
156.9730 	DATA 	Mouse: Left button down, pos=(934,49)
157.0688 	DATA 	Mouse:  Left button up, pos=(934,49)
161.2540 	DATA 	Mouse: Left button down, pos=(1112,955)
161.3570 	DATA 	Mouse:  Left button up, pos=(1112,955)
163.9491 	DATA 	Mouse: Left button down, pos=(1130,611)
164.0770 	DATA 	Mouse:  Left button up, pos=(1130,611)
165.9261 	DATA 	Mouse: Left button down, pos=(1110,460)
166.0449 	DATA 	Mouse:  Left button up, pos=(1110,460)
166.3820 	DATA 	Mouse: Left button down, pos=(1119,381)
166.4849 	DATA 	Mouse:  Left button up, pos=(1119,381)
167.8770 	DATA 	Mouse: Left button down, pos=(1124,316)
167.9809 	DATA 	Mouse:  Left button up, pos=(1124,316)
168.8858 	DATA 	Mouse: Left button down, pos=(1124,255)
168.9729 	DATA 	Mouse:  Left button up, pos=(1124,255)
170.6941 	DATA 	Mouse: Left button down, pos=(1131,108)
170.7969 	DATA 	Mouse:  Left button up, pos=(1131,108)
172.9411 	DATA 	Mouse: Left button down, pos=(1322,943)
173.0689 	DATA 	Mouse:  Left button up, pos=(1322,943)
175.2452 	DATA 	Mouse: Left button down, pos=(1324,735)
175.3329 	DATA 	Mouse:  Left button up, pos=(1324,735)
180.1980 	DATA 	Mouse: Left button down, pos=(1304,396)
180.3013 	DATA 	Mouse:  Left button up, pos=(1304,396)
181.6291 	DATA 	Mouse: Left button down, pos=(1317,326)
181.7248 	DATA 	Mouse:  Left button up, pos=(1317,326)
185.3492 	DATA 	Mouse: Left button down, pos=(1514,950)
185.4130 	DATA 	Mouse:  Left button up, pos=(1514,950)
187.2611 	DATA 	Mouse: Left button down, pos=(1540,801)
187.3649 	DATA 	Mouse:  Left button up, pos=(1540,801)
187.7498 	DATA 	Mouse: Left button down, pos=(1544,743)
187.8529 	DATA 	Mouse:  Left button up, pos=(1544,743)
190.6699 	DATA 	Mouse: Left button down, pos=(1533,468)
190.7891 	DATA 	Mouse:  Left button up, pos=(1533,465)
193.4851 	DATA 	Mouse: Left button down, pos=(1529,179)
193.5889 	DATA 	Mouse:  Left button up, pos=(1529,179)
197.2702 	DATA 	Mouse: Left button down, pos=(1759,667)
197.3729 	DATA 	Mouse:  Left button up, pos=(1759,667)
199.4129 	DATA 	Mouse: Left button down, pos=(1728,528)
199.5168 	DATA 	Mouse:  Left button up, pos=(1728,528)
199.8451 	DATA 	Mouse: Left button down, pos=(1737,467)
199.9489 	DATA 	Mouse:  Left button up, pos=(1737,467)
203.5736 	DATA 	Mouse: Left button down, pos=(1761,333)
203.6849 	DATA 	Mouse:  Left button up, pos=(1761,333)
204.5010 	DATA 	Mouse: Left button down, pos=(1756,193)
204.5969 	DATA 	Mouse:  Left button up, pos=(1756,193)
205.1814 	DATA 	Mouse: Left button down, pos=(1716,117)
205.2529 	DATA 	Mouse:  Left button up, pos=(1716,117)
206.4620 	DATA 	Mouse: Left button down, pos=(1734,53)
206.5729 	DATA 	Mouse:  Left button up, pos=(1734,53)
208.3091 	DATA 	Mouse: Left button down, pos=(1038,1011)
208.3256 	INFO 	Experiment will have 360 trials. Letters will be drawn with superposed noise of 0.00%
208.3390 	EXP 	New trial (rep=0, index=0): {'leftStreamFlip': True, 'oneTarget': False, 'trialInstructionPos': (0, 1), 'probe': 'both', 'rightStreamFlip': True, 'horizVert': False, 'ISIframes': 4, 'rightResponseFirst': False}
208.3391 	INFO 	Starting main part of experiment
208.4114 	DATA 	Mouse:  Left button up, pos=(1038,1011)
209.5263 	INFO 	numtrials=360 and this trialDurFrames=54 or 900.0 ms  task=T1
211.8604 	EXP 	window1: recordFrameIntervals = False
211.8707 	INFO 	Mouse: using default window
217.0932 	DATA 	Keypress: s
219.3099 	DATA 	Keypress: j
219.5491 	EXP 	New trial (rep=0, index=1): {'leftStreamFlip': True, 'oneTarget': False, 'trialInstructionPos': (0, 1), 'probe': 'both', 'rightStreamFlip': True, 'horizVert': False, 'ISIframes': 4, 'rightResponseFirst': True}
226.7279 	DATA 	Mouse: Left button down, pos=(840,960)
226.8432 	DATA 	Mouse:  Left button up, pos=(840,960)
227.9604 	DATA 	Keypress: space
229.0598 	INFO 	numtrials=360 and this trialDurFrames=42 or 700.0 ms  task=T1
231.3264 	EXP 	window1: recordFrameIntervals = False
231.3340 	INFO 	Mouse: using default window
233.6266 	DATA 	Keypress: m
235.5269 	DATA 	Keypress: u
235.6702 	EXP 	New trial (rep=0, index=2): {'leftStreamFlip': True, 'oneTarget': False, 'trialInstructionPos': (0, -1), 'probe': 'both', 'rightStreamFlip': True, 'horizVert': False, 'ISIframes': 4, 'rightResponseFirst': False}
235.6933 	INFO 	numtrials=360 and this trialDurFrames=34 or 566.666666667 ms  task=T1
237.8928 	EXP 	window1: recordFrameIntervals = False
237.9008 	INFO 	Mouse: using default window
239.9937 	DATA 	Keypress: k
241.3437 	DATA 	Keypress: t
241.4836 	EXP 	New trial (rep=0, index=3): {'leftStreamFlip': True, 'oneTarget': False, 'trialInstructionPos': (0, 1), 'probe': 'both', 'rightStreamFlip': True, 'horizVert': False, 'ISIframes': 4, 'rightResponseFirst': True}
241.4934 	INFO 	numtrials=360 and this trialDurFrames=34 or 566.666666667 ms  task=T1
243.1762 	EXP 	window1: recordFrameIntervals = False
243.1837 	INFO 	Mouse: using default window
245.3768 	DATA 	Keypress: z
246.4465 	DATA 	Keypress: t
246.5991 	EXP 	New trial (rep=0, index=4): {'leftStreamFlip': True, 'oneTarget': False, 'trialInstructionPos': (0, -1), 'probe': 'both', 'rightStreamFlip': True, 'horizVert': False, 'ISIframes': 4, 'rightResponseFirst': True}
251.1431 	DATA 	Keypress: space
251.1763 	INFO 	numtrials=360 and this trialDurFrames=26 or 433.333333333 ms  task=T1
252.7435 	EXP 	window1: recordFrameIntervals = False
252.7513 	INFO 	Mouse: using default window
254.1431 	DATA 	Keypress: t
254.8464 	DATA 	Keypress: k
255.0013 	EXP 	New trial (rep=0, index=5): {'leftStreamFlip': True, 'oneTarget': True, 'trialInstructionPos': (0, 1), 'probe': 'both', 'rightStreamFlip': True, 'horizVert': False, 'ISIframes': 4, 'rightResponseFirst': True}
255.0272 	INFO 	numtrials=360 and this trialDurFrames=6 or 100.0 ms  task=T1
256.1600 	EXP 	window1: recordFrameIntervals = False
256.1679 	INFO 	Mouse: using default window
258.8935 	DATA 	Keypress: s
259.0329 	EXP 	New trial (rep=0, index=6): {'leftStreamFlip': True, 'oneTarget': False, 'trialInstructionPos': (0, -1), 'probe': 'both', 'rightStreamFlip': True, 'horizVert': False, 'ISIframes': 4, 'rightResponseFirst': True}
259.0604 	INFO 	numtrials=360 and this trialDurFrames=7 or 116.666666667 ms  task=T1
260.1930 	EXP 	window1: recordFrameIntervals = False
260.2010 	INFO 	Mouse: using default window
261.8436 	DATA 	Keypress: r
263.0103 	DATA 	Keypress: m
263.1489 	EXP 	New trial (rep=0, index=7): {'leftStreamFlip': True, 'oneTarget': True, 'trialInstructionPos': (0, -1), 'probe': 'both', 'rightStreamFlip': True, 'horizVert': False, 'ISIframes': 4, 'rightResponseFirst': True}
263.1597 	INFO 	numtrials=360 and this trialDurFrames=6 or 100.0 ms  task=T1
264.2934 	EXP 	window1: recordFrameIntervals = False
264.3020 	INFO 	Mouse: using default window
265.6267 	DATA 	Keypress: r
265.7651 	EXP 	New trial (rep=0, index=8): {'leftStreamFlip': True, 'oneTarget': True, 'trialInstructionPos': (0, -1), 'probe': 'both', 'rightStreamFlip': True, 'horizVert': False, 'ISIframes': 4, 'rightResponseFirst': False}
265.7937 	INFO 	numtrials=360 and this trialDurFrames=7 or 116.666666667 ms  task=T1
266.9595 	EXP 	window1: recordFrameIntervals = False
266.9673 	INFO 	Mouse: using default window
268.1272 	DATA 	Keypress: s
268.2636 	EXP 	New trial (rep=0, index=9): {'leftStreamFlip': True, 'oneTarget': True, 'trialInstructionPos': (0, 1), 'probe': 'both', 'rightStreamFlip': True, 'horizVert': False, 'ISIframes': 4, 'rightResponseFirst': False}
268.2771 	INFO 	numtrials=360 and this trialDurFrames=7 or 116.666666667 ms  task=T1
269.5264 	EXP 	window1: recordFrameIntervals = False
269.5343 	INFO 	Mouse: using default window
271.3100 	DATA 	Keypress: k
271.4484 	EXP 	New trial (rep=0, index=10): {'leftStreamFlip': True, 'oneTarget': False, 'trialInstructionPos': (0, 1), 'probe': 'both', 'rightStreamFlip': True, 'horizVert': False, 'ISIframes': 4, 'rightResponseFirst': False}
271.4602 	INFO 	numtrials=360 and this trialDurFrames=6 or 100.0 ms  task=T1
272.6432 	EXP 	window1: recordFrameIntervals = False
272.6511 	INFO 	Mouse: using default window
275.9432 	DATA 	Keypress: f
277.0438 	DATA 	Keypress: g
277.1824 	EXP 	New trial (rep=0, index=11): {'leftStreamFlip': True, 'oneTarget': False, 'trialInstructionPos': (0, -1), 'probe': 'both', 'rightStreamFlip': True, 'horizVert': False, 'ISIframes': 4, 'rightResponseFirst': False}
277.1926 	INFO 	numtrials=360 and this trialDurFrames=6 or 100.0 ms  task=T1
278.2099 	EXP 	window1: recordFrameIntervals = False
278.2178 	INFO 	Mouse: using default window
280.5267 	DATA 	Keypress: t
281.2462 	DATA 	Keypress: k
281.4037 	EXP 	New trial (rep=1, index=0): {'leftStreamFlip': True, 'oneTarget': True, 'trialInstructionPos': (0, -1), 'probe': 'both', 'rightStreamFlip': True, 'horizVert': False, 'ISIframes': 4, 'rightResponseFirst': True}
281.4254 	INFO 	numtrials=360 and this trialDurFrames=6 or 100.0 ms  task=T1
282.4601 	EXP 	window1: recordFrameIntervals = False
282.4679 	INFO 	Mouse: using default window
283.6635 	DATA 	Keypress: y
283.8199 	EXP 	New trial (rep=1, index=1): {'leftStreamFlip': True, 'oneTarget': True, 'trialInstructionPos': (0, -1), 'probe': 'both', 'rightStreamFlip': True, 'horizVert': False, 'ISIframes': 4, 'rightResponseFirst': False}
283.8425 	INFO 	numtrials=360 and this trialDurFrames=6 or 100.0 ms  task=T1
284.9930 	EXP 	window1: recordFrameIntervals = False
285.0022 	INFO 	Mouse: using default window
286.0938 	DATA 	Keypress: j
286.2351 	EXP 	New trial (rep=1, index=2): {'leftStreamFlip': True, 'oneTarget': True, 'trialInstructionPos': (0, 1), 'probe': 'both', 'rightStreamFlip': True, 'horizVert': False, 'ISIframes': 4, 'rightResponseFirst': True}
286.2592 	INFO 	numtrials=360 and this trialDurFrames=6 or 100.0 ms  task=T1
287.3768 	EXP 	window1: recordFrameIntervals = False
287.3846 	INFO 	Mouse: using default window
288.9931 	DATA 	Keypress: f
289.1379 	EXP 	New trial (rep=1, index=3): {'leftStreamFlip': True, 'oneTarget': False, 'trialInstructionPos': (0, -1), 'probe': 'both', 'rightStreamFlip': True, 'horizVert': False, 'ISIframes': 4, 'rightResponseFirst': False}
289.1758 	INFO 	numtrials=360 and this trialDurFrames=7 or 116.666666667 ms  task=T1
290.3429 	EXP 	window1: recordFrameIntervals = False
290.3531 	INFO 	Mouse: using default window
291.7266 	DATA 	Keypress: g
292.5265 	DATA 	Keypress: n
292.6734 	EXP 	New trial (rep=1, index=4): {'leftStreamFlip': True, 'oneTarget': False, 'trialInstructionPos': (0, 1), 'probe': 'both', 'rightStreamFlip': True, 'horizVert': False, 'ISIframes': 4, 'rightResponseFirst': False}
292.7087 	INFO 	numtrials=360 and this trialDurFrames=7 or 116.666666667 ms  task=T1
293.9431 	EXP 	window1: recordFrameIntervals = False
293.9511 	INFO 	Mouse: using default window
295.0433 	DATA 	Keypress: t
295.7267 	DATA 	Keypress: y
295.8669 	EXP 	New trial (rep=1, index=5): {'leftStreamFlip': True, 'oneTarget': False, 'trialInstructionPos': (0, -1), 'probe': 'both', 'rightStreamFlip': True, 'horizVert': False, 'ISIframes': 4, 'rightResponseFirst': True}
295.8927 	INFO 	numtrials=360 and this trialDurFrames=6 or 100.0 ms  task=T1
297.0765 	EXP 	window1: recordFrameIntervals = False
297.0844 	INFO 	Mouse: using default window
298.7104 	DATA 	Keypress: n
299.6468 	DATA 	Keypress: k
299.7999 	EXP 	New trial (rep=1, index=6): {'leftStreamFlip': True, 'oneTarget': True, 'trialInstructionPos': (0, 1), 'probe': 'both', 'rightStreamFlip': True, 'horizVert': False, 'ISIframes': 4, 'rightResponseFirst': False}
299.8261 	INFO 	numtrials=360 and this trialDurFrames=6 or 100.0 ms  task=T1
301.0429 	EXP 	window1: recordFrameIntervals = False
301.0504 	INFO 	Mouse: using default window
302.2431 	DATA 	Keypress: f
302.3848 	EXP 	New trial (rep=1, index=7): {'leftStreamFlip': True, 'oneTarget': False, 'trialInstructionPos': (0, 1), 'probe': 'both', 'rightStreamFlip': True, 'horizVert': False, 'ISIframes': 4, 'rightResponseFirst': True}
302.4088 	INFO 	numtrials=360 and this trialDurFrames=6 or 100.0 ms  task=T1
303.4763 	EXP 	window1: recordFrameIntervals = False
303.4845 	INFO 	Mouse: using default window
304.7268 	DATA 	Keypress: u
305.6266 	DATA 	Keypress: a
305.7705 	EXP 	New trial (rep=1, index=8): {'leftStreamFlip': True, 'oneTarget': False, 'trialInstructionPos': (0, -1), 'probe': 'both', 'rightStreamFlip': True, 'horizVert': False, 'ISIframes': 4, 'rightResponseFirst': True}
305.7925 	INFO 	numtrials=360 and this trialDurFrames=6 or 100.0 ms  task=T1
306.8604 	EXP 	window1: recordFrameIntervals = False
306.8685 	INFO 	Mouse: using default window
308.8803 	DATA 	Keypress: s
309.6468 	DATA 	Keypress: r
309.8008 	EXP 	New trial (rep=1, index=9): {'leftStreamFlip': True, 'oneTarget': False, 'trialInstructionPos': (0, -1), 'probe': 'both', 'rightStreamFlip': True, 'horizVert': False, 'ISIframes': 4, 'rightResponseFirst': False}
309.8260 	INFO 	numtrials=360 and this trialDurFrames=6 or 100.0 ms  task=T1
311.0601 	EXP 	window1: recordFrameIntervals = False
311.0680 	INFO 	Mouse: using default window
312.8467 	DATA 	Keypress: f
313.5099 	DATA 	Keypress: g
313.6507 	EXP 	New trial (rep=1, index=10): {'leftStreamFlip': True, 'oneTarget': False, 'trialInstructionPos': (0, 1), 'probe': 'both', 'rightStreamFlip': True, 'horizVert': False, 'ISIframes': 4, 'rightResponseFirst': False}
313.6757 	INFO 	numtrials=360 and this trialDurFrames=6 or 100.0 ms  task=T1
314.9102 	EXP 	window1: recordFrameIntervals = False
314.9181 	INFO 	Mouse: using default window
320.3099 	DATA 	Keypress: lctrl
321.7936 	DATA 	Keypress: lctrl
322.2771 	DATA 	Keypress: lshift
323.2266 	DATA 	Keypress: z
323.2460 	INFO 	Stopping at 14:20 on 08 Aug 2018
323.2479 	ERROR 	user aborted experiment on keypress with trials done=22 of 361
323.2646 	INFO 	Program terminating normally.
