0.6853 	WARNING 	Monitor specification not found. Creating a temporary one...
10.9136 	EXP 	Created window1 = Window(allowGUI=False, allowStencil=False, autoLog=True, bitsMode=UNKNOWN, blendMode='avg', color=array([-0.7, -0.7, -0.7]), colorSpace='rgb', fullscr=UNKNOWN, gamma=None, lms=UNKNOWN, monitor=<psychopy.monitors.calibTools.Monitor object at 0x1AE41150>, name='window1', pos=[0, 0], screen=0, size=array([1920, 1080]), stereo=False, units='deg', useFBO=False, useRetina=False, viewOri=0.0, viewPos=None, viewScale=None, waitBlanking=False, winType='pyglet')
10.9138 	INFO 	Mouse: using default window
10.9150 	EXP 	window1: units = 'norm'
11.0023 	EXP 	Created unnamed ImageStim = ImageStim(autoLog=True, color=array([ 1.,  1.,  1.]), colorSpace='rgb', contrast=1.0, depth=0, flipHoriz=False, flipVert=False, image=str(...), interpolate=False, mask=None, maskParams=None, name='unnamed ImageStim', opacity=1.0, ori=0.0, pos=array([-0.5,  0. ]), size=array([ 1.290625  ,  3.24814815]), texRes=128, units='norm', win=Window(...))
11.0956 	EXP 	Created unnamed ImageStim = ImageStim(autoLog=True, color=array([ 1.,  1.,  1.]), colorSpace='rgb', contrast=1.0, depth=0, flipHoriz=False, flipVert=False, image=str(...), interpolate=False, mask=None, maskParams=None, name='unnamed ImageStim', opacity=1.0, ori=0.0, pos=array([ 0.5,  0. ]), size=array([ 1.290625  ,  3.24814815]), texRes=128, units='norm', win=Window(...))
11.1142 	EXP 	Created OKrespZone = GratingStim(autoDraw=False, autoLog=True, color=array([ 1. ,  0.5,  0.5]), colorSpace='rgb', contrast=1.0, depth=0, interpolate=False, mask='gauss', maskParams=None, name='OKrespZone', opacity=1.0, ori=0.0, phase=array([ 0.,  0.]), pos=array([-0.2 , -0.92]), rgbPedestal=array([ 0.,  0.,  0.]), sf=array([ 0.,  0.]), size=array([ 2.3,  0.2]), tex='sin', texRes=256, units='norm', win=Window(...))
11.2593 	EXP 	unnamed ImageStim: size = (1, 2)
11.2593 	EXP 	unnamed ImageStim: size = (1, 2)
40.1809 	DATA 	Mouse: Left button down, pos=(617,359)
40.2958 	DATA 	Mouse:  Left button up, pos=(617,359)
40.9122 	DATA 	Mouse: Left button down, pos=(885,298)
40.9955 	DATA 	Mouse:  Left button up, pos=(885,298)
42.6456 	DATA 	Mouse: Left button down, pos=(960,24)
42.6619 	EXP 	window1: units = 'deg'
42.6622 	EXP 	window1: units = 'norm'
42.6857 	EXP 	Created OKrespZone = GratingStim(autoDraw=False, autoLog=True, color=array([ 1. ,  0.5,  0.5]), colorSpace='rgb', contrast=1.0, depth=0, interpolate=False, mask='gauss', maskParams=None, name='OKrespZone', opacity=1.0, ori=0.0, phase=array([ 0.,  0.]), pos=array([-0.2 , -0.92]), rgbPedestal=array([ 0.,  0.,  0.]), sf=array([ 0.,  0.]), size=array([ 2.3,  0.2]), tex='sin', texRes=256, units='norm', win=Window(...))
42.7683 	EXP 	Created unnamed ImageStim = ImageStim(autoLog=True, color=array([ 1.,  1.,  1.]), colorSpace='rgb', contrast=1.0, depth=0, flipHoriz=False, flipVert=False, image='abgdj\\PISandConsentForm\\consentForm.png', interpolate=False, mask=None, maskParams=None, name='unnamed ImageStim', opacity=1.0, ori=0.0, pos=array([ 0.,  0.]), size=array([ 1.3375    ,  2.97407407]), texRes=128, units='norm', win=Window(...))
42.8027 	EXP 	Created unnamed GratingStim = GratingStim(autoDraw=False, autoLog=True, color=array([ 1. ,  0.5,  0.5]), colorSpace='rgb', contrast=1.0, depth=0, interpolate=False, mask='gauss', maskParams=None, name='unnamed GratingStim', opacity=1.0, ori=0.0, phase=array([ 0.,  0.]), pos=array([-0.2 , -0.42]), rgbPedestal=array([ 0.,  0.,  0.]), sf=array([ 0.,  0.]), size=array([ 0.3,  0.2]), tex='sin', texRes=256, units='norm', win=Window(...))
42.8344 	EXP 	Created unnamed GratingStim = GratingStim(autoDraw=False, autoLog=True, color=array([ 1. ,  0.5,  0.5]), colorSpace='rgb', contrast=1.0, depth=0, interpolate=False, mask='gauss', maskParams=None, name='unnamed GratingStim', opacity=1.0, ori=0.0, phase=array([ 0.,  0.]), pos=array([ 0.1 , -0.42]), rgbPedestal=array([ 0.,  0.,  0.]), sf=array([ 0.,  0.]), size=array([ 0.3,  0.2]), tex='sin', texRes=256, units='norm', win=Window(...))
42.8561 	EXP 	Created unnamed GratingStim = GratingStim(autoDraw=False, autoLog=True, color=array([ 1. ,  0.5,  0.5]), colorSpace='rgb', contrast=1.0, depth=0, interpolate=False, mask='gauss', maskParams=None, name='unnamed GratingStim', opacity=1.0, ori=0.0, phase=array([ 0.,  0.]), pos=array([-0.2 , -0.72]), rgbPedestal=array([ 0.,  0.,  0.]), sf=array([ 0.,  0.]), size=array([ 0.3,  0.2]), tex='sin', texRes=256, units='norm', win=Window(...))
42.8768 	EXP 	Created unnamed GratingStim = GratingStim(autoDraw=False, autoLog=True, color=array([ 1. ,  0.5,  0.5]), colorSpace='rgb', contrast=1.0, depth=0, interpolate=False, mask='gauss', maskParams=None, name='unnamed GratingStim', opacity=1.0, ori=0.0, phase=array([ 0.,  0.]), pos=array([ 0.1 , -0.72]), rgbPedestal=array([ 0.,  0.,  0.]), sf=array([ 0.,  0.]), size=array([ 0.3,  0.2]), tex='sin', texRes=256, units='norm', win=Window(...))
42.8796 	DATA 	Mouse:  Left button up, pos=(960,24)
42.8850 	EXP 	unnamed ImageStim: size = (1.1, 2)
46.7993 	DATA 	Mouse: Left button down, pos=(773,301)
46.9162 	DATA 	Mouse:  Left button up, pos=(773,301)
48.8957 	DATA 	Mouse: Left button down, pos=(794,142)
49.0289 	DATA 	Mouse:  Left button up, pos=(794,142)
51.1832 	DATA 	Mouse: Left button down, pos=(780,33)
51.1952 	EXP 	window1: units = 'deg'
51.1996 	EXP 	window1: mouseVisible = True
70.9814 	EXP 	Created window1 = Window(allowGUI=False, allowStencil=False, autoLog=True, bitsMode=UNKNOWN, blendMode='avg', color=array([-0.7, -0.7, -0.7]), colorSpace='rgb', fullscr=UNKNOWN, gamma=None, lms=UNKNOWN, monitor=<psychopy.monitors.calibTools.Monitor object at 0x1AE41150>, name='window1', pos=[0, 0], screen=0, size=array([1920, 1080]), stereo=False, units='deg', useFBO=False, useRetina=False, viewOri=0.0, viewPos=None, viewScale=None, waitBlanking=False, winType='pyglet')
75.2483 	INFO 	#[ PsychoPy2 RuntimeInfoStart ]
  #[[ PsychoPy ]] #---------
    psychopyVersion: 1.84.2
    psychopyHaveExtRush: True
  #[[ Experiment ]] #---------
    experimentAuthor: None
    experimentAuthVersion: None
    experimentRunTime: 2018_08_09 16:29 (Year_Month_Day Hour:Min)
    experimentRunTime.epoch: 1533796153
    experimentScript: psyc1002.py
    experimentScript.digestSHA1: 03993779484d600ea4c1b8cc2288f3d37a5025d5
    experimentScript.directory: U:\PSYC1002\abgdj
  #[[ System ]] #---------
    systemHaveInternetAccess: True
    systemHostName: W5FG1LG2
    systemLocale: English_Australia.1252
    systemMemFreeRAM: 4101.3046875
    systemMemTotalRAM: 8076.9453125
    systemPlatform: windowsversion=sys.getwindowsversion(major=6, minor=2, build=9200, platform=2, service_pack='')
    systemPyo.InputDevices: {4: {'host api index': 2, 'latency': 0.008707483299076557, 'default sr': 44100, 'name': u'Realtek ASIO'}}
    systemPyo.OutputDevices: {0: {'host api index': 0, 'latency': 0.09000000357627869, 'default sr': 44100, 'name': u'Microsoft Sound Mapper - Output'}, 1: {'host api index': 0, 'latency': 0.09000000357627869, 'default sr': 44100, 'name': u'Speakers / Headphones (Realtek '}, 2: {'host api index': 1, 'latency': 0.11999999731779099, 'default sr': 44100, 'name': u'Primary Sound Driver'}, 3: {'host api index': 1, 'latency': 0.11999999731779099, 'default sr': 44100, 'name': u'Speakers / Headphones (Realtek High Definition Audio)'}, 4: {'host api index': 2, 'latency': 0.008707483299076557, 'default sr': 44100, 'name': u'Realtek ASIO'}, 5: {'host api index': 3, 'latency': 0.003000000026077032, 'default sr': 48000, 'name': u'Speakers / Headphones (Realtek High Definition Audio)'}}
    systemPyoVersion: 0.8.0
    systemRebooted: System Boot Time:          9/08/2018, 2:02:18 AM
    systemSec.pythonSSL: True
    systemTimeNumpySD1000000_sec: 0.0092
    systemUser: lulu0050
    systemUserID: 1000
    systemUserProcCmdPid: LabStatsUserSpace.exe dwm.exe TiWorker.exe CmRcService.exe nierserver.exe LabStatsClient.exe tagsrv.exe SearchUI.exe OneDrive.exe nipxism.exe WmiPrvSE.exe niLxiDiscovery.exe SecurityHealthService.exe redirector.exe SearchProtocolHost.exe server_admin.exe pc-client.exe lkads.exe svchost.exe smartscreen.exe ni_usbmon.exe AGSService.exe System SISIDSService.exe SelfServicePlugin.exe explorer.exe smss.exe ApplicationWebServer.exe RuntimeBroker.exe acrotray.exe niauth_daemon.exe cmd.exe nidmsrv.exe Receiver.exe SISIPSService.exe lktsrv.exe lsass.exe python.exe RtkNGUI64.exe sisipsutil.exe AdobeUpdateService.exe armsvc.exe ssonsvr.exe concentr.exe nidevldu.exe taskhostw.exe ctfmon.exe RAVBg64.exe ''Memory Compression'' NIWebServiceContainer.exe nimxs.exe RtkAudioService64.exe SystemWebServer.exe tasklist.exe snowagent.exe CcmExec.exe SearchFilterHost.exe SmcGui.exe nicitdl5.exe ''System Idle Process'' services.exe niDiscSvc.exe sqlwriter.exe MSASCuiL.exe SCNotification.exe nimdnsResponder.exe server_runtime.exe sihost.exe backgroundTaskHost.exe spoolsv.exe wininit.exe winlogon.exe ShellExperienceHost.exe nidevmon.exe SearchIndexer.exe csrss.exe TrustedInstaller.exe audiodg.exe fontdrvhost.exe OneDriveSetup.exe dllhost.exe unsecapp.exe ccSvcHst.exe wfcrun32.exe nisvcloc.exe server_eventlog.exe lkcitdl.exe AuthManSvr.exe conhost.exe
    systemUserProcCount: 190
    systemUserProcFlagged: Explorer
    systemUsersCount: False
  #[[ Window ]] #---------
    windowWinType: pyglet
    windowWaitBlanking: False
    windowUseNativeGamma: True
    windowUnits: deg
    windowSize_pix: [1920 1080]
    windowScreen: 0
    windowRgb: [-0.7 -0.7 -0.7]
    windowRefreshTimeSD_ms: 0.127
    windowRefreshTimeMedian_ms: 16.673
    windowRefreshTimeAvg_ms: 16.668
    windowRefreshThreshold_sec: 0.0200
    windowRecordFrameIntervals: False
    windowPos_pix: [0, 0]
    windowMonitor.name: testmonitor
    windowMonitor.getWidth_cm: 57.0
    windowMonitor.getLinearizeMethod: 1
    windowMonitor.getGammaGrid: [[  0.   1.   1.  nan  nan  nan]
 [  0.   1.   1.  nan  nan  nan]
 [  0.   1.   1.  nan  nan  nan]
 [  0.   1.   1.  nan  nan  nan]]
    windowMonitor.getDistance_cm: 57.0
    windowMonitor.gammaInterpolator2: None
    windowMonitor.gammaInterpolator: None
    windowMonitor.currentCalibName: 2018_08_09 16:28
    windowIsFullScr: True
    windowHaveShaders: True
    windowAllowGUI: False
  #[[ Python ]] #---------
    pythonWxVersion: 3.0.2.0 msw (classic)
    pythonVersion: 2.7.11
    pythonScipyVersion: 0.17.1
    pythonPygletVersion: 1.2.4
    pythonPygameVersion: 1.9.2pre
    pythonNumpyVersion: 1.11.0
    pythonMatplotlibVersion: 1.5.1
    pythonFullVersion: 2.7.11 (v2.7.11:6d1b6a68f775, Dec  5 2015, 20:32:19) [MSC v.1500 32 bit (Intel)]
    pythonExecutable: C:\Program Files (x86)\PsychoPy2\python.exe
  #[[ OpenGL ]] #---------
    openGLVersion: 4.4.0 - Build 20.19.15.4531
    openGLVendor: Intel
    openGLRenderingEngine: Intel(R) HD Graphics 530
    openGLmaxVerticesInVertexArray: 1048576
    False: openGLext.GL_STEREO
    True: openGLext.GL_EXT_framebuffer_object
    True: openGLext.GL_ARB_vertex_shader
    True: openGLext.GL_ARB_texture_non_power_of_two
    True: openGLext.GL_ARB_texture_float
    True: openGLext.GL_ARB_shader_objects
    True: openGLext.GL_ARB_multitexture
    True: openGLext.GL_ARB_fragment_program
#[ PsychoPy2 RuntimeInfoEnd ]

75.2956 	EXP 	window1: recordFrameIntervals = True
76.1289 	EXP 	window1: recordFrameIntervals = False
76.1295 	INFO 	Frames per second ~=60.0, which is close enough to desired val of 60.0
76.3078 	EXP 	Created sequence: random, trialTypes=12, nReps=30, seed=None
76.4306 	INFO 	Mouse: using default window
76.4499 	EXP 	Created OKrespZone = GratingStim(autoDraw=False, autoLog=True, color=array([ 1.,  1.,  1.]), colorSpace='rgb', contrast=1.0, depth=0, interpolate=False, mask='gauss', maskParams=None, name='OKrespZone', opacity=1.0, ori=0.0, phase=array([ 0.,  0.]), pos=array([ 0.  ,  0.88]), rgbPedestal=array([ 0.,  0.,  0.]), sf=array([ 0.,  0.]), size=array([ 2. ,  0.2]), tex='sin', texRes=256, units='norm', win=Window(...))
83.6837 	DATA 	Mouse: Left button down, pos=(127,951)
83.8275 	DATA 	Mouse:  Left button up, pos=(127,951)
95.1397 	DATA 	Mouse: Left button down, pos=(127,186)
95.2195 	DATA 	Mouse:  Left button up, pos=(127,186)
104.1478 	DATA 	Mouse: Left button down, pos=(343,474)
104.2195 	DATA 	Mouse:  Left button up, pos=(343,474)
139.5167 	DATA 	Mouse: Left button down, pos=(1694,684)
139.6197 	DATA 	Mouse:  Left button up, pos=(1694,684)
150.9719 	DATA 	Mouse: Left button down, pos=(1522,885)
151.0836 	DATA 	Mouse:  Left button up, pos=(1522,885)
193.9480 	DATA 	Mouse: Left button down, pos=(911,882)
194.0595 	DATA 	Mouse:  Left button up, pos=(911,882)
247.7319 	DATA 	Mouse: Left button down, pos=(538,736)
247.8356 	DATA 	Mouse:  Left button up, pos=(538,736)
269.1959 	DATA 	Mouse: Left button down, pos=(1317,677)
269.3156 	DATA 	Mouse:  Left button up, pos=(1317,677)
278.1723 	DATA 	Mouse: Left button down, pos=(141,398)
278.1954 	INFO 	Experiment will have 360 trials. Letters will be drawn with superposed noise of 0.00%
278.2073 	EXP 	New trial (rep=0, index=0): {'leftStreamFlip': False, 'oneTarget': False, 'trialInstructionPos': (0, 1), 'probe': 'both', 'rightStreamFlip': False, 'horizVert': True, 'ISIframes': 3, 'rightResponseFirst': False}
278.2074 	INFO 	Starting main part of experiment
278.2978 	DATA 	Mouse:  Left button up, pos=(141,398)
279.3967 	INFO 	numtrials=360 and this trialDurFrames=41 or 683.333333333 ms  task=T1
281.6961 	EXP 	window1: recordFrameIntervals = False
281.7066 	INFO 	Mouse: using default window
296.7327 	DATA 	Keypress: e
300.3461 	DATA 	Keypress: e
300.5088 	EXP 	New trial (rep=0, index=1): {'leftStreamFlip': False, 'oneTarget': True, 'trialInstructionPos': (0, 1), 'probe': 'both', 'rightStreamFlip': False, 'horizVert': True, 'ISIframes': 3, 'rightResponseFirst': False}
308.0460 	DATA 	Mouse: Left button down, pos=(0,534)
308.2293 	DATA 	Mouse:  Left button up, pos=(0,534)
310.0292 	INFO 	numtrials=360 and this trialDurFrames=32 or 533.333333333 ms  task=T1
312.1458 	EXP 	window1: recordFrameIntervals = False
312.1543 	INFO 	Mouse: using default window
320.5795 	DATA 	Keypress: n
320.7199 	EXP 	New trial (rep=0, index=2): {'leftStreamFlip': False, 'oneTarget': False, 'trialInstructionPos': (0, 1), 'probe': 'both', 'rightStreamFlip': False, 'horizVert': True, 'ISIframes': 3, 'rightResponseFirst': True}
320.7294 	INFO 	numtrials=360 and this trialDurFrames=26 or 433.333333333 ms  task=T1
322.7458 	EXP 	window1: recordFrameIntervals = False
322.7543 	INFO 	Mouse: using default window
327.1294 	DATA 	Keypress: y
328.1795 	DATA 	Keypress: n
328.3196 	EXP 	New trial (rep=0, index=3): {'leftStreamFlip': False, 'oneTarget': False, 'trialInstructionPos': (0, -1), 'probe': 'both', 'rightStreamFlip': False, 'horizVert': True, 'ISIframes': 3, 'rightResponseFirst': True}
328.3287 	INFO 	numtrials=360 and this trialDurFrames=26 or 433.333333333 ms  task=T1
329.7959 	EXP 	window1: recordFrameIntervals = False
329.8044 	INFO 	Mouse: using default window
333.8795 	DATA 	Keypress: y
335.5961 	DATA 	Keypress: m
335.7373 	EXP 	New trial (rep=0, index=4): {'leftStreamFlip': False, 'oneTarget': False, 'trialInstructionPos': (0, 1), 'probe': 'both', 'rightStreamFlip': False, 'horizVert': True, 'ISIframes': 3, 'rightResponseFirst': False}
343.3811 	DATA 	Mouse: Left button down, pos=(318,575)
343.5461 	DATA 	Mouse:  Left button up, pos=(318,575)
344.0793 	INFO 	numtrials=360 and this trialDurFrames=20 or 333.333333333 ms  task=T1
345.5125 	EXP 	window1: recordFrameIntervals = False
345.5215 	INFO 	Mouse: using default window
347.9462 	DATA 	Keypress: f
348.7489 	DATA 	Keypress: f
348.9061 	EXP 	New trial (rep=0, index=5): {'leftStreamFlip': False, 'oneTarget': True, 'trialInstructionPos': (0, -1), 'probe': 'both', 'rightStreamFlip': False, 'horizVert': True, 'ISIframes': 3, 'rightResponseFirst': False}
348.9287 	INFO 	numtrials=360 and this trialDurFrames=5 or 83.3333333333 ms  task=T1
350.0293 	EXP 	window1: recordFrameIntervals = False
350.0373 	INFO 	Mouse: using default window
352.9628 	DATA 	Keypress: m
353.1043 	EXP 	New trial (rep=0, index=6): {'leftStreamFlip': False, 'oneTarget': True, 'trialInstructionPos': (0, 1), 'probe': 'both', 'rightStreamFlip': False, 'horizVert': True, 'ISIframes': 3, 'rightResponseFirst': True}
353.1286 	INFO 	numtrials=360 and this trialDurFrames=6 or 100.0 ms  task=T1
354.2960 	EXP 	window1: recordFrameIntervals = False
354.3044 	INFO 	Mouse: using default window
356.5128 	DATA 	Keypress: c
356.6521 	EXP 	New trial (rep=0, index=7): {'leftStreamFlip': False, 'oneTarget': True, 'trialInstructionPos': (0, -1), 'probe': 'both', 'rightStreamFlip': False, 'horizVert': True, 'ISIframes': 3, 'rightResponseFirst': True}
356.6800 	INFO 	numtrials=360 and this trialDurFrames=7 or 116.666666667 ms  task=T1
357.7628 	EXP 	window1: recordFrameIntervals = False
357.7719 	INFO 	Mouse: using default window
359.0794 	DATA 	Keypress: y
359.2186 	EXP 	New trial (rep=0, index=8): {'leftStreamFlip': False, 'oneTarget': False, 'trialInstructionPos': (0, -1), 'probe': 'both', 'rightStreamFlip': False, 'horizVert': True, 'ISIframes': 3, 'rightResponseFirst': True}
359.2463 	INFO 	numtrials=360 and this trialDurFrames=7 or 116.666666667 ms  task=T1
360.3459 	EXP 	window1: recordFrameIntervals = False
360.3544 	INFO 	Mouse: using default window
365.6796 	DATA 	Keypress: e
366.9961 	DATA 	Keypress: j
367.1394 	EXP 	New trial (rep=0, index=9): {'leftStreamFlip': False, 'oneTarget': False, 'trialInstructionPos': (0, -1), 'probe': 'both', 'rightStreamFlip': False, 'horizVert': True, 'ISIframes': 3, 'rightResponseFirst': False}
367.1622 	INFO 	numtrials=360 and this trialDurFrames=7 or 116.666666667 ms  task=T1
368.2292 	EXP 	window1: recordFrameIntervals = False
368.2377 	INFO 	Mouse: using default window
377.9294 	DATA 	Keypress: h
379.2463 	DATA 	Keypress: z
379.3857 	EXP 	New trial (rep=0, index=10): {'leftStreamFlip': False, 'oneTarget': False, 'trialInstructionPos': (0, -1), 'probe': 'both', 'rightStreamFlip': False, 'horizVert': True, 'ISIframes': 3, 'rightResponseFirst': False}
379.4121 	INFO 	numtrials=360 and this trialDurFrames=7 or 116.666666667 ms  task=T1
380.6126 	EXP 	window1: recordFrameIntervals = False
380.6219 	INFO 	Mouse: using default window
382.7128 	DATA 	Keypress: f
383.4635 	DATA 	Keypress: g
383.6023 	EXP 	New trial (rep=0, index=11): {'leftStreamFlip': False, 'oneTarget': False, 'trialInstructionPos': (0, 1), 'probe': 'both', 'rightStreamFlip': False, 'horizVert': True, 'ISIframes': 3, 'rightResponseFirst': True}
383.6302 	INFO 	numtrials=360 and this trialDurFrames=6 or 100.0 ms  task=T1
384.7294 	EXP 	window1: recordFrameIntervals = False
384.7378 	INFO 	Mouse: using default window
386.7660 	DATA 	Keypress: m
387.5803 	DATA 	Keypress: g
387.7215 	EXP 	New trial (rep=1, index=0): {'leftStreamFlip': False, 'oneTarget': False, 'trialInstructionPos': (0, -1), 'probe': 'both', 'rightStreamFlip': False, 'horizVert': True, 'ISIframes': 3, 'rightResponseFirst': True}
387.7456 	INFO 	numtrials=360 and this trialDurFrames=6 or 100.0 ms  task=T1
388.9126 	EXP 	window1: recordFrameIntervals = False
388.9207 	INFO 	Mouse: using default window
391.2298 	DATA 	Keypress: s
391.8130 	DATA 	Keypress: f
391.9528 	EXP 	New trial (rep=1, index=1): {'leftStreamFlip': False, 'oneTarget': False, 'trialInstructionPos': (0, 1), 'probe': 'both', 'rightStreamFlip': False, 'horizVert': True, 'ISIframes': 3, 'rightResponseFirst': True}
391.9789 	INFO 	numtrials=360 and this trialDurFrames=5 or 83.3333333333 ms  task=T1
393.0294 	EXP 	window1: recordFrameIntervals = False
393.0381 	INFO 	Mouse: using default window
401.1491 	DATA 	Keypress: f
401.6129 	DATA 	Keypress: g
401.7551 	EXP 	New trial (rep=1, index=2): {'leftStreamFlip': False, 'oneTarget': True, 'trialInstructionPos': (0, 1), 'probe': 'both', 'rightStreamFlip': False, 'horizVert': True, 'ISIframes': 3, 'rightResponseFirst': False}
401.7790 	INFO 	numtrials=360 and this trialDurFrames=6 or 100.0 ms  task=T1
402.9459 	EXP 	window1: recordFrameIntervals = False
402.9544 	INFO 	Mouse: using default window
406.7130 	DATA 	Keypress: k
406.8542 	EXP 	New trial (rep=1, index=3): {'leftStreamFlip': False, 'oneTarget': True, 'trialInstructionPos': (0, 1), 'probe': 'both', 'rightStreamFlip': False, 'horizVert': True, 'ISIframes': 3, 'rightResponseFirst': True}
406.8789 	INFO 	numtrials=360 and this trialDurFrames=6 or 100.0 ms  task=T1
407.9793 	EXP 	window1: recordFrameIntervals = False
407.9873 	INFO 	Mouse: using default window
409.3963 	DATA 	Keypress: z
409.5384 	EXP 	New trial (rep=1, index=4): {'leftStreamFlip': False, 'oneTarget': True, 'trialInstructionPos': (0, -1), 'probe': 'both', 'rightStreamFlip': False, 'horizVert': True, 'ISIframes': 3, 'rightResponseFirst': False}
409.5621 	INFO 	numtrials=360 and this trialDurFrames=6 or 100.0 ms  task=T1
410.6626 	EXP 	window1: recordFrameIntervals = False
410.6712 	INFO 	Mouse: using default window
412.8962 	DATA 	Keypress: u
413.0356 	EXP 	New trial (rep=1, index=5): {'leftStreamFlip': False, 'oneTarget': False, 'trialInstructionPos': (0, -1), 'probe': 'both', 'rightStreamFlip': False, 'horizVert': True, 'ISIframes': 3, 'rightResponseFirst': False}
413.0633 	INFO 	numtrials=360 and this trialDurFrames=6 or 100.0 ms  task=T1
414.2126 	EXP 	window1: recordFrameIntervals = False
414.2211 	INFO 	Mouse: using default window
416.0461 	DATA 	Keypress: k
417.0130 	DATA 	Keypress: n
417.1522 	EXP 	New trial (rep=1, index=6): {'leftStreamFlip': False, 'oneTarget': False, 'trialInstructionPos': (0, -1), 'probe': 'both', 'rightStreamFlip': False, 'horizVert': True, 'ISIframes': 3, 'rightResponseFirst': False}
417.1791 	INFO 	numtrials=360 and this trialDurFrames=6 or 100.0 ms  task=T1
418.3794 	EXP 	window1: recordFrameIntervals = False
418.3879 	INFO 	Mouse: using default window
420.8298 	DATA 	Keypress: y
422.6129 	DATA 	Keypress: c
422.7529 	EXP 	New trial (rep=1, index=7): {'leftStreamFlip': False, 'oneTarget': False, 'trialInstructionPos': (0, -1), 'probe': 'both', 'rightStreamFlip': False, 'horizVert': True, 'ISIframes': 3, 'rightResponseFirst': True}
422.7789 	INFO 	numtrials=360 and this trialDurFrames=6 or 100.0 ms  task=T1
423.9626 	EXP 	window1: recordFrameIntervals = False
423.9712 	INFO 	Mouse: using default window
426.3491 	DATA 	Keypress: f
427.6130 	DATA 	Keypress: h
427.7534 	EXP 	New trial (rep=1, index=8): {'leftStreamFlip': False, 'oneTarget': False, 'trialInstructionPos': (0, 1), 'probe': 'both', 'rightStreamFlip': False, 'horizVert': True, 'ISIframes': 3, 'rightResponseFirst': False}
427.7791 	INFO 	numtrials=360 and this trialDurFrames=5 or 83.3333333333 ms  task=T1
429.0126 	EXP 	window1: recordFrameIntervals = False
429.0220 	INFO 	Mouse: using default window
433.8295 	DATA 	Keypress: g
434.6630 	DATA 	Keypress: y
434.8029 	EXP 	New trial (rep=1, index=9): {'leftStreamFlip': False, 'oneTarget': False, 'trialInstructionPos': (0, 1), 'probe': 'both', 'rightStreamFlip': False, 'horizVert': True, 'ISIframes': 3, 'rightResponseFirst': True}
434.8289 	INFO 	numtrials=360 and this trialDurFrames=5 or 83.3333333333 ms  task=T1
435.9627 	EXP 	window1: recordFrameIntervals = False
435.9717 	INFO 	Mouse: using default window
439.7630 	DATA 	Keypress: h
440.1962 	DATA 	Keypress: e
440.3359 	EXP 	New trial (rep=1, index=10): {'leftStreamFlip': False, 'oneTarget': True, 'trialInstructionPos': (0, -1), 'probe': 'both', 'rightStreamFlip': False, 'horizVert': True, 'ISIframes': 3, 'rightResponseFirst': True}
440.3623 	INFO 	numtrials=360 and this trialDurFrames=5 or 83.3333333333 ms  task=T1
441.4961 	EXP 	window1: recordFrameIntervals = False
441.5045 	INFO 	Mouse: using default window
442.6296 	DATA 	Keypress: m
442.7702 	EXP 	New trial (rep=1, index=11): {'leftStreamFlip': False, 'oneTarget': False, 'trialInstructionPos': (0, 1), 'probe': 'both', 'rightStreamFlip': False, 'horizVert': True, 'ISIframes': 3, 'rightResponseFirst': False}
442.7967 	INFO 	numtrials=360 and this trialDurFrames=5 or 83.3333333333 ms  task=T1
443.9627 	EXP 	window1: recordFrameIntervals = False
443.9713 	INFO 	Mouse: using default window
451.0795 	DATA 	Keypress: g
451.5823 	DATA 	Keypress: a
451.7378 	EXP 	New trial (rep=2, index=0): {'leftStreamFlip': False, 'oneTarget': False, 'trialInstructionPos': (0, 1), 'probe': 'both', 'rightStreamFlip': False, 'horizVert': True, 'ISIframes': 3, 'rightResponseFirst': False}
451.7625 	INFO 	numtrials=360 and this trialDurFrames=5 or 83.3333333333 ms  task=T1
452.7628 	EXP 	window1: recordFrameIntervals = False
452.7716 	INFO 	Mouse: using default window
455.6467 	DATA 	Keypress: a
456.0795 	DATA 	Keypress: t
456.2188 	EXP 	New trial (rep=2, index=1): {'leftStreamFlip': False, 'oneTarget': True, 'trialInstructionPos': (0, -1), 'probe': 'both', 'rightStreamFlip': False, 'horizVert': True, 'ISIframes': 3, 'rightResponseFirst': False}
456.2456 	INFO 	numtrials=360 and this trialDurFrames=5 or 83.3333333333 ms  task=T1
457.2794 	EXP 	window1: recordFrameIntervals = False
457.2879 	INFO 	Mouse: using default window
458.5129 	DATA 	Keypress: k
458.6554 	EXP 	New trial (rep=2, index=2): {'leftStreamFlip': False, 'oneTarget': False, 'trialInstructionPos': (0, -1), 'probe': 'both', 'rightStreamFlip': False, 'horizVert': True, 'ISIframes': 3, 'rightResponseFirst': True}
458.6790 	INFO 	numtrials=360 and this trialDurFrames=5 or 83.3333333333 ms  task=T1
459.7127 	EXP 	window1: recordFrameIntervals = False
459.7210 	INFO 	Mouse: using default window
462.1630 	DATA 	Keypress: g
462.5295 	DATA 	Keypress: t
462.6692 	EXP 	New trial (rep=2, index=3): {'leftStreamFlip': False, 'oneTarget': True, 'trialInstructionPos': (0, 1), 'probe': 'both', 'rightStreamFlip': False, 'horizVert': True, 'ISIframes': 3, 'rightResponseFirst': False}
462.6959 	INFO 	numtrials=360 and this trialDurFrames=5 or 83.3333333333 ms  task=T1
463.7293 	EXP 	window1: recordFrameIntervals = False
463.7379 	INFO 	Mouse: using default window
466.0630 	DATA 	Keypress: k
466.2017 	EXP 	New trial (rep=2, index=4): {'leftStreamFlip': False, 'oneTarget': False, 'trialInstructionPos': (0, -1), 'probe': 'both', 'rightStreamFlip': False, 'horizVert': True, 'ISIframes': 3, 'rightResponseFirst': True}
466.2292 	INFO 	numtrials=360 and this trialDurFrames=5 or 83.3333333333 ms  task=T1
467.2627 	EXP 	window1: recordFrameIntervals = False
467.2713 	INFO 	Mouse: using default window
469.6130 	DATA 	Keypress: z
470.1297 	DATA 	Keypress: a
470.2694 	EXP 	New trial (rep=2, index=5): {'leftStreamFlip': False, 'oneTarget': True, 'trialInstructionPos': (0, 1), 'probe': 'both', 'rightStreamFlip': False, 'horizVert': True, 'ISIframes': 3, 'rightResponseFirst': True}
470.2954 	INFO 	numtrials=360 and this trialDurFrames=5 or 83.3333333333 ms  task=T1
471.2960 	EXP 	window1: recordFrameIntervals = False
471.3045 	INFO 	Mouse: using default window
472.2963 	DATA 	Keypress: z
472.4358 	EXP 	New trial (rep=2, index=6): {'leftStreamFlip': False, 'oneTarget': False, 'trialInstructionPos': (0, 1), 'probe': 'both', 'rightStreamFlip': False, 'horizVert': True, 'ISIframes': 3, 'rightResponseFirst': True}
472.4468 	INFO 	numtrials=360 and this trialDurFrames=5 or 83.3333333333 ms  task=T1
473.5795 	EXP 	window1: recordFrameIntervals = False
473.5886 	INFO 	Mouse: using default window
475.4630 	DATA 	Keypress: t
478.2463 	DATA 	Keypress: t
478.3872 	EXP 	New trial (rep=2, index=7): {'leftStreamFlip': False, 'oneTarget': False, 'trialInstructionPos': (0, -1), 'probe': 'both', 'rightStreamFlip': False, 'horizVert': True, 'ISIframes': 3, 'rightResponseFirst': False}
478.4123 	INFO 	numtrials=360 and this trialDurFrames=5 or 83.3333333333 ms  task=T1
479.5960 	EXP 	window1: recordFrameIntervals = False
479.6045 	INFO 	Mouse: using default window
481.9966 	DATA 	Keypress: f
482.9630 	DATA 	Keypress: e
483.1004 	EXP 	New trial (rep=2, index=8): {'leftStreamFlip': False, 'oneTarget': True, 'trialInstructionPos': (0, -1), 'probe': 'both', 'rightStreamFlip': False, 'horizVert': True, 'ISIframes': 3, 'rightResponseFirst': True}
483.1118 	INFO 	numtrials=360 and this trialDurFrames=5 or 83.3333333333 ms  task=T1
484.1795 	EXP 	window1: recordFrameIntervals = False
484.1876 	INFO 	Mouse: using default window
485.1661 	DATA 	Keypress: n
485.3205 	EXP 	New trial (rep=2, index=9): {'leftStreamFlip': False, 'oneTarget': False, 'trialInstructionPos': (0, -1), 'probe': 'both', 'rightStreamFlip': False, 'horizVert': True, 'ISIframes': 3, 'rightResponseFirst': False}
485.3457 	INFO 	numtrials=360 and this trialDurFrames=5 or 83.3333333333 ms  task=T1
486.3461 	EXP 	window1: recordFrameIntervals = False
486.3553 	INFO 	Mouse: using default window
489.6632 	DATA 	Keypress: g
490.8298 	DATA 	Keypress: z
490.9701 	EXP 	New trial (rep=2, index=10): {'leftStreamFlip': False, 'oneTarget': False, 'trialInstructionPos': (0, 1), 'probe': 'both', 'rightStreamFlip': False, 'horizVert': True, 'ISIframes': 3, 'rightResponseFirst': False}
490.9959 	INFO 	numtrials=360 and this trialDurFrames=5 or 83.3333333333 ms  task=T1
492.0460 	EXP 	window1: recordFrameIntervals = False
492.0551 	INFO 	Mouse: using default window
494.2296 	DATA 	Keypress: f
494.6796 	DATA 	Keypress: z
494.8185 	EXP 	New trial (rep=2, index=11): {'leftStreamFlip': False, 'oneTarget': False, 'trialInstructionPos': (0, 1), 'probe': 'both', 'rightStreamFlip': False, 'horizVert': True, 'ISIframes': 3, 'rightResponseFirst': True}
494.8294 	INFO 	numtrials=360 and this trialDurFrames=5 or 83.3333333333 ms  task=T1
495.9960 	EXP 	window1: recordFrameIntervals = False
496.0045 	INFO 	Mouse: using default window
498.0636 	DATA 	Keypress: u
499.2131 	DATA 	Keypress: f
499.3541 	EXP 	New trial (rep=3, index=0): {'leftStreamFlip': False, 'oneTarget': False, 'trialInstructionPos': (0, 1), 'probe': 'both', 'rightStreamFlip': False, 'horizVert': True, 'ISIframes': 3, 'rightResponseFirst': False}
499.3791 	INFO 	numtrials=360 and this trialDurFrames=5 or 83.3333333333 ms  task=T1
500.3794 	EXP 	window1: recordFrameIntervals = False
500.3903 	INFO 	Mouse: using default window
501.6131 	DATA 	Keypress: s
502.2462 	DATA 	Keypress: n
502.3861 	EXP 	New trial (rep=3, index=1): {'leftStreamFlip': False, 'oneTarget': False, 'trialInstructionPos': (0, 1), 'probe': 'both', 'rightStreamFlip': False, 'horizVert': True, 'ISIframes': 3, 'rightResponseFirst': True}
502.4128 	INFO 	numtrials=360 and this trialDurFrames=5 or 83.3333333333 ms  task=T1
503.4464 	EXP 	window1: recordFrameIntervals = False
503.4556 	INFO 	Mouse: using default window
505.2299 	DATA 	Keypress: m
507.1162 	DATA 	Keypress: s
507.2706 	EXP 	New trial (rep=3, index=2): {'leftStreamFlip': False, 'oneTarget': False, 'trialInstructionPos': (0, 1), 'probe': 'both', 'rightStreamFlip': False, 'horizVert': True, 'ISIframes': 3, 'rightResponseFirst': True}
507.2960 	INFO 	numtrials=360 and this trialDurFrames=5 or 83.3333333333 ms  task=T1
508.3294 	EXP 	window1: recordFrameIntervals = False
508.3386 	INFO 	Mouse: using default window
510.2964 	DATA 	Keypress: c
510.7798 	DATA 	Keypress: z
510.9203 	EXP 	New trial (rep=3, index=3): {'leftStreamFlip': False, 'oneTarget': True, 'trialInstructionPos': (0, 1), 'probe': 'both', 'rightStreamFlip': False, 'horizVert': True, 'ISIframes': 3, 'rightResponseFirst': True}
510.9458 	INFO 	numtrials=360 and this trialDurFrames=5 or 83.3333333333 ms  task=T1
512.0795 	EXP 	window1: recordFrameIntervals = False
512.0881 	INFO 	Mouse: using default window
513.0965 	DATA 	Keypress: y
513.2356 	EXP 	New trial (rep=3, index=4): {'leftStreamFlip': False, 'oneTarget': False, 'trialInstructionPos': (0, -1), 'probe': 'both', 'rightStreamFlip': False, 'horizVert': True, 'ISIframes': 3, 'rightResponseFirst': True}
513.2623 	INFO 	numtrials=360 and this trialDurFrames=5 or 83.3333333333 ms  task=T1
514.4461 	EXP 	window1: recordFrameIntervals = False
514.4546 	INFO 	Mouse: using default window
516.1798 	DATA 	Keypress: c
517.5661 	DATA 	Keypress: c
517.7190 	EXP 	New trial (rep=3, index=5): {'leftStreamFlip': False, 'oneTarget': False, 'trialInstructionPos': (0, -1), 'probe': 'both', 'rightStreamFlip': False, 'horizVert': True, 'ISIframes': 3, 'rightResponseFirst': False}
517.7468 	INFO 	numtrials=360 and this trialDurFrames=5 or 83.3333333333 ms  task=T1
518.7961 	EXP 	window1: recordFrameIntervals = False
518.8048 	INFO 	Mouse: using default window
519.9298 	DATA 	Keypress: n
520.5131 	DATA 	Keypress: g
520.6537 	EXP 	New trial (rep=3, index=6): {'leftStreamFlip': False, 'oneTarget': False, 'trialInstructionPos': (0, -1), 'probe': 'both', 'rightStreamFlip': False, 'horizVert': True, 'ISIframes': 3, 'rightResponseFirst': False}
520.6789 	INFO 	numtrials=360 and this trialDurFrames=5 or 83.3333333333 ms  task=T1
521.7129 	EXP 	window1: recordFrameIntervals = False
521.7209 	INFO 	Mouse: using default window
523.1463 	DATA 	Keypress: k
523.9498 	DATA 	Keypress: m
524.1051 	EXP 	New trial (rep=3, index=7): {'leftStreamFlip': False, 'oneTarget': True, 'trialInstructionPos': (0, -1), 'probe': 'both', 'rightStreamFlip': False, 'horizVert': True, 'ISIframes': 3, 'rightResponseFirst': True}
524.1290 	INFO 	numtrials=360 and this trialDurFrames=5 or 83.3333333333 ms  task=T1
525.2295 	EXP 	window1: recordFrameIntervals = False
525.2380 	INFO 	Mouse: using default window
526.2298 	DATA 	Keypress: g
526.3694 	EXP 	New trial (rep=3, index=8): {'leftStreamFlip': False, 'oneTarget': False, 'trialInstructionPos': (0, 1), 'probe': 'both', 'rightStreamFlip': False, 'horizVert': True, 'ISIframes': 3, 'rightResponseFirst': False}
526.3969 	INFO 	numtrials=360 and this trialDurFrames=5 or 83.3333333333 ms  task=T1
527.5294 	EXP 	window1: recordFrameIntervals = False
527.5379 	INFO 	Mouse: using default window
531.3302 	DATA 	Keypress: h
532.0298 	DATA 	Keypress: t
532.1698 	EXP 	New trial (rep=3, index=9): {'leftStreamFlip': False, 'oneTarget': True, 'trialInstructionPos': (0, -1), 'probe': 'both', 'rightStreamFlip': False, 'horizVert': True, 'ISIframes': 3, 'rightResponseFirst': False}
532.1956 	INFO 	numtrials=360 and this trialDurFrames=5 or 83.3333333333 ms  task=T1
533.2794 	EXP 	window1: recordFrameIntervals = False
533.2879 	INFO 	Mouse: using default window
534.1632 	DATA 	Keypress: j
534.3012 	EXP 	New trial (rep=3, index=10): {'leftStreamFlip': False, 'oneTarget': True, 'trialInstructionPos': (0, 1), 'probe': 'both', 'rightStreamFlip': False, 'horizVert': True, 'ISIframes': 3, 'rightResponseFirst': False}
534.3123 	INFO 	numtrials=360 and this trialDurFrames=5 or 83.3333333333 ms  task=T1
535.3960 	EXP 	window1: recordFrameIntervals = False
535.4048 	INFO 	Mouse: using default window
536.4299 	DATA 	Keypress: e
536.5685 	EXP 	New trial (rep=3, index=11): {'leftStreamFlip': False, 'oneTarget': False, 'trialInstructionPos': (0, -1), 'probe': 'both', 'rightStreamFlip': False, 'horizVert': True, 'ISIframes': 3, 'rightResponseFirst': True}
536.5793 	INFO 	numtrials=360 and this trialDurFrames=5 or 83.3333333333 ms  task=T1
537.7128 	EXP 	window1: recordFrameIntervals = False
537.7215 	INFO 	Mouse: using default window
539.2631 	DATA 	Keypress: u
540.2965 	DATA 	Keypress: f
540.4346 	EXP 	New trial (rep=4, index=0): {'leftStreamFlip': False, 'oneTarget': False, 'trialInstructionPos': (0, -1), 'probe': 'both', 'rightStreamFlip': False, 'horizVert': True, 'ISIframes': 3, 'rightResponseFirst': True}
540.4635 	INFO 	numtrials=360 and this trialDurFrames=5 or 83.3333333333 ms  task=T1
541.6128 	EXP 	window1: recordFrameIntervals = False
541.6212 	INFO 	Mouse: using default window
543.8970 	DATA 	Keypress: u
545.2631 	DATA 	Keypress: k
545.4011 	EXP 	New trial (rep=4, index=1): {'leftStreamFlip': False, 'oneTarget': False, 'trialInstructionPos': (0, -1), 'probe': 'both', 'rightStreamFlip': False, 'horizVert': True, 'ISIframes': 3, 'rightResponseFirst': True}
545.4297 	INFO 	numtrials=360 and this trialDurFrames=5 or 83.3333333333 ms  task=T1
546.6461 	EXP 	window1: recordFrameIntervals = False
546.6539 	INFO 	Mouse: using default window
547.6630 	DATA 	Keypress: e
548.7162 	DATA 	Keypress: z
548.8699 	EXP 	New trial (rep=4, index=2): {'leftStreamFlip': False, 'oneTarget': False, 'trialInstructionPos': (0, 1), 'probe': 'both', 'rightStreamFlip': False, 'horizVert': True, 'ISIframes': 3, 'rightResponseFirst': True}
548.8957 	INFO 	numtrials=360 and this trialDurFrames=5 or 83.3333333333 ms  task=T1
549.9462 	EXP 	window1: recordFrameIntervals = False
549.9554 	INFO 	Mouse: using default window
551.7464 	DATA 	Keypress: r
554.7825 	DATA 	Keypress: n
554.9368 	EXP 	New trial (rep=4, index=3): {'leftStreamFlip': False, 'oneTarget': True, 'trialInstructionPos': (0, 1), 'probe': 'both', 'rightStreamFlip': False, 'horizVert': True, 'ISIframes': 3, 'rightResponseFirst': False}
554.9624 	INFO 	numtrials=360 and this trialDurFrames=5 or 83.3333333333 ms  task=T1
556.0628 	EXP 	window1: recordFrameIntervals = False
556.0713 	INFO 	Mouse: using default window
556.7967 	DATA 	Keypress: a
556.9354 	EXP 	New trial (rep=4, index=4): {'leftStreamFlip': False, 'oneTarget': True, 'trialInstructionPos': (0, 1), 'probe': 'both', 'rightStreamFlip': False, 'horizVert': True, 'ISIframes': 3, 'rightResponseFirst': True}
556.9635 	INFO 	numtrials=360 and this trialDurFrames=5 or 83.3333333333 ms  task=T1
558.0129 	EXP 	window1: recordFrameIntervals = False
558.0219 	INFO 	Mouse: using default window
558.7799 	DATA 	Keypress: n
558.9192 	EXP 	New trial (rep=4, index=5): {'leftStreamFlip': False, 'oneTarget': False, 'trialInstructionPos': (0, -1), 'probe': 'both', 'rightStreamFlip': False, 'horizVert': True, 'ISIframes': 3, 'rightResponseFirst': False}
558.9456 	INFO 	numtrials=360 and this trialDurFrames=5 or 83.3333333333 ms  task=T1
560.0629 	EXP 	window1: recordFrameIntervals = False
560.0707 	INFO 	Mouse: using default window
561.2964 	DATA 	Keypress: k
561.8298 	DATA 	Keypress: s
561.9704 	EXP 	New trial (rep=4, index=6): {'leftStreamFlip': False, 'oneTarget': False, 'trialInstructionPos': (0, 1), 'probe': 'both', 'rightStreamFlip': False, 'horizVert': True, 'ISIframes': 3, 'rightResponseFirst': False}
561.9960 	INFO 	numtrials=360 and this trialDurFrames=5 or 83.3333333333 ms  task=T1
563.1963 	EXP 	window1: recordFrameIntervals = False
563.2047 	INFO 	Mouse: using default window
565.3131 	DATA 	Keypress: k
565.9464 	DATA 	Keypress: g
566.0862 	EXP 	New trial (rep=4, index=7): {'leftStreamFlip': False, 'oneTarget': True, 'trialInstructionPos': (0, -1), 'probe': 'both', 'rightStreamFlip': False, 'horizVert': True, 'ISIframes': 3, 'rightResponseFirst': False}
566.1124 	INFO 	numtrials=360 and this trialDurFrames=5 or 83.3333333333 ms  task=T1
567.2795 	EXP 	window1: recordFrameIntervals = False
567.2882 	INFO 	Mouse: using default window
568.3330 	DATA 	Keypress: t
568.4864 	EXP 	New trial (rep=4, index=8): {'leftStreamFlip': False, 'oneTarget': False, 'trialInstructionPos': (0, -1), 'probe': 'both', 'rightStreamFlip': False, 'horizVert': True, 'ISIframes': 3, 'rightResponseFirst': False}
568.5135 	INFO 	numtrials=360 and this trialDurFrames=5 or 83.3333333333 ms  task=T1
569.5128 	EXP 	window1: recordFrameIntervals = False
569.5221 	INFO 	Mouse: using default window
571.0297 	DATA 	Keypress: z
571.7297 	DATA 	Keypress: m
571.8692 	EXP 	New trial (rep=4, index=9): {'leftStreamFlip': False, 'oneTarget': False, 'trialInstructionPos': (0, 1), 'probe': 'both', 'rightStreamFlip': False, 'horizVert': True, 'ISIframes': 3, 'rightResponseFirst': False}
571.8970 	INFO 	numtrials=360 and this trialDurFrames=5 or 83.3333333333 ms  task=T1
573.0461 	EXP 	window1: recordFrameIntervals = False
573.0548 	INFO 	Mouse: using default window
578.2298 	DATA 	Keypress: w
579.9661 	DATA 	Keypress: f
580.1200 	EXP 	New trial (rep=4, index=10): {'leftStreamFlip': False, 'oneTarget': True, 'trialInstructionPos': (0, -1), 'probe': 'both', 'rightStreamFlip': False, 'horizVert': True, 'ISIframes': 3, 'rightResponseFirst': True}
580.1460 	INFO 	numtrials=360 and this trialDurFrames=5 or 83.3333333333 ms  task=T1
581.3796 	EXP 	window1: recordFrameIntervals = False
581.3882 	INFO 	Mouse: using default window
582.3662 	DATA 	Keypress: g
582.5213 	EXP 	New trial (rep=4, index=11): {'leftStreamFlip': False, 'oneTarget': False, 'trialInstructionPos': (0, 1), 'probe': 'both', 'rightStreamFlip': False, 'horizVert': True, 'ISIframes': 3, 'rightResponseFirst': True}
582.5458 	INFO 	numtrials=360 and this trialDurFrames=5 or 83.3333333333 ms  task=T1
583.7462 	EXP 	window1: recordFrameIntervals = False
583.7547 	INFO 	Mouse: using default window
586.1465 	DATA 	Keypress: z
586.6799 	DATA 	Keypress: j
586.8204 	EXP 	New trial (rep=5, index=0): {'leftStreamFlip': False, 'oneTarget': True, 'trialInstructionPos': (0, 1), 'probe': 'both', 'rightStreamFlip': False, 'horizVert': True, 'ISIframes': 3, 'rightResponseFirst': False}
586.8461 	INFO 	numtrials=360 and this trialDurFrames=5 or 83.3333333333 ms  task=T1
587.9796 	EXP 	window1: recordFrameIntervals = False
587.9894 	INFO 	Mouse: using default window
589.2300 	DATA 	Keypress: c
589.3684 	EXP 	New trial (rep=5, index=1): {'leftStreamFlip': False, 'oneTarget': False, 'trialInstructionPos': (0, 1), 'probe': 'both', 'rightStreamFlip': False, 'horizVert': True, 'ISIframes': 3, 'rightResponseFirst': False}
589.3969 	INFO 	numtrials=360 and this trialDurFrames=5 or 83.3333333333 ms  task=T1
590.4295 	EXP 	window1: recordFrameIntervals = False
590.4381 	INFO 	Mouse: using default window
591.5968 	DATA 	Keypress: u
592.1141 	DATA 	Keypress: a
592.2539 	EXP 	New trial (rep=5, index=2): {'leftStreamFlip': False, 'oneTarget': False, 'trialInstructionPos': (0, -1), 'probe': 'both', 'rightStreamFlip': False, 'horizVert': True, 'ISIframes': 3, 'rightResponseFirst': True}
592.2791 	INFO 	numtrials=360 and this trialDurFrames=5 or 83.3333333333 ms  task=T1
593.3295 	EXP 	window1: recordFrameIntervals = False
593.3381 	INFO 	Mouse: using default window
594.8797 	DATA 	Keypress: f
595.3464 	DATA 	Keypress: n
595.4870 	EXP 	New trial (rep=5, index=3): {'leftStreamFlip': False, 'oneTarget': False, 'trialInstructionPos': (0, -1), 'probe': 'both', 'rightStreamFlip': False, 'horizVert': True, 'ISIframes': 3, 'rightResponseFirst': False}
595.5124 	INFO 	numtrials=360 and this trialDurFrames=5 or 83.3333333333 ms  task=T1
596.5463 	EXP 	window1: recordFrameIntervals = False
596.5549 	INFO 	Mouse: using default window
598.4798 	DATA 	Keypress: y
598.7661 	DATA 	Keypress: z
598.9197 	EXP 	New trial (rep=5, index=4): {'leftStreamFlip': False, 'oneTarget': False, 'trialInstructionPos': (0, 1), 'probe': 'both', 'rightStreamFlip': False, 'horizVert': True, 'ISIframes': 3, 'rightResponseFirst': True}
598.9459 	INFO 	numtrials=360 and this trialDurFrames=5 or 83.3333333333 ms  task=T1
599.9628 	EXP 	window1: recordFrameIntervals = False
599.9715 	INFO 	Mouse: using default window
603.6465 	DATA 	Keypress: z
606.8464 	DATA 	Keypress: l
606.9871 	EXP 	New trial (rep=5, index=5): {'leftStreamFlip': False, 'oneTarget': True, 'trialInstructionPos': (0, 1), 'probe': 'both', 'rightStreamFlip': False, 'horizVert': True, 'ISIframes': 3, 'rightResponseFirst': True}
607.0127 	INFO 	numtrials=360 and this trialDurFrames=5 or 83.3333333333 ms  task=T1
608.1129 	EXP 	window1: recordFrameIntervals = False
608.1222 	INFO 	Mouse: using default window
615.4966 	DATA 	Keypress: e
615.6356 	EXP 	New trial (rep=5, index=6): {'leftStreamFlip': False, 'oneTarget': False, 'trialInstructionPos': (0, 1), 'probe': 'both', 'rightStreamFlip': False, 'horizVert': True, 'ISIframes': 3, 'rightResponseFirst': True}
615.6623 	INFO 	numtrials=360 and this trialDurFrames=5 or 83.3333333333 ms  task=T1
616.7795 	EXP 	window1: recordFrameIntervals = False
616.7878 	INFO 	Mouse: using default window
618.0133 	DATA 	Keypress: k
618.5131 	DATA 	Keypress: j
618.6562 	EXP 	New trial (rep=5, index=7): {'leftStreamFlip': False, 'oneTarget': True, 'trialInstructionPos': (0, -1), 'probe': 'both', 'rightStreamFlip': False, 'horizVert': True, 'ISIframes': 3, 'rightResponseFirst': False}
618.6802 	INFO 	numtrials=360 and this trialDurFrames=5 or 83.3333333333 ms  task=T1
619.8129 	EXP 	window1: recordFrameIntervals = False
619.8215 	INFO 	Mouse: using default window
620.6142 	DATA 	Keypress: t
620.7527 	EXP 	New trial (rep=5, index=8): {'leftStreamFlip': False, 'oneTarget': False, 'trialInstructionPos': (0, -1), 'probe': 'both', 'rightStreamFlip': False, 'horizVert': True, 'ISIframes': 3, 'rightResponseFirst': False}
620.7803 	INFO 	numtrials=360 and this trialDurFrames=5 or 83.3333333333 ms  task=T1
621.8796 	EXP 	window1: recordFrameIntervals = False
621.8881 	INFO 	Mouse: using default window
623.0133 	DATA 	Keypress: g
623.9134 	DATA 	Keypress: z
624.0524 	EXP 	New trial (rep=5, index=9): {'leftStreamFlip': False, 'oneTarget': True, 'trialInstructionPos': (0, -1), 'probe': 'both', 'rightStreamFlip': False, 'horizVert': True, 'ISIframes': 3, 'rightResponseFirst': True}
624.0805 	INFO 	numtrials=360 and this trialDurFrames=5 or 83.3333333333 ms  task=T1
625.2962 	EXP 	window1: recordFrameIntervals = False
625.3048 	INFO 	Mouse: using default window
637.8798 	DATA 	Keypress: r
638.0189 	EXP 	New trial (rep=5, index=10): {'leftStreamFlip': False, 'oneTarget': False, 'trialInstructionPos': (0, 1), 'probe': 'both', 'rightStreamFlip': False, 'horizVert': True, 'ISIframes': 3, 'rightResponseFirst': False}
638.0469 	INFO 	numtrials=360 and this trialDurFrames=5 or 83.3333333333 ms  task=T1
639.1629 	EXP 	window1: recordFrameIntervals = False
639.1709 	INFO 	Mouse: using default window
640.9633 	DATA 	Keypress: u
642.5465 	DATA 	Keypress: s
642.6865 	EXP 	New trial (rep=5, index=11): {'leftStreamFlip': False, 'oneTarget': False, 'trialInstructionPos': (0, -1), 'probe': 'both', 'rightStreamFlip': False, 'horizVert': True, 'ISIframes': 3, 'rightResponseFirst': True}
642.7125 	INFO 	numtrials=360 and this trialDurFrames=5 or 83.3333333333 ms  task=T1
643.7963 	EXP 	window1: recordFrameIntervals = False
643.8047 	INFO 	Mouse: using default window
645.3298 	DATA 	Keypress: j
645.9969 	DATA 	Keypress: k
646.1374 	EXP 	New trial (rep=6, index=0): {'leftStreamFlip': False, 'oneTarget': False, 'trialInstructionPos': (0, -1), 'probe': 'both', 'rightStreamFlip': False, 'horizVert': True, 'ISIframes': 3, 'rightResponseFirst': True}
646.1625 	INFO 	numtrials=360 and this trialDurFrames=5 or 83.3333333333 ms  task=T1
647.3130 	EXP 	window1: recordFrameIntervals = False
647.3217 	INFO 	Mouse: using default window
648.5465 	DATA 	Keypress: g
648.9631 	DATA 	Keypress: s
649.1033 	EXP 	New trial (rep=6, index=1): {'leftStreamFlip': False, 'oneTarget': False, 'trialInstructionPos': (0, 1), 'probe': 'both', 'rightStreamFlip': False, 'horizVert': True, 'ISIframes': 3, 'rightResponseFirst': False}
649.1303 	INFO 	numtrials=360 and this trialDurFrames=5 or 83.3333333333 ms  task=T1
650.2962 	EXP 	window1: recordFrameIntervals = False
650.3048 	INFO 	Mouse: using default window
651.6465 	DATA 	Keypress: s
652.0798 	DATA 	Keypress: j
652.2201 	EXP 	New trial (rep=6, index=2): {'leftStreamFlip': False, 'oneTarget': False, 'trialInstructionPos': (0, 1), 'probe': 'both', 'rightStreamFlip': False, 'horizVert': True, 'ISIframes': 3, 'rightResponseFirst': False}
652.2459 	INFO 	numtrials=360 and this trialDurFrames=5 or 83.3333333333 ms  task=T1
653.3297 	EXP 	window1: recordFrameIntervals = False
653.3379 	INFO 	Mouse: using default window
654.9131 	DATA 	Keypress: e
655.3634 	DATA 	Keypress: g
655.5009 	EXP 	New trial (rep=6, index=3): {'leftStreamFlip': False, 'oneTarget': True, 'trialInstructionPos': (0, -1), 'probe': 'both', 'rightStreamFlip': False, 'horizVert': True, 'ISIframes': 3, 'rightResponseFirst': True}
655.5132 	INFO 	numtrials=360 and this trialDurFrames=5 or 83.3333333333 ms  task=T1
656.6295 	EXP 	window1: recordFrameIntervals = False
656.6383 	INFO 	Mouse: using default window
657.6132 	DATA 	Keypress: k
657.7497 	EXP 	New trial (rep=6, index=4): {'leftStreamFlip': False, 'oneTarget': True, 'trialInstructionPos': (0, 1), 'probe': 'both', 'rightStreamFlip': False, 'horizVert': True, 'ISIframes': 3, 'rightResponseFirst': True}
657.7620 	INFO 	numtrials=360 and this trialDurFrames=5 or 83.3333333333 ms  task=T1
658.8797 	EXP 	window1: recordFrameIntervals = False
658.8888 	INFO 	Mouse: using default window
659.7132 	DATA 	Keypress: e
659.8513 	EXP 	New trial (rep=6, index=5): {'leftStreamFlip': False, 'oneTarget': True, 'trialInstructionPos': (0, 1), 'probe': 'both', 'rightStreamFlip': False, 'horizVert': True, 'ISIframes': 3, 'rightResponseFirst': False}
659.8624 	INFO 	numtrials=360 and this trialDurFrames=5 or 83.3333333333 ms  task=T1
661.0133 	EXP 	window1: recordFrameIntervals = False
661.0213 	INFO 	Mouse: using default window
662.8467 	DATA 	Keypress: j
662.9870 	EXP 	New trial (rep=6, index=6): {'leftStreamFlip': False, 'oneTarget': False, 'trialInstructionPos': (0, 1), 'probe': 'both', 'rightStreamFlip': False, 'horizVert': True, 'ISIframes': 3, 'rightResponseFirst': True}
663.0125 	INFO 	numtrials=360 and this trialDurFrames=5 or 83.3333333333 ms  task=T1
664.1295 	EXP 	window1: recordFrameIntervals = False
664.1379 	INFO 	Mouse: using default window
665.6964 	DATA 	Keypress: e
666.5465 	DATA 	Keypress: r
666.6860 	EXP 	New trial (rep=6, index=7): {'leftStreamFlip': False, 'oneTarget': False, 'trialInstructionPos': (0, -1), 'probe': 'both', 'rightStreamFlip': False, 'horizVert': True, 'ISIframes': 3, 'rightResponseFirst': True}
666.7129 	INFO 	numtrials=360 and this trialDurFrames=5 or 83.3333333333 ms  task=T1
667.8297 	EXP 	window1: recordFrameIntervals = False
667.8384 	INFO 	Mouse: using default window
669.7466 	DATA 	Keypress: t
669.9800 	DATA 	Keypress: a
670.1210 	EXP 	New trial (rep=6, index=8): {'leftStreamFlip': False, 'oneTarget': True, 'trialInstructionPos': (0, -1), 'probe': 'both', 'rightStreamFlip': False, 'horizVert': True, 'ISIframes': 3, 'rightResponseFirst': False}
670.1460 	INFO 	numtrials=360 and this trialDurFrames=5 or 83.3333333333 ms  task=T1
671.3630 	EXP 	window1: recordFrameIntervals = False
671.3724 	INFO 	Mouse: using default window
672.3133 	DATA 	Keypress: c
672.4540 	EXP 	New trial (rep=6, index=9): {'leftStreamFlip': False, 'oneTarget': False, 'trialInstructionPos': (0, -1), 'probe': 'both', 'rightStreamFlip': False, 'horizVert': True, 'ISIframes': 3, 'rightResponseFirst': False}
672.4792 	INFO 	numtrials=360 and this trialDurFrames=5 or 83.3333333333 ms  task=T1
673.5129 	EXP 	window1: recordFrameIntervals = False
673.5213 	INFO 	Mouse: using default window
674.7132 	DATA 	Keypress: s
678.7663 	DATA 	Keypress: r
678.9202 	EXP 	New trial (rep=6, index=10): {'leftStreamFlip': False, 'oneTarget': False, 'trialInstructionPos': (0, 1), 'probe': 'both', 'rightStreamFlip': False, 'horizVert': True, 'ISIframes': 3, 'rightResponseFirst': True}
678.9458 	INFO 	numtrials=360 and this trialDurFrames=5 or 83.3333333333 ms  task=T1
680.0964 	EXP 	window1: recordFrameIntervals = False
680.1056 	INFO 	Mouse: using default window
681.4632 	DATA 	Keypress: e
681.9330 	DATA 	Keypress: s
682.0861 	EXP 	New trial (rep=6, index=11): {'leftStreamFlip': False, 'oneTarget': False, 'trialInstructionPos': (0, -1), 'probe': 'both', 'rightStreamFlip': False, 'horizVert': True, 'ISIframes': 3, 'rightResponseFirst': False}
682.1136 	INFO 	numtrials=360 and this trialDurFrames=5 or 83.3333333333 ms  task=T1
683.3130 	EXP 	window1: recordFrameIntervals = False
683.3216 	INFO 	Mouse: using default window
684.1299 	DATA 	Keypress: a
684.7133 	DATA 	Keypress: r
684.8526 	EXP 	New trial (rep=7, index=0): {'leftStreamFlip': False, 'oneTarget': False, 'trialInstructionPos': (0, -1), 'probe': 'both', 'rightStreamFlip': False, 'horizVert': True, 'ISIframes': 3, 'rightResponseFirst': True}
684.8804 	INFO 	numtrials=360 and this trialDurFrames=5 or 83.3333333333 ms  task=T1
686.0796 	EXP 	window1: recordFrameIntervals = False
686.0883 	INFO 	Mouse: using default window
687.4798 	DATA 	Keypress: u
687.7798 	DATA 	Keypress: a
687.9187 	EXP 	New trial (rep=7, index=1): {'leftStreamFlip': False, 'oneTarget': True, 'trialInstructionPos': (0, -1), 'probe': 'both', 'rightStreamFlip': False, 'horizVert': True, 'ISIframes': 3, 'rightResponseFirst': True}
687.9473 	INFO 	numtrials=360 and this trialDurFrames=5 or 83.3333333333 ms  task=T1
689.0131 	EXP 	window1: recordFrameIntervals = False
689.0224 	INFO 	Mouse: using default window
689.9498 	DATA 	Keypress: m
690.1451 	EXP 	New trial (rep=7, index=2): {'leftStreamFlip': False, 'oneTarget': False, 'trialInstructionPos': (0, -1), 'probe': 'both', 'rightStreamFlip': False, 'horizVert': True, 'ISIframes': 3, 'rightResponseFirst': False}
690.1626 	INFO 	numtrials=360 and this trialDurFrames=5 or 83.3333333333 ms  task=T1
691.3132 	EXP 	window1: recordFrameIntervals = False
691.3218 	INFO 	Mouse: using default window
692.0300 	DATA 	Keypress: a
692.7967 	DATA 	Keypress: c
692.9376 	EXP 	New trial (rep=7, index=3): {'leftStreamFlip': False, 'oneTarget': True, 'trialInstructionPos': (0, 1), 'probe': 'both', 'rightStreamFlip': False, 'horizVert': True, 'ISIframes': 3, 'rightResponseFirst': False}
692.9620 	INFO 	numtrials=360 and this trialDurFrames=5 or 83.3333333333 ms  task=T1
694.1297 	EXP 	window1: recordFrameIntervals = False
694.1388 	INFO 	Mouse: using default window
696.5466 	DATA 	Keypress: m
696.6886 	EXP 	New trial (rep=7, index=4): {'leftStreamFlip': False, 'oneTarget': False, 'trialInstructionPos': (0, 1), 'probe': 'both', 'rightStreamFlip': False, 'horizVert': True, 'ISIframes': 3, 'rightResponseFirst': True}
696.7138 	INFO 	numtrials=360 and this trialDurFrames=5 or 83.3333333333 ms  task=T1
697.2134 	DATA 	Keypress: r
697.9132 	EXP 	window1: recordFrameIntervals = False
697.9218 	INFO 	Mouse: using default window
699.5662 	DATA 	Keypress: g
700.3131 	DATA 	Keypress: z
700.4540 	EXP 	New trial (rep=7, index=5): {'leftStreamFlip': False, 'oneTarget': True, 'trialInstructionPos': (0, 1), 'probe': 'both', 'rightStreamFlip': False, 'horizVert': True, 'ISIframes': 3, 'rightResponseFirst': True}
700.4792 	INFO 	numtrials=360 and this trialDurFrames=5 or 83.3333333333 ms  task=T1
701.6465 	EXP 	window1: recordFrameIntervals = False
701.6556 	INFO 	Mouse: using default window
702.3496 	DATA 	Keypress: t
702.5028 	EXP 	New trial (rep=7, index=6): {'leftStreamFlip': False, 'oneTarget': False, 'trialInstructionPos': (0, 1), 'probe': 'both', 'rightStreamFlip': False, 'horizVert': True, 'ISIframes': 3, 'rightResponseFirst': False}
702.5295 	INFO 	numtrials=360 and this trialDurFrames=5 or 83.3333333333 ms  task=T1
703.6298 	EXP 	window1: recordFrameIntervals = False
703.6383 	INFO 	Mouse: using default window
705.1309 	DATA 	Keypress: z
705.5808 	DATA 	Keypress: a
705.7199 	EXP 	New trial (rep=7, index=7): {'leftStreamFlip': False, 'oneTarget': False, 'trialInstructionPos': (0, -1), 'probe': 'both', 'rightStreamFlip': False, 'horizVert': True, 'ISIframes': 3, 'rightResponseFirst': True}
705.7457 	INFO 	numtrials=360 and this trialDurFrames=5 or 83.3333333333 ms  task=T1
706.9797 	EXP 	window1: recordFrameIntervals = False
706.9881 	INFO 	Mouse: using default window
708.5800 	DATA 	Keypress: r
708.7800 	DATA 	Keypress: a
708.9203 	EXP 	New trial (rep=7, index=8): {'leftStreamFlip': False, 'oneTarget': False, 'trialInstructionPos': (0, -1), 'probe': 'both', 'rightStreamFlip': False, 'horizVert': True, 'ISIframes': 3, 'rightResponseFirst': False}
708.9461 	INFO 	numtrials=360 and this trialDurFrames=5 or 83.3333333333 ms  task=T1
710.1130 	EXP 	window1: recordFrameIntervals = False
710.1219 	INFO 	Mouse: using default window
711.2302 	DATA 	Keypress: s
711.5802 	DATA 	Keypress: c
711.7191 	EXP 	New trial (rep=7, index=9): {'leftStreamFlip': False, 'oneTarget': True, 'trialInstructionPos': (0, -1), 'probe': 'both', 'rightStreamFlip': False, 'horizVert': True, 'ISIframes': 3, 'rightResponseFirst': False}
711.7471 	INFO 	numtrials=360 and this trialDurFrames=5 or 83.3333333333 ms  task=T1
712.9297 	EXP 	window1: recordFrameIntervals = False
712.9378 	INFO 	Mouse: using default window
717.2466 	DATA 	Keypress: r
717.3873 	EXP 	New trial (rep=7, index=10): {'leftStreamFlip': False, 'oneTarget': False, 'trialInstructionPos': (0, 1), 'probe': 'both', 'rightStreamFlip': False, 'horizVert': True, 'ISIframes': 3, 'rightResponseFirst': True}
717.4129 	INFO 	numtrials=360 and this trialDurFrames=5 or 83.3333333333 ms  task=T1
718.4797 	EXP 	window1: recordFrameIntervals = False
718.4883 	INFO 	Mouse: using default window
719.6966 	DATA 	Keypress: h
719.9496 	DATA 	Keypress: a
720.1045 	EXP 	New trial (rep=7, index=11): {'leftStreamFlip': False, 'oneTarget': False, 'trialInstructionPos': (0, 1), 'probe': 'both', 'rightStreamFlip': False, 'horizVert': True, 'ISIframes': 3, 'rightResponseFirst': False}
720.1292 	INFO 	numtrials=360 and this trialDurFrames=5 or 83.3333333333 ms  task=T1
721.3132 	EXP 	window1: recordFrameIntervals = False
721.3212 	INFO 	Mouse: using default window
723.9664 	DATA 	Keypress: h
726.9633 	DATA 	Keypress: j
727.1045 	EXP 	New trial (rep=8, index=0): {'leftStreamFlip': False, 'oneTarget': True, 'trialInstructionPos': (0, 1), 'probe': 'both', 'rightStreamFlip': False, 'horizVert': True, 'ISIframes': 3, 'rightResponseFirst': False}
727.1296 	INFO 	numtrials=360 and this trialDurFrames=5 or 83.3333333333 ms  task=T1
728.2797 	EXP 	window1: recordFrameIntervals = False
728.2885 	INFO 	Mouse: using default window
729.4634 	DATA 	Keypress: j
729.6024 	EXP 	New trial (rep=8, index=1): {'leftStreamFlip': False, 'oneTarget': True, 'trialInstructionPos': (0, 1), 'probe': 'both', 'rightStreamFlip': False, 'horizVert': True, 'ISIframes': 3, 'rightResponseFirst': True}
729.6292 	INFO 	numtrials=360 and this trialDurFrames=5 or 83.3333333333 ms  task=T1
730.7463 	EXP 	window1: recordFrameIntervals = False
730.7550 	INFO 	Mouse: using default window
731.8132 	DATA 	Keypress: y
731.9515 	EXP 	New trial (rep=8, index=2): {'leftStreamFlip': False, 'oneTarget': False, 'trialInstructionPos': (0, -1), 'probe': 'both', 'rightStreamFlip': False, 'horizVert': True, 'ISIframes': 3, 'rightResponseFirst': True}
731.9626 	INFO 	numtrials=360 and this trialDurFrames=5 or 83.3333333333 ms  task=T1
733.1464 	EXP 	window1: recordFrameIntervals = False
733.1580 	INFO 	Mouse: using default window
734.8470 	DATA 	Keypress: g
736.1471 	DATA 	Keypress: h
736.3530 	EXP 	New trial (rep=8, index=3): {'leftStreamFlip': False, 'oneTarget': True, 'trialInstructionPos': (0, -1), 'probe': 'both', 'rightStreamFlip': False, 'horizVert': True, 'ISIframes': 3, 'rightResponseFirst': True}
736.3791 	INFO 	numtrials=360 and this trialDurFrames=5 or 83.3333333333 ms  task=T1
737.5965 	EXP 	window1: recordFrameIntervals = False
737.6055 	INFO 	Mouse: using default window
739.5802 	DATA 	Keypress: z
739.7189 	EXP 	New trial (rep=8, index=4): {'leftStreamFlip': False, 'oneTarget': False, 'trialInstructionPos': (0, -1), 'probe': 'both', 'rightStreamFlip': False, 'horizVert': True, 'ISIframes': 3, 'rightResponseFirst': False}
739.7469 	INFO 	numtrials=360 and this trialDurFrames=5 or 83.3333333333 ms  task=T1
740.7463 	EXP 	window1: recordFrameIntervals = False
740.7549 	INFO 	Mouse: using default window
743.0133 	DATA 	Keypress: f
743.4633 	DATA 	Keypress: m
743.6012 	EXP 	New trial (rep=8, index=5): {'leftStreamFlip': False, 'oneTarget': False, 'trialInstructionPos': (0, 1), 'probe': 'both', 'rightStreamFlip': False, 'horizVert': True, 'ISIframes': 3, 'rightResponseFirst': False}
743.6127 	INFO 	numtrials=360 and this trialDurFrames=5 or 83.3333333333 ms  task=T1
744.7132 	EXP 	window1: recordFrameIntervals = False
744.7221 	INFO 	Mouse: using default window
745.9133 	DATA 	Keypress: g
746.2467 	DATA 	Keypress: y
746.3870 	EXP 	New trial (rep=8, index=6): {'leftStreamFlip': False, 'oneTarget': False, 'trialInstructionPos': (0, -1), 'probe': 'both', 'rightStreamFlip': False, 'horizVert': True, 'ISIframes': 3, 'rightResponseFirst': False}
746.4127 	INFO 	numtrials=360 and this trialDurFrames=5 or 83.3333333333 ms  task=T1
747.4465 	EXP 	window1: recordFrameIntervals = False
747.4557 	INFO 	Mouse: using default window
749.2468 	DATA 	Keypress: f
750.3467 	DATA 	Keypress: c
750.4875 	EXP 	New trial (rep=8, index=7): {'leftStreamFlip': False, 'oneTarget': False, 'trialInstructionPos': (0, -1), 'probe': 'both', 'rightStreamFlip': False, 'horizVert': True, 'ISIframes': 3, 'rightResponseFirst': True}
750.5125 	INFO 	numtrials=360 and this trialDurFrames=5 or 83.3333333333 ms  task=T1
751.6297 	EXP 	window1: recordFrameIntervals = False
751.6381 	INFO 	Mouse: using default window
752.5965 	DATA 	Keypress: a
752.8966 	DATA 	Keypress: t
753.0376 	EXP 	New trial (rep=8, index=8): {'leftStreamFlip': False, 'oneTarget': False, 'trialInstructionPos': (0, 1), 'probe': 'both', 'rightStreamFlip': False, 'horizVert': True, 'ISIframes': 3, 'rightResponseFirst': True}
753.0627 	INFO 	numtrials=360 and this trialDurFrames=5 or 83.3333333333 ms  task=T1
754.2466 	EXP 	window1: recordFrameIntervals = False
754.2544 	INFO 	Mouse: using default window
755.7133 	DATA 	Keypress: a
756.8301 	DATA 	Keypress: t
756.9705 	EXP 	New trial (rep=8, index=9): {'leftStreamFlip': False, 'oneTarget': False, 'trialInstructionPos': (0, 1), 'probe': 'both', 'rightStreamFlip': False, 'horizVert': True, 'ISIframes': 3, 'rightResponseFirst': False}
756.9958 	INFO 	numtrials=360 and this trialDurFrames=5 or 83.3333333333 ms  task=T1
758.0633 	EXP 	window1: recordFrameIntervals = False
758.0721 	INFO 	Mouse: using default window
760.9466 	DATA 	Keypress: y
761.2134 	DATA 	Keypress: a
761.3536 	EXP 	New trial (rep=8, index=10): {'leftStreamFlip': False, 'oneTarget': False, 'trialInstructionPos': (0, 1), 'probe': 'both', 'rightStreamFlip': False, 'horizVert': True, 'ISIframes': 3, 'rightResponseFirst': True}
761.3794 	INFO 	numtrials=360 and this trialDurFrames=5 or 83.3333333333 ms  task=T1
762.4464 	EXP 	window1: recordFrameIntervals = False
762.4551 	INFO 	Mouse: using default window
765.0302 	DATA 	Keypress: a
766.3300 	DATA 	Keypress: k
766.4697 	EXP 	New trial (rep=8, index=11): {'leftStreamFlip': False, 'oneTarget': True, 'trialInstructionPos': (0, -1), 'probe': 'both', 'rightStreamFlip': False, 'horizVert': True, 'ISIframes': 3, 'rightResponseFirst': False}
766.4958 	INFO 	numtrials=360 and this trialDurFrames=5 or 83.3333333333 ms  task=T1
767.6632 	EXP 	window1: recordFrameIntervals = False
767.6722 	INFO 	Mouse: using default window
768.4301 	DATA 	Keypress: m
768.5725 	EXP 	New trial (rep=9, index=0): {'leftStreamFlip': False, 'oneTarget': False, 'trialInstructionPos': (0, 1), 'probe': 'both', 'rightStreamFlip': False, 'horizVert': True, 'ISIframes': 3, 'rightResponseFirst': False}
768.5972 	INFO 	numtrials=360 and this trialDurFrames=5 or 83.3333333333 ms  task=T1
769.6298 	EXP 	window1: recordFrameIntervals = False
769.6381 	INFO 	Mouse: using default window
770.8801 	DATA 	Keypress: f
771.1665 	DATA 	Keypress: r
771.3195 	EXP 	New trial (rep=9, index=1): {'leftStreamFlip': False, 'oneTarget': True, 'trialInstructionPos': (0, -1), 'probe': 'both', 'rightStreamFlip': False, 'horizVert': True, 'ISIframes': 3, 'rightResponseFirst': False}
771.3461 	INFO 	numtrials=360 and this trialDurFrames=5 or 83.3333333333 ms  task=T1
772.4297 	EXP 	window1: recordFrameIntervals = False
772.4382 	INFO 	Mouse: using default window
773.1969 	DATA 	Keypress: m
773.3361 	EXP 	New trial (rep=9, index=2): {'leftStreamFlip': False, 'oneTarget': True, 'trialInstructionPos': (0, -1), 'probe': 'both', 'rightStreamFlip': False, 'horizVert': True, 'ISIframes': 3, 'rightResponseFirst': True}
773.3470 	INFO 	numtrials=360 and this trialDurFrames=5 or 83.3333333333 ms  task=T1
774.5297 	EXP 	window1: recordFrameIntervals = False
774.5385 	INFO 	Mouse: using default window
775.5968 	DATA 	Keypress: k
775.7359 	EXP 	New trial (rep=9, index=3): {'leftStreamFlip': False, 'oneTarget': False, 'trialInstructionPos': (0, 1), 'probe': 'both', 'rightStreamFlip': False, 'horizVert': True, 'ISIframes': 3, 'rightResponseFirst': True}
775.7628 	INFO 	numtrials=360 and this trialDurFrames=5 or 83.3333333333 ms  task=T1
776.8297 	EXP 	window1: recordFrameIntervals = False
776.8381 	INFO 	Mouse: using default window
779.1133 	DATA 	Keypress: f
779.4968 	DATA 	Keypress: g
779.6368 	EXP 	New trial (rep=9, index=4): {'leftStreamFlip': False, 'oneTarget': True, 'trialInstructionPos': (0, 1), 'probe': 'both', 'rightStreamFlip': False, 'horizVert': True, 'ISIframes': 3, 'rightResponseFirst': True}
779.6624 	INFO 	numtrials=360 and this trialDurFrames=5 or 83.3333333333 ms  task=T1
780.7299 	EXP 	window1: recordFrameIntervals = False
780.7391 	INFO 	Mouse: using default window
781.5663 	DATA 	Keypress: n
781.7202 	EXP 	New trial (rep=9, index=5): {'leftStreamFlip': False, 'oneTarget': False, 'trialInstructionPos': (0, 1), 'probe': 'both', 'rightStreamFlip': False, 'horizVert': True, 'ISIframes': 3, 'rightResponseFirst': True}
781.7471 	INFO 	numtrials=360 and this trialDurFrames=5 or 83.3333333333 ms  task=T1
782.8963 	EXP 	window1: recordFrameIntervals = False
782.9054 	INFO 	Mouse: using default window
784.8800 	DATA 	Keypress: c
785.9302 	DATA 	Keypress: k
786.0692 	EXP 	New trial (rep=9, index=6): {'leftStreamFlip': False, 'oneTarget': False, 'trialInstructionPos': (0, -1), 'probe': 'both', 'rightStreamFlip': False, 'horizVert': True, 'ISIframes': 3, 'rightResponseFirst': True}
786.0959 	INFO 	numtrials=360 and this trialDurFrames=5 or 83.3333333333 ms  task=T1
787.2631 	EXP 	window1: recordFrameIntervals = False
787.2721 	INFO 	Mouse: using default window
789.1968 	DATA 	Keypress: f
789.5330 	DATA 	Keypress: a
789.6858 	EXP 	New trial (rep=9, index=7): {'leftStreamFlip': False, 'oneTarget': False, 'trialInstructionPos': (0, -1), 'probe': 'both', 'rightStreamFlip': False, 'horizVert': True, 'ISIframes': 3, 'rightResponseFirst': False}
789.7126 	INFO 	numtrials=360 and this trialDurFrames=5 or 83.3333333333 ms  task=T1
790.9464 	EXP 	window1: recordFrameIntervals = False
790.9549 	INFO 	Mouse: using default window
792.0966 	DATA 	Keypress: h
792.9800 	DATA 	Keypress: s
793.1197 	EXP 	New trial (rep=9, index=8): {'leftStreamFlip': False, 'oneTarget': False, 'trialInstructionPos': (0, -1), 'probe': 'both', 'rightStreamFlip': False, 'horizVert': True, 'ISIframes': 3, 'rightResponseFirst': False}
793.1463 	INFO 	numtrials=360 and this trialDurFrames=5 or 83.3333333333 ms  task=T1
794.2465 	EXP 	window1: recordFrameIntervals = False
794.2552 	INFO 	Mouse: using default window
795.8134 	DATA 	Keypress: z
796.2801 	DATA 	Keypress: a
796.4216 	EXP 	New trial (rep=9, index=9): {'leftStreamFlip': False, 'oneTarget': False, 'trialInstructionPos': (0, -1), 'probe': 'both', 'rightStreamFlip': False, 'horizVert': True, 'ISIframes': 3, 'rightResponseFirst': True}
796.4460 	INFO 	numtrials=360 and this trialDurFrames=5 or 83.3333333333 ms  task=T1
797.5799 	EXP 	window1: recordFrameIntervals = False
797.5892 	INFO 	Mouse: using default window
800.5133 	DATA 	Keypress: s
803.5134 	DATA 	Keypress: r
803.6564 	EXP 	New trial (rep=9, index=10): {'leftStreamFlip': False, 'oneTarget': True, 'trialInstructionPos': (0, 1), 'probe': 'both', 'rightStreamFlip': False, 'horizVert': True, 'ISIframes': 3, 'rightResponseFirst': False}
803.6794 	INFO 	numtrials=360 and this trialDurFrames=5 or 83.3333333333 ms  task=T1
804.7965 	EXP 	window1: recordFrameIntervals = False
804.8050 	INFO 	Mouse: using default window
805.8803 	DATA 	Keypress: k
806.0193 	EXP 	New trial (rep=9, index=11): {'leftStreamFlip': False, 'oneTarget': False, 'trialInstructionPos': (0, 1), 'probe': 'both', 'rightStreamFlip': False, 'horizVert': True, 'ISIframes': 3, 'rightResponseFirst': False}
806.0297 	INFO 	numtrials=360 and this trialDurFrames=5 or 83.3333333333 ms  task=T1
807.1632 	EXP 	window1: recordFrameIntervals = False
807.1723 	INFO 	Mouse: using default window
807.8967 	DATA 	Keypress: a
808.5967 	DATA 	Keypress: n
808.7367 	EXP 	New trial (rep=10, index=0): {'leftStreamFlip': False, 'oneTarget': True, 'trialInstructionPos': (0, -1), 'probe': 'both', 'rightStreamFlip': False, 'horizVert': True, 'ISIframes': 3, 'rightResponseFirst': True}
808.7628 	INFO 	numtrials=360 and this trialDurFrames=5 or 83.3333333333 ms  task=T1
809.7631 	EXP 	window1: recordFrameIntervals = False
809.7710 	INFO 	Mouse: using default window
816.7802 	DATA 	Keypress: lctrl
816.8635 	DATA 	Keypress: lshift
818.7803 	DATA 	Keypress: lctrl
818.9135 	DATA 	Keypress: lshift
819.0136 	DATA 	Keypress: s
819.1564 	EXP 	New trial (rep=10, index=1): {'leftStreamFlip': False, 'oneTarget': False, 'trialInstructionPos': (0, 1), 'probe': 'both', 'rightStreamFlip': False, 'horizVert': True, 'ISIframes': 3, 'rightResponseFirst': True}
819.1793 	INFO 	numtrials=360 and this trialDurFrames=5 or 83.3333333333 ms  task=T1
820.2132 	EXP 	window1: recordFrameIntervals = False
820.2224 	INFO 	Mouse: using default window
829.8969 	DATA 	Keypress: lctrl
829.9969 	DATA 	Keypress: lshift
830.0634 	DATA 	Keypress: z
830.0828 	INFO 	Stopping at 16:41 on 09 Aug 2018
830.0846 	ERROR 	user aborted experiment on keypress with trials done=121 of 361
830.1011 	INFO 	Program terminating normally.
