0.7247 	WARNING 	Monitor specification not found. Creating a temporary one...
72.1474 	EXP 	Created window1 = Window(allowGUI=False, allowStencil=False, autoLog=True, bitsMode=UNKNOWN, blendMode='avg', color=array([-0.7, -0.7, -0.7]), colorSpace='rgb', fullscr=UNKNOWN, gamma=None, lms=UNKNOWN, monitor=<psychopy.monitors.calibTools.Monitor object at 0x1A7E4050>, name='window1', pos=[0, 0], screen=0, size=array([1920, 1080]), stereo=False, units='deg', useFBO=False, useRetina=False, viewOri=0.0, viewPos=None, viewScale=None, waitBlanking=False, winType='pyglet')
72.1475 	INFO 	Mouse: using default window
72.1479 	EXP 	window1: units = 'norm'
72.2400 	EXP 	Created unnamed ImageStim = ImageStim(autoLog=True, color=array([ 1.,  1.,  1.]), colorSpace='rgb', contrast=1.0, depth=0, flipHoriz=False, flipVert=False, image=str(...), interpolate=False, mask=None, maskParams=None, name='unnamed ImageStim', opacity=1.0, ori=0.0, pos=array([-0.5,  0. ]), size=array([ 1.290625  ,  3.24814815]), texRes=128, units='norm', win=Window(...))
72.3195 	EXP 	Created unnamed ImageStim = ImageStim(autoLog=True, color=array([ 1.,  1.,  1.]), colorSpace='rgb', contrast=1.0, depth=0, flipHoriz=False, flipVert=False, image=str(...), interpolate=False, mask=None, maskParams=None, name='unnamed ImageStim', opacity=1.0, ori=0.0, pos=array([ 0.5,  0. ]), size=array([ 1.290625  ,  3.24814815]), texRes=128, units='norm', win=Window(...))
72.3363 	EXP 	Created OKrespZone = GratingStim(autoDraw=False, autoLog=True, color=array([ 1. ,  0.5,  0.5]), colorSpace='rgb', contrast=1.0, depth=0, interpolate=False, mask='gauss', maskParams=None, name='OKrespZone', opacity=1.0, ori=0.0, phase=array([ 0.,  0.]), pos=array([-0.2 , -0.92]), rgbPedestal=array([ 0.,  0.,  0.]), sf=array([ 0.,  0.]), size=array([ 2.3,  0.2]), tex='sin', texRes=256, units='norm', win=Window(...))
72.4945 	EXP 	unnamed ImageStim: size = (1, 2)
72.4945 	EXP 	unnamed ImageStim: size = (1, 2)
180.9321 	DATA 	Mouse: Left button down, pos=(1003,152)
181.0470 	DATA 	Mouse:  Left button up, pos=(1003,152)
183.2635 	DATA 	Mouse: Left button down, pos=(896,33)
183.2798 	EXP 	window1: units = 'deg'
183.2800 	EXP 	window1: units = 'norm'
183.3003 	EXP 	Created OKrespZone = GratingStim(autoDraw=False, autoLog=True, color=array([ 1. ,  0.5,  0.5]), colorSpace='rgb', contrast=1.0, depth=0, interpolate=False, mask='gauss', maskParams=None, name='OKrespZone', opacity=1.0, ori=0.0, phase=array([ 0.,  0.]), pos=array([-0.2 , -0.92]), rgbPedestal=array([ 0.,  0.,  0.]), sf=array([ 0.,  0.]), size=array([ 2.3,  0.2]), tex='sin', texRes=256, units='norm', win=Window(...))
183.3830 	EXP 	Created unnamed ImageStim = ImageStim(autoLog=True, color=array([ 1.,  1.,  1.]), colorSpace='rgb', contrast=1.0, depth=0, flipHoriz=False, flipVert=False, image='abgdj\\PISandConsentForm\\consentForm.png', interpolate=False, mask=None, maskParams=None, name='unnamed ImageStim', opacity=1.0, ori=0.0, pos=array([ 0.,  0.]), size=array([ 1.3375    ,  2.97407407]), texRes=128, units='norm', win=Window(...))
183.4229 	EXP 	Created unnamed GratingStim = GratingStim(autoDraw=False, autoLog=True, color=array([ 1. ,  0.5,  0.5]), colorSpace='rgb', contrast=1.0, depth=0, interpolate=False, mask='gauss', maskParams=None, name='unnamed GratingStim', opacity=1.0, ori=0.0, phase=array([ 0.,  0.]), pos=array([-0.2 , -0.42]), rgbPedestal=array([ 0.,  0.,  0.]), sf=array([ 0.,  0.]), size=array([ 0.3,  0.2]), tex='sin', texRes=256, units='norm', win=Window(...))
183.4620 	EXP 	Created unnamed GratingStim = GratingStim(autoDraw=False, autoLog=True, color=array([ 1. ,  0.5,  0.5]), colorSpace='rgb', contrast=1.0, depth=0, interpolate=False, mask='gauss', maskParams=None, name='unnamed GratingStim', opacity=1.0, ori=0.0, phase=array([ 0.,  0.]), pos=array([ 0.1 , -0.42]), rgbPedestal=array([ 0.,  0.,  0.]), sf=array([ 0.,  0.]), size=array([ 0.3,  0.2]), tex='sin', texRes=256, units='norm', win=Window(...))
183.4843 	EXP 	Created unnamed GratingStim = GratingStim(autoDraw=False, autoLog=True, color=array([ 1. ,  0.5,  0.5]), colorSpace='rgb', contrast=1.0, depth=0, interpolate=False, mask='gauss', maskParams=None, name='unnamed GratingStim', opacity=1.0, ori=0.0, phase=array([ 0.,  0.]), pos=array([-0.2 , -0.72]), rgbPedestal=array([ 0.,  0.,  0.]), sf=array([ 0.,  0.]), size=array([ 0.3,  0.2]), tex='sin', texRes=256, units='norm', win=Window(...))
183.5045 	EXP 	Created unnamed GratingStim = GratingStim(autoDraw=False, autoLog=True, color=array([ 1. ,  0.5,  0.5]), colorSpace='rgb', contrast=1.0, depth=0, interpolate=False, mask='gauss', maskParams=None, name='unnamed GratingStim', opacity=1.0, ori=0.0, phase=array([ 0.,  0.]), pos=array([ 0.1 , -0.72]), rgbPedestal=array([ 0.,  0.,  0.]), sf=array([ 0.,  0.]), size=array([ 0.3,  0.2]), tex='sin', texRes=256, units='norm', win=Window(...))
183.5077 	DATA 	Mouse:  Left button up, pos=(896,33)
183.5138 	EXP 	unnamed ImageStim: size = (1.1, 2)
192.9469 	DATA 	Mouse: Left button down, pos=(768,320)
193.0967 	DATA 	Mouse:  Left button up, pos=(768,320)
195.7167 	DATA 	Mouse: Left button down, pos=(767,145)
195.8468 	DATA 	Mouse:  Left button up, pos=(767,145)
196.7469 	DATA 	Mouse: Left button down, pos=(726,37)
196.7632 	EXP 	window1: units = 'deg'
196.7681 	EXP 	window1: mouseVisible = True
216.9139 	EXP 	Created window1 = Window(allowGUI=False, allowStencil=False, autoLog=True, bitsMode=UNKNOWN, blendMode='avg', color=array([-0.7, -0.7, -0.7]), colorSpace='rgb', fullscr=UNKNOWN, gamma=None, lms=UNKNOWN, monitor=<psychopy.monitors.calibTools.Monitor object at 0x1A7E4050>, name='window1', pos=[0, 0], screen=0, size=array([1920, 1080]), stereo=False, units='deg', useFBO=False, useRetina=False, viewOri=0.0, viewPos=None, viewScale=None, waitBlanking=False, winType='pyglet')
221.3643 	INFO 	#[ PsychoPy2 RuntimeInfoStart ]
  #[[ PsychoPy ]] #---------
    psychopyVersion: 1.84.2
    psychopyHaveExtRush: True
  #[[ Experiment ]] #---------
    experimentAuthor: None
    experimentAuthVersion: None
    experimentRunTime: 2018_08_07 11:09 (Year_Month_Day Hour:Min)
    experimentRunTime.epoch: 1533604193
    experimentScript: psyc1002.py
    experimentScript.digestSHA1: 03993779484d600ea4c1b8cc2288f3d37a5025d5
    experimentScript.directory: U:\PSYC1002\abgdj
  #[[ System ]] #---------
    systemHaveInternetAccess: True
    systemHostName: W5FD1LG2
    systemLocale: English_United States.1252
    systemMemFreeRAM: 4014.828125
    systemMemTotalRAM: 8076.9453125
    systemPlatform: windowsversion=sys.getwindowsversion(major=6, minor=2, build=9200, platform=2, service_pack='')
    systemPyo.InputDevices: {4: {'host api index': 2, 'latency': 0.008707483299076557, 'default sr': 44100, 'name': u'Realtek ASIO'}}
    systemPyo.OutputDevices: {0: {'host api index': 0, 'latency': 0.09000000357627869, 'default sr': 44100, 'name': u'Microsoft Sound Mapper - Output'}, 1: {'host api index': 0, 'latency': 0.09000000357627869, 'default sr': 44100, 'name': u'Speakers / Headphones (Realtek '}, 2: {'host api index': 1, 'latency': 0.11999999731779099, 'default sr': 44100, 'name': u'Primary Sound Driver'}, 3: {'host api index': 1, 'latency': 0.11999999731779099, 'default sr': 44100, 'name': u'Speakers / Headphones (Realtek High Definition Audio)'}, 4: {'host api index': 2, 'latency': 0.008707483299076557, 'default sr': 44100, 'name': u'Realtek ASIO'}, 5: {'host api index': 3, 'latency': 0.003000000026077032, 'default sr': 48000, 'name': u'Speakers / Headphones (Realtek High Definition Audio)'}}
    systemPyoVersion: 0.8.0
    systemRebooted: System Boot Time:          8/7/2018, 2:14:38 AM
    systemSec.pythonSSL: True
    systemTimeNumpySD1000000_sec: 0.0084
    systemUser: mden0842
    systemUserID: 1000
    systemUserProcCmdPid: LabStatsUserSpace.exe dwm.exe TiWorker.exe CmRcService.exe nierserver.exe LabStatsClient.exe tagsrv.exe SearchUI.exe DWRCST.EXE OneDrive.exe nipxism.exe WmiPrvSE.exe niLxiDiscovery.exe SecurityHealthService.exe redirector.exe server_admin.exe pc-client.exe lkads.exe svchost.exe ni_usbmon.exe AGSService.exe System SISIDSService.exe SelfServicePlugin.exe explorer.exe smss.exe ApplicationWebServer.exe RuntimeBroker.exe acrotray.exe niauth_daemon.exe cmd.exe nidmsrv.exe Receiver.exe SISIPSService.exe lktsrv.exe lsass.exe python.exe RtkNGUI64.exe sisipsutil.exe AdobeUpdateService.exe armsvc.exe ssonsvr.exe concentr.exe nidevldu.exe taskhostw.exe ctfmon.exe RAVBg64.exe ''Memory Compression'' NIWebServiceContainer.exe nimxs.exe RtkAudioService64.exe SystemWebServer.exe tasklist.exe snowagent.exe CcmExec.exe SmcGui.exe nicitdl5.exe ''System Idle Process'' services.exe niDiscSvc.exe sqlwriter.exe MSASCuiL.exe iexplore.exe SCNotification.exe nimdnsResponder.exe server_runtime.exe DWRCS.EXE sihost.exe backgroundTaskHost.exe spoolsv.exe wininit.exe winlogon.exe ShellExperienceHost.exe nidevmon.exe SearchIndexer.exe csrss.exe TrustedInstaller.exe audiodg.exe fontdrvhost.exe unsecapp.exe ccSvcHst.exe wfcrun32.exe nisvcloc.exe server_eventlog.exe lkcitdl.exe AuthManSvr.exe conhost.exe
    systemUserProcCount: 175
    systemUserProcFlagged: Explorer
    systemUsersCount: False
  #[[ Window ]] #---------
    windowWinType: pyglet
    windowWaitBlanking: False
    windowUseNativeGamma: True
    windowUnits: deg
    windowSize_pix: [1920 1080]
    windowScreen: 0
    windowRgb: [-0.7 -0.7 -0.7]
    windowRefreshTimeSD_ms: 0.298
    windowRefreshTimeMedian_ms: 16.636
    windowRefreshTimeAvg_ms: 16.658
    windowRefreshThreshold_sec: 0.0200
    windowRecordFrameIntervals: False
    windowPos_pix: [0, 0]
    windowMonitor.name: testmonitor
    windowMonitor.getWidth_cm: 57.0
    windowMonitor.getLinearizeMethod: 1
    windowMonitor.getGammaGrid: [[  0.   1.   1.  nan  nan  nan]
 [  0.   1.   1.  nan  nan  nan]
 [  0.   1.   1.  nan  nan  nan]
 [  0.   1.   1.  nan  nan  nan]]
    windowMonitor.getDistance_cm: 57.0
    windowMonitor.gammaInterpolator2: None
    windowMonitor.gammaInterpolator: None
    windowMonitor.currentCalibName: 2018_08_07 11:06
    windowIsFullScr: True
    windowHaveShaders: True
    windowAllowGUI: False
  #[[ Python ]] #---------
    pythonWxVersion: 3.0.2.0 msw (classic)
    pythonVersion: 2.7.11
    pythonScipyVersion: 0.17.1
    pythonPygletVersion: 1.2.4
    pythonPygameVersion: 1.9.2pre
    pythonNumpyVersion: 1.11.0
    pythonMatplotlibVersion: 1.5.1
    pythonFullVersion: 2.7.11 (v2.7.11:6d1b6a68f775, Dec  5 2015, 20:32:19) [MSC v.1500 32 bit (Intel)]
    pythonExecutable: C:\Program Files (x86)\PsychoPy2\python.exe
  #[[ OpenGL ]] #---------
    openGLVersion: 4.4.0 - Build 21.20.16.4627
    openGLVendor: Intel
    openGLRenderingEngine: Intel(R) HD Graphics 530
    openGLmaxVerticesInVertexArray: 1048576
    False: openGLext.GL_STEREO
    True: openGLext.GL_EXT_framebuffer_object
    True: openGLext.GL_ARB_vertex_shader
    True: openGLext.GL_ARB_texture_non_power_of_two
    True: openGLext.GL_ARB_texture_float
    True: openGLext.GL_ARB_shader_objects
    True: openGLext.GL_ARB_multitexture
    True: openGLext.GL_ARB_fragment_program
#[ PsychoPy2 RuntimeInfoEnd ]

221.4141 	EXP 	window1: recordFrameIntervals = True
222.2472 	EXP 	window1: recordFrameIntervals = False
222.2476 	INFO 	Frames per second ~=60.2, which is close enough to desired val of 60.0
222.4557 	EXP 	Created sequence: random, trialTypes=12, nReps=30, seed=None
222.5951 	INFO 	Mouse: using default window
222.6158 	EXP 	Created OKrespZone = GratingStim(autoDraw=False, autoLog=True, color=array([ 1.,  1.,  1.]), colorSpace='rgb', contrast=1.0, depth=0, interpolate=False, mask='gauss', maskParams=None, name='OKrespZone', opacity=1.0, ori=0.0, phase=array([ 0.,  0.]), pos=array([ 0.  ,  0.88]), rgbPedestal=array([ 0.,  0.,  0.]), sf=array([ 0.,  0.]), size=array([ 2. ,  0.2]), tex='sin', texRes=256, units='norm', win=Window(...))
231.2044 	DATA 	Mouse: Left button down, pos=(92,961)
231.3070 	DATA 	Mouse:  Left button up, pos=(92,962)
235.9956 	DATA 	Mouse: Left button down, pos=(267,613)
236.0832 	DATA 	Mouse:  Left button up, pos=(267,613)
242.6682 	DATA 	Mouse: Left button down, pos=(144,406)
242.7711 	DATA 	Mouse:  Left button up, pos=(144,406)
245.8355 	DATA 	Mouse: Left button down, pos=(86,192)
245.9631 	DATA 	Mouse:  Left button up, pos=(86,192)
253.2600 	DATA 	Mouse: Left button down, pos=(308,395)
253.3555 	DATA 	Mouse:  Left button up, pos=(308,395)
257.4034 	DATA 	Mouse: Left button down, pos=(324,676)
257.5151 	DATA 	Mouse:  Left button up, pos=(324,676)
260.6114 	DATA 	Mouse: Left button down, pos=(321,886)
260.6992 	DATA 	Mouse:  Left button up, pos=(321,886)
281.1874 	DATA 	Mouse: Left button down, pos=(543,126)
281.2911 	DATA 	Mouse:  Left button up, pos=(543,126)
285.6359 	DATA 	Mouse: Left button down, pos=(722,402)
285.7152 	DATA 	Mouse:  Left button up, pos=(722,402)
289.3474 	DATA 	Mouse: Left button down, pos=(695,611)
289.4352 	DATA 	Mouse:  Left button up, pos=(694,612)
294.6433 	DATA 	Mouse: Left button down, pos=(875,671)
294.7231 	DATA 	Mouse:  Left button up, pos=(875,671)
303.4835 	DATA 	Mouse: Left button down, pos=(1103,393)
303.5952 	DATA 	Mouse:  Left button up, pos=(1103,393)
306.4358 	DATA 	Mouse: Left button down, pos=(1141,605)
306.5392 	DATA 	Mouse:  Left button up, pos=(1141,605)
320.4755 	DATA 	Mouse: Left button down, pos=(1362,47)
320.6111 	DATA 	Mouse:  Left button up, pos=(1361,46)
334.9154 	DATA 	Mouse: Left button down, pos=(1671,686)
335.0515 	DATA 	Mouse:  Left button up, pos=(1671,686)
340.1393 	DATA 	Mouse: Left button down, pos=(1724,191)
340.2754 	DATA 	Mouse:  Left button up, pos=(1724,191)
342.2041 	DATA 	Mouse: Left button down, pos=(1694,192)
342.3232 	DATA 	Mouse:  Left button up, pos=(1693,192)
345.7635 	DATA 	Mouse: Left button down, pos=(492,127)
345.8592 	DATA 	Mouse:  Left button up, pos=(492,126)
346.5796 	DATA 	Mouse: Left button down, pos=(908,1041)
346.5959 	INFO 	Experiment will have 360 trials. Letters will be drawn with superposed noise of 0.00%
346.6089 	EXP 	New trial (rep=0, index=0): {'leftStreamFlip': False, 'oneTarget': False, 'trialInstructionPos': (0, 1), 'probe': 'both', 'rightStreamFlip': False, 'horizVert': False, 'ISIframes': 2, 'rightResponseFirst': True}
346.6090 	INFO 	Starting main part of experiment
346.6482 	DATA 	Mouse:  Left button up, pos=(904,1039)
347.7970 	INFO 	numtrials=360 and this trialDurFrames=28 or 466.666666667 ms  task=T1
349.8472 	EXP 	window1: recordFrameIntervals = False
349.8578 	INFO 	Mouse: using default window
352.6480 	DATA 	Keypress: y
355.3805 	DATA 	Keypress: g
357.3808 	DATA 	Keypress: c
357.5645 	EXP 	New trial (rep=0, index=1): {'leftStreamFlip': False, 'oneTarget': False, 'trialInstructionPos': (0, 1), 'probe': 'both', 'rightStreamFlip': False, 'horizVert': False, 'ISIframes': 2, 'rightResponseFirst': True}
365.6808 	DATA 	Mouse: Left button down, pos=(437,559)
365.8138 	DATA 	Mouse:  Left button up, pos=(437,559)
367.0808 	INFO 	numtrials=360 and this trialDurFrames=22 or 366.666666667 ms  task=T1
369.0475 	EXP 	window1: recordFrameIntervals = False
369.0557 	INFO 	Mouse: using default window
371.1808 	DATA 	Keypress: j
372.6477 	DATA 	Keypress: a
374.1812 	DATA 	Keypress: s
374.3268 	EXP 	New trial (rep=0, index=2): {'leftStreamFlip': False, 'oneTarget': False, 'trialInstructionPos': (0, -1), 'probe': 'both', 'rightStreamFlip': False, 'horizVert': False, 'ISIframes': 2, 'rightResponseFirst': True}
374.3474 	INFO 	numtrials=360 and this trialDurFrames=18 or 300.0 ms  task=T1
376.0809 	EXP 	window1: recordFrameIntervals = False
376.0891 	INFO 	Mouse: using default window
378.6642 	DATA 	Keypress: y
380.3471 	DATA 	Keypress: h
380.9161 	DATA 	Keypress: n
381.0758 	EXP 	New trial (rep=0, index=3): {'leftStreamFlip': False, 'oneTarget': False, 'trialInstructionPos': (0, 1), 'probe': 'both', 'rightStreamFlip': False, 'horizVert': False, 'ISIframes': 2, 'rightResponseFirst': True}
381.0974 	INFO 	numtrials=360 and this trialDurFrames=18 or 300.0 ms  task=T1
382.4813 	EXP 	window1: recordFrameIntervals = False
382.4892 	INFO 	Mouse: using default window
384.0643 	DATA 	Keypress: j
385.0144 	DATA 	Keypress: h
385.5474 	DATA 	Keypress: n
385.6938 	EXP 	New trial (rep=0, index=4): {'leftStreamFlip': False, 'oneTarget': False, 'trialInstructionPos': (0, -1), 'probe': 'both', 'rightStreamFlip': False, 'horizVert': False, 'ISIframes': 2, 'rightResponseFirst': True}
391.8979 	DATA 	Mouse: Left button down, pos=(437,559)
392.0307 	DATA 	Mouse:  Left button up, pos=(437,559)
394.0475 	INFO 	numtrials=360 and this trialDurFrames=14 or 233.333333333 ms  task=T1
395.3809 	EXP 	window1: recordFrameIntervals = False
395.3886 	INFO 	Mouse: using default window
396.7638 	DATA 	Keypress: u
398.5480 	DATA 	Keypress: m
400.0138 	DATA 	Keypress: a
400.1571 	EXP 	New trial (rep=0, index=5): {'leftStreamFlip': False, 'oneTarget': False, 'trialInstructionPos': (0, 1), 'probe': 'both', 'rightStreamFlip': False, 'horizVert': False, 'ISIframes': 2, 'rightResponseFirst': False}
400.1800 	INFO 	numtrials=360 and this trialDurFrames=4 or 66.6666666667 ms  task=T1
401.3476 	EXP 	window1: recordFrameIntervals = False
401.3551 	INFO 	Mouse: using default window
403.0640 	DATA 	Keypress: n
403.7976 	DATA 	Keypress: m
404.8143 	DATA 	Keypress: f
404.9547 	EXP 	New trial (rep=0, index=6): {'leftStreamFlip': False, 'oneTarget': False, 'trialInstructionPos': (0, 1), 'probe': 'both', 'rightStreamFlip': False, 'horizVert': False, 'ISIframes': 2, 'rightResponseFirst': False}
404.9802 	INFO 	numtrials=360 and this trialDurFrames=4 or 66.6666666667 ms  task=T1
406.0807 	EXP 	window1: recordFrameIntervals = False
406.0894 	INFO 	Mouse: using default window
408.6809 	DATA 	Keypress: e
410.1644 	DATA 	Keypress: y
410.7639 	DATA 	Keypress: j
410.9045 	EXP 	New trial (rep=0, index=7): {'leftStreamFlip': False, 'oneTarget': False, 'trialInstructionPos': (0, -1), 'probe': 'both', 'rightStreamFlip': False, 'horizVert': False, 'ISIframes': 2, 'rightResponseFirst': False}
410.9295 	INFO 	numtrials=360 and this trialDurFrames=3 or 50.0 ms  task=T1
411.9480 	EXP 	window1: recordFrameIntervals = False
411.9559 	INFO 	Mouse: using default window
413.8646 	DATA 	Keypress: z
414.6139 	DATA 	Keypress: e
416.1984 	DATA 	Keypress: m
416.3390 	EXP 	New trial (rep=0, index=8): {'leftStreamFlip': False, 'oneTarget': False, 'trialInstructionPos': (0, -1), 'probe': 'both', 'rightStreamFlip': False, 'horizVert': False, 'ISIframes': 2, 'rightResponseFirst': True}
416.3632 	INFO 	numtrials=360 and this trialDurFrames=4 or 66.6666666667 ms  task=T1
417.5644 	EXP 	window1: recordFrameIntervals = False
417.5719 	INFO 	Mouse: using default window
419.2309 	DATA 	Keypress: y
421.9642 	DATA 	Keypress: j
422.9479 	DATA 	Keypress: s
423.0912 	EXP 	New trial (rep=0, index=9): {'leftStreamFlip': False, 'oneTarget': False, 'trialInstructionPos': (0, -1), 'probe': 'both', 'rightStreamFlip': False, 'horizVert': False, 'ISIframes': 2, 'rightResponseFirst': False}
423.1132 	INFO 	numtrials=360 and this trialDurFrames=4 or 66.6666666667 ms  task=T1
424.2974 	EXP 	window1: recordFrameIntervals = False
424.3051 	INFO 	Mouse: using default window
425.8140 	DATA 	Keypress: f
426.8976 	DATA 	Keypress: a
427.6813 	DATA 	Keypress: u
427.8299 	EXP 	New trial (rep=0, index=10): {'leftStreamFlip': False, 'oneTarget': False, 'trialInstructionPos': (0, 1), 'probe': 'both', 'rightStreamFlip': False, 'horizVert': False, 'ISIframes': 2, 'rightResponseFirst': False}
427.8468 	INFO 	numtrials=360 and this trialDurFrames=4 or 66.6666666667 ms  task=T1
428.9646 	EXP 	window1: recordFrameIntervals = False
428.9726 	INFO 	Mouse: using default window
430.2642 	DATA 	Keypress: g
431.1643 	DATA 	Keypress: r
431.5977 	DATA 	Keypress: f
431.7390 	EXP 	New trial (rep=0, index=11): {'leftStreamFlip': False, 'oneTarget': False, 'trialInstructionPos': (0, -1), 'probe': 'both', 'rightStreamFlip': False, 'horizVert': False, 'ISIframes': 2, 'rightResponseFirst': False}
431.7637 	INFO 	numtrials=360 and this trialDurFrames=4 or 66.6666666667 ms  task=T1
432.9805 	EXP 	window1: recordFrameIntervals = False
432.9884 	INFO 	Mouse: using default window
434.5317 	DATA 	Keypress: h
435.8973 	DATA 	Keypress: n
436.3641 	DATA 	Keypress: h
436.5082 	EXP 	New trial (rep=1, index=0): {'leftStreamFlip': False, 'oneTarget': False, 'trialInstructionPos': (0, -1), 'probe': 'both', 'rightStreamFlip': False, 'horizVert': False, 'ISIframes': 2, 'rightResponseFirst': True}
436.5303 	INFO 	numtrials=360 and this trialDurFrames=4 or 66.6666666667 ms  task=T1
437.5312 	EXP 	window1: recordFrameIntervals = False
437.5393 	INFO 	Mouse: using default window
439.6142 	DATA 	Keypress: r
440.0977 	DATA 	Keypress: e
440.9155 	DATA 	Keypress: t
441.0742 	EXP 	New trial (rep=1, index=1): {'leftStreamFlip': False, 'oneTarget': False, 'trialInstructionPos': (0, -1), 'probe': 'both', 'rightStreamFlip': False, 'horizVert': False, 'ISIframes': 2, 'rightResponseFirst': True}
441.0972 	INFO 	numtrials=360 and this trialDurFrames=3 or 50.0 ms  task=T1
442.2472 	EXP 	window1: recordFrameIntervals = False
442.2552 	INFO 	Mouse: using default window
447.0144 	DATA 	Keypress: m
447.9475 	DATA 	Keypress: a
449.0147 	DATA 	Keypress: n
449.1564 	EXP 	New trial (rep=1, index=2): {'leftStreamFlip': False, 'oneTarget': False, 'trialInstructionPos': (0, 1), 'probe': 'both', 'rightStreamFlip': False, 'horizVert': False, 'ISIframes': 2, 'rightResponseFirst': False}
449.1804 	INFO 	numtrials=360 and this trialDurFrames=4 or 66.6666666667 ms  task=T1
450.3472 	EXP 	window1: recordFrameIntervals = False
450.3552 	INFO 	Mouse: using default window
451.8311 	DATA 	Keypress: a
453.0482 	DATA 	Keypress: g
454.0982 	DATA 	Keypress: k
454.2414 	EXP 	New trial (rep=1, index=3): {'leftStreamFlip': False, 'oneTarget': False, 'trialInstructionPos': (0, -1), 'probe': 'both', 'rightStreamFlip': False, 'horizVert': False, 'ISIframes': 2, 'rightResponseFirst': False}
454.2640 	INFO 	numtrials=360 and this trialDurFrames=4 or 66.6666666667 ms  task=T1
455.3310 	EXP 	window1: recordFrameIntervals = False
455.3390 	INFO 	Mouse: using default window
456.9646 	DATA 	Keypress: h
458.1143 	DATA 	Keypress: u
458.6976 	DATA 	Keypress: e
458.8413 	EXP 	New trial (rep=1, index=4): {'leftStreamFlip': False, 'oneTarget': False, 'trialInstructionPos': (0, 1), 'probe': 'both', 'rightStreamFlip': False, 'horizVert': False, 'ISIframes': 2, 'rightResponseFirst': False}
458.8633 	INFO 	numtrials=360 and this trialDurFrames=4 or 66.6666666667 ms  task=T1
460.0145 	EXP 	window1: recordFrameIntervals = False
460.0226 	INFO 	Mouse: using default window
461.3479 	DATA 	Keypress: a
462.4307 	DATA 	Keypress: s
463.5641 	DATA 	Keypress: r
463.7046 	EXP 	New trial (rep=1, index=5): {'leftStreamFlip': False, 'oneTarget': False, 'trialInstructionPos': (0, 1), 'probe': 'both', 'rightStreamFlip': False, 'horizVert': False, 'ISIframes': 2, 'rightResponseFirst': True}
463.7308 	INFO 	numtrials=360 and this trialDurFrames=4 or 66.6666666667 ms  task=T1
464.7471 	EXP 	window1: recordFrameIntervals = False
464.7551 	INFO 	Mouse: using default window
466.4479 	DATA 	Keypress: s
467.2641 	DATA 	Keypress: e
468.2809 	DATA 	Keypress: t
468.4232 	EXP 	New trial (rep=1, index=6): {'leftStreamFlip': False, 'oneTarget': False, 'trialInstructionPos': (0, 1), 'probe': 'both', 'rightStreamFlip': False, 'horizVert': False, 'ISIframes': 2, 'rightResponseFirst': False}
468.4467 	INFO 	numtrials=360 and this trialDurFrames=4 or 66.6666666667 ms  task=T1
469.5142 	EXP 	window1: recordFrameIntervals = False
469.5222 	INFO 	Mouse: using default window
471.7018 	DATA 	Keypress: e
472.6979 	DATA 	Keypress: k
473.4480 	DATA 	Keypress: z
473.5901 	EXP 	New trial (rep=1, index=7): {'leftStreamFlip': False, 'oneTarget': False, 'trialInstructionPos': (0, -1), 'probe': 'both', 'rightStreamFlip': False, 'horizVert': False, 'ISIframes': 2, 'rightResponseFirst': False}
473.6136 	INFO 	numtrials=360 and this trialDurFrames=4 or 66.6666666667 ms  task=T1
474.6806 	EXP 	window1: recordFrameIntervals = False
474.6885 	INFO 	Mouse: using default window
476.7653 	DATA 	Keypress: z
477.8807 	DATA 	Keypress: e
478.5486 	DATA 	Keypress: y
478.6906 	EXP 	New trial (rep=1, index=8): {'leftStreamFlip': False, 'oneTarget': False, 'trialInstructionPos': (0, 1), 'probe': 'both', 'rightStreamFlip': False, 'horizVert': False, 'ISIframes': 2, 'rightResponseFirst': True}
478.7141 	INFO 	numtrials=360 and this trialDurFrames=4 or 66.6666666667 ms  task=T1
479.8645 	EXP 	window1: recordFrameIntervals = False
479.8725 	INFO 	Mouse: using default window
482.3813 	DATA 	Keypress: z
483.9641 	DATA 	Keypress: u
485.8146 	DATA 	Keypress: e
485.9550 	EXP 	New trial (rep=1, index=9): {'leftStreamFlip': False, 'oneTarget': False, 'trialInstructionPos': (0, -1), 'probe': 'both', 'rightStreamFlip': False, 'horizVert': False, 'ISIframes': 2, 'rightResponseFirst': False}
485.9797 	INFO 	numtrials=360 and this trialDurFrames=4 or 66.6666666667 ms  task=T1
487.0141 	EXP 	window1: recordFrameIntervals = False
487.0219 	INFO 	Mouse: using default window
489.5147 	DATA 	Keypress: k
491.1808 	DATA 	Keypress: f
492.2482 	DATA 	Keypress: c
492.3894 	EXP 	New trial (rep=1, index=10): {'leftStreamFlip': False, 'oneTarget': False, 'trialInstructionPos': (0, -1), 'probe': 'both', 'rightStreamFlip': False, 'horizVert': False, 'ISIframes': 2, 'rightResponseFirst': True}
492.4132 	INFO 	numtrials=360 and this trialDurFrames=4 or 66.6666666667 ms  task=T1
493.6311 	EXP 	window1: recordFrameIntervals = False
493.6395 	INFO 	Mouse: using default window
498.0974 	DATA 	Keypress: z
499.1145 	DATA 	Keypress: m
499.6494 	DATA 	Keypress: y
499.7890 	EXP 	New trial (rep=1, index=11): {'leftStreamFlip': False, 'oneTarget': False, 'trialInstructionPos': (0, 1), 'probe': 'both', 'rightStreamFlip': False, 'horizVert': False, 'ISIframes': 2, 'rightResponseFirst': True}
499.8135 	INFO 	numtrials=360 and this trialDurFrames=4 or 66.6666666667 ms  task=T1
500.9479 	EXP 	window1: recordFrameIntervals = False
500.9559 	INFO 	Mouse: using default window
502.5980 	DATA 	Keypress: j
503.4313 	DATA 	Keypress: a
504.8807 	DATA 	Keypress: e
505.0223 	EXP 	New trial (rep=2, index=0): {'leftStreamFlip': False, 'oneTarget': False, 'trialInstructionPos': (0, 1), 'probe': 'both', 'rightStreamFlip': False, 'horizVert': False, 'ISIframes': 2, 'rightResponseFirst': True}
505.0470 	INFO 	numtrials=360 and this trialDurFrames=4 or 66.6666666667 ms  task=T1
506.2309 	EXP 	window1: recordFrameIntervals = False
506.2385 	INFO 	Mouse: using default window
508.5307 	DATA 	Keypress: f
511.2310 	DATA 	Keypress: g
512.1979 	DATA 	Keypress: m
512.3389 	EXP 	New trial (rep=2, index=1): {'leftStreamFlip': False, 'oneTarget': False, 'trialInstructionPos': (0, -1), 'probe': 'both', 'rightStreamFlip': False, 'horizVert': False, 'ISIframes': 2, 'rightResponseFirst': True}
512.3633 	INFO 	numtrials=360 and this trialDurFrames=4 or 66.6666666667 ms  task=T1
513.5805 	EXP 	window1: recordFrameIntervals = False
513.5880 	INFO 	Mouse: using default window
515.1313 	DATA 	Keypress: s
516.7143 	DATA 	Keypress: n
517.5308 	DATA 	Keypress: f
517.6710 	EXP 	New trial (rep=2, index=2): {'leftStreamFlip': False, 'oneTarget': False, 'trialInstructionPos': (0, 1), 'probe': 'both', 'rightStreamFlip': False, 'horizVert': False, 'ISIframes': 2, 'rightResponseFirst': False}
517.6972 	INFO 	numtrials=360 and this trialDurFrames=4 or 66.6666666667 ms  task=T1
518.9144 	EXP 	window1: recordFrameIntervals = False
518.9223 	INFO 	Mouse: using default window
522.0647 	DATA 	Keypress: s
523.0982 	DATA 	Keypress: n
523.5316 	DATA 	Keypress: m
523.6725 	EXP 	New trial (rep=2, index=3): {'leftStreamFlip': False, 'oneTarget': False, 'trialInstructionPos': (0, -1), 'probe': 'both', 'rightStreamFlip': False, 'horizVert': False, 'ISIframes': 2, 'rightResponseFirst': False}
523.6968 	INFO 	numtrials=360 and this trialDurFrames=4 or 66.6666666667 ms  task=T1
524.8143 	EXP 	window1: recordFrameIntervals = False
524.8220 	INFO 	Mouse: using default window
526.6313 	DATA 	Keypress: a
527.9820 	DATA 	Keypress: f
529.1808 	DATA 	Keypress: n
529.3220 	EXP 	New trial (rep=2, index=4): {'leftStreamFlip': False, 'oneTarget': False, 'trialInstructionPos': (0, -1), 'probe': 'both', 'rightStreamFlip': False, 'horizVert': False, 'ISIframes': 2, 'rightResponseFirst': False}
529.3477 	INFO 	numtrials=360 and this trialDurFrames=4 or 66.6666666667 ms  task=T1
530.3645 	EXP 	window1: recordFrameIntervals = False
530.3726 	INFO 	Mouse: using default window
532.6141 	DATA 	Keypress: u
533.7649 	DATA 	Keypress: f
534.6812 	DATA 	Keypress: h
534.8213 	EXP 	New trial (rep=2, index=5): {'leftStreamFlip': False, 'oneTarget': False, 'trialInstructionPos': (0, -1), 'probe': 'both', 'rightStreamFlip': False, 'horizVert': False, 'ISIframes': 2, 'rightResponseFirst': False}
534.8479 	INFO 	numtrials=360 and this trialDurFrames=4 or 66.6666666667 ms  task=T1
536.0479 	EXP 	window1: recordFrameIntervals = False
536.0561 	INFO 	Mouse: using default window
538.3976 	DATA 	Keypress: n
539.9479 	DATA 	Keypress: e
540.9483 	DATA 	Keypress: m
541.0896 	EXP 	New trial (rep=2, index=6): {'leftStreamFlip': False, 'oneTarget': False, 'trialInstructionPos': (0, -1), 'probe': 'both', 'rightStreamFlip': False, 'horizVert': False, 'ISIframes': 2, 'rightResponseFirst': True}
541.1137 	INFO 	numtrials=360 and this trialDurFrames=4 or 66.6666666667 ms  task=T1
542.2311 	EXP 	window1: recordFrameIntervals = False
542.2390 	INFO 	Mouse: using default window
546.6808 	DATA 	Keypress: o
547.9816 	DATA 	Keypress: j
548.5816 	DATA 	Keypress: n
548.7203 	EXP 	New trial (rep=2, index=7): {'leftStreamFlip': False, 'oneTarget': False, 'trialInstructionPos': (0, 1), 'probe': 'both', 'rightStreamFlip': False, 'horizVert': False, 'ISIframes': 2, 'rightResponseFirst': True}
548.7314 	INFO 	numtrials=360 and this trialDurFrames=4 or 66.6666666667 ms  task=T1
549.9143 	EXP 	window1: recordFrameIntervals = False
549.9229 	INFO 	Mouse: using default window
551.4312 	DATA 	Keypress: z
552.3647 	DATA 	Keypress: u
552.9977 	DATA 	Keypress: a
553.1415 	EXP 	New trial (rep=2, index=8): {'leftStreamFlip': False, 'oneTarget': False, 'trialInstructionPos': (0, 1), 'probe': 'both', 'rightStreamFlip': False, 'horizVert': False, 'ISIframes': 2, 'rightResponseFirst': False}
553.1633 	INFO 	numtrials=360 and this trialDurFrames=3 or 50.0 ms  task=T1
554.1640 	EXP 	window1: recordFrameIntervals = False
554.1719 	INFO 	Mouse: using default window
557.1482 	DATA 	Keypress: u
558.1145 	DATA 	Keypress: g
559.3488 	DATA 	Keypress: n
559.4883 	EXP 	New trial (rep=2, index=9): {'leftStreamFlip': False, 'oneTarget': False, 'trialInstructionPos': (0, 1), 'probe': 'both', 'rightStreamFlip': False, 'horizVert': False, 'ISIframes': 2, 'rightResponseFirst': True}
559.5130 	INFO 	numtrials=360 and this trialDurFrames=3 or 50.0 ms  task=T1
560.6639 	EXP 	window1: recordFrameIntervals = False
560.6721 	INFO 	Mouse: using default window
562.1143 	DATA 	Keypress: a
563.0814 	DATA 	Keypress: e
563.6147 	DATA 	Keypress: t
563.7551 	EXP 	New trial (rep=2, index=10): {'leftStreamFlip': False, 'oneTarget': False, 'trialInstructionPos': (0, -1), 'probe': 'both', 'rightStreamFlip': False, 'horizVert': False, 'ISIframes': 2, 'rightResponseFirst': True}
563.7804 	INFO 	numtrials=360 and this trialDurFrames=3 or 50.0 ms  task=T1
564.9145 	EXP 	window1: recordFrameIntervals = False
564.9224 	INFO 	Mouse: using default window
568.4317 	DATA 	Keypress: f
570.3811 	DATA 	Keypress: d
573.2316 	DATA 	Keypress: o
573.3716 	EXP 	New trial (rep=2, index=11): {'leftStreamFlip': False, 'oneTarget': False, 'trialInstructionPos': (0, 1), 'probe': 'both', 'rightStreamFlip': False, 'horizVert': False, 'ISIframes': 2, 'rightResponseFirst': False}
573.3973 	INFO 	numtrials=360 and this trialDurFrames=3 or 50.0 ms  task=T1
574.4310 	EXP 	window1: recordFrameIntervals = False
574.4390 	INFO 	Mouse: using default window
576.5981 	DATA 	Keypress: e
578.0643 	DATA 	Keypress: m
578.6145 	DATA 	Keypress: h
578.7546 	EXP 	New trial (rep=3, index=0): {'leftStreamFlip': False, 'oneTarget': False, 'trialInstructionPos': (0, -1), 'probe': 'both', 'rightStreamFlip': False, 'horizVert': False, 'ISIframes': 2, 'rightResponseFirst': False}
578.7796 	INFO 	numtrials=360 and this trialDurFrames=3 or 50.0 ms  task=T1
579.9813 	EXP 	window1: recordFrameIntervals = False
579.9887 	INFO 	Mouse: using default window
582.4313 	DATA 	Keypress: z
583.5807 	DATA 	Keypress: u
585.5979 	DATA 	Keypress: h
585.7448 	EXP 	New trial (rep=3, index=1): {'leftStreamFlip': False, 'oneTarget': False, 'trialInstructionPos': (0, 1), 'probe': 'both', 'rightStreamFlip': False, 'horizVert': False, 'ISIframes': 2, 'rightResponseFirst': False}
585.7635 	INFO 	numtrials=360 and this trialDurFrames=3 or 50.0 ms  task=T1
586.7807 	EXP 	window1: recordFrameIntervals = False
586.7894 	INFO 	Mouse: using default window
589.2310 	DATA 	Keypress: a
590.4980 	DATA 	Keypress: z
591.4647 	DATA 	Keypress: u
591.6077 	EXP 	New trial (rep=3, index=2): {'leftStreamFlip': False, 'oneTarget': False, 'trialInstructionPos': (0, -1), 'probe': 'both', 'rightStreamFlip': False, 'horizVert': False, 'ISIframes': 2, 'rightResponseFirst': True}
591.6306 	INFO 	numtrials=360 and this trialDurFrames=3 or 50.0 ms  task=T1
592.7312 	EXP 	window1: recordFrameIntervals = False
592.7389 	INFO 	Mouse: using default window
595.1642 	DATA 	Keypress: a
596.4147 	DATA 	Keypress: f
597.1982 	DATA 	Keypress: z
597.3815 	EXP 	New trial (rep=3, index=3): {'leftStreamFlip': False, 'oneTarget': False, 'trialInstructionPos': (0, 1), 'probe': 'both', 'rightStreamFlip': False, 'horizVert': False, 'ISIframes': 2, 'rightResponseFirst': True}
597.3971 	INFO 	numtrials=360 and this trialDurFrames=3 or 50.0 ms  task=T1
598.5640 	EXP 	window1: recordFrameIntervals = False
598.5720 	INFO 	Mouse: using default window
600.9816 	DATA 	Keypress: g
602.5149 	DATA 	Keypress: u
603.4644 	DATA 	Keypress: z
603.6068 	EXP 	New trial (rep=3, index=4): {'leftStreamFlip': False, 'oneTarget': False, 'trialInstructionPos': (0, -1), 'probe': 'both', 'rightStreamFlip': False, 'horizVert': False, 'ISIframes': 2, 'rightResponseFirst': False}
603.6306 	INFO 	numtrials=360 and this trialDurFrames=3 or 50.0 ms  task=T1
604.8310 	EXP 	window1: recordFrameIntervals = False
604.8398 	INFO 	Mouse: using default window
607.1987 	DATA 	Keypress: m
608.3481 	DATA 	Keypress: c
609.2150 	DATA 	Keypress: t
609.3546 	EXP 	New trial (rep=3, index=5): {'leftStreamFlip': False, 'oneTarget': False, 'trialInstructionPos': (0, 1), 'probe': 'both', 'rightStreamFlip': False, 'horizVert': False, 'ISIframes': 2, 'rightResponseFirst': True}
609.3805 	INFO 	numtrials=360 and this trialDurFrames=3 or 50.0 ms  task=T1
610.5307 	EXP 	window1: recordFrameIntervals = False
610.5388 	INFO 	Mouse: using default window
614.9152 	DATA 	Keypress: t
617.2810 	DATA 	Keypress: c
617.9314 	DATA 	Keypress: d
618.0732 	EXP 	New trial (rep=3, index=6): {'leftStreamFlip': False, 'oneTarget': False, 'trialInstructionPos': (0, 1), 'probe': 'both', 'rightStreamFlip': False, 'horizVert': False, 'ISIframes': 2, 'rightResponseFirst': True}
618.0971 	INFO 	numtrials=360 and this trialDurFrames=3 or 50.0 ms  task=T1
619.0817 	EXP 	window1: recordFrameIntervals = False
619.0898 	INFO 	Mouse: using default window
621.1147 	DATA 	Keypress: f
622.6643 	DATA 	Keypress: y
623.1981 	DATA 	Keypress: a
623.3408 	EXP 	New trial (rep=3, index=7): {'leftStreamFlip': False, 'oneTarget': False, 'trialInstructionPos': (0, 1), 'probe': 'both', 'rightStreamFlip': False, 'horizVert': False, 'ISIframes': 2, 'rightResponseFirst': False}
623.3637 	INFO 	numtrials=360 and this trialDurFrames=3 or 50.0 ms  task=T1
624.5645 	EXP 	window1: recordFrameIntervals = False
624.5726 	INFO 	Mouse: using default window
627.2974 	DATA 	Keypress: a
627.8646 	DATA 	Keypress: s
628.8310 	DATA 	Keypress: h
628.9732 	EXP 	New trial (rep=3, index=8): {'leftStreamFlip': False, 'oneTarget': False, 'trialInstructionPos': (0, -1), 'probe': 'both', 'rightStreamFlip': False, 'horizVert': False, 'ISIframes': 2, 'rightResponseFirst': True}
628.9973 	INFO 	numtrials=360 and this trialDurFrames=4 or 66.6666666667 ms  task=T1
630.1312 	EXP 	window1: recordFrameIntervals = False
630.1394 	INFO 	Mouse: using default window
632.0146 	DATA 	Keypress: u
633.0483 	DATA 	Keypress: y
634.1143 	DATA 	Keypress: a
634.2556 	EXP 	New trial (rep=3, index=9): {'leftStreamFlip': False, 'oneTarget': False, 'trialInstructionPos': (0, -1), 'probe': 'both', 'rightStreamFlip': False, 'horizVert': False, 'ISIframes': 2, 'rightResponseFirst': False}
634.2807 	INFO 	numtrials=360 and this trialDurFrames=4 or 66.6666666667 ms  task=T1
635.4642 	EXP 	window1: recordFrameIntervals = False
635.4722 	INFO 	Mouse: using default window
638.1479 	DATA 	Keypress: j
639.6815 	DATA 	Keypress: m
640.9815 	DATA 	Keypress: k
641.1281 	EXP 	New trial (rep=3, index=10): {'leftStreamFlip': False, 'oneTarget': False, 'trialInstructionPos': (0, 1), 'probe': 'both', 'rightStreamFlip': False, 'horizVert': False, 'ISIframes': 2, 'rightResponseFirst': False}
641.1471 	INFO 	numtrials=360 and this trialDurFrames=3 or 50.0 ms  task=T1
642.2976 	EXP 	window1: recordFrameIntervals = False
642.3056 	INFO 	Mouse: using default window
648.0149 	DATA 	Keypress: k
649.3320 	DATA 	Keypress: l
650.2143 	DATA 	Keypress: h
650.3536 	EXP 	New trial (rep=3, index=11): {'leftStreamFlip': False, 'oneTarget': False, 'trialInstructionPos': (0, -1), 'probe': 'both', 'rightStreamFlip': False, 'horizVert': False, 'ISIframes': 2, 'rightResponseFirst': True}
650.3811 	INFO 	numtrials=360 and this trialDurFrames=4 or 66.6666666667 ms  task=T1
651.5810 	EXP 	window1: recordFrameIntervals = False
651.5881 	INFO 	Mouse: using default window
653.8147 	DATA 	Keypress: m
654.7663 	DATA 	Keypress: r
655.7815 	DATA 	Keypress: y
655.9264 	EXP 	New trial (rep=4, index=0): {'leftStreamFlip': False, 'oneTarget': False, 'trialInstructionPos': (0, 1), 'probe': 'both', 'rightStreamFlip': False, 'horizVert': False, 'ISIframes': 2, 'rightResponseFirst': False}
655.9474 	INFO 	numtrials=360 and this trialDurFrames=4 or 66.6666666667 ms  task=T1
657.1480 	EXP 	window1: recordFrameIntervals = False
657.1554 	INFO 	Mouse: using default window
659.6988 	DATA 	Keypress: j
660.1647 	DATA 	Keypress: h
660.9160 	DATA 	Keypress: t
661.0730 	EXP 	New trial (rep=4, index=1): {'leftStreamFlip': False, 'oneTarget': False, 'trialInstructionPos': (0, 1), 'probe': 'both', 'rightStreamFlip': False, 'horizVert': False, 'ISIframes': 2, 'rightResponseFirst': True}
661.0966 	INFO 	numtrials=360 and this trialDurFrames=3 or 50.0 ms  task=T1
662.1142 	EXP 	window1: recordFrameIntervals = False
662.1220 	INFO 	Mouse: using default window
663.9310 	DATA 	Keypress: g
664.8477 	DATA 	Keypress: a
668.1481 	DATA 	Keypress: a
668.2864 	EXP 	New trial (rep=4, index=2): {'leftStreamFlip': False, 'oneTarget': False, 'trialInstructionPos': (0, -1), 'probe': 'both', 'rightStreamFlip': False, 'horizVert': False, 'ISIframes': 2, 'rightResponseFirst': False}
668.3141 	INFO 	numtrials=360 and this trialDurFrames=3 or 50.0 ms  task=T1
669.3811 	EXP 	window1: recordFrameIntervals = False
669.3895 	INFO 	Mouse: using default window
671.3158 	DATA 	Keypress: t
672.2810 	DATA 	Keypress: u
673.2818 	DATA 	Keypress: c
673.4227 	EXP 	New trial (rep=4, index=3): {'leftStreamFlip': False, 'oneTarget': False, 'trialInstructionPos': (0, -1), 'probe': 'both', 'rightStreamFlip': False, 'horizVert': False, 'ISIframes': 2, 'rightResponseFirst': False}
673.4472 	INFO 	numtrials=360 and this trialDurFrames=3 or 50.0 ms  task=T1
674.6144 	EXP 	window1: recordFrameIntervals = False
674.6223 	INFO 	Mouse: using default window
677.5144 	DATA 	Keypress: j
678.0646 	DATA 	Keypress: z
678.9325 	DATA 	Keypress: a
679.0702 	EXP 	New trial (rep=4, index=4): {'leftStreamFlip': False, 'oneTarget': False, 'trialInstructionPos': (0, -1), 'probe': 'both', 'rightStreamFlip': False, 'horizVert': False, 'ISIframes': 2, 'rightResponseFirst': False}
679.0824 	INFO 	numtrials=360 and this trialDurFrames=3 or 50.0 ms  task=T1
680.0475 	EXP 	window1: recordFrameIntervals = False
680.0552 	INFO 	Mouse: using default window
682.0980 	DATA 	Keypress: s
683.0983 	DATA 	Keypress: c
683.8981 	DATA 	Keypress: h
684.0374 	EXP 	New trial (rep=4, index=5): {'leftStreamFlip': False, 'oneTarget': False, 'trialInstructionPos': (0, -1), 'probe': 'both', 'rightStreamFlip': False, 'horizVert': False, 'ISIframes': 2, 'rightResponseFirst': True}
684.0644 	INFO 	numtrials=360 and this trialDurFrames=3 or 50.0 ms  task=T1
685.0309 	EXP 	window1: recordFrameIntervals = False
685.0391 	INFO 	Mouse: using default window
687.0978 	DATA 	Keypress: y
688.1019 	DATA 	Keypress: n
689.5480 	DATA 	Keypress: u
689.6884 	EXP 	New trial (rep=4, index=6): {'leftStreamFlip': False, 'oneTarget': False, 'trialInstructionPos': (0, 1), 'probe': 'both', 'rightStreamFlip': False, 'horizVert': False, 'ISIframes': 2, 'rightResponseFirst': False}
689.7133 	INFO 	numtrials=360 and this trialDurFrames=3 or 50.0 ms  task=T1
690.7820 	EXP 	window1: recordFrameIntervals = False
690.7901 	INFO 	Mouse: using default window
694.3644 	DATA 	Keypress: u
695.5820 	DATA 	Keypress: c
697.2982 	DATA 	Keypress: k
697.4408 	EXP 	New trial (rep=4, index=7): {'leftStreamFlip': False, 'oneTarget': False, 'trialInstructionPos': (0, 1), 'probe': 'both', 'rightStreamFlip': False, 'horizVert': False, 'ISIframes': 2, 'rightResponseFirst': False}
697.4638 	INFO 	numtrials=360 and this trialDurFrames=3 or 50.0 ms  task=T1
698.4646 	EXP 	window1: recordFrameIntervals = False
698.4728 	INFO 	Mouse: using default window
700.6147 	DATA 	Keypress: n
701.2646 	DATA 	Keypress: y
702.3152 	DATA 	Keypress: m
702.4560 	EXP 	New trial (rep=4, index=8): {'leftStreamFlip': False, 'oneTarget': False, 'trialInstructionPos': (0, -1), 'probe': 'both', 'rightStreamFlip': False, 'horizVert': False, 'ISIframes': 2, 'rightResponseFirst': True}
702.4803 	INFO 	numtrials=360 and this trialDurFrames=3 or 50.0 ms  task=T1
703.5145 	EXP 	window1: recordFrameIntervals = False
703.5225 	INFO 	Mouse: using default window
708.1323 	DATA 	Keypress: w
708.3981 	DATA 	Keypress: r
709.0146 	DATA 	Keypress: s
709.1535 	EXP 	New trial (rep=4, index=9): {'leftStreamFlip': False, 'oneTarget': False, 'trialInstructionPos': (0, 1), 'probe': 'both', 'rightStreamFlip': False, 'horizVert': False, 'ISIframes': 2, 'rightResponseFirst': True}
709.1653 	INFO 	numtrials=360 and this trialDurFrames=3 or 50.0 ms  task=T1
710.2978 	EXP 	window1: recordFrameIntervals = False
710.3058 	INFO 	Mouse: using default window
715.9982 	DATA 	Keypress: g
716.4815 	DATA 	Keypress: r
717.1316 	DATA 	Keypress: s
717.2723 	EXP 	New trial (rep=4, index=10): {'leftStreamFlip': False, 'oneTarget': False, 'trialInstructionPos': (0, -1), 'probe': 'both', 'rightStreamFlip': False, 'horizVert': False, 'ISIframes': 2, 'rightResponseFirst': True}
717.2970 	INFO 	numtrials=360 and this trialDurFrames=3 or 50.0 ms  task=T1
718.3818 	EXP 	window1: recordFrameIntervals = False
718.3898 	INFO 	Mouse: using default window
720.0483 	DATA 	Keypress: a
721.1650 	DATA 	Keypress: j
723.2484 	DATA 	Keypress: o
723.3907 	EXP 	New trial (rep=4, index=11): {'leftStreamFlip': False, 'oneTarget': False, 'trialInstructionPos': (0, 1), 'probe': 'both', 'rightStreamFlip': False, 'horizVert': False, 'ISIframes': 2, 'rightResponseFirst': True}
723.4136 	INFO 	numtrials=360 and this trialDurFrames=3 or 50.0 ms  task=T1
724.4307 	EXP 	window1: recordFrameIntervals = False
724.4391 	INFO 	Mouse: using default window
726.8820 	DATA 	Keypress: h
727.8818 	DATA 	Keypress: r
728.9813 	DATA 	Keypress: k
729.1228 	EXP 	New trial (rep=5, index=0): {'leftStreamFlip': False, 'oneTarget': False, 'trialInstructionPos': (0, 1), 'probe': 'both', 'rightStreamFlip': False, 'horizVert': False, 'ISIframes': 2, 'rightResponseFirst': True}
729.1467 	INFO 	numtrials=360 and this trialDurFrames=3 or 50.0 ms  task=T1
730.2145 	EXP 	window1: recordFrameIntervals = False
730.2229 	INFO 	Mouse: using default window
741.9315 	DATA 	Keypress: r
743.9985 	DATA 	Keypress: h
744.6647 	DATA 	Keypress: k
744.8050 	EXP 	New trial (rep=5, index=1): {'leftStreamFlip': False, 'oneTarget': False, 'trialInstructionPos': (0, 1), 'probe': 'both', 'rightStreamFlip': False, 'horizVert': False, 'ISIframes': 2, 'rightResponseFirst': True}
744.8303 	INFO 	numtrials=360 and this trialDurFrames=4 or 66.6666666667 ms  task=T1
745.9310 	EXP 	window1: recordFrameIntervals = False
745.9388 	INFO 	Mouse: using default window
747.2146 	DATA 	Keypress: t
747.5313 	DATA 	Keypress: g
748.9812 	DATA 	Keypress: k
749.1215 	EXP 	New trial (rep=5, index=2): {'leftStreamFlip': False, 'oneTarget': False, 'trialInstructionPos': (0, -1), 'probe': 'both', 'rightStreamFlip': False, 'horizVert': False, 'ISIframes': 2, 'rightResponseFirst': False}
749.1480 	INFO 	numtrials=360 and this trialDurFrames=4 or 66.6666666667 ms  task=T1
750.3646 	EXP 	window1: recordFrameIntervals = False
750.3728 	INFO 	Mouse: using default window
752.1315 	DATA 	Keypress: r
752.7488 	DATA 	Keypress: e
753.3162 	DATA 	Keypress: s
753.4738 	EXP 	New trial (rep=5, index=3): {'leftStreamFlip': False, 'oneTarget': False, 'trialInstructionPos': (0, 1), 'probe': 'both', 'rightStreamFlip': False, 'horizVert': False, 'ISIframes': 2, 'rightResponseFirst': False}
753.4969 	INFO 	numtrials=360 and this trialDurFrames=4 or 66.6666666667 ms  task=T1
754.4816 	EXP 	window1: recordFrameIntervals = False
754.4894 	INFO 	Mouse: using default window
756.0816 	DATA 	Keypress: e
757.5479 	DATA 	Keypress: u
757.9484 	DATA 	Keypress: a
758.0884 	EXP 	New trial (rep=5, index=4): {'leftStreamFlip': False, 'oneTarget': False, 'trialInstructionPos': (0, -1), 'probe': 'both', 'rightStreamFlip': False, 'horizVert': False, 'ISIframes': 2, 'rightResponseFirst': False}
758.1137 	INFO 	numtrials=360 and this trialDurFrames=4 or 66.6666666667 ms  task=T1
759.3144 	EXP 	window1: recordFrameIntervals = False
759.3224 	INFO 	Mouse: using default window
762.4820 	DATA 	Keypress: m
763.4648 	DATA 	Keypress: s
763.6645 	DATA 	Keypress: a
763.8080 	EXP 	New trial (rep=5, index=5): {'leftStreamFlip': False, 'oneTarget': False, 'trialInstructionPos': (0, -1), 'probe': 'both', 'rightStreamFlip': False, 'horizVert': False, 'ISIframes': 2, 'rightResponseFirst': True}
763.8305 	INFO 	numtrials=360 and this trialDurFrames=4 or 66.6666666667 ms  task=T1
764.9480 	EXP 	window1: recordFrameIntervals = False
764.9558 	INFO 	Mouse: using default window
766.3812 	DATA 	Keypress: n
767.5650 	DATA 	Keypress: h
768.6811 	DATA 	Keypress: j
768.8226 	EXP 	New trial (rep=5, index=6): {'leftStreamFlip': False, 'oneTarget': False, 'trialInstructionPos': (0, 1), 'probe': 'both', 'rightStreamFlip': False, 'horizVert': False, 'ISIframes': 2, 'rightResponseFirst': True}
768.8477 	INFO 	numtrials=360 and this trialDurFrames=4 or 66.6666666667 ms  task=T1
770.0477 	EXP 	window1: recordFrameIntervals = False
770.0554 	INFO 	Mouse: using default window
772.8486 	DATA 	Keypress: z
773.9483 	DATA 	Keypress: n
774.4483 	DATA 	Keypress: h
774.5902 	EXP 	New trial (rep=5, index=7): {'leftStreamFlip': False, 'oneTarget': False, 'trialInstructionPos': (0, 1), 'probe': 'both', 'rightStreamFlip': False, 'horizVert': False, 'ISIframes': 2, 'rightResponseFirst': False}
774.6137 	INFO 	numtrials=360 and this trialDurFrames=4 or 66.6666666667 ms  task=T1
775.6481 	EXP 	window1: recordFrameIntervals = False
775.6560 	INFO 	Mouse: using default window
776.9326 	DATA 	Keypress: n
778.1161 	DATA 	Keypress: c
778.9314 	DATA 	Keypress: j
779.0719 	EXP 	New trial (rep=5, index=8): {'leftStreamFlip': False, 'oneTarget': False, 'trialInstructionPos': (0, -1), 'probe': 'both', 'rightStreamFlip': False, 'horizVert': False, 'ISIframes': 2, 'rightResponseFirst': True}
779.0979 	INFO 	numtrials=360 and this trialDurFrames=4 or 66.6666666667 ms  task=T1
780.0808 	EXP 	window1: recordFrameIntervals = False
780.0892 	INFO 	Mouse: using default window
781.3323 	DATA 	Keypress: t
782.3321 	DATA 	Keypress: f
783.3145 	DATA 	Keypress: s
783.4552 	EXP 	New trial (rep=5, index=9): {'leftStreamFlip': False, 'oneTarget': False, 'trialInstructionPos': (0, 1), 'probe': 'both', 'rightStreamFlip': False, 'horizVert': False, 'ISIframes': 2, 'rightResponseFirst': False}
783.4804 	INFO 	numtrials=360 and this trialDurFrames=3 or 50.0 ms  task=T1
784.5149 	EXP 	window1: recordFrameIntervals = False
784.5224 	INFO 	Mouse: using default window
789.1982 	DATA 	Keypress: k
790.7983 	DATA 	Keypress: h
791.2987 	DATA 	Keypress: y
791.4398 	EXP 	New trial (rep=5, index=10): {'leftStreamFlip': False, 'oneTarget': False, 'trialInstructionPos': (0, -1), 'probe': 'both', 'rightStreamFlip': False, 'horizVert': False, 'ISIframes': 2, 'rightResponseFirst': True}
791.4646 	INFO 	numtrials=360 and this trialDurFrames=4 or 66.6666666667 ms  task=T1
792.5318 	EXP 	window1: recordFrameIntervals = False
792.5398 	INFO 	Mouse: using default window
793.7980 	DATA 	Keypress: t
794.8652 	DATA 	Keypress: z
795.3145 	DATA 	Keypress: z
795.4554 	EXP 	New trial (rep=5, index=11): {'leftStreamFlip': False, 'oneTarget': False, 'trialInstructionPos': (0, -1), 'probe': 'both', 'rightStreamFlip': False, 'horizVert': False, 'ISIframes': 2, 'rightResponseFirst': False}
795.4809 	INFO 	numtrials=360 and this trialDurFrames=4 or 66.6666666667 ms  task=T1
796.6476 	EXP 	window1: recordFrameIntervals = False
796.6557 	INFO 	Mouse: using default window
798.4312 	DATA 	Keypress: y
799.2479 	DATA 	Keypress: n
800.0981 	DATA 	Keypress: r
800.2390 	EXP 	New trial (rep=6, index=0): {'leftStreamFlip': False, 'oneTarget': False, 'trialInstructionPos': (0, -1), 'probe': 'both', 'rightStreamFlip': False, 'horizVert': False, 'ISIframes': 2, 'rightResponseFirst': True}
800.2639 	INFO 	numtrials=360 and this trialDurFrames=3 or 50.0 ms  task=T1
801.4151 	EXP 	window1: recordFrameIntervals = False
801.4229 	INFO 	Mouse: using default window
803.1320 	DATA 	Keypress: k
803.6811 	DATA 	Keypress: g
804.4653 	DATA 	Keypress: g
804.6124 	EXP 	New trial (rep=6, index=1): {'leftStreamFlip': False, 'oneTarget': False, 'trialInstructionPos': (0, 1), 'probe': 'both', 'rightStreamFlip': False, 'horizVert': False, 'ISIframes': 2, 'rightResponseFirst': True}
804.6308 	INFO 	numtrials=360 and this trialDurFrames=3 or 50.0 ms  task=T1
805.6146 	EXP 	window1: recordFrameIntervals = False
805.6231 	INFO 	Mouse: using default window
808.5145 	DATA 	Keypress: m
809.8987 	DATA 	Keypress: t
811.0816 	DATA 	Keypress: z
811.2230 	EXP 	New trial (rep=6, index=2): {'leftStreamFlip': False, 'oneTarget': False, 'trialInstructionPos': (0, -1), 'probe': 'both', 'rightStreamFlip': False, 'horizVert': False, 'ISIframes': 2, 'rightResponseFirst': False}
811.2477 	INFO 	numtrials=360 and this trialDurFrames=3 or 50.0 ms  task=T1
812.2647 	EXP 	window1: recordFrameIntervals = False
812.2729 	INFO 	Mouse: using default window
814.8146 	DATA 	Keypress: t
815.8650 	DATA 	Keypress: n
816.9980 	DATA 	Keypress: m
817.1392 	EXP 	New trial (rep=6, index=3): {'leftStreamFlip': False, 'oneTarget': False, 'trialInstructionPos': (0, -1), 'probe': 'both', 'rightStreamFlip': False, 'horizVert': False, 'ISIframes': 2, 'rightResponseFirst': False}
817.1637 	INFO 	numtrials=360 and this trialDurFrames=3 or 50.0 ms  task=T1
818.2146 	EXP 	window1: recordFrameIntervals = False
818.2225 	INFO 	Mouse: using default window
822.5651 	DATA 	Keypress: p
823.1646 	DATA 	Keypress: u
824.2820 	DATA 	Keypress: h
824.4247 	EXP 	New trial (rep=6, index=4): {'leftStreamFlip': False, 'oneTarget': False, 'trialInstructionPos': (0, 1), 'probe': 'both', 'rightStreamFlip': False, 'horizVert': False, 'ISIframes': 2, 'rightResponseFirst': False}
824.4479 	INFO 	numtrials=360 and this trialDurFrames=3 or 50.0 ms  task=T1
825.4814 	EXP 	window1: recordFrameIntervals = False
825.4893 	INFO 	Mouse: using default window
827.1318 	DATA 	Keypress: s
827.9815 	DATA 	Keypress: u
828.6145 	DATA 	Keypress: f
828.7555 	EXP 	New trial (rep=6, index=5): {'leftStreamFlip': False, 'oneTarget': False, 'trialInstructionPos': (0, 1), 'probe': 'both', 'rightStreamFlip': False, 'horizVert': False, 'ISIframes': 2, 'rightResponseFirst': True}
828.7807 	INFO 	numtrials=360 and this trialDurFrames=3 or 50.0 ms  task=T1
829.7987 	EXP 	window1: recordFrameIntervals = False
829.8066 	INFO 	Mouse: using default window
831.9991 	DATA 	Keypress: n
833.0819 	DATA 	Keypress: r
834.0981 	DATA 	Keypress: u
834.2389 	EXP 	New trial (rep=6, index=6): {'leftStreamFlip': False, 'oneTarget': False, 'trialInstructionPos': (0, -1), 'probe': 'both', 'rightStreamFlip': False, 'horizVert': False, 'ISIframes': 2, 'rightResponseFirst': True}
834.2642 	INFO 	numtrials=360 and this trialDurFrames=3 or 50.0 ms  task=T1
835.3313 	EXP 	window1: recordFrameIntervals = False
835.3391 	INFO 	Mouse: using default window
836.8317 	DATA 	Keypress: r
838.3483 	DATA 	Keypress: n
839.2819 	DATA 	Keypress: s
839.4240 	EXP 	New trial (rep=6, index=7): {'leftStreamFlip': False, 'oneTarget': False, 'trialInstructionPos': (0, 1), 'probe': 'both', 'rightStreamFlip': False, 'horizVert': False, 'ISIframes': 2, 'rightResponseFirst': True}
839.4474 	INFO 	numtrials=360 and this trialDurFrames=3 or 50.0 ms  task=T1
840.5984 	EXP 	window1: recordFrameIntervals = False
840.6066 	INFO 	Mouse: using default window
843.7319 	DATA 	Keypress: j
844.1321 	DATA 	Keypress: k
844.6317 	DATA 	Keypress: n
844.7717 	EXP 	New trial (rep=6, index=8): {'leftStreamFlip': False, 'oneTarget': False, 'trialInstructionPos': (0, 1), 'probe': 'both', 'rightStreamFlip': False, 'horizVert': False, 'ISIframes': 2, 'rightResponseFirst': False}
844.7979 	INFO 	numtrials=360 and this trialDurFrames=3 or 50.0 ms  task=T1
845.9479 	EXP 	window1: recordFrameIntervals = False
845.9555 	INFO 	Mouse: using default window
847.4487 	DATA 	Keypress: u
848.5161 	DATA 	Keypress: r
849.2318 	DATA 	Keypress: m
849.3717 	EXP 	New trial (rep=6, index=9): {'leftStreamFlip': False, 'oneTarget': False, 'trialInstructionPos': (0, -1), 'probe': 'both', 'rightStreamFlip': False, 'horizVert': False, 'ISIframes': 2, 'rightResponseFirst': True}
849.3977 	INFO 	numtrials=360 and this trialDurFrames=3 or 50.0 ms  task=T1
850.3983 	EXP 	window1: recordFrameIntervals = False
850.4063 	INFO 	Mouse: using default window
852.5657 	DATA 	Keypress: a
853.6822 	DATA 	Keypress: f
855.1481 	DATA 	Keypress: u
855.2906 	EXP 	New trial (rep=6, index=10): {'leftStreamFlip': False, 'oneTarget': False, 'trialInstructionPos': (0, -1), 'probe': 'both', 'rightStreamFlip': False, 'horizVert': False, 'ISIframes': 2, 'rightResponseFirst': False}
855.3140 	INFO 	numtrials=360 and this trialDurFrames=3 or 50.0 ms  task=T1
856.3651 	EXP 	window1: recordFrameIntervals = False
856.3734 	INFO 	Mouse: using default window
859.7815 	DATA 	Keypress: r
860.7814 	DATA 	Keypress: a
861.8985 	DATA 	Keypress: m
862.0423 	EXP 	New trial (rep=6, index=11): {'leftStreamFlip': False, 'oneTarget': False, 'trialInstructionPos': (0, 1), 'probe': 'both', 'rightStreamFlip': False, 'horizVert': False, 'ISIframes': 2, 'rightResponseFirst': False}
862.0643 	INFO 	numtrials=360 and this trialDurFrames=3 or 50.0 ms  task=T1
863.1479 	EXP 	window1: recordFrameIntervals = False
863.1558 	INFO 	Mouse: using default window
866.0816 	DATA 	Keypress: z
867.2669 	DATA 	Keypress: s
867.7322 	DATA 	Keypress: r
867.8733 	EXP 	New trial (rep=7, index=0): {'leftStreamFlip': False, 'oneTarget': False, 'trialInstructionPos': (0, 1), 'probe': 'both', 'rightStreamFlip': False, 'horizVert': False, 'ISIframes': 2, 'rightResponseFirst': True}
867.8978 	INFO 	numtrials=360 and this trialDurFrames=3 or 50.0 ms  task=T1
868.9981 	EXP 	window1: recordFrameIntervals = False
869.0060 	INFO 	Mouse: using default window
873.4816 	DATA 	Keypress: n
874.5488 	DATA 	Keypress: r
875.0648 	DATA 	Keypress: s
875.2064 	EXP 	New trial (rep=7, index=1): {'leftStreamFlip': False, 'oneTarget': False, 'trialInstructionPos': (0, 1), 'probe': 'both', 'rightStreamFlip': False, 'horizVert': False, 'ISIframes': 2, 'rightResponseFirst': False}
875.2308 	INFO 	numtrials=360 and this trialDurFrames=3 or 50.0 ms  task=T1
876.2316 	EXP 	window1: recordFrameIntervals = False
876.2393 	INFO 	Mouse: using default window
883.5653 	DATA 	Keypress: y
884.0981 	DATA 	Keypress: g
884.6318 	DATA 	Keypress: h
884.7724 	EXP 	New trial (rep=7, index=2): {'leftStreamFlip': False, 'oneTarget': False, 'trialInstructionPos': (0, -1), 'probe': 'both', 'rightStreamFlip': False, 'horizVert': False, 'ISIframes': 2, 'rightResponseFirst': True}
884.7975 	INFO 	numtrials=360 and this trialDurFrames=4 or 66.6666666667 ms  task=T1
885.7985 	EXP 	window1: recordFrameIntervals = False
885.8067 	INFO 	Mouse: using default window
887.3988 	DATA 	Keypress: u
888.3652 	DATA 	Keypress: k
889.1817 	DATA 	Keypress: t
889.3235 	EXP 	New trial (rep=7, index=3): {'leftStreamFlip': False, 'oneTarget': False, 'trialInstructionPos': (0, -1), 'probe': 'both', 'rightStreamFlip': False, 'horizVert': False, 'ISIframes': 2, 'rightResponseFirst': True}
889.3473 	INFO 	numtrials=360 and this trialDurFrames=4 or 66.6666666667 ms  task=T1
890.5315 	EXP 	window1: recordFrameIntervals = False
890.5396 	INFO 	Mouse: using default window
892.8982 	DATA 	Keypress: c
893.8648 	DATA 	Keypress: n
894.6647 	DATA 	Keypress: t
894.8065 	EXP 	New trial (rep=7, index=4): {'leftStreamFlip': False, 'oneTarget': False, 'trialInstructionPos': (0, -1), 'probe': 'both', 'rightStreamFlip': False, 'horizVert': False, 'ISIframes': 2, 'rightResponseFirst': False}
894.8306 	INFO 	numtrials=360 and this trialDurFrames=3 or 50.0 ms  task=T1
895.9980 	EXP 	window1: recordFrameIntervals = False
896.0060 	INFO 	Mouse: using default window
897.7165 	DATA 	Keypress: m
898.6653 	DATA 	Keypress: t
899.6816 	DATA 	Keypress: e
899.8251 	EXP 	New trial (rep=7, index=5): {'leftStreamFlip': False, 'oneTarget': False, 'trialInstructionPos': (0, -1), 'probe': 'both', 'rightStreamFlip': False, 'horizVert': False, 'ISIframes': 2, 'rightResponseFirst': False}
899.8475 	INFO 	numtrials=360 and this trialDurFrames=3 or 50.0 ms  task=T1
900.9485 	EXP 	window1: recordFrameIntervals = False
900.9564 	INFO 	Mouse: using default window
903.3823 	DATA 	Keypress: h
903.8817 	DATA 	Keypress: u
904.7488 	DATA 	Keypress: e
904.8899 	EXP 	New trial (rep=7, index=6): {'leftStreamFlip': False, 'oneTarget': False, 'trialInstructionPos': (0, 1), 'probe': 'both', 'rightStreamFlip': False, 'horizVert': False, 'ISIframes': 2, 'rightResponseFirst': True}
904.9145 	INFO 	numtrials=360 and this trialDurFrames=3 or 50.0 ms  task=T1
905.9149 	EXP 	window1: recordFrameIntervals = False
905.9231 	INFO 	Mouse: using default window
907.4484 	DATA 	Keypress: g
908.2652 	DATA 	Keypress: r
908.8320 	DATA 	Keypress: t
908.9722 	EXP 	New trial (rep=7, index=7): {'leftStreamFlip': False, 'oneTarget': False, 'trialInstructionPos': (0, 1), 'probe': 'both', 'rightStreamFlip': False, 'horizVert': False, 'ISIframes': 2, 'rightResponseFirst': False}
908.9977 	INFO 	numtrials=360 and this trialDurFrames=3 or 50.0 ms  task=T1
910.1480 	EXP 	window1: recordFrameIntervals = False
910.1560 	INFO 	Mouse: using default window
911.7982 	DATA 	Keypress: t
912.8155 	DATA 	Keypress: a
913.1153 	DATA 	Keypress: r
913.2548 	EXP 	New trial (rep=7, index=8): {'leftStreamFlip': False, 'oneTarget': False, 'trialInstructionPos': (0, -1), 'probe': 'both', 'rightStreamFlip': False, 'horizVert': False, 'ISIframes': 2, 'rightResponseFirst': False}
913.2814 	INFO 	numtrials=360 and this trialDurFrames=3 or 50.0 ms  task=T1
914.3651 	EXP 	window1: recordFrameIntervals = False
914.3732 	INFO 	Mouse: using default window
917.0654 	DATA 	Keypress: r
917.4652 	DATA 	Keypress: d
918.1989 	DATA 	Keypress: e
918.3393 	EXP 	New trial (rep=7, index=9): {'leftStreamFlip': False, 'oneTarget': False, 'trialInstructionPos': (0, -1), 'probe': 'both', 'rightStreamFlip': False, 'horizVert': False, 'ISIframes': 2, 'rightResponseFirst': True}
918.3645 	INFO 	numtrials=360 and this trialDurFrames=4 or 66.6666666667 ms  task=T1
919.5316 	EXP 	window1: recordFrameIntervals = False
919.5397 	INFO 	Mouse: using default window
921.0154 	DATA 	Keypress: r
922.0322 	DATA 	Keypress: m
923.3006 	DATA 	Keypress: u
923.4559 	EXP 	New trial (rep=7, index=10): {'leftStreamFlip': False, 'oneTarget': False, 'trialInstructionPos': (0, 1), 'probe': 'both', 'rightStreamFlip': False, 'horizVert': False, 'ISIframes': 2, 'rightResponseFirst': False}
923.4812 	INFO 	numtrials=360 and this trialDurFrames=4 or 66.6666666667 ms  task=T1
924.5314 	EXP 	window1: recordFrameIntervals = False
924.5396 	INFO 	Mouse: using default window
926.0816 	DATA 	Keypress: f
926.9652 	DATA 	Keypress: e
927.4989 	DATA 	Keypress: r
927.6386 	EXP 	New trial (rep=7, index=11): {'leftStreamFlip': False, 'oneTarget': False, 'trialInstructionPos': (0, 1), 'probe': 'both', 'rightStreamFlip': False, 'horizVert': False, 'ISIframes': 2, 'rightResponseFirst': True}
927.6494 	INFO 	numtrials=360 and this trialDurFrames=3 or 50.0 ms  task=T1
928.7646 	EXP 	window1: recordFrameIntervals = False
928.7727 	INFO 	Mouse: using default window
930.2815 	DATA 	Keypress: e
931.3320 	DATA 	Keypress: t
932.1323 	DATA 	Keypress: z
932.2893 	EXP 	New trial (rep=8, index=0): {'leftStreamFlip': False, 'oneTarget': False, 'trialInstructionPos': (0, 1), 'probe': 'both', 'rightStreamFlip': False, 'horizVert': False, 'ISIframes': 2, 'rightResponseFirst': True}
932.3147 	INFO 	numtrials=360 and this trialDurFrames=3 or 50.0 ms  task=T1
933.5151 	EXP 	window1: recordFrameIntervals = False
933.5230 	INFO 	Mouse: using default window
935.0649 	DATA 	Keypress: f
936.3655 	DATA 	Keypress: n
937.4487 	DATA 	Keypress: z
937.5911 	EXP 	New trial (rep=8, index=1): {'leftStreamFlip': False, 'oneTarget': False, 'trialInstructionPos': (0, -1), 'probe': 'both', 'rightStreamFlip': False, 'horizVert': False, 'ISIframes': 2, 'rightResponseFirst': False}
937.6149 	INFO 	numtrials=360 and this trialDurFrames=3 or 50.0 ms  task=T1
938.5981 	EXP 	window1: recordFrameIntervals = False
938.6057 	INFO 	Mouse: using default window
940.2988 	DATA 	Keypress: y
941.2649 	DATA 	Keypress: h
942.1981 	DATA 	Keypress: a
942.3402 	EXP 	New trial (rep=8, index=2): {'leftStreamFlip': False, 'oneTarget': False, 'trialInstructionPos': (0, -1), 'probe': 'both', 'rightStreamFlip': False, 'horizVert': False, 'ISIframes': 2, 'rightResponseFirst': True}
942.3642 	INFO 	numtrials=360 and this trialDurFrames=3 or 50.0 ms  task=T1
943.3479 	EXP 	window1: recordFrameIntervals = False
943.3558 	INFO 	Mouse: using default window
944.7319 	DATA 	Keypress: g
945.9316 	DATA 	Keypress: n
946.8488 	DATA 	Keypress: c
946.9897 	EXP 	New trial (rep=8, index=3): {'leftStreamFlip': False, 'oneTarget': False, 'trialInstructionPos': (0, 1), 'probe': 'both', 'rightStreamFlip': False, 'horizVert': False, 'ISIframes': 2, 'rightResponseFirst': False}
947.0142 	INFO 	numtrials=360 and this trialDurFrames=3 or 50.0 ms  task=T1
948.0321 	EXP 	window1: recordFrameIntervals = False
948.0402 	INFO 	Mouse: using default window
954.9157 	DATA 	Keypress: n
955.2487 	DATA 	Keypress: j
956.1983 	DATA 	Keypress: r
956.3382 	EXP 	New trial (rep=8, index=4): {'leftStreamFlip': False, 'oneTarget': False, 'trialInstructionPos': (0, 1), 'probe': 'both', 'rightStreamFlip': False, 'horizVert': False, 'ISIframes': 2, 'rightResponseFirst': True}
956.3655 	INFO 	numtrials=360 and this trialDurFrames=3 or 50.0 ms  task=T1
957.5649 	EXP 	window1: recordFrameIntervals = False
957.5732 	INFO 	Mouse: using default window
959.0151 	DATA 	Keypress: y
959.3986 	DATA 	Keypress: r
960.1158 	DATA 	Keypress: c
960.2731 	EXP 	New trial (rep=8, index=5): {'leftStreamFlip': False, 'oneTarget': False, 'trialInstructionPos': (0, -1), 'probe': 'both', 'rightStreamFlip': False, 'horizVert': False, 'ISIframes': 2, 'rightResponseFirst': True}
960.2978 	INFO 	numtrials=360 and this trialDurFrames=3 or 50.0 ms  task=T1
961.3980 	EXP 	window1: recordFrameIntervals = False
961.4060 	INFO 	Mouse: using default window
962.6482 	DATA 	Keypress: a
963.4654 	DATA 	Keypress: e
964.1988 	DATA 	Keypress: u
964.3396 	EXP 	New trial (rep=8, index=6): {'leftStreamFlip': False, 'oneTarget': False, 'trialInstructionPos': (0, 1), 'probe': 'both', 'rightStreamFlip': False, 'horizVert': False, 'ISIframes': 2, 'rightResponseFirst': False}
964.3645 	INFO 	numtrials=360 and this trialDurFrames=3 or 50.0 ms  task=T1
965.4313 	EXP 	window1: recordFrameIntervals = False
965.4394 	INFO 	Mouse: using default window
966.7983 	DATA 	Keypress: u
967.6651 	DATA 	Keypress: e
968.2486 	DATA 	Keypress: s
968.3905 	EXP 	New trial (rep=8, index=7): {'leftStreamFlip': False, 'oneTarget': False, 'trialInstructionPos': (0, -1), 'probe': 'both', 'rightStreamFlip': False, 'horizVert': False, 'ISIframes': 2, 'rightResponseFirst': False}
968.4146 	INFO 	numtrials=360 and this trialDurFrames=4 or 66.6666666667 ms  task=T1
969.4814 	EXP 	window1: recordFrameIntervals = False
969.4895 	INFO 	Mouse: using default window
970.7982 	DATA 	Keypress: s
971.3487 	DATA 	Keypress: s
971.8150 	DATA 	Keypress: s
971.9585 	EXP 	New trial (rep=8, index=8): {'leftStreamFlip': False, 'oneTarget': False, 'trialInstructionPos': (0, -1), 'probe': 'both', 'rightStreamFlip': False, 'horizVert': False, 'ISIframes': 2, 'rightResponseFirst': False}
971.9806 	INFO 	numtrials=360 and this trialDurFrames=4 or 66.6666666667 ms  task=T1
973.0150 	EXP 	window1: recordFrameIntervals = False
973.0238 	INFO 	Mouse: using default window
974.4823 	DATA 	Keypress: t
975.2654 	DATA 	Keypress: h
976.1487 	DATA 	Keypress: e
976.2889 	EXP 	New trial (rep=8, index=9): {'leftStreamFlip': False, 'oneTarget': False, 'trialInstructionPos': (0, 1), 'probe': 'both', 'rightStreamFlip': False, 'horizVert': False, 'ISIframes': 2, 'rightResponseFirst': True}
976.3142 	INFO 	numtrials=360 and this trialDurFrames=3 or 50.0 ms  task=T1
977.5145 	EXP 	window1: recordFrameIntervals = False
977.5225 	INFO 	Mouse: using default window
979.1821 	DATA 	Keypress: f
980.2655 	DATA 	Keypress: s
980.9158 	DATA 	Keypress: n
981.0731 	EXP 	New trial (rep=8, index=10): {'leftStreamFlip': False, 'oneTarget': False, 'trialInstructionPos': (0, -1), 'probe': 'both', 'rightStreamFlip': False, 'horizVert': False, 'ISIframes': 2, 'rightResponseFirst': True}
981.0982 	INFO 	numtrials=360 and this trialDurFrames=3 or 50.0 ms  task=T1
982.1321 	EXP 	window1: recordFrameIntervals = False
982.1403 	INFO 	Mouse: using default window
983.2492 	DATA 	Keypress: g
983.9990 	DATA 	Keypress: r
984.4983 	DATA 	Keypress: e
984.6389 	EXP 	New trial (rep=8, index=11): {'leftStreamFlip': False, 'oneTarget': False, 'trialInstructionPos': (0, 1), 'probe': 'both', 'rightStreamFlip': False, 'horizVert': False, 'ISIframes': 2, 'rightResponseFirst': False}
984.6641 	INFO 	numtrials=360 and this trialDurFrames=3 or 50.0 ms  task=T1
985.6649 	EXP 	window1: recordFrameIntervals = False
985.6730 	INFO 	Mouse: using default window
986.8650 	DATA 	Keypress: s
987.7152 	DATA 	Keypress: y
988.1326 	DATA 	Keypress: r
988.2905 	EXP 	New trial (rep=9, index=0): {'leftStreamFlip': False, 'oneTarget': False, 'trialInstructionPos': (0, -1), 'probe': 'both', 'rightStreamFlip': False, 'horizVert': False, 'ISIframes': 2, 'rightResponseFirst': False}
988.3143 	INFO 	numtrials=360 and this trialDurFrames=3 or 50.0 ms  task=T1
989.3982 	EXP 	window1: recordFrameIntervals = False
989.4059 	INFO 	Mouse: using default window
990.8154 	DATA 	Keypress: a
991.6816 	DATA 	Keypress: g
992.1987 	DATA 	Keypress: r
992.3383 	EXP 	New trial (rep=9, index=1): {'leftStreamFlip': False, 'oneTarget': False, 'trialInstructionPos': (0, -1), 'probe': 'both', 'rightStreamFlip': False, 'horizVert': False, 'ISIframes': 2, 'rightResponseFirst': True}
992.3639 	INFO 	numtrials=360 and this trialDurFrames=4 or 66.6666666667 ms  task=T1
993.3647 	EXP 	window1: recordFrameIntervals = False
993.3727 	INFO 	Mouse: using default window
995.6321 	DATA 	Keypress: r
996.1982 	DATA 	Keypress: g
996.8153 	DATA 	Keypress: h
996.9592 	EXP 	New trial (rep=9, index=2): {'leftStreamFlip': False, 'oneTarget': False, 'trialInstructionPos': (0, 1), 'probe': 'both', 'rightStreamFlip': False, 'horizVert': False, 'ISIframes': 2, 'rightResponseFirst': False}
996.9812 	INFO 	numtrials=360 and this trialDurFrames=4 or 66.6666666667 ms  task=T1
998.0153 	EXP 	window1: recordFrameIntervals = False
998.0232 	INFO 	Mouse: using default window
999.1820 	DATA 	Keypress: e
1000.7152 	DATA 	Keypress: u
1001.5321 	DATA 	Keypress: a
1001.6725 	EXP 	New trial (rep=9, index=3): {'leftStreamFlip': False, 'oneTarget': False, 'trialInstructionPos': (0, 1), 'probe': 'both', 'rightStreamFlip': False, 'horizVert': False, 'ISIframes': 2, 'rightResponseFirst': False}
1001.6992 	INFO 	numtrials=360 and this trialDurFrames=4 or 66.6666666667 ms  task=T1
1002.8818 	EXP 	window1: recordFrameIntervals = False
1002.8894 	INFO 	Mouse: using default window
1004.2652 	DATA 	Keypress: n
1005.2155 	DATA 	Keypress: s
1006.0492 	DATA 	Keypress: c
1006.1916 	EXP 	New trial (rep=9, index=4): {'leftStreamFlip': False, 'oneTarget': False, 'trialInstructionPos': (0, -1), 'probe': 'both', 'rightStreamFlip': False, 'horizVert': False, 'ISIframes': 2, 'rightResponseFirst': False}
1006.2147 	INFO 	numtrials=360 and this trialDurFrames=4 or 66.6666666667 ms  task=T1
1007.2648 	EXP 	window1: recordFrameIntervals = False
1007.2728 	INFO 	Mouse: using default window
1009.2986 	DATA 	Keypress: a
1009.8318 	DATA 	Keypress: e
1010.6148 	DATA 	Keypress: u
1010.7568 	EXP 	New trial (rep=9, index=5): {'leftStreamFlip': False, 'oneTarget': False, 'trialInstructionPos': (0, 1), 'probe': 'both', 'rightStreamFlip': False, 'horizVert': False, 'ISIframes': 2, 'rightResponseFirst': True}
1010.7811 	INFO 	numtrials=360 and this trialDurFrames=4 or 66.6666666667 ms  task=T1
1011.9322 	EXP 	window1: recordFrameIntervals = False
1011.9401 	INFO 	Mouse: using default window
1013.1653 	DATA 	Keypress: g
1014.1325 	DATA 	Keypress: z
1015.0157 	DATA 	Keypress: t
1015.1582 	EXP 	New trial (rep=9, index=6): {'leftStreamFlip': False, 'oneTarget': False, 'trialInstructionPos': (0, 1), 'probe': 'both', 'rightStreamFlip': False, 'horizVert': False, 'ISIframes': 2, 'rightResponseFirst': True}
1015.1808 	INFO 	numtrials=360 and this trialDurFrames=4 or 66.6666666667 ms  task=T1
1016.3485 	EXP 	window1: recordFrameIntervals = False
1016.3569 	INFO 	Mouse: using default window
1017.3656 	DATA 	Keypress: r
1018.2489 	DATA 	Keypress: s
1018.7484 	DATA 	Keypress: a
1018.8892 	EXP 	New trial (rep=9, index=7): {'leftStreamFlip': False, 'oneTarget': False, 'trialInstructionPos': (0, -1), 'probe': 'both', 'rightStreamFlip': False, 'horizVert': False, 'ISIframes': 2, 'rightResponseFirst': True}
1018.9139 	INFO 	numtrials=360 and this trialDurFrames=4 or 66.6666666667 ms  task=T1
1019.9321 	EXP 	window1: recordFrameIntervals = False
1019.9402 	INFO 	Mouse: using default window
1021.0991 	DATA 	Keypress: s
1021.9652 	DATA 	Keypress: n
1022.4657 	DATA 	Keypress: k
1022.6058 	EXP 	New trial (rep=9, index=8): {'leftStreamFlip': False, 'oneTarget': False, 'trialInstructionPos': (0, -1), 'probe': 'both', 'rightStreamFlip': False, 'horizVert': False, 'ISIframes': 2, 'rightResponseFirst': True}
1022.6313 	INFO 	numtrials=360 and this trialDurFrames=4 or 66.6666666667 ms  task=T1
1023.6814 	EXP 	window1: recordFrameIntervals = False
1023.6892 	INFO 	Mouse: using default window
1025.7327 	DATA 	Keypress: n
1027.5655 	DATA 	Keypress: n
1028.4823 	DATA 	Keypress: r
1028.6230 	EXP 	New trial (rep=9, index=9): {'leftStreamFlip': False, 'oneTarget': False, 'trialInstructionPos': (0, 1), 'probe': 'both', 'rightStreamFlip': False, 'horizVert': False, 'ISIframes': 2, 'rightResponseFirst': False}
1028.6476 	INFO 	numtrials=360 and this trialDurFrames=3 or 50.0 ms  task=T1
1029.8318 	EXP 	window1: recordFrameIntervals = False
1029.8401 	INFO 	Mouse: using default window
1031.4148 	DATA 	Keypress: n
1032.4150 	DATA 	Keypress: k
1033.3491 	DATA 	Keypress: h
1033.4938 	EXP 	New trial (rep=9, index=10): {'leftStreamFlip': False, 'oneTarget': False, 'trialInstructionPos': (0, -1), 'probe': 'both', 'rightStreamFlip': False, 'horizVert': False, 'ISIframes': 2, 'rightResponseFirst': False}
1033.5142 	INFO 	numtrials=360 and this trialDurFrames=3 or 50.0 ms  task=T1
1034.4990 	EXP 	window1: recordFrameIntervals = False
1034.5071 	INFO 	Mouse: using default window
1035.7325 	DATA 	Keypress: y
1037.2151 	DATA 	Keypress: a
1037.8653 	DATA 	Keypress: s
1038.0042 	EXP 	New trial (rep=9, index=11): {'leftStreamFlip': False, 'oneTarget': False, 'trialInstructionPos': (0, 1), 'probe': 'both', 'rightStreamFlip': False, 'horizVert': False, 'ISIframes': 2, 'rightResponseFirst': True}
1038.0319 	INFO 	numtrials=360 and this trialDurFrames=4 or 66.6666666667 ms  task=T1
1039.2322 	EXP 	window1: recordFrameIntervals = False
1039.2403 	INFO 	Mouse: using default window
1040.6325 	DATA 	Keypress: t
1041.5991 	DATA 	Keypress: f
1042.7820 	DATA 	Keypress: k
1042.9242 	EXP 	New trial (rep=10, index=0): {'leftStreamFlip': False, 'oneTarget': False, 'trialInstructionPos': (0, -1), 'probe': 'both', 'rightStreamFlip': False, 'horizVert': False, 'ISIframes': 2, 'rightResponseFirst': True}
1042.9482 	INFO 	numtrials=360 and this trialDurFrames=4 or 66.6666666667 ms  task=T1
1044.1650 	EXP 	window1: recordFrameIntervals = False
1044.1733 	INFO 	Mouse: using default window
1047.9153 	DATA 	Keypress: a
1048.8324 	DATA 	Keypress: s
1049.7649 	DATA 	Keypress: n
1049.9061 	EXP 	New trial (rep=10, index=1): {'leftStreamFlip': False, 'oneTarget': False, 'trialInstructionPos': (0, 1), 'probe': 'both', 'rightStreamFlip': False, 'horizVert': False, 'ISIframes': 2, 'rightResponseFirst': True}
1049.9317 	INFO 	numtrials=360 and this trialDurFrames=4 or 66.6666666667 ms  task=T1
1050.9816 	EXP 	window1: recordFrameIntervals = False
1050.9898 	INFO 	Mouse: using default window
1052.2317 	DATA 	Keypress: y
1053.2153 	DATA 	Keypress: s
1053.7821 	DATA 	Keypress: z
1053.9220 	EXP 	New trial (rep=10, index=2): {'leftStreamFlip': False, 'oneTarget': False, 'trialInstructionPos': (0, -1), 'probe': 'both', 'rightStreamFlip': False, 'horizVert': False, 'ISIframes': 2, 'rightResponseFirst': True}
1053.9482 	INFO 	numtrials=360 and this trialDurFrames=4 or 66.6666666667 ms  task=T1
1054.9815 	EXP 	window1: recordFrameIntervals = False
1054.9901 	INFO 	Mouse: using default window
1056.8988 	DATA 	Keypress: k
1057.3983 	DATA 	Keypress: j
1057.9155 	DATA 	Keypress: l
1058.0556 	EXP 	New trial (rep=10, index=3): {'leftStreamFlip': False, 'oneTarget': False, 'trialInstructionPos': (0, 1), 'probe': 'both', 'rightStreamFlip': False, 'horizVert': False, 'ISIframes': 2, 'rightResponseFirst': True}
1058.0810 	INFO 	numtrials=360 and this trialDurFrames=4 or 66.6666666667 ms  task=T1
1059.1653 	EXP 	window1: recordFrameIntervals = False
1059.1731 	INFO 	Mouse: using default window
1060.4324 	DATA 	Keypress: m
1061.3654 	DATA 	Keypress: a
1062.2988 	DATA 	Keypress: f
1062.4409 	EXP 	New trial (rep=10, index=4): {'leftStreamFlip': False, 'oneTarget': False, 'trialInstructionPos': (0, -1), 'probe': 'both', 'rightStreamFlip': False, 'horizVert': False, 'ISIframes': 2, 'rightResponseFirst': False}
1062.4645 	INFO 	numtrials=360 and this trialDurFrames=4 or 66.6666666667 ms  task=T1
1063.6321 	EXP 	window1: recordFrameIntervals = False
1063.6400 	INFO 	Mouse: using default window
1065.3653 	DATA 	Keypress: s
1066.2486 	DATA 	Keypress: c
1066.8150 	DATA 	Keypress: h
1066.9596 	EXP 	New trial (rep=10, index=5): {'leftStreamFlip': False, 'oneTarget': False, 'trialInstructionPos': (0, 1), 'probe': 'both', 'rightStreamFlip': False, 'horizVert': False, 'ISIframes': 2, 'rightResponseFirst': True}
1066.9809 	INFO 	numtrials=360 and this trialDurFrames=4 or 66.6666666667 ms  task=T1
1068.1487 	EXP 	window1: recordFrameIntervals = False
1068.1565 	INFO 	Mouse: using default window
1069.8820 	DATA 	Keypress: n
1070.8999 	DATA 	Keypress: m
1071.6830 	DATA 	Keypress: a
1071.8232 	EXP 	New trial (rep=10, index=6): {'leftStreamFlip': False, 'oneTarget': False, 'trialInstructionPos': (0, -1), 'probe': 'both', 'rightStreamFlip': False, 'horizVert': False, 'ISIframes': 2, 'rightResponseFirst': False}
1071.8480 	INFO 	numtrials=360 and this trialDurFrames=4 or 66.6666666667 ms  task=T1
1072.9153 	EXP 	window1: recordFrameIntervals = False
1072.9234 	INFO 	Mouse: using default window
1074.9001 	DATA 	Keypress: m
1075.8820 	DATA 	Keypress: t
1076.6650 	DATA 	Keypress: s
1076.8063 	EXP 	New trial (rep=10, index=7): {'leftStreamFlip': False, 'oneTarget': False, 'trialInstructionPos': (0, -1), 'probe': 'both', 'rightStreamFlip': False, 'horizVert': False, 'ISIframes': 2, 'rightResponseFirst': False}
1076.8314 	INFO 	numtrials=360 and this trialDurFrames=4 or 66.6666666667 ms  task=T1
1078.0151 	EXP 	window1: recordFrameIntervals = False
1078.0232 	INFO 	Mouse: using default window
1079.5488 	DATA 	Keypress: m
1080.5828 	DATA 	Keypress: s
1081.0988 	DATA 	Keypress: y
1081.2380 	EXP 	New trial (rep=10, index=8): {'leftStreamFlip': False, 'oneTarget': False, 'trialInstructionPos': (0, 1), 'probe': 'both', 'rightStreamFlip': False, 'horizVert': False, 'ISIframes': 2, 'rightResponseFirst': False}
1081.2642 	INFO 	numtrials=360 and this trialDurFrames=4 or 66.6666666667 ms  task=T1
1082.2488 	EXP 	window1: recordFrameIntervals = False
1082.2567 	INFO 	Mouse: using default window
1084.3985 	DATA 	Keypress: y
1085.9324 	DATA 	Keypress: z
1087.2321 	DATA 	Keypress: n
1087.3746 	EXP 	New trial (rep=10, index=9): {'leftStreamFlip': False, 'oneTarget': False, 'trialInstructionPos': (0, -1), 'probe': 'both', 'rightStreamFlip': False, 'horizVert': False, 'ISIframes': 2, 'rightResponseFirst': True}
1087.3982 	INFO 	numtrials=360 and this trialDurFrames=3 or 50.0 ms  task=T1
1088.4987 	EXP 	window1: recordFrameIntervals = False
1088.5067 	INFO 	Mouse: using default window
1090.8488 	DATA 	Keypress: j
1091.3488 	DATA 	Keypress: a
1092.3650 	DATA 	Keypress: k
1092.5082 	EXP 	New trial (rep=10, index=10): {'leftStreamFlip': False, 'oneTarget': False, 'trialInstructionPos': (0, 1), 'probe': 'both', 'rightStreamFlip': False, 'horizVert': False, 'ISIframes': 2, 'rightResponseFirst': False}
1092.5315 	INFO 	numtrials=360 and this trialDurFrames=3 or 50.0 ms  task=T1
1093.7316 	EXP 	window1: recordFrameIntervals = False
1093.7399 	INFO 	Mouse: using default window
1096.2823 	DATA 	Keypress: z
1097.4823 	DATA 	Keypress: f
1098.2321 	DATA 	Keypress: a
1098.3739 	EXP 	New trial (rep=10, index=11): {'leftStreamFlip': False, 'oneTarget': False, 'trialInstructionPos': (0, 1), 'probe': 'both', 'rightStreamFlip': False, 'horizVert': False, 'ISIframes': 2, 'rightResponseFirst': False}
1098.3980 	INFO 	numtrials=360 and this trialDurFrames=3 or 50.0 ms  task=T1
1099.3650 	EXP 	window1: recordFrameIntervals = False
1099.3729 	INFO 	Mouse: using default window
1103.9494 	DATA 	Keypress: g
1104.3324 	DATA 	Keypress: a
1105.3325 	DATA 	Keypress: m
1105.4716 	EXP 	New trial (rep=11, index=0): {'leftStreamFlip': False, 'oneTarget': False, 'trialInstructionPos': (0, 1), 'probe': 'both', 'rightStreamFlip': False, 'horizVert': False, 'ISIframes': 2, 'rightResponseFirst': False}
1105.4982 	INFO 	numtrials=360 and this trialDurFrames=3 or 50.0 ms  task=T1
1106.6651 	EXP 	window1: recordFrameIntervals = False
1106.6736 	INFO 	Mouse: using default window
1108.2659 	DATA 	Keypress: j
1109.4991 	DATA 	Keypress: z
1109.9650 	DATA 	Keypress: s
1110.1057 	EXP 	New trial (rep=11, index=1): {'leftStreamFlip': False, 'oneTarget': False, 'trialInstructionPos': (0, -1), 'probe': 'both', 'rightStreamFlip': False, 'horizVert': False, 'ISIframes': 2, 'rightResponseFirst': False}
1110.1310 	INFO 	numtrials=360 and this trialDurFrames=4 or 66.6666666667 ms  task=T1
1111.3150 	EXP 	window1: recordFrameIntervals = False
1111.3227 	INFO 	Mouse: using default window
1113.0317 	DATA 	Keypress: g
1113.4652 	DATA 	Keypress: f
1114.7320 	DATA 	Keypress: k
1114.8717 	EXP 	New trial (rep=11, index=2): {'leftStreamFlip': False, 'oneTarget': False, 'trialInstructionPos': (0, 1), 'probe': 'both', 'rightStreamFlip': False, 'horizVert': False, 'ISIframes': 2, 'rightResponseFirst': True}
1114.8980 	INFO 	numtrials=360 and this trialDurFrames=4 or 66.6666666667 ms  task=T1
1115.9985 	EXP 	window1: recordFrameIntervals = False
1116.0068 	INFO 	Mouse: using default window
1117.3489 	DATA 	Keypress: j
1117.9005 	DATA 	Keypress: m
1118.7819 	DATA 	Keypress: c
1118.9219 	EXP 	New trial (rep=11, index=3): {'leftStreamFlip': False, 'oneTarget': False, 'trialInstructionPos': (0, -1), 'probe': 'both', 'rightStreamFlip': False, 'horizVert': False, 'ISIframes': 2, 'rightResponseFirst': False}
1118.9480 	INFO 	numtrials=360 and this trialDurFrames=3 or 50.0 ms  task=T1
1119.9482 	EXP 	window1: recordFrameIntervals = False
1119.9565 	INFO 	Mouse: using default window
1122.2150 	DATA 	Keypress: f
1123.1325 	DATA 	Keypress: k
1124.3820 	DATA 	Keypress: s
1124.5216 	EXP 	New trial (rep=11, index=4): {'leftStreamFlip': False, 'oneTarget': False, 'trialInstructionPos': (0, 1), 'probe': 'both', 'rightStreamFlip': False, 'horizVert': False, 'ISIframes': 2, 'rightResponseFirst': True}
1124.5477 	INFO 	numtrials=360 and this trialDurFrames=3 or 50.0 ms  task=T1
1125.6319 	EXP 	window1: recordFrameIntervals = False
1125.6396 	INFO 	Mouse: using default window
1127.9653 	DATA 	Keypress: m
1128.8988 	DATA 	Keypress: g
1129.3825 	DATA 	Keypress: a
1129.5245 	EXP 	New trial (rep=11, index=5): {'leftStreamFlip': False, 'oneTarget': False, 'trialInstructionPos': (0, 1), 'probe': 'both', 'rightStreamFlip': False, 'horizVert': False, 'ISIframes': 2, 'rightResponseFirst': False}
1129.5485 	INFO 	numtrials=360 and this trialDurFrames=3 or 50.0 ms  task=T1
1130.5320 	EXP 	window1: recordFrameIntervals = False
1130.5399 	INFO 	Mouse: using default window
1132.5325 	DATA 	Keypress: m
1132.9318 	DATA 	Keypress: c
1134.1828 	DATA 	Keypress: a
1134.3237 	EXP 	New trial (rep=11, index=6): {'leftStreamFlip': False, 'oneTarget': False, 'trialInstructionPos': (0, -1), 'probe': 'both', 'rightStreamFlip': False, 'horizVert': False, 'ISIframes': 2, 'rightResponseFirst': True}
1134.3481 	INFO 	numtrials=360 and this trialDurFrames=3 or 50.0 ms  task=T1
1135.5148 	EXP 	window1: recordFrameIntervals = False
1135.5227 	INFO 	Mouse: using default window
1137.5322 	DATA 	Keypress: e
1138.7160 	DATA 	Keypress: m
1140.5660 	DATA 	Keypress: t
1140.7073 	EXP 	New trial (rep=11, index=7): {'leftStreamFlip': False, 'oneTarget': False, 'trialInstructionPos': (0, -1), 'probe': 'both', 'rightStreamFlip': False, 'horizVert': False, 'ISIframes': 2, 'rightResponseFirst': True}
1140.7313 	INFO 	numtrials=360 and this trialDurFrames=3 or 50.0 ms  task=T1
1141.6985 	EXP 	window1: recordFrameIntervals = False
1141.7065 	INFO 	Mouse: using default window
1143.4322 	DATA 	Keypress: e
1144.3823 	DATA 	Keypress: u
1145.8994 	DATA 	Keypress: y
1146.0407 	EXP 	New trial (rep=11, index=8): {'leftStreamFlip': False, 'oneTarget': False, 'trialInstructionPos': (0, -1), 'probe': 'both', 'rightStreamFlip': False, 'horizVert': False, 'ISIframes': 2, 'rightResponseFirst': False}
1146.0650 	INFO 	numtrials=360 and this trialDurFrames=3 or 50.0 ms  task=T1
1147.1319 	EXP 	window1: recordFrameIntervals = False
1147.1397 	INFO 	Mouse: using default window
1148.6656 	DATA 	Keypress: f
1149.5651 	DATA 	Keypress: a
1153.7489 	DATA 	Keypress: z
1153.8912 	EXP 	New trial (rep=11, index=9): {'leftStreamFlip': False, 'oneTarget': False, 'trialInstructionPos': (0, 1), 'probe': 'both', 'rightStreamFlip': False, 'horizVert': False, 'ISIframes': 2, 'rightResponseFirst': False}
1153.9145 	INFO 	numtrials=360 and this trialDurFrames=3 or 50.0 ms  task=T1
1154.8982 	EXP 	window1: recordFrameIntervals = False
1154.9061 	INFO 	Mouse: using default window
1162.7819 	DATA 	Keypress: lctrl
1162.9820 	DATA 	Keypress: lshift
1163.6826 	DATA 	Keypress: z
1163.7010 	INFO 	Stopping at 11:25 on 07 Aug 2018
1163.7040 	ERROR 	user aborted experiment on keypress with trials done=141 of 361
1163.7224 	INFO 	Program terminating normally.
