0.6171 	WARNING 	Monitor specification not found. Creating a temporary one...
10.2087 	EXP 	Created window1 = Window(allowGUI=False, allowStencil=False, autoLog=True, bitsMode=UNKNOWN, blendMode='avg', color=array([-0.7, -0.7, -0.7]), colorSpace='rgb', fullscr=UNKNOWN, gamma=None, lms=UNKNOWN, monitor=<psychopy.monitors.calibTools.Monitor object at 0x1AC50050>, name='window1', pos=[0, 0], screen=0, size=array([1920, 1080]), stereo=False, units='deg', useFBO=False, useRetina=False, viewOri=0.0, viewPos=None, viewScale=None, waitBlanking=False, winType='pyglet')
10.2088 	INFO 	Mouse: using default window
10.2093 	EXP 	window1: units = 'norm'
10.3021 	EXP 	Created unnamed ImageStim = ImageStim(autoLog=True, color=array([ 1.,  1.,  1.]), colorSpace='rgb', contrast=1.0, depth=0, flipHoriz=False, flipVert=False, image=str(...), interpolate=False, mask=None, maskParams=None, name='unnamed ImageStim', opacity=1.0, ori=0.0, pos=array([-0.5,  0. ]), size=array([ 1.290625  ,  3.24814815]), texRes=128, units='norm', win=Window(...))
10.3782 	EXP 	Created unnamed ImageStim = ImageStim(autoLog=True, color=array([ 1.,  1.,  1.]), colorSpace='rgb', contrast=1.0, depth=0, flipHoriz=False, flipVert=False, image=str(...), interpolate=False, mask=None, maskParams=None, name='unnamed ImageStim', opacity=1.0, ori=0.0, pos=array([ 0.5,  0. ]), size=array([ 1.290625  ,  3.24814815]), texRes=128, units='norm', win=Window(...))
10.3954 	EXP 	Created OKrespZone = GratingStim(autoDraw=False, autoLog=True, color=array([ 1. ,  0.5,  0.5]), colorSpace='rgb', contrast=1.0, depth=0, interpolate=False, mask='gauss', maskParams=None, name='OKrespZone', opacity=1.0, ori=0.0, phase=array([ 0.,  0.]), pos=array([-0.2 , -0.92]), rgbPedestal=array([ 0.,  0.,  0.]), sf=array([ 0.,  0.]), size=array([ 2.3,  0.2]), tex='sin', texRes=256, units='norm', win=Window(...))
10.5347 	EXP 	unnamed ImageStim: size = (1, 2)
10.5347 	EXP 	unnamed ImageStim: size = (1, 2)
52.3084 	DATA 	Mouse: Left button down, pos=(371,124)
52.3917 	DATA 	Mouse:  Left button up, pos=(371,124)
53.5252 	DATA 	Mouse: Left button down, pos=(887,27)
53.5415 	EXP 	window1: units = 'deg'
53.5416 	EXP 	window1: units = 'norm'
53.5622 	EXP 	Created OKrespZone = GratingStim(autoDraw=False, autoLog=True, color=array([ 1. ,  0.5,  0.5]), colorSpace='rgb', contrast=1.0, depth=0, interpolate=False, mask='gauss', maskParams=None, name='OKrespZone', opacity=1.0, ori=0.0, phase=array([ 0.,  0.]), pos=array([-0.2 , -0.92]), rgbPedestal=array([ 0.,  0.,  0.]), sf=array([ 0.,  0.]), size=array([ 2.3,  0.2]), tex='sin', texRes=256, units='norm', win=Window(...))
53.6392 	EXP 	Created unnamed ImageStim = ImageStim(autoLog=True, color=array([ 1.,  1.,  1.]), colorSpace='rgb', contrast=1.0, depth=0, flipHoriz=False, flipVert=False, image='abgdj\\PISandConsentForm\\consentForm.png', interpolate=False, mask=None, maskParams=None, name='unnamed ImageStim', opacity=1.0, ori=0.0, pos=array([ 0.,  0.]), size=array([ 1.3375    ,  2.97407407]), texRes=128, units='norm', win=Window(...))
53.6785 	EXP 	Created unnamed GratingStim = GratingStim(autoDraw=False, autoLog=True, color=array([ 1. ,  0.5,  0.5]), colorSpace='rgb', contrast=1.0, depth=0, interpolate=False, mask='gauss', maskParams=None, name='unnamed GratingStim', opacity=1.0, ori=0.0, phase=array([ 0.,  0.]), pos=array([-0.2 , -0.42]), rgbPedestal=array([ 0.,  0.,  0.]), sf=array([ 0.,  0.]), size=array([ 0.3,  0.2]), tex='sin', texRes=256, units='norm', win=Window(...))
53.7100 	EXP 	Created unnamed GratingStim = GratingStim(autoDraw=False, autoLog=True, color=array([ 1. ,  0.5,  0.5]), colorSpace='rgb', contrast=1.0, depth=0, interpolate=False, mask='gauss', maskParams=None, name='unnamed GratingStim', opacity=1.0, ori=0.0, phase=array([ 0.,  0.]), pos=array([ 0.1 , -0.42]), rgbPedestal=array([ 0.,  0.,  0.]), sf=array([ 0.,  0.]), size=array([ 0.3,  0.2]), tex='sin', texRes=256, units='norm', win=Window(...))
53.7320 	EXP 	Created unnamed GratingStim = GratingStim(autoDraw=False, autoLog=True, color=array([ 1. ,  0.5,  0.5]), colorSpace='rgb', contrast=1.0, depth=0, interpolate=False, mask='gauss', maskParams=None, name='unnamed GratingStim', opacity=1.0, ori=0.0, phase=array([ 0.,  0.]), pos=array([-0.2 , -0.72]), rgbPedestal=array([ 0.,  0.,  0.]), sf=array([ 0.,  0.]), size=array([ 0.3,  0.2]), tex='sin', texRes=256, units='norm', win=Window(...))
53.7521 	EXP 	Created unnamed GratingStim = GratingStim(autoDraw=False, autoLog=True, color=array([ 1. ,  0.5,  0.5]), colorSpace='rgb', contrast=1.0, depth=0, interpolate=False, mask='gauss', maskParams=None, name='unnamed GratingStim', opacity=1.0, ori=0.0, phase=array([ 0.,  0.]), pos=array([ 0.1 , -0.72]), rgbPedestal=array([ 0.,  0.,  0.]), sf=array([ 0.,  0.]), size=array([ 0.3,  0.2]), tex='sin', texRes=256, units='norm', win=Window(...))
53.7549 	DATA 	Mouse:  Left button up, pos=(887,27)
53.7610 	EXP 	unnamed ImageStim: size = (1.1, 2)
61.7617 	DATA 	Mouse: Left button down, pos=(785,324)
61.8916 	DATA 	Mouse:  Left button up, pos=(785,324)
63.0750 	DATA 	Mouse: Left button down, pos=(788,138)
63.2082 	DATA 	Mouse:  Left button up, pos=(788,138)
64.1751 	DATA 	Mouse: Left button down, pos=(773,30)
64.1915 	EXP 	window1: units = 'deg'
64.1966 	EXP 	window1: mouseVisible = True
76.1087 	EXP 	Created window1 = Window(allowGUI=False, allowStencil=False, autoLog=True, bitsMode=UNKNOWN, blendMode='avg', color=array([-0.7, -0.7, -0.7]), colorSpace='rgb', fullscr=UNKNOWN, gamma=None, lms=UNKNOWN, monitor=<psychopy.monitors.calibTools.Monitor object at 0x1AC50050>, name='window1', pos=[0, 0], screen=0, size=array([1920, 1080]), stereo=False, units='deg', useFBO=False, useRetina=False, viewOri=0.0, viewPos=None, viewScale=None, waitBlanking=False, winType='pyglet')
80.4258 	INFO 	#[ PsychoPy2 RuntimeInfoStart ]
  #[[ PsychoPy ]] #---------
    psychopyVersion: 1.84.2
    psychopyHaveExtRush: True
  #[[ Experiment ]] #---------
    experimentAuthor: None
    experimentAuthVersion: None
    experimentRunTime: 2018_08_06 12:10 (Year_Month_Day Hour:Min)
    experimentRunTime.epoch: 1533521416
    experimentScript: psyc1002.py
    experimentScript.digestSHA1: 03993779484d600ea4c1b8cc2288f3d37a5025d5
    experimentScript.directory: U:\PSYC1002\abgdj
  #[[ System ]] #---------
    systemHaveInternetAccess: True
    systemHostName: W5FFXKG2
    systemLocale: English_United States.1252
    systemMemFreeRAM: 4109.46875
    systemMemTotalRAM: 8076.9453125
    systemPlatform: windowsversion=sys.getwindowsversion(major=6, minor=2, build=9200, platform=2, service_pack='')
    systemPyo.InputDevices: {4: {'host api index': 2, 'latency': 0.008707483299076557, 'default sr': 44100, 'name': u'Realtek ASIO'}}
    systemPyo.OutputDevices: {0: {'host api index': 0, 'latency': 0.09000000357627869, 'default sr': 44100, 'name': u'Microsoft Sound Mapper - Output'}, 1: {'host api index': 0, 'latency': 0.09000000357627869, 'default sr': 44100, 'name': u'Speakers / Headphones (Realtek '}, 2: {'host api index': 1, 'latency': 0.11999999731779099, 'default sr': 44100, 'name': u'Primary Sound Driver'}, 3: {'host api index': 1, 'latency': 0.11999999731779099, 'default sr': 44100, 'name': u'Speakers / Headphones (Realtek High Definition Audio)'}, 4: {'host api index': 2, 'latency': 0.008707483299076557, 'default sr': 44100, 'name': u'Realtek ASIO'}, 5: {'host api index': 3, 'latency': 0.003000000026077032, 'default sr': 48000, 'name': u'Speakers / Headphones (Realtek High Definition Audio)'}}
    systemPyoVersion: 0.8.0
    systemRebooted: System Boot Time:          8/6/2018, 2:09:13 AM
    systemSec.pythonSSL: True
    systemTimeNumpySD1000000_sec: 0.0082
    systemUser: mram6473
    systemUserID: 1000
    systemUserProcCmdPid: LabStatsUserSpace.exe dwm.exe TiWorker.exe CmRcService.exe nierserver.exe LabStatsClient.exe tagsrv.exe SearchUI.exe rundll32.exe OneDrive.exe nipxism.exe SettingSyncHost.exe TrustedInstaller.exe niLxiDiscovery.exe SecurityHealthService.exe redirector.exe SearchProtocolHost.exe server_admin.exe pc-client.exe lkads.exe svchost.exe smartscreen.exe ni_usbmon.exe AGSService.exe System SISIDSService.exe SelfServicePlugin.exe explorer.exe smss.exe ApplicationWebServer.exe RuntimeBroker.exe acrotray.exe niauth_daemon.exe cmd.exe nidmsrv.exe Receiver.exe SISIPSService.exe lktsrv.exe lsass.exe python.exe RtkNGUI64.exe sisipsutil.exe AdobeUpdateService.exe armsvc.exe ssonsvr.exe concentr.exe nidevldu.exe taskhostw.exe ctfmon.exe RAVBg64.exe ''Memory Compression'' NIWebServiceContainer.exe nimxs.exe RtkAudioService64.exe SystemWebServer.exe tasklist.exe snowagent.exe CcmExec.exe SearchFilterHost.exe SmcGui.exe nicitdl5.exe ''System Idle Process'' services.exe niDiscSvc.exe sqlwriter.exe MSASCuiL.exe SCNotification.exe nimdnsResponder.exe server_runtime.exe sihost.exe backgroundTaskHost.exe spoolsv.exe wininit.exe winlogon.exe ShellExperienceHost.exe nidevmon.exe SearchIndexer.exe csrss.exe WmiPrvSE.exe audiodg.exe fontdrvhost.exe dllhost.exe unsecapp.exe ccSvcHst.exe wfcrun32.exe nisvcloc.exe server_eventlog.exe lkcitdl.exe AuthManSvr.exe conhost.exe
    systemUserProcCount: 181
    systemUserProcFlagged: Explorer
    systemUsersCount: False
  #[[ Window ]] #---------
    windowWinType: pyglet
    windowWaitBlanking: False
    windowUseNativeGamma: True
    windowUnits: deg
    windowSize_pix: [1920 1080]
    windowScreen: 0
    windowRgb: [-0.7 -0.7 -0.7]
    windowRefreshTimeSD_ms: 0.143
    windowRefreshTimeMedian_ms: 16.694
    windowRefreshTimeAvg_ms: 16.670
    windowRefreshThreshold_sec: 0.0199
    windowRecordFrameIntervals: False
    windowPos_pix: [0, 0]
    windowMonitor.name: testmonitor
    windowMonitor.getWidth_cm: 57.0
    windowMonitor.getLinearizeMethod: 1
    windowMonitor.getGammaGrid: [[  0.   1.   1.  nan  nan  nan]
 [  0.   1.   1.  nan  nan  nan]
 [  0.   1.   1.  nan  nan  nan]
 [  0.   1.   1.  nan  nan  nan]]
    windowMonitor.getDistance_cm: 57.0
    windowMonitor.gammaInterpolator2: None
    windowMonitor.gammaInterpolator: None
    windowMonitor.currentCalibName: 2018_08_06 12:09
    windowIsFullScr: True
    windowHaveShaders: True
    windowAllowGUI: False
  #[[ Python ]] #---------
    pythonWxVersion: 3.0.2.0 msw (classic)
    pythonVersion: 2.7.11
    pythonScipyVersion: 0.17.1
    pythonPygletVersion: 1.2.4
    pythonPygameVersion: 1.9.2pre
    pythonNumpyVersion: 1.11.0
    pythonMatplotlibVersion: 1.5.1
    pythonFullVersion: 2.7.11 (v2.7.11:6d1b6a68f775, Dec  5 2015, 20:32:19) [MSC v.1500 32 bit (Intel)]
    pythonExecutable: C:\Program Files (x86)\PsychoPy2\python.exe
  #[[ OpenGL ]] #---------
    openGLVersion: 4.4.0 - Build 21.20.16.4627
    openGLVendor: Intel
    openGLRenderingEngine: Intel(R) HD Graphics 530
    openGLmaxVerticesInVertexArray: 1048576
    False: openGLext.GL_STEREO
    True: openGLext.GL_EXT_framebuffer_object
    True: openGLext.GL_ARB_vertex_shader
    True: openGLext.GL_ARB_texture_non_power_of_two
    True: openGLext.GL_ARB_texture_float
    True: openGLext.GL_ARB_shader_objects
    True: openGLext.GL_ARB_multitexture
    True: openGLext.GL_ARB_fragment_program
#[ PsychoPy2 RuntimeInfoEnd ]

80.4748 	EXP 	window1: recordFrameIntervals = True
81.3079 	EXP 	window1: recordFrameIntervals = False
81.3082 	INFO 	Frames per second ~=60.1, which is close enough to desired val of 60.0
81.5107 	EXP 	Created sequence: random, trialTypes=12, nReps=30, seed=None
81.6583 	INFO 	Mouse: using default window
81.6802 	EXP 	Created OKrespZone = GratingStim(autoDraw=False, autoLog=True, color=array([ 1.,  1.,  1.]), colorSpace='rgb', contrast=1.0, depth=0, interpolate=False, mask='gauss', maskParams=None, name='OKrespZone', opacity=1.0, ori=0.0, phase=array([ 0.,  0.]), pos=array([ 0.  ,  0.88]), rgbPedestal=array([ 0.,  0.,  0.]), sf=array([ 0.,  0.]), size=array([ 2. ,  0.2]), tex='sin', texRes=256, units='norm', win=Window(...))
94.1913 	DATA 	Mouse: Left button down, pos=(122,183)
94.3191 	DATA 	Mouse:  Left button up, pos=(122,183)
115.5914 	DATA 	Mouse: Left button down, pos=(716,617)
115.6491 	DATA 	Mouse:  Left button up, pos=(716,617)
126.4875 	DATA 	Mouse: Left button down, pos=(894,460)
126.5751 	DATA 	Mouse:  Left button up, pos=(894,460)
135.6395 	DATA 	Mouse: Left button down, pos=(1095,683)
135.7191 	DATA 	Mouse:  Left button up, pos=(1095,684)
161.9594 	DATA 	Mouse: Left button down, pos=(1726,748)
162.0709 	DATA 	Mouse:  Left button up, pos=(1726,748)
162.7994 	DATA 	Mouse: Left button down, pos=(1744,667)
162.9030 	DATA 	Mouse:  Left button up, pos=(1744,667)
170.2712 	DATA 	Mouse: Left button down, pos=(319,939)
170.3510 	DATA 	Mouse:  Left button up, pos=(319,939)
183.1913 	DATA 	Mouse: Left button down, pos=(116,957)
183.2870 	DATA 	Mouse:  Left button up, pos=(116,957)
186.6557 	DATA 	Mouse: Left button down, pos=(1111,956)
186.7430 	DATA 	Mouse:  Left button up, pos=(1111,956)
189.3432 	DATA 	Mouse: Left button down, pos=(1506,880)
189.4234 	DATA 	Mouse:  Left button up, pos=(1508,880)
190.9353 	DATA 	Mouse: Left button down, pos=(1081,1007)
190.9932 	INFO 	Experiment will have 360 trials. Letters will be drawn with superposed noise of 0.00%
191.0078 	EXP 	New trial (rep=0, index=0): {'leftStreamFlip': True, 'oneTarget': False, 'trialInstructionPos': (0, -1), 'probe': 'both', 'rightStreamFlip': True, 'horizVert': False, 'ISIframes': 4, 'rightResponseFirst': True}
191.0079 	INFO 	Starting main part of experiment
191.0084 	DATA 	Mouse:  Left button up, pos=(1081,1007)
192.1914 	INFO 	numtrials=360 and this trialDurFrames=54 or 900.0 ms  task=T1
194.6580 	EXP 	window1: recordFrameIntervals = False
194.6694 	INFO 	Mouse: using default window
200.4085 	DATA 	Keypress: y
201.7918 	DATA 	Keypress: u
201.9597 	EXP 	New trial (rep=0, index=1): {'leftStreamFlip': True, 'oneTarget': True, 'trialInstructionPos': (0, -1), 'probe': 'both', 'rightStreamFlip': True, 'horizVert': False, 'ISIframes': 4, 'rightResponseFirst': True}
211.4746 	INFO 	numtrials=360 and this trialDurFrames=42 or 700.0 ms  task=T1
213.6414 	EXP 	window1: recordFrameIntervals = False
213.6495 	INFO 	Mouse: using default window
215.5761 	DATA 	Keypress: e
215.7345 	EXP 	New trial (rep=0, index=2): {'leftStreamFlip': True, 'oneTarget': True, 'trialInstructionPos': (0, -1), 'probe': 'both', 'rightStreamFlip': True, 'horizVert': False, 'ISIframes': 4, 'rightResponseFirst': False}
215.7588 	INFO 	numtrials=360 and this trialDurFrames=34 or 566.666666667 ms  task=T1
217.8415 	EXP 	window1: recordFrameIntervals = False
217.8499 	INFO 	Mouse: using default window
218.9416 	DATA 	Keypress: h
219.0860 	EXP 	New trial (rep=0, index=3): {'leftStreamFlip': True, 'oneTarget': False, 'trialInstructionPos': (0, 1), 'probe': 'both', 'rightStreamFlip': True, 'horizVert': False, 'ISIframes': 4, 'rightResponseFirst': True}
219.1089 	INFO 	numtrials=360 and this trialDurFrames=34 or 566.666666667 ms  task=T1
220.6247 	EXP 	window1: recordFrameIntervals = False
220.6333 	INFO 	Mouse: using default window
225.7748 	DATA 	Keypress: i
226.6749 	DATA 	Keypress: m
226.8159 	EXP 	New trial (rep=0, index=4): {'leftStreamFlip': True, 'oneTarget': False, 'trialInstructionPos': (0, -1), 'probe': 'both', 'rightStreamFlip': True, 'horizVert': False, 'ISIframes': 4, 'rightResponseFirst': False}
235.1580 	INFO 	numtrials=360 and this trialDurFrames=26 or 433.333333333 ms  task=T1
236.6247 	EXP 	window1: recordFrameIntervals = False
236.6333 	INFO 	Mouse: using default window
237.8249 	DATA 	Keypress: c
238.3417 	DATA 	Keypress: c
238.4846 	EXP 	New trial (rep=0, index=5): {'leftStreamFlip': True, 'oneTarget': False, 'trialInstructionPos': (0, 1), 'probe': 'both', 'rightStreamFlip': True, 'horizVert': False, 'ISIframes': 4, 'rightResponseFirst': False}
238.5076 	INFO 	numtrials=360 and this trialDurFrames=6 or 100.0 ms  task=T1
239.5246 	EXP 	window1: recordFrameIntervals = False
239.5333 	INFO 	Mouse: using default window
242.3583 	DATA 	Keypress: g
242.8581 	DATA 	Keypress: t
243.0003 	EXP 	New trial (rep=0, index=6): {'leftStreamFlip': True, 'oneTarget': False, 'trialInstructionPos': (0, 1), 'probe': 'both', 'rightStreamFlip': True, 'horizVert': False, 'ISIframes': 4, 'rightResponseFirst': False}
243.0244 	INFO 	numtrials=360 and this trialDurFrames=6 or 100.0 ms  task=T1
244.1581 	EXP 	window1: recordFrameIntervals = False
244.1665 	INFO 	Mouse: using default window
245.3917 	DATA 	Keypress: m
245.8417 	DATA 	Keypress: g
245.9819 	EXP 	New trial (rep=0, index=7): {'leftStreamFlip': True, 'oneTarget': False, 'trialInstructionPos': (0, 1), 'probe': 'both', 'rightStreamFlip': True, 'horizVert': False, 'ISIframes': 4, 'rightResponseFirst': True}
246.0075 	INFO 	numtrials=360 and this trialDurFrames=5 or 83.3333333333 ms  task=T1
247.0247 	EXP 	window1: recordFrameIntervals = False
247.0332 	INFO 	Mouse: using default window
249.0082 	DATA 	Keypress: k
251.7249 	DATA 	Keypress: b
251.8641 	EXP 	New trial (rep=0, index=8): {'leftStreamFlip': True, 'oneTarget': False, 'trialInstructionPos': (0, -1), 'probe': 'both', 'rightStreamFlip': True, 'horizVert': False, 'ISIframes': 4, 'rightResponseFirst': True}
251.8919 	INFO 	numtrials=360 and this trialDurFrames=6 or 100.0 ms  task=T1
252.9413 	EXP 	window1: recordFrameIntervals = False
252.9498 	INFO 	Mouse: using default window
254.5083 	DATA 	Keypress: r
254.8749 	DATA 	Keypress: c
255.0143 	EXP 	New trial (rep=0, index=9): {'leftStreamFlip': True, 'oneTarget': False, 'trialInstructionPos': (0, -1), 'probe': 'both', 'rightStreamFlip': True, 'horizVert': False, 'ISIframes': 4, 'rightResponseFirst': False}
255.0411 	INFO 	numtrials=360 and this trialDurFrames=6 or 100.0 ms  task=T1
256.1747 	EXP 	window1: recordFrameIntervals = False
256.1830 	INFO 	Mouse: using default window
257.6083 	DATA 	Keypress: s
258.4925 	DATA 	Keypress: g
258.6311 	EXP 	New trial (rep=0, index=10): {'leftStreamFlip': True, 'oneTarget': True, 'trialInstructionPos': (0, 1), 'probe': 'both', 'rightStreamFlip': True, 'horizVert': False, 'ISIframes': 4, 'rightResponseFirst': False}
258.6578 	INFO 	numtrials=360 and this trialDurFrames=5 or 83.3333333333 ms  task=T1
259.8081 	EXP 	window1: recordFrameIntervals = False
259.8165 	INFO 	Mouse: using default window
260.9916 	DATA 	Keypress: g
261.1306 	EXP 	New trial (rep=0, index=11): {'leftStreamFlip': True, 'oneTarget': True, 'trialInstructionPos': (0, 1), 'probe': 'both', 'rightStreamFlip': True, 'horizVert': False, 'ISIframes': 4, 'rightResponseFirst': True}
261.1585 	INFO 	numtrials=360 and this trialDurFrames=5 or 83.3333333333 ms  task=T1
262.2580 	EXP 	window1: recordFrameIntervals = False
262.2669 	INFO 	Mouse: using default window
263.3748 	DATA 	Keypress: s
263.5131 	EXP 	New trial (rep=1, index=0): {'leftStreamFlip': True, 'oneTarget': True, 'trialInstructionPos': (0, 1), 'probe': 'both', 'rightStreamFlip': True, 'horizVert': False, 'ISIframes': 4, 'rightResponseFirst': False}
263.5246 	INFO 	numtrials=360 and this trialDurFrames=6 or 100.0 ms  task=T1
264.7081 	EXP 	window1: recordFrameIntervals = False
264.7163 	INFO 	Mouse: using default window
265.6251 	DATA 	Keypress: e
265.7641 	EXP 	New trial (rep=1, index=1): {'leftStreamFlip': True, 'oneTarget': True, 'trialInstructionPos': (0, -1), 'probe': 'both', 'rightStreamFlip': True, 'horizVert': False, 'ISIframes': 4, 'rightResponseFirst': False}
265.7914 	INFO 	numtrials=360 and this trialDurFrames=6 or 100.0 ms  task=T1
266.9080 	EXP 	window1: recordFrameIntervals = False
266.9165 	INFO 	Mouse: using default window
267.9751 	DATA 	Keypress: c
268.1138 	EXP 	New trial (rep=1, index=2): {'leftStreamFlip': True, 'oneTarget': True, 'trialInstructionPos': (0, -1), 'probe': 'both', 'rightStreamFlip': True, 'horizVert': False, 'ISIframes': 4, 'rightResponseFirst': True}
268.1422 	INFO 	numtrials=360 and this trialDurFrames=5 or 83.3333333333 ms  task=T1
269.3747 	EXP 	window1: recordFrameIntervals = False
269.3831 	INFO 	Mouse: using default window
270.2916 	DATA 	Keypress: y
270.4319 	EXP 	New trial (rep=1, index=3): {'leftStreamFlip': True, 'oneTarget': False, 'trialInstructionPos': (0, -1), 'probe': 'both', 'rightStreamFlip': True, 'horizVert': False, 'ISIframes': 4, 'rightResponseFirst': True}
270.4590 	INFO 	numtrials=360 and this trialDurFrames=6 or 100.0 ms  task=T1
271.5413 	EXP 	window1: recordFrameIntervals = False
271.5498 	INFO 	Mouse: using default window
272.7415 	DATA 	Keypress: y
273.2086 	DATA 	Keypress: s
273.3514 	EXP 	New trial (rep=1, index=4): {'leftStreamFlip': True, 'oneTarget': False, 'trialInstructionPos': (0, 1), 'probe': 'both', 'rightStreamFlip': True, 'horizVert': False, 'ISIframes': 4, 'rightResponseFirst': False}
273.3743 	INFO 	numtrials=360 and this trialDurFrames=6 or 100.0 ms  task=T1
274.5247 	EXP 	window1: recordFrameIntervals = False
274.5333 	INFO 	Mouse: using default window
276.3082 	DATA 	Keypress: s
276.5415 	DATA 	Keypress: t
276.6830 	EXP 	New trial (rep=1, index=5): {'leftStreamFlip': True, 'oneTarget': True, 'trialInstructionPos': (0, 1), 'probe': 'both', 'rightStreamFlip': True, 'horizVert': False, 'ISIframes': 4, 'rightResponseFirst': True}
276.7075 	INFO 	numtrials=360 and this trialDurFrames=5 or 83.3333333333 ms  task=T1
277.7248 	EXP 	window1: recordFrameIntervals = False
277.7332 	INFO 	Mouse: using default window
278.7082 	DATA 	Keypress: a
278.8485 	EXP 	New trial (rep=1, index=6): {'leftStreamFlip': True, 'oneTarget': False, 'trialInstructionPos': (0, 1), 'probe': 'both', 'rightStreamFlip': True, 'horizVert': False, 'ISIframes': 4, 'rightResponseFirst': True}
278.8753 	INFO 	numtrials=360 and this trialDurFrames=6 or 100.0 ms  task=T1
279.9081 	EXP 	window1: recordFrameIntervals = False
279.9166 	INFO 	Mouse: using default window
281.6915 	DATA 	Keypress: g
282.0916 	DATA 	Keypress: f
282.2339 	EXP 	New trial (rep=1, index=7): {'leftStreamFlip': True, 'oneTarget': False, 'trialInstructionPos': (0, 1), 'probe': 'both', 'rightStreamFlip': True, 'horizVert': False, 'ISIframes': 4, 'rightResponseFirst': False}
282.2576 	INFO 	numtrials=360 and this trialDurFrames=6 or 100.0 ms  task=T1
283.4416 	EXP 	window1: recordFrameIntervals = False
283.4497 	INFO 	Mouse: using default window
285.0584 	DATA 	Keypress: h
285.4582 	DATA 	Keypress: a
285.5990 	EXP 	New trial (rep=1, index=8): {'leftStreamFlip': True, 'oneTarget': False, 'trialInstructionPos': (0, -1), 'probe': 'both', 'rightStreamFlip': True, 'horizVert': False, 'ISIframes': 4, 'rightResponseFirst': False}
285.6241 	INFO 	numtrials=360 and this trialDurFrames=5 or 83.3333333333 ms  task=T1
286.7413 	EXP 	window1: recordFrameIntervals = False
286.7501 	INFO 	Mouse: using default window
288.3082 	DATA 	Keypress: g
288.6419 	DATA 	Keypress: k
288.7802 	EXP 	New trial (rep=1, index=9): {'leftStreamFlip': True, 'oneTarget': False, 'trialInstructionPos': (0, 1), 'probe': 'both', 'rightStreamFlip': True, 'horizVert': False, 'ISIframes': 4, 'rightResponseFirst': True}
288.7911 	INFO 	numtrials=360 and this trialDurFrames=5 or 83.3333333333 ms  task=T1
290.0080 	EXP 	window1: recordFrameIntervals = False
290.0169 	INFO 	Mouse: using default window
291.4922 	DATA 	Keypress: z
291.7081 	DATA 	Keypress: e
291.8479 	EXP 	New trial (rep=1, index=10): {'leftStreamFlip': True, 'oneTarget': False, 'trialInstructionPos': (0, -1), 'probe': 'both', 'rightStreamFlip': True, 'horizVert': False, 'ISIframes': 4, 'rightResponseFirst': True}
291.8753 	INFO 	numtrials=360 and this trialDurFrames=5 or 83.3333333333 ms  task=T1
293.0247 	EXP 	window1: recordFrameIntervals = False
293.0332 	INFO 	Mouse: using default window
294.3594 	DATA 	Keypress: c
294.9248 	DATA 	Keypress: u
295.0644 	EXP 	New trial (rep=1, index=11): {'leftStreamFlip': True, 'oneTarget': False, 'trialInstructionPos': (0, -1), 'probe': 'both', 'rightStreamFlip': True, 'horizVert': False, 'ISIframes': 4, 'rightResponseFirst': False}
295.0907 	INFO 	numtrials=360 and this trialDurFrames=5 or 83.3333333333 ms  task=T1
296.3085 	EXP 	window1: recordFrameIntervals = False
296.3164 	INFO 	Mouse: using default window
297.4916 	DATA 	Keypress: c
297.9415 	DATA 	Keypress: t
298.0807 	EXP 	New trial (rep=2, index=0): {'leftStreamFlip': True, 'oneTarget': True, 'trialInstructionPos': (0, -1), 'probe': 'both', 'rightStreamFlip': True, 'horizVert': False, 'ISIframes': 4, 'rightResponseFirst': True}
298.1077 	INFO 	numtrials=360 and this trialDurFrames=5 or 83.3333333333 ms  task=T1
299.3415 	EXP 	window1: recordFrameIntervals = False
299.3502 	INFO 	Mouse: using default window
300.5915 	DATA 	Keypress: f
300.7310 	EXP 	New trial (rep=2, index=1): {'leftStreamFlip': True, 'oneTarget': False, 'trialInstructionPos': (0, -1), 'probe': 'both', 'rightStreamFlip': True, 'horizVert': False, 'ISIframes': 4, 'rightResponseFirst': True}
300.7577 	INFO 	numtrials=360 and this trialDurFrames=5 or 83.3333333333 ms  task=T1
301.7580 	EXP 	window1: recordFrameIntervals = False
301.7666 	INFO 	Mouse: using default window
305.9415 	DATA 	Keypress: t
306.2750 	DATA 	Keypress: m
306.4185 	EXP 	New trial (rep=2, index=2): {'leftStreamFlip': True, 'oneTarget': False, 'trialInstructionPos': (0, -1), 'probe': 'both', 'rightStreamFlip': True, 'horizVert': False, 'ISIframes': 4, 'rightResponseFirst': False}
306.4409 	INFO 	numtrials=360 and this trialDurFrames=5 or 83.3333333333 ms  task=T1
307.6413 	EXP 	window1: recordFrameIntervals = False
307.6499 	INFO 	Mouse: using default window
308.8582 	DATA 	Keypress: r
309.1083 	DATA 	Keypress: g
309.2477 	EXP 	New trial (rep=2, index=3): {'leftStreamFlip': True, 'oneTarget': False, 'trialInstructionPos': (0, 1), 'probe': 'both', 'rightStreamFlip': True, 'horizVert': False, 'ISIframes': 4, 'rightResponseFirst': False}
309.2744 	INFO 	numtrials=360 and this trialDurFrames=5 or 83.3333333333 ms  task=T1
310.3580 	EXP 	window1: recordFrameIntervals = False
310.3666 	INFO 	Mouse: using default window
312.1749 	DATA 	Keypress: f
313.4082 	DATA 	Keypress: p
313.5494 	EXP 	New trial (rep=2, index=4): {'leftStreamFlip': True, 'oneTarget': False, 'trialInstructionPos': (0, 1), 'probe': 'both', 'rightStreamFlip': True, 'horizVert': False, 'ISIframes': 4, 'rightResponseFirst': True}
313.5741 	INFO 	numtrials=360 and this trialDurFrames=5 or 83.3333333333 ms  task=T1
314.6579 	EXP 	window1: recordFrameIntervals = False
314.6665 	INFO 	Mouse: using default window
316.4915 	DATA 	Keypress: r
317.1917 	DATA 	Keypress: z
317.3320 	EXP 	New trial (rep=2, index=5): {'leftStreamFlip': True, 'oneTarget': True, 'trialInstructionPos': (0, 1), 'probe': 'both', 'rightStreamFlip': True, 'horizVert': False, 'ISIframes': 4, 'rightResponseFirst': True}
317.3578 	INFO 	numtrials=360 and this trialDurFrames=5 or 83.3333333333 ms  task=T1
318.5246 	EXP 	window1: recordFrameIntervals = False
318.5336 	INFO 	Mouse: using default window
319.4582 	DATA 	Keypress: k
319.5975 	EXP 	New trial (rep=2, index=6): {'leftStreamFlip': True, 'oneTarget': False, 'trialInstructionPos': (0, 1), 'probe': 'both', 'rightStreamFlip': True, 'horizVert': False, 'ISIframes': 4, 'rightResponseFirst': True}
319.6242 	INFO 	numtrials=360 and this trialDurFrames=5 or 83.3333333333 ms  task=T1
320.6413 	EXP 	window1: recordFrameIntervals = False
320.6499 	INFO 	Mouse: using default window
321.9917 	DATA 	Keypress: m
322.2749 	DATA 	Keypress: z
322.4147 	EXP 	New trial (rep=2, index=7): {'leftStreamFlip': True, 'oneTarget': False, 'trialInstructionPos': (0, -1), 'probe': 'both', 'rightStreamFlip': True, 'horizVert': False, 'ISIframes': 4, 'rightResponseFirst': True}
322.4411 	INFO 	numtrials=360 and this trialDurFrames=5 or 83.3333333333 ms  task=T1
323.5081 	EXP 	window1: recordFrameIntervals = False
323.5164 	INFO 	Mouse: using default window
325.2415 	DATA 	Keypress: k
325.5581 	DATA 	Keypress: g
325.6977 	EXP 	New trial (rep=2, index=8): {'leftStreamFlip': True, 'oneTarget': True, 'trialInstructionPos': (0, -1), 'probe': 'both', 'rightStreamFlip': True, 'horizVert': False, 'ISIframes': 4, 'rightResponseFirst': False}
325.7244 	INFO 	numtrials=360 and this trialDurFrames=5 or 83.3333333333 ms  task=T1
326.9080 	EXP 	window1: recordFrameIntervals = False
326.9167 	INFO 	Mouse: using default window
327.7917 	DATA 	Keypress: a
327.9310 	EXP 	New trial (rep=2, index=9): {'leftStreamFlip': True, 'oneTarget': False, 'trialInstructionPos': (0, 1), 'probe': 'both', 'rightStreamFlip': True, 'horizVert': False, 'ISIframes': 4, 'rightResponseFirst': False}
327.9575 	INFO 	numtrials=360 and this trialDurFrames=5 or 83.3333333333 ms  task=T1
328.9580 	EXP 	window1: recordFrameIntervals = False
328.9667 	INFO 	Mouse: using default window
330.2582 	DATA 	Keypress: i
330.7750 	DATA 	Keypress: f
330.9154 	EXP 	New trial (rep=2, index=10): {'leftStreamFlip': True, 'oneTarget': True, 'trialInstructionPos': (0, 1), 'probe': 'both', 'rightStreamFlip': True, 'horizVert': False, 'ISIframes': 4, 'rightResponseFirst': False}
330.9412 	INFO 	numtrials=360 and this trialDurFrames=5 or 83.3333333333 ms  task=T1
332.0579 	EXP 	window1: recordFrameIntervals = False
332.0667 	INFO 	Mouse: using default window
333.1583 	DATA 	Keypress: u
333.2974 	EXP 	New trial (rep=2, index=11): {'leftStreamFlip': True, 'oneTarget': False, 'trialInstructionPos': (0, -1), 'probe': 'both', 'rightStreamFlip': True, 'horizVert': False, 'ISIframes': 4, 'rightResponseFirst': False}
333.3253 	INFO 	numtrials=360 and this trialDurFrames=5 or 83.3333333333 ms  task=T1
334.5247 	EXP 	window1: recordFrameIntervals = False
334.5331 	INFO 	Mouse: using default window
335.6915 	DATA 	Keypress: f
335.8917 	DATA 	Keypress: s
336.0351 	EXP 	New trial (rep=3, index=0): {'leftStreamFlip': True, 'oneTarget': True, 'trialInstructionPos': (0, 1), 'probe': 'both', 'rightStreamFlip': True, 'horizVert': False, 'ISIframes': 4, 'rightResponseFirst': False}
336.0576 	INFO 	numtrials=360 and this trialDurFrames=5 or 83.3333333333 ms  task=T1
337.1747 	EXP 	window1: recordFrameIntervals = False
337.1833 	INFO 	Mouse: using default window
337.9248 	DATA 	Keypress: m
338.0640 	EXP 	New trial (rep=3, index=1): {'leftStreamFlip': True, 'oneTarget': False, 'trialInstructionPos': (0, 1), 'probe': 'both', 'rightStreamFlip': True, 'horizVert': False, 'ISIframes': 4, 'rightResponseFirst': True}
338.0919 	INFO 	numtrials=360 and this trialDurFrames=5 or 83.3333333333 ms  task=T1
339.2081 	EXP 	window1: recordFrameIntervals = False
339.2162 	INFO 	Mouse: using default window
340.4749 	DATA 	Keypress: r
340.7249 	DATA 	Keypress: m
340.8657 	EXP 	New trial (rep=3, index=2): {'leftStreamFlip': True, 'oneTarget': False, 'trialInstructionPos': (0, -1), 'probe': 'both', 'rightStreamFlip': True, 'horizVert': False, 'ISIframes': 4, 'rightResponseFirst': True}
340.8909 	INFO 	numtrials=360 and this trialDurFrames=5 or 83.3333333333 ms  task=T1
341.9246 	EXP 	window1: recordFrameIntervals = False
341.9329 	INFO 	Mouse: using default window
343.0749 	DATA 	Keypress: e
343.2249 	DATA 	Keypress: z
343.3643 	EXP 	New trial (rep=3, index=3): {'leftStreamFlip': True, 'oneTarget': False, 'trialInstructionPos': (0, 1), 'probe': 'both', 'rightStreamFlip': True, 'horizVert': False, 'ISIframes': 4, 'rightResponseFirst': False}
343.3911 	INFO 	numtrials=360 and this trialDurFrames=5 or 83.3333333333 ms  task=T1
344.4412 	EXP 	window1: recordFrameIntervals = False
344.4500 	INFO 	Mouse: using default window
345.9082 	DATA 	Keypress: m
346.2917 	DATA 	Keypress: z
346.4315 	EXP 	New trial (rep=3, index=4): {'leftStreamFlip': True, 'oneTarget': False, 'trialInstructionPos': (0, 1), 'probe': 'both', 'rightStreamFlip': True, 'horizVert': False, 'ISIframes': 4, 'rightResponseFirst': False}
346.4577 	INFO 	numtrials=360 and this trialDurFrames=5 or 83.3333333333 ms  task=T1
347.5247 	EXP 	window1: recordFrameIntervals = False
347.5334 	INFO 	Mouse: using default window
348.9415 	DATA 	Keypress: u
350.2082 	DATA 	Keypress: c
350.3489 	EXP 	New trial (rep=3, index=5): {'leftStreamFlip': True, 'oneTarget': True, 'trialInstructionPos': (0, 1), 'probe': 'both', 'rightStreamFlip': True, 'horizVert': False, 'ISIframes': 4, 'rightResponseFirst': True}
350.3741 	INFO 	numtrials=360 and this trialDurFrames=5 or 83.3333333333 ms  task=T1
351.5079 	EXP 	window1: recordFrameIntervals = False
351.5163 	INFO 	Mouse: using default window
352.3595 	DATA 	Keypress: f
352.5147 	EXP 	New trial (rep=3, index=6): {'leftStreamFlip': True, 'oneTarget': False, 'trialInstructionPos': (0, -1), 'probe': 'both', 'rightStreamFlip': True, 'horizVert': False, 'ISIframes': 4, 'rightResponseFirst': False}
352.5422 	INFO 	numtrials=360 and this trialDurFrames=5 or 83.3333333333 ms  task=T1
353.7579 	EXP 	window1: recordFrameIntervals = False
353.7665 	INFO 	Mouse: using default window
355.1415 	DATA 	Keypress: f
355.4581 	DATA 	Keypress: r
355.5996 	EXP 	New trial (rep=3, index=7): {'leftStreamFlip': True, 'oneTarget': True, 'trialInstructionPos': (0, -1), 'probe': 'both', 'rightStreamFlip': True, 'horizVert': False, 'ISIframes': 4, 'rightResponseFirst': True}
355.6242 	INFO 	numtrials=360 and this trialDurFrames=5 or 83.3333333333 ms  task=T1
356.8079 	EXP 	window1: recordFrameIntervals = False
356.8164 	INFO 	Mouse: using default window
357.9082 	DATA 	Keypress: c
358.0471 	EXP 	New trial (rep=3, index=8): {'leftStreamFlip': True, 'oneTarget': False, 'trialInstructionPos': (0, -1), 'probe': 'both', 'rightStreamFlip': True, 'horizVert': False, 'ISIframes': 4, 'rightResponseFirst': False}
358.0753 	INFO 	numtrials=360 and this trialDurFrames=5 or 83.3333333333 ms  task=T1
359.2080 	EXP 	window1: recordFrameIntervals = False
359.2166 	INFO 	Mouse: using default window
361.3752 	DATA 	Keypress: d
361.7248 	DATA 	Keypress: u
361.8644 	EXP 	New trial (rep=3, index=9): {'leftStreamFlip': True, 'oneTarget': True, 'trialInstructionPos': (0, -1), 'probe': 'both', 'rightStreamFlip': True, 'horizVert': False, 'ISIframes': 4, 'rightResponseFirst': False}
361.8911 	INFO 	numtrials=360 and this trialDurFrames=5 or 83.3333333333 ms  task=T1
362.9579 	EXP 	window1: recordFrameIntervals = False
362.9667 	INFO 	Mouse: using default window
364.0250 	DATA 	Keypress: f
364.1616 	EXP 	New trial (rep=3, index=10): {'leftStreamFlip': True, 'oneTarget': False, 'trialInstructionPos': (0, -1), 'probe': 'both', 'rightStreamFlip': True, 'horizVert': False, 'ISIframes': 4, 'rightResponseFirst': True}
364.1742 	INFO 	numtrials=360 and this trialDurFrames=5 or 83.3333333333 ms  task=T1
365.2748 	EXP 	window1: recordFrameIntervals = False
365.2822 	INFO 	Mouse: using default window
366.6253 	DATA 	Keypress: i
367.0581 	DATA 	Keypress: y
367.1979 	EXP 	New trial (rep=3, index=11): {'leftStreamFlip': True, 'oneTarget': False, 'trialInstructionPos': (0, 1), 'probe': 'both', 'rightStreamFlip': True, 'horizVert': False, 'ISIframes': 4, 'rightResponseFirst': True}
367.2243 	INFO 	numtrials=360 and this trialDurFrames=5 or 83.3333333333 ms  task=T1
368.2413 	EXP 	window1: recordFrameIntervals = False
368.2499 	INFO 	Mouse: using default window
370.5082 	DATA 	Keypress: t
370.8748 	DATA 	Keypress: i
371.0139 	EXP 	New trial (rep=4, index=0): {'leftStreamFlip': True, 'oneTarget': False, 'trialInstructionPos': (0, -1), 'probe': 'both', 'rightStreamFlip': True, 'horizVert': False, 'ISIframes': 4, 'rightResponseFirst': True}
371.0241 	INFO 	numtrials=360 and this trialDurFrames=5 or 83.3333333333 ms  task=T1
372.1252 	EXP 	window1: recordFrameIntervals = False
372.1350 	INFO 	Mouse: using default window
373.5594 	DATA 	Keypress: h
373.9755 	DATA 	Keypress: y
374.1148 	EXP 	New trial (rep=4, index=1): {'leftStreamFlip': True, 'oneTarget': False, 'trialInstructionPos': (0, 1), 'probe': 'both', 'rightStreamFlip': True, 'horizVert': False, 'ISIframes': 4, 'rightResponseFirst': True}
374.1412 	INFO 	numtrials=360 and this trialDurFrames=5 or 83.3333333333 ms  task=T1
375.1584 	EXP 	window1: recordFrameIntervals = False
375.1664 	INFO 	Mouse: using default window
376.4249 	DATA 	Keypress: c
376.7248 	DATA 	Keypress: u
376.8642 	EXP 	New trial (rep=4, index=2): {'leftStreamFlip': True, 'oneTarget': True, 'trialInstructionPos': (0, 1), 'probe': 'both', 'rightStreamFlip': True, 'horizVert': False, 'ISIframes': 4, 'rightResponseFirst': True}
376.8918 	INFO 	numtrials=360 and this trialDurFrames=5 or 83.3333333333 ms  task=T1
377.9746 	EXP 	window1: recordFrameIntervals = False
377.9831 	INFO 	Mouse: using default window
379.1598 	DATA 	Keypress: f
379.3152 	EXP 	New trial (rep=4, index=3): {'leftStreamFlip': True, 'oneTarget': False, 'trialInstructionPos': (0, 1), 'probe': 'both', 'rightStreamFlip': True, 'horizVert': False, 'ISIframes': 4, 'rightResponseFirst': False}
379.3420 	INFO 	numtrials=360 and this trialDurFrames=5 or 83.3333333333 ms  task=T1
380.5579 	EXP 	window1: recordFrameIntervals = False
380.5663 	INFO 	Mouse: using default window
381.7417 	DATA 	Keypress: m
382.3597 	DATA 	Keypress: n
382.5141 	EXP 	New trial (rep=4, index=4): {'leftStreamFlip': True, 'oneTarget': False, 'trialInstructionPos': (0, -1), 'probe': 'both', 'rightStreamFlip': True, 'horizVert': False, 'ISIframes': 4, 'rightResponseFirst': True}
382.5416 	INFO 	numtrials=360 and this trialDurFrames=5 or 83.3333333333 ms  task=T1
383.6579 	EXP 	window1: recordFrameIntervals = False
383.6663 	INFO 	Mouse: using default window
384.7248 	DATA 	Keypress: n
385.1581 	DATA 	Keypress: r
385.2998 	EXP 	New trial (rep=4, index=5): {'leftStreamFlip': True, 'oneTarget': False, 'trialInstructionPos': (0, 1), 'probe': 'both', 'rightStreamFlip': True, 'horizVert': False, 'ISIframes': 4, 'rightResponseFirst': True}
385.3244 	INFO 	numtrials=360 and this trialDurFrames=5 or 83.3333333333 ms  task=T1
386.4914 	EXP 	window1: recordFrameIntervals = False
386.4998 	INFO 	Mouse: using default window
387.9249 	DATA 	Keypress: f
388.2415 	DATA 	Keypress: n
388.3805 	EXP 	New trial (rep=4, index=6): {'leftStreamFlip': True, 'oneTarget': True, 'trialInstructionPos': (0, 1), 'probe': 'both', 'rightStreamFlip': True, 'horizVert': False, 'ISIframes': 4, 'rightResponseFirst': False}
388.3919 	INFO 	numtrials=360 and this trialDurFrames=5 or 83.3333333333 ms  task=T1
389.5914 	EXP 	window1: recordFrameIntervals = False
389.5994 	INFO 	Mouse: using default window
390.7750 	DATA 	Keypress: i
390.9130 	EXP 	New trial (rep=4, index=7): {'leftStreamFlip': True, 'oneTarget': False, 'trialInstructionPos': (0, -1), 'probe': 'both', 'rightStreamFlip': True, 'horizVert': False, 'ISIframes': 4, 'rightResponseFirst': False}
390.9421 	INFO 	numtrials=360 and this trialDurFrames=5 or 83.3333333333 ms  task=T1
392.1745 	EXP 	window1: recordFrameIntervals = False
392.1835 	INFO 	Mouse: using default window
393.4749 	DATA 	Keypress: z
394.9917 	DATA 	Keypress: s
395.1336 	EXP 	New trial (rep=4, index=8): {'leftStreamFlip': True, 'oneTarget': False, 'trialInstructionPos': (0, 1), 'probe': 'both', 'rightStreamFlip': True, 'horizVert': False, 'ISIframes': 4, 'rightResponseFirst': False}
395.1575 	INFO 	numtrials=360 and this trialDurFrames=5 or 83.3333333333 ms  task=T1
396.3582 	EXP 	window1: recordFrameIntervals = False
396.3667 	INFO 	Mouse: using default window
397.9749 	DATA 	Keypress: z
398.2082 	DATA 	Keypress: f
398.3476 	EXP 	New trial (rep=4, index=9): {'leftStreamFlip': True, 'oneTarget': False, 'trialInstructionPos': (0, -1), 'probe': 'both', 'rightStreamFlip': True, 'horizVert': False, 'ISIframes': 4, 'rightResponseFirst': False}
398.3752 	INFO 	numtrials=360 and this trialDurFrames=5 or 83.3333333333 ms  task=T1
399.4413 	EXP 	window1: recordFrameIntervals = False
399.4499 	INFO 	Mouse: using default window
400.4082 	DATA 	Keypress: k
400.6749 	DATA 	Keypress: e
400.8155 	EXP 	New trial (rep=4, index=10): {'leftStreamFlip': True, 'oneTarget': True, 'trialInstructionPos': (0, -1), 'probe': 'both', 'rightStreamFlip': True, 'horizVert': False, 'ISIframes': 4, 'rightResponseFirst': True}
400.8412 	INFO 	numtrials=360 and this trialDurFrames=5 or 83.3333333333 ms  task=T1
401.8580 	EXP 	window1: recordFrameIntervals = False
401.8665 	INFO 	Mouse: using default window
402.6915 	DATA 	Keypress: y
402.8308 	EXP 	New trial (rep=4, index=11): {'leftStreamFlip': True, 'oneTarget': True, 'trialInstructionPos': (0, -1), 'probe': 'both', 'rightStreamFlip': True, 'horizVert': False, 'ISIframes': 4, 'rightResponseFirst': False}
402.8584 	INFO 	numtrials=360 and this trialDurFrames=5 or 83.3333333333 ms  task=T1
403.9912 	EXP 	window1: recordFrameIntervals = False
403.9999 	INFO 	Mouse: using default window
404.6916 	DATA 	Keypress: m
404.8307 	EXP 	New trial (rep=5, index=0): {'leftStreamFlip': True, 'oneTarget': True, 'trialInstructionPos': (0, 1), 'probe': 'both', 'rightStreamFlip': True, 'horizVert': False, 'ISIframes': 4, 'rightResponseFirst': True}
404.8586 	INFO 	numtrials=360 and this trialDurFrames=5 or 83.3333333333 ms  task=T1
405.9246 	EXP 	window1: recordFrameIntervals = False
405.9328 	INFO 	Mouse: using default window
406.6915 	DATA 	Keypress: f
406.8303 	EXP 	New trial (rep=5, index=1): {'leftStreamFlip': True, 'oneTarget': False, 'trialInstructionPos': (0, -1), 'probe': 'both', 'rightStreamFlip': True, 'horizVert': False, 'ISIframes': 4, 'rightResponseFirst': True}
406.8586 	INFO 	numtrials=360 and this trialDurFrames=5 or 83.3333333333 ms  task=T1
407.9247 	EXP 	window1: recordFrameIntervals = False
407.9332 	INFO 	Mouse: using default window
409.4082 	DATA 	Keypress: s
409.5596 	DATA 	Keypress: k
409.7371 	EXP 	New trial (rep=5, index=2): {'leftStreamFlip': True, 'oneTarget': False, 'trialInstructionPos': (0, 1), 'probe': 'both', 'rightStreamFlip': True, 'horizVert': False, 'ISIframes': 4, 'rightResponseFirst': True}
409.7576 	INFO 	numtrials=360 and this trialDurFrames=5 or 83.3333333333 ms  task=T1
410.8246 	EXP 	window1: recordFrameIntervals = False
410.8332 	INFO 	Mouse: using default window
411.9916 	DATA 	Keypress: r
412.2747 	DATA 	Keypress: m
412.4146 	EXP 	New trial (rep=5, index=3): {'leftStreamFlip': True, 'oneTarget': False, 'trialInstructionPos': (0, 1), 'probe': 'both', 'rightStreamFlip': True, 'horizVert': False, 'ISIframes': 4, 'rightResponseFirst': True}
412.4410 	INFO 	numtrials=360 and this trialDurFrames=5 or 83.3333333333 ms  task=T1
413.6079 	EXP 	window1: recordFrameIntervals = False
413.6166 	INFO 	Mouse: using default window
414.7581 	DATA 	Keypress: f
414.8581 	DATA 	Keypress: c
414.9995 	EXP 	New trial (rep=5, index=4): {'leftStreamFlip': True, 'oneTarget': False, 'trialInstructionPos': (0, -1), 'probe': 'both', 'rightStreamFlip': True, 'horizVert': False, 'ISIframes': 4, 'rightResponseFirst': False}
415.0238 	INFO 	numtrials=360 and this trialDurFrames=5 or 83.3333333333 ms  task=T1
416.0747 	EXP 	window1: recordFrameIntervals = False
416.0834 	INFO 	Mouse: using default window
417.3581 	DATA 	Keypress: d
417.5916 	DATA 	Keypress: u
417.7312 	EXP 	New trial (rep=5, index=5): {'leftStreamFlip': True, 'oneTarget': False, 'trialInstructionPos': (0, 1), 'probe': 'both', 'rightStreamFlip': True, 'horizVert': False, 'ISIframes': 4, 'rightResponseFirst': False}
417.7574 	INFO 	numtrials=360 and this trialDurFrames=5 or 83.3333333333 ms  task=T1
418.7747 	EXP 	window1: recordFrameIntervals = False
418.7831 	INFO 	Mouse: using default window
420.4750 	DATA 	Keypress: h
420.6249 	DATA 	Keypress: d
420.7656 	EXP 	New trial (rep=5, index=6): {'leftStreamFlip': True, 'oneTarget': True, 'trialInstructionPos': (0, 1), 'probe': 'both', 'rightStreamFlip': True, 'horizVert': False, 'ISIframes': 4, 'rightResponseFirst': False}
420.7908 	INFO 	numtrials=360 and this trialDurFrames=5 or 83.3333333333 ms  task=T1
421.9417 	EXP 	window1: recordFrameIntervals = False
421.9519 	INFO 	Mouse: using default window
422.8581 	DATA 	Keypress: f
422.9969 	EXP 	New trial (rep=5, index=7): {'leftStreamFlip': True, 'oneTarget': False, 'trialInstructionPos': (0, -1), 'probe': 'both', 'rightStreamFlip': True, 'horizVert': False, 'ISIframes': 4, 'rightResponseFirst': True}
423.0252 	INFO 	numtrials=360 and this trialDurFrames=5 or 83.3333333333 ms  task=T1
424.0246 	EXP 	window1: recordFrameIntervals = False
424.0333 	INFO 	Mouse: using default window
425.0415 	DATA 	Keypress: c
425.4081 	DATA 	Keypress: i
425.5473 	EXP 	New trial (rep=5, index=8): {'leftStreamFlip': True, 'oneTarget': True, 'trialInstructionPos': (0, -1), 'probe': 'both', 'rightStreamFlip': True, 'horizVert': False, 'ISIframes': 4, 'rightResponseFirst': True}
425.5750 	INFO 	numtrials=360 and this trialDurFrames=5 or 83.3333333333 ms  task=T1
426.7079 	EXP 	window1: recordFrameIntervals = False
426.7163 	INFO 	Mouse: using default window
428.4916 	DATA 	Keypress: p
428.6320 	EXP 	New trial (rep=5, index=9): {'leftStreamFlip': True, 'oneTarget': False, 'trialInstructionPos': (0, -1), 'probe': 'both', 'rightStreamFlip': True, 'horizVert': False, 'ISIframes': 4, 'rightResponseFirst': False}
428.6585 	INFO 	numtrials=360 and this trialDurFrames=5 or 83.3333333333 ms  task=T1
429.8080 	EXP 	window1: recordFrameIntervals = False
429.8169 	INFO 	Mouse: using default window
430.9414 	DATA 	Keypress: y
431.2581 	DATA 	Keypress: a
431.3978 	EXP 	New trial (rep=5, index=10): {'leftStreamFlip': True, 'oneTarget': True, 'trialInstructionPos': (0, -1), 'probe': 'both', 'rightStreamFlip': True, 'horizVert': False, 'ISIframes': 4, 'rightResponseFirst': False}
431.4242 	INFO 	numtrials=360 and this trialDurFrames=5 or 83.3333333333 ms  task=T1
432.4247 	EXP 	window1: recordFrameIntervals = False
432.4332 	INFO 	Mouse: using default window
433.2084 	DATA 	Keypress: h
433.3473 	EXP 	New trial (rep=5, index=11): {'leftStreamFlip': True, 'oneTarget': False, 'trialInstructionPos': (0, 1), 'probe': 'both', 'rightStreamFlip': True, 'horizVert': False, 'ISIframes': 4, 'rightResponseFirst': False}
433.3753 	INFO 	numtrials=360 and this trialDurFrames=5 or 83.3333333333 ms  task=T1
434.4082 	EXP 	window1: recordFrameIntervals = False
434.4168 	INFO 	Mouse: using default window
435.3416 	DATA 	Keypress: z
435.6915 	DATA 	Keypress: a
435.8301 	EXP 	New trial (rep=6, index=0): {'leftStreamFlip': True, 'oneTarget': True, 'trialInstructionPos': (0, 1), 'probe': 'both', 'rightStreamFlip': True, 'horizVert': False, 'ISIframes': 4, 'rightResponseFirst': True}
435.8410 	INFO 	numtrials=360 and this trialDurFrames=5 or 83.3333333333 ms  task=T1
436.9246 	EXP 	window1: recordFrameIntervals = False
436.9330 	INFO 	Mouse: using default window
437.8581 	DATA 	Keypress: g
437.9972 	EXP 	New trial (rep=6, index=1): {'leftStreamFlip': True, 'oneTarget': False, 'trialInstructionPos': (0, 1), 'probe': 'both', 'rightStreamFlip': True, 'horizVert': False, 'ISIframes': 4, 'rightResponseFirst': True}
438.0253 	INFO 	numtrials=360 and this trialDurFrames=5 or 83.3333333333 ms  task=T1
439.2246 	EXP 	window1: recordFrameIntervals = False
439.2328 	INFO 	Mouse: using default window
440.9914 	DATA 	Keypress: h
441.3581 	DATA 	Keypress: k
441.4972 	EXP 	New trial (rep=6, index=2): {'leftStreamFlip': True, 'oneTarget': False, 'trialInstructionPos': (0, -1), 'probe': 'both', 'rightStreamFlip': True, 'horizVert': False, 'ISIframes': 4, 'rightResponseFirst': True}
441.5252 	INFO 	numtrials=360 and this trialDurFrames=5 or 83.3333333333 ms  task=T1
442.7246 	EXP 	window1: recordFrameIntervals = False
442.7331 	INFO 	Mouse: using default window
444.3916 	DATA 	Keypress: s
444.6916 	DATA 	Keypress: k
444.8310 	EXP 	New trial (rep=6, index=3): {'leftStreamFlip': True, 'oneTarget': False, 'trialInstructionPos': (0, 1), 'probe': 'both', 'rightStreamFlip': True, 'horizVert': False, 'ISIframes': 4, 'rightResponseFirst': False}
444.8575 	INFO 	numtrials=360 and this trialDurFrames=5 or 83.3333333333 ms  task=T1
446.0412 	EXP 	window1: recordFrameIntervals = False
446.0497 	INFO 	Mouse: using default window
447.3081 	DATA 	Keypress: t
447.5082 	DATA 	Keypress: m
447.6461 	EXP 	New trial (rep=6, index=4): {'leftStreamFlip': True, 'oneTarget': False, 'trialInstructionPos': (0, 1), 'probe': 'both', 'rightStreamFlip': True, 'horizVert': False, 'ISIframes': 4, 'rightResponseFirst': True}
447.6748 	INFO 	numtrials=360 and this trialDurFrames=5 or 83.3333333333 ms  task=T1
448.7913 	EXP 	window1: recordFrameIntervals = False
448.7997 	INFO 	Mouse: using default window
449.9917 	DATA 	Keypress: z
450.3248 	DATA 	Keypress: h
450.4645 	EXP 	New trial (rep=6, index=5): {'leftStreamFlip': True, 'oneTarget': False, 'trialInstructionPos': (0, -1), 'probe': 'both', 'rightStreamFlip': True, 'horizVert': False, 'ISIframes': 4, 'rightResponseFirst': False}
450.4909 	INFO 	numtrials=360 and this trialDurFrames=5 or 83.3333333333 ms  task=T1
451.7079 	EXP 	window1: recordFrameIntervals = False
451.7168 	INFO 	Mouse: using default window
452.7749 	DATA 	Keypress: h
453.1249 	DATA 	Keypress: a
453.2646 	EXP 	New trial (rep=6, index=6): {'leftStreamFlip': True, 'oneTarget': True, 'trialInstructionPos': (0, -1), 'probe': 'both', 'rightStreamFlip': True, 'horizVert': False, 'ISIframes': 4, 'rightResponseFirst': False}
453.2909 	INFO 	numtrials=360 and this trialDurFrames=5 or 83.3333333333 ms  task=T1
454.5079 	EXP 	window1: recordFrameIntervals = False
454.5169 	INFO 	Mouse: using default window
456.3248 	DATA 	Keypress: d
456.4631 	EXP 	New trial (rep=6, index=7): {'leftStreamFlip': True, 'oneTarget': True, 'trialInstructionPos': (0, 1), 'probe': 'both', 'rightStreamFlip': True, 'horizVert': False, 'ISIframes': 4, 'rightResponseFirst': False}
456.4919 	INFO 	numtrials=360 and this trialDurFrames=5 or 83.3333333333 ms  task=T1
457.5080 	EXP 	window1: recordFrameIntervals = False
457.5165 	INFO 	Mouse: using default window
458.3416 	DATA 	Keypress: f
458.4808 	EXP 	New trial (rep=6, index=8): {'leftStreamFlip': True, 'oneTarget': False, 'trialInstructionPos': (0, 1), 'probe': 'both', 'rightStreamFlip': True, 'horizVert': False, 'ISIframes': 4, 'rightResponseFirst': False}
458.5085 	INFO 	numtrials=360 and this trialDurFrames=5 or 83.3333333333 ms  task=T1
459.5413 	EXP 	window1: recordFrameIntervals = False
459.5494 	INFO 	Mouse: using default window
460.6250 	DATA 	Keypress: z
460.7748 	DATA 	Keypress: m
460.9141 	EXP 	New trial (rep=6, index=9): {'leftStreamFlip': True, 'oneTarget': True, 'trialInstructionPos': (0, -1), 'probe': 'both', 'rightStreamFlip': True, 'horizVert': False, 'ISIframes': 4, 'rightResponseFirst': True}
460.9418 	INFO 	numtrials=360 and this trialDurFrames=5 or 83.3333333333 ms  task=T1
462.1413 	EXP 	window1: recordFrameIntervals = False
462.1502 	INFO 	Mouse: using default window
462.8416 	DATA 	Keypress: e
462.9821 	EXP 	New trial (rep=6, index=10): {'leftStreamFlip': True, 'oneTarget': False, 'trialInstructionPos': (0, -1), 'probe': 'both', 'rightStreamFlip': True, 'horizVert': False, 'ISIframes': 4, 'rightResponseFirst': False}
463.0084 	INFO 	numtrials=360 and this trialDurFrames=5 or 83.3333333333 ms  task=T1
464.0246 	EXP 	window1: recordFrameIntervals = False
464.0328 	INFO 	Mouse: using default window
465.0082 	DATA 	Keypress: z
465.2249 	DATA 	Keypress: i
465.3648 	EXP 	New trial (rep=6, index=11): {'leftStreamFlip': True, 'oneTarget': False, 'trialInstructionPos': (0, -1), 'probe': 'both', 'rightStreamFlip': True, 'horizVert': False, 'ISIframes': 4, 'rightResponseFirst': True}
465.3919 	INFO 	numtrials=360 and this trialDurFrames=5 or 83.3333333333 ms  task=T1
466.4412 	EXP 	window1: recordFrameIntervals = False
466.4497 	INFO 	Mouse: using default window
467.9248 	DATA 	Keypress: g
468.1749 	DATA 	Keypress: f
468.3158 	EXP 	New trial (rep=7, index=0): {'leftStreamFlip': True, 'oneTarget': False, 'trialInstructionPos': (0, -1), 'probe': 'both', 'rightStreamFlip': True, 'horizVert': False, 'ISIframes': 4, 'rightResponseFirst': False}
468.3407 	INFO 	numtrials=360 and this trialDurFrames=5 or 83.3333333333 ms  task=T1
469.5579 	EXP 	window1: recordFrameIntervals = False
469.5667 	INFO 	Mouse: using default window
470.5580 	DATA 	Keypress: y
470.7415 	DATA 	Keypress: i
470.8810 	EXP 	New trial (rep=7, index=1): {'leftStreamFlip': True, 'oneTarget': False, 'trialInstructionPos': (0, -1), 'probe': 'both', 'rightStreamFlip': True, 'horizVert': False, 'ISIframes': 4, 'rightResponseFirst': True}
470.9074 	INFO 	numtrials=360 and this trialDurFrames=5 or 83.3333333333 ms  task=T1
472.0079 	EXP 	window1: recordFrameIntervals = False
472.0169 	INFO 	Mouse: using default window
473.0415 	DATA 	Keypress: m
473.2084 	DATA 	Keypress: g
473.3474 	EXP 	New trial (rep=7, index=2): {'leftStreamFlip': True, 'oneTarget': True, 'trialInstructionPos': (0, -1), 'probe': 'both', 'rightStreamFlip': True, 'horizVert': False, 'ISIframes': 4, 'rightResponseFirst': False}
473.3753 	INFO 	numtrials=360 and this trialDurFrames=5 or 83.3333333333 ms  task=T1
474.4912 	EXP 	window1: recordFrameIntervals = False
474.4997 	INFO 	Mouse: using default window
475.1248 	DATA 	Keypress: m
475.2677 	EXP 	New trial (rep=7, index=3): {'leftStreamFlip': True, 'oneTarget': False, 'trialInstructionPos': (0, -1), 'probe': 'both', 'rightStreamFlip': True, 'horizVert': False, 'ISIframes': 4, 'rightResponseFirst': False}
475.2909 	INFO 	numtrials=360 and this trialDurFrames=5 or 83.3333333333 ms  task=T1
476.4579 	EXP 	window1: recordFrameIntervals = False
476.4664 	INFO 	Mouse: using default window
477.5248 	DATA 	Keypress: a
477.7081 	DATA 	Keypress: r
477.8478 	EXP 	New trial (rep=7, index=4): {'leftStreamFlip': True, 'oneTarget': False, 'trialInstructionPos': (0, 1), 'probe': 'both', 'rightStreamFlip': True, 'horizVert': False, 'ISIframes': 4, 'rightResponseFirst': True}
477.8751 	INFO 	numtrials=360 and this trialDurFrames=5 or 83.3333333333 ms  task=T1
479.0248 	EXP 	window1: recordFrameIntervals = False
479.0329 	INFO 	Mouse: using default window
480.4581 	DATA 	Keypress: c
480.5748 	DATA 	Keypress: t
480.7148 	EXP 	New trial (rep=7, index=5): {'leftStreamFlip': True, 'oneTarget': False, 'trialInstructionPos': (0, 1), 'probe': 'both', 'rightStreamFlip': True, 'horizVert': False, 'ISIframes': 4, 'rightResponseFirst': False}
480.7408 	INFO 	numtrials=360 and this trialDurFrames=5 or 83.3333333333 ms  task=T1
481.9412 	EXP 	window1: recordFrameIntervals = False
481.9498 	INFO 	Mouse: using default window
482.9581 	DATA 	Keypress: y
483.7248 	DATA 	Keypress: i
483.8644 	EXP 	New trial (rep=7, index=6): {'leftStreamFlip': True, 'oneTarget': True, 'trialInstructionPos': (0, 1), 'probe': 'both', 'rightStreamFlip': True, 'horizVert': False, 'ISIframes': 4, 'rightResponseFirst': True}
483.8907 	INFO 	numtrials=360 and this trialDurFrames=5 or 83.3333333333 ms  task=T1
484.9079 	EXP 	window1: recordFrameIntervals = False
484.9163 	INFO 	Mouse: using default window
486.7414 	DATA 	Keypress: v
486.8801 	EXP 	New trial (rep=7, index=7): {'leftStreamFlip': True, 'oneTarget': False, 'trialInstructionPos': (0, 1), 'probe': 'both', 'rightStreamFlip': True, 'horizVert': False, 'ISIframes': 4, 'rightResponseFirst': True}
486.9083 	INFO 	numtrials=360 and this trialDurFrames=5 or 83.3333333333 ms  task=T1
488.0912 	EXP 	window1: recordFrameIntervals = False
488.1001 	INFO 	Mouse: using default window
489.4748 	DATA 	Keypress: e
489.6914 	DATA 	Keypress: s
489.8317 	EXP 	New trial (rep=7, index=8): {'leftStreamFlip': True, 'oneTarget': False, 'trialInstructionPos': (0, -1), 'probe': 'both', 'rightStreamFlip': True, 'horizVert': False, 'ISIframes': 4, 'rightResponseFirst': True}
489.8577 	INFO 	numtrials=360 and this trialDurFrames=5 or 83.3333333333 ms  task=T1
490.9915 	EXP 	window1: recordFrameIntervals = False
490.9997 	INFO 	Mouse: using default window
492.5081 	DATA 	Keypress: s
492.6581 	DATA 	Keypress: t
492.7972 	EXP 	New trial (rep=7, index=9): {'leftStreamFlip': True, 'oneTarget': True, 'trialInstructionPos': (0, 1), 'probe': 'both', 'rightStreamFlip': True, 'horizVert': False, 'ISIframes': 4, 'rightResponseFirst': False}
492.8244 	INFO 	numtrials=360 and this trialDurFrames=5 or 83.3333333333 ms  task=T1
494.0079 	EXP 	window1: recordFrameIntervals = False
494.0166 	INFO 	Mouse: using default window
494.7916 	DATA 	Keypress: a
494.9309 	EXP 	New trial (rep=7, index=10): {'leftStreamFlip': True, 'oneTarget': False, 'trialInstructionPos': (0, 1), 'probe': 'both', 'rightStreamFlip': True, 'horizVert': False, 'ISIframes': 4, 'rightResponseFirst': False}
494.9586 	INFO 	numtrials=360 and this trialDurFrames=5 or 83.3333333333 ms  task=T1
496.0413 	EXP 	window1: recordFrameIntervals = False
496.0498 	INFO 	Mouse: using default window
497.5417 	DATA 	Keypress: a
497.6083 	DATA 	Keypress: s
497.7481 	EXP 	New trial (rep=7, index=11): {'leftStreamFlip': True, 'oneTarget': True, 'trialInstructionPos': (0, -1), 'probe': 'both', 'rightStreamFlip': True, 'horizVert': False, 'ISIframes': 4, 'rightResponseFirst': True}
497.7742 	INFO 	numtrials=360 and this trialDurFrames=5 or 83.3333333333 ms  task=T1
498.7913 	EXP 	window1: recordFrameIntervals = False
498.7997 	INFO 	Mouse: using default window
499.5748 	DATA 	Keypress: u
499.7137 	EXP 	New trial (rep=8, index=0): {'leftStreamFlip': True, 'oneTarget': False, 'trialInstructionPos': (0, -1), 'probe': 'both', 'rightStreamFlip': True, 'horizVert': False, 'ISIframes': 4, 'rightResponseFirst': False}
499.7242 	INFO 	numtrials=360 and this trialDurFrames=5 or 83.3333333333 ms  task=T1
500.7912 	EXP 	window1: recordFrameIntervals = False
500.7996 	INFO 	Mouse: using default window
501.5750 	DATA 	Keypress: u
501.9082 	DATA 	Keypress: m
502.0477 	EXP 	New trial (rep=8, index=1): {'leftStreamFlip': True, 'oneTarget': True, 'trialInstructionPos': (0, 1), 'probe': 'both', 'rightStreamFlip': True, 'horizVert': False, 'ISIframes': 4, 'rightResponseFirst': True}
502.0741 	INFO 	numtrials=360 and this trialDurFrames=5 or 83.3333333333 ms  task=T1
503.1745 	EXP 	window1: recordFrameIntervals = False
503.1830 	INFO 	Mouse: using default window
503.9915 	DATA 	Keypress: k
504.1307 	EXP 	New trial (rep=8, index=2): {'leftStreamFlip': True, 'oneTarget': True, 'trialInstructionPos': (0, 1), 'probe': 'both', 'rightStreamFlip': True, 'horizVert': False, 'ISIframes': 4, 'rightResponseFirst': False}
504.1587 	INFO 	numtrials=360 and this trialDurFrames=5 or 83.3333333333 ms  task=T1
505.1917 	EXP 	window1: recordFrameIntervals = False
505.2001 	INFO 	Mouse: using default window
505.9580 	DATA 	Keypress: a
506.0967 	EXP 	New trial (rep=8, index=3): {'leftStreamFlip': True, 'oneTarget': False, 'trialInstructionPos': (0, -1), 'probe': 'both', 'rightStreamFlip': True, 'horizVert': False, 'ISIframes': 4, 'rightResponseFirst': True}
506.1251 	INFO 	numtrials=360 and this trialDurFrames=5 or 83.3333333333 ms  task=T1
507.2246 	EXP 	window1: recordFrameIntervals = False
507.2332 	INFO 	Mouse: using default window
508.7593 	DATA 	Keypress: h
508.9747 	DATA 	Keypress: k
509.1141 	EXP 	New trial (rep=8, index=4): {'leftStreamFlip': True, 'oneTarget': True, 'trialInstructionPos': (0, -1), 'probe': 'both', 'rightStreamFlip': True, 'horizVert': False, 'ISIframes': 4, 'rightResponseFirst': False}
509.1420 	INFO 	numtrials=360 and this trialDurFrames=5 or 83.3333333333 ms  task=T1
510.1746 	EXP 	window1: recordFrameIntervals = False
510.1832 	INFO 	Mouse: using default window
510.9416 	DATA 	Keypress: m
511.0801 	EXP 	New trial (rep=8, index=5): {'leftStreamFlip': True, 'oneTarget': False, 'trialInstructionPos': (0, 1), 'probe': 'both', 'rightStreamFlip': True, 'horizVert': False, 'ISIframes': 4, 'rightResponseFirst': False}
511.0909 	INFO 	numtrials=360 and this trialDurFrames=5 or 83.3333333333 ms  task=T1
512.1578 	EXP 	window1: recordFrameIntervals = False
512.1660 	INFO 	Mouse: using default window
513.1083 	DATA 	Keypress: m
513.3580 	DATA 	Keypress: u
513.4975 	EXP 	New trial (rep=8, index=6): {'leftStreamFlip': True, 'oneTarget': False, 'trialInstructionPos': (0, -1), 'probe': 'both', 'rightStreamFlip': True, 'horizVert': False, 'ISIframes': 4, 'rightResponseFirst': False}
513.5240 	INFO 	numtrials=360 and this trialDurFrames=5 or 83.3333333333 ms  task=T1
514.5580 	EXP 	window1: recordFrameIntervals = False
514.5659 	INFO 	Mouse: using default window
515.7916 	DATA 	Keypress: k
515.9750 	DATA 	Keypress: y
516.1135 	EXP 	New trial (rep=8, index=7): {'leftStreamFlip': True, 'oneTarget': False, 'trialInstructionPos': (0, 1), 'probe': 'both', 'rightStreamFlip': True, 'horizVert': False, 'ISIframes': 4, 'rightResponseFirst': False}
516.1415 	INFO 	numtrials=360 and this trialDurFrames=5 or 83.3333333333 ms  task=T1
517.3246 	EXP 	window1: recordFrameIntervals = False
517.3329 	INFO 	Mouse: using default window
518.6747 	DATA 	Keypress: t
519.9596 	DATA 	Keypress: d
520.1153 	EXP 	New trial (rep=8, index=8): {'leftStreamFlip': True, 'oneTarget': False, 'trialInstructionPos': (0, 1), 'probe': 'both', 'rightStreamFlip': True, 'horizVert': False, 'ISIframes': 4, 'rightResponseFirst': True}
520.1409 	INFO 	numtrials=360 and this trialDurFrames=5 or 83.3333333333 ms  task=T1
521.3079 	EXP 	window1: recordFrameIntervals = False
521.3165 	INFO 	Mouse: using default window
522.3595 	DATA 	Keypress: m
522.6582 	DATA 	Keypress: a
522.7975 	EXP 	New trial (rep=8, index=9): {'leftStreamFlip': True, 'oneTarget': True, 'trialInstructionPos': (0, -1), 'probe': 'both', 'rightStreamFlip': True, 'horizVert': False, 'ISIframes': 4, 'rightResponseFirst': True}
522.8241 	INFO 	numtrials=360 and this trialDurFrames=5 or 83.3333333333 ms  task=T1
523.9246 	EXP 	window1: recordFrameIntervals = False
523.9335 	INFO 	Mouse: using default window
524.6247 	DATA 	Keypress: comma
525.1081 	DATA 	Keypress: m
525.2473 	EXP 	New trial (rep=8, index=10): {'leftStreamFlip': True, 'oneTarget': False, 'trialInstructionPos': (0, -1), 'probe': 'both', 'rightStreamFlip': True, 'horizVert': False, 'ISIframes': 4, 'rightResponseFirst': True}
525.2742 	INFO 	numtrials=360 and this trialDurFrames=5 or 83.3333333333 ms  task=T1
526.4245 	EXP 	window1: recordFrameIntervals = False
526.4333 	INFO 	Mouse: using default window
527.8747 	DATA 	Keypress: e
528.1593 	DATA 	Keypress: g
528.2974 	EXP 	New trial (rep=8, index=11): {'leftStreamFlip': True, 'oneTarget': False, 'trialInstructionPos': (0, 1), 'probe': 'both', 'rightStreamFlip': True, 'horizVert': False, 'ISIframes': 4, 'rightResponseFirst': True}
528.3243 	INFO 	numtrials=360 and this trialDurFrames=5 or 83.3333333333 ms  task=T1
529.5247 	EXP 	window1: recordFrameIntervals = False
529.5333 	INFO 	Mouse: using default window
530.5081 	DATA 	Keypress: i
530.7595 	DATA 	Keypress: u
530.9142 	EXP 	New trial (rep=9, index=0): {'leftStreamFlip': True, 'oneTarget': False, 'trialInstructionPos': (0, -1), 'probe': 'both', 'rightStreamFlip': True, 'horizVert': False, 'ISIframes': 4, 'rightResponseFirst': True}
530.9411 	INFO 	numtrials=360 and this trialDurFrames=5 or 83.3333333333 ms  task=T1
532.1578 	EXP 	window1: recordFrameIntervals = False
532.1657 	INFO 	Mouse: using default window
533.3413 	DATA 	Keypress: g
533.5748 	DATA 	Keypress: s
533.7118 	EXP 	New trial (rep=9, index=1): {'leftStreamFlip': True, 'oneTarget': False, 'trialInstructionPos': (0, -1), 'probe': 'both', 'rightStreamFlip': True, 'horizVert': False, 'ISIframes': 4, 'rightResponseFirst': True}
533.7237 	INFO 	numtrials=360 and this trialDurFrames=5 or 83.3333333333 ms  task=T1
534.7912 	EXP 	window1: recordFrameIntervals = False
534.7999 	INFO 	Mouse: using default window
537.2081 	DATA 	Keypress: u
537.4415 	DATA 	Keypress: f
537.5819 	EXP 	New trial (rep=9, index=2): {'leftStreamFlip': True, 'oneTarget': True, 'trialInstructionPos': (0, 1), 'probe': 'both', 'rightStreamFlip': True, 'horizVert': False, 'ISIframes': 4, 'rightResponseFirst': False}
537.6075 	INFO 	numtrials=360 and this trialDurFrames=5 or 83.3333333333 ms  task=T1
538.6745 	EXP 	window1: recordFrameIntervals = False
538.6830 	INFO 	Mouse: using default window
539.4580 	DATA 	Keypress: z
539.5969 	EXP 	New trial (rep=9, index=3): {'leftStreamFlip': True, 'oneTarget': False, 'trialInstructionPos': (0, -1), 'probe': 'both', 'rightStreamFlip': True, 'horizVert': False, 'ISIframes': 4, 'rightResponseFirst': False}
539.6255 	INFO 	numtrials=360 and this trialDurFrames=5 or 83.3333333333 ms  task=T1
540.6914 	EXP 	window1: recordFrameIntervals = False
540.6998 	INFO 	Mouse: using default window
541.8915 	DATA 	Keypress: s
542.0580 	DATA 	Keypress: a
542.1988 	EXP 	New trial (rep=9, index=4): {'leftStreamFlip': True, 'oneTarget': False, 'trialInstructionPos': (0, 1), 'probe': 'both', 'rightStreamFlip': True, 'horizVert': False, 'ISIframes': 4, 'rightResponseFirst': True}
542.2243 	INFO 	numtrials=360 and this trialDurFrames=5 or 83.3333333333 ms  task=T1
543.2746 	EXP 	window1: recordFrameIntervals = False
543.2830 	INFO 	Mouse: using default window
544.9080 	DATA 	Keypress: e
545.3414 	DATA 	Keypress: y
545.4818 	EXP 	New trial (rep=9, index=5): {'leftStreamFlip': True, 'oneTarget': True, 'trialInstructionPos': (0, 1), 'probe': 'both', 'rightStreamFlip': True, 'horizVert': False, 'ISIframes': 4, 'rightResponseFirst': True}
545.5073 	INFO 	numtrials=360 and this trialDurFrames=5 or 83.3333333333 ms  task=T1
546.6078 	EXP 	window1: recordFrameIntervals = False
546.6166 	INFO 	Mouse: using default window
547.4080 	DATA 	Keypress: r
547.5464 	EXP 	New trial (rep=9, index=6): {'leftStreamFlip': True, 'oneTarget': True, 'trialInstructionPos': (0, -1), 'probe': 'both', 'rightStreamFlip': True, 'horizVert': False, 'ISIframes': 4, 'rightResponseFirst': False}
547.5752 	INFO 	numtrials=360 and this trialDurFrames=5 or 83.3333333333 ms  task=T1
548.6245 	EXP 	window1: recordFrameIntervals = False
548.6334 	INFO 	Mouse: using default window
549.3750 	DATA 	Keypress: a
549.5132 	EXP 	New trial (rep=9, index=7): {'leftStreamFlip': True, 'oneTarget': False, 'trialInstructionPos': (0, 1), 'probe': 'both', 'rightStreamFlip': True, 'horizVert': False, 'ISIframes': 4, 'rightResponseFirst': False}
549.5419 	INFO 	numtrials=360 and this trialDurFrames=5 or 83.3333333333 ms  task=T1
550.6746 	EXP 	window1: recordFrameIntervals = False
550.6830 	INFO 	Mouse: using default window
551.8414 	DATA 	Keypress: s
552.0248 	DATA 	Keypress: y
552.1640 	EXP 	New trial (rep=9, index=8): {'leftStreamFlip': True, 'oneTarget': False, 'trialInstructionPos': (0, 1), 'probe': 'both', 'rightStreamFlip': True, 'horizVert': False, 'ISIframes': 4, 'rightResponseFirst': True}
552.1916 	INFO 	numtrials=360 and this trialDurFrames=5 or 83.3333333333 ms  task=T1
553.3412 	EXP 	window1: recordFrameIntervals = False
553.3497 	INFO 	Mouse: using default window
554.3593 	DATA 	Keypress: z
554.5415 	DATA 	Keypress: a
554.6807 	EXP 	New trial (rep=9, index=9): {'leftStreamFlip': True, 'oneTarget': False, 'trialInstructionPos': (0, -1), 'probe': 'both', 'rightStreamFlip': True, 'horizVert': False, 'ISIframes': 4, 'rightResponseFirst': False}
554.7085 	INFO 	numtrials=360 and this trialDurFrames=5 or 83.3333333333 ms  task=T1
555.8578 	EXP 	window1: recordFrameIntervals = False
555.8661 	INFO 	Mouse: using default window
557.3747 	DATA 	Keypress: u
557.5414 	DATA 	Keypress: y
557.6817 	EXP 	New trial (rep=9, index=10): {'leftStreamFlip': True, 'oneTarget': True, 'trialInstructionPos': (0, -1), 'probe': 'both', 'rightStreamFlip': True, 'horizVert': False, 'ISIframes': 4, 'rightResponseFirst': True}
557.7079 	INFO 	numtrials=360 and this trialDurFrames=5 or 83.3333333333 ms  task=T1
558.8579 	EXP 	window1: recordFrameIntervals = False
558.8664 	INFO 	Mouse: using default window
559.6414 	DATA 	Keypress: z
559.7817 	EXP 	New trial (rep=9, index=11): {'leftStreamFlip': True, 'oneTarget': False, 'trialInstructionPos': (0, 1), 'probe': 'both', 'rightStreamFlip': True, 'horizVert': False, 'ISIframes': 4, 'rightResponseFirst': False}
559.8084 	INFO 	numtrials=360 and this trialDurFrames=5 or 83.3333333333 ms  task=T1
560.8745 	EXP 	window1: recordFrameIntervals = False
560.8832 	INFO 	Mouse: using default window
561.8080 	DATA 	Keypress: t
562.3756 	DATA 	Keypress: e
562.5155 	EXP 	New trial (rep=10, index=0): {'leftStreamFlip': True, 'oneTarget': False, 'trialInstructionPos': (0, -1), 'probe': 'both', 'rightStreamFlip': True, 'horizVert': False, 'ISIframes': 4, 'rightResponseFirst': False}
562.5408 	INFO 	numtrials=360 and this trialDurFrames=5 or 83.3333333333 ms  task=T1
563.7412 	EXP 	window1: recordFrameIntervals = False
563.7502 	INFO 	Mouse: using default window
565.1247 	DATA 	Keypress: g
565.7247 	DATA 	Keypress: s
565.8649 	EXP 	New trial (rep=10, index=1): {'leftStreamFlip': True, 'oneTarget': False, 'trialInstructionPos': (0, 1), 'probe': 'both', 'rightStreamFlip': True, 'horizVert': False, 'ISIframes': 4, 'rightResponseFirst': False}
565.8908 	INFO 	numtrials=360 and this trialDurFrames=5 or 83.3333333333 ms  task=T1
566.9415 	EXP 	window1: recordFrameIntervals = False
566.9495 	INFO 	Mouse: using default window
568.2747 	DATA 	Keypress: g
568.5581 	DATA 	Keypress: h
568.6968 	EXP 	New trial (rep=10, index=2): {'leftStreamFlip': True, 'oneTarget': False, 'trialInstructionPos': (0, -1), 'probe': 'both', 'rightStreamFlip': True, 'horizVert': False, 'ISIframes': 4, 'rightResponseFirst': True}
568.7079 	INFO 	numtrials=360 and this trialDurFrames=5 or 83.3333333333 ms  task=T1
569.7579 	EXP 	window1: recordFrameIntervals = False
569.7665 	INFO 	Mouse: using default window
570.7247 	DATA 	Keypress: h
570.9916 	DATA 	Keypress: c
571.1314 	EXP 	New trial (rep=10, index=3): {'leftStreamFlip': True, 'oneTarget': False, 'trialInstructionPos': (0, 1), 'probe': 'both', 'rightStreamFlip': True, 'horizVert': False, 'ISIframes': 4, 'rightResponseFirst': True}
571.1574 	INFO 	numtrials=360 and this trialDurFrames=5 or 83.3333333333 ms  task=T1
572.2911 	EXP 	window1: recordFrameIntervals = False
572.2997 	INFO 	Mouse: using default window
573.9593 	DATA 	Keypress: i
574.1248 	DATA 	Keypress: h
574.2648 	EXP 	New trial (rep=10, index=4): {'leftStreamFlip': True, 'oneTarget': False, 'trialInstructionPos': (0, 1), 'probe': 'both', 'rightStreamFlip': True, 'horizVert': False, 'ISIframes': 4, 'rightResponseFirst': True}
574.2911 	INFO 	numtrials=360 and this trialDurFrames=5 or 83.3333333333 ms  task=T1
575.5247 	EXP 	window1: recordFrameIntervals = False
575.5331 	INFO 	Mouse: using default window
576.9249 	DATA 	Keypress: r
577.0748 	DATA 	Keypress: z
577.2142 	EXP 	New trial (rep=10, index=5): {'leftStreamFlip': True, 'oneTarget': False, 'trialInstructionPos': (0, -1), 'probe': 'both', 'rightStreamFlip': True, 'horizVert': False, 'ISIframes': 4, 'rightResponseFirst': True}
577.2244 	INFO 	numtrials=360 and this trialDurFrames=5 or 83.3333333333 ms  task=T1
578.3913 	EXP 	window1: recordFrameIntervals = False
578.3996 	INFO 	Mouse: using default window
579.3416 	DATA 	Keypress: u
579.5414 	DATA 	Keypress: t
579.6904 	EXP 	New trial (rep=10, index=6): {'leftStreamFlip': True, 'oneTarget': True, 'trialInstructionPos': (0, 1), 'probe': 'both', 'rightStreamFlip': True, 'horizVert': False, 'ISIframes': 4, 'rightResponseFirst': True}
579.7073 	INFO 	numtrials=360 and this trialDurFrames=5 or 83.3333333333 ms  task=T1
580.8412 	EXP 	window1: recordFrameIntervals = False
580.8520 	INFO 	Mouse: using default window
581.7581 	DATA 	Keypress: m
581.8974 	EXP 	New trial (rep=10, index=7): {'leftStreamFlip': True, 'oneTarget': True, 'trialInstructionPos': (0, 1), 'probe': 'both', 'rightStreamFlip': True, 'horizVert': False, 'ISIframes': 4, 'rightResponseFirst': False}
581.9252 	INFO 	numtrials=360 and this trialDurFrames=5 or 83.3333333333 ms  task=T1
582.9412 	EXP 	window1: recordFrameIntervals = False
582.9497 	INFO 	Mouse: using default window
583.6580 	DATA 	Keypress: g
583.7958 	EXP 	New trial (rep=10, index=8): {'leftStreamFlip': True, 'oneTarget': False, 'trialInstructionPos': (0, -1), 'probe': 'both', 'rightStreamFlip': True, 'horizVert': False, 'ISIframes': 4, 'rightResponseFirst': False}
583.8072 	INFO 	numtrials=360 and this trialDurFrames=5 or 83.3333333333 ms  task=T1
584.9578 	EXP 	window1: recordFrameIntervals = False
584.9659 	INFO 	Mouse: using default window
585.9081 	DATA 	Keypress: t
586.1080 	DATA 	Keypress: s
586.2492 	EXP 	New trial (rep=10, index=9): {'leftStreamFlip': True, 'oneTarget': False, 'trialInstructionPos': (0, 1), 'probe': 'both', 'rightStreamFlip': True, 'horizVert': False, 'ISIframes': 4, 'rightResponseFirst': False}
586.2740 	INFO 	numtrials=360 and this trialDurFrames=5 or 83.3333333333 ms  task=T1
587.3245 	EXP 	window1: recordFrameIntervals = False
587.3334 	INFO 	Mouse: using default window
588.3415 	DATA 	Keypress: r
588.6083 	DATA 	Keypress: h
588.7480 	EXP 	New trial (rep=10, index=10): {'leftStreamFlip': True, 'oneTarget': True, 'trialInstructionPos': (0, -1), 'probe': 'both', 'rightStreamFlip': True, 'horizVert': False, 'ISIframes': 4, 'rightResponseFirst': True}
588.7741 	INFO 	numtrials=360 and this trialDurFrames=5 or 83.3333333333 ms  task=T1
589.9578 	EXP 	window1: recordFrameIntervals = False
589.9661 	INFO 	Mouse: using default window
591.4420 	DATA 	Keypress: p
591.5807 	EXP 	New trial (rep=10, index=11): {'leftStreamFlip': True, 'oneTarget': True, 'trialInstructionPos': (0, -1), 'probe': 'both', 'rightStreamFlip': True, 'horizVert': False, 'ISIframes': 4, 'rightResponseFirst': False}
591.6085 	INFO 	numtrials=360 and this trialDurFrames=5 or 83.3333333333 ms  task=T1
592.8078 	EXP 	window1: recordFrameIntervals = False
592.8168 	INFO 	Mouse: using default window
593.5915 	DATA 	Keypress: c
593.7298 	EXP 	New trial (rep=11, index=0): {'leftStreamFlip': True, 'oneTarget': True, 'trialInstructionPos': (0, -1), 'probe': 'both', 'rightStreamFlip': True, 'horizVert': False, 'ISIframes': 4, 'rightResponseFirst': False}
593.7585 	INFO 	numtrials=360 and this trialDurFrames=5 or 83.3333333333 ms  task=T1
594.9912 	EXP 	window1: recordFrameIntervals = False
595.0001 	INFO 	Mouse: using default window
595.8747 	DATA 	Keypress: m
596.0135 	EXP 	New trial (rep=11, index=1): {'leftStreamFlip': True, 'oneTarget': True, 'trialInstructionPos': (0, 1), 'probe': 'both', 'rightStreamFlip': True, 'horizVert': False, 'ISIframes': 4, 'rightResponseFirst': False}
596.0237 	INFO 	numtrials=360 and this trialDurFrames=5 or 83.3333333333 ms  task=T1
597.2080 	EXP 	window1: recordFrameIntervals = False
597.2169 	INFO 	Mouse: using default window
597.9749 	DATA 	Keypress: c
598.1140 	EXP 	New trial (rep=11, index=2): {'leftStreamFlip': True, 'oneTarget': False, 'trialInstructionPos': (0, 1), 'probe': 'both', 'rightStreamFlip': True, 'horizVert': False, 'ISIframes': 4, 'rightResponseFirst': False}
598.1242 	INFO 	numtrials=360 and this trialDurFrames=5 or 83.3333333333 ms  task=T1
599.1245 	EXP 	window1: recordFrameIntervals = False
599.1334 	INFO 	Mouse: using default window
600.2747 	DATA 	Keypress: s
602.5247 	DATA 	Keypress: g
602.6639 	EXP 	New trial (rep=11, index=3): {'leftStreamFlip': True, 'oneTarget': False, 'trialInstructionPos': (0, 1), 'probe': 'both', 'rightStreamFlip': True, 'horizVert': False, 'ISIframes': 4, 'rightResponseFirst': False}
602.6920 	INFO 	numtrials=360 and this trialDurFrames=5 or 83.3333333333 ms  task=T1
603.8078 	EXP 	window1: recordFrameIntervals = False
603.8164 	INFO 	Mouse: using default window
604.7597 	DATA 	Keypress: t
604.9752 	DATA 	Keypress: g
605.1139 	EXP 	New trial (rep=11, index=4): {'leftStreamFlip': True, 'oneTarget': False, 'trialInstructionPos': (0, -1), 'probe': 'both', 'rightStreamFlip': True, 'horizVert': False, 'ISIframes': 4, 'rightResponseFirst': False}
605.1411 	INFO 	numtrials=360 and this trialDurFrames=5 or 83.3333333333 ms  task=T1
606.2245 	EXP 	window1: recordFrameIntervals = False
606.2330 	INFO 	Mouse: using default window
607.5081 	DATA 	Keypress: y
607.7246 	DATA 	Keypress: f
607.8671 	EXP 	New trial (rep=11, index=5): {'leftStreamFlip': True, 'oneTarget': False, 'trialInstructionPos': (0, -1), 'probe': 'both', 'rightStreamFlip': True, 'horizVert': False, 'ISIframes': 4, 'rightResponseFirst': True}
607.8911 	INFO 	numtrials=360 and this trialDurFrames=5 or 83.3333333333 ms  task=T1
608.9078 	EXP 	window1: recordFrameIntervals = False
608.9160 	INFO 	Mouse: using default window
610.4913 	DATA 	Keypress: y
610.7414 	DATA 	Keypress: s
610.8822 	EXP 	New trial (rep=11, index=6): {'leftStreamFlip': True, 'oneTarget': True, 'trialInstructionPos': (0, 1), 'probe': 'both', 'rightStreamFlip': True, 'horizVert': False, 'ISIframes': 4, 'rightResponseFirst': True}
610.9074 	INFO 	numtrials=360 and this trialDurFrames=5 or 83.3333333333 ms  task=T1
612.0746 	EXP 	window1: recordFrameIntervals = False
612.0830 	INFO 	Mouse: using default window
613.0080 	DATA 	Keypress: e
613.1480 	EXP 	New trial (rep=11, index=7): {'leftStreamFlip': True, 'oneTarget': False, 'trialInstructionPos': (0, 1), 'probe': 'both', 'rightStreamFlip': True, 'horizVert': False, 'ISIframes': 4, 'rightResponseFirst': True}
613.1751 	INFO 	numtrials=360 and this trialDurFrames=5 or 83.3333333333 ms  task=T1
614.2745 	EXP 	window1: recordFrameIntervals = False
614.2831 	INFO 	Mouse: using default window
616.4081 	DATA 	Keypress: s
616.6247 	DATA 	Keypress: y
616.7646 	EXP 	New trial (rep=11, index=8): {'leftStreamFlip': True, 'oneTarget': False, 'trialInstructionPos': (0, 1), 'probe': 'both', 'rightStreamFlip': True, 'horizVert': False, 'ISIframes': 4, 'rightResponseFirst': True}
616.7915 	INFO 	numtrials=360 and this trialDurFrames=5 or 83.3333333333 ms  task=T1
617.8745 	EXP 	window1: recordFrameIntervals = False
617.8831 	INFO 	Mouse: using default window
619.1415 	DATA 	Keypress: z
619.2915 	DATA 	Keypress: a
619.4304 	EXP 	New trial (rep=11, index=9): {'leftStreamFlip': True, 'oneTarget': False, 'trialInstructionPos': (0, -1), 'probe': 'both', 'rightStreamFlip': True, 'horizVert': False, 'ISIframes': 4, 'rightResponseFirst': True}
619.4586 	INFO 	numtrials=360 and this trialDurFrames=5 or 83.3333333333 ms  task=T1
620.5244 	EXP 	window1: recordFrameIntervals = False
620.5333 	INFO 	Mouse: using default window
622.1413 	DATA 	Keypress: r
622.3247 	DATA 	Keypress: s
622.4648 	EXP 	New trial (rep=11, index=10): {'leftStreamFlip': True, 'oneTarget': True, 'trialInstructionPos': (0, -1), 'probe': 'both', 'rightStreamFlip': True, 'horizVert': False, 'ISIframes': 4, 'rightResponseFirst': True}
622.4907 	INFO 	numtrials=360 and this trialDurFrames=5 or 83.3333333333 ms  task=T1
623.6915 	EXP 	window1: recordFrameIntervals = False
623.7003 	INFO 	Mouse: using default window
624.4913 	DATA 	Keypress: h
624.6311 	EXP 	New trial (rep=11, index=11): {'leftStreamFlip': True, 'oneTarget': False, 'trialInstructionPos': (0, -1), 'probe': 'both', 'rightStreamFlip': True, 'horizVert': False, 'ISIframes': 4, 'rightResponseFirst': False}
624.6583 	INFO 	numtrials=360 and this trialDurFrames=5 or 83.3333333333 ms  task=T1
625.7912 	EXP 	window1: recordFrameIntervals = False
625.8001 	INFO 	Mouse: using default window
627.2083 	DATA 	Keypress: c
627.4580 	DATA 	Keypress: i
627.5978 	EXP 	New trial (rep=12, index=0): {'leftStreamFlip': True, 'oneTarget': False, 'trialInstructionPos': (0, -1), 'probe': 'both', 'rightStreamFlip': True, 'horizVert': False, 'ISIframes': 4, 'rightResponseFirst': False}
627.6251 	INFO 	numtrials=360 and this trialDurFrames=5 or 83.3333333333 ms  task=T1
628.8577 	EXP 	window1: recordFrameIntervals = False
628.8661 	INFO 	Mouse: using default window
629.7247 	DATA 	Keypress: z
630.0413 	DATA 	Keypress: i
630.1813 	EXP 	New trial (rep=12, index=1): {'leftStreamFlip': True, 'oneTarget': False, 'trialInstructionPos': (0, -1), 'probe': 'both', 'rightStreamFlip': True, 'horizVert': False, 'ISIframes': 4, 'rightResponseFirst': False}
630.2074 	INFO 	numtrials=360 and this trialDurFrames=5 or 83.3333333333 ms  task=T1
631.3744 	EXP 	window1: recordFrameIntervals = False
631.3828 	INFO 	Mouse: using default window
632.6080 	DATA 	Keypress: i
633.3580 	DATA 	Keypress: u
633.4982 	EXP 	New trial (rep=12, index=2): {'leftStreamFlip': True, 'oneTarget': False, 'trialInstructionPos': (0, 1), 'probe': 'both', 'rightStreamFlip': True, 'horizVert': False, 'ISIframes': 4, 'rightResponseFirst': True}
633.5240 	INFO 	numtrials=360 and this trialDurFrames=5 or 83.3333333333 ms  task=T1
634.5912 	EXP 	window1: recordFrameIntervals = False
634.5995 	INFO 	Mouse: using default window
635.5748 	DATA 	Keypress: h
635.9426 	DATA 	Keypress: z
636.0992 	EXP 	New trial (rep=12, index=3): {'leftStreamFlip': True, 'oneTarget': False, 'trialInstructionPos': (0, 1), 'probe': 'both', 'rightStreamFlip': True, 'horizVert': False, 'ISIframes': 4, 'rightResponseFirst': True}
636.1251 	INFO 	numtrials=360 and this trialDurFrames=5 or 83.3333333333 ms  task=T1
637.1578 	EXP 	window1: recordFrameIntervals = False
637.1664 	INFO 	Mouse: using default window
640.1914 	DATA 	Keypress: k
640.4415 	DATA 	Keypress: j
640.5811 	EXP 	New trial (rep=12, index=4): {'leftStreamFlip': True, 'oneTarget': True, 'trialInstructionPos': (0, 1), 'probe': 'both', 'rightStreamFlip': True, 'horizVert': False, 'ISIframes': 4, 'rightResponseFirst': False}
640.6076 	INFO 	numtrials=360 and this trialDurFrames=5 or 83.3333333333 ms  task=T1
641.6745 	EXP 	window1: recordFrameIntervals = False
641.6834 	INFO 	Mouse: using default window
643.1428 	DATA 	Keypress: c
643.2976 	EXP 	New trial (rep=12, index=5): {'leftStreamFlip': True, 'oneTarget': True, 'trialInstructionPos': (0, -1), 'probe': 'both', 'rightStreamFlip': True, 'horizVert': False, 'ISIframes': 4, 'rightResponseFirst': True}
643.3252 	INFO 	numtrials=360 and this trialDurFrames=5 or 83.3333333333 ms  task=T1
644.3912 	EXP 	window1: recordFrameIntervals = False
644.3996 	INFO 	Mouse: using default window
645.7414 	DATA 	Keypress: g
645.8808 	EXP 	New trial (rep=12, index=6): {'leftStreamFlip': True, 'oneTarget': False, 'trialInstructionPos': (0, 1), 'probe': 'both', 'rightStreamFlip': True, 'horizVert': False, 'ISIframes': 4, 'rightResponseFirst': False}
645.9085 	INFO 	numtrials=360 and this trialDurFrames=5 or 83.3333333333 ms  task=T1
646.9745 	EXP 	window1: recordFrameIntervals = False
646.9830 	INFO 	Mouse: using default window
649.5416 	DATA 	Keypress: m
649.7747 	DATA 	Keypress: d
649.9142 	EXP 	New trial (rep=12, index=7): {'leftStreamFlip': True, 'oneTarget': False, 'trialInstructionPos': (0, -1), 'probe': 'both', 'rightStreamFlip': True, 'horizVert': False, 'ISIframes': 4, 'rightResponseFirst': True}
649.9409 	INFO 	numtrials=360 and this trialDurFrames=5 or 83.3333333333 ms  task=T1
651.0411 	EXP 	window1: recordFrameIntervals = False
651.0496 	INFO 	Mouse: using default window
652.6915 	DATA 	Keypress: u
654.0247 	DATA 	Keypress: t
654.1640 	EXP 	New trial (rep=12, index=8): {'leftStreamFlip': True, 'oneTarget': True, 'trialInstructionPos': (0, 1), 'probe': 'both', 'rightStreamFlip': True, 'horizVert': False, 'ISIframes': 4, 'rightResponseFirst': True}
654.1909 	INFO 	numtrials=360 and this trialDurFrames=5 or 83.3333333333 ms  task=T1
655.2745 	EXP 	window1: recordFrameIntervals = False
655.2831 	INFO 	Mouse: using default window
656.0746 	DATA 	Keypress: e
656.2135 	EXP 	New trial (rep=12, index=9): {'leftStreamFlip': True, 'oneTarget': True, 'trialInstructionPos': (0, -1), 'probe': 'both', 'rightStreamFlip': True, 'horizVert': False, 'ISIframes': 4, 'rightResponseFirst': False}
656.2419 	INFO 	numtrials=360 and this trialDurFrames=5 or 83.3333333333 ms  task=T1
657.3912 	EXP 	window1: recordFrameIntervals = False
657.3997 	INFO 	Mouse: using default window
658.1413 	DATA 	Keypress: y
658.2807 	EXP 	New trial (rep=12, index=10): {'leftStreamFlip': True, 'oneTarget': False, 'trialInstructionPos': (0, 1), 'probe': 'both', 'rightStreamFlip': True, 'horizVert': False, 'ISIframes': 4, 'rightResponseFirst': False}
658.3084 	INFO 	numtrials=360 and this trialDurFrames=5 or 83.3333333333 ms  task=T1
659.3245 	EXP 	window1: recordFrameIntervals = False
659.3331 	INFO 	Mouse: using default window
660.7432 	DATA 	Keypress: c
660.9414 	DATA 	Keypress: g
661.0815 	EXP 	New trial (rep=12, index=11): {'leftStreamFlip': True, 'oneTarget': False, 'trialInstructionPos': (0, -1), 'probe': 'both', 'rightStreamFlip': True, 'horizVert': False, 'ISIframes': 4, 'rightResponseFirst': True}
661.1074 	INFO 	numtrials=360 and this trialDurFrames=5 or 83.3333333333 ms  task=T1
662.2912 	EXP 	window1: recordFrameIntervals = False
662.2993 	INFO 	Mouse: using default window
663.9592 	DATA 	Keypress: y
665.4247 	DATA 	Keypress: t
665.5648 	EXP 	New trial (rep=13, index=0): {'leftStreamFlip': True, 'oneTarget': False, 'trialInstructionPos': (0, 1), 'probe': 'both', 'rightStreamFlip': True, 'horizVert': False, 'ISIframes': 4, 'rightResponseFirst': True}
665.5909 	INFO 	numtrials=360 and this trialDurFrames=5 or 83.3333333333 ms  task=T1
666.7745 	EXP 	window1: recordFrameIntervals = False
666.7838 	INFO 	Mouse: using default window
668.1246 	DATA 	Keypress: c
668.3915 	DATA 	Keypress: z
668.5315 	EXP 	New trial (rep=13, index=1): {'leftStreamFlip': True, 'oneTarget': False, 'trialInstructionPos': (0, -1), 'probe': 'both', 'rightStreamFlip': True, 'horizVert': False, 'ISIframes': 4, 'rightResponseFirst': False}
668.5570 	INFO 	numtrials=360 and this trialDurFrames=5 or 83.3333333333 ms  task=T1
669.7577 	EXP 	window1: recordFrameIntervals = False
669.7663 	INFO 	Mouse: using default window
671.6746 	DATA 	Keypress: a
673.0747 	DATA 	Keypress: i
673.2151 	EXP 	New trial (rep=13, index=2): {'leftStreamFlip': True, 'oneTarget': False, 'trialInstructionPos': (0, 1), 'probe': 'both', 'rightStreamFlip': True, 'horizVert': False, 'ISIframes': 4, 'rightResponseFirst': False}
673.2418 	INFO 	numtrials=360 and this trialDurFrames=5 or 83.3333333333 ms  task=T1
674.4078 	EXP 	window1: recordFrameIntervals = False
674.4171 	INFO 	Mouse: using default window
677.2248 	DATA 	Keypress: k
677.4746 	DATA 	Keypress: d
677.6145 	EXP 	New trial (rep=13, index=3): {'leftStreamFlip': True, 'oneTarget': False, 'trialInstructionPos': (0, 1), 'probe': 'both', 'rightStreamFlip': True, 'horizVert': False, 'ISIframes': 4, 'rightResponseFirst': True}
677.6409 	INFO 	numtrials=360 and this trialDurFrames=5 or 83.3333333333 ms  task=T1
678.6577 	EXP 	window1: recordFrameIntervals = False
678.6663 	INFO 	Mouse: using default window
679.8747 	DATA 	Keypress: e
680.4080 	DATA 	Keypress: h
680.5468 	EXP 	New trial (rep=13, index=4): {'leftStreamFlip': True, 'oneTarget': True, 'trialInstructionPos': (0, 1), 'probe': 'both', 'rightStreamFlip': True, 'horizVert': False, 'ISIframes': 4, 'rightResponseFirst': True}
680.5741 	INFO 	numtrials=360 and this trialDurFrames=5 or 83.3333333333 ms  task=T1
681.6244 	EXP 	window1: recordFrameIntervals = False
681.6327 	INFO 	Mouse: using default window
682.5248 	DATA 	Keypress: h
682.6644 	EXP 	New trial (rep=13, index=5): {'leftStreamFlip': True, 'oneTarget': True, 'trialInstructionPos': (0, -1), 'probe': 'both', 'rightStreamFlip': True, 'horizVert': False, 'ISIframes': 4, 'rightResponseFirst': False}
682.6918 	INFO 	numtrials=360 and this trialDurFrames=5 or 83.3333333333 ms  task=T1
683.6911 	EXP 	window1: recordFrameIntervals = False
683.6997 	INFO 	Mouse: using default window
689.8081 	DATA 	Keypress: lctrl
690.0913 	DATA 	Keypress: lshift
690.3082 	DATA 	Keypress: z
690.3280 	INFO 	Stopping at 12:20 on 06 Aug 2018
690.3294 	ERROR 	user aborted experiment on keypress with trials done=161 of 361
690.3455 	INFO 	Program terminating normally.
