0.6209 	WARNING 	Monitor specification not found. Creating a temporary one...
6.0333 	EXP 	Created window1 = Window(allowGUI=False, allowStencil=False, autoLog=True, bitsMode=UNKNOWN, blendMode='avg', color=array([-0.7, -0.7, -0.7]), colorSpace='rgb', fullscr=UNKNOWN, gamma=None, lms=UNKNOWN, monitor=<psychopy.monitors.calibTools.Monitor object at 0x1A0A3370>, name='window1', pos=[0, 0], screen=0, size=array([1920, 1080]), stereo=False, units='deg', useFBO=False, useRetina=False, viewOri=0.0, viewPos=None, viewScale=None, waitBlanking=False, winType='pyglet')
6.0333 	INFO 	Mouse: using default window
6.0340 	EXP 	window1: units = 'norm'
6.1112 	EXP 	Created unnamed ImageStim = ImageStim(autoLog=True, color=array([ 1.,  1.,  1.]), colorSpace='rgb', contrast=1.0, depth=0, flipHoriz=False, flipVert=False, image=str(...), interpolate=False, mask=None, maskParams=None, name='unnamed ImageStim', opacity=1.0, ori=0.0, pos=array([-0.5,  0. ]), size=array([ 1.290625  ,  3.24814815]), texRes=128, units='norm', win=Window(...))
6.2010 	EXP 	Created unnamed ImageStim = ImageStim(autoLog=True, color=array([ 1.,  1.,  1.]), colorSpace='rgb', contrast=1.0, depth=0, flipHoriz=False, flipVert=False, image=str(...), interpolate=False, mask=None, maskParams=None, name='unnamed ImageStim', opacity=1.0, ori=0.0, pos=array([ 0.5,  0. ]), size=array([ 1.290625  ,  3.24814815]), texRes=128, units='norm', win=Window(...))
6.2175 	EXP 	Created OKrespZone = GratingStim(autoDraw=False, autoLog=True, color=array([ 1. ,  0.5,  0.5]), colorSpace='rgb', contrast=1.0, depth=0, interpolate=False, mask='gauss', maskParams=None, name='OKrespZone', opacity=1.0, ori=0.0, phase=array([ 0.,  0.]), pos=array([-0.2 , -0.92]), rgbPedestal=array([ 0.,  0.,  0.]), sf=array([ 0.,  0.]), size=array([ 2.3,  0.2]), tex='sin', texRes=256, units='norm', win=Window(...))
6.3643 	EXP 	unnamed ImageStim: size = (1, 2)
6.3643 	EXP 	unnamed ImageStim: size = (1, 2)
8.8822 	DATA 	Mouse: Left button down, pos=(428,577)
8.9654 	DATA 	Mouse:  Left button up, pos=(428,577)
9.7660 	DATA 	Mouse: Left button down, pos=(1045,29)
9.7817 	EXP 	window1: units = 'deg'
9.7821 	EXP 	window1: units = 'norm'
9.8032 	EXP 	Created OKrespZone = GratingStim(autoDraw=False, autoLog=True, color=array([ 1. ,  0.5,  0.5]), colorSpace='rgb', contrast=1.0, depth=0, interpolate=False, mask='gauss', maskParams=None, name='OKrespZone', opacity=1.0, ori=0.0, phase=array([ 0.,  0.]), pos=array([-0.2 , -0.92]), rgbPedestal=array([ 0.,  0.,  0.]), sf=array([ 0.,  0.]), size=array([ 2.3,  0.2]), tex='sin', texRes=256, units='norm', win=Window(...))
9.8824 	EXP 	Created unnamed ImageStim = ImageStim(autoLog=True, color=array([ 1.,  1.,  1.]), colorSpace='rgb', contrast=1.0, depth=0, flipHoriz=False, flipVert=False, image='abgdj\\PISandConsentForm\\consentForm.png', interpolate=False, mask=None, maskParams=None, name='unnamed ImageStim', opacity=1.0, ori=0.0, pos=array([ 0.,  0.]), size=array([ 1.3375    ,  2.97407407]), texRes=128, units='norm', win=Window(...))
9.9190 	EXP 	Created unnamed GratingStim = GratingStim(autoDraw=False, autoLog=True, color=array([ 1. ,  0.5,  0.5]), colorSpace='rgb', contrast=1.0, depth=0, interpolate=False, mask='gauss', maskParams=None, name='unnamed GratingStim', opacity=1.0, ori=0.0, phase=array([ 0.,  0.]), pos=array([-0.2 , -0.42]), rgbPedestal=array([ 0.,  0.,  0.]), sf=array([ 0.,  0.]), size=array([ 0.3,  0.2]), tex='sin', texRes=256, units='norm', win=Window(...))
9.9495 	EXP 	Created unnamed GratingStim = GratingStim(autoDraw=False, autoLog=True, color=array([ 1. ,  0.5,  0.5]), colorSpace='rgb', contrast=1.0, depth=0, interpolate=False, mask='gauss', maskParams=None, name='unnamed GratingStim', opacity=1.0, ori=0.0, phase=array([ 0.,  0.]), pos=array([ 0.1 , -0.42]), rgbPedestal=array([ 0.,  0.,  0.]), sf=array([ 0.,  0.]), size=array([ 0.3,  0.2]), tex='sin', texRes=256, units='norm', win=Window(...))
9.9690 	EXP 	Created unnamed GratingStim = GratingStim(autoDraw=False, autoLog=True, color=array([ 1. ,  0.5,  0.5]), colorSpace='rgb', contrast=1.0, depth=0, interpolate=False, mask='gauss', maskParams=None, name='unnamed GratingStim', opacity=1.0, ori=0.0, phase=array([ 0.,  0.]), pos=array([-0.2 , -0.72]), rgbPedestal=array([ 0.,  0.,  0.]), sf=array([ 0.,  0.]), size=array([ 0.3,  0.2]), tex='sin', texRes=256, units='norm', win=Window(...))
9.9885 	EXP 	Created unnamed GratingStim = GratingStim(autoDraw=False, autoLog=True, color=array([ 1. ,  0.5,  0.5]), colorSpace='rgb', contrast=1.0, depth=0, interpolate=False, mask='gauss', maskParams=None, name='unnamed GratingStim', opacity=1.0, ori=0.0, phase=array([ 0.,  0.]), pos=array([ 0.1 , -0.72]), rgbPedestal=array([ 0.,  0.,  0.]), sf=array([ 0.,  0.]), size=array([ 0.3,  0.2]), tex='sin', texRes=256, units='norm', win=Window(...))
9.9913 	DATA 	Mouse:  Left button up, pos=(1045,29)
9.9970 	EXP 	unnamed ImageStim: size = (1.1, 2)
12.1015 	DATA 	Mouse: Left button down, pos=(788,311)
12.1656 	DATA 	Mouse:  Left button up, pos=(788,311)
13.2988 	DATA 	Mouse: Left button down, pos=(756,146)
13.3655 	DATA 	Mouse:  Left button up, pos=(756,146)
14.2158 	DATA 	Mouse: Left button down, pos=(838,36)
14.2324 	EXP 	window1: units = 'deg'
14.2362 	EXP 	window1: mouseVisible = True
25.2494 	EXP 	Created window1 = Window(allowGUI=False, allowStencil=False, autoLog=True, bitsMode=UNKNOWN, blendMode='avg', color=array([-0.7, -0.7, -0.7]), colorSpace='rgb', fullscr=UNKNOWN, gamma=None, lms=UNKNOWN, monitor=<psychopy.monitors.calibTools.Monitor object at 0x1A0A3370>, name='window1', pos=[0, 0], screen=0, size=array([1920, 1080]), stereo=False, units='deg', useFBO=False, useRetina=False, viewOri=0.0, viewPos=None, viewScale=None, waitBlanking=False, winType='pyglet')
29.4161 	INFO 	#[ PsychoPy2 RuntimeInfoStart ]
  #[[ PsychoPy ]] #---------
    psychopyVersion: 1.84.2
    psychopyHaveExtRush: True
  #[[ Experiment ]] #---------
    experimentAuthor: None
    experimentAuthVersion: None
    experimentRunTime: 2018_08_06 14:10 (Year_Month_Day Hour:Min)
    experimentRunTime.epoch: 1533528632
    experimentScript: psyc1002.py
    experimentScript.digestSHA1: 03993779484d600ea4c1b8cc2288f3d37a5025d5
    experimentScript.directory: U:\PSYC1002\abgdj
  #[[ System ]] #---------
    systemHaveInternetAccess: True
    systemHostName: W5FH5LG2
    systemLocale: English_Australia.1252
    systemMemFreeRAM: 3812.74609375
    systemMemTotalRAM: 8076.9453125
    systemPlatform: windowsversion=sys.getwindowsversion(major=6, minor=2, build=9200, platform=2, service_pack='')
    systemPyo.InputDevices: {4: {'host api index': 2, 'latency': 0.008707483299076557, 'default sr': 44100, 'name': u'Realtek ASIO'}}
    systemPyo.OutputDevices: {0: {'host api index': 0, 'latency': 0.09000000357627869, 'default sr': 44100, 'name': u'Microsoft Sound Mapper - Output'}, 1: {'host api index': 0, 'latency': 0.09000000357627869, 'default sr': 44100, 'name': u'Speakers / Headphones (Realtek '}, 2: {'host api index': 1, 'latency': 0.11999999731779099, 'default sr': 44100, 'name': u'Primary Sound Driver'}, 3: {'host api index': 1, 'latency': 0.11999999731779099, 'default sr': 44100, 'name': u'Speakers / Headphones (Realtek High Definition Audio)'}, 4: {'host api index': 2, 'latency': 0.008707483299076557, 'default sr': 44100, 'name': u'Realtek ASIO'}, 5: {'host api index': 3, 'latency': 0.003000000026077032, 'default sr': 48000, 'name': u'Speakers / Headphones (Realtek High Definition Audio)'}}
    systemPyoVersion: 0.8.0
    systemRebooted: System Boot Time:          6/08/2018, 2:04:24 AM
    systemSec.pythonSSL: True
    systemTimeNumpySD1000000_sec: 0.0122
    systemUser: mvil7256
    systemUserID: 1000
    systemUserProcCmdPid: LabStatsUserSpace.exe dwm.exe TiWorker.exe CmRcService.exe nierserver.exe LabStatsClient.exe tagsrv.exe SearchUI.exe DWRCST.EXE OneDrive.exe nipxism.exe TrustedInstaller.exe niLxiDiscovery.exe SecurityHealthService.exe redirector.exe SearchProtocolHost.exe server_admin.exe pc-client.exe lkads.exe SelfService.exe svchost.exe smartscreen.exe ni_usbmon.exe AGSService.exe System SISIDSService.exe SelfServicePlugin.exe explorer.exe smss.exe ApplicationWebServer.exe RuntimeBroker.exe acrotray.exe niauth_daemon.exe cmd.exe nidmsrv.exe Receiver.exe SISIPSService.exe lktsrv.exe lsass.exe python.exe RtkNGUI64.exe sisipsutil.exe AdobeUpdateService.exe armsvc.exe concentr.exe nidevldu.exe taskhostw.exe ctfmon.exe RAVBg64.exe ''Memory Compression'' NIWebServiceContainer.exe nimxs.exe RtkAudioService64.exe chrome.exe SystemWebServer.exe tasklist.exe snowagent.exe CcmExec.exe SearchFilterHost.exe SmcGui.exe nicitdl5.exe ''System Idle Process'' services.exe niDiscSvc.exe sqlwriter.exe MSASCuiL.exe SCNotification.exe nimdnsResponder.exe server_runtime.exe DWRCS.EXE sihost.exe backgroundTaskHost.exe spoolsv.exe wininit.exe winlogon.exe ShellExperienceHost.exe nidevmon.exe SearchIndexer.exe csrss.exe WmiPrvSE.exe audiodg.exe fontdrvhost.exe OneDriveSetup.exe dllhost.exe unsecapp.exe ccSvcHst.exe wfcrun32.exe nisvcloc.exe server_eventlog.exe lkcitdl.exe AuthManSvr.exe conhost.exe
    systemUserProcCount: 195
    systemUserProcFlagged: Explorer
    systemUsersCount: False
  #[[ Window ]] #---------
    windowWinType: pyglet
    windowWaitBlanking: False
    windowUseNativeGamma: True
    windowUnits: deg
    windowSize_pix: [1920 1080]
    windowScreen: 0
    windowRgb: [-0.7 -0.7 -0.7]
    windowRefreshTimeSD_ms: 0.307
    windowRefreshTimeMedian_ms: 16.668
    windowRefreshTimeAvg_ms: 16.664
    windowRefreshThreshold_sec: 0.0200
    windowRecordFrameIntervals: False
    windowPos_pix: [0, 0]
    windowMonitor.name: testmonitor
    windowMonitor.getWidth_cm: 57.0
    windowMonitor.getLinearizeMethod: 1
    windowMonitor.getGammaGrid: [[  0.   1.   1.  nan  nan  nan]
 [  0.   1.   1.  nan  nan  nan]
 [  0.   1.   1.  nan  nan  nan]
 [  0.   1.   1.  nan  nan  nan]]
    windowMonitor.getDistance_cm: 57.0
    windowMonitor.gammaInterpolator2: None
    windowMonitor.gammaInterpolator: None
    windowMonitor.currentCalibName: 2018_08_06 14:10
    windowIsFullScr: True
    windowHaveShaders: True
    windowAllowGUI: False
  #[[ Python ]] #---------
    pythonWxVersion: 3.0.2.0 msw (classic)
    pythonVersion: 2.7.11
    pythonScipyVersion: 0.17.1
    pythonPygletVersion: 1.2.4
    pythonPygameVersion: 1.9.2pre
    pythonNumpyVersion: 1.11.0
    pythonMatplotlibVersion: 1.5.1
    pythonFullVersion: 2.7.11 (v2.7.11:6d1b6a68f775, Dec  5 2015, 20:32:19) [MSC v.1500 32 bit (Intel)]
    pythonExecutable: C:\Program Files (x86)\PsychoPy2\python.exe
  #[[ OpenGL ]] #---------
    openGLVersion: 4.4.0 - Build 21.20.16.4627
    openGLVendor: Intel
    openGLRenderingEngine: Intel(R) HD Graphics 530
    openGLmaxVerticesInVertexArray: 1048576
    False: openGLext.GL_STEREO
    True: openGLext.GL_EXT_framebuffer_object
    True: openGLext.GL_ARB_vertex_shader
    True: openGLext.GL_ARB_texture_non_power_of_two
    True: openGLext.GL_ARB_texture_float
    True: openGLext.GL_ARB_shader_objects
    True: openGLext.GL_ARB_multitexture
    True: openGLext.GL_ARB_fragment_program
#[ PsychoPy2 RuntimeInfoEnd ]

29.4651 	EXP 	window1: recordFrameIntervals = True
30.2986 	EXP 	window1: recordFrameIntervals = False
30.2989 	INFO 	Frames per second ~=60.2, which is close enough to desired val of 60.0
30.4831 	EXP 	Created sequence: random, trialTypes=12, nReps=30, seed=None
30.6285 	INFO 	Mouse: using default window
30.6456 	EXP 	Created OKrespZone = GratingStim(autoDraw=False, autoLog=True, color=array([ 1.,  1.,  1.]), colorSpace='rgb', contrast=1.0, depth=0, interpolate=False, mask='gauss', maskParams=None, name='OKrespZone', opacity=1.0, ori=0.0, phase=array([ 0.,  0.]), pos=array([ 0.  ,  0.88]), rgbPedestal=array([ 0.,  0.,  0.]), sf=array([ 0.,  0.]), size=array([ 2. ,  0.2]), tex='sin', texRes=256, units='norm', win=Window(...))
35.6126 	DATA 	Mouse: Left button down, pos=(149,952)
35.7084 	DATA 	Mouse:  Left button up, pos=(149,952)
50.0926 	DATA 	Mouse: Left button down, pos=(128,745)
50.1656 	DATA 	Mouse:  Left button up, pos=(128,745)
50.6766 	DATA 	Mouse: Left button down, pos=(112,611)
50.7348 	DATA 	Mouse:  Left button up, pos=(112,611)
51.7006 	DATA 	Mouse: Left button down, pos=(123,455)
51.7804 	DATA 	Mouse:  Left button up, pos=(123,455)
53.5006 	DATA 	Mouse: Left button down, pos=(130,190)
53.6045 	DATA 	Mouse:  Left button up, pos=(128,190)
55.4687 	DATA 	Mouse: Left button down, pos=(306,116)
55.5564 	DATA 	Mouse:  Left button up, pos=(306,116)
55.8526 	DATA 	Mouse: Left button down, pos=(320,192)
55.9404 	DATA 	Mouse:  Left button up, pos=(320,192)
57.6446 	DATA 	Mouse: Left button down, pos=(324,484)
57.7485 	DATA 	Mouse:  Left button up, pos=(324,484)
59.5726 	DATA 	Mouse: Left button down, pos=(326,680)
59.6309 	DATA 	Mouse:  Left button up, pos=(326,680)
60.0367 	DATA 	Mouse: Left button down, pos=(337,762)
60.1084 	DATA 	Mouse:  Left button up, pos=(337,761)
61.0206 	DATA 	Mouse: Left button down, pos=(330,759)
61.1004 	DATA 	Mouse:  Left button up, pos=(330,759)
69.0527 	DATA 	Mouse: Left button down, pos=(543,321)
69.1404 	DATA 	Mouse:  Left button up, pos=(543,321)
69.3806 	DATA 	Mouse: Left button down, pos=(543,266)
69.4604 	DATA 	Mouse:  Left button up, pos=(543,266)
75.0366 	DATA 	Mouse: Left button down, pos=(744,536)
75.1084 	DATA 	Mouse:  Left button up, pos=(744,538)
79.0686 	DATA 	Mouse: Left button down, pos=(911,938)
79.1564 	DATA 	Mouse:  Left button up, pos=(911,938)
80.4126 	DATA 	Mouse: Left button down, pos=(894,604)
80.4925 	DATA 	Mouse:  Left button up, pos=(894,604)
81.5566 	DATA 	Mouse: Left button down, pos=(879,459)
81.6284 	DATA 	Mouse:  Left button up, pos=(879,459)
83.8689 	DATA 	Mouse: Left button down, pos=(924,123)
83.9804 	DATA 	Mouse:  Left button up, pos=(923,119)
86.7970 	DATA 	Mouse: Left button down, pos=(1140,412)
86.9007 	DATA 	Mouse:  Left button up, pos=(1137,413)
88.7329 	DATA 	Mouse: Left button down, pos=(1134,666)
88.8205 	DATA 	Mouse:  Left button up, pos=(1134,666)
96.8848 	DATA 	Mouse: Left button down, pos=(1298,612)
96.9725 	DATA 	Mouse:  Left button up, pos=(1298,612)
98.1816 	DATA 	Mouse: Left button down, pos=(1326,390)
98.2605 	DATA 	Mouse:  Left button up, pos=(1326,390)
98.8127 	DATA 	Mouse: Left button down, pos=(1320,259)
98.8772 	DATA 	Mouse:  Left button up, pos=(1320,259)
101.6288 	DATA 	Mouse: Left button down, pos=(1505,479)
101.7246 	DATA 	Mouse:  Left button up, pos=(1505,479)
102.5566 	DATA 	Mouse: Left button down, pos=(1515,681)
102.6285 	DATA 	Mouse:  Left button up, pos=(1515,681)
103.9566 	DATA 	Mouse: Left button down, pos=(1520,806)
104.0525 	DATA 	Mouse:  Left button up, pos=(1520,806)
104.8608 	DATA 	Mouse: Left button down, pos=(1757,882)
104.9405 	DATA 	Mouse:  Left button up, pos=(1757,882)
106.0289 	DATA 	Mouse: Left button down, pos=(1754,675)
106.1165 	DATA 	Mouse:  Left button up, pos=(1753,673)
108.9578 	DATA 	Mouse: Left button down, pos=(1745,181)
109.0367 	DATA 	Mouse:  Left button up, pos=(1745,181)
112.0858 	DATA 	Mouse: Left button down, pos=(1110,1015)
112.1014 	INFO 	Experiment will have 360 trials. Letters will be drawn with superposed noise of 0.00%
112.1158 	EXP 	New trial (rep=0, index=0): {'leftStreamFlip': False, 'oneTarget': False, 'trialInstructionPos': (0, 1), 'probe': 'both', 'rightStreamFlip': False, 'horizVert': False, 'ISIframes': 2, 'rightResponseFirst': False}
112.1159 	INFO 	Starting main part of experiment
112.1497 	DATA 	Mouse:  Left button up, pos=(1110,1015)
113.2989 	INFO 	numtrials=360 and this trialDurFrames=28 or 466.666666667 ms  task=T1
115.3325 	EXP 	window1: recordFrameIntervals = False
115.3435 	INFO 	Mouse: using default window
117.9658 	DATA 	Keypress: u
119.8158 	DATA 	Keypress: r
121.0158 	DATA 	Keypress: h
121.2103 	EXP 	New trial (rep=0, index=1): {'leftStreamFlip': False, 'oneTarget': False, 'trialInstructionPos': (0, 1), 'probe': 'both', 'rightStreamFlip': False, 'horizVert': False, 'ISIframes': 2, 'rightResponseFirst': False}
125.2992 	DATA 	Mouse: Left button down, pos=(1042,366)
125.4158 	DATA 	Mouse:  Left button up, pos=(1042,366)
126.4657 	DATA 	Keypress: return
127.6656 	INFO 	numtrials=360 and this trialDurFrames=22 or 366.666666667 ms  task=T1
129.5155 	EXP 	window1: recordFrameIntervals = False
129.5238 	INFO 	Mouse: using default window
131.6492 	DATA 	Keypress: k
133.2658 	DATA 	Keypress: y
134.4491 	DATA 	Keypress: s
134.5944 	EXP 	New trial (rep=0, index=2): {'leftStreamFlip': False, 'oneTarget': False, 'trialInstructionPos': (0, -1), 'probe': 'both', 'rightStreamFlip': False, 'horizVert': False, 'ISIframes': 2, 'rightResponseFirst': False}
134.6160 	INFO 	numtrials=360 and this trialDurFrames=18 or 300.0 ms  task=T1
136.4822 	EXP 	window1: recordFrameIntervals = False
136.4907 	INFO 	Mouse: using default window
137.8992 	DATA 	Keypress: k
138.7158 	DATA 	Keypress: n
140.4493 	DATA 	Keypress: a
140.5919 	EXP 	New trial (rep=0, index=3): {'leftStreamFlip': False, 'oneTarget': False, 'trialInstructionPos': (0, -1), 'probe': 'both', 'rightStreamFlip': False, 'horizVert': False, 'ISIframes': 2, 'rightResponseFirst': False}
140.6162 	INFO 	numtrials=360 and this trialDurFrames=18 or 300.0 ms  task=T1
141.9322 	EXP 	window1: recordFrameIntervals = False
141.9405 	INFO 	Mouse: using default window
142.9495 	DATA 	Keypress: e
144.4824 	DATA 	Keypress: t
145.2991 	DATA 	Keypress: h
145.4432 	EXP 	New trial (rep=0, index=4): {'leftStreamFlip': False, 'oneTarget': False, 'trialInstructionPos': (0, -1), 'probe': 'both', 'rightStreamFlip': False, 'horizVert': False, 'ISIframes': 2, 'rightResponseFirst': True}
148.7825 	DATA 	Keypress: backslash
148.8156 	INFO 	numtrials=360 and this trialDurFrames=14 or 233.333333333 ms  task=T1
150.0827 	EXP 	window1: recordFrameIntervals = False
150.0902 	INFO 	Mouse: using default window
151.2825 	DATA 	Keypress: e
152.8493 	DATA 	Keypress: z
154.0492 	DATA 	Keypress: t
154.1977 	EXP 	New trial (rep=0, index=5): {'leftStreamFlip': False, 'oneTarget': False, 'trialInstructionPos': (0, 1), 'probe': 'both', 'rightStreamFlip': False, 'horizVert': False, 'ISIframes': 2, 'rightResponseFirst': True}
154.2152 	INFO 	numtrials=360 and this trialDurFrames=4 or 66.6666666667 ms  task=T1
155.3156 	EXP 	window1: recordFrameIntervals = False
155.3242 	INFO 	Mouse: using default window
156.5992 	DATA 	Keypress: e
157.5494 	DATA 	Keypress: r
158.0991 	DATA 	Keypress: c
158.2425 	EXP 	New trial (rep=0, index=6): {'leftStreamFlip': False, 'oneTarget': False, 'trialInstructionPos': (0, 1), 'probe': 'both', 'rightStreamFlip': False, 'horizVert': False, 'ISIframes': 2, 'rightResponseFirst': True}
158.2649 	INFO 	numtrials=360 and this trialDurFrames=4 or 66.6666666667 ms  task=T1
159.3490 	EXP 	window1: recordFrameIntervals = False
159.3575 	INFO 	Mouse: using default window
161.8659 	DATA 	Keypress: e
162.6326 	DATA 	Keypress: r
162.9159 	DATA 	Keypress: t
163.0566 	EXP 	New trial (rep=0, index=7): {'leftStreamFlip': False, 'oneTarget': False, 'trialInstructionPos': (0, -1), 'probe': 'both', 'rightStreamFlip': False, 'horizVert': False, 'ISIframes': 2, 'rightResponseFirst': True}
163.0820 	INFO 	numtrials=360 and this trialDurFrames=4 or 66.6666666667 ms  task=T1
164.1991 	EXP 	window1: recordFrameIntervals = False
164.2076 	INFO 	Mouse: using default window
165.8659 	DATA 	Keypress: j
167.0659 	DATA 	Keypress: c
167.6159 	DATA 	Keypress: n
167.7586 	EXP 	New trial (rep=0, index=8): {'leftStreamFlip': False, 'oneTarget': False, 'trialInstructionPos': (0, 1), 'probe': 'both', 'rightStreamFlip': False, 'horizVert': False, 'ISIframes': 2, 'rightResponseFirst': False}
167.7817 	INFO 	numtrials=360 and this trialDurFrames=4 or 66.6666666667 ms  task=T1
168.8490 	EXP 	window1: recordFrameIntervals = False
168.8579 	INFO 	Mouse: using default window
170.2658 	DATA 	Keypress: m
171.3171 	DATA 	Keypress: c
171.9659 	DATA 	Keypress: t
172.1153 	EXP 	New trial (rep=0, index=9): {'leftStreamFlip': False, 'oneTarget': False, 'trialInstructionPos': (0, -1), 'probe': 'both', 'rightStreamFlip': False, 'horizVert': False, 'ISIframes': 2, 'rightResponseFirst': False}
172.1318 	INFO 	numtrials=360 and this trialDurFrames=4 or 66.6666666667 ms  task=T1
173.1823 	EXP 	window1: recordFrameIntervals = False
173.1909 	INFO 	Mouse: using default window
175.4826 	DATA 	Keypress: r
176.7494 	DATA 	Keypress: t
177.2658 	DATA 	Keypress: y
177.4070 	EXP 	New trial (rep=0, index=10): {'leftStreamFlip': False, 'oneTarget': False, 'trialInstructionPos': (0, -1), 'probe': 'both', 'rightStreamFlip': False, 'horizVert': False, 'ISIframes': 2, 'rightResponseFirst': True}
177.4330 	INFO 	numtrials=360 and this trialDurFrames=4 or 66.6666666667 ms  task=T1
178.4158 	EXP 	window1: recordFrameIntervals = False
178.4239 	INFO 	Mouse: using default window
180.8993 	DATA 	Keypress: s
181.8161 	DATA 	Keypress: t
182.2324 	DATA 	Keypress: r
182.3804 	EXP 	New trial (rep=0, index=11): {'leftStreamFlip': False, 'oneTarget': False, 'trialInstructionPos': (0, 1), 'probe': 'both', 'rightStreamFlip': False, 'horizVert': False, 'ISIframes': 2, 'rightResponseFirst': True}
182.3986 	INFO 	numtrials=360 and this trialDurFrames=3 or 50.0 ms  task=T1
183.5156 	EXP 	window1: recordFrameIntervals = False
183.5266 	INFO 	Mouse: using default window
186.4325 	DATA 	Keypress: r
187.1992 	DATA 	Keypress: m
187.8994 	DATA 	Keypress: s
188.0385 	EXP 	New trial (rep=1, index=0): {'leftStreamFlip': False, 'oneTarget': False, 'trialInstructionPos': (0, 1), 'probe': 'both', 'rightStreamFlip': False, 'horizVert': False, 'ISIframes': 2, 'rightResponseFirst': False}
188.0651 	INFO 	numtrials=360 and this trialDurFrames=3 or 50.0 ms  task=T1
189.0656 	EXP 	window1: recordFrameIntervals = False
189.0741 	INFO 	Mouse: using default window
191.4492 	DATA 	Keypress: t
192.8159 	DATA 	Keypress: u
193.4327 	DATA 	Keypress: m
193.5737 	EXP 	New trial (rep=1, index=1): {'leftStreamFlip': False, 'oneTarget': False, 'trialInstructionPos': (0, 1), 'probe': 'both', 'rightStreamFlip': False, 'horizVert': False, 'ISIframes': 2, 'rightResponseFirst': False}
193.5987 	INFO 	numtrials=360 and this trialDurFrames=3 or 50.0 ms  task=T1
194.7490 	EXP 	window1: recordFrameIntervals = False
194.7575 	INFO 	Mouse: using default window
196.8992 	DATA 	Keypress: m
197.1993 	DATA 	Keypress: e
197.3173 	DATA 	Keypress: j
197.4720 	EXP 	New trial (rep=1, index=2): {'leftStreamFlip': False, 'oneTarget': False, 'trialInstructionPos': (0, -1), 'probe': 'both', 'rightStreamFlip': False, 'horizVert': False, 'ISIframes': 2, 'rightResponseFirst': False}
197.4987 	INFO 	numtrials=360 and this trialDurFrames=3 or 50.0 ms  task=T1
198.5657 	EXP 	window1: recordFrameIntervals = False
198.5742 	INFO 	Mouse: using default window
200.2493 	DATA 	Keypress: z
200.8160 	DATA 	Keypress: s
200.9992 	DATA 	Keypress: f
201.1405 	EXP 	New trial (rep=1, index=3): {'leftStreamFlip': False, 'oneTarget': False, 'trialInstructionPos': (0, 1), 'probe': 'both', 'rightStreamFlip': False, 'horizVert': False, 'ISIframes': 2, 'rightResponseFirst': False}
201.1652 	INFO 	numtrials=360 and this trialDurFrames=3 or 50.0 ms  task=T1
202.1494 	EXP 	window1: recordFrameIntervals = False
202.1577 	INFO 	Mouse: using default window
203.6826 	DATA 	Keypress: a
204.6160 	DATA 	Keypress: z
204.7992 	DATA 	Keypress: k
204.9552 	EXP 	New trial (rep=1, index=4): {'leftStreamFlip': False, 'oneTarget': False, 'trialInstructionPos': (0, 1), 'probe': 'both', 'rightStreamFlip': False, 'horizVert': False, 'ISIframes': 2, 'rightResponseFirst': True}
204.9657 	INFO 	numtrials=360 and this trialDurFrames=3 or 50.0 ms  task=T1
206.1663 	EXP 	window1: recordFrameIntervals = False
206.1745 	INFO 	Mouse: using default window
207.7160 	DATA 	Keypress: g
207.9660 	DATA 	Keypress: r
208.0992 	DATA 	Keypress: t
208.2388 	EXP 	New trial (rep=1, index=5): {'leftStreamFlip': False, 'oneTarget': False, 'trialInstructionPos': (0, -1), 'probe': 'both', 'rightStreamFlip': False, 'horizVert': False, 'ISIframes': 2, 'rightResponseFirst': False}
208.2488 	INFO 	numtrials=360 and this trialDurFrames=3 or 50.0 ms  task=T1
209.2659 	EXP 	window1: recordFrameIntervals = False
209.2744 	INFO 	Mouse: using default window
210.5178 	DATA 	Keypress: r
210.6493 	DATA 	Keypress: e
210.7325 	DATA 	Keypress: t
210.8732 	EXP 	New trial (rep=1, index=6): {'leftStreamFlip': False, 'oneTarget': False, 'trialInstructionPos': (0, 1), 'probe': 'both', 'rightStreamFlip': False, 'horizVert': False, 'ISIframes': 2, 'rightResponseFirst': True}
210.8988 	INFO 	numtrials=360 and this trialDurFrames=4 or 66.6666666667 ms  task=T1
211.9656 	EXP 	window1: recordFrameIntervals = False
211.9742 	INFO 	Mouse: using default window
213.4831 	DATA 	Keypress: u
214.5829 	DATA 	Keypress: t
214.8827 	DATA 	Keypress: g
215.0239 	EXP 	New trial (rep=1, index=7): {'leftStreamFlip': False, 'oneTarget': False, 'trialInstructionPos': (0, 1), 'probe': 'both', 'rightStreamFlip': False, 'horizVert': False, 'ISIframes': 2, 'rightResponseFirst': True}
215.0493 	INFO 	numtrials=360 and this trialDurFrames=4 or 66.6666666667 ms  task=T1
216.2159 	EXP 	window1: recordFrameIntervals = False
216.2246 	INFO 	Mouse: using default window
217.8826 	DATA 	Keypress: n
218.4827 	DATA 	Keypress: c
218.5175 	DATA 	Keypress: a
218.6741 	EXP 	New trial (rep=1, index=8): {'leftStreamFlip': False, 'oneTarget': False, 'trialInstructionPos': (0, -1), 'probe': 'both', 'rightStreamFlip': False, 'horizVert': False, 'ISIframes': 2, 'rightResponseFirst': False}
218.6979 	INFO 	numtrials=360 and this trialDurFrames=3 or 50.0 ms  task=T1
219.8657 	EXP 	window1: recordFrameIntervals = False
219.8742 	INFO 	Mouse: using default window
220.9327 	DATA 	Keypress: r
221.2326 	DATA 	Keypress: c
221.8492 	DATA 	Keypress: s
221.9879 	EXP 	New trial (rep=1, index=9): {'leftStreamFlip': False, 'oneTarget': False, 'trialInstructionPos': (0, -1), 'probe': 'both', 'rightStreamFlip': False, 'horizVert': False, 'ISIframes': 2, 'rightResponseFirst': True}
222.0162 	INFO 	numtrials=360 and this trialDurFrames=3 or 50.0 ms  task=T1
223.0658 	EXP 	window1: recordFrameIntervals = False
223.0740 	INFO 	Mouse: using default window
224.6826 	DATA 	Keypress: r
225.0660 	DATA 	Keypress: s
226.3159 	DATA 	Keypress: u
226.4656 	EXP 	New trial (rep=1, index=10): {'leftStreamFlip': False, 'oneTarget': False, 'trialInstructionPos': (0, -1), 'probe': 'both', 'rightStreamFlip': False, 'horizVert': False, 'ISIframes': 2, 'rightResponseFirst': True}
226.4818 	INFO 	numtrials=360 and this trialDurFrames=3 or 50.0 ms  task=T1
227.4824 	EXP 	window1: recordFrameIntervals = False
227.4913 	INFO 	Mouse: using default window
229.0494 	DATA 	Keypress: m
229.8326 	DATA 	Keypress: s
229.9327 	DATA 	Keypress: j
230.0752 	EXP 	New trial (rep=1, index=11): {'leftStreamFlip': False, 'oneTarget': False, 'trialInstructionPos': (0, -1), 'probe': 'both', 'rightStreamFlip': False, 'horizVert': False, 'ISIframes': 2, 'rightResponseFirst': True}
230.0988 	INFO 	numtrials=360 and this trialDurFrames=3 or 50.0 ms  task=T1
231.0824 	EXP 	window1: recordFrameIntervals = False
231.0911 	INFO 	Mouse: using default window
233.4993 	DATA 	Keypress: c
234.0993 	DATA 	Keypress: r
234.3659 	DATA 	Keypress: j
234.5063 	EXP 	New trial (rep=2, index=0): {'leftStreamFlip': False, 'oneTarget': False, 'trialInstructionPos': (0, 1), 'probe': 'both', 'rightStreamFlip': False, 'horizVert': False, 'ISIframes': 2, 'rightResponseFirst': True}
234.5319 	INFO 	numtrials=360 and this trialDurFrames=3 or 50.0 ms  task=T1
235.6323 	EXP 	window1: recordFrameIntervals = False
235.6407 	INFO 	Mouse: using default window
236.4993 	DATA 	Keypress: r
236.9994 	DATA 	Keypress: a
237.1161 	DATA 	Keypress: s
237.2573 	EXP 	New trial (rep=2, index=1): {'leftStreamFlip': False, 'oneTarget': False, 'trialInstructionPos': (0, -1), 'probe': 'both', 'rightStreamFlip': False, 'horizVert': False, 'ISIframes': 2, 'rightResponseFirst': False}
237.2823 	INFO 	numtrials=360 and this trialDurFrames=4 or 66.6666666667 ms  task=T1
238.4992 	EXP 	window1: recordFrameIntervals = False
238.5074 	INFO 	Mouse: using default window
239.7159 	DATA 	Keypress: c
240.2494 	DATA 	Keypress: t
240.7492 	DATA 	Keypress: c
240.8894 	EXP 	New trial (rep=2, index=2): {'leftStreamFlip': False, 'oneTarget': False, 'trialInstructionPos': (0, -1), 'probe': 'both', 'rightStreamFlip': False, 'horizVert': False, 'ISIframes': 2, 'rightResponseFirst': True}
240.9158 	INFO 	numtrials=360 and this trialDurFrames=4 or 66.6666666667 ms  task=T1
242.0823 	EXP 	window1: recordFrameIntervals = False
242.0915 	INFO 	Mouse: using default window
243.3660 	DATA 	Keypress: r
243.7659 	DATA 	Keypress: t
243.9660 	DATA 	Keypress: m
244.1071 	EXP 	New trial (rep=2, index=3): {'leftStreamFlip': False, 'oneTarget': False, 'trialInstructionPos': (0, -1), 'probe': 'both', 'rightStreamFlip': False, 'horizVert': False, 'ISIframes': 2, 'rightResponseFirst': False}
244.1320 	INFO 	numtrials=360 and this trialDurFrames=3 or 50.0 ms  task=T1
245.2489 	EXP 	window1: recordFrameIntervals = False
245.2566 	INFO 	Mouse: using default window
246.5190 	DATA 	Keypress: g
247.3514 	DATA 	Keypress: a
247.6015 	DATA 	Keypress: z
247.7650 	EXP 	New trial (rep=2, index=4): {'leftStreamFlip': False, 'oneTarget': False, 'trialInstructionPos': (0, -1), 'probe': 'both', 'rightStreamFlip': False, 'horizVert': False, 'ISIframes': 2, 'rightResponseFirst': False}
247.7985 	INFO 	numtrials=360 and this trialDurFrames=3 or 50.0 ms  task=T1
248.7657 	EXP 	window1: recordFrameIntervals = False
248.7743 	INFO 	Mouse: using default window
250.3326 	DATA 	Keypress: z
251.1159 	DATA 	Keypress: a
251.1994 	DATA 	Keypress: n
251.3405 	EXP 	New trial (rep=2, index=5): {'leftStreamFlip': False, 'oneTarget': False, 'trialInstructionPos': (0, 1), 'probe': 'both', 'rightStreamFlip': False, 'horizVert': False, 'ISIframes': 2, 'rightResponseFirst': False}
251.3653 	INFO 	numtrials=360 and this trialDurFrames=3 or 50.0 ms  task=T1
252.5657 	EXP 	window1: recordFrameIntervals = False
252.5748 	INFO 	Mouse: using default window
254.6159 	DATA 	Keypress: n
254.7661 	DATA 	Keypress: f
254.8660 	DATA 	Keypress: s
255.0073 	EXP 	New trial (rep=2, index=6): {'leftStreamFlip': False, 'oneTarget': False, 'trialInstructionPos': (0, 1), 'probe': 'both', 'rightStreamFlip': False, 'horizVert': False, 'ISIframes': 2, 'rightResponseFirst': False}
255.0323 	INFO 	numtrials=360 and this trialDurFrames=3 or 50.0 ms  task=T1
256.0992 	EXP 	window1: recordFrameIntervals = False
256.1077 	INFO 	Mouse: using default window
257.6826 	DATA 	Keypress: f
259.0659 	DATA 	Keypress: s
259.1659 	DATA 	Keypress: g
259.3071 	EXP 	New trial (rep=2, index=7): {'leftStreamFlip': False, 'oneTarget': False, 'trialInstructionPos': (0, -1), 'probe': 'both', 'rightStreamFlip': False, 'horizVert': False, 'ISIframes': 2, 'rightResponseFirst': True}
259.3322 	INFO 	numtrials=360 and this trialDurFrames=3 or 50.0 ms  task=T1
260.5325 	EXP 	window1: recordFrameIntervals = False
260.5413 	INFO 	Mouse: using default window
261.9159 	DATA 	Keypress: k
262.9177 	DATA 	Keypress: t
263.0159 	DATA 	Keypress: s
263.1556 	EXP 	New trial (rep=2, index=8): {'leftStreamFlip': False, 'oneTarget': False, 'trialInstructionPos': (0, 1), 'probe': 'both', 'rightStreamFlip': False, 'horizVert': False, 'ISIframes': 2, 'rightResponseFirst': True}
263.1831 	INFO 	numtrials=360 and this trialDurFrames=3 or 50.0 ms  task=T1
264.1490 	EXP 	window1: recordFrameIntervals = False
264.1576 	INFO 	Mouse: using default window
265.6326 	DATA 	Keypress: m
266.9993 	DATA 	Keypress: r
267.2994 	DATA 	Keypress: z
267.4382 	EXP 	New trial (rep=2, index=9): {'leftStreamFlip': False, 'oneTarget': False, 'trialInstructionPos': (0, 1), 'probe': 'both', 'rightStreamFlip': False, 'horizVert': False, 'ISIframes': 2, 'rightResponseFirst': True}
267.4664 	INFO 	numtrials=360 and this trialDurFrames=3 or 50.0 ms  task=T1
268.5824 	EXP 	window1: recordFrameIntervals = False
268.5908 	INFO 	Mouse: using default window
270.1828 	DATA 	Keypress: s
270.3826 	DATA 	Keypress: y
270.6492 	DATA 	Keypress: x
270.7902 	EXP 	New trial (rep=2, index=10): {'leftStreamFlip': False, 'oneTarget': False, 'trialInstructionPos': (0, 1), 'probe': 'both', 'rightStreamFlip': False, 'horizVert': False, 'ISIframes': 2, 'rightResponseFirst': False}
270.8156 	INFO 	numtrials=360 and this trialDurFrames=4 or 66.6666666667 ms  task=T1
271.9993 	EXP 	window1: recordFrameIntervals = False
272.0082 	INFO 	Mouse: using default window
273.5159 	DATA 	Keypress: a
274.1495 	DATA 	Keypress: n
274.2493 	DATA 	Keypress: f
274.3902 	EXP 	New trial (rep=2, index=11): {'leftStreamFlip': False, 'oneTarget': False, 'trialInstructionPos': (0, -1), 'probe': 'both', 'rightStreamFlip': False, 'horizVert': False, 'ISIframes': 2, 'rightResponseFirst': True}
274.4149 	INFO 	numtrials=360 and this trialDurFrames=4 or 66.6666666667 ms  task=T1
275.4159 	EXP 	window1: recordFrameIntervals = False
275.4246 	INFO 	Mouse: using default window
276.6995 	DATA 	Keypress: s
277.3173 	DATA 	Keypress: t
277.6496 	DATA 	Keypress: h
277.7893 	EXP 	New trial (rep=3, index=0): {'leftStreamFlip': False, 'oneTarget': False, 'trialInstructionPos': (0, 1), 'probe': 'both', 'rightStreamFlip': False, 'horizVert': False, 'ISIframes': 2, 'rightResponseFirst': True}
277.8155 	INFO 	numtrials=360 and this trialDurFrames=3 or 50.0 ms  task=T1
278.9157 	EXP 	window1: recordFrameIntervals = False
278.9242 	INFO 	Mouse: using default window
281.3171 	DATA 	Keypress: u
282.3160 	DATA 	Keypress: z
282.6659 	DATA 	Keypress: k
282.8047 	EXP 	New trial (rep=3, index=1): {'leftStreamFlip': False, 'oneTarget': False, 'trialInstructionPos': (0, 1), 'probe': 'both', 'rightStreamFlip': False, 'horizVert': False, 'ISIframes': 2, 'rightResponseFirst': False}
282.8159 	INFO 	numtrials=360 and this trialDurFrames=3 or 50.0 ms  task=T1
283.8158 	EXP 	window1: recordFrameIntervals = False
283.8247 	INFO 	Mouse: using default window
284.6828 	DATA 	Keypress: m
285.7337 	DATA 	Keypress: z
285.9831 	DATA 	Keypress: e
286.1227 	EXP 	New trial (rep=3, index=2): {'leftStreamFlip': False, 'oneTarget': False, 'trialInstructionPos': (0, -1), 'probe': 'both', 'rightStreamFlip': False, 'horizVert': False, 'ISIframes': 2, 'rightResponseFirst': True}
286.1486 	INFO 	numtrials=360 and this trialDurFrames=3 or 50.0 ms  task=T1
287.1160 	EXP 	window1: recordFrameIntervals = False
287.1245 	INFO 	Mouse: using default window
288.3327 	DATA 	Keypress: k
288.4660 	DATA 	Keypress: g
288.5495 	DATA 	Keypress: s
288.6895 	EXP 	New trial (rep=3, index=3): {'leftStreamFlip': False, 'oneTarget': False, 'trialInstructionPos': (0, 1), 'probe': 'both', 'rightStreamFlip': False, 'horizVert': False, 'ISIframes': 2, 'rightResponseFirst': False}
288.7153 	INFO 	numtrials=360 and this trialDurFrames=3 or 50.0 ms  task=T1
289.9157 	EXP 	window1: recordFrameIntervals = False
289.9241 	INFO 	Mouse: using default window
291.1161 	DATA 	Keypress: s
291.9494 	DATA 	Keypress: g
292.2827 	DATA 	Keypress: m
292.4250 	EXP 	New trial (rep=3, index=4): {'leftStreamFlip': False, 'oneTarget': False, 'trialInstructionPos': (0, -1), 'probe': 'both', 'rightStreamFlip': False, 'horizVert': False, 'ISIframes': 2, 'rightResponseFirst': True}
292.4494 	INFO 	numtrials=360 and this trialDurFrames=3 or 50.0 ms  task=T1
293.5491 	EXP 	window1: recordFrameIntervals = False
293.5576 	INFO 	Mouse: using default window
295.5166 	DATA 	Keypress: m
297.0829 	DATA 	Keypress: j
297.4328 	DATA 	Keypress: k
297.5733 	EXP 	New trial (rep=3, index=5): {'leftStreamFlip': False, 'oneTarget': False, 'trialInstructionPos': (0, 1), 'probe': 'both', 'rightStreamFlip': False, 'horizVert': False, 'ISIframes': 2, 'rightResponseFirst': False}
297.5987 	INFO 	numtrials=360 and this trialDurFrames=3 or 50.0 ms  task=T1
298.7659 	EXP 	window1: recordFrameIntervals = False
298.7745 	INFO 	Mouse: using default window
300.0660 	DATA 	Keypress: y
300.6160 	DATA 	Keypress: c
300.8161 	DATA 	Keypress: u
300.9548 	EXP 	New trial (rep=3, index=6): {'leftStreamFlip': False, 'oneTarget': False, 'trialInstructionPos': (0, -1), 'probe': 'both', 'rightStreamFlip': False, 'horizVert': False, 'ISIframes': 2, 'rightResponseFirst': True}
300.9833 	INFO 	numtrials=360 and this trialDurFrames=3 or 50.0 ms  task=T1
302.1158 	EXP 	window1: recordFrameIntervals = False
302.1243 	INFO 	Mouse: using default window
303.3993 	DATA 	Keypress: k
304.7994 	DATA 	Keypress: g
304.9331 	DATA 	Keypress: z
305.0731 	EXP 	New trial (rep=3, index=7): {'leftStreamFlip': False, 'oneTarget': False, 'trialInstructionPos': (0, 1), 'probe': 'both', 'rightStreamFlip': False, 'horizVert': False, 'ISIframes': 2, 'rightResponseFirst': True}
305.0988 	INFO 	numtrials=360 and this trialDurFrames=3 or 50.0 ms  task=T1
306.2325 	EXP 	window1: recordFrameIntervals = False
306.2413 	INFO 	Mouse: using default window
307.6328 	DATA 	Keypress: z
308.1496 	DATA 	Keypress: y
308.8660 	DATA 	Keypress: j
309.0071 	EXP 	New trial (rep=3, index=8): {'leftStreamFlip': False, 'oneTarget': False, 'trialInstructionPos': (0, 1), 'probe': 'both', 'rightStreamFlip': False, 'horizVert': False, 'ISIframes': 2, 'rightResponseFirst': True}
309.0320 	INFO 	numtrials=360 and this trialDurFrames=4 or 66.6666666667 ms  task=T1
310.1159 	EXP 	window1: recordFrameIntervals = False
310.1246 	INFO 	Mouse: using default window
311.3329 	DATA 	Keypress: m
311.8662 	DATA 	Keypress: y
312.0163 	DATA 	Keypress: h
312.1555 	EXP 	New trial (rep=3, index=9): {'leftStreamFlip': False, 'oneTarget': False, 'trialInstructionPos': (0, -1), 'probe': 'both', 'rightStreamFlip': False, 'horizVert': False, 'ISIframes': 2, 'rightResponseFirst': False}
312.1824 	INFO 	numtrials=360 and this trialDurFrames=4 or 66.6666666667 ms  task=T1
313.3659 	EXP 	window1: recordFrameIntervals = False
313.3744 	INFO 	Mouse: using default window
314.7162 	DATA 	Keypress: u
315.6662 	DATA 	Keypress: j
315.7173 	DATA 	Keypress: y
315.8730 	EXP 	New trial (rep=3, index=10): {'leftStreamFlip': False, 'oneTarget': False, 'trialInstructionPos': (0, -1), 'probe': 'both', 'rightStreamFlip': False, 'horizVert': False, 'ISIframes': 2, 'rightResponseFirst': False}
315.8989 	INFO 	numtrials=360 and this trialDurFrames=3 or 50.0 ms  task=T1
317.0325 	EXP 	window1: recordFrameIntervals = False
317.0411 	INFO 	Mouse: using default window
318.9161 	DATA 	Keypress: x
319.3993 	DATA 	Keypress: a
320.1661 	DATA 	Keypress: e
320.3061 	EXP 	New trial (rep=3, index=11): {'leftStreamFlip': False, 'oneTarget': False, 'trialInstructionPos': (0, -1), 'probe': 'both', 'rightStreamFlip': False, 'horizVert': False, 'ISIframes': 2, 'rightResponseFirst': False}
320.3319 	INFO 	numtrials=360 and this trialDurFrames=4 or 66.6666666667 ms  task=T1
321.4991 	EXP 	window1: recordFrameIntervals = False
321.5079 	INFO 	Mouse: using default window
323.0494 	DATA 	Keypress: h
323.7495 	DATA 	Keypress: m
323.9494 	DATA 	Keypress: f
324.0903 	EXP 	New trial (rep=4, index=0): {'leftStreamFlip': False, 'oneTarget': False, 'trialInstructionPos': (0, 1), 'probe': 'both', 'rightStreamFlip': False, 'horizVert': False, 'ISIframes': 2, 'rightResponseFirst': False}
324.1155 	INFO 	numtrials=360 and this trialDurFrames=4 or 66.6666666667 ms  task=T1
325.1158 	EXP 	window1: recordFrameIntervals = False
325.1236 	INFO 	Mouse: using default window
326.4660 	DATA 	Keypress: j
327.4160 	DATA 	Keypress: z
327.5827 	DATA 	Keypress: t
327.7229 	EXP 	New trial (rep=4, index=1): {'leftStreamFlip': False, 'oneTarget': False, 'trialInstructionPos': (0, 1), 'probe': 'both', 'rightStreamFlip': False, 'horizVert': False, 'ISIframes': 2, 'rightResponseFirst': True}
327.7490 	INFO 	numtrials=360 and this trialDurFrames=3 or 50.0 ms  task=T1
328.8658 	EXP 	window1: recordFrameIntervals = False
328.8743 	INFO 	Mouse: using default window
330.4827 	DATA 	Keypress: s
331.3195 	DATA 	Keypress: u
331.5995 	DATA 	Keypress: j
331.7401 	EXP 	New trial (rep=4, index=2): {'leftStreamFlip': False, 'oneTarget': False, 'trialInstructionPos': (0, -1), 'probe': 'both', 'rightStreamFlip': False, 'horizVert': False, 'ISIframes': 2, 'rightResponseFirst': True}
331.7657 	INFO 	numtrials=360 and this trialDurFrames=3 or 50.0 ms  task=T1
332.8158 	EXP 	window1: recordFrameIntervals = False
332.8242 	INFO 	Mouse: using default window
333.9328 	DATA 	Keypress: j
334.8829 	DATA 	Keypress: e
334.9995 	DATA 	Keypress: z
335.1455 	EXP 	New trial (rep=4, index=3): {'leftStreamFlip': False, 'oneTarget': False, 'trialInstructionPos': (0, -1), 'probe': 'both', 'rightStreamFlip': False, 'horizVert': False, 'ISIframes': 2, 'rightResponseFirst': False}
335.1654 	INFO 	numtrials=360 and this trialDurFrames=4 or 66.6666666667 ms  task=T1
336.3492 	EXP 	window1: recordFrameIntervals = False
336.3580 	INFO 	Mouse: using default window
337.5328 	DATA 	Keypress: e
338.5827 	DATA 	Keypress: t
338.7161 	DATA 	Keypress: a
338.8675 	EXP 	New trial (rep=4, index=4): {'leftStreamFlip': False, 'oneTarget': False, 'trialInstructionPos': (0, -1), 'probe': 'both', 'rightStreamFlip': False, 'horizVert': False, 'ISIframes': 2, 'rightResponseFirst': False}
338.8819 	INFO 	numtrials=360 and this trialDurFrames=4 or 66.6666666667 ms  task=T1
340.0327 	EXP 	window1: recordFrameIntervals = False
340.0410 	INFO 	Mouse: using default window
341.8496 	DATA 	Keypress: m
342.9497 	DATA 	Keypress: u
343.0169 	DATA 	Keypress: g
343.1553 	EXP 	New trial (rep=4, index=5): {'leftStreamFlip': False, 'oneTarget': False, 'trialInstructionPos': (0, -1), 'probe': 'both', 'rightStreamFlip': False, 'horizVert': False, 'ISIframes': 2, 'rightResponseFirst': True}
343.1826 	INFO 	numtrials=360 and this trialDurFrames=3 or 50.0 ms  task=T1
344.2494 	EXP 	window1: recordFrameIntervals = False
344.2578 	INFO 	Mouse: using default window
345.0994 	DATA 	Keypress: a
345.1828 	DATA 	Keypress: d
345.5161 	DATA 	Keypress: f
345.6554 	EXP 	New trial (rep=4, index=6): {'leftStreamFlip': False, 'oneTarget': False, 'trialInstructionPos': (0, 1), 'probe': 'both', 'rightStreamFlip': False, 'horizVert': False, 'ISIframes': 2, 'rightResponseFirst': False}
345.6822 	INFO 	numtrials=360 and this trialDurFrames=4 or 66.6666666667 ms  task=T1
346.8825 	EXP 	window1: recordFrameIntervals = False
346.8908 	INFO 	Mouse: using default window
348.2663 	DATA 	Keypress: t
349.3830 	DATA 	Keypress: e
349.4995 	DATA 	Keypress: k
349.6388 	EXP 	New trial (rep=4, index=7): {'leftStreamFlip': False, 'oneTarget': False, 'trialInstructionPos': (0, 1), 'probe': 'both', 'rightStreamFlip': False, 'horizVert': False, 'ISIframes': 2, 'rightResponseFirst': True}
349.6651 	INFO 	numtrials=360 and this trialDurFrames=4 or 66.6666666667 ms  task=T1
350.7992 	EXP 	window1: recordFrameIntervals = False
350.8081 	INFO 	Mouse: using default window
351.9828 	DATA 	Keypress: j
353.0828 	DATA 	Keypress: h
353.1328 	DATA 	Keypress: r
353.2705 	EXP 	New trial (rep=4, index=8): {'leftStreamFlip': False, 'oneTarget': False, 'trialInstructionPos': (0, -1), 'probe': 'both', 'rightStreamFlip': False, 'horizVert': False, 'ISIframes': 2, 'rightResponseFirst': True}
353.2823 	INFO 	numtrials=360 and this trialDurFrames=3 or 50.0 ms  task=T1
354.3826 	EXP 	window1: recordFrameIntervals = False
354.3916 	INFO 	Mouse: using default window
356.9174 	DATA 	Keypress: u
357.4827 	DATA 	Keypress: k
357.6161 	DATA 	Keypress: r
357.7556 	EXP 	New trial (rep=4, index=9): {'leftStreamFlip': False, 'oneTarget': False, 'trialInstructionPos': (0, 1), 'probe': 'both', 'rightStreamFlip': False, 'horizVert': False, 'ISIframes': 2, 'rightResponseFirst': False}
357.7826 	INFO 	numtrials=360 and this trialDurFrames=4 or 66.6666666667 ms  task=T1
358.9660 	EXP 	window1: recordFrameIntervals = False
358.9748 	INFO 	Mouse: using default window
360.5172 	DATA 	Keypress: e
361.2996 	DATA 	Keypress: r
361.4995 	DATA 	Keypress: c
361.6397 	EXP 	New trial (rep=4, index=10): {'leftStreamFlip': False, 'oneTarget': False, 'trialInstructionPos': (0, -1), 'probe': 'both', 'rightStreamFlip': False, 'horizVert': False, 'ISIframes': 2, 'rightResponseFirst': False}
361.6665 	INFO 	numtrials=360 and this trialDurFrames=4 or 66.6666666667 ms  task=T1
362.7158 	EXP 	window1: recordFrameIntervals = False
362.7243 	INFO 	Mouse: using default window
364.0333 	DATA 	Keypress: s
364.7661 	DATA 	Keypress: g
365.1496 	DATA 	Keypress: o
365.2901 	EXP 	New trial (rep=4, index=11): {'leftStreamFlip': False, 'oneTarget': False, 'trialInstructionPos': (0, 1), 'probe': 'both', 'rightStreamFlip': False, 'horizVert': False, 'ISIframes': 2, 'rightResponseFirst': True}
365.3156 	INFO 	numtrials=360 and this trialDurFrames=4 or 66.6666666667 ms  task=T1
366.4494 	EXP 	window1: recordFrameIntervals = False
366.4582 	INFO 	Mouse: using default window
367.9828 	DATA 	Keypress: k
368.0495 	DATA 	Keypress: g
368.1995 	DATA 	Keypress: r
368.3390 	EXP 	New trial (rep=5, index=0): {'leftStreamFlip': False, 'oneTarget': False, 'trialInstructionPos': (0, 1), 'probe': 'both', 'rightStreamFlip': False, 'horizVert': False, 'ISIframes': 2, 'rightResponseFirst': False}
368.3655 	INFO 	numtrials=360 and this trialDurFrames=4 or 66.6666666667 ms  task=T1
369.5828 	EXP 	window1: recordFrameIntervals = False
369.5916 	INFO 	Mouse: using default window
370.8161 	DATA 	Keypress: j
371.4996 	DATA 	Keypress: n
371.6328 	DATA 	Keypress: c
371.7746 	EXP 	New trial (rep=5, index=1): {'leftStreamFlip': False, 'oneTarget': False, 'trialInstructionPos': (0, 1), 'probe': 'both', 'rightStreamFlip': False, 'horizVert': False, 'ISIframes': 2, 'rightResponseFirst': False}
371.7988 	INFO 	numtrials=360 and this trialDurFrames=4 or 66.6666666667 ms  task=T1
372.8993 	EXP 	window1: recordFrameIntervals = False
372.9077 	INFO 	Mouse: using default window
374.2995 	DATA 	Keypress: h
374.3995 	DATA 	Keypress: y
374.9161 	DATA 	Keypress: s
375.0566 	EXP 	New trial (rep=5, index=2): {'leftStreamFlip': False, 'oneTarget': False, 'trialInstructionPos': (0, -1), 'probe': 'both', 'rightStreamFlip': False, 'horizVert': False, 'ISIframes': 2, 'rightResponseFirst': True}
375.0823 	INFO 	numtrials=360 and this trialDurFrames=4 or 66.6666666667 ms  task=T1
376.1329 	EXP 	window1: recordFrameIntervals = False
376.1409 	INFO 	Mouse: using default window
377.4161 	DATA 	Keypress: n
378.3828 	DATA 	Keypress: y
378.4669 	DATA 	Keypress: c
378.6059 	EXP 	New trial (rep=5, index=3): {'leftStreamFlip': False, 'oneTarget': False, 'trialInstructionPos': (0, 1), 'probe': 'both', 'rightStreamFlip': False, 'horizVert': False, 'ISIframes': 2, 'rightResponseFirst': True}
378.6322 	INFO 	numtrials=360 and this trialDurFrames=4 or 66.6666666667 ms  task=T1
379.6826 	EXP 	window1: recordFrameIntervals = False
379.6909 	INFO 	Mouse: using default window
381.0329 	DATA 	Keypress: c
381.9496 	DATA 	Keypress: h
382.0828 	DATA 	Keypress: f
382.2221 	EXP 	New trial (rep=5, index=4): {'leftStreamFlip': False, 'oneTarget': False, 'trialInstructionPos': (0, -1), 'probe': 'both', 'rightStreamFlip': False, 'horizVert': False, 'ISIframes': 2, 'rightResponseFirst': False}
382.2489 	INFO 	numtrials=360 and this trialDurFrames=4 or 66.6666666667 ms  task=T1
383.3994 	EXP 	window1: recordFrameIntervals = False
383.4078 	INFO 	Mouse: using default window
385.6496 	DATA 	Keypress: f
386.5497 	DATA 	Keypress: c
386.7162 	DATA 	Keypress: t
386.8564 	EXP 	New trial (rep=5, index=5): {'leftStreamFlip': False, 'oneTarget': False, 'trialInstructionPos': (0, -1), 'probe': 'both', 'rightStreamFlip': False, 'horizVert': False, 'ISIframes': 2, 'rightResponseFirst': True}
386.8824 	INFO 	numtrials=360 and this trialDurFrames=4 or 66.6666666667 ms  task=T1
388.0493 	EXP 	window1: recordFrameIntervals = False
388.0578 	INFO 	Mouse: using default window
390.5162 	DATA 	Keypress: c
391.1496 	DATA 	Keypress: j
391.2495 	DATA 	Keypress: s
391.3996 	EXP 	New trial (rep=5, index=6): {'leftStreamFlip': False, 'oneTarget': False, 'trialInstructionPos': (0, -1), 'probe': 'both', 'rightStreamFlip': False, 'horizVert': False, 'ISIframes': 2, 'rightResponseFirst': False}
391.4160 	INFO 	numtrials=360 and this trialDurFrames=4 or 66.6666666667 ms  task=T1
392.5163 	EXP 	window1: recordFrameIntervals = False
392.5257 	INFO 	Mouse: using default window
393.6829 	DATA 	Keypress: t
394.3161 	DATA 	Keypress: n
394.3829 	DATA 	Keypress: m
394.5224 	EXP 	New trial (rep=5, index=7): {'leftStreamFlip': False, 'oneTarget': False, 'trialInstructionPos': (0, 1), 'probe': 'both', 'rightStreamFlip': False, 'horizVert': False, 'ISIframes': 2, 'rightResponseFirst': True}
394.5491 	INFO 	numtrials=360 and this trialDurFrames=4 or 66.6666666667 ms  task=T1
395.6326 	EXP 	window1: recordFrameIntervals = False
395.6408 	INFO 	Mouse: using default window
396.9497 	DATA 	Keypress: z
397.7497 	DATA 	Keypress: y
397.8662 	DATA 	Keypress: h
398.0060 	EXP 	New trial (rep=5, index=8): {'leftStreamFlip': False, 'oneTarget': False, 'trialInstructionPos': (0, 1), 'probe': 'both', 'rightStreamFlip': False, 'horizVert': False, 'ISIframes': 2, 'rightResponseFirst': True}
398.0326 	INFO 	numtrials=360 and this trialDurFrames=4 or 66.6666666667 ms  task=T1
399.1826 	EXP 	window1: recordFrameIntervals = False
399.1912 	INFO 	Mouse: using default window
401.0661 	DATA 	Keypress: z
401.7663 	DATA 	Keypress: k
401.8662 	DATA 	Keypress: y
402.0054 	EXP 	New trial (rep=5, index=9): {'leftStreamFlip': False, 'oneTarget': False, 'trialInstructionPos': (0, 1), 'probe': 'both', 'rightStreamFlip': False, 'horizVert': False, 'ISIframes': 2, 'rightResponseFirst': False}
402.0323 	INFO 	numtrials=360 and this trialDurFrames=4 or 66.6666666667 ms  task=T1
403.2327 	EXP 	window1: recordFrameIntervals = False
403.2410 	INFO 	Mouse: using default window
404.4163 	DATA 	Keypress: j
405.1669 	DATA 	Keypress: n
406.0162 	DATA 	Keypress: y
406.1577 	EXP 	New trial (rep=5, index=10): {'leftStreamFlip': False, 'oneTarget': False, 'trialInstructionPos': (0, -1), 'probe': 'both', 'rightStreamFlip': False, 'horizVert': False, 'ISIframes': 2, 'rightResponseFirst': True}
406.1818 	INFO 	numtrials=360 and this trialDurFrames=3 or 50.0 ms  task=T1
407.3163 	EXP 	window1: recordFrameIntervals = False
407.3259 	INFO 	Mouse: using default window
409.6495 	DATA 	Keypress: s
410.3495 	DATA 	Keypress: m
410.6496 	DATA 	Keypress: k
410.7879 	EXP 	New trial (rep=5, index=11): {'leftStreamFlip': False, 'oneTarget': False, 'trialInstructionPos': (0, -1), 'probe': 'both', 'rightStreamFlip': False, 'horizVert': False, 'ISIframes': 2, 'rightResponseFirst': False}
410.8157 	INFO 	numtrials=360 and this trialDurFrames=3 or 50.0 ms  task=T1
411.9993 	EXP 	window1: recordFrameIntervals = False
412.0079 	INFO 	Mouse: using default window
413.3173 	DATA 	Keypress: e
413.9661 	DATA 	Keypress: t
414.0995 	DATA 	Keypress: n
414.2403 	EXP 	New trial (rep=6, index=0): {'leftStreamFlip': False, 'oneTarget': False, 'trialInstructionPos': (0, -1), 'probe': 'both', 'rightStreamFlip': False, 'horizVert': False, 'ISIframes': 2, 'rightResponseFirst': True}
414.2656 	INFO 	numtrials=360 and this trialDurFrames=4 or 66.6666666667 ms  task=T1
414.3087 	DATA 	Keypress: return
415.4828 	EXP 	window1: recordFrameIntervals = False
415.4910 	INFO 	Mouse: using default window
416.5830 	DATA 	Keypress: z
417.4828 	DATA 	Keypress: s
417.6162 	DATA 	Keypress: h
417.7570 	EXP 	New trial (rep=6, index=1): {'leftStreamFlip': False, 'oneTarget': False, 'trialInstructionPos': (0, -1), 'probe': 'both', 'rightStreamFlip': False, 'horizVert': False, 'ISIframes': 2, 'rightResponseFirst': True}
417.7824 	INFO 	numtrials=360 and this trialDurFrames=4 or 66.6666666667 ms  task=T1
418.7660 	EXP 	window1: recordFrameIntervals = False
418.7751 	INFO 	Mouse: using default window
420.1662 	DATA 	Keypress: c
420.9996 	DATA 	Keypress: r
421.3497 	DATA 	Keypress: s
421.4885 	EXP 	New trial (rep=6, index=2): {'leftStreamFlip': False, 'oneTarget': False, 'trialInstructionPos': (0, -1), 'probe': 'both', 'rightStreamFlip': False, 'horizVert': False, 'ISIframes': 2, 'rightResponseFirst': False}
421.5166 	INFO 	numtrials=360 and this trialDurFrames=3 or 50.0 ms  task=T1
422.6994 	EXP 	window1: recordFrameIntervals = False
422.7079 	INFO 	Mouse: using default window
423.3996 	DATA 	Keypress: d
423.6166 	DATA 	Keypress: a
423.9996 	DATA 	Keypress: s
424.1392 	EXP 	New trial (rep=6, index=3): {'leftStreamFlip': False, 'oneTarget': False, 'trialInstructionPos': (0, -1), 'probe': 'both', 'rightStreamFlip': False, 'horizVert': False, 'ISIframes': 2, 'rightResponseFirst': False}
424.1652 	INFO 	numtrials=360 and this trialDurFrames=4 or 66.6666666667 ms  task=T1
425.1826 	EXP 	window1: recordFrameIntervals = False
425.1909 	INFO 	Mouse: using default window
429.4663 	DATA 	Keypress: h
429.8330 	DATA 	Keypress: c
430.1335 	DATA 	Keypress: z
430.2765 	EXP 	New trial (rep=6, index=4): {'leftStreamFlip': False, 'oneTarget': False, 'trialInstructionPos': (0, 1), 'probe': 'both', 'rightStreamFlip': False, 'horizVert': False, 'ISIframes': 2, 'rightResponseFirst': True}
430.2991 	INFO 	numtrials=360 and this trialDurFrames=4 or 66.6666666667 ms  task=T1
431.4661 	EXP 	window1: recordFrameIntervals = False
431.4746 	INFO 	Mouse: using default window
432.7495 	DATA 	Keypress: j
433.4830 	DATA 	Keypress: e
433.7162 	DATA 	Keypress: c
433.8567 	EXP 	New trial (rep=6, index=5): {'leftStreamFlip': False, 'oneTarget': False, 'trialInstructionPos': (0, 1), 'probe': 'both', 'rightStreamFlip': False, 'horizVert': False, 'ISIframes': 2, 'rightResponseFirst': False}
433.8823 	INFO 	numtrials=360 and this trialDurFrames=3 or 50.0 ms  task=T1
434.8660 	EXP 	window1: recordFrameIntervals = False
434.8748 	INFO 	Mouse: using default window
436.6996 	DATA 	Keypress: c
437.1163 	DATA 	Keypress: a
437.2663 	DATA 	Keypress: u
437.4054 	EXP 	New trial (rep=6, index=6): {'leftStreamFlip': False, 'oneTarget': False, 'trialInstructionPos': (0, -1), 'probe': 'both', 'rightStreamFlip': False, 'horizVert': False, 'ISIframes': 2, 'rightResponseFirst': True}
437.4168 	INFO 	numtrials=360 and this trialDurFrames=3 or 50.0 ms  task=T1
438.3826 	EXP 	window1: recordFrameIntervals = False
438.3913 	INFO 	Mouse: using default window
439.5330 	DATA 	Keypress: e
440.4997 	DATA 	Keypress: r
440.6329 	DATA 	Keypress: z
440.7737 	EXP 	New trial (rep=6, index=7): {'leftStreamFlip': False, 'oneTarget': False, 'trialInstructionPos': (0, 1), 'probe': 'both', 'rightStreamFlip': False, 'horizVert': False, 'ISIframes': 2, 'rightResponseFirst': True}
440.7990 	INFO 	numtrials=360 and this trialDurFrames=3 or 50.0 ms  task=T1
441.9327 	EXP 	window1: recordFrameIntervals = False
441.9415 	INFO 	Mouse: using default window
443.1498 	DATA 	Keypress: k
444.5174 	DATA 	Keypress: z
444.6330 	DATA 	Keypress: m
444.7824 	EXP 	New trial (rep=6, index=8): {'leftStreamFlip': False, 'oneTarget': False, 'trialInstructionPos': (0, -1), 'probe': 'both', 'rightStreamFlip': False, 'horizVert': False, 'ISIframes': 2, 'rightResponseFirst': False}
444.7984 	INFO 	numtrials=360 and this trialDurFrames=3 or 50.0 ms  task=T1
445.9661 	EXP 	window1: recordFrameIntervals = False
445.9747 	INFO 	Mouse: using default window
446.7329 	DATA 	Keypress: m
446.7995 	DATA 	Keypress: e
447.0497 	DATA 	Keypress: x
447.1907 	EXP 	New trial (rep=6, index=9): {'leftStreamFlip': False, 'oneTarget': False, 'trialInstructionPos': (0, 1), 'probe': 'both', 'rightStreamFlip': False, 'horizVert': False, 'ISIframes': 2, 'rightResponseFirst': False}
447.2159 	INFO 	numtrials=360 and this trialDurFrames=3 or 50.0 ms  task=T1
448.1828 	EXP 	window1: recordFrameIntervals = False
448.1915 	INFO 	Mouse: using default window
450.0663 	DATA 	Keypress: k
451.2163 	DATA 	Keypress: c
451.3175 	DATA 	Keypress: n
451.4723 	EXP 	New trial (rep=6, index=10): {'leftStreamFlip': False, 'oneTarget': False, 'trialInstructionPos': (0, 1), 'probe': 'both', 'rightStreamFlip': False, 'horizVert': False, 'ISIframes': 2, 'rightResponseFirst': True}
451.4841 	INFO 	numtrials=360 and this trialDurFrames=3 or 50.0 ms  task=T1
452.6327 	EXP 	window1: recordFrameIntervals = False
452.6416 	INFO 	Mouse: using default window
454.0829 	DATA 	Keypress: u
454.6662 	DATA 	Keypress: z
454.8162 	DATA 	Keypress: h
454.9564 	EXP 	New trial (rep=6, index=11): {'leftStreamFlip': False, 'oneTarget': False, 'trialInstructionPos': (0, 1), 'probe': 'both', 'rightStreamFlip': False, 'horizVert': False, 'ISIframes': 2, 'rightResponseFirst': False}
454.9824 	INFO 	numtrials=360 and this trialDurFrames=3 or 50.0 ms  task=T1
455.9995 	EXP 	window1: recordFrameIntervals = False
456.0080 	INFO 	Mouse: using default window
457.0662 	DATA 	Keypress: e
457.6497 	DATA 	Keypress: n
457.7501 	DATA 	Keypress: z
457.8902 	EXP 	New trial (rep=7, index=0): {'leftStreamFlip': False, 'oneTarget': False, 'trialInstructionPos': (0, -1), 'probe': 'both', 'rightStreamFlip': False, 'horizVert': False, 'ISIframes': 2, 'rightResponseFirst': True}
457.9157 	INFO 	numtrials=360 and this trialDurFrames=3 or 50.0 ms  task=T1
459.0827 	EXP 	window1: recordFrameIntervals = False
459.0910 	INFO 	Mouse: using default window
459.8329 	DATA 	Keypress: a
459.9498 	DATA 	Keypress: d
460.1664 	DATA 	Keypress: a
460.3069 	EXP 	New trial (rep=7, index=1): {'leftStreamFlip': False, 'oneTarget': False, 'trialInstructionPos': (0, 1), 'probe': 'both', 'rightStreamFlip': False, 'horizVert': False, 'ISIframes': 2, 'rightResponseFirst': False}
460.3322 	INFO 	numtrials=360 and this trialDurFrames=3 or 50.0 ms  task=T1
461.4827 	EXP 	window1: recordFrameIntervals = False
461.4926 	INFO 	Mouse: using default window
462.7663 	DATA 	Keypress: e
463.2998 	DATA 	Keypress: g
463.3666 	DATA 	Keypress: k
463.5150 	EXP 	New trial (rep=7, index=2): {'leftStreamFlip': False, 'oneTarget': False, 'trialInstructionPos': (0, 1), 'probe': 'both', 'rightStreamFlip': False, 'horizVert': False, 'ISIframes': 2, 'rightResponseFirst': True}
463.5189 	DATA 	Keypress: return
463.5322 	INFO 	numtrials=360 and this trialDurFrames=3 or 50.0 ms  task=T1
464.5828 	EXP 	window1: recordFrameIntervals = False
464.5908 	INFO 	Mouse: using default window
465.6663 	DATA 	Keypress: g
466.0328 	DATA 	Keypress: y
466.2662 	DATA 	Keypress: z
466.4076 	EXP 	New trial (rep=7, index=3): {'leftStreamFlip': False, 'oneTarget': False, 'trialInstructionPos': (0, 1), 'probe': 'both', 'rightStreamFlip': False, 'horizVert': False, 'ISIframes': 2, 'rightResponseFirst': True}
466.4322 	INFO 	numtrials=360 and this trialDurFrames=4 or 66.6666666667 ms  task=T1
467.5996 	EXP 	window1: recordFrameIntervals = False
467.6084 	INFO 	Mouse: using default window
468.9498 	DATA 	Keypress: m
470.1498 	DATA 	Keypress: u
470.2328 	DATA 	Keypress: r
470.3732 	EXP 	New trial (rep=7, index=4): {'leftStreamFlip': False, 'oneTarget': False, 'trialInstructionPos': (0, -1), 'probe': 'both', 'rightStreamFlip': False, 'horizVert': False, 'ISIframes': 2, 'rightResponseFirst': True}
470.3992 	INFO 	numtrials=360 and this trialDurFrames=4 or 66.6666666667 ms  task=T1
471.5662 	EXP 	window1: recordFrameIntervals = False
471.5751 	INFO 	Mouse: using default window
475.1331 	DATA 	Keypress: y
475.8163 	DATA 	Keypress: k
475.9663 	DATA 	Keypress: s
476.1065 	EXP 	New trial (rep=7, index=5): {'leftStreamFlip': False, 'oneTarget': False, 'trialInstructionPos': (0, -1), 'probe': 'both', 'rightStreamFlip': False, 'horizVert': False, 'ISIframes': 2, 'rightResponseFirst': False}
476.1326 	INFO 	numtrials=360 and this trialDurFrames=3 or 50.0 ms  task=T1
477.1327 	EXP 	window1: recordFrameIntervals = False
477.1413 	INFO 	Mouse: using default window
479.7012 	DATA 	Keypress: e
479.8329 	DATA 	Keypress: y
479.9331 	DATA 	Keypress: d
480.0724 	EXP 	New trial (rep=7, index=6): {'leftStreamFlip': False, 'oneTarget': False, 'trialInstructionPos': (0, 1), 'probe': 'both', 'rightStreamFlip': False, 'horizVert': False, 'ISIframes': 2, 'rightResponseFirst': False}
480.0828 	INFO 	numtrials=360 and this trialDurFrames=3 or 50.0 ms  task=T1
481.2495 	EXP 	window1: recordFrameIntervals = False
481.2585 	INFO 	Mouse: using default window
482.8997 	DATA 	Keypress: s
483.4497 	DATA 	Keypress: a
483.5333 	DATA 	Keypress: k
483.6809 	EXP 	New trial (rep=7, index=7): {'leftStreamFlip': False, 'oneTarget': False, 'trialInstructionPos': (0, 1), 'probe': 'both', 'rightStreamFlip': False, 'horizVert': False, 'ISIframes': 2, 'rightResponseFirst': False}
483.6992 	INFO 	numtrials=360 and this trialDurFrames=3 or 50.0 ms  task=T1
484.8160 	EXP 	window1: recordFrameIntervals = False
484.8245 	INFO 	Mouse: using default window
487.0497 	DATA 	Keypress: z
487.7010 	DATA 	Keypress: k
487.7664 	DATA 	Keypress: s
487.9065 	EXP 	New trial (rep=7, index=8): {'leftStreamFlip': False, 'oneTarget': False, 'trialInstructionPos': (0, -1), 'probe': 'both', 'rightStreamFlip': False, 'horizVert': False, 'ISIframes': 2, 'rightResponseFirst': False}
487.9324 	INFO 	numtrials=360 and this trialDurFrames=3 or 50.0 ms  task=T1
488.9495 	EXP 	window1: recordFrameIntervals = False
488.9580 	INFO 	Mouse: using default window
490.0496 	DATA 	Keypress: u
490.1334 	DATA 	Keypress: r
490.3330 	DATA 	Keypress: t
490.4813 	EXP 	New trial (rep=7, index=9): {'leftStreamFlip': False, 'oneTarget': False, 'trialInstructionPos': (0, 1), 'probe': 'both', 'rightStreamFlip': False, 'horizVert': False, 'ISIframes': 2, 'rightResponseFirst': True}
490.4992 	INFO 	numtrials=360 and this trialDurFrames=3 or 50.0 ms  task=T1
491.6329 	EXP 	window1: recordFrameIntervals = False
491.6412 	INFO 	Mouse: using default window
493.5496 	DATA 	Keypress: g
493.9664 	DATA 	Keypress: f
494.1175 	DATA 	Keypress: e
494.2719 	EXP 	New trial (rep=7, index=10): {'leftStreamFlip': False, 'oneTarget': False, 'trialInstructionPos': (0, -1), 'probe': 'both', 'rightStreamFlip': False, 'horizVert': False, 'ISIframes': 2, 'rightResponseFirst': True}
494.2826 	INFO 	numtrials=360 and this trialDurFrames=3 or 50.0 ms  task=T1
495.4162 	EXP 	window1: recordFrameIntervals = False
495.4248 	INFO 	Mouse: using default window
497.3663 	DATA 	Keypress: e
497.8997 	DATA 	Keypress: n
497.9498 	DATA 	Keypress: f
498.1011 	EXP 	New trial (rep=7, index=11): {'leftStreamFlip': False, 'oneTarget': False, 'trialInstructionPos': (0, -1), 'probe': 'both', 'rightStreamFlip': False, 'horizVert': False, 'ISIframes': 2, 'rightResponseFirst': False}
498.1160 	INFO 	numtrials=360 and this trialDurFrames=3 or 50.0 ms  task=T1
499.2162 	EXP 	window1: recordFrameIntervals = False
499.2248 	INFO 	Mouse: using default window
500.0830 	DATA 	Keypress: f
500.0892 	DATA 	Keypress: n
500.2996 	DATA 	Keypress: a
501.5331 	DATA 	Keypress: f
501.6741 	EXP 	New trial (rep=8, index=0): {'leftStreamFlip': False, 'oneTarget': False, 'trialInstructionPos': (0, 1), 'probe': 'both', 'rightStreamFlip': False, 'horizVert': False, 'ISIframes': 2, 'rightResponseFirst': True}
501.6992 	INFO 	numtrials=360 and this trialDurFrames=3 or 50.0 ms  task=T1
502.8661 	EXP 	window1: recordFrameIntervals = False
502.8756 	INFO 	Mouse: using default window
505.0830 	DATA 	Keypress: g
505.5997 	DATA 	Keypress: h
505.6997 	DATA 	Keypress: e
505.8394 	EXP 	New trial (rep=8, index=1): {'leftStreamFlip': False, 'oneTarget': False, 'trialInstructionPos': (0, 1), 'probe': 'both', 'rightStreamFlip': False, 'horizVert': False, 'ISIframes': 2, 'rightResponseFirst': True}
505.8657 	INFO 	numtrials=360 and this trialDurFrames=3 or 50.0 ms  task=T1
506.9496 	EXP 	window1: recordFrameIntervals = False
506.9583 	INFO 	Mouse: using default window
509.5330 	DATA 	Keypress: h
510.3664 	DATA 	Keypress: m
510.5330 	DATA 	Keypress: j
510.6725 	EXP 	New trial (rep=8, index=2): {'leftStreamFlip': False, 'oneTarget': False, 'trialInstructionPos': (0, 1), 'probe': 'both', 'rightStreamFlip': False, 'horizVert': False, 'ISIframes': 2, 'rightResponseFirst': True}
510.6990 	INFO 	numtrials=360 and this trialDurFrames=3 or 50.0 ms  task=T1
511.8997 	EXP 	window1: recordFrameIntervals = False
511.9094 	INFO 	Mouse: using default window
513.0662 	DATA 	Keypress: u
513.5664 	DATA 	Keypress: j
513.7498 	DATA 	Keypress: m
513.9030 	EXP 	New trial (rep=8, index=3): {'leftStreamFlip': False, 'oneTarget': False, 'trialInstructionPos': (0, -1), 'probe': 'both', 'rightStreamFlip': False, 'horizVert': False, 'ISIframes': 2, 'rightResponseFirst': False}
513.9157 	INFO 	numtrials=360 and this trialDurFrames=3 or 50.0 ms  task=T1
515.0328 	EXP 	window1: recordFrameIntervals = False
515.0414 	INFO 	Mouse: using default window
516.3997 	DATA 	Keypress: k
516.6163 	DATA 	Keypress: m
516.7997 	DATA 	Keypress: j
516.9402 	EXP 	New trial (rep=8, index=4): {'leftStreamFlip': False, 'oneTarget': False, 'trialInstructionPos': (0, 1), 'probe': 'both', 'rightStreamFlip': False, 'horizVert': False, 'ISIframes': 2, 'rightResponseFirst': False}
516.9657 	INFO 	numtrials=360 and this trialDurFrames=3 or 50.0 ms  task=T1
518.1496 	EXP 	window1: recordFrameIntervals = False
518.1585 	INFO 	Mouse: using default window
519.1496 	DATA 	Keypress: m
520.1830 	DATA 	Keypress: h
520.4163 	DATA 	Keypress: j
520.5559 	EXP 	New trial (rep=8, index=5): {'leftStreamFlip': False, 'oneTarget': False, 'trialInstructionPos': (0, -1), 'probe': 'both', 'rightStreamFlip': False, 'horizVert': False, 'ISIframes': 2, 'rightResponseFirst': False}
520.5824 	INFO 	numtrials=360 and this trialDurFrames=4 or 66.6666666667 ms  task=T1
521.6832 	EXP 	window1: recordFrameIntervals = False
521.6917 	INFO 	Mouse: using default window
524.2331 	DATA 	Keypress: e
524.8164 	DATA 	Keypress: f
524.9330 	DATA 	Keypress: k
525.0733 	EXP 	New trial (rep=8, index=6): {'leftStreamFlip': False, 'oneTarget': False, 'trialInstructionPos': (0, -1), 'probe': 'both', 'rightStreamFlip': False, 'horizVert': False, 'ISIframes': 2, 'rightResponseFirst': False}
525.0989 	INFO 	numtrials=360 and this trialDurFrames=4 or 66.6666666667 ms  task=T1
526.1664 	EXP 	window1: recordFrameIntervals = False
526.1755 	INFO 	Mouse: using default window
529.6663 	DATA 	Keypress: y
530.4330 	DATA 	Keypress: k
530.6831 	DATA 	Keypress: e
530.8236 	EXP 	New trial (rep=8, index=7): {'leftStreamFlip': False, 'oneTarget': False, 'trialInstructionPos': (0, -1), 'probe': 'both', 'rightStreamFlip': False, 'horizVert': False, 'ISIframes': 2, 'rightResponseFirst': True}
530.8493 	INFO 	numtrials=360 and this trialDurFrames=3 or 50.0 ms  task=T1
531.9827 	EXP 	window1: recordFrameIntervals = False
531.9914 	INFO 	Mouse: using default window
533.3175 	DATA 	Keypress: j
534.4164 	DATA 	Keypress: k
534.5177 	DATA 	Keypress: a
534.6736 	EXP 	New trial (rep=8, index=8): {'leftStreamFlip': False, 'oneTarget': False, 'trialInstructionPos': (0, 1), 'probe': 'both', 'rightStreamFlip': False, 'horizVert': False, 'ISIframes': 2, 'rightResponseFirst': False}
534.6992 	INFO 	numtrials=360 and this trialDurFrames=3 or 50.0 ms  task=T1
535.8497 	EXP 	window1: recordFrameIntervals = False
535.8585 	INFO 	Mouse: using default window
537.0830 	DATA 	Keypress: z
538.2330 	DATA 	Keypress: t
538.3331 	DATA 	Keypress: e
538.4775 	EXP 	New trial (rep=8, index=9): {'leftStreamFlip': False, 'oneTarget': False, 'trialInstructionPos': (0, -1), 'probe': 'both', 'rightStreamFlip': False, 'horizVert': False, 'ISIframes': 2, 'rightResponseFirst': True}
538.4992 	INFO 	numtrials=360 and this trialDurFrames=3 or 50.0 ms  task=T1
539.6164 	EXP 	window1: recordFrameIntervals = False
539.6249 	INFO 	Mouse: using default window
541.0165 	DATA 	Keypress: e
541.4163 	DATA 	Keypress: j
541.5331 	DATA 	Keypress: z
541.6728 	EXP 	New trial (rep=8, index=10): {'leftStreamFlip': False, 'oneTarget': False, 'trialInstructionPos': (0, 1), 'probe': 'both', 'rightStreamFlip': False, 'horizVert': False, 'ISIframes': 2, 'rightResponseFirst': False}
541.6991 	INFO 	numtrials=360 and this trialDurFrames=3 or 50.0 ms  task=T1
542.8162 	EXP 	window1: recordFrameIntervals = False
542.8251 	INFO 	Mouse: using default window
544.1011 	DATA 	Keypress: c
544.8997 	DATA 	Keypress: a
544.9665 	DATA 	Keypress: h
545.1216 	EXP 	New trial (rep=8, index=11): {'leftStreamFlip': False, 'oneTarget': False, 'trialInstructionPos': (0, -1), 'probe': 'both', 'rightStreamFlip': False, 'horizVert': False, 'ISIframes': 2, 'rightResponseFirst': True}
545.1319 	INFO 	numtrials=360 and this trialDurFrames=3 or 50.0 ms  task=T1
546.1495 	EXP 	window1: recordFrameIntervals = False
546.1583 	INFO 	Mouse: using default window
546.8665 	DATA 	Keypress: a
547.4498 	DATA 	Keypress: r
547.5831 	DATA 	Keypress: k
547.7243 	EXP 	New trial (rep=9, index=0): {'leftStreamFlip': False, 'oneTarget': False, 'trialInstructionPos': (0, 1), 'probe': 'both', 'rightStreamFlip': False, 'horizVert': False, 'ISIframes': 2, 'rightResponseFirst': False}
547.7495 	INFO 	numtrials=360 and this trialDurFrames=4 or 66.6666666667 ms  task=T1
548.9498 	EXP 	window1: recordFrameIntervals = False
548.9579 	INFO 	Mouse: using default window
550.4832 	DATA 	Keypress: e
551.2498 	DATA 	Keypress: t
551.3998 	DATA 	Keypress: u
551.5421 	EXP 	New trial (rep=9, index=1): {'leftStreamFlip': False, 'oneTarget': False, 'trialInstructionPos': (0, -1), 'probe': 'both', 'rightStreamFlip': False, 'horizVert': False, 'ISIframes': 2, 'rightResponseFirst': True}
551.5657 	INFO 	numtrials=360 and this trialDurFrames=4 or 66.6666666667 ms  task=T1
552.7162 	EXP 	window1: recordFrameIntervals = False
552.7248 	INFO 	Mouse: using default window
553.8164 	DATA 	Keypress: t
554.9337 	DATA 	Keypress: g
555.0501 	DATA 	Keypress: m
555.1906 	EXP 	New trial (rep=9, index=2): {'leftStreamFlip': False, 'oneTarget': False, 'trialInstructionPos': (0, -1), 'probe': 'both', 'rightStreamFlip': False, 'horizVert': False, 'ISIframes': 2, 'rightResponseFirst': False}
555.2157 	INFO 	numtrials=360 and this trialDurFrames=3 or 50.0 ms  task=T1
556.3329 	EXP 	window1: recordFrameIntervals = False
556.3415 	INFO 	Mouse: using default window
558.2166 	DATA 	Keypress: u
558.5498 	DATA 	Keypress: a
558.7164 	DATA 	Keypress: r
558.8562 	EXP 	New trial (rep=9, index=3): {'leftStreamFlip': False, 'oneTarget': False, 'trialInstructionPos': (0, 1), 'probe': 'both', 'rightStreamFlip': False, 'horizVert': False, 'ISIframes': 2, 'rightResponseFirst': False}
558.8826 	INFO 	numtrials=360 and this trialDurFrames=4 or 66.6666666667 ms  task=T1
560.0329 	EXP 	window1: recordFrameIntervals = False
560.0416 	INFO 	Mouse: using default window
561.2665 	DATA 	Keypress: z
561.7181 	DATA 	Keypress: a
561.7676 	DATA 	Keypress: r
561.9061 	EXP 	New trial (rep=9, index=4): {'leftStreamFlip': False, 'oneTarget': False, 'trialInstructionPos': (0, 1), 'probe': 'both', 'rightStreamFlip': False, 'horizVert': False, 'ISIframes': 2, 'rightResponseFirst': True}
561.9325 	INFO 	numtrials=360 and this trialDurFrames=4 or 66.6666666667 ms  task=T1
562.9663 	EXP 	window1: recordFrameIntervals = False
562.9744 	INFO 	Mouse: using default window
563.9999 	DATA 	Keypress: j
564.4999 	DATA 	Keypress: s
564.5499 	DATA 	Keypress: r
564.6896 	EXP 	New trial (rep=9, index=5): {'leftStreamFlip': False, 'oneTarget': False, 'trialInstructionPos': (0, -1), 'probe': 'both', 'rightStreamFlip': False, 'horizVert': False, 'ISIframes': 2, 'rightResponseFirst': False}
564.7158 	INFO 	numtrials=360 and this trialDurFrames=3 or 50.0 ms  task=T1
565.6997 	EXP 	window1: recordFrameIntervals = False
565.7084 	INFO 	Mouse: using default window
567.0831 	DATA 	Keypress: j
567.5498 	DATA 	Keypress: g
567.6165 	DATA 	Keypress: s
567.7564 	EXP 	New trial (rep=9, index=6): {'leftStreamFlip': False, 'oneTarget': False, 'trialInstructionPos': (0, 1), 'probe': 'both', 'rightStreamFlip': False, 'horizVert': False, 'ISIframes': 2, 'rightResponseFirst': True}
567.7825 	INFO 	numtrials=360 and this trialDurFrames=4 or 66.6666666667 ms  task=T1
568.8496 	EXP 	window1: recordFrameIntervals = False
568.8583 	INFO 	Mouse: using default window
570.2666 	DATA 	Keypress: c
570.7666 	DATA 	Keypress: z
570.8667 	DATA 	Keypress: s
571.0060 	EXP 	New trial (rep=9, index=7): {'leftStreamFlip': False, 'oneTarget': False, 'trialInstructionPos': (0, 1), 'probe': 'both', 'rightStreamFlip': False, 'horizVert': False, 'ISIframes': 2, 'rightResponseFirst': True}
571.0332 	INFO 	numtrials=360 and this trialDurFrames=4 or 66.6666666667 ms  task=T1
572.2328 	EXP 	window1: recordFrameIntervals = False
572.2408 	INFO 	Mouse: using default window
573.3997 	DATA 	Keypress: f
574.2331 	DATA 	Keypress: z
574.3335 	DATA 	Keypress: u
574.4735 	EXP 	New trial (rep=9, index=8): {'leftStreamFlip': False, 'oneTarget': False, 'trialInstructionPos': (0, 1), 'probe': 'both', 'rightStreamFlip': False, 'horizVert': False, 'ISIframes': 2, 'rightResponseFirst': False}
574.4995 	INFO 	numtrials=360 and this trialDurFrames=3 or 50.0 ms  task=T1
575.6997 	EXP 	window1: recordFrameIntervals = False
575.7087 	INFO 	Mouse: using default window
576.7499 	DATA 	Keypress: k
577.3833 	DATA 	Keypress: z
577.5165 	DATA 	Keypress: j
577.6567 	EXP 	New trial (rep=9, index=9): {'leftStreamFlip': False, 'oneTarget': False, 'trialInstructionPos': (0, -1), 'probe': 'both', 'rightStreamFlip': False, 'horizVert': False, 'ISIframes': 2, 'rightResponseFirst': True}
577.6826 	INFO 	numtrials=360 and this trialDurFrames=4 or 66.6666666667 ms  task=T1
578.6664 	EXP 	window1: recordFrameIntervals = False
578.6748 	INFO 	Mouse: using default window
579.9335 	DATA 	Keypress: y
580.2164 	DATA 	Keypress: j
580.3332 	DATA 	Keypress: z
580.4732 	EXP 	New trial (rep=9, index=10): {'leftStreamFlip': False, 'oneTarget': False, 'trialInstructionPos': (0, -1), 'probe': 'both', 'rightStreamFlip': False, 'horizVert': False, 'ISIframes': 2, 'rightResponseFirst': True}
580.4994 	INFO 	numtrials=360 and this trialDurFrames=4 or 66.6666666667 ms  task=T1
581.4828 	EXP 	window1: recordFrameIntervals = False
581.4911 	INFO 	Mouse: using default window
582.8165 	DATA 	Keypress: z
583.9834 	DATA 	Keypress: c
584.3500 	DATA 	Keypress: t
584.4908 	EXP 	New trial (rep=9, index=11): {'leftStreamFlip': False, 'oneTarget': False, 'trialInstructionPos': (0, -1), 'probe': 'both', 'rightStreamFlip': False, 'horizVert': False, 'ISIframes': 2, 'rightResponseFirst': False}
584.5161 	INFO 	numtrials=360 and this trialDurFrames=3 or 50.0 ms  task=T1
585.5496 	EXP 	window1: recordFrameIntervals = False
585.5581 	INFO 	Mouse: using default window
586.3665 	DATA 	Keypress: a
586.4333 	DATA 	Keypress: d
586.6005 	DATA 	Keypress: s
586.6007 	DATA 	Keypress: a
586.7410 	EXP 	New trial (rep=10, index=0): {'leftStreamFlip': False, 'oneTarget': False, 'trialInstructionPos': (0, 1), 'probe': 'both', 'rightStreamFlip': False, 'horizVert': False, 'ISIframes': 2, 'rightResponseFirst': False}
586.7662 	INFO 	numtrials=360 and this trialDurFrames=4 or 66.6666666667 ms  task=T1
587.9663 	EXP 	window1: recordFrameIntervals = False
587.9748 	INFO 	Mouse: using default window
589.3333 	DATA 	Keypress: c
589.4999 	DATA 	Keypress: z
589.6165 	DATA 	Keypress: y
589.7564 	EXP 	New trial (rep=10, index=1): {'leftStreamFlip': False, 'oneTarget': False, 'trialInstructionPos': (0, -1), 'probe': 'both', 'rightStreamFlip': False, 'horizVert': False, 'ISIframes': 2, 'rightResponseFirst': False}
589.7826 	INFO 	numtrials=360 and this trialDurFrames=4 or 66.6666666667 ms  task=T1
590.9663 	EXP 	window1: recordFrameIntervals = False
590.9744 	INFO 	Mouse: using default window
591.9665 	DATA 	Keypress: m
591.9667 	DATA 	Keypress: d
592.1340 	DATA 	Keypress: a
592.2665 	DATA 	Keypress: d
592.4077 	EXP 	New trial (rep=10, index=2): {'leftStreamFlip': False, 'oneTarget': False, 'trialInstructionPos': (0, 1), 'probe': 'both', 'rightStreamFlip': False, 'horizVert': False, 'ISIframes': 2, 'rightResponseFirst': True}
592.4328 	INFO 	numtrials=360 and this trialDurFrames=4 or 66.6666666667 ms  task=T1
593.5829 	EXP 	window1: recordFrameIntervals = False
593.5918 	INFO 	Mouse: using default window
594.5176 	DATA 	Keypress: y
594.9670 	DATA 	Keypress: r
595.4499 	DATA 	Keypress: n
595.5925 	EXP 	New trial (rep=10, index=3): {'leftStreamFlip': False, 'oneTarget': False, 'trialInstructionPos': (0, -1), 'probe': 'both', 'rightStreamFlip': False, 'horizVert': False, 'ISIframes': 2, 'rightResponseFirst': True}
595.6157 	INFO 	numtrials=360 and this trialDurFrames=4 or 66.6666666667 ms  task=T1
596.6999 	EXP 	window1: recordFrameIntervals = False
596.7086 	INFO 	Mouse: using default window
597.9336 	DATA 	Keypress: f
598.9012 	DATA 	Keypress: u
599.1665 	DATA 	Keypress: e
599.3107 	EXP 	New trial (rep=10, index=4): {'leftStreamFlip': False, 'oneTarget': False, 'trialInstructionPos': (0, -1), 'probe': 'both', 'rightStreamFlip': False, 'horizVert': False, 'ISIframes': 2, 'rightResponseFirst': True}
599.3324 	INFO 	numtrials=360 and this trialDurFrames=4 or 66.6666666667 ms  task=T1
600.5498 	EXP 	window1: recordFrameIntervals = False
600.5582 	INFO 	Mouse: using default window
601.9831 	DATA 	Keypress: k
602.3166 	DATA 	Keypress: z
602.4549 	DATA 	Keypress: j
602.6059 	EXP 	New trial (rep=10, index=5): {'leftStreamFlip': False, 'oneTarget': False, 'trialInstructionPos': (0, 1), 'probe': 'both', 'rightStreamFlip': False, 'horizVert': False, 'ISIframes': 2, 'rightResponseFirst': False}
602.6161 	INFO 	numtrials=360 and this trialDurFrames=4 or 66.6666666667 ms  task=T1
603.8330 	EXP 	window1: recordFrameIntervals = False
603.8423 	INFO 	Mouse: using default window
604.4166 	DATA 	Keypress: j
604.5667 	DATA 	Keypress: d
604.7337 	DATA 	Keypress: a
604.7888 	DATA 	Keypress: k
604.8731 	EXP 	New trial (rep=10, index=6): {'leftStreamFlip': False, 'oneTarget': False, 'trialInstructionPos': (0, 1), 'probe': 'both', 'rightStreamFlip': False, 'horizVert': False, 'ISIframes': 2, 'rightResponseFirst': True}
604.8993 	INFO 	numtrials=360 and this trialDurFrames=4 or 66.6666666667 ms  task=T1
605.8997 	EXP 	window1: recordFrameIntervals = False
605.9078 	INFO 	Mouse: using default window
607.0332 	DATA 	Keypress: n
607.4674 	DATA 	Keypress: r
607.5667 	DATA 	Keypress: y
607.7075 	EXP 	New trial (rep=10, index=7): {'leftStreamFlip': False, 'oneTarget': False, 'trialInstructionPos': (0, -1), 'probe': 'both', 'rightStreamFlip': False, 'horizVert': False, 'ISIframes': 2, 'rightResponseFirst': False}
607.7325 	INFO 	numtrials=360 and this trialDurFrames=4 or 66.6666666667 ms  task=T1
608.8996 	EXP 	window1: recordFrameIntervals = False
608.9085 	INFO 	Mouse: using default window
609.8832 	DATA 	Keypress: t
609.9834 	DATA 	Keypress: s
610.1335 	DATA 	Keypress: a
610.2725 	EXP 	New trial (rep=10, index=8): {'leftStreamFlip': False, 'oneTarget': False, 'trialInstructionPos': (0, 1), 'probe': 'both', 'rightStreamFlip': False, 'horizVert': False, 'ISIframes': 2, 'rightResponseFirst': True}
610.2839 	INFO 	numtrials=360 and this trialDurFrames=4 or 66.6666666667 ms  task=T1
611.3997 	EXP 	window1: recordFrameIntervals = False
611.4082 	INFO 	Mouse: using default window
613.5165 	DATA 	Keypress: n
614.2000 	DATA 	Keypress: f
614.3667 	DATA 	Keypress: c
614.5057 	EXP 	New trial (rep=10, index=9): {'leftStreamFlip': False, 'oneTarget': False, 'trialInstructionPos': (0, 1), 'probe': 'both', 'rightStreamFlip': False, 'horizVert': False, 'ISIframes': 2, 'rightResponseFirst': False}
614.5321 	INFO 	numtrials=360 and this trialDurFrames=4 or 66.6666666667 ms  task=T1
615.6663 	EXP 	window1: recordFrameIntervals = False
615.6744 	INFO 	Mouse: using default window
617.9665 	DATA 	Keypress: g
618.0999 	DATA 	Keypress: y
618.1833 	DATA 	Keypress: r
618.3296 	EXP 	New trial (rep=10, index=10): {'leftStreamFlip': False, 'oneTarget': False, 'trialInstructionPos': (0, -1), 'probe': 'both', 'rightStreamFlip': False, 'horizVert': False, 'ISIframes': 2, 'rightResponseFirst': True}
618.3495 	INFO 	numtrials=360 and this trialDurFrames=4 or 66.6666666667 ms  task=T1
619.4664 	EXP 	window1: recordFrameIntervals = False
619.4750 	INFO 	Mouse: using default window
627.4666 	DATA 	Keypress: lctrl
627.6171 	DATA 	Keypress: lshift
627.7499 	DATA 	Keypress: z
627.7687 	INFO 	Stopping at 14:20 on 06 Aug 2018
627.7710 	ERROR 	user aborted experiment on keypress with trials done=130 of 361
627.7878 	INFO 	Program terminating normally.
