0.6091 	WARNING 	Monitor specification not found. Creating a temporary one...
48.7441 	EXP 	Created window1 = Window(allowGUI=False, allowStencil=False, autoLog=True, bitsMode=UNKNOWN, blendMode='avg', color=array([-0.7, -0.7, -0.7]), colorSpace='rgb', fullscr=UNKNOWN, gamma=None, lms=UNKNOWN, monitor=<psychopy.monitors.calibTools.Monitor object at 0x1EB9B170>, name='window1', pos=[0, 0], screen=0, size=array([1920, 1080]), stereo=False, units='deg', useFBO=False, useRetina=False, viewOri=0.0, viewPos=None, viewScale=None, waitBlanking=False, winType='pyglet')
48.7442 	INFO 	Mouse: using default window
48.7446 	EXP 	window1: units = 'norm'
48.9741 	EXP 	Created unnamed ImageStim = ImageStim(autoLog=True, color=array([ 1.,  1.,  1.]), colorSpace='rgb', contrast=1.0, depth=0, flipHoriz=False, flipVert=False, image=str(...), interpolate=False, mask=None, maskParams=None, name='unnamed ImageStim', opacity=1.0, ori=0.0, pos=array([-0.5,  0. ]), size=array([ 1.290625  ,  3.24814815]), texRes=128, units='norm', win=Window(...))
49.1962 	EXP 	Created unnamed ImageStim = ImageStim(autoLog=True, color=array([ 1.,  1.,  1.]), colorSpace='rgb', contrast=1.0, depth=0, flipHoriz=False, flipVert=False, image=str(...), interpolate=False, mask=None, maskParams=None, name='unnamed ImageStim', opacity=1.0, ori=0.0, pos=array([ 0.5,  0. ]), size=array([ 1.290625  ,  3.24814815]), texRes=128, units='norm', win=Window(...))
49.2273 	EXP 	Created OKrespZone = GratingStim(autoDraw=False, autoLog=True, color=array([ 1. ,  0.5,  0.5]), colorSpace='rgb', contrast=1.0, depth=0, interpolate=False, mask='gauss', maskParams=None, name='OKrespZone', opacity=1.0, ori=0.0, phase=array([ 0.,  0.]), pos=array([-0.2 , -0.92]), rgbPedestal=array([ 0.,  0.,  0.]), sf=array([ 0.,  0.]), size=array([ 2.3,  0.2]), tex='sin', texRes=256, units='norm', win=Window(...))
49.4328 	EXP 	unnamed ImageStim: size = (1, 2)
49.4328 	EXP 	unnamed ImageStim: size = (1, 2)
139.0100 	DATA 	Mouse: Left button down, pos=(1326,986)
139.1817 	DATA 	Mouse:  Left button up, pos=(1326,986)
172.4932 	DATA 	Mouse: Left button down, pos=(918,57)
172.5090 	EXP 	window1: units = 'deg'
172.5096 	EXP 	window1: units = 'norm'
172.5262 	EXP 	Created OKrespZone = GratingStim(autoDraw=False, autoLog=True, color=array([ 1. ,  0.5,  0.5]), colorSpace='rgb', contrast=1.0, depth=0, interpolate=False, mask='gauss', maskParams=None, name='OKrespZone', opacity=1.0, ori=0.0, phase=array([ 0.,  0.]), pos=array([-0.2 , -0.92]), rgbPedestal=array([ 0.,  0.,  0.]), sf=array([ 0.,  0.]), size=array([ 2.3,  0.2]), tex='sin', texRes=256, units='norm', win=Window(...))
172.7412 	EXP 	Created unnamed ImageStim = ImageStim(autoLog=True, color=array([ 1.,  1.,  1.]), colorSpace='rgb', contrast=1.0, depth=0, flipHoriz=False, flipVert=False, image='abgdj\\PISandConsentForm\\consentForm.png', interpolate=False, mask=None, maskParams=None, name='unnamed ImageStim', opacity=1.0, ori=0.0, pos=array([ 0.,  0.]), size=array([ 1.3375    ,  2.97407407]), texRes=128, units='norm', win=Window(...))
172.7809 	EXP 	Created unnamed GratingStim = GratingStim(autoDraw=False, autoLog=True, color=array([ 1. ,  0.5,  0.5]), colorSpace='rgb', contrast=1.0, depth=0, interpolate=False, mask='gauss', maskParams=None, name='unnamed GratingStim', opacity=1.0, ori=0.0, phase=array([ 0.,  0.]), pos=array([-0.2 , -0.42]), rgbPedestal=array([ 0.,  0.,  0.]), sf=array([ 0.,  0.]), size=array([ 0.3,  0.2]), tex='sin', texRes=256, units='norm', win=Window(...))
172.8328 	EXP 	Created unnamed GratingStim = GratingStim(autoDraw=False, autoLog=True, color=array([ 1. ,  0.5,  0.5]), colorSpace='rgb', contrast=1.0, depth=0, interpolate=False, mask='gauss', maskParams=None, name='unnamed GratingStim', opacity=1.0, ori=0.0, phase=array([ 0.,  0.]), pos=array([ 0.1 , -0.42]), rgbPedestal=array([ 0.,  0.,  0.]), sf=array([ 0.,  0.]), size=array([ 0.3,  0.2]), tex='sin', texRes=256, units='norm', win=Window(...))
172.8707 	EXP 	Created unnamed GratingStim = GratingStim(autoDraw=False, autoLog=True, color=array([ 1. ,  0.5,  0.5]), colorSpace='rgb', contrast=1.0, depth=0, interpolate=False, mask='gauss', maskParams=None, name='unnamed GratingStim', opacity=1.0, ori=0.0, phase=array([ 0.,  0.]), pos=array([-0.2 , -0.72]), rgbPedestal=array([ 0.,  0.,  0.]), sf=array([ 0.,  0.]), size=array([ 0.3,  0.2]), tex='sin', texRes=256, units='norm', win=Window(...))
172.9094 	EXP 	Created unnamed GratingStim = GratingStim(autoDraw=False, autoLog=True, color=array([ 1. ,  0.5,  0.5]), colorSpace='rgb', contrast=1.0, depth=0, interpolate=False, mask='gauss', maskParams=None, name='unnamed GratingStim', opacity=1.0, ori=0.0, phase=array([ 0.,  0.]), pos=array([ 0.1 , -0.72]), rgbPedestal=array([ 0.,  0.,  0.]), sf=array([ 0.,  0.]), size=array([ 0.3,  0.2]), tex='sin', texRes=256, units='norm', win=Window(...))
172.9126 	DATA 	Mouse:  Left button up, pos=(918,57)
172.9176 	EXP 	unnamed ImageStim: size = (1.1, 2)
192.9269 	DATA 	Mouse: Left button down, pos=(768,321)
193.0100 	DATA 	Mouse:  Left button up, pos=(768,321)
201.0265 	DATA 	Mouse: Left button down, pos=(757,162)
201.0934 	DATA 	Mouse:  Left button up, pos=(757,162)
202.5268 	DATA 	Mouse: Left button down, pos=(796,39)
202.5428 	EXP 	window1: units = 'deg'
202.5484 	EXP 	window1: mouseVisible = True
233.8272 	EXP 	Created window1 = Window(allowGUI=False, allowStencil=False, autoLog=True, bitsMode=UNKNOWN, blendMode='avg', color=array([-0.7, -0.7, -0.7]), colorSpace='rgb', fullscr=UNKNOWN, gamma=None, lms=UNKNOWN, monitor=<psychopy.monitors.calibTools.Monitor object at 0x1EB9B170>, name='window1', pos=[0, 0], screen=0, size=array([1920, 1080]), stereo=False, units='deg', useFBO=False, useRetina=False, viewOri=0.0, viewPos=None, viewScale=None, waitBlanking=False, winType='pyglet')
240.2275 	INFO 	#[ PsychoPy2 RuntimeInfoStart ]
  #[[ PsychoPy ]] #---------
    psychopyVersion: 1.84.2
    psychopyHaveExtRush: True
  #[[ Experiment ]] #---------
    experimentAuthor: None
    experimentAuthVersion: None
    experimentRunTime: 2018_08_08 15:07 (Year_Month_Day Hour:Min)
    experimentRunTime.epoch: 1533704848
    experimentScript: psyc1002.py
    experimentScript.digestSHA1: 03993779484d600ea4c1b8cc2288f3d37a5025d5
    experimentScript.directory: U:\PSYC1002\abgdj
  #[[ System ]] #---------
    systemHaveInternetAccess: True
    systemHostName: W5FGZKG2
    systemLocale: English_Australia.1252
    systemMemFreeRAM: 4443.125
    systemMemTotalRAM: 8076.9453125
    systemPlatform: windowsversion=sys.getwindowsversion(major=6, minor=2, build=9200, platform=2, service_pack='')
    systemPyo.InputDevices: {4: {'host api index': 2, 'latency': 0.008707483299076557, 'default sr': 44100, 'name': u'Realtek ASIO'}}
    systemPyo.OutputDevices: {0: {'host api index': 0, 'latency': 0.09000000357627869, 'default sr': 44100, 'name': u'Microsoft Sound Mapper - Output'}, 1: {'host api index': 0, 'latency': 0.09000000357627869, 'default sr': 44100, 'name': u'Speakers / Headphones (Realtek '}, 2: {'host api index': 1, 'latency': 0.11999999731779099, 'default sr': 44100, 'name': u'Primary Sound Driver'}, 3: {'host api index': 1, 'latency': 0.11999999731779099, 'default sr': 44100, 'name': u'Speakers / Headphones (Realtek High Definition Audio)'}, 4: {'host api index': 2, 'latency': 0.008707483299076557, 'default sr': 44100, 'name': u'Realtek ASIO'}, 5: {'host api index': 3, 'latency': 0.003000000026077032, 'default sr': 48000, 'name': u'Speakers / Headphones (Realtek High Definition Audio)'}}
    systemPyoVersion: 0.8.0
    systemRebooted: System Boot Time:          8/08/2018, 2:09:56 AM
    systemSec.pythonSSL: True
    systemTimeNumpySD1000000_sec: 0.0082
    systemUser: myat2112
    systemUserID: 1000
    systemUserProcCmdPid: LabStatsUserSpace.exe dwm.exe TiWorker.exe CmRcService.exe nierserver.exe LabStatsClient.exe tagsrv.exe SearchUI.exe OneDrive.exe nipxism.exe WmiPrvSE.exe niLxiDiscovery.exe SecurityHealthService.exe redirector.exe server_admin.exe pc-client.exe lkads.exe svchost.exe smartscreen.exe ni_usbmon.exe AGSService.exe System SISIDSService.exe IntelCpHeciSvc.exe SelfServicePlugin.exe explorer.exe smss.exe ApplicationWebServer.exe RuntimeBroker.exe acrotray.exe IntelCpHDCPSvc.exe niauth_daemon.exe cmd.exe nidmsrv.exe Receiver.exe SISIPSService.exe WmiApSrv.exe lktsrv.exe lsass.exe python.exe RtkNGUI64.exe sisipsutil.exe AdobeUpdateService.exe armsvc.exe ssonsvr.exe concentr.exe nidevldu.exe taskhostw.exe ctfmon.exe RAVBg64.exe ''Memory Compression'' NIWebServiceContainer.exe nimxs.exe RtkAudioService64.exe SystemWebServer.exe tasklist.exe snowagent.exe CcmExec.exe SmcGui.exe nicitdl5.exe ''System Idle Process'' services.exe niDiscSvc.exe sqlwriter.exe MSASCuiL.exe SCNotification.exe nimdnsResponder.exe server_runtime.exe sihost.exe spoolsv.exe wininit.exe winlogon.exe ShellExperienceHost.exe nidevmon.exe SearchIndexer.exe csrss.exe TrustedInstaller.exe audiodg.exe fontdrvhost.exe dllhost.exe unsecapp.exe ccSvcHst.exe wfcrun32.exe nisvcloc.exe server_eventlog.exe lkcitdl.exe AuthManSvr.exe conhost.exe
    systemUserProcCount: 177
    systemUserProcFlagged: Explorer
    systemUsersCount: False
  #[[ Window ]] #---------
    windowWinType: pyglet
    windowWaitBlanking: False
    windowUseNativeGamma: True
    windowUnits: deg
    windowSize_pix: [1920 1080]
    windowScreen: 0
    windowRgb: [-0.7 -0.7 -0.7]
    windowRefreshTimeSD_ms: 0.165
    windowRefreshTimeMedian_ms: 16.659
    windowRefreshTimeAvg_ms: 16.663
    windowRefreshThreshold_sec: 0.0200
    windowRecordFrameIntervals: False
    windowPos_pix: [0, 0]
    windowMonitor.name: testmonitor
    windowMonitor.getWidth_cm: 57.0
    windowMonitor.getLinearizeMethod: 1
    windowMonitor.getGammaGrid: [[  0.   1.   1.  nan  nan  nan]
 [  0.   1.   1.  nan  nan  nan]
 [  0.   1.   1.  nan  nan  nan]
 [  0.   1.   1.  nan  nan  nan]]
    windowMonitor.getDistance_cm: 57.0
    windowMonitor.gammaInterpolator2: None
    windowMonitor.gammaInterpolator: None
    windowMonitor.currentCalibName: 2018_08_08 15:03
    windowIsFullScr: True
    windowHaveShaders: True
    windowAllowGUI: False
  #[[ Python ]] #---------
    pythonWxVersion: 3.0.2.0 msw (classic)
    pythonVersion: 2.7.11
    pythonScipyVersion: 0.17.1
    pythonPygletVersion: 1.2.4
    pythonPygameVersion: 1.9.2pre
    pythonNumpyVersion: 1.11.0
    pythonMatplotlibVersion: 1.5.1
    pythonFullVersion: 2.7.11 (v2.7.11:6d1b6a68f775, Dec  5 2015, 20:32:19) [MSC v.1500 32 bit (Intel)]
    pythonExecutable: C:\Program Files (x86)\PsychoPy2\python.exe
  #[[ OpenGL ]] #---------
    openGLVersion: 4.5.0 - Build 22.20.16.4836
    openGLVendor: Intel
    openGLRenderingEngine: Intel(R) HD Graphics 530
    openGLmaxVerticesInVertexArray: 1048576
    False: openGLext.GL_STEREO
    True: openGLext.GL_EXT_framebuffer_object
    True: openGLext.GL_ARB_vertex_shader
    True: openGLext.GL_ARB_texture_non_power_of_two
    True: openGLext.GL_ARB_texture_float
    True: openGLext.GL_ARB_shader_objects
    True: openGLext.GL_ARB_multitexture
    True: openGLext.GL_ARB_fragment_program
#[ PsychoPy2 RuntimeInfoEnd ]

240.2762 	EXP 	window1: recordFrameIntervals = True
241.1095 	EXP 	window1: recordFrameIntervals = False
241.1100 	INFO 	Frames per second ~=60.0, which is close enough to desired val of 60.0
241.3181 	EXP 	Created sequence: random, trialTypes=12, nReps=30, seed=None
241.4625 	DATA 	Mouse: Left button down, pos=(0,1080)
241.4626 	DATA 	Mouse:  Left button up, pos=(0,1080)
241.4631 	INFO 	Mouse: using default window
241.4838 	EXP 	Created OKrespZone = GratingStim(autoDraw=False, autoLog=True, color=array([ 1.,  1.,  1.]), colorSpace='rgb', contrast=1.0, depth=0, interpolate=False, mask='gauss', maskParams=None, name='OKrespZone', opacity=1.0, ori=0.0, phase=array([ 0.,  0.]), pos=array([ 0.  ,  0.88]), rgbPedestal=array([ 0.,  0.,  0.]), sf=array([ 0.,  0.]), size=array([ 2. ,  0.2]), tex='sin', texRes=256, units='norm', win=Window(...))
254.5813 	DATA 	Mouse: Left button down, pos=(120,607)
254.6851 	DATA 	Mouse:  Left button up, pos=(120,607)
266.0296 	DATA 	Mouse: Left button down, pos=(1584,882)
266.1171 	DATA 	Mouse:  Left button up, pos=(1584,883)
297.3893 	DATA 	Mouse: Left button down, pos=(155,399)
297.4474 	DATA 	Mouse:  Left button up, pos=(160,398)
307.9503 	DATA 	Mouse: Left button down, pos=(396,679)
308.0211 	DATA 	Mouse:  Left button up, pos=(396,679)
310.4223 	DATA 	Mouse: Left button down, pos=(513,750)
310.5010 	DATA 	Mouse:  Left button up, pos=(513,750)
318.2532 	DATA 	Mouse: Left button down, pos=(716,534)
318.3091 	DATA 	Mouse:  Left button up, pos=(716,534)
323.9334 	DATA 	Mouse: Left button down, pos=(743,188)
324.0050 	DATA 	Mouse:  Left button up, pos=(743,188)
325.4933 	DATA 	Mouse: Left button down, pos=(907,530)
325.5569 	DATA 	Mouse:  Left button up, pos=(907,530)
327.0294 	DATA 	Mouse: Left button down, pos=(1112,817)
327.1089 	DATA 	Mouse:  Left button up, pos=(1112,817)
329.3653 	DATA 	Mouse: Left button down, pos=(1511,251)
329.4689 	DATA 	Mouse:  Left button up, pos=(1511,251)
331.6454 	DATA 	Mouse: Left button down, pos=(1777,757)
331.7491 	DATA 	Mouse:  Left button up, pos=(1777,757)
334.0531 	DATA 	Mouse: Left button down, pos=(1701,682)
334.1729 	DATA 	Mouse:  Left button up, pos=(1701,682)
339.7253 	DATA 	Mouse: Left button down, pos=(1358,802)
339.7970 	DATA 	Mouse:  Left button up, pos=(1358,802)
342.7822 	DATA 	Mouse: Left button down, pos=(1354,459)
342.8930 	DATA 	Mouse:  Left button up, pos=(1354,459)
359.0451 	DATA 	Mouse: Left button down, pos=(827,1019)
359.0608 	INFO 	Experiment will have 360 trials. Letters will be drawn with superposed noise of 0.00%
359.0747 	EXP 	New trial (rep=0, index=0): {'leftStreamFlip': True, 'oneTarget': False, 'trialInstructionPos': (0, -1), 'probe': 'both', 'rightStreamFlip': True, 'horizVert': False, 'ISIframes': 4, 'rightResponseFirst': False}
359.0749 	INFO 	Starting main part of experiment
359.1277 	DATA 	Mouse:  Left button up, pos=(827,1019)
360.2590 	INFO 	numtrials=360 and this trialDurFrames=54 or 900.0 ms  task=T1
362.7596 	EXP 	window1: recordFrameIntervals = False
362.7694 	INFO 	Mouse: using default window
367.9935 	DATA 	Keypress: capslock
368.4265 	DATA 	Keypress: b
380.3435 	DATA 	Keypress: z
380.5226 	EXP 	New trial (rep=0, index=1): {'leftStreamFlip': True, 'oneTarget': False, 'trialInstructionPos': (0, 1), 'probe': 'both', 'rightStreamFlip': True, 'horizVert': False, 'ISIframes': 4, 'rightResponseFirst': False}
388.5436 	DATA 	Mouse: Left button down, pos=(395,330)
388.6602 	DATA 	Mouse:  Left button up, pos=(342,347)
390.0429 	INFO 	numtrials=360 and this trialDurFrames=42 or 700.0 ms  task=T1
392.2095 	EXP 	window1: recordFrameIntervals = False
392.2165 	INFO 	Mouse: using default window
394.8104 	DATA 	Keypress: t
396.8102 	DATA 	Keypress: n
396.9555 	EXP 	New trial (rep=0, index=2): {'leftStreamFlip': True, 'oneTarget': True, 'trialInstructionPos': (0, 1), 'probe': 'both', 'rightStreamFlip': True, 'horizVert': False, 'ISIframes': 4, 'rightResponseFirst': False}
396.9760 	INFO 	numtrials=360 and this trialDurFrames=34 or 566.666666667 ms  task=T1
399.0096 	EXP 	window1: recordFrameIntervals = False
399.0167 	INFO 	Mouse: using default window
402.4769 	DATA 	Keypress: y
402.6201 	EXP 	New trial (rep=0, index=3): {'leftStreamFlip': True, 'oneTarget': False, 'trialInstructionPos': (0, -1), 'probe': 'both', 'rightStreamFlip': True, 'horizVert': False, 'ISIframes': 4, 'rightResponseFirst': True}
402.6262 	INFO 	numtrials=360 and this trialDurFrames=34 or 566.666666667 ms  task=T1
404.2929 	EXP 	window1: recordFrameIntervals = False
404.3001 	INFO 	Mouse: using default window
408.0934 	DATA 	Keypress: y
408.7937 	DATA 	Keypress: u
408.9351 	EXP 	New trial (rep=0, index=4): {'leftStreamFlip': True, 'oneTarget': False, 'trialInstructionPos': (0, 1), 'probe': 'both', 'rightStreamFlip': True, 'horizVert': False, 'ISIframes': 4, 'rightResponseFirst': True}
414.1936 	DATA 	Mouse: Left button down, pos=(746,588)
414.3271 	DATA 	Mouse:  Left button up, pos=(746,588)
415.5774 	DATA 	Keypress: space
415.6098 	INFO 	numtrials=360 and this trialDurFrames=26 or 433.333333333 ms  task=T1
417.1262 	EXP 	window1: recordFrameIntervals = False
417.1330 	INFO 	Mouse: using default window
418.6435 	DATA 	Keypress: e
421.0436 	DATA 	Keypress: e
421.1914 	EXP 	New trial (rep=0, index=5): {'leftStreamFlip': True, 'oneTarget': True, 'trialInstructionPos': (0, -1), 'probe': 'both', 'rightStreamFlip': True, 'horizVert': False, 'ISIframes': 4, 'rightResponseFirst': True}
421.2091 	INFO 	numtrials=360 and this trialDurFrames=6 or 100.0 ms  task=T1
422.4263 	EXP 	window1: recordFrameIntervals = False
422.4333 	INFO 	Mouse: using default window
430.7769 	DATA 	Keypress: c
430.9194 	EXP 	New trial (rep=0, index=6): {'leftStreamFlip': True, 'oneTarget': True, 'trialInstructionPos': (0, 1), 'probe': 'both', 'rightStreamFlip': True, 'horizVert': False, 'ISIframes': 4, 'rightResponseFirst': True}
430.9425 	INFO 	numtrials=360 and this trialDurFrames=7 or 116.666666667 ms  task=T1
431.9930 	EXP 	window1: recordFrameIntervals = False
432.0004 	INFO 	Mouse: using default window
435.5935 	DATA 	Keypress: l
435.7327 	EXP 	New trial (rep=0, index=7): {'leftStreamFlip': True, 'oneTarget': False, 'trialInstructionPos': (0, -1), 'probe': 'both', 'rightStreamFlip': True, 'horizVert': False, 'ISIframes': 4, 'rightResponseFirst': False}
435.7596 	INFO 	numtrials=360 and this trialDurFrames=8 or 133.333333333 ms  task=T1
436.8096 	EXP 	window1: recordFrameIntervals = False
436.8165 	INFO 	Mouse: using default window
443.1107 	DATA 	Keypress: l
444.8436 	DATA 	Keypress: l
444.9832 	EXP 	New trial (rep=0, index=8): {'leftStreamFlip': True, 'oneTarget': False, 'trialInstructionPos': (0, 1), 'probe': 'both', 'rightStreamFlip': True, 'horizVert': False, 'ISIframes': 4, 'rightResponseFirst': True}
445.0100 	INFO 	numtrials=360 and this trialDurFrames=8 or 133.333333333 ms  task=T1
446.0598 	EXP 	window1: recordFrameIntervals = False
446.0670 	INFO 	Mouse: using default window
447.7604 	DATA 	Keypress: m
448.4768 	DATA 	Keypress: t
448.6188 	EXP 	New trial (rep=0, index=9): {'leftStreamFlip': True, 'oneTarget': False, 'trialInstructionPos': (0, 1), 'probe': 'both', 'rightStreamFlip': True, 'horizVert': False, 'ISIframes': 4, 'rightResponseFirst': False}
448.6424 	INFO 	numtrials=360 and this trialDurFrames=8 or 133.333333333 ms  task=T1
449.8763 	EXP 	window1: recordFrameIntervals = False
449.8833 	INFO 	Mouse: using default window
451.1768 	DATA 	Keypress: a
453.3936 	DATA 	Keypress: t
453.5324 	EXP 	New trial (rep=0, index=10): {'leftStreamFlip': True, 'oneTarget': False, 'trialInstructionPos': (0, -1), 'probe': 'both', 'rightStreamFlip': True, 'horizVert': False, 'ISIframes': 4, 'rightResponseFirst': True}
453.5592 	INFO 	numtrials=360 and this trialDurFrames=8 or 133.333333333 ms  task=T1
454.7266 	EXP 	window1: recordFrameIntervals = False
454.7335 	INFO 	Mouse: using default window
459.3269 	DATA 	Keypress: e
460.6939 	DATA 	Keypress: b
460.8354 	EXP 	New trial (rep=0, index=11): {'leftStreamFlip': True, 'oneTarget': True, 'trialInstructionPos': (0, -1), 'probe': 'both', 'rightStreamFlip': True, 'horizVert': False, 'ISIframes': 4, 'rightResponseFirst': False}
460.8592 	INFO 	numtrials=360 and this trialDurFrames=8 or 133.333333333 ms  task=T1
462.1431 	EXP 	window1: recordFrameIntervals = False
462.1503 	INFO 	Mouse: using default window
465.0939 	DATA 	Keypress: b
465.2327 	EXP 	New trial (rep=1, index=0): {'leftStreamFlip': True, 'oneTarget': True, 'trialInstructionPos': (0, -1), 'probe': 'both', 'rightStreamFlip': True, 'horizVert': False, 'ISIframes': 4, 'rightResponseFirst': False}
465.2425 	INFO 	numtrials=360 and this trialDurFrames=9 or 150.0 ms  task=T1
466.3596 	EXP 	window1: recordFrameIntervals = False
466.3669 	INFO 	Mouse: using default window
467.7102 	DATA 	Keypress: m
467.8496 	EXP 	New trial (rep=1, index=1): {'leftStreamFlip': True, 'oneTarget': False, 'trialInstructionPos': (0, -1), 'probe': 'both', 'rightStreamFlip': True, 'horizVert': False, 'ISIframes': 4, 'rightResponseFirst': False}
467.8591 	INFO 	numtrials=360 and this trialDurFrames=9 or 150.0 ms  task=T1
468.9596 	EXP 	window1: recordFrameIntervals = False
468.9676 	INFO 	Mouse: using default window
470.1769 	DATA 	Keypress: m
471.2936 	DATA 	Keypress: t
471.4336 	EXP 	New trial (rep=1, index=2): {'leftStreamFlip': True, 'oneTarget': False, 'trialInstructionPos': (0, 1), 'probe': 'both', 'rightStreamFlip': True, 'horizVert': False, 'ISIframes': 4, 'rightResponseFirst': True}
471.4600 	INFO 	numtrials=360 and this trialDurFrames=8 or 133.333333333 ms  task=T1
472.6930 	EXP 	window1: recordFrameIntervals = False
472.7009 	INFO 	Mouse: using default window
475.8620 	DATA 	Keypress: u
476.9101 	DATA 	Keypress: h
477.0516 	EXP 	New trial (rep=1, index=3): {'leftStreamFlip': True, 'oneTarget': True, 'trialInstructionPos': (0, 1), 'probe': 'both', 'rightStreamFlip': True, 'horizVert': False, 'ISIframes': 4, 'rightResponseFirst': False}
477.0761 	INFO 	numtrials=360 and this trialDurFrames=8 or 133.333333333 ms  task=T1
478.1430 	EXP 	window1: recordFrameIntervals = False
478.1508 	INFO 	Mouse: using default window
480.0769 	DATA 	Keypress: z
480.2178 	EXP 	New trial (rep=1, index=4): {'leftStreamFlip': True, 'oneTarget': False, 'trialInstructionPos': (0, -1), 'probe': 'both', 'rightStreamFlip': True, 'horizVert': False, 'ISIframes': 4, 'rightResponseFirst': True}
480.2433 	INFO 	numtrials=360 and this trialDurFrames=8 or 133.333333333 ms  task=T1
481.3929 	EXP 	window1: recordFrameIntervals = False
481.3999 	INFO 	Mouse: using default window
484.0269 	DATA 	Keypress: k
484.6940 	DATA 	Keypress: h
484.8351 	EXP 	New trial (rep=1, index=5): {'leftStreamFlip': True, 'oneTarget': True, 'trialInstructionPos': (0, 1), 'probe': 'both', 'rightStreamFlip': True, 'horizVert': False, 'ISIframes': 4, 'rightResponseFirst': True}
484.8596 	INFO 	numtrials=360 and this trialDurFrames=8 or 133.333333333 ms  task=T1
486.0430 	EXP 	window1: recordFrameIntervals = False
486.0504 	INFO 	Mouse: using default window
487.1435 	DATA 	Keypress: l
487.2998 	EXP 	New trial (rep=1, index=6): {'leftStreamFlip': True, 'oneTarget': False, 'trialInstructionPos': (0, 1), 'probe': 'both', 'rightStreamFlip': True, 'horizVert': False, 'ISIframes': 4, 'rightResponseFirst': False}
487.3264 	INFO 	numtrials=360 and this trialDurFrames=8 or 133.333333333 ms  task=T1
488.4928 	EXP 	window1: recordFrameIntervals = False
488.5003 	INFO 	Mouse: using default window
490.3106 	DATA 	Keypress: z
491.6102 	DATA 	Keypress: z
491.7506 	EXP 	New trial (rep=1, index=7): {'leftStreamFlip': True, 'oneTarget': False, 'trialInstructionPos': (0, 1), 'probe': 'both', 'rightStreamFlip': True, 'horizVert': False, 'ISIframes': 4, 'rightResponseFirst': True}
491.7758 	INFO 	numtrials=360 and this trialDurFrames=8 or 133.333333333 ms  task=T1
492.9763 	EXP 	window1: recordFrameIntervals = False
492.9832 	INFO 	Mouse: using default window
494.3435 	DATA 	Keypress: t
496.0771 	DATA 	Keypress: c
496.2169 	EXP 	New trial (rep=1, index=8): {'leftStreamFlip': True, 'oneTarget': False, 'trialInstructionPos': (0, -1), 'probe': 'both', 'rightStreamFlip': True, 'horizVert': False, 'ISIframes': 4, 'rightResponseFirst': False}
496.2432 	INFO 	numtrials=360 and this trialDurFrames=8 or 133.333333333 ms  task=T1
497.4762 	EXP 	window1: recordFrameIntervals = False
497.4837 	INFO 	Mouse: using default window
498.8769 	DATA 	Keypress: e
499.8455 	DATA 	Keypress: t
500.0016 	EXP 	New trial (rep=1, index=9): {'leftStreamFlip': True, 'oneTarget': False, 'trialInstructionPos': (0, 1), 'probe': 'both', 'rightStreamFlip': True, 'horizVert': False, 'ISIframes': 4, 'rightResponseFirst': False}
500.0261 	INFO 	numtrials=360 and this trialDurFrames=8 or 133.333333333 ms  task=T1
501.2931 	EXP 	window1: recordFrameIntervals = False
501.3003 	INFO 	Mouse: using default window
503.6270 	DATA 	Keypress: s
504.0269 	DATA 	Keypress: c
504.1699 	EXP 	New trial (rep=1, index=10): {'leftStreamFlip': True, 'oneTarget': False, 'trialInstructionPos': (0, -1), 'probe': 'both', 'rightStreamFlip': True, 'horizVert': False, 'ISIframes': 4, 'rightResponseFirst': True}
504.1923 	INFO 	numtrials=360 and this trialDurFrames=8 or 133.333333333 ms  task=T1
505.2596 	EXP 	window1: recordFrameIntervals = False
505.2669 	INFO 	Mouse: using default window
508.6603 	DATA 	Keypress: z
509.3103 	DATA 	Keypress: m
509.4514 	EXP 	New trial (rep=1, index=11): {'leftStreamFlip': True, 'oneTarget': True, 'trialInstructionPos': (0, -1), 'probe': 'both', 'rightStreamFlip': True, 'horizVert': False, 'ISIframes': 4, 'rightResponseFirst': True}
509.4761 	INFO 	numtrials=360 and this trialDurFrames=8 or 133.333333333 ms  task=T1
510.6431 	EXP 	window1: recordFrameIntervals = False
510.6501 	INFO 	Mouse: using default window
512.1603 	DATA 	Keypress: l
512.3013 	EXP 	New trial (rep=2, index=0): {'leftStreamFlip': True, 'oneTarget': False, 'trialInstructionPos': (0, -1), 'probe': 'both', 'rightStreamFlip': True, 'horizVert': False, 'ISIframes': 4, 'rightResponseFirst': True}
512.3266 	INFO 	numtrials=360 and this trialDurFrames=8 or 133.333333333 ms  task=T1
513.6100 	EXP 	window1: recordFrameIntervals = False
513.6170 	INFO 	Mouse: using default window
516.2782 	DATA 	Keypress: l
518.5267 	DATA 	Keypress: l
518.6674 	EXP 	New trial (rep=2, index=1): {'leftStreamFlip': True, 'oneTarget': True, 'trialInstructionPos': (0, -1), 'probe': 'both', 'rightStreamFlip': True, 'horizVert': False, 'ISIframes': 4, 'rightResponseFirst': True}
518.6926 	INFO 	numtrials=360 and this trialDurFrames=8 or 133.333333333 ms  task=T1
519.9259 	EXP 	window1: recordFrameIntervals = False
519.9336 	INFO 	Mouse: using default window
521.0951 	DATA 	Keypress: a
521.2372 	EXP 	New trial (rep=2, index=2): {'leftStreamFlip': True, 'oneTarget': False, 'trialInstructionPos': (0, -1), 'probe': 'both', 'rightStreamFlip': True, 'horizVert': False, 'ISIframes': 4, 'rightResponseFirst': True}
521.2591 	INFO 	numtrials=360 and this trialDurFrames=9 or 150.0 ms  task=T1
522.5097 	EXP 	window1: recordFrameIntervals = False
522.5165 	INFO 	Mouse: using default window
524.9430 	DATA 	Keypress: t
525.9936 	DATA 	Keypress: z
526.1373 	EXP 	New trial (rep=2, index=3): {'leftStreamFlip': True, 'oneTarget': True, 'trialInstructionPos': (0, 1), 'probe': 'both', 'rightStreamFlip': True, 'horizVert': False, 'ISIframes': 4, 'rightResponseFirst': False}
526.1592 	INFO 	numtrials=360 and this trialDurFrames=9 or 150.0 ms  task=T1
527.4264 	EXP 	window1: recordFrameIntervals = False
527.4333 	INFO 	Mouse: using default window
528.5765 	DATA 	Keypress: m
528.7170 	EXP 	New trial (rep=2, index=4): {'leftStreamFlip': True, 'oneTarget': False, 'trialInstructionPos': (0, -1), 'probe': 'both', 'rightStreamFlip': True, 'horizVert': False, 'ISIframes': 4, 'rightResponseFirst': False}
528.7425 	INFO 	numtrials=360 and this trialDurFrames=9 or 150.0 ms  task=T1
529.8265 	EXP 	window1: recordFrameIntervals = False
529.8336 	INFO 	Mouse: using default window
531.4617 	DATA 	Keypress: m
536.1435 	DATA 	Keypress: j
536.2842 	EXP 	New trial (rep=2, index=5): {'leftStreamFlip': True, 'oneTarget': False, 'trialInstructionPos': (0, 1), 'probe': 'both', 'rightStreamFlip': True, 'horizVert': False, 'ISIframes': 4, 'rightResponseFirst': True}
536.3094 	INFO 	numtrials=360 and this trialDurFrames=9 or 150.0 ms  task=T1
537.4096 	EXP 	window1: recordFrameIntervals = False
537.4166 	INFO 	Mouse: using default window
539.1599 	DATA 	Keypress: a
539.5104 	DATA 	Keypress: j
539.6488 	EXP 	New trial (rep=2, index=6): {'leftStreamFlip': True, 'oneTarget': False, 'trialInstructionPos': (0, -1), 'probe': 'both', 'rightStreamFlip': True, 'horizVert': False, 'ISIframes': 4, 'rightResponseFirst': False}
539.6589 	INFO 	numtrials=360 and this trialDurFrames=9 or 150.0 ms  task=T1
540.9260 	EXP 	window1: recordFrameIntervals = False
540.9331 	INFO 	Mouse: using default window
543.7445 	DATA 	Keypress: i
545.5107 	DATA 	Keypress: j
545.6545 	EXP 	New trial (rep=2, index=7): {'leftStreamFlip': True, 'oneTarget': True, 'trialInstructionPos': (0, -1), 'probe': 'both', 'rightStreamFlip': True, 'horizVert': False, 'ISIframes': 4, 'rightResponseFirst': False}
545.6758 	INFO 	numtrials=360 and this trialDurFrames=9 or 150.0 ms  task=T1
546.9430 	EXP 	window1: recordFrameIntervals = False
546.9509 	INFO 	Mouse: using default window
550.5602 	DATA 	Keypress: j
550.6989 	EXP 	New trial (rep=2, index=8): {'leftStreamFlip': True, 'oneTarget': False, 'trialInstructionPos': (0, 1), 'probe': 'both', 'rightStreamFlip': True, 'horizVert': False, 'ISIframes': 4, 'rightResponseFirst': False}
550.7092 	INFO 	numtrials=360 and this trialDurFrames=9 or 150.0 ms  task=T1
551.8263 	EXP 	window1: recordFrameIntervals = False
551.8335 	INFO 	Mouse: using default window
553.3103 	DATA 	Keypress: z
554.8604 	DATA 	Keypress: t
555.0009 	EXP 	New trial (rep=2, index=9): {'leftStreamFlip': True, 'oneTarget': False, 'trialInstructionPos': (0, 1), 'probe': 'both', 'rightStreamFlip': True, 'horizVert': False, 'ISIframes': 4, 'rightResponseFirst': True}
555.0259 	INFO 	numtrials=360 and this trialDurFrames=9 or 150.0 ms  task=T1
556.3097 	EXP 	window1: recordFrameIntervals = False
556.3170 	INFO 	Mouse: using default window
561.3101 	DATA 	Keypress: z
561.7102 	DATA 	Keypress: u
561.8516 	EXP 	New trial (rep=2, index=10): {'leftStreamFlip': True, 'oneTarget': True, 'trialInstructionPos': (0, 1), 'probe': 'both', 'rightStreamFlip': True, 'horizVert': False, 'ISIframes': 4, 'rightResponseFirst': True}
561.8758 	INFO 	numtrials=360 and this trialDurFrames=9 or 150.0 ms  task=T1
563.0263 	EXP 	window1: recordFrameIntervals = False
563.0334 	INFO 	Mouse: using default window
563.9432 	DATA 	Keypress: u
564.0830 	EXP 	New trial (rep=2, index=11): {'leftStreamFlip': True, 'oneTarget': False, 'trialInstructionPos': (0, 1), 'probe': 'both', 'rightStreamFlip': True, 'horizVert': False, 'ISIframes': 4, 'rightResponseFirst': False}
564.0930 	INFO 	numtrials=360 and this trialDurFrames=9 or 150.0 ms  task=T1
565.2262 	EXP 	window1: recordFrameIntervals = False
565.2341 	INFO 	Mouse: using default window
566.2786 	DATA 	Keypress: a
567.7102 	DATA 	Keypress: j
567.8517 	EXP 	New trial (rep=3, index=0): {'leftStreamFlip': True, 'oneTarget': False, 'trialInstructionPos': (0, -1), 'probe': 'both', 'rightStreamFlip': True, 'horizVert': False, 'ISIframes': 4, 'rightResponseFirst': False}
567.8758 	INFO 	numtrials=360 and this trialDurFrames=9 or 150.0 ms  task=T1
568.9429 	EXP 	window1: recordFrameIntervals = False
568.9500 	INFO 	Mouse: using default window
572.5102 	DATA 	Keypress: t
572.8436 	DATA 	Keypress: y
572.9850 	EXP 	New trial (rep=3, index=1): {'leftStreamFlip': True, 'oneTarget': False, 'trialInstructionPos': (0, 1), 'probe': 'both', 'rightStreamFlip': True, 'horizVert': False, 'ISIframes': 4, 'rightResponseFirst': False}
573.0093 	INFO 	numtrials=360 and this trialDurFrames=9 or 150.0 ms  task=T1
574.1765 	EXP 	window1: recordFrameIntervals = False
574.1834 	INFO 	Mouse: using default window
577.4437 	DATA 	Keypress: c
577.8616 	DATA 	Keypress: z
578.0170 	EXP 	New trial (rep=3, index=2): {'leftStreamFlip': True, 'oneTarget': False, 'trialInstructionPos': (0, 1), 'probe': 'both', 'rightStreamFlip': True, 'horizVert': False, 'ISIframes': 4, 'rightResponseFirst': True}
578.0432 	INFO 	numtrials=360 and this trialDurFrames=9 or 150.0 ms  task=T1
579.3100 	EXP 	window1: recordFrameIntervals = False
579.3168 	INFO 	Mouse: using default window
580.7765 	DATA 	Keypress: u
581.5769 	DATA 	Keypress: m
581.7186 	EXP 	New trial (rep=3, index=3): {'leftStreamFlip': True, 'oneTarget': False, 'trialInstructionPos': (0, 1), 'probe': 'both', 'rightStreamFlip': True, 'horizVert': False, 'ISIframes': 4, 'rightResponseFirst': False}
581.7425 	INFO 	numtrials=360 and this trialDurFrames=9 or 150.0 ms  task=T1
582.8761 	EXP 	window1: recordFrameIntervals = False
582.8842 	INFO 	Mouse: using default window
584.5436 	DATA 	Keypress: a
584.9770 	DATA 	Keypress: m
585.1187 	EXP 	New trial (rep=3, index=4): {'leftStreamFlip': True, 'oneTarget': False, 'trialInstructionPos': (0, 1), 'probe': 'both', 'rightStreamFlip': True, 'horizVert': False, 'ISIframes': 4, 'rightResponseFirst': True}
585.1425 	INFO 	numtrials=360 and this trialDurFrames=9 or 150.0 ms  task=T1
586.4263 	EXP 	window1: recordFrameIntervals = False
586.4335 	INFO 	Mouse: using default window
588.6620 	DATA 	Keypress: y
589.0618 	DATA 	Keypress: k
589.2243 	EXP 	New trial (rep=3, index=5): {'leftStreamFlip': True, 'oneTarget': False, 'trialInstructionPos': (0, -1), 'probe': 'both', 'rightStreamFlip': True, 'horizVert': False, 'ISIframes': 4, 'rightResponseFirst': True}
589.2425 	INFO 	numtrials=360 and this trialDurFrames=9 or 150.0 ms  task=T1
590.5096 	EXP 	window1: recordFrameIntervals = False
590.5167 	INFO 	Mouse: using default window
592.2453 	DATA 	Keypress: c
592.7438 	DATA 	Keypress: z
592.8846 	EXP 	New trial (rep=3, index=6): {'leftStreamFlip': True, 'oneTarget': True, 'trialInstructionPos': (0, 1), 'probe': 'both', 'rightStreamFlip': True, 'horizVert': False, 'ISIframes': 4, 'rightResponseFirst': False}
592.9091 	INFO 	numtrials=360 and this trialDurFrames=9 or 150.0 ms  task=T1
594.2096 	EXP 	window1: recordFrameIntervals = False
594.2170 	INFO 	Mouse: using default window
595.0786 	DATA 	Keypress: n
595.2336 	EXP 	New trial (rep=3, index=7): {'leftStreamFlip': True, 'oneTarget': False, 'trialInstructionPos': (0, -1), 'probe': 'both', 'rightStreamFlip': True, 'horizVert': False, 'ISIframes': 4, 'rightResponseFirst': False}
595.2597 	INFO 	numtrials=360 and this trialDurFrames=9 or 150.0 ms  task=T1
596.4096 	EXP 	window1: recordFrameIntervals = False
596.4167 	INFO 	Mouse: using default window
598.7436 	DATA 	Keypress: u
598.9935 	DATA 	Keypress: z
599.1340 	EXP 	New trial (rep=3, index=8): {'leftStreamFlip': True, 'oneTarget': True, 'trialInstructionPos': (0, -1), 'probe': 'both', 'rightStreamFlip': True, 'horizVert': False, 'ISIframes': 4, 'rightResponseFirst': False}
599.1592 	INFO 	numtrials=360 and this trialDurFrames=9 or 150.0 ms  task=T1
600.3096 	EXP 	window1: recordFrameIntervals = False
600.3166 	INFO 	Mouse: using default window
601.2103 	DATA 	Keypress: a
601.3502 	EXP 	New trial (rep=3, index=9): {'leftStreamFlip': True, 'oneTarget': True, 'trialInstructionPos': (0, 1), 'probe': 'both', 'rightStreamFlip': True, 'horizVert': False, 'ISIframes': 4, 'rightResponseFirst': True}
601.3598 	INFO 	numtrials=360 and this trialDurFrames=9 or 150.0 ms  task=T1
602.5596 	EXP 	window1: recordFrameIntervals = False
602.5666 	INFO 	Mouse: using default window
603.7603 	DATA 	Keypress: g
603.8989 	EXP 	New trial (rep=3, index=10): {'leftStreamFlip': True, 'oneTarget': True, 'trialInstructionPos': (0, -1), 'probe': 'both', 'rightStreamFlip': True, 'horizVert': False, 'ISIframes': 4, 'rightResponseFirst': True}
603.9264 	INFO 	numtrials=360 and this trialDurFrames=9 or 150.0 ms  task=T1
605.2263 	EXP 	window1: recordFrameIntervals = False
605.2333 	INFO 	Mouse: using default window
606.2268 	DATA 	Keypress: t
606.3657 	EXP 	New trial (rep=3, index=11): {'leftStreamFlip': True, 'oneTarget': False, 'trialInstructionPos': (0, -1), 'probe': 'both', 'rightStreamFlip': True, 'horizVert': False, 'ISIframes': 4, 'rightResponseFirst': True}
606.3762 	INFO 	numtrials=360 and this trialDurFrames=9 or 150.0 ms  task=T1
607.5265 	EXP 	window1: recordFrameIntervals = False
607.5333 	INFO 	Mouse: using default window
609.8273 	DATA 	Keypress: n
610.2270 	DATA 	Keypress: t
610.3687 	EXP 	New trial (rep=4, index=0): {'leftStreamFlip': True, 'oneTarget': True, 'trialInstructionPos': (0, 1), 'probe': 'both', 'rightStreamFlip': True, 'horizVert': False, 'ISIframes': 4, 'rightResponseFirst': True}
610.3925 	INFO 	numtrials=360 and this trialDurFrames=9 or 150.0 ms  task=T1
611.5096 	EXP 	window1: recordFrameIntervals = False
611.5168 	INFO 	Mouse: using default window
612.6102 	DATA 	Keypress: n
612.7504 	EXP 	New trial (rep=4, index=1): {'leftStreamFlip': True, 'oneTarget': True, 'trialInstructionPos': (0, -1), 'probe': 'both', 'rightStreamFlip': True, 'horizVert': False, 'ISIframes': 4, 'rightResponseFirst': True}
612.7599 	INFO 	numtrials=360 and this trialDurFrames=9 or 150.0 ms  task=T1
613.8931 	EXP 	window1: recordFrameIntervals = False
613.9019 	INFO 	Mouse: using default window
615.3269 	DATA 	Keypress: h
615.4671 	EXP 	New trial (rep=4, index=2): {'leftStreamFlip': True, 'oneTarget': False, 'trialInstructionPos': (0, 1), 'probe': 'both', 'rightStreamFlip': True, 'horizVert': False, 'ISIframes': 4, 'rightResponseFirst': False}
615.4932 	INFO 	numtrials=360 and this trialDurFrames=9 or 150.0 ms  task=T1
616.6763 	EXP 	window1: recordFrameIntervals = False
616.6841 	INFO 	Mouse: using default window
618.2456 	DATA 	Keypress: z
618.7601 	DATA 	Keypress: j
618.9008 	EXP 	New trial (rep=4, index=3): {'leftStreamFlip': True, 'oneTarget': False, 'trialInstructionPos': (0, -1), 'probe': 'both', 'rightStreamFlip': True, 'horizVert': False, 'ISIframes': 4, 'rightResponseFirst': False}
618.9259 	INFO 	numtrials=360 and this trialDurFrames=9 or 150.0 ms  task=T1
620.0095 	EXP 	window1: recordFrameIntervals = False
620.0169 	INFO 	Mouse: using default window
622.0101 	DATA 	Keypress: z
622.9600 	DATA 	Keypress: c
623.0993 	EXP 	New trial (rep=4, index=4): {'leftStreamFlip': True, 'oneTarget': False, 'trialInstructionPos': (0, -1), 'probe': 'both', 'rightStreamFlip': True, 'horizVert': False, 'ISIframes': 4, 'rightResponseFirst': False}
623.1263 	INFO 	numtrials=360 and this trialDurFrames=9 or 150.0 ms  task=T1
624.2262 	EXP 	window1: recordFrameIntervals = False
624.2334 	INFO 	Mouse: using default window
626.1434 	DATA 	Keypress: y
626.4270 	DATA 	Keypress: k
626.5672 	EXP 	New trial (rep=4, index=5): {'leftStreamFlip': True, 'oneTarget': False, 'trialInstructionPos': (0, -1), 'probe': 'both', 'rightStreamFlip': True, 'horizVert': False, 'ISIframes': 4, 'rightResponseFirst': True}
626.5925 	INFO 	numtrials=360 and this trialDurFrames=9 or 150.0 ms  task=T1
627.7761 	EXP 	window1: recordFrameIntervals = False
627.7838 	INFO 	Mouse: using default window
629.0940 	DATA 	Keypress: u
629.9935 	DATA 	Keypress: t
630.1337 	EXP 	New trial (rep=4, index=6): {'leftStreamFlip': True, 'oneTarget': False, 'trialInstructionPos': (0, 1), 'probe': 'both', 'rightStreamFlip': True, 'horizVert': False, 'ISIframes': 4, 'rightResponseFirst': False}
630.1592 	INFO 	numtrials=360 and this trialDurFrames=9 or 150.0 ms  task=T1
631.2931 	EXP 	window1: recordFrameIntervals = False
631.3003 	INFO 	Mouse: using default window
634.4933 	DATA 	Keypress: i
634.7434 	DATA 	Keypress: j
634.8835 	EXP 	New trial (rep=4, index=7): {'leftStreamFlip': True, 'oneTarget': False, 'trialInstructionPos': (0, 1), 'probe': 'both', 'rightStreamFlip': True, 'horizVert': False, 'ISIframes': 4, 'rightResponseFirst': True}
634.9092 	INFO 	numtrials=360 and this trialDurFrames=9 or 150.0 ms  task=T1
636.1097 	EXP 	window1: recordFrameIntervals = False
636.1168 	INFO 	Mouse: using default window
637.7934 	DATA 	Keypress: y
638.0104 	DATA 	Keypress: u
638.1527 	EXP 	New trial (rep=4, index=8): {'leftStreamFlip': True, 'oneTarget': True, 'trialInstructionPos': (0, -1), 'probe': 'both', 'rightStreamFlip': True, 'horizVert': False, 'ISIframes': 4, 'rightResponseFirst': False}
638.1767 	INFO 	numtrials=360 and this trialDurFrames=9 or 150.0 ms  task=T1
639.3596 	EXP 	window1: recordFrameIntervals = False
639.3666 	INFO 	Mouse: using default window
640.2437 	DATA 	Keypress: t
640.3847 	EXP 	New trial (rep=4, index=9): {'leftStreamFlip': True, 'oneTarget': False, 'trialInstructionPos': (0, 1), 'probe': 'both', 'rightStreamFlip': True, 'horizVert': False, 'ISIframes': 4, 'rightResponseFirst': True}
640.4091 	INFO 	numtrials=360 and this trialDurFrames=9 or 150.0 ms  task=T1
641.5932 	EXP 	window1: recordFrameIntervals = False
641.6000 	INFO 	Mouse: using default window
643.2106 	DATA 	Keypress: y
643.3602 	DATA 	Keypress: k
643.5014 	EXP 	New trial (rep=4, index=10): {'leftStreamFlip': True, 'oneTarget': False, 'trialInstructionPos': (0, -1), 'probe': 'both', 'rightStreamFlip': True, 'horizVert': False, 'ISIframes': 4, 'rightResponseFirst': True}
643.5266 	INFO 	numtrials=360 and this trialDurFrames=9 or 150.0 ms  task=T1
644.7426 	EXP 	window1: recordFrameIntervals = False
644.7508 	INFO 	Mouse: using default window
652.5769 	DATA 	Keypress: r
653.2266 	DATA 	Keypress: l
653.3670 	EXP 	New trial (rep=4, index=11): {'leftStreamFlip': True, 'oneTarget': True, 'trialInstructionPos': (0, 1), 'probe': 'both', 'rightStreamFlip': True, 'horizVert': False, 'ISIframes': 4, 'rightResponseFirst': False}
653.3926 	INFO 	numtrials=360 and this trialDurFrames=9 or 150.0 ms  task=T1
654.6263 	EXP 	window1: recordFrameIntervals = False
654.6333 	INFO 	Mouse: using default window
655.9439 	DATA 	Keypress: e
656.0853 	EXP 	New trial (rep=5, index=0): {'leftStreamFlip': True, 'oneTarget': True, 'trialInstructionPos': (0, -1), 'probe': 'both', 'rightStreamFlip': True, 'horizVert': False, 'ISIframes': 4, 'rightResponseFirst': False}
656.1094 	INFO 	numtrials=360 and this trialDurFrames=9 or 150.0 ms  task=T1
657.2762 	EXP 	window1: recordFrameIntervals = False
657.2841 	INFO 	Mouse: using default window
658.6603 	DATA 	Keypress: a
658.8022 	EXP 	New trial (rep=5, index=1): {'leftStreamFlip': True, 'oneTarget': False, 'trialInstructionPos': (0, -1), 'probe': 'both', 'rightStreamFlip': True, 'horizVert': False, 'ISIframes': 4, 'rightResponseFirst': True}
658.8258 	INFO 	numtrials=360 and this trialDurFrames=9 or 150.0 ms  task=T1
659.9262 	EXP 	window1: recordFrameIntervals = False
659.9331 	INFO 	Mouse: using default window
662.9266 	DATA 	Keypress: j
663.1601 	DATA 	Keypress: k
663.3011 	EXP 	New trial (rep=5, index=2): {'leftStreamFlip': True, 'oneTarget': False, 'trialInstructionPos': (0, -1), 'probe': 'both', 'rightStreamFlip': True, 'horizVert': False, 'ISIframes': 4, 'rightResponseFirst': True}
663.3258 	INFO 	numtrials=360 and this trialDurFrames=9 or 150.0 ms  task=T1
664.5931 	EXP 	window1: recordFrameIntervals = False
664.6008 	INFO 	Mouse: using default window
666.0102 	DATA 	Keypress: c
666.6617 	DATA 	Keypress: u
666.8185 	EXP 	New trial (rep=5, index=3): {'leftStreamFlip': True, 'oneTarget': False, 'trialInstructionPos': (0, 1), 'probe': 'both', 'rightStreamFlip': True, 'horizVert': False, 'ISIframes': 4, 'rightResponseFirst': True}
666.8424 	INFO 	numtrials=360 and this trialDurFrames=9 or 150.0 ms  task=T1
668.0096 	EXP 	window1: recordFrameIntervals = False
668.0166 	INFO 	Mouse: using default window
669.5602 	DATA 	Keypress: l
670.0769 	DATA 	Keypress: y
670.2180 	EXP 	New trial (rep=5, index=4): {'leftStreamFlip': True, 'oneTarget': False, 'trialInstructionPos': (0, -1), 'probe': 'both', 'rightStreamFlip': True, 'horizVert': False, 'ISIframes': 4, 'rightResponseFirst': False}
670.2425 	INFO 	numtrials=360 and this trialDurFrames=9 or 150.0 ms  task=T1
671.3431 	EXP 	window1: recordFrameIntervals = False
671.3502 	INFO 	Mouse: using default window
673.5270 	DATA 	Keypress: a
674.0432 	DATA 	Keypress: j
674.1846 	EXP 	New trial (rep=5, index=5): {'leftStreamFlip': True, 'oneTarget': True, 'trialInstructionPos': (0, 1), 'probe': 'both', 'rightStreamFlip': True, 'horizVert': False, 'ISIframes': 4, 'rightResponseFirst': True}
674.2090 	INFO 	numtrials=360 and this trialDurFrames=9 or 150.0 ms  task=T1
675.3765 	EXP 	window1: recordFrameIntervals = False
675.3842 	INFO 	Mouse: using default window
676.6436 	DATA 	Keypress: r
676.7837 	EXP 	New trial (rep=5, index=6): {'leftStreamFlip': True, 'oneTarget': False, 'trialInstructionPos': (0, 1), 'probe': 'both', 'rightStreamFlip': True, 'horizVert': False, 'ISIframes': 4, 'rightResponseFirst': False}
676.8092 	INFO 	numtrials=360 and this trialDurFrames=9 or 150.0 ms  task=T1
678.0263 	EXP 	window1: recordFrameIntervals = False
678.0332 	INFO 	Mouse: using default window
679.8619 	DATA 	Keypress: g
680.9269 	DATA 	Keypress: r
681.0669 	EXP 	New trial (rep=5, index=7): {'leftStreamFlip': True, 'oneTarget': False, 'trialInstructionPos': (0, 1), 'probe': 'both', 'rightStreamFlip': True, 'horizVert': False, 'ISIframes': 4, 'rightResponseFirst': True}
681.0925 	INFO 	numtrials=360 and this trialDurFrames=9 or 150.0 ms  task=T1
682.1763 	EXP 	window1: recordFrameIntervals = False
682.1850 	INFO 	Mouse: using default window
684.0936 	DATA 	Keypress: g
684.3603 	DATA 	Keypress: a
684.5194 	EXP 	New trial (rep=5, index=8): {'leftStreamFlip': True, 'oneTarget': False, 'trialInstructionPos': (0, 1), 'probe': 'both', 'rightStreamFlip': True, 'horizVert': False, 'ISIframes': 4, 'rightResponseFirst': False}
684.5426 	INFO 	numtrials=360 and this trialDurFrames=9 or 150.0 ms  task=T1
685.8259 	EXP 	window1: recordFrameIntervals = False
685.8334 	INFO 	Mouse: using default window
687.0104 	DATA 	Keypress: g
688.2270 	DATA 	Keypress: r
688.3724 	EXP 	New trial (rep=5, index=9): {'leftStreamFlip': True, 'oneTarget': True, 'trialInstructionPos': (0, 1), 'probe': 'both', 'rightStreamFlip': True, 'horizVert': False, 'ISIframes': 4, 'rightResponseFirst': False}
688.3925 	INFO 	numtrials=360 and this trialDurFrames=9 or 150.0 ms  task=T1
689.6930 	EXP 	window1: recordFrameIntervals = False
689.7001 	INFO 	Mouse: using default window
690.7766 	DATA 	Keypress: r
690.9182 	EXP 	New trial (rep=5, index=10): {'leftStreamFlip': True, 'oneTarget': False, 'trialInstructionPos': (0, -1), 'probe': 'both', 'rightStreamFlip': True, 'horizVert': False, 'ISIframes': 4, 'rightResponseFirst': False}
690.9425 	INFO 	numtrials=360 and this trialDurFrames=9 or 150.0 ms  task=T1
692.1932 	EXP 	window1: recordFrameIntervals = False
692.2011 	INFO 	Mouse: using default window
693.5437 	DATA 	Keypress: t
694.0936 	DATA 	Keypress: c
694.2334 	EXP 	New trial (rep=5, index=11): {'leftStreamFlip': True, 'oneTarget': True, 'trialInstructionPos': (0, -1), 'probe': 'both', 'rightStreamFlip': True, 'horizVert': False, 'ISIframes': 4, 'rightResponseFirst': True}
694.2599 	INFO 	numtrials=360 and this trialDurFrames=9 or 150.0 ms  task=T1
695.4093 	EXP 	window1: recordFrameIntervals = False
695.4165 	INFO 	Mouse: using default window
696.4437 	DATA 	Keypress: z
696.5815 	EXP 	New trial (rep=6, index=0): {'leftStreamFlip': True, 'oneTarget': False, 'trialInstructionPos': (0, 1), 'probe': 'both', 'rightStreamFlip': True, 'horizVert': False, 'ISIframes': 4, 'rightResponseFirst': True}
696.5927 	INFO 	numtrials=360 and this trialDurFrames=9 or 150.0 ms  task=T1
697.7596 	EXP 	window1: recordFrameIntervals = False
697.7668 	INFO 	Mouse: using default window
699.3104 	DATA 	Keypress: y
699.6270 	DATA 	Keypress: f
699.7684 	EXP 	New trial (rep=6, index=1): {'leftStreamFlip': True, 'oneTarget': False, 'trialInstructionPos': (0, -1), 'probe': 'both', 'rightStreamFlip': True, 'horizVert': False, 'ISIframes': 4, 'rightResponseFirst': True}
699.7925 	INFO 	numtrials=360 and this trialDurFrames=9 or 150.0 ms  task=T1
700.9430 	EXP 	window1: recordFrameIntervals = False
700.9503 	INFO 	Mouse: using default window
703.5599 	DATA 	Keypress: h
704.8269 	DATA 	Keypress: h
704.9680 	EXP 	New trial (rep=6, index=2): {'leftStreamFlip': True, 'oneTarget': True, 'trialInstructionPos': (0, -1), 'probe': 'both', 'rightStreamFlip': True, 'horizVert': False, 'ISIframes': 4, 'rightResponseFirst': True}
704.9924 	INFO 	numtrials=360 and this trialDurFrames=9 or 150.0 ms  task=T1
706.1762 	EXP 	window1: recordFrameIntervals = False
706.1838 	INFO 	Mouse: using default window
707.0787 	DATA 	Keypress: m
707.2338 	EXP 	New trial (rep=6, index=3): {'leftStreamFlip': True, 'oneTarget': False, 'trialInstructionPos': (0, 1), 'probe': 'both', 'rightStreamFlip': True, 'horizVert': False, 'ISIframes': 4, 'rightResponseFirst': False}
707.2600 	INFO 	numtrials=360 and this trialDurFrames=9 or 150.0 ms  task=T1
708.3263 	EXP 	window1: recordFrameIntervals = False
708.3333 	INFO 	Mouse: using default window
709.8619 	DATA 	Keypress: u
710.4266 	DATA 	Keypress: k
710.5671 	EXP 	New trial (rep=6, index=4): {'leftStreamFlip': True, 'oneTarget': False, 'trialInstructionPos': (0, 1), 'probe': 'both', 'rightStreamFlip': True, 'horizVert': False, 'ISIframes': 4, 'rightResponseFirst': True}
710.5926 	INFO 	numtrials=360 and this trialDurFrames=9 or 150.0 ms  task=T1
711.7265 	EXP 	window1: recordFrameIntervals = False
711.7336 	INFO 	Mouse: using default window
713.8436 	DATA 	Keypress: g
715.5768 	DATA 	Keypress: u
715.7167 	EXP 	New trial (rep=6, index=5): {'leftStreamFlip': True, 'oneTarget': False, 'trialInstructionPos': (0, -1), 'probe': 'both', 'rightStreamFlip': True, 'horizVert': False, 'ISIframes': 4, 'rightResponseFirst': True}
715.7430 	INFO 	numtrials=360 and this trialDurFrames=9 or 150.0 ms  task=T1
716.9431 	EXP 	window1: recordFrameIntervals = False
716.9501 	INFO 	Mouse: using default window
719.7437 	DATA 	Keypress: s
720.4604 	DATA 	Keypress: t
720.6051 	EXP 	New trial (rep=6, index=6): {'leftStreamFlip': True, 'oneTarget': True, 'trialInstructionPos': (0, 1), 'probe': 'both', 'rightStreamFlip': True, 'horizVert': False, 'ISIframes': 4, 'rightResponseFirst': False}
720.6258 	INFO 	numtrials=360 and this trialDurFrames=9 or 150.0 ms  task=T1
721.9264 	EXP 	window1: recordFrameIntervals = False
721.9332 	INFO 	Mouse: using default window
722.8770 	DATA 	Keypress: t
723.0171 	EXP 	New trial (rep=6, index=7): {'leftStreamFlip': True, 'oneTarget': True, 'trialInstructionPos': (0, -1), 'probe': 'both', 'rightStreamFlip': True, 'horizVert': False, 'ISIframes': 4, 'rightResponseFirst': False}
723.0426 	INFO 	numtrials=360 and this trialDurFrames=9 or 150.0 ms  task=T1
724.2931 	EXP 	window1: recordFrameIntervals = False
724.3006 	INFO 	Mouse: using default window
725.2435 	DATA 	Keypress: t
725.4143 	EXP 	New trial (rep=6, index=8): {'leftStreamFlip': True, 'oneTarget': False, 'trialInstructionPos': (0, -1), 'probe': 'both', 'rightStreamFlip': True, 'horizVert': False, 'ISIframes': 4, 'rightResponseFirst': False}
725.4258 	INFO 	numtrials=360 and this trialDurFrames=9 or 150.0 ms  task=T1
726.5263 	EXP 	window1: recordFrameIntervals = False
726.5341 	INFO 	Mouse: using default window
728.0768 	DATA 	Keypress: g
728.2617 	DATA 	Keypress: u
728.4252 	EXP 	New trial (rep=6, index=9): {'leftStreamFlip': True, 'oneTarget': True, 'trialInstructionPos': (0, 1), 'probe': 'both', 'rightStreamFlip': True, 'horizVert': False, 'ISIframes': 4, 'rightResponseFirst': True}
728.4426 	INFO 	numtrials=360 and this trialDurFrames=9 or 150.0 ms  task=T1
729.6763 	EXP 	window1: recordFrameIntervals = False
729.6834 	INFO 	Mouse: using default window
730.9603 	DATA 	Keypress: g
731.1080 	EXP 	New trial (rep=6, index=10): {'leftStreamFlip': True, 'oneTarget': False, 'trialInstructionPos': (0, 1), 'probe': 'both', 'rightStreamFlip': True, 'horizVert': False, 'ISIframes': 4, 'rightResponseFirst': False}
731.1260 	INFO 	numtrials=360 and this trialDurFrames=9 or 150.0 ms  task=T1
732.2265 	EXP 	window1: recordFrameIntervals = False
732.2338 	INFO 	Mouse: using default window
734.1771 	DATA 	Keypress: g
734.4936 	DATA 	Keypress: u
734.6349 	EXP 	New trial (rep=6, index=11): {'leftStreamFlip': True, 'oneTarget': False, 'trialInstructionPos': (0, -1), 'probe': 'both', 'rightStreamFlip': True, 'horizVert': False, 'ISIframes': 4, 'rightResponseFirst': False}
734.6591 	INFO 	numtrials=360 and this trialDurFrames=9 or 150.0 ms  task=T1
735.8930 	EXP 	window1: recordFrameIntervals = False
735.9002 	INFO 	Mouse: using default window
740.2940 	DATA 	Keypress: f
741.5602 	DATA 	Keypress: f
741.6996 	EXP 	New trial (rep=7, index=0): {'leftStreamFlip': True, 'oneTarget': True, 'trialInstructionPos': (0, 1), 'probe': 'both', 'rightStreamFlip': True, 'horizVert': False, 'ISIframes': 4, 'rightResponseFirst': True}
741.7093 	INFO 	numtrials=360 and this trialDurFrames=9 or 150.0 ms  task=T1
742.9598 	EXP 	window1: recordFrameIntervals = False
742.9667 	INFO 	Mouse: using default window
743.9770 	DATA 	Keypress: y
744.1172 	EXP 	New trial (rep=7, index=1): {'leftStreamFlip': True, 'oneTarget': False, 'trialInstructionPos': (0, 1), 'probe': 'both', 'rightStreamFlip': True, 'horizVert': False, 'ISIframes': 4, 'rightResponseFirst': True}
744.1434 	INFO 	numtrials=360 and this trialDurFrames=9 or 150.0 ms  task=T1
745.3094 	EXP 	window1: recordFrameIntervals = False
745.3166 	INFO 	Mouse: using default window
747.0784 	DATA 	Keypress: k
747.2268 	DATA 	Keypress: s
747.3694 	EXP 	New trial (rep=7, index=2): {'leftStreamFlip': True, 'oneTarget': False, 'trialInstructionPos': (0, 1), 'probe': 'both', 'rightStreamFlip': True, 'horizVert': False, 'ISIframes': 4, 'rightResponseFirst': False}
747.3924 	INFO 	numtrials=360 and this trialDurFrames=9 or 150.0 ms  task=T1
748.4596 	EXP 	window1: recordFrameIntervals = False
748.4676 	INFO 	Mouse: using default window
750.5102 	DATA 	Keypress: t
750.8099 	DATA 	Keypress: n
750.9539 	EXP 	New trial (rep=7, index=3): {'leftStreamFlip': True, 'oneTarget': True, 'trialInstructionPos': (0, -1), 'probe': 'both', 'rightStreamFlip': True, 'horizVert': False, 'ISIframes': 4, 'rightResponseFirst': True}
750.9759 	INFO 	numtrials=360 and this trialDurFrames=9 or 150.0 ms  task=T1
752.2263 	EXP 	window1: recordFrameIntervals = False
752.2333 	INFO 	Mouse: using default window
753.4941 	DATA 	Keypress: u
753.6942 	EXP 	New trial (rep=7, index=4): {'leftStreamFlip': True, 'oneTarget': True, 'trialInstructionPos': (0, -1), 'probe': 'both', 'rightStreamFlip': True, 'horizVert': False, 'ISIframes': 4, 'rightResponseFirst': False}
753.7091 	INFO 	numtrials=360 and this trialDurFrames=9 or 150.0 ms  task=T1
754.9097 	EXP 	window1: recordFrameIntervals = False
754.9168 	INFO 	Mouse: using default window
756.0434 	DATA 	Keypress: n
756.1835 	EXP 	New trial (rep=7, index=5): {'leftStreamFlip': True, 'oneTarget': False, 'trialInstructionPos': (0, 1), 'probe': 'both', 'rightStreamFlip': True, 'horizVert': False, 'ISIframes': 4, 'rightResponseFirst': True}
756.1933 	INFO 	numtrials=360 and this trialDurFrames=9 or 150.0 ms  task=T1
757.3764 	EXP 	window1: recordFrameIntervals = False
757.3832 	INFO 	Mouse: using default window
758.5272 	DATA 	Keypress: y
759.6437 	DATA 	Keypress: t
759.7840 	EXP 	New trial (rep=7, index=6): {'leftStreamFlip': True, 'oneTarget': False, 'trialInstructionPos': (0, -1), 'probe': 'both', 'rightStreamFlip': True, 'horizVert': False, 'ISIframes': 4, 'rightResponseFirst': False}
759.8092 	INFO 	numtrials=360 and this trialDurFrames=9 or 150.0 ms  task=T1
760.9436 	EXP 	window1: recordFrameIntervals = False
760.9505 	INFO 	Mouse: using default window
762.4435 	DATA 	Keypress: n
762.9272 	DATA 	Keypress: e
763.0669 	EXP 	New trial (rep=7, index=7): {'leftStreamFlip': True, 'oneTarget': False, 'trialInstructionPos': (0, 1), 'probe': 'both', 'rightStreamFlip': True, 'horizVert': False, 'ISIframes': 4, 'rightResponseFirst': False}
763.0926 	INFO 	numtrials=360 and this trialDurFrames=9 or 150.0 ms  task=T1
764.2096 	EXP 	window1: recordFrameIntervals = False
764.2177 	INFO 	Mouse: using default window
765.7270 	DATA 	Keypress: s
766.1102 	DATA 	Keypress: k
766.2514 	EXP 	New trial (rep=7, index=8): {'leftStreamFlip': True, 'oneTarget': False, 'trialInstructionPos': (0, -1), 'probe': 'both', 'rightStreamFlip': True, 'horizVert': False, 'ISIframes': 4, 'rightResponseFirst': True}
766.2758 	INFO 	numtrials=360 and this trialDurFrames=9 or 150.0 ms  task=T1
767.4764 	EXP 	window1: recordFrameIntervals = False
767.4836 	INFO 	Mouse: using default window
768.5437 	DATA 	Keypress: m
768.9769 	DATA 	Keypress: g
769.1180 	EXP 	New trial (rep=7, index=9): {'leftStreamFlip': True, 'oneTarget': False, 'trialInstructionPos': (0, -1), 'probe': 'both', 'rightStreamFlip': True, 'horizVert': False, 'ISIframes': 4, 'rightResponseFirst': False}
769.1424 	INFO 	numtrials=360 and this trialDurFrames=9 or 150.0 ms  task=T1
770.2264 	EXP 	window1: recordFrameIntervals = False
770.2336 	INFO 	Mouse: using default window
776.3269 	DATA 	Keypress: s
776.6620 	DATA 	Keypress: k
776.8192 	EXP 	New trial (rep=7, index=10): {'leftStreamFlip': True, 'oneTarget': False, 'trialInstructionPos': (0, -1), 'probe': 'both', 'rightStreamFlip': True, 'horizVert': False, 'ISIframes': 4, 'rightResponseFirst': True}
776.8424 	INFO 	numtrials=360 and this trialDurFrames=9 or 150.0 ms  task=T1
777.9764 	EXP 	window1: recordFrameIntervals = False
777.9833 	INFO 	Mouse: using default window
780.5604 	DATA 	Keypress: s
780.8935 	DATA 	Keypress: g
781.0385 	EXP 	New trial (rep=7, index=11): {'leftStreamFlip': True, 'oneTarget': True, 'trialInstructionPos': (0, 1), 'probe': 'both', 'rightStreamFlip': True, 'horizVert': False, 'ISIframes': 4, 'rightResponseFirst': False}
781.0592 	INFO 	numtrials=360 and this trialDurFrames=9 or 150.0 ms  task=T1
782.3430 	EXP 	window1: recordFrameIntervals = False
782.3500 	INFO 	Mouse: using default window
783.1602 	DATA 	Keypress: u
783.3050 	EXP 	New trial (rep=8, index=0): {'leftStreamFlip': True, 'oneTarget': False, 'trialInstructionPos': (0, -1), 'probe': 'both', 'rightStreamFlip': True, 'horizVert': False, 'ISIframes': 4, 'rightResponseFirst': True}
783.3258 	INFO 	numtrials=360 and this trialDurFrames=9 or 150.0 ms  task=T1
784.4763 	EXP 	window1: recordFrameIntervals = False
784.4835 	INFO 	Mouse: using default window
785.5269 	DATA 	Keypress: c
786.3436 	DATA 	Keypress: t
786.4829 	EXP 	New trial (rep=8, index=1): {'leftStreamFlip': True, 'oneTarget': True, 'trialInstructionPos': (0, -1), 'probe': 'both', 'rightStreamFlip': True, 'horizVert': False, 'ISIframes': 4, 'rightResponseFirst': False}
786.4929 	INFO 	numtrials=360 and this trialDurFrames=9 or 150.0 ms  task=T1
787.7264 	EXP 	window1: recordFrameIntervals = False
787.7333 	INFO 	Mouse: using default window
789.1767 	DATA 	Keypress: c
789.3168 	EXP 	New trial (rep=8, index=2): {'leftStreamFlip': True, 'oneTarget': True, 'trialInstructionPos': (0, 1), 'probe': 'both', 'rightStreamFlip': True, 'horizVert': False, 'ISIframes': 4, 'rightResponseFirst': False}
789.3424 	INFO 	numtrials=360 and this trialDurFrames=9 or 150.0 ms  task=T1
790.6097 	EXP 	window1: recordFrameIntervals = False
790.6169 	INFO 	Mouse: using default window
791.8455 	DATA 	Keypress: f
792.0002 	EXP 	New trial (rep=8, index=3): {'leftStreamFlip': True, 'oneTarget': False, 'trialInstructionPos': (0, -1), 'probe': 'both', 'rightStreamFlip': True, 'horizVert': False, 'ISIframes': 4, 'rightResponseFirst': False}
792.0264 	INFO 	numtrials=360 and this trialDurFrames=9 or 150.0 ms  task=T1
793.3096 	EXP 	window1: recordFrameIntervals = False
793.3167 	INFO 	Mouse: using default window
795.1436 	DATA 	Keypress: y
795.4455 	DATA 	Keypress: t
795.6049 	EXP 	New trial (rep=8, index=4): {'leftStreamFlip': True, 'oneTarget': False, 'trialInstructionPos': (0, -1), 'probe': 'both', 'rightStreamFlip': True, 'horizVert': False, 'ISIframes': 4, 'rightResponseFirst': False}
795.6258 	INFO 	numtrials=360 and this trialDurFrames=9 or 150.0 ms  task=T1
796.8265 	EXP 	window1: recordFrameIntervals = False
796.8334 	INFO 	Mouse: using default window
799.2766 	DATA 	Keypress: e
800.1603 	DATA 	Keypress: g
800.3079 	EXP 	New trial (rep=8, index=5): {'leftStreamFlip': True, 'oneTarget': False, 'trialInstructionPos': (0, 1), 'probe': 'both', 'rightStreamFlip': True, 'horizVert': False, 'ISIframes': 4, 'rightResponseFirst': False}
800.3260 	INFO 	numtrials=360 and this trialDurFrames=9 or 150.0 ms  task=T1
801.5591 	EXP 	window1: recordFrameIntervals = False
801.5665 	INFO 	Mouse: using default window
803.2938 	DATA 	Keypress: m
803.4786 	DATA 	Keypress: c
803.6337 	EXP 	New trial (rep=8, index=6): {'leftStreamFlip': True, 'oneTarget': False, 'trialInstructionPos': (0, 1), 'probe': 'both', 'rightStreamFlip': True, 'horizVert': False, 'ISIframes': 4, 'rightResponseFirst': True}
803.6599 	INFO 	numtrials=360 and this trialDurFrames=9 or 150.0 ms  task=T1
804.7928 	EXP 	window1: recordFrameIntervals = False
804.8003 	INFO 	Mouse: using default window
806.9772 	DATA 	Keypress: c
807.2936 	DATA 	Keypress: j
807.4330 	EXP 	New trial (rep=8, index=7): {'leftStreamFlip': True, 'oneTarget': False, 'trialInstructionPos': (0, -1), 'probe': 'both', 'rightStreamFlip': True, 'horizVert': False, 'ISIframes': 4, 'rightResponseFirst': True}
807.4427 	INFO 	numtrials=360 and this trialDurFrames=9 or 150.0 ms  task=T1
808.5429 	EXP 	window1: recordFrameIntervals = False
808.5501 	INFO 	Mouse: using default window
809.8620 	DATA 	Keypress: y
810.1102 	DATA 	Keypress: t
810.2559 	EXP 	New trial (rep=8, index=8): {'leftStreamFlip': True, 'oneTarget': False, 'trialInstructionPos': (0, 1), 'probe': 'both', 'rightStreamFlip': True, 'horizVert': False, 'ISIframes': 4, 'rightResponseFirst': False}
810.2758 	INFO 	numtrials=360 and this trialDurFrames=9 or 150.0 ms  task=T1
811.5430 	EXP 	window1: recordFrameIntervals = False
811.5503 	INFO 	Mouse: using default window
812.7602 	DATA 	Keypress: m
813.0101 	DATA 	Keypress: g
813.1525 	EXP 	New trial (rep=8, index=9): {'leftStreamFlip': True, 'oneTarget': True, 'trialInstructionPos': (0, -1), 'probe': 'both', 'rightStreamFlip': True, 'horizVert': False, 'ISIframes': 4, 'rightResponseFirst': True}
813.1759 	INFO 	numtrials=360 and this trialDurFrames=9 or 150.0 ms  task=T1
814.3265 	EXP 	window1: recordFrameIntervals = False
814.3338 	INFO 	Mouse: using default window
815.0290 	DATA 	Keypress: y
815.1896 	EXP 	New trial (rep=8, index=10): {'leftStreamFlip': True, 'oneTarget': False, 'trialInstructionPos': (0, 1), 'probe': 'both', 'rightStreamFlip': True, 'horizVert': False, 'ISIframes': 4, 'rightResponseFirst': True}
815.2090 	INFO 	numtrials=360 and this trialDurFrames=9 or 150.0 ms  task=T1
816.4762 	EXP 	window1: recordFrameIntervals = False
816.4842 	INFO 	Mouse: using default window
817.5271 	DATA 	Keypress: j
817.6936 	DATA 	Keypress: j
817.8418 	EXP 	New trial (rep=8, index=11): {'leftStreamFlip': True, 'oneTarget': True, 'trialInstructionPos': (0, 1), 'probe': 'both', 'rightStreamFlip': True, 'horizVert': False, 'ISIframes': 4, 'rightResponseFirst': True}
817.8591 	INFO 	numtrials=360 and this trialDurFrames=9 or 150.0 ms  task=T1
819.1096 	EXP 	window1: recordFrameIntervals = False
819.1169 	INFO 	Mouse: using default window
820.0104 	DATA 	Keypress: j
820.1499 	EXP 	New trial (rep=9, index=0): {'leftStreamFlip': True, 'oneTarget': False, 'trialInstructionPos': (0, -1), 'probe': 'both', 'rightStreamFlip': True, 'horizVert': False, 'ISIframes': 4, 'rightResponseFirst': True}
820.1761 	INFO 	numtrials=360 and this trialDurFrames=9 or 150.0 ms  task=T1
821.4764 	EXP 	window1: recordFrameIntervals = False
821.4833 	INFO 	Mouse: using default window
822.9100 	DATA 	Keypress: g
824.0437 	DATA 	Keypress: u
824.1835 	EXP 	New trial (rep=9, index=1): {'leftStreamFlip': True, 'oneTarget': False, 'trialInstructionPos': (0, 1), 'probe': 'both', 'rightStreamFlip': True, 'horizVert': False, 'ISIframes': 4, 'rightResponseFirst': True}
824.1926 	INFO 	numtrials=360 and this trialDurFrames=9 or 150.0 ms  task=T1
825.2930 	EXP 	window1: recordFrameIntervals = False
825.3000 	INFO 	Mouse: using default window
826.4436 	DATA 	Keypress: g
826.7601 	DATA 	Keypress: u
826.9015 	EXP 	New trial (rep=9, index=2): {'leftStreamFlip': True, 'oneTarget': True, 'trialInstructionPos': (0, 1), 'probe': 'both', 'rightStreamFlip': True, 'horizVert': False, 'ISIframes': 4, 'rightResponseFirst': False}
826.9258 	INFO 	numtrials=360 and this trialDurFrames=9 or 150.0 ms  task=T1
828.2097 	EXP 	window1: recordFrameIntervals = False
828.2167 	INFO 	Mouse: using default window
828.8270 	DATA 	Keypress: s
828.9665 	EXP 	New trial (rep=9, index=3): {'leftStreamFlip': True, 'oneTarget': False, 'trialInstructionPos': (0, 1), 'probe': 'both', 'rightStreamFlip': True, 'horizVert': False, 'ISIframes': 4, 'rightResponseFirst': False}
828.9930 	INFO 	numtrials=360 and this trialDurFrames=9 or 150.0 ms  task=T1
830.1098 	EXP 	window1: recordFrameIntervals = False
830.1195 	INFO 	Mouse: using default window
832.4602 	DATA 	Keypress: z
832.5937 	DATA 	Keypress: j
832.7343 	EXP 	New trial (rep=9, index=4): {'leftStreamFlip': True, 'oneTarget': True, 'trialInstructionPos': (0, -1), 'probe': 'both', 'rightStreamFlip': True, 'horizVert': False, 'ISIframes': 4, 'rightResponseFirst': True}
832.7591 	INFO 	numtrials=360 and this trialDurFrames=9 or 150.0 ms  task=T1
833.8598 	EXP 	window1: recordFrameIntervals = False
833.8680 	INFO 	Mouse: using default window
835.2938 	DATA 	Keypress: j
835.4324 	EXP 	New trial (rep=9, index=5): {'leftStreamFlip': True, 'oneTarget': False, 'trialInstructionPos': (0, 1), 'probe': 'both', 'rightStreamFlip': True, 'horizVert': False, 'ISIframes': 4, 'rightResponseFirst': True}
835.4425 	INFO 	numtrials=360 and this trialDurFrames=9 or 150.0 ms  task=T1
836.5430 	EXP 	window1: recordFrameIntervals = False
836.5500 	INFO 	Mouse: using default window
837.6773 	DATA 	Keypress: c
838.1103 	DATA 	Keypress: z
838.2515 	EXP 	New trial (rep=9, index=6): {'leftStreamFlip': True, 'oneTarget': True, 'trialInstructionPos': (0, -1), 'probe': 'both', 'rightStreamFlip': True, 'horizVert': False, 'ISIframes': 4, 'rightResponseFirst': False}
838.2758 	INFO 	numtrials=360 and this trialDurFrames=9 or 150.0 ms  task=T1
839.3596 	EXP 	window1: recordFrameIntervals = False
839.3666 	INFO 	Mouse: using default window
840.2618 	DATA 	Keypress: g
840.4154 	EXP 	New trial (rep=9, index=7): {'leftStreamFlip': True, 'oneTarget': False, 'trialInstructionPos': (0, -1), 'probe': 'both', 'rightStreamFlip': True, 'horizVert': False, 'ISIframes': 4, 'rightResponseFirst': False}
840.4261 	INFO 	numtrials=360 and this trialDurFrames=9 or 150.0 ms  task=T1
841.5430 	EXP 	window1: recordFrameIntervals = False
841.5501 	INFO 	Mouse: using default window
846.0769 	DATA 	Keypress: e
846.9769 	DATA 	Keypress: e
847.1179 	EXP 	New trial (rep=9, index=8): {'leftStreamFlip': True, 'oneTarget': False, 'trialInstructionPos': (0, 1), 'probe': 'both', 'rightStreamFlip': True, 'horizVert': False, 'ISIframes': 4, 'rightResponseFirst': False}
847.1425 	INFO 	numtrials=360 and this trialDurFrames=9 or 150.0 ms  task=T1
848.3762 	EXP 	window1: recordFrameIntervals = False
848.3833 	INFO 	Mouse: using default window
849.5103 	DATA 	Keypress: c
849.8436 	DATA 	Keypress: y
849.9877 	EXP 	New trial (rep=9, index=9): {'leftStreamFlip': True, 'oneTarget': True, 'trialInstructionPos': (0, 1), 'probe': 'both', 'rightStreamFlip': True, 'horizVert': False, 'ISIframes': 4, 'rightResponseFirst': True}
850.0092 	INFO 	numtrials=360 and this trialDurFrames=9 or 150.0 ms  task=T1
851.1430 	EXP 	window1: recordFrameIntervals = False
851.1502 	INFO 	Mouse: using default window
852.3603 	DATA 	Keypress: m
852.5057 	EXP 	New trial (rep=9, index=10): {'leftStreamFlip': True, 'oneTarget': False, 'trialInstructionPos': (0, -1), 'probe': 'both', 'rightStreamFlip': True, 'horizVert': False, 'ISIframes': 4, 'rightResponseFirst': True}
852.5257 	INFO 	numtrials=360 and this trialDurFrames=9 or 150.0 ms  task=T1
853.6930 	EXP 	window1: recordFrameIntervals = False
853.7003 	INFO 	Mouse: using default window
855.3436 	DATA 	Keypress: k
856.2436 	DATA 	Keypress: c
856.3851 	EXP 	New trial (rep=9, index=11): {'leftStreamFlip': True, 'oneTarget': False, 'trialInstructionPos': (0, -1), 'probe': 'both', 'rightStreamFlip': True, 'horizVert': False, 'ISIframes': 4, 'rightResponseFirst': False}
856.4091 	INFO 	numtrials=360 and this trialDurFrames=9 or 150.0 ms  task=T1
857.6758 	EXP 	window1: recordFrameIntervals = False
857.6833 	INFO 	Mouse: using default window
858.7101 	DATA 	Keypress: y
860.2433 	DATA 	Keypress: n
860.3810 	EXP 	New trial (rep=10, index=0): {'leftStreamFlip': True, 'oneTarget': True, 'trialInstructionPos': (0, 1), 'probe': 'both', 'rightStreamFlip': True, 'horizVert': False, 'ISIframes': 4, 'rightResponseFirst': False}
860.3921 	INFO 	numtrials=360 and this trialDurFrames=9 or 150.0 ms  task=T1
861.6259 	EXP 	window1: recordFrameIntervals = False
861.6341 	INFO 	Mouse: using default window
863.8621 	DATA 	Keypress: l
864.0127 	EXP 	New trial (rep=10, index=1): {'leftStreamFlip': True, 'oneTarget': True, 'trialInstructionPos': (0, 1), 'probe': 'both', 'rightStreamFlip': True, 'horizVert': False, 'ISIframes': 4, 'rightResponseFirst': True}
864.0255 	INFO 	numtrials=360 and this trialDurFrames=9 or 150.0 ms  task=T1
865.2426 	EXP 	window1: recordFrameIntervals = False
865.2504 	INFO 	Mouse: using default window
866.4768 	DATA 	Keypress: g
866.6131 	EXP 	New trial (rep=10, index=2): {'leftStreamFlip': True, 'oneTarget': False, 'trialInstructionPos': (0, -1), 'probe': 'both', 'rightStreamFlip': True, 'horizVert': False, 'ISIframes': 4, 'rightResponseFirst': True}
866.6258 	INFO 	numtrials=360 and this trialDurFrames=9 or 150.0 ms  task=T1
867.9259 	EXP 	window1: recordFrameIntervals = False
867.9337 	INFO 	Mouse: using default window
870.2290 	DATA 	Keypress: k
871.1936 	DATA 	Keypress: u
871.3362 	EXP 	New trial (rep=10, index=3): {'leftStreamFlip': True, 'oneTarget': False, 'trialInstructionPos': (0, -1), 'probe': 'both', 'rightStreamFlip': True, 'horizVert': False, 'ISIframes': 4, 'rightResponseFirst': True}
871.3592 	INFO 	numtrials=360 and this trialDurFrames=9 or 150.0 ms  task=T1
872.4426 	EXP 	window1: recordFrameIntervals = False
872.4499 	INFO 	Mouse: using default window
874.6434 	DATA 	Keypress: g
875.6936 	DATA 	Keypress: z
875.8326 	EXP 	New trial (rep=10, index=4): {'leftStreamFlip': True, 'oneTarget': True, 'trialInstructionPos': (0, -1), 'probe': 'both', 'rightStreamFlip': True, 'horizVert': False, 'ISIframes': 4, 'rightResponseFirst': True}
875.8429 	INFO 	numtrials=360 and this trialDurFrames=9 or 150.0 ms  task=T1
877.0928 	EXP 	window1: recordFrameIntervals = False
877.0997 	INFO 	Mouse: using default window
878.6780 	DATA 	Keypress: space
881.3600 	DATA 	Keypress: f
881.4977 	EXP 	New trial (rep=10, index=5): {'leftStreamFlip': True, 'oneTarget': False, 'trialInstructionPos': (0, 1), 'probe': 'both', 'rightStreamFlip': True, 'horizVert': False, 'ISIframes': 4, 'rightResponseFirst': True}
881.5089 	INFO 	numtrials=360 and this trialDurFrames=9 or 150.0 ms  task=T1
882.7264 	EXP 	window1: recordFrameIntervals = False
882.7333 	INFO 	Mouse: using default window
884.6269 	DATA 	Keypress: h
885.2770 	DATA 	Keypress: a
885.4149 	EXP 	New trial (rep=10, index=6): {'leftStreamFlip': True, 'oneTarget': False, 'trialInstructionPos': (0, -1), 'probe': 'both', 'rightStreamFlip': True, 'horizVert': False, 'ISIframes': 4, 'rightResponseFirst': False}
885.4256 	INFO 	numtrials=360 and this trialDurFrames=9 or 150.0 ms  task=T1
886.5095 	EXP 	window1: recordFrameIntervals = False
886.5161 	INFO 	Mouse: using default window
893.7603 	DATA 	Keypress: z
894.2788 	DATA 	Keypress: c
894.4304 	EXP 	New trial (rep=10, index=7): {'leftStreamFlip': True, 'oneTarget': False, 'trialInstructionPos': (0, 1), 'probe': 'both', 'rightStreamFlip': True, 'horizVert': False, 'ISIframes': 4, 'rightResponseFirst': True}
894.4422 	INFO 	numtrials=360 and this trialDurFrames=9 or 150.0 ms  task=T1
895.5592 	EXP 	window1: recordFrameIntervals = False
895.5694 	INFO 	Mouse: using default window
898.8768 	DATA 	Keypress: z
899.9772 	DATA 	Keypress: t
900.1186 	EXP 	New trial (rep=10, index=8): {'leftStreamFlip': True, 'oneTarget': True, 'trialInstructionPos': (0, -1), 'probe': 'both', 'rightStreamFlip': True, 'horizVert': False, 'ISIframes': 4, 'rightResponseFirst': False}
900.1425 	INFO 	numtrials=360 and this trialDurFrames=9 or 150.0 ms  task=T1
901.2431 	EXP 	window1: recordFrameIntervals = False
901.2503 	INFO 	Mouse: using default window
902.1605 	DATA 	Keypress: k
902.3008 	EXP 	New trial (rep=10, index=9): {'leftStreamFlip': True, 'oneTarget': False, 'trialInstructionPos': (0, 1), 'probe': 'both', 'rightStreamFlip': True, 'horizVert': False, 'ISIframes': 4, 'rightResponseFirst': False}
902.3263 	INFO 	numtrials=360 and this trialDurFrames=9 or 150.0 ms  task=T1
903.4931 	EXP 	window1: recordFrameIntervals = False
903.5002 	INFO 	Mouse: using default window
904.6623 	DATA 	Keypress: u
904.9438 	DATA 	Keypress: y
905.0844 	EXP 	New trial (rep=10, index=10): {'leftStreamFlip': True, 'oneTarget': False, 'trialInstructionPos': (0, 1), 'probe': 'both', 'rightStreamFlip': True, 'horizVert': False, 'ISIframes': 4, 'rightResponseFirst': False}
905.1092 	INFO 	numtrials=360 and this trialDurFrames=9 or 150.0 ms  task=T1
906.3098 	EXP 	window1: recordFrameIntervals = False
906.3171 	INFO 	Mouse: using default window
907.5767 	DATA 	Keypress: g
908.0104 	DATA 	Keypress: h
908.1514 	EXP 	New trial (rep=10, index=11): {'leftStreamFlip': True, 'oneTarget': False, 'trialInstructionPos': (0, -1), 'probe': 'both', 'rightStreamFlip': True, 'horizVert': False, 'ISIframes': 4, 'rightResponseFirst': False}
908.1761 	INFO 	numtrials=360 and this trialDurFrames=9 or 150.0 ms  task=T1
909.2930 	EXP 	window1: recordFrameIntervals = False
909.3003 	INFO 	Mouse: using default window
910.6438 	DATA 	Keypress: k
911.6938 	DATA 	Keypress: s
911.8342 	EXP 	New trial (rep=11, index=0): {'leftStreamFlip': True, 'oneTarget': True, 'trialInstructionPos': (0, 1), 'probe': 'both', 'rightStreamFlip': True, 'horizVert': False, 'ISIframes': 4, 'rightResponseFirst': True}
911.8592 	INFO 	numtrials=360 and this trialDurFrames=9 or 150.0 ms  task=T1
912.9597 	EXP 	window1: recordFrameIntervals = False
912.9669 	INFO 	Mouse: using default window
914.0770 	DATA 	Keypress: t
914.2163 	EXP 	New trial (rep=11, index=1): {'leftStreamFlip': True, 'oneTarget': True, 'trialInstructionPos': (0, 1), 'probe': 'both', 'rightStreamFlip': True, 'horizVert': False, 'ISIframes': 4, 'rightResponseFirst': False}
914.2260 	INFO 	numtrials=360 and this trialDurFrames=9 or 150.0 ms  task=T1
915.5097 	EXP 	window1: recordFrameIntervals = False
915.5168 	INFO 	Mouse: using default window
916.3773 	DATA 	Keypress: m
916.5164 	EXP 	New trial (rep=11, index=2): {'leftStreamFlip': True, 'oneTarget': False, 'trialInstructionPos': (0, 1), 'probe': 'both', 'rightStreamFlip': True, 'horizVert': False, 'ISIframes': 4, 'rightResponseFirst': False}
916.5433 	INFO 	numtrials=360 and this trialDurFrames=9 or 150.0 ms  task=T1
917.6265 	EXP 	window1: recordFrameIntervals = False
917.6337 	INFO 	Mouse: using default window
918.7098 	DATA 	Keypress: k
919.1099 	DATA 	Keypress: j
919.2495 	EXP 	New trial (rep=11, index=3): {'leftStreamFlip': True, 'oneTarget': False, 'trialInstructionPos': (0, -1), 'probe': 'both', 'rightStreamFlip': True, 'horizVert': False, 'ISIframes': 4, 'rightResponseFirst': True}
919.2597 	INFO 	numtrials=360 and this trialDurFrames=9 or 150.0 ms  task=T1
920.3429 	EXP 	window1: recordFrameIntervals = False
920.3501 	INFO 	Mouse: using default window
921.3935 	DATA 	Keypress: y
921.6271 	DATA 	Keypress: u
921.7968 	EXP 	New trial (rep=11, index=4): {'leftStreamFlip': True, 'oneTarget': False, 'trialInstructionPos': (0, 1), 'probe': 'both', 'rightStreamFlip': True, 'horizVert': False, 'ISIframes': 4, 'rightResponseFirst': True}
921.8092 	INFO 	numtrials=360 and this trialDurFrames=9 or 150.0 ms  task=T1
923.0597 	EXP 	window1: recordFrameIntervals = False
923.0668 	INFO 	Mouse: using default window
923.8270 	DATA 	Keypress: m
924.0108 	DATA 	Keypress: m
924.1562 	EXP 	New trial (rep=11, index=5): {'leftStreamFlip': True, 'oneTarget': True, 'trialInstructionPos': (0, -1), 'probe': 'both', 'rightStreamFlip': True, 'horizVert': False, 'ISIframes': 4, 'rightResponseFirst': True}
924.1758 	INFO 	numtrials=360 and this trialDurFrames=9 or 150.0 ms  task=T1
925.2597 	EXP 	window1: recordFrameIntervals = False
925.2667 	INFO 	Mouse: using default window
926.0770 	DATA 	Keypress: n
926.2164 	EXP 	New trial (rep=11, index=6): {'leftStreamFlip': True, 'oneTarget': False, 'trialInstructionPos': (0, 1), 'probe': 'both', 'rightStreamFlip': True, 'horizVert': False, 'ISIframes': 4, 'rightResponseFirst': False}
926.2433 	INFO 	numtrials=360 and this trialDurFrames=9 or 150.0 ms  task=T1
927.5430 	EXP 	window1: recordFrameIntervals = False
927.5504 	INFO 	Mouse: using default window
928.3937 	DATA 	Keypress: m
928.9935 	DATA 	Keypress: u
929.1336 	EXP 	New trial (rep=11, index=7): {'leftStreamFlip': True, 'oneTarget': False, 'trialInstructionPos': (0, -1), 'probe': 'both', 'rightStreamFlip': True, 'horizVert': False, 'ISIframes': 4, 'rightResponseFirst': False}
929.1428 	INFO 	numtrials=360 and this trialDurFrames=9 or 150.0 ms  task=T1
930.2264 	EXP 	window1: recordFrameIntervals = False
930.2336 	INFO 	Mouse: using default window
931.1434 	DATA 	Keypress: m
931.5604 	DATA 	Keypress: g
931.7089 	EXP 	New trial (rep=11, index=8): {'leftStreamFlip': True, 'oneTarget': True, 'trialInstructionPos': (0, -1), 'probe': 'both', 'rightStreamFlip': True, 'horizVert': False, 'ISIframes': 4, 'rightResponseFirst': False}
931.7257 	INFO 	numtrials=360 and this trialDurFrames=9 or 150.0 ms  task=T1
932.9431 	EXP 	window1: recordFrameIntervals = False
932.9502 	INFO 	Mouse: using default window
933.9604 	DATA 	Keypress: y
934.0997 	EXP 	New trial (rep=11, index=9): {'leftStreamFlip': True, 'oneTarget': False, 'trialInstructionPos': (0, 1), 'probe': 'both', 'rightStreamFlip': True, 'horizVert': False, 'ISIframes': 4, 'rightResponseFirst': True}
934.1094 	INFO 	numtrials=360 and this trialDurFrames=9 or 150.0 ms  task=T1
935.2596 	EXP 	window1: recordFrameIntervals = False
935.2666 	INFO 	Mouse: using default window
937.1599 	DATA 	Keypress: e
937.6271 	DATA 	Keypress: n
937.7673 	EXP 	New trial (rep=11, index=10): {'leftStreamFlip': True, 'oneTarget': False, 'trialInstructionPos': (0, -1), 'probe': 'both', 'rightStreamFlip': True, 'horizVert': False, 'ISIframes': 4, 'rightResponseFirst': False}
937.7932 	INFO 	numtrials=360 and this trialDurFrames=9 or 150.0 ms  task=T1
938.9099 	EXP 	window1: recordFrameIntervals = False
938.9170 	INFO 	Mouse: using default window
940.6102 	DATA 	Keypress: u
941.6440 	DATA 	Keypress: r
941.7836 	EXP 	New trial (rep=11, index=11): {'leftStreamFlip': True, 'oneTarget': False, 'trialInstructionPos': (0, -1), 'probe': 'both', 'rightStreamFlip': True, 'horizVert': False, 'ISIframes': 4, 'rightResponseFirst': True}
941.7931 	INFO 	numtrials=360 and this trialDurFrames=9 or 150.0 ms  task=T1
942.9432 	EXP 	window1: recordFrameIntervals = False
942.9502 	INFO 	Mouse: using default window
945.9937 	DATA 	Keypress: e
946.9102 	DATA 	Keypress: y
947.0509 	EXP 	New trial (rep=12, index=0): {'leftStreamFlip': True, 'oneTarget': False, 'trialInstructionPos': (0, -1), 'probe': 'both', 'rightStreamFlip': True, 'horizVert': False, 'ISIframes': 4, 'rightResponseFirst': False}
947.0766 	INFO 	numtrials=360 and this trialDurFrames=9 or 150.0 ms  task=T1
948.1598 	EXP 	window1: recordFrameIntervals = False
948.1671 	INFO 	Mouse: using default window
949.2776 	DATA 	Keypress: y
949.4455 	DATA 	Keypress: e
949.6043 	EXP 	New trial (rep=12, index=1): {'leftStreamFlip': True, 'oneTarget': False, 'trialInstructionPos': (0, 1), 'probe': 'both', 'rightStreamFlip': True, 'horizVert': False, 'ISIframes': 4, 'rightResponseFirst': False}
949.6260 	INFO 	numtrials=360 and this trialDurFrames=9 or 150.0 ms  task=T1
950.7432 	EXP 	window1: recordFrameIntervals = False
950.7502 	INFO 	Mouse: using default window
952.1770 	DATA 	Keypress: y
952.6271 	DATA 	Keypress: g
952.7733 	EXP 	New trial (rep=12, index=2): {'leftStreamFlip': True, 'oneTarget': False, 'trialInstructionPos': (0, 1), 'probe': 'both', 'rightStreamFlip': True, 'horizVert': False, 'ISIframes': 4, 'rightResponseFirst': False}
952.7925 	INFO 	numtrials=360 and this trialDurFrames=9 or 150.0 ms  task=T1
953.9598 	EXP 	window1: recordFrameIntervals = False
953.9666 	INFO 	Mouse: using default window
954.9272 	DATA 	Keypress: t
955.1269 	DATA 	Keypress: t
955.2691 	EXP 	New trial (rep=12, index=3): {'leftStreamFlip': True, 'oneTarget': True, 'trialInstructionPos': (0, 1), 'probe': 'both', 'rightStreamFlip': True, 'horizVert': False, 'ISIframes': 4, 'rightResponseFirst': True}
955.2925 	INFO 	numtrials=360 and this trialDurFrames=9 or 150.0 ms  task=T1
956.4597 	EXP 	window1: recordFrameIntervals = False
956.4687 	INFO 	Mouse: using default window
957.2433 	DATA 	Keypress: t
957.3954 	EXP 	New trial (rep=12, index=4): {'leftStreamFlip': True, 'oneTarget': False, 'trialInstructionPos': (0, -1), 'probe': 'both', 'rightStreamFlip': True, 'horizVert': False, 'ISIframes': 4, 'rightResponseFirst': True}
957.4093 	INFO 	numtrials=360 and this trialDurFrames=9 or 150.0 ms  task=T1
958.4930 	EXP 	window1: recordFrameIntervals = False
958.5006 	INFO 	Mouse: using default window
959.5604 	DATA 	Keypress: n
959.7603 	DATA 	Keypress: c
959.9013 	EXP 	New trial (rep=12, index=5): {'leftStreamFlip': True, 'oneTarget': False, 'trialInstructionPos': (0, 1), 'probe': 'both', 'rightStreamFlip': True, 'horizVert': False, 'ISIframes': 4, 'rightResponseFirst': True}
959.9261 	INFO 	numtrials=360 and this trialDurFrames=9 or 150.0 ms  task=T1
961.1764 	EXP 	window1: recordFrameIntervals = False
961.1841 	INFO 	Mouse: using default window
962.3273 	DATA 	Keypress: m
963.2937 	DATA 	Keypress: u
963.4341 	EXP 	New trial (rep=12, index=6): {'leftStreamFlip': True, 'oneTarget': True, 'trialInstructionPos': (0, -1), 'probe': 'both', 'rightStreamFlip': True, 'horizVert': False, 'ISIframes': 4, 'rightResponseFirst': True}
963.4592 	INFO 	numtrials=360 and this trialDurFrames=9 or 150.0 ms  task=T1
964.7431 	EXP 	window1: recordFrameIntervals = False
964.7500 	INFO 	Mouse: using default window
965.6270 	DATA 	Keypress: k
965.7671 	EXP 	New trial (rep=12, index=7): {'leftStreamFlip': True, 'oneTarget': True, 'trialInstructionPos': (0, 1), 'probe': 'both', 'rightStreamFlip': True, 'horizVert': False, 'ISIframes': 4, 'rightResponseFirst': False}
965.7933 	INFO 	numtrials=360 and this trialDurFrames=9 or 150.0 ms  task=T1
966.8765 	EXP 	window1: recordFrameIntervals = False
966.8845 	INFO 	Mouse: using default window
967.5771 	DATA 	Keypress: s
967.7161 	EXP 	New trial (rep=12, index=8): {'leftStreamFlip': True, 'oneTarget': False, 'trialInstructionPos': (0, 1), 'probe': 'both', 'rightStreamFlip': True, 'horizVert': False, 'ISIframes': 4, 'rightResponseFirst': True}
967.7434 	INFO 	numtrials=360 and this trialDurFrames=9 or 150.0 ms  task=T1
968.9097 	EXP 	window1: recordFrameIntervals = False
968.9169 	INFO 	Mouse: using default window
970.5270 	DATA 	Keypress: s
970.8437 	DATA 	Keypress: h
970.9898 	EXP 	New trial (rep=12, index=9): {'leftStreamFlip': True, 'oneTarget': False, 'trialInstructionPos': (0, -1), 'probe': 'both', 'rightStreamFlip': True, 'horizVert': False, 'ISIframes': 4, 'rightResponseFirst': False}
971.0092 	INFO 	numtrials=360 and this trialDurFrames=9 or 150.0 ms  task=T1
972.0765 	EXP 	window1: recordFrameIntervals = False
972.0836 	INFO 	Mouse: using default window
973.1269 	DATA 	Keypress: t
973.3935 	DATA 	Keypress: g
973.5339 	EXP 	New trial (rep=12, index=10): {'leftStreamFlip': True, 'oneTarget': False, 'trialInstructionPos': (0, -1), 'probe': 'both', 'rightStreamFlip': True, 'horizVert': False, 'ISIframes': 4, 'rightResponseFirst': True}
973.5592 	INFO 	numtrials=360 and this trialDurFrames=9 or 150.0 ms  task=T1
974.7431 	EXP 	window1: recordFrameIntervals = False
974.7501 	INFO 	Mouse: using default window
975.6770 	DATA 	Keypress: k
975.8775 	DATA 	Keypress: u
976.0181 	EXP 	New trial (rep=12, index=11): {'leftStreamFlip': True, 'oneTarget': True, 'trialInstructionPos': (0, -1), 'probe': 'both', 'rightStreamFlip': True, 'horizVert': False, 'ISIframes': 4, 'rightResponseFirst': False}
976.0428 	INFO 	numtrials=360 and this trialDurFrames=9 or 150.0 ms  task=T1
977.3431 	EXP 	window1: recordFrameIntervals = False
977.3508 	INFO 	Mouse: using default window
978.1439 	DATA 	Keypress: c
978.2833 	EXP 	New trial (rep=13, index=0): {'leftStreamFlip': True, 'oneTarget': False, 'trialInstructionPos': (0, 1), 'probe': 'both', 'rightStreamFlip': True, 'horizVert': False, 'ISIframes': 4, 'rightResponseFirst': True}
978.3100 	INFO 	numtrials=360 and this trialDurFrames=9 or 150.0 ms  task=T1
979.4262 	EXP 	window1: recordFrameIntervals = False
979.4343 	INFO 	Mouse: using default window
988.1104 	DATA 	Keypress: lctrl
988.2621 	DATA 	Keypress: lshift
988.4938 	DATA 	Keypress: z
988.5132 	INFO 	Stopping at 15:20 on 08 Aug 2018
988.5148 	ERROR 	user aborted experiment on keypress with trials done=156 of 361
988.5314 	INFO 	Program terminating normally.
