0.6070 	WARNING 	Monitor specification not found. Creating a temporary one...
14.5725 	EXP 	Created window1 = Window(allowGUI=False, allowStencil=False, autoLog=True, bitsMode=UNKNOWN, blendMode='avg', color=array([-0.7, -0.7, -0.7]), colorSpace='rgb', fullscr=UNKNOWN, gamma=None, lms=UNKNOWN, monitor=<psychopy.monitors.calibTools.Monitor object at 0x1EE24050>, name='window1', pos=[0, 0], screen=0, size=array([1920, 1080]), stereo=False, units='deg', useFBO=False, useRetina=False, viewOri=0.0, viewPos=None, viewScale=None, waitBlanking=False, winType='pyglet')
14.5725 	INFO 	Mouse: using default window
14.5728 	EXP 	window1: units = 'norm'
14.7919 	EXP 	Created unnamed ImageStim = ImageStim(autoLog=True, color=array([ 1.,  1.,  1.]), colorSpace='rgb', contrast=1.0, depth=0, flipHoriz=False, flipVert=False, image=str(...), interpolate=False, mask=None, maskParams=None, name='unnamed ImageStim', opacity=1.0, ori=0.0, pos=array([-0.5,  0. ]), size=array([ 1.290625  ,  3.24814815]), texRes=128, units='norm', win=Window(...))
15.0019 	EXP 	Created unnamed ImageStim = ImageStim(autoLog=True, color=array([ 1.,  1.,  1.]), colorSpace='rgb', contrast=1.0, depth=0, flipHoriz=False, flipVert=False, image=str(...), interpolate=False, mask=None, maskParams=None, name='unnamed ImageStim', opacity=1.0, ori=0.0, pos=array([ 0.5,  0. ]), size=array([ 1.290625  ,  3.24814815]), texRes=128, units='norm', win=Window(...))
15.0336 	EXP 	Created OKrespZone = GratingStim(autoDraw=False, autoLog=True, color=array([ 1. ,  0.5,  0.5]), colorSpace='rgb', contrast=1.0, depth=0, interpolate=False, mask='gauss', maskParams=None, name='OKrespZone', opacity=1.0, ori=0.0, phase=array([ 0.,  0.]), pos=array([-0.2 , -0.92]), rgbPedestal=array([ 0.,  0.,  0.]), sf=array([ 0.,  0.]), size=array([ 2.3,  0.2]), tex='sin', texRes=256, units='norm', win=Window(...))
15.1941 	EXP 	unnamed ImageStim: size = (1, 2)
15.1941 	EXP 	unnamed ImageStim: size = (1, 2)
17.0552 	DATA 	Mouse: wheel shift=(0,-1), pos=(473,200)
17.1883 	DATA 	Mouse: wheel shift=(0,-1), pos=(473,200)
49.3721 	DATA 	Mouse: Left button down, pos=(537,41)
49.3880 	EXP 	window1: units = 'deg'
49.3886 	EXP 	window1: units = 'norm'
49.4083 	EXP 	Created OKrespZone = GratingStim(autoDraw=False, autoLog=True, color=array([ 1. ,  0.5,  0.5]), colorSpace='rgb', contrast=1.0, depth=0, interpolate=False, mask='gauss', maskParams=None, name='OKrespZone', opacity=1.0, ori=0.0, phase=array([ 0.,  0.]), pos=array([-0.2 , -0.92]), rgbPedestal=array([ 0.,  0.,  0.]), sf=array([ 0.,  0.]), size=array([ 2.3,  0.2]), tex='sin', texRes=256, units='norm', win=Window(...))
49.5346 	EXP 	Created unnamed ImageStim = ImageStim(autoLog=True, color=array([ 1.,  1.,  1.]), colorSpace='rgb', contrast=1.0, depth=0, flipHoriz=False, flipVert=False, image='abgdj\\PISandConsentForm\\consentForm.png', interpolate=False, mask=None, maskParams=None, name='unnamed ImageStim', opacity=1.0, ori=0.0, pos=array([ 0.,  0.]), size=array([ 1.3375    ,  2.97407407]), texRes=128, units='norm', win=Window(...))
49.5736 	EXP 	Created unnamed GratingStim = GratingStim(autoDraw=False, autoLog=True, color=array([ 1. ,  0.5,  0.5]), colorSpace='rgb', contrast=1.0, depth=0, interpolate=False, mask='gauss', maskParams=None, name='unnamed GratingStim', opacity=1.0, ori=0.0, phase=array([ 0.,  0.]), pos=array([-0.2 , -0.42]), rgbPedestal=array([ 0.,  0.,  0.]), sf=array([ 0.,  0.]), size=array([ 0.3,  0.2]), tex='sin', texRes=256, units='norm', win=Window(...))
49.6216 	EXP 	Created unnamed GratingStim = GratingStim(autoDraw=False, autoLog=True, color=array([ 1. ,  0.5,  0.5]), colorSpace='rgb', contrast=1.0, depth=0, interpolate=False, mask='gauss', maskParams=None, name='unnamed GratingStim', opacity=1.0, ori=0.0, phase=array([ 0.,  0.]), pos=array([ 0.1 , -0.42]), rgbPedestal=array([ 0.,  0.,  0.]), sf=array([ 0.,  0.]), size=array([ 0.3,  0.2]), tex='sin', texRes=256, units='norm', win=Window(...))
49.6609 	EXP 	Created unnamed GratingStim = GratingStim(autoDraw=False, autoLog=True, color=array([ 1. ,  0.5,  0.5]), colorSpace='rgb', contrast=1.0, depth=0, interpolate=False, mask='gauss', maskParams=None, name='unnamed GratingStim', opacity=1.0, ori=0.0, phase=array([ 0.,  0.]), pos=array([-0.2 , -0.72]), rgbPedestal=array([ 0.,  0.,  0.]), sf=array([ 0.,  0.]), size=array([ 0.3,  0.2]), tex='sin', texRes=256, units='norm', win=Window(...))
49.6977 	EXP 	Created unnamed GratingStim = GratingStim(autoDraw=False, autoLog=True, color=array([ 1. ,  0.5,  0.5]), colorSpace='rgb', contrast=1.0, depth=0, interpolate=False, mask='gauss', maskParams=None, name='unnamed GratingStim', opacity=1.0, ori=0.0, phase=array([ 0.,  0.]), pos=array([ 0.1 , -0.72]), rgbPedestal=array([ 0.,  0.,  0.]), sf=array([ 0.,  0.]), size=array([ 0.3,  0.2]), tex='sin', texRes=256, units='norm', win=Window(...))
49.7006 	DATA 	Mouse:  Left button up, pos=(537,41)
49.7056 	EXP 	unnamed ImageStim: size = (1.1, 2)
73.2248 	DATA 	Mouse: Left button down, pos=(755,319)
73.3890 	DATA 	Mouse:  Left button up, pos=(755,319)
75.9060 	DATA 	Mouse: Left button down, pos=(771,128)
76.1058 	DATA 	Mouse:  Left button up, pos=(771,128)
76.7724 	DATA 	Mouse: Left button down, pos=(777,41)
76.7881 	EXP 	window1: units = 'deg'
76.7925 	EXP 	window1: mouseVisible = True
93.4396 	EXP 	Created window1 = Window(allowGUI=False, allowStencil=False, autoLog=True, bitsMode=UNKNOWN, blendMode='avg', color=array([-0.7, -0.7, -0.7]), colorSpace='rgb', fullscr=UNKNOWN, gamma=None, lms=UNKNOWN, monitor=<psychopy.monitors.calibTools.Monitor object at 0x1EE24050>, name='window1', pos=[0, 0], screen=0, size=array([1920, 1080]), stereo=False, units='deg', useFBO=False, useRetina=False, viewOri=0.0, viewPos=None, viewScale=None, waitBlanking=False, winType='pyglet')
97.7732 	INFO 	#[ PsychoPy2 RuntimeInfoStart ]
  #[[ PsychoPy ]] #---------
    psychopyVersion: 1.84.2
    psychopyHaveExtRush: True
  #[[ Experiment ]] #---------
    experimentAuthor: None
    experimentAuthVersion: None
    experimentRunTime: 2018_08_09 11:31 (Year_Month_Day Hour:Min)
    experimentRunTime.epoch: 1533778270
    experimentScript: psyc1002.py
    experimentScript.digestSHA1: 03993779484d600ea4c1b8cc2288f3d37a5025d5
    experimentScript.directory: U:\PSYC1002\abgdj
  #[[ System ]] #---------
    systemHaveInternetAccess: True
    systemHostName: W5FG3LG2
    systemLocale: English_United States.1252
    systemMemFreeRAM: 4155.16015625
    systemMemTotalRAM: 8076.9453125
    systemPlatform: windowsversion=sys.getwindowsversion(major=6, minor=2, build=9200, platform=2, service_pack='')
    systemPyo.InputDevices: {4: {'host api index': 2, 'latency': 0.008707483299076557, 'default sr': 44100, 'name': u'Realtek ASIO'}}
    systemPyo.OutputDevices: {0: {'host api index': 0, 'latency': 0.09000000357627869, 'default sr': 44100, 'name': u'Microsoft Sound Mapper - Output'}, 1: {'host api index': 0, 'latency': 0.09000000357627869, 'default sr': 44100, 'name': u'Speakers / Headphones (Realtek '}, 2: {'host api index': 1, 'latency': 0.11999999731779099, 'default sr': 44100, 'name': u'Primary Sound Driver'}, 3: {'host api index': 1, 'latency': 0.11999999731779099, 'default sr': 44100, 'name': u'Speakers / Headphones (Realtek High Definition Audio)'}, 4: {'host api index': 2, 'latency': 0.008707483299076557, 'default sr': 44100, 'name': u'Realtek ASIO'}, 5: {'host api index': 3, 'latency': 0.003000000026077032, 'default sr': 48000, 'name': u'Speakers / Headphones (Realtek High Definition Audio)'}}
    systemPyoVersion: 0.8.0
    systemRebooted: System Boot Time:          8/9/2018, 2:11:23 AM
    systemSec.pythonSSL: True
    systemTimeNumpySD1000000_sec: 0.0080
    systemUser: ngib5319
    systemUserID: 1000
    systemUserProcCmdPid: LabStatsUserSpace.exe dwm.exe TiWorker.exe CmRcService.exe nierserver.exe LabStatsClient.exe tagsrv.exe SearchUI.exe OneDrive.exe nipxism.exe SettingSyncHost.exe TrustedInstaller.exe niLxiDiscovery.exe SecurityHealthService.exe redirector.exe SearchProtocolHost.exe server_admin.exe pc-client.exe lkads.exe svchost.exe smartscreen.exe ni_usbmon.exe AGSService.exe System SISIDSService.exe IntelCpHeciSvc.exe SelfServicePlugin.exe explorer.exe smss.exe ApplicationWebServer.exe RuntimeBroker.exe acrotray.exe IntelCpHDCPSvc.exe niauth_daemon.exe cmd.exe nidmsrv.exe Receiver.exe SISIPSService.exe lktsrv.exe lsass.exe python.exe RtkNGUI64.exe sisipsutil.exe AdobeUpdateService.exe armsvc.exe policyHost.exe ssonsvr.exe concentr.exe nidevldu.exe taskhostw.exe ctfmon.exe RAVBg64.exe ''Memory Compression'' NIWebServiceContainer.exe nimxs.exe RtkAudioService64.exe SystemWebServer.exe tasklist.exe snowagent.exe CcmExec.exe SearchFilterHost.exe SmcGui.exe nicitdl5.exe ''System Idle Process'' services.exe niDiscSvc.exe sqlwriter.exe MSASCuiL.exe SCNotification.exe nimdnsResponder.exe server_runtime.exe sihost.exe backgroundTaskHost.exe spoolsv.exe wininit.exe winlogon.exe ShellExperienceHost.exe nidevmon.exe SearchIndexer.exe csrss.exe WmiPrvSE.exe audiodg.exe fontdrvhost.exe unsecapp.exe ccSvcHst.exe wfcrun32.exe nisvcloc.exe server_eventlog.exe lkcitdl.exe AuthManSvr.exe conhost.exe
    systemUserProcCount: 186
    systemUserProcFlagged: Explorer
    systemUsersCount: False
  #[[ Window ]] #---------
    windowWinType: pyglet
    windowWaitBlanking: False
    windowUseNativeGamma: True
    windowUnits: deg
    windowSize_pix: [1920 1080]
    windowScreen: 0
    windowRgb: [-0.7 -0.7 -0.7]
    windowRefreshTimeSD_ms: 0.148
    windowRefreshTimeMedian_ms: 16.659
    windowRefreshTimeAvg_ms: 16.669
    windowRefreshThreshold_sec: 0.0200
    windowRecordFrameIntervals: False
    windowPos_pix: [0, 0]
    windowMonitor.name: testmonitor
    windowMonitor.getWidth_cm: 57.0
    windowMonitor.getLinearizeMethod: 1
    windowMonitor.getGammaGrid: [[  0.   1.   1.  nan  nan  nan]
 [  0.   1.   1.  nan  nan  nan]
 [  0.   1.   1.  nan  nan  nan]
 [  0.   1.   1.  nan  nan  nan]]
    windowMonitor.getDistance_cm: 57.0
    windowMonitor.gammaInterpolator2: None
    windowMonitor.gammaInterpolator: None
    windowMonitor.currentCalibName: 2018_08_09 11:29
    windowIsFullScr: True
    windowHaveShaders: True
    windowAllowGUI: False
  #[[ Python ]] #---------
    pythonWxVersion: 3.0.2.0 msw (classic)
    pythonVersion: 2.7.11
    pythonScipyVersion: 0.17.1
    pythonPygletVersion: 1.2.4
    pythonPygameVersion: 1.9.2pre
    pythonNumpyVersion: 1.11.0
    pythonMatplotlibVersion: 1.5.1
    pythonFullVersion: 2.7.11 (v2.7.11:6d1b6a68f775, Dec  5 2015, 20:32:19) [MSC v.1500 32 bit (Intel)]
    pythonExecutable: C:\Program Files (x86)\PsychoPy2\python.exe
  #[[ OpenGL ]] #---------
    openGLVersion: 4.5.0 - Build 22.20.16.4836
    openGLVendor: Intel
    openGLRenderingEngine: Intel(R) HD Graphics 530
    openGLmaxVerticesInVertexArray: 1048576
    False: openGLext.GL_STEREO
    True: openGLext.GL_EXT_framebuffer_object
    True: openGLext.GL_ARB_vertex_shader
    True: openGLext.GL_ARB_texture_non_power_of_two
    True: openGLext.GL_ARB_texture_float
    True: openGLext.GL_ARB_shader_objects
    True: openGLext.GL_ARB_multitexture
    True: openGLext.GL_ARB_fragment_program
#[ PsychoPy2 RuntimeInfoEnd ]

97.8220 	EXP 	window1: recordFrameIntervals = True
98.6552 	EXP 	window1: recordFrameIntervals = False
98.6559 	INFO 	Frames per second ~=60.1, which is close enough to desired val of 60.0
98.8599 	EXP 	Created sequence: random, trialTypes=12, nReps=30, seed=None
98.9862 	INFO 	Mouse: using default window
99.0040 	EXP 	Created OKrespZone = GratingStim(autoDraw=False, autoLog=True, color=array([ 1.,  1.,  1.]), colorSpace='rgb', contrast=1.0, depth=0, interpolate=False, mask='gauss', maskParams=None, name='OKrespZone', opacity=1.0, ori=0.0, phase=array([ 0.,  0.]), pos=array([ 0.  ,  0.88]), rgbPedestal=array([ 0.,  0.,  0.]), sf=array([ 0.,  0.]), size=array([ 2. ,  0.2]), tex='sin', texRes=256, units='norm', win=Window(...))
107.6641 	DATA 	Mouse: Left button down, pos=(140,958)
107.7917 	DATA 	Mouse:  Left button up, pos=(140,958)
114.4251 	DATA 	Mouse: Left button down, pos=(120,183)
114.5597 	DATA 	Mouse:  Left button up, pos=(120,183)
127.7760 	DATA 	Mouse: Left button down, pos=(491,750)
127.9196 	DATA 	Mouse:  Left button up, pos=(491,750)
139.6963 	DATA 	Mouse: Left button down, pos=(724,334)
139.8157 	DATA 	Mouse:  Left button up, pos=(724,334)
149.3839 	DATA 	Mouse: Left button down, pos=(914,662)
149.5356 	DATA 	Mouse:  Left button up, pos=(914,662)
161.4478 	DATA 	Mouse: Left button down, pos=(1083,680)
161.5517 	DATA 	Mouse:  Left button up, pos=(1083,680)
162.9119 	DATA 	Mouse: Left button down, pos=(1116,745)
163.0397 	DATA 	Mouse:  Left button up, pos=(1116,745)
169.1449 	DATA 	Mouse: Left button down, pos=(1319,741)
169.2957 	DATA 	Mouse:  Left button up, pos=(1319,741)
170.7529 	DATA 	Mouse: Left button down, pos=(1320,741)
170.8877 	DATA 	Mouse:  Left button up, pos=(1320,741)
179.9926 	DATA 	Mouse: Left button down, pos=(1320,605)
180.1677 	DATA 	Mouse:  Left button up, pos=(1320,605)
190.1600 	DATA 	Mouse: Left button down, pos=(1512,396)
190.3436 	DATA 	Mouse:  Left button up, pos=(1512,396)
200.6961 	DATA 	Mouse: Left button down, pos=(1735,662)
200.8717 	DATA 	Mouse:  Left button up, pos=(1735,662)
207.0720 	DATA 	Mouse: Left button down, pos=(1734,187)
207.2636 	DATA 	Mouse:  Left button up, pos=(1734,187)
210.5929 	DATA 	Mouse: Left button down, pos=(1129,1030)
210.6215 	INFO 	Experiment will have 360 trials. Letters will be drawn with superposed noise of 0.00%
210.6358 	EXP 	New trial (rep=0, index=0): {'leftStreamFlip': False, 'oneTarget': False, 'trialInstructionPos': (0, 1), 'probe': 'both', 'rightStreamFlip': False, 'horizVert': True, 'ISIframes': 3, 'rightResponseFirst': False}
210.6359 	INFO 	Starting main part of experiment
210.7566 	DATA 	Mouse:  Left button up, pos=(1129,1030)
211.8221 	INFO 	numtrials=360 and this trialDurFrames=41 or 683.333333333 ms  task=T1
214.1389 	EXP 	window1: recordFrameIntervals = False
214.1484 	INFO 	Mouse: using default window
219.2559 	DATA 	Keypress: m
224.4564 	DATA 	Keypress: i
224.6278 	EXP 	New trial (rep=0, index=1): {'leftStreamFlip': False, 'oneTarget': False, 'trialInstructionPos': (0, 1), 'probe': 'both', 'rightStreamFlip': False, 'horizVert': True, 'ISIframes': 3, 'rightResponseFirst': True}
234.1389 	INFO 	numtrials=360 and this trialDurFrames=32 or 533.333333333 ms  task=T1
236.2723 	EXP 	window1: recordFrameIntervals = False
236.2792 	INFO 	Mouse: using default window
243.9893 	DATA 	Keypress: g
245.8579 	DATA 	Keypress: m
246.0162 	EXP 	New trial (rep=0, index=2): {'leftStreamFlip': False, 'oneTarget': True, 'trialInstructionPos': (0, 1), 'probe': 'both', 'rightStreamFlip': False, 'horizVert': True, 'ISIframes': 3, 'rightResponseFirst': True}
246.0218 	INFO 	numtrials=360 and this trialDurFrames=26 or 433.333333333 ms  task=T1
248.0055 	EXP 	window1: recordFrameIntervals = False
248.0132 	INFO 	Mouse: using default window
250.6896 	DATA 	Keypress: n
250.8311 	EXP 	New trial (rep=0, index=3): {'leftStreamFlip': False, 'oneTarget': False, 'trialInstructionPos': (0, -1), 'probe': 'both', 'rightStreamFlip': False, 'horizVert': True, 'ISIframes': 3, 'rightResponseFirst': False}
250.8385 	INFO 	numtrials=360 and this trialDurFrames=26 or 433.333333333 ms  task=T1
252.3055 	EXP 	window1: recordFrameIntervals = False
252.3134 	INFO 	Mouse: using default window
254.1399 	DATA 	Keypress: n
256.0729 	DATA 	Keypress: y
256.2129 	EXP 	New trial (rep=0, index=4): {'leftStreamFlip': False, 'oneTarget': False, 'trialInstructionPos': (0, -1), 'probe': 'both', 'rightStreamFlip': False, 'horizVert': True, 'ISIframes': 3, 'rightResponseFirst': True}
264.5557 	INFO 	numtrials=360 and this trialDurFrames=20 or 333.333333333 ms  task=T1
265.9557 	EXP 	window1: recordFrameIntervals = False
265.9634 	INFO 	Mouse: using default window
267.9230 	DATA 	Keypress: c
269.8064 	DATA 	Keypress: e
269.9512 	EXP 	New trial (rep=0, index=5): {'leftStreamFlip': False, 'oneTarget': True, 'trialInstructionPos': (0, -1), 'probe': 'both', 'rightStreamFlip': False, 'horizVert': True, 'ISIframes': 3, 'rightResponseFirst': True}
269.9716 	INFO 	numtrials=360 and this trialDurFrames=5 or 83.3333333333 ms  task=T1
271.1056 	EXP 	window1: recordFrameIntervals = False
271.1126 	INFO 	Mouse: using default window
275.3396 	DATA 	Keypress: c
275.4800 	EXP 	New trial (rep=0, index=6): {'leftStreamFlip': False, 'oneTarget': True, 'trialInstructionPos': (0, -1), 'probe': 'both', 'rightStreamFlip': False, 'horizVert': True, 'ISIframes': 3, 'rightResponseFirst': False}
275.4892 	INFO 	numtrials=360 and this trialDurFrames=6 or 100.0 ms  task=T1
276.6054 	EXP 	window1: recordFrameIntervals = False
276.6129 	INFO 	Mouse: using default window
278.0066 	DATA 	Keypress: n
278.1475 	EXP 	New trial (rep=0, index=7): {'leftStreamFlip': False, 'oneTarget': True, 'trialInstructionPos': (0, 1), 'probe': 'both', 'rightStreamFlip': False, 'horizVert': True, 'ISIframes': 3, 'rightResponseFirst': False}
278.1717 	INFO 	numtrials=360 and this trialDurFrames=7 or 116.666666667 ms  task=T1
279.2889 	EXP 	window1: recordFrameIntervals = False
279.2958 	INFO 	Mouse: using default window
280.6733 	DATA 	Keypress: a
280.8113 	EXP 	New trial (rep=0, index=8): {'leftStreamFlip': False, 'oneTarget': False, 'trialInstructionPos': (0, 1), 'probe': 'both', 'rightStreamFlip': False, 'horizVert': True, 'ISIframes': 3, 'rightResponseFirst': False}
280.8224 	INFO 	numtrials=360 and this trialDurFrames=6 or 100.0 ms  task=T1
282.0056 	EXP 	window1: recordFrameIntervals = False
282.0138 	INFO 	Mouse: using default window
284.1574 	DATA 	Keypress: f
285.9563 	DATA 	Keypress: u
286.0988 	EXP 	New trial (rep=0, index=9): {'leftStreamFlip': False, 'oneTarget': False, 'trialInstructionPos': (0, 1), 'probe': 'both', 'rightStreamFlip': False, 'horizVert': True, 'ISIframes': 3, 'rightResponseFirst': True}
286.1217 	INFO 	numtrials=360 and this trialDurFrames=6 or 100.0 ms  task=T1
287.2223 	EXP 	window1: recordFrameIntervals = False
287.2294 	INFO 	Mouse: using default window
288.7562 	DATA 	Keypress: m
290.3562 	DATA 	Keypress: k
290.4980 	EXP 	New trial (rep=0, index=10): {'leftStreamFlip': False, 'oneTarget': False, 'trialInstructionPos': (0, -1), 'probe': 'both', 'rightStreamFlip': False, 'horizVert': True, 'ISIframes': 3, 'rightResponseFirst': False}
290.5217 	INFO 	numtrials=360 and this trialDurFrames=5 or 83.3333333333 ms  task=T1
291.5885 	EXP 	window1: recordFrameIntervals = False
291.5971 	INFO 	Mouse: using default window
293.5393 	DATA 	Keypress: k
294.5729 	DATA 	Keypress: l
294.7139 	EXP 	New trial (rep=0, index=11): {'leftStreamFlip': False, 'oneTarget': False, 'trialInstructionPos': (0, -1), 'probe': 'both', 'rightStreamFlip': False, 'horizVert': True, 'ISIframes': 3, 'rightResponseFirst': True}
294.7224 	INFO 	numtrials=360 and this trialDurFrames=5 or 83.3333333333 ms  task=T1
295.9390 	EXP 	window1: recordFrameIntervals = False
295.9459 	INFO 	Mouse: using default window
299.7562 	DATA 	Keypress: c
301.3896 	DATA 	Keypress: k
301.5287 	EXP 	New trial (rep=1, index=0): {'leftStreamFlip': False, 'oneTarget': True, 'trialInstructionPos': (0, -1), 'probe': 'both', 'rightStreamFlip': False, 'horizVert': True, 'ISIframes': 3, 'rightResponseFirst': False}
301.5384 	INFO 	numtrials=360 and this trialDurFrames=5 or 83.3333333333 ms  task=T1
302.6222 	EXP 	window1: recordFrameIntervals = False
302.6291 	INFO 	Mouse: using default window
304.1230 	DATA 	Keypress: h
304.2635 	EXP 	New trial (rep=1, index=1): {'leftStreamFlip': False, 'oneTarget': False, 'trialInstructionPos': (0, 1), 'probe': 'both', 'rightStreamFlip': False, 'horizVert': True, 'ISIframes': 3, 'rightResponseFirst': False}
304.2717 	INFO 	numtrials=360 and this trialDurFrames=5 or 83.3333333333 ms  task=T1
305.3057 	EXP 	window1: recordFrameIntervals = False
305.3129 	INFO 	Mouse: using default window
307.1230 	DATA 	Keypress: k
308.7564 	DATA 	Keypress: a
308.8964 	EXP 	New trial (rep=1, index=2): {'leftStreamFlip': False, 'oneTarget': False, 'trialInstructionPos': (0, 1), 'probe': 'both', 'rightStreamFlip': False, 'horizVert': True, 'ISIframes': 3, 'rightResponseFirst': False}
308.9055 	INFO 	numtrials=360 and this trialDurFrames=4 or 66.6666666667 ms  task=T1
309.9390 	EXP 	window1: recordFrameIntervals = False
309.9459 	INFO 	Mouse: using default window
313.1061 	DATA 	Keypress: f
314.4567 	DATA 	Keypress: a
314.5976 	EXP 	New trial (rep=1, index=3): {'leftStreamFlip': False, 'oneTarget': False, 'trialInstructionPos': (0, -1), 'probe': 'both', 'rightStreamFlip': False, 'horizVert': True, 'ISIframes': 3, 'rightResponseFirst': False}
314.6218 	INFO 	numtrials=360 and this trialDurFrames=5 or 83.3333333333 ms  task=T1
315.7389 	EXP 	window1: recordFrameIntervals = False
315.7460 	INFO 	Mouse: using default window
317.2230 	DATA 	Keypress: f
318.3563 	DATA 	Keypress: y
318.4965 	EXP 	New trial (rep=1, index=4): {'leftStreamFlip': False, 'oneTarget': False, 'trialInstructionPos': (0, 1), 'probe': 'both', 'rightStreamFlip': False, 'horizVert': True, 'ISIframes': 3, 'rightResponseFirst': True}
318.5059 	INFO 	numtrials=360 and this trialDurFrames=5 or 83.3333333333 ms  task=T1
319.7393 	EXP 	window1: recordFrameIntervals = False
319.7462 	INFO 	Mouse: using default window
321.5063 	DATA 	Keypress: a
324.5397 	DATA 	Keypress: g
324.6804 	EXP 	New trial (rep=1, index=5): {'leftStreamFlip': False, 'oneTarget': True, 'trialInstructionPos': (0, -1), 'probe': 'both', 'rightStreamFlip': False, 'horizVert': True, 'ISIframes': 3, 'rightResponseFirst': True}
324.6894 	INFO 	numtrials=360 and this trialDurFrames=4 or 66.6666666667 ms  task=T1
325.8891 	EXP 	window1: recordFrameIntervals = False
325.8962 	INFO 	Mouse: using default window
329.4231 	DATA 	Keypress: f
329.5624 	EXP 	New trial (rep=1, index=6): {'leftStreamFlip': False, 'oneTarget': True, 'trialInstructionPos': (0, 1), 'probe': 'both', 'rightStreamFlip': False, 'horizVert': True, 'ISIframes': 3, 'rightResponseFirst': True}
329.5719 	INFO 	numtrials=360 and this trialDurFrames=5 or 83.3333333333 ms  task=T1
330.6891 	EXP 	window1: recordFrameIntervals = False
330.6964 	INFO 	Mouse: using default window
332.0730 	DATA 	Keypress: s
332.2133 	EXP 	New trial (rep=1, index=7): {'leftStreamFlip': False, 'oneTarget': False, 'trialInstructionPos': (0, -1), 'probe': 'both', 'rightStreamFlip': False, 'horizVert': True, 'ISIframes': 3, 'rightResponseFirst': True}
332.2224 	INFO 	numtrials=360 and this trialDurFrames=5 or 83.3333333333 ms  task=T1
333.3888 	EXP 	window1: recordFrameIntervals = False
333.3963 	INFO 	Mouse: using default window
335.1064 	DATA 	Keypress: e
336.5730 	DATA 	Keypress: k
336.7132 	EXP 	New trial (rep=1, index=8): {'leftStreamFlip': False, 'oneTarget': False, 'trialInstructionPos': (0, 1), 'probe': 'both', 'rightStreamFlip': False, 'horizVert': True, 'ISIframes': 3, 'rightResponseFirst': True}
336.7221 	INFO 	numtrials=360 and this trialDurFrames=5 or 83.3333333333 ms  task=T1
337.8390 	EXP 	window1: recordFrameIntervals = False
337.8460 	INFO 	Mouse: using default window
339.2563 	DATA 	Keypress: h
340.5564 	DATA 	Keypress: c
340.6993 	EXP 	New trial (rep=1, index=9): {'leftStreamFlip': False, 'oneTarget': False, 'trialInstructionPos': (0, -1), 'probe': 'both', 'rightStreamFlip': False, 'horizVert': True, 'ISIframes': 3, 'rightResponseFirst': True}
340.7218 	INFO 	numtrials=360 and this trialDurFrames=5 or 83.3333333333 ms  task=T1
341.9224 	EXP 	window1: recordFrameIntervals = False
341.9297 	INFO 	Mouse: using default window
344.4565 	DATA 	Keypress: g
345.6230 	DATA 	Keypress: e
345.7627 	EXP 	New trial (rep=1, index=10): {'leftStreamFlip': False, 'oneTarget': True, 'trialInstructionPos': (0, 1), 'probe': 'both', 'rightStreamFlip': False, 'horizVert': True, 'ISIframes': 3, 'rightResponseFirst': False}
345.7717 	INFO 	numtrials=360 and this trialDurFrames=5 or 83.3333333333 ms  task=T1
346.9557 	EXP 	window1: recordFrameIntervals = False
346.9628 	INFO 	Mouse: using default window
348.7896 	DATA 	Keypress: g
348.9298 	EXP 	New trial (rep=1, index=11): {'leftStreamFlip': False, 'oneTarget': False, 'trialInstructionPos': (0, -1), 'probe': 'both', 'rightStreamFlip': False, 'horizVert': True, 'ISIframes': 3, 'rightResponseFirst': False}
348.9389 	INFO 	numtrials=360 and this trialDurFrames=4 or 66.6666666667 ms  task=T1
350.0390 	EXP 	window1: recordFrameIntervals = False
350.0460 	INFO 	Mouse: using default window
352.5405 	DATA 	Keypress: u
354.5564 	DATA 	Keypress: u
354.6969 	EXP 	New trial (rep=2, index=0): {'leftStreamFlip': False, 'oneTarget': True, 'trialInstructionPos': (0, -1), 'probe': 'both', 'rightStreamFlip': False, 'horizVert': True, 'ISIframes': 3, 'rightResponseFirst': False}
354.7220 	INFO 	numtrials=360 and this trialDurFrames=4 or 66.6666666667 ms  task=T1
355.9391 	EXP 	window1: recordFrameIntervals = False
355.9465 	INFO 	Mouse: using default window
358.7896 	DATA 	Keypress: j
358.9286 	EXP 	New trial (rep=2, index=1): {'leftStreamFlip': False, 'oneTarget': False, 'trialInstructionPos': (0, -1), 'probe': 'both', 'rightStreamFlip': False, 'horizVert': True, 'ISIframes': 3, 'rightResponseFirst': False}
358.9387 	INFO 	numtrials=360 and this trialDurFrames=5 or 83.3333333333 ms  task=T1
360.1223 	EXP 	window1: recordFrameIntervals = False
360.1297 	INFO 	Mouse: using default window
362.7565 	DATA 	Keypress: c
364.1404 	DATA 	Keypress: r
364.2845 	EXP 	New trial (rep=2, index=2): {'leftStreamFlip': False, 'oneTarget': False, 'trialInstructionPos': (0, 1), 'probe': 'both', 'rightStreamFlip': False, 'horizVert': True, 'ISIframes': 3, 'rightResponseFirst': True}
364.3052 	INFO 	numtrials=360 and this trialDurFrames=5 or 83.3333333333 ms  task=T1
365.4891 	EXP 	window1: recordFrameIntervals = False
365.4961 	INFO 	Mouse: using default window
367.5397 	DATA 	Keypress: s
369.4736 	DATA 	Keypress: g
369.6128 	EXP 	New trial (rep=2, index=3): {'leftStreamFlip': False, 'oneTarget': True, 'trialInstructionPos': (0, 1), 'probe': 'both', 'rightStreamFlip': False, 'horizVert': True, 'ISIframes': 3, 'rightResponseFirst': True}
369.6226 	INFO 	numtrials=360 and this trialDurFrames=5 or 83.3333333333 ms  task=T1
370.7891 	EXP 	window1: recordFrameIntervals = False
370.7961 	INFO 	Mouse: using default window
372.2084 	DATA 	Keypress: s
372.3624 	EXP 	New trial (rep=2, index=4): {'leftStreamFlip': False, 'oneTarget': False, 'trialInstructionPos': (0, -1), 'probe': 'both', 'rightStreamFlip': False, 'horizVert': True, 'ISIframes': 3, 'rightResponseFirst': True}
372.3721 	INFO 	numtrials=360 and this trialDurFrames=5 or 83.3333333333 ms  task=T1
373.5724 	EXP 	window1: recordFrameIntervals = False
373.5798 	INFO 	Mouse: using default window
375.0412 	DATA 	Keypress: k
378.4232 	DATA 	Keypress: e
378.5636 	EXP 	New trial (rep=2, index=5): {'leftStreamFlip': False, 'oneTarget': False, 'trialInstructionPos': (0, -1), 'probe': 'both', 'rightStreamFlip': False, 'horizVert': True, 'ISIframes': 3, 'rightResponseFirst': False}
378.5884 	INFO 	numtrials=360 and this trialDurFrames=5 or 83.3333333333 ms  task=T1
379.6391 	EXP 	window1: recordFrameIntervals = False
379.6461 	INFO 	Mouse: using default window
381.1566 	DATA 	Keypress: s
382.5231 	DATA 	Keypress: m
382.6623 	EXP 	New trial (rep=2, index=6): {'leftStreamFlip': False, 'oneTarget': True, 'trialInstructionPos': (0, 1), 'probe': 'both', 'rightStreamFlip': False, 'horizVert': True, 'ISIframes': 3, 'rightResponseFirst': False}
382.6722 	INFO 	numtrials=360 and this trialDurFrames=5 or 83.3333333333 ms  task=T1
383.6896 	EXP 	window1: recordFrameIntervals = False
383.6975 	INFO 	Mouse: using default window
386.5397 	DATA 	Keypress: h
386.6797 	EXP 	New trial (rep=2, index=7): {'leftStreamFlip': False, 'oneTarget': True, 'trialInstructionPos': (0, -1), 'probe': 'both', 'rightStreamFlip': False, 'horizVert': True, 'ISIframes': 3, 'rightResponseFirst': True}
386.6887 	INFO 	numtrials=360 and this trialDurFrames=5 or 83.3333333333 ms  task=T1
387.8891 	EXP 	window1: recordFrameIntervals = False
387.8964 	INFO 	Mouse: using default window
389.7064 	DATA 	Keypress: e
389.8467 	EXP 	New trial (rep=2, index=8): {'leftStreamFlip': False, 'oneTarget': False, 'trialInstructionPos': (0, -1), 'probe': 'both', 'rightStreamFlip': False, 'horizVert': True, 'ISIframes': 3, 'rightResponseFirst': True}
389.8720 	INFO 	numtrials=360 and this trialDurFrames=5 or 83.3333333333 ms  task=T1
390.8893 	EXP 	window1: recordFrameIntervals = False
390.8962 	INFO 	Mouse: using default window
394.0233 	DATA 	Keypress: f
395.4066 	DATA 	Keypress: k
395.5474 	EXP 	New trial (rep=2, index=9): {'leftStreamFlip': False, 'oneTarget': False, 'trialInstructionPos': (0, 1), 'probe': 'both', 'rightStreamFlip': False, 'horizVert': True, 'ISIframes': 3, 'rightResponseFirst': False}
395.5721 	INFO 	numtrials=360 and this trialDurFrames=5 or 83.3333333333 ms  task=T1
396.7058 	EXP 	window1: recordFrameIntervals = False
396.7134 	INFO 	Mouse: using default window
399.3231 	DATA 	Keypress: z
400.6065 	DATA 	Keypress: j
400.7461 	EXP 	New trial (rep=2, index=10): {'leftStreamFlip': False, 'oneTarget': False, 'trialInstructionPos': (0, 1), 'probe': 'both', 'rightStreamFlip': False, 'horizVert': True, 'ISIframes': 3, 'rightResponseFirst': False}
400.7555 	INFO 	numtrials=360 and this trialDurFrames=5 or 83.3333333333 ms  task=T1
401.8393 	EXP 	window1: recordFrameIntervals = False
401.8462 	INFO 	Mouse: using default window
404.1900 	DATA 	Keypress: k
405.4065 	DATA 	Keypress: g
405.5461 	EXP 	New trial (rep=2, index=11): {'leftStreamFlip': False, 'oneTarget': False, 'trialInstructionPos': (0, 1), 'probe': 'both', 'rightStreamFlip': False, 'horizVert': True, 'ISIframes': 3, 'rightResponseFirst': True}
405.5554 	INFO 	numtrials=360 and this trialDurFrames=5 or 83.3333333333 ms  task=T1
406.7059 	EXP 	window1: recordFrameIntervals = False
406.7131 	INFO 	Mouse: using default window
408.7897 	DATA 	Keypress: e
409.6066 	DATA 	Keypress: j
409.7500 	EXP 	New trial (rep=3, index=0): {'leftStreamFlip': False, 'oneTarget': False, 'trialInstructionPos': (0, 1), 'probe': 'both', 'rightStreamFlip': False, 'horizVert': True, 'ISIframes': 3, 'rightResponseFirst': False}
409.7721 	INFO 	numtrials=360 and this trialDurFrames=5 or 83.3333333333 ms  task=T1
410.9227 	EXP 	window1: recordFrameIntervals = False
410.9303 	INFO 	Mouse: using default window
412.4897 	DATA 	Keypress: g
413.4736 	DATA 	Keypress: s
413.6134 	EXP 	New trial (rep=3, index=1): {'leftStreamFlip': False, 'oneTarget': True, 'trialInstructionPos': (0, -1), 'probe': 'both', 'rightStreamFlip': False, 'horizVert': True, 'ISIframes': 3, 'rightResponseFirst': False}
413.6226 	INFO 	numtrials=360 and this trialDurFrames=5 or 83.3333333333 ms  task=T1
414.7227 	EXP 	window1: recordFrameIntervals = False
414.7297 	INFO 	Mouse: using default window
416.3399 	DATA 	Keypress: k
416.4809 	EXP 	New trial (rep=3, index=2): {'leftStreamFlip': False, 'oneTarget': True, 'trialInstructionPos': (0, 1), 'probe': 'both', 'rightStreamFlip': False, 'horizVert': True, 'ISIframes': 3, 'rightResponseFirst': False}
416.5055 	INFO 	numtrials=360 and this trialDurFrames=5 or 83.3333333333 ms  task=T1
417.6720 	EXP 	window1: recordFrameIntervals = False
417.6797 	INFO 	Mouse: using default window
418.7066 	DATA 	Keypress: k
418.8447 	EXP 	New trial (rep=3, index=3): {'leftStreamFlip': False, 'oneTarget': True, 'trialInstructionPos': (0, 1), 'probe': 'both', 'rightStreamFlip': False, 'horizVert': True, 'ISIframes': 3, 'rightResponseFirst': True}
418.8555 	INFO 	numtrials=360 and this trialDurFrames=5 or 83.3333333333 ms  task=T1
419.9387 	EXP 	window1: recordFrameIntervals = False
419.9466 	INFO 	Mouse: using default window
421.6065 	DATA 	Keypress: g
421.7494 	EXP 	New trial (rep=3, index=4): {'leftStreamFlip': False, 'oneTarget': True, 'trialInstructionPos': (0, -1), 'probe': 'both', 'rightStreamFlip': False, 'horizVert': True, 'ISIframes': 3, 'rightResponseFirst': True}
421.7720 	INFO 	numtrials=360 and this trialDurFrames=5 or 83.3333333333 ms  task=T1
422.9065 	EXP 	window1: recordFrameIntervals = False
422.9141 	INFO 	Mouse: using default window
424.5398 	DATA 	Keypress: e
424.6801 	EXP 	New trial (rep=3, index=5): {'leftStreamFlip': False, 'oneTarget': False, 'trialInstructionPos': (0, -1), 'probe': 'both', 'rightStreamFlip': False, 'horizVert': True, 'ISIframes': 3, 'rightResponseFirst': False}
424.6892 	INFO 	numtrials=360 and this trialDurFrames=5 or 83.3333333333 ms  task=T1
425.8724 	EXP 	window1: recordFrameIntervals = False
425.8799 	INFO 	Mouse: using default window
429.2566 	DATA 	Keypress: g
432.0731 	DATA 	Keypress: e
432.2125 	EXP 	New trial (rep=3, index=6): {'leftStreamFlip': False, 'oneTarget': False, 'trialInstructionPos': (0, -1), 'probe': 'both', 'rightStreamFlip': False, 'horizVert': True, 'ISIframes': 3, 'rightResponseFirst': True}
432.2394 	INFO 	numtrials=360 and this trialDurFrames=5 or 83.3333333333 ms  task=T1
433.4559 	EXP 	window1: recordFrameIntervals = False
433.4635 	INFO 	Mouse: using default window
436.8065 	DATA 	Keypress: e
437.5397 	DATA 	Keypress: f
437.6805 	EXP 	New trial (rep=3, index=7): {'leftStreamFlip': False, 'oneTarget': False, 'trialInstructionPos': (0, -1), 'probe': 'both', 'rightStreamFlip': False, 'horizVert': True, 'ISIframes': 3, 'rightResponseFirst': True}
437.7060 	INFO 	numtrials=360 and this trialDurFrames=5 or 83.3333333333 ms  task=T1
438.8225 	EXP 	window1: recordFrameIntervals = False
438.8296 	INFO 	Mouse: using default window
440.4398 	DATA 	Keypress: m
441.4415 	DATA 	Keypress: k
441.5957 	EXP 	New trial (rep=3, index=8): {'leftStreamFlip': False, 'oneTarget': False, 'trialInstructionPos': (0, 1), 'probe': 'both', 'rightStreamFlip': False, 'horizVert': True, 'ISIframes': 3, 'rightResponseFirst': True}
441.6053 	INFO 	numtrials=360 and this trialDurFrames=5 or 83.3333333333 ms  task=T1
442.8060 	EXP 	window1: recordFrameIntervals = False
442.8131 	INFO 	Mouse: using default window
444.5395 	DATA 	Keypress: k
445.2900 	DATA 	Keypress: j
445.4303 	EXP 	New trial (rep=3, index=9): {'leftStreamFlip': False, 'oneTarget': False, 'trialInstructionPos': (0, -1), 'probe': 'both', 'rightStreamFlip': False, 'horizVert': True, 'ISIframes': 3, 'rightResponseFirst': False}
445.4554 	INFO 	numtrials=360 and this trialDurFrames=5 or 83.3333333333 ms  task=T1
446.4560 	EXP 	window1: recordFrameIntervals = False
446.4637 	INFO 	Mouse: using default window
449.7233 	DATA 	Keypress: z
450.3565 	DATA 	Keypress: a
450.4969 	EXP 	New trial (rep=3, index=10): {'leftStreamFlip': False, 'oneTarget': False, 'trialInstructionPos': (0, 1), 'probe': 'both', 'rightStreamFlip': False, 'horizVert': True, 'ISIframes': 3, 'rightResponseFirst': True}
450.5218 	INFO 	numtrials=360 and this trialDurFrames=5 or 83.3333333333 ms  task=T1
451.6565 	EXP 	window1: recordFrameIntervals = False
451.6631 	INFO 	Mouse: using default window
453.7734 	DATA 	Keypress: c
454.5063 	DATA 	Keypress: m
454.6477 	EXP 	New trial (rep=3, index=11): {'leftStreamFlip': False, 'oneTarget': False, 'trialInstructionPos': (0, 1), 'probe': 'both', 'rightStreamFlip': False, 'horizVert': True, 'ISIframes': 3, 'rightResponseFirst': False}
454.6566 	INFO 	numtrials=360 and this trialDurFrames=5 or 83.3333333333 ms  task=T1
455.7892 	EXP 	window1: recordFrameIntervals = False
455.7963 	INFO 	Mouse: using default window
457.9232 	DATA 	Keypress: j
458.4066 	DATA 	Keypress: z
458.5482 	EXP 	New trial (rep=4, index=0): {'leftStreamFlip': False, 'oneTarget': False, 'trialInstructionPos': (0, 1), 'probe': 'both', 'rightStreamFlip': False, 'horizVert': True, 'ISIframes': 3, 'rightResponseFirst': False}
458.5721 	INFO 	numtrials=360 and this trialDurFrames=5 or 83.3333333333 ms  task=T1
459.7224 	EXP 	window1: recordFrameIntervals = False
459.7302 	INFO 	Mouse: using default window
461.9895 	DATA 	Keypress: n
463.3067 	DATA 	Keypress: i
463.4476 	EXP 	New trial (rep=4, index=1): {'leftStreamFlip': False, 'oneTarget': True, 'trialInstructionPos': (0, 1), 'probe': 'both', 'rightStreamFlip': False, 'horizVert': True, 'ISIframes': 3, 'rightResponseFirst': True}
463.4565 	INFO 	numtrials=360 and this trialDurFrames=5 or 83.3333333333 ms  task=T1
464.6060 	EXP 	window1: recordFrameIntervals = False
464.6135 	INFO 	Mouse: using default window
465.8899 	DATA 	Keypress: g
466.0331 	EXP 	New trial (rep=4, index=2): {'leftStreamFlip': False, 'oneTarget': False, 'trialInstructionPos': (0, -1), 'probe': 'both', 'rightStreamFlip': False, 'horizVert': True, 'ISIframes': 3, 'rightResponseFirst': True}
466.0555 	INFO 	numtrials=360 and this trialDurFrames=5 or 83.3333333333 ms  task=T1
467.0560 	EXP 	window1: recordFrameIntervals = False
467.0630 	INFO 	Mouse: using default window
468.9735 	DATA 	Keypress: n
469.4415 	DATA 	Keypress: j
469.5968 	EXP 	New trial (rep=4, index=3): {'leftStreamFlip': False, 'oneTarget': True, 'trialInstructionPos': (0, -1), 'probe': 'both', 'rightStreamFlip': False, 'horizVert': True, 'ISIframes': 3, 'rightResponseFirst': False}
469.6067 	INFO 	numtrials=360 and this trialDurFrames=5 or 83.3333333333 ms  task=T1
470.6226 	EXP 	window1: recordFrameIntervals = False
470.6300 	INFO 	Mouse: using default window
473.4741 	DATA 	Keypress: z
473.6123 	EXP 	New trial (rep=4, index=4): {'leftStreamFlip': False, 'oneTarget': False, 'trialInstructionPos': (0, -1), 'probe': 'both', 'rightStreamFlip': False, 'horizVert': True, 'ISIframes': 3, 'rightResponseFirst': True}
473.6221 	INFO 	numtrials=360 and this trialDurFrames=5 or 83.3333333333 ms  task=T1
474.7393 	EXP 	window1: recordFrameIntervals = False
474.7466 	INFO 	Mouse: using default window
477.9566 	DATA 	Keypress: a
478.6071 	DATA 	Keypress: k
478.7472 	EXP 	New trial (rep=4, index=5): {'leftStreamFlip': False, 'oneTarget': False, 'trialInstructionPos': (0, 1), 'probe': 'both', 'rightStreamFlip': False, 'horizVert': True, 'ISIframes': 3, 'rightResponseFirst': True}
478.7718 	INFO 	numtrials=360 and this trialDurFrames=5 or 83.3333333333 ms  task=T1
479.7728 	EXP 	window1: recordFrameIntervals = False
479.7801 	INFO 	Mouse: using default window
481.4414 	DATA 	Keypress: h
481.9064 	DATA 	Keypress: s
482.0474 	EXP 	New trial (rep=4, index=6): {'leftStreamFlip': False, 'oneTarget': False, 'trialInstructionPos': (0, 1), 'probe': 'both', 'rightStreamFlip': False, 'horizVert': True, 'ISIframes': 3, 'rightResponseFirst': True}
482.0722 	INFO 	numtrials=360 and this trialDurFrames=5 or 83.3333333333 ms  task=T1
483.1058 	EXP 	window1: recordFrameIntervals = False
483.1131 	INFO 	Mouse: using default window
484.5729 	DATA 	Keypress: k
485.2066 	DATA 	Keypress: e
485.3496 	EXP 	New trial (rep=4, index=7): {'leftStreamFlip': False, 'oneTarget': True, 'trialInstructionPos': (0, -1), 'probe': 'both', 'rightStreamFlip': False, 'horizVert': True, 'ISIframes': 3, 'rightResponseFirst': True}
485.3722 	INFO 	numtrials=360 and this trialDurFrames=5 or 83.3333333333 ms  task=T1
486.5893 	EXP 	window1: recordFrameIntervals = False
486.5973 	INFO 	Mouse: using default window
488.1569 	DATA 	Keypress: a
488.2960 	EXP 	New trial (rep=4, index=8): {'leftStreamFlip': False, 'oneTarget': False, 'trialInstructionPos': (0, -1), 'probe': 'both', 'rightStreamFlip': False, 'horizVert': True, 'ISIframes': 3, 'rightResponseFirst': False}
488.3059 	INFO 	numtrials=360 and this trialDurFrames=5 or 83.3333333333 ms  task=T1
489.5228 	EXP 	window1: recordFrameIntervals = False
489.5302 	INFO 	Mouse: using default window
493.5729 	DATA 	Keypress: j
495.5064 	DATA 	Keypress: e
495.6480 	EXP 	New trial (rep=4, index=9): {'leftStreamFlip': False, 'oneTarget': True, 'trialInstructionPos': (0, 1), 'probe': 'both', 'rightStreamFlip': False, 'horizVert': True, 'ISIframes': 3, 'rightResponseFirst': False}
495.6721 	INFO 	numtrials=360 and this trialDurFrames=5 or 83.3333333333 ms  task=T1
496.8394 	EXP 	window1: recordFrameIntervals = False
496.8464 	INFO 	Mouse: using default window
499.0086 	DATA 	Keypress: m
499.1618 	EXP 	New trial (rep=4, index=10): {'leftStreamFlip': False, 'oneTarget': False, 'trialInstructionPos': (0, 1), 'probe': 'both', 'rightStreamFlip': False, 'horizVert': True, 'ISIframes': 3, 'rightResponseFirst': False}
499.1723 	INFO 	numtrials=360 and this trialDurFrames=5 or 83.3333333333 ms  task=T1
500.3727 	EXP 	window1: recordFrameIntervals = False
500.3797 	INFO 	Mouse: using default window
502.2067 	DATA 	Keypress: a
502.7899 	DATA 	Keypress: k
502.9309 	EXP 	New trial (rep=4, index=11): {'leftStreamFlip': False, 'oneTarget': False, 'trialInstructionPos': (0, -1), 'probe': 'both', 'rightStreamFlip': False, 'horizVert': True, 'ISIframes': 3, 'rightResponseFirst': False}
502.9405 	INFO 	numtrials=360 and this trialDurFrames=5 or 83.3333333333 ms  task=T1
504.0223 	EXP 	window1: recordFrameIntervals = False
504.0300 	INFO 	Mouse: using default window
505.2734 	DATA 	Keypress: m
506.4567 	DATA 	Keypress: e
506.5974 	EXP 	New trial (rep=5, index=0): {'leftStreamFlip': False, 'oneTarget': False, 'trialInstructionPos': (0, 1), 'probe': 'both', 'rightStreamFlip': False, 'horizVert': True, 'ISIframes': 3, 'rightResponseFirst': False}
506.6221 	INFO 	numtrials=360 and this trialDurFrames=5 or 83.3333333333 ms  task=T1
507.7062 	EXP 	window1: recordFrameIntervals = False
507.7133 	INFO 	Mouse: using default window
509.4252 	DATA 	Keypress: c
509.8900 	DATA 	Keypress: m
510.0303 	EXP 	New trial (rep=5, index=1): {'leftStreamFlip': False, 'oneTarget': True, 'trialInstructionPos': (0, 1), 'probe': 'both', 'rightStreamFlip': False, 'horizVert': True, 'ISIframes': 3, 'rightResponseFirst': True}
510.0395 	INFO 	numtrials=360 and this trialDurFrames=5 or 83.3333333333 ms  task=T1
511.1894 	EXP 	window1: recordFrameIntervals = False
511.1969 	INFO 	Mouse: using default window
512.3067 	DATA 	Keypress: g
512.4458 	EXP 	New trial (rep=5, index=2): {'leftStreamFlip': False, 'oneTarget': False, 'trialInstructionPos': (0, -1), 'probe': 'both', 'rightStreamFlip': False, 'horizVert': True, 'ISIframes': 3, 'rightResponseFirst': True}
512.4555 	INFO 	numtrials=360 and this trialDurFrames=5 or 83.3333333333 ms  task=T1
513.4561 	EXP 	window1: recordFrameIntervals = False
513.4637 	INFO 	Mouse: using default window
514.7728 	DATA 	Keypress: k
515.4739 	DATA 	Keypress: m
515.6147 	EXP 	New trial (rep=5, index=3): {'leftStreamFlip': False, 'oneTarget': False, 'trialInstructionPos': (0, 1), 'probe': 'both', 'rightStreamFlip': False, 'horizVert': True, 'ISIframes': 3, 'rightResponseFirst': True}
515.6389 	INFO 	numtrials=360 and this trialDurFrames=5 or 83.3333333333 ms  task=T1
516.7894 	EXP 	window1: recordFrameIntervals = False
516.7964 	INFO 	Mouse: using default window
518.9066 	DATA 	Keypress: z
519.9567 	DATA 	Keypress: j
520.1025 	EXP 	New trial (rep=5, index=4): {'leftStreamFlip': False, 'oneTarget': False, 'trialInstructionPos': (0, 1), 'probe': 'both', 'rightStreamFlip': False, 'horizVert': True, 'ISIframes': 3, 'rightResponseFirst': False}
520.1223 	INFO 	numtrials=360 and this trialDurFrames=5 or 83.3333333333 ms  task=T1
521.1394 	EXP 	window1: recordFrameIntervals = False
521.1466 	INFO 	Mouse: using default window
523.8738 	DATA 	Keypress: y
524.3235 	DATA 	Keypress: z
524.4637 	EXP 	New trial (rep=5, index=5): {'leftStreamFlip': False, 'oneTarget': False, 'trialInstructionPos': (0, -1), 'probe': 'both', 'rightStreamFlip': False, 'horizVert': True, 'ISIframes': 3, 'rightResponseFirst': False}
524.4732 	INFO 	numtrials=360 and this trialDurFrames=5 or 83.3333333333 ms  task=T1
525.6893 	EXP 	window1: recordFrameIntervals = False
525.6963 	INFO 	Mouse: using default window
527.1899 	DATA 	Keypress: z
527.7899 	DATA 	Keypress: e
527.9305 	EXP 	New trial (rep=5, index=6): {'leftStreamFlip': False, 'oneTarget': False, 'trialInstructionPos': (0, -1), 'probe': 'both', 'rightStreamFlip': False, 'horizVert': True, 'ISIframes': 3, 'rightResponseFirst': True}
527.9557 	INFO 	numtrials=360 and this trialDurFrames=5 or 83.3333333333 ms  task=T1
528.9727 	EXP 	window1: recordFrameIntervals = False
528.9800 	INFO 	Mouse: using default window
531.0901 	DATA 	Keypress: n
531.7567 	DATA 	Keypress: c
531.8993 	EXP 	New trial (rep=5, index=7): {'leftStreamFlip': False, 'oneTarget': False, 'trialInstructionPos': (0, 1), 'probe': 'both', 'rightStreamFlip': False, 'horizVert': True, 'ISIframes': 3, 'rightResponseFirst': True}
531.9230 	INFO 	numtrials=360 and this trialDurFrames=5 or 83.3333333333 ms  task=T1
532.9395 	EXP 	window1: recordFrameIntervals = False
532.9466 	INFO 	Mouse: using default window
535.1566 	DATA 	Keypress: g
535.6897 	DATA 	Keypress: e
535.8309 	EXP 	New trial (rep=5, index=8): {'leftStreamFlip': False, 'oneTarget': True, 'trialInstructionPos': (0, -1), 'probe': 'both', 'rightStreamFlip': False, 'horizVert': True, 'ISIframes': 3, 'rightResponseFirst': True}
535.8556 	INFO 	numtrials=360 and this trialDurFrames=5 or 83.3333333333 ms  task=T1
537.0730 	EXP 	window1: recordFrameIntervals = False
537.0809 	INFO 	Mouse: using default window
538.3231 	DATA 	Keypress: a
538.4626 	EXP 	New trial (rep=5, index=9): {'leftStreamFlip': False, 'oneTarget': False, 'trialInstructionPos': (0, -1), 'probe': 'both', 'rightStreamFlip': False, 'horizVert': True, 'ISIframes': 3, 'rightResponseFirst': False}
538.4722 	INFO 	numtrials=360 and this trialDurFrames=5 or 83.3333333333 ms  task=T1
539.6562 	EXP 	window1: recordFrameIntervals = False
539.6639 	INFO 	Mouse: using default window
542.0234 	DATA 	Keypress: j
543.6067 	DATA 	Keypress: g
543.7442 	EXP 	New trial (rep=5, index=10): {'leftStreamFlip': False, 'oneTarget': True, 'trialInstructionPos': (0, 1), 'probe': 'both', 'rightStreamFlip': False, 'horizVert': True, 'ISIframes': 3, 'rightResponseFirst': False}
543.7557 	INFO 	numtrials=360 and this trialDurFrames=5 or 83.3333333333 ms  task=T1
544.8890 	EXP 	window1: recordFrameIntervals = False
544.8968 	INFO 	Mouse: using default window
546.4567 	DATA 	Keypress: e
546.5981 	EXP 	New trial (rep=5, index=11): {'leftStreamFlip': False, 'oneTarget': True, 'trialInstructionPos': (0, -1), 'probe': 'both', 'rightStreamFlip': False, 'horizVert': True, 'ISIframes': 3, 'rightResponseFirst': False}
546.6221 	INFO 	numtrials=360 and this trialDurFrames=5 or 83.3333333333 ms  task=T1
547.6561 	EXP 	window1: recordFrameIntervals = False
547.6648 	INFO 	Mouse: using default window
549.2568 	DATA 	Keypress: g
549.3981 	EXP 	New trial (rep=6, index=0): {'leftStreamFlip': False, 'oneTarget': True, 'trialInstructionPos': (0, -1), 'probe': 'both', 'rightStreamFlip': False, 'horizVert': True, 'ISIframes': 3, 'rightResponseFirst': True}
549.4222 	INFO 	numtrials=360 and this trialDurFrames=5 or 83.3333333333 ms  task=T1
550.6229 	EXP 	window1: recordFrameIntervals = False
550.6299 	INFO 	Mouse: using default window
552.7566 	DATA 	Keypress: k
552.8957 	EXP 	New trial (rep=6, index=1): {'leftStreamFlip': False, 'oneTarget': False, 'trialInstructionPos': (0, 1), 'probe': 'both', 'rightStreamFlip': False, 'horizVert': True, 'ISIframes': 3, 'rightResponseFirst': False}
552.9056 	INFO 	numtrials=360 and this trialDurFrames=5 or 83.3333333333 ms  task=T1
554.0227 	EXP 	window1: recordFrameIntervals = False
554.0298 	INFO 	Mouse: using default window
558.2248 	DATA 	Keypress: m
558.5734 	DATA 	Keypress: c
558.7130 	EXP 	New trial (rep=6, index=2): {'leftStreamFlip': False, 'oneTarget': False, 'trialInstructionPos': (0, -1), 'probe': 'both', 'rightStreamFlip': False, 'horizVert': True, 'ISIframes': 3, 'rightResponseFirst': True}
558.7225 	INFO 	numtrials=360 and this trialDurFrames=5 or 83.3333333333 ms  task=T1
559.8562 	EXP 	window1: recordFrameIntervals = False
559.8639 	INFO 	Mouse: using default window
564.3735 	DATA 	Keypress: e
564.9402 	DATA 	Keypress: f
565.0781 	EXP 	New trial (rep=6, index=3): {'leftStreamFlip': False, 'oneTarget': False, 'trialInstructionPos': (0, -1), 'probe': 'both', 'rightStreamFlip': False, 'horizVert': True, 'ISIframes': 3, 'rightResponseFirst': False}
565.0889 	INFO 	numtrials=360 and this trialDurFrames=5 or 83.3333333333 ms  task=T1
566.2729 	EXP 	window1: recordFrameIntervals = False
566.2803 	INFO 	Mouse: using default window
567.8901 	DATA 	Keypress: f
568.3568 	DATA 	Keypress: m
568.4976 	EXP 	New trial (rep=6, index=4): {'leftStreamFlip': False, 'oneTarget': True, 'trialInstructionPos': (0, -1), 'probe': 'both', 'rightStreamFlip': False, 'horizVert': True, 'ISIframes': 3, 'rightResponseFirst': False}
568.5222 	INFO 	numtrials=360 and this trialDurFrames=5 or 83.3333333333 ms  task=T1
569.5395 	EXP 	window1: recordFrameIntervals = False
569.5465 	INFO 	Mouse: using default window
573.9066 	DATA 	Keypress: b
574.0465 	EXP 	New trial (rep=6, index=5): {'leftStreamFlip': False, 'oneTarget': True, 'trialInstructionPos': (0, 1), 'probe': 'both', 'rightStreamFlip': False, 'horizVert': True, 'ISIframes': 3, 'rightResponseFirst': True}
574.0557 	INFO 	numtrials=360 and this trialDurFrames=5 or 83.3333333333 ms  task=T1
575.1562 	EXP 	window1: recordFrameIntervals = False
575.1633 	INFO 	Mouse: using default window
576.8068 	DATA 	Keypress: j
576.9490 	EXP 	New trial (rep=6, index=6): {'leftStreamFlip': False, 'oneTarget': False, 'trialInstructionPos': (0, -1), 'probe': 'both', 'rightStreamFlip': False, 'horizVert': True, 'ISIframes': 3, 'rightResponseFirst': False}
576.9721 	INFO 	numtrials=360 and this trialDurFrames=5 or 83.3333333333 ms  task=T1
577.9893 	EXP 	window1: recordFrameIntervals = False
577.9965 	INFO 	Mouse: using default window
579.4068 	DATA 	Keypress: u
580.8234 	DATA 	Keypress: f
580.9645 	EXP 	New trial (rep=6, index=7): {'leftStreamFlip': False, 'oneTarget': False, 'trialInstructionPos': (0, -1), 'probe': 'both', 'rightStreamFlip': False, 'horizVert': True, 'ISIframes': 3, 'rightResponseFirst': True}
580.9735 	INFO 	numtrials=360 and this trialDurFrames=5 or 83.3333333333 ms  task=T1
582.1060 	EXP 	window1: recordFrameIntervals = False
582.1132 	INFO 	Mouse: using default window
584.2071 	DATA 	Keypress: k
584.7235 	DATA 	Keypress: u
584.8630 	EXP 	New trial (rep=6, index=8): {'leftStreamFlip': False, 'oneTarget': False, 'trialInstructionPos': (0, 1), 'probe': 'both', 'rightStreamFlip': False, 'horizVert': True, 'ISIframes': 3, 'rightResponseFirst': True}
584.8729 	INFO 	numtrials=360 and this trialDurFrames=5 or 83.3333333333 ms  task=T1
586.0227 	EXP 	window1: recordFrameIntervals = False
586.0298 	INFO 	Mouse: using default window
588.0901 	DATA 	Keypress: a
588.7568 	DATA 	Keypress: k
588.8983 	EXP 	New trial (rep=6, index=9): {'leftStreamFlip': False, 'oneTarget': False, 'trialInstructionPos': (0, 1), 'probe': 'both', 'rightStreamFlip': False, 'horizVert': True, 'ISIframes': 3, 'rightResponseFirst': True}
588.9223 	INFO 	numtrials=360 and this trialDurFrames=5 or 83.3333333333 ms  task=T1
590.0061 	EXP 	window1: recordFrameIntervals = False
590.0133 	INFO 	Mouse: using default window
591.4737 	DATA 	Keypress: f
592.2735 	DATA 	Keypress: k
592.4134 	EXP 	New trial (rep=6, index=10): {'leftStreamFlip': False, 'oneTarget': True, 'trialInstructionPos': (0, 1), 'probe': 'both', 'rightStreamFlip': False, 'horizVert': True, 'ISIframes': 3, 'rightResponseFirst': False}
592.4229 	INFO 	numtrials=360 and this trialDurFrames=5 or 83.3333333333 ms  task=T1
593.4895 	EXP 	window1: recordFrameIntervals = False
593.4968 	INFO 	Mouse: using default window
594.6417 	DATA 	Keypress: k
594.7965 	EXP 	New trial (rep=6, index=11): {'leftStreamFlip': False, 'oneTarget': False, 'trialInstructionPos': (0, 1), 'probe': 'both', 'rightStreamFlip': False, 'horizVert': True, 'ISIframes': 3, 'rightResponseFirst': False}
594.8058 	INFO 	numtrials=360 and this trialDurFrames=5 or 83.3333333333 ms  task=T1
596.0229 	EXP 	window1: recordFrameIntervals = False
596.0305 	INFO 	Mouse: using default window
597.3401 	DATA 	Keypress: s
598.2574 	DATA 	Keypress: s
598.3982 	EXP 	New trial (rep=7, index=0): {'leftStreamFlip': False, 'oneTarget': True, 'trialInstructionPos': (0, -1), 'probe': 'both', 'rightStreamFlip': False, 'horizVert': True, 'ISIframes': 3, 'rightResponseFirst': False}
598.4223 	INFO 	numtrials=360 and this trialDurFrames=5 or 83.3333333333 ms  task=T1
599.6062 	EXP 	window1: recordFrameIntervals = False
599.6134 	INFO 	Mouse: using default window
600.6571 	DATA 	Keypress: s
600.7968 	EXP 	New trial (rep=7, index=1): {'leftStreamFlip': False, 'oneTarget': False, 'trialInstructionPos': (0, -1), 'probe': 'both', 'rightStreamFlip': False, 'horizVert': True, 'ISIframes': 3, 'rightResponseFirst': False}
600.8062 	INFO 	numtrials=360 and this trialDurFrames=5 or 83.3333333333 ms  task=T1
601.8728 	EXP 	window1: recordFrameIntervals = False
601.8799 	INFO 	Mouse: using default window
603.8418 	DATA 	Keypress: k
604.6417 	DATA 	Keypress: s
604.7988 	EXP 	New trial (rep=7, index=2): {'leftStreamFlip': False, 'oneTarget': True, 'trialInstructionPos': (0, 1), 'probe': 'both', 'rightStreamFlip': False, 'horizVert': True, 'ISIframes': 3, 'rightResponseFirst': False}
604.8223 	INFO 	numtrials=360 and this trialDurFrames=5 or 83.3333333333 ms  task=T1
605.8231 	EXP 	window1: recordFrameIntervals = False
605.8308 	INFO 	Mouse: using default window
607.3901 	DATA 	Keypress: m
607.5290 	EXP 	New trial (rep=7, index=3): {'leftStreamFlip': False, 'oneTarget': False, 'trialInstructionPos': (0, -1), 'probe': 'both', 'rightStreamFlip': False, 'horizVert': True, 'ISIframes': 3, 'rightResponseFirst': False}
607.5395 	INFO 	numtrials=360 and this trialDurFrames=5 or 83.3333333333 ms  task=T1
608.6728 	EXP 	window1: recordFrameIntervals = False
608.6799 	INFO 	Mouse: using default window
610.1234 	DATA 	Keypress: y
610.5071 	DATA 	Keypress: m
610.6456 	EXP 	New trial (rep=7, index=4): {'leftStreamFlip': False, 'oneTarget': False, 'trialInstructionPos': (0, 1), 'probe': 'both', 'rightStreamFlip': False, 'horizVert': True, 'ISIframes': 3, 'rightResponseFirst': False}
610.6557 	INFO 	numtrials=360 and this trialDurFrames=5 or 83.3333333333 ms  task=T1
611.7894 	EXP 	window1: recordFrameIntervals = False
611.7966 	INFO 	Mouse: using default window
613.4735 	DATA 	Keypress: f
614.5071 	DATA 	Keypress: u
614.6489 	EXP 	New trial (rep=7, index=5): {'leftStreamFlip': False, 'oneTarget': False, 'trialInstructionPos': (0, 1), 'probe': 'both', 'rightStreamFlip': False, 'horizVert': True, 'ISIframes': 3, 'rightResponseFirst': True}
614.6724 	INFO 	numtrials=360 and this trialDurFrames=5 or 83.3333333333 ms  task=T1
615.7558 	EXP 	window1: recordFrameIntervals = False
615.7639 	INFO 	Mouse: using default window
617.2070 	DATA 	Keypress: e
617.8070 	DATA 	Keypress: e
617.9495 	EXP 	New trial (rep=7, index=6): {'leftStreamFlip': False, 'oneTarget': False, 'trialInstructionPos': (0, 1), 'probe': 'both', 'rightStreamFlip': False, 'horizVert': True, 'ISIframes': 3, 'rightResponseFirst': False}
617.9724 	INFO 	numtrials=360 and this trialDurFrames=5 or 83.3333333333 ms  task=T1
619.1396 	EXP 	window1: recordFrameIntervals = False
619.1474 	INFO 	Mouse: using default window
621.5901 	DATA 	Keypress: c
622.2249 	DATA 	Keypress: f
622.3818 	EXP 	New trial (rep=7, index=7): {'leftStreamFlip': False, 'oneTarget': True, 'trialInstructionPos': (0, 1), 'probe': 'both', 'rightStreamFlip': False, 'horizVert': True, 'ISIframes': 3, 'rightResponseFirst': True}
622.4059 	INFO 	numtrials=360 and this trialDurFrames=5 or 83.3333333333 ms  task=T1
623.6395 	EXP 	window1: recordFrameIntervals = False
623.6466 	INFO 	Mouse: using default window
624.9569 	DATA 	Keypress: g
625.0969 	EXP 	New trial (rep=7, index=8): {'leftStreamFlip': False, 'oneTarget': True, 'trialInstructionPos': (0, -1), 'probe': 'both', 'rightStreamFlip': False, 'horizVert': True, 'ISIframes': 3, 'rightResponseFirst': True}
625.1063 	INFO 	numtrials=360 and this trialDurFrames=5 or 83.3333333333 ms  task=T1
626.1228 	EXP 	window1: recordFrameIntervals = False
626.1302 	INFO 	Mouse: using default window
627.0257 	DATA 	Keypress: m
627.1797 	EXP 	New trial (rep=7, index=9): {'leftStreamFlip': False, 'oneTarget': False, 'trialInstructionPos': (0, -1), 'probe': 'both', 'rightStreamFlip': False, 'horizVert': True, 'ISIframes': 3, 'rightResponseFirst': True}
627.1891 	INFO 	numtrials=360 and this trialDurFrames=5 or 83.3333333333 ms  task=T1
628.1895 	EXP 	window1: recordFrameIntervals = False
628.1966 	INFO 	Mouse: using default window
629.8073 	DATA 	Keypress: z
631.1901 	DATA 	Keypress: n
631.3298 	EXP 	New trial (rep=7, index=10): {'leftStreamFlip': False, 'oneTarget': False, 'trialInstructionPos': (0, 1), 'probe': 'both', 'rightStreamFlip': False, 'horizVert': True, 'ISIframes': 3, 'rightResponseFirst': True}
631.3389 	INFO 	numtrials=360 and this trialDurFrames=5 or 83.3333333333 ms  task=T1
632.3895 	EXP 	window1: recordFrameIntervals = False
632.3967 	INFO 	Mouse: using default window
633.9072 	DATA 	Keypress: m
634.3568 	DATA 	Keypress: s
634.4957 	EXP 	New trial (rep=7, index=11): {'leftStreamFlip': False, 'oneTarget': False, 'trialInstructionPos': (0, -1), 'probe': 'both', 'rightStreamFlip': False, 'horizVert': True, 'ISIframes': 3, 'rightResponseFirst': True}
634.5057 	INFO 	numtrials=360 and this trialDurFrames=5 or 83.3333333333 ms  task=T1
635.6895 	EXP 	window1: recordFrameIntervals = False
635.6968 	INFO 	Mouse: using default window
637.4906 	DATA 	Keypress: m
637.8088 	DATA 	Keypress: n
637.9601 	EXP 	New trial (rep=8, index=0): {'leftStreamFlip': False, 'oneTarget': True, 'trialInstructionPos': (0, -1), 'probe': 'both', 'rightStreamFlip': False, 'horizVert': True, 'ISIframes': 3, 'rightResponseFirst': False}
637.9722 	INFO 	numtrials=360 and this trialDurFrames=5 or 83.3333333333 ms  task=T1
639.0895 	EXP 	window1: recordFrameIntervals = False
639.0969 	INFO 	Mouse: using default window
643.2738 	DATA 	Keypress: h
643.4137 	EXP 	New trial (rep=8, index=1): {'leftStreamFlip': False, 'oneTarget': False, 'trialInstructionPos': (0, -1), 'probe': 'both', 'rightStreamFlip': False, 'horizVert': True, 'ISIframes': 3, 'rightResponseFirst': False}
643.4232 	INFO 	numtrials=360 and this trialDurFrames=5 or 83.3333333333 ms  task=T1
644.5562 	EXP 	window1: recordFrameIntervals = False
644.5631 	INFO 	Mouse: using default window
646.0902 	DATA 	Keypress: j
647.6405 	DATA 	Keypress: j
647.7803 	EXP 	New trial (rep=8, index=2): {'leftStreamFlip': False, 'oneTarget': False, 'trialInstructionPos': (0, -1), 'probe': 'both', 'rightStreamFlip': False, 'horizVert': True, 'ISIframes': 3, 'rightResponseFirst': True}
647.7893 	INFO 	numtrials=360 and this trialDurFrames=5 or 83.3333333333 ms  task=T1
648.8730 	EXP 	window1: recordFrameIntervals = False
648.8801 	INFO 	Mouse: using default window
650.5735 	DATA 	Keypress: c
651.5400 	DATA 	Keypress: s
651.6803 	EXP 	New trial (rep=8, index=3): {'leftStreamFlip': False, 'oneTarget': True, 'trialInstructionPos': (0, 1), 'probe': 'both', 'rightStreamFlip': False, 'horizVert': True, 'ISIframes': 3, 'rightResponseFirst': False}
651.7059 	INFO 	numtrials=360 and this trialDurFrames=5 or 83.3333333333 ms  task=T1
652.8395 	EXP 	window1: recordFrameIntervals = False
652.8466 	INFO 	Mouse: using default window
655.1899 	DATA 	Keypress: s
655.3795 	EXP 	New trial (rep=8, index=4): {'leftStreamFlip': False, 'oneTarget': False, 'trialInstructionPos': (0, 1), 'probe': 'both', 'rightStreamFlip': False, 'horizVert': True, 'ISIframes': 3, 'rightResponseFirst': False}
655.3892 	INFO 	numtrials=360 and this trialDurFrames=5 or 83.3333333333 ms  task=T1
656.4396 	EXP 	window1: recordFrameIntervals = False
656.4469 	INFO 	Mouse: using default window
658.2250 	DATA 	Keypress: h
658.6067 	DATA 	Keypress: k
658.7463 	EXP 	New trial (rep=8, index=5): {'leftStreamFlip': False, 'oneTarget': False, 'trialInstructionPos': (0, 1), 'probe': 'both', 'rightStreamFlip': False, 'horizVert': True, 'ISIframes': 3, 'rightResponseFirst': True}
658.7559 	INFO 	numtrials=360 and this trialDurFrames=5 or 83.3333333333 ms  task=T1
659.7894 	EXP 	window1: recordFrameIntervals = False
659.7966 	INFO 	Mouse: using default window
661.4251 	DATA 	Keypress: y
661.9398 	DATA 	Keypress: s
662.0792 	EXP 	New trial (rep=8, index=6): {'leftStreamFlip': False, 'oneTarget': False, 'trialInstructionPos': (0, 1), 'probe': 'both', 'rightStreamFlip': False, 'horizVert': True, 'ISIframes': 3, 'rightResponseFirst': True}
662.0891 	INFO 	numtrials=360 and this trialDurFrames=5 or 83.3333333333 ms  task=T1
663.2227 	EXP 	window1: recordFrameIntervals = False
663.2303 	INFO 	Mouse: using default window
664.9902 	DATA 	Keypress: y
665.4570 	DATA 	Keypress: f
665.5983 	EXP 	New trial (rep=8, index=7): {'leftStreamFlip': False, 'oneTarget': True, 'trialInstructionPos': (0, -1), 'probe': 'both', 'rightStreamFlip': False, 'horizVert': True, 'ISIframes': 3, 'rightResponseFirst': True}
665.6230 	INFO 	numtrials=360 and this trialDurFrames=5 or 83.3333333333 ms  task=T1
666.8565 	EXP 	window1: recordFrameIntervals = False
666.8643 	INFO 	Mouse: using default window
668.2732 	DATA 	Keypress: y
668.4146 	EXP 	New trial (rep=8, index=8): {'leftStreamFlip': False, 'oneTarget': False, 'trialInstructionPos': (0, -1), 'probe': 'both', 'rightStreamFlip': False, 'horizVert': True, 'ISIframes': 3, 'rightResponseFirst': True}
668.4388 	INFO 	numtrials=360 and this trialDurFrames=5 or 83.3333333333 ms  task=T1
669.6230 	EXP 	window1: recordFrameIntervals = False
669.6299 	INFO 	Mouse: using default window
671.0236 	DATA 	Keypress: s
671.2402 	DATA 	Keypress: f
671.3797 	EXP 	New trial (rep=8, index=9): {'leftStreamFlip': False, 'oneTarget': False, 'trialInstructionPos': (0, -1), 'probe': 'both', 'rightStreamFlip': False, 'horizVert': True, 'ISIframes': 3, 'rightResponseFirst': False}
671.4067 	INFO 	numtrials=360 and this trialDurFrames=5 or 83.3333333333 ms  task=T1
672.4727 	EXP 	window1: recordFrameIntervals = False
672.4810 	INFO 	Mouse: using default window
675.4420 	DATA 	Keypress: f
675.9905 	DATA 	Keypress: f
676.1301 	EXP 	New trial (rep=8, index=10): {'leftStreamFlip': False, 'oneTarget': False, 'trialInstructionPos': (0, 1), 'probe': 'both', 'rightStreamFlip': False, 'horizVert': True, 'ISIframes': 3, 'rightResponseFirst': False}
676.1394 	INFO 	numtrials=360 and this trialDurFrames=5 or 83.3333333333 ms  task=T1
677.2229 	EXP 	window1: recordFrameIntervals = False
677.2304 	INFO 	Mouse: using default window
681.2569 	DATA 	Keypress: h
682.1902 	DATA 	Keypress: j
682.3311 	EXP 	New trial (rep=8, index=11): {'leftStreamFlip': False, 'oneTarget': True, 'trialInstructionPos': (0, 1), 'probe': 'both', 'rightStreamFlip': False, 'horizVert': True, 'ISIframes': 3, 'rightResponseFirst': True}
682.3404 	INFO 	numtrials=360 and this trialDurFrames=5 or 83.3333333333 ms  task=T1
683.3395 	EXP 	window1: recordFrameIntervals = False
683.3467 	INFO 	Mouse: using default window
684.5733 	DATA 	Keypress: h
684.7126 	EXP 	New trial (rep=9, index=0): {'leftStreamFlip': False, 'oneTarget': True, 'trialInstructionPos': (0, -1), 'probe': 'both', 'rightStreamFlip': False, 'horizVert': True, 'ISIframes': 3, 'rightResponseFirst': True}
684.7228 	INFO 	numtrials=360 and this trialDurFrames=5 or 83.3333333333 ms  task=T1
685.9227 	EXP 	window1: recordFrameIntervals = False
685.9301 	INFO 	Mouse: using default window
686.9072 	DATA 	Keypress: z
687.0505 	EXP 	New trial (rep=9, index=1): {'leftStreamFlip': False, 'oneTarget': False, 'trialInstructionPos': (0, -1), 'probe': 'both', 'rightStreamFlip': False, 'horizVert': True, 'ISIframes': 3, 'rightResponseFirst': True}
687.0724 	INFO 	numtrials=360 and this trialDurFrames=5 or 83.3333333333 ms  task=T1
688.1730 	EXP 	window1: recordFrameIntervals = False
688.1802 	INFO 	Mouse: using default window
689.8905 	DATA 	Keypress: m
690.4405 	DATA 	Keypress: g
690.5831 	EXP 	New trial (rep=9, index=2): {'leftStreamFlip': False, 'oneTarget': False, 'trialInstructionPos': (0, -1), 'probe': 'both', 'rightStreamFlip': False, 'horizVert': True, 'ISIframes': 3, 'rightResponseFirst': False}
690.6058 	INFO 	numtrials=360 and this trialDurFrames=5 or 83.3333333333 ms  task=T1
691.8064 	EXP 	window1: recordFrameIntervals = False
691.8140 	INFO 	Mouse: using default window
692.8236 	DATA 	Keypress: c
693.0734 	DATA 	Keypress: s
693.2134 	EXP 	New trial (rep=9, index=3): {'leftStreamFlip': False, 'oneTarget': False, 'trialInstructionPos': (0, 1), 'probe': 'both', 'rightStreamFlip': False, 'horizVert': True, 'ISIframes': 3, 'rightResponseFirst': True}
693.2395 	INFO 	numtrials=360 and this trialDurFrames=5 or 83.3333333333 ms  task=T1
694.4564 	EXP 	window1: recordFrameIntervals = False
694.4635 	INFO 	Mouse: using default window
696.7405 	DATA 	Keypress: r
697.5403 	DATA 	Keypress: s
697.6806 	EXP 	New trial (rep=9, index=4): {'leftStreamFlip': False, 'oneTarget': False, 'trialInstructionPos': (0, -1), 'probe': 'both', 'rightStreamFlip': False, 'horizVert': True, 'ISIframes': 3, 'rightResponseFirst': False}
697.6897 	INFO 	numtrials=360 and this trialDurFrames=5 or 83.3333333333 ms  task=T1
698.7730 	EXP 	window1: recordFrameIntervals = False
698.7803 	INFO 	Mouse: using default window
700.1404 	DATA 	Keypress: z
701.3740 	DATA 	Keypress: z
701.5129 	EXP 	New trial (rep=9, index=5): {'leftStreamFlip': False, 'oneTarget': True, 'trialInstructionPos': (0, -1), 'probe': 'both', 'rightStreamFlip': False, 'horizVert': True, 'ISIframes': 3, 'rightResponseFirst': False}
701.5225 	INFO 	numtrials=360 and this trialDurFrames=5 or 83.3333333333 ms  task=T1
702.5896 	EXP 	window1: recordFrameIntervals = False
702.5966 	INFO 	Mouse: using default window
704.8070 	DATA 	Keypress: a
704.9461 	EXP 	New trial (rep=9, index=6): {'leftStreamFlip': False, 'oneTarget': False, 'trialInstructionPos': (0, 1), 'probe': 'both', 'rightStreamFlip': False, 'horizVert': True, 'ISIframes': 3, 'rightResponseFirst': True}
704.9560 	INFO 	numtrials=360 and this trialDurFrames=5 or 83.3333333333 ms  task=T1
705.9897 	EXP 	window1: recordFrameIntervals = False
705.9970 	INFO 	Mouse: using default window
707.6736 	DATA 	Keypress: g
707.8903 	DATA 	Keypress: j
708.0312 	EXP 	New trial (rep=9, index=7): {'leftStreamFlip': False, 'oneTarget': True, 'trialInstructionPos': (0, 1), 'probe': 'both', 'rightStreamFlip': False, 'horizVert': True, 'ISIframes': 3, 'rightResponseFirst': False}
708.0400 	INFO 	numtrials=360 and this trialDurFrames=5 or 83.3333333333 ms  task=T1
709.1064 	EXP 	window1: recordFrameIntervals = False
709.1142 	INFO 	Mouse: using default window
711.1238 	DATA 	Keypress: lctrl
711.5737 	DATA 	Keypress: lshift
711.9903 	DATA 	Keypress: z
712.0100 	INFO 	Stopping at 11:41 on 09 Aug 2018
712.0118 	ERROR 	user aborted experiment on keypress with trials done=115 of 361
712.0288 	INFO 	Program terminating normally.
