0.5784 	WARNING 	Monitor specification not found. Creating a temporary one...
12.0749 	EXP 	Created window1 = Window(allowGUI=False, allowStencil=False, autoLog=True, bitsMode=UNKNOWN, blendMode='avg', color=array([-0.7, -0.7, -0.7]), colorSpace='rgb', fullscr=UNKNOWN, gamma=None, lms=UNKNOWN, monitor=<psychopy.monitors.calibTools.Monitor object at 0x1AF2B370>, name='window1', pos=[0, 0], screen=0, size=array([1920, 1080]), stereo=False, units='deg', useFBO=False, useRetina=False, viewOri=0.0, viewPos=None, viewScale=None, waitBlanking=False, winType='pyglet')
12.0749 	INFO 	Mouse: using default window
12.0752 	EXP 	window1: units = 'norm'
12.1532 	EXP 	Created unnamed ImageStim = ImageStim(autoLog=True, color=array([ 1.,  1.,  1.]), colorSpace='rgb', contrast=1.0, depth=0, flipHoriz=False, flipVert=False, image=str(...), interpolate=False, mask=None, maskParams=None, name='unnamed ImageStim', opacity=1.0, ori=0.0, pos=array([-0.5,  0. ]), size=array([ 1.290625  ,  3.24814815]), texRes=128, units='norm', win=Window(...))
12.2259 	EXP 	Created unnamed ImageStim = ImageStim(autoLog=True, color=array([ 1.,  1.,  1.]), colorSpace='rgb', contrast=1.0, depth=0, flipHoriz=False, flipVert=False, image=str(...), interpolate=False, mask=None, maskParams=None, name='unnamed ImageStim', opacity=1.0, ori=0.0, pos=array([ 0.5,  0. ]), size=array([ 1.290625  ,  3.24814815]), texRes=128, units='norm', win=Window(...))
12.2417 	EXP 	Created OKrespZone = GratingStim(autoDraw=False, autoLog=True, color=array([ 1. ,  0.5,  0.5]), colorSpace='rgb', contrast=1.0, depth=0, interpolate=False, mask='gauss', maskParams=None, name='OKrespZone', opacity=1.0, ori=0.0, phase=array([ 0.,  0.]), pos=array([-0.2 , -0.92]), rgbPedestal=array([ 0.,  0.,  0.]), sf=array([ 0.,  0.]), size=array([ 2.3,  0.2]), tex='sin', texRes=256, units='norm', win=Window(...))
12.3749 	EXP 	unnamed ImageStim: size = (1, 2)
12.3749 	EXP 	unnamed ImageStim: size = (1, 2)
49.2410 	DATA 	Mouse: Left button down, pos=(630,34)
49.2565 	EXP 	window1: units = 'deg'
49.2573 	EXP 	window1: units = 'norm'
49.2895 	EXP 	Created OKrespZone = GratingStim(autoDraw=False, autoLog=True, color=array([ 1. ,  0.5,  0.5]), colorSpace='rgb', contrast=1.0, depth=0, interpolate=False, mask='gauss', maskParams=None, name='OKrespZone', opacity=1.0, ori=0.0, phase=array([ 0.,  0.]), pos=array([-0.2 , -0.92]), rgbPedestal=array([ 0.,  0.,  0.]), sf=array([ 0.,  0.]), size=array([ 2.3,  0.2]), tex='sin', texRes=256, units='norm', win=Window(...))
49.3749 	EXP 	Created unnamed ImageStim = ImageStim(autoLog=True, color=array([ 1.,  1.,  1.]), colorSpace='rgb', contrast=1.0, depth=0, flipHoriz=False, flipVert=False, image='abgdj\\PISandConsentForm\\consentForm.png', interpolate=False, mask=None, maskParams=None, name='unnamed ImageStim', opacity=1.0, ori=0.0, pos=array([ 0.,  0.]), size=array([ 1.3375    ,  2.97407407]), texRes=128, units='norm', win=Window(...))
49.4116 	EXP 	Created unnamed GratingStim = GratingStim(autoDraw=False, autoLog=True, color=array([ 1. ,  0.5,  0.5]), colorSpace='rgb', contrast=1.0, depth=0, interpolate=False, mask='gauss', maskParams=None, name='unnamed GratingStim', opacity=1.0, ori=0.0, phase=array([ 0.,  0.]), pos=array([-0.2 , -0.42]), rgbPedestal=array([ 0.,  0.,  0.]), sf=array([ 0.,  0.]), size=array([ 0.3,  0.2]), tex='sin', texRes=256, units='norm', win=Window(...))
49.4499 	EXP 	Created unnamed GratingStim = GratingStim(autoDraw=False, autoLog=True, color=array([ 1. ,  0.5,  0.5]), colorSpace='rgb', contrast=1.0, depth=0, interpolate=False, mask='gauss', maskParams=None, name='unnamed GratingStim', opacity=1.0, ori=0.0, phase=array([ 0.,  0.]), pos=array([ 0.1 , -0.42]), rgbPedestal=array([ 0.,  0.,  0.]), sf=array([ 0.,  0.]), size=array([ 0.3,  0.2]), tex='sin', texRes=256, units='norm', win=Window(...))
49.4718 	EXP 	Created unnamed GratingStim = GratingStim(autoDraw=False, autoLog=True, color=array([ 1. ,  0.5,  0.5]), colorSpace='rgb', contrast=1.0, depth=0, interpolate=False, mask='gauss', maskParams=None, name='unnamed GratingStim', opacity=1.0, ori=0.0, phase=array([ 0.,  0.]), pos=array([-0.2 , -0.72]), rgbPedestal=array([ 0.,  0.,  0.]), sf=array([ 0.,  0.]), size=array([ 0.3,  0.2]), tex='sin', texRes=256, units='norm', win=Window(...))
49.4933 	EXP 	Created unnamed GratingStim = GratingStim(autoDraw=False, autoLog=True, color=array([ 1. ,  0.5,  0.5]), colorSpace='rgb', contrast=1.0, depth=0, interpolate=False, mask='gauss', maskParams=None, name='unnamed GratingStim', opacity=1.0, ori=0.0, phase=array([ 0.,  0.]), pos=array([ 0.1 , -0.72]), rgbPedestal=array([ 0.,  0.,  0.]), sf=array([ 0.,  0.]), size=array([ 0.3,  0.2]), tex='sin', texRes=256, units='norm', win=Window(...))
49.4972 	DATA 	Mouse:  Left button up, pos=(630,34)
49.5039 	EXP 	unnamed ImageStim: size = (1.1, 2)
54.1725 	DATA 	Mouse: Left button down, pos=(761,318)
54.2560 	DATA 	Mouse:  Left button up, pos=(761,318)
57.6762 	DATA 	Mouse: Left button down, pos=(765,144)
57.7721 	DATA 	Mouse:  Left button up, pos=(765,144)
58.8930 	DATA 	Mouse: Left button down, pos=(757,37)
58.9053 	EXP 	window1: units = 'deg'
58.9122 	EXP 	window1: mouseVisible = True
69.4442 	EXP 	Created window1 = Window(allowGUI=False, allowStencil=False, autoLog=True, bitsMode=UNKNOWN, blendMode='avg', color=array([-0.7, -0.7, -0.7]), colorSpace='rgb', fullscr=UNKNOWN, gamma=None, lms=UNKNOWN, monitor=<psychopy.monitors.calibTools.Monitor object at 0x1AF2B370>, name='window1', pos=[0, 0], screen=0, size=array([1920, 1080]), stereo=False, units='deg', useFBO=False, useRetina=False, viewOri=0.0, viewPos=None, viewScale=None, waitBlanking=False, winType='pyglet')
73.6591 	INFO 	#[ PsychoPy2 RuntimeInfoStart ]
  #[[ PsychoPy ]] #---------
    psychopyVersion: 1.84.2
    psychopyHaveExtRush: True
  #[[ Experiment ]] #---------
    experimentAuthor: None
    experimentAuthVersion: None
    experimentRunTime: 2018_08_09 11:09 (Year_Month_Day Hour:Min)
    experimentRunTime.epoch: 1533776947
    experimentScript: psyc1002.py
    experimentScript.digestSHA1: 03993779484d600ea4c1b8cc2288f3d37a5025d5
    experimentScript.directory: U:\PSYC1002\abgdj
  #[[ System ]] #---------
    systemHaveInternetAccess: True
    systemHostName: W5FF1LG2
    systemLocale: English_Australia.1252
    systemMemFreeRAM: 4061.296875
    systemMemTotalRAM: 8076.9453125
    systemPlatform: windowsversion=sys.getwindowsversion(major=6, minor=2, build=9200, platform=2, service_pack='')
    systemPyo.InputDevices: {4: {'host api index': 2, 'latency': 0.008707483299076557, 'default sr': 44100, 'name': u'Realtek ASIO'}}
    systemPyo.OutputDevices: {0: {'host api index': 0, 'latency': 0.09000000357627869, 'default sr': 44100, 'name': u'Microsoft Sound Mapper - Output'}, 1: {'host api index': 0, 'latency': 0.09000000357627869, 'default sr': 44100, 'name': u'Speakers / Headphones (Realtek '}, 2: {'host api index': 1, 'latency': 0.11999999731779099, 'default sr': 44100, 'name': u'Primary Sound Driver'}, 3: {'host api index': 1, 'latency': 0.11999999731779099, 'default sr': 44100, 'name': u'Speakers / Headphones (Realtek High Definition Audio)'}, 4: {'host api index': 2, 'latency': 0.008707483299076557, 'default sr': 44100, 'name': u'Realtek ASIO'}, 5: {'host api index': 3, 'latency': 0.003000000026077032, 'default sr': 48000, 'name': u'Speakers / Headphones (Realtek High Definition Audio)'}}
    systemPyoVersion: 0.8.0
    systemRebooted: System Boot Time:          9/08/2018, 2:09:50 AM
    systemSec.pythonSSL: True
    systemTimeNumpySD1000000_sec: 0.0073
    systemUser: ogor7982
    systemUserID: 1000
    systemUserProcCmdPid: LabStatsUserSpace.exe dwm.exe TiWorker.exe CmRcService.exe nierserver.exe LabStatsClient.exe tagsrv.exe SearchUI.exe OneDrive.exe nipxism.exe WmiPrvSE.exe niLxiDiscovery.exe SecurityHealthService.exe redirector.exe SearchProtocolHost.exe server_admin.exe pc-client.exe lkads.exe svchost.exe smartscreen.exe ni_usbmon.exe AGSService.exe System SISIDSService.exe SelfServicePlugin.exe explorer.exe smss.exe ApplicationWebServer.exe RuntimeBroker.exe acrotray.exe niauth_daemon.exe cmd.exe nidmsrv.exe Receiver.exe SISIPSService.exe lktsrv.exe lsass.exe python.exe RtkNGUI64.exe sisipsutil.exe AdobeUpdateService.exe armsvc.exe ssonsvr.exe concentr.exe nidevldu.exe taskhostw.exe ctfmon.exe RAVBg64.exe ''Memory Compression'' NIWebServiceContainer.exe nimxs.exe RtkAudioService64.exe SystemWebServer.exe tasklist.exe snowagent.exe CcmExec.exe SearchFilterHost.exe SmcGui.exe nicitdl5.exe services.exe niDiscSvc.exe sqlwriter.exe MSASCuiL.exe SCNotification.exe nimdnsResponder.exe server_runtime.exe sihost.exe backgroundTaskHost.exe spoolsv.exe wininit.exe winlogon.exe ShellExperienceHost.exe nidevmon.exe SearchIndexer.exe csrss.exe TrustedInstaller.exe audiodg.exe fontdrvhost.exe dllhost.exe unsecapp.exe ccSvcHst.exe wfcrun32.exe nisvcloc.exe server_eventlog.exe lkcitdl.exe AuthManSvr.exe conhost.exe
    systemUserProcCount: 181
    systemUserProcFlagged: Explorer
    systemUsersCount: False
  #[[ Window ]] #---------
    windowWinType: pyglet
    windowWaitBlanking: False
    windowUseNativeGamma: True
    windowUnits: deg
    windowSize_pix: [1920 1080]
    windowScreen: 0
    windowRgb: [-0.7 -0.7 -0.7]
    windowRefreshTimeSD_ms: 0.389
    windowRefreshTimeMedian_ms: 16.668
    windowRefreshTimeAvg_ms: 16.663
    windowRefreshThreshold_sec: 0.0200
    windowRecordFrameIntervals: False
    windowPos_pix: [0, 0]
    windowMonitor.name: testmonitor
    windowMonitor.getWidth_cm: 57.0
    windowMonitor.getLinearizeMethod: 1
    windowMonitor.getGammaGrid: [[  0.   1.   1.  nan  nan  nan]
 [  0.   1.   1.  nan  nan  nan]
 [  0.   1.   1.  nan  nan  nan]
 [  0.   1.   1.  nan  nan  nan]]
    windowMonitor.getDistance_cm: 57.0
    windowMonitor.gammaInterpolator2: None
    windowMonitor.gammaInterpolator: None
    windowMonitor.currentCalibName: 2018_08_09 11:07
    windowIsFullScr: True
    windowHaveShaders: True
    windowAllowGUI: False
  #[[ Python ]] #---------
    pythonWxVersion: 3.0.2.0 msw (classic)
    pythonVersion: 2.7.11
    pythonScipyVersion: 0.17.1
    pythonPygletVersion: 1.2.4
    pythonPygameVersion: 1.9.2pre
    pythonNumpyVersion: 1.11.0
    pythonMatplotlibVersion: 1.5.1
    pythonFullVersion: 2.7.11 (v2.7.11:6d1b6a68f775, Dec  5 2015, 20:32:19) [MSC v.1500 32 bit (Intel)]
    pythonExecutable: C:\Program Files (x86)\PsychoPy2\python.exe
  #[[ OpenGL ]] #---------
    openGLVersion: 4.4.0 - Build 20.19.15.4531
    openGLVendor: Intel
    openGLRenderingEngine: Intel(R) HD Graphics 530
    openGLmaxVerticesInVertexArray: 1048576
    False: openGLext.GL_STEREO
    True: openGLext.GL_EXT_framebuffer_object
    True: openGLext.GL_ARB_vertex_shader
    True: openGLext.GL_ARB_texture_non_power_of_two
    True: openGLext.GL_ARB_texture_float
    True: openGLext.GL_ARB_shader_objects
    True: openGLext.GL_ARB_multitexture
    True: openGLext.GL_ARB_fragment_program
#[ PsychoPy2 RuntimeInfoEnd ]

73.7063 	EXP 	window1: recordFrameIntervals = True
74.5404 	EXP 	window1: recordFrameIntervals = False
74.5415 	INFO 	Frames per second ~=60.0, which is close enough to desired val of 60.0
75.0172 	EXP 	Created sequence: random, trialTypes=12, nReps=30, seed=None
75.1303 	INFO 	Mouse: using default window
75.1507 	EXP 	Created OKrespZone = GratingStim(autoDraw=False, autoLog=True, color=array([ 1.,  1.,  1.]), colorSpace='rgb', contrast=1.0, depth=0, interpolate=False, mask='gauss', maskParams=None, name='OKrespZone', opacity=1.0, ori=0.0, phase=array([ 0.,  0.]), pos=array([ 0.  ,  0.88]), rgbPedestal=array([ 0.,  0.,  0.]), sf=array([ 0.,  0.]), size=array([ 2. ,  0.2]), tex='sin', texRes=256, units='norm', win=Window(...))
83.7071 	DATA 	Mouse: Left button down, pos=(109,953)
83.8190 	DATA 	Mouse:  Left button up, pos=(109,953)
87.4850 	DATA 	Mouse: Left button down, pos=(121,463)
87.5630 	DATA 	Mouse:  Left button up, pos=(121,463)
90.4124 	DATA 	Mouse: Left button down, pos=(110,179)
90.4830 	DATA 	Mouse:  Left button up, pos=(110,179)
96.0284 	DATA 	Mouse: Left button down, pos=(334,608)
96.0847 	DATA 	Mouse:  Left button up, pos=(334,608)
97.9410 	DATA 	Mouse: Left button down, pos=(322,460)
98.0031 	DATA 	Mouse:  Left button up, pos=(322,460)
101.6599 	DATA 	Mouse: Left button down, pos=(330,120)
101.7162 	DATA 	Mouse:  Left button up, pos=(330,120)
110.3717 	DATA 	Mouse: Left button down, pos=(731,675)
110.4430 	DATA 	Mouse:  Left button up, pos=(731,675)
121.0040 	DATA 	Mouse: Left button down, pos=(1747,671)
121.0749 	DATA 	Mouse:  Left button up, pos=(1747,671)
124.2356 	DATA 	Mouse: Left button down, pos=(1720,193)
124.3068 	DATA 	Mouse:  Left button up, pos=(1720,193)
128.7402 	DATA 	Mouse: Left button down, pos=(1582,887)
128.8109 	DATA 	Mouse:  Left button up, pos=(1582,887)
131.7241 	DATA 	Mouse: Left button down, pos=(1180,664)
131.8031 	DATA 	Mouse:  Left button up, pos=(1180,664)
143.4116 	DATA 	Mouse: Left button down, pos=(985,1025)
143.4312 	INFO 	Experiment will have 360 trials. Letters will be drawn with superposed noise of 0.00%
143.4503 	EXP 	New trial (rep=0, index=0): {'leftStreamFlip': False, 'oneTarget': True, 'trialInstructionPos': (0, -1), 'probe': 'both', 'rightStreamFlip': False, 'horizVert': True, 'ISIframes': 2, 'rightResponseFirst': True}
143.4504 	INFO 	Starting main part of experiment
143.4909 	DATA 	Mouse:  Left button up, pos=(985,1025)
144.6406 	INFO 	numtrials=360 and this trialDurFrames=28 or 466.666666667 ms  task=T1
146.5565 	EXP 	window1: recordFrameIntervals = False
146.5709 	INFO 	Mouse: using default window
148.2610 	DATA 	Keypress: f
148.4244 	DATA 	Keypress: a
148.5410 	DATA 	Keypress: n
148.7172 	EXP 	New trial (rep=0, index=1): {'leftStreamFlip': False, 'oneTarget': True, 'trialInstructionPos': (0, -1), 'probe': 'both', 'rightStreamFlip': False, 'horizVert': True, 'ISIframes': 2, 'rightResponseFirst': False}
152.8251 	DATA 	Mouse: Left button down, pos=(953,527)
152.8918 	DATA 	Mouse:  Left button up, pos=(953,527)
158.2401 	INFO 	numtrials=360 and this trialDurFrames=22 or 366.666666667 ms  task=T1
160.2236 	EXP 	window1: recordFrameIntervals = False
160.2335 	INFO 	Mouse: using default window
162.4231 	DATA 	Keypress: t
162.5074 	DATA 	Keypress: o
162.6070 	DATA 	Keypress: y
162.7610 	EXP 	New trial (rep=0, index=2): {'leftStreamFlip': False, 'oneTarget': True, 'trialInstructionPos': (0, 1), 'probe': 'both', 'rightStreamFlip': False, 'horizVert': True, 'ISIframes': 2, 'rightResponseFirst': True}
162.7711 	INFO 	numtrials=360 and this trialDurFrames=18 or 300.0 ms  task=T1
164.5408 	EXP 	window1: recordFrameIntervals = False
164.5622 	INFO 	Mouse: using default window
165.4401 	DATA 	Keypress: e
165.5909 	DATA 	Keypress: g
165.7061 	DATA 	Keypress: o
165.8536 	EXP 	New trial (rep=0, index=3): {'leftStreamFlip': False, 'oneTarget': True, 'trialInstructionPos': (0, 1), 'probe': 'both', 'rightStreamFlip': False, 'horizVert': True, 'ISIframes': 2, 'rightResponseFirst': False}
165.8717 	INFO 	numtrials=360 and this trialDurFrames=18 or 300.0 ms  task=T1
167.2053 	EXP 	window1: recordFrameIntervals = False
167.2142 	INFO 	Mouse: using default window
168.3059 	DATA 	Keypress: c
168.3560 	DATA 	Keypress: o
168.5905 	DATA 	Keypress: n
168.7413 	EXP 	New trial (rep=0, index=4): {'leftStreamFlip': False, 'oneTarget': False, 'trialInstructionPos': (0, -1), 'probe': 'both', 'rightStreamFlip': False, 'horizVert': True, 'ISIframes': 2, 'rightResponseFirst': False}
177.0899 	INFO 	numtrials=360 and this trialDurFrames=14 or 233.333333333 ms  task=T1
178.4730 	EXP 	window1: recordFrameIntervals = False
178.4814 	INFO 	Mouse: using default window
180.1909 	DATA 	Keypress: h
180.2771 	DATA 	Keypress: a
180.4725 	DATA 	Keypress: t
182.0081 	DATA 	Keypress: p
182.1560 	DATA 	Keypress: o
182.2558 	DATA 	Keypress: d
182.4066 	EXP 	New trial (rep=0, index=5): {'leftStreamFlip': False, 'oneTarget': False, 'trialInstructionPos': (0, -1), 'probe': 'both', 'rightStreamFlip': False, 'horizVert': True, 'ISIframes': 2, 'rightResponseFirst': False}
182.4212 	INFO 	numtrials=360 and this trialDurFrames=4 or 66.6666666667 ms  task=T1
183.4389 	EXP 	window1: recordFrameIntervals = False
183.4485 	INFO 	Mouse: using default window
186.9406 	DATA 	Keypress: g
186.9747 	DATA 	Keypress: i
188.2919 	DATA 	Keypress: n
192.7084 	DATA 	Keypress: t
192.7888 	DATA 	Keypress: o
192.9394 	DATA 	Keypress: p
193.0908 	EXP 	New trial (rep=0, index=6): {'leftStreamFlip': False, 'oneTarget': False, 'trialInstructionPos': (0, 1), 'probe': 'both', 'rightStreamFlip': False, 'horizVert': True, 'ISIframes': 2, 'rightResponseFirst': True}
193.1064 	INFO 	numtrials=360 and this trialDurFrames=4 or 66.6666666667 ms  task=T1
194.1563 	EXP 	window1: recordFrameIntervals = False
194.1650 	INFO 	Mouse: using default window
195.8076 	DATA 	Keypress: k
195.9583 	DATA 	Keypress: i
196.2080 	DATA 	Keypress: m
201.0565 	DATA 	Keypress: t
201.8763 	DATA 	Keypress: backspace
204.3081 	DATA 	Keypress: r
204.3892 	DATA 	Keypress: o
204.4735 	DATA 	Keypress: t
204.6261 	EXP 	New trial (rep=0, index=7): {'leftStreamFlip': False, 'oneTarget': False, 'trialInstructionPos': (0, -1), 'probe': 'both', 'rightStreamFlip': False, 'horizVert': True, 'ISIframes': 2, 'rightResponseFirst': True}
204.6376 	INFO 	numtrials=360 and this trialDurFrames=4 or 66.6666666667 ms  task=T1
205.7389 	EXP 	window1: recordFrameIntervals = False
205.7481 	INFO 	Mouse: using default window
206.8762 	DATA 	Keypress: r
206.9726 	DATA 	Keypress: u
208.1061 	DATA 	Keypress: m
209.0928 	DATA 	Keypress: l
209.2058 	DATA 	Keypress: a
209.3721 	DATA 	Keypress: b
209.5246 	EXP 	New trial (rep=0, index=8): {'leftStreamFlip': False, 'oneTarget': False, 'trialInstructionPos': (0, 1), 'probe': 'both', 'rightStreamFlip': False, 'horizVert': True, 'ISIframes': 2, 'rightResponseFirst': False}
209.5395 	INFO 	numtrials=360 and this trialDurFrames=4 or 66.6666666667 ms  task=T1
210.5895 	EXP 	window1: recordFrameIntervals = False
210.5994 	INFO 	Mouse: using default window
212.4070 	DATA 	Keypress: t
213.0063 	DATA 	Keypress: e
213.2055 	DATA 	Keypress: a
214.0413 	DATA 	Keypress: d
214.1560 	DATA 	Keypress: o
214.2558 	DATA 	Keypress: g
214.4092 	EXP 	New trial (rep=0, index=9): {'leftStreamFlip': False, 'oneTarget': False, 'trialInstructionPos': (0, 1), 'probe': 'both', 'rightStreamFlip': False, 'horizVert': True, 'ISIframes': 2, 'rightResponseFirst': False}
214.4237 	INFO 	numtrials=360 and this trialDurFrames=4 or 66.6666666667 ms  task=T1
215.5399 	EXP 	window1: recordFrameIntervals = False
215.5499 	INFO 	Mouse: using default window
218.1396 	DATA 	Keypress: g
218.3401 	DATA 	Keypress: t
219.1571 	DATA 	Keypress: backspace
219.5578 	DATA 	Keypress: o
219.6725 	DATA 	Keypress: t
220.1076 	DATA 	Keypress: r
220.2057 	DATA 	Keypress: e
220.3085 	DATA 	Keypress: d
220.4763 	EXP 	New trial (rep=0, index=10): {'leftStreamFlip': False, 'oneTarget': False, 'trialInstructionPos': (0, -1), 'probe': 'both', 'rightStreamFlip': False, 'horizVert': True, 'ISIframes': 2, 'rightResponseFirst': True}
220.4877 	INFO 	numtrials=360 and this trialDurFrames=4 or 66.6666666667 ms  task=T1
221.4900 	EXP 	window1: recordFrameIntervals = False
221.5096 	INFO 	Mouse: using default window
223.0063 	DATA 	Keypress: w
223.3580 	DATA 	Keypress: h
223.6064 	DATA 	Keypress: o
224.5416 	DATA 	Keypress: g
224.6228 	DATA 	Keypress: u
224.9908 	DATA 	Keypress: n
225.1377 	EXP 	New trial (rep=0, index=11): {'leftStreamFlip': False, 'oneTarget': False, 'trialInstructionPos': (0, 1), 'probe': 'both', 'rightStreamFlip': False, 'horizVert': True, 'ISIframes': 2, 'rightResponseFirst': True}
225.1563 	INFO 	numtrials=360 and this trialDurFrames=3 or 50.0 ms  task=T1
226.3067 	EXP 	window1: recordFrameIntervals = False
226.3160 	INFO 	Mouse: using default window
228.0392 	DATA 	Keypress: m
228.1224 	DATA 	Keypress: a
228.6595 	DATA 	Keypress: p
229.3068 	DATA 	Keypress: b
229.5397 	DATA 	Keypress: o
229.6566 	DATA 	Keypress: t
229.8089 	EXP 	New trial (rep=1, index=0): {'leftStreamFlip': False, 'oneTarget': True, 'trialInstructionPos': (0, -1), 'probe': 'both', 'rightStreamFlip': False, 'horizVert': True, 'ISIframes': 2, 'rightResponseFirst': True}
229.8211 	INFO 	numtrials=360 and this trialDurFrames=3 or 50.0 ms  task=T1
231.0232 	EXP 	window1: recordFrameIntervals = False
231.0337 	INFO 	Mouse: using default window
232.5236 	DATA 	Keypress: g
232.6230 	DATA 	Keypress: o
232.7564 	DATA 	Keypress: d
232.9028 	EXP 	New trial (rep=1, index=1): {'leftStreamFlip': False, 'oneTarget': True, 'trialInstructionPos': (0, 1), 'probe': 'both', 'rightStreamFlip': False, 'horizVert': True, 'ISIframes': 2, 'rightResponseFirst': True}
232.9211 	INFO 	numtrials=360 and this trialDurFrames=4 or 66.6666666667 ms  task=T1
234.0386 	EXP 	window1: recordFrameIntervals = False
234.0460 	INFO 	Mouse: using default window
235.1761 	DATA 	Keypress: f
235.2743 	DATA 	Keypress: l
235.3929 	DATA 	Keypress: y
235.5931 	EXP 	New trial (rep=1, index=2): {'leftStreamFlip': False, 'oneTarget': False, 'trialInstructionPos': (0, 1), 'probe': 'both', 'rightStreamFlip': False, 'horizVert': True, 'ISIframes': 2, 'rightResponseFirst': True}
235.6385 	INFO 	numtrials=360 and this trialDurFrames=4 or 66.6666666667 ms  task=T1
236.7899 	EXP 	window1: recordFrameIntervals = False
236.8052 	INFO 	Mouse: using default window
238.3223 	DATA 	Keypress: h
238.3889 	DATA 	Keypress: a
238.6559 	DATA 	Keypress: t
239.5563 	DATA 	Keypress: b
240.0054 	DATA 	Keypress: o
240.1227 	DATA 	Keypress: w
240.2710 	EXP 	New trial (rep=1, index=3): {'leftStreamFlip': False, 'oneTarget': False, 'trialInstructionPos': (0, -1), 'probe': 'both', 'rightStreamFlip': False, 'horizVert': True, 'ISIframes': 2, 'rightResponseFirst': True}
240.2879 	INFO 	numtrials=360 and this trialDurFrames=4 or 66.6666666667 ms  task=T1
241.3895 	EXP 	window1: recordFrameIntervals = False
241.4050 	INFO 	Mouse: using default window
243.2580 	DATA 	Keypress: l
243.4060 	DATA 	Keypress: o
243.5245 	DATA 	Keypress: t
244.2594 	DATA 	Keypress: s
244.3401 	DATA 	Keypress: i
244.4730 	DATA 	Keypress: r
244.6231 	EXP 	New trial (rep=1, index=4): {'leftStreamFlip': False, 'oneTarget': True, 'trialInstructionPos': (0, -1), 'probe': 'both', 'rightStreamFlip': False, 'horizVert': True, 'ISIframes': 2, 'rightResponseFirst': False}
244.6377 	INFO 	numtrials=360 and this trialDurFrames=4 or 66.6666666667 ms  task=T1
245.7238 	EXP 	window1: recordFrameIntervals = False
245.7427 	INFO 	Mouse: using default window
246.8744 	DATA 	Keypress: p
246.9565 	DATA 	Keypress: e
247.0721 	DATA 	Keypress: r
247.2223 	EXP 	New trial (rep=1, index=5): {'leftStreamFlip': False, 'oneTarget': False, 'trialInstructionPos': (0, -1), 'probe': 'both', 'rightStreamFlip': False, 'horizVert': True, 'ISIframes': 2, 'rightResponseFirst': False}
247.2396 	INFO 	numtrials=360 and this trialDurFrames=4 or 66.6666666667 ms  task=T1
248.4406 	EXP 	window1: recordFrameIntervals = False
248.4519 	INFO 	Mouse: using default window
249.4765 	DATA 	Keypress: p
249.5722 	DATA 	Keypress: e
249.6893 	DATA 	Keypress: r
251.5575 	DATA 	Keypress: f
251.6387 	DATA 	Keypress: l
252.1722 	DATA 	Keypress: y
252.3270 	EXP 	New trial (rep=1, index=6): {'leftStreamFlip': False, 'oneTarget': True, 'trialInstructionPos': (0, 1), 'probe': 'both', 'rightStreamFlip': False, 'horizVert': True, 'ISIframes': 2, 'rightResponseFirst': False}
252.3376 	INFO 	numtrials=360 and this trialDurFrames=4 or 66.6666666667 ms  task=T1
253.3235 	EXP 	window1: recordFrameIntervals = False
253.3416 	INFO 	Mouse: using default window
255.6237 	DATA 	Keypress: h
255.7056 	DATA 	Keypress: o
255.7891 	DATA 	Keypress: t
255.9310 	EXP 	New trial (rep=1, index=7): {'leftStreamFlip': False, 'oneTarget': False, 'trialInstructionPos': (0, -1), 'probe': 'both', 'rightStreamFlip': False, 'horizVert': True, 'ISIframes': 2, 'rightResponseFirst': False}
255.9545 	INFO 	numtrials=360 and this trialDurFrames=5 or 83.3333333333 ms  task=T1
257.1888 	EXP 	window1: recordFrameIntervals = False
257.1984 	INFO 	Mouse: using default window
259.6900 	DATA 	Keypress: r
259.9224 	DATA 	Keypress: u
260.4399 	DATA 	Keypress: m
261.4558 	DATA 	Keypress: r
261.6724 	DATA 	Keypress: u
261.9231 	DATA 	Keypress: g
262.0745 	EXP 	New trial (rep=1, index=8): {'leftStreamFlip': False, 'oneTarget': False, 'trialInstructionPos': (0, 1), 'probe': 'both', 'rightStreamFlip': False, 'horizVert': True, 'ISIframes': 2, 'rightResponseFirst': True}
262.1053 	INFO 	numtrials=360 and this trialDurFrames=5 or 83.3333333333 ms  task=T1
263.1061 	EXP 	window1: recordFrameIntervals = False
263.1165 	INFO 	Mouse: using default window
264.0405 	DATA 	Keypress: l
264.8392 	DATA 	Keypress: o
265.0055 	DATA 	Keypress: g
265.7905 	DATA 	Keypress: g
265.8891 	DATA 	Keypress: o
265.9737 	DATA 	Keypress: t
266.1253 	EXP 	New trial (rep=1, index=9): {'leftStreamFlip': False, 'oneTarget': False, 'trialInstructionPos': (0, 1), 'probe': 'both', 'rightStreamFlip': False, 'horizVert': True, 'ISIframes': 2, 'rightResponseFirst': False}
266.1388 	INFO 	numtrials=360 and this trialDurFrames=5 or 83.3333333333 ms  task=T1
267.2729 	EXP 	window1: recordFrameIntervals = False
267.2816 	INFO 	Mouse: using default window
269.1241 	DATA 	Keypress: f
269.2057 	DATA 	Keypress: l
269.3568 	DATA 	Keypress: y
270.3403 	DATA 	Keypress: h
270.4891 	DATA 	Keypress: o
270.6430 	DATA 	Keypress: p
270.8056 	EXP 	New trial (rep=1, index=10): {'leftStreamFlip': False, 'oneTarget': False, 'trialInstructionPos': (0, 1), 'probe': 'both', 'rightStreamFlip': False, 'horizVert': True, 'ISIframes': 2, 'rightResponseFirst': False}
270.8211 	INFO 	numtrials=360 and this trialDurFrames=5 or 83.3333333333 ms  task=T1
271.9732 	EXP 	window1: recordFrameIntervals = False
271.9837 	INFO 	Mouse: using default window
274.4892 	DATA 	Keypress: g
274.8053 	DATA 	Keypress: u
275.3554 	DATA 	Keypress: n
276.2226 	DATA 	Keypress: p
276.3401 	DATA 	Keypress: r
276.4561 	DATA 	Keypress: o
276.6057 	EXP 	New trial (rep=1, index=11): {'leftStreamFlip': False, 'oneTarget': False, 'trialInstructionPos': (0, -1), 'probe': 'both', 'rightStreamFlip': False, 'horizVert': True, 'ISIframes': 2, 'rightResponseFirst': True}
276.6232 	INFO 	numtrials=360 and this trialDurFrames=5 or 83.3333333333 ms  task=T1
277.6735 	EXP 	window1: recordFrameIntervals = False
277.6831 	INFO 	Mouse: using default window
280.1066 	DATA 	Keypress: h
280.5565 	DATA 	Keypress: i
280.7092 	DATA 	Keypress: t
281.4752 	DATA 	Keypress: c
281.6912 	DATA 	Keypress: a
281.9241 	DATA 	Keypress: r
282.0732 	EXP 	New trial (rep=2, index=0): {'leftStreamFlip': False, 'oneTarget': False, 'trialInstructionPos': (0, 1), 'probe': 'both', 'rightStreamFlip': False, 'horizVert': True, 'ISIframes': 2, 'rightResponseFirst': False}
282.0879 	INFO 	numtrials=360 and this trialDurFrames=5 or 83.3333333333 ms  task=T1
283.2563 	EXP 	window1: recordFrameIntervals = False
283.2676 	INFO 	Mouse: using default window
291.2238 	DATA 	Keypress: b
291.3246 	DATA 	Keypress: a
291.6066 	DATA 	Keypress: t
292.3569 	DATA 	Keypress: c
292.4389 	DATA 	Keypress: o
292.6398 	DATA 	Keypress: w
292.7928 	EXP 	New trial (rep=2, index=1): {'leftStreamFlip': False, 'oneTarget': True, 'trialInstructionPos': (0, -1), 'probe': 'both', 'rightStreamFlip': False, 'horizVert': True, 'ISIframes': 2, 'rightResponseFirst': False}
292.8045 	INFO 	numtrials=360 and this trialDurFrames=4 or 66.6666666667 ms  task=T1
293.9398 	EXP 	window1: recordFrameIntervals = False
293.9569 	INFO 	Mouse: using default window
295.4069 	DATA 	Keypress: b
295.4890 	DATA 	Keypress: o
295.5724 	DATA 	Keypress: t
295.7221 	EXP 	New trial (rep=2, index=2): {'leftStreamFlip': False, 'oneTarget': True, 'trialInstructionPos': (0, 1), 'probe': 'both', 'rightStreamFlip': False, 'horizVert': True, 'ISIframes': 2, 'rightResponseFirst': True}
295.7378 	INFO 	numtrials=360 and this trialDurFrames=4 or 66.6666666667 ms  task=T1
296.9398 	EXP 	window1: recordFrameIntervals = False
296.9584 	INFO 	Mouse: using default window
297.9085 	DATA 	Keypress: a
298.1231 	DATA 	Keypress: r
298.2756 	DATA 	Keypress: t
298.4329 	EXP 	New trial (rep=2, index=3): {'leftStreamFlip': False, 'oneTarget': False, 'trialInstructionPos': (0, -1), 'probe': 'both', 'rightStreamFlip': False, 'horizVert': True, 'ISIframes': 2, 'rightResponseFirst': False}
298.4544 	INFO 	numtrials=360 and this trialDurFrames=5 or 83.3333333333 ms  task=T1
299.5228 	EXP 	window1: recordFrameIntervals = False
299.5336 	INFO 	Mouse: using default window
302.3903 	DATA 	Keypress: h
302.6059 	DATA 	Keypress: o
302.7053 	DATA 	Keypress: t
303.4918 	DATA 	Keypress: m
303.7394 	DATA 	Keypress: u
304.0059 	DATA 	Keypress: m
304.1543 	EXP 	New trial (rep=2, index=4): {'leftStreamFlip': False, 'oneTarget': False, 'trialInstructionPos': (0, -1), 'probe': 'both', 'rightStreamFlip': False, 'horizVert': True, 'ISIframes': 2, 'rightResponseFirst': True}
304.1710 	INFO 	numtrials=360 and this trialDurFrames=5 or 83.3333333333 ms  task=T1
304.9919 	DATA 	Keypress: escape
305.2561 	EXP 	window1: recordFrameIntervals = False
305.2650 	INFO 	Mouse: using default window
306.9234 	DATA 	Keypress: d
307.1554 	DATA 	Keypress: i
307.3727 	DATA 	Keypress: g
308.1235 	DATA 	Keypress: r
308.2053 	DATA 	Keypress: u
308.4569 	DATA 	Keypress: b
308.6039 	EXP 	New trial (rep=2, index=5): {'leftStreamFlip': False, 'oneTarget': False, 'trialInstructionPos': (0, 1), 'probe': 'both', 'rightStreamFlip': False, 'horizVert': True, 'ISIframes': 2, 'rightResponseFirst': False}
308.6209 	INFO 	numtrials=360 and this trialDurFrames=4 or 66.6666666667 ms  task=T1
309.6394 	EXP 	window1: recordFrameIntervals = False
309.6496 	INFO 	Mouse: using default window
320.6064 	DATA 	Keypress: u
321.2903 	DATA 	Keypress: backspace
321.6905 	DATA 	Keypress: f
321.8391 	DATA 	Keypress: u
322.0246 	DATA 	Keypress: r
324.6933 	DATA 	Keypress: t
324.7889 	DATA 	Keypress: o
324.9389 	DATA 	Keypress: p
325.0915 	EXP 	New trial (rep=2, index=6): {'leftStreamFlip': False, 'oneTarget': False, 'trialInstructionPos': (0, 1), 'probe': 'both', 'rightStreamFlip': False, 'horizVert': True, 'ISIframes': 2, 'rightResponseFirst': True}
325.1049 	INFO 	numtrials=360 and this trialDurFrames=5 or 83.3333333333 ms  task=T1
326.2235 	EXP 	window1: recordFrameIntervals = False
326.2444 	INFO 	Mouse: using default window
328.2223 	DATA 	Keypress: m
328.4062 	DATA 	Keypress: a
328.5561 	DATA 	Keypress: p
331.0392 	DATA 	Keypress: p
331.1892 	DATA 	Keypress: o
331.3238 	DATA 	Keypress: t
331.4736 	EXP 	New trial (rep=2, index=7): {'leftStreamFlip': False, 'oneTarget': True, 'trialInstructionPos': (0, 1), 'probe': 'both', 'rightStreamFlip': False, 'horizVert': True, 'ISIframes': 2, 'rightResponseFirst': False}
331.4876 	INFO 	numtrials=360 and this trialDurFrames=5 or 83.3333333333 ms  task=T1
332.5236 	EXP 	window1: recordFrameIntervals = False
332.5410 	INFO 	Mouse: using default window
333.8073 	DATA 	Keypress: h
333.9053 	DATA 	Keypress: a
334.9225 	DATA 	Keypress: t
335.0689 	EXP 	New trial (rep=2, index=8): {'leftStreamFlip': False, 'oneTarget': True, 'trialInstructionPos': (0, -1), 'probe': 'both', 'rightStreamFlip': False, 'horizVert': True, 'ISIframes': 2, 'rightResponseFirst': True}
335.0876 	INFO 	numtrials=360 and this trialDurFrames=4 or 66.6666666667 ms  task=T1
336.2905 	EXP 	window1: recordFrameIntervals = False
336.3015 	INFO 	Mouse: using default window
337.2392 	DATA 	Keypress: b
337.4931 	DATA 	Keypress: i
337.6220 	DATA 	Keypress: t
337.7717 	EXP 	New trial (rep=2, index=9): {'leftStreamFlip': False, 'oneTarget': False, 'trialInstructionPos': (0, -1), 'probe': 'both', 'rightStreamFlip': False, 'horizVert': True, 'ISIframes': 2, 'rightResponseFirst': False}
337.7876 	INFO 	numtrials=360 and this trialDurFrames=4 or 66.6666666667 ms  task=T1
338.8732 	EXP 	window1: recordFrameIntervals = False
338.8829 	INFO 	Mouse: using default window
342.9570 	DATA 	Keypress: s
343.1399 	DATA 	Keypress: a
343.3580 	DATA 	Keypress: c
344.3088 	DATA 	Keypress: b
344.4223 	DATA 	Keypress: a
344.6589 	DATA 	Keypress: t
344.8237 	EXP 	New trial (rep=2, index=10): {'leftStreamFlip': False, 'oneTarget': False, 'trialInstructionPos': (0, -1), 'probe': 'both', 'rightStreamFlip': False, 'horizVert': True, 'ISIframes': 2, 'rightResponseFirst': True}
344.8376 	INFO 	numtrials=360 and this trialDurFrames=5 or 83.3333333333 ms  task=T1
345.9559 	EXP 	window1: recordFrameIntervals = False
345.9646 	INFO 	Mouse: using default window
347.3908 	DATA 	Keypress: b
347.6569 	DATA 	Keypress: u
348.2247 	DATA 	Keypress: y
349.4243 	DATA 	Keypress: f
349.6574 	DATA 	Keypress: e
349.8587 	DATA 	Keypress: w
350.0228 	EXP 	New trial (rep=2, index=11): {'leftStreamFlip': False, 'oneTarget': False, 'trialInstructionPos': (0, 1), 'probe': 'both', 'rightStreamFlip': False, 'horizVert': True, 'ISIframes': 2, 'rightResponseFirst': True}
350.0385 	INFO 	numtrials=360 and this trialDurFrames=5 or 83.3333333333 ms  task=T1
351.0551 	EXP 	window1: recordFrameIntervals = False
351.0640 	INFO 	Mouse: using default window
352.6239 	DATA 	Keypress: w
352.7083 	DATA 	Keypress: i
352.9251 	DATA 	Keypress: n
353.6739 	DATA 	Keypress: b
353.7553 	DATA 	Keypress: e
353.9248 	DATA 	Keypress: t
354.0906 	EXP 	New trial (rep=3, index=0): {'leftStreamFlip': False, 'oneTarget': False, 'trialInstructionPos': (0, 1), 'probe': 'both', 'rightStreamFlip': False, 'horizVert': True, 'ISIframes': 2, 'rightResponseFirst': True}
354.1044 	INFO 	numtrials=360 and this trialDurFrames=4 or 66.6666666667 ms  task=T1
355.1557 	EXP 	window1: recordFrameIntervals = False
355.1646 	INFO 	Mouse: using default window
356.4894 	DATA 	Keypress: b
356.7725 	DATA 	Keypress: i
357.0056 	DATA 	Keypress: g
357.5913 	DATA 	Keypress: w
357.7226 	DATA 	Keypress: h
357.8725 	DATA 	Keypress: y
358.0238 	EXP 	New trial (rep=3, index=1): {'leftStreamFlip': False, 'oneTarget': False, 'trialInstructionPos': (0, 1), 'probe': 'both', 'rightStreamFlip': False, 'horizVert': True, 'ISIframes': 2, 'rightResponseFirst': False}
358.0376 	INFO 	numtrials=360 and this trialDurFrames=4 or 66.6666666667 ms  task=T1
359.1387 	EXP 	window1: recordFrameIntervals = False
359.1472 	INFO 	Mouse: using default window
360.8408 	DATA 	Keypress: b
360.9391 	DATA 	Keypress: e
361.0726 	DATA 	Keypress: d
361.6233 	DATA 	Keypress: t
361.7555 	DATA 	Keypress: i
361.8387 	DATA 	Keypress: e
361.9889 	EXP 	New trial (rep=3, index=2): {'leftStreamFlip': False, 'oneTarget': False, 'trialInstructionPos': (0, 1), 'probe': 'both', 'rightStreamFlip': False, 'horizVert': True, 'ISIframes': 2, 'rightResponseFirst': True}
362.0044 	INFO 	numtrials=360 and this trialDurFrames=4 or 66.6666666667 ms  task=T1
363.0892 	EXP 	window1: recordFrameIntervals = False
363.1040 	INFO 	Mouse: using default window
364.6403 	DATA 	Keypress: g
364.7557 	DATA 	Keypress: i
365.7245 	DATA 	Keypress: g
367.0406 	DATA 	Keypress: g
367.1563 	DATA 	Keypress: u
367.3559 	DATA 	Keypress: y
367.5089 	EXP 	New trial (rep=3, index=3): {'leftStreamFlip': False, 'oneTarget': False, 'trialInstructionPos': (0, -1), 'probe': 'both', 'rightStreamFlip': False, 'horizVert': True, 'ISIframes': 2, 'rightResponseFirst': False}
367.5208 	INFO 	numtrials=360 and this trialDurFrames=4 or 66.6666666667 ms  task=T1
368.6385 	EXP 	window1: recordFrameIntervals = False
368.6505 	INFO 	Mouse: using default window
370.7568 	DATA 	Keypress: o
370.9892 	DATA 	Keypress: u
371.1414 	DATA 	Keypress: r
371.5235 	DATA 	Keypress: p
371.6725 	DATA 	Keypress: e
371.8395 	DATA 	Keypress: e
371.9906 	EXP 	New trial (rep=3, index=4): {'leftStreamFlip': False, 'oneTarget': True, 'trialInstructionPos': (0, 1), 'probe': 'both', 'rightStreamFlip': False, 'horizVert': True, 'ISIframes': 2, 'rightResponseFirst': True}
372.0042 	INFO 	numtrials=360 and this trialDurFrames=4 or 66.6666666667 ms  task=T1
373.0214 	EXP 	window1: recordFrameIntervals = False
373.0308 	INFO 	Mouse: using default window
374.0566 	DATA 	Keypress: w
374.1556 	DATA 	Keypress: h
374.3082 	DATA 	Keypress: y
374.4687 	EXP 	New trial (rep=3, index=5): {'leftStreamFlip': False, 'oneTarget': False, 'trialInstructionPos': (0, 1), 'probe': 'both', 'rightStreamFlip': False, 'horizVert': True, 'ISIframes': 2, 'rightResponseFirst': False}
374.4881 	INFO 	numtrials=360 and this trialDurFrames=4 or 66.6666666667 ms  task=T1
375.6387 	EXP 	window1: recordFrameIntervals = False
375.6479 	INFO 	Mouse: using default window
376.6607 	DATA 	Keypress: a
376.8903 	DATA 	Keypress: c
377.3391 	DATA 	Keypress: e
381.7247 	DATA 	Keypress: f
381.8080 	DATA 	Keypress: o
381.8770 	DATA 	Keypress: r
382.0444 	EXP 	New trial (rep=3, index=6): {'leftStreamFlip': False, 'oneTarget': True, 'trialInstructionPos': (0, -1), 'probe': 'both', 'rightStreamFlip': False, 'horizVert': True, 'ISIframes': 2, 'rightResponseFirst': True}
382.0552 	INFO 	numtrials=360 and this trialDurFrames=4 or 66.6666666667 ms  task=T1
383.2569 	EXP 	window1: recordFrameIntervals = False
383.2786 	INFO 	Mouse: using default window
384.1387 	DATA 	Keypress: b
384.2385 	DATA 	Keypress: u
384.3242 	DATA 	Keypress: g
384.4865 	EXP 	New trial (rep=3, index=7): {'leftStreamFlip': False, 'oneTarget': False, 'trialInstructionPos': (0, -1), 'probe': 'both', 'rightStreamFlip': False, 'horizVert': True, 'ISIframes': 2, 'rightResponseFirst': False}
384.5048 	INFO 	numtrials=360 and this trialDurFrames=5 or 83.3333333333 ms  task=T1
385.6892 	EXP 	window1: recordFrameIntervals = False
385.6996 	INFO 	Mouse: using default window
387.0426 	DATA 	Keypress: a
387.1395 	DATA 	Keypress: g
387.2388 	DATA 	Keypress: e
388.1073 	DATA 	Keypress: m
388.2055 	DATA 	Keypress: a
388.2722 	DATA 	Keypress: n
388.4213 	EXP 	New trial (rep=3, index=8): {'leftStreamFlip': False, 'oneTarget': False, 'trialInstructionPos': (0, -1), 'probe': 'both', 'rightStreamFlip': False, 'horizVert': True, 'ISIframes': 2, 'rightResponseFirst': True}
388.4375 	INFO 	numtrials=360 and this trialDurFrames=5 or 83.3333333333 ms  task=T1
389.6232 	EXP 	window1: recordFrameIntervals = False
389.6334 	INFO 	Mouse: using default window
390.7081 	DATA 	Keypress: w
390.8078 	DATA 	Keypress: o
390.8886 	DATA 	Keypress: w
391.8058 	DATA 	Keypress: s
391.9552 	DATA 	Keypress: e
392.4906 	DATA 	Keypress: a
392.6416 	EXP 	New trial (rep=3, index=9): {'leftStreamFlip': False, 'oneTarget': True, 'trialInstructionPos': (0, -1), 'probe': 'both', 'rightStreamFlip': False, 'horizVert': True, 'ISIframes': 2, 'rightResponseFirst': False}
392.6543 	INFO 	numtrials=360 and this trialDurFrames=4 or 66.6666666667 ms  task=T1
393.7227 	EXP 	window1: recordFrameIntervals = False
393.7381 	INFO 	Mouse: using default window
395.0917 	DATA 	Keypress: b
395.2911 	DATA 	Keypress: g
395.9248 	DATA 	Keypress: backspace
396.2725 	DATA 	Keypress: i
396.6388 	DATA 	Keypress: g
396.7886 	EXP 	New trial (rep=3, index=10): {'leftStreamFlip': False, 'oneTarget': False, 'trialInstructionPos': (0, -1), 'probe': 'both', 'rightStreamFlip': False, 'horizVert': True, 'ISIframes': 2, 'rightResponseFirst': True}
396.8041 	INFO 	numtrials=360 and this trialDurFrames=4 or 66.6666666667 ms  task=T1
398.0232 	EXP 	window1: recordFrameIntervals = False
398.0318 	INFO 	Mouse: using default window
400.4239 	DATA 	Keypress: s
400.6405 	DATA 	Keypress: e
401.2744 	DATA 	Keypress: x
401.9729 	DATA 	Keypress: c
402.0218 	DATA 	Keypress: u
402.3735 	DATA 	Keypress: e
402.5228 	EXP 	New trial (rep=3, index=11): {'leftStreamFlip': False, 'oneTarget': True, 'trialInstructionPos': (0, 1), 'probe': 'both', 'rightStreamFlip': False, 'horizVert': True, 'ISIframes': 2, 'rightResponseFirst': False}
402.5376 	INFO 	numtrials=360 and this trialDurFrames=4 or 66.6666666667 ms  task=T1
403.6736 	EXP 	window1: recordFrameIntervals = False
403.6829 	INFO 	Mouse: using default window
404.8407 	DATA 	Keypress: m
405.0885 	DATA 	Keypress: u
405.4385 	DATA 	Keypress: g
405.5847 	EXP 	New trial (rep=4, index=0): {'leftStreamFlip': False, 'oneTarget': False, 'trialInstructionPos': (0, 1), 'probe': 'both', 'rightStreamFlip': False, 'horizVert': True, 'ISIframes': 2, 'rightResponseFirst': True}
405.6057 	INFO 	numtrials=360 and this trialDurFrames=4 or 66.6666666667 ms  task=T1
406.6399 	EXP 	window1: recordFrameIntervals = False
406.6565 	INFO 	Mouse: using default window
409.0401 	DATA 	Keypress: f
409.5890 	DATA 	Keypress: a
409.6553 	DATA 	Keypress: m
410.4068 	DATA 	Keypress: b
410.4888 	DATA 	Keypress: u
410.7225 	DATA 	Keypress: m
410.8750 	EXP 	New trial (rep=4, index=1): {'leftStreamFlip': False, 'oneTarget': False, 'trialInstructionPos': (0, 1), 'probe': 'both', 'rightStreamFlip': False, 'horizVert': True, 'ISIframes': 2, 'rightResponseFirst': False}
410.8873 	INFO 	numtrials=360 and this trialDurFrames=4 or 66.6666666667 ms  task=T1
411.9897 	EXP 	window1: recordFrameIntervals = False
412.0066 	INFO 	Mouse: using default window
415.1745 	DATA 	Keypress: s
415.3892 	DATA 	Keypress: e
415.6235 	DATA 	Keypress: c
416.5558 	DATA 	Keypress: l
416.7557 	DATA 	Keypress: e
416.9223 	DATA 	Keypress: e
417.0738 	EXP 	New trial (rep=4, index=2): {'leftStreamFlip': False, 'oneTarget': False, 'trialInstructionPos': (0, -1), 'probe': 'both', 'rightStreamFlip': False, 'horizVert': True, 'ISIframes': 2, 'rightResponseFirst': False}
417.0874 	INFO 	numtrials=360 and this trialDurFrames=4 or 66.6666666667 ms  task=T1
418.2725 	EXP 	window1: recordFrameIntervals = False
418.2879 	INFO 	Mouse: using default window
419.6885 	DATA 	Keypress: s
419.8763 	DATA 	Keypress: a
419.9720 	DATA 	Keypress: y
420.6599 	DATA 	Keypress: e
420.9063 	DATA 	Keypress: g
421.0586 	DATA 	Keypress: g
421.2266 	EXP 	New trial (rep=4, index=3): {'leftStreamFlip': False, 'oneTarget': False, 'trialInstructionPos': (0, -1), 'probe': 'both', 'rightStreamFlip': False, 'horizVert': True, 'ISIframes': 2, 'rightResponseFirst': True}
421.2382 	INFO 	numtrials=360 and this trialDurFrames=4 or 66.6666666667 ms  task=T1
422.3726 	EXP 	window1: recordFrameIntervals = False
422.3811 	INFO 	Mouse: using default window
426.6552 	DATA 	Keypress: z
426.7732 	DATA 	Keypress: i
427.1080 	DATA 	Keypress: p
427.9394 	DATA 	Keypress: g
428.0218 	DATA 	Keypress: o
428.1724 	DATA 	Keypress: o
428.3229 	EXP 	New trial (rep=4, index=4): {'leftStreamFlip': False, 'oneTarget': True, 'trialInstructionPos': (0, -1), 'probe': 'both', 'rightStreamFlip': False, 'horizVert': True, 'ISIframes': 2, 'rightResponseFirst': False}
428.3373 	INFO 	numtrials=360 and this trialDurFrames=4 or 66.6666666667 ms  task=T1
429.3394 	EXP 	window1: recordFrameIntervals = False
429.3555 	INFO 	Mouse: using default window
430.6385 	DATA 	Keypress: n
430.7239 	DATA 	Keypress: a
430.8723 	DATA 	Keypress: p
431.0209 	EXP 	New trial (rep=4, index=5): {'leftStreamFlip': False, 'oneTarget': True, 'trialInstructionPos': (0, 1), 'probe': 'both', 'rightStreamFlip': False, 'horizVert': True, 'ISIframes': 2, 'rightResponseFirst': True}
431.0396 	INFO 	numtrials=360 and this trialDurFrames=4 or 66.6666666667 ms  task=T1
432.1399 	EXP 	window1: recordFrameIntervals = False
432.1509 	INFO 	Mouse: using default window
433.0392 	DATA 	Keypress: p
433.2224 	DATA 	Keypress: i
433.3397 	DATA 	Keypress: g
433.4864 	EXP 	New trial (rep=4, index=6): {'leftStreamFlip': False, 'oneTarget': False, 'trialInstructionPos': (0, 1), 'probe': 'both', 'rightStreamFlip': False, 'horizVert': True, 'ISIframes': 2, 'rightResponseFirst': False}
433.5041 	INFO 	numtrials=360 and this trialDurFrames=4 or 66.6666666667 ms  task=T1
434.6555 	EXP 	window1: recordFrameIntervals = False
434.6716 	INFO 	Mouse: using default window
436.0718 	DATA 	Keypress: l
436.2236 	DATA 	Keypress: o
436.3081 	DATA 	Keypress: w
437.0719 	DATA 	Keypress: g
437.1889 	DATA 	Keypress: a
437.2388 	DATA 	Keypress: g
437.3854 	EXP 	New trial (rep=4, index=7): {'leftStreamFlip': False, 'oneTarget': False, 'trialInstructionPos': (0, -1), 'probe': 'both', 'rightStreamFlip': False, 'horizVert': True, 'ISIframes': 2, 'rightResponseFirst': True}
437.4039 	INFO 	numtrials=360 and this trialDurFrames=4 or 66.6666666667 ms  task=T1
438.5723 	EXP 	window1: recordFrameIntervals = False
438.5873 	INFO 	Mouse: using default window
439.8240 	DATA 	Keypress: p
439.9241 	DATA 	Keypress: e
440.0891 	DATA 	Keypress: e
440.6759 	DATA 	Keypress: t
440.7736 	DATA 	Keypress: p
440.9721 	DATA 	Keypress: p
441.1233 	EXP 	New trial (rep=4, index=8): {'leftStreamFlip': False, 'oneTarget': False, 'trialInstructionPos': (0, 1), 'probe': 'both', 'rightStreamFlip': False, 'horizVert': True, 'ISIframes': 2, 'rightResponseFirst': True}
441.1375 	INFO 	numtrials=360 and this trialDurFrames=4 or 66.6666666667 ms  task=T1
442.2048 	EXP 	window1: recordFrameIntervals = False
442.2144 	INFO 	Mouse: using default window
445.7746 	DATA 	Keypress: l
446.0055 	DATA 	Keypress: i
446.3240 	DATA 	Keypress: l
447.0393 	DATA 	Keypress: t
447.4061 	DATA 	Keypress: o
447.6390 	DATA 	Keypress: p
447.7871 	EXP 	New trial (rep=4, index=9): {'leftStreamFlip': False, 'oneTarget': True, 'trialInstructionPos': (0, 1), 'probe': 'both', 'rightStreamFlip': False, 'horizVert': True, 'ISIframes': 2, 'rightResponseFirst': False}
447.8039 	INFO 	numtrials=360 and this trialDurFrames=4 or 66.6666666667 ms  task=T1
448.7901 	EXP 	window1: recordFrameIntervals = False
448.8036 	INFO 	Mouse: using default window
449.6243 	DATA 	Keypress: f
449.8913 	DATA 	Keypress: a
450.1892 	DATA 	Keypress: r
450.3396 	EXP 	New trial (rep=4, index=10): {'leftStreamFlip': False, 'oneTarget': False, 'trialInstructionPos': (0, -1), 'probe': 'both', 'rightStreamFlip': False, 'horizVert': True, 'ISIframes': 2, 'rightResponseFirst': False}
450.3540 	INFO 	numtrials=360 and this trialDurFrames=4 or 66.6666666667 ms  task=T1
451.3730 	EXP 	window1: recordFrameIntervals = False
451.3826 	INFO 	Mouse: using default window
452.8066 	DATA 	Keypress: p
453.3890 	DATA 	Keypress: e
453.5893 	DATA 	Keypress: r
455.0724 	DATA 	Keypress: backspace
455.2552 	DATA 	Keypress: backspace
455.8399 	DATA 	Keypress: l
456.2926 	DATA 	Keypress: i
456.6598 	DATA 	Keypress: backspace
456.8224 	DATA 	Keypress: backspace
457.2718 	DATA 	Keypress: p
457.9743 	DATA 	Keypress: e
458.0885 	DATA 	Keypress: r
458.2460 	EXP 	New trial (rep=4, index=11): {'leftStreamFlip': False, 'oneTarget': True, 'trialInstructionPos': (0, -1), 'probe': 'both', 'rightStreamFlip': False, 'horizVert': True, 'ISIframes': 2, 'rightResponseFirst': True}
458.2711 	INFO 	numtrials=360 and this trialDurFrames=4 or 66.6666666667 ms  task=T1
459.4902 	EXP 	window1: recordFrameIntervals = False
459.5096 	INFO 	Mouse: using default window
460.3570 	DATA 	Keypress: t
460.4386 	DATA 	Keypress: i
460.5389 	DATA 	Keypress: e
460.6854 	EXP 	New trial (rep=5, index=0): {'leftStreamFlip': False, 'oneTarget': False, 'trialInstructionPos': (0, 1), 'probe': 'both', 'rightStreamFlip': False, 'horizVert': True, 'ISIframes': 2, 'rightResponseFirst': False}
460.7041 	INFO 	numtrials=360 and this trialDurFrames=4 or 66.6666666667 ms  task=T1
461.7050 	EXP 	window1: recordFrameIntervals = False
461.7135 	INFO 	Mouse: using default window
463.5580 	DATA 	Keypress: d
463.6908 	DATA 	Keypress: a
463.7721 	DATA 	Keypress: y
464.3556 	DATA 	Keypress: h
464.6227 	DATA 	Keypress: o
464.7051 	DATA 	Keypress: w
464.8551 	EXP 	New trial (rep=5, index=1): {'leftStreamFlip': False, 'oneTarget': True, 'trialInstructionPos': (0, -1), 'probe': 'both', 'rightStreamFlip': False, 'horizVert': True, 'ISIframes': 2, 'rightResponseFirst': False}
464.8709 	INFO 	numtrials=360 and this trialDurFrames=4 or 66.6666666667 ms  task=T1
465.8901 	EXP 	window1: recordFrameIntervals = False
465.9019 	INFO 	Mouse: using default window
466.9225 	DATA 	Keypress: a
467.1091 	DATA 	Keypress: g
467.2055 	DATA 	Keypress: o
467.3516 	EXP 	New trial (rep=5, index=2): {'leftStreamFlip': False, 'oneTarget': True, 'trialInstructionPos': (0, 1), 'probe': 'both', 'rightStreamFlip': False, 'horizVert': True, 'ISIframes': 2, 'rightResponseFirst': False}
467.3707 	INFO 	numtrials=360 and this trialDurFrames=4 or 66.6666666667 ms  task=T1
468.3562 	EXP 	window1: recordFrameIntervals = False
468.3761 	INFO 	Mouse: using default window
469.4220 	DATA 	Keypress: f
469.5071 	DATA 	Keypress: u
469.6730 	DATA 	Keypress: n
469.8173 	EXP 	New trial (rep=5, index=3): {'leftStreamFlip': False, 'oneTarget': True, 'trialInstructionPos': (0, 1), 'probe': 'both', 'rightStreamFlip': False, 'horizVert': True, 'ISIframes': 2, 'rightResponseFirst': True}
469.8391 	INFO 	numtrials=360 and this trialDurFrames=4 or 66.6666666667 ms  task=T1
470.8897 	EXP 	window1: recordFrameIntervals = False
470.9023 	INFO 	Mouse: using default window
472.0390 	DATA 	Keypress: t
472.1244 	DATA 	Keypress: o
472.8076 	DATA 	Keypress: e
472.9564 	EXP 	New trial (rep=5, index=4): {'leftStreamFlip': False, 'oneTarget': False, 'trialInstructionPos': (0, -1), 'probe': 'both', 'rightStreamFlip': False, 'horizVert': True, 'ISIframes': 2, 'rightResponseFirst': False}
472.9724 	INFO 	numtrials=360 and this trialDurFrames=4 or 66.6666666667 ms  task=T1
474.1224 	EXP 	window1: recordFrameIntervals = False
474.1326 	INFO 	Mouse: using default window
475.9892 	DATA 	Keypress: b
476.2585 	DATA 	Keypress: i
476.3729 	DATA 	Keypress: g
476.8221 	DATA 	Keypress: a
477.1049 	DATA 	Keypress: c
477.2724 	DATA 	Keypress: e
477.4203 	EXP 	New trial (rep=5, index=5): {'leftStreamFlip': False, 'oneTarget': False, 'trialInstructionPos': (0, 1), 'probe': 'both', 'rightStreamFlip': False, 'horizVert': True, 'ISIframes': 2, 'rightResponseFirst': False}
477.4373 	INFO 	numtrials=360 and this trialDurFrames=4 or 66.6666666667 ms  task=T1
478.5714 	EXP 	window1: recordFrameIntervals = False
478.5800 	INFO 	Mouse: using default window
480.1552 	DATA 	Keypress: s
480.4053 	DATA 	Keypress: i
480.8389 	DATA 	Keypress: x
481.4554 	DATA 	Keypress: m
481.7384 	DATA 	Keypress: a
482.0053 	DATA 	Keypress: n
482.1566 	EXP 	New trial (rep=5, index=6): {'leftStreamFlip': False, 'oneTarget': False, 'trialInstructionPos': (0, -1), 'probe': 'both', 'rightStreamFlip': False, 'horizVert': True, 'ISIframes': 2, 'rightResponseFirst': True}
482.1707 	INFO 	numtrials=360 and this trialDurFrames=4 or 66.6666666667 ms  task=T1
483.3723 	EXP 	window1: recordFrameIntervals = False
483.3842 	INFO 	Mouse: using default window
485.7223 	DATA 	Keypress: f
486.2396 	DATA 	Keypress: a
486.4391 	DATA 	Keypress: b
486.7890 	DATA 	Keypress: w
486.9889 	DATA 	Keypress: a
487.1399 	DATA 	Keypress: s
487.2884 	EXP 	New trial (rep=5, index=7): {'leftStreamFlip': False, 'oneTarget': False, 'trialInstructionPos': (0, 1), 'probe': 'both', 'rightStreamFlip': False, 'horizVert': True, 'ISIframes': 2, 'rightResponseFirst': True}
487.3041 	INFO 	numtrials=360 and this trialDurFrames=4 or 66.6666666667 ms  task=T1
488.3891 	EXP 	window1: recordFrameIntervals = False
488.3995 	INFO 	Mouse: using default window
490.8055 	DATA 	Keypress: r
490.8895 	DATA 	Keypress: u
491.0602 	DATA 	Keypress: b
491.3719 	DATA 	Keypress: w
491.5223 	DATA 	Keypress: a
491.6227 	DATA 	Keypress: s
491.7705 	EXP 	New trial (rep=5, index=8): {'leftStreamFlip': False, 'oneTarget': True, 'trialInstructionPos': (0, -1), 'probe': 'both', 'rightStreamFlip': False, 'horizVert': True, 'ISIframes': 2, 'rightResponseFirst': True}
491.7874 	INFO 	numtrials=360 and this trialDurFrames=4 or 66.6666666667 ms  task=T1
492.8064 	EXP 	window1: recordFrameIntervals = False
492.8247 	INFO 	Mouse: using default window
493.6568 	DATA 	Keypress: r
493.8224 	DATA 	Keypress: u
493.9390 	DATA 	Keypress: g
494.0898 	EXP 	New trial (rep=5, index=9): {'leftStreamFlip': False, 'oneTarget': False, 'trialInstructionPos': (0, 1), 'probe': 'both', 'rightStreamFlip': False, 'horizVert': True, 'ISIframes': 2, 'rightResponseFirst': True}
494.1040 	INFO 	numtrials=360 and this trialDurFrames=4 or 66.6666666667 ms  task=T1
495.2734 	EXP 	window1: recordFrameIntervals = False
495.2823 	INFO 	Mouse: using default window
496.7233 	DATA 	Keypress: f
496.8219 	DATA 	Keypress: u
497.0268 	DATA 	Keypress: n
497.4383 	DATA 	Keypress: a
497.7725 	DATA 	Keypress: c
497.9581 	DATA 	Keypress: e
498.1077 	EXP 	New trial (rep=5, index=10): {'leftStreamFlip': False, 'oneTarget': False, 'trialInstructionPos': (0, -1), 'probe': 'both', 'rightStreamFlip': False, 'horizVert': True, 'ISIframes': 2, 'rightResponseFirst': True}
498.1222 	INFO 	numtrials=360 and this trialDurFrames=4 or 66.6666666667 ms  task=T1
499.2551 	EXP 	window1: recordFrameIntervals = False
499.2654 	INFO 	Mouse: using default window
500.4883 	DATA 	Keypress: p
500.6244 	DATA 	Keypress: e
500.7560 	DATA 	Keypress: n
501.7718 	DATA 	Keypress: l
501.8889 	DATA 	Keypress: a
502.0070 	DATA 	Keypress: b
502.1593 	EXP 	New trial (rep=5, index=11): {'leftStreamFlip': False, 'oneTarget': False, 'trialInstructionPos': (0, -1), 'probe': 'both', 'rightStreamFlip': False, 'horizVert': True, 'ISIframes': 2, 'rightResponseFirst': False}
502.1703 	INFO 	numtrials=360 and this trialDurFrames=4 or 66.6666666667 ms  task=T1
503.3059 	EXP 	window1: recordFrameIntervals = False
503.3190 	INFO 	Mouse: using default window
505.9735 	DATA 	Keypress: r
506.0722 	DATA 	Keypress: u
506.4393 	DATA 	Keypress: b
507.0428 	DATA 	Keypress: g
507.1389 	DATA 	Keypress: u
507.4383 	DATA 	Keypress: n
507.5908 	EXP 	New trial (rep=6, index=0): {'leftStreamFlip': False, 'oneTarget': False, 'trialInstructionPos': (0, -1), 'probe': 'both', 'rightStreamFlip': False, 'horizVert': True, 'ISIframes': 2, 'rightResponseFirst': False}
507.6042 	INFO 	numtrials=360 and this trialDurFrames=4 or 66.6666666667 ms  task=T1
508.6889 	EXP 	window1: recordFrameIntervals = False
508.7020 	INFO 	Mouse: using default window
510.8056 	DATA 	Keypress: w
510.9890 	DATA 	Keypress: a
511.0910 	DATA 	Keypress: s
511.6214 	DATA 	Keypress: a
511.7389 	DATA 	Keypress: i
511.8222 	DATA 	Keypress: d
511.9682 	EXP 	New trial (rep=6, index=1): {'leftStreamFlip': False, 'oneTarget': True, 'trialInstructionPos': (0, -1), 'probe': 'both', 'rightStreamFlip': False, 'horizVert': True, 'ISIframes': 2, 'rightResponseFirst': True}
511.9872 	INFO 	numtrials=360 and this trialDurFrames=4 or 66.6666666667 ms  task=T1
512.9717 	EXP 	window1: recordFrameIntervals = False
512.9808 	INFO 	Mouse: using default window
513.9080 	DATA 	Keypress: t
514.0388 	DATA 	Keypress: e
514.1888 	DATA 	Keypress: a
514.3350 	EXP 	New trial (rep=6, index=2): {'leftStreamFlip': False, 'oneTarget': False, 'trialInstructionPos': (0, 1), 'probe': 'both', 'rightStreamFlip': False, 'horizVert': True, 'ISIframes': 2, 'rightResponseFirst': False}
514.3539 	INFO 	numtrials=360 and this trialDurFrames=4 or 66.6666666667 ms  task=T1
515.5550 	EXP 	window1: recordFrameIntervals = False
515.5649 	INFO 	Mouse: using default window
517.1085 	DATA 	Keypress: g
517.3232 	DATA 	Keypress: u
517.5894 	DATA 	Keypress: n
518.1224 	DATA 	Keypress: d
518.2914 	DATA 	Keypress: a
518.4554 	DATA 	Keypress: d
518.6099 	EXP 	New trial (rep=6, index=3): {'leftStreamFlip': False, 'oneTarget': False, 'trialInstructionPos': (0, 1), 'probe': 'both', 'rightStreamFlip': False, 'horizVert': True, 'ISIframes': 2, 'rightResponseFirst': False}
518.6206 	INFO 	numtrials=360 and this trialDurFrames=4 or 66.6666666667 ms  task=T1
519.7058 	EXP 	window1: recordFrameIntervals = False
519.7147 	INFO 	Mouse: using default window
521.3891 	DATA 	Keypress: t
522.3721 	DATA 	Keypress: backspace
522.6751 	DATA 	Keypress: s
522.8219 	DATA 	Keypress: i
523.0748 	DATA 	Keypress: x
523.7051 	DATA 	Keypress: t
524.2401 	DATA 	Keypress: a
524.5566 	DATA 	Keypress: x
524.7086 	EXP 	New trial (rep=6, index=4): {'leftStreamFlip': False, 'oneTarget': True, 'trialInstructionPos': (0, -1), 'probe': 'both', 'rightStreamFlip': False, 'horizVert': True, 'ISIframes': 2, 'rightResponseFirst': False}
524.7206 	INFO 	numtrials=360 and this trialDurFrames=4 or 66.6666666667 ms  task=T1
525.7384 	EXP 	window1: recordFrameIntervals = False
525.7478 	INFO 	Mouse: using default window
526.7388 	DATA 	Keypress: w
526.8720 	DATA 	Keypress: o
526.9217 	DATA 	Keypress: w
527.0686 	EXP 	New trial (rep=6, index=5): {'leftStreamFlip': False, 'oneTarget': False, 'trialInstructionPos': (0, -1), 'probe': 'both', 'rightStreamFlip': False, 'horizVert': True, 'ISIframes': 2, 'rightResponseFirst': True}
527.0875 	INFO 	numtrials=360 and this trialDurFrames=4 or 66.6666666667 ms  task=T1
528.2060 	EXP 	window1: recordFrameIntervals = False
528.2235 	INFO 	Mouse: using default window
529.4603 	DATA 	Keypress: l
529.6395 	DATA 	Keypress: a
529.7717 	DATA 	Keypress: b
530.4068 	DATA 	Keypress: j
530.4719 	DATA 	Keypress: a
530.6387 	DATA 	Keypress: w
530.7900 	EXP 	New trial (rep=6, index=6): {'leftStreamFlip': False, 'oneTarget': True, 'trialInstructionPos': (0, 1), 'probe': 'both', 'rightStreamFlip': False, 'horizVert': True, 'ISIframes': 2, 'rightResponseFirst': True}
530.8040 	INFO 	numtrials=360 and this trialDurFrames=4 or 66.6666666667 ms  task=T1
532.0234 	EXP 	window1: recordFrameIntervals = False
532.0403 	INFO 	Mouse: using default window
532.7077 	DATA 	Keypress: m
532.8390 	DATA 	Keypress: e
532.9554 	DATA 	Keypress: t
533.1024 	EXP 	New trial (rep=6, index=7): {'leftStreamFlip': False, 'oneTarget': False, 'trialInstructionPos': (0, 1), 'probe': 'both', 'rightStreamFlip': False, 'horizVert': True, 'ISIframes': 2, 'rightResponseFirst': True}
533.1210 	INFO 	numtrials=360 and this trialDurFrames=4 or 66.6666666667 ms  task=T1
534.1564 	EXP 	window1: recordFrameIntervals = False
534.1678 	INFO 	Mouse: using default window
536.0736 	DATA 	Keypress: h
536.2768 	DATA 	Keypress: i
536.4068 	DATA 	Keypress: s
537.0592 	DATA 	Keypress: w
537.2236 	DATA 	Keypress: a
537.3050 	DATA 	Keypress: s
537.4571 	EXP 	New trial (rep=6, index=8): {'leftStreamFlip': False, 'oneTarget': False, 'trialInstructionPos': (0, 1), 'probe': 'both', 'rightStreamFlip': False, 'horizVert': True, 'ISIframes': 2, 'rightResponseFirst': True}
537.4706 	INFO 	numtrials=360 and this trialDurFrames=4 or 66.6666666667 ms  task=T1
538.5725 	EXP 	window1: recordFrameIntervals = False
538.5810 	INFO 	Mouse: using default window
541.0914 	DATA 	Keypress: f
541.2222 	DATA 	Keypress: e
541.4056 	DATA 	Keypress: d
542.0890 	DATA 	Keypress: m
542.2217 	DATA 	Keypress: a
542.5718 	DATA 	Keypress: p
542.7209 	EXP 	New trial (rep=6, index=9): {'leftStreamFlip': False, 'oneTarget': True, 'trialInstructionPos': (0, 1), 'probe': 'both', 'rightStreamFlip': False, 'horizVert': True, 'ISIframes': 2, 'rightResponseFirst': False}
542.7375 	INFO 	numtrials=360 and this trialDurFrames=4 or 66.6666666667 ms  task=T1
543.9551 	EXP 	window1: recordFrameIntervals = False
543.9651 	INFO 	Mouse: using default window
544.7085 	DATA 	Keypress: g
544.8219 	DATA 	Keypress: u
544.9556 	DATA 	Keypress: y
545.1036 	EXP 	New trial (rep=6, index=10): {'leftStreamFlip': False, 'oneTarget': False, 'trialInstructionPos': (0, -1), 'probe': 'both', 'rightStreamFlip': False, 'horizVert': True, 'ISIframes': 2, 'rightResponseFirst': True}
545.1207 	INFO 	numtrials=360 and this trialDurFrames=4 or 66.6666666667 ms  task=T1
546.2894 	EXP 	window1: recordFrameIntervals = False
546.3067 	INFO 	Mouse: using default window
547.8550 	DATA 	Keypress: r
547.9551 	DATA 	Keypress: e
548.0715 	DATA 	Keypress: d
548.7572 	DATA 	Keypress: d
548.8723 	DATA 	Keypress: o
549.0054 	DATA 	Keypress: t
549.1566 	EXP 	New trial (rep=6, index=11): {'leftStreamFlip': False, 'oneTarget': False, 'trialInstructionPos': (0, -1), 'probe': 'both', 'rightStreamFlip': False, 'horizVert': True, 'ISIframes': 2, 'rightResponseFirst': False}
549.1707 	INFO 	numtrials=360 and this trialDurFrames=4 or 66.6666666667 ms  task=T1
550.2235 	EXP 	window1: recordFrameIntervals = False
550.2474 	INFO 	Mouse: using default window
551.9389 	DATA 	Keypress: a
552.1743 	DATA 	Keypress: r
552.3732 	DATA 	Keypress: t
554.7252 	DATA 	Keypress: t
554.8910 	DATA 	Keypress: i
554.9719 	DATA 	Keypress: e
555.1227 	EXP 	New trial (rep=7, index=0): {'leftStreamFlip': False, 'oneTarget': False, 'trialInstructionPos': (0, 1), 'probe': 'both', 'rightStreamFlip': False, 'horizVert': True, 'ISIframes': 2, 'rightResponseFirst': False}
555.1373 	INFO 	numtrials=360 and this trialDurFrames=4 or 66.6666666667 ms  task=T1
556.3234 	EXP 	window1: recordFrameIntervals = False
556.3335 	INFO 	Mouse: using default window
557.7575 	DATA 	Keypress: t
557.8920 	DATA 	Keypress: o
558.0720 	DATA 	Keypress: p
558.5561 	DATA 	Keypress: p
558.7580 	DATA 	Keypress: i
558.9901 	DATA 	Keypress: n
559.1421 	EXP 	New trial (rep=7, index=1): {'leftStreamFlip': False, 'oneTarget': True, 'trialInstructionPos': (0, 1), 'probe': 'both', 'rightStreamFlip': False, 'horizVert': True, 'ISIframes': 2, 'rightResponseFirst': False}
559.1540 	INFO 	numtrials=360 and this trialDurFrames=4 or 66.6666666667 ms  task=T1
560.1400 	EXP 	window1: recordFrameIntervals = False
560.1597 	INFO 	Mouse: using default window
561.6889 	DATA 	Keypress: e
561.8608 	DATA 	Keypress: e
562.6066 	DATA 	Keypress: backspace
562.8404 	DATA 	Keypress: y
562.9894 	DATA 	Keypress: e
563.1372 	EXP 	New trial (rep=7, index=2): {'leftStreamFlip': False, 'oneTarget': False, 'trialInstructionPos': (0, 1), 'probe': 'both', 'rightStreamFlip': False, 'horizVert': True, 'ISIframes': 2, 'rightResponseFirst': False}
563.1539 	INFO 	numtrials=360 and this trialDurFrames=4 or 66.6666666667 ms  task=T1
564.3230 	EXP 	window1: recordFrameIntervals = False
564.3393 	INFO 	Mouse: using default window
567.3243 	DATA 	Keypress: o
567.5223 	DATA 	Keypress: l
567.6226 	DATA 	Keypress: d
568.1554 	DATA 	Keypress: r
568.2554 	DATA 	Keypress: u
568.5221 	DATA 	Keypress: m
568.6732 	EXP 	New trial (rep=7, index=3): {'leftStreamFlip': False, 'oneTarget': False, 'trialInstructionPos': (0, -1), 'probe': 'both', 'rightStreamFlip': False, 'horizVert': True, 'ISIframes': 2, 'rightResponseFirst': False}
568.6873 	INFO 	numtrials=360 and this trialDurFrames=4 or 66.6666666667 ms  task=T1
569.7883 	EXP 	window1: recordFrameIntervals = False
569.7977 	INFO 	Mouse: using default window
571.4433 	DATA 	Keypress: b
571.5403 	DATA 	Keypress: e
571.6888 	DATA 	Keypress: e
572.3898 	DATA 	Keypress: h
572.5056 	DATA 	Keypress: e
572.6052 	DATA 	Keypress: y
572.7539 	EXP 	New trial (rep=7, index=4): {'leftStreamFlip': False, 'oneTarget': True, 'trialInstructionPos': (0, -1), 'probe': 'both', 'rightStreamFlip': False, 'horizVert': True, 'ISIframes': 2, 'rightResponseFirst': True}
572.7704 	INFO 	numtrials=360 and this trialDurFrames=4 or 66.6666666667 ms  task=T1
573.9898 	EXP 	window1: recordFrameIntervals = False
574.0083 	INFO 	Mouse: using default window
574.8388 	DATA 	Keypress: t
575.1231 	DATA 	Keypress: a
575.1883 	DATA 	Keypress: n
575.3348 	EXP 	New trial (rep=7, index=5): {'leftStreamFlip': False, 'oneTarget': False, 'trialInstructionPos': (0, 1), 'probe': 'both', 'rightStreamFlip': False, 'horizVert': True, 'ISIframes': 2, 'rightResponseFirst': True}
575.3540 	INFO 	numtrials=360 and this trialDurFrames=4 or 66.6666666667 ms  task=T1
576.5720 	EXP 	window1: recordFrameIntervals = False
576.5820 	INFO 	Mouse: using default window
578.0218 	DATA 	Keypress: s
578.0719 	DATA 	Keypress: h
579.3070 	DATA 	Keypress: y
580.0245 	DATA 	Keypress: c
580.2054 	DATA 	Keypress: a
580.3555 	DATA 	Keypress: r
580.5060 	EXP 	New trial (rep=7, index=6): {'leftStreamFlip': False, 'oneTarget': False, 'trialInstructionPos': (0, 1), 'probe': 'both', 'rightStreamFlip': False, 'horizVert': True, 'ISIframes': 2, 'rightResponseFirst': True}
580.5206 	INFO 	numtrials=360 and this trialDurFrames=4 or 66.6666666667 ms  task=T1
581.5401 	EXP 	window1: recordFrameIntervals = False
581.5594 	INFO 	Mouse: using default window
584.4558 	DATA 	Keypress: d
584.6748 	DATA 	Keypress: a
584.8721 	DATA 	Keypress: r
585.5231 	DATA 	Keypress: d
585.8751 	DATA 	Keypress: r
586.2750 	DATA 	Keypress: y
586.4400 	EXP 	New trial (rep=7, index=7): {'leftStreamFlip': False, 'oneTarget': True, 'trialInstructionPos': (0, 1), 'probe': 'both', 'rightStreamFlip': False, 'horizVert': True, 'ISIframes': 2, 'rightResponseFirst': True}
586.4535 	INFO 	numtrials=360 and this trialDurFrames=4 or 66.6666666667 ms  task=T1
587.6236 	EXP 	window1: recordFrameIntervals = False
587.6424 	INFO 	Mouse: using default window
588.3398 	DATA 	Keypress: m
588.5404 	DATA 	Keypress: i
588.7555 	DATA 	Keypress: x
588.9039 	EXP 	New trial (rep=7, index=8): {'leftStreamFlip': False, 'oneTarget': False, 'trialInstructionPos': (0, -1), 'probe': 'both', 'rightStreamFlip': False, 'horizVert': True, 'ISIframes': 2, 'rightResponseFirst': False}
588.9224 	INFO 	numtrials=360 and this trialDurFrames=4 or 66.6666666667 ms  task=T1
590.1227 	EXP 	window1: recordFrameIntervals = False
590.1399 	INFO 	Mouse: using default window
592.0243 	DATA 	Keypress: d
592.8556 	DATA 	Keypress: backspace
593.0063 	DATA 	Keypress: w
593.1730 	DATA 	Keypress: h
593.3552 	DATA 	Keypress: y
593.9555 	DATA 	Keypress: d
594.1217 	DATA 	Keypress: o
594.2716 	DATA 	Keypress: g
594.4238 	EXP 	New trial (rep=7, index=9): {'leftStreamFlip': False, 'oneTarget': False, 'trialInstructionPos': (0, -1), 'probe': 'both', 'rightStreamFlip': False, 'horizVert': True, 'ISIframes': 2, 'rightResponseFirst': True}
594.4373 	INFO 	numtrials=360 and this trialDurFrames=4 or 66.6666666667 ms  task=T1
595.4888 	EXP 	window1: recordFrameIntervals = False
595.5035 	INFO 	Mouse: using default window
597.8745 	DATA 	Keypress: a
598.0720 	DATA 	Keypress: c
598.2752 	DATA 	Keypress: e
599.2403 	DATA 	Keypress: d
599.4388 	DATA 	Keypress: o
599.6054 	DATA 	Keypress: g
599.7572 	EXP 	New trial (rep=7, index=10): {'leftStreamFlip': False, 'oneTarget': False, 'trialInstructionPos': (0, -1), 'probe': 'both', 'rightStreamFlip': False, 'horizVert': True, 'ISIframes': 2, 'rightResponseFirst': True}
599.7708 	INFO 	numtrials=360 and this trialDurFrames=4 or 66.6666666667 ms  task=T1
600.7881 	EXP 	window1: recordFrameIntervals = False
600.7964 	INFO 	Mouse: using default window
602.0574 	DATA 	Keypress: y
602.1383 	DATA 	Keypress: e
602.3890 	DATA 	Keypress: s
603.0220 	DATA 	Keypress: p
603.1085 	DATA 	Keypress: e
603.2556 	DATA 	Keypress: e
603.4094 	EXP 	New trial (rep=7, index=11): {'leftStreamFlip': False, 'oneTarget': True, 'trialInstructionPos': (0, -1), 'probe': 'both', 'rightStreamFlip': False, 'horizVert': True, 'ISIframes': 2, 'rightResponseFirst': False}
603.4207 	INFO 	numtrials=360 and this trialDurFrames=4 or 66.6666666667 ms  task=T1
604.6062 	EXP 	window1: recordFrameIntervals = False
604.6217 	INFO 	Mouse: using default window
605.3718 	DATA 	Keypress: b
605.8223 	DATA 	Keypress: y
605.9387 	DATA 	Keypress: e
606.0843 	EXP 	New trial (rep=8, index=0): {'leftStreamFlip': False, 'oneTarget': True, 'trialInstructionPos': (0, 1), 'probe': 'both', 'rightStreamFlip': False, 'horizVert': True, 'ISIframes': 2, 'rightResponseFirst': True}
606.1037 	INFO 	numtrials=360 and this trialDurFrames=4 or 66.6666666667 ms  task=T1
607.2222 	EXP 	window1: recordFrameIntervals = False
607.2310 	INFO 	Mouse: using default window
607.9389 	DATA 	Keypress: n
608.1886 	DATA 	Keypress: o
608.3231 	DATA 	Keypress: t
608.4673 	EXP 	New trial (rep=8, index=1): {'leftStreamFlip': False, 'oneTarget': True, 'trialInstructionPos': (0, -1), 'probe': 'both', 'rightStreamFlip': False, 'horizVert': True, 'ISIframes': 2, 'rightResponseFirst': False}
608.4871 	INFO 	numtrials=360 and this trialDurFrames=4 or 66.6666666667 ms  task=T1
609.5721 	EXP 	window1: recordFrameIntervals = False
609.5884 	INFO 	Mouse: using default window
613.3722 	DATA 	Keypress: g
613.4720 	DATA 	Keypress: i
614.3081 	DATA 	Keypress: n
614.4682 	EXP 	New trial (rep=8, index=2): {'leftStreamFlip': False, 'oneTarget': False, 'trialInstructionPos': (0, 1), 'probe': 'both', 'rightStreamFlip': False, 'horizVert': True, 'ISIframes': 2, 'rightResponseFirst': False}
614.4871 	INFO 	numtrials=360 and this trialDurFrames=4 or 66.6666666667 ms  task=T1
615.5717 	EXP 	window1: recordFrameIntervals = False
615.5812 	INFO 	Mouse: using default window
617.3225 	DATA 	Keypress: t
617.5084 	DATA 	Keypress: e
617.7558 	DATA 	Keypress: a
618.5883 	DATA 	Keypress: c
618.6752 	DATA 	Keypress: u
619.0060 	DATA 	Keypress: p
619.1589 	EXP 	New trial (rep=8, index=3): {'leftStreamFlip': False, 'oneTarget': False, 'trialInstructionPos': (0, -1), 'probe': 'both', 'rightStreamFlip': False, 'horizVert': True, 'ISIframes': 2, 'rightResponseFirst': True}
619.1705 	INFO 	numtrials=360 and this trialDurFrames=4 or 66.6666666667 ms  task=T1
620.2227 	EXP 	window1: recordFrameIntervals = False
620.2314 	INFO 	Mouse: using default window
621.7409 	DATA 	Keypress: p
621.8602 	DATA 	Keypress: e
621.9718 	DATA 	Keypress: r
622.5743 	DATA 	Keypress: c
622.6751 	DATA 	Keypress: o
622.7722 	DATA 	Keypress: w
622.9212 	EXP 	New trial (rep=8, index=4): {'leftStreamFlip': False, 'oneTarget': False, 'trialInstructionPos': (0, -1), 'probe': 'both', 'rightStreamFlip': False, 'horizVert': True, 'ISIframes': 2, 'rightResponseFirst': False}
622.9371 	INFO 	numtrials=360 and this trialDurFrames=4 or 66.6666666667 ms  task=T1
623.9561 	EXP 	window1: recordFrameIntervals = False
623.9675 	INFO 	Mouse: using default window
625.4923 	DATA 	Keypress: r
625.6217 	DATA 	Keypress: o
625.7720 	DATA 	Keypress: t
626.3886 	DATA 	Keypress: g
626.5052 	DATA 	Keypress: u
627.0587 	DATA 	Keypress: m
627.2218 	EXP 	New trial (rep=8, index=5): {'leftStreamFlip': False, 'oneTarget': False, 'trialInstructionPos': (0, 1), 'probe': 'both', 'rightStreamFlip': False, 'horizVert': True, 'ISIframes': 2, 'rightResponseFirst': True}
627.2371 	INFO 	numtrials=360 and this trialDurFrames=4 or 66.6666666667 ms  task=T1
628.3058 	EXP 	window1: recordFrameIntervals = False
628.3144 	INFO 	Mouse: using default window
629.8265 	DATA 	Keypress: h
630.1057 	DATA 	Keypress: o
630.2420 	DATA 	Keypress: t
630.6716 	DATA 	Keypress: t
630.8715 	DATA 	Keypress: e
631.3389 	DATA 	Keypress: a
631.4901 	EXP 	New trial (rep=8, index=6): {'leftStreamFlip': False, 'oneTarget': False, 'trialInstructionPos': (0, 1), 'probe': 'both', 'rightStreamFlip': False, 'horizVert': True, 'ISIframes': 2, 'rightResponseFirst': False}
631.5038 	INFO 	numtrials=360 and this trialDurFrames=4 or 66.6666666667 ms  task=T1
632.5060 	EXP 	window1: recordFrameIntervals = False
632.5258 	INFO 	Mouse: using default window
634.0231 	DATA 	Keypress: w
634.1385 	DATA 	Keypress: h
634.3554 	DATA 	Keypress: o
634.8886 	DATA 	Keypress: d
635.0721 	DATA 	Keypress: o
635.1718 	DATA 	Keypress: g
635.3207 	EXP 	New trial (rep=8, index=7): {'leftStreamFlip': False, 'oneTarget': True, 'trialInstructionPos': (0, 1), 'probe': 'both', 'rightStreamFlip': False, 'horizVert': True, 'ISIframes': 2, 'rightResponseFirst': False}
635.3370 	INFO 	numtrials=360 and this trialDurFrames=4 or 66.6666666667 ms  task=T1
636.5061 	EXP 	window1: recordFrameIntervals = False
636.5259 	INFO 	Mouse: using default window
637.9575 	DATA 	Keypress: s
638.1382 	DATA 	Keypress: a
638.3223 	DATA 	Keypress: d
638.4714 	EXP 	New trial (rep=8, index=8): {'leftStreamFlip': False, 'oneTarget': False, 'trialInstructionPos': (0, -1), 'probe': 'both', 'rightStreamFlip': False, 'horizVert': True, 'ISIframes': 2, 'rightResponseFirst': True}
638.4868 	INFO 	numtrials=360 and this trialDurFrames=4 or 66.6666666667 ms  task=T1
639.5547 	EXP 	window1: recordFrameIntervals = False
639.5650 	INFO 	Mouse: using default window
640.8048 	DATA 	Keypress: o
640.9886 	DATA 	Keypress: f
641.1245 	DATA 	Keypress: f
641.5063 	DATA 	Keypress: m
641.6722 	DATA 	Keypress: a
641.8387 	DATA 	Keypress: d
641.9914 	EXP 	New trial (rep=8, index=9): {'leftStreamFlip': False, 'oneTarget': True, 'trialInstructionPos': (0, -1), 'probe': 'both', 'rightStreamFlip': False, 'horizVert': True, 'ISIframes': 2, 'rightResponseFirst': True}
642.0039 	INFO 	numtrials=360 and this trialDurFrames=4 or 66.6666666667 ms  task=T1
643.2066 	EXP 	window1: recordFrameIntervals = False
643.2247 	INFO 	Mouse: using default window
644.3903 	DATA 	Keypress: z
644.5218 	DATA 	Keypress: o
644.6561 	DATA 	Keypress: o
644.8027 	EXP 	New trial (rep=8, index=10): {'leftStreamFlip': False, 'oneTarget': False, 'trialInstructionPos': (0, 1), 'probe': 'both', 'rightStreamFlip': False, 'horizVert': True, 'ISIframes': 2, 'rightResponseFirst': True}
644.8203 	INFO 	numtrials=360 and this trialDurFrames=4 or 66.6666666667 ms  task=T1
645.8212 	EXP 	window1: recordFrameIntervals = False
645.8296 	INFO 	Mouse: using default window
647.4757 	DATA 	Keypress: d
647.6390 	DATA 	Keypress: i
647.9077 	DATA 	Keypress: p
648.5895 	DATA 	Keypress: t
648.7397 	DATA 	Keypress: e
648.9388 	DATA 	Keypress: a
649.0889 	EXP 	New trial (rep=8, index=11): {'leftStreamFlip': False, 'oneTarget': False, 'trialInstructionPos': (0, -1), 'probe': 'both', 'rightStreamFlip': False, 'horizVert': True, 'ISIframes': 2, 'rightResponseFirst': False}
649.1037 	INFO 	numtrials=360 and this trialDurFrames=4 or 66.6666666667 ms  task=T1
650.1716 	EXP 	window1: recordFrameIntervals = False
650.1817 	INFO 	Mouse: using default window
651.3231 	DATA 	Keypress: e
651.5243 	DATA 	Keypress: a
652.3733 	DATA 	Keypress: backspace
652.5052 	DATA 	Keypress: backspace
652.9888 	DATA 	Keypress: w
653.2221 	DATA 	Keypress: a
653.4579 	DATA 	Keypress: x
655.7559 	DATA 	Keypress: w
655.8422 	DATA 	Keypress: h
656.0220 	DATA 	Keypress: y
656.1762 	EXP 	New trial (rep=9, index=0): {'leftStreamFlip': False, 'oneTarget': False, 'trialInstructionPos': (0, -1), 'probe': 'both', 'rightStreamFlip': False, 'horizVert': True, 'ISIframes': 2, 'rightResponseFirst': False}
656.1878 	INFO 	numtrials=360 and this trialDurFrames=4 or 66.6666666667 ms  task=T1
657.4063 	EXP 	window1: recordFrameIntervals = False
657.4187 	INFO 	Mouse: using default window
659.2549 	DATA 	Keypress: f
659.3416 	DATA 	Keypress: i
659.5082 	DATA 	Keypress: t
659.9554 	DATA 	Keypress: c
660.2054 	DATA 	Keypress: a
660.3080 	DATA 	Keypress: n
660.4736 	EXP 	New trial (rep=9, index=1): {'leftStreamFlip': False, 'oneTarget': False, 'trialInstructionPos': (0, 1), 'probe': 'both', 'rightStreamFlip': False, 'horizVert': True, 'ISIframes': 2, 'rightResponseFirst': True}
660.4869 	INFO 	numtrials=360 and this trialDurFrames=4 or 66.6666666667 ms  task=T1
661.4713 	EXP 	window1: recordFrameIntervals = False
661.4794 	INFO 	Mouse: using default window
662.9381 	DATA 	Keypress: a
663.0906 	DATA 	Keypress: s
663.1886 	DATA 	Keypress: k
664.4237 	DATA 	Keypress: t
664.5574 	DATA 	Keypress: o
664.6551 	DATA 	Keypress: p
664.8069 	EXP 	New trial (rep=9, index=2): {'leftStreamFlip': False, 'oneTarget': False, 'trialInstructionPos': (0, 1), 'probe': 'both', 'rightStreamFlip': False, 'horizVert': True, 'ISIframes': 2, 'rightResponseFirst': False}
664.8205 	INFO 	numtrials=360 and this trialDurFrames=4 or 66.6666666667 ms  task=T1
665.9726 	EXP 	window1: recordFrameIntervals = False
665.9839 	INFO 	Mouse: using default window
669.1888 	DATA 	Keypress: l
669.3399 	DATA 	Keypress: o
669.4720 	DATA 	Keypress: t
670.2235 	DATA 	Keypress: g
670.2882 	DATA 	Keypress: i
670.4385 	DATA 	Keypress: n
670.5908 	EXP 	New trial (rep=9, index=3): {'leftStreamFlip': False, 'oneTarget': False, 'trialInstructionPos': (0, -1), 'probe': 'both', 'rightStreamFlip': False, 'horizVert': True, 'ISIframes': 2, 'rightResponseFirst': False}
670.6036 	INFO 	numtrials=360 and this trialDurFrames=4 or 66.6666666667 ms  task=T1
671.8050 	EXP 	window1: recordFrameIntervals = False
671.8145 	INFO 	Mouse: using default window
675.0750 	DATA 	Keypress: b
675.2056 	DATA 	Keypress: y
675.3057 	DATA 	Keypress: e
675.7386 	DATA 	Keypress: a
675.9385 	DATA 	Keypress: g
676.0381 	DATA 	Keypress: o
676.1896 	EXP 	New trial (rep=9, index=4): {'leftStreamFlip': False, 'oneTarget': False, 'trialInstructionPos': (0, 1), 'probe': 'both', 'rightStreamFlip': False, 'horizVert': True, 'ISIframes': 2, 'rightResponseFirst': False}
676.2039 	INFO 	numtrials=360 and this trialDurFrames=4 or 66.6666666667 ms  task=T1
677.2889 	EXP 	window1: recordFrameIntervals = False
677.2989 	INFO 	Mouse: using default window
679.1883 	DATA 	Keypress: r
679.3401 	DATA 	Keypress: i
679.4552 	DATA 	Keypress: d
679.8584 	DATA 	Keypress: s
680.0221 	DATA 	Keypress: e
680.2220 	DATA 	Keypress: c
680.3709 	EXP 	New trial (rep=9, index=5): {'leftStreamFlip': False, 'oneTarget': False, 'trialInstructionPos': (0, 1), 'probe': 'both', 'rightStreamFlip': False, 'horizVert': True, 'ISIframes': 2, 'rightResponseFirst': True}
680.3876 	INFO 	numtrials=360 and this trialDurFrames=4 or 66.6666666667 ms  task=T1
681.3733 	EXP 	window1: recordFrameIntervals = False
681.3905 	INFO 	Mouse: using default window
682.8549 	DATA 	Keypress: f
683.3554 	DATA 	Keypress: a
683.4383 	DATA 	Keypress: n
683.8720 	DATA 	Keypress: a
684.0897 	DATA 	Keypress: s
684.2385 	DATA 	Keypress: s
684.3865 	EXP 	New trial (rep=9, index=6): {'leftStreamFlip': False, 'oneTarget': True, 'trialInstructionPos': (0, 1), 'probe': 'both', 'rightStreamFlip': False, 'horizVert': True, 'ISIframes': 2, 'rightResponseFirst': True}
684.4038 	INFO 	numtrials=360 and this trialDurFrames=4 or 66.6666666667 ms  task=T1
685.5398 	EXP 	window1: recordFrameIntervals = False
685.5596 	INFO 	Mouse: using default window
686.5066 	DATA 	Keypress: i
686.7408 	DATA 	Keypress: l
686.8886 	DATA 	Keypress: l
687.0357 	EXP 	New trial (rep=9, index=7): {'leftStreamFlip': False, 'oneTarget': True, 'trialInstructionPos': (0, 1), 'probe': 'both', 'rightStreamFlip': False, 'horizVert': True, 'ISIframes': 2, 'rightResponseFirst': False}
687.0538 	INFO 	numtrials=360 and this trialDurFrames=4 or 66.6666666667 ms  task=T1
688.2391 	EXP 	window1: recordFrameIntervals = False
688.2497 	INFO 	Mouse: using default window
690.4059 	DATA 	Keypress: h
690.6420 	DATA 	Keypress: i
690.8222 	DATA 	Keypress: s
690.9663 	EXP 	New trial (rep=9, index=8): {'leftStreamFlip': False, 'oneTarget': False, 'trialInstructionPos': (0, -1), 'probe': 'both', 'rightStreamFlip': False, 'horizVert': True, 'ISIframes': 2, 'rightResponseFirst': True}
690.9872 	INFO 	numtrials=360 and this trialDurFrames=4 or 66.6666666667 ms  task=T1
691.9719 	EXP 	window1: recordFrameIntervals = False
691.9850 	INFO 	Mouse: using default window
694.1741 	DATA 	Keypress: o
694.3061 	DATA 	Keypress: f
694.4561 	DATA 	Keypress: f
695.0589 	DATA 	Keypress: s
695.1894 	DATA 	Keypress: p
695.5395 	DATA 	Keypress: y
695.6902 	EXP 	New trial (rep=9, index=9): {'leftStreamFlip': False, 'oneTarget': True, 'trialInstructionPos': (0, -1), 'probe': 'both', 'rightStreamFlip': False, 'horizVert': True, 'ISIframes': 2, 'rightResponseFirst': True}
695.7038 	INFO 	numtrials=360 and this trialDurFrames=4 or 66.6666666667 ms  task=T1
696.8898 	EXP 	window1: recordFrameIntervals = False
696.9078 	INFO 	Mouse: using default window
697.6902 	DATA 	Keypress: f
697.9228 	DATA 	Keypress: a
698.2060 	DATA 	Keypress: x
698.3541 	EXP 	New trial (rep=9, index=10): {'leftStreamFlip': False, 'oneTarget': True, 'trialInstructionPos': (0, -1), 'probe': 'both', 'rightStreamFlip': False, 'horizVert': True, 'ISIframes': 2, 'rightResponseFirst': False}
698.3705 	INFO 	numtrials=360 and this trialDurFrames=4 or 66.6666666667 ms  task=T1
699.5732 	EXP 	window1: recordFrameIntervals = False
699.5826 	INFO 	Mouse: using default window
700.4723 	DATA 	Keypress: b
700.6921 	DATA 	Keypress: u
701.4911 	DATA 	Keypress: g
701.6546 	EXP 	New trial (rep=9, index=11): {'leftStreamFlip': False, 'oneTarget': False, 'trialInstructionPos': (0, -1), 'probe': 'both', 'rightStreamFlip': False, 'horizVert': True, 'ISIframes': 2, 'rightResponseFirst': True}
701.6705 	INFO 	numtrials=360 and this trialDurFrames=4 or 66.6666666667 ms  task=T1
702.6874 	EXP 	window1: recordFrameIntervals = False
702.6944 	INFO 	Mouse: using default window
705.5060 	DATA 	Keypress: b
705.7898 	DATA 	Keypress: o
705.8882 	DATA 	Keypress: x
706.3718 	DATA 	Keypress: f
706.6390 	DATA 	Keypress: a
706.6912 	DATA 	Keypress: n
706.8410 	EXP 	New trial (rep=10, index=0): {'leftStreamFlip': False, 'oneTarget': False, 'trialInstructionPos': (0, -1), 'probe': 'both', 'rightStreamFlip': False, 'horizVert': True, 'ISIframes': 2, 'rightResponseFirst': True}
706.8539 	INFO 	numtrials=360 and this trialDurFrames=4 or 66.6666666667 ms  task=T1
707.8724 	EXP 	window1: recordFrameIntervals = False
707.8822 	INFO 	Mouse: using default window
708.9887 	DATA 	Keypress: r
709.5081 	DATA 	Keypress: w
710.2054 	DATA 	Keypress: backspace
710.3389 	DATA 	Keypress: a
710.5560 	DATA 	Keypress: w
711.2061 	DATA 	Keypress: e
711.4427 	DATA 	Keypress: g
711.5884 	DATA 	Keypress: g
711.7388 	EXP 	New trial (rep=10, index=1): {'leftStreamFlip': False, 'oneTarget': False, 'trialInstructionPos': (0, 1), 'probe': 'both', 'rightStreamFlip': False, 'horizVert': True, 'ISIframes': 2, 'rightResponseFirst': True}
711.7539 	INFO 	numtrials=360 and this trialDurFrames=4 or 66.6666666667 ms  task=T1
712.8226 	EXP 	window1: recordFrameIntervals = False
712.8340 	INFO 	Mouse: using default window
719.1401 	DATA 	Keypress: j
719.2897 	DATA 	Keypress: a
719.7230 	DATA 	Keypress: w
720.2579 	DATA 	Keypress: t
720.4053 	DATA 	Keypress: o
720.6745 	DATA 	Keypress: p
720.8413 	EXP 	New trial (rep=10, index=2): {'leftStreamFlip': False, 'oneTarget': False, 'trialInstructionPos': (0, -1), 'probe': 'both', 'rightStreamFlip': False, 'horizVert': True, 'ISIframes': 2, 'rightResponseFirst': False}
720.8537 	INFO 	numtrials=360 and this trialDurFrames=4 or 66.6666666667 ms  task=T1
721.8882 	EXP 	window1: recordFrameIntervals = False
721.8986 	INFO 	Mouse: using default window
723.9079 	DATA 	Keypress: c
724.1386 	DATA 	Keypress: u
724.4074 	DATA 	Keypress: p
724.7548 	DATA 	Keypress: c
724.9548 	DATA 	Keypress: a
725.0548 	DATA 	Keypress: semicolon
725.9060 	DATA 	Keypress: l
726.0579 	EXP 	New trial (rep=10, index=3): {'leftStreamFlip': False, 'oneTarget': False, 'trialInstructionPos': (0, 1), 'probe': 'both', 'rightStreamFlip': False, 'horizVert': True, 'ISIframes': 2, 'rightResponseFirst': False}
726.0703 	INFO 	numtrials=360 and this trialDurFrames=4 or 66.6666666667 ms  task=T1
727.2219 	EXP 	window1: recordFrameIntervals = False
727.2305 	INFO 	Mouse: using default window
728.7565 	DATA 	Keypress: j
728.8551 	DATA 	Keypress: a
729.0260 	DATA 	Keypress: r
730.0552 	DATA 	Keypress: c
730.0743 	DATA 	Keypress: u
730.7069 	DATA 	Keypress: p
730.9975 	EXP 	New trial (rep=10, index=4): {'leftStreamFlip': False, 'oneTarget': True, 'trialInstructionPos': (0, -1), 'probe': 'both', 'rightStreamFlip': False, 'horizVert': True, 'ISIframes': 2, 'rightResponseFirst': False}
731.0203 	INFO 	numtrials=360 and this trialDurFrames=4 or 66.6666666667 ms  task=T1
732.0728 	EXP 	window1: recordFrameIntervals = False
732.0832 	INFO 	Mouse: using default window
738.7081 	DATA 	Keypress: f
738.8050 	DATA 	Keypress: o
738.8883 	DATA 	Keypress: r
739.0408 	EXP 	New trial (rep=10, index=5): {'leftStreamFlip': False, 'oneTarget': True, 'trialInstructionPos': (0, 1), 'probe': 'both', 'rightStreamFlip': False, 'horizVert': True, 'ISIframes': 2, 'rightResponseFirst': True}
739.0536 	INFO 	numtrials=360 and this trialDurFrames=4 or 66.6666666667 ms  task=T1
740.1887 	EXP 	window1: recordFrameIntervals = False
740.1999 	INFO 	Mouse: using default window
740.9228 	DATA 	Keypress: o
741.1550 	DATA 	Keypress: u
741.3391 	DATA 	Keypress: t
741.4867 	EXP 	New trial (rep=10, index=6): {'leftStreamFlip': False, 'oneTarget': False, 'trialInstructionPos': (0, 1), 'probe': 'both', 'rightStreamFlip': False, 'horizVert': True, 'ISIframes': 2, 'rightResponseFirst': False}
741.5037 	INFO 	numtrials=360 and this trialDurFrames=4 or 66.6666666667 ms  task=T1
742.6230 	EXP 	window1: recordFrameIntervals = False
742.6413 	INFO 	Mouse: using default window
744.0733 	DATA 	Keypress: w
744.1549 	DATA 	Keypress: o
744.3727 	DATA 	Keypress: n
744.9717 	DATA 	Keypress: s
745.0717 	DATA 	Keypress: k
745.3212 	DATA 	Keypress: y
745.4715 	EXP 	New trial (rep=10, index=7): {'leftStreamFlip': False, 'oneTarget': False, 'trialInstructionPos': (0, -1), 'probe': 'both', 'rightStreamFlip': False, 'horizVert': True, 'ISIframes': 2, 'rightResponseFirst': False}
745.4891 	INFO 	numtrials=360 and this trialDurFrames=4 or 66.6666666667 ms  task=T1
746.7046 	EXP 	window1: recordFrameIntervals = False
746.7136 	INFO 	Mouse: using default window
748.5397 	DATA 	Keypress: b
748.7730 	DATA 	Keypress: i
748.9214 	DATA 	Keypress: t
749.8429 	DATA 	Keypress: l
749.8908 	DATA 	Keypress: a
750.0554 	DATA 	Keypress: d
750.2065 	EXP 	New trial (rep=10, index=8): {'leftStreamFlip': False, 'oneTarget': False, 'trialInstructionPos': (0, 1), 'probe': 'both', 'rightStreamFlip': False, 'horizVert': True, 'ISIframes': 2, 'rightResponseFirst': True}
750.2203 	INFO 	numtrials=360 and this trialDurFrames=4 or 66.6666666667 ms  task=T1
751.2877 	EXP 	window1: recordFrameIntervals = False
751.2968 	INFO 	Mouse: using default window
756.6052 	DATA 	Keypress: lshift
756.8217 	DATA 	Keypress: lctrl
757.0550 	DATA 	Keypress: d
758.0382 	DATA 	Keypress: backspace
758.3387 	DATA 	Keypress: lshift
758.5718 	DATA 	Keypress: lctrl
758.9063 	DATA 	Keypress: z
758.9290 	INFO 	Stopping at 11:20 on 09 Aug 2018
758.9303 	ERROR 	user aborted experiment on keypress with trials done=128 of 361
758.9524 	INFO 	Program terminating normally.
