0.8520 	WARNING 	Monitor specification not found. Creating a temporary one...
35.5483 	EXP 	Created window1 = Window(allowGUI=False, allowStencil=False, autoLog=True, bitsMode=UNKNOWN, blendMode='avg', color=array([-0.7, -0.7, -0.7]), colorSpace='rgb', fullscr=UNKNOWN, gamma=None, lms=UNKNOWN, monitor=<psychopy.monitors.calibTools.Monitor object at 0x1A9E2170>, name='window1', pos=[0, 0], screen=0, size=array([1920, 1080]), stereo=False, units='deg', useFBO=False, useRetina=False, viewOri=0.0, viewPos=None, viewScale=None, waitBlanking=False, winType='pyglet')
35.5483 	INFO 	Mouse: using default window
35.5487 	EXP 	window1: units = 'norm'
35.6338 	EXP 	Created unnamed ImageStim = ImageStim(autoLog=True, color=array([ 1.,  1.,  1.]), colorSpace='rgb', contrast=1.0, depth=0, flipHoriz=False, flipVert=False, image=str(...), interpolate=False, mask=None, maskParams=None, name='unnamed ImageStim', opacity=1.0, ori=0.0, pos=array([-0.5,  0. ]), size=array([ 1.290625  ,  3.24814815]), texRes=128, units='norm', win=Window(...))
35.7127 	EXP 	Created unnamed ImageStim = ImageStim(autoLog=True, color=array([ 1.,  1.,  1.]), colorSpace='rgb', contrast=1.0, depth=0, flipHoriz=False, flipVert=False, image=str(...), interpolate=False, mask=None, maskParams=None, name='unnamed ImageStim', opacity=1.0, ori=0.0, pos=array([ 0.5,  0. ]), size=array([ 1.290625  ,  3.24814815]), texRes=128, units='norm', win=Window(...))
35.7296 	EXP 	Created OKrespZone = GratingStim(autoDraw=False, autoLog=True, color=array([ 1. ,  0.5,  0.5]), colorSpace='rgb', contrast=1.0, depth=0, interpolate=False, mask='gauss', maskParams=None, name='OKrespZone', opacity=1.0, ori=0.0, phase=array([ 0.,  0.]), pos=array([-0.2 , -0.92]), rgbPedestal=array([ 0.,  0.,  0.]), sf=array([ 0.,  0.]), size=array([ 2.3,  0.2]), tex='sin', texRes=256, units='norm', win=Window(...))
35.8815 	EXP 	unnamed ImageStim: size = (1, 2)
35.8815 	EXP 	unnamed ImageStim: size = (1, 2)
37.1799 	DATA 	Mouse: wheel shift=(0,-1), pos=(521,79)
37.3132 	DATA 	Mouse: wheel shift=(0,-1), pos=(521,79)
37.4964 	DATA 	Mouse: wheel shift=(0,-1), pos=(521,79)
37.9960 	DATA 	Mouse: wheel shift=(0,1), pos=(521,79)
38.1796 	DATA 	Mouse: wheel shift=(0,1), pos=(521,79)
44.2802 	DATA 	Mouse: Left button down, pos=(515,32)
44.2952 	EXP 	window1: units = 'deg'
44.2959 	EXP 	window1: units = 'norm'
44.3171 	EXP 	Created OKrespZone = GratingStim(autoDraw=False, autoLog=True, color=array([ 1. ,  0.5,  0.5]), colorSpace='rgb', contrast=1.0, depth=0, interpolate=False, mask='gauss', maskParams=None, name='OKrespZone', opacity=1.0, ori=0.0, phase=array([ 0.,  0.]), pos=array([-0.2 , -0.92]), rgbPedestal=array([ 0.,  0.,  0.]), sf=array([ 0.,  0.]), size=array([ 2.3,  0.2]), tex='sin', texRes=256, units='norm', win=Window(...))
44.3901 	EXP 	Created unnamed ImageStim = ImageStim(autoLog=True, color=array([ 1.,  1.,  1.]), colorSpace='rgb', contrast=1.0, depth=0, flipHoriz=False, flipVert=False, image='abgdj\\PISandConsentForm\\consentForm.png', interpolate=False, mask=None, maskParams=None, name='unnamed ImageStim', opacity=1.0, ori=0.0, pos=array([ 0.,  0.]), size=array([ 1.3375    ,  2.97407407]), texRes=128, units='norm', win=Window(...))
44.4252 	EXP 	Created unnamed GratingStim = GratingStim(autoDraw=False, autoLog=True, color=array([ 1. ,  0.5,  0.5]), colorSpace='rgb', contrast=1.0, depth=0, interpolate=False, mask='gauss', maskParams=None, name='unnamed GratingStim', opacity=1.0, ori=0.0, phase=array([ 0.,  0.]), pos=array([-0.2 , -0.42]), rgbPedestal=array([ 0.,  0.,  0.]), sf=array([ 0.,  0.]), size=array([ 0.3,  0.2]), tex='sin', texRes=256, units='norm', win=Window(...))
44.4616 	EXP 	Created unnamed GratingStim = GratingStim(autoDraw=False, autoLog=True, color=array([ 1. ,  0.5,  0.5]), colorSpace='rgb', contrast=1.0, depth=0, interpolate=False, mask='gauss', maskParams=None, name='unnamed GratingStim', opacity=1.0, ori=0.0, phase=array([ 0.,  0.]), pos=array([ 0.1 , -0.42]), rgbPedestal=array([ 0.,  0.,  0.]), sf=array([ 0.,  0.]), size=array([ 0.3,  0.2]), tex='sin', texRes=256, units='norm', win=Window(...))
44.4817 	EXP 	Created unnamed GratingStim = GratingStim(autoDraw=False, autoLog=True, color=array([ 1. ,  0.5,  0.5]), colorSpace='rgb', contrast=1.0, depth=0, interpolate=False, mask='gauss', maskParams=None, name='unnamed GratingStim', opacity=1.0, ori=0.0, phase=array([ 0.,  0.]), pos=array([-0.2 , -0.72]), rgbPedestal=array([ 0.,  0.,  0.]), sf=array([ 0.,  0.]), size=array([ 0.3,  0.2]), tex='sin', texRes=256, units='norm', win=Window(...))
44.5014 	EXP 	Created unnamed GratingStim = GratingStim(autoDraw=False, autoLog=True, color=array([ 1. ,  0.5,  0.5]), colorSpace='rgb', contrast=1.0, depth=0, interpolate=False, mask='gauss', maskParams=None, name='unnamed GratingStim', opacity=1.0, ori=0.0, phase=array([ 0.,  0.]), pos=array([ 0.1 , -0.72]), rgbPedestal=array([ 0.,  0.,  0.]), sf=array([ 0.,  0.]), size=array([ 0.3,  0.2]), tex='sin', texRes=256, units='norm', win=Window(...))
44.5040 	DATA 	Mouse:  Left button up, pos=(515,32)
44.5108 	EXP 	unnamed ImageStim: size = (1.1, 2)
61.2123 	DATA 	Mouse: Left button down, pos=(766,300)
61.3120 	DATA 	Mouse:  Left button up, pos=(766,300)
68.9825 	DATA 	Mouse: Left button down, pos=(742,147)
69.1120 	DATA 	Mouse:  Left button up, pos=(742,147)
70.1168 	DATA 	Mouse: Left button down, pos=(749,43)
70.1452 	EXP 	window1: units = 'deg'
70.1504 	EXP 	window1: mouseVisible = True
72.8813 	EXP 	Created window1 = Window(allowGUI=False, allowStencil=False, autoLog=True, bitsMode=UNKNOWN, blendMode='avg', color=array([-0.7, -0.7, -0.7]), colorSpace='rgb', fullscr=UNKNOWN, gamma=None, lms=UNKNOWN, monitor=<psychopy.monitors.calibTools.Monitor object at 0x1A9E2170>, name='window1', pos=[0, 0], screen=0, size=array([1920, 1080]), stereo=False, units='deg', useFBO=False, useRetina=False, viewOri=0.0, viewPos=None, viewScale=None, waitBlanking=False, winType='pyglet')
77.2978 	INFO 	#[ PsychoPy2 RuntimeInfoStart ]
  #[[ PsychoPy ]] #---------
    psychopyVersion: 1.84.2
    psychopyHaveExtRush: True
  #[[ Experiment ]] #---------
    experimentAuthor: None
    experimentAuthVersion: None
    experimentRunTime: 2018_08_10 11:05 (Year_Month_Day Hour:Min)
    experimentRunTime.epoch: 1533863138
    experimentScript: psyc1002.py
    experimentScript.digestSHA1: 03993779484d600ea4c1b8cc2288f3d37a5025d5
    experimentScript.directory: U:\PSYC1002\abgdj
  #[[ System ]] #---------
    systemHaveInternetAccess: True
    systemHostName: W5FBXKG2
    systemLocale: English_Australia.1252
    systemMemFreeRAM: 4284.640625
    systemMemTotalRAM: 8076.9453125
    systemPlatform: windowsversion=sys.getwindowsversion(major=6, minor=2, build=9200, platform=2, service_pack='')
    systemPyo.InputDevices: {4: {'host api index': 2, 'latency': 0.008707483299076557, 'default sr': 44100, 'name': u'Realtek ASIO'}}
    systemPyo.OutputDevices: {0: {'host api index': 0, 'latency': 0.09000000357627869, 'default sr': 44100, 'name': u'Microsoft Sound Mapper - Output'}, 1: {'host api index': 0, 'latency': 0.09000000357627869, 'default sr': 44100, 'name': u'Speakers / Headphones (Realtek '}, 2: {'host api index': 1, 'latency': 0.11999999731779099, 'default sr': 44100, 'name': u'Primary Sound Driver'}, 3: {'host api index': 1, 'latency': 0.11999999731779099, 'default sr': 44100, 'name': u'Speakers / Headphones (Realtek High Definition Audio)'}, 4: {'host api index': 2, 'latency': 0.008707483299076557, 'default sr': 44100, 'name': u'Realtek ASIO'}, 5: {'host api index': 3, 'latency': 0.003000000026077032, 'default sr': 48000, 'name': u'Speakers / Headphones (Realtek High Definition Audio)'}}
    systemPyoVersion: 0.8.0
    systemRebooted: System Boot Time:          10/08/2018, 2:23:09 AM
    systemSec.pythonSSL: True
    systemTimeNumpySD1000000_sec: 0.0082
    systemUser: qliu8911
    systemUserID: 1000
    systemUserProcCmdPid: nimdnsResponder.exe policyHost.exe nierserver.exe LabStatsUserSpace.exe ssonsvr.exe AGSService.exe dwm.exe nidevldu.exe System sihost.exe csrss.exe SmcGui.exe niauth_daemon.exe wininit.exe SISIDSService.exe CmRcService.exe server_admin.exe OneDrive.exe winlogon.exe LabStatsClient.exe ShellExperienceHost.exe tagsrv.exe SearchUI.exe ctfmon.exe TrustedInstaller.exe RtkNGUI64.exe nidevmon.exe RAVBg64.exe SearchIndexer.exe TiWorker.exe ''Memory Compression'' explorer.exe server_runtime.exe SCNotification.exe conhost.exe smss.exe WmiPrvSE.exe NIWebServiceContainer.exe ApplicationWebServer.exe nimxs.exe fontdrvhost.exe taskhostw.exe nipxism.exe acrotray.exe redirector.exe nicitdl5.exe niLxiDiscovery.exe RtkAudioService64.exe cmd.exe SystemWebServer.exe unsecapp.exe tasklist.exe SecurityHealthService.exe sisipsutil.exe nidmsrv.exe Receiver.exe snowagent.exe wfcrun32.exe CcmExec.exe SISIPSService.exe concentr.exe lktsrv.exe nisvcloc.exe server_eventlog.exe pc-client.exe RuntimeBroker.exe lkcitdl.exe python.exe ''System Idle Process'' lkads.exe lsass.exe services.exe niDiscSvc.exe sqlwriter.exe AuthManSvr.exe MSASCuiL.exe spoolsv.exe svchost.exe ccSvcHst.exe SelfServicePlugin.exe ni_usbmon.exe AdobeUpdateService.exe armsvc.exe audiodg.exe
    systemUserProcCount: 174
    systemUserProcFlagged: Explorer
    systemUsersCount: False
  #[[ Window ]] #---------
    windowWinType: pyglet
    windowWaitBlanking: False
    windowUseNativeGamma: True
    windowUnits: deg
    windowSize_pix: [1920 1080]
    windowScreen: 0
    windowRgb: [-0.7 -0.7 -0.7]
    windowRefreshTimeSD_ms: 0.237
    windowRefreshTimeMedian_ms: 16.678
    windowRefreshTimeAvg_ms: 16.667
    windowRefreshThreshold_sec: 0.0200
    windowRecordFrameIntervals: False
    windowPos_pix: [0, 0]
    windowMonitor.name: testmonitor
    windowMonitor.getWidth_cm: 57.0
    windowMonitor.getLinearizeMethod: 1
    windowMonitor.getGammaGrid: [[  0.   1.   1.  nan  nan  nan]
 [  0.   1.   1.  nan  nan  nan]
 [  0.   1.   1.  nan  nan  nan]
 [  0.   1.   1.  nan  nan  nan]]
    windowMonitor.getDistance_cm: 57.0
    windowMonitor.gammaInterpolator2: None
    windowMonitor.gammaInterpolator: None
    windowMonitor.currentCalibName: 2018_08_10 11:04
    windowIsFullScr: True
    windowHaveShaders: True
    windowAllowGUI: False
  #[[ Python ]] #---------
    pythonWxVersion: 3.0.2.0 msw (classic)
    pythonVersion: 2.7.11
    pythonScipyVersion: 0.17.1
    pythonPygletVersion: 1.2.4
    pythonPygameVersion: 1.9.2pre
    pythonNumpyVersion: 1.11.0
    pythonMatplotlibVersion: 1.5.1
    pythonFullVersion: 2.7.11 (v2.7.11:6d1b6a68f775, Dec  5 2015, 20:32:19) [MSC v.1500 32 bit (Intel)]
    pythonExecutable: C:\Program Files (x86)\PsychoPy2\python.exe
  #[[ OpenGL ]] #---------
    openGLVersion: 4.4.0 - Build 20.19.15.4531
    openGLVendor: Intel
    openGLRenderingEngine: Intel(R) HD Graphics 530
    openGLmaxVerticesInVertexArray: 1048576
    False: openGLext.GL_STEREO
    True: openGLext.GL_EXT_framebuffer_object
    True: openGLext.GL_ARB_vertex_shader
    True: openGLext.GL_ARB_texture_non_power_of_two
    True: openGLext.GL_ARB_texture_float
    True: openGLext.GL_ARB_shader_objects
    True: openGLext.GL_ARB_multitexture
    True: openGLext.GL_ARB_fragment_program
#[ PsychoPy2 RuntimeInfoEnd ]

77.3454 	EXP 	window1: recordFrameIntervals = True
78.1788 	EXP 	window1: recordFrameIntervals = False
78.1797 	INFO 	Frames per second ~=60.1, which is close enough to desired val of 60.0
78.3823 	EXP 	Created sequence: random, trialTypes=12, nReps=30, seed=None
78.5242 	INFO 	Mouse: using default window
78.5437 	EXP 	Created OKrespZone = GratingStim(autoDraw=False, autoLog=True, color=array([ 1.,  1.,  1.]), colorSpace='rgb', contrast=1.0, depth=0, interpolate=False, mask='gauss', maskParams=None, name='OKrespZone', opacity=1.0, ori=0.0, phase=array([ 0.,  0.]), pos=array([ 0.  ,  0.88]), rgbPedestal=array([ 0.,  0.,  0.]), sf=array([ 0.,  0.]), size=array([ 2. ,  0.2]), tex='sin', texRes=256, units='norm', win=Window(...))
87.3006 	DATA 	Mouse: Left button down, pos=(827,897)
87.4683 	DATA 	Mouse:  Left button up, pos=(827,897)
97.9813 	DATA 	Mouse: Left button down, pos=(295,947)
98.1003 	DATA 	Mouse:  Left button up, pos=(295,947)
151.5485 	DATA 	Mouse: Left button down, pos=(491,740)
151.7563 	DATA 	Mouse:  Left button up, pos=(491,740)
157.8684 	DATA 	Mouse: Left button down, pos=(161,392)
158.0362 	DATA 	Mouse:  Left button up, pos=(161,392)
161.7725 	DATA 	Mouse: Left button down, pos=(1322,682)
161.9322 	DATA 	Mouse:  Left button up, pos=(1322,682)
162.9486 	DATA 	Mouse: Left button down, pos=(1127,675)
163.1082 	DATA 	Mouse:  Left button up, pos=(1127,675)
199.0284 	DATA 	Mouse: Left button down, pos=(919,395)
199.1801 	DATA 	Mouse:  Left button up, pos=(919,395)
201.3574 	DATA 	Mouse: Left button down, pos=(1307,325)
201.5002 	DATA 	Mouse:  Left button up, pos=(1307,325)
218.5884 	DATA 	Mouse: Left button down, pos=(1359,388)
218.7163 	DATA 	Mouse:  Left button up, pos=(1359,388)
296.4604 	DATA 	Mouse: Left button down, pos=(598,1080)
296.5208 	INFO 	Experiment will have 360 trials. Letters will be drawn with superposed noise of 0.00%
296.5343 	EXP 	New trial (rep=0, index=0): {'leftStreamFlip': False, 'oneTarget': False, 'trialInstructionPos': (0, -1), 'probe': 'both', 'rightStreamFlip': False, 'horizVert': True, 'ISIframes': 3, 'rightResponseFirst': True}
296.5344 	INFO 	Starting main part of experiment
296.5978 	DATA 	Mouse:  Left button up, pos=(598,1080)
296.6982 	DATA 	Mouse: Left button down, pos=(598,1080)
296.7812 	DATA 	Mouse:  Left button up, pos=(598,1080)
297.7124 	INFO 	numtrials=360 and this trialDurFrames=41 or 683.333333333 ms  task=T1
299.8623 	EXP 	window1: recordFrameIntervals = False
299.8730 	INFO 	Mouse: using default window
323.5823 	DATA 	Mouse: Left button down, pos=(1046,745)
323.7622 	DATA 	Mouse:  Left button up, pos=(1046,745)
328.5167 	DATA 	Keypress: left
329.0459 	DATA 	Keypress: left
330.1790 	DATA 	Mouse: Left button down, pos=(1062,948)
330.3122 	DATA 	Mouse:  Left button up, pos=(1062,948)
336.1457 	DATA 	Keypress: left
336.7623 	DATA 	Keypress: escape
336.8957 	DATA 	Keypress: escape
337.0626 	DATA 	Keypress: escape
337.8958 	DATA 	Keypress: escape
338.0624 	DATA 	Mouse: Left button down, pos=(1903,180)
338.1622 	DATA 	Mouse:  Left button up, pos=(1903,180)
338.2130 	DATA 	Keypress: escape
338.2791 	DATA 	Mouse: Left button down, pos=(1903,180)
338.3124 	DATA 	Mouse:  Left button up, pos=(1903,177)
338.4462 	DATA 	Keypress: escape
338.5958 	DATA 	Mouse: Left button down, pos=(1900,159)
338.5993 	DATA 	Keypress: escape
338.6954 	DATA 	Mouse:  Left button up, pos=(1900,159)
338.8123 	DATA 	Keypress: escape
338.8126 	DATA 	Mouse: Left button down, pos=(1900,159)
338.8791 	DATA 	Mouse:  Left button up, pos=(1900,159)
338.9821 	DATA 	Keypress: escape
339.9456 	DATA 	Keypress: c
342.8457 	DATA 	Keypress: f
343.0387 	EXP 	New trial (rep=0, index=1): {'leftStreamFlip': False, 'oneTarget': True, 'trialInstructionPos': (0, -1), 'probe': 'both', 'rightStreamFlip': False, 'horizVert': True, 'ISIframes': 3, 'rightResponseFirst': False}
344.6624 	DATA 	Keypress: f
345.8622 	INFO 	numtrials=360 and this trialDurFrames=32 or 533.333333333 ms  task=T1
347.8289 	EXP 	window1: recordFrameIntervals = False
347.8374 	INFO 	Mouse: using default window
352.7292 	DATA 	Keypress: f
352.8699 	EXP 	New trial (rep=0, index=2): {'leftStreamFlip': False, 'oneTarget': True, 'trialInstructionPos': (0, 1), 'probe': 'both', 'rightStreamFlip': False, 'horizVert': True, 'ISIframes': 3, 'rightResponseFirst': True}
352.8789 	INFO 	numtrials=360 and this trialDurFrames=26 or 433.333333333 ms  task=T1
354.8122 	EXP 	window1: recordFrameIntervals = False
354.8221 	INFO 	Mouse: using default window
356.9291 	DATA 	Keypress: e
357.0702 	EXP 	New trial (rep=0, index=3): {'leftStreamFlip': False, 'oneTarget': False, 'trialInstructionPos': (0, -1), 'probe': 'both', 'rightStreamFlip': False, 'horizVert': True, 'ISIframes': 3, 'rightResponseFirst': True}
357.0780 	INFO 	numtrials=360 and this trialDurFrames=26 or 433.333333333 ms  task=T1
358.4955 	EXP 	window1: recordFrameIntervals = False
358.5040 	INFO 	Mouse: using default window
359.8790 	DATA 	Keypress: m
365.3831 	DATA 	Keypress: d
365.5353 	EXP 	New trial (rep=0, index=4): {'leftStreamFlip': False, 'oneTarget': False, 'trialInstructionPos': (0, -1), 'probe': 'both', 'rightStreamFlip': False, 'horizVert': True, 'ISIframes': 3, 'rightResponseFirst': False}
368.9293 	DATA 	Keypress: space
368.9621 	INFO 	numtrials=360 and this trialDurFrames=20 or 333.333333333 ms  task=T1
370.4456 	EXP 	window1: recordFrameIntervals = False
370.4536 	INFO 	Mouse: using default window
372.0623 	DATA 	Keypress: u
372.2624 	DATA 	Keypress: k
372.4098 	EXP 	New trial (rep=0, index=5): {'leftStreamFlip': False, 'oneTarget': False, 'trialInstructionPos': (0, 1), 'probe': 'both', 'rightStreamFlip': False, 'horizVert': True, 'ISIframes': 3, 'rightResponseFirst': True}
372.4282 	INFO 	numtrials=360 and this trialDurFrames=5 or 83.3333333333 ms  task=T1
373.6121 	EXP 	window1: recordFrameIntervals = False
373.6207 	INFO 	Mouse: using default window
408.5292 	DATA 	Keypress: g
408.8125 	DATA 	Keypress: f
408.9519 	EXP 	New trial (rep=0, index=6): {'leftStreamFlip': False, 'oneTarget': False, 'trialInstructionPos': (0, -1), 'probe': 'both', 'rightStreamFlip': False, 'horizVert': True, 'ISIframes': 3, 'rightResponseFirst': False}
408.9784 	INFO 	numtrials=360 and this trialDurFrames=6 or 100.0 ms  task=T1
410.0955 	EXP 	window1: recordFrameIntervals = False
410.1035 	INFO 	Mouse: using default window
411.9624 	DATA 	Keypress: f
412.2458 	DATA 	Keypress: c
412.3881 	EXP 	New trial (rep=0, index=7): {'leftStreamFlip': False, 'oneTarget': True, 'trialInstructionPos': (0, -1), 'probe': 'both', 'rightStreamFlip': False, 'horizVert': True, 'ISIframes': 3, 'rightResponseFirst': True}
412.4116 	INFO 	numtrials=360 and this trialDurFrames=7 or 116.666666667 ms  task=T1
413.6622 	EXP 	window1: recordFrameIntervals = False
413.6707 	INFO 	Mouse: using default window
415.8458 	DATA 	Keypress: c
415.9873 	EXP 	New trial (rep=0, index=8): {'leftStreamFlip': False, 'oneTarget': False, 'trialInstructionPos': (0, 1), 'probe': 'both', 'rightStreamFlip': False, 'horizVert': True, 'ISIframes': 3, 'rightResponseFirst': False}
416.0121 	INFO 	numtrials=360 and this trialDurFrames=7 or 116.666666667 ms  task=T1
417.2460 	EXP 	window1: recordFrameIntervals = False
417.2549 	INFO 	Mouse: using default window
418.4792 	DATA 	Keypress: z
421.7326 	DATA 	Keypress: z
421.8895 	EXP 	New trial (rep=0, index=9): {'leftStreamFlip': False, 'oneTarget': False, 'trialInstructionPos': (0, 1), 'probe': 'both', 'rightStreamFlip': False, 'horizVert': True, 'ISIframes': 3, 'rightResponseFirst': False}
421.9118 	INFO 	numtrials=360 and this trialDurFrames=7 or 116.666666667 ms  task=T1
423.1122 	EXP 	window1: recordFrameIntervals = False
423.1220 	INFO 	Mouse: using default window
426.1491 	DATA 	Keypress: f
430.3292 	DATA 	Keypress: d
430.4722 	EXP 	New trial (rep=0, index=10): {'leftStreamFlip': False, 'oneTarget': True, 'trialInstructionPos': (0, 1), 'probe': 'both', 'rightStreamFlip': False, 'horizVert': True, 'ISIframes': 3, 'rightResponseFirst': False}
430.4949 	INFO 	numtrials=360 and this trialDurFrames=7 or 116.666666667 ms  task=T1
431.5290 	EXP 	window1: recordFrameIntervals = False
431.5376 	INFO 	Mouse: using default window
433.8154 	DATA 	Keypress: f
433.9688 	EXP 	New trial (rep=0, index=11): {'leftStreamFlip': False, 'oneTarget': False, 'trialInstructionPos': (0, 1), 'probe': 'both', 'rightStreamFlip': False, 'horizVert': True, 'ISIframes': 3, 'rightResponseFirst': True}
433.9944 	INFO 	numtrials=360 and this trialDurFrames=8 or 133.333333333 ms  task=T1
435.2290 	EXP 	window1: recordFrameIntervals = False
435.2379 	INFO 	Mouse: using default window
435.7823 	DATA 	Keypress: k
448.8460 	DATA 	Keypress: space
449.9124 	DATA 	Keypress: f
450.0560 	EXP 	New trial (rep=1, index=0): {'leftStreamFlip': False, 'oneTarget': False, 'trialInstructionPos': (0, -1), 'probe': 'both', 'rightStreamFlip': False, 'horizVert': True, 'ISIframes': 3, 'rightResponseFirst': False}
450.0784 	INFO 	numtrials=360 and this trialDurFrames=8 or 133.333333333 ms  task=T1
451.3122 	EXP 	window1: recordFrameIntervals = False
451.3208 	INFO 	Mouse: using default window
456.1490 	DATA 	Keypress: g
457.8460 	DATA 	Keypress: d
457.9865 	EXP 	New trial (rep=1, index=1): {'leftStreamFlip': False, 'oneTarget': False, 'trialInstructionPos': (0, 1), 'probe': 'both', 'rightStreamFlip': False, 'horizVert': True, 'ISIframes': 3, 'rightResponseFirst': True}
458.0120 	INFO 	numtrials=360 and this trialDurFrames=8 or 133.333333333 ms  task=T1
459.0789 	EXP 	window1: recordFrameIntervals = False
459.0883 	INFO 	Mouse: using default window
461.0792 	DATA 	Keypress: a
462.4460 	DATA 	Keypress: m
462.5844 	EXP 	New trial (rep=1, index=2): {'leftStreamFlip': False, 'oneTarget': False, 'trialInstructionPos': (0, 1), 'probe': 'both', 'rightStreamFlip': False, 'horizVert': True, 'ISIframes': 3, 'rightResponseFirst': False}
462.6115 	INFO 	numtrials=360 and this trialDurFrames=8 or 133.333333333 ms  task=T1
463.7290 	EXP 	window1: recordFrameIntervals = False
463.7374 	INFO 	Mouse: using default window
467.5291 	DATA 	Keypress: d
468.3294 	DATA 	Keypress: z
468.4710 	EXP 	New trial (rep=1, index=3): {'leftStreamFlip': False, 'oneTarget': True, 'trialInstructionPos': (0, 1), 'probe': 'both', 'rightStreamFlip': False, 'horizVert': True, 'ISIframes': 3, 'rightResponseFirst': True}
468.4951 	INFO 	numtrials=360 and this trialDurFrames=8 or 133.333333333 ms  task=T1
469.7456 	EXP 	window1: recordFrameIntervals = False
469.7548 	INFO 	Mouse: using default window
471.1960 	DATA 	Keypress: m
471.3345 	EXP 	New trial (rep=1, index=4): {'leftStreamFlip': False, 'oneTarget': False, 'trialInstructionPos': (0, 1), 'probe': 'both', 'rightStreamFlip': False, 'horizVert': True, 'ISIframes': 3, 'rightResponseFirst': False}
471.3628 	INFO 	numtrials=360 and this trialDurFrames=8 or 133.333333333 ms  task=T1
472.6122 	EXP 	window1: recordFrameIntervals = False
472.6207 	INFO 	Mouse: using default window
475.9292 	DATA 	Keypress: v
477.4958 	DATA 	Keypress: a
477.6448 	EXP 	New trial (rep=1, index=5): {'leftStreamFlip': False, 'oneTarget': False, 'trialInstructionPos': (0, -1), 'probe': 'both', 'rightStreamFlip': False, 'horizVert': True, 'ISIframes': 3, 'rightResponseFirst': False}
477.6620 	INFO 	numtrials=360 and this trialDurFrames=8 or 133.333333333 ms  task=T1
478.7789 	EXP 	window1: recordFrameIntervals = False
478.7878 	INFO 	Mouse: using default window
480.6297 	DATA 	Keypress: g
481.6126 	DATA 	Keypress: a
481.7541 	EXP 	New trial (rep=1, index=6): {'leftStreamFlip': False, 'oneTarget': True, 'trialInstructionPos': (0, 1), 'probe': 'both', 'rightStreamFlip': False, 'horizVert': True, 'ISIframes': 3, 'rightResponseFirst': False}
481.7780 	INFO 	numtrials=360 and this trialDurFrames=8 or 133.333333333 ms  task=T1
483.0289 	EXP 	window1: recordFrameIntervals = False
483.0374 	INFO 	Mouse: using default window
484.8958 	DATA 	Keypress: y
485.0346 	EXP 	New trial (rep=1, index=7): {'leftStreamFlip': False, 'oneTarget': False, 'trialInstructionPos': (0, -1), 'probe': 'both', 'rightStreamFlip': False, 'horizVert': True, 'ISIframes': 3, 'rightResponseFirst': True}
485.0621 	INFO 	numtrials=360 and this trialDurFrames=8 or 133.333333333 ms  task=T1
486.2791 	EXP 	window1: recordFrameIntervals = False
486.2875 	INFO 	Mouse: using default window
489.4126 	DATA 	Keypress: t
490.4793 	DATA 	Keypress: f
490.6201 	EXP 	New trial (rep=1, index=8): {'leftStreamFlip': False, 'oneTarget': False, 'trialInstructionPos': (0, -1), 'probe': 'both', 'rightStreamFlip': False, 'horizVert': True, 'ISIframes': 3, 'rightResponseFirst': True}
490.6450 	INFO 	numtrials=360 and this trialDurFrames=8 or 133.333333333 ms  task=T1
491.6956 	EXP 	window1: recordFrameIntervals = False
491.7041 	INFO 	Mouse: using default window
549.2125 	DATA 	Keypress: f
550.2792 	DATA 	Keypress: f
550.4188 	EXP 	New trial (rep=1, index=9): {'leftStreamFlip': False, 'oneTarget': False, 'trialInstructionPos': (0, 1), 'probe': 'both', 'rightStreamFlip': False, 'horizVert': True, 'ISIframes': 3, 'rightResponseFirst': True}
550.4452 	INFO 	numtrials=360 and this trialDurFrames=8 or 133.333333333 ms  task=T1
551.5456 	EXP 	window1: recordFrameIntervals = False
551.5543 	INFO 	Mouse: using default window
554.0635 	DATA 	Keypress: f
555.2458 	DATA 	Keypress: p
555.3854 	EXP 	New trial (rep=1, index=10): {'leftStreamFlip': False, 'oneTarget': True, 'trialInstructionPos': (0, -1), 'probe': 'both', 'rightStreamFlip': False, 'horizVert': True, 'ISIframes': 3, 'rightResponseFirst': False}
555.4118 	INFO 	numtrials=360 and this trialDurFrames=9 or 150.0 ms  task=T1
556.4790 	EXP 	window1: recordFrameIntervals = False
556.4879 	INFO 	Mouse: using default window
558.2125 	DATA 	Keypress: c
558.3523 	EXP 	New trial (rep=1, index=11): {'leftStreamFlip': False, 'oneTarget': True, 'trialInstructionPos': (0, -1), 'probe': 'both', 'rightStreamFlip': False, 'horizVert': True, 'ISIframes': 3, 'rightResponseFirst': True}
558.3784 	INFO 	numtrials=360 and this trialDurFrames=9 or 150.0 ms  task=T1
559.4624 	EXP 	window1: recordFrameIntervals = False
559.4712 	INFO 	Mouse: using default window
563.1794 	DATA 	Keypress: a
563.3190 	EXP 	New trial (rep=2, index=0): {'leftStreamFlip': False, 'oneTarget': False, 'trialInstructionPos': (0, 1), 'probe': 'both', 'rightStreamFlip': False, 'horizVert': True, 'ISIframes': 3, 'rightResponseFirst': True}
563.3455 	INFO 	numtrials=360 and this trialDurFrames=9 or 150.0 ms  task=T1
564.5790 	EXP 	window1: recordFrameIntervals = False
564.5883 	INFO 	Mouse: using default window
566.3292 	DATA 	Keypress: t
568.1491 	DATA 	Keypress: s
568.3025 	EXP 	New trial (rep=2, index=1): {'leftStreamFlip': False, 'oneTarget': False, 'trialInstructionPos': (0, 1), 'probe': 'both', 'rightStreamFlip': False, 'horizVert': True, 'ISIframes': 3, 'rightResponseFirst': False}
568.3287 	INFO 	numtrials=360 and this trialDurFrames=9 or 150.0 ms  task=T1
569.6123 	EXP 	window1: recordFrameIntervals = False
569.6209 	INFO 	Mouse: using default window
572.1990 	DATA 	Keypress: g
585.4294 	DATA 	Keypress: a
585.5690 	EXP 	New trial (rep=2, index=2): {'leftStreamFlip': False, 'oneTarget': False, 'trialInstructionPos': (0, -1), 'probe': 'both', 'rightStreamFlip': False, 'horizVert': True, 'ISIframes': 3, 'rightResponseFirst': False}
585.5955 	INFO 	numtrials=360 and this trialDurFrames=10 or 166.666666667 ms  task=T1
586.8291 	EXP 	window1: recordFrameIntervals = False
586.8378 	INFO 	Mouse: using default window
588.4794 	DATA 	Keypress: f
589.7126 	DATA 	Keypress: h
589.8533 	EXP 	New trial (rep=2, index=3): {'leftStreamFlip': False, 'oneTarget': True, 'trialInstructionPos': (0, -1), 'probe': 'both', 'rightStreamFlip': False, 'horizVert': True, 'ISIframes': 3, 'rightResponseFirst': False}
589.8786 	INFO 	numtrials=360 and this trialDurFrames=10 or 166.666666667 ms  task=T1
591.1125 	EXP 	window1: recordFrameIntervals = False
591.1216 	INFO 	Mouse: using default window
594.5627 	DATA 	Keypress: k
594.7018 	EXP 	New trial (rep=2, index=4): {'leftStreamFlip': False, 'oneTarget': False, 'trialInstructionPos': (0, -1), 'probe': 'both', 'rightStreamFlip': False, 'horizVert': True, 'ISIframes': 3, 'rightResponseFirst': False}
594.7295 	INFO 	numtrials=360 and this trialDurFrames=10 or 166.666666667 ms  task=T1
595.9957 	EXP 	window1: recordFrameIntervals = False
596.0042 	INFO 	Mouse: using default window
597.7292 	DATA 	Keypress: g
598.6460 	DATA 	Keypress: a
598.7853 	EXP 	New trial (rep=2, index=5): {'leftStreamFlip': False, 'oneTarget': False, 'trialInstructionPos': (0, 1), 'probe': 'both', 'rightStreamFlip': False, 'horizVert': True, 'ISIframes': 3, 'rightResponseFirst': True}
598.8131 	INFO 	numtrials=360 and this trialDurFrames=10 or 166.666666667 ms  task=T1
600.0957 	EXP 	window1: recordFrameIntervals = False
600.1052 	INFO 	Mouse: using default window
602.1459 	DATA 	Keypress: g
603.3327 	DATA 	Keypress: h
603.4865 	EXP 	New trial (rep=2, index=6): {'leftStreamFlip': False, 'oneTarget': True, 'trialInstructionPos': (0, 1), 'probe': 'both', 'rightStreamFlip': False, 'horizVert': True, 'ISIframes': 3, 'rightResponseFirst': True}
603.5117 	INFO 	numtrials=360 and this trialDurFrames=10 or 166.666666667 ms  task=T1
604.6290 	EXP 	window1: recordFrameIntervals = False
604.6376 	INFO 	Mouse: using default window
606.2295 	DATA 	Keypress: f
606.3711 	EXP 	New trial (rep=2, index=7): {'leftStreamFlip': False, 'oneTarget': False, 'trialInstructionPos': (0, -1), 'probe': 'both', 'rightStreamFlip': False, 'horizVert': True, 'ISIframes': 3, 'rightResponseFirst': True}
606.3959 	INFO 	numtrials=360 and this trialDurFrames=10 or 166.666666667 ms  task=T1
607.6956 	EXP 	window1: recordFrameIntervals = False
607.7042 	INFO 	Mouse: using default window
609.0128 	DATA 	Keypress: s
610.0458 	DATA 	Keypress: g
610.1922 	EXP 	New trial (rep=2, index=8): {'leftStreamFlip': False, 'oneTarget': False, 'trialInstructionPos': (0, 1), 'probe': 'both', 'rightStreamFlip': False, 'horizVert': True, 'ISIframes': 3, 'rightResponseFirst': False}
610.2118 	INFO 	numtrials=360 and this trialDurFrames=10 or 166.666666667 ms  task=T1
611.5297 	EXP 	window1: recordFrameIntervals = False
611.5373 	INFO 	Mouse: using default window
612.9993 	DATA 	Keypress: h
613.8961 	DATA 	Keypress: e
614.0355 	EXP 	New trial (rep=2, index=9): {'leftStreamFlip': False, 'oneTarget': False, 'trialInstructionPos': (0, -1), 'probe': 'both', 'rightStreamFlip': False, 'horizVert': True, 'ISIframes': 3, 'rightResponseFirst': True}
614.0615 	INFO 	numtrials=360 and this trialDurFrames=10 or 166.666666667 ms  task=T1
615.3457 	EXP 	window1: recordFrameIntervals = False
615.3544 	INFO 	Mouse: using default window
616.7792 	DATA 	Keypress: f
618.1126 	DATA 	Keypress: s
618.2523 	EXP 	New trial (rep=2, index=10): {'leftStreamFlip': False, 'oneTarget': True, 'trialInstructionPos': (0, -1), 'probe': 'both', 'rightStreamFlip': False, 'horizVert': True, 'ISIframes': 3, 'rightResponseFirst': True}
618.2785 	INFO 	numtrials=360 and this trialDurFrames=10 or 166.666666667 ms  task=T1
619.3623 	EXP 	window1: recordFrameIntervals = False
619.3716 	INFO 	Mouse: using default window
620.5625 	DATA 	Keypress: z
620.7055 	EXP 	New trial (rep=2, index=11): {'leftStreamFlip': False, 'oneTarget': True, 'trialInstructionPos': (0, 1), 'probe': 'both', 'rightStreamFlip': False, 'horizVert': True, 'ISIframes': 3, 'rightResponseFirst': False}
620.7285 	INFO 	numtrials=360 and this trialDurFrames=10 or 166.666666667 ms  task=T1
622.0126 	EXP 	window1: recordFrameIntervals = False
622.0214 	INFO 	Mouse: using default window
623.3128 	DATA 	Keypress: s
623.4516 	EXP 	New trial (rep=3, index=0): {'leftStreamFlip': False, 'oneTarget': False, 'trialInstructionPos': (0, 1), 'probe': 'both', 'rightStreamFlip': False, 'horizVert': True, 'ISIframes': 3, 'rightResponseFirst': False}
623.4797 	INFO 	numtrials=360 and this trialDurFrames=10 or 166.666666667 ms  task=T1
624.6456 	EXP 	window1: recordFrameIntervals = False
624.6563 	INFO 	Mouse: using default window
626.4959 	DATA 	Keypress: h
627.6126 	DATA 	Keypress: t
627.7541 	EXP 	New trial (rep=3, index=1): {'leftStreamFlip': False, 'oneTarget': False, 'trialInstructionPos': (0, -1), 'probe': 'both', 'rightStreamFlip': False, 'horizVert': True, 'ISIframes': 3, 'rightResponseFirst': False}
627.7787 	INFO 	numtrials=360 and this trialDurFrames=10 or 166.666666667 ms  task=T1
628.9791 	EXP 	window1: recordFrameIntervals = False
628.9885 	INFO 	Mouse: using default window
630.3459 	DATA 	Keypress: s
631.4127 	DATA 	Keypress: f
631.5533 	EXP 	New trial (rep=3, index=2): {'leftStreamFlip': False, 'oneTarget': False, 'trialInstructionPos': (0, -1), 'probe': 'both', 'rightStreamFlip': False, 'horizVert': True, 'ISIframes': 3, 'rightResponseFirst': True}
631.5786 	INFO 	numtrials=360 and this trialDurFrames=10 or 166.666666667 ms  task=T1
632.6624 	EXP 	window1: recordFrameIntervals = False
632.6715 	INFO 	Mouse: using default window
634.5297 	DATA 	Keypress: s
635.6292 	DATA 	Keypress: k
635.7694 	EXP 	New trial (rep=3, index=3): {'leftStreamFlip': False, 'oneTarget': False, 'trialInstructionPos': (0, -1), 'probe': 'both', 'rightStreamFlip': False, 'horizVert': True, 'ISIframes': 3, 'rightResponseFirst': True}
635.7954 	INFO 	numtrials=360 and this trialDurFrames=10 or 166.666666667 ms  task=T1
636.9624 	EXP 	window1: recordFrameIntervals = False
636.9714 	INFO 	Mouse: using default window
639.0294 	DATA 	Keypress: u
639.9959 	DATA 	Keypress: s
640.1357 	EXP 	New trial (rep=3, index=4): {'leftStreamFlip': False, 'oneTarget': True, 'trialInstructionPos': (0, -1), 'probe': 'both', 'rightStreamFlip': False, 'horizVert': True, 'ISIframes': 3, 'rightResponseFirst': False}
640.1620 	INFO 	numtrials=360 and this trialDurFrames=10 or 166.666666667 ms  task=T1
641.3124 	EXP 	window1: recordFrameIntervals = False
641.3213 	INFO 	Mouse: using default window
643.5960 	DATA 	Keypress: h
643.7354 	EXP 	New trial (rep=3, index=5): {'leftStreamFlip': False, 'oneTarget': True, 'trialInstructionPos': (0, 1), 'probe': 'both', 'rightStreamFlip': False, 'horizVert': True, 'ISIframes': 3, 'rightResponseFirst': True}
643.7632 	INFO 	numtrials=360 and this trialDurFrames=10 or 166.666666667 ms  task=T1
644.9792 	EXP 	window1: recordFrameIntervals = False
644.9884 	INFO 	Mouse: using default window
646.3960 	DATA 	Keypress: z
646.5352 	EXP 	New trial (rep=3, index=6): {'leftStreamFlip': False, 'oneTarget': False, 'trialInstructionPos': (0, -1), 'probe': 'both', 'rightStreamFlip': False, 'horizVert': True, 'ISIframes': 3, 'rightResponseFirst': False}
646.5631 	INFO 	numtrials=360 and this trialDurFrames=10 or 166.666666667 ms  task=T1
647.8293 	EXP 	window1: recordFrameIntervals = False
647.8378 	INFO 	Mouse: using default window
649.2459 	DATA 	Keypress: s
650.4126 	DATA 	Keypress: g
650.5522 	EXP 	New trial (rep=3, index=7): {'leftStreamFlip': False, 'oneTarget': True, 'trialInstructionPos': (0, -1), 'probe': 'both', 'rightStreamFlip': False, 'horizVert': True, 'ISIframes': 3, 'rightResponseFirst': True}
650.5798 	INFO 	numtrials=360 and this trialDurFrames=10 or 166.666666667 ms  task=T1
651.8791 	EXP 	window1: recordFrameIntervals = False
651.8877 	INFO 	Mouse: using default window
653.6293 	DATA 	Keypress: u
653.7709 	EXP 	New trial (rep=3, index=8): {'leftStreamFlip': False, 'oneTarget': True, 'trialInstructionPos': (0, 1), 'probe': 'both', 'rightStreamFlip': False, 'horizVert': True, 'ISIframes': 3, 'rightResponseFirst': False}
653.7952 	INFO 	numtrials=360 and this trialDurFrames=10 or 166.666666667 ms  task=T1
654.9623 	EXP 	window1: recordFrameIntervals = False
654.9710 	INFO 	Mouse: using default window
657.5292 	DATA 	Keypress: u
657.6833 	EXP 	New trial (rep=3, index=9): {'leftStreamFlip': False, 'oneTarget': False, 'trialInstructionPos': (0, 1), 'probe': 'both', 'rightStreamFlip': False, 'horizVert': True, 'ISIframes': 3, 'rightResponseFirst': True}
657.6953 	INFO 	numtrials=360 and this trialDurFrames=10 or 166.666666667 ms  task=T1
657.9961 	DATA 	Keypress: f
658.9957 	EXP 	window1: recordFrameIntervals = False
659.0058 	INFO 	Mouse: using default window
660.5327 	DATA 	Keypress: s
661.4960 	DATA 	Keypress: u
661.6450 	EXP 	New trial (rep=3, index=10): {'leftStreamFlip': False, 'oneTarget': False, 'trialInstructionPos': (0, 1), 'probe': 'both', 'rightStreamFlip': False, 'horizVert': True, 'ISIframes': 3, 'rightResponseFirst': True}
661.6618 	INFO 	numtrials=360 and this trialDurFrames=10 or 166.666666667 ms  task=T1
662.7461 	EXP 	window1: recordFrameIntervals = False
662.7556 	INFO 	Mouse: using default window
665.1126 	DATA 	Keypress: j
665.9127 	DATA 	Keypress: s
666.0630 	EXP 	New trial (rep=3, index=11): {'leftStreamFlip': False, 'oneTarget': False, 'trialInstructionPos': (0, 1), 'probe': 'both', 'rightStreamFlip': False, 'horizVert': True, 'ISIframes': 3, 'rightResponseFirst': False}
666.0780 	INFO 	numtrials=360 and this trialDurFrames=10 or 166.666666667 ms  task=T1
667.3291 	EXP 	window1: recordFrameIntervals = False
667.3375 	INFO 	Mouse: using default window
668.7960 	DATA 	Keypress: u
669.5626 	DATA 	Keypress: t
669.7036 	EXP 	New trial (rep=4, index=0): {'leftStreamFlip': False, 'oneTarget': True, 'trialInstructionPos': (0, -1), 'probe': 'both', 'rightStreamFlip': False, 'horizVert': True, 'ISIframes': 3, 'rightResponseFirst': True}
669.7289 	INFO 	numtrials=360 and this trialDurFrames=10 or 166.666666667 ms  task=T1
671.0458 	EXP 	window1: recordFrameIntervals = False
671.0548 	INFO 	Mouse: using default window
672.2793 	DATA 	Keypress: y
672.4189 	EXP 	New trial (rep=4, index=1): {'leftStreamFlip': False, 'oneTarget': False, 'trialInstructionPos': (0, -1), 'probe': 'both', 'rightStreamFlip': False, 'horizVert': True, 'ISIframes': 3, 'rightResponseFirst': False}
672.4464 	INFO 	numtrials=360 and this trialDurFrames=10 or 166.666666667 ms  task=T1
673.5957 	EXP 	window1: recordFrameIntervals = False
673.6044 	INFO 	Mouse: using default window
674.9492 	DATA 	Keypress: s
676.0128 	DATA 	Keypress: n
676.1535 	EXP 	New trial (rep=4, index=2): {'leftStreamFlip': False, 'oneTarget': False, 'trialInstructionPos': (0, 1), 'probe': 'both', 'rightStreamFlip': False, 'horizVert': True, 'ISIframes': 3, 'rightResponseFirst': True}
676.1787 	INFO 	numtrials=360 and this trialDurFrames=10 or 166.666666667 ms  task=T1
677.3291 	EXP 	window1: recordFrameIntervals = False
677.3381 	INFO 	Mouse: using default window
678.7959 	DATA 	Keypress: t
679.8128 	DATA 	Keypress: s
679.9517 	EXP 	New trial (rep=4, index=3): {'leftStreamFlip': False, 'oneTarget': False, 'trialInstructionPos': (0, 1), 'probe': 'both', 'rightStreamFlip': False, 'horizVert': True, 'ISIframes': 3, 'rightResponseFirst': False}
679.9797 	INFO 	numtrials=360 and this trialDurFrames=10 or 166.666666667 ms  task=T1
681.2623 	EXP 	window1: recordFrameIntervals = False
681.2707 	INFO 	Mouse: using default window
683.6298 	DATA 	Keypress: g
685.5293 	DATA 	Keypress: h
685.6658 	EXP 	New trial (rep=4, index=4): {'leftStreamFlip': False, 'oneTarget': True, 'trialInstructionPos': (0, 1), 'probe': 'both', 'rightStreamFlip': False, 'horizVert': True, 'ISIframes': 3, 'rightResponseFirst': True}
685.6789 	INFO 	numtrials=360 and this trialDurFrames=10 or 166.666666667 ms  task=T1
686.7954 	EXP 	window1: recordFrameIntervals = False
686.8036 	INFO 	Mouse: using default window
687.6794 	DATA 	Keypress: z
687.8166 	EXP 	New trial (rep=4, index=5): {'leftStreamFlip': False, 'oneTarget': False, 'trialInstructionPos': (0, -1), 'probe': 'both', 'rightStreamFlip': False, 'horizVert': True, 'ISIframes': 3, 'rightResponseFirst': True}
687.8285 	INFO 	numtrials=360 and this trialDurFrames=10 or 166.666666667 ms  task=T1
689.0293 	EXP 	window1: recordFrameIntervals = False
689.0382 	INFO 	Mouse: using default window
694.6295 	DATA 	Keypress: g
696.1970 	DATA 	Keypress: g
696.3333 	EXP 	New trial (rep=4, index=6): {'leftStreamFlip': False, 'oneTarget': False, 'trialInstructionPos': (0, 1), 'probe': 'both', 'rightStreamFlip': False, 'horizVert': True, 'ISIframes': 3, 'rightResponseFirst': True}
696.3447 	INFO 	numtrials=360 and this trialDurFrames=10 or 166.666666667 ms  task=T1
697.6623 	EXP 	window1: recordFrameIntervals = False
697.6715 	INFO 	Mouse: using default window
698.8624 	DATA 	Keypress: u
699.4300 	DATA 	Keypress: i
699.5682 	EXP 	New trial (rep=4, index=7): {'leftStreamFlip': False, 'oneTarget': False, 'trialInstructionPos': (0, -1), 'probe': 'both', 'rightStreamFlip': False, 'horizVert': True, 'ISIframes': 3, 'rightResponseFirst': True}
699.5947 	INFO 	numtrials=360 and this trialDurFrames=10 or 166.666666667 ms  task=T1
700.7288 	EXP 	window1: recordFrameIntervals = False
700.7373 	INFO 	Mouse: using default window
702.1126 	DATA 	Keypress: e
703.2794 	DATA 	Keypress: m
703.4152 	EXP 	New trial (rep=4, index=8): {'leftStreamFlip': False, 'oneTarget': False, 'trialInstructionPos': (0, -1), 'probe': 'both', 'rightStreamFlip': False, 'horizVert': True, 'ISIframes': 3, 'rightResponseFirst': False}
703.4280 	INFO 	numtrials=360 and this trialDurFrames=10 or 166.666666667 ms  task=T1
704.5125 	EXP 	window1: recordFrameIntervals = False
704.5218 	INFO 	Mouse: using default window
705.9125 	DATA 	Keypress: f
706.9964 	DATA 	Keypress: c
707.1335 	EXP 	New trial (rep=4, index=9): {'leftStreamFlip': False, 'oneTarget': False, 'trialInstructionPos': (0, 1), 'probe': 'both', 'rightStreamFlip': False, 'horizVert': True, 'ISIframes': 3, 'rightResponseFirst': False}
707.1629 	INFO 	numtrials=360 and this trialDurFrames=10 or 166.666666667 ms  task=T1
708.4459 	EXP 	window1: recordFrameIntervals = False
708.4545 	INFO 	Mouse: using default window
710.0457 	DATA 	Keypress: y
711.7793 	DATA 	Keypress: s
711.9172 	EXP 	New trial (rep=4, index=10): {'leftStreamFlip': False, 'oneTarget': True, 'trialInstructionPos': (0, 1), 'probe': 'both', 'rightStreamFlip': False, 'horizVert': True, 'ISIframes': 3, 'rightResponseFirst': False}
711.9460 	INFO 	numtrials=360 and this trialDurFrames=10 or 166.666666667 ms  task=T1
713.1123 	EXP 	window1: recordFrameIntervals = False
713.1221 	INFO 	Mouse: using default window
714.7128 	DATA 	Keypress: n
714.8505 	EXP 	New trial (rep=4, index=11): {'leftStreamFlip': False, 'oneTarget': True, 'trialInstructionPos': (0, -1), 'probe': 'both', 'rightStreamFlip': False, 'horizVert': True, 'ISIframes': 3, 'rightResponseFirst': False}
714.8627 	INFO 	numtrials=360 and this trialDurFrames=10 or 166.666666667 ms  task=T1
716.0124 	EXP 	window1: recordFrameIntervals = False
716.0220 	INFO 	Mouse: using default window
717.2960 	DATA 	Keypress: y
717.4324 	EXP 	New trial (rep=5, index=0): {'leftStreamFlip': False, 'oneTarget': False, 'trialInstructionPos': (0, -1), 'probe': 'both', 'rightStreamFlip': False, 'horizVert': True, 'ISIframes': 3, 'rightResponseFirst': True}
717.4458 	INFO 	numtrials=360 and this trialDurFrames=10 or 166.666666667 ms  task=T1
718.5457 	EXP 	window1: recordFrameIntervals = False
718.5537 	INFO 	Mouse: using default window
720.0792 	DATA 	Keypress: u
720.7459 	DATA 	Keypress: g
720.8855 	EXP 	New trial (rep=5, index=1): {'leftStreamFlip': False, 'oneTarget': False, 'trialInstructionPos': (0, -1), 'probe': 'both', 'rightStreamFlip': False, 'horizVert': True, 'ISIframes': 3, 'rightResponseFirst': False}
720.9118 	INFO 	numtrials=360 and this trialDurFrames=10 or 166.666666667 ms  task=T1
722.0125 	EXP 	window1: recordFrameIntervals = False
722.0218 	INFO 	Mouse: using default window
723.3824 	DATA 	Keypress: s
724.2463 	DATA 	Keypress: f
724.3834 	EXP 	New trial (rep=5, index=2): {'leftStreamFlip': False, 'oneTarget': True, 'trialInstructionPos': (0, -1), 'probe': 'both', 'rightStreamFlip': False, 'horizVert': True, 'ISIframes': 3, 'rightResponseFirst': True}
724.4126 	INFO 	numtrials=360 and this trialDurFrames=10 or 166.666666667 ms  task=T1
725.5625 	EXP 	window1: recordFrameIntervals = False
725.5717 	INFO 	Mouse: using default window
726.6960 	DATA 	Keypress: h
726.8334 	EXP 	New trial (rep=5, index=3): {'leftStreamFlip': False, 'oneTarget': False, 'trialInstructionPos': (0, -1), 'probe': 'both', 'rightStreamFlip': False, 'horizVert': True, 'ISIframes': 3, 'rightResponseFirst': True}
726.8451 	INFO 	numtrials=360 and this trialDurFrames=10 or 166.666666667 ms  task=T1
727.9625 	EXP 	window1: recordFrameIntervals = False
727.9717 	INFO 	Mouse: using default window
729.3162 	DATA 	Keypress: u
729.8465 	DATA 	Keypress: g
729.9835 	EXP 	New trial (rep=5, index=4): {'leftStreamFlip': False, 'oneTarget': False, 'trialInstructionPos': (0, -1), 'probe': 'both', 'rightStreamFlip': False, 'horizVert': True, 'ISIframes': 3, 'rightResponseFirst': False}
730.0116 	INFO 	numtrials=360 and this trialDurFrames=10 or 166.666666667 ms  task=T1
731.1959 	EXP 	window1: recordFrameIntervals = False
731.2050 	INFO 	Mouse: using default window
732.5660 	DATA 	Keypress: f
733.5628 	DATA 	Keypress: s
733.7027 	EXP 	New trial (rep=5, index=5): {'leftStreamFlip': False, 'oneTarget': True, 'trialInstructionPos': (0, -1), 'probe': 'both', 'rightStreamFlip': False, 'horizVert': True, 'ISIframes': 3, 'rightResponseFirst': False}
733.7286 	INFO 	numtrials=360 and this trialDurFrames=10 or 166.666666667 ms  task=T1
734.8961 	EXP 	window1: recordFrameIntervals = False
734.9048 	INFO 	Mouse: using default window
737.0793 	DATA 	Keypress: g
737.2189 	EXP 	New trial (rep=5, index=6): {'leftStreamFlip': False, 'oneTarget': False, 'trialInstructionPos': (0, 1), 'probe': 'both', 'rightStreamFlip': False, 'horizVert': True, 'ISIframes': 3, 'rightResponseFirst': False}
737.2453 	INFO 	numtrials=360 and this trialDurFrames=10 or 166.666666667 ms  task=T1
738.3291 	EXP 	window1: recordFrameIntervals = False
738.3379 	INFO 	Mouse: using default window
739.8319 	DATA 	Keypress: m
741.8798 	DATA 	Keypress: g
742.0233 	EXP 	New trial (rep=5, index=7): {'leftStreamFlip': False, 'oneTarget': True, 'trialInstructionPos': (0, 1), 'probe': 'both', 'rightStreamFlip': False, 'horizVert': True, 'ISIframes': 3, 'rightResponseFirst': False}
742.0454 	INFO 	numtrials=360 and this trialDurFrames=10 or 166.666666667 ms  task=T1
743.2125 	EXP 	window1: recordFrameIntervals = False
743.2222 	INFO 	Mouse: using default window
745.3627 	DATA 	Keypress: m
745.5022 	EXP 	New trial (rep=5, index=8): {'leftStreamFlip': False, 'oneTarget': False, 'trialInstructionPos': (0, 1), 'probe': 'both', 'rightStreamFlip': False, 'horizVert': True, 'ISIframes': 3, 'rightResponseFirst': True}
745.5297 	INFO 	numtrials=360 and this trialDurFrames=10 or 166.666666667 ms  task=T1
746.8125 	EXP 	window1: recordFrameIntervals = False
746.8211 	INFO 	Mouse: using default window
748.2631 	DATA 	Keypress: a
749.2296 	DATA 	Keypress: s
749.3700 	EXP 	New trial (rep=5, index=9): {'leftStreamFlip': False, 'oneTarget': False, 'trialInstructionPos': (0, 1), 'probe': 'both', 'rightStreamFlip': False, 'horizVert': True, 'ISIframes': 3, 'rightResponseFirst': True}
749.3953 	INFO 	numtrials=360 and this trialDurFrames=10 or 166.666666667 ms  task=T1
750.7127 	EXP 	window1: recordFrameIntervals = False
750.7217 	INFO 	Mouse: using default window
752.1460 	DATA 	Keypress: k
752.6466 	DATA 	Keypress: i
752.7857 	EXP 	New trial (rep=5, index=10): {'leftStreamFlip': False, 'oneTarget': False, 'trialInstructionPos': (0, 1), 'probe': 'both', 'rightStreamFlip': False, 'horizVert': True, 'ISIframes': 3, 'rightResponseFirst': False}
752.8132 	INFO 	numtrials=360 and this trialDurFrames=10 or 166.666666667 ms  task=T1
754.1128 	EXP 	window1: recordFrameIntervals = False
754.1222 	INFO 	Mouse: using default window
755.5628 	DATA 	Keypress: m
756.5990 	DATA 	Keypress: h
756.7528 	EXP 	New trial (rep=5, index=11): {'leftStreamFlip': False, 'oneTarget': True, 'trialInstructionPos': (0, 1), 'probe': 'both', 'rightStreamFlip': False, 'horizVert': True, 'ISIframes': 3, 'rightResponseFirst': True}
756.7788 	INFO 	numtrials=360 and this trialDurFrames=10 or 166.666666667 ms  task=T1
757.9458 	EXP 	window1: recordFrameIntervals = False
757.9548 	INFO 	Mouse: using default window
758.9631 	DATA 	Keypress: h
759.1022 	EXP 	New trial (rep=6, index=0): {'leftStreamFlip': False, 'oneTarget': False, 'trialInstructionPos': (0, 1), 'probe': 'both', 'rightStreamFlip': False, 'horizVert': True, 'ISIframes': 3, 'rightResponseFirst': True}
759.1290 	INFO 	numtrials=360 and this trialDurFrames=10 or 166.666666667 ms  task=T1
760.2293 	EXP 	window1: recordFrameIntervals = False
760.2373 	INFO 	Mouse: using default window
761.3127 	DATA 	Keypress: h
762.9294 	DATA 	Keypress: m
763.0696 	EXP 	New trial (rep=6, index=1): {'leftStreamFlip': False, 'oneTarget': False, 'trialInstructionPos': (0, 1), 'probe': 'both', 'rightStreamFlip': False, 'horizVert': True, 'ISIframes': 3, 'rightResponseFirst': False}
763.0953 	INFO 	numtrials=360 and this trialDurFrames=10 or 166.666666667 ms  task=T1
764.2126 	EXP 	window1: recordFrameIntervals = False
764.2210 	INFO 	Mouse: using default window
767.1961 	DATA 	Keypress: m
768.3961 	DATA 	Keypress: c
768.5353 	EXP 	New trial (rep=6, index=2): {'leftStreamFlip': False, 'oneTarget': True, 'trialInstructionPos': (0, -1), 'probe': 'both', 'rightStreamFlip': False, 'horizVert': True, 'ISIframes': 3, 'rightResponseFirst': False}
768.5626 	INFO 	numtrials=360 and this trialDurFrames=10 or 166.666666667 ms  task=T1
769.8791 	EXP 	window1: recordFrameIntervals = False
769.8876 	INFO 	Mouse: using default window
771.2294 	DATA 	Keypress: r
771.3677 	EXP 	New trial (rep=6, index=3): {'leftStreamFlip': False, 'oneTarget': False, 'trialInstructionPos': (0, 1), 'probe': 'both', 'rightStreamFlip': False, 'horizVert': True, 'ISIframes': 3, 'rightResponseFirst': False}
771.3965 	INFO 	numtrials=360 and this trialDurFrames=10 or 166.666666667 ms  task=T1
772.5458 	EXP 	window1: recordFrameIntervals = False
772.5544 	INFO 	Mouse: using default window
773.8794 	DATA 	Keypress: m
774.7804 	DATA 	Keypress: k
774.9179 	EXP 	New trial (rep=6, index=4): {'leftStreamFlip': False, 'oneTarget': True, 'trialInstructionPos': (0, -1), 'probe': 'both', 'rightStreamFlip': False, 'horizVert': True, 'ISIframes': 3, 'rightResponseFirst': True}
774.9464 	INFO 	numtrials=360 and this trialDurFrames=10 or 166.666666667 ms  task=T1
776.1458 	EXP 	window1: recordFrameIntervals = False
776.1545 	INFO 	Mouse: using default window
777.2460 	DATA 	Keypress: k
777.3856 	EXP 	New trial (rep=6, index=5): {'leftStreamFlip': False, 'oneTarget': False, 'trialInstructionPos': (0, -1), 'probe': 'both', 'rightStreamFlip': False, 'horizVert': True, 'ISIframes': 3, 'rightResponseFirst': False}
777.4130 	INFO 	numtrials=360 and this trialDurFrames=10 or 166.666666667 ms  task=T1
778.6789 	EXP 	window1: recordFrameIntervals = False
778.6868 	INFO 	Mouse: using default window
782.1989 	DATA 	Keypress: m
783.9296 	DATA 	Keypress: k
784.0702 	EXP 	New trial (rep=6, index=6): {'leftStreamFlip': False, 'oneTarget': False, 'trialInstructionPos': (0, -1), 'probe': 'both', 'rightStreamFlip': False, 'horizVert': True, 'ISIframes': 3, 'rightResponseFirst': False}
784.0962 	INFO 	numtrials=360 and this trialDurFrames=10 or 166.666666667 ms  task=T1
785.3124 	EXP 	window1: recordFrameIntervals = False
785.3209 	INFO 	Mouse: using default window
786.9127 	DATA 	Keypress: m
787.5961 	DATA 	Keypress: k
787.7473 	EXP 	New trial (rep=6, index=7): {'leftStreamFlip': False, 'oneTarget': False, 'trialInstructionPos': (0, 1), 'probe': 'both', 'rightStreamFlip': False, 'horizVert': True, 'ISIframes': 3, 'rightResponseFirst': True}
787.7619 	INFO 	numtrials=360 and this trialDurFrames=10 or 166.666666667 ms  task=T1
788.8458 	EXP 	window1: recordFrameIntervals = False
788.8543 	INFO 	Mouse: using default window
789.9793 	DATA 	Keypress: r
791.1960 	DATA 	Keypress: m
791.3358 	EXP 	New trial (rep=6, index=8): {'leftStreamFlip': False, 'oneTarget': True, 'trialInstructionPos': (0, 1), 'probe': 'both', 'rightStreamFlip': False, 'horizVert': True, 'ISIframes': 3, 'rightResponseFirst': False}
791.3621 	INFO 	numtrials=360 and this trialDurFrames=10 or 166.666666667 ms  task=T1
792.4458 	EXP 	window1: recordFrameIntervals = False
792.4546 	INFO 	Mouse: using default window
793.4960 	DATA 	Keypress: m
793.6363 	EXP 	New trial (rep=6, index=9): {'leftStreamFlip': False, 'oneTarget': True, 'trialInstructionPos': (0, 1), 'probe': 'both', 'rightStreamFlip': False, 'horizVert': True, 'ISIframes': 3, 'rightResponseFirst': True}
793.6634 	INFO 	numtrials=360 and this trialDurFrames=10 or 166.666666667 ms  task=T1
794.8126 	EXP 	window1: recordFrameIntervals = False
794.8215 	INFO 	Mouse: using default window
795.9960 	DATA 	Keypress: h
796.1343 	EXP 	New trial (rep=6, index=10): {'leftStreamFlip': False, 'oneTarget': False, 'trialInstructionPos': (0, -1), 'probe': 'both', 'rightStreamFlip': False, 'horizVert': True, 'ISIframes': 3, 'rightResponseFirst': True}
796.1632 	INFO 	numtrials=360 and this trialDurFrames=10 or 166.666666667 ms  task=T1
797.4791 	EXP 	window1: recordFrameIntervals = False
797.4876 	INFO 	Mouse: using default window
798.5495 	DATA 	Keypress: e
799.8130 	DATA 	Keypress: r
799.9522 	EXP 	New trial (rep=6, index=11): {'leftStreamFlip': False, 'oneTarget': False, 'trialInstructionPos': (0, -1), 'probe': 'both', 'rightStreamFlip': False, 'horizVert': True, 'ISIframes': 3, 'rightResponseFirst': True}
799.9783 	INFO 	numtrials=360 and this trialDurFrames=10 or 166.666666667 ms  task=T1
801.2292 	EXP 	window1: recordFrameIntervals = False
801.2378 	INFO 	Mouse: using default window
802.4629 	DATA 	Keypress: m
803.3492 	DATA 	Keypress: r
803.5029 	EXP 	New trial (rep=7, index=0): {'leftStreamFlip': False, 'oneTarget': False, 'trialInstructionPos': (0, -1), 'probe': 'both', 'rightStreamFlip': False, 'horizVert': True, 'ISIframes': 3, 'rightResponseFirst': True}
803.5288 	INFO 	numtrials=360 and this trialDurFrames=10 or 166.666666667 ms  task=T1
804.7958 	EXP 	window1: recordFrameIntervals = False
804.8049 	INFO 	Mouse: using default window
806.1825 	DATA 	Keypress: f
807.4130 	DATA 	Keypress: g
807.5522 	EXP 	New trial (rep=7, index=1): {'leftStreamFlip': False, 'oneTarget': False, 'trialInstructionPos': (0, -1), 'probe': 'both', 'rightStreamFlip': False, 'horizVert': True, 'ISIframes': 3, 'rightResponseFirst': False}
807.5799 	INFO 	numtrials=360 and this trialDurFrames=10 or 166.666666667 ms  task=T1
808.7625 	EXP 	window1: recordFrameIntervals = False
808.7719 	INFO 	Mouse: using default window
810.0138 	DATA 	Keypress: g
810.9463 	DATA 	Keypress: a
811.0866 	EXP 	New trial (rep=7, index=2): {'leftStreamFlip': False, 'oneTarget': False, 'trialInstructionPos': (0, 1), 'probe': 'both', 'rightStreamFlip': False, 'horizVert': True, 'ISIframes': 3, 'rightResponseFirst': False}
811.1121 	INFO 	numtrials=360 and this trialDurFrames=10 or 166.666666667 ms  task=T1
812.2125 	EXP 	window1: recordFrameIntervals = False
812.2216 	INFO 	Mouse: using default window
813.4133 	DATA 	Keypress: g
814.6795 	DATA 	Keypress: k
814.8202 	EXP 	New trial (rep=7, index=3): {'leftStreamFlip': False, 'oneTarget': True, 'trialInstructionPos': (0, -1), 'probe': 'both', 'rightStreamFlip': False, 'horizVert': True, 'ISIframes': 3, 'rightResponseFirst': False}
814.8459 	INFO 	numtrials=360 and this trialDurFrames=10 or 166.666666667 ms  task=T1
816.1458 	EXP 	window1: recordFrameIntervals = False
816.1545 	INFO 	Mouse: using default window
817.8305 	DATA 	Keypress: r
817.9682 	EXP 	New trial (rep=7, index=4): {'leftStreamFlip': False, 'oneTarget': True, 'trialInstructionPos': (0, -1), 'probe': 'both', 'rightStreamFlip': False, 'horizVert': True, 'ISIframes': 3, 'rightResponseFirst': True}
817.9967 	INFO 	numtrials=360 and this trialDurFrames=10 or 166.666666667 ms  task=T1
819.2793 	EXP 	window1: recordFrameIntervals = False
819.2883 	INFO 	Mouse: using default window
820.4127 	DATA 	Keypress: z
820.6104 	EXP 	New trial (rep=7, index=5): {'leftStreamFlip': False, 'oneTarget': False, 'trialInstructionPos': (0, 1), 'probe': 'both', 'rightStreamFlip': False, 'horizVert': True, 'ISIframes': 3, 'rightResponseFirst': True}
820.6285 	INFO 	numtrials=360 and this trialDurFrames=10 or 166.666666667 ms  task=T1
821.8294 	EXP 	window1: recordFrameIntervals = False
821.8384 	INFO 	Mouse: using default window
823.0294 	DATA 	Keypress: r
824.0627 	DATA 	Keypress: s
824.2019 	EXP 	New trial (rep=7, index=6): {'leftStreamFlip': False, 'oneTarget': False, 'trialInstructionPos': (0, -1), 'probe': 'both', 'rightStreamFlip': False, 'horizVert': True, 'ISIframes': 3, 'rightResponseFirst': True}
824.2299 	INFO 	numtrials=360 and this trialDurFrames=10 or 166.666666667 ms  task=T1
825.3293 	EXP 	window1: recordFrameIntervals = False
825.3378 	INFO 	Mouse: using default window
826.7461 	DATA 	Keypress: r
827.4131 	DATA 	Keypress: i
827.5506 	EXP 	New trial (rep=7, index=7): {'leftStreamFlip': False, 'oneTarget': False, 'trialInstructionPos': (0, 1), 'probe': 'both', 'rightStreamFlip': False, 'horizVert': True, 'ISIframes': 3, 'rightResponseFirst': False}
827.5617 	INFO 	numtrials=360 and this trialDurFrames=10 or 166.666666667 ms  task=T1
828.7458 	EXP 	window1: recordFrameIntervals = False
828.7542 	INFO 	Mouse: using default window
830.3297 	DATA 	Keypress: k
830.9128 	DATA 	Keypress: f
831.0529 	EXP 	New trial (rep=7, index=8): {'leftStreamFlip': False, 'oneTarget': False, 'trialInstructionPos': (0, 1), 'probe': 'both', 'rightStreamFlip': False, 'horizVert': True, 'ISIframes': 3, 'rightResponseFirst': True}
831.0786 	INFO 	numtrials=360 and this trialDurFrames=10 or 166.666666667 ms  task=T1
832.1959 	EXP 	window1: recordFrameIntervals = False
832.2050 	INFO 	Mouse: using default window
848.2795 	DATA 	Keypress: space
849.6460 	DATA 	Keypress: space
850.4295 	DATA 	Keypress: b
851.4462 	DATA 	Keypress: h
851.5890 	EXP 	New trial (rep=7, index=9): {'leftStreamFlip': False, 'oneTarget': True, 'trialInstructionPos': (0, 1), 'probe': 'both', 'rightStreamFlip': False, 'horizVert': True, 'ISIframes': 3, 'rightResponseFirst': True}
851.6116 	INFO 	numtrials=360 and this trialDurFrames=11 or 183.333333333 ms  task=T1
852.8793 	EXP 	window1: recordFrameIntervals = False
852.8880 	INFO 	Mouse: using default window
854.8962 	DATA 	Keypress: h
855.0349 	EXP 	New trial (rep=7, index=10): {'leftStreamFlip': False, 'oneTarget': False, 'trialInstructionPos': (0, -1), 'probe': 'both', 'rightStreamFlip': False, 'horizVert': True, 'ISIframes': 3, 'rightResponseFirst': False}
855.0633 	INFO 	numtrials=360 and this trialDurFrames=11 or 183.333333333 ms  task=T1
856.0996 	DATA 	Keypress: h
856.2460 	EXP 	window1: recordFrameIntervals = False
856.2547 	INFO 	Mouse: using default window
857.3963 	DATA 	Keypress: h
858.5826 	DATA 	Keypress: h
858.7362 	EXP 	New trial (rep=7, index=11): {'leftStreamFlip': False, 'oneTarget': True, 'trialInstructionPos': (0, 1), 'probe': 'both', 'rightStreamFlip': False, 'horizVert': True, 'ISIframes': 3, 'rightResponseFirst': False}
858.7622 	INFO 	numtrials=360 and this trialDurFrames=11 or 183.333333333 ms  task=T1
859.9293 	EXP 	window1: recordFrameIntervals = False
859.9385 	INFO 	Mouse: using default window
861.3161 	DATA 	Keypress: v
861.3645 	DATA 	Keypress: c
861.4697 	EXP 	New trial (rep=8, index=0): {'leftStreamFlip': False, 'oneTarget': True, 'trialInstructionPos': (0, 1), 'probe': 'both', 'rightStreamFlip': False, 'horizVert': True, 'ISIframes': 3, 'rightResponseFirst': True}
861.4963 	INFO 	numtrials=360 and this trialDurFrames=11 or 183.333333333 ms  task=T1
862.7127 	EXP 	window1: recordFrameIntervals = False
862.7208 	INFO 	Mouse: using default window
864.6297 	DATA 	Keypress: h
864.7699 	EXP 	New trial (rep=8, index=1): {'leftStreamFlip': False, 'oneTarget': False, 'trialInstructionPos': (0, -1), 'probe': 'both', 'rightStreamFlip': False, 'horizVert': True, 'ISIframes': 3, 'rightResponseFirst': True}
864.7952 	INFO 	numtrials=360 and this trialDurFrames=11 or 183.333333333 ms  task=T1
866.0958 	EXP 	window1: recordFrameIntervals = False
866.1045 	INFO 	Mouse: using default window
867.5795 	DATA 	Keypress: n
868.8311 	DATA 	Keypress: g
868.9703 	EXP 	New trial (rep=8, index=2): {'leftStreamFlip': False, 'oneTarget': False, 'trialInstructionPos': (0, 1), 'probe': 'both', 'rightStreamFlip': False, 'horizVert': True, 'ISIframes': 3, 'rightResponseFirst': False}
868.9953 	INFO 	numtrials=360 and this trialDurFrames=11 or 183.333333333 ms  task=T1
870.1125 	EXP 	window1: recordFrameIntervals = False
870.1210 	INFO 	Mouse: using default window
871.4295 	DATA 	Keypress: g
872.3961 	DATA 	Keypress: r
872.5353 	EXP 	New trial (rep=8, index=3): {'leftStreamFlip': False, 'oneTarget': True, 'trialInstructionPos': (0, 1), 'probe': 'both', 'rightStreamFlip': False, 'horizVert': True, 'ISIframes': 3, 'rightResponseFirst': False}
872.5633 	INFO 	numtrials=360 and this trialDurFrames=11 or 183.333333333 ms  task=T1
873.7292 	EXP 	window1: recordFrameIntervals = False
873.7383 	INFO 	Mouse: using default window
874.6964 	DATA 	Keypress: g
874.8325 	EXP 	New trial (rep=8, index=4): {'leftStreamFlip': False, 'oneTarget': False, 'trialInstructionPos': (0, 1), 'probe': 'both', 'rightStreamFlip': False, 'horizVert': True, 'ISIframes': 3, 'rightResponseFirst': True}
874.8449 	INFO 	numtrials=360 and this trialDurFrames=11 or 183.333333333 ms  task=T1
876.1459 	EXP 	window1: recordFrameIntervals = False
876.1544 	INFO 	Mouse: using default window
878.2129 	DATA 	Keypress: c
879.0461 	DATA 	Keypress: k
879.1850 	EXP 	New trial (rep=8, index=5): {'leftStreamFlip': False, 'oneTarget': False, 'trialInstructionPos': (0, -1), 'probe': 'both', 'rightStreamFlip': False, 'horizVert': True, 'ISIframes': 3, 'rightResponseFirst': True}
879.2122 	INFO 	numtrials=360 and this trialDurFrames=11 or 183.333333333 ms  task=T1
880.3125 	EXP 	window1: recordFrameIntervals = False
880.3211 	INFO 	Mouse: using default window
882.2629 	DATA 	Keypress: g
883.1128 	DATA 	Keypress: k
883.2527 	EXP 	New trial (rep=8, index=6): {'leftStreamFlip': False, 'oneTarget': False, 'trialInstructionPos': (0, 1), 'probe': 'both', 'rightStreamFlip': False, 'horizVert': True, 'ISIframes': 3, 'rightResponseFirst': False}
883.2799 	INFO 	numtrials=360 and this trialDurFrames=11 or 183.333333333 ms  task=T1
884.4293 	EXP 	window1: recordFrameIntervals = False
884.4377 	INFO 	Mouse: using default window
886.8795 	DATA 	Keypress: r
888.2295 	DATA 	Keypress: c
888.3700 	EXP 	New trial (rep=8, index=7): {'leftStreamFlip': False, 'oneTarget': True, 'trialInstructionPos': (0, -1), 'probe': 'both', 'rightStreamFlip': False, 'horizVert': True, 'ISIframes': 3, 'rightResponseFirst': True}
888.3954 	INFO 	numtrials=360 and this trialDurFrames=11 or 183.333333333 ms  task=T1
889.6793 	EXP 	window1: recordFrameIntervals = False
889.6877 	INFO 	Mouse: using default window
890.8962 	DATA 	Keypress: h
891.0369 	EXP 	New trial (rep=8, index=8): {'leftStreamFlip': False, 'oneTarget': True, 'trialInstructionPos': (0, -1), 'probe': 'both', 'rightStreamFlip': False, 'horizVert': True, 'ISIframes': 3, 'rightResponseFirst': False}
891.0623 	INFO 	numtrials=360 and this trialDurFrames=11 or 183.333333333 ms  task=T1
892.3625 	EXP 	window1: recordFrameIntervals = False
892.3714 	INFO 	Mouse: using default window
893.2463 	DATA 	Keypress: z
893.3851 	EXP 	New trial (rep=8, index=9): {'leftStreamFlip': False, 'oneTarget': False, 'trialInstructionPos': (0, 1), 'probe': 'both', 'rightStreamFlip': False, 'horizVert': True, 'ISIframes': 3, 'rightResponseFirst': True}
893.4136 	INFO 	numtrials=360 and this trialDurFrames=11 or 183.333333333 ms  task=T1
894.5792 	EXP 	window1: recordFrameIntervals = False
894.5875 	INFO 	Mouse: using default window
895.9795 	DATA 	Keypress: g
896.5827 	DATA 	Keypress: r
896.7363 	EXP 	New trial (rep=8, index=10): {'leftStreamFlip': False, 'oneTarget': False, 'trialInstructionPos': (0, -1), 'probe': 'both', 'rightStreamFlip': False, 'horizVert': True, 'ISIframes': 3, 'rightResponseFirst': False}
896.7621 	INFO 	numtrials=360 and this trialDurFrames=11 or 183.333333333 ms  task=T1
897.8959 	EXP 	window1: recordFrameIntervals = False
897.9045 	INFO 	Mouse: using default window
899.3492 	DATA 	Keypress: i
900.3462 	DATA 	Keypress: r
900.4877 	EXP 	New trial (rep=8, index=11): {'leftStreamFlip': False, 'oneTarget': False, 'trialInstructionPos': (0, -1), 'probe': 'both', 'rightStreamFlip': False, 'horizVert': True, 'ISIframes': 3, 'rightResponseFirst': False}
900.5124 	INFO 	numtrials=360 and this trialDurFrames=11 or 183.333333333 ms  task=T1
901.7792 	EXP 	window1: recordFrameIntervals = False
901.7882 	INFO 	Mouse: using default window
903.2463 	DATA 	Keypress: k
904.2461 	DATA 	Keypress: n
904.3886 	EXP 	New trial (rep=9, index=0): {'leftStreamFlip': False, 'oneTarget': False, 'trialInstructionPos': (0, -1), 'probe': 'both', 'rightStreamFlip': False, 'horizVert': True, 'ISIframes': 3, 'rightResponseFirst': True}
904.4119 	INFO 	numtrials=360 and this trialDurFrames=11 or 183.333333333 ms  task=T1
905.6126 	EXP 	window1: recordFrameIntervals = False
905.6210 	INFO 	Mouse: using default window
908.5296 	DATA 	Keypress: a
909.2129 	DATA 	Keypress: g
909.3517 	EXP 	New trial (rep=9, index=1): {'leftStreamFlip': False, 'oneTarget': False, 'trialInstructionPos': (0, -1), 'probe': 'both', 'rightStreamFlip': False, 'horizVert': True, 'ISIframes': 3, 'rightResponseFirst': False}
909.3798 	INFO 	numtrials=360 and this trialDurFrames=11 or 183.333333333 ms  task=T1
910.5626 	EXP 	window1: recordFrameIntervals = False
910.5711 	INFO 	Mouse: using default window
915.2129 	DATA 	Keypress: space
916.0127 	DATA 	Keypress: h
916.7295 	DATA 	Keypress: h
916.8704 	EXP 	New trial (rep=9, index=2): {'leftStreamFlip': False, 'oneTarget': False, 'trialInstructionPos': (0, -1), 'probe': 'both', 'rightStreamFlip': False, 'horizVert': True, 'ISIframes': 3, 'rightResponseFirst': True}
916.8957 	INFO 	numtrials=360 and this trialDurFrames=11 or 183.333333333 ms  task=T1
918.0630 	EXP 	window1: recordFrameIntervals = False
918.0721 	INFO 	Mouse: using default window
920.2462 	DATA 	Keypress: m
920.9964 	DATA 	Keypress: y
921.1353 	EXP 	New trial (rep=9, index=3): {'leftStreamFlip': False, 'oneTarget': True, 'trialInstructionPos': (0, 1), 'probe': 'both', 'rightStreamFlip': False, 'horizVert': True, 'ISIframes': 3, 'rightResponseFirst': True}
921.1620 	INFO 	numtrials=360 and this trialDurFrames=11 or 183.333333333 ms  task=T1
922.2628 	EXP 	window1: recordFrameIntervals = False
922.2713 	INFO 	Mouse: using default window
923.9461 	DATA 	Keypress: u
924.0851 	EXP 	New trial (rep=9, index=4): {'leftStreamFlip': False, 'oneTarget': False, 'trialInstructionPos': (0, 1), 'probe': 'both', 'rightStreamFlip': False, 'horizVert': True, 'ISIframes': 3, 'rightResponseFirst': True}
924.1124 	INFO 	numtrials=360 and this trialDurFrames=11 or 183.333333333 ms  task=T1
925.2626 	EXP 	window1: recordFrameIntervals = False
925.2715 	INFO 	Mouse: using default window
926.5330 	DATA 	Keypress: k
927.1628 	DATA 	Keypress: n
927.3026 	EXP 	New trial (rep=9, index=5): {'leftStreamFlip': False, 'oneTarget': False, 'trialInstructionPos': (0, 1), 'probe': 'both', 'rightStreamFlip': False, 'horizVert': True, 'ISIframes': 3, 'rightResponseFirst': False}
927.3288 	INFO 	numtrials=360 and this trialDurFrames=11 or 183.333333333 ms  task=T1
928.6463 	EXP 	window1: recordFrameIntervals = False
928.6556 	INFO 	Mouse: using default window
934.0963 	DATA 	Keypress: s
934.9133 	DATA 	Keypress: s
935.0516 	EXP 	New trial (rep=9, index=6): {'leftStreamFlip': False, 'oneTarget': False, 'trialInstructionPos': (0, -1), 'probe': 'both', 'rightStreamFlip': False, 'horizVert': True, 'ISIframes': 3, 'rightResponseFirst': False}
935.0788 	INFO 	numtrials=360 and this trialDurFrames=11 or 183.333333333 ms  task=T1
936.3127 	EXP 	window1: recordFrameIntervals = False
936.3212 	INFO 	Mouse: using default window
937.7966 	DATA 	Keypress: j
938.7460 	DATA 	Keypress: n
938.8841 	EXP 	New trial (rep=9, index=7): {'leftStreamFlip': False, 'oneTarget': True, 'trialInstructionPos': (0, 1), 'probe': 'both', 'rightStreamFlip': False, 'horizVert': True, 'ISIframes': 3, 'rightResponseFirst': False}
938.8953 	INFO 	numtrials=360 and this trialDurFrames=11 or 183.333333333 ms  task=T1
940.1294 	EXP 	window1: recordFrameIntervals = False
940.1388 	INFO 	Mouse: using default window
942.1962 	DATA 	Keypress: j
942.3349 	EXP 	New trial (rep=9, index=8): {'leftStreamFlip': False, 'oneTarget': False, 'trialInstructionPos': (0, 1), 'probe': 'both', 'rightStreamFlip': False, 'horizVert': True, 'ISIframes': 3, 'rightResponseFirst': True}
942.3634 	INFO 	numtrials=360 and this trialDurFrames=11 or 183.333333333 ms  task=T1
943.6960 	EXP 	window1: recordFrameIntervals = False
943.7050 	INFO 	Mouse: using default window
944.9964 	DATA 	Keypress: m
945.4463 	DATA 	Keypress: y
945.5855 	EXP 	New trial (rep=9, index=9): {'leftStreamFlip': False, 'oneTarget': True, 'trialInstructionPos': (0, -1), 'probe': 'both', 'rightStreamFlip': False, 'horizVert': True, 'ISIframes': 3, 'rightResponseFirst': False}
945.6122 	INFO 	numtrials=360 and this trialDurFrames=11 or 183.333333333 ms  task=T1
946.8627 	EXP 	window1: recordFrameIntervals = False
946.8713 	INFO 	Mouse: using default window
947.9461 	DATA 	Keypress: m
948.0877 	EXP 	New trial (rep=9, index=10): {'leftStreamFlip': False, 'oneTarget': True, 'trialInstructionPos': (0, -1), 'probe': 'both', 'rightStreamFlip': False, 'horizVert': True, 'ISIframes': 3, 'rightResponseFirst': True}
948.1134 	INFO 	numtrials=360 and this trialDurFrames=11 or 183.333333333 ms  task=T1
949.4127 	EXP 	window1: recordFrameIntervals = False
949.4208 	INFO 	Mouse: using default window
950.5825 	DATA 	Keypress: z
950.7345 	EXP 	New trial (rep=9, index=11): {'leftStreamFlip': False, 'oneTarget': False, 'trialInstructionPos': (0, 1), 'probe': 'both', 'rightStreamFlip': False, 'horizVert': True, 'ISIframes': 3, 'rightResponseFirst': False}
950.7633 	INFO 	numtrials=360 and this trialDurFrames=11 or 183.333333333 ms  task=T1
951.9961 	EXP 	window1: recordFrameIntervals = False
952.0052 	INFO 	Mouse: using default window
953.6463 	DATA 	Keypress: b
954.4628 	DATA 	Keypress: a
954.6020 	EXP 	New trial (rep=10, index=0): {'leftStreamFlip': False, 'oneTarget': True, 'trialInstructionPos': (0, 1), 'probe': 'both', 'rightStreamFlip': False, 'horizVert': True, 'ISIframes': 3, 'rightResponseFirst': True}
954.6299 	INFO 	numtrials=360 and this trialDurFrames=11 or 183.333333333 ms  task=T1
955.9128 	EXP 	window1: recordFrameIntervals = False
955.9215 	INFO 	Mouse: using default window
956.9464 	DATA 	Keypress: h
957.0856 	EXP 	New trial (rep=10, index=1): {'leftStreamFlip': False, 'oneTarget': False, 'trialInstructionPos': (0, 1), 'probe': 'both', 'rightStreamFlip': False, 'horizVert': True, 'ISIframes': 3, 'rightResponseFirst': True}
957.1121 	INFO 	numtrials=360 and this trialDurFrames=11 or 183.333333333 ms  task=T1
958.3294 	EXP 	window1: recordFrameIntervals = False
958.3385 	INFO 	Mouse: using default window
959.5630 	DATA 	Keypress: h
961.4796 	DATA 	Keypress: k
961.6203 	EXP 	New trial (rep=10, index=2): {'leftStreamFlip': False, 'oneTarget': False, 'trialInstructionPos': (0, -1), 'probe': 'both', 'rightStreamFlip': False, 'horizVert': True, 'ISIframes': 3, 'rightResponseFirst': True}
961.6464 	INFO 	numtrials=360 and this trialDurFrames=11 or 183.333333333 ms  task=T1
962.8960 	EXP 	window1: recordFrameIntervals = False
962.9045 	INFO 	Mouse: using default window
963.9628 	DATA 	Keypress: a
965.4298 	DATA 	Keypress: f
965.5689 	EXP 	New trial (rep=10, index=3): {'leftStreamFlip': False, 'oneTarget': False, 'trialInstructionPos': (0, 1), 'probe': 'both', 'rightStreamFlip': False, 'horizVert': True, 'ISIframes': 3, 'rightResponseFirst': True}
965.5966 	INFO 	numtrials=360 and this trialDurFrames=11 or 183.333333333 ms  task=T1
966.8793 	EXP 	window1: recordFrameIntervals = False
966.8875 	INFO 	Mouse: using default window
1017.4796 	DATA 	Keypress: q
1018.3628 	DATA 	Keypress: q
1018.5034 	EXP 	New trial (rep=10, index=4): {'leftStreamFlip': False, 'oneTarget': False, 'trialInstructionPos': (0, -1), 'probe': 'both', 'rightStreamFlip': False, 'horizVert': True, 'ISIframes': 3, 'rightResponseFirst': True}
1018.5289 	INFO 	numtrials=360 and this trialDurFrames=11 or 183.333333333 ms  task=T1
1019.6794 	EXP 	window1: recordFrameIntervals = False
1019.6885 	INFO 	Mouse: using default window
1021.2962 	DATA 	Keypress: f
1021.8795 	DATA 	Keypress: g
1022.0218 	EXP 	New trial (rep=10, index=5): {'leftStreamFlip': False, 'oneTarget': False, 'trialInstructionPos': (0, -1), 'probe': 'both', 'rightStreamFlip': False, 'horizVert': True, 'ISIframes': 3, 'rightResponseFirst': False}
1022.0456 	INFO 	numtrials=360 and this trialDurFrames=11 or 183.333333333 ms  task=T1
1023.3293 	EXP 	window1: recordFrameIntervals = False
1023.3376 	INFO 	Mouse: using default window
1024.7963 	DATA 	Keypress: m
1025.3493 	DATA 	Keypress: z
1025.5026 	EXP 	New trial (rep=10, index=6): {'leftStreamFlip': False, 'oneTarget': True, 'trialInstructionPos': (0, -1), 'probe': 'both', 'rightStreamFlip': False, 'horizVert': True, 'ISIframes': 3, 'rightResponseFirst': True}
1025.5289 	INFO 	numtrials=360 and this trialDurFrames=11 or 183.333333333 ms  task=T1
1026.7126 	EXP 	window1: recordFrameIntervals = False
1026.7212 	INFO 	Mouse: using default window
1027.7338 	DATA 	Keypress: h
1027.8857 	EXP 	New trial (rep=10, index=7): {'leftStreamFlip': False, 'oneTarget': False, 'trialInstructionPos': (0, 1), 'probe': 'both', 'rightStreamFlip': False, 'horizVert': True, 'ISIframes': 3, 'rightResponseFirst': False}
1027.9122 	INFO 	numtrials=360 and this trialDurFrames=11 or 183.333333333 ms  task=T1
1029.0293 	EXP 	window1: recordFrameIntervals = False
1029.0379 	INFO 	Mouse: using default window
1030.4129 	DATA 	Keypress: k
1031.1129 	DATA 	Keypress: u
1031.2534 	EXP 	New trial (rep=10, index=8): {'leftStreamFlip': False, 'oneTarget': False, 'trialInstructionPos': (0, 1), 'probe': 'both', 'rightStreamFlip': False, 'horizVert': True, 'ISIframes': 3, 'rightResponseFirst': False}
1031.2788 	INFO 	numtrials=360 and this trialDurFrames=11 or 183.333333333 ms  task=T1
1032.4960 	EXP 	window1: recordFrameIntervals = False
1032.5072 	INFO 	Mouse: using default window
1035.1800 	DATA 	Keypress: n
1035.4309 	DATA 	Keypress: s
1035.5710 	EXP 	New trial (rep=10, index=9): {'leftStreamFlip': False, 'oneTarget': False, 'trialInstructionPos': (0, -1), 'probe': 'both', 'rightStreamFlip': False, 'horizVert': True, 'ISIframes': 3, 'rightResponseFirst': False}
1035.5956 	INFO 	numtrials=360 and this trialDurFrames=11 or 183.333333333 ms  task=T1
1036.7626 	EXP 	window1: recordFrameIntervals = False
1036.7721 	INFO 	Mouse: using default window
1038.1163 	DATA 	Keypress: l
1038.6299 	DATA 	Keypress: n
1038.7707 	EXP 	New trial (rep=10, index=10): {'leftStreamFlip': False, 'oneTarget': True, 'trialInstructionPos': (0, -1), 'probe': 'both', 'rightStreamFlip': False, 'horizVert': True, 'ISIframes': 3, 'rightResponseFirst': False}
1038.7960 	INFO 	numtrials=360 and this trialDurFrames=11 or 183.333333333 ms  task=T1
1040.0462 	EXP 	window1: recordFrameIntervals = False
1040.0552 	INFO 	Mouse: using default window
1041.2963 	DATA 	Keypress: h
1041.4354 	EXP 	New trial (rep=10, index=11): {'leftStreamFlip': False, 'oneTarget': True, 'trialInstructionPos': (0, 1), 'probe': 'both', 'rightStreamFlip': False, 'horizVert': True, 'ISIframes': 3, 'rightResponseFirst': False}
1041.4634 	INFO 	numtrials=360 and this trialDurFrames=11 or 183.333333333 ms  task=T1
1042.7962 	EXP 	window1: recordFrameIntervals = False
1042.8048 	INFO 	Mouse: using default window
1043.6463 	DATA 	Keypress: z
1043.7841 	EXP 	New trial (rep=11, index=0): {'leftStreamFlip': False, 'oneTarget': False, 'trialInstructionPos': (0, -1), 'probe': 'both', 'rightStreamFlip': False, 'horizVert': True, 'ISIframes': 3, 'rightResponseFirst': False}
1043.8133 	INFO 	numtrials=360 and this trialDurFrames=11 or 183.333333333 ms  task=T1
1045.0793 	EXP 	window1: recordFrameIntervals = False
1045.0884 	INFO 	Mouse: using default window
1046.8297 	DATA 	Keypress: n
1048.2797 	DATA 	Keypress: b
1048.4188 	EXP 	New trial (rep=11, index=1): {'leftStreamFlip': False, 'oneTarget': False, 'trialInstructionPos': (0, -1), 'probe': 'both', 'rightStreamFlip': False, 'horizVert': True, 'ISIframes': 3, 'rightResponseFirst': False}
1048.4464 	INFO 	numtrials=360 and this trialDurFrames=11 or 183.333333333 ms  task=T1
1049.6795 	EXP 	window1: recordFrameIntervals = False
1049.6872 	INFO 	Mouse: using default window
1050.9499 	DATA 	Keypress: m
1051.1629 	DATA 	Keypress: a
1051.3016 	EXP 	New trial (rep=11, index=2): {'leftStreamFlip': False, 'oneTarget': False, 'trialInstructionPos': (0, 1), 'probe': 'both', 'rightStreamFlip': False, 'horizVert': True, 'ISIframes': 3, 'rightResponseFirst': False}
1051.3289 	INFO 	numtrials=360 and this trialDurFrames=11 or 183.333333333 ms  task=T1
1052.6132 	EXP 	window1: recordFrameIntervals = False
1052.6237 	INFO 	Mouse: using default window
1054.5498 	DATA 	Keypress: s
1055.3970 	DATA 	Keypress: f
1055.5352 	EXP 	New trial (rep=11, index=3): {'leftStreamFlip': False, 'oneTarget': True, 'trialInstructionPos': (0, -1), 'probe': 'both', 'rightStreamFlip': False, 'horizVert': True, 'ISIframes': 3, 'rightResponseFirst': False}
1055.5618 	INFO 	numtrials=360 and this trialDurFrames=11 or 183.333333333 ms  task=T1
1056.8462 	EXP 	window1: recordFrameIntervals = False
1056.8550 	INFO 	Mouse: using default window
1058.6963 	DATA 	Keypress: n
1058.8381 	EXP 	New trial (rep=11, index=4): {'leftStreamFlip': False, 'oneTarget': True, 'trialInstructionPos': (0, 1), 'probe': 'both', 'rightStreamFlip': False, 'horizVert': True, 'ISIframes': 3, 'rightResponseFirst': False}
1058.8621 	INFO 	numtrials=360 and this trialDurFrames=11 or 183.333333333 ms  task=T1
1059.9794 	EXP 	window1: recordFrameIntervals = False
1059.9887 	INFO 	Mouse: using default window
1061.1462 	DATA 	Keypress: s
1061.2853 	EXP 	New trial (rep=11, index=5): {'leftStreamFlip': False, 'oneTarget': False, 'trialInstructionPos': (0, 1), 'probe': 'both', 'rightStreamFlip': False, 'horizVert': True, 'ISIframes': 3, 'rightResponseFirst': True}
1061.3131 	INFO 	numtrials=360 and this trialDurFrames=11 or 183.333333333 ms  task=T1
1062.6297 	EXP 	window1: recordFrameIntervals = False
1062.6384 	INFO 	Mouse: using default window
1064.2463 	DATA 	Keypress: n
1064.4796 	DATA 	Keypress: k
1064.6197 	EXP 	New trial (rep=11, index=6): {'leftStreamFlip': False, 'oneTarget': False, 'trialInstructionPos': (0, -1), 'probe': 'both', 'rightStreamFlip': False, 'horizVert': True, 'ISIframes': 3, 'rightResponseFirst': True}
1064.6456 	INFO 	numtrials=360 and this trialDurFrames=11 or 183.333333333 ms  task=T1
1065.8294 	EXP 	window1: recordFrameIntervals = False
1065.8380 	INFO 	Mouse: using default window
1067.1630 	DATA 	Keypress: e
1067.3964 	DATA 	Keypress: m
1067.5369 	EXP 	New trial (rep=11, index=7): {'leftStreamFlip': False, 'oneTarget': False, 'trialInstructionPos': (0, 1), 'probe': 'both', 'rightStreamFlip': False, 'horizVert': True, 'ISIframes': 3, 'rightResponseFirst': True}
1067.5622 	INFO 	numtrials=360 and this trialDurFrames=11 or 183.333333333 ms  task=T1
1068.8294 	EXP 	window1: recordFrameIntervals = False
1068.8379 	INFO 	Mouse: using default window
1069.7823 	DATA 	Keypress: a
1070.1129 	DATA 	Keypress: g
1070.2531 	EXP 	New trial (rep=11, index=8): {'leftStreamFlip': False, 'oneTarget': False, 'trialInstructionPos': (0, -1), 'probe': 'both', 'rightStreamFlip': False, 'horizVert': True, 'ISIframes': 3, 'rightResponseFirst': True}
1070.2789 	INFO 	numtrials=360 and this trialDurFrames=11 or 183.333333333 ms  task=T1
1071.4294 	EXP 	window1: recordFrameIntervals = False
1071.4380 	INFO 	Mouse: using default window
1073.4463 	DATA 	Keypress: k
1075.3964 	DATA 	Keypress: g
1075.5367 	EXP 	New trial (rep=11, index=9): {'leftStreamFlip': False, 'oneTarget': True, 'trialInstructionPos': (0, 1), 'probe': 'both', 'rightStreamFlip': False, 'horizVert': True, 'ISIframes': 3, 'rightResponseFirst': True}
1075.5623 	INFO 	numtrials=360 and this trialDurFrames=11 or 183.333333333 ms  task=T1
1076.7460 	EXP 	window1: recordFrameIntervals = False
1076.7552 	INFO 	Mouse: using default window
1077.7296 	DATA 	Keypress: n
1077.8680 	EXP 	New trial (rep=11, index=10): {'leftStreamFlip': False, 'oneTarget': True, 'trialInstructionPos': (0, -1), 'probe': 'both', 'rightStreamFlip': False, 'horizVert': True, 'ISIframes': 3, 'rightResponseFirst': True}
1077.8967 	INFO 	numtrials=360 and this trialDurFrames=11 or 183.333333333 ms  task=T1
1079.1795 	EXP 	window1: recordFrameIntervals = False
1079.1888 	INFO 	Mouse: using default window
1080.0296 	DATA 	Keypress: a
1080.1685 	EXP 	New trial (rep=11, index=11): {'leftStreamFlip': False, 'oneTarget': False, 'trialInstructionPos': (0, 1), 'probe': 'both', 'rightStreamFlip': False, 'horizVert': True, 'ISIframes': 3, 'rightResponseFirst': False}
1080.1966 	INFO 	numtrials=360 and this trialDurFrames=11 or 183.333333333 ms  task=T1
1081.4126 	EXP 	window1: recordFrameIntervals = False
1081.4213 	INFO 	Mouse: using default window
1082.9827 	DATA 	Keypress: m
1083.6296 	DATA 	Keypress: k
1083.7713 	EXP 	New trial (rep=12, index=0): {'leftStreamFlip': False, 'oneTarget': False, 'trialInstructionPos': (0, 1), 'probe': 'both', 'rightStreamFlip': False, 'horizVert': True, 'ISIframes': 3, 'rightResponseFirst': True}
1083.7955 	INFO 	numtrials=360 and this trialDurFrames=11 or 183.333333333 ms  task=T1
1084.9626 	EXP 	window1: recordFrameIntervals = False
1084.9715 	INFO 	Mouse: using default window
1086.8962 	DATA 	Keypress: n
1087.2629 	DATA 	Keypress: g
1087.4025 	EXP 	New trial (rep=12, index=1): {'leftStreamFlip': False, 'oneTarget': False, 'trialInstructionPos': (0, -1), 'probe': 'both', 'rightStreamFlip': False, 'horizVert': True, 'ISIframes': 3, 'rightResponseFirst': False}
1087.4301 	INFO 	numtrials=360 and this trialDurFrames=11 or 183.333333333 ms  task=T1
1088.7128 	EXP 	window1: recordFrameIntervals = False
1088.7219 	INFO 	Mouse: using default window
1090.2631 	DATA 	Keypress: g
1091.0796 	DATA 	Keypress: f
1091.2288 	EXP 	New trial (rep=12, index=2): {'leftStreamFlip': False, 'oneTarget': False, 'trialInstructionPos': (0, 1), 'probe': 'both', 'rightStreamFlip': False, 'horizVert': True, 'ISIframes': 3, 'rightResponseFirst': False}
1091.2454 	INFO 	numtrials=360 and this trialDurFrames=11 or 183.333333333 ms  task=T1
1092.4459 	EXP 	window1: recordFrameIntervals = False
1092.4551 	INFO 	Mouse: using default window
1093.9798 	DATA 	Keypress: k
1094.3963 	DATA 	Keypress: g
1094.5363 	EXP 	New trial (rep=12, index=3): {'leftStreamFlip': False, 'oneTarget': True, 'trialInstructionPos': (0, -1), 'probe': 'both', 'rightStreamFlip': False, 'horizVert': True, 'ISIframes': 3, 'rightResponseFirst': True}
1094.5621 	INFO 	numtrials=360 and this trialDurFrames=11 or 183.333333333 ms  task=T1
1095.7127 	EXP 	window1: recordFrameIntervals = False
1095.7208 	INFO 	Mouse: using default window
1182.1162 	DATA 	Keypress: f
1182.2692 	EXP 	New trial (rep=12, index=4): {'leftStreamFlip': False, 'oneTarget': True, 'trialInstructionPos': (0, 1), 'probe': 'both', 'rightStreamFlip': False, 'horizVert': True, 'ISIframes': 3, 'rightResponseFirst': False}
1182.2967 	INFO 	numtrials=360 and this trialDurFrames=11 or 183.333333333 ms  task=T1
1183.5296 	EXP 	window1: recordFrameIntervals = False
1183.5386 	INFO 	Mouse: using default window
1186.1663 	DATA 	Keypress: f
1186.3222 	EXP 	New trial (rep=12, index=5): {'leftStreamFlip': False, 'oneTarget': True, 'trialInstructionPos': (0, -1), 'probe': 'both', 'rightStreamFlip': False, 'horizVert': True, 'ISIframes': 3, 'rightResponseFirst': False}
1186.3456 	INFO 	numtrials=360 and this trialDurFrames=11 or 183.333333333 ms  task=T1
1187.5461 	EXP 	window1: recordFrameIntervals = False
1187.5541 	INFO 	Mouse: using default window
1189.1131 	DATA 	Keypress: f
1189.2515 	EXP 	New trial (rep=12, index=6): {'leftStreamFlip': False, 'oneTarget': False, 'trialInstructionPos': (0, -1), 'probe': 'both', 'rightStreamFlip': False, 'horizVert': True, 'ISIframes': 3, 'rightResponseFirst': True}
1189.2782 	INFO 	numtrials=360 and this trialDurFrames=11 or 183.333333333 ms  task=T1
1190.3963 	EXP 	window1: recordFrameIntervals = False
1190.4049 	INFO 	Mouse: using default window
1191.7327 	DATA 	Keypress: u
1193.1298 	DATA 	Keypress: k
1193.2699 	EXP 	New trial (rep=12, index=7): {'leftStreamFlip': False, 'oneTarget': True, 'trialInstructionPos': (0, 1), 'probe': 'both', 'rightStreamFlip': False, 'horizVert': True, 'ISIframes': 3, 'rightResponseFirst': True}
1193.2957 	INFO 	numtrials=360 and this trialDurFrames=11 or 183.333333333 ms  task=T1
1194.5129 	EXP 	window1: recordFrameIntervals = False
1194.5219 	INFO 	Mouse: using default window
1198.7630 	DATA 	Keypress: t
1198.9019 	EXP 	New trial (rep=12, index=8): {'leftStreamFlip': False, 'oneTarget': False, 'trialInstructionPos': (0, 1), 'probe': 'both', 'rightStreamFlip': False, 'horizVert': True, 'ISIframes': 3, 'rightResponseFirst': False}
1198.9295 	INFO 	numtrials=360 and this trialDurFrames=11 or 183.333333333 ms  task=T1
1199.9837 	DATA 	Keypress: t
1200.1463 	EXP 	window1: recordFrameIntervals = False
1200.1559 	INFO 	Mouse: using default window
1201.1464 	DATA 	Keypress: t
1201.8963 	DATA 	Keypress: t
1202.0370 	EXP 	New trial (rep=12, index=9): {'leftStreamFlip': False, 'oneTarget': False, 'trialInstructionPos': (0, -1), 'probe': 'both', 'rightStreamFlip': False, 'horizVert': True, 'ISIframes': 3, 'rightResponseFirst': False}
1202.0624 	INFO 	numtrials=360 and this trialDurFrames=11 or 183.333333333 ms  task=T1
1203.3961 	EXP 	window1: recordFrameIntervals = False
1203.4054 	INFO 	Mouse: using default window
1205.1798 	DATA 	Keypress: f
1205.6963 	DATA 	Keypress: s
1205.8359 	EXP 	New trial (rep=12, index=10): {'leftStreamFlip': False, 'oneTarget': False, 'trialInstructionPos': (0, 1), 'probe': 'both', 'rightStreamFlip': False, 'horizVert': True, 'ISIframes': 3, 'rightResponseFirst': True}
1205.8633 	INFO 	numtrials=360 and this trialDurFrames=11 or 183.333333333 ms  task=T1
1207.1627 	EXP 	window1: recordFrameIntervals = False
1207.1716 	INFO 	Mouse: using default window
1209.1298 	DATA 	Keypress: s
1209.5630 	DATA 	Keypress: m
1209.7029 	EXP 	New trial (rep=12, index=11): {'leftStreamFlip': False, 'oneTarget': False, 'trialInstructionPos': (0, -1), 'probe': 'both', 'rightStreamFlip': False, 'horizVert': True, 'ISIframes': 3, 'rightResponseFirst': True}
1209.7290 	INFO 	numtrials=360 and this trialDurFrames=11 or 183.333333333 ms  task=T1
1210.9127 	EXP 	window1: recordFrameIntervals = False
1210.9213 	INFO 	Mouse: using default window
1214.4964 	DATA 	Keypress: d
1214.7130 	DATA 	Keypress: n
1214.8535 	EXP 	New trial (rep=13, index=0): {'leftStreamFlip': False, 'oneTarget': True, 'trialInstructionPos': (0, 1), 'probe': 'both', 'rightStreamFlip': False, 'horizVert': True, 'ISIframes': 3, 'rightResponseFirst': False}
1214.8789 	INFO 	numtrials=360 and this trialDurFrames=11 or 183.333333333 ms  task=T1
1216.1128 	EXP 	window1: recordFrameIntervals = False
1216.1209 	INFO 	Mouse: using default window
1218.0964 	DATA 	Keypress: l
1218.2345 	EXP 	New trial (rep=13, index=1): {'leftStreamFlip': False, 'oneTarget': False, 'trialInstructionPos': (0, -1), 'probe': 'both', 'rightStreamFlip': False, 'horizVert': True, 'ISIframes': 3, 'rightResponseFirst': True}
1218.2634 	INFO 	numtrials=360 and this trialDurFrames=11 or 183.333333333 ms  task=T1
1219.4628 	EXP 	window1: recordFrameIntervals = False
1219.4721 	INFO 	Mouse: using default window
1222.4467 	DATA 	Keypress: s
1222.7965 	DATA 	Keypress: l
1222.9360 	EXP 	New trial (rep=13, index=2): {'leftStreamFlip': False, 'oneTarget': False, 'trialInstructionPos': (0, 1), 'probe': 'both', 'rightStreamFlip': False, 'horizVert': True, 'ISIframes': 3, 'rightResponseFirst': False}
1222.9636 	INFO 	numtrials=360 and this trialDurFrames=11 or 183.333333333 ms  task=T1
1224.1461 	EXP 	window1: recordFrameIntervals = False
1224.1553 	INFO 	Mouse: using default window
1259.4964 	DATA 	Keypress: lctrl
1259.4965 	DATA 	Keypress: lshift
1259.7801 	DATA 	Keypress: z
1259.7991 	INFO 	Stopping at 11:25 on 10 Aug 2018
1259.8009 	ERROR 	user aborted experiment on keypress with trials done=158 of 361
1259.8169 	INFO 	Program terminating normally.
