8.2155 	WARNING 	User requested fullscreen with size [1920 1080], but screen is actually [1280, 1024]. Using actual size
9.0223 	EXP 	Created window1 = Window(allowGUI=False, allowStencil=False, autoLog=True, bitsMode=UNKNOWN, blendMode='avg', color=array([-0.7, -0.7, -0.7]), colorSpace='rgb', fullscr=UNKNOWN, gamma=None, lms=UNKNOWN, monitor=<psychopy.monitors.calibTools.Monitor object at 0x1B332130>, name='window1', pos=[0, 0], screen=0, size=array([1280, 1024]), stereo=False, units='deg', useFBO=False, useRetina=False, viewOri=0.0, viewPos=None, viewScale=None, waitBlanking=False, winType='pyglet')
9.0225 	INFO 	Mouse: using default window
9.0233 	EXP 	window1: units = 'norm'
9.1079 	EXP 	Created unnamed ImageStim = ImageStim(autoLog=True, color=array([ 1.,  1.,  1.]), colorSpace='rgb', contrast=1.0, depth=0, flipHoriz=False, flipVert=False, image=str(...), interpolate=False, mask=None, maskParams=None, name='unnamed ImageStim', opacity=1.0, ori=0.0, pos=array([-0.5,  0. ]), size=array([ 1.9359375 ,  3.42578125]), texRes=128, units='norm', win=Window(...))
9.1782 	EXP 	Created unnamed ImageStim = ImageStim(autoLog=True, color=array([ 1.,  1.,  1.]), colorSpace='rgb', contrast=1.0, depth=0, flipHoriz=False, flipVert=False, image=str(...), interpolate=False, mask=None, maskParams=None, name='unnamed ImageStim', opacity=1.0, ori=0.0, pos=array([ 0.5,  0. ]), size=array([ 1.9359375 ,  3.42578125]), texRes=128, units='norm', win=Window(...))
9.1949 	EXP 	Created OKrespZone = GratingStim(autoDraw=False, autoLog=True, color=array([ 1. ,  0.5,  0.5]), colorSpace='rgb', contrast=1.0, depth=0, interpolate=False, mask='gauss', maskParams=None, name='OKrespZone', opacity=1.0, ori=0.0, phase=array([ 0.,  0.]), pos=array([-0.2 , -0.92]), rgbPedestal=array([ 0.,  0.,  0.]), sf=array([ 0.,  0.]), size=array([ 2.3,  0.2]), tex='sin', texRes=256, units='norm', win=Window(...))
9.3270 	EXP 	unnamed ImageStim: size = (1, 2)
9.3270 	EXP 	unnamed ImageStim: size = (1, 2)
9.5406 	DATA 	Keypress: capslock
10.6054 	DATA 	Mouse: Left button down, pos=(307,1)
10.6217 	EXP 	window1: units = 'deg'
10.6222 	EXP 	window1: units = 'norm'
10.6405 	EXP 	Created OKrespZone = GratingStim(autoDraw=False, autoLog=True, color=array([ 1. ,  0.5,  0.5]), colorSpace='rgb', contrast=1.0, depth=0, interpolate=False, mask='gauss', maskParams=None, name='OKrespZone', opacity=1.0, ori=0.0, phase=array([ 0.,  0.]), pos=array([-0.2 , -0.92]), rgbPedestal=array([ 0.,  0.,  0.]), sf=array([ 0.,  0.]), size=array([ 2.3,  0.2]), tex='sin', texRes=256, units='norm', win=Window(...))
10.7324 	EXP 	Created unnamed ImageStim = ImageStim(autoLog=True, color=array([ 1.,  1.,  1.]), colorSpace='rgb', contrast=1.0, depth=0, flipHoriz=False, flipVert=False, image='abgdj\\PISandConsentForm\\consentForm.png', interpolate=False, mask=None, maskParams=None, name='unnamed ImageStim', opacity=1.0, ori=0.0, pos=array([ 0.,  0.]), size=array([ 2.00625   ,  3.13671875]), texRes=128, units='norm', win=Window(...))
10.7723 	EXP 	Created unnamed GratingStim = GratingStim(autoDraw=False, autoLog=True, color=array([ 1. ,  0.5,  0.5]), colorSpace='rgb', contrast=1.0, depth=0, interpolate=False, mask='gauss', maskParams=None, name='unnamed GratingStim', opacity=1.0, ori=0.0, phase=array([ 0.,  0.]), pos=array([-0.2 , -0.42]), rgbPedestal=array([ 0.,  0.,  0.]), sf=array([ 0.,  0.]), size=array([ 0.3,  0.2]), tex='sin', texRes=256, units='norm', win=Window(...))
10.8062 	EXP 	Created unnamed GratingStim = GratingStim(autoDraw=False, autoLog=True, color=array([ 1. ,  0.5,  0.5]), colorSpace='rgb', contrast=1.0, depth=0, interpolate=False, mask='gauss', maskParams=None, name='unnamed GratingStim', opacity=1.0, ori=0.0, phase=array([ 0.,  0.]), pos=array([ 0.1 , -0.42]), rgbPedestal=array([ 0.,  0.,  0.]), sf=array([ 0.,  0.]), size=array([ 0.3,  0.2]), tex='sin', texRes=256, units='norm', win=Window(...))
10.8291 	EXP 	Created unnamed GratingStim = GratingStim(autoDraw=False, autoLog=True, color=array([ 1. ,  0.5,  0.5]), colorSpace='rgb', contrast=1.0, depth=0, interpolate=False, mask='gauss', maskParams=None, name='unnamed GratingStim', opacity=1.0, ori=0.0, phase=array([ 0.,  0.]), pos=array([-0.2 , -0.72]), rgbPedestal=array([ 0.,  0.,  0.]), sf=array([ 0.,  0.]), size=array([ 0.3,  0.2]), tex='sin', texRes=256, units='norm', win=Window(...))
10.8513 	EXP 	Created unnamed GratingStim = GratingStim(autoDraw=False, autoLog=True, color=array([ 1. ,  0.5,  0.5]), colorSpace='rgb', contrast=1.0, depth=0, interpolate=False, mask='gauss', maskParams=None, name='unnamed GratingStim', opacity=1.0, ori=0.0, phase=array([ 0.,  0.]), pos=array([ 0.1 , -0.72]), rgbPedestal=array([ 0.,  0.,  0.]), sf=array([ 0.,  0.]), size=array([ 0.3,  0.2]), tex='sin', texRes=256, units='norm', win=Window(...))
10.8549 	DATA 	Mouse:  Left button up, pos=(310,3)
10.8616 	EXP 	unnamed ImageStim: size = (1.1, 2)
10.8922 	DATA 	Mouse: Left button down, pos=(330,42)
10.9560 	DATA 	Mouse:  Left button up, pos=(330,42)
11.8401 	DATA 	Mouse: Left button down, pos=(690,264)
11.9402 	DATA 	Mouse:  Left button up, pos=(690,264)
12.1740 	DATA 	Mouse: Left button down, pos=(678,178)
12.2901 	DATA 	Mouse:  Left button up, pos=(679,168)
12.6266 	DATA 	Mouse: Left button down, pos=(589,142)
12.7232 	DATA 	Mouse:  Left button up, pos=(589,143)
13.3784 	DATA 	Mouse: Left button down, pos=(706,104)
13.4748 	DATA 	Mouse:  Left button up, pos=(706,105)
13.8766 	DATA 	Mouse: Left button down, pos=(606,58)
13.8908 	EXP 	window1: units = 'deg'
13.8973 	EXP 	window1: mouseVisible = True
15.1770 	WARNING 	User requested fullscreen with size [1920 1080], but screen is actually [1280, 1024]. Using actual size
15.8280 	EXP 	Created window1 = Window(allowGUI=False, allowStencil=False, autoLog=True, bitsMode=UNKNOWN, blendMode='avg', color=array([-0.7, -0.7, -0.7]), colorSpace='rgb', fullscr=UNKNOWN, gamma=None, lms=UNKNOWN, monitor=<psychopy.monitors.calibTools.Monitor object at 0x1B332130>, name='window1', pos=[0, 0], screen=0, size=array([1280, 1024]), stereo=False, units='deg', useFBO=False, useRetina=False, viewOri=0.0, viewPos=None, viewScale=None, waitBlanking=False, winType='pyglet')
20.2475 	INFO 	#[ PsychoPy2 RuntimeInfoStart ]
  #[[ PsychoPy ]] #---------
    psychopyVersion: 1.84.2
    psychopyHaveExtRush: True
  #[[ Experiment ]] #---------
    experimentAuthor: None
    experimentAuthVersion: None
    experimentRunTime: 2018_08_06 14:13 (Year_Month_Day Hour:Min)
    experimentRunTime.epoch: 1533528824
    experimentScript: psyc1002.py
    experimentScript.digestSHA1: 03993779484d600ea4c1b8cc2288f3d37a5025d5
    experimentScript.directory: U:\PSYC1002\abgdj
  #[[ System ]] #---------
    systemHaveInternetAccess: True
    systemHostName: W5141LG2
    systemLocale: English_Australia.1252
    systemMemFreeRAM: 4365.4765625
    systemMemTotalRAM: 8076.9453125
    systemPlatform: windowsversion=sys.getwindowsversion(major=6, minor=2, build=9200, platform=2, service_pack='')
    systemPyo.InputDevices: {4: {'host api index': 2, 'latency': 0.008707483299076557, 'default sr': 44100, 'name': u'Realtek ASIO'}}
    systemPyo.OutputDevices: {0: {'host api index': 0, 'latency': 0.09000000357627869, 'default sr': 44100, 'name': u'Microsoft Sound Mapper - Output'}, 1: {'host api index': 0, 'latency': 0.09000000357627869, 'default sr': 44100, 'name': u'Speakers / Headphones (Realtek '}, 2: {'host api index': 1, 'latency': 0.11999999731779099, 'default sr': 44100, 'name': u'Primary Sound Driver'}, 3: {'host api index': 1, 'latency': 0.11999999731779099, 'default sr': 44100, 'name': u'Speakers / Headphones (Realtek High Definition Audio)'}, 4: {'host api index': 2, 'latency': 0.008707483299076557, 'default sr': 44100, 'name': u'Realtek ASIO'}, 5: {'host api index': 3, 'latency': 0.003000000026077032, 'default sr': 48000, 'name': u'Speakers / Headphones (Realtek High Definition Audio)'}}
    systemPyoVersion: 0.8.0
    systemRebooted: System Boot Time:          6/08/2018, 2:20:40 AM
    systemSec.pythonSSL: True
    systemTimeNumpySD1000000_sec: 0.0092
    systemUser: sbou7073
    systemUserID: 1000
    systemUserProcCmdPid: LabStatsUserSpace.exe dwm.exe TiWorker.exe CmRcService.exe nierserver.exe LabStatsClient.exe tagsrv.exe SearchUI.exe nipxism.exe WmiPrvSE.exe niLxiDiscovery.exe SecurityHealthService.exe redirector.exe SearchProtocolHost.exe server_admin.exe pc-client.exe lkads.exe SelfService.exe svchost.exe ni_usbmon.exe AGSService.exe System SISIDSService.exe SelfServicePlugin.exe explorer.exe smss.exe ApplicationWebServer.exe RuntimeBroker.exe acrotray.exe niauth_daemon.exe cmd.exe nidmsrv.exe Receiver.exe SISIPSService.exe lktsrv.exe lsass.exe python.exe RtkNGUI64.exe sisipsutil.exe AdobeUpdateService.exe armsvc.exe ssonsvr.exe concentr.exe nidevldu.exe taskhostw.exe ctfmon.exe RAVBg64.exe ''Memory Compression'' NIWebServiceContainer.exe nimxs.exe RtkAudioService64.exe SystemWebServer.exe tasklist.exe snowagent.exe CcmExec.exe SearchFilterHost.exe SmcGui.exe nicitdl5.exe ''System Idle Process'' services.exe niDiscSvc.exe sqlwriter.exe MSASCuiL.exe POWERPNT.EXE SCNotification.exe nimdnsResponder.exe server_runtime.exe sihost.exe spoolsv.exe wininit.exe winlogon.exe ShellExperienceHost.exe nidevmon.exe SearchIndexer.exe csrss.exe TrustedInstaller.exe audiodg.exe fontdrvhost.exe unsecapp.exe ccSvcHst.exe wfcrun32.exe nisvcloc.exe server_eventlog.exe lkcitdl.exe AuthManSvr.exe conhost.exe
    systemUserProcCount: 173
    systemUserProcFlagged: Explorer
    systemUsersCount: False
  #[[ Window ]] #---------
    windowWinType: pyglet
    windowWaitBlanking: False
    windowUseNativeGamma: True
    windowUnits: deg
    windowSize_pix: [1280 1024]
    windowScreen: 0
    windowRgb: [-0.7 -0.7 -0.7]
    windowRefreshTimeSD_ms: 0.313
    windowRefreshTimeMedian_ms: 16.732
    windowRefreshTimeAvg_ms: 16.690
    windowRefreshThreshold_sec: 0.0200
    windowRecordFrameIntervals: False
    windowPos_pix: [0, 0]
    windowMonitor.name: testmonitor
    windowMonitor.getWidth_cm: 57.0
    windowMonitor.getLinearizeMethod: 1
    windowMonitor.getGammaGrid: [[  0.   1.   1.  nan  nan  nan]
 [  0.   1.   1.  nan  nan  nan]
 [  0.   1.   1.  nan  nan  nan]
 [  0.   1.   1.  nan  nan  nan]]
    windowMonitor.getDistance_cm: 57.0
    windowMonitor.gammaInterpolator2: None
    windowMonitor.gammaInterpolator: None
    windowMonitor.currentCalibName: 2018_08_06 09:23
    windowIsFullScr: True
    windowHaveShaders: True
    windowAllowGUI: False
  #[[ Python ]] #---------
    pythonWxVersion: 3.0.2.0 msw (classic)
    pythonVersion: 2.7.11
    pythonScipyVersion: 0.17.1
    pythonPygletVersion: 1.2.4
    pythonPygameVersion: 1.9.2pre
    pythonNumpyVersion: 1.11.0
    pythonMatplotlibVersion: 1.5.1
    pythonFullVersion: 2.7.11 (v2.7.11:6d1b6a68f775, Dec  5 2015, 20:32:19) [MSC v.1500 32 bit (Intel)]
    pythonExecutable: C:\Program Files (x86)\PsychoPy2\python.exe
  #[[ OpenGL ]] #---------
    openGLVersion: 4.4.0 - Build 20.19.15.4531
    openGLVendor: Intel
    openGLRenderingEngine: Intel(R) HD Graphics 530
    openGLmaxVerticesInVertexArray: 1048576
    False: openGLext.GL_STEREO
    True: openGLext.GL_EXT_framebuffer_object
    True: openGLext.GL_ARB_vertex_shader
    True: openGLext.GL_ARB_texture_non_power_of_two
    True: openGLext.GL_ARB_texture_float
    True: openGLext.GL_ARB_shader_objects
    True: openGLext.GL_ARB_multitexture
    True: openGLext.GL_ARB_fragment_program
#[ PsychoPy2 RuntimeInfoEnd ]

20.2505 	ERROR 	Screen apparently NOT the desired resolution of 1920x1080 pixels!!
20.2962 	EXP 	window1: recordFrameIntervals = True
21.1298 	EXP 	window1: recordFrameIntervals = False
21.1302 	INFO 	Frames per second ~=59.9, which is close enough to desired val of 60.0
21.2870 	EXP 	Created sequence: random, trialTypes=12, nReps=30, seed=None
21.4381 	INFO 	Mouse: using default window
21.4579 	EXP 	Created OKrespZone = GratingStim(autoDraw=False, autoLog=True, color=array([ 1.,  1.,  1.]), colorSpace='rgb', contrast=1.0, depth=0, interpolate=False, mask='gauss', maskParams=None, name='OKrespZone', opacity=1.0, ori=0.0, phase=array([ 0.,  0.]), pos=array([ 0.  ,  0.88]), rgbPedestal=array([ 0.,  0.,  0.]), sf=array([ 0.,  0.]), size=array([ 2. ,  0.2]), tex='sin', texRes=256, units='norm', win=Window(...))
23.3219 	DATA 	Mouse: Left button down, pos=(213,807)
23.4097 	DATA 	Mouse:  Left button up, pos=(213,807)
23.4902 	DATA 	Mouse: Left button down, pos=(211,789)
23.6099 	DATA 	Mouse:  Left button up, pos=(223,746)
23.6512 	DATA 	Mouse: Left button down, pos=(229,727)
23.7379 	DATA 	Mouse:  Left button up, pos=(243,665)
23.7712 	DATA 	Mouse: Left button down, pos=(248,655)
23.8659 	DATA 	Mouse:  Left button up, pos=(272,590)
23.9312 	DATA 	Mouse: Left button down, pos=(297,536)
24.0257 	DATA 	Mouse:  Left button up, pos=(322,501)
24.0754 	DATA 	Mouse: Left button down, pos=(360,467)
24.1699 	DATA 	Mouse:  Left button up, pos=(429,434)
24.2433 	DATA 	Mouse: Left button down, pos=(581,434)
24.3298 	DATA 	Mouse:  Left button up, pos=(692,489)
24.4194 	DATA 	Mouse: Left button down, pos=(739,574)
24.5219 	DATA 	Mouse:  Left button up, pos=(683,702)
24.5709 	DATA 	Mouse: Left button down, pos=(679,717)
24.6419 	DATA 	Mouse:  Left button up, pos=(678,718)
24.7233 	DATA 	Mouse: Left button down, pos=(638,757)
24.8098 	DATA 	Mouse:  Left button up, pos=(602,776)
24.8832 	DATA 	Mouse: Left button down, pos=(553,814)
24.9779 	DATA 	Mouse:  Left button up, pos=(534,790)
25.0502 	DATA 	Mouse: Left button down, pos=(478,665)
25.1378 	DATA 	Mouse:  Left button up, pos=(475,628)
25.2104 	DATA 	Mouse: Left button down, pos=(553,573)
25.3059 	DATA 	Mouse:  Left button up, pos=(696,536)
25.8181 	DATA 	Mouse: Left button down, pos=(666,939)
25.8398 	INFO 	Experiment will have 360 trials. Letters will be drawn with superposed noise of 0.00%
25.8532 	EXP 	New trial (rep=0, index=0): {'leftStreamFlip': False, 'oneTarget': False, 'trialInstructionPos': (0, -1), 'probe': 'both', 'rightStreamFlip': False, 'horizVert': False, 'ISIframes': 2, 'rightResponseFirst': True}
25.8533 	INFO 	Starting main part of experiment
25.9029 	DATA 	Mouse:  Left button up, pos=(666,939)
27.0344 	INFO 	numtrials=360 and this trialDurFrames=28 or 466.666666667 ms  task=T1
28.3202 	DATA 	Keypress: lctrl
28.5393 	DATA 	Keypress: lshift
28.9191 	EXP 	window1: recordFrameIntervals = False
28.9284 	INFO 	Mouse: using default window
29.6535 	DATA 	Keypress: x
38.5099 	DATA 	Keypress: g
38.5101 	DATA 	Keypress: h
39.9445 	DATA 	Keypress: lctrl
39.9609 	DATA 	Keypress: lshift
40.2449 	DATA 	Keypress: z
40.2645 	INFO 	Stopping at 14:14 on 06 Aug 2018
40.2662 	ERROR 	user aborted experiment on keypress with trials done=0 of 361
40.3611 	INFO 	Program terminating normally.
