2.9496 	WARNING 	Monitor specification not found. Creating a temporary one...
13.1802 	WARNING 	User requested fullscreen with size [1920 1080], but screen is actually [1280, 1024]. Using actual size
14.0643 	DATA 	Keypress: capslock
14.1146 	EXP 	Created window1 = Window(allowGUI=False, allowStencil=False, autoLog=True, bitsMode=UNKNOWN, blendMode='avg', color=array([-0.7, -0.7, -0.7]), colorSpace='rgb', fullscr=UNKNOWN, gamma=None, lms=UNKNOWN, monitor=<psychopy.monitors.calibTools.Monitor object at 0x1AB073B0>, name='window1', pos=[0, 0], screen=0, size=array([1280, 1024]), stereo=False, units='deg', useFBO=False, useRetina=False, viewOri=0.0, viewPos=None, viewScale=None, waitBlanking=False, winType='pyglet')
14.1147 	INFO 	Mouse: using default window
14.1161 	EXP 	window1: units = 'norm'
14.2241 	EXP 	Created unnamed ImageStim = ImageStim(autoLog=True, color=array([ 1.,  1.,  1.]), colorSpace='rgb', contrast=1.0, depth=0, flipHoriz=False, flipVert=False, image=str(...), interpolate=False, mask=None, maskParams=None, name='unnamed ImageStim', opacity=1.0, ori=0.0, pos=array([-0.5,  0. ]), size=array([ 1.9359375 ,  3.42578125]), texRes=128, units='norm', win=Window(...))
14.2949 	EXP 	Created unnamed ImageStim = ImageStim(autoLog=True, color=array([ 1.,  1.,  1.]), colorSpace='rgb', contrast=1.0, depth=0, flipHoriz=False, flipVert=False, image=str(...), interpolate=False, mask=None, maskParams=None, name='unnamed ImageStim', opacity=1.0, ori=0.0, pos=array([ 0.5,  0. ]), size=array([ 1.9359375 ,  3.42578125]), texRes=128, units='norm', win=Window(...))
14.3121 	EXP 	Created OKrespZone = GratingStim(autoDraw=False, autoLog=True, color=array([ 1. ,  0.5,  0.5]), colorSpace='rgb', contrast=1.0, depth=0, interpolate=False, mask='gauss', maskParams=None, name='OKrespZone', opacity=1.0, ori=0.0, phase=array([ 0.,  0.]), pos=array([-0.2 , -0.92]), rgbPedestal=array([ 0.,  0.,  0.]), sf=array([ 0.,  0.]), size=array([ 2.3,  0.2]), tex='sin', texRes=256, units='norm', win=Window(...))
14.5094 	EXP 	unnamed ImageStim: size = (1, 2)
14.5094 	EXP 	unnamed ImageStim: size = (1, 2)
16.6827 	DATA 	Mouse: Left button down, pos=(345,123)
16.7851 	DATA 	Mouse:  Left button up, pos=(345,123)
17.0016 	DATA 	Mouse: Left button down, pos=(357,47)
17.0155 	EXP 	window1: units = 'deg'
17.0160 	EXP 	window1: units = 'norm'
17.0367 	EXP 	Created OKrespZone = GratingStim(autoDraw=False, autoLog=True, color=array([ 1. ,  0.5,  0.5]), colorSpace='rgb', contrast=1.0, depth=0, interpolate=False, mask='gauss', maskParams=None, name='OKrespZone', opacity=1.0, ori=0.0, phase=array([ 0.,  0.]), pos=array([-0.2 , -0.92]), rgbPedestal=array([ 0.,  0.,  0.]), sf=array([ 0.,  0.]), size=array([ 2.3,  0.2]), tex='sin', texRes=256, units='norm', win=Window(...))
17.1268 	EXP 	Created unnamed ImageStim = ImageStim(autoLog=True, color=array([ 1.,  1.,  1.]), colorSpace='rgb', contrast=1.0, depth=0, flipHoriz=False, flipVert=False, image='abgdj\\PISandConsentForm\\consentForm.png', interpolate=False, mask=None, maskParams=None, name='unnamed ImageStim', opacity=1.0, ori=0.0, pos=array([ 0.,  0.]), size=array([ 2.00625   ,  3.13671875]), texRes=128, units='norm', win=Window(...))
17.1655 	EXP 	Created unnamed GratingStim = GratingStim(autoDraw=False, autoLog=True, color=array([ 1. ,  0.5,  0.5]), colorSpace='rgb', contrast=1.0, depth=0, interpolate=False, mask='gauss', maskParams=None, name='unnamed GratingStim', opacity=1.0, ori=0.0, phase=array([ 0.,  0.]), pos=array([-0.2 , -0.42]), rgbPedestal=array([ 0.,  0.,  0.]), sf=array([ 0.,  0.]), size=array([ 0.3,  0.2]), tex='sin', texRes=256, units='norm', win=Window(...))
17.2089 	EXP 	Created unnamed GratingStim = GratingStim(autoDraw=False, autoLog=True, color=array([ 1. ,  0.5,  0.5]), colorSpace='rgb', contrast=1.0, depth=0, interpolate=False, mask='gauss', maskParams=None, name='unnamed GratingStim', opacity=1.0, ori=0.0, phase=array([ 0.,  0.]), pos=array([ 0.1 , -0.42]), rgbPedestal=array([ 0.,  0.,  0.]), sf=array([ 0.,  0.]), size=array([ 0.3,  0.2]), tex='sin', texRes=256, units='norm', win=Window(...))
17.2323 	EXP 	Created unnamed GratingStim = GratingStim(autoDraw=False, autoLog=True, color=array([ 1. ,  0.5,  0.5]), colorSpace='rgb', contrast=1.0, depth=0, interpolate=False, mask='gauss', maskParams=None, name='unnamed GratingStim', opacity=1.0, ori=0.0, phase=array([ 0.,  0.]), pos=array([-0.2 , -0.72]), rgbPedestal=array([ 0.,  0.,  0.]), sf=array([ 0.,  0.]), size=array([ 0.3,  0.2]), tex='sin', texRes=256, units='norm', win=Window(...))
17.2555 	EXP 	Created unnamed GratingStim = GratingStim(autoDraw=False, autoLog=True, color=array([ 1. ,  0.5,  0.5]), colorSpace='rgb', contrast=1.0, depth=0, interpolate=False, mask='gauss', maskParams=None, name='unnamed GratingStim', opacity=1.0, ori=0.0, phase=array([ 0.,  0.]), pos=array([ 0.1 , -0.72]), rgbPedestal=array([ 0.,  0.,  0.]), sf=array([ 0.,  0.]), size=array([ 0.3,  0.2]), tex='sin', texRes=256, units='norm', win=Window(...))
17.2586 	DATA 	Mouse:  Left button up, pos=(358,46)
17.2648 	EXP 	unnamed ImageStim: size = (1.1, 2)
18.9179 	DATA 	Mouse: Left button down, pos=(687,283)
19.0011 	DATA 	Mouse:  Left button up, pos=(687,283)
19.2016 	DATA 	Mouse: Left button down, pos=(687,184)
19.3014 	DATA 	Mouse:  Left button up, pos=(686,180)
19.6517 	DATA 	Mouse: Left button down, pos=(623,82)
19.6675 	EXP 	window1: units = 'deg'
19.6725 	EXP 	window1: mouseVisible = True
22.0652 	WARNING 	User requested fullscreen with size [1920 1080], but screen is actually [1280, 1024]. Using actual size
22.7222 	EXP 	Created window1 = Window(allowGUI=False, allowStencil=False, autoLog=True, bitsMode=UNKNOWN, blendMode='avg', color=array([-0.7, -0.7, -0.7]), colorSpace='rgb', fullscr=UNKNOWN, gamma=None, lms=UNKNOWN, monitor=<psychopy.monitors.calibTools.Monitor object at 0x1AB073B0>, name='window1', pos=[0, 0], screen=0, size=array([1280, 1024]), stereo=False, units='deg', useFBO=False, useRetina=False, viewOri=0.0, viewPos=None, viewScale=None, waitBlanking=False, winType='pyglet')
27.4086 	INFO 	#[ PsychoPy2 RuntimeInfoStart ]
  #[[ PsychoPy ]] #---------
    psychopyVersion: 1.84.2
    psychopyHaveExtRush: True
  #[[ Experiment ]] #---------
    experimentAuthor: None
    experimentAuthVersion: None
    experimentRunTime: 2018_08_06 09:23 (Year_Month_Day Hour:Min)
    experimentRunTime.epoch: 1533511436
    experimentScript: psyc1002.py
    experimentScript.digestSHA1: 03993779484d600ea4c1b8cc2288f3d37a5025d5
    experimentScript.directory: U:\PSYC1002\abgdj
  #[[ System ]] #---------
    systemHaveInternetAccess: True
    systemHostName: W5141LG2
    systemLocale: English_Australia.1252
    systemMemFreeRAM: 4464.2265625
    systemMemTotalRAM: 8076.9453125
    systemPlatform: windowsversion=sys.getwindowsversion(major=6, minor=2, build=9200, platform=2, service_pack='')
    systemPyo.InputDevices: {4: {'host api index': 2, 'latency': 0.008707483299076557, 'default sr': 44100, 'name': u'Realtek ASIO'}}
    systemPyo.OutputDevices: {0: {'host api index': 0, 'latency': 0.09000000357627869, 'default sr': 44100, 'name': u'Microsoft Sound Mapper - Output'}, 1: {'host api index': 0, 'latency': 0.09000000357627869, 'default sr': 44100, 'name': u'Speakers / Headphones (Realtek '}, 2: {'host api index': 1, 'latency': 0.11999999731779099, 'default sr': 44100, 'name': u'Primary Sound Driver'}, 3: {'host api index': 1, 'latency': 0.11999999731779099, 'default sr': 44100, 'name': u'Speakers / Headphones (Realtek High Definition Audio)'}, 4: {'host api index': 2, 'latency': 0.008707483299076557, 'default sr': 44100, 'name': u'Realtek ASIO'}, 5: {'host api index': 3, 'latency': 0.003000000026077032, 'default sr': 48000, 'name': u'Speakers / Headphones (Realtek High Definition Audio)'}}
    systemPyoVersion: 0.8.0
    systemRebooted: System Boot Time:          6/08/2018, 2:20:40 AM
    systemSec.pythonSSL: True
    systemTimeNumpySD1000000_sec: 0.0091
    systemUser: sbou7073
    systemUserID: 1000
    systemUserProcCmdPid: LabStatsUserSpace.exe dwm.exe TiWorker.exe CmRcService.exe nierserver.exe LabStatsClient.exe tagsrv.exe SearchUI.exe OneDrive.exe nipxism.exe WmiPrvSE.exe niLxiDiscovery.exe SecurityHealthService.exe redirector.exe SearchProtocolHost.exe server_admin.exe pc-client.exe lkads.exe svchost.exe ni_usbmon.exe AGSService.exe System SISIDSService.exe SelfServicePlugin.exe explorer.exe smss.exe ApplicationWebServer.exe RuntimeBroker.exe acrotray.exe niauth_daemon.exe cmd.exe nidmsrv.exe Receiver.exe SISIPSService.exe lktsrv.exe lsass.exe python.exe RtkNGUI64.exe sisipsutil.exe AdobeUpdateService.exe armsvc.exe ssonsvr.exe concentr.exe nidevldu.exe taskhostw.exe ctfmon.exe RAVBg64.exe ''Memory Compression'' NIWebServiceContainer.exe nimxs.exe RtkAudioService64.exe SystemWebServer.exe tasklist.exe snowagent.exe CcmExec.exe SearchFilterHost.exe SmcGui.exe nicitdl5.exe ''System Idle Process'' services.exe niDiscSvc.exe sqlwriter.exe MSASCuiL.exe SCNotification.exe nimdnsResponder.exe server_runtime.exe sihost.exe spoolsv.exe wininit.exe winlogon.exe ShellExperienceHost.exe nidevmon.exe SearchIndexer.exe csrss.exe TrustedInstaller.exe audiodg.exe fontdrvhost.exe dllhost.exe unsecapp.exe ccSvcHst.exe wfcrun32.exe nisvcloc.exe server_eventlog.exe lkcitdl.exe AuthManSvr.exe conhost.exe
    systemUserProcCount: 177
    systemUserProcFlagged: Explorer
    systemUsersCount: False
  #[[ Window ]] #---------
    windowWinType: pyglet
    windowWaitBlanking: False
    windowUseNativeGamma: True
    windowUnits: deg
    windowSize_pix: [1280 1024]
    windowScreen: 0
    windowRgb: [-0.7 -0.7 -0.7]
    windowRefreshTimeSD_ms: 0.222
    windowRefreshTimeMedian_ms: 16.694
    windowRefreshTimeAvg_ms: 16.677
    windowRefreshThreshold_sec: 0.0200
    windowRecordFrameIntervals: False
    windowPos_pix: [0, 0]
    windowMonitor.name: testmonitor
    windowMonitor.getWidth_cm: 57.0
    windowMonitor.getLinearizeMethod: 1
    windowMonitor.getGammaGrid: [[  0.   1.   1.  nan  nan  nan]
 [  0.   1.   1.  nan  nan  nan]
 [  0.   1.   1.  nan  nan  nan]
 [  0.   1.   1.  nan  nan  nan]]
    windowMonitor.getDistance_cm: 57.0
    windowMonitor.gammaInterpolator2: None
    windowMonitor.gammaInterpolator: None
    windowMonitor.currentCalibName: 2018_08_06 09:23
    windowIsFullScr: True
    windowHaveShaders: True
    windowAllowGUI: False
  #[[ Python ]] #---------
    pythonWxVersion: 3.0.2.0 msw (classic)
    pythonVersion: 2.7.11
    pythonScipyVersion: 0.17.1
    pythonPygletVersion: 1.2.4
    pythonPygameVersion: 1.9.2pre
    pythonNumpyVersion: 1.11.0
    pythonMatplotlibVersion: 1.5.1
    pythonFullVersion: 2.7.11 (v2.7.11:6d1b6a68f775, Dec  5 2015, 20:32:19) [MSC v.1500 32 bit (Intel)]
    pythonExecutable: C:\Program Files (x86)\PsychoPy2\python.exe
  #[[ OpenGL ]] #---------
    openGLVersion: 4.4.0 - Build 20.19.15.4531
    openGLVendor: Intel
    openGLRenderingEngine: Intel(R) HD Graphics 530
    openGLmaxVerticesInVertexArray: 1048576
    False: openGLext.GL_STEREO
    True: openGLext.GL_EXT_framebuffer_object
    True: openGLext.GL_ARB_vertex_shader
    True: openGLext.GL_ARB_texture_non_power_of_two
    True: openGLext.GL_ARB_texture_float
    True: openGLext.GL_ARB_shader_objects
    True: openGLext.GL_ARB_multitexture
    True: openGLext.GL_ARB_fragment_program
#[ PsychoPy2 RuntimeInfoEnd ]

27.4116 	ERROR 	Screen apparently NOT the desired resolution of 1920x1080 pixels!!
27.4579 	EXP 	window1: recordFrameIntervals = True
28.2909 	EXP 	window1: recordFrameIntervals = False
28.2978 	INFO 	Frames per second ~=60.1, which is close enough to desired val of 60.0
28.5039 	EXP 	Created sequence: random, trialTypes=12, nReps=30, seed=None
28.7091 	INFO 	Mouse: using default window
28.7291 	EXP 	Created OKrespZone = GratingStim(autoDraw=False, autoLog=True, color=array([ 1.,  1.,  1.]), colorSpace='rgb', contrast=1.0, depth=0, interpolate=False, mask='gauss', maskParams=None, name='OKrespZone', opacity=1.0, ori=0.0, phase=array([ 0.,  0.]), pos=array([ 0.  ,  0.88]), rgbPedestal=array([ 0.,  0.,  0.]), sf=array([ 0.,  0.]), size=array([ 2. ,  0.2]), tex='sin', texRes=256, units='norm', win=Window(...))
31.7831 	DATA 	Keypress: lctrl
31.8790 	DATA 	Keypress: lshift
32.1508 	DATA 	Keypress: x
49.0628 	DATA 	Keypress: lctrl
49.4628 	DATA 	Keypress: lshift
49.8468 	DATA 	Keypress: x
61.4149 	DATA 	Mouse: Left button down, pos=(359,200)
61.5187 	DATA 	Mouse:  Left button up, pos=(359,200)
62.9190 	DATA 	Keypress: lctrl
63.0468 	DATA 	Keypress: lshift
63.3669 	DATA 	Keypress: z
63.3829 	DATA 	Keypress: x
64.7428 	DATA 	Keypress: lctrl
65.0469 	DATA 	Keypress: lshift
65.2868 	DATA 	Keypress: z
78.3109 	DATA 	Keypress: escape
78.5349 	DATA 	Keypress: escape
78.6628 	DATA 	Keypress: escape
81.6709 	DATA 	Keypress: lwindows
87.6187 	DATA 	Mouse: Left button down, pos=(1112,861)
87.6411 	INFO 	Experiment will have 360 trials. Letters will be drawn with superposed noise of 0.00%
87.6421 	INFO 	Stopping at 09:25 on 06 Aug 2018
87.6437 	ERROR 	user aborted experiment on keypress with trials done=0 of 361
87.6719 	INFO 	Program terminating normally.
