0.5832 	WARNING 	Monitor specification not found. Creating a temporary one...
8.2611 	EXP 	Created window1 = Window(allowGUI=False, allowStencil=False, autoLog=True, bitsMode=UNKNOWN, blendMode='avg', color=array([-0.7, -0.7, -0.7]), colorSpace='rgb', fullscr=UNKNOWN, gamma=None, lms=UNKNOWN, monitor=<psychopy.monitors.calibTools.Monitor object at 0x1DFB5150>, name='window1', pos=[0, 0], screen=0, size=array([1920, 1080]), stereo=False, units='deg', useFBO=False, useRetina=False, viewOri=0.0, viewPos=None, viewScale=None, waitBlanking=False, winType='pyglet')
8.2612 	INFO 	Mouse: using default window
8.2617 	EXP 	window1: units = 'norm'
8.4900 	EXP 	Created unnamed ImageStim = ImageStim(autoLog=True, color=array([ 1.,  1.,  1.]), colorSpace='rgb', contrast=1.0, depth=0, flipHoriz=False, flipVert=False, image=str(...), interpolate=False, mask=None, maskParams=None, name='unnamed ImageStim', opacity=1.0, ori=0.0, pos=array([-0.5,  0. ]), size=array([ 1.290625  ,  3.24814815]), texRes=128, units='norm', win=Window(...))
8.7131 	EXP 	Created unnamed ImageStim = ImageStim(autoLog=True, color=array([ 1.,  1.,  1.]), colorSpace='rgb', contrast=1.0, depth=0, flipHoriz=False, flipVert=False, image=str(...), interpolate=False, mask=None, maskParams=None, name='unnamed ImageStim', opacity=1.0, ori=0.0, pos=array([ 0.5,  0. ]), size=array([ 1.290625  ,  3.24814815]), texRes=128, units='norm', win=Window(...))
8.7439 	EXP 	Created OKrespZone = GratingStim(autoDraw=False, autoLog=True, color=array([ 1. ,  0.5,  0.5]), colorSpace='rgb', contrast=1.0, depth=0, interpolate=False, mask='gauss', maskParams=None, name='OKrespZone', opacity=1.0, ori=0.0, phase=array([ 0.,  0.]), pos=array([-0.2 , -0.92]), rgbPedestal=array([ 0.,  0.,  0.]), sf=array([ 0.,  0.]), size=array([ 2.3,  0.2]), tex='sin', texRes=256, units='norm', win=Window(...))
8.9221 	EXP 	unnamed ImageStim: size = (1, 2)
8.9221 	EXP 	unnamed ImageStim: size = (1, 2)
38.5779 	DATA 	Mouse: Left button down, pos=(683,16)
38.5933 	EXP 	window1: units = 'deg'
38.5940 	EXP 	window1: units = 'norm'
38.6291 	EXP 	Created OKrespZone = GratingStim(autoDraw=False, autoLog=True, color=array([ 1. ,  0.5,  0.5]), colorSpace='rgb', contrast=1.0, depth=0, interpolate=False, mask='gauss', maskParams=None, name='OKrespZone', opacity=1.0, ori=0.0, phase=array([ 0.,  0.]), pos=array([-0.2 , -0.92]), rgbPedestal=array([ 0.,  0.,  0.]), sf=array([ 0.,  0.]), size=array([ 2.3,  0.2]), tex='sin', texRes=256, units='norm', win=Window(...))
38.8626 	EXP 	Created unnamed ImageStim = ImageStim(autoLog=True, color=array([ 1.,  1.,  1.]), colorSpace='rgb', contrast=1.0, depth=0, flipHoriz=False, flipVert=False, image='abgdj\\PISandConsentForm\\consentForm.png', interpolate=False, mask=None, maskParams=None, name='unnamed ImageStim', opacity=1.0, ori=0.0, pos=array([ 0.,  0.]), size=array([ 1.3375    ,  2.97407407]), texRes=128, units='norm', win=Window(...))
38.9019 	EXP 	Created unnamed GratingStim = GratingStim(autoDraw=False, autoLog=True, color=array([ 1. ,  0.5,  0.5]), colorSpace='rgb', contrast=1.0, depth=0, interpolate=False, mask='gauss', maskParams=None, name='unnamed GratingStim', opacity=1.0, ori=0.0, phase=array([ 0.,  0.]), pos=array([-0.2 , -0.42]), rgbPedestal=array([ 0.,  0.,  0.]), sf=array([ 0.,  0.]), size=array([ 0.3,  0.2]), tex='sin', texRes=256, units='norm', win=Window(...))
38.9497 	EXP 	Created unnamed GratingStim = GratingStim(autoDraw=False, autoLog=True, color=array([ 1. ,  0.5,  0.5]), colorSpace='rgb', contrast=1.0, depth=0, interpolate=False, mask='gauss', maskParams=None, name='unnamed GratingStim', opacity=1.0, ori=0.0, phase=array([ 0.,  0.]), pos=array([ 0.1 , -0.42]), rgbPedestal=array([ 0.,  0.,  0.]), sf=array([ 0.,  0.]), size=array([ 0.3,  0.2]), tex='sin', texRes=256, units='norm', win=Window(...))
38.9882 	EXP 	Created unnamed GratingStim = GratingStim(autoDraw=False, autoLog=True, color=array([ 1. ,  0.5,  0.5]), colorSpace='rgb', contrast=1.0, depth=0, interpolate=False, mask='gauss', maskParams=None, name='unnamed GratingStim', opacity=1.0, ori=0.0, phase=array([ 0.,  0.]), pos=array([-0.2 , -0.72]), rgbPedestal=array([ 0.,  0.,  0.]), sf=array([ 0.,  0.]), size=array([ 0.3,  0.2]), tex='sin', texRes=256, units='norm', win=Window(...))
39.0271 	EXP 	Created unnamed GratingStim = GratingStim(autoDraw=False, autoLog=True, color=array([ 1. ,  0.5,  0.5]), colorSpace='rgb', contrast=1.0, depth=0, interpolate=False, mask='gauss', maskParams=None, name='unnamed GratingStim', opacity=1.0, ori=0.0, phase=array([ 0.,  0.]), pos=array([ 0.1 , -0.72]), rgbPedestal=array([ 0.,  0.,  0.]), sf=array([ 0.,  0.]), size=array([ 0.3,  0.2]), tex='sin', texRes=256, units='norm', win=Window(...))
39.0302 	DATA 	Mouse:  Left button up, pos=(683,16)
39.0353 	EXP 	unnamed ImageStim: size = (1.1, 2)
43.2301 	DATA 	Mouse: Left button down, pos=(764,313)
43.3769 	DATA 	Mouse:  Left button up, pos=(764,313)
44.9940 	DATA 	Mouse: Left button down, pos=(758,163)
45.1106 	DATA 	Mouse:  Left button up, pos=(758,163)
45.8437 	DATA 	Mouse: Left button down, pos=(760,44)
45.8598 	EXP 	window1: units = 'deg'
45.8637 	EXP 	window1: mouseVisible = True
59.0279 	EXP 	Created window1 = Window(allowGUI=False, allowStencil=False, autoLog=True, bitsMode=UNKNOWN, blendMode='avg', color=array([-0.7, -0.7, -0.7]), colorSpace='rgb', fullscr=UNKNOWN, gamma=None, lms=UNKNOWN, monitor=<psychopy.monitors.calibTools.Monitor object at 0x1DFB5150>, name='window1', pos=[0, 0], screen=0, size=array([1920, 1080]), stereo=False, units='deg', useFBO=False, useRetina=False, viewOri=0.0, viewPos=None, viewScale=None, waitBlanking=False, winType='pyglet')
63.3280 	INFO 	#[ PsychoPy2 RuntimeInfoStart ]
  #[[ PsychoPy ]] #---------
    psychopyVersion: 1.84.2
    psychopyHaveExtRush: True
  #[[ Experiment ]] #---------
    experimentAuthor: None
    experimentAuthVersion: None
    experimentRunTime: 2018_08_07 12:12 (Year_Month_Day Hour:Min)
    experimentRunTime.epoch: 1533607965
    experimentScript: psyc1002.py
    experimentScript.digestSHA1: 03993779484d600ea4c1b8cc2288f3d37a5025d5
    experimentScript.directory: U:\PSYC1002\abgdj
  #[[ System ]] #---------
    systemHaveInternetAccess: True
    systemHostName: W5FC5LG2
    systemLocale: English_Australia.1252
    systemMemFreeRAM: 3956.66015625
    systemMemTotalRAM: 8076.9453125
    systemPlatform: windowsversion=sys.getwindowsversion(major=6, minor=2, build=9200, platform=2, service_pack='')
    systemPyo.InputDevices: {4: {'host api index': 2, 'latency': 0.008707483299076557, 'default sr': 44100, 'name': u'Realtek ASIO'}}
    systemPyo.OutputDevices: {0: {'host api index': 0, 'latency': 0.09000000357627869, 'default sr': 44100, 'name': u'Microsoft Sound Mapper - Output'}, 1: {'host api index': 0, 'latency': 0.09000000357627869, 'default sr': 44100, 'name': u'Speakers / Headphones (Realtek '}, 2: {'host api index': 1, 'latency': 0.11999999731779099, 'default sr': 44100, 'name': u'Primary Sound Driver'}, 3: {'host api index': 1, 'latency': 0.11999999731779099, 'default sr': 44100, 'name': u'Speakers / Headphones (Realtek High Definition Audio)'}, 4: {'host api index': 2, 'latency': 0.008707483299076557, 'default sr': 44100, 'name': u'Realtek ASIO'}, 5: {'host api index': 3, 'latency': 0.003000000026077032, 'default sr': 48000, 'name': u'Speakers / Headphones (Realtek High Definition Audio)'}}
    systemPyoVersion: 0.8.0
    systemRebooted: System Boot Time:          7/08/2018, 2:06:21 AM
    systemSec.pythonSSL: True
    systemTimeNumpySD1000000_sec: 0.0099
    systemUser: tgib6651
    systemUserID: 1000
    systemUserProcCmdPid: LabStatsUserSpace.exe dwm.exe TiWorker.exe CmRcService.exe nierserver.exe LabStatsClient.exe tagsrv.exe SearchUI.exe OneDrive.exe nipxism.exe TrustedInstaller.exe niLxiDiscovery.exe SecurityHealthService.exe redirector.exe SearchProtocolHost.exe server_admin.exe pc-client.exe lkads.exe svchost.exe smartscreen.exe ni_usbmon.exe AGSService.exe System SISIDSService.exe IntelCpHeciSvc.exe SelfServicePlugin.exe explorer.exe smss.exe ApplicationWebServer.exe RuntimeBroker.exe acrotray.exe IntelCpHDCPSvc.exe niauth_daemon.exe cmd.exe nidmsrv.exe Receiver.exe SISIPSService.exe lktsrv.exe lsass.exe services.exe RtkNGUI64.exe sisipsutil.exe armsvc.exe ssonsvr.exe concentr.exe nidevldu.exe taskhostw.exe ctfmon.exe RAVBg64.exe ''Memory Compression'' NIWebServiceContainer.exe nimxs.exe RtkAudioService64.exe SystemWebServer.exe tasklist.exe snowagent.exe CcmExec.exe SearchFilterHost.exe SmcGui.exe nicitdl5.exe ''System Idle Process'' python.exe niDiscSvc.exe sqlwriter.exe MSASCuiL.exe SCNotification.exe nimdnsResponder.exe server_runtime.exe sihost.exe backgroundTaskHost.exe spoolsv.exe wininit.exe winlogon.exe ShellExperienceHost.exe nidevmon.exe SearchIndexer.exe csrss.exe WmiPrvSE.exe audiodg.exe fontdrvhost.exe OneDriveSetup.exe dllhost.exe unsecapp.exe ccSvcHst.exe wfcrun32.exe nisvcloc.exe server_eventlog.exe lkcitdl.exe AuthManSvr.exe conhost.exe
    systemUserProcCount: 182
    systemUserProcFlagged: Explorer
    systemUsersCount: False
  #[[ Window ]] #---------
    windowWinType: pyglet
    windowWaitBlanking: False
    windowUseNativeGamma: True
    windowUnits: deg
    windowSize_pix: [1920 1080]
    windowScreen: 0
    windowRgb: [-0.7 -0.7 -0.7]
    windowRefreshTimeSD_ms: 1.201
    windowRefreshTimeMedian_ms: 16.690
    windowRefreshTimeAvg_ms: 16.667
    windowRefreshThreshold_sec: 0.0200
    windowRecordFrameIntervals: False
    windowPos_pix: [0, 0]
    windowMonitor.name: testmonitor
    windowMonitor.getWidth_cm: 57.0
    windowMonitor.getLinearizeMethod: 1
    windowMonitor.getGammaGrid: [[  0.   1.   1.  nan  nan  nan]
 [  0.   1.   1.  nan  nan  nan]
 [  0.   1.   1.  nan  nan  nan]
 [  0.   1.   1.  nan  nan  nan]]
    windowMonitor.getDistance_cm: 57.0
    windowMonitor.gammaInterpolator2: None
    windowMonitor.gammaInterpolator: None
    windowMonitor.currentCalibName: 2018_08_07 12:11
    windowIsFullScr: True
    windowHaveShaders: True
    windowAllowGUI: False
  #[[ Python ]] #---------
    pythonWxVersion: 3.0.2.0 msw (classic)
    pythonVersion: 2.7.11
    pythonScipyVersion: 0.17.1
    pythonPygletVersion: 1.2.4
    pythonPygameVersion: 1.9.2pre
    pythonNumpyVersion: 1.11.0
    pythonMatplotlibVersion: 1.5.1
    pythonFullVersion: 2.7.11 (v2.7.11:6d1b6a68f775, Dec  5 2015, 20:32:19) [MSC v.1500 32 bit (Intel)]
    pythonExecutable: C:\Program Files (x86)\PsychoPy2\python.exe
  #[[ OpenGL ]] #---------
    openGLVersion: 4.5.0 - Build 22.20.16.4836
    openGLVendor: Intel
    openGLRenderingEngine: Intel(R) HD Graphics 530
    openGLmaxVerticesInVertexArray: 1048576
    False: openGLext.GL_STEREO
    True: openGLext.GL_EXT_framebuffer_object
    True: openGLext.GL_ARB_vertex_shader
    True: openGLext.GL_ARB_texture_non_power_of_two
    True: openGLext.GL_ARB_texture_float
    True: openGLext.GL_ARB_shader_objects
    True: openGLext.GL_ARB_multitexture
    True: openGLext.GL_ARB_fragment_program
#[ PsychoPy2 RuntimeInfoEnd ]

63.3772 	EXP 	window1: recordFrameIntervals = True
64.2098 	EXP 	window1: recordFrameIntervals = False
64.2105 	INFO 	Frames per second ~=60.0, which is close enough to desired val of 60.0
64.4028 	EXP 	Created sequence: random, trialTypes=12, nReps=30, seed=None
64.5223 	INFO 	Mouse: using default window
64.5478 	EXP 	Created OKrespZone = GratingStim(autoDraw=False, autoLog=True, color=array([ 1.,  1.,  1.]), colorSpace='rgb', contrast=1.0, depth=0, interpolate=False, mask='gauss', maskParams=None, name='OKrespZone', opacity=1.0, ori=0.0, phase=array([ 0.,  0.]), pos=array([ 0.  ,  0.88]), rgbPedestal=array([ 0.,  0.,  0.]), sf=array([ 0.,  0.]), size=array([ 2. ,  0.2]), tex='sin', texRes=256, units='norm', win=Window(...))
81.5161 	DATA 	Mouse: Left button down, pos=(1800,743)
81.6038 	DATA 	Mouse:  Left button up, pos=(1800,743)
82.6520 	DATA 	Mouse: Left button down, pos=(1766,814)
82.7318 	DATA 	Mouse:  Left button up, pos=(1766,814)
86.9640 	DATA 	Mouse: Left button down, pos=(1372,734)
87.0358 	DATA 	Mouse:  Left button up, pos=(1372,734)
96.3320 	DATA 	Mouse: Left button down, pos=(1145,680)
96.4118 	DATA 	Mouse:  Left button up, pos=(1145,680)
109.2841 	DATA 	Mouse: Left button down, pos=(696,957)
109.4198 	DATA 	Mouse:  Left button up, pos=(696,957)
116.1641 	DATA 	Mouse: Left button down, pos=(334,463)
116.2210 	DATA 	Mouse:  Left button up, pos=(334,463)
117.7401 	DATA 	Mouse: Left button down, pos=(383,609)
117.8120 	DATA 	Mouse:  Left button up, pos=(383,609)
124.5801 	DATA 	Mouse: Left button down, pos=(87,189)
124.6762 	DATA 	Mouse:  Left button up, pos=(87,189)
136.5803 	DATA 	Mouse: Left button down, pos=(1337,42)
136.7079 	DATA 	Mouse:  Left button up, pos=(1337,42)
138.9734 	DATA 	Mouse: Left button down, pos=(1522,192)
139.0840 	DATA 	Mouse:  Left button up, pos=(1522,192)
141.1960 	DATA 	Mouse: Left button down, pos=(1083,1017)
141.2350 	INFO 	Experiment will have 360 trials. Letters will be drawn with superposed noise of 0.00%
141.2479 	EXP 	New trial (rep=0, index=0): {'leftStreamFlip': False, 'oneTarget': False, 'trialInstructionPos': (0, 1), 'probe': 'both', 'rightStreamFlip': False, 'horizVert': False, 'ISIframes': 2, 'rightResponseFirst': False}
141.2480 	INFO 	Starting main part of experiment
141.2946 	DATA 	Mouse:  Left button up, pos=(1083,1017)
142.4264 	INFO 	numtrials=360 and this trialDurFrames=28 or 466.666666667 ms  task=T1
144.5105 	EXP 	window1: recordFrameIntervals = False
144.5204 	INFO 	Mouse: using default window
148.6621 	DATA 	Keypress: u
150.3439 	DATA 	Keypress: h
152.1281 	DATA 	Keypress: g
152.3267 	EXP 	New trial (rep=0, index=1): {'leftStreamFlip': False, 'oneTarget': False, 'trialInstructionPos': (0, -1), 'probe': 'both', 'rightStreamFlip': False, 'horizVert': False, 'ISIframes': 2, 'rightResponseFirst': True}
159.4611 	DATA 	Mouse: Left button down, pos=(1088,940)
159.5442 	DATA 	Mouse:  Left button up, pos=(1088,940)
161.8440 	INFO 	numtrials=360 and this trialDurFrames=22 or 366.666666667 ms  task=T1
163.7939 	EXP 	window1: recordFrameIntervals = False
163.8010 	INFO 	Mouse: using default window
165.5776 	DATA 	Keypress: s
168.0781 	DATA 	Keypress: y
169.0620 	DATA 	Keypress: y
169.2052 	EXP 	New trial (rep=0, index=2): {'leftStreamFlip': False, 'oneTarget': False, 'trialInstructionPos': (0, 1), 'probe': 'both', 'rightStreamFlip': False, 'horizVert': False, 'ISIframes': 2, 'rightResponseFirst': False}
169.2103 	INFO 	numtrials=360 and this trialDurFrames=18 or 300.0 ms  task=T1
171.1605 	EXP 	window1: recordFrameIntervals = False
171.1679 	INFO 	Mouse: using default window
173.0782 	DATA 	Keypress: r
174.7287 	DATA 	Keypress: s
176.1119 	DATA 	Keypress: z
176.2560 	EXP 	New trial (rep=0, index=3): {'leftStreamFlip': False, 'oneTarget': False, 'trialInstructionPos': (0, -1), 'probe': 'both', 'rightStreamFlip': False, 'horizVert': False, 'ISIframes': 2, 'rightResponseFirst': True}
176.2773 	INFO 	numtrials=360 and this trialDurFrames=18 or 300.0 ms  task=T1
177.5940 	EXP 	window1: recordFrameIntervals = False
177.6011 	INFO 	Mouse: using default window
179.3780 	DATA 	Keypress: f
180.6124 	DATA 	Keypress: t
181.8113 	DATA 	Keypress: a
181.9622 	EXP 	New trial (rep=0, index=4): {'leftStreamFlip': False, 'oneTarget': False, 'trialInstructionPos': (0, -1), 'probe': 'both', 'rightStreamFlip': False, 'horizVert': False, 'ISIframes': 2, 'rightResponseFirst': True}
188.8121 	DATA 	Keypress: space
188.8440 	INFO 	numtrials=360 and this trialDurFrames=14 or 233.333333333 ms  task=T1
190.0771 	EXP 	window1: recordFrameIntervals = False
190.0843 	INFO 	Mouse: using default window
192.1612 	DATA 	Keypress: z
193.4115 	DATA 	Keypress: n
194.7115 	DATA 	Keypress: y
194.8598 	EXP 	New trial (rep=0, index=5): {'leftStreamFlip': False, 'oneTarget': False, 'trialInstructionPos': (0, 1), 'probe': 'both', 'rightStreamFlip': False, 'horizVert': False, 'ISIframes': 2, 'rightResponseFirst': True}
194.8768 	INFO 	numtrials=360 and this trialDurFrames=4 or 66.6666666667 ms  task=T1
196.0943 	EXP 	window1: recordFrameIntervals = False
196.1016 	INFO 	Mouse: using default window
198.2295 	DATA 	Keypress: z
199.3782 	DATA 	Keypress: g
200.4112 	DATA 	Keypress: e
200.5593 	EXP 	New trial (rep=0, index=6): {'leftStreamFlip': False, 'oneTarget': False, 'trialInstructionPos': (0, -1), 'probe': 'both', 'rightStreamFlip': False, 'horizVert': False, 'ISIframes': 2, 'rightResponseFirst': False}
200.5767 	INFO 	numtrials=360 and this trialDurFrames=4 or 66.6666666667 ms  task=T1
201.7941 	EXP 	window1: recordFrameIntervals = False
201.8012 	INFO 	Mouse: using default window
203.8292 	DATA 	Keypress: f
205.2114 	DATA 	Keypress: h
205.9949 	DATA 	Keypress: a
206.1463 	EXP 	New trial (rep=0, index=7): {'leftStreamFlip': False, 'oneTarget': False, 'trialInstructionPos': (0, 1), 'probe': 'both', 'rightStreamFlip': False, 'horizVert': False, 'ISIframes': 2, 'rightResponseFirst': True}
206.1604 	INFO 	numtrials=360 and this trialDurFrames=3 or 50.0 ms  task=T1
207.2274 	EXP 	window1: recordFrameIntervals = False
207.2348 	INFO 	Mouse: using default window
209.6947 	DATA 	Keypress: o
210.0779 	DATA 	Keypress: o
210.6297 	DATA 	Keypress: o
210.7876 	EXP 	New trial (rep=0, index=8): {'leftStreamFlip': False, 'oneTarget': False, 'trialInstructionPos': (0, 1), 'probe': 'both', 'rightStreamFlip': False, 'horizVert': False, 'ISIframes': 2, 'rightResponseFirst': False}
210.8100 	INFO 	numtrials=360 and this trialDurFrames=4 or 66.6666666667 ms  task=T1
212.0272 	EXP 	window1: recordFrameIntervals = False
212.0346 	INFO 	Mouse: using default window
214.3780 	DATA 	Keypress: m
215.8949 	DATA 	Keypress: u
217.0294 	DATA 	Keypress: r
217.1838 	EXP 	New trial (rep=0, index=9): {'leftStreamFlip': False, 'oneTarget': False, 'trialInstructionPos': (0, -1), 'probe': 'both', 'rightStreamFlip': False, 'horizVert': False, 'ISIframes': 2, 'rightResponseFirst': False}
217.1935 	INFO 	numtrials=360 and this trialDurFrames=4 or 66.6666666667 ms  task=T1
218.3773 	EXP 	window1: recordFrameIntervals = False
218.3846 	INFO 	Mouse: using default window
219.9448 	DATA 	Keypress: f
220.8945 	DATA 	Keypress: u
221.7114 	DATA 	Keypress: m
221.8585 	EXP 	New trial (rep=0, index=10): {'leftStreamFlip': False, 'oneTarget': False, 'trialInstructionPos': (0, -1), 'probe': 'both', 'rightStreamFlip': False, 'horizVert': False, 'ISIframes': 2, 'rightResponseFirst': False}
221.8767 	INFO 	numtrials=360 and this trialDurFrames=3 or 50.0 ms  task=T1
223.0105 	EXP 	window1: recordFrameIntervals = False
223.0176 	INFO 	Mouse: using default window
225.2780 	DATA 	Keypress: a
226.8451 	DATA 	Keypress: z
228.0951 	DATA 	Keypress: g
228.2384 	EXP 	New trial (rep=0, index=11): {'leftStreamFlip': False, 'oneTarget': False, 'trialInstructionPos': (0, 1), 'probe': 'both', 'rightStreamFlip': False, 'horizVert': False, 'ISIframes': 2, 'rightResponseFirst': True}
228.2601 	INFO 	numtrials=360 and this trialDurFrames=4 or 66.6666666667 ms  task=T1
229.3108 	EXP 	window1: recordFrameIntervals = False
229.3179 	INFO 	Mouse: using default window
231.5280 	DATA 	Keypress: m
232.9614 	DATA 	Keypress: j
233.4619 	DATA 	Keypress: k
233.6013 	EXP 	New trial (rep=1, index=0): {'leftStreamFlip': False, 'oneTarget': False, 'trialInstructionPos': (0, -1), 'probe': 'both', 'rightStreamFlip': False, 'horizVert': False, 'ISIframes': 2, 'rightResponseFirst': False}
233.6264 	INFO 	numtrials=360 and this trialDurFrames=4 or 66.6666666667 ms  task=T1
234.8107 	EXP 	window1: recordFrameIntervals = False
234.8176 	INFO 	Mouse: using default window
236.7118 	DATA 	Keypress: u
238.1280 	DATA 	Keypress: k
238.5114 	DATA 	Keypress: j
238.6625 	EXP 	New trial (rep=1, index=1): {'leftStreamFlip': False, 'oneTarget': False, 'trialInstructionPos': (0, 1), 'probe': 'both', 'rightStreamFlip': False, 'horizVert': False, 'ISIframes': 2, 'rightResponseFirst': False}
238.6767 	INFO 	numtrials=360 and this trialDurFrames=3 or 50.0 ms  task=T1
239.7275 	EXP 	window1: recordFrameIntervals = False
239.7346 	INFO 	Mouse: using default window
241.6119 	DATA 	Keypress: z
243.1277 	DATA 	Keypress: r
243.9283 	DATA 	Keypress: j
244.0720 	EXP 	New trial (rep=1, index=2): {'leftStreamFlip': False, 'oneTarget': False, 'trialInstructionPos': (0, 1), 'probe': 'both', 'rightStreamFlip': False, 'horizVert': False, 'ISIframes': 2, 'rightResponseFirst': True}
244.0935 	INFO 	numtrials=360 and this trialDurFrames=4 or 66.6666666667 ms  task=T1
245.2106 	EXP 	window1: recordFrameIntervals = False
245.2176 	INFO 	Mouse: using default window
246.8117 	DATA 	Keypress: h
248.5281 	DATA 	Keypress: c
249.4126 	DATA 	Keypress: r
249.5737 	EXP 	New trial (rep=1, index=3): {'leftStreamFlip': False, 'oneTarget': False, 'trialInstructionPos': (0, 1), 'probe': 'both', 'rightStreamFlip': False, 'horizVert': False, 'ISIframes': 2, 'rightResponseFirst': True}
249.5935 	INFO 	numtrials=360 and this trialDurFrames=4 or 66.6666666667 ms  task=T1
250.8107 	EXP 	window1: recordFrameIntervals = False
250.8178 	INFO 	Mouse: using default window
252.7446 	DATA 	Keypress: g
254.1115 	DATA 	Keypress: s
255.3948 	DATA 	Keypress: f
255.5350 	EXP 	New trial (rep=1, index=4): {'leftStreamFlip': False, 'oneTarget': False, 'trialInstructionPos': (0, -1), 'probe': 'both', 'rightStreamFlip': False, 'horizVert': False, 'ISIframes': 2, 'rightResponseFirst': False}
255.5598 	INFO 	numtrials=360 and this trialDurFrames=3 or 50.0 ms  task=T1
256.7608 	EXP 	window1: recordFrameIntervals = False
256.7679 	INFO 	Mouse: using default window
259.6114 	DATA 	Keypress: m
260.5789 	DATA 	Keypress: s
261.1447 	DATA 	Keypress: n
261.2863 	EXP 	New trial (rep=1, index=5): {'leftStreamFlip': False, 'oneTarget': False, 'trialInstructionPos': (0, -1), 'probe': 'both', 'rightStreamFlip': False, 'horizVert': False, 'ISIframes': 2, 'rightResponseFirst': True}
261.3103 	INFO 	numtrials=360 and this trialDurFrames=4 or 66.6666666667 ms  task=T1
262.3443 	EXP 	window1: recordFrameIntervals = False
262.3516 	INFO 	Mouse: using default window
263.9618 	DATA 	Keypress: g
264.8282 	DATA 	Keypress: h
265.6943 	DATA 	Keypress: c
265.8392 	EXP 	New trial (rep=1, index=6): {'leftStreamFlip': False, 'oneTarget': False, 'trialInstructionPos': (0, 1), 'probe': 'both', 'rightStreamFlip': False, 'horizVert': False, 'ISIframes': 2, 'rightResponseFirst': True}
265.8612 	INFO 	numtrials=360 and this trialDurFrames=4 or 66.6666666667 ms  task=T1
267.0105 	EXP 	window1: recordFrameIntervals = False
267.0181 	INFO 	Mouse: using default window
268.7614 	DATA 	Keypress: h
269.3453 	DATA 	Keypress: g
270.0950 	DATA 	Keypress: f
270.2364 	EXP 	New trial (rep=1, index=7): {'leftStreamFlip': False, 'oneTarget': False, 'trialInstructionPos': (0, 1), 'probe': 'both', 'rightStreamFlip': False, 'horizVert': False, 'ISIframes': 2, 'rightResponseFirst': False}
270.2603 	INFO 	numtrials=360 and this trialDurFrames=4 or 66.6666666667 ms  task=T1
271.2607 	EXP 	window1: recordFrameIntervals = False
271.2680 	INFO 	Mouse: using default window
273.3289 	DATA 	Keypress: z
273.7615 	DATA 	Keypress: s
274.4450 	DATA 	Keypress: t
274.5878 	EXP 	New trial (rep=1, index=8): {'leftStreamFlip': False, 'oneTarget': False, 'trialInstructionPos': (0, 1), 'probe': 'both', 'rightStreamFlip': False, 'horizVert': False, 'ISIframes': 2, 'rightResponseFirst': False}
274.6104 	INFO 	numtrials=360 and this trialDurFrames=4 or 66.6666666667 ms  task=T1
275.7774 	EXP 	window1: recordFrameIntervals = False
275.7844 	INFO 	Mouse: using default window
277.8127 	DATA 	Keypress: a
278.1614 	DATA 	Keypress: t
278.8453 	DATA 	Keypress: r
278.9870 	EXP 	New trial (rep=1, index=9): {'leftStreamFlip': False, 'oneTarget': False, 'trialInstructionPos': (0, -1), 'probe': 'both', 'rightStreamFlip': False, 'horizVert': False, 'ISIframes': 2, 'rightResponseFirst': False}
279.0104 	INFO 	numtrials=360 and this trialDurFrames=4 or 66.6666666667 ms  task=T1
279.9940 	EXP 	window1: recordFrameIntervals = False
280.0010 	INFO 	Mouse: using default window
283.1114 	DATA 	Keypress: y
283.3947 	DATA 	Keypress: r
283.6782 	DATA 	Keypress: m
283.8201 	EXP 	New trial (rep=1, index=10): {'leftStreamFlip': False, 'oneTarget': False, 'trialInstructionPos': (0, -1), 'probe': 'both', 'rightStreamFlip': False, 'horizVert': False, 'ISIframes': 2, 'rightResponseFirst': True}
283.8436 	INFO 	numtrials=360 and this trialDurFrames=4 or 66.6666666667 ms  task=T1
284.8609 	EXP 	window1: recordFrameIntervals = False
284.8685 	INFO 	Mouse: using default window
286.5115 	DATA 	Keypress: m
287.9284 	DATA 	Keypress: f
288.3944 	DATA 	Keypress: k
288.5355 	EXP 	New trial (rep=1, index=11): {'leftStreamFlip': False, 'oneTarget': False, 'trialInstructionPos': (0, -1), 'probe': 'both', 'rightStreamFlip': False, 'horizVert': False, 'ISIframes': 2, 'rightResponseFirst': True}
288.5440 	INFO 	numtrials=360 and this trialDurFrames=4 or 66.6666666667 ms  task=T1
289.6942 	EXP 	window1: recordFrameIntervals = False
289.7011 	INFO 	Mouse: using default window
290.9785 	DATA 	Keypress: s
291.9448 	DATA 	Keypress: t
292.5781 	DATA 	Keypress: s
292.7177 	EXP 	New trial (rep=2, index=0): {'leftStreamFlip': False, 'oneTarget': False, 'trialInstructionPos': (0, 1), 'probe': 'both', 'rightStreamFlip': False, 'horizVert': False, 'ISIframes': 2, 'rightResponseFirst': True}
292.7268 	INFO 	numtrials=360 and this trialDurFrames=4 or 66.6666666667 ms  task=T1
293.7440 	EXP 	window1: recordFrameIntervals = False
293.7511 	INFO 	Mouse: using default window
295.7951 	DATA 	Keypress: k
297.2949 	DATA 	Keypress: z
298.1949 	DATA 	Keypress: e
298.3347 	EXP 	New trial (rep=2, index=1): {'leftStreamFlip': False, 'oneTarget': False, 'trialInstructionPos': (0, -1), 'probe': 'both', 'rightStreamFlip': False, 'horizVert': False, 'ISIframes': 2, 'rightResponseFirst': True}
298.3442 	INFO 	numtrials=360 and this trialDurFrames=4 or 66.6666666667 ms  task=T1
299.3610 	EXP 	window1: recordFrameIntervals = False
299.3679 	INFO 	Mouse: using default window
301.6951 	DATA 	Keypress: k
302.1116 	DATA 	Keypress: e
302.9616 	DATA 	Keypress: u
303.1026 	EXP 	New trial (rep=2, index=2): {'leftStreamFlip': False, 'oneTarget': False, 'trialInstructionPos': (0, 1), 'probe': 'both', 'rightStreamFlip': False, 'horizVert': False, 'ISIframes': 2, 'rightResponseFirst': False}
303.1269 	INFO 	numtrials=360 and this trialDurFrames=4 or 66.6666666667 ms  task=T1
304.2943 	EXP 	window1: recordFrameIntervals = False
304.3015 	INFO 	Mouse: using default window
305.5614 	DATA 	Keypress: g
306.1950 	DATA 	Keypress: f
307.5116 	DATA 	Keypress: n
307.6605 	EXP 	New trial (rep=2, index=3): {'leftStreamFlip': False, 'oneTarget': False, 'trialInstructionPos': (0, -1), 'probe': 'both', 'rightStreamFlip': False, 'horizVert': False, 'ISIframes': 2, 'rightResponseFirst': False}
307.6767 	INFO 	numtrials=360 and this trialDurFrames=4 or 66.6666666667 ms  task=T1
308.6607 	EXP 	window1: recordFrameIntervals = False
308.6682 	INFO 	Mouse: using default window
310.0785 	DATA 	Keypress: c
310.3117 	DATA 	Keypress: g
311.0951 	DATA 	Keypress: r
311.2432 	EXP 	New trial (rep=2, index=4): {'leftStreamFlip': False, 'oneTarget': False, 'trialInstructionPos': (0, -1), 'probe': 'both', 'rightStreamFlip': False, 'horizVert': False, 'ISIframes': 2, 'rightResponseFirst': True}
311.2603 	INFO 	numtrials=360 and this trialDurFrames=4 or 66.6666666667 ms  task=T1
312.4776 	EXP 	window1: recordFrameIntervals = False
312.4850 	INFO 	Mouse: using default window
314.2948 	DATA 	Keypress: m
314.9784 	DATA 	Keypress: y
315.6617 	DATA 	Keypress: m
316.0948 	EXP 	New trial (rep=2, index=5): {'leftStreamFlip': False, 'oneTarget': False, 'trialInstructionPos': (0, 1), 'probe': 'both', 'rightStreamFlip': False, 'horizVert': False, 'ISIframes': 2, 'rightResponseFirst': False}
316.1103 	INFO 	numtrials=360 and this trialDurFrames=4 or 66.6666666667 ms  task=T1
317.2776 	EXP 	window1: recordFrameIntervals = False
317.2850 	INFO 	Mouse: using default window
318.5617 	DATA 	Keypress: n
319.5115 	DATA 	Keypress: g
320.1445 	DATA 	Keypress: g
320.2839 	EXP 	New trial (rep=2, index=6): {'leftStreamFlip': False, 'oneTarget': False, 'trialInstructionPos': (0, 1), 'probe': 'both', 'rightStreamFlip': False, 'horizVert': False, 'ISIframes': 2, 'rightResponseFirst': False}
320.2936 	INFO 	numtrials=360 and this trialDurFrames=4 or 66.6666666667 ms  task=T1
321.4274 	EXP 	window1: recordFrameIntervals = False
321.4346 	INFO 	Mouse: using default window
323.6782 	DATA 	Keypress: e
324.3450 	DATA 	Keypress: s
325.2618 	DATA 	Keypress: y
325.4015 	EXP 	New trial (rep=2, index=7): {'leftStreamFlip': False, 'oneTarget': False, 'trialInstructionPos': (0, -1), 'probe': 'both', 'rightStreamFlip': False, 'horizVert': False, 'ISIframes': 2, 'rightResponseFirst': True}
325.4280 	INFO 	numtrials=360 and this trialDurFrames=4 or 66.6666666667 ms  task=T1
326.4108 	EXP 	window1: recordFrameIntervals = False
326.4181 	INFO 	Mouse: using default window
327.9784 	DATA 	Keypress: j
329.4298 	DATA 	Keypress: c
330.1448 	DATA 	Keypress: n
330.2851 	EXP 	New trial (rep=2, index=8): {'leftStreamFlip': False, 'oneTarget': False, 'trialInstructionPos': (0, 1), 'probe': 'both', 'rightStreamFlip': False, 'horizVert': False, 'ISIframes': 2, 'rightResponseFirst': True}
330.2944 	INFO 	numtrials=360 and this trialDurFrames=4 or 66.6666666667 ms  task=T1
331.4941 	EXP 	window1: recordFrameIntervals = False
331.5018 	INFO 	Mouse: using default window
333.4456 	DATA 	Keypress: j
334.2784 	DATA 	Keypress: r
334.7119 	DATA 	Keypress: k
334.8529 	EXP 	New trial (rep=2, index=9): {'leftStreamFlip': False, 'oneTarget': False, 'trialInstructionPos': (0, -1), 'probe': 'both', 'rightStreamFlip': False, 'horizVert': False, 'ISIframes': 2, 'rightResponseFirst': False}
334.8771 	INFO 	numtrials=360 and this trialDurFrames=4 or 66.6666666667 ms  task=T1
335.9275 	EXP 	window1: recordFrameIntervals = False
335.9348 	INFO 	Mouse: using default window
337.9616 	DATA 	Keypress: t
338.7618 	DATA 	Keypress: a
339.8115 	DATA 	Keypress: g
339.9510 	EXP 	New trial (rep=2, index=10): {'leftStreamFlip': False, 'oneTarget': False, 'trialInstructionPos': (0, -1), 'probe': 'both', 'rightStreamFlip': False, 'horizVert': False, 'ISIframes': 2, 'rightResponseFirst': False}
339.9606 	INFO 	numtrials=360 and this trialDurFrames=4 or 66.6666666667 ms  task=T1
340.9441 	EXP 	window1: recordFrameIntervals = False
340.9514 	INFO 	Mouse: using default window
342.8948 	DATA 	Keypress: y
343.0950 	DATA 	Keypress: r
344.9282 	DATA 	Keypress: y
345.0906 	EXP 	New trial (rep=2, index=11): {'leftStreamFlip': False, 'oneTarget': False, 'trialInstructionPos': (0, 1), 'probe': 'both', 'rightStreamFlip': False, 'horizVert': False, 'ISIframes': 2, 'rightResponseFirst': True}
345.1112 	INFO 	numtrials=360 and this trialDurFrames=4 or 66.6666666667 ms  task=T1
346.1107 	EXP 	window1: recordFrameIntervals = False
346.1178 	INFO 	Mouse: using default window
347.7284 	DATA 	Keypress: g
349.1448 	DATA 	Keypress: j
350.5968 	DATA 	Keypress: c
350.7503 	EXP 	New trial (rep=3, index=0): {'leftStreamFlip': False, 'oneTarget': False, 'trialInstructionPos': (0, -1), 'probe': 'both', 'rightStreamFlip': False, 'horizVert': False, 'ISIframes': 2, 'rightResponseFirst': False}
350.7603 	INFO 	numtrials=360 and this trialDurFrames=4 or 66.6666666667 ms  task=T1
351.8605 	EXP 	window1: recordFrameIntervals = False
351.8682 	INFO 	Mouse: using default window
353.6949 	DATA 	Keypress: z
355.1116 	DATA 	Keypress: g
355.7112 	DATA 	Keypress: h
355.8522 	EXP 	New trial (rep=3, index=1): {'leftStreamFlip': False, 'oneTarget': False, 'trialInstructionPos': (0, 1), 'probe': 'both', 'rightStreamFlip': False, 'horizVert': False, 'ISIframes': 2, 'rightResponseFirst': False}
355.8770 	INFO 	numtrials=360 and this trialDurFrames=4 or 66.6666666667 ms  task=T1
356.9444 	EXP 	window1: recordFrameIntervals = False
356.9519 	INFO 	Mouse: using default window
358.1451 	DATA 	Keypress: m
359.2785 	DATA 	Keypress: g
360.2621 	DATA 	Keypress: z
360.4040 	EXP 	New trial (rep=3, index=2): {'leftStreamFlip': False, 'oneTarget': False, 'trialInstructionPos': (0, -1), 'probe': 'both', 'rightStreamFlip': False, 'horizVert': False, 'ISIframes': 2, 'rightResponseFirst': True}
360.4274 	INFO 	numtrials=360 and this trialDurFrames=4 or 66.6666666667 ms  task=T1
361.4108 	EXP 	window1: recordFrameIntervals = False
361.4178 	INFO 	Mouse: using default window
363.0954 	DATA 	Keypress: j
364.4116 	DATA 	Keypress: y
365.4950 	DATA 	Keypress: c
365.6347 	EXP 	New trial (rep=3, index=3): {'leftStreamFlip': False, 'oneTarget': False, 'trialInstructionPos': (0, -1), 'probe': 'both', 'rightStreamFlip': False, 'horizVert': False, 'ISIframes': 2, 'rightResponseFirst': False}
365.6438 	INFO 	numtrials=360 and this trialDurFrames=4 or 66.6666666667 ms  task=T1
366.6944 	EXP 	window1: recordFrameIntervals = False
366.7016 	INFO 	Mouse: using default window
367.9784 	DATA 	Keypress: c
368.9619 	DATA 	Keypress: m
369.3950 	DATA 	Keypress: n
369.5364 	EXP 	New trial (rep=3, index=4): {'leftStreamFlip': False, 'oneTarget': False, 'trialInstructionPos': (0, 1), 'probe': 'both', 'rightStreamFlip': False, 'horizVert': False, 'ISIframes': 2, 'rightResponseFirst': True}
369.5612 	INFO 	numtrials=360 and this trialDurFrames=4 or 66.6666666667 ms  task=T1
370.6775 	EXP 	window1: recordFrameIntervals = False
370.6846 	INFO 	Mouse: using default window
372.1618 	DATA 	Keypress: j
374.2951 	DATA 	Keypress: s
375.0454 	DATA 	Keypress: h
375.1840 	EXP 	New trial (rep=3, index=5): {'leftStreamFlip': False, 'oneTarget': False, 'trialInstructionPos': (0, -1), 'probe': 'both', 'rightStreamFlip': False, 'horizVert': False, 'ISIframes': 2, 'rightResponseFirst': True}
375.1940 	INFO 	numtrials=360 and this trialDurFrames=4 or 66.6666666667 ms  task=T1
376.4109 	EXP 	window1: recordFrameIntervals = False
376.4180 	INFO 	Mouse: using default window
378.9284 	DATA 	Keypress: u
380.0115 	DATA 	Keypress: z
380.4948 	DATA 	Keypress: s
380.6350 	EXP 	New trial (rep=3, index=6): {'leftStreamFlip': False, 'oneTarget': False, 'trialInstructionPos': (0, 1), 'probe': 'both', 'rightStreamFlip': False, 'horizVert': False, 'ISIframes': 2, 'rightResponseFirst': False}
380.6438 	INFO 	numtrials=360 and this trialDurFrames=4 or 66.6666666667 ms  task=T1
381.6442 	EXP 	window1: recordFrameIntervals = False
381.6513 	INFO 	Mouse: using default window
383.9612 	DATA 	Keypress: s
385.4116 	DATA 	Keypress: m
386.1951 	DATA 	Keypress: u
386.3359 	EXP 	New trial (rep=3, index=7): {'leftStreamFlip': False, 'oneTarget': False, 'trialInstructionPos': (0, -1), 'probe': 'both', 'rightStreamFlip': False, 'horizVert': False, 'ISIframes': 2, 'rightResponseFirst': True}
386.3612 	INFO 	numtrials=360 and this trialDurFrames=4 or 66.6666666667 ms  task=T1
387.4611 	EXP 	window1: recordFrameIntervals = False
387.4681 	INFO 	Mouse: using default window
390.4284 	DATA 	Keypress: z
392.9451 	DATA 	Keypress: t
393.5285 	DATA 	Keypress: k
393.6692 	EXP 	New trial (rep=3, index=8): {'leftStreamFlip': False, 'oneTarget': False, 'trialInstructionPos': (0, 1), 'probe': 'both', 'rightStreamFlip': False, 'horizVert': False, 'ISIframes': 2, 'rightResponseFirst': False}
393.6946 	INFO 	numtrials=360 and this trialDurFrames=4 or 66.6666666667 ms  task=T1
394.8775 	EXP 	window1: recordFrameIntervals = False
394.8850 	INFO 	Mouse: using default window
396.4451 	DATA 	Keypress: u
397.0453 	DATA 	Keypress: u
397.9117 	DATA 	Keypress: c
398.0523 	EXP 	New trial (rep=3, index=9): {'leftStreamFlip': False, 'oneTarget': False, 'trialInstructionPos': (0, 1), 'probe': 'both', 'rightStreamFlip': False, 'horizVert': False, 'ISIframes': 2, 'rightResponseFirst': True}
398.0772 	INFO 	numtrials=360 and this trialDurFrames=4 or 66.6666666667 ms  task=T1
399.2943 	EXP 	window1: recordFrameIntervals = False
399.3016 	INFO 	Mouse: using default window
401.8623 	DATA 	Keypress: u
403.0791 	DATA 	Keypress: e
403.5450 	DATA 	Keypress: m
403.6843 	EXP 	New trial (rep=3, index=10): {'leftStreamFlip': False, 'oneTarget': False, 'trialInstructionPos': (0, -1), 'probe': 'both', 'rightStreamFlip': False, 'horizVert': False, 'ISIframes': 2, 'rightResponseFirst': False}
403.7116 	INFO 	numtrials=360 and this trialDurFrames=4 or 66.6666666667 ms  task=T1
404.7444 	EXP 	window1: recordFrameIntervals = False
404.7519 	INFO 	Mouse: using default window
406.4619 	DATA 	Keypress: u
407.6783 	DATA 	Keypress: e
407.9287 	DATA 	Keypress: z
408.0679 	EXP 	New trial (rep=3, index=11): {'leftStreamFlip': False, 'oneTarget': False, 'trialInstructionPos': (0, 1), 'probe': 'both', 'rightStreamFlip': False, 'horizVert': False, 'ISIframes': 2, 'rightResponseFirst': True}
408.0777 	INFO 	numtrials=360 and this trialDurFrames=4 or 66.6666666667 ms  task=T1
409.1443 	EXP 	window1: recordFrameIntervals = False
409.1515 	INFO 	Mouse: using default window
410.5951 	DATA 	Keypress: a
411.0954 	DATA 	Keypress: h
412.1451 	DATA 	Keypress: n
412.2865 	EXP 	New trial (rep=4, index=0): {'leftStreamFlip': False, 'oneTarget': False, 'trialInstructionPos': (0, -1), 'probe': 'both', 'rightStreamFlip': False, 'horizVert': False, 'ISIframes': 2, 'rightResponseFirst': False}
412.3105 	INFO 	numtrials=360 and this trialDurFrames=4 or 66.6666666667 ms  task=T1
413.4945 	EXP 	window1: recordFrameIntervals = False
413.5016 	INFO 	Mouse: using default window
415.4620 	DATA 	Keypress: m
415.7451 	DATA 	Keypress: g
416.4616 	DATA 	Keypress: z
416.6013 	EXP 	New trial (rep=4, index=1): {'leftStreamFlip': False, 'oneTarget': False, 'trialInstructionPos': (0, 1), 'probe': 'both', 'rightStreamFlip': False, 'horizVert': False, 'ISIframes': 2, 'rightResponseFirst': False}
416.6112 	INFO 	numtrials=360 and this trialDurFrames=4 or 66.6666666667 ms  task=T1
417.7111 	EXP 	window1: recordFrameIntervals = False
417.7180 	INFO 	Mouse: using default window
419.0954 	DATA 	Keypress: a
420.3287 	DATA 	Keypress: r
420.5967 	DATA 	Keypress: u
420.7533 	EXP 	New trial (rep=4, index=2): {'leftStreamFlip': False, 'oneTarget': False, 'trialInstructionPos': (0, 1), 'probe': 'both', 'rightStreamFlip': False, 'horizVert': False, 'ISIframes': 2, 'rightResponseFirst': True}
420.7772 	INFO 	numtrials=360 and this trialDurFrames=4 or 66.6666666667 ms  task=T1
421.9443 	EXP 	window1: recordFrameIntervals = False
421.9515 	INFO 	Mouse: using default window
423.1283 	DATA 	Keypress: t
425.2455 	DATA 	Keypress: g
425.7620 	DATA 	Keypress: z
425.9031 	EXP 	New trial (rep=4, index=3): {'leftStreamFlip': False, 'oneTarget': False, 'trialInstructionPos': (0, -1), 'probe': 'both', 'rightStreamFlip': False, 'horizVert': False, 'ISIframes': 2, 'rightResponseFirst': True}
425.9272 	INFO 	numtrials=360 and this trialDurFrames=4 or 66.6666666667 ms  task=T1
426.9776 	EXP 	window1: recordFrameIntervals = False
426.9854 	INFO 	Mouse: using default window
429.6787 	DATA 	Keypress: f
430.2456 	DATA 	Keypress: y
431.1785 	DATA 	Keypress: g
431.3182 	EXP 	New trial (rep=4, index=4): {'leftStreamFlip': False, 'oneTarget': False, 'trialInstructionPos': (0, 1), 'probe': 'both', 'rightStreamFlip': False, 'horizVert': False, 'ISIframes': 2, 'rightResponseFirst': False}
431.3435 	INFO 	numtrials=360 and this trialDurFrames=4 or 66.6666666667 ms  task=T1
432.3446 	EXP 	window1: recordFrameIntervals = False
432.3517 	INFO 	Mouse: using default window
433.7289 	DATA 	Keypress: m
434.4286 	DATA 	Keypress: k
435.0792 	DATA 	Keypress: k
435.2202 	EXP 	New trial (rep=4, index=5): {'leftStreamFlip': False, 'oneTarget': False, 'trialInstructionPos': (0, 1), 'probe': 'both', 'rightStreamFlip': False, 'horizVert': False, 'ISIframes': 2, 'rightResponseFirst': False}
435.2437 	INFO 	numtrials=360 and this trialDurFrames=4 or 66.6666666667 ms  task=T1
436.3279 	EXP 	window1: recordFrameIntervals = False
436.3346 	INFO 	Mouse: using default window
438.2624 	DATA 	Keypress: e
438.7784 	DATA 	Keypress: m
439.5783 	DATA 	Keypress: z
439.7225 	EXP 	New trial (rep=4, index=6): {'leftStreamFlip': False, 'oneTarget': False, 'trialInstructionPos': (0, -1), 'probe': 'both', 'rightStreamFlip': False, 'horizVert': False, 'ISIframes': 2, 'rightResponseFirst': True}
439.7439 	INFO 	numtrials=360 and this trialDurFrames=4 or 66.6666666667 ms  task=T1
440.7945 	EXP 	window1: recordFrameIntervals = False
440.8016 	INFO 	Mouse: using default window
442.6457 	DATA 	Keypress: r
444.0284 	DATA 	Keypress: m
445.1287 	DATA 	Keypress: h
445.2678 	EXP 	New trial (rep=4, index=7): {'leftStreamFlip': False, 'oneTarget': False, 'trialInstructionPos': (0, -1), 'probe': 'both', 'rightStreamFlip': False, 'horizVert': False, 'ISIframes': 2, 'rightResponseFirst': False}
445.2774 	INFO 	numtrials=360 and this trialDurFrames=4 or 66.6666666667 ms  task=T1
446.3443 	EXP 	window1: recordFrameIntervals = False
446.3516 	INFO 	Mouse: using default window
448.1784 	DATA 	Keypress: s
448.4618 	DATA 	Keypress: y
450.2133 	DATA 	Keypress: y
450.3696 	EXP 	New trial (rep=4, index=8): {'leftStreamFlip': False, 'oneTarget': False, 'trialInstructionPos': (0, 1), 'probe': 'both', 'rightStreamFlip': False, 'horizVert': False, 'ISIframes': 2, 'rightResponseFirst': True}
450.3940 	INFO 	numtrials=360 and this trialDurFrames=4 or 66.6666666667 ms  task=T1
451.4275 	EXP 	window1: recordFrameIntervals = False
451.4353 	INFO 	Mouse: using default window
453.4622 	DATA 	Keypress: f
454.4619 	DATA 	Keypress: g
455.4455 	DATA 	Keypress: g
455.5850 	EXP 	New trial (rep=4, index=9): {'leftStreamFlip': False, 'oneTarget': False, 'trialInstructionPos': (0, -1), 'probe': 'both', 'rightStreamFlip': False, 'horizVert': False, 'ISIframes': 2, 'rightResponseFirst': True}
455.5942 	INFO 	numtrials=360 and this trialDurFrames=4 or 66.6666666667 ms  task=T1
456.7277 	EXP 	window1: recordFrameIntervals = False
456.7351 	INFO 	Mouse: using default window
458.7784 	DATA 	Keypress: m
460.3950 	DATA 	Keypress: f
460.8120 	DATA 	Keypress: z
460.9514 	EXP 	New trial (rep=4, index=10): {'leftStreamFlip': False, 'oneTarget': False, 'trialInstructionPos': (0, 1), 'probe': 'both', 'rightStreamFlip': False, 'horizVert': False, 'ISIframes': 2, 'rightResponseFirst': True}
460.9609 	INFO 	numtrials=360 and this trialDurFrames=4 or 66.6666666667 ms  task=T1
461.9779 	EXP 	window1: recordFrameIntervals = False
461.9853 	INFO 	Mouse: using default window
463.5287 	DATA 	Keypress: f
464.8955 	DATA 	Keypress: h
466.7618 	DATA 	Keypress: m
466.9035 	EXP 	New trial (rep=4, index=11): {'leftStreamFlip': False, 'oneTarget': False, 'trialInstructionPos': (0, -1), 'probe': 'both', 'rightStreamFlip': False, 'horizVert': False, 'ISIframes': 2, 'rightResponseFirst': False}
466.9272 	INFO 	numtrials=360 and this trialDurFrames=4 or 66.6666666667 ms  task=T1
468.0611 	EXP 	window1: recordFrameIntervals = False
468.0684 	INFO 	Mouse: using default window
470.0122 	DATA 	Keypress: a
471.2287 	DATA 	Keypress: z
471.7285 	DATA 	Keypress: u
471.8676 	EXP 	New trial (rep=5, index=0): {'leftStreamFlip': False, 'oneTarget': False, 'trialInstructionPos': (0, -1), 'probe': 'both', 'rightStreamFlip': False, 'horizVert': False, 'ISIframes': 2, 'rightResponseFirst': True}
471.8773 	INFO 	numtrials=360 and this trialDurFrames=4 or 66.6666666667 ms  task=T1
472.9611 	EXP 	window1: recordFrameIntervals = False
472.9685 	INFO 	Mouse: using default window
474.2302 	DATA 	Keypress: a
475.2454 	DATA 	Keypress: t
475.5118 	DATA 	Keypress: g
475.6509 	EXP 	New trial (rep=5, index=1): {'leftStreamFlip': False, 'oneTarget': False, 'trialInstructionPos': (0, -1), 'probe': 'both', 'rightStreamFlip': False, 'horizVert': False, 'ISIframes': 2, 'rightResponseFirst': False}
475.6784 	INFO 	numtrials=360 and this trialDurFrames=4 or 66.6666666667 ms  task=T1
476.7279 	EXP 	window1: recordFrameIntervals = False
476.7348 	INFO 	Mouse: using default window
478.2138 	DATA 	Keypress: g
480.0788 	DATA 	Keypress: c
481.0117 	DATA 	Keypress: g
481.1509 	EXP 	New trial (rep=5, index=2): {'leftStreamFlip': False, 'oneTarget': False, 'trialInstructionPos': (0, -1), 'probe': 'both', 'rightStreamFlip': False, 'horizVert': False, 'ISIframes': 2, 'rightResponseFirst': False}
481.1607 	INFO 	numtrials=360 and this trialDurFrames=4 or 66.6666666667 ms  task=T1
482.3780 	EXP 	window1: recordFrameIntervals = False
482.3856 	INFO 	Mouse: using default window
484.5788 	DATA 	Keypress: m
485.6955 	DATA 	Keypress: h
486.2957 	DATA 	Keypress: t
486.4363 	EXP 	New trial (rep=5, index=3): {'leftStreamFlip': False, 'oneTarget': False, 'trialInstructionPos': (0, 1), 'probe': 'both', 'rightStreamFlip': False, 'horizVert': False, 'ISIframes': 2, 'rightResponseFirst': False}
486.4607 	INFO 	numtrials=360 and this trialDurFrames=4 or 66.6666666667 ms  task=T1
487.4444 	EXP 	window1: recordFrameIntervals = False
487.4516 	INFO 	Mouse: using default window
489.0622 	DATA 	Keypress: h
489.8456 	DATA 	Keypress: n
490.6622 	DATA 	Keypress: a
490.8024 	EXP 	New trial (rep=5, index=4): {'leftStreamFlip': False, 'oneTarget': False, 'trialInstructionPos': (0, 1), 'probe': 'both', 'rightStreamFlip': False, 'horizVert': False, 'ISIframes': 2, 'rightResponseFirst': True}
490.8275 	INFO 	numtrials=360 and this trialDurFrames=4 or 66.6666666667 ms  task=T1
491.8779 	EXP 	window1: recordFrameIntervals = False
491.8850 	INFO 	Mouse: using default window
494.2953 	DATA 	Keypress: h
495.7288 	DATA 	Keypress: m
496.7290 	DATA 	Keypress: k
496.8699 	EXP 	New trial (rep=5, index=5): {'leftStreamFlip': False, 'oneTarget': False, 'trialInstructionPos': (0, -1), 'probe': 'both', 'rightStreamFlip': False, 'horizVert': False, 'ISIframes': 2, 'rightResponseFirst': True}
496.8953 	INFO 	numtrials=360 and this trialDurFrames=4 or 66.6666666667 ms  task=T1
497.9948 	EXP 	window1: recordFrameIntervals = False
498.0020 	INFO 	Mouse: using default window
501.7123 	DATA 	Keypress: g
502.3622 	DATA 	Keypress: h
503.3288 	DATA 	Keypress: n
503.4690 	EXP 	New trial (rep=5, index=6): {'leftStreamFlip': False, 'oneTarget': False, 'trialInstructionPos': (0, 1), 'probe': 'both', 'rightStreamFlip': False, 'horizVert': False, 'ISIframes': 2, 'rightResponseFirst': False}
503.4951 	INFO 	numtrials=360 and this trialDurFrames=4 or 66.6666666667 ms  task=T1
504.6113 	EXP 	window1: recordFrameIntervals = False
504.6185 	INFO 	Mouse: using default window
506.0786 	DATA 	Keypress: t
506.5952 	DATA 	Keypress: g
507.6789 	DATA 	Keypress: z
507.8194 	EXP 	New trial (rep=5, index=7): {'leftStreamFlip': False, 'oneTarget': False, 'trialInstructionPos': (0, -1), 'probe': 'both', 'rightStreamFlip': False, 'horizVert': False, 'ISIframes': 2, 'rightResponseFirst': False}
507.8286 	INFO 	numtrials=360 and this trialDurFrames=4 or 66.6666666667 ms  task=T1
509.0279 	EXP 	window1: recordFrameIntervals = False
509.0349 	INFO 	Mouse: using default window
511.1618 	DATA 	Keypress: y
511.5451 	DATA 	Keypress: t
512.0120 	DATA 	Keypress: t
512.1542 	EXP 	New trial (rep=5, index=8): {'leftStreamFlip': False, 'oneTarget': False, 'trialInstructionPos': (0, 1), 'probe': 'both', 'rightStreamFlip': False, 'horizVert': False, 'ISIframes': 2, 'rightResponseFirst': False}
512.1773 	INFO 	numtrials=360 and this trialDurFrames=4 or 66.6666666667 ms  task=T1
513.1612 	EXP 	window1: recordFrameIntervals = False
513.1685 	INFO 	Mouse: using default window
515.4303 	DATA 	Keypress: s
515.7452 	DATA 	Keypress: u
516.9619 	DATA 	Keypress: h
517.1015 	EXP 	New trial (rep=5, index=9): {'leftStreamFlip': False, 'oneTarget': False, 'trialInstructionPos': (0, 1), 'probe': 'both', 'rightStreamFlip': False, 'horizVert': False, 'ISIframes': 2, 'rightResponseFirst': True}
517.1275 	INFO 	numtrials=360 and this trialDurFrames=4 or 66.6666666667 ms  task=T1
518.1612 	EXP 	window1: recordFrameIntervals = False
518.1686 	INFO 	Mouse: using default window
520.8288 	DATA 	Keypress: n
522.2456 	DATA 	Keypress: c
522.8951 	DATA 	Keypress: f
523.0356 	EXP 	New trial (rep=5, index=10): {'leftStreamFlip': False, 'oneTarget': False, 'trialInstructionPos': (0, -1), 'probe': 'both', 'rightStreamFlip': False, 'horizVert': False, 'ISIframes': 2, 'rightResponseFirst': True}
523.0442 	INFO 	numtrials=360 and this trialDurFrames=4 or 66.6666666667 ms  task=T1
524.0780 	EXP 	window1: recordFrameIntervals = False
524.0853 	INFO 	Mouse: using default window
525.6621 	DATA 	Keypress: u
526.7289 	DATA 	Keypress: s
527.5119 	DATA 	Keypress: j
527.6514 	EXP 	New trial (rep=5, index=11): {'leftStreamFlip': False, 'oneTarget': False, 'trialInstructionPos': (0, 1), 'probe': 'both', 'rightStreamFlip': False, 'horizVert': False, 'ISIframes': 2, 'rightResponseFirst': True}
527.6608 	INFO 	numtrials=360 and this trialDurFrames=4 or 66.6666666667 ms  task=T1
528.7613 	EXP 	window1: recordFrameIntervals = False
528.7685 	INFO 	Mouse: using default window
529.8133 	DATA 	Keypress: n
531.1620 	DATA 	Keypress: t
531.8459 	DATA 	Keypress: c
531.9865 	EXP 	New trial (rep=6, index=0): {'leftStreamFlip': False, 'oneTarget': False, 'trialInstructionPos': (0, -1), 'probe': 'both', 'rightStreamFlip': False, 'horizVert': False, 'ISIframes': 2, 'rightResponseFirst': True}
532.0107 	INFO 	numtrials=360 and this trialDurFrames=4 or 66.6666666667 ms  task=T1
533.2112 	EXP 	window1: recordFrameIntervals = False
533.2184 	INFO 	Mouse: using default window
535.0456 	DATA 	Keypress: r
535.7621 	DATA 	Keypress: h
537.0134 	DATA 	Keypress: r
537.1690 	EXP 	New trial (rep=6, index=1): {'leftStreamFlip': False, 'oneTarget': False, 'trialInstructionPos': (0, 1), 'probe': 'both', 'rightStreamFlip': False, 'horizVert': False, 'ISIframes': 2, 'rightResponseFirst': True}
537.1780 	INFO 	numtrials=360 and this trialDurFrames=4 or 66.6666666667 ms  task=T1
538.3448 	EXP 	window1: recordFrameIntervals = False
538.3522 	INFO 	Mouse: using default window
540.4289 	DATA 	Keypress: z
541.5294 	DATA 	Keypress: s
542.0958 	DATA 	Keypress: e
542.6672 	EXP 	New trial (rep=6, index=2): {'leftStreamFlip': False, 'oneTarget': False, 'trialInstructionPos': (0, 1), 'probe': 'both', 'rightStreamFlip': False, 'horizVert': False, 'ISIframes': 2, 'rightResponseFirst': False}
542.6774 	INFO 	numtrials=360 and this trialDurFrames=4 or 66.6666666667 ms  task=T1
543.7947 	EXP 	window1: recordFrameIntervals = False
543.8020 	INFO 	Mouse: using default window
545.8619 	DATA 	Keypress: s
546.4954 	DATA 	Keypress: r
547.2624 	DATA 	Keypress: h
547.4022 	EXP 	New trial (rep=6, index=3): {'leftStreamFlip': False, 'oneTarget': False, 'trialInstructionPos': (0, 1), 'probe': 'both', 'rightStreamFlip': False, 'horizVert': False, 'ISIframes': 2, 'rightResponseFirst': True}
547.4280 	INFO 	numtrials=360 and this trialDurFrames=4 or 66.6666666667 ms  task=T1
548.4945 	EXP 	window1: recordFrameIntervals = False
548.5018 	INFO 	Mouse: using default window
550.4792 	DATA 	Keypress: z
551.7789 	DATA 	Keypress: e
552.5454 	DATA 	Keypress: m
552.6864 	EXP 	New trial (rep=6, index=4): {'leftStreamFlip': False, 'oneTarget': False, 'trialInstructionPos': (0, -1), 'probe': 'both', 'rightStreamFlip': False, 'horizVert': False, 'ISIframes': 2, 'rightResponseFirst': False}
552.6945 	INFO 	numtrials=360 and this trialDurFrames=4 or 66.6666666667 ms  task=T1
553.8775 	EXP 	window1: recordFrameIntervals = False
553.8860 	INFO 	Mouse: using default window
555.7954 	DATA 	Keypress: r
556.8955 	DATA 	Keypress: m
557.9792 	DATA 	Keypress: h
558.1176 	EXP 	New trial (rep=6, index=5): {'leftStreamFlip': False, 'oneTarget': False, 'trialInstructionPos': (0, -1), 'probe': 'both', 'rightStreamFlip': False, 'horizVert': False, 'ISIframes': 2, 'rightResponseFirst': False}
558.1274 	INFO 	numtrials=360 and this trialDurFrames=4 or 66.6666666667 ms  task=T1
559.2950 	EXP 	window1: recordFrameIntervals = False
559.3020 	INFO 	Mouse: using default window
560.6133 	DATA 	Keypress: a
561.5456 	DATA 	Keypress: e
562.5290 	DATA 	Keypress: z
562.6681 	EXP 	New trial (rep=6, index=6): {'leftStreamFlip': False, 'oneTarget': False, 'trialInstructionPos': (0, 1), 'probe': 'both', 'rightStreamFlip': False, 'horizVert': False, 'ISIframes': 2, 'rightResponseFirst': True}
562.6949 	INFO 	numtrials=360 and this trialDurFrames=4 or 66.6666666667 ms  task=T1
563.7947 	EXP 	window1: recordFrameIntervals = False
563.8020 	INFO 	Mouse: using default window
566.5954 	DATA 	Keypress: z
568.0120 	DATA 	Keypress: z
568.5456 	DATA 	Keypress: g
568.6875 	EXP 	New trial (rep=6, index=7): {'leftStreamFlip': False, 'oneTarget': False, 'trialInstructionPos': (0, -1), 'probe': 'both', 'rightStreamFlip': False, 'horizVert': False, 'ISIframes': 2, 'rightResponseFirst': False}
568.7109 	INFO 	numtrials=360 and this trialDurFrames=4 or 66.6666666667 ms  task=T1
569.7614 	EXP 	window1: recordFrameIntervals = False
569.7687 	INFO 	Mouse: using default window
572.6787 	DATA 	Keypress: k
573.7961 	DATA 	Keypress: y
575.1283 	DATA 	Keypress: m
575.2677 	EXP 	New trial (rep=6, index=8): {'leftStreamFlip': False, 'oneTarget': False, 'trialInstructionPos': (0, 1), 'probe': 'both', 'rightStreamFlip': False, 'horizVert': False, 'ISIframes': 2, 'rightResponseFirst': False}
575.2777 	INFO 	numtrials=360 and this trialDurFrames=4 or 66.6666666667 ms  task=T1
576.3616 	EXP 	window1: recordFrameIntervals = False
576.3685 	INFO 	Mouse: using default window
578.0789 	DATA 	Keypress: s
579.4134 	DATA 	Keypress: j
579.9791 	DATA 	Keypress: g
580.1198 	EXP 	New trial (rep=6, index=9): {'leftStreamFlip': False, 'oneTarget': False, 'trialInstructionPos': (0, -1), 'probe': 'both', 'rightStreamFlip': False, 'horizVert': False, 'ISIframes': 2, 'rightResponseFirst': True}
580.1449 	INFO 	numtrials=360 and this trialDurFrames=4 or 66.6666666667 ms  task=T1
581.2115 	EXP 	window1: recordFrameIntervals = False
581.2188 	INFO 	Mouse: using default window
582.5968 	DATA 	Keypress: c
583.6453 	DATA 	Keypress: s
584.0454 	DATA 	Keypress: a
584.1844 	EXP 	New trial (rep=6, index=10): {'leftStreamFlip': False, 'oneTarget': False, 'trialInstructionPos': (0, 1), 'probe': 'both', 'rightStreamFlip': False, 'horizVert': False, 'ISIframes': 2, 'rightResponseFirst': False}
584.1951 	INFO 	numtrials=360 and this trialDurFrames=4 or 66.6666666667 ms  task=T1
585.3282 	EXP 	window1: recordFrameIntervals = False
585.3352 	INFO 	Mouse: using default window
587.8954 	DATA 	Keypress: u
588.6621 	DATA 	Keypress: h
589.3620 	DATA 	Keypress: c
589.5020 	EXP 	New trial (rep=6, index=11): {'leftStreamFlip': False, 'oneTarget': False, 'trialInstructionPos': (0, -1), 'probe': 'both', 'rightStreamFlip': False, 'horizVert': False, 'ISIframes': 2, 'rightResponseFirst': True}
589.5111 	INFO 	numtrials=360 and this trialDurFrames=4 or 66.6666666667 ms  task=T1
590.7116 	EXP 	window1: recordFrameIntervals = False
590.7188 	INFO 	Mouse: using default window
592.1623 	DATA 	Keypress: t
593.0459 	DATA 	Keypress: e
593.7454 	DATA 	Keypress: c
593.8853 	EXP 	New trial (rep=7, index=0): {'leftStreamFlip': False, 'oneTarget': False, 'trialInstructionPos': (0, 1), 'probe': 'both', 'rightStreamFlip': False, 'horizVert': False, 'ISIframes': 2, 'rightResponseFirst': True}
593.9114 	INFO 	numtrials=360 and this trialDurFrames=4 or 66.6666666667 ms  task=T1
595.0284 	EXP 	window1: recordFrameIntervals = False
595.0355 	INFO 	Mouse: using default window
596.7288 	DATA 	Keypress: k
597.5963 	DATA 	Keypress: r
598.3620 	DATA 	Keypress: a
598.5017 	EXP 	New trial (rep=7, index=1): {'leftStreamFlip': False, 'oneTarget': False, 'trialInstructionPos': (0, 1), 'probe': 'both', 'rightStreamFlip': False, 'horizVert': False, 'ISIframes': 2, 'rightResponseFirst': False}
598.5108 	INFO 	numtrials=360 and this trialDurFrames=4 or 66.6666666667 ms  task=T1
599.7282 	EXP 	window1: recordFrameIntervals = False
599.7351 	INFO 	Mouse: using default window
601.6122 	DATA 	Keypress: j
602.3121 	DATA 	Keypress: e
603.1121 	DATA 	Keypress: t
603.2545 	EXP 	New trial (rep=7, index=2): {'leftStreamFlip': False, 'oneTarget': False, 'trialInstructionPos': (0, 1), 'probe': 'both', 'rightStreamFlip': False, 'horizVert': False, 'ISIframes': 2, 'rightResponseFirst': True}
603.2776 	INFO 	numtrials=360 and this trialDurFrames=4 or 66.6666666667 ms  task=T1
604.3783 	EXP 	window1: recordFrameIntervals = False
604.3854 	INFO 	Mouse: using default window
606.1956 	DATA 	Keypress: t
607.0791 	DATA 	Keypress: z
607.8462 	DATA 	Keypress: e
607.9845 	EXP 	New trial (rep=7, index=3): {'leftStreamFlip': False, 'oneTarget': False, 'trialInstructionPos': (0, -1), 'probe': 'both', 'rightStreamFlip': False, 'horizVert': False, 'ISIframes': 2, 'rightResponseFirst': False}
607.9944 	INFO 	numtrials=360 and this trialDurFrames=4 or 66.6666666667 ms  task=T1
608.9947 	EXP 	window1: recordFrameIntervals = False
609.0025 	INFO 	Mouse: using default window
610.0793 	DATA 	Keypress: y
612.6460 	DATA 	Keypress: m
613.4954 	DATA 	Keypress: r
613.6357 	EXP 	New trial (rep=7, index=4): {'leftStreamFlip': False, 'oneTarget': False, 'trialInstructionPos': (0, -1), 'probe': 'both', 'rightStreamFlip': False, 'horizVert': False, 'ISIframes': 2, 'rightResponseFirst': True}
613.6442 	INFO 	numtrials=360 and this trialDurFrames=4 or 66.6666666667 ms  task=T1
614.7616 	EXP 	window1: recordFrameIntervals = False
614.7688 	INFO 	Mouse: using default window
616.1118 	DATA 	Keypress: h
617.3970 	DATA 	Keypress: g
618.3125 	DATA 	Keypress: a
618.4527 	EXP 	New trial (rep=7, index=5): {'leftStreamFlip': False, 'oneTarget': False, 'trialInstructionPos': (0, 1), 'probe': 'both', 'rightStreamFlip': False, 'horizVert': False, 'ISIframes': 2, 'rightResponseFirst': True}
618.4772 	INFO 	numtrials=360 and this trialDurFrames=4 or 66.6666666667 ms  task=T1
619.6114 	EXP 	window1: recordFrameIntervals = False
619.6187 	INFO 	Mouse: using default window
622.0456 	DATA 	Keypress: z
622.9121 	DATA 	Keypress: h
623.5457 	DATA 	Keypress: r
623.6843 	EXP 	New trial (rep=7, index=6): {'leftStreamFlip': False, 'oneTarget': False, 'trialInstructionPos': (0, -1), 'probe': 'both', 'rightStreamFlip': False, 'horizVert': False, 'ISIframes': 2, 'rightResponseFirst': True}
623.6944 	INFO 	numtrials=360 and this trialDurFrames=4 or 66.6666666667 ms  task=T1
624.7449 	EXP 	window1: recordFrameIntervals = False
624.7521 	INFO 	Mouse: using default window
626.7450 	DATA 	Keypress: r
627.6122 	DATA 	Keypress: h
627.9120 	DATA 	Keypress: c
628.0525 	EXP 	New trial (rep=7, index=7): {'leftStreamFlip': False, 'oneTarget': False, 'trialInstructionPos': (0, 1), 'probe': 'both', 'rightStreamFlip': False, 'horizVert': False, 'ISIframes': 2, 'rightResponseFirst': False}
628.0612 	INFO 	numtrials=360 and this trialDurFrames=4 or 66.6666666667 ms  task=T1
629.1115 	EXP 	window1: recordFrameIntervals = False
629.1186 	INFO 	Mouse: using default window
630.9968 	DATA 	Keypress: z
632.1291 	DATA 	Keypress: g
632.9958 	DATA 	Keypress: t
633.1358 	EXP 	New trial (rep=7, index=8): {'leftStreamFlip': False, 'oneTarget': False, 'trialInstructionPos': (0, 1), 'probe': 'both', 'rightStreamFlip': False, 'horizVert': False, 'ISIframes': 2, 'rightResponseFirst': False}
633.1450 	INFO 	numtrials=360 and this trialDurFrames=4 or 66.6666666667 ms  task=T1
634.3282 	EXP 	window1: recordFrameIntervals = False
634.3354 	INFO 	Mouse: using default window
635.4303 	DATA 	Keypress: u
636.5961 	DATA 	Keypress: h
637.4792 	DATA 	Keypress: m
637.6200 	EXP 	New trial (rep=7, index=9): {'leftStreamFlip': False, 'oneTarget': False, 'trialInstructionPos': (0, -1), 'probe': 'both', 'rightStreamFlip': False, 'horizVert': False, 'ISIframes': 2, 'rightResponseFirst': False}
637.6442 	INFO 	numtrials=360 and this trialDurFrames=4 or 66.6666666667 ms  task=T1
638.6945 	EXP 	window1: recordFrameIntervals = False
638.7024 	INFO 	Mouse: using default window
640.2462 	DATA 	Keypress: u
641.4954 	DATA 	Keypress: x
643.0794 	DATA 	Keypress: c
643.2180 	EXP 	New trial (rep=7, index=10): {'leftStreamFlip': False, 'oneTarget': False, 'trialInstructionPos': (0, -1), 'probe': 'both', 'rightStreamFlip': False, 'horizVert': False, 'ISIframes': 2, 'rightResponseFirst': True}
643.2277 	INFO 	numtrials=360 and this trialDurFrames=4 or 66.6666666667 ms  task=T1
644.3115 	EXP 	window1: recordFrameIntervals = False
644.3186 	INFO 	Mouse: using default window
645.6123 	DATA 	Keypress: n
646.2964 	DATA 	Keypress: f
647.0790 	DATA 	Keypress: m
647.2189 	EXP 	New trial (rep=7, index=11): {'leftStreamFlip': False, 'oneTarget': False, 'trialInstructionPos': (0, -1), 'probe': 'both', 'rightStreamFlip': False, 'horizVert': False, 'ISIframes': 2, 'rightResponseFirst': False}
647.2281 	INFO 	numtrials=360 and this trialDurFrames=4 or 66.6666666667 ms  task=T1
648.3949 	EXP 	window1: recordFrameIntervals = False
648.4021 	INFO 	Mouse: using default window
650.4453 	DATA 	Keypress: n
652.6459 	DATA 	Keypress: f
653.5958 	DATA 	Keypress: u
653.7347 	EXP 	New trial (rep=8, index=0): {'leftStreamFlip': False, 'oneTarget': False, 'trialInstructionPos': (0, 1), 'probe': 'both', 'rightStreamFlip': False, 'horizVert': False, 'ISIframes': 2, 'rightResponseFirst': False}
653.7448 	INFO 	numtrials=360 and this trialDurFrames=4 or 66.6666666667 ms  task=T1
654.8948 	EXP 	window1: recordFrameIntervals = False
654.9026 	INFO 	Mouse: using default window
656.0127 	DATA 	Keypress: z
656.6955 	DATA 	Keypress: e
657.3957 	DATA 	Keypress: c
657.5354 	EXP 	New trial (rep=8, index=1): {'leftStreamFlip': False, 'oneTarget': False, 'trialInstructionPos': (0, -1), 'probe': 'both', 'rightStreamFlip': False, 'horizVert': False, 'ISIframes': 2, 'rightResponseFirst': False}
657.5446 	INFO 	numtrials=360 and this trialDurFrames=4 or 66.6666666667 ms  task=T1
658.7450 	EXP 	window1: recordFrameIntervals = False
658.7521 	INFO 	Mouse: using default window
660.7957 	DATA 	Keypress: e
661.6956 	DATA 	Keypress: n
662.3957 	DATA 	Keypress: s
662.5361 	EXP 	New trial (rep=8, index=2): {'leftStreamFlip': False, 'oneTarget': False, 'trialInstructionPos': (0, -1), 'probe': 'both', 'rightStreamFlip': False, 'horizVert': False, 'ISIframes': 2, 'rightResponseFirst': True}
662.5617 	INFO 	numtrials=360 and this trialDurFrames=4 or 66.6666666667 ms  task=T1
663.7615 	EXP 	window1: recordFrameIntervals = False
663.7688 	INFO 	Mouse: using default window
666.3955 	DATA 	Keypress: a
667.2290 	DATA 	Keypress: j
667.9626 	DATA 	Keypress: r
668.1029 	EXP 	New trial (rep=8, index=3): {'leftStreamFlip': False, 'oneTarget': False, 'trialInstructionPos': (0, -1), 'probe': 'both', 'rightStreamFlip': False, 'horizVert': False, 'ISIframes': 2, 'rightResponseFirst': True}
668.1277 	INFO 	numtrials=360 and this trialDurFrames=4 or 66.6666666667 ms  task=T1
669.1778 	EXP 	window1: recordFrameIntervals = False
669.1858 	INFO 	Mouse: using default window
671.0294 	DATA 	Keypress: s
672.5294 	DATA 	Keypress: h
672.7455 	DATA 	Keypress: i
672.8855 	EXP 	New trial (rep=8, index=4): {'leftStreamFlip': False, 'oneTarget': False, 'trialInstructionPos': (0, -1), 'probe': 'both', 'rightStreamFlip': False, 'horizVert': False, 'ISIframes': 2, 'rightResponseFirst': False}
672.8948 	INFO 	numtrials=360 and this trialDurFrames=4 or 66.6666666667 ms  task=T1
674.0282 	EXP 	window1: recordFrameIntervals = False
674.0352 	INFO 	Mouse: using default window
675.6123 	DATA 	Keypress: r
676.2303 	DATA 	Keypress: t
676.9290 	DATA 	Keypress: g
677.0700 	EXP 	New trial (rep=8, index=5): {'leftStreamFlip': False, 'oneTarget': False, 'trialInstructionPos': (0, -1), 'probe': 'both', 'rightStreamFlip': False, 'horizVert': False, 'ISIframes': 2, 'rightResponseFirst': True}
677.0944 	INFO 	numtrials=360 and this trialDurFrames=4 or 66.6666666667 ms  task=T1
678.2454 	EXP 	window1: recordFrameIntervals = False
678.2522 	INFO 	Mouse: using default window
680.4457 	DATA 	Keypress: y
681.3969 	DATA 	Keypress: g
682.1120 	DATA 	Keypress: k
682.2516 	EXP 	New trial (rep=8, index=6): {'leftStreamFlip': False, 'oneTarget': False, 'trialInstructionPos': (0, 1), 'probe': 'both', 'rightStreamFlip': False, 'horizVert': False, 'ISIframes': 2, 'rightResponseFirst': True}
682.2786 	INFO 	numtrials=360 and this trialDurFrames=4 or 66.6666666667 ms  task=T1
683.3121 	EXP 	window1: recordFrameIntervals = False
683.3201 	INFO 	Mouse: using default window
685.0793 	DATA 	Keypress: k
685.5962 	DATA 	Keypress: n
686.2957 	DATA 	Keypress: z
686.4354 	EXP 	New trial (rep=8, index=7): {'leftStreamFlip': False, 'oneTarget': False, 'trialInstructionPos': (0, -1), 'probe': 'both', 'rightStreamFlip': False, 'horizVert': False, 'ISIframes': 2, 'rightResponseFirst': False}
686.4445 	INFO 	numtrials=360 and this trialDurFrames=4 or 66.6666666667 ms  task=T1
687.5281 	EXP 	window1: recordFrameIntervals = False
687.5354 	INFO 	Mouse: using default window
688.6461 	DATA 	Keypress: g
689.2462 	DATA 	Keypress: y
690.4622 	DATA 	Keypress: a
690.6020 	EXP 	New trial (rep=8, index=8): {'leftStreamFlip': False, 'oneTarget': False, 'trialInstructionPos': (0, 1), 'probe': 'both', 'rightStreamFlip': False, 'horizVert': False, 'ISIframes': 2, 'rightResponseFirst': True}
690.6114 	INFO 	numtrials=360 and this trialDurFrames=4 or 66.6666666667 ms  task=T1
691.6785 	EXP 	window1: recordFrameIntervals = False
691.6861 	INFO 	Mouse: using default window
693.5958 	DATA 	Keypress: m
694.2790 	DATA 	Keypress: k
694.7123 	DATA 	Keypress: n
694.8535 	EXP 	New trial (rep=8, index=9): {'leftStreamFlip': False, 'oneTarget': False, 'trialInstructionPos': (0, 1), 'probe': 'both', 'rightStreamFlip': False, 'horizVert': False, 'ISIframes': 2, 'rightResponseFirst': False}
694.8782 	INFO 	numtrials=360 and this trialDurFrames=4 or 66.6666666667 ms  task=T1
696.0116 	EXP 	window1: recordFrameIntervals = False
696.0188 	INFO 	Mouse: using default window
697.1291 	DATA 	Keypress: a
698.1790 	DATA 	Keypress: h
699.1458 	DATA 	Keypress: g
699.2862 	EXP 	New trial (rep=8, index=10): {'leftStreamFlip': False, 'oneTarget': False, 'trialInstructionPos': (0, 1), 'probe': 'both', 'rightStreamFlip': False, 'horizVert': False, 'ISIframes': 2, 'rightResponseFirst': True}
699.2952 	INFO 	numtrials=360 and this trialDurFrames=4 or 66.6666666667 ms  task=T1
700.4785 	EXP 	window1: recordFrameIntervals = False
700.4857 	INFO 	Mouse: using default window
702.1786 	DATA 	Keypress: s
705.3292 	DATA 	Keypress: r
706.2960 	DATA 	Keypress: h
706.4365 	EXP 	New trial (rep=8, index=11): {'leftStreamFlip': False, 'oneTarget': False, 'trialInstructionPos': (0, 1), 'probe': 'both', 'rightStreamFlip': False, 'horizVert': False, 'ISIframes': 2, 'rightResponseFirst': False}
706.4454 	INFO 	numtrials=360 and this trialDurFrames=4 or 66.6666666667 ms  task=T1
707.4782 	EXP 	window1: recordFrameIntervals = False
707.4858 	INFO 	Mouse: using default window
708.9968 	DATA 	Keypress: m
709.8622 	DATA 	Keypress: s
710.3461 	DATA 	Keypress: e
710.4851 	EXP 	New trial (rep=9, index=0): {'leftStreamFlip': False, 'oneTarget': False, 'trialInstructionPos': (0, -1), 'probe': 'both', 'rightStreamFlip': False, 'horizVert': False, 'ISIframes': 2, 'rightResponseFirst': True}
710.5123 	INFO 	numtrials=360 and this trialDurFrames=4 or 66.6666666667 ms  task=T1
711.7284 	EXP 	window1: recordFrameIntervals = False
711.7355 	INFO 	Mouse: using default window
713.1458 	DATA 	Keypress: r
713.9292 	DATA 	Keypress: h
714.6956 	DATA 	Keypress: r
714.8353 	EXP 	New trial (rep=9, index=1): {'leftStreamFlip': False, 'oneTarget': False, 'trialInstructionPos': (0, -1), 'probe': 'both', 'rightStreamFlip': False, 'horizVert': False, 'ISIframes': 2, 'rightResponseFirst': True}
714.8448 	INFO 	numtrials=360 and this trialDurFrames=4 or 66.6666666667 ms  task=T1
715.9449 	EXP 	window1: recordFrameIntervals = False
715.9522 	INFO 	Mouse: using default window
717.7956 	DATA 	Keypress: e
719.1291 	DATA 	Keypress: e
720.2136 	DATA 	Keypress: y
720.3700 	EXP 	New trial (rep=9, index=2): {'leftStreamFlip': False, 'oneTarget': False, 'trialInstructionPos': (0, -1), 'probe': 'both', 'rightStreamFlip': False, 'horizVert': False, 'ISIframes': 2, 'rightResponseFirst': False}
720.3942 	INFO 	numtrials=360 and this trialDurFrames=4 or 66.6666666667 ms  task=T1
721.4616 	EXP 	window1: recordFrameIntervals = False
721.4689 	INFO 	Mouse: using default window
723.5288 	DATA 	Keypress: s
724.5294 	DATA 	Keypress: k
725.2123 	DATA 	Keypress: k
725.3529 	EXP 	New trial (rep=9, index=3): {'leftStreamFlip': False, 'oneTarget': False, 'trialInstructionPos': (0, -1), 'probe': 'both', 'rightStreamFlip': False, 'horizVert': False, 'ISIframes': 2, 'rightResponseFirst': True}
725.3787 	INFO 	numtrials=360 and this trialDurFrames=4 or 66.6666666667 ms  task=T1
726.5619 	EXP 	window1: recordFrameIntervals = False
726.5690 	INFO 	Mouse: using default window
727.6957 	DATA 	Keypress: c
728.1971 	DATA 	Keypress: h
729.0464 	DATA 	Keypress: n
729.1886 	EXP 	New trial (rep=9, index=4): {'leftStreamFlip': False, 'oneTarget': False, 'trialInstructionPos': (0, 1), 'probe': 'both', 'rightStreamFlip': False, 'horizVert': False, 'ISIframes': 2, 'rightResponseFirst': True}
729.2111 	INFO 	numtrials=360 and this trialDurFrames=4 or 66.6666666667 ms  task=T1
730.2283 	EXP 	window1: recordFrameIntervals = False
730.2355 	INFO 	Mouse: using default window
731.6455 	DATA 	Keypress: z
732.4959 	DATA 	Keypress: n
733.0297 	DATA 	Keypress: z
733.1710 	EXP 	New trial (rep=9, index=5): {'leftStreamFlip': False, 'oneTarget': False, 'trialInstructionPos': (0, -1), 'probe': 'both', 'rightStreamFlip': False, 'horizVert': False, 'ISIframes': 2, 'rightResponseFirst': False}
733.1945 	INFO 	numtrials=360 and this trialDurFrames=4 or 66.6666666667 ms  task=T1
734.2452 	EXP 	window1: recordFrameIntervals = False
734.2524 	INFO 	Mouse: using default window
735.2960 	DATA 	Keypress: k
735.6124 	DATA 	Keypress: j
736.0958 	DATA 	Keypress: k
736.2377 	EXP 	New trial (rep=9, index=6): {'leftStreamFlip': False, 'oneTarget': False, 'trialInstructionPos': (0, 1), 'probe': 'both', 'rightStreamFlip': False, 'horizVert': False, 'ISIframes': 2, 'rightResponseFirst': False}
736.2611 	INFO 	numtrials=360 and this trialDurFrames=4 or 66.6666666667 ms  task=T1
737.4782 	EXP 	window1: recordFrameIntervals = False
737.4858 	INFO 	Mouse: using default window
739.2627 	DATA 	Keypress: r
740.3627 	DATA 	Keypress: h
741.1459 	DATA 	Keypress: z
741.2858 	EXP 	New trial (rep=9, index=7): {'leftStreamFlip': False, 'oneTarget': False, 'trialInstructionPos': (0, 1), 'probe': 'both', 'rightStreamFlip': False, 'horizVert': False, 'ISIframes': 2, 'rightResponseFirst': True}
741.2947 	INFO 	numtrials=360 and this trialDurFrames=4 or 66.6666666667 ms  task=T1
742.4950 	EXP 	window1: recordFrameIntervals = False
742.5024 	INFO 	Mouse: using default window
744.2305 	DATA 	Keypress: f
745.2957 	DATA 	Keypress: n
746.2789 	DATA 	Keypress: a
746.4192 	EXP 	New trial (rep=9, index=8): {'leftStreamFlip': False, 'oneTarget': False, 'trialInstructionPos': (0, -1), 'probe': 'both', 'rightStreamFlip': False, 'horizVert': False, 'ISIframes': 2, 'rightResponseFirst': False}
746.4285 	INFO 	numtrials=360 and this trialDurFrames=4 or 66.6666666667 ms  task=T1
747.5284 	EXP 	window1: recordFrameIntervals = False
747.5361 	INFO 	Mouse: using default window
749.2794 	DATA 	Keypress: y
749.9456 	DATA 	Keypress: u
750.8625 	DATA 	Keypress: e
751.0016 	EXP 	New trial (rep=9, index=9): {'leftStreamFlip': False, 'oneTarget': False, 'trialInstructionPos': (0, 1), 'probe': 'both', 'rightStreamFlip': False, 'horizVert': False, 'ISIframes': 2, 'rightResponseFirst': False}
751.0113 	INFO 	numtrials=360 and this trialDurFrames=4 or 66.6666666667 ms  task=T1
752.2283 	EXP 	window1: recordFrameIntervals = False
752.2357 	INFO 	Mouse: using default window
754.0456 	DATA 	Keypress: u
754.9627 	DATA 	Keypress: u
755.5788 	DATA 	Keypress: c
755.7195 	EXP 	New trial (rep=9, index=10): {'leftStreamFlip': False, 'oneTarget': False, 'trialInstructionPos': (0, 1), 'probe': 'both', 'rightStreamFlip': False, 'horizVert': False, 'ISIframes': 2, 'rightResponseFirst': False}
755.7445 	INFO 	numtrials=360 and this trialDurFrames=4 or 66.6666666667 ms  task=T1
756.7950 	EXP 	window1: recordFrameIntervals = False
756.8023 	INFO 	Mouse: using default window
758.2471 	DATA 	Keypress: m
759.4628 	DATA 	Keypress: c
760.3122 	DATA 	Keypress: r
760.4544 	EXP 	New trial (rep=9, index=11): {'leftStreamFlip': False, 'oneTarget': False, 'trialInstructionPos': (0, 1), 'probe': 'both', 'rightStreamFlip': False, 'horizVert': False, 'ISIframes': 2, 'rightResponseFirst': True}
760.4779 	INFO 	numtrials=360 and this trialDurFrames=4 or 66.6666666667 ms  task=T1
761.6787 	EXP 	window1: recordFrameIntervals = False
761.6858 	INFO 	Mouse: using default window
762.9458 	DATA 	Keypress: e
763.4794 	DATA 	Keypress: f
764.3458 	DATA 	Keypress: m
764.4856 	EXP 	New trial (rep=10, index=0): {'leftStreamFlip': False, 'oneTarget': False, 'trialInstructionPos': (0, -1), 'probe': 'both', 'rightStreamFlip': False, 'horizVert': False, 'ISIframes': 2, 'rightResponseFirst': False}
764.4949 	INFO 	numtrials=360 and this trialDurFrames=4 or 66.6666666667 ms  task=T1
765.5283 	EXP 	window1: recordFrameIntervals = False
765.5358 	INFO 	Mouse: using default window
768.1792 	DATA 	Keypress: c
769.1792 	DATA 	Keypress: u
769.7624 	DATA 	Keypress: k
769.9041 	EXP 	New trial (rep=10, index=1): {'leftStreamFlip': False, 'oneTarget': False, 'trialInstructionPos': (0, -1), 'probe': 'both', 'rightStreamFlip': False, 'horizVert': False, 'ISIframes': 2, 'rightResponseFirst': True}
769.9279 	INFO 	numtrials=360 and this trialDurFrames=4 or 66.6666666667 ms  task=T1
771.0446 	EXP 	window1: recordFrameIntervals = False
771.0527 	INFO 	Mouse: using default window
772.2461 	DATA 	Keypress: u
773.1460 	DATA 	Keypress: r
773.6461 	DATA 	Keypress: s
773.7853 	EXP 	New trial (rep=10, index=2): {'leftStreamFlip': False, 'oneTarget': False, 'trialInstructionPos': (0, -1), 'probe': 'both', 'rightStreamFlip': False, 'horizVert': False, 'ISIframes': 2, 'rightResponseFirst': True}
773.7947 	INFO 	numtrials=360 and this trialDurFrames=4 or 66.6666666667 ms  task=T1
774.8951 	EXP 	window1: recordFrameIntervals = False
774.9027 	INFO 	Mouse: using default window
776.0957 	DATA 	Keypress: s
776.6141 	DATA 	Keypress: e
777.3292 	DATA 	Keypress: f
777.4693 	EXP 	New trial (rep=10, index=3): {'leftStreamFlip': False, 'oneTarget': False, 'trialInstructionPos': (0, 1), 'probe': 'both', 'rightStreamFlip': False, 'horizVert': False, 'ISIframes': 2, 'rightResponseFirst': True}
777.4954 	INFO 	numtrials=360 and this trialDurFrames=4 or 66.6666666667 ms  task=T1
778.6951 	EXP 	window1: recordFrameIntervals = False
778.7020 	INFO 	Mouse: using default window
779.7970 	DATA 	Keypress: r
780.6958 	DATA 	Keypress: e
781.3963 	DATA 	Keypress: u
781.5355 	EXP 	New trial (rep=10, index=4): {'leftStreamFlip': False, 'oneTarget': False, 'trialInstructionPos': (0, -1), 'probe': 'both', 'rightStreamFlip': False, 'horizVert': False, 'ISIframes': 2, 'rightResponseFirst': True}
781.5448 	INFO 	numtrials=360 and this trialDurFrames=4 or 66.6666666667 ms  task=T1
782.5453 	EXP 	window1: recordFrameIntervals = False
782.5523 	INFO 	Mouse: using default window
783.8296 	DATA 	Keypress: escape
785.1294 	DATA 	Mouse: Left button down, pos=(1278,1041)
785.2465 	DATA 	Mouse:  Left button up, pos=(1280,1040)
786.1126 	DATA 	Mouse: Left button down, pos=(756,377)
786.1810 	DATA 	Mouse:  Left button up, pos=(756,377)
786.2960 	DATA 	Mouse: Left button down, pos=(760,379)
786.3294 	DATA 	Mouse:  Left button up, pos=(760,379)
791.0301 	DATA 	Keypress: lctrl
791.1627 	DATA 	Keypress: lshift
791.2958 	DATA 	Keypress: z
791.3151 	INFO 	Stopping at 12:24 on 07 Aug 2018
791.3168 	ERROR 	user aborted experiment on keypress with trials done=124 of 361
791.3407 	INFO 	Program terminating normally.
