0.5739 	WARNING 	Monitor specification not found. Creating a temporary one...
16.4960 	EXP 	Created window1 = Window(allowGUI=False, allowStencil=False, autoLog=True, bitsMode=UNKNOWN, blendMode='avg', color=array([-0.7, -0.7, -0.7]), colorSpace='rgb', fullscr=UNKNOWN, gamma=None, lms=UNKNOWN, monitor=<psychopy.monitors.calibTools.Monitor object at 0x1A8B5050>, name='window1', pos=[0, 0], screen=0, size=array([1920, 1080]), stereo=False, units='deg', useFBO=False, useRetina=False, viewOri=0.0, viewPos=None, viewScale=None, waitBlanking=False, winType='pyglet')
16.4960 	INFO 	Mouse: using default window
16.4968 	EXP 	window1: units = 'norm'
16.5805 	EXP 	Created unnamed ImageStim = ImageStim(autoLog=True, color=array([ 1.,  1.,  1.]), colorSpace='rgb', contrast=1.0, depth=0, flipHoriz=False, flipVert=False, image=str(...), interpolate=False, mask=None, maskParams=None, name='unnamed ImageStim', opacity=1.0, ori=0.0, pos=array([-0.5,  0. ]), size=array([ 1.290625  ,  3.24814815]), texRes=128, units='norm', win=Window(...))
16.6584 	EXP 	Created unnamed ImageStim = ImageStim(autoLog=True, color=array([ 1.,  1.,  1.]), colorSpace='rgb', contrast=1.0, depth=0, flipHoriz=False, flipVert=False, image=str(...), interpolate=False, mask=None, maskParams=None, name='unnamed ImageStim', opacity=1.0, ori=0.0, pos=array([ 0.5,  0. ]), size=array([ 1.290625  ,  3.24814815]), texRes=128, units='norm', win=Window(...))
16.6752 	EXP 	Created OKrespZone = GratingStim(autoDraw=False, autoLog=True, color=array([ 1. ,  0.5,  0.5]), colorSpace='rgb', contrast=1.0, depth=0, interpolate=False, mask='gauss', maskParams=None, name='OKrespZone', opacity=1.0, ori=0.0, phase=array([ 0.,  0.]), pos=array([-0.2 , -0.92]), rgbPedestal=array([ 0.,  0.,  0.]), sf=array([ 0.,  0.]), size=array([ 2.3,  0.2]), tex='sin', texRes=256, units='norm', win=Window(...))
16.8268 	EXP 	unnamed ImageStim: size = (1, 2)
16.8268 	EXP 	unnamed ImageStim: size = (1, 2)
91.5297 	DATA 	Mouse: Left button down, pos=(912,46)
91.5453 	EXP 	window1: units = 'deg'
91.5455 	EXP 	window1: units = 'norm'
91.5660 	EXP 	Created OKrespZone = GratingStim(autoDraw=False, autoLog=True, color=array([ 1. ,  0.5,  0.5]), colorSpace='rgb', contrast=1.0, depth=0, interpolate=False, mask='gauss', maskParams=None, name='OKrespZone', opacity=1.0, ori=0.0, phase=array([ 0.,  0.]), pos=array([-0.2 , -0.92]), rgbPedestal=array([ 0.,  0.,  0.]), sf=array([ 0.,  0.]), size=array([ 2.3,  0.2]), tex='sin', texRes=256, units='norm', win=Window(...))
91.6452 	EXP 	Created unnamed ImageStim = ImageStim(autoLog=True, color=array([ 1.,  1.,  1.]), colorSpace='rgb', contrast=1.0, depth=0, flipHoriz=False, flipVert=False, image='abgdj\\PISandConsentForm\\consentForm.png', interpolate=False, mask=None, maskParams=None, name='unnamed ImageStim', opacity=1.0, ori=0.0, pos=array([ 0.,  0.]), size=array([ 1.3375    ,  2.97407407]), texRes=128, units='norm', win=Window(...))
91.6814 	EXP 	Created unnamed GratingStim = GratingStim(autoDraw=False, autoLog=True, color=array([ 1. ,  0.5,  0.5]), colorSpace='rgb', contrast=1.0, depth=0, interpolate=False, mask='gauss', maskParams=None, name='unnamed GratingStim', opacity=1.0, ori=0.0, phase=array([ 0.,  0.]), pos=array([-0.2 , -0.42]), rgbPedestal=array([ 0.,  0.,  0.]), sf=array([ 0.,  0.]), size=array([ 0.3,  0.2]), tex='sin', texRes=256, units='norm', win=Window(...))
91.7129 	EXP 	Created unnamed GratingStim = GratingStim(autoDraw=False, autoLog=True, color=array([ 1. ,  0.5,  0.5]), colorSpace='rgb', contrast=1.0, depth=0, interpolate=False, mask='gauss', maskParams=None, name='unnamed GratingStim', opacity=1.0, ori=0.0, phase=array([ 0.,  0.]), pos=array([ 0.1 , -0.42]), rgbPedestal=array([ 0.,  0.,  0.]), sf=array([ 0.,  0.]), size=array([ 0.3,  0.2]), tex='sin', texRes=256, units='norm', win=Window(...))
91.7348 	EXP 	Created unnamed GratingStim = GratingStim(autoDraw=False, autoLog=True, color=array([ 1. ,  0.5,  0.5]), colorSpace='rgb', contrast=1.0, depth=0, interpolate=False, mask='gauss', maskParams=None, name='unnamed GratingStim', opacity=1.0, ori=0.0, phase=array([ 0.,  0.]), pos=array([-0.2 , -0.72]), rgbPedestal=array([ 0.,  0.,  0.]), sf=array([ 0.,  0.]), size=array([ 0.3,  0.2]), tex='sin', texRes=256, units='norm', win=Window(...))
91.7556 	EXP 	Created unnamed GratingStim = GratingStim(autoDraw=False, autoLog=True, color=array([ 1. ,  0.5,  0.5]), colorSpace='rgb', contrast=1.0, depth=0, interpolate=False, mask='gauss', maskParams=None, name='unnamed GratingStim', opacity=1.0, ori=0.0, phase=array([ 0.,  0.]), pos=array([ 0.1 , -0.72]), rgbPedestal=array([ 0.,  0.,  0.]), sf=array([ 0.,  0.]), size=array([ 0.3,  0.2]), tex='sin', texRes=256, units='norm', win=Window(...))
91.7587 	DATA 	Mouse:  Left button up, pos=(912,46)
91.7647 	EXP 	unnamed ImageStim: size = (1.1, 2)
99.3624 	DATA 	Mouse: Left button down, pos=(769,313)
99.4454 	DATA 	Mouse:  Left button up, pos=(769,313)
99.7955 	DATA 	Mouse: Left button down, pos=(780,149)
99.8826 	DATA 	Mouse:  Left button up, pos=(780,149)
100.4788 	DATA 	Mouse: Left button down, pos=(838,37)
100.4953 	EXP 	window1: units = 'deg'
100.5003 	EXP 	window1: mouseVisible = True
138.2295 	EXP 	Created window1 = Window(allowGUI=False, allowStencil=False, autoLog=True, bitsMode=UNKNOWN, blendMode='avg', color=array([-0.7, -0.7, -0.7]), colorSpace='rgb', fullscr=UNKNOWN, gamma=None, lms=UNKNOWN, monitor=<psychopy.monitors.calibTools.Monitor object at 0x1A8B5050>, name='window1', pos=[0, 0], screen=0, size=array([1920, 1080]), stereo=False, units='deg', useFBO=False, useRetina=False, viewOri=0.0, viewPos=None, viewScale=None, waitBlanking=False, winType='pyglet')
142.5130 	INFO 	#[ PsychoPy2 RuntimeInfoStart ]
  #[[ PsychoPy ]] #---------
    psychopyVersion: 1.84.2
    psychopyHaveExtRush: True
  #[[ Experiment ]] #---------
    experimentAuthor: None
    experimentAuthVersion: None
    experimentRunTime: 2018_08_08 14:06 (Year_Month_Day Hour:Min)
    experimentRunTime.epoch: 1533701209
    experimentScript: psyc1002.py
    experimentScript.digestSHA1: 03993779484d600ea4c1b8cc2288f3d37a5025d5
    experimentScript.directory: U:\PSYC1002\abgdj
  #[[ System ]] #---------
    systemHaveInternetAccess: True
    systemHostName: W5FFXKG2
    systemLocale: English_United States.1252
    systemMemFreeRAM: 4125.95703125
    systemMemTotalRAM: 8076.9453125
    systemPlatform: windowsversion=sys.getwindowsversion(major=6, minor=2, build=9200, platform=2, service_pack='')
    systemPyo.InputDevices: {4: {'host api index': 2, 'latency': 0.008707483299076557, 'default sr': 44100, 'name': u'Realtek ASIO'}}
    systemPyo.OutputDevices: {0: {'host api index': 0, 'latency': 0.09000000357627869, 'default sr': 44100, 'name': u'Microsoft Sound Mapper - Output'}, 1: {'host api index': 0, 'latency': 0.09000000357627869, 'default sr': 44100, 'name': u'Speakers / Headphones (Realtek '}, 2: {'host api index': 1, 'latency': 0.11999999731779099, 'default sr': 44100, 'name': u'Primary Sound Driver'}, 3: {'host api index': 1, 'latency': 0.11999999731779099, 'default sr': 44100, 'name': u'Speakers / Headphones (Realtek High Definition Audio)'}, 4: {'host api index': 2, 'latency': 0.008707483299076557, 'default sr': 44100, 'name': u'Realtek ASIO'}, 5: {'host api index': 3, 'latency': 0.003000000026077032, 'default sr': 48000, 'name': u'Speakers / Headphones (Realtek High Definition Audio)'}}
    systemPyoVersion: 0.8.0
    systemRebooted: System Boot Time:          8/7/2018, 2:15:07 AM
    systemSec.pythonSSL: True
    systemTimeNumpySD1000000_sec: 0.0082
    systemUser: tleu0074
    systemUserID: 1000
    systemUserProcCmdPid: LabStatsUserSpace.exe dwm.exe TiWorker.exe CmRcService.exe nierserver.exe LabStatsClient.exe tagsrv.exe SearchUI.exe OneDrive.exe nipxism.exe SettingSyncHost.exe TrustedInstaller.exe niLxiDiscovery.exe SecurityHealthService.exe redirector.exe SearchProtocolHost.exe server_admin.exe pc-client.exe lkads.exe svchost.exe smartscreen.exe ni_usbmon.exe JKIUpdate.exe AGSService.exe System SISIDSService.exe SelfServicePlugin.exe explorer.exe smss.exe ApplicationWebServer.exe RuntimeBroker.exe acrotray.exe niauth_daemon.exe cmd.exe nidmsrv.exe Receiver.exe SISIPSService.exe lktsrv.exe lsass.exe python.exe RtkNGUI64.exe sisipsutil.exe AdobeUpdateService.exe armsvc.exe ssonsvr.exe concentr.exe nidevldu.exe taskhostw.exe ctfmon.exe RAVBg64.exe ''Memory Compression'' NIWebServiceContainer.exe nimxs.exe RtkAudioService64.exe SystemWebServer.exe tasklist.exe snowagent.exe CcmExec.exe SearchFilterHost.exe SmcGui.exe nicitdl5.exe ''System Idle Process'' services.exe niDiscSvc.exe sqlwriter.exe MSASCuiL.exe SCNotification.exe nimdnsResponder.exe server_runtime.exe sihost.exe spoolsv.exe wininit.exe winlogon.exe ShellExperienceHost.exe nidevmon.exe SearchIndexer.exe csrss.exe WmiPrvSE.exe audiodg.exe fontdrvhost.exe dllhost.exe unsecapp.exe ccSvcHst.exe wfcrun32.exe nisvcloc.exe server_eventlog.exe lkcitdl.exe AuthManSvr.exe conhost.exe
    systemUserProcCount: 180
    systemUserProcFlagged: Explorer
    systemUsersCount: False
  #[[ Window ]] #---------
    windowWinType: pyglet
    windowWaitBlanking: False
    windowUseNativeGamma: True
    windowUnits: deg
    windowSize_pix: [1920 1080]
    windowScreen: 0
    windowRgb: [-0.7 -0.7 -0.7]
    windowRefreshTimeSD_ms: 0.184
    windowRefreshTimeMedian_ms: 16.683
    windowRefreshTimeAvg_ms: 16.664
    windowRefreshThreshold_sec: 0.0200
    windowRecordFrameIntervals: False
    windowPos_pix: [0, 0]
    windowMonitor.name: testmonitor
    windowMonitor.getWidth_cm: 57.0
    windowMonitor.getLinearizeMethod: 1
    windowMonitor.getGammaGrid: [[  0.   1.   1.  nan  nan  nan]
 [  0.   1.   1.  nan  nan  nan]
 [  0.   1.   1.  nan  nan  nan]
 [  0.   1.   1.  nan  nan  nan]]
    windowMonitor.getDistance_cm: 57.0
    windowMonitor.gammaInterpolator2: None
    windowMonitor.gammaInterpolator: None
    windowMonitor.currentCalibName: 2018_08_08 14:04
    windowIsFullScr: True
    windowHaveShaders: True
    windowAllowGUI: False
  #[[ Python ]] #---------
    pythonWxVersion: 3.0.2.0 msw (classic)
    pythonVersion: 2.7.11
    pythonScipyVersion: 0.17.1
    pythonPygletVersion: 1.2.4
    pythonPygameVersion: 1.9.2pre
    pythonNumpyVersion: 1.11.0
    pythonMatplotlibVersion: 1.5.1
    pythonFullVersion: 2.7.11 (v2.7.11:6d1b6a68f775, Dec  5 2015, 20:32:19) [MSC v.1500 32 bit (Intel)]
    pythonExecutable: C:\Program Files (x86)\PsychoPy2\python.exe
  #[[ OpenGL ]] #---------
    openGLVersion: 4.4.0 - Build 21.20.16.4627
    openGLVendor: Intel
    openGLRenderingEngine: Intel(R) HD Graphics 530
    openGLmaxVerticesInVertexArray: 1048576
    False: openGLext.GL_STEREO
    True: openGLext.GL_EXT_framebuffer_object
    True: openGLext.GL_ARB_vertex_shader
    True: openGLext.GL_ARB_texture_non_power_of_two
    True: openGLext.GL_ARB_texture_float
    True: openGLext.GL_ARB_shader_objects
    True: openGLext.GL_ARB_multitexture
    True: openGLext.GL_ARB_fragment_program
#[ PsychoPy2 RuntimeInfoEnd ]

142.5621 	EXP 	window1: recordFrameIntervals = True
143.3953 	EXP 	window1: recordFrameIntervals = False
143.3955 	INFO 	Frames per second ~=60.0, which is close enough to desired val of 60.0
143.5953 	EXP 	Created sequence: random, trialTypes=12, nReps=30, seed=None
143.7253 	INFO 	Mouse: using default window
143.7456 	EXP 	Created OKrespZone = GratingStim(autoDraw=False, autoLog=True, color=array([ 1.,  1.,  1.]), colorSpace='rgb', contrast=1.0, depth=0, interpolate=False, mask='gauss', maskParams=None, name='OKrespZone', opacity=1.0, ori=0.0, phase=array([ 0.,  0.]), pos=array([ 0.  ,  0.88]), rgbPedestal=array([ 0.,  0.,  0.]), sf=array([ 0.,  0.]), size=array([ 2. ,  0.2]), tex='sin', texRes=256, units='norm', win=Window(...))
157.7447 	DATA 	Mouse: Left button down, pos=(1743,750)
157.8485 	DATA 	Mouse:  Left button up, pos=(1743,749)
163.6248 	DATA 	Mouse: Left button down, pos=(1788,466)
163.7125 	DATA 	Mouse:  Left button up, pos=(1788,466)
167.9368 	DATA 	Mouse: Left button down, pos=(1524,677)
168.0885 	DATA 	Mouse:  Left button up, pos=(1524,677)
169.8086 	DATA 	Mouse: Left button down, pos=(698,820)
169.8965 	DATA 	Mouse:  Left button up, pos=(698,820)
173.5772 	DATA 	Mouse: Left button down, pos=(934,110)
173.6884 	DATA 	Mouse:  Left button up, pos=(934,110)
187.7130 	DATA 	Mouse: Left button down, pos=(1333,47)
187.8087 	DATA 	Mouse:  Left button up, pos=(1332,48)
200.8257 	DATA 	Mouse: Left button down, pos=(1304,877)
200.9767 	DATA 	Mouse:  Left button up, pos=(1304,877)
254.5216 	DATA 	Mouse: Left button down, pos=(915,669)
254.5926 	DATA 	Mouse:  Left button up, pos=(915,669)
255.4970 	DATA 	Mouse: Left button down, pos=(111,1022)
255.6006 	DATA 	Mouse:  Left button up, pos=(111,1022)
256.0888 	DATA 	Mouse: Left button down, pos=(133,1013)
256.2007 	DATA 	Mouse:  Left button up, pos=(151,1009)
256.4250 	DATA 	Mouse: Left button down, pos=(202,999)
256.4966 	DATA 	Mouse:  Left button up, pos=(202,999)
274.2808 	DATA 	Mouse: Left button down, pos=(1113,537)
274.3766 	DATA 	Mouse:  Left button up, pos=(1114,537)
286.6249 	DATA 	Mouse: Left button down, pos=(304,466)
286.7605 	DATA 	Mouse:  Left button up, pos=(304,466)
290.3368 	DATA 	Mouse: Left button down, pos=(308,740)
290.4805 	DATA 	Mouse:  Left button up, pos=(308,740)
295.0414 	DATA 	Mouse: Left button down, pos=(844,1009)
295.0604 	INFO 	Experiment will have 360 trials. Letters will be drawn with superposed noise of 0.00%
295.0736 	EXP 	New trial (rep=0, index=0): {'leftStreamFlip': False, 'oneTarget': True, 'trialInstructionPos': (0, 1), 'probe': 'both', 'rightStreamFlip': False, 'horizVert': True, 'ISIframes': 3, 'rightResponseFirst': False}
295.0737 	INFO 	Starting main part of experiment
295.1461 	DATA 	Mouse:  Left button up, pos=(844,1009)
296.2623 	INFO 	numtrials=360 and this trialDurFrames=41 or 683.333333333 ms  task=T1
298.5624 	EXP 	window1: recordFrameIntervals = False
298.5732 	INFO 	Mouse: using default window
308.0625 	DATA 	Keypress: j
308.2393 	EXP 	New trial (rep=0, index=1): {'leftStreamFlip': False, 'oneTarget': False, 'trialInstructionPos': (0, -1), 'probe': 'both', 'rightStreamFlip': False, 'horizVert': True, 'ISIframes': 3, 'rightResponseFirst': False}
315.7125 	DATA 	Mouse: Left button down, pos=(1037,784)
315.8125 	DATA 	Mouse:  Left button up, pos=(1037,784)
317.7624 	INFO 	numtrials=360 and this trialDurFrames=32 or 533.333333333 ms  task=T1
319.7956 	EXP 	window1: recordFrameIntervals = False
319.8039 	INFO 	Mouse: using default window
322.4792 	DATA 	Keypress: u
322.7958 	DATA 	Keypress: g
322.9407 	EXP 	New trial (rep=0, index=2): {'leftStreamFlip': False, 'oneTarget': False, 'trialInstructionPos': (0, 1), 'probe': 'both', 'rightStreamFlip': False, 'horizVert': True, 'ISIframes': 3, 'rightResponseFirst': True}
322.9631 	INFO 	numtrials=360 and this trialDurFrames=26 or 433.333333333 ms  task=T1
325.0457 	EXP 	window1: recordFrameIntervals = False
325.0541 	INFO 	Mouse: using default window
326.2793 	DATA 	Keypress: n
326.5797 	DATA 	Keypress: t
326.7200 	EXP 	New trial (rep=0, index=3): {'leftStreamFlip': False, 'oneTarget': False, 'trialInstructionPos': (0, 1), 'probe': 'both', 'rightStreamFlip': False, 'horizVert': True, 'ISIframes': 3, 'rightResponseFirst': False}
326.7286 	INFO 	numtrials=360 and this trialDurFrames=26 or 433.333333333 ms  task=T1
328.2458 	EXP 	window1: recordFrameIntervals = False
328.2540 	INFO 	Mouse: using default window
329.4794 	DATA 	Keypress: f
329.6625 	DATA 	Keypress: t
329.8041 	EXP 	New trial (rep=0, index=4): {'leftStreamFlip': False, 'oneTarget': False, 'trialInstructionPos': (0, -1), 'probe': 'both', 'rightStreamFlip': False, 'horizVert': True, 'ISIframes': 3, 'rightResponseFirst': True}
338.1456 	INFO 	numtrials=360 and this trialDurFrames=20 or 333.333333333 ms  task=T1
339.4958 	EXP 	window1: recordFrameIntervals = False
339.5042 	INFO 	Mouse: using default window
340.5626 	DATA 	Keypress: f
340.7628 	DATA 	Keypress: t
340.9027 	EXP 	New trial (rep=0, index=5): {'leftStreamFlip': False, 'oneTarget': False, 'trialInstructionPos': (0, -1), 'probe': 'both', 'rightStreamFlip': False, 'horizVert': True, 'ISIframes': 3, 'rightResponseFirst': True}
340.9287 	INFO 	numtrials=360 and this trialDurFrames=5 or 83.3333333333 ms  task=T1
341.9957 	EXP 	window1: recordFrameIntervals = False
342.0041 	INFO 	Mouse: using default window
343.5296 	DATA 	Keypress: f
343.6625 	DATA 	Keypress: g
343.8040 	EXP 	New trial (rep=0, index=6): {'leftStreamFlip': False, 'oneTarget': False, 'trialInstructionPos': (0, -1), 'probe': 'both', 'rightStreamFlip': False, 'horizVert': True, 'ISIframes': 3, 'rightResponseFirst': False}
343.8286 	INFO 	numtrials=360 and this trialDurFrames=6 or 100.0 ms  task=T1
344.9461 	EXP 	window1: recordFrameIntervals = False
344.9545 	INFO 	Mouse: using default window
346.4794 	DATA 	Keypress: f
346.6626 	DATA 	Keypress: y
346.8055 	EXP 	New trial (rep=0, index=7): {'leftStreamFlip': False, 'oneTarget': True, 'trialInstructionPos': (0, -1), 'probe': 'both', 'rightStreamFlip': False, 'horizVert': True, 'ISIframes': 3, 'rightResponseFirst': False}
346.8288 	INFO 	numtrials=360 and this trialDurFrames=5 or 83.3333333333 ms  task=T1
347.8290 	EXP 	window1: recordFrameIntervals = False
347.8373 	INFO 	Mouse: using default window
349.0461 	DATA 	Keypress: g
349.1853 	EXP 	New trial (rep=0, index=8): {'leftStreamFlip': False, 'oneTarget': True, 'trialInstructionPos': (0, -1), 'probe': 'both', 'rightStreamFlip': False, 'horizVert': True, 'ISIframes': 3, 'rightResponseFirst': True}
349.2122 	INFO 	numtrials=360 and this trialDurFrames=5 or 83.3333333333 ms  task=T1
350.2457 	EXP 	window1: recordFrameIntervals = False
350.2541 	INFO 	Mouse: using default window
351.3459 	DATA 	Keypress: t
351.4876 	EXP 	New trial (rep=0, index=9): {'leftStreamFlip': False, 'oneTarget': False, 'trialInstructionPos': (0, 1), 'probe': 'both', 'rightStreamFlip': False, 'horizVert': True, 'ISIframes': 3, 'rightResponseFirst': False}
351.5130 	INFO 	numtrials=360 and this trialDurFrames=6 or 100.0 ms  task=T1
352.6791 	EXP 	window1: recordFrameIntervals = False
352.6871 	INFO 	Mouse: using default window
354.3139 	DATA 	Keypress: y
354.5959 	DATA 	Keypress: m
354.7377 	EXP 	New trial (rep=0, index=10): {'leftStreamFlip': False, 'oneTarget': True, 'trialInstructionPos': (0, 1), 'probe': 'both', 'rightStreamFlip': False, 'horizVert': True, 'ISIframes': 3, 'rightResponseFirst': True}
354.7619 	INFO 	numtrials=360 and this trialDurFrames=6 or 100.0 ms  task=T1
355.8457 	EXP 	window1: recordFrameIntervals = False
355.8542 	INFO 	Mouse: using default window
356.9293 	DATA 	Keypress: t
357.0712 	EXP 	New trial (rep=0, index=11): {'leftStreamFlip': False, 'oneTarget': False, 'trialInstructionPos': (0, 1), 'probe': 'both', 'rightStreamFlip': False, 'horizVert': True, 'ISIframes': 3, 'rightResponseFirst': True}
357.0952 	INFO 	numtrials=360 and this trialDurFrames=6 or 100.0 ms  task=T1
358.2957 	EXP 	window1: recordFrameIntervals = False
358.3045 	INFO 	Mouse: using default window
359.4627 	DATA 	Keypress: f
359.5793 	DATA 	Keypress: t
359.7197 	EXP 	New trial (rep=1, index=0): {'leftStreamFlip': False, 'oneTarget': True, 'trialInstructionPos': (0, 1), 'probe': 'both', 'rightStreamFlip': False, 'horizVert': True, 'ISIframes': 3, 'rightResponseFirst': True}
359.7451 	INFO 	numtrials=360 and this trialDurFrames=6 or 100.0 ms  task=T1
360.8792 	EXP 	window1: recordFrameIntervals = False
360.8874 	INFO 	Mouse: using default window
362.1793 	DATA 	Keypress: t
362.3216 	EXP 	New trial (rep=1, index=1): {'leftStreamFlip': False, 'oneTarget': False, 'trialInstructionPos': (0, -1), 'probe': 'both', 'rightStreamFlip': False, 'horizVert': True, 'ISIframes': 3, 'rightResponseFirst': False}
362.3456 	INFO 	numtrials=360 and this trialDurFrames=7 or 116.666666667 ms  task=T1
363.5625 	EXP 	window1: recordFrameIntervals = False
363.5709 	INFO 	Mouse: using default window
364.6972 	DATA 	Keypress: f
365.0794 	DATA 	Keypress: c
365.2199 	EXP 	New trial (rep=1, index=2): {'leftStreamFlip': False, 'oneTarget': False, 'trialInstructionPos': (0, 1), 'probe': 'both', 'rightStreamFlip': False, 'horizVert': True, 'ISIframes': 3, 'rightResponseFirst': True}
365.2454 	INFO 	numtrials=360 and this trialDurFrames=7 or 116.666666667 ms  task=T1
366.5125 	EXP 	window1: recordFrameIntervals = False
366.5209 	INFO 	Mouse: using default window
368.2459 	DATA 	Keypress: y
368.3628 	DATA 	Keypress: y
368.5033 	EXP 	New trial (rep=1, index=3): {'leftStreamFlip': False, 'oneTarget': False, 'trialInstructionPos': (0, -1), 'probe': 'both', 'rightStreamFlip': False, 'horizVert': True, 'ISIframes': 3, 'rightResponseFirst': True}
368.5288 	INFO 	numtrials=360 and this trialDurFrames=6 or 100.0 ms  task=T1
369.5625 	EXP 	window1: recordFrameIntervals = False
369.5708 	INFO 	Mouse: using default window
370.6795 	DATA 	Keypress: y
370.8959 	DATA 	Keypress: s
371.0359 	EXP 	New trial (rep=1, index=4): {'leftStreamFlip': False, 'oneTarget': False, 'trialInstructionPos': (0, 1), 'probe': 'both', 'rightStreamFlip': False, 'horizVert': True, 'ISIframes': 3, 'rightResponseFirst': False}
371.0623 	INFO 	numtrials=360 and this trialDurFrames=7 or 116.666666667 ms  task=T1
372.3291 	EXP 	window1: recordFrameIntervals = False
372.3374 	INFO 	Mouse: using default window
463.1796 	DATA 	Keypress: g
463.4296 	DATA 	Keypress: y
463.5691 	EXP 	New trial (rep=1, index=5): {'leftStreamFlip': False, 'oneTarget': False, 'trialInstructionPos': (0, 1), 'probe': 'both', 'rightStreamFlip': False, 'horizVert': True, 'ISIframes': 3, 'rightResponseFirst': True}
463.5955 	INFO 	numtrials=360 and this trialDurFrames=7 or 116.666666667 ms  task=T1
464.8626 	EXP 	window1: recordFrameIntervals = False
464.8712 	INFO 	Mouse: using default window
469.1462 	DATA 	Keypress: z
479.0130 	DATA 	Keypress: t
479.1544 	EXP 	New trial (rep=1, index=6): {'leftStreamFlip': False, 'oneTarget': False, 'trialInstructionPos': (0, -1), 'probe': 'both', 'rightStreamFlip': False, 'horizVert': True, 'ISIframes': 3, 'rightResponseFirst': True}
479.1789 	INFO 	numtrials=360 and this trialDurFrames=7 or 116.666666667 ms  task=T1
480.3961 	EXP 	window1: recordFrameIntervals = False
480.4050 	INFO 	Mouse: using default window
481.6961 	DATA 	Keypress: j
481.9461 	DATA 	Keypress: k
482.0853 	EXP 	New trial (rep=1, index=7): {'leftStreamFlip': False, 'oneTarget': False, 'trialInstructionPos': (0, 1), 'probe': 'both', 'rightStreamFlip': False, 'horizVert': True, 'ISIframes': 3, 'rightResponseFirst': False}
482.1118 	INFO 	numtrials=360 and this trialDurFrames=8 or 133.333333333 ms  task=T1
483.2626 	EXP 	window1: recordFrameIntervals = False
483.2711 	INFO 	Mouse: using default window
484.9295 	DATA 	Keypress: z
485.0983 	DATA 	Keypress: y
485.2602 	EXP 	New trial (rep=1, index=8): {'leftStreamFlip': False, 'oneTarget': True, 'trialInstructionPos': (0, 1), 'probe': 'both', 'rightStreamFlip': False, 'horizVert': True, 'ISIframes': 3, 'rightResponseFirst': False}
485.2789 	INFO 	numtrials=360 and this trialDurFrames=8 or 133.333333333 ms  task=T1
486.5298 	EXP 	window1: recordFrameIntervals = False
486.5377 	INFO 	Mouse: using default window
498.7629 	DATA 	Keypress: y
498.9013 	EXP 	New trial (rep=1, index=9): {'leftStreamFlip': False, 'oneTarget': True, 'trialInstructionPos': (0, -1), 'probe': 'both', 'rightStreamFlip': False, 'horizVert': True, 'ISIframes': 3, 'rightResponseFirst': False}
498.9300 	INFO 	numtrials=360 and this trialDurFrames=8 or 133.333333333 ms  task=T1
499.1303 	DATA 	Keypress: t
500.0794 	EXP 	window1: recordFrameIntervals = False
500.0878 	INFO 	Mouse: using default window
503.1463 	DATA 	Keypress: p
503.2894 	EXP 	New trial (rep=1, index=10): {'leftStreamFlip': False, 'oneTarget': False, 'trialInstructionPos': (0, -1), 'probe': 'both', 'rightStreamFlip': False, 'horizVert': True, 'ISIframes': 3, 'rightResponseFirst': False}
503.3120 	INFO 	numtrials=360 and this trialDurFrames=8 or 133.333333333 ms  task=T1
504.5295 	EXP 	window1: recordFrameIntervals = False
504.5381 	INFO 	Mouse: using default window
507.5796 	DATA 	Keypress: s
507.9629 	DATA 	Keypress: g
508.1009 	EXP 	New trial (rep=1, index=11): {'leftStreamFlip': False, 'oneTarget': True, 'trialInstructionPos': (0, -1), 'probe': 'both', 'rightStreamFlip': False, 'horizVert': True, 'ISIframes': 3, 'rightResponseFirst': True}
508.1284 	INFO 	numtrials=360 and this trialDurFrames=8 or 133.333333333 ms  task=T1
509.4128 	EXP 	window1: recordFrameIntervals = False
509.4215 	INFO 	Mouse: using default window
534.8297 	DATA 	Keypress: y
534.9696 	EXP 	New trial (rep=2, index=0): {'leftStreamFlip': False, 'oneTarget': False, 'trialInstructionPos': (0, 1), 'probe': 'both', 'rightStreamFlip': False, 'horizVert': True, 'ISIframes': 3, 'rightResponseFirst': True}
534.9956 	INFO 	numtrials=360 and this trialDurFrames=9 or 150.0 ms  task=T1
536.1128 	EXP 	window1: recordFrameIntervals = False
536.1212 	INFO 	Mouse: using default window
537.3464 	DATA 	Keypress: g
537.5797 	DATA 	Keypress: a
537.7212 	EXP 	New trial (rep=2, index=1): {'leftStreamFlip': False, 'oneTarget': False, 'trialInstructionPos': (0, 1), 'probe': 'both', 'rightStreamFlip': False, 'horizVert': True, 'ISIframes': 3, 'rightResponseFirst': True}
537.7457 	INFO 	numtrials=360 and this trialDurFrames=9 or 150.0 ms  task=T1
539.0130 	EXP 	window1: recordFrameIntervals = False
539.0215 	INFO 	Mouse: using default window
539.9630 	DATA 	Keypress: g
540.1630 	DATA 	Keypress: n
540.3051 	EXP 	New trial (rep=2, index=2): {'leftStreamFlip': False, 'oneTarget': True, 'trialInstructionPos': (0, 1), 'probe': 'both', 'rightStreamFlip': False, 'horizVert': True, 'ISIframes': 3, 'rightResponseFirst': False}
540.3289 	INFO 	numtrials=360 and this trialDurFrames=10 or 166.666666667 ms  task=T1
541.5628 	EXP 	window1: recordFrameIntervals = False
541.5714 	INFO 	Mouse: using default window
542.4964 	DATA 	Keypress: y
542.6362 	EXP 	New trial (rep=2, index=3): {'leftStreamFlip': False, 'oneTarget': False, 'trialInstructionPos': (0, -1), 'probe': 'both', 'rightStreamFlip': False, 'horizVert': True, 'ISIframes': 3, 'rightResponseFirst': False}
542.6624 	INFO 	numtrials=360 and this trialDurFrames=10 or 166.666666667 ms  task=T1
543.7628 	EXP 	window1: recordFrameIntervals = False
543.7709 	INFO 	Mouse: using default window
545.3630 	DATA 	Keypress: r
545.6462 	DATA 	Keypress: y
545.7877 	EXP 	New trial (rep=2, index=4): {'leftStreamFlip': False, 'oneTarget': True, 'trialInstructionPos': (0, 1), 'probe': 'both', 'rightStreamFlip': False, 'horizVert': True, 'ISIframes': 3, 'rightResponseFirst': True}
545.8121 	INFO 	numtrials=360 and this trialDurFrames=9 or 150.0 ms  task=T1
547.0798 	EXP 	window1: recordFrameIntervals = False
547.0877 	INFO 	Mouse: using default window
548.0630 	DATA 	Keypress: s
548.2022 	EXP 	New trial (rep=2, index=5): {'leftStreamFlip': False, 'oneTarget': False, 'trialInstructionPos': (0, 1), 'probe': 'both', 'rightStreamFlip': False, 'horizVert': True, 'ISIframes': 3, 'rightResponseFirst': False}
548.2301 	INFO 	numtrials=360 and this trialDurFrames=9 or 150.0 ms  task=T1
549.4628 	EXP 	window1: recordFrameIntervals = False
549.4713 	INFO 	Mouse: using default window
550.8131 	DATA 	Keypress: g
550.9631 	DATA 	Keypress: k
551.1046 	EXP 	New trial (rep=2, index=6): {'leftStreamFlip': False, 'oneTarget': True, 'trialInstructionPos': (0, -1), 'probe': 'both', 'rightStreamFlip': False, 'horizVert': True, 'ISIframes': 3, 'rightResponseFirst': False}
551.1286 	INFO 	numtrials=360 and this trialDurFrames=9 or 150.0 ms  task=T1
552.3628 	EXP 	window1: recordFrameIntervals = False
552.3713 	INFO 	Mouse: using default window
581.8632 	DATA 	Keypress: h
582.0039 	EXP 	New trial (rep=2, index=7): {'leftStreamFlip': False, 'oneTarget': False, 'trialInstructionPos': (0, -1), 'probe': 'both', 'rightStreamFlip': False, 'horizVert': True, 'ISIframes': 3, 'rightResponseFirst': False}
582.0287 	INFO 	numtrials=360 and this trialDurFrames=9 or 150.0 ms  task=T1
583.1628 	EXP 	window1: recordFrameIntervals = False
583.1715 	INFO 	Mouse: using default window
586.2464 	DATA 	Keypress: h
586.3632 	DATA 	Keypress: c
586.5040 	EXP 	New trial (rep=2, index=8): {'leftStreamFlip': False, 'oneTarget': False, 'trialInstructionPos': (0, -1), 'probe': 'both', 'rightStreamFlip': False, 'horizVert': True, 'ISIframes': 3, 'rightResponseFirst': True}
586.5289 	INFO 	numtrials=360 and this trialDurFrames=9 or 150.0 ms  task=T1
587.7295 	EXP 	window1: recordFrameIntervals = False
587.7381 	INFO 	Mouse: using default window
589.4981 	DATA 	Keypress: h
589.6299 	DATA 	Keypress: e
589.7694 	EXP 	New trial (rep=2, index=9): {'leftStreamFlip': False, 'oneTarget': True, 'trialInstructionPos': (0, -1), 'probe': 'both', 'rightStreamFlip': False, 'horizVert': True, 'ISIframes': 3, 'rightResponseFirst': True}
589.7956 	INFO 	numtrials=360 and this trialDurFrames=10 or 166.666666667 ms  task=T1
590.9961 	EXP 	window1: recordFrameIntervals = False
591.0043 	INFO 	Mouse: using default window
592.0133 	DATA 	Keypress: g
592.1543 	EXP 	New trial (rep=2, index=10): {'leftStreamFlip': False, 'oneTarget': False, 'trialInstructionPos': (0, -1), 'probe': 'both', 'rightStreamFlip': False, 'horizVert': True, 'ISIframes': 3, 'rightResponseFirst': True}
592.1793 	INFO 	numtrials=360 and this trialDurFrames=10 or 166.666666667 ms  task=T1
593.4962 	EXP 	window1: recordFrameIntervals = False
593.5043 	INFO 	Mouse: using default window
630.6297 	DATA 	Keypress: u
632.4297 	DATA 	Keypress: y
632.5717 	EXP 	New trial (rep=2, index=11): {'leftStreamFlip': False, 'oneTarget': False, 'trialInstructionPos': (0, 1), 'probe': 'both', 'rightStreamFlip': False, 'horizVert': True, 'ISIframes': 3, 'rightResponseFirst': False}
632.5955 	INFO 	numtrials=360 and this trialDurFrames=10 or 166.666666667 ms  task=T1
633.6963 	EXP 	window1: recordFrameIntervals = False
633.7046 	INFO 	Mouse: using default window
634.8465 	DATA 	Keypress: s
635.0464 	DATA 	Keypress: e
635.1882 	EXP 	New trial (rep=3, index=0): {'leftStreamFlip': False, 'oneTarget': True, 'trialInstructionPos': (0, 1), 'probe': 'both', 'rightStreamFlip': False, 'horizVert': True, 'ISIframes': 3, 'rightResponseFirst': False}
635.2125 	INFO 	numtrials=360 and this trialDurFrames=10 or 166.666666667 ms  task=T1
636.3295 	EXP 	window1: recordFrameIntervals = False
636.3405 	INFO 	Mouse: using default window
637.3132 	DATA 	Keypress: f
637.4518 	EXP 	New trial (rep=3, index=1): {'leftStreamFlip': False, 'oneTarget': False, 'trialInstructionPos': (0, 1), 'probe': 'both', 'rightStreamFlip': False, 'horizVert': True, 'ISIframes': 3, 'rightResponseFirst': False}
637.4800 	INFO 	numtrials=360 and this trialDurFrames=10 or 166.666666667 ms  task=T1
638.5797 	EXP 	window1: recordFrameIntervals = False
638.5882 	INFO 	Mouse: using default window
639.0299 	DATA 	Keypress: f
639.1798 	DATA 	Keypress: f
639.3212 	EXP 	New trial (rep=3, index=2): {'leftStreamFlip': False, 'oneTarget': False, 'trialInstructionPos': (0, -1), 'probe': 'both', 'rightStreamFlip': False, 'horizVert': True, 'ISIframes': 3, 'rightResponseFirst': False}
639.3460 	INFO 	numtrials=360 and this trialDurFrames=10 or 166.666666667 ms  task=T1
640.4297 	EXP 	window1: recordFrameIntervals = False
640.4381 	INFO 	Mouse: using default window
641.6466 	DATA 	Keypress: g
641.7965 	DATA 	Keypress: s
641.9397 	EXP 	New trial (rep=3, index=3): {'leftStreamFlip': False, 'oneTarget': True, 'trialInstructionPos': (0, -1), 'probe': 'both', 'rightStreamFlip': False, 'horizVert': True, 'ISIframes': 3, 'rightResponseFirst': True}
641.9625 	INFO 	numtrials=360 and this trialDurFrames=10 or 166.666666667 ms  task=T1
643.1796 	EXP 	window1: recordFrameIntervals = False
643.1881 	INFO 	Mouse: using default window
644.3135 	DATA 	Keypress: a
644.4536 	EXP 	New trial (rep=3, index=4): {'leftStreamFlip': False, 'oneTarget': False, 'trialInstructionPos': (0, -1), 'probe': 'both', 'rightStreamFlip': False, 'horizVert': True, 'ISIframes': 3, 'rightResponseFirst': True}
644.4791 	INFO 	numtrials=360 and this trialDurFrames=10 or 166.666666667 ms  task=T1
645.7296 	EXP 	window1: recordFrameIntervals = False
645.7378 	INFO 	Mouse: using default window
695.4466 	DATA 	Keypress: t
697.6798 	DATA 	Keypress: y
697.8211 	EXP 	New trial (rep=3, index=5): {'leftStreamFlip': False, 'oneTarget': False, 'trialInstructionPos': (0, 1), 'probe': 'both', 'rightStreamFlip': False, 'horizVert': True, 'ISIframes': 3, 'rightResponseFirst': False}
697.8460 	INFO 	numtrials=360 and this trialDurFrames=10 or 166.666666667 ms  task=T1
699.0133 	EXP 	window1: recordFrameIntervals = False
699.0217 	INFO 	Mouse: using default window
700.4299 	DATA 	Keypress: j
700.7798 	DATA 	Keypress: e
700.9205 	EXP 	New trial (rep=3, index=6): {'leftStreamFlip': False, 'oneTarget': False, 'trialInstructionPos': (0, -1), 'probe': 'both', 'rightStreamFlip': False, 'horizVert': True, 'ISIframes': 3, 'rightResponseFirst': False}
700.9458 	INFO 	numtrials=360 and this trialDurFrames=10 or 166.666666667 ms  task=T1
702.1799 	EXP 	window1: recordFrameIntervals = False
702.1879 	INFO 	Mouse: using default window
703.3299 	DATA 	Keypress: h
703.5800 	DATA 	Keypress: k
703.7240 	EXP 	New trial (rep=3, index=7): {'leftStreamFlip': False, 'oneTarget': True, 'trialInstructionPos': (0, -1), 'probe': 'both', 'rightStreamFlip': False, 'horizVert': True, 'ISIframes': 3, 'rightResponseFirst': False}
703.7458 	INFO 	numtrials=360 and this trialDurFrames=10 or 166.666666667 ms  task=T1
704.9966 	EXP 	window1: recordFrameIntervals = False
705.0062 	INFO 	Mouse: using default window
706.1466 	DATA 	Keypress: c
706.2847 	EXP 	New trial (rep=3, index=8): {'leftStreamFlip': False, 'oneTarget': True, 'trialInstructionPos': (0, 1), 'probe': 'both', 'rightStreamFlip': False, 'horizVert': True, 'ISIframes': 3, 'rightResponseFirst': True}
706.3136 	INFO 	numtrials=360 and this trialDurFrames=10 or 166.666666667 ms  task=T1
707.5130 	EXP 	window1: recordFrameIntervals = False
707.5218 	INFO 	Mouse: using default window
708.6633 	DATA 	Keypress: s
708.8021 	EXP 	New trial (rep=3, index=9): {'leftStreamFlip': False, 'oneTarget': False, 'trialInstructionPos': (0, 1), 'probe': 'both', 'rightStreamFlip': False, 'horizVert': True, 'ISIframes': 3, 'rightResponseFirst': True}
708.8302 	INFO 	numtrials=360 and this trialDurFrames=10 or 166.666666667 ms  task=T1
710.1464 	EXP 	window1: recordFrameIntervals = False
710.1551 	INFO 	Mouse: using default window
739.4632 	DATA 	Keypress: j
742.5467 	DATA 	Keypress: y
742.6884 	EXP 	New trial (rep=3, index=10): {'leftStreamFlip': False, 'oneTarget': False, 'trialInstructionPos': (0, -1), 'probe': 'both', 'rightStreamFlip': False, 'horizVert': True, 'ISIframes': 3, 'rightResponseFirst': True}
742.7127 	INFO 	numtrials=360 and this trialDurFrames=10 or 166.666666667 ms  task=T1
744.0133 	EXP 	window1: recordFrameIntervals = False
744.0212 	INFO 	Mouse: using default window
745.5799 	DATA 	Keypress: u
745.8465 	DATA 	Keypress: f
745.9867 	EXP 	New trial (rep=3, index=11): {'leftStreamFlip': False, 'oneTarget': False, 'trialInstructionPos': (0, 1), 'probe': 'both', 'rightStreamFlip': False, 'horizVert': True, 'ISIframes': 3, 'rightResponseFirst': True}
746.0135 	INFO 	numtrials=360 and this trialDurFrames=11 or 183.333333333 ms  task=T1
747.2298 	EXP 	window1: recordFrameIntervals = False
747.2383 	INFO 	Mouse: using default window
750.1966 	DATA 	Keypress: u
750.4967 	DATA 	Keypress: h
750.6377 	EXP 	New trial (rep=4, index=0): {'leftStreamFlip': False, 'oneTarget': False, 'trialInstructionPos': (0, -1), 'probe': 'both', 'rightStreamFlip': False, 'horizVert': True, 'ISIframes': 3, 'rightResponseFirst': True}
750.6624 	INFO 	numtrials=360 and this trialDurFrames=11 or 183.333333333 ms  task=T1
751.9133 	EXP 	window1: recordFrameIntervals = False
751.9218 	INFO 	Mouse: using default window
785.1966 	DATA 	Keypress: return
786.1300 	DATA 	Keypress: h
788.3471 	DATA 	Keypress: t
788.4890 	EXP 	New trial (rep=4, index=1): {'leftStreamFlip': False, 'oneTarget': True, 'trialInstructionPos': (0, 1), 'probe': 'both', 'rightStreamFlip': False, 'horizVert': True, 'ISIframes': 3, 'rightResponseFirst': False}
788.5125 	INFO 	numtrials=360 and this trialDurFrames=11 or 183.333333333 ms  task=T1
789.6798 	EXP 	window1: recordFrameIntervals = False
789.6882 	INFO 	Mouse: using default window
790.9974 	DATA 	Keypress: g
791.1356 	EXP 	New trial (rep=4, index=2): {'leftStreamFlip': False, 'oneTarget': False, 'trialInstructionPos': (0, -1), 'probe': 'both', 'rightStreamFlip': False, 'horizVert': True, 'ISIframes': 3, 'rightResponseFirst': False}
791.1636 	INFO 	numtrials=360 and this trialDurFrames=11 or 183.333333333 ms  task=T1
792.4298 	EXP 	window1: recordFrameIntervals = False
792.4387 	INFO 	Mouse: using default window
811.2635 	DATA 	Keypress: d
813.2469 	DATA 	Keypress: r
813.3872 	EXP 	New trial (rep=4, index=3): {'leftStreamFlip': False, 'oneTarget': True, 'trialInstructionPos': (0, 1), 'probe': 'both', 'rightStreamFlip': False, 'horizVert': True, 'ISIframes': 3, 'rightResponseFirst': True}
813.4127 	INFO 	numtrials=360 and this trialDurFrames=11 or 183.333333333 ms  task=T1
814.6466 	EXP 	window1: recordFrameIntervals = False
814.6545 	INFO 	Mouse: using default window
815.5301 	DATA 	Keypress: t
815.6692 	EXP 	New trial (rep=4, index=4): {'leftStreamFlip': False, 'oneTarget': False, 'trialInstructionPos': (0, -1), 'probe': 'both', 'rightStreamFlip': False, 'horizVert': True, 'ISIframes': 3, 'rightResponseFirst': True}
815.6977 	INFO 	numtrials=360 and this trialDurFrames=11 or 183.333333333 ms  task=T1
816.8633 	EXP 	window1: recordFrameIntervals = False
816.8714 	INFO 	Mouse: using default window
879.4804 	DATA 	Keypress: r
881.0820 	DATA 	Keypress: t
881.2403 	EXP 	New trial (rep=4, index=5): {'leftStreamFlip': False, 'oneTarget': False, 'trialInstructionPos': (0, 1), 'probe': 'both', 'rightStreamFlip': False, 'horizVert': True, 'ISIframes': 3, 'rightResponseFirst': False}
881.2625 	INFO 	numtrials=360 and this trialDurFrames=11 or 183.333333333 ms  task=T1
881.4643 	DATA 	Keypress: h
882.5635 	EXP 	window1: recordFrameIntervals = False
882.5714 	INFO 	Mouse: using default window
918.7471 	DATA 	Keypress: t
919.4971 	DATA 	Keypress: r
919.6385 	EXP 	New trial (rep=4, index=6): {'leftStreamFlip': False, 'oneTarget': True, 'trialInstructionPos': (0, -1), 'probe': 'both', 'rightStreamFlip': False, 'horizVert': True, 'ISIframes': 3, 'rightResponseFirst': True}
919.6631 	INFO 	numtrials=360 and this trialDurFrames=11 or 183.333333333 ms  task=T1
920.9467 	EXP 	window1: recordFrameIntervals = False
920.9551 	INFO 	Mouse: using default window
931.0637 	DATA 	Keypress: t
931.2028 	EXP 	New trial (rep=4, index=7): {'leftStreamFlip': False, 'oneTarget': False, 'trialInstructionPos': (0, -1), 'probe': 'both', 'rightStreamFlip': False, 'horizVert': True, 'ISIframes': 3, 'rightResponseFirst': False}
931.2306 	INFO 	numtrials=360 and this trialDurFrames=11 or 183.333333333 ms  task=T1
932.3969 	EXP 	window1: recordFrameIntervals = False
932.4053 	INFO 	Mouse: using default window
934.0636 	DATA 	Keypress: e
934.2803 	DATA 	Keypress: j
934.4187 	EXP 	New trial (rep=4, index=8): {'leftStreamFlip': False, 'oneTarget': False, 'trialInstructionPos': (0, 1), 'probe': 'both', 'rightStreamFlip': False, 'horizVert': True, 'ISIframes': 3, 'rightResponseFirst': True}
934.4463 	INFO 	numtrials=360 and this trialDurFrames=11 or 183.333333333 ms  task=T1
935.5967 	EXP 	window1: recordFrameIntervals = False
935.6054 	INFO 	Mouse: using default window
943.0470 	DATA 	Keypress: lctrl
943.8137 	DATA 	Keypress: lshift
944.2136 	DATA 	Keypress: lshift
953.5637 	DATA 	Keypress: lctrl
953.8637 	DATA 	Keypress: lshift
954.0969 	DATA 	Keypress: z
954.1169 	INFO 	Stopping at 14:20 on 08 Aug 2018
954.1184 	ERROR 	user aborted experiment on keypress with trials done=56 of 361
954.1368 	INFO 	Program terminating normally.
