2.9736 	WARNING 	Monitor specification not found. Creating a temporary one...
19.6024 	DATA 	Keypress: capslock
20.0105 	EXP 	Created window1 = Window(allowGUI=False, allowStencil=False, autoLog=True, bitsMode=UNKNOWN, blendMode='avg', color=array([-0.7, -0.7, -0.7]), colorSpace='rgb', fullscr=UNKNOWN, gamma=None, lms=UNKNOWN, monitor=<psychopy.monitors.calibTools.Monitor object at 0x1A8BE030>, name='window1', pos=[0, 0], screen=0, size=array([1920, 1080]), stereo=False, units='deg', useFBO=False, useRetina=False, viewOri=0.0, viewPos=None, viewScale=None, waitBlanking=False, winType='pyglet')
20.0106 	INFO 	Mouse: using default window
20.0111 	EXP 	window1: units = 'norm'
20.1065 	EXP 	Created unnamed ImageStim = ImageStim(autoLog=True, color=array([ 1.,  1.,  1.]), colorSpace='rgb', contrast=1.0, depth=0, flipHoriz=False, flipVert=False, image=str(...), interpolate=False, mask=None, maskParams=None, name='unnamed ImageStim', opacity=1.0, ori=0.0, pos=array([-0.5,  0. ]), size=array([ 1.290625  ,  3.24814815]), texRes=128, units='norm', win=Window(...))
20.1766 	EXP 	Created unnamed ImageStim = ImageStim(autoLog=True, color=array([ 1.,  1.,  1.]), colorSpace='rgb', contrast=1.0, depth=0, flipHoriz=False, flipVert=False, image=str(...), interpolate=False, mask=None, maskParams=None, name='unnamed ImageStim', opacity=1.0, ori=0.0, pos=array([ 0.5,  0. ]), size=array([ 1.290625  ,  3.24814815]), texRes=128, units='norm', win=Window(...))
20.1930 	EXP 	Created OKrespZone = GratingStim(autoDraw=False, autoLog=True, color=array([ 1. ,  0.5,  0.5]), colorSpace='rgb', contrast=1.0, depth=0, interpolate=False, mask='gauss', maskParams=None, name='OKrespZone', opacity=1.0, ori=0.0, phase=array([ 0.,  0.]), pos=array([-0.2 , -0.92]), rgbPedestal=array([ 0.,  0.,  0.]), sf=array([ 0.,  0.]), size=array([ 2.3,  0.2]), tex='sin', texRes=256, units='norm', win=Window(...))
20.4002 	EXP 	unnamed ImageStim: size = (1, 2)
20.4002 	EXP 	unnamed ImageStim: size = (1, 2)
104.3435 	DATA 	Keypress: space
106.1101 	DATA 	Mouse: Left button down, pos=(897,58)
106.1264 	EXP 	window1: units = 'deg'
106.1267 	EXP 	window1: units = 'norm'
106.1467 	EXP 	Created OKrespZone = GratingStim(autoDraw=False, autoLog=True, color=array([ 1. ,  0.5,  0.5]), colorSpace='rgb', contrast=1.0, depth=0, interpolate=False, mask='gauss', maskParams=None, name='OKrespZone', opacity=1.0, ori=0.0, phase=array([ 0.,  0.]), pos=array([-0.2 , -0.92]), rgbPedestal=array([ 0.,  0.,  0.]), sf=array([ 0.,  0.]), size=array([ 2.3,  0.2]), tex='sin', texRes=256, units='norm', win=Window(...))
106.2273 	EXP 	Created unnamed ImageStim = ImageStim(autoLog=True, color=array([ 1.,  1.,  1.]), colorSpace='rgb', contrast=1.0, depth=0, flipHoriz=False, flipVert=False, image='abgdj\\PISandConsentForm\\consentForm.png', interpolate=False, mask=None, maskParams=None, name='unnamed ImageStim', opacity=1.0, ori=0.0, pos=array([ 0.,  0.]), size=array([ 1.3375    ,  2.97407407]), texRes=128, units='norm', win=Window(...))
106.2647 	EXP 	Created unnamed GratingStim = GratingStim(autoDraw=False, autoLog=True, color=array([ 1. ,  0.5,  0.5]), colorSpace='rgb', contrast=1.0, depth=0, interpolate=False, mask='gauss', maskParams=None, name='unnamed GratingStim', opacity=1.0, ori=0.0, phase=array([ 0.,  0.]), pos=array([-0.2 , -0.42]), rgbPedestal=array([ 0.,  0.,  0.]), sf=array([ 0.,  0.]), size=array([ 0.3,  0.2]), tex='sin', texRes=256, units='norm', win=Window(...))
106.3096 	EXP 	Created unnamed GratingStim = GratingStim(autoDraw=False, autoLog=True, color=array([ 1. ,  0.5,  0.5]), colorSpace='rgb', contrast=1.0, depth=0, interpolate=False, mask='gauss', maskParams=None, name='unnamed GratingStim', opacity=1.0, ori=0.0, phase=array([ 0.,  0.]), pos=array([ 0.1 , -0.42]), rgbPedestal=array([ 0.,  0.,  0.]), sf=array([ 0.,  0.]), size=array([ 0.3,  0.2]), tex='sin', texRes=256, units='norm', win=Window(...))
106.3313 	EXP 	Created unnamed GratingStim = GratingStim(autoDraw=False, autoLog=True, color=array([ 1. ,  0.5,  0.5]), colorSpace='rgb', contrast=1.0, depth=0, interpolate=False, mask='gauss', maskParams=None, name='unnamed GratingStim', opacity=1.0, ori=0.0, phase=array([ 0.,  0.]), pos=array([-0.2 , -0.72]), rgbPedestal=array([ 0.,  0.,  0.]), sf=array([ 0.,  0.]), size=array([ 0.3,  0.2]), tex='sin', texRes=256, units='norm', win=Window(...))
106.3521 	EXP 	Created unnamed GratingStim = GratingStim(autoDraw=False, autoLog=True, color=array([ 1. ,  0.5,  0.5]), colorSpace='rgb', contrast=1.0, depth=0, interpolate=False, mask='gauss', maskParams=None, name='unnamed GratingStim', opacity=1.0, ori=0.0, phase=array([ 0.,  0.]), pos=array([ 0.1 , -0.72]), rgbPedestal=array([ 0.,  0.,  0.]), sf=array([ 0.,  0.]), size=array([ 0.3,  0.2]), tex='sin', texRes=256, units='norm', win=Window(...))
106.3551 	DATA 	Mouse:  Left button up, pos=(896,58)
106.3606 	EXP 	unnamed ImageStim: size = (1.1, 2)
115.3936 	DATA 	Mouse: Left button down, pos=(768,321)
115.4767 	DATA 	Mouse:  Left button up, pos=(768,321)
116.1936 	DATA 	Mouse: Left button down, pos=(792,145)
116.2768 	DATA 	Mouse:  Left button up, pos=(792,145)
116.9468 	DATA 	Mouse: Left button down, pos=(827,50)
116.9601 	EXP 	window1: units = 'deg'
116.9648 	EXP 	window1: mouseVisible = True
130.7439 	EXP 	Created window1 = Window(allowGUI=False, allowStencil=False, autoLog=True, bitsMode=UNKNOWN, blendMode='avg', color=array([-0.7, -0.7, -0.7]), colorSpace='rgb', fullscr=UNKNOWN, gamma=None, lms=UNKNOWN, monitor=<psychopy.monitors.calibTools.Monitor object at 0x1A8BE030>, name='window1', pos=[0, 0], screen=0, size=array([1920, 1080]), stereo=False, units='deg', useFBO=False, useRetina=False, viewOri=0.0, viewPos=None, viewScale=None, waitBlanking=False, winType='pyglet')
135.4624 	INFO 	#[ PsychoPy2 RuntimeInfoStart ]
  #[[ PsychoPy ]] #---------
    psychopyVersion: 1.84.2
    psychopyHaveExtRush: True
  #[[ Experiment ]] #---------
    experimentAuthor: None
    experimentAuthVersion: None
    experimentRunTime: 2018_08_06 09:12 (Year_Month_Day Hour:Min)
    experimentRunTime.epoch: 1533510727
    experimentScript: psyc1002.py
    experimentScript.digestSHA1: 03993779484d600ea4c1b8cc2288f3d37a5025d5
    experimentScript.directory: U:\PSYC1002\abgdj
  #[[ System ]] #---------
    systemHaveInternetAccess: True
    systemHostName: W5140LG2
    systemLocale: English_United States.1252
    systemMemFreeRAM: 4322.50390625
    systemMemTotalRAM: 8076.9453125
    systemPlatform: windowsversion=sys.getwindowsversion(major=6, minor=2, build=9200, platform=2, service_pack='')
    systemPyo.InputDevices: {4: {'host api index': 2, 'latency': 0.008707483299076557, 'default sr': 44100, 'name': u'Realtek ASIO'}}
    systemPyo.OutputDevices: {0: {'host api index': 0, 'latency': 0.09000000357627869, 'default sr': 44100, 'name': u'Microsoft Sound Mapper - Output'}, 1: {'host api index': 0, 'latency': 0.09000000357627869, 'default sr': 44100, 'name': u'Speakers / Headphones (Realtek '}, 2: {'host api index': 1, 'latency': 0.11999999731779099, 'default sr': 44100, 'name': u'Primary Sound Driver'}, 3: {'host api index': 1, 'latency': 0.11999999731779099, 'default sr': 44100, 'name': u'Speakers / Headphones (Realtek High Definition Audio)'}, 4: {'host api index': 2, 'latency': 0.008707483299076557, 'default sr': 44100, 'name': u'Realtek ASIO'}, 5: {'host api index': 3, 'latency': 0.003000000026077032, 'default sr': 48000, 'name': u'Speakers / Headphones (Realtek High Definition Audio)'}}
    systemPyoVersion: 0.8.0
    systemRebooted: System Boot Time:          8/6/2018, 2:18:05 AM
    systemSec.pythonSSL: True
    systemTimeNumpySD1000000_sec: 0.0074
    systemUser: twon8031
    systemUserID: 1000
    systemUserProcCmdPid: LabStatsUserSpace.exe dwm.exe TiWorker.exe CmRcService.exe nierserver.exe LabStatsClient.exe tagsrv.exe SearchUI.exe OneDrive.exe nipxism.exe SettingSyncHost.exe WmiPrvSE.exe niLxiDiscovery.exe SecurityHealthService.exe redirector.exe SearchProtocolHost.exe server_admin.exe pc-client.exe lkads.exe svchost.exe smartscreen.exe ni_usbmon.exe AGSService.exe System SISIDSService.exe SelfServicePlugin.exe explorer.exe smss.exe ApplicationWebServer.exe RuntimeBroker.exe acrotray.exe niauth_daemon.exe cmd.exe nidmsrv.exe Receiver.exe SISIPSService.exe lktsrv.exe lsass.exe python.exe RtkNGUI64.exe sisipsutil.exe AdobeUpdateService.exe armsvc.exe ssonsvr.exe concentr.exe nidevldu.exe taskhostw.exe ctfmon.exe RAVBg64.exe ''Memory Compression'' NIWebServiceContainer.exe nimxs.exe RtkAudioService64.exe SystemWebServer.exe tasklist.exe snowagent.exe CcmExec.exe SearchFilterHost.exe SmcGui.exe nicitdl5.exe ''System Idle Process'' services.exe niDiscSvc.exe sqlwriter.exe MSASCuiL.exe SCNotification.exe nimdnsResponder.exe server_runtime.exe sihost.exe backgroundTaskHost.exe spoolsv.exe wininit.exe winlogon.exe ShellExperienceHost.exe nidevmon.exe SearchIndexer.exe csrss.exe TrustedInstaller.exe audiodg.exe fontdrvhost.exe unsecapp.exe ccSvcHst.exe wfcrun32.exe nisvcloc.exe server_eventlog.exe lkcitdl.exe AuthManSvr.exe conhost.exe AdobeGCClient.exe
    systemUserProcCount: 179
    systemUserProcFlagged: Explorer
    systemUsersCount: False
  #[[ Window ]] #---------
    windowWinType: pyglet
    windowWaitBlanking: False
    windowUseNativeGamma: True
    windowUnits: deg
    windowSize_pix: [1920 1080]
    windowScreen: 0
    windowRgb: [-0.7 -0.7 -0.7]
    windowRefreshTimeSD_ms: 0.289
    windowRefreshTimeMedian_ms: 16.665
    windowRefreshTimeAvg_ms: 16.662
    windowRefreshThreshold_sec: 0.0200
    windowRecordFrameIntervals: False
    windowPos_pix: [0, 0]
    windowMonitor.name: testmonitor
    windowMonitor.getWidth_cm: 57.0
    windowMonitor.getLinearizeMethod: 1
    windowMonitor.getGammaGrid: [[  0.   1.   1.  nan  nan  nan]
 [  0.   1.   1.  nan  nan  nan]
 [  0.   1.   1.  nan  nan  nan]
 [  0.   1.   1.  nan  nan  nan]]
    windowMonitor.getDistance_cm: 57.0
    windowMonitor.gammaInterpolator2: None
    windowMonitor.gammaInterpolator: None
    windowMonitor.currentCalibName: 2018_08_06 09:09
    windowIsFullScr: True
    windowHaveShaders: True
    windowAllowGUI: False
  #[[ Python ]] #---------
    pythonWxVersion: 3.0.2.0 msw (classic)
    pythonVersion: 2.7.11
    pythonScipyVersion: 0.17.1
    pythonPygletVersion: 1.2.4
    pythonPygameVersion: 1.9.2pre
    pythonNumpyVersion: 1.11.0
    pythonMatplotlibVersion: 1.5.1
    pythonFullVersion: 2.7.11 (v2.7.11:6d1b6a68f775, Dec  5 2015, 20:32:19) [MSC v.1500 32 bit (Intel)]
    pythonExecutable: C:\Program Files (x86)\PsychoPy2\python.exe
  #[[ OpenGL ]] #---------
    openGLVersion: 4.4.0 - Build 21.20.16.4627
    openGLVendor: Intel
    openGLRenderingEngine: Intel(R) HD Graphics 530
    openGLmaxVerticesInVertexArray: 1048576
    False: openGLext.GL_STEREO
    True: openGLext.GL_EXT_framebuffer_object
    True: openGLext.GL_ARB_vertex_shader
    True: openGLext.GL_ARB_texture_non_power_of_two
    True: openGLext.GL_ARB_texture_float
    True: openGLext.GL_ARB_shader_objects
    True: openGLext.GL_ARB_multitexture
    True: openGLext.GL_ARB_fragment_program
#[ PsychoPy2 RuntimeInfoEnd ]

135.5105 	EXP 	window1: recordFrameIntervals = True
136.3434 	EXP 	window1: recordFrameIntervals = False
136.3500 	INFO 	Frames per second ~=60.1, which is close enough to desired val of 60.0
136.5537 	EXP 	Created sequence: random, trialTypes=12, nReps=30, seed=None
136.7566 	INFO 	Mouse: using default window
136.7747 	EXP 	Created OKrespZone = GratingStim(autoDraw=False, autoLog=True, color=array([ 1.,  1.,  1.]), colorSpace='rgb', contrast=1.0, depth=0, interpolate=False, mask='gauss', maskParams=None, name='OKrespZone', opacity=1.0, ori=0.0, phase=array([ 0.,  0.]), pos=array([ 0.  ,  0.88]), rgbPedestal=array([ 0.,  0.,  0.]), sf=array([ 0.,  0.]), size=array([ 2. ,  0.2]), tex='sin', texRes=256, units='norm', win=Window(...))
141.8252 	DATA 	Mouse: Left button down, pos=(158,950)
141.9122 	DATA 	Mouse:  Left button up, pos=(158,950)
144.2486 	DATA 	Mouse: Left button down, pos=(332,945)
144.3281 	DATA 	Mouse:  Left button up, pos=(332,945)
146.2654 	DATA 	Mouse: Left button down, pos=(757,958)
146.3601 	DATA 	Mouse:  Left button up, pos=(757,958)
153.0644 	DATA 	Mouse: Left button down, pos=(929,881)
153.1285 	DATA 	Mouse:  Left button up, pos=(929,881)
158.5123 	DATA 	Mouse: Left button down, pos=(1578,877)
158.6401 	DATA 	Mouse:  Left button up, pos=(1578,877)
178.8645 	DATA 	Mouse: Left button down, pos=(715,685)
178.9683 	DATA 	Mouse:  Left button up, pos=(717,685)
179.9132 	DATA 	Mouse: Left button down, pos=(1145,677)
180.0082 	DATA 	Mouse:  Left button up, pos=(1146,677)
181.2568 	DATA 	Mouse: Left button down, pos=(1711,671)
181.3362 	DATA 	Mouse:  Left button up, pos=(1712,671)
196.1855 	DATA 	Mouse: Left button down, pos=(1357,475)
196.2563 	DATA 	Mouse:  Left button up, pos=(1357,475)
211.6003 	DATA 	Mouse: Left button down, pos=(150,182)
211.6604 	DATA 	Mouse:  Left button up, pos=(150,182)
217.9765 	DATA 	Mouse: Left button down, pos=(1754,190)
218.0642 	DATA 	Mouse:  Left button up, pos=(1754,190)
232.7845 	DATA 	Mouse: Left button down, pos=(885,1015)
232.8089 	INFO 	Experiment will have 360 trials. Letters will be drawn with superposed noise of 0.00%
232.8225 	EXP 	New trial (rep=0, index=0): {'leftStreamFlip': False, 'oneTarget': False, 'trialInstructionPos': (0, 1), 'probe': 'both', 'rightStreamFlip': False, 'horizVert': False, 'ISIframes': 2, 'rightResponseFirst': False}
232.8225 	INFO 	Starting main part of experiment
232.8946 	DATA 	Mouse:  Left button up, pos=(885,1015)
234.0102 	INFO 	numtrials=360 and this trialDurFrames=28 or 466.666666667 ms  task=T1
235.9768 	EXP 	window1: recordFrameIntervals = False
235.9878 	INFO 	Mouse: using default window
238.5452 	DATA 	Keypress: m
240.0770 	DATA 	Keypress: u
241.2943 	DATA 	Keypress: j
241.4626 	EXP 	New trial (rep=0, index=1): {'leftStreamFlip': False, 'oneTarget': False, 'trialInstructionPos': (0, 1), 'probe': 'both', 'rightStreamFlip': False, 'horizVert': False, 'ISIframes': 2, 'rightResponseFirst': True}
250.9773 	INFO 	numtrials=360 and this trialDurFrames=22 or 366.666666667 ms  task=T1
252.7775 	EXP 	window1: recordFrameIntervals = False
252.7854 	INFO 	Mouse: using default window
255.5941 	DATA 	Keypress: y
257.0272 	DATA 	Keypress: u
257.8277 	DATA 	Keypress: c
257.9726 	EXP 	New trial (rep=0, index=2): {'leftStreamFlip': False, 'oneTarget': False, 'trialInstructionPos': (0, 1), 'probe': 'both', 'rightStreamFlip': False, 'horizVert': False, 'ISIframes': 2, 'rightResponseFirst': True}
257.9939 	INFO 	numtrials=360 and this trialDurFrames=18 or 300.0 ms  task=T1
259.8267 	EXP 	window1: recordFrameIntervals = False
259.8343 	INFO 	Mouse: using default window
262.7439 	DATA 	Keypress: r
263.9611 	DATA 	Keypress: h
264.8111 	DATA 	Keypress: f
264.9528 	EXP 	New trial (rep=0, index=3): {'leftStreamFlip': False, 'oneTarget': False, 'trialInstructionPos': (0, 1), 'probe': 'both', 'rightStreamFlip': False, 'horizVert': False, 'ISIframes': 2, 'rightResponseFirst': False}
264.9774 	INFO 	numtrials=360 and this trialDurFrames=18 or 300.0 ms  task=T1
266.3940 	EXP 	window1: recordFrameIntervals = False
266.4019 	INFO 	Mouse: using default window
268.2442 	DATA 	Keypress: m
270.4272 	DATA 	Keypress: s
271.7271 	DATA 	Keypress: j
271.8707 	EXP 	New trial (rep=0, index=4): {'leftStreamFlip': False, 'oneTarget': False, 'trialInstructionPos': (0, -1), 'probe': 'both', 'rightStreamFlip': False, 'horizVert': False, 'ISIframes': 2, 'rightResponseFirst': True}
280.2269 	INFO 	numtrials=360 and this trialDurFrames=14 or 233.333333333 ms  task=T1
281.5105 	EXP 	window1: recordFrameIntervals = False
281.5181 	INFO 	Mouse: using default window
284.6942 	DATA 	Keypress: e
286.0102 	DATA 	Keypress: r
286.8605 	DATA 	Keypress: m
287.0024 	EXP 	New trial (rep=0, index=5): {'leftStreamFlip': False, 'oneTarget': False, 'trialInstructionPos': (0, -1), 'probe': 'both', 'rightStreamFlip': False, 'horizVert': False, 'ISIframes': 2, 'rightResponseFirst': False}
287.0264 	INFO 	numtrials=360 and this trialDurFrames=4 or 66.6666666667 ms  task=T1
288.1105 	EXP 	window1: recordFrameIntervals = False
288.1185 	INFO 	Mouse: using default window
292.0771 	DATA 	Keypress: u
292.9276 	DATA 	Keypress: i
293.5776 	DATA 	Keypress: h
293.7203 	EXP 	New trial (rep=0, index=6): {'leftStreamFlip': False, 'oneTarget': False, 'trialInstructionPos': (0, -1), 'probe': 'both', 'rightStreamFlip': False, 'horizVert': False, 'ISIframes': 2, 'rightResponseFirst': False}
293.7430 	INFO 	numtrials=360 and this trialDurFrames=5 or 83.3333333333 ms  task=T1
294.7935 	EXP 	window1: recordFrameIntervals = False
294.8017 	INFO 	Mouse: using default window
296.6937 	DATA 	Keypress: n
297.4939 	DATA 	Keypress: n
298.0438 	DATA 	Keypress: u
298.1822 	EXP 	New trial (rep=0, index=7): {'leftStreamFlip': False, 'oneTarget': False, 'trialInstructionPos': (0, 1), 'probe': 'both', 'rightStreamFlip': False, 'horizVert': False, 'ISIframes': 2, 'rightResponseFirst': True}
298.1938 	INFO 	numtrials=360 and this trialDurFrames=4 or 66.6666666667 ms  task=T1
299.2442 	EXP 	window1: recordFrameIntervals = False
299.2523 	INFO 	Mouse: using default window
301.0276 	DATA 	Keypress: u
302.8776 	DATA 	Keypress: j
304.4106 	DATA 	Keypress: c
304.5495 	EXP 	New trial (rep=0, index=8): {'leftStreamFlip': False, 'oneTarget': False, 'trialInstructionPos': (0, -1), 'probe': 'both', 'rightStreamFlip': False, 'horizVert': False, 'ISIframes': 2, 'rightResponseFirst': True}
304.5763 	INFO 	numtrials=360 and this trialDurFrames=4 or 66.6666666667 ms  task=T1
305.6268 	EXP 	window1: recordFrameIntervals = False
305.6350 	INFO 	Mouse: using default window
307.1942 	DATA 	Keypress: z
308.9617 	DATA 	Keypress: s
311.6439 	DATA 	Keypress: z
311.7864 	EXP 	New trial (rep=0, index=9): {'leftStreamFlip': False, 'oneTarget': False, 'trialInstructionPos': (0, 1), 'probe': 'both', 'rightStreamFlip': False, 'horizVert': False, 'ISIframes': 2, 'rightResponseFirst': False}
311.8101 	INFO 	numtrials=360 and this trialDurFrames=4 or 66.6666666667 ms  task=T1
312.9770 	EXP 	window1: recordFrameIntervals = False
312.9850 	INFO 	Mouse: using default window
317.1776 	DATA 	Keypress: g
318.5442 	DATA 	Keypress: s
319.3446 	DATA 	Keypress: h
319.4908 	EXP 	New trial (rep=0, index=10): {'leftStreamFlip': False, 'oneTarget': False, 'trialInstructionPos': (0, -1), 'probe': 'both', 'rightStreamFlip': False, 'horizVert': False, 'ISIframes': 2, 'rightResponseFirst': False}
319.5099 	INFO 	numtrials=360 and this trialDurFrames=4 or 66.6666666667 ms  task=T1
320.5941 	EXP 	window1: recordFrameIntervals = False
320.6019 	INFO 	Mouse: using default window
322.7938 	DATA 	Keypress: a
324.2110 	DATA 	Keypress: j
324.7609 	DATA 	Keypress: h
324.9036 	EXP 	New trial (rep=0, index=11): {'leftStreamFlip': False, 'oneTarget': False, 'trialInstructionPos': (0, -1), 'probe': 'both', 'rightStreamFlip': False, 'horizVert': False, 'ISIframes': 2, 'rightResponseFirst': True}
324.9263 	INFO 	numtrials=360 and this trialDurFrames=3 or 50.0 ms  task=T1
325.9604 	EXP 	window1: recordFrameIntervals = False
325.9685 	INFO 	Mouse: using default window
329.2605 	DATA 	Keypress: r
330.1608 	DATA 	Keypress: s
330.7610 	DATA 	Keypress: h
330.9029 	EXP 	New trial (rep=1, index=0): {'leftStreamFlip': False, 'oneTarget': False, 'trialInstructionPos': (0, -1), 'probe': 'both', 'rightStreamFlip': False, 'horizVert': False, 'ISIframes': 2, 'rightResponseFirst': False}
330.9266 	INFO 	numtrials=360 and this trialDurFrames=4 or 66.6666666667 ms  task=T1
331.9604 	EXP 	window1: recordFrameIntervals = False
331.9685 	INFO 	Mouse: using default window
333.7613 	DATA 	Keypress: n
334.7771 	DATA 	Keypress: z
335.9778 	DATA 	Keypress: r
336.1203 	EXP 	New trial (rep=1, index=1): {'leftStreamFlip': False, 'oneTarget': False, 'trialInstructionPos': (0, 1), 'probe': 'both', 'rightStreamFlip': False, 'horizVert': False, 'ISIframes': 2, 'rightResponseFirst': False}
336.1433 	INFO 	numtrials=360 and this trialDurFrames=4 or 66.6666666667 ms  task=T1
337.2272 	EXP 	window1: recordFrameIntervals = False
337.2355 	INFO 	Mouse: using default window
340.7111 	DATA 	Keypress: t
341.9111 	DATA 	Keypress: e
342.6776 	DATA 	Keypress: y
342.8178 	EXP 	New trial (rep=1, index=2): {'leftStreamFlip': False, 'oneTarget': False, 'trialInstructionPos': (0, -1), 'probe': 'both', 'rightStreamFlip': False, 'horizVert': False, 'ISIframes': 2, 'rightResponseFirst': True}
342.8434 	INFO 	numtrials=360 and this trialDurFrames=3 or 50.0 ms  task=T1
343.8770 	EXP 	window1: recordFrameIntervals = False
343.8855 	INFO 	Mouse: using default window
346.8272 	DATA 	Keypress: g
348.0940 	DATA 	Keypress: y
348.9941 	DATA 	Keypress: j
349.1316 	EXP 	New trial (rep=1, index=3): {'leftStreamFlip': False, 'oneTarget': False, 'trialInstructionPos': (0, -1), 'probe': 'both', 'rightStreamFlip': False, 'horizVert': False, 'ISIframes': 2, 'rightResponseFirst': False}
349.1441 	INFO 	numtrials=360 and this trialDurFrames=3 or 50.0 ms  task=T1
350.3270 	EXP 	window1: recordFrameIntervals = False
350.3355 	INFO 	Mouse: using default window
354.3611 	DATA 	Keypress: r
354.8944 	DATA 	Keypress: h
355.1612 	DATA 	Keypress: n
355.3027 	EXP 	New trial (rep=1, index=4): {'leftStreamFlip': False, 'oneTarget': False, 'trialInstructionPos': (0, 1), 'probe': 'both', 'rightStreamFlip': False, 'horizVert': False, 'ISIframes': 2, 'rightResponseFirst': False}
355.3264 	INFO 	numtrials=360 and this trialDurFrames=4 or 66.6666666667 ms  task=T1
356.3936 	EXP 	window1: recordFrameIntervals = False
356.4014 	INFO 	Mouse: using default window
358.2112 	DATA 	Keypress: t
359.0943 	DATA 	Keypress: g
359.8943 	DATA 	Keypress: m
360.0346 	EXP 	New trial (rep=1, index=5): {'leftStreamFlip': False, 'oneTarget': False, 'trialInstructionPos': (0, 1), 'probe': 'both', 'rightStreamFlip': False, 'horizVert': False, 'ISIframes': 2, 'rightResponseFirst': True}
360.0601 	INFO 	numtrials=360 and this trialDurFrames=4 or 66.6666666667 ms  task=T1
361.0937 	EXP 	window1: recordFrameIntervals = False
361.1030 	INFO 	Mouse: using default window
363.4611 	DATA 	Keypress: z
364.3444 	DATA 	Keypress: j
364.6780 	DATA 	Keypress: j
364.8197 	EXP 	New trial (rep=1, index=6): {'leftStreamFlip': False, 'oneTarget': False, 'trialInstructionPos': (0, 1), 'probe': 'both', 'rightStreamFlip': False, 'horizVert': False, 'ISIframes': 2, 'rightResponseFirst': True}
364.8429 	INFO 	numtrials=360 and this trialDurFrames=3 or 50.0 ms  task=T1
365.8111 	EXP 	window1: recordFrameIntervals = False
365.8191 	INFO 	Mouse: using default window
370.4945 	DATA 	Keypress: z
371.6276 	DATA 	Keypress: g
372.3275 	DATA 	Keypress: e
372.4689 	EXP 	New trial (rep=1, index=7): {'leftStreamFlip': False, 'oneTarget': False, 'trialInstructionPos': (0, -1), 'probe': 'both', 'rightStreamFlip': False, 'horizVert': False, 'ISIframes': 2, 'rightResponseFirst': True}
372.4928 	INFO 	numtrials=360 and this trialDurFrames=4 or 66.6666666667 ms  task=T1
373.6108 	EXP 	window1: recordFrameIntervals = False
373.6184 	INFO 	Mouse: using default window
375.8778 	DATA 	Keypress: u
376.8446 	DATA 	Keypress: z
377.5611 	DATA 	Keypress: c
377.7018 	EXP 	New trial (rep=1, index=8): {'leftStreamFlip': False, 'oneTarget': False, 'trialInstructionPos': (0, -1), 'probe': 'both', 'rightStreamFlip': False, 'horizVert': False, 'ISIframes': 2, 'rightResponseFirst': False}
377.7265 	INFO 	numtrials=360 and this trialDurFrames=4 or 66.6666666667 ms  task=T1
378.7110 	EXP 	window1: recordFrameIntervals = False
378.7187 	INFO 	Mouse: using default window
382.0773 	DATA 	Keypress: k
383.0272 	DATA 	Keypress: g
383.8443 	DATA 	Keypress: y
383.9854 	EXP 	New trial (rep=1, index=9): {'leftStreamFlip': False, 'oneTarget': False, 'trialInstructionPos': (0, 1), 'probe': 'both', 'rightStreamFlip': False, 'horizVert': False, 'ISIframes': 2, 'rightResponseFirst': True}
384.0098 	INFO 	numtrials=360 and this trialDurFrames=4 or 66.6666666667 ms  task=T1
385.0604 	EXP 	window1: recordFrameIntervals = False
385.0688 	INFO 	Mouse: using default window
388.2946 	DATA 	Keypress: j
389.3289 	DATA 	Keypress: z
390.1613 	DATA 	Keypress: c
390.3003 	EXP 	New trial (rep=1, index=10): {'leftStreamFlip': False, 'oneTarget': False, 'trialInstructionPos': (0, -1), 'probe': 'both', 'rightStreamFlip': False, 'horizVert': False, 'ISIframes': 2, 'rightResponseFirst': True}
390.3268 	INFO 	numtrials=360 and this trialDurFrames=4 or 66.6666666667 ms  task=T1
391.3777 	EXP 	window1: recordFrameIntervals = False
391.3856 	INFO 	Mouse: using default window
393.9775 	DATA 	Keypress: e
395.0441 	DATA 	Keypress: a
395.9939 	DATA 	Keypress: j
396.1348 	EXP 	New trial (rep=1, index=11): {'leftStreamFlip': False, 'oneTarget': False, 'trialInstructionPos': (0, 1), 'probe': 'both', 'rightStreamFlip': False, 'horizVert': False, 'ISIframes': 2, 'rightResponseFirst': False}
396.1600 	INFO 	numtrials=360 and this trialDurFrames=3 or 50.0 ms  task=T1
397.3437 	EXP 	window1: recordFrameIntervals = False
397.3518 	INFO 	Mouse: using default window
400.1110 	DATA 	Keypress: e
401.0280 	DATA 	Keypress: u
401.8943 	DATA 	Keypress: j
402.0358 	EXP 	New trial (rep=2, index=0): {'leftStreamFlip': False, 'oneTarget': False, 'trialInstructionPos': (0, -1), 'probe': 'both', 'rightStreamFlip': False, 'horizVert': False, 'ISIframes': 2, 'rightResponseFirst': False}
402.0599 	INFO 	numtrials=360 and this trialDurFrames=3 or 50.0 ms  task=T1
403.1770 	EXP 	window1: recordFrameIntervals = False
403.1851 	INFO 	Mouse: using default window
405.3782 	DATA 	Keypress: s
406.3278 	DATA 	Keypress: r
407.0442 	DATA 	Keypress: g
407.1852 	EXP 	New trial (rep=2, index=1): {'leftStreamFlip': False, 'oneTarget': False, 'trialInstructionPos': (0, -1), 'probe': 'both', 'rightStreamFlip': False, 'horizVert': False, 'ISIframes': 2, 'rightResponseFirst': True}
407.2101 	INFO 	numtrials=360 and this trialDurFrames=3 or 50.0 ms  task=T1
408.4109 	EXP 	window1: recordFrameIntervals = False
408.4190 	INFO 	Mouse: using default window
411.7112 	DATA 	Keypress: n
412.7107 	DATA 	Keypress: k
413.5774 	DATA 	Keypress: r
413.7160 	EXP 	New trial (rep=2, index=2): {'leftStreamFlip': False, 'oneTarget': False, 'trialInstructionPos': (0, 1), 'probe': 'both', 'rightStreamFlip': False, 'horizVert': False, 'ISIframes': 2, 'rightResponseFirst': True}
413.7271 	INFO 	numtrials=360 and this trialDurFrames=3 or 50.0 ms  task=T1
414.7771 	EXP 	window1: recordFrameIntervals = False
414.7852 	INFO 	Mouse: using default window
418.8612 	DATA 	Keypress: k
419.7780 	DATA 	Keypress: j
421.0946 	DATA 	Keypress: a
421.2348 	EXP 	New trial (rep=2, index=3): {'leftStreamFlip': False, 'oneTarget': False, 'trialInstructionPos': (0, -1), 'probe': 'both', 'rightStreamFlip': False, 'horizVert': False, 'ISIframes': 2, 'rightResponseFirst': True}
421.2596 	INFO 	numtrials=360 and this trialDurFrames=3 or 50.0 ms  task=T1
422.2271 	EXP 	window1: recordFrameIntervals = False
422.2352 	INFO 	Mouse: using default window
425.5275 	DATA 	Keypress: e
426.7108 	DATA 	Keypress: m
427.2272 	DATA 	Keypress: a
427.3656 	EXP 	New trial (rep=2, index=4): {'leftStreamFlip': False, 'oneTarget': False, 'trialInstructionPos': (0, 1), 'probe': 'both', 'rightStreamFlip': False, 'horizVert': False, 'ISIframes': 2, 'rightResponseFirst': True}
427.3932 	INFO 	numtrials=360 and this trialDurFrames=4 or 66.6666666667 ms  task=T1
428.5775 	EXP 	window1: recordFrameIntervals = False
428.5855 	INFO 	Mouse: using default window
431.4441 	DATA 	Keypress: t
432.3612 	DATA 	Keypress: j
433.1111 	DATA 	Keypress: r
433.2514 	EXP 	New trial (rep=2, index=5): {'leftStreamFlip': False, 'oneTarget': False, 'trialInstructionPos': (0, -1), 'probe': 'both', 'rightStreamFlip': False, 'horizVert': False, 'ISIframes': 2, 'rightResponseFirst': False}
433.2770 	INFO 	numtrials=360 and this trialDurFrames=4 or 66.6666666667 ms  task=T1
434.4772 	EXP 	window1: recordFrameIntervals = False
434.4856 	INFO 	Mouse: using default window
437.2278 	DATA 	Keypress: f
438.0112 	DATA 	Keypress: f
438.7445 	DATA 	Keypress: g
438.8872 	EXP 	New trial (rep=2, index=6): {'leftStreamFlip': False, 'oneTarget': False, 'trialInstructionPos': (0, 1), 'probe': 'both', 'rightStreamFlip': False, 'horizVert': False, 'ISIframes': 2, 'rightResponseFirst': True}
438.9100 	INFO 	numtrials=360 and this trialDurFrames=3 or 50.0 ms  task=T1
439.9106 	EXP 	window1: recordFrameIntervals = False
439.9188 	INFO 	Mouse: using default window
442.4115 	DATA 	Keypress: k
443.6778 	DATA 	Keypress: g
444.4111 	DATA 	Keypress: n
444.5504 	EXP 	New trial (rep=2, index=7): {'leftStreamFlip': False, 'oneTarget': False, 'trialInstructionPos': (0, 1), 'probe': 'both', 'rightStreamFlip': False, 'horizVert': False, 'ISIframes': 2, 'rightResponseFirst': False}
444.5767 	INFO 	numtrials=360 and this trialDurFrames=3 or 50.0 ms  task=T1
445.7772 	EXP 	window1: recordFrameIntervals = False
445.7853 	INFO 	Mouse: using default window
448.2274 	DATA 	Keypress: y
449.4612 	DATA 	Keypress: z
451.3448 	DATA 	Keypress: m
451.4854 	EXP 	New trial (rep=2, index=8): {'leftStreamFlip': False, 'oneTarget': False, 'trialInstructionPos': (0, 1), 'probe': 'both', 'rightStreamFlip': False, 'horizVert': False, 'ISIframes': 2, 'rightResponseFirst': False}
451.5102 	INFO 	numtrials=360 and this trialDurFrames=3 or 50.0 ms  task=T1
452.5604 	EXP 	window1: recordFrameIntervals = False
452.5687 	INFO 	Mouse: using default window
456.9114 	DATA 	Keypress: l
457.9942 	DATA 	Keypress: m
459.4942 	DATA 	Keypress: l
459.6348 	EXP 	New trial (rep=2, index=9): {'leftStreamFlip': False, 'oneTarget': False, 'trialInstructionPos': (0, 1), 'probe': 'both', 'rightStreamFlip': False, 'horizVert': False, 'ISIframes': 2, 'rightResponseFirst': False}
459.6599 	INFO 	numtrials=360 and this trialDurFrames=3 or 50.0 ms  task=T1
460.6946 	EXP 	window1: recordFrameIntervals = False
460.7023 	INFO 	Mouse: using default window
463.0444 	DATA 	Keypress: g
464.0448 	DATA 	Keypress: t
464.6109 	DATA 	Keypress: r
464.7512 	EXP 	New trial (rep=2, index=10): {'leftStreamFlip': False, 'oneTarget': False, 'trialInstructionPos': (0, -1), 'probe': 'both', 'rightStreamFlip': False, 'horizVert': False, 'ISIframes': 2, 'rightResponseFirst': False}
464.7770 	INFO 	numtrials=360 and this trialDurFrames=3 or 50.0 ms  task=T1
465.8438 	EXP 	window1: recordFrameIntervals = False
465.8521 	INFO 	Mouse: using default window
468.8440 	DATA 	Keypress: a
470.0279 	DATA 	Keypress: e
471.3445 	DATA 	Keypress: j
471.4871 	EXP 	New trial (rep=2, index=11): {'leftStreamFlip': False, 'oneTarget': False, 'trialInstructionPos': (0, -1), 'probe': 'both', 'rightStreamFlip': False, 'horizVert': False, 'ISIframes': 2, 'rightResponseFirst': True}
471.5101 	INFO 	numtrials=360 and this trialDurFrames=3 or 50.0 ms  task=T1
472.5438 	EXP 	window1: recordFrameIntervals = False
472.5519 	INFO 	Mouse: using default window
475.1451 	DATA 	Keypress: r
476.3943 	DATA 	Keypress: n
477.3949 	DATA 	Keypress: m
477.5382 	EXP 	New trial (rep=3, index=0): {'leftStreamFlip': False, 'oneTarget': False, 'trialInstructionPos': (0, 1), 'probe': 'both', 'rightStreamFlip': False, 'horizVert': False, 'ISIframes': 2, 'rightResponseFirst': True}
477.5600 	INFO 	numtrials=360 and this trialDurFrames=3 or 50.0 ms  task=T1
478.5271 	EXP 	window1: recordFrameIntervals = False
478.5353 	INFO 	Mouse: using default window
480.8108 	DATA 	Keypress: s
481.7449 	DATA 	Keypress: e
482.8279 	DATA 	Keypress: r
482.9677 	EXP 	New trial (rep=3, index=1): {'leftStreamFlip': False, 'oneTarget': False, 'trialInstructionPos': (0, 1), 'probe': 'both', 'rightStreamFlip': False, 'horizVert': False, 'ISIframes': 2, 'rightResponseFirst': False}
482.9936 	INFO 	numtrials=360 and this trialDurFrames=3 or 50.0 ms  task=T1
483.9771 	EXP 	window1: recordFrameIntervals = False
483.9850 	INFO 	Mouse: using default window
487.2276 	DATA 	Keypress: a
488.7613 	DATA 	Keypress: c
490.9780 	DATA 	Keypress: m
491.1174 	EXP 	New trial (rep=3, index=2): {'leftStreamFlip': False, 'oneTarget': False, 'trialInstructionPos': (0, 1), 'probe': 'both', 'rightStreamFlip': False, 'horizVert': False, 'ISIframes': 2, 'rightResponseFirst': True}
491.1435 	INFO 	numtrials=360 and this trialDurFrames=3 or 50.0 ms  task=T1
492.2605 	EXP 	window1: recordFrameIntervals = False
492.2686 	INFO 	Mouse: using default window
494.3612 	DATA 	Keypress: a
495.3291 	DATA 	Keypress: f
496.3276 	DATA 	Keypress: u
496.4669 	EXP 	New trial (rep=3, index=3): {'leftStreamFlip': False, 'oneTarget': False, 'trialInstructionPos': (0, -1), 'probe': 'both', 'rightStreamFlip': False, 'horizVert': False, 'ISIframes': 2, 'rightResponseFirst': True}
496.4931 	INFO 	numtrials=360 and this trialDurFrames=3 or 50.0 ms  task=T1
497.4772 	EXP 	window1: recordFrameIntervals = False
497.4852 	INFO 	Mouse: using default window
499.6442 	DATA 	Keypress: t
500.7442 	DATA 	Keypress: k
501.9278 	DATA 	Keypress: e
502.0707 	EXP 	New trial (rep=3, index=4): {'leftStreamFlip': False, 'oneTarget': False, 'trialInstructionPos': (0, 1), 'probe': 'both', 'rightStreamFlip': False, 'horizVert': False, 'ISIframes': 2, 'rightResponseFirst': False}
502.0933 	INFO 	numtrials=360 and this trialDurFrames=3 or 50.0 ms  task=T1
503.1438 	EXP 	window1: recordFrameIntervals = False
503.1520 	INFO 	Mouse: using default window
505.0281 	DATA 	Keypress: g
506.4274 	DATA 	Keypress: a
508.0280 	DATA 	Keypress: e
508.1692 	EXP 	New trial (rep=3, index=5): {'leftStreamFlip': False, 'oneTarget': False, 'trialInstructionPos': (0, 1), 'probe': 'both', 'rightStreamFlip': False, 'horizVert': False, 'ISIframes': 2, 'rightResponseFirst': True}
508.1937 	INFO 	numtrials=360 and this trialDurFrames=3 or 50.0 ms  task=T1
509.3272 	EXP 	window1: recordFrameIntervals = False
509.3353 	INFO 	Mouse: using default window
511.0781 	DATA 	Keypress: n
512.1289 	DATA 	Keypress: z
512.9279 	DATA 	Keypress: g
513.0687 	EXP 	New trial (rep=3, index=6): {'leftStreamFlip': False, 'oneTarget': False, 'trialInstructionPos': (0, -1), 'probe': 'both', 'rightStreamFlip': False, 'horizVert': False, 'ISIframes': 2, 'rightResponseFirst': False}
513.0935 	INFO 	numtrials=360 and this trialDurFrames=3 or 50.0 ms  task=T1
514.1609 	EXP 	window1: recordFrameIntervals = False
514.1688 	INFO 	Mouse: using default window
516.6781 	DATA 	Keypress: t
517.2613 	DATA 	Keypress: a
517.9943 	DATA 	Keypress: u
518.1372 	EXP 	New trial (rep=3, index=7): {'leftStreamFlip': False, 'oneTarget': False, 'trialInstructionPos': (0, 1), 'probe': 'both', 'rightStreamFlip': False, 'horizVert': False, 'ISIframes': 2, 'rightResponseFirst': False}
518.1596 	INFO 	numtrials=360 and this trialDurFrames=3 or 50.0 ms  task=T1
519.3438 	EXP 	window1: recordFrameIntervals = False
519.3521 	INFO 	Mouse: using default window
522.7944 	DATA 	Keypress: z
523.7126 	DATA 	Keypress: j
525.2780 	DATA 	Keypress: f
525.4176 	EXP 	New trial (rep=3, index=8): {'leftStreamFlip': False, 'oneTarget': False, 'trialInstructionPos': (0, -1), 'probe': 'both', 'rightStreamFlip': False, 'horizVert': False, 'ISIframes': 2, 'rightResponseFirst': False}
525.4436 	INFO 	numtrials=360 and this trialDurFrames=3 or 50.0 ms  task=T1
526.5939 	EXP 	window1: recordFrameIntervals = False
526.6019 	INFO 	Mouse: using default window
529.1274 	DATA 	Keypress: j
529.8281 	DATA 	Keypress: f
530.4774 	DATA 	Keypress: r
530.6185 	EXP 	New trial (rep=3, index=9): {'leftStreamFlip': False, 'oneTarget': False, 'trialInstructionPos': (0, -1), 'probe': 'both', 'rightStreamFlip': False, 'horizVert': False, 'ISIframes': 2, 'rightResponseFirst': False}
530.6434 	INFO 	numtrials=360 and this trialDurFrames=3 or 50.0 ms  task=T1
531.6105 	EXP 	window1: recordFrameIntervals = False
531.6182 	INFO 	Mouse: using default window
534.1451 	DATA 	Keypress: z
534.9615 	DATA 	Keypress: f
535.6441 	DATA 	Keypress: j
535.7855 	EXP 	New trial (rep=3, index=10): {'leftStreamFlip': False, 'oneTarget': False, 'trialInstructionPos': (0, -1), 'probe': 'both', 'rightStreamFlip': False, 'horizVert': False, 'ISIframes': 2, 'rightResponseFirst': True}
535.8103 	INFO 	numtrials=360 and this trialDurFrames=3 or 50.0 ms  task=T1
536.9272 	EXP 	window1: recordFrameIntervals = False
536.9358 	INFO 	Mouse: using default window
539.8614 	DATA 	Keypress: y
540.6613 	DATA 	Keypress: j
541.1441 	DATA 	Keypress: z
541.2849 	EXP 	New trial (rep=3, index=11): {'leftStreamFlip': False, 'oneTarget': False, 'trialInstructionPos': (0, -1), 'probe': 'both', 'rightStreamFlip': False, 'horizVert': False, 'ISIframes': 2, 'rightResponseFirst': True}
541.3101 	INFO 	numtrials=360 and this trialDurFrames=3 or 50.0 ms  task=T1
542.2939 	EXP 	window1: recordFrameIntervals = False
542.3019 	INFO 	Mouse: using default window
545.5447 	DATA 	Keypress: n
545.6781 	DATA 	Keypress: g
546.6444 	DATA 	Keypress: z
546.7849 	EXP 	New trial (rep=4, index=0): {'leftStreamFlip': False, 'oneTarget': False, 'trialInstructionPos': (0, 1), 'probe': 'both', 'rightStreamFlip': False, 'horizVert': False, 'ISIframes': 2, 'rightResponseFirst': True}
546.8102 	INFO 	numtrials=360 and this trialDurFrames=3 or 50.0 ms  task=T1
547.9938 	EXP 	window1: recordFrameIntervals = False
548.0021 	INFO 	Mouse: using default window
553.4114 	DATA 	Keypress: u
553.8615 	DATA 	Keypress: f
554.3446 	DATA 	Keypress: z
554.4842 	EXP 	New trial (rep=4, index=1): {'leftStreamFlip': False, 'oneTarget': False, 'trialInstructionPos': (0, 1), 'probe': 'both', 'rightStreamFlip': False, 'horizVert': False, 'ISIframes': 2, 'rightResponseFirst': False}
554.5103 	INFO 	numtrials=360 and this trialDurFrames=3 or 50.0 ms  task=T1
555.4943 	EXP 	window1: recordFrameIntervals = False
555.5021 	INFO 	Mouse: using default window
558.5614 	DATA 	Keypress: a
558.7447 	DATA 	Keypress: n
560.5775 	DATA 	Keypress: r
560.7200 	EXP 	New trial (rep=4, index=2): {'leftStreamFlip': False, 'oneTarget': False, 'trialInstructionPos': (0, -1), 'probe': 'both', 'rightStreamFlip': False, 'horizVert': False, 'ISIframes': 2, 'rightResponseFirst': True}
560.7431 	INFO 	numtrials=360 and this trialDurFrames=3 or 50.0 ms  task=T1
561.7779 	EXP 	window1: recordFrameIntervals = False
561.7854 	INFO 	Mouse: using default window
564.3113 	DATA 	Keypress: s
565.5112 	DATA 	Keypress: z
565.9943 	DATA 	Keypress: r
566.1340 	EXP 	New trial (rep=4, index=3): {'leftStreamFlip': False, 'oneTarget': False, 'trialInstructionPos': (0, 1), 'probe': 'both', 'rightStreamFlip': False, 'horizVert': False, 'ISIframes': 2, 'rightResponseFirst': False}
566.1605 	INFO 	numtrials=360 and this trialDurFrames=3 or 50.0 ms  task=T1
567.1607 	EXP 	window1: recordFrameIntervals = False
567.1696 	INFO 	Mouse: using default window
568.7946 	DATA 	Keypress: r
569.6281 	DATA 	Keypress: y
570.2277 	DATA 	Keypress: i
570.3680 	EXP 	New trial (rep=4, index=4): {'leftStreamFlip': False, 'oneTarget': False, 'trialInstructionPos': (0, -1), 'probe': 'both', 'rightStreamFlip': False, 'horizVert': False, 'ISIframes': 2, 'rightResponseFirst': True}
570.3936 	INFO 	numtrials=360 and this trialDurFrames=3 or 50.0 ms  task=T1
571.4275 	EXP 	window1: recordFrameIntervals = False
571.4354 	INFO 	Mouse: using default window
573.1445 	DATA 	Keypress: h
573.8116 	DATA 	Keypress: e
575.7279 	DATA 	Keypress: g
575.8684 	EXP 	New trial (rep=4, index=5): {'leftStreamFlip': False, 'oneTarget': False, 'trialInstructionPos': (0, -1), 'probe': 'both', 'rightStreamFlip': False, 'horizVert': False, 'ISIframes': 2, 'rightResponseFirst': False}
575.8936 	INFO 	numtrials=360 and this trialDurFrames=3 or 50.0 ms  task=T1
576.9106 	EXP 	window1: recordFrameIntervals = False
576.9188 	INFO 	Mouse: using default window
580.2443 	DATA 	Keypress: s
581.2445 	DATA 	Keypress: s
581.6114 	DATA 	Keypress: e
581.7526 	EXP 	New trial (rep=4, index=6): {'leftStreamFlip': False, 'oneTarget': False, 'trialInstructionPos': (0, -1), 'probe': 'both', 'rightStreamFlip': False, 'horizVert': False, 'ISIframes': 2, 'rightResponseFirst': False}
581.7768 	INFO 	numtrials=360 and this trialDurFrames=3 or 50.0 ms  task=T1
582.8109 	EXP 	window1: recordFrameIntervals = False
582.8198 	INFO 	Mouse: using default window
584.5292 	DATA 	Keypress: r
584.7944 	DATA 	Keypress: h
585.0110 	DATA 	Keypress: s
585.1516 	EXP 	New trial (rep=4, index=7): {'leftStreamFlip': False, 'oneTarget': False, 'trialInstructionPos': (0, 1), 'probe': 'both', 'rightStreamFlip': False, 'horizVert': False, 'ISIframes': 2, 'rightResponseFirst': False}
585.1768 	INFO 	numtrials=360 and this trialDurFrames=3 or 50.0 ms  task=T1
586.2443 	EXP 	window1: recordFrameIntervals = False
586.2520 	INFO 	Mouse: using default window
589.5945 	DATA 	Keypress: j
590.4780 	DATA 	Keypress: r
591.0116 	DATA 	Keypress: h
591.1507 	EXP 	New trial (rep=4, index=8): {'leftStreamFlip': False, 'oneTarget': False, 'trialInstructionPos': (0, -1), 'probe': 'both', 'rightStreamFlip': False, 'horizVert': False, 'ISIframes': 2, 'rightResponseFirst': True}
591.1769 	INFO 	numtrials=360 and this trialDurFrames=3 or 50.0 ms  task=T1
592.2273 	EXP 	window1: recordFrameIntervals = False
592.2356 	INFO 	Mouse: using default window
593.9280 	DATA 	Keypress: r
594.4946 	DATA 	Keypress: t
595.1449 	DATA 	Keypress: c
595.2854 	EXP 	New trial (rep=4, index=9): {'leftStreamFlip': False, 'oneTarget': False, 'trialInstructionPos': (0, -1), 'probe': 'both', 'rightStreamFlip': False, 'horizVert': False, 'ISIframes': 2, 'rightResponseFirst': False}
595.3103 	INFO 	numtrials=360 and this trialDurFrames=3 or 50.0 ms  task=T1
596.2943 	EXP 	window1: recordFrameIntervals = False
596.3023 	INFO 	Mouse: using default window
599.3315 	DATA 	Keypress: f
600.5611 	DATA 	Keypress: r
601.4779 	DATA 	Keypress: f
601.6184 	EXP 	New trial (rep=4, index=10): {'leftStreamFlip': False, 'oneTarget': False, 'trialInstructionPos': (0, 1), 'probe': 'both', 'rightStreamFlip': False, 'horizVert': False, 'ISIframes': 2, 'rightResponseFirst': True}
601.6430 	INFO 	numtrials=360 and this trialDurFrames=3 or 50.0 ms  task=T1
602.7607 	EXP 	window1: recordFrameIntervals = False
602.7689 	INFO 	Mouse: using default window
607.0443 	DATA 	Keypress: z
607.5945 	DATA 	Keypress: c
608.3618 	DATA 	Keypress: r
608.5040 	EXP 	New trial (rep=4, index=11): {'leftStreamFlip': False, 'oneTarget': False, 'trialInstructionPos': (0, 1), 'probe': 'both', 'rightStreamFlip': False, 'horizVert': False, 'ISIframes': 2, 'rightResponseFirst': True}
608.5267 	INFO 	numtrials=360 and this trialDurFrames=3 or 50.0 ms  task=T1
609.6273 	EXP 	window1: recordFrameIntervals = False
609.6354 	INFO 	Mouse: using default window
610.9449 	DATA 	Keypress: f
611.6949 	DATA 	Keypress: z
612.3781 	DATA 	Keypress: r
612.5190 	EXP 	New trial (rep=5, index=0): {'leftStreamFlip': False, 'oneTarget': False, 'trialInstructionPos': (0, 1), 'probe': 'both', 'rightStreamFlip': False, 'horizVert': False, 'ISIframes': 2, 'rightResponseFirst': False}
612.5437 	INFO 	numtrials=360 and this trialDurFrames=3 or 50.0 ms  task=T1
613.5280 	EXP 	window1: recordFrameIntervals = False
613.5360 	INFO 	Mouse: using default window
615.4778 	DATA 	Keypress: g
616.1613 	DATA 	Keypress: e
617.2609 	DATA 	Keypress: z
617.4003 	EXP 	New trial (rep=5, index=1): {'leftStreamFlip': False, 'oneTarget': False, 'trialInstructionPos': (0, -1), 'probe': 'both', 'rightStreamFlip': False, 'horizVert': False, 'ISIframes': 2, 'rightResponseFirst': False}
617.4268 	INFO 	numtrials=360 and this trialDurFrames=3 or 50.0 ms  task=T1
618.6111 	EXP 	window1: recordFrameIntervals = False
618.6189 	INFO 	Mouse: using default window
621.1281 	DATA 	Keypress: z
622.1452 	DATA 	Keypress: g
622.5289 	DATA 	Keypress: s
622.6915 	EXP 	New trial (rep=5, index=2): {'leftStreamFlip': False, 'oneTarget': False, 'trialInstructionPos': (0, -1), 'probe': 'both', 'rightStreamFlip': False, 'horizVert': False, 'ISIframes': 2, 'rightResponseFirst': True}
622.7102 	INFO 	numtrials=360 and this trialDurFrames=3 or 50.0 ms  task=T1
623.9107 	EXP 	window1: recordFrameIntervals = False
623.9188 	INFO 	Mouse: using default window
625.6277 	DATA 	Keypress: z
626.6613 	DATA 	Keypress: r
627.3948 	DATA 	Keypress: c
627.5366 	EXP 	New trial (rep=5, index=3): {'leftStreamFlip': False, 'oneTarget': False, 'trialInstructionPos': (0, -1), 'probe': 'both', 'rightStreamFlip': False, 'horizVert': False, 'ISIframes': 2, 'rightResponseFirst': False}
627.5602 	INFO 	numtrials=360 and this trialDurFrames=3 or 50.0 ms  task=T1
628.6273 	EXP 	window1: recordFrameIntervals = False
628.6353 	INFO 	Mouse: using default window
630.5114 	DATA 	Keypress: f
631.6447 	DATA 	Keypress: z
632.5292 	DATA 	Keypress: s
632.6854 	EXP 	New trial (rep=5, index=4): {'leftStreamFlip': False, 'oneTarget': False, 'trialInstructionPos': (0, 1), 'probe': 'both', 'rightStreamFlip': False, 'horizVert': False, 'ISIframes': 2, 'rightResponseFirst': True}
632.7103 	INFO 	numtrials=360 and this trialDurFrames=4 or 66.6666666667 ms  task=T1
633.7773 	EXP 	window1: recordFrameIntervals = False
633.7857 	INFO 	Mouse: using default window
635.3950 	DATA 	Keypress: g
636.0443 	DATA 	Keypress: t
636.5277 	DATA 	Keypress: s
636.6678 	EXP 	New trial (rep=5, index=5): {'leftStreamFlip': False, 'oneTarget': False, 'trialInstructionPos': (0, 1), 'probe': 'both', 'rightStreamFlip': False, 'horizVert': False, 'ISIframes': 2, 'rightResponseFirst': True}
636.6937 	INFO 	numtrials=360 and this trialDurFrames=4 or 66.6666666667 ms  task=T1
637.7607 	EXP 	window1: recordFrameIntervals = False
637.7692 	INFO 	Mouse: using default window
639.2110 	DATA 	Keypress: n
639.6949 	DATA 	Keypress: r
640.0782 	DATA 	Keypress: f
640.2180 	EXP 	New trial (rep=5, index=6): {'leftStreamFlip': False, 'oneTarget': False, 'trialInstructionPos': (0, -1), 'probe': 'both', 'rightStreamFlip': False, 'horizVert': False, 'ISIframes': 2, 'rightResponseFirst': False}
640.2436 	INFO 	numtrials=360 and this trialDurFrames=3 or 50.0 ms  task=T1
641.3441 	EXP 	window1: recordFrameIntervals = False
641.3531 	INFO 	Mouse: using default window
645.6776 	DATA 	Keypress: s
646.6277 	DATA 	Keypress: z
646.8949 	DATA 	Keypress: e
647.0334 	EXP 	New trial (rep=5, index=7): {'leftStreamFlip': False, 'oneTarget': False, 'trialInstructionPos': (0, 1), 'probe': 'both', 'rightStreamFlip': False, 'horizVert': False, 'ISIframes': 2, 'rightResponseFirst': False}
647.0609 	INFO 	numtrials=360 and this trialDurFrames=4 or 66.6666666667 ms  task=T1
648.1609 	EXP 	window1: recordFrameIntervals = False
648.1690 	INFO 	Mouse: using default window
650.2613 	DATA 	Keypress: e
651.2777 	DATA 	Keypress: k
651.6615 	DATA 	Keypress: h
651.8006 	EXP 	New trial (rep=5, index=8): {'leftStreamFlip': False, 'oneTarget': False, 'trialInstructionPos': (0, -1), 'probe': 'both', 'rightStreamFlip': False, 'horizVert': False, 'ISIframes': 2, 'rightResponseFirst': True}
651.8270 	INFO 	numtrials=360 and this trialDurFrames=4 or 66.6666666667 ms  task=T1
652.8940 	EXP 	window1: recordFrameIntervals = False
652.9022 	INFO 	Mouse: using default window
654.5613 	DATA 	Keypress: h
655.9781 	DATA 	Keypress: y
656.5947 	DATA 	Keypress: r
656.7376 	EXP 	New trial (rep=5, index=9): {'leftStreamFlip': False, 'oneTarget': False, 'trialInstructionPos': (0, 1), 'probe': 'both', 'rightStreamFlip': False, 'horizVert': False, 'ISIframes': 2, 'rightResponseFirst': True}
656.7601 	INFO 	numtrials=360 and this trialDurFrames=3 or 50.0 ms  task=T1
657.7276 	EXP 	window1: recordFrameIntervals = False
657.7355 	INFO 	Mouse: using default window
659.2948 	DATA 	Keypress: m
660.1115 	DATA 	Keypress: k
660.4615 	DATA 	Keypress: s
660.6018 	EXP 	New trial (rep=5, index=10): {'leftStreamFlip': False, 'oneTarget': False, 'trialInstructionPos': (0, 1), 'probe': 'both', 'rightStreamFlip': False, 'horizVert': False, 'ISIframes': 2, 'rightResponseFirst': False}
660.6270 	INFO 	numtrials=360 and this trialDurFrames=3 or 50.0 ms  task=T1
661.7107 	EXP 	window1: recordFrameIntervals = False
661.7190 	INFO 	Mouse: using default window
662.9613 	DATA 	Keypress: u
663.6786 	DATA 	Keypress: r
664.0109 	DATA 	Keypress: s
664.1515 	EXP 	New trial (rep=5, index=11): {'leftStreamFlip': False, 'oneTarget': False, 'trialInstructionPos': (0, -1), 'probe': 'both', 'rightStreamFlip': False, 'horizVert': False, 'ISIframes': 2, 'rightResponseFirst': True}
664.1771 	INFO 	numtrials=360 and this trialDurFrames=3 or 50.0 ms  task=T1
665.1447 	EXP 	window1: recordFrameIntervals = False
665.1525 	INFO 	Mouse: using default window
668.4111 	DATA 	Keypress: z
669.4785 	DATA 	Keypress: m
669.9282 	DATA 	Keypress: r
669.9283 	DATA 	Keypress: t
670.0710 	EXP 	New trial (rep=6, index=0): {'leftStreamFlip': False, 'oneTarget': False, 'trialInstructionPos': (0, -1), 'probe': 'both', 'rightStreamFlip': False, 'horizVert': False, 'ISIframes': 2, 'rightResponseFirst': False}
670.0937 	INFO 	numtrials=360 and this trialDurFrames=3 or 50.0 ms  task=T1
671.2617 	EXP 	window1: recordFrameIntervals = False
671.2692 	INFO 	Mouse: using default window
673.3281 	DATA 	Keypress: t
674.0448 	DATA 	Keypress: f
674.3782 	DATA 	Keypress: c
674.5188 	EXP 	New trial (rep=6, index=1): {'leftStreamFlip': False, 'oneTarget': False, 'trialInstructionPos': (0, 1), 'probe': 'both', 'rightStreamFlip': False, 'horizVert': False, 'ISIframes': 2, 'rightResponseFirst': False}
674.5437 	INFO 	numtrials=360 and this trialDurFrames=3 or 50.0 ms  task=T1
675.6775 	EXP 	window1: recordFrameIntervals = False
675.6858 	INFO 	Mouse: using default window
678.2276 	DATA 	Keypress: c
678.8449 	DATA 	Keypress: j
679.4445 	DATA 	Keypress: z
679.5839 	EXP 	New trial (rep=6, index=2): {'leftStreamFlip': False, 'oneTarget': False, 'trialInstructionPos': (0, 1), 'probe': 'both', 'rightStreamFlip': False, 'horizVert': False, 'ISIframes': 2, 'rightResponseFirst': True}
679.6106 	INFO 	numtrials=360 and this trialDurFrames=3 or 50.0 ms  task=T1
680.6113 	EXP 	window1: recordFrameIntervals = False
680.6189 	INFO 	Mouse: using default window
683.4943 	DATA 	Keypress: r
683.9449 	DATA 	Keypress: u
684.7450 	DATA 	Keypress: m
684.8849 	EXP 	New trial (rep=6, index=3): {'leftStreamFlip': False, 'oneTarget': False, 'trialInstructionPos': (0, 1), 'probe': 'both', 'rightStreamFlip': False, 'horizVert': False, 'ISIframes': 2, 'rightResponseFirst': True}
684.9106 	INFO 	numtrials=360 and this trialDurFrames=3 or 50.0 ms  task=T1
685.9111 	EXP 	window1: recordFrameIntervals = False
685.9192 	INFO 	Mouse: using default window
688.2116 	DATA 	Keypress: u
689.0950 	DATA 	Keypress: s
689.5617 	DATA 	Keypress: z
689.7025 	EXP 	New trial (rep=6, index=4): {'leftStreamFlip': False, 'oneTarget': False, 'trialInstructionPos': (0, -1), 'probe': 'both', 'rightStreamFlip': False, 'horizVert': False, 'ISIframes': 2, 'rightResponseFirst': False}
689.7267 	INFO 	numtrials=360 and this trialDurFrames=3 or 50.0 ms  task=T1
690.8941 	EXP 	window1: recordFrameIntervals = False
690.9022 	INFO 	Mouse: using default window
692.8283 	DATA 	Keypress: t
693.7452 	DATA 	Keypress: u
694.6443 	DATA 	Keypress: s
694.7858 	EXP 	New trial (rep=6, index=5): {'leftStreamFlip': False, 'oneTarget': False, 'trialInstructionPos': (0, -1), 'probe': 'both', 'rightStreamFlip': False, 'horizVert': False, 'ISIframes': 2, 'rightResponseFirst': True}
694.8104 	INFO 	numtrials=360 and this trialDurFrames=3 or 50.0 ms  task=T1
695.9441 	EXP 	window1: recordFrameIntervals = False
695.9522 	INFO 	Mouse: using default window
698.3615 	DATA 	Keypress: s
699.6616 	DATA 	Keypress: u
700.4451 	DATA 	Keypress: z
700.5837 	EXP 	New trial (rep=6, index=6): {'leftStreamFlip': False, 'oneTarget': False, 'trialInstructionPos': (0, 1), 'probe': 'both', 'rightStreamFlip': False, 'horizVert': False, 'ISIframes': 2, 'rightResponseFirst': True}
700.6113 	INFO 	numtrials=360 and this trialDurFrames=3 or 50.0 ms  task=T1
701.7446 	EXP 	window1: recordFrameIntervals = False
701.7522 	INFO 	Mouse: using default window
703.2449 	DATA 	Keypress: r
704.2116 	DATA 	Keypress: z
704.6614 	DATA 	Keypress: c
704.8016 	EXP 	New trial (rep=6, index=7): {'leftStreamFlip': False, 'oneTarget': False, 'trialInstructionPos': (0, -1), 'probe': 'both', 'rightStreamFlip': False, 'horizVert': False, 'ISIframes': 2, 'rightResponseFirst': True}
704.8273 	INFO 	numtrials=360 and this trialDurFrames=3 or 50.0 ms  task=T1
705.9775 	EXP 	window1: recordFrameIntervals = False
705.9858 	INFO 	Mouse: using default window
707.5948 	DATA 	Keypress: c
708.5787 	DATA 	Keypress: z
708.9281 	DATA 	Keypress: j
709.0679 	EXP 	New trial (rep=6, index=8): {'leftStreamFlip': False, 'oneTarget': False, 'trialInstructionPos': (0, 1), 'probe': 'both', 'rightStreamFlip': False, 'horizVert': False, 'ISIframes': 2, 'rightResponseFirst': False}
709.0937 	INFO 	numtrials=360 and this trialDurFrames=3 or 50.0 ms  task=T1
710.0941 	EXP 	window1: recordFrameIntervals = False
710.1019 	INFO 	Mouse: using default window
711.9944 	DATA 	Keypress: m
712.9452 	DATA 	Keypress: j
713.8617 	DATA 	Keypress: c
714.0032 	EXP 	New trial (rep=6, index=9): {'leftStreamFlip': False, 'oneTarget': False, 'trialInstructionPos': (0, 1), 'probe': 'both', 'rightStreamFlip': False, 'horizVert': False, 'ISIframes': 2, 'rightResponseFirst': False}
714.0269 	INFO 	numtrials=360 and this trialDurFrames=3 or 50.0 ms  task=T1
715.1274 	EXP 	window1: recordFrameIntervals = False
715.1355 	INFO 	Mouse: using default window
717.1115 	DATA 	Keypress: c
718.0451 	DATA 	Keypress: e
718.5279 	DATA 	Keypress: t
718.6690 	EXP 	New trial (rep=6, index=10): {'leftStreamFlip': False, 'oneTarget': False, 'trialInstructionPos': (0, -1), 'probe': 'both', 'rightStreamFlip': False, 'horizVert': False, 'ISIframes': 2, 'rightResponseFirst': True}
718.6937 	INFO 	numtrials=360 and this trialDurFrames=3 or 50.0 ms  task=T1
719.8608 	EXP 	window1: recordFrameIntervals = False
719.8685 	INFO 	Mouse: using default window
721.6445 	DATA 	Keypress: k
722.9279 	DATA 	Keypress: z
723.6449 	DATA 	Keypress: t
723.7889 	EXP 	New trial (rep=6, index=11): {'leftStreamFlip': False, 'oneTarget': False, 'trialInstructionPos': (0, -1), 'probe': 'both', 'rightStreamFlip': False, 'horizVert': False, 'ISIframes': 2, 'rightResponseFirst': False}
723.8102 	INFO 	numtrials=360 and this trialDurFrames=3 or 50.0 ms  task=T1
724.8108 	EXP 	window1: recordFrameIntervals = False
724.8189 	INFO 	Mouse: using default window
727.1446 	DATA 	Keypress: c
727.8281 	DATA 	Keypress: r
728.5127 	DATA 	Keypress: t
728.6684 	EXP 	New trial (rep=7, index=0): {'leftStreamFlip': False, 'oneTarget': False, 'trialInstructionPos': (0, -1), 'probe': 'both', 'rightStreamFlip': False, 'horizVert': False, 'ISIframes': 2, 'rightResponseFirst': False}
728.6938 	INFO 	numtrials=360 and this trialDurFrames=3 or 50.0 ms  task=T1
729.6948 	EXP 	window1: recordFrameIntervals = False
729.7023 	INFO 	Mouse: using default window
733.1776 	DATA 	Keypress: h
733.7949 	DATA 	Keypress: y
734.2948 	DATA 	Keypress: c
734.4365 	EXP 	New trial (rep=7, index=1): {'leftStreamFlip': False, 'oneTarget': False, 'trialInstructionPos': (0, 1), 'probe': 'both', 'rightStreamFlip': False, 'horizVert': False, 'ISIframes': 2, 'rightResponseFirst': True}
734.4605 	INFO 	numtrials=360 and this trialDurFrames=3 or 50.0 ms  task=T1
735.5442 	EXP 	window1: recordFrameIntervals = False
735.5525 	INFO 	Mouse: using default window
737.7452 	DATA 	Keypress: z
738.6118 	DATA 	Keypress: t
739.1781 	DATA 	Keypress: s
739.3174 	EXP 	New trial (rep=7, index=2): {'leftStreamFlip': False, 'oneTarget': False, 'trialInstructionPos': (0, 1), 'probe': 'both', 'rightStreamFlip': False, 'horizVert': False, 'ISIframes': 2, 'rightResponseFirst': True}
739.3438 	INFO 	numtrials=360 and this trialDurFrames=3 or 50.0 ms  task=T1
740.5115 	EXP 	window1: recordFrameIntervals = False
740.5194 	INFO 	Mouse: using default window
742.3951 	DATA 	Keypress: y
744.6779 	DATA 	Keypress: p
745.1282 	DATA 	Keypress: e
745.2687 	EXP 	New trial (rep=7, index=3): {'leftStreamFlip': False, 'oneTarget': False, 'trialInstructionPos': (0, -1), 'probe': 'both', 'rightStreamFlip': False, 'horizVert': False, 'ISIframes': 2, 'rightResponseFirst': False}
745.2939 	INFO 	numtrials=360 and this trialDurFrames=3 or 50.0 ms  task=T1
746.2942 	EXP 	window1: recordFrameIntervals = False
746.3024 	INFO 	Mouse: using default window
747.8445 	DATA 	Keypress: u
748.5445 	DATA 	Keypress: c
748.8615 	DATA 	Keypress: z
749.0013 	EXP 	New trial (rep=7, index=4): {'leftStreamFlip': False, 'oneTarget': False, 'trialInstructionPos': (0, -1), 'probe': 'both', 'rightStreamFlip': False, 'horizVert': False, 'ISIframes': 2, 'rightResponseFirst': True}
749.0272 	INFO 	numtrials=360 and this trialDurFrames=3 or 50.0 ms  task=T1
750.1947 	EXP 	window1: recordFrameIntervals = False
750.2026 	INFO 	Mouse: using default window
752.3113 	DATA 	Keypress: y
753.0784 	DATA 	Keypress: r
754.8111 	DATA 	Keypress: k
754.9504 	EXP 	New trial (rep=7, index=5): {'leftStreamFlip': False, 'oneTarget': False, 'trialInstructionPos': (0, 1), 'probe': 'both', 'rightStreamFlip': False, 'horizVert': False, 'ISIframes': 2, 'rightResponseFirst': False}
754.9782 	INFO 	numtrials=360 and this trialDurFrames=3 or 50.0 ms  task=T1
756.1447 	EXP 	window1: recordFrameIntervals = False
756.1526 	INFO 	Mouse: using default window
760.1455 	DATA 	Keypress: e
760.9453 	DATA 	Keypress: g
761.5445 	DATA 	Keypress: r
761.6854 	EXP 	New trial (rep=7, index=6): {'leftStreamFlip': False, 'oneTarget': False, 'trialInstructionPos': (0, 1), 'probe': 'both', 'rightStreamFlip': False, 'horizVert': False, 'ISIframes': 2, 'rightResponseFirst': False}
761.7105 	INFO 	numtrials=360 and this trialDurFrames=4 or 66.6666666667 ms  task=T1
762.8442 	EXP 	window1: recordFrameIntervals = False
762.8522 	INFO 	Mouse: using default window
764.2614 	DATA 	Keypress: j
764.9116 	DATA 	Keypress: n
766.0951 	DATA 	Keypress: r
766.2361 	EXP 	New trial (rep=7, index=7): {'leftStreamFlip': False, 'oneTarget': False, 'trialInstructionPos': (0, -1), 'probe': 'both', 'rightStreamFlip': False, 'horizVert': False, 'ISIframes': 2, 'rightResponseFirst': False}
766.2608 	INFO 	numtrials=360 and this trialDurFrames=4 or 66.6666666667 ms  task=T1
767.2609 	EXP 	window1: recordFrameIntervals = False
767.2691 	INFO 	Mouse: using default window
770.1782 	DATA 	Keypress: t
770.9453 	DATA 	Keypress: e
771.3616 	DATA 	Keypress: m
771.5025 	EXP 	New trial (rep=7, index=8): {'leftStreamFlip': False, 'oneTarget': False, 'trialInstructionPos': (0, 1), 'probe': 'both', 'rightStreamFlip': False, 'horizVert': False, 'ISIframes': 2, 'rightResponseFirst': True}
771.5270 	INFO 	numtrials=360 and this trialDurFrames=3 or 50.0 ms  task=T1
772.6608 	EXP 	window1: recordFrameIntervals = False
772.6688 	INFO 	Mouse: using default window
774.9786 	DATA 	Keypress: y
775.8616 	DATA 	Keypress: r
776.1128 	DATA 	Keypress: t
776.2694 	EXP 	New trial (rep=7, index=9): {'leftStreamFlip': False, 'oneTarget': False, 'trialInstructionPos': (0, -1), 'probe': 'both', 'rightStreamFlip': False, 'horizVert': False, 'ISIframes': 2, 'rightResponseFirst': True}
776.2935 	INFO 	numtrials=360 and this trialDurFrames=3 or 50.0 ms  task=T1
777.3110 	EXP 	window1: recordFrameIntervals = False
777.3195 	INFO 	Mouse: using default window
778.5785 	DATA 	Keypress: s
779.4276 	DATA 	Keypress: h
779.7293 	DATA 	Keypress: m
779.8845 	EXP 	New trial (rep=7, index=10): {'leftStreamFlip': False, 'oneTarget': False, 'trialInstructionPos': (0, -1), 'probe': 'both', 'rightStreamFlip': False, 'horizVert': False, 'ISIframes': 2, 'rightResponseFirst': True}
779.9107 	INFO 	numtrials=360 and this trialDurFrames=3 or 50.0 ms  task=T1
780.9942 	EXP 	window1: recordFrameIntervals = False
781.0020 	INFO 	Mouse: using default window
785.5114 	DATA 	Keypress: m
786.4283 	DATA 	Keypress: h
786.7782 	DATA 	Keypress: e
786.9207 	EXP 	New trial (rep=7, index=11): {'leftStreamFlip': False, 'oneTarget': False, 'trialInstructionPos': (0, 1), 'probe': 'both', 'rightStreamFlip': False, 'horizVert': False, 'ISIframes': 2, 'rightResponseFirst': False}
786.9436 	INFO 	numtrials=360 and this trialDurFrames=3 or 50.0 ms  task=T1
787.9449 	EXP 	window1: recordFrameIntervals = False
787.9527 	INFO 	Mouse: using default window
790.1118 	DATA 	Keypress: n
792.2784 	DATA 	Keypress: f
792.7283 	DATA 	Keypress: n
792.8722 	EXP 	New trial (rep=8, index=0): {'leftStreamFlip': False, 'oneTarget': False, 'trialInstructionPos': (0, 1), 'probe': 'both', 'rightStreamFlip': False, 'horizVert': False, 'ISIframes': 2, 'rightResponseFirst': False}
792.8938 	INFO 	numtrials=360 and this trialDurFrames=3 or 50.0 ms  task=T1
794.0109 	EXP 	window1: recordFrameIntervals = False
794.0193 	INFO 	Mouse: using default window
794.9454 	DATA 	Keypress: r
795.7788 	DATA 	Keypress: z
796.1286 	DATA 	Keypress: c
796.2687 	EXP 	New trial (rep=8, index=1): {'leftStreamFlip': False, 'oneTarget': False, 'trialInstructionPos': (0, -1), 'probe': 'both', 'rightStreamFlip': False, 'horizVert': False, 'ISIframes': 2, 'rightResponseFirst': False}
796.2939 	INFO 	numtrials=360 and this trialDurFrames=3 or 50.0 ms  task=T1
797.4278 	EXP 	window1: recordFrameIntervals = False
797.4356 	INFO 	Mouse: using default window
798.7113 	DATA 	Keypress: u
799.5616 	DATA 	Keypress: c
799.9950 	DATA 	Keypress: z
800.1374 	EXP 	New trial (rep=8, index=2): {'leftStreamFlip': False, 'oneTarget': False, 'trialInstructionPos': (0, 1), 'probe': 'both', 'rightStreamFlip': False, 'horizVert': False, 'ISIframes': 2, 'rightResponseFirst': False}
800.1607 	INFO 	numtrials=360 and this trialDurFrames=3 or 50.0 ms  task=T1
801.3109 	EXP 	window1: recordFrameIntervals = False
801.3191 	INFO 	Mouse: using default window
802.8279 	DATA 	Keypress: m
803.3453 	DATA 	Keypress: s
803.7282 	DATA 	Keypress: t
803.8687 	EXP 	New trial (rep=8, index=3): {'leftStreamFlip': False, 'oneTarget': False, 'trialInstructionPos': (0, 1), 'probe': 'both', 'rightStreamFlip': False, 'horizVert': False, 'ISIframes': 2, 'rightResponseFirst': True}
803.8942 	INFO 	numtrials=360 and this trialDurFrames=3 or 50.0 ms  task=T1
804.8942 	EXP 	window1: recordFrameIntervals = False
804.9022 	INFO 	Mouse: using default window
807.4946 	DATA 	Keypress: e
808.5295 	DATA 	Keypress: a
808.8784 	DATA 	Keypress: r
809.0198 	EXP 	New trial (rep=8, index=4): {'leftStreamFlip': False, 'oneTarget': False, 'trialInstructionPos': (0, 1), 'probe': 'both', 'rightStreamFlip': False, 'horizVert': False, 'ISIframes': 2, 'rightResponseFirst': False}
809.0441 	INFO 	numtrials=360 and this trialDurFrames=3 or 50.0 ms  task=T1
810.0942 	EXP 	window1: recordFrameIntervals = False
810.1025 	INFO 	Mouse: using default window
811.5116 	DATA 	Keypress: r
812.2450 	DATA 	Keypress: t
812.5114 	DATA 	Keypress: e
812.6522 	EXP 	New trial (rep=8, index=5): {'leftStreamFlip': False, 'oneTarget': False, 'trialInstructionPos': (0, -1), 'probe': 'both', 'rightStreamFlip': False, 'horizVert': False, 'ISIframes': 2, 'rightResponseFirst': True}
812.6771 	INFO 	numtrials=360 and this trialDurFrames=3 or 50.0 ms  task=T1
813.8111 	EXP 	window1: recordFrameIntervals = False
813.8193 	INFO 	Mouse: using default window
815.6278 	DATA 	Keypress: z
816.6117 	DATA 	Keypress: t
816.9949 	DATA 	Keypress: g
817.1360 	EXP 	New trial (rep=8, index=6): {'leftStreamFlip': False, 'oneTarget': False, 'trialInstructionPos': (0, 1), 'probe': 'both', 'rightStreamFlip': False, 'horizVert': False, 'ISIframes': 2, 'rightResponseFirst': True}
817.1607 	INFO 	numtrials=360 and this trialDurFrames=3 or 50.0 ms  task=T1
818.2447 	EXP 	window1: recordFrameIntervals = False
818.2534 	INFO 	Mouse: using default window
820.4616 	DATA 	Keypress: g
821.3447 	DATA 	Keypress: z
822.1782 	DATA 	Keypress: r
822.3191 	EXP 	New trial (rep=8, index=7): {'leftStreamFlip': False, 'oneTarget': False, 'trialInstructionPos': (0, -1), 'probe': 'both', 'rightStreamFlip': False, 'horizVert': False, 'ISIframes': 2, 'rightResponseFirst': False}
822.3435 	INFO 	numtrials=360 and this trialDurFrames=3 or 50.0 ms  task=T1
823.3443 	EXP 	window1: recordFrameIntervals = False
823.3521 	INFO 	Mouse: using default window
825.2781 	DATA 	Keypress: n
825.7948 	DATA 	Keypress: g
826.2616 	DATA 	Keypress: z
826.4026 	EXP 	New trial (rep=8, index=8): {'leftStreamFlip': False, 'oneTarget': False, 'trialInstructionPos': (0, -1), 'probe': 'both', 'rightStreamFlip': False, 'horizVert': False, 'ISIframes': 2, 'rightResponseFirst': True}
826.4265 	INFO 	numtrials=360 and this trialDurFrames=3 or 50.0 ms  task=T1
827.5612 	EXP 	window1: recordFrameIntervals = False
827.5692 	INFO 	Mouse: using default window
829.4781 	DATA 	Keypress: c
830.0611 	DATA 	Keypress: h
830.7117 	DATA 	Keypress: z
830.8557 	EXP 	New trial (rep=8, index=9): {'leftStreamFlip': False, 'oneTarget': False, 'trialInstructionPos': (0, -1), 'probe': 'both', 'rightStreamFlip': False, 'horizVert': False, 'ISIframes': 2, 'rightResponseFirst': False}
830.8767 	INFO 	numtrials=360 and this trialDurFrames=3 or 50.0 ms  task=T1
832.0114 	EXP 	window1: recordFrameIntervals = False
832.0194 	INFO 	Mouse: using default window
834.6950 	DATA 	Keypress: t
835.1784 	DATA 	Keypress: c
835.4784 	DATA 	Keypress: y
835.6190 	EXP 	New trial (rep=8, index=10): {'leftStreamFlip': False, 'oneTarget': False, 'trialInstructionPos': (0, -1), 'probe': 'both', 'rightStreamFlip': False, 'horizVert': False, 'ISIframes': 2, 'rightResponseFirst': True}
835.6442 	INFO 	numtrials=360 and this trialDurFrames=3 or 50.0 ms  task=T1
836.6443 	EXP 	window1: recordFrameIntervals = False
836.6522 	INFO 	Mouse: using default window
838.2613 	DATA 	Keypress: r
839.0951 	DATA 	Keypress: c
839.4778 	DATA 	Keypress: h
839.6170 	EXP 	New trial (rep=8, index=11): {'leftStreamFlip': False, 'oneTarget': False, 'trialInstructionPos': (0, 1), 'probe': 'both', 'rightStreamFlip': False, 'horizVert': False, 'ISIframes': 2, 'rightResponseFirst': True}
839.6440 	INFO 	numtrials=360 and this trialDurFrames=3 or 50.0 ms  task=T1
840.8278 	EXP 	window1: recordFrameIntervals = False
840.8358 	INFO 	Mouse: using default window
842.1284 	DATA 	Keypress: g
843.0618 	DATA 	Keypress: r
843.5278 	DATA 	Keypress: y
843.6689 	EXP 	New trial (rep=9, index=0): {'leftStreamFlip': False, 'oneTarget': False, 'trialInstructionPos': (0, 1), 'probe': 'both', 'rightStreamFlip': False, 'horizVert': False, 'ISIframes': 2, 'rightResponseFirst': True}
843.6940 	INFO 	numtrials=360 and this trialDurFrames=3 or 50.0 ms  task=T1
844.6609 	EXP 	window1: recordFrameIntervals = False
844.6692 	INFO 	Mouse: using default window
846.4452 	DATA 	Keypress: c
847.5452 	DATA 	Keypress: s
848.2619 	DATA 	Keypress: z
848.4037 	EXP 	New trial (rep=9, index=1): {'leftStreamFlip': False, 'oneTarget': False, 'trialInstructionPos': (0, -1), 'probe': 'both', 'rightStreamFlip': False, 'horizVert': False, 'ISIframes': 2, 'rightResponseFirst': True}
848.4274 	INFO 	numtrials=360 and this trialDurFrames=3 or 50.0 ms  task=T1
849.5443 	EXP 	window1: recordFrameIntervals = False
849.5522 	INFO 	Mouse: using default window
851.5779 	DATA 	Keypress: t
853.0452 	DATA 	Keypress: g
853.5784 	DATA 	Keypress: a
853.7180 	EXP 	New trial (rep=9, index=2): {'leftStreamFlip': False, 'oneTarget': False, 'trialInstructionPos': (0, -1), 'probe': 'both', 'rightStreamFlip': False, 'horizVert': False, 'ISIframes': 2, 'rightResponseFirst': True}
853.7440 	INFO 	numtrials=360 and this trialDurFrames=3 or 50.0 ms  task=T1
854.7944 	EXP 	window1: recordFrameIntervals = False
854.8025 	INFO 	Mouse: using default window
856.2950 	DATA 	Keypress: t
857.0117 	DATA 	Keypress: m
857.4450 	DATA 	Keypress: e
857.5852 	EXP 	New trial (rep=9, index=3): {'leftStreamFlip': False, 'oneTarget': False, 'trialInstructionPos': (0, -1), 'probe': 'both', 'rightStreamFlip': False, 'horizVert': False, 'ISIframes': 2, 'rightResponseFirst': False}
857.6104 	INFO 	numtrials=360 and this trialDurFrames=3 or 50.0 ms  task=T1
858.6944 	EXP 	window1: recordFrameIntervals = False
858.7027 	INFO 	Mouse: using default window
861.6284 	DATA 	Keypress: t
862.4281 	DATA 	Keypress: g
863.0115 	DATA 	Keypress: z
863.1517 	EXP 	New trial (rep=9, index=4): {'leftStreamFlip': False, 'oneTarget': False, 'trialInstructionPos': (0, 1), 'probe': 'both', 'rightStreamFlip': False, 'horizVert': False, 'ISIframes': 2, 'rightResponseFirst': False}
863.1774 	INFO 	numtrials=360 and this trialDurFrames=3 or 50.0 ms  task=T1
864.3611 	EXP 	window1: recordFrameIntervals = False
864.3692 	INFO 	Mouse: using default window
866.0953 	DATA 	Keypress: c
866.7950 	DATA 	Keypress: t
867.3788 	DATA 	Keypress: f
867.5198 	EXP 	New trial (rep=9, index=5): {'leftStreamFlip': False, 'oneTarget': False, 'trialInstructionPos': (0, 1), 'probe': 'both', 'rightStreamFlip': False, 'horizVert': False, 'ISIframes': 2, 'rightResponseFirst': True}
867.5438 	INFO 	numtrials=360 and this trialDurFrames=3 or 50.0 ms  task=T1
868.6610 	EXP 	window1: recordFrameIntervals = False
868.6690 	INFO 	Mouse: using default window
869.7290 	DATA 	Keypress: f
870.9780 	DATA 	Keypress: g
871.7949 	DATA 	Keypress: t
871.9358 	EXP 	New trial (rep=9, index=6): {'leftStreamFlip': False, 'oneTarget': False, 'trialInstructionPos': (0, -1), 'probe': 'both', 'rightStreamFlip': False, 'horizVert': False, 'ISIframes': 2, 'rightResponseFirst': False}
871.9607 	INFO 	numtrials=360 and this trialDurFrames=3 or 50.0 ms  task=T1
873.0447 	EXP 	window1: recordFrameIntervals = False
873.0524 	INFO 	Mouse: using default window
876.2784 	DATA 	Keypress: a
877.0797 	DATA 	Keypress: t
877.5950 	DATA 	Keypress: z
877.7376 	EXP 	New trial (rep=9, index=7): {'leftStreamFlip': False, 'oneTarget': False, 'trialInstructionPos': (0, -1), 'probe': 'both', 'rightStreamFlip': False, 'horizVert': False, 'ISIframes': 2, 'rightResponseFirst': True}
877.7607 	INFO 	numtrials=360 and this trialDurFrames=3 or 50.0 ms  task=T1
878.7776 	EXP 	window1: recordFrameIntervals = False
878.7860 	INFO 	Mouse: using default window
883.3120 	DATA 	Keypress: g
883.5447 	DATA 	Keypress: z
884.4286 	DATA 	Keypress: c
884.5704 	EXP 	New trial (rep=9, index=8): {'leftStreamFlip': False, 'oneTarget': False, 'trialInstructionPos': (0, 1), 'probe': 'both', 'rightStreamFlip': False, 'horizVert': False, 'ISIframes': 2, 'rightResponseFirst': True}
884.5940 	INFO 	numtrials=360 and this trialDurFrames=4 or 66.6666666667 ms  task=T1
885.6610 	EXP 	window1: recordFrameIntervals = False
885.6690 	INFO 	Mouse: using default window
887.1113 	DATA 	Keypress: c
887.9450 	DATA 	Keypress: u
888.4952 	DATA 	Keypress: s
888.6355 	EXP 	New trial (rep=9, index=9): {'leftStreamFlip': False, 'oneTarget': False, 'trialInstructionPos': (0, 1), 'probe': 'both', 'rightStreamFlip': False, 'horizVert': False, 'ISIframes': 2, 'rightResponseFirst': False}
888.6609 	INFO 	numtrials=360 and this trialDurFrames=4 or 66.6666666667 ms  task=T1
889.7610 	EXP 	window1: recordFrameIntervals = False
889.7692 	INFO 	Mouse: using default window
891.5279 	DATA 	Keypress: m
892.2783 	DATA 	Keypress: z
892.7784 	DATA 	Keypress: a
892.9198 	EXP 	New trial (rep=9, index=10): {'leftStreamFlip': False, 'oneTarget': False, 'trialInstructionPos': (0, -1), 'probe': 'both', 'rightStreamFlip': False, 'horizVert': False, 'ISIframes': 2, 'rightResponseFirst': False}
892.9440 	INFO 	numtrials=360 and this trialDurFrames=3 or 50.0 ms  task=T1
894.0445 	EXP 	window1: recordFrameIntervals = False
894.0526 	INFO 	Mouse: using default window
898.3451 	DATA 	Keypress: j
898.6615 	DATA 	Keypress: n
900.2779 	DATA 	Keypress: n
900.4167 	EXP 	New trial (rep=9, index=11): {'leftStreamFlip': False, 'oneTarget': False, 'trialInstructionPos': (0, 1), 'probe': 'both', 'rightStreamFlip': False, 'horizVert': False, 'ISIframes': 2, 'rightResponseFirst': False}
900.4277 	INFO 	numtrials=360 and this trialDurFrames=4 or 66.6666666667 ms  task=T1
901.5610 	EXP 	window1: recordFrameIntervals = False
901.5688 	INFO 	Mouse: using default window
903.3458 	DATA 	Keypress: r
904.2281 	DATA 	Keypress: f
904.8282 	DATA 	Keypress: s
904.9664 	EXP 	New trial (rep=10, index=0): {'leftStreamFlip': False, 'oneTarget': False, 'trialInstructionPos': (0, 1), 'probe': 'both', 'rightStreamFlip': False, 'horizVert': False, 'ISIframes': 2, 'rightResponseFirst': False}
904.9937 	INFO 	numtrials=360 and this trialDurFrames=4 or 66.6666666667 ms  task=T1
906.0277 	EXP 	window1: recordFrameIntervals = False
906.0360 	INFO 	Mouse: using default window
907.5782 	DATA 	Keypress: c
908.4615 	DATA 	Keypress: e
908.9784 	DATA 	Keypress: s
909.1177 	EXP 	New trial (rep=10, index=1): {'leftStreamFlip': False, 'oneTarget': False, 'trialInstructionPos': (0, -1), 'probe': 'both', 'rightStreamFlip': False, 'horizVert': False, 'ISIframes': 2, 'rightResponseFirst': False}
909.1435 	INFO 	numtrials=360 and this trialDurFrames=3 or 50.0 ms  task=T1
910.3283 	EXP 	window1: recordFrameIntervals = False
910.3363 	INFO 	Mouse: using default window
913.3287 	DATA 	Keypress: z
914.1113 	DATA 	Keypress: c
914.5947 	DATA 	Keypress: e
914.7314 	EXP 	New trial (rep=10, index=2): {'leftStreamFlip': False, 'oneTarget': False, 'trialInstructionPos': (0, -1), 'probe': 'both', 'rightStreamFlip': False, 'horizVert': False, 'ISIframes': 2, 'rightResponseFirst': False}
914.7435 	INFO 	numtrials=360 and this trialDurFrames=3 or 50.0 ms  task=T1
915.9111 	EXP 	window1: recordFrameIntervals = False
915.9193 	INFO 	Mouse: using default window
917.5615 	DATA 	Keypress: g
918.4947 	DATA 	Keypress: y
918.8784 	DATA 	Keypress: c
919.0187 	EXP 	New trial (rep=10, index=3): {'leftStreamFlip': False, 'oneTarget': False, 'trialInstructionPos': (0, 1), 'probe': 'both', 'rightStreamFlip': False, 'horizVert': False, 'ISIframes': 2, 'rightResponseFirst': False}
919.0440 	INFO 	numtrials=360 and this trialDurFrames=3 or 50.0 ms  task=T1
920.1447 	EXP 	window1: recordFrameIntervals = False
920.1530 	INFO 	Mouse: using default window
921.7449 	DATA 	Keypress: e
922.5952 	DATA 	Keypress: g
923.2113 	DATA 	Keypress: k
923.3490 	EXP 	New trial (rep=10, index=4): {'leftStreamFlip': False, 'oneTarget': False, 'trialInstructionPos': (0, -1), 'probe': 'both', 'rightStreamFlip': False, 'horizVert': False, 'ISIframes': 2, 'rightResponseFirst': True}
923.3605 	INFO 	numtrials=360 and this trialDurFrames=3 or 50.0 ms  task=T1
924.4611 	EXP 	window1: recordFrameIntervals = False
924.4698 	INFO 	Mouse: using default window
926.1447 	DATA 	Keypress: s
927.2615 	DATA 	Keypress: k
928.0118 	DATA 	Keypress: c
928.1486 	EXP 	New trial (rep=10, index=5): {'leftStreamFlip': False, 'oneTarget': False, 'trialInstructionPos': (0, -1), 'probe': 'both', 'rightStreamFlip': False, 'horizVert': False, 'ISIframes': 2, 'rightResponseFirst': False}
928.1601 	INFO 	numtrials=360 and this trialDurFrames=3 or 50.0 ms  task=T1
929.2278 	EXP 	window1: recordFrameIntervals = False
929.2368 	INFO 	Mouse: using default window
930.6448 	DATA 	Keypress: s
931.4948 	DATA 	Keypress: f
931.9282 	DATA 	Keypress: u
932.0673 	EXP 	New trial (rep=10, index=6): {'leftStreamFlip': False, 'oneTarget': False, 'trialInstructionPos': (0, 1), 'probe': 'both', 'rightStreamFlip': False, 'horizVert': False, 'ISIframes': 2, 'rightResponseFirst': True}
932.0938 	INFO 	numtrials=360 and this trialDurFrames=3 or 50.0 ms  task=T1
933.2945 	EXP 	window1: recordFrameIntervals = False
933.3029 	INFO 	Mouse: using default window
934.3948 	DATA 	Keypress: m
935.3279 	DATA 	Keypress: g
935.8281 	DATA 	Keypress: k
935.9679 	EXP 	New trial (rep=10, index=7): {'leftStreamFlip': False, 'oneTarget': False, 'trialInstructionPos': (0, 1), 'probe': 'both', 'rightStreamFlip': False, 'horizVert': False, 'ISIframes': 2, 'rightResponseFirst': True}
935.9936 	INFO 	numtrials=360 and this trialDurFrames=3 or 50.0 ms  task=T1
936.9780 	EXP 	window1: recordFrameIntervals = False
936.9859 	INFO 	Mouse: using default window
945.1127 	DATA 	Keypress: lctrl
946.4123 	DATA 	Keypress: lshift
946.6618 	DATA 	Keypress: z
946.6802 	INFO 	Stopping at 09:25 on 06 Aug 2018
946.6826 	ERROR 	user aborted experiment on keypress with trials done=127 of 361
946.7004 	INFO 	Program terminating normally.
