0.6998 	WARNING 	Monitor specification not found. Creating a temporary one...
29.3179 	EXP 	Created window1 = Window(allowGUI=False, allowStencil=False, autoLog=True, bitsMode=UNKNOWN, blendMode='avg', color=array([-0.7, -0.7, -0.7]), colorSpace='rgb', fullscr=UNKNOWN, gamma=None, lms=UNKNOWN, monitor=<psychopy.monitors.calibTools.Monitor object at 0x1ECC0050>, name='window1', pos=[0, 0], screen=0, size=array([1920, 1080]), stereo=False, units='deg', useFBO=False, useRetina=False, viewOri=0.0, viewPos=None, viewScale=None, waitBlanking=False, winType='pyglet')
29.3179 	INFO 	Mouse: using default window
29.3183 	EXP 	window1: units = 'norm'
29.3948 	EXP 	Created unnamed ImageStim = ImageStim(autoLog=True, color=array([ 1.,  1.,  1.]), colorSpace='rgb', contrast=1.0, depth=0, flipHoriz=False, flipVert=False, image=str(...), interpolate=False, mask=None, maskParams=None, name='unnamed ImageStim', opacity=1.0, ori=0.0, pos=array([-0.5,  0. ]), size=array([ 1.290625  ,  3.24814815]), texRes=128, units='norm', win=Window(...))
29.4646 	EXP 	Created unnamed ImageStim = ImageStim(autoLog=True, color=array([ 1.,  1.,  1.]), colorSpace='rgb', contrast=1.0, depth=0, flipHoriz=False, flipVert=False, image=str(...), interpolate=False, mask=None, maskParams=None, name='unnamed ImageStim', opacity=1.0, ori=0.0, pos=array([ 0.5,  0. ]), size=array([ 1.290625  ,  3.24814815]), texRes=128, units='norm', win=Window(...))
29.4795 	EXP 	Created OKrespZone = GratingStim(autoDraw=False, autoLog=True, color=array([ 1. ,  0.5,  0.5]), colorSpace='rgb', contrast=1.0, depth=0, interpolate=False, mask='gauss', maskParams=None, name='OKrespZone', opacity=1.0, ori=0.0, phase=array([ 0.,  0.]), pos=array([-0.2 , -0.92]), rgbPedestal=array([ 0.,  0.,  0.]), sf=array([ 0.,  0.]), size=array([ 2.3,  0.2]), tex='sin', texRes=256, units='norm', win=Window(...))
29.6359 	EXP 	unnamed ImageStim: size = (1, 2)
29.6359 	EXP 	unnamed ImageStim: size = (1, 2)
218.1014 	DATA 	Keypress: down
218.9014 	DATA 	Keypress: down
219.5511 	DATA 	Mouse: Left button down, pos=(979,527)
219.6677 	DATA 	Mouse:  Left button up, pos=(979,527)
220.9178 	DATA 	Mouse: Left button down, pos=(808,81)
220.9337 	EXP 	window1: units = 'deg'
220.9342 	EXP 	window1: units = 'norm'
220.9507 	EXP 	Created OKrespZone = GratingStim(autoDraw=False, autoLog=True, color=array([ 1. ,  0.5,  0.5]), colorSpace='rgb', contrast=1.0, depth=0, interpolate=False, mask='gauss', maskParams=None, name='OKrespZone', opacity=1.0, ori=0.0, phase=array([ 0.,  0.]), pos=array([-0.2 , -0.92]), rgbPedestal=array([ 0.,  0.,  0.]), sf=array([ 0.,  0.]), size=array([ 2.3,  0.2]), tex='sin', texRes=256, units='norm', win=Window(...))
221.0539 	EXP 	Created unnamed ImageStim = ImageStim(autoLog=True, color=array([ 1.,  1.,  1.]), colorSpace='rgb', contrast=1.0, depth=0, flipHoriz=False, flipVert=False, image='abgdj\\PISandConsentForm\\consentForm.png', interpolate=False, mask=None, maskParams=None, name='unnamed ImageStim', opacity=1.0, ori=0.0, pos=array([ 0.,  0.]), size=array([ 1.3375    ,  2.97407407]), texRes=128, units='norm', win=Window(...))
221.0949 	EXP 	Created unnamed GratingStim = GratingStim(autoDraw=False, autoLog=True, color=array([ 1. ,  0.5,  0.5]), colorSpace='rgb', contrast=1.0, depth=0, interpolate=False, mask='gauss', maskParams=None, name='unnamed GratingStim', opacity=1.0, ori=0.0, phase=array([ 0.,  0.]), pos=array([-0.2 , -0.42]), rgbPedestal=array([ 0.,  0.,  0.]), sf=array([ 0.,  0.]), size=array([ 0.3,  0.2]), tex='sin', texRes=256, units='norm', win=Window(...))
221.1442 	EXP 	Created unnamed GratingStim = GratingStim(autoDraw=False, autoLog=True, color=array([ 1. ,  0.5,  0.5]), colorSpace='rgb', contrast=1.0, depth=0, interpolate=False, mask='gauss', maskParams=None, name='unnamed GratingStim', opacity=1.0, ori=0.0, phase=array([ 0.,  0.]), pos=array([ 0.1 , -0.42]), rgbPedestal=array([ 0.,  0.,  0.]), sf=array([ 0.,  0.]), size=array([ 0.3,  0.2]), tex='sin', texRes=256, units='norm', win=Window(...))
221.1827 	EXP 	Created unnamed GratingStim = GratingStim(autoDraw=False, autoLog=True, color=array([ 1. ,  0.5,  0.5]), colorSpace='rgb', contrast=1.0, depth=0, interpolate=False, mask='gauss', maskParams=None, name='unnamed GratingStim', opacity=1.0, ori=0.0, phase=array([ 0.,  0.]), pos=array([-0.2 , -0.72]), rgbPedestal=array([ 0.,  0.,  0.]), sf=array([ 0.,  0.]), size=array([ 0.3,  0.2]), tex='sin', texRes=256, units='norm', win=Window(...))
221.2207 	EXP 	Created unnamed GratingStim = GratingStim(autoDraw=False, autoLog=True, color=array([ 1. ,  0.5,  0.5]), colorSpace='rgb', contrast=1.0, depth=0, interpolate=False, mask='gauss', maskParams=None, name='unnamed GratingStim', opacity=1.0, ori=0.0, phase=array([ 0.,  0.]), pos=array([ 0.1 , -0.72]), rgbPedestal=array([ 0.,  0.,  0.]), sf=array([ 0.,  0.]), size=array([ 0.3,  0.2]), tex='sin', texRes=256, units='norm', win=Window(...))
221.2236 	DATA 	Mouse:  Left button up, pos=(809,82)
221.2286 	EXP 	unnamed ImageStim: size = (1.1, 2)
222.5014 	DATA 	Mouse: wheel shift=(0,1), pos=(794,262)
272.4018 	DATA 	Mouse: Left button down, pos=(774,307)
272.5185 	DATA 	Mouse:  Left button up, pos=(774,307)
288.2515 	DATA 	Mouse: Left button down, pos=(774,163)
288.3682 	DATA 	Mouse:  Left button up, pos=(774,163)
289.7845 	DATA 	Mouse: Left button down, pos=(1177,113)
289.9203 	DATA 	Mouse:  Left button up, pos=(1177,113)
290.9180 	DATA 	Mouse: Left button down, pos=(1137,22)
290.9344 	EXP 	window1: units = 'deg'
290.9399 	EXP 	window1: mouseVisible = True
305.7189 	EXP 	Created window1 = Window(allowGUI=False, allowStencil=False, autoLog=True, bitsMode=UNKNOWN, blendMode='avg', color=array([-0.7, -0.7, -0.7]), colorSpace='rgb', fullscr=UNKNOWN, gamma=None, lms=UNKNOWN, monitor=<psychopy.monitors.calibTools.Monitor object at 0x1ECC0050>, name='window1', pos=[0, 0], screen=0, size=array([1920, 1080]), stereo=False, units='deg', useFBO=False, useRetina=False, viewOri=0.0, viewPos=None, viewScale=None, waitBlanking=False, winType='pyglet')
310.1524 	INFO 	#[ PsychoPy2 RuntimeInfoStart ]
  #[[ PsychoPy ]] #---------
    psychopyVersion: 1.84.2
    psychopyHaveExtRush: True
  #[[ Experiment ]] #---------
    experimentAuthor: None
    experimentAuthVersion: None
    experimentRunTime: 2018_08_10 11:16 (Year_Month_Day Hour:Min)
    experimentRunTime.epoch: 1533863779
    experimentScript: psyc1002.py
    experimentScript.digestSHA1: 03993779484d600ea4c1b8cc2288f3d37a5025d5
    experimentScript.directory: U:\PSYC1002\abgdj
  #[[ System ]] #---------
    systemHaveInternetAccess: True
    systemHostName: W5FCYKG2
    systemLocale: English_United States.1252
    systemMemFreeRAM: 4128.79296875
    systemMemTotalRAM: 8076.9453125
    systemPlatform: windowsversion=sys.getwindowsversion(major=6, minor=2, build=9200, platform=2, service_pack='')
    systemPyo.InputDevices: {4: {'host api index': 2, 'latency': 0.008707483299076557, 'default sr': 44100, 'name': u'Realtek ASIO'}}
    systemPyo.OutputDevices: {0: {'host api index': 0, 'latency': 0.09000000357627869, 'default sr': 44100, 'name': u'Microsoft Sound Mapper - Output'}, 1: {'host api index': 0, 'latency': 0.09000000357627869, 'default sr': 44100, 'name': u'Speakers / Headphones (Realtek '}, 2: {'host api index': 1, 'latency': 0.11999999731779099, 'default sr': 44100, 'name': u'Primary Sound Driver'}, 3: {'host api index': 1, 'latency': 0.11999999731779099, 'default sr': 44100, 'name': u'Speakers / Headphones (Realtek High Definition Audio)'}, 4: {'host api index': 2, 'latency': 0.008707483299076557, 'default sr': 44100, 'name': u'Realtek ASIO'}, 5: {'host api index': 3, 'latency': 0.003000000026077032, 'default sr': 48000, 'name': u'Speakers / Headphones (Realtek High Definition Audio)'}}
    systemPyoVersion: 0.8.0
    systemRebooted: System Boot Time:          8/10/2018, 2:30:24 AM
    systemSec.pythonSSL: True
    systemTimeNumpySD1000000_sec: 0.0086
    systemUser: wcai6708
    systemUserID: 1000
    systemUserProcCmdPid: LabStatsUserSpace.exe dwm.exe TiWorker.exe CmRcService.exe nierserver.exe LabStatsClient.exe tagsrv.exe SearchUI.exe DWRCST.EXE ApplicationFrameHost.exe OneDrive.exe nipxism.exe TrustedInstaller.exe niLxiDiscovery.exe SecurityHealthService.exe redirector.exe SearchProtocolHost.exe server_admin.exe pc-client.exe lkads.exe svchost.exe ni_usbmon.exe JKIUpdate.exe AGSService.exe System SISIDSService.exe IntelCpHeciSvc.exe SelfServicePlugin.exe explorer.exe smss.exe ApplicationWebServer.exe RuntimeBroker.exe acrotray.exe IntelCpHDCPSvc.exe niauth_daemon.exe cmd.exe nidmsrv.exe Receiver.exe SISIPSService.exe lktsrv.exe lsass.exe python.exe RtkNGUI64.exe sisipsutil.exe AdobeUpdateService.exe armsvc.exe ssonsvr.exe concentr.exe nidevldu.exe taskhostw.exe ctfmon.exe RAVBg64.exe ''Memory Compression'' NIWebServiceContainer.exe nimxs.exe RtkAudioService64.exe SystemWebServer.exe tasklist.exe snowagent.exe CcmExec.exe SearchFilterHost.exe SmcGui.exe nicitdl5.exe ''System Idle Process'' services.exe niDiscSvc.exe sqlwriter.exe MSASCuiL.exe SCNotification.exe nimdnsResponder.exe server_runtime.exe DWRCS.EXE sihost.exe backgroundTaskHost.exe spoolsv.exe wininit.exe winlogon.exe ShellExperienceHost.exe nidevmon.exe SearchIndexer.exe csrss.exe WmiPrvSE.exe audiodg.exe fontdrvhost.exe dllhost.exe unsecapp.exe ccSvcHst.exe wfcrun32.exe nisvcloc.exe server_eventlog.exe lkcitdl.exe AuthManSvr.exe conhost.exe
    systemUserProcCount: 183
    systemUserProcFlagged: Explorer
    systemUsersCount: False
  #[[ Window ]] #---------
    windowWinType: pyglet
    windowWaitBlanking: False
    windowUseNativeGamma: True
    windowUnits: deg
    windowSize_pix: [1920 1080]
    windowScreen: 0
    windowRgb: [-0.7 -0.7 -0.7]
    windowRefreshTimeSD_ms: 0.165
    windowRefreshTimeMedian_ms: 16.673
    windowRefreshTimeAvg_ms: 16.668
    windowRefreshThreshold_sec: 0.0200
    windowRecordFrameIntervals: False
    windowPos_pix: [0, 0]
    windowMonitor.name: testmonitor
    windowMonitor.getWidth_cm: 57.0
    windowMonitor.getLinearizeMethod: 1
    windowMonitor.getGammaGrid: [[  0.   1.   1.  nan  nan  nan]
 [  0.   1.   1.  nan  nan  nan]
 [  0.   1.   1.  nan  nan  nan]
 [  0.   1.   1.  nan  nan  nan]]
    windowMonitor.getDistance_cm: 57.0
    windowMonitor.gammaInterpolator2: None
    windowMonitor.gammaInterpolator: None
    windowMonitor.currentCalibName: 2018_08_10 11:11
    windowIsFullScr: True
    windowHaveShaders: True
    windowAllowGUI: False
  #[[ Python ]] #---------
    pythonWxVersion: 3.0.2.0 msw (classic)
    pythonVersion: 2.7.11
    pythonScipyVersion: 0.17.1
    pythonPygletVersion: 1.2.4
    pythonPygameVersion: 1.9.2pre
    pythonNumpyVersion: 1.11.0
    pythonMatplotlibVersion: 1.5.1
    pythonFullVersion: 2.7.11 (v2.7.11:6d1b6a68f775, Dec  5 2015, 20:32:19) [MSC v.1500 32 bit (Intel)]
    pythonExecutable: C:\Program Files (x86)\PsychoPy2\python.exe
  #[[ OpenGL ]] #---------
    openGLVersion: 4.5.0 - Build 22.20.16.4836
    openGLVendor: Intel
    openGLRenderingEngine: Intel(R) HD Graphics 530
    openGLmaxVerticesInVertexArray: 1048576
    False: openGLext.GL_STEREO
    True: openGLext.GL_EXT_framebuffer_object
    True: openGLext.GL_ARB_vertex_shader
    True: openGLext.GL_ARB_texture_non_power_of_two
    True: openGLext.GL_ARB_texture_float
    True: openGLext.GL_ARB_shader_objects
    True: openGLext.GL_ARB_multitexture
    True: openGLext.GL_ARB_fragment_program
#[ PsychoPy2 RuntimeInfoEnd ]

310.2011 	EXP 	window1: recordFrameIntervals = True
311.0344 	EXP 	window1: recordFrameIntervals = False
311.0349 	INFO 	Frames per second ~=60.2, which is close enough to desired val of 60.0
311.2438 	EXP 	Created sequence: random, trialTypes=12, nReps=30, seed=None
311.3730 	INFO 	Mouse: using default window
311.3934 	EXP 	Created OKrespZone = GratingStim(autoDraw=False, autoLog=True, color=array([ 1.,  1.,  1.]), colorSpace='rgb', contrast=1.0, depth=0, interpolate=False, mask='gauss', maskParams=None, name='OKrespZone', opacity=1.0, ori=0.0, phase=array([ 0.,  0.]), pos=array([ 0.  ,  0.88]), rgbPedestal=array([ 0.,  0.,  0.]), sf=array([ 0.,  0.]), size=array([ 2. ,  0.2]), tex='sin', texRes=256, units='norm', win=Window(...))
386.4406 	DATA 	Mouse: Left button down, pos=(757,475)
386.5603 	DATA 	Mouse:  Left button up, pos=(757,475)
387.9605 	DATA 	Mouse: Left button down, pos=(955,944)
388.0723 	DATA 	Mouse:  Left button up, pos=(955,944)
390.6166 	DATA 	Mouse: Left button down, pos=(941,956)
390.7444 	DATA 	Mouse:  Left button up, pos=(941,956)
400.8807 	DATA 	Mouse: Left button down, pos=(1313,603)
401.0083 	DATA 	Mouse:  Left button up, pos=(1313,603)
413.3127 	DATA 	Mouse: Left button down, pos=(490,736)
413.4643 	DATA 	Mouse:  Left button up, pos=(490,736)
452.2328 	DATA 	Mouse: Left button down, pos=(727,954)
452.3445 	DATA 	Mouse:  Left button up, pos=(727,954)
454.5847 	DATA 	Mouse: Left button down, pos=(1336,957)
454.6965 	DATA 	Mouse:  Left button up, pos=(1336,957)
458.8815 	DATA 	Mouse: Left button down, pos=(293,391)
458.9925 	DATA 	Mouse:  Left button up, pos=(293,391)
460.2167 	DATA 	Mouse: Left button down, pos=(300,396)
460.3285 	DATA 	Mouse:  Left button up, pos=(300,396)
465.5610 	DATA 	Mouse: Left button down, pos=(323,823)
465.6646 	DATA 	Mouse:  Left button up, pos=(323,823)
468.2969 	DATA 	Mouse: Left button down, pos=(105,830)
468.3605 	DATA 	Mouse:  Left button up, pos=(105,830)
474.5209 	DATA 	Mouse: Left button down, pos=(1501,888)
474.6165 	DATA 	Mouse:  Left button up, pos=(1501,888)
476.5847 	DATA 	Mouse: Left button down, pos=(1729,327)
476.7044 	DATA 	Mouse:  Left button up, pos=(1729,327)
478.8249 	DATA 	Keypress: down
480.0967 	DATA 	Mouse: Left button down, pos=(1117,1016)
480.2165 	DATA 	Mouse:  Left button up, pos=(1117,1016)
480.7526 	DATA 	Mouse: Left button down, pos=(1117,1016)
480.8965 	DATA 	Mouse:  Left button up, pos=(1117,1016)
486.8167 	DATA 	Mouse: Left button down, pos=(925,606)
486.9124 	DATA 	Mouse:  Left button up, pos=(925,606)
488.8088 	DATA 	Mouse: Left button down, pos=(1046,994)
488.8269 	INFO 	Experiment will have 360 trials. Letters will be drawn with superposed noise of 0.00%
488.8407 	EXP 	New trial (rep=0, index=0): {'leftStreamFlip': True, 'oneTarget': True, 'trialInstructionPos': (0, 1), 'probe': 'both', 'rightStreamFlip': True, 'horizVert': False, 'ISIframes': 4, 'rightResponseFirst': False}
488.8408 	INFO 	Starting main part of experiment
488.9860 	DATA 	Mouse:  Left button up, pos=(1046,994)
490.0182 	INFO 	numtrials=360 and this trialDurFrames=54 or 900.0 ms  task=T1
492.5681 	EXP 	window1: recordFrameIntervals = False
492.5782 	INFO 	Mouse: using default window
508.8856 	DATA 	Keypress: s
509.0625 	EXP 	New trial (rep=0, index=1): {'leftStreamFlip': True, 'oneTarget': False, 'trialInstructionPos': (0, 1), 'probe': 'both', 'rightStreamFlip': True, 'horizVert': False, 'ISIframes': 4, 'rightResponseFirst': True}
518.5684 	INFO 	numtrials=360 and this trialDurFrames=42 or 700.0 ms  task=T1
520.8016 	EXP 	window1: recordFrameIntervals = False
520.8086 	INFO 	Mouse: using default window
533.1853 	DATA 	Keypress: c
546.8354 	DATA 	Keypress: f
546.9791 	EXP 	New trial (rep=0, index=2): {'leftStreamFlip': True, 'oneTarget': False, 'trialInstructionPos': (0, -1), 'probe': 'both', 'rightStreamFlip': True, 'horizVert': False, 'ISIframes': 4, 'rightResponseFirst': False}
546.9846 	INFO 	numtrials=360 and this trialDurFrames=34 or 566.666666667 ms  task=T1
549.1683 	EXP 	window1: recordFrameIntervals = False
549.1760 	INFO 	Mouse: using default window
552.4362 	DATA 	Keypress: s
553.3358 	DATA 	Keypress: lwindows
554.6382 	DATA 	Mouse: Left button down, pos=(1075,496)
554.7196 	DATA 	Mouse:  Left button up, pos=(1075,496)
555.3706 	DATA 	Keypress: z
555.5134 	EXP 	New trial (rep=0, index=3): {'leftStreamFlip': True, 'oneTarget': True, 'trialInstructionPos': (0, -1), 'probe': 'both', 'rightStreamFlip': True, 'horizVert': False, 'ISIframes': 4, 'rightResponseFirst': True}
555.5347 	INFO 	numtrials=360 and this trialDurFrames=34 or 566.666666667 ms  task=T1
557.2019 	EXP 	window1: recordFrameIntervals = False
557.2092 	INFO 	Mouse: using default window
560.4357 	DATA 	Keypress: y
560.5778 	EXP 	New trial (rep=0, index=4): {'leftStreamFlip': True, 'oneTarget': False, 'trialInstructionPos': (0, 1), 'probe': 'both', 'rightStreamFlip': True, 'horizVert': False, 'ISIframes': 4, 'rightResponseFirst': False}
568.9186 	INFO 	numtrials=360 and this trialDurFrames=26 or 433.333333333 ms  task=T1
570.4356 	EXP 	window1: recordFrameIntervals = False
570.4428 	INFO 	Mouse: using default window
574.3525 	DATA 	Keypress: u
576.4022 	DATA 	Keypress: r
576.5457 	EXP 	New trial (rep=0, index=5): {'leftStreamFlip': True, 'oneTarget': False, 'trialInstructionPos': (0, -1), 'probe': 'both', 'rightStreamFlip': True, 'horizVert': False, 'ISIframes': 4, 'rightResponseFirst': False}
576.5679 	INFO 	numtrials=360 and this trialDurFrames=6 or 100.0 ms  task=T1
577.7685 	EXP 	window1: recordFrameIntervals = False
577.7756 	INFO 	Mouse: using default window
580.7356 	DATA 	Keypress: y
583.7544 	DATA 	Keypress: j
583.9113 	EXP 	New trial (rep=0, index=6): {'leftStreamFlip': True, 'oneTarget': True, 'trialInstructionPos': (0, 1), 'probe': 'both', 'rightStreamFlip': True, 'horizVert': False, 'ISIframes': 4, 'rightResponseFirst': True}
583.9355 	INFO 	numtrials=360 and this trialDurFrames=6 or 100.0 ms  task=T1
585.1850 	EXP 	window1: recordFrameIntervals = False
585.1932 	INFO 	Mouse: using default window
587.7710 	DATA 	Keypress: f
587.9228 	EXP 	New trial (rep=0, index=7): {'leftStreamFlip': True, 'oneTarget': False, 'trialInstructionPos': (0, -1), 'probe': 'both', 'rightStreamFlip': True, 'horizVert': False, 'ISIframes': 4, 'rightResponseFirst': True}
587.9344 	INFO 	numtrials=360 and this trialDurFrames=6 or 100.0 ms  task=T1
589.1352 	EXP 	window1: recordFrameIntervals = False
589.1428 	INFO 	Mouse: using default window
591.6690 	DATA 	Keypress: e
594.0358 	DATA 	Keypress: m
594.1781 	EXP 	New trial (rep=0, index=8): {'leftStreamFlip': True, 'oneTarget': False, 'trialInstructionPos': (0, 1), 'probe': 'both', 'rightStreamFlip': True, 'horizVert': False, 'ISIframes': 4, 'rightResponseFirst': False}
594.2013 	INFO 	numtrials=360 and this trialDurFrames=6 or 100.0 ms  task=T1
595.3185 	EXP 	window1: recordFrameIntervals = False
595.3257 	INFO 	Mouse: using default window
598.8187 	DATA 	Keypress: u
599.9859 	DATA 	Keypress: m
600.1273 	EXP 	New trial (rep=0, index=9): {'leftStreamFlip': True, 'oneTarget': True, 'trialInstructionPos': (0, -1), 'probe': 'both', 'rightStreamFlip': True, 'horizVert': False, 'ISIframes': 4, 'rightResponseFirst': False}
600.1513 	INFO 	numtrials=360 and this trialDurFrames=6 or 100.0 ms  task=T1
601.3186 	EXP 	window1: recordFrameIntervals = False
601.3264 	INFO 	Mouse: using default window
602.9197 	DATA 	Keypress: g
603.0587 	EXP 	New trial (rep=0, index=10): {'leftStreamFlip': True, 'oneTarget': False, 'trialInstructionPos': (0, 1), 'probe': 'both', 'rightStreamFlip': True, 'horizVert': False, 'ISIframes': 4, 'rightResponseFirst': True}
603.0681 	INFO 	numtrials=360 and this trialDurFrames=6 or 100.0 ms  task=T1
604.1352 	EXP 	window1: recordFrameIntervals = False
604.1426 	INFO 	Mouse: using default window
607.8860 	DATA 	Keypress: h
609.0029 	DATA 	Keypress: n
609.1439 	EXP 	New trial (rep=0, index=11): {'leftStreamFlip': True, 'oneTarget': False, 'trialInstructionPos': (0, -1), 'probe': 'both', 'rightStreamFlip': True, 'horizVert': False, 'ISIframes': 4, 'rightResponseFirst': True}
609.1688 	INFO 	numtrials=360 and this trialDurFrames=5 or 83.3333333333 ms  task=T1
610.3354 	EXP 	window1: recordFrameIntervals = False
610.3427 	INFO 	Mouse: using default window
613.1528 	DATA 	Keypress: g
614.5028 	DATA 	Keypress: k
614.6408 	EXP 	New trial (rep=1, index=0): {'leftStreamFlip': True, 'oneTarget': True, 'trialInstructionPos': (0, -1), 'probe': 'both', 'rightStreamFlip': True, 'horizVert': False, 'ISIframes': 4, 'rightResponseFirst': True}
614.6515 	INFO 	numtrials=360 and this trialDurFrames=5 or 83.3333333333 ms  task=T1
615.7854 	EXP 	window1: recordFrameIntervals = False
615.7928 	INFO 	Mouse: using default window
621.4526 	DATA 	Keypress: h
621.5908 	EXP 	New trial (rep=1, index=1): {'leftStreamFlip': True, 'oneTarget': False, 'trialInstructionPos': (0, -1), 'probe': 'both', 'rightStreamFlip': True, 'horizVert': False, 'ISIframes': 4, 'rightResponseFirst': False}
621.6015 	INFO 	numtrials=360 and this trialDurFrames=6 or 100.0 ms  task=T1
622.8516 	EXP 	window1: recordFrameIntervals = False
622.8599 	INFO 	Mouse: using default window
625.7375 	DATA 	Keypress: c
627.3025 	DATA 	Keypress: n
627.4430 	EXP 	New trial (rep=1, index=2): {'leftStreamFlip': True, 'oneTarget': False, 'trialInstructionPos': (0, 1), 'probe': 'both', 'rightStreamFlip': True, 'horizVert': False, 'ISIframes': 4, 'rightResponseFirst': True}
627.4518 	INFO 	numtrials=360 and this trialDurFrames=6 or 100.0 ms  task=T1
628.6354 	EXP 	window1: recordFrameIntervals = False
628.6428 	INFO 	Mouse: using default window
630.9361 	DATA 	Keypress: g
632.2694 	DATA 	Keypress: m
632.4082 	EXP 	New trial (rep=1, index=3): {'leftStreamFlip': True, 'oneTarget': False, 'trialInstructionPos': (0, -1), 'probe': 'both', 'rightStreamFlip': True, 'horizVert': False, 'ISIframes': 4, 'rightResponseFirst': False}
632.4184 	INFO 	numtrials=360 and this trialDurFrames=6 or 100.0 ms  task=T1
633.6689 	EXP 	window1: recordFrameIntervals = False
633.6762 	INFO 	Mouse: using default window
635.9359 	DATA 	Keypress: n
637.2693 	DATA 	Keypress: y
637.4072 	EXP 	New trial (rep=1, index=4): {'leftStreamFlip': True, 'oneTarget': True, 'trialInstructionPos': (0, 1), 'probe': 'both', 'rightStreamFlip': True, 'horizVert': False, 'ISIframes': 4, 'rightResponseFirst': True}
637.4183 	INFO 	numtrials=360 and this trialDurFrames=6 or 100.0 ms  task=T1
638.5854 	EXP 	window1: recordFrameIntervals = False
638.5931 	INFO 	Mouse: using default window
640.0026 	DATA 	Keypress: r
640.1418 	EXP 	New trial (rep=1, index=5): {'leftStreamFlip': True, 'oneTarget': False, 'trialInstructionPos': (0, 1), 'probe': 'both', 'rightStreamFlip': True, 'horizVert': False, 'ISIframes': 4, 'rightResponseFirst': True}
640.1517 	INFO 	numtrials=360 and this trialDurFrames=5 or 83.3333333333 ms  task=T1
641.1516 	EXP 	window1: recordFrameIntervals = False
641.1598 	INFO 	Mouse: using default window
649.0695 	DATA 	Keypress: k
650.3527 	DATA 	Keypress: n
650.4924 	EXP 	New trial (rep=1, index=6): {'leftStreamFlip': True, 'oneTarget': True, 'trialInstructionPos': (0, 1), 'probe': 'both', 'rightStreamFlip': True, 'horizVert': False, 'ISIframes': 4, 'rightResponseFirst': False}
650.5016 	INFO 	numtrials=360 and this trialDurFrames=5 or 83.3333333333 ms  task=T1
651.6355 	EXP 	window1: recordFrameIntervals = False
651.6429 	INFO 	Mouse: using default window
656.5543 	DATA 	Keypress: h
656.7063 	EXP 	New trial (rep=1, index=7): {'leftStreamFlip': True, 'oneTarget': True, 'trialInstructionPos': (0, -1), 'probe': 'both', 'rightStreamFlip': True, 'horizVert': False, 'ISIframes': 4, 'rightResponseFirst': False}
656.7180 	INFO 	numtrials=360 and this trialDurFrames=5 or 83.3333333333 ms  task=T1
657.8183 	EXP 	window1: recordFrameIntervals = False
657.8261 	INFO 	Mouse: using default window
671.3537 	DATA 	Keypress: y
671.5045 	EXP 	New trial (rep=1, index=8): {'leftStreamFlip': True, 'oneTarget': False, 'trialInstructionPos': (0, 1), 'probe': 'both', 'rightStreamFlip': True, 'horizVert': False, 'ISIframes': 4, 'rightResponseFirst': False}
671.5181 	INFO 	numtrials=360 and this trialDurFrames=5 or 83.3333333333 ms  task=T1
672.6349 	EXP 	window1: recordFrameIntervals = False
672.6431 	INFO 	Mouse: using default window
684.1026 	DATA 	Keypress: s
685.7026 	DATA 	Keypress: z
685.8413 	EXP 	New trial (rep=1, index=9): {'leftStreamFlip': True, 'oneTarget': False, 'trialInstructionPos': (0, 1), 'probe': 'both', 'rightStreamFlip': True, 'horizVert': False, 'ISIframes': 4, 'rightResponseFirst': False}
685.8516 	INFO 	numtrials=360 and this trialDurFrames=6 or 100.0 ms  task=T1
686.8853 	EXP 	window1: recordFrameIntervals = False
686.8929 	INFO 	Mouse: using default window
690.8026 	DATA 	Keypress: n
691.3026 	DATA 	Keypress: h
691.4411 	EXP 	New trial (rep=1, index=10): {'leftStreamFlip': True, 'oneTarget': False, 'trialInstructionPos': (0, -1), 'probe': 'both', 'rightStreamFlip': True, 'horizVert': False, 'ISIframes': 4, 'rightResponseFirst': True}
691.4518 	INFO 	numtrials=360 and this trialDurFrames=6 or 100.0 ms  task=T1
692.4685 	EXP 	window1: recordFrameIntervals = False
692.4758 	INFO 	Mouse: using default window
695.4193 	DATA 	Keypress: u
696.2028 	DATA 	Keypress: y
696.3393 	EXP 	New trial (rep=1, index=11): {'leftStreamFlip': True, 'oneTarget': False, 'trialInstructionPos': (0, -1), 'probe': 'both', 'rightStreamFlip': True, 'horizVert': False, 'ISIframes': 4, 'rightResponseFirst': True}
696.3516 	INFO 	numtrials=360 and this trialDurFrames=5 or 83.3333333333 ms  task=T1
697.4019 	EXP 	window1: recordFrameIntervals = False
697.4101 	INFO 	Mouse: using default window
699.2523 	DATA 	Keypress: m
700.4194 	DATA 	Keypress: a
700.5559 	EXP 	New trial (rep=2, index=0): {'leftStreamFlip': True, 'oneTarget': False, 'trialInstructionPos': (0, -1), 'probe': 'both', 'rightStreamFlip': True, 'horizVert': False, 'ISIframes': 4, 'rightResponseFirst': True}
700.5680 	INFO 	numtrials=360 and this trialDurFrames=5 or 83.3333333333 ms  task=T1
701.6353 	EXP 	window1: recordFrameIntervals = False
701.6433 	INFO 	Mouse: using default window
704.2699 	DATA 	Keypress: y
704.6857 	DATA 	Keypress: d
704.8233 	EXP 	New trial (rep=2, index=1): {'leftStreamFlip': True, 'oneTarget': False, 'trialInstructionPos': (0, -1), 'probe': 'both', 'rightStreamFlip': True, 'horizVert': False, 'ISIframes': 4, 'rightResponseFirst': False}
704.8350 	INFO 	numtrials=360 and this trialDurFrames=5 or 83.3333333333 ms  task=T1
705.8523 	EXP 	window1: recordFrameIntervals = False
705.8597 	INFO 	Mouse: using default window
713.2031 	DATA 	Keypress: g
717.5364 	DATA 	Keypress: i
717.6752 	EXP 	New trial (rep=2, index=2): {'leftStreamFlip': True, 'oneTarget': False, 'trialInstructionPos': (0, 1), 'probe': 'both', 'rightStreamFlip': True, 'horizVert': False, 'ISIframes': 4, 'rightResponseFirst': True}
717.6849 	INFO 	numtrials=360 and this trialDurFrames=5 or 83.3333333333 ms  task=T1
718.8024 	EXP 	window1: recordFrameIntervals = False
718.8104 	INFO 	Mouse: using default window
720.8031 	DATA 	Keypress: h
721.7030 	DATA 	Keypress: e
721.8447 	EXP 	New trial (rep=2, index=3): {'leftStreamFlip': True, 'oneTarget': True, 'trialInstructionPos': (0, -1), 'probe': 'both', 'rightStreamFlip': True, 'horizVert': False, 'ISIframes': 4, 'rightResponseFirst': True}
721.8685 	INFO 	numtrials=360 and this trialDurFrames=5 or 83.3333333333 ms  task=T1
722.9858 	EXP 	window1: recordFrameIntervals = False
722.9930 	INFO 	Mouse: using default window
724.7366 	DATA 	Keypress: z
724.8753 	EXP 	New trial (rep=2, index=4): {'leftStreamFlip': True, 'oneTarget': True, 'trialInstructionPos': (0, 1), 'probe': 'both', 'rightStreamFlip': True, 'horizVert': False, 'ISIframes': 4, 'rightResponseFirst': False}
724.8851 	INFO 	numtrials=360 and this trialDurFrames=5 or 83.3333333333 ms  task=T1
725.9691 	EXP 	window1: recordFrameIntervals = False
725.9770 	INFO 	Mouse: using default window
727.3704 	DATA 	Keypress: g
727.5078 	EXP 	New trial (rep=2, index=5): {'leftStreamFlip': True, 'oneTarget': False, 'trialInstructionPos': (0, 1), 'probe': 'both', 'rightStreamFlip': True, 'horizVert': False, 'ISIframes': 4, 'rightResponseFirst': False}
727.5183 	INFO 	numtrials=360 and this trialDurFrames=5 or 83.3333333333 ms  task=T1
728.7359 	EXP 	window1: recordFrameIntervals = False
728.7432 	INFO 	Mouse: using default window
730.4860 	DATA 	Keypress: e
731.7215 	DATA 	Keypress: e
731.8795 	EXP 	New trial (rep=2, index=6): {'leftStreamFlip': True, 'oneTarget': False, 'trialInstructionPos': (0, 1), 'probe': 'both', 'rightStreamFlip': True, 'horizVert': False, 'ISIframes': 4, 'rightResponseFirst': False}
731.9019 	INFO 	numtrials=360 and this trialDurFrames=5 or 83.3333333333 ms  task=T1
732.9691 	EXP 	window1: recordFrameIntervals = False
732.9764 	INFO 	Mouse: using default window
735.4198 	DATA 	Keypress: e
735.9863 	DATA 	Keypress: h
736.1278 	EXP 	New trial (rep=2, index=7): {'leftStreamFlip': True, 'oneTarget': False, 'trialInstructionPos': (0, -1), 'probe': 'both', 'rightStreamFlip': True, 'horizVert': False, 'ISIframes': 4, 'rightResponseFirst': True}
736.1524 	INFO 	numtrials=360 and this trialDurFrames=5 or 83.3333333333 ms  task=T1
737.1858 	EXP 	window1: recordFrameIntervals = False
737.1932 	INFO 	Mouse: using default window
738.8865 	DATA 	Keypress: y
741.1696 	DATA 	Keypress: z
741.3113 	EXP 	New trial (rep=2, index=8): {'leftStreamFlip': True, 'oneTarget': True, 'trialInstructionPos': (0, 1), 'probe': 'both', 'rightStreamFlip': True, 'horizVert': False, 'ISIframes': 4, 'rightResponseFirst': True}
741.3352 	INFO 	numtrials=360 and this trialDurFrames=5 or 83.3333333333 ms  task=T1
742.4859 	EXP 	window1: recordFrameIntervals = False
742.4933 	INFO 	Mouse: using default window
744.0031 	DATA 	Keypress: m
744.1417 	EXP 	New trial (rep=2, index=9): {'leftStreamFlip': True, 'oneTarget': False, 'trialInstructionPos': (0, 1), 'probe': 'both', 'rightStreamFlip': True, 'horizVert': False, 'ISIframes': 4, 'rightResponseFirst': True}
744.1519 	INFO 	numtrials=360 and this trialDurFrames=5 or 83.3333333333 ms  task=T1
745.3024 	EXP 	window1: recordFrameIntervals = False
745.3100 	INFO 	Mouse: using default window
747.1697 	DATA 	Keypress: z
747.6698 	DATA 	Keypress: b
747.8110 	EXP 	New trial (rep=2, index=10): {'leftStreamFlip': True, 'oneTarget': True, 'trialInstructionPos': (0, -1), 'probe': 'both', 'rightStreamFlip': True, 'horizVert': False, 'ISIframes': 4, 'rightResponseFirst': False}
747.8360 	INFO 	numtrials=360 and this trialDurFrames=5 or 83.3333333333 ms  task=T1
748.8691 	EXP 	window1: recordFrameIntervals = False
748.8765 	INFO 	Mouse: using default window
750.2867 	DATA 	Keypress: e
750.4266 	EXP 	New trial (rep=2, index=11): {'leftStreamFlip': True, 'oneTarget': False, 'trialInstructionPos': (0, -1), 'probe': 'both', 'rightStreamFlip': True, 'horizVert': False, 'ISIframes': 4, 'rightResponseFirst': False}
750.4520 	INFO 	numtrials=360 and this trialDurFrames=5 or 83.3333333333 ms  task=T1
751.6192 	EXP 	window1: recordFrameIntervals = False
751.6265 	INFO 	Mouse: using default window
756.6365 	DATA 	Keypress: n
757.1368 	DATA 	Keypress: r
757.2793 	EXP 	New trial (rep=3, index=0): {'leftStreamFlip': True, 'oneTarget': False, 'trialInstructionPos': (0, 1), 'probe': 'both', 'rightStreamFlip': True, 'horizVert': False, 'ISIframes': 4, 'rightResponseFirst': True}
757.3018 	INFO 	numtrials=360 and this trialDurFrames=5 or 83.3333333333 ms  task=T1
758.4525 	EXP 	window1: recordFrameIntervals = False
758.4602 	INFO 	Mouse: using default window
761.6366 	DATA 	Keypress: e
762.0691 	DATA 	Keypress: k
762.2102 	EXP 	New trial (rep=3, index=1): {'leftStreamFlip': True, 'oneTarget': False, 'trialInstructionPos': (0, -1), 'probe': 'both', 'rightStreamFlip': True, 'horizVert': False, 'ISIframes': 4, 'rightResponseFirst': True}
762.2353 	INFO 	numtrials=360 and this trialDurFrames=5 or 83.3333333333 ms  task=T1
763.3857 	EXP 	window1: recordFrameIntervals = False
763.3934 	INFO 	Mouse: using default window
769.5367 	DATA 	Keypress: e
770.0531 	DATA 	Keypress: s
770.1947 	EXP 	New trial (rep=3, index=2): {'leftStreamFlip': True, 'oneTarget': False, 'trialInstructionPos': (0, -1), 'probe': 'both', 'rightStreamFlip': True, 'horizVert': False, 'ISIframes': 4, 'rightResponseFirst': False}
770.2186 	INFO 	numtrials=360 and this trialDurFrames=5 or 83.3333333333 ms  task=T1
771.3358 	EXP 	window1: recordFrameIntervals = False
771.3439 	INFO 	Mouse: using default window
774.7531 	DATA 	Keypress: s
775.3032 	DATA 	Keypress: g
775.4446 	EXP 	New trial (rep=3, index=3): {'leftStreamFlip': True, 'oneTarget': False, 'trialInstructionPos': (0, 1), 'probe': 'both', 'rightStreamFlip': True, 'horizVert': False, 'ISIframes': 4, 'rightResponseFirst': False}
775.4688 	INFO 	numtrials=360 and this trialDurFrames=5 or 83.3333333333 ms  task=T1
776.4855 	EXP 	window1: recordFrameIntervals = False
776.4938 	INFO 	Mouse: using default window
778.5033 	DATA 	Keypress: e
778.8699 	DATA 	Keypress: g
779.0090 	EXP 	New trial (rep=3, index=4): {'leftStreamFlip': True, 'oneTarget': True, 'trialInstructionPos': (0, 1), 'probe': 'both', 'rightStreamFlip': True, 'horizVert': False, 'ISIframes': 4, 'rightResponseFirst': False}
779.0188 	INFO 	numtrials=360 and this trialDurFrames=5 or 83.3333333333 ms  task=T1
780.1025 	EXP 	window1: recordFrameIntervals = False
780.1100 	INFO 	Mouse: using default window
795.4698 	DATA 	Keypress: r
795.6080 	EXP 	New trial (rep=3, index=5): {'leftStreamFlip': True, 'oneTarget': False, 'trialInstructionPos': (0, -1), 'probe': 'both', 'rightStreamFlip': True, 'horizVert': False, 'ISIframes': 4, 'rightResponseFirst': False}
795.6187 	INFO 	numtrials=360 and this trialDurFrames=5 or 83.3333333333 ms  task=T1
796.7693 	EXP 	window1: recordFrameIntervals = False
796.7769 	INFO 	Mouse: using default window
803.4529 	DATA 	Keypress: u
803.8202 	DATA 	Keypress: i
803.9605 	EXP 	New trial (rep=3, index=6): {'leftStreamFlip': True, 'oneTarget': False, 'trialInstructionPos': (0, 1), 'probe': 'both', 'rightStreamFlip': True, 'horizVert': False, 'ISIframes': 4, 'rightResponseFirst': True}
803.9691 	INFO 	numtrials=360 and this trialDurFrames=5 or 83.3333333333 ms  task=T1
805.1362 	EXP 	window1: recordFrameIntervals = False
805.1441 	INFO 	Mouse: using default window
807.6367 	DATA 	Keypress: m
808.0864 	DATA 	Keypress: r
808.2240 	EXP 	New trial (rep=3, index=7): {'leftStreamFlip': True, 'oneTarget': True, 'trialInstructionPos': (0, -1), 'probe': 'both', 'rightStreamFlip': True, 'horizVert': False, 'ISIframes': 4, 'rightResponseFirst': False}
808.2353 	INFO 	numtrials=360 and this trialDurFrames=5 or 83.3333333333 ms  task=T1
809.4188 	EXP 	window1: recordFrameIntervals = False
809.4270 	INFO 	Mouse: using default window
814.6699 	DATA 	Keypress: r
814.8105 	EXP 	New trial (rep=3, index=8): {'leftStreamFlip': True, 'oneTarget': False, 'trialInstructionPos': (0, -1), 'probe': 'both', 'rightStreamFlip': True, 'horizVert': False, 'ISIframes': 4, 'rightResponseFirst': True}
814.8192 	INFO 	numtrials=360 and this trialDurFrames=5 or 83.3333333333 ms  task=T1
816.0027 	EXP 	window1: recordFrameIntervals = False
816.0102 	INFO 	Mouse: using default window
818.4200 	DATA 	Keypress: n
819.7216 	DATA 	Keypress: c
819.8769 	EXP 	New trial (rep=3, index=9): {'leftStreamFlip': True, 'oneTarget': False, 'trialInstructionPos': (0, 1), 'probe': 'both', 'rightStreamFlip': True, 'horizVert': False, 'ISIframes': 4, 'rightResponseFirst': False}
819.8859 	INFO 	numtrials=360 and this trialDurFrames=5 or 83.3333333333 ms  task=T1
820.9859 	EXP 	window1: recordFrameIntervals = False
820.9934 	INFO 	Mouse: using default window
824.0035 	DATA 	Keypress: g
824.5704 	DATA 	Keypress: z
824.7087 	EXP 	New trial (rep=3, index=10): {'leftStreamFlip': True, 'oneTarget': True, 'trialInstructionPos': (0, -1), 'probe': 'both', 'rightStreamFlip': True, 'horizVert': False, 'ISIframes': 4, 'rightResponseFirst': True}
824.7188 	INFO 	numtrials=360 and this trialDurFrames=5 or 83.3333333333 ms  task=T1
825.8694 	EXP 	window1: recordFrameIntervals = False
825.8768 	INFO 	Mouse: using default window
827.3201 	DATA 	Keypress: c
827.4630 	EXP 	New trial (rep=3, index=11): {'leftStreamFlip': True, 'oneTarget': True, 'trialInstructionPos': (0, 1), 'probe': 'both', 'rightStreamFlip': True, 'horizVert': False, 'ISIframes': 4, 'rightResponseFirst': True}
827.4856 	INFO 	numtrials=360 and this trialDurFrames=5 or 83.3333333333 ms  task=T1
828.5190 	EXP 	window1: recordFrameIntervals = False
828.5271 	INFO 	Mouse: using default window
829.9033 	DATA 	Keypress: s
830.0439 	EXP 	New trial (rep=4, index=0): {'leftStreamFlip': True, 'oneTarget': False, 'trialInstructionPos': (0, 1), 'probe': 'both', 'rightStreamFlip': True, 'horizVert': False, 'ISIframes': 4, 'rightResponseFirst': True}
830.0684 	INFO 	numtrials=360 and this trialDurFrames=5 or 83.3333333333 ms  task=T1
831.0694 	EXP 	window1: recordFrameIntervals = False
831.0768 	INFO 	Mouse: using default window
833.3868 	DATA 	Keypress: r
835.5202 	DATA 	Keypress: z
835.6597 	EXP 	New trial (rep=4, index=1): {'leftStreamFlip': True, 'oneTarget': False, 'trialInstructionPos': (0, 1), 'probe': 'both', 'rightStreamFlip': True, 'horizVert': False, 'ISIframes': 4, 'rightResponseFirst': True}
835.6863 	INFO 	numtrials=360 and this trialDurFrames=5 or 83.3333333333 ms  task=T1
836.7361 	EXP 	window1: recordFrameIntervals = False
836.7435 	INFO 	Mouse: using default window
838.2035 	DATA 	Keypress: z
838.6866 	DATA 	Keypress: m
838.8288 	EXP 	New trial (rep=4, index=2): {'leftStreamFlip': True, 'oneTarget': True, 'trialInstructionPos': (0, -1), 'probe': 'both', 'rightStreamFlip': True, 'horizVert': False, 'ISIframes': 4, 'rightResponseFirst': True}
838.8521 	INFO 	numtrials=360 and this trialDurFrames=5 or 83.3333333333 ms  task=T1
840.0861 	EXP 	window1: recordFrameIntervals = False
840.0936 	INFO 	Mouse: using default window
841.3199 	DATA 	Keypress: g
841.4594 	EXP 	New trial (rep=4, index=3): {'leftStreamFlip': True, 'oneTarget': False, 'trialInstructionPos': (0, -1), 'probe': 'both', 'rightStreamFlip': True, 'horizVert': False, 'ISIframes': 4, 'rightResponseFirst': False}
841.4692 	INFO 	numtrials=360 and this trialDurFrames=5 or 83.3333333333 ms  task=T1
842.5862 	EXP 	window1: recordFrameIntervals = False
842.5941 	INFO 	Mouse: using default window
843.8867 	DATA 	Keypress: y
846.0034 	DATA 	Keypress: y
846.1436 	EXP 	New trial (rep=4, index=4): {'leftStreamFlip': True, 'oneTarget': True, 'trialInstructionPos': (0, -1), 'probe': 'both', 'rightStreamFlip': True, 'horizVert': False, 'ISIframes': 4, 'rightResponseFirst': False}
846.1690 	INFO 	numtrials=360 and this trialDurFrames=5 or 83.3333333333 ms  task=T1
847.3526 	EXP 	window1: recordFrameIntervals = False
847.3607 	INFO 	Mouse: using default window
850.9220 	DATA 	Keypress: r
851.0757 	EXP 	New trial (rep=4, index=5): {'leftStreamFlip': True, 'oneTarget': True, 'trialInstructionPos': (0, 1), 'probe': 'both', 'rightStreamFlip': True, 'horizVert': False, 'ISIframes': 4, 'rightResponseFirst': True}
851.1028 	INFO 	numtrials=360 and this trialDurFrames=6 or 100.0 ms  task=T1
852.1195 	EXP 	window1: recordFrameIntervals = False
852.1269 	INFO 	Mouse: using default window
855.8369 	DATA 	Keypress: s
855.9791 	EXP 	New trial (rep=4, index=6): {'leftStreamFlip': True, 'oneTarget': False, 'trialInstructionPos': (0, 1), 'probe': 'both', 'rightStreamFlip': True, 'horizVert': False, 'ISIframes': 4, 'rightResponseFirst': False}
856.0024 	INFO 	numtrials=360 and this trialDurFrames=6 or 100.0 ms  task=T1
857.0695 	EXP 	window1: recordFrameIntervals = False
857.0770 	INFO 	Mouse: using default window
859.3219 	DATA 	Keypress: f
859.7035 	DATA 	Keypress: r
859.8433 	EXP 	New trial (rep=4, index=7): {'leftStreamFlip': True, 'oneTarget': True, 'trialInstructionPos': (0, 1), 'probe': 'both', 'rightStreamFlip': True, 'horizVert': False, 'ISIframes': 4, 'rightResponseFirst': False}
859.8522 	INFO 	numtrials=360 and this trialDurFrames=6 or 100.0 ms  task=T1
861.0362 	EXP 	window1: recordFrameIntervals = False
861.0435 	INFO 	Mouse: using default window
862.1201 	DATA 	Keypress: m
862.2585 	EXP 	New trial (rep=4, index=8): {'leftStreamFlip': True, 'oneTarget': False, 'trialInstructionPos': (0, -1), 'probe': 'both', 'rightStreamFlip': True, 'horizVert': False, 'ISIframes': 4, 'rightResponseFirst': False}
862.2691 	INFO 	numtrials=360 and this trialDurFrames=6 or 100.0 ms  task=T1
863.3862 	EXP 	window1: recordFrameIntervals = False
863.3942 	INFO 	Mouse: using default window
864.3036 	DATA 	Keypress: g
867.7551 	DATA 	Keypress: g
867.9194 	EXP 	New trial (rep=4, index=9): {'leftStreamFlip': True, 'oneTarget': False, 'trialInstructionPos': (0, -1), 'probe': 'both', 'rightStreamFlip': True, 'horizVert': False, 'ISIframes': 4, 'rightResponseFirst': True}
867.9355 	INFO 	numtrials=360 and this trialDurFrames=6 or 100.0 ms  task=T1
869.0529 	EXP 	window1: recordFrameIntervals = False
869.0602 	INFO 	Mouse: using default window
871.3193 	DATA 	Keypress: m
871.7552 	DATA 	Keypress: g
871.9112 	EXP 	New trial (rep=4, index=10): {'leftStreamFlip': True, 'oneTarget': False, 'trialInstructionPos': (0, -1), 'probe': 'both', 'rightStreamFlip': True, 'horizVert': False, 'ISIframes': 4, 'rightResponseFirst': True}
871.9365 	INFO 	numtrials=360 and this trialDurFrames=6 or 100.0 ms  task=T1
873.1361 	EXP 	window1: recordFrameIntervals = False
873.1437 	INFO 	Mouse: using default window
874.9705 	DATA 	Keypress: i
875.8702 	DATA 	Keypress: n
876.0118 	EXP 	New trial (rep=4, index=11): {'leftStreamFlip': True, 'oneTarget': False, 'trialInstructionPos': (0, 1), 'probe': 'both', 'rightStreamFlip': True, 'horizVert': False, 'ISIframes': 4, 'rightResponseFirst': False}
876.0357 	INFO 	numtrials=360 and this trialDurFrames=6 or 100.0 ms  task=T1
877.2694 	EXP 	window1: recordFrameIntervals = False
877.2769 	INFO 	Mouse: using default window
879.3200 	DATA 	Keypress: n
879.7384 	DATA 	Keypress: h
879.8926 	EXP 	New trial (rep=5, index=0): {'leftStreamFlip': True, 'oneTarget': False, 'trialInstructionPos': (0, -1), 'probe': 'both', 'rightStreamFlip': True, 'horizVert': False, 'ISIframes': 4, 'rightResponseFirst': True}
879.9023 	INFO 	numtrials=360 and this trialDurFrames=6 or 100.0 ms  task=T1
880.9864 	EXP 	window1: recordFrameIntervals = False
880.9938 	INFO 	Mouse: using default window
882.8869 	DATA 	Keypress: z
883.4200 	DATA 	Keypress: a
883.5603 	EXP 	New trial (rep=5, index=1): {'leftStreamFlip': True, 'oneTarget': False, 'trialInstructionPos': (0, 1), 'probe': 'both', 'rightStreamFlip': True, 'horizVert': False, 'ISIframes': 4, 'rightResponseFirst': True}
883.5852 	INFO 	numtrials=360 and this trialDurFrames=5 or 83.3333333333 ms  task=T1
884.6697 	EXP 	window1: recordFrameIntervals = False
884.6773 	INFO 	Mouse: using default window
887.2373 	DATA 	Keypress: u
888.0201 	DATA 	Keypress: h
888.1611 	EXP 	New trial (rep=5, index=2): {'leftStreamFlip': True, 'oneTarget': False, 'trialInstructionPos': (0, -1), 'probe': 'both', 'rightStreamFlip': True, 'horizVert': False, 'ISIframes': 4, 'rightResponseFirst': False}
888.1852 	INFO 	numtrials=360 and this trialDurFrames=5 or 83.3333333333 ms  task=T1
889.2028 	EXP 	window1: recordFrameIntervals = False
889.2104 	INFO 	Mouse: using default window
891.0202 	DATA 	Keypress: r
892.0537 	DATA 	Keypress: i
892.1935 	EXP 	New trial (rep=5, index=3): {'leftStreamFlip': True, 'oneTarget': False, 'trialInstructionPos': (0, 1), 'probe': 'both', 'rightStreamFlip': True, 'horizVert': False, 'ISIframes': 4, 'rightResponseFirst': False}
892.2031 	INFO 	numtrials=360 and this trialDurFrames=5 or 83.3333333333 ms  task=T1
893.3030 	EXP 	window1: recordFrameIntervals = False
893.3105 	INFO 	Mouse: using default window
895.3036 	DATA 	Keypress: e
895.7219 	DATA 	Keypress: a
895.8790 	EXP 	New trial (rep=5, index=4): {'leftStreamFlip': True, 'oneTarget': True, 'trialInstructionPos': (0, 1), 'probe': 'both', 'rightStreamFlip': True, 'horizVert': False, 'ISIframes': 4, 'rightResponseFirst': False}
895.9023 	INFO 	numtrials=360 and this trialDurFrames=5 or 83.3333333333 ms  task=T1
897.1029 	EXP 	window1: recordFrameIntervals = False
897.1111 	INFO 	Mouse: using default window
901.3218 	DATA 	Keypress: a
901.4753 	EXP 	New trial (rep=5, index=5): {'leftStreamFlip': True, 'oneTarget': False, 'trialInstructionPos': (0, -1), 'probe': 'both', 'rightStreamFlip': True, 'horizVert': False, 'ISIframes': 4, 'rightResponseFirst': False}
901.4858 	INFO 	numtrials=360 and this trialDurFrames=5 or 83.3333333333 ms  task=T1
902.6029 	EXP 	window1: recordFrameIntervals = False
902.6110 	INFO 	Mouse: using default window
904.7036 	DATA 	Keypress: a
905.7708 	DATA 	Keypress: f
905.9133 	EXP 	New trial (rep=5, index=6): {'leftStreamFlip': True, 'oneTarget': False, 'trialInstructionPos': (0, -1), 'probe': 'both', 'rightStreamFlip': True, 'horizVert': False, 'ISIframes': 4, 'rightResponseFirst': True}
905.9362 	INFO 	numtrials=360 and this trialDurFrames=5 or 83.3333333333 ms  task=T1
907.1695 	EXP 	window1: recordFrameIntervals = False
907.1775 	INFO 	Mouse: using default window
908.6036 	DATA 	Keypress: m
909.1702 	DATA 	Keypress: a
909.3112 	EXP 	New trial (rep=5, index=7): {'leftStreamFlip': True, 'oneTarget': False, 'trialInstructionPos': (0, 1), 'probe': 'both', 'rightStreamFlip': True, 'horizVert': False, 'ISIframes': 4, 'rightResponseFirst': False}
909.3357 	INFO 	numtrials=360 and this trialDurFrames=5 or 83.3333333333 ms  task=T1
910.5196 	EXP 	window1: recordFrameIntervals = False
910.5270 	INFO 	Mouse: using default window
914.4704 	DATA 	Keypress: m
915.0538 	DATA 	Keypress: t
915.1931 	EXP 	New trial (rep=5, index=8): {'leftStreamFlip': True, 'oneTarget': True, 'trialInstructionPos': (0, 1), 'probe': 'both', 'rightStreamFlip': True, 'horizVert': False, 'ISIframes': 4, 'rightResponseFirst': True}
915.2026 	INFO 	numtrials=360 and this trialDurFrames=5 or 83.3333333333 ms  task=T1
916.3196 	EXP 	window1: recordFrameIntervals = False
916.3275 	INFO 	Mouse: using default window
917.9537 	DATA 	Keypress: m
918.0924 	EXP 	New trial (rep=5, index=9): {'leftStreamFlip': True, 'oneTarget': False, 'trialInstructionPos': (0, 1), 'probe': 'both', 'rightStreamFlip': True, 'horizVert': False, 'ISIframes': 4, 'rightResponseFirst': True}
918.1024 	INFO 	numtrials=360 and this trialDurFrames=5 or 83.3333333333 ms  task=T1
919.2696 	EXP 	window1: recordFrameIntervals = False
919.2776 	INFO 	Mouse: using default window
923.6037 	DATA 	Keypress: f
923.9872 	DATA 	Keypress: t
924.1255 	EXP 	New trial (rep=5, index=10): {'leftStreamFlip': True, 'oneTarget': True, 'trialInstructionPos': (0, -1), 'probe': 'both', 'rightStreamFlip': True, 'horizVert': False, 'ISIframes': 4, 'rightResponseFirst': True}
924.1359 	INFO 	numtrials=360 and this trialDurFrames=5 or 83.3333333333 ms  task=T1
925.1868 	EXP 	window1: recordFrameIntervals = False
925.1947 	INFO 	Mouse: using default window
932.8202 	DATA 	Keypress: y
932.9592 	EXP 	New trial (rep=5, index=11): {'leftStreamFlip': True, 'oneTarget': True, 'trialInstructionPos': (0, -1), 'probe': 'both', 'rightStreamFlip': True, 'horizVert': False, 'ISIframes': 4, 'rightResponseFirst': False}
932.9693 	INFO 	numtrials=360 and this trialDurFrames=5 or 83.3333333333 ms  task=T1
934.1197 	EXP 	window1: recordFrameIntervals = False
934.1275 	INFO 	Mouse: using default window
935.5536 	DATA 	Keypress: m
935.6921 	EXP 	New trial (rep=6, index=0): {'leftStreamFlip': True, 'oneTarget': True, 'trialInstructionPos': (0, -1), 'probe': 'both', 'rightStreamFlip': True, 'horizVert': False, 'ISIframes': 4, 'rightResponseFirst': True}
935.7024 	INFO 	numtrials=360 and this trialDurFrames=5 or 83.3333333333 ms  task=T1
936.7365 	EXP 	window1: recordFrameIntervals = False
936.7442 	INFO 	Mouse: using default window
938.2369 	DATA 	Keypress: a
938.3762 	EXP 	New trial (rep=6, index=1): {'leftStreamFlip': True, 'oneTarget': True, 'trialInstructionPos': (0, 1), 'probe': 'both', 'rightStreamFlip': True, 'horizVert': False, 'ISIframes': 4, 'rightResponseFirst': True}
938.3859 	INFO 	numtrials=360 and this trialDurFrames=5 or 83.3333333333 ms  task=T1
939.5530 	EXP 	window1: recordFrameIntervals = False
939.5607 	INFO 	Mouse: using default window
940.6869 	DATA 	Keypress: k
940.8259 	EXP 	New trial (rep=6, index=2): {'leftStreamFlip': True, 'oneTarget': False, 'trialInstructionPos': (0, -1), 'probe': 'both', 'rightStreamFlip': True, 'horizVert': False, 'ISIframes': 4, 'rightResponseFirst': True}
940.8364 	INFO 	numtrials=360 and this trialDurFrames=6 or 100.0 ms  task=T1
941.9032 	EXP 	window1: recordFrameIntervals = False
941.9107 	INFO 	Mouse: using default window
946.1386 	DATA 	Keypress: k
946.5386 	DATA 	Keypress: y
946.6928 	EXP 	New trial (rep=6, index=3): {'leftStreamFlip': True, 'oneTarget': False, 'trialInstructionPos': (0, 1), 'probe': 'both', 'rightStreamFlip': True, 'horizVert': False, 'ISIframes': 4, 'rightResponseFirst': True}
946.7027 	INFO 	numtrials=360 and this trialDurFrames=6 or 100.0 ms  task=T1
947.8367 	EXP 	window1: recordFrameIntervals = False
947.8442 	INFO 	Mouse: using default window
949.3552 	DATA 	Keypress: m
949.9042 	DATA 	Keypress: u
950.0445 	EXP 	New trial (rep=6, index=4): {'leftStreamFlip': True, 'oneTarget': True, 'trialInstructionPos': (0, -1), 'probe': 'both', 'rightStreamFlip': True, 'horizVert': False, 'ISIframes': 4, 'rightResponseFirst': False}
950.0692 	INFO 	numtrials=360 and this trialDurFrames=5 or 83.3333333333 ms  task=T1
951.1864 	EXP 	window1: recordFrameIntervals = False
951.1947 	INFO 	Mouse: using default window
952.0873 	DATA 	Keypress: z
952.2248 	EXP 	New trial (rep=6, index=5): {'leftStreamFlip': True, 'oneTarget': False, 'trialInstructionPos': (0, 1), 'probe': 'both', 'rightStreamFlip': True, 'horizVert': False, 'ISIframes': 4, 'rightResponseFirst': False}
952.2358 	INFO 	numtrials=360 and this trialDurFrames=5 or 83.3333333333 ms  task=T1
953.4531 	EXP 	window1: recordFrameIntervals = False
953.4605 	INFO 	Mouse: using default window
955.6372 	DATA 	Keypress: t
956.6369 	DATA 	Keypress: r
956.7773 	EXP 	New trial (rep=6, index=6): {'leftStreamFlip': True, 'oneTarget': True, 'trialInstructionPos': (0, 1), 'probe': 'both', 'rightStreamFlip': True, 'horizVert': False, 'ISIframes': 4, 'rightResponseFirst': False}
956.7863 	INFO 	numtrials=360 and this trialDurFrames=5 or 83.3333333333 ms  task=T1
957.9364 	EXP 	window1: recordFrameIntervals = False
957.9439 	INFO 	Mouse: using default window
959.0537 	DATA 	Keypress: e
959.1936 	EXP 	New trial (rep=6, index=7): {'leftStreamFlip': True, 'oneTarget': False, 'trialInstructionPos': (0, -1), 'probe': 'both', 'rightStreamFlip': True, 'horizVert': False, 'ISIframes': 4, 'rightResponseFirst': False}
959.2194 	INFO 	numtrials=360 and this trialDurFrames=5 or 83.3333333333 ms  task=T1
960.3199 	EXP 	window1: recordFrameIntervals = False
960.3275 	INFO 	Mouse: using default window
962.2870 	DATA 	Keypress: z
962.7370 	DATA 	Keypress: t
962.8778 	EXP 	New trial (rep=6, index=8): {'leftStreamFlip': True, 'oneTarget': False, 'trialInstructionPos': (0, 1), 'probe': 'both', 'rightStreamFlip': True, 'horizVert': False, 'ISIframes': 4, 'rightResponseFirst': False}
962.8866 	INFO 	numtrials=360 and this trialDurFrames=5 or 83.3333333333 ms  task=T1
963.9365 	EXP 	window1: recordFrameIntervals = False
963.9442 	INFO 	Mouse: using default window
965.9038 	DATA 	Keypress: g
966.3037 	DATA 	Keypress: t
966.4444 	EXP 	New trial (rep=6, index=9): {'leftStreamFlip': True, 'oneTarget': False, 'trialInstructionPos': (0, -1), 'probe': 'both', 'rightStreamFlip': True, 'horizVert': False, 'ISIframes': 4, 'rightResponseFirst': True}
966.4693 	INFO 	numtrials=360 and this trialDurFrames=5 or 83.3333333333 ms  task=T1
967.6196 	EXP 	window1: recordFrameIntervals = False
967.6274 	INFO 	Mouse: using default window
974.2870 	DATA 	Keypress: g
974.6370 	DATA 	Keypress: h
974.7789 	EXP 	New trial (rep=6, index=10): {'leftStreamFlip': True, 'oneTarget': False, 'trialInstructionPos': (0, 1), 'probe': 'both', 'rightStreamFlip': True, 'horizVert': False, 'ISIframes': 4, 'rightResponseFirst': True}
974.8026 	INFO 	numtrials=360 and this trialDurFrames=5 or 83.3333333333 ms  task=T1
975.9532 	EXP 	window1: recordFrameIntervals = False
975.9614 	INFO 	Mouse: using default window
977.3871 	DATA 	Keypress: y
977.7062 	DATA 	Keypress: e
977.8599 	EXP 	New trial (rep=6, index=11): {'leftStreamFlip': True, 'oneTarget': False, 'trialInstructionPos': (0, -1), 'probe': 'both', 'rightStreamFlip': True, 'horizVert': False, 'ISIframes': 4, 'rightResponseFirst': False}
977.8694 	INFO 	numtrials=360 and this trialDurFrames=5 or 83.3333333333 ms  task=T1
979.1033 	EXP 	window1: recordFrameIntervals = False
979.1111 	INFO 	Mouse: using default window
982.7372 	DATA 	Keypress: k
983.1371 	DATA 	Keypress: t
983.2776 	EXP 	New trial (rep=7, index=0): {'leftStreamFlip': True, 'oneTarget': False, 'trialInstructionPos': (0, 1), 'probe': 'both', 'rightStreamFlip': True, 'horizVert': False, 'ISIframes': 4, 'rightResponseFirst': False}
983.3035 	INFO 	numtrials=360 and this trialDurFrames=5 or 83.3333333333 ms  task=T1
984.4363 	EXP 	window1: recordFrameIntervals = False
984.4447 	INFO 	Mouse: using default window
987.2539 	DATA 	Keypress: r
987.6041 	DATA 	Keypress: y
987.7429 	EXP 	New trial (rep=7, index=1): {'leftStreamFlip': True, 'oneTarget': True, 'trialInstructionPos': (0, -1), 'probe': 'both', 'rightStreamFlip': True, 'horizVert': False, 'ISIframes': 4, 'rightResponseFirst': True}
987.7533 	INFO 	numtrials=360 and this trialDurFrames=5 or 83.3333333333 ms  task=T1
988.8532 	EXP 	window1: recordFrameIntervals = False
988.8607 	INFO 	Mouse: using default window
991.1872 	DATA 	Keypress: d
991.3276 	EXP 	New trial (rep=7, index=2): {'leftStreamFlip': True, 'oneTarget': False, 'trialInstructionPos': (0, -1), 'probe': 'both', 'rightStreamFlip': True, 'horizVert': False, 'ISIframes': 4, 'rightResponseFirst': True}
991.3358 	INFO 	numtrials=360 and this trialDurFrames=5 or 83.3333333333 ms  task=T1
992.3365 	EXP 	window1: recordFrameIntervals = False
992.3443 	INFO 	Mouse: using default window
994.0541 	DATA 	Keypress: k
994.8375 	DATA 	Keypress: r
994.9782 	EXP 	New trial (rep=7, index=3): {'leftStreamFlip': True, 'oneTarget': True, 'trialInstructionPos': (0, -1), 'probe': 'both', 'rightStreamFlip': True, 'horizVert': False, 'ISIframes': 4, 'rightResponseFirst': False}
994.9876 	INFO 	numtrials=360 and this trialDurFrames=5 or 83.3333333333 ms  task=T1
996.0032 	EXP 	window1: recordFrameIntervals = False
996.0113 	INFO 	Mouse: using default window
998.8205 	DATA 	Keypress: l
998.9600 	EXP 	New trial (rep=7, index=4): {'leftStreamFlip': True, 'oneTarget': True, 'trialInstructionPos': (0, 1), 'probe': 'both', 'rightStreamFlip': True, 'horizVert': False, 'ISIframes': 4, 'rightResponseFirst': True}
998.9866 	INFO 	numtrials=360 and this trialDurFrames=5 or 83.3333333333 ms  task=T1
1000.1031 	EXP 	window1: recordFrameIntervals = False
1000.1111 	INFO 	Mouse: using default window
1001.5039 	DATA 	Keypress: h
1001.6440 	EXP 	New trial (rep=7, index=5): {'leftStreamFlip': True, 'oneTarget': False, 'trialInstructionPos': (0, 1), 'probe': 'both', 'rightStreamFlip': True, 'horizVert': False, 'ISIframes': 4, 'rightResponseFirst': False}
1001.6531 	INFO 	numtrials=360 and this trialDurFrames=5 or 83.3333333333 ms  task=T1
1002.7868 	EXP 	window1: recordFrameIntervals = False
1002.7945 	INFO 	Mouse: using default window
1004.9554 	DATA 	Keypress: r
1005.3037 	DATA 	Keypress: a
1005.4427 	EXP 	New trial (rep=7, index=6): {'leftStreamFlip': True, 'oneTarget': False, 'trialInstructionPos': (0, -1), 'probe': 'both', 'rightStreamFlip': True, 'horizVert': False, 'ISIframes': 4, 'rightResponseFirst': False}
1005.4527 	INFO 	numtrials=360 and this trialDurFrames=5 or 83.3333333333 ms  task=T1
1006.4865 	EXP 	window1: recordFrameIntervals = False
1006.4940 	INFO 	Mouse: using default window
1008.7204 	DATA 	Keypress: e
1009.4704 	DATA 	Keypress: c
1009.6097 	EXP 	New trial (rep=7, index=7): {'leftStreamFlip': True, 'oneTarget': False, 'trialInstructionPos': (0, -1), 'probe': 'both', 'rightStreamFlip': True, 'horizVert': False, 'ISIframes': 4, 'rightResponseFirst': True}
1009.6194 	INFO 	numtrials=360 and this trialDurFrames=5 or 83.3333333333 ms  task=T1
1010.7199 	EXP 	window1: recordFrameIntervals = False
1010.7275 	INFO 	Mouse: using default window
1011.9872 	DATA 	Keypress: k
1012.4040 	DATA 	Keypress: h
1012.5433 	EXP 	New trial (rep=7, index=8): {'leftStreamFlip': True, 'oneTarget': False, 'trialInstructionPos': (0, 1), 'probe': 'both', 'rightStreamFlip': True, 'horizVert': False, 'ISIframes': 4, 'rightResponseFirst': True}
1012.5530 	INFO 	numtrials=360 and this trialDurFrames=5 or 83.3333333333 ms  task=T1
1013.7701 	EXP 	window1: recordFrameIntervals = False
1013.7776 	INFO 	Mouse: using default window
1015.7557 	DATA 	Keypress: r
1016.2541 	DATA 	Keypress: h
1016.3936 	EXP 	New trial (rep=7, index=9): {'leftStreamFlip': True, 'oneTarget': False, 'trialInstructionPos': (0, 1), 'probe': 'both', 'rightStreamFlip': True, 'horizVert': False, 'ISIframes': 4, 'rightResponseFirst': True}
1016.4029 	INFO 	numtrials=360 and this trialDurFrames=5 or 83.3333333333 ms  task=T1
1017.4699 	EXP 	window1: recordFrameIntervals = False
1017.4772 	INFO 	Mouse: using default window
1018.7206 	DATA 	Keypress: r
1019.7555 	DATA 	Keypress: n
1019.9103 	EXP 	New trial (rep=7, index=10): {'leftStreamFlip': True, 'oneTarget': False, 'trialInstructionPos': (0, -1), 'probe': 'both', 'rightStreamFlip': True, 'horizVert': False, 'ISIframes': 4, 'rightResponseFirst': False}
1019.9366 	INFO 	numtrials=360 and this trialDurFrames=5 or 83.3333333333 ms  task=T1
1021.1034 	EXP 	window1: recordFrameIntervals = False
1021.1109 	INFO 	Mouse: using default window
1023.3231 	DATA 	Keypress: i
1024.1543 	DATA 	Keypress: s
1024.2953 	EXP 	New trial (rep=7, index=11): {'leftStreamFlip': True, 'oneTarget': True, 'trialInstructionPos': (0, 1), 'probe': 'both', 'rightStreamFlip': True, 'horizVert': False, 'ISIframes': 4, 'rightResponseFirst': False}
1024.3196 	INFO 	numtrials=360 and this trialDurFrames=5 or 83.3333333333 ms  task=T1
1025.3699 	EXP 	window1: recordFrameIntervals = False
1025.3774 	INFO 	Mouse: using default window
1026.4372 	DATA 	Keypress: h
1026.5755 	EXP 	New trial (rep=8, index=0): {'leftStreamFlip': True, 'oneTarget': True, 'trialInstructionPos': (0, -1), 'probe': 'both', 'rightStreamFlip': True, 'horizVert': False, 'ISIframes': 4, 'rightResponseFirst': True}
1026.5860 	INFO 	numtrials=360 and this trialDurFrames=5 or 83.3333333333 ms  task=T1
1027.5866 	EXP 	window1: recordFrameIntervals = False
1027.5940 	INFO 	Mouse: using default window
1028.7540 	DATA 	Keypress: n
1028.8969 	EXP 	New trial (rep=8, index=1): {'leftStreamFlip': True, 'oneTarget': True, 'trialInstructionPos': (0, -1), 'probe': 'both', 'rightStreamFlip': True, 'horizVert': False, 'ISIframes': 4, 'rightResponseFirst': False}
1028.9193 	INFO 	numtrials=360 and this trialDurFrames=5 or 83.3333333333 ms  task=T1
1030.0367 	EXP 	window1: recordFrameIntervals = False
1030.0440 	INFO 	Mouse: using default window
1034.0372 	DATA 	Keypress: b
1034.1761 	EXP 	New trial (rep=8, index=2): {'leftStreamFlip': True, 'oneTarget': False, 'trialInstructionPos': (0, -1), 'probe': 'both', 'rightStreamFlip': True, 'horizVert': False, 'ISIframes': 4, 'rightResponseFirst': True}
1034.1861 	INFO 	numtrials=360 and this trialDurFrames=5 or 83.3333333333 ms  task=T1
1035.4200 	EXP 	window1: recordFrameIntervals = False
1035.4276 	INFO 	Mouse: using default window
1037.9374 	DATA 	Keypress: r
1038.4040 	DATA 	Keypress: u
1038.5432 	EXP 	New trial (rep=8, index=3): {'leftStreamFlip': True, 'oneTarget': False, 'trialInstructionPos': (0, 1), 'probe': 'both', 'rightStreamFlip': True, 'horizVert': False, 'ISIframes': 4, 'rightResponseFirst': False}
1038.5530 	INFO 	numtrials=360 and this trialDurFrames=5 or 83.3333333333 ms  task=T1
1039.7534 	EXP 	window1: recordFrameIntervals = False
1039.7617 	INFO 	Mouse: using default window
1041.2709 	DATA 	Keypress: m
1042.1205 	DATA 	Keypress: a
1042.2608 	EXP 	New trial (rep=8, index=4): {'leftStreamFlip': True, 'oneTarget': False, 'trialInstructionPos': (0, -1), 'probe': 'both', 'rightStreamFlip': True, 'horizVert': False, 'ISIframes': 4, 'rightResponseFirst': False}
1042.2701 	INFO 	numtrials=360 and this trialDurFrames=5 or 83.3333333333 ms  task=T1
1043.4200 	EXP 	window1: recordFrameIntervals = False
1043.4281 	INFO 	Mouse: using default window
1045.3224 	DATA 	Keypress: e
1045.6705 	DATA 	Keypress: z
1045.8111 	EXP 	New trial (rep=8, index=5): {'leftStreamFlip': True, 'oneTarget': False, 'trialInstructionPos': (0, 1), 'probe': 'both', 'rightStreamFlip': True, 'horizVert': False, 'ISIframes': 4, 'rightResponseFirst': False}
1045.8195 	INFO 	numtrials=360 and this trialDurFrames=5 or 83.3333333333 ms  task=T1
1047.0200 	EXP 	window1: recordFrameIntervals = False
1047.0276 	INFO 	Mouse: using default window
1048.6541 	DATA 	Keypress: a
1049.0542 	DATA 	Keypress: g
1049.1947 	EXP 	New trial (rep=8, index=6): {'leftStreamFlip': True, 'oneTarget': False, 'trialInstructionPos': (0, -1), 'probe': 'both', 'rightStreamFlip': True, 'horizVert': False, 'ISIframes': 4, 'rightResponseFirst': False}
1049.2039 	INFO 	numtrials=360 and this trialDurFrames=5 or 83.3333333333 ms  task=T1
1050.3534 	EXP 	window1: recordFrameIntervals = False
1050.3614 	INFO 	Mouse: using default window
1051.6707 	DATA 	Keypress: y
1052.4873 	DATA 	Keypress: e
1052.6272 	EXP 	New trial (rep=8, index=7): {'leftStreamFlip': True, 'oneTarget': False, 'trialInstructionPos': (0, 1), 'probe': 'both', 'rightStreamFlip': True, 'horizVert': False, 'ISIframes': 4, 'rightResponseFirst': True}
1052.6538 	INFO 	numtrials=360 and this trialDurFrames=5 or 83.3333333333 ms  task=T1
1053.6534 	EXP 	window1: recordFrameIntervals = False
1053.6612 	INFO 	Mouse: using default window
1056.5065 	DATA 	Keypress: u
1056.9210 	DATA 	Keypress: k
1057.0622 	EXP 	New trial (rep=8, index=8): {'leftStreamFlip': True, 'oneTarget': True, 'trialInstructionPos': (0, 1), 'probe': 'both', 'rightStreamFlip': True, 'horizVert': False, 'ISIframes': 4, 'rightResponseFirst': False}
1057.0862 	INFO 	numtrials=360 and this trialDurFrames=5 or 83.3333333333 ms  task=T1
1058.0868 	EXP 	window1: recordFrameIntervals = False
1058.0943 	INFO 	Mouse: using default window
1060.5041 	DATA 	Keypress: d
1060.6459 	EXP 	New trial (rep=8, index=9): {'leftStreamFlip': True, 'oneTarget': False, 'trialInstructionPos': (0, -1), 'probe': 'both', 'rightStreamFlip': True, 'horizVert': False, 'ISIframes': 4, 'rightResponseFirst': True}
1060.6694 	INFO 	numtrials=360 and this trialDurFrames=5 or 83.3333333333 ms  task=T1
1061.7535 	EXP 	window1: recordFrameIntervals = False
1061.7617 	INFO 	Mouse: using default window
1063.1042 	DATA 	Keypress: n
1063.4875 	DATA 	Keypress: j
1063.6284 	EXP 	New trial (rep=8, index=10): {'leftStreamFlip': True, 'oneTarget': True, 'trialInstructionPos': (0, 1), 'probe': 'both', 'rightStreamFlip': True, 'horizVert': False, 'ISIframes': 4, 'rightResponseFirst': True}
1063.6528 	INFO 	numtrials=360 and this trialDurFrames=5 or 83.3333333333 ms  task=T1
1064.8367 	EXP 	window1: recordFrameIntervals = False
1064.8442 	INFO 	Mouse: using default window
1066.5712 	DATA 	Keypress: o
1066.7082 	EXP 	New trial (rep=8, index=11): {'leftStreamFlip': True, 'oneTarget': False, 'trialInstructionPos': (0, 1), 'probe': 'both', 'rightStreamFlip': True, 'horizVert': False, 'ISIframes': 4, 'rightResponseFirst': True}
1066.7198 	INFO 	numtrials=360 and this trialDurFrames=5 or 83.3333333333 ms  task=T1
1067.7369 	EXP 	window1: recordFrameIntervals = False
1067.7444 	INFO 	Mouse: using default window
1070.9546 	DATA 	Keypress: f
1071.3203 	DATA 	Keypress: k
1071.4595 	EXP 	New trial (rep=9, index=0): {'leftStreamFlip': True, 'oneTarget': False, 'trialInstructionPos': (0, -1), 'probe': 'both', 'rightStreamFlip': True, 'horizVert': False, 'ISIframes': 4, 'rightResponseFirst': True}
1071.4694 	INFO 	numtrials=360 and this trialDurFrames=5 or 83.3333333333 ms  task=T1
1072.6701 	EXP 	window1: recordFrameIntervals = False
1072.6781 	INFO 	Mouse: using default window
1073.8542 	DATA 	Keypress: y
1074.2541 	DATA 	Keypress: m
1074.3976 	EXP 	New trial (rep=9, index=1): {'leftStreamFlip': True, 'oneTarget': False, 'trialInstructionPos': (0, 1), 'probe': 'both', 'rightStreamFlip': True, 'horizVert': False, 'ISIframes': 4, 'rightResponseFirst': True}
1074.4195 	INFO 	numtrials=360 and this trialDurFrames=5 or 83.3333333333 ms  task=T1
1075.5697 	EXP 	window1: recordFrameIntervals = False
1075.5783 	INFO 	Mouse: using default window
1078.3375 	DATA 	Keypress: f
1078.5394 	DATA 	Keypress: e
1078.6955 	EXP 	New trial (rep=9, index=2): {'leftStreamFlip': True, 'oneTarget': False, 'trialInstructionPos': (0, 1), 'probe': 'both', 'rightStreamFlip': True, 'horizVert': False, 'ISIframes': 4, 'rightResponseFirst': False}
1078.7196 	INFO 	numtrials=360 and this trialDurFrames=5 or 83.3333333333 ms  task=T1
1079.7535 	EXP 	window1: recordFrameIntervals = False
1079.7611 	INFO 	Mouse: using default window
1083.1041 	DATA 	Keypress: r
1083.4208 	DATA 	Keypress: f
1083.5599 	EXP 	New trial (rep=9, index=3): {'leftStreamFlip': True, 'oneTarget': False, 'trialInstructionPos': (0, 1), 'probe': 'both', 'rightStreamFlip': True, 'horizVert': False, 'ISIframes': 4, 'rightResponseFirst': True}
1083.5696 	INFO 	numtrials=360 and this trialDurFrames=5 or 83.3333333333 ms  task=T1
1084.7867 	EXP 	window1: recordFrameIntervals = False
1084.7941 	INFO 	Mouse: using default window
1086.1875 	DATA 	Keypress: z
1086.5712 	DATA 	Keypress: g
1086.7104 	EXP 	New trial (rep=9, index=4): {'leftStreamFlip': True, 'oneTarget': False, 'trialInstructionPos': (0, -1), 'probe': 'both', 'rightStreamFlip': True, 'horizVert': False, 'ISIframes': 4, 'rightResponseFirst': True}
1086.7197 	INFO 	numtrials=360 and this trialDurFrames=5 or 83.3333333333 ms  task=T1
1087.7868 	EXP 	window1: recordFrameIntervals = False
1087.7945 	INFO 	Mouse: using default window
1089.2041 	DATA 	Keypress: h
1089.4707 	DATA 	Keypress: r
1089.6114 	EXP 	New trial (rep=9, index=5): {'leftStreamFlip': True, 'oneTarget': True, 'trialInstructionPos': (0, 1), 'probe': 'both', 'rightStreamFlip': True, 'horizVert': False, 'ISIframes': 4, 'rightResponseFirst': True}
1089.6358 	INFO 	numtrials=360 and this trialDurFrames=5 or 83.3333333333 ms  task=T1
1090.8700 	EXP 	window1: recordFrameIntervals = False
1090.8777 	INFO 	Mouse: using default window
1092.0874 	DATA 	Keypress: e
1092.2278 	EXP 	New trial (rep=9, index=6): {'leftStreamFlip': True, 'oneTarget': True, 'trialInstructionPos': (0, -1), 'probe': 'both', 'rightStreamFlip': True, 'horizVert': False, 'ISIframes': 4, 'rightResponseFirst': True}
1092.2362 	INFO 	numtrials=360 and this trialDurFrames=5 or 83.3333333333 ms  task=T1
1093.3536 	EXP 	window1: recordFrameIntervals = False
1093.3611 	INFO 	Mouse: using default window
1094.5052 	DATA 	Keypress: a
1094.6430 	EXP 	New trial (rep=9, index=7): {'leftStreamFlip': True, 'oneTarget': False, 'trialInstructionPos': (0, -1), 'probe': 'both', 'rightStreamFlip': True, 'horizVert': False, 'ISIframes': 4, 'rightResponseFirst': False}
1094.6532 	INFO 	numtrials=360 and this trialDurFrames=5 or 83.3333333333 ms  task=T1
1095.8702 	EXP 	window1: recordFrameIntervals = False
1095.8777 	INFO 	Mouse: using default window
1097.1709 	DATA 	Keypress: y
1097.7545 	DATA 	Keypress: s
1097.8936 	EXP 	New trial (rep=9, index=8): {'leftStreamFlip': True, 'oneTarget': False, 'trialInstructionPos': (0, 1), 'probe': 'both', 'rightStreamFlip': True, 'horizVert': False, 'ISIframes': 4, 'rightResponseFirst': False}
1097.9032 	INFO 	numtrials=360 and this trialDurFrames=5 or 83.3333333333 ms  task=T1
1098.9199 	EXP 	window1: recordFrameIntervals = False
1098.9276 	INFO 	Mouse: using default window
1101.0374 	DATA 	Keypress: m
1102.7043 	DATA 	Keypress: z
1102.8440 	EXP 	New trial (rep=9, index=9): {'leftStreamFlip': True, 'oneTarget': False, 'trialInstructionPos': (0, -1), 'probe': 'both', 'rightStreamFlip': True, 'horizVert': False, 'ISIframes': 4, 'rightResponseFirst': False}
1102.8532 	INFO 	numtrials=360 and this trialDurFrames=5 or 83.3333333333 ms  task=T1
1103.9203 	EXP 	window1: recordFrameIntervals = False
1103.9279 	INFO 	Mouse: using default window
1105.1707 	DATA 	Keypress: a
1105.9709 	DATA 	Keypress: m
1106.1102 	EXP 	New trial (rep=9, index=10): {'leftStreamFlip': True, 'oneTarget': True, 'trialInstructionPos': (0, 1), 'probe': 'both', 'rightStreamFlip': True, 'horizVert': False, 'ISIframes': 4, 'rightResponseFirst': False}
1106.1198 	INFO 	numtrials=360 and this trialDurFrames=5 or 83.3333333333 ms  task=T1
1107.2369 	EXP 	window1: recordFrameIntervals = False
1107.2452 	INFO 	Mouse: using default window
1108.5208 	DATA 	Keypress: r
1108.6595 	EXP 	New trial (rep=9, index=11): {'leftStreamFlip': True, 'oneTarget': True, 'trialInstructionPos': (0, -1), 'probe': 'both', 'rightStreamFlip': True, 'horizVert': False, 'ISIframes': 4, 'rightResponseFirst': False}
1108.6697 	INFO 	numtrials=360 and this trialDurFrames=5 or 83.3333333333 ms  task=T1
1109.8702 	EXP 	window1: recordFrameIntervals = False
1109.8780 	INFO 	Mouse: using default window
1111.0043 	DATA 	Keypress: a
1111.1443 	EXP 	New trial (rep=10, index=0): {'leftStreamFlip': True, 'oneTarget': True, 'trialInstructionPos': (0, 1), 'probe': 'both', 'rightStreamFlip': True, 'horizVert': False, 'ISIframes': 4, 'rightResponseFirst': True}
1111.1537 	INFO 	numtrials=360 and this trialDurFrames=5 or 83.3333333333 ms  task=T1
1112.2368 	EXP 	window1: recordFrameIntervals = False
1112.2444 	INFO 	Mouse: using default window
1113.2875 	DATA 	Keypress: n
1113.4255 	EXP 	New trial (rep=10, index=1): {'leftStreamFlip': True, 'oneTarget': True, 'trialInstructionPos': (0, 1), 'probe': 'both', 'rightStreamFlip': True, 'horizVert': False, 'ISIframes': 4, 'rightResponseFirst': False}
1113.4365 	INFO 	numtrials=360 and this trialDurFrames=5 or 83.3333333333 ms  task=T1
1114.5196 	EXP 	window1: recordFrameIntervals = False
1114.5277 	INFO 	Mouse: using default window
1115.6377 	DATA 	Keypress: u
1115.7771 	EXP 	New trial (rep=10, index=2): {'leftStreamFlip': True, 'oneTarget': False, 'trialInstructionPos': (0, -1), 'probe': 'both', 'rightStreamFlip': True, 'horizVert': False, 'ISIframes': 4, 'rightResponseFirst': False}
1115.7867 	INFO 	numtrials=360 and this trialDurFrames=5 or 83.3333333333 ms  task=T1
1116.8702 	EXP 	window1: recordFrameIntervals = False
1116.8780 	INFO 	Mouse: using default window
1118.3208 	DATA 	Keypress: z
1118.9391 	DATA 	Keypress: f
1119.0969 	EXP 	New trial (rep=10, index=3): {'leftStreamFlip': True, 'oneTarget': True, 'trialInstructionPos': (0, -1), 'probe': 'both', 'rightStreamFlip': True, 'horizVert': False, 'ISIframes': 4, 'rightResponseFirst': False}
1119.1196 	INFO 	numtrials=360 and this trialDurFrames=5 or 83.3333333333 ms  task=T1
1120.1369 	EXP 	window1: recordFrameIntervals = False
1120.1445 	INFO 	Mouse: using default window
1121.4542 	DATA 	Keypress: lctrl
1121.6209 	DATA 	Keypress: lshift
1121.7391 	DATA 	Keypress: z
1121.7737 	INFO 	Stopping at 11:29 on 10 Aug 2018
1121.7749 	ERROR 	user aborted experiment on keypress with trials done=123 of 361
1121.7897 	INFO 	Program terminating normally.
