0.6439 	WARNING 	Monitor specification not found. Creating a temporary one...
13.2382 	EXP 	Created window1 = Window(allowGUI=False, allowStencil=False, autoLog=True, bitsMode=UNKNOWN, blendMode='avg', color=array([-0.7, -0.7, -0.7]), colorSpace='rgb', fullscr=UNKNOWN, gamma=None, lms=UNKNOWN, monitor=<psychopy.monitors.calibTools.Monitor object at 0x1A9AF050>, name='window1', pos=[0, 0], screen=0, size=array([1920, 1080]), stereo=False, units='deg', useFBO=False, useRetina=False, viewOri=0.0, viewPos=None, viewScale=None, waitBlanking=False, winType='pyglet')
13.2383 	INFO 	Mouse: using default window
13.2387 	EXP 	window1: units = 'norm'
13.3156 	EXP 	Created unnamed ImageStim = ImageStim(autoLog=True, color=array([ 1.,  1.,  1.]), colorSpace='rgb', contrast=1.0, depth=0, flipHoriz=False, flipVert=False, image=str(...), interpolate=False, mask=None, maskParams=None, name='unnamed ImageStim', opacity=1.0, ori=0.0, pos=array([-0.5,  0. ]), size=array([ 1.290625  ,  3.24814815]), texRes=128, units='norm', win=Window(...))
13.3907 	EXP 	Created unnamed ImageStim = ImageStim(autoLog=True, color=array([ 1.,  1.,  1.]), colorSpace='rgb', contrast=1.0, depth=0, flipHoriz=False, flipVert=False, image=str(...), interpolate=False, mask=None, maskParams=None, name='unnamed ImageStim', opacity=1.0, ori=0.0, pos=array([ 0.5,  0. ]), size=array([ 1.290625  ,  3.24814815]), texRes=128, units='norm', win=Window(...))
13.4080 	EXP 	Created OKrespZone = GratingStim(autoDraw=False, autoLog=True, color=array([ 1. ,  0.5,  0.5]), colorSpace='rgb', contrast=1.0, depth=0, interpolate=False, mask='gauss', maskParams=None, name='OKrespZone', opacity=1.0, ori=0.0, phase=array([ 0.,  0.]), pos=array([-0.2 , -0.92]), rgbPedestal=array([ 0.,  0.,  0.]), sf=array([ 0.,  0.]), size=array([ 2.3,  0.2]), tex='sin', texRes=256, units='norm', win=Window(...))
13.5507 	EXP 	unnamed ImageStim: size = (1, 2)
13.5507 	EXP 	unnamed ImageStim: size = (1, 2)
106.7709 	DATA 	Mouse: Left button down, pos=(1039,29)
106.7872 	EXP 	window1: units = 'deg'
106.7875 	EXP 	window1: units = 'norm'
106.8053 	EXP 	Created OKrespZone = GratingStim(autoDraw=False, autoLog=True, color=array([ 1. ,  0.5,  0.5]), colorSpace='rgb', contrast=1.0, depth=0, interpolate=False, mask='gauss', maskParams=None, name='OKrespZone', opacity=1.0, ori=0.0, phase=array([ 0.,  0.]), pos=array([-0.2 , -0.92]), rgbPedestal=array([ 0.,  0.,  0.]), sf=array([ 0.,  0.]), size=array([ 2.3,  0.2]), tex='sin', texRes=256, units='norm', win=Window(...))
106.8836 	EXP 	Created unnamed ImageStim = ImageStim(autoLog=True, color=array([ 1.,  1.,  1.]), colorSpace='rgb', contrast=1.0, depth=0, flipHoriz=False, flipVert=False, image='abgdj\\PISandConsentForm\\consentForm.png', interpolate=False, mask=None, maskParams=None, name='unnamed ImageStim', opacity=1.0, ori=0.0, pos=array([ 0.,  0.]), size=array([ 1.3375    ,  2.97407407]), texRes=128, units='norm', win=Window(...))
106.9207 	EXP 	Created unnamed GratingStim = GratingStim(autoDraw=False, autoLog=True, color=array([ 1. ,  0.5,  0.5]), colorSpace='rgb', contrast=1.0, depth=0, interpolate=False, mask='gauss', maskParams=None, name='unnamed GratingStim', opacity=1.0, ori=0.0, phase=array([ 0.,  0.]), pos=array([-0.2 , -0.42]), rgbPedestal=array([ 0.,  0.,  0.]), sf=array([ 0.,  0.]), size=array([ 0.3,  0.2]), tex='sin', texRes=256, units='norm', win=Window(...))
106.9571 	EXP 	Created unnamed GratingStim = GratingStim(autoDraw=False, autoLog=True, color=array([ 1. ,  0.5,  0.5]), colorSpace='rgb', contrast=1.0, depth=0, interpolate=False, mask='gauss', maskParams=None, name='unnamed GratingStim', opacity=1.0, ori=0.0, phase=array([ 0.,  0.]), pos=array([ 0.1 , -0.42]), rgbPedestal=array([ 0.,  0.,  0.]), sf=array([ 0.,  0.]), size=array([ 0.3,  0.2]), tex='sin', texRes=256, units='norm', win=Window(...))
106.9784 	EXP 	Created unnamed GratingStim = GratingStim(autoDraw=False, autoLog=True, color=array([ 1. ,  0.5,  0.5]), colorSpace='rgb', contrast=1.0, depth=0, interpolate=False, mask='gauss', maskParams=None, name='unnamed GratingStim', opacity=1.0, ori=0.0, phase=array([ 0.,  0.]), pos=array([-0.2 , -0.72]), rgbPedestal=array([ 0.,  0.,  0.]), sf=array([ 0.,  0.]), size=array([ 0.3,  0.2]), tex='sin', texRes=256, units='norm', win=Window(...))
106.9997 	EXP 	Created unnamed GratingStim = GratingStim(autoDraw=False, autoLog=True, color=array([ 1. ,  0.5,  0.5]), colorSpace='rgb', contrast=1.0, depth=0, interpolate=False, mask='gauss', maskParams=None, name='unnamed GratingStim', opacity=1.0, ori=0.0, phase=array([ 0.,  0.]), pos=array([ 0.1 , -0.72]), rgbPedestal=array([ 0.,  0.,  0.]), sf=array([ 0.,  0.]), size=array([ 0.3,  0.2]), tex='sin', texRes=256, units='norm', win=Window(...))
107.0029 	DATA 	Mouse:  Left button up, pos=(1039,29)
107.0083 	EXP 	unnamed ImageStim: size = (1.1, 2)
111.9883 	DATA 	Mouse: Left button down, pos=(777,313)
112.1381 	DATA 	Mouse:  Left button up, pos=(777,313)
116.2214 	DATA 	Mouse: Left button down, pos=(777,147)
116.3378 	DATA 	Mouse:  Left button up, pos=(777,147)
117.6082 	DATA 	Mouse: Left button down, pos=(816,54)
117.6205 	EXP 	window1: units = 'deg'
117.6255 	EXP 	window1: mouseVisible = True
156.1218 	EXP 	Created window1 = Window(allowGUI=False, allowStencil=False, autoLog=True, bitsMode=UNKNOWN, blendMode='avg', color=array([-0.7, -0.7, -0.7]), colorSpace='rgb', fullscr=UNKNOWN, gamma=None, lms=UNKNOWN, monitor=<psychopy.monitors.calibTools.Monitor object at 0x1A9AF050>, name='window1', pos=[0, 0], screen=0, size=array([1920, 1080]), stereo=False, units='deg', useFBO=False, useRetina=False, viewOri=0.0, viewPos=None, viewScale=None, waitBlanking=False, winType='pyglet')
160.4381 	INFO 	#[ PsychoPy2 RuntimeInfoStart ]
  #[[ PsychoPy ]] #---------
    psychopyVersion: 1.84.2
    psychopyHaveExtRush: True
  #[[ Experiment ]] #---------
    experimentAuthor: None
    experimentAuthVersion: None
    experimentRunTime: 2018_08_07 16:07 (Year_Month_Day Hour:Min)
    experimentRunTime.epoch: 1533622075
    experimentScript: psyc1002.py
    experimentScript.digestSHA1: 03993779484d600ea4c1b8cc2288f3d37a5025d5
    experimentScript.directory: U:\PSYC1002\abgdj
  #[[ System ]] #---------
    systemHaveInternetAccess: True
    systemHostName: W513ZKG2
    systemLocale: English_United States.1252
    systemMemFreeRAM: 4444.30859375
    systemMemTotalRAM: 8076.9453125
    systemPlatform: windowsversion=sys.getwindowsversion(major=6, minor=2, build=9200, platform=2, service_pack='')
    systemPyo.InputDevices: {4: {'host api index': 2, 'latency': 0.008707483299076557, 'default sr': 44100, 'name': u'Realtek ASIO'}}
    systemPyo.OutputDevices: {0: {'host api index': 0, 'latency': 0.09000000357627869, 'default sr': 44100, 'name': u'Microsoft Sound Mapper - Output'}, 1: {'host api index': 0, 'latency': 0.09000000357627869, 'default sr': 44100, 'name': u'Speakers / Headphones (Realtek '}, 2: {'host api index': 1, 'latency': 0.11999999731779099, 'default sr': 44100, 'name': u'Primary Sound Driver'}, 3: {'host api index': 1, 'latency': 0.11999999731779099, 'default sr': 44100, 'name': u'Speakers / Headphones (Realtek High Definition Audio)'}, 4: {'host api index': 2, 'latency': 0.008707483299076557, 'default sr': 44100, 'name': u'Realtek ASIO'}, 5: {'host api index': 3, 'latency': 0.003000000026077032, 'default sr': 48000, 'name': u'Speakers / Headphones (Realtek High Definition Audio)'}}
    systemPyoVersion: 0.8.0
    systemRebooted: System Boot Time:          8/7/2018, 2:19:27 AM
    systemSec.pythonSSL: True
    systemTimeNumpySD1000000_sec: 0.0092
    systemUser: yche0676
    systemUserID: 1000
    systemUserProcCmdPid: LabStatsUserSpace.exe dwm.exe TiWorker.exe CmRcService.exe nierserver.exe LabStatsClient.exe tagsrv.exe SearchUI.exe OneDrive.exe nipxism.exe SettingSyncHost.exe WmiPrvSE.exe niLxiDiscovery.exe SecurityHealthService.exe redirector.exe server_admin.exe pc-client.exe lkads.exe svchost.exe smartscreen.exe ni_usbmon.exe AGSService.exe System SISIDSService.exe SelfServicePlugin.exe explorer.exe smss.exe ApplicationWebServer.exe RuntimeBroker.exe acrotray.exe niauth_daemon.exe cmd.exe nidmsrv.exe Receiver.exe SISIPSService.exe lktsrv.exe lsass.exe python.exe RtkNGUI64.exe sisipsutil.exe AdobeUpdateService.exe armsvc.exe policyHost.exe ssonsvr.exe concentr.exe nidevldu.exe taskhostw.exe ctfmon.exe RAVBg64.exe ''Memory Compression'' NIWebServiceContainer.exe nimxs.exe RtkAudioService64.exe SystemWebServer.exe tasklist.exe snowagent.exe CcmExec.exe SmcGui.exe nicitdl5.exe ''System Idle Process'' services.exe niDiscSvc.exe sqlwriter.exe MSASCuiL.exe SCNotification.exe nimdnsResponder.exe server_runtime.exe sihost.exe backgroundTaskHost.exe spoolsv.exe wininit.exe winlogon.exe ShellExperienceHost.exe nidevmon.exe SearchIndexer.exe csrss.exe TrustedInstaller.exe audiodg.exe fontdrvhost.exe dllhost.exe unsecapp.exe ccSvcHst.exe wfcrun32.exe nisvcloc.exe server_eventlog.exe lkcitdl.exe AuthManSvr.exe conhost.exe
    systemUserProcCount: 180
    systemUserProcFlagged: Explorer
    systemUsersCount: False
  #[[ Window ]] #---------
    windowWinType: pyglet
    windowWaitBlanking: False
    windowUseNativeGamma: True
    windowUnits: deg
    windowSize_pix: [1920 1080]
    windowScreen: 0
    windowRgb: [-0.7 -0.7 -0.7]
    windowRefreshTimeSD_ms: 0.280
    windowRefreshTimeMedian_ms: 16.645
    windowRefreshTimeAvg_ms: 16.658
    windowRefreshThreshold_sec: 0.0200
    windowRecordFrameIntervals: False
    windowPos_pix: [0, 0]
    windowMonitor.name: testmonitor
    windowMonitor.getWidth_cm: 57.0
    windowMonitor.getLinearizeMethod: 1
    windowMonitor.getGammaGrid: [[  0.   1.   1.  nan  nan  nan]
 [  0.   1.   1.  nan  nan  nan]
 [  0.   1.   1.  nan  nan  nan]
 [  0.   1.   1.  nan  nan  nan]]
    windowMonitor.getDistance_cm: 57.0
    windowMonitor.gammaInterpolator2: None
    windowMonitor.gammaInterpolator: None
    windowMonitor.currentCalibName: 2018_08_07 16:05
    windowIsFullScr: True
    windowHaveShaders: True
    windowAllowGUI: False
  #[[ Python ]] #---------
    pythonWxVersion: 3.0.2.0 msw (classic)
    pythonVersion: 2.7.11
    pythonScipyVersion: 0.17.1
    pythonPygletVersion: 1.2.4
    pythonPygameVersion: 1.9.2pre
    pythonNumpyVersion: 1.11.0
    pythonMatplotlibVersion: 1.5.1
    pythonFullVersion: 2.7.11 (v2.7.11:6d1b6a68f775, Dec  5 2015, 20:32:19) [MSC v.1500 32 bit (Intel)]
    pythonExecutable: C:\Program Files (x86)\PsychoPy2\python.exe
  #[[ OpenGL ]] #---------
    openGLVersion: 4.4.0 - Build 21.20.16.4627
    openGLVendor: Intel
    openGLRenderingEngine: Intel(R) HD Graphics 530
    openGLmaxVerticesInVertexArray: 1048576
    False: openGLext.GL_STEREO
    True: openGLext.GL_EXT_framebuffer_object
    True: openGLext.GL_ARB_vertex_shader
    True: openGLext.GL_ARB_texture_non_power_of_two
    True: openGLext.GL_ARB_texture_float
    True: openGLext.GL_ARB_shader_objects
    True: openGLext.GL_ARB_multitexture
    True: openGLext.GL_ARB_fragment_program
#[ PsychoPy2 RuntimeInfoEnd ]

160.4879 	EXP 	window1: recordFrameIntervals = True
161.3214 	EXP 	window1: recordFrameIntervals = False
161.3216 	INFO 	Frames per second ~=60.0, which is close enough to desired val of 60.0
161.5241 	EXP 	Created sequence: random, trialTypes=12, nReps=30, seed=None
161.6714 	INFO 	Mouse: using default window
161.6909 	EXP 	Created OKrespZone = GratingStim(autoDraw=False, autoLog=True, color=array([ 1.,  1.,  1.]), colorSpace='rgb', contrast=1.0, depth=0, interpolate=False, mask='gauss', maskParams=None, name='OKrespZone', opacity=1.0, ori=0.0, phase=array([ 0.,  0.]), pos=array([ 0.  ,  0.88]), rgbPedestal=array([ 0.,  0.,  0.]), sf=array([ 0.,  0.]), size=array([ 2. ,  0.2]), tex='sin', texRes=256, units='norm', win=Window(...))
196.6940 	DATA 	Mouse: Left button down, pos=(1547,881)
196.8615 	DATA 	Mouse:  Left button up, pos=(1547,881)
200.3740 	DATA 	Mouse: Left button down, pos=(160,395)
200.5016 	DATA 	Mouse:  Left button up, pos=(160,395)
221.2855 	DATA 	Mouse: wheel shift=(0,-1), pos=(1749,85)
221.7094 	DATA 	Mouse: wheel shift=(0,-1), pos=(1769,169)
221.7334 	DATA 	Mouse: wheel shift=(0,-1), pos=(1769,171)
221.7493 	DATA 	Mouse: wheel shift=(0,-1), pos=(1769,173)
222.0375 	DATA 	Mouse: wheel shift=(0,-1), pos=(1761,171)
222.0695 	DATA 	Mouse: wheel shift=(0,-1), pos=(1757,169)
232.8138 	DATA 	Mouse: Left button down, pos=(527,604)
232.9574 	DATA 	Mouse:  Left button up, pos=(527,604)
235.6539 	DATA 	Mouse: Left button down, pos=(1006,532)
235.7575 	DATA 	Mouse:  Left button up, pos=(1006,532)
247.0860 	DATA 	Mouse: Left button down, pos=(326,810)
247.2374 	DATA 	Mouse:  Left button up, pos=(326,810)
250.3177 	DATA 	Mouse: Left button down, pos=(1545,254)
250.4455 	DATA 	Mouse:  Left button up, pos=(1545,254)
252.7981 	DATA 	Mouse: Left button down, pos=(1728,248)
252.9334 	DATA 	Mouse:  Left button up, pos=(1728,248)
260.4778 	DATA 	Mouse: Left button down, pos=(786,120)
260.5974 	DATA 	Mouse:  Left button up, pos=(786,120)
267.9338 	DATA 	Mouse: Left button down, pos=(733,884)
268.0853 	DATA 	Mouse:  Left button up, pos=(733,884)
278.8617 	DATA 	Mouse: Left button down, pos=(242,184)
278.9494 	DATA 	Mouse:  Left button up, pos=(242,184)
279.4627 	DATA 	Mouse: Left button down, pos=(294,184)
279.5266 	DATA 	Mouse:  Left button up, pos=(294,184)
282.7096 	DATA 	Mouse: Left button down, pos=(1102,1018)
282.7267 	INFO 	Experiment will have 360 trials. Letters will be drawn with superposed noise of 0.00%
282.7409 	EXP 	New trial (rep=0, index=0): {'leftStreamFlip': False, 'oneTarget': False, 'trialInstructionPos': (0, 1), 'probe': 'both', 'rightStreamFlip': False, 'horizVert': False, 'ISIframes': 2, 'rightResponseFirst': False}
282.7410 	INFO 	Starting main part of experiment
282.8051 	DATA 	Mouse:  Left button up, pos=(1102,1018)
283.9205 	INFO 	numtrials=360 and this trialDurFrames=28 or 466.666666667 ms  task=T1
286.0040 	EXP 	window1: recordFrameIntervals = False
286.0148 	INFO 	Mouse: using default window
292.7541 	DATA 	Keypress: z
297.2878 	DATA 	Keypress: j
304.2050 	DATA 	Keypress: j
304.3834 	EXP 	New trial (rep=0, index=1): {'leftStreamFlip': False, 'oneTarget': False, 'trialInstructionPos': (0, -1), 'probe': 'both', 'rightStreamFlip': False, 'horizVert': False, 'ISIframes': 2, 'rightResponseFirst': True}
313.9046 	INFO 	numtrials=360 and this trialDurFrames=22 or 366.666666667 ms  task=T1
315.8374 	EXP 	window1: recordFrameIntervals = False
315.8456 	INFO 	Mouse: using default window
318.3542 	DATA 	Keypress: s
321.8383 	DATA 	Keypress: f
323.4385 	DATA 	Keypress: r
323.5814 	EXP 	New trial (rep=0, index=2): {'leftStreamFlip': False, 'oneTarget': False, 'trialInstructionPos': (0, -1), 'probe': 'both', 'rightStreamFlip': False, 'horizVert': False, 'ISIframes': 2, 'rightResponseFirst': False}
323.6044 	INFO 	numtrials=360 and this trialDurFrames=18 or 300.0 ms  task=T1
325.4548 	EXP 	window1: recordFrameIntervals = False
325.4626 	INFO 	Mouse: using default window
329.7716 	DATA 	Keypress: t
331.3216 	DATA 	Keypress: r
333.3543 	DATA 	Keypress: f
333.4983 	EXP 	New trial (rep=0, index=3): {'leftStreamFlip': False, 'oneTarget': False, 'trialInstructionPos': (0, -1), 'probe': 'both', 'rightStreamFlip': False, 'horizVert': False, 'ISIframes': 2, 'rightResponseFirst': True}
333.5207 	INFO 	numtrials=360 and this trialDurFrames=18 or 300.0 ms  task=T1
334.8879 	EXP 	window1: recordFrameIntervals = False
334.8962 	INFO 	Mouse: using default window
337.3043 	DATA 	Keypress: z
339.6709 	DATA 	Keypress: j
341.1547 	DATA 	Keypress: y
341.3020 	EXP 	New trial (rep=0, index=4): {'leftStreamFlip': False, 'oneTarget': False, 'trialInstructionPos': (0, -1), 'probe': 'both', 'rightStreamFlip': False, 'horizVert': False, 'ISIframes': 2, 'rightResponseFirst': True}
349.6546 	INFO 	numtrials=360 and this trialDurFrames=14 or 233.333333333 ms  task=T1
351.0046 	EXP 	window1: recordFrameIntervals = False
351.0124 	INFO 	Mouse: using default window
353.4218 	DATA 	Keypress: j
354.6882 	DATA 	Keypress: n
355.5548 	DATA 	Keypress: f
355.6999 	EXP 	New trial (rep=0, index=5): {'leftStreamFlip': False, 'oneTarget': False, 'trialInstructionPos': (0, 1), 'probe': 'both', 'rightStreamFlip': False, 'horizVert': False, 'ISIframes': 2, 'rightResponseFirst': False}
355.7202 	INFO 	numtrials=360 and this trialDurFrames=4 or 66.6666666667 ms  task=T1
356.8046 	EXP 	window1: recordFrameIntervals = False
356.8126 	INFO 	Mouse: using default window
360.9715 	DATA 	Keypress: m
362.2709 	DATA 	Keypress: c
363.4881 	DATA 	Keypress: z
363.6317 	EXP 	New trial (rep=0, index=6): {'leftStreamFlip': False, 'oneTarget': False, 'trialInstructionPos': (0, -1), 'probe': 'both', 'rightStreamFlip': False, 'horizVert': False, 'ISIframes': 2, 'rightResponseFirst': False}
363.6534 	INFO 	numtrials=360 and this trialDurFrames=4 or 66.6666666667 ms  task=T1
364.7372 	EXP 	window1: recordFrameIntervals = False
364.7454 	INFO 	Mouse: using default window
368.3877 	DATA 	Keypress: j
370.0548 	DATA 	Keypress: f
371.4376 	DATA 	Keypress: z
371.5809 	EXP 	New trial (rep=0, index=7): {'leftStreamFlip': False, 'oneTarget': False, 'trialInstructionPos': (0, 1), 'probe': 'both', 'rightStreamFlip': False, 'horizVert': False, 'ISIframes': 2, 'rightResponseFirst': False}
371.6034 	INFO 	numtrials=360 and this trialDurFrames=3 or 50.0 ms  task=T1
372.5878 	EXP 	window1: recordFrameIntervals = False
372.5954 	INFO 	Mouse: using default window
380.2714 	DATA 	Keypress: k
382.7715 	DATA 	Keypress: h
384.3548 	DATA 	Keypress: k
384.5001 	EXP 	New trial (rep=0, index=8): {'leftStreamFlip': False, 'oneTarget': False, 'trialInstructionPos': (0, 1), 'probe': 'both', 'rightStreamFlip': False, 'horizVert': False, 'ISIframes': 2, 'rightResponseFirst': True}
384.5201 	INFO 	numtrials=360 and this trialDurFrames=4 or 66.6666666667 ms  task=T1
385.6873 	EXP 	window1: recordFrameIntervals = False
385.6952 	INFO 	Mouse: using default window
388.8713 	DATA 	Keypress: z
391.4882 	DATA 	Keypress: j
392.6217 	DATA 	Keypress: g
392.7842 	EXP 	New trial (rep=0, index=9): {'leftStreamFlip': False, 'oneTarget': False, 'trialInstructionPos': (0, -1), 'probe': 'both', 'rightStreamFlip': False, 'horizVert': False, 'ISIframes': 2, 'rightResponseFirst': False}
392.8035 	INFO 	numtrials=360 and this trialDurFrames=4 or 66.6666666667 ms  task=T1
393.8876 	EXP 	window1: recordFrameIntervals = False
393.8959 	INFO 	Mouse: using default window
398.1548 	DATA 	Keypress: u
399.2047 	DATA 	Keypress: h
399.8381 	DATA 	Keypress: s
399.9791 	EXP 	New trial (rep=0, index=10): {'leftStreamFlip': False, 'oneTarget': False, 'trialInstructionPos': (0, 1), 'probe': 'both', 'rightStreamFlip': False, 'horizVert': False, 'ISIframes': 2, 'rightResponseFirst': True}
400.0034 	INFO 	numtrials=360 and this trialDurFrames=4 or 66.6666666667 ms  task=T1
400.9879 	EXP 	window1: recordFrameIntervals = False
400.9955 	INFO 	Mouse: using default window
404.4047 	DATA 	Keypress: n
407.8047 	DATA 	Keypress: w
408.8049 	DATA 	Keypress: m
408.9479 	EXP 	New trial (rep=0, index=11): {'leftStreamFlip': False, 'oneTarget': False, 'trialInstructionPos': (0, 1), 'probe': 'both', 'rightStreamFlip': False, 'horizVert': False, 'ISIframes': 2, 'rightResponseFirst': True}
408.9701 	INFO 	numtrials=360 and this trialDurFrames=4 or 66.6666666667 ms  task=T1
410.0046 	EXP 	window1: recordFrameIntervals = False
410.0147 	INFO 	Mouse: using default window
415.8707 	DATA 	Keypress: f
416.5548 	DATA 	Keypress: i
417.7880 	DATA 	Keypress: j
417.9338 	EXP 	New trial (rep=1, index=0): {'leftStreamFlip': False, 'oneTarget': False, 'trialInstructionPos': (0, -1), 'probe': 'both', 'rightStreamFlip': False, 'horizVert': False, 'ISIframes': 2, 'rightResponseFirst': False}
417.9535 	INFO 	numtrials=360 and this trialDurFrames=4 or 66.6666666667 ms  task=T1
418.9372 	EXP 	window1: recordFrameIntervals = False
418.9455 	INFO 	Mouse: using default window
422.7381 	DATA 	Keypress: m
423.8883 	DATA 	Keypress: e
426.8551 	DATA 	Keypress: f
426.9961 	EXP 	New trial (rep=1, index=1): {'leftStreamFlip': False, 'oneTarget': False, 'trialInstructionPos': (0, 1), 'probe': 'both', 'rightStreamFlip': False, 'horizVert': False, 'ISIframes': 2, 'rightResponseFirst': False}
427.0201 	INFO 	numtrials=360 and this trialDurFrames=4 or 66.6666666667 ms  task=T1
428.1714 	EXP 	window1: recordFrameIntervals = False
428.1792 	INFO 	Mouse: using default window
432.1549 	DATA 	Keypress: h
433.3547 	DATA 	Keypress: j
434.1879 	DATA 	Keypress: z
434.3327 	EXP 	New trial (rep=1, index=2): {'leftStreamFlip': False, 'oneTarget': False, 'trialInstructionPos': (0, 1), 'probe': 'both', 'rightStreamFlip': False, 'horizVert': False, 'ISIframes': 2, 'rightResponseFirst': True}
434.3535 	INFO 	numtrials=360 and this trialDurFrames=4 or 66.6666666667 ms  task=T1
435.3872 	EXP 	window1: recordFrameIntervals = False
435.3954 	INFO 	Mouse: using default window
437.2213 	DATA 	Keypress: k
438.8047 	DATA 	Keypress: g
439.8548 	DATA 	Keypress: g
439.9962 	EXP 	New trial (rep=1, index=3): {'leftStreamFlip': False, 'oneTarget': False, 'trialInstructionPos': (0, 1), 'probe': 'both', 'rightStreamFlip': False, 'horizVert': False, 'ISIframes': 2, 'rightResponseFirst': True}
440.0199 	INFO 	numtrials=360 and this trialDurFrames=4 or 66.6666666667 ms  task=T1
441.0872 	EXP 	window1: recordFrameIntervals = False
441.0955 	INFO 	Mouse: using default window
443.3214 	DATA 	Keypress: m
444.7547 	DATA 	Keypress: f
445.2714 	DATA 	Keypress: m
445.4141 	EXP 	New trial (rep=1, index=4): {'leftStreamFlip': False, 'oneTarget': False, 'trialInstructionPos': (0, -1), 'probe': 'both', 'rightStreamFlip': False, 'horizVert': False, 'ISIframes': 2, 'rightResponseFirst': True}
445.4367 	INFO 	numtrials=360 and this trialDurFrames=4 or 66.6666666667 ms  task=T1
446.6205 	EXP 	window1: recordFrameIntervals = False
446.6293 	INFO 	Mouse: using default window
449.4058 	DATA 	Keypress: e
450.4873 	DATA 	Keypress: s
451.6542 	DATA 	Keypress: k
451.7944 	EXP 	New trial (rep=1, index=5): {'leftStreamFlip': False, 'oneTarget': False, 'trialInstructionPos': (0, 1), 'probe': 'both', 'rightStreamFlip': False, 'horizVert': False, 'ISIframes': 2, 'rightResponseFirst': True}
451.8201 	INFO 	numtrials=360 and this trialDurFrames=4 or 66.6666666667 ms  task=T1
452.8537 	EXP 	window1: recordFrameIntervals = False
452.8618 	INFO 	Mouse: using default window
455.7041 	DATA 	Keypress: t
456.5881 	DATA 	Keypress: c
457.3046 	DATA 	Keypress: j
457.4493 	EXP 	New trial (rep=1, index=6): {'leftStreamFlip': False, 'oneTarget': False, 'trialInstructionPos': (0, -1), 'probe': 'both', 'rightStreamFlip': False, 'horizVert': False, 'ISIframes': 2, 'rightResponseFirst': False}
457.4699 	INFO 	numtrials=360 and this trialDurFrames=4 or 66.6666666667 ms  task=T1
458.6379 	EXP 	window1: recordFrameIntervals = False
458.6460 	INFO 	Mouse: using default window
461.8382 	DATA 	Keypress: t
462.9214 	DATA 	Keypress: f
463.7377 	DATA 	Keypress: a
463.8796 	EXP 	New trial (rep=1, index=7): {'leftStreamFlip': False, 'oneTarget': False, 'trialInstructionPos': (0, -1), 'probe': 'both', 'rightStreamFlip': False, 'horizVert': False, 'ISIframes': 2, 'rightResponseFirst': True}
463.9030 	INFO 	numtrials=360 and this trialDurFrames=4 or 66.6666666667 ms  task=T1
465.0704 	EXP 	window1: recordFrameIntervals = False
465.0788 	INFO 	Mouse: using default window
468.6059 	DATA 	Keypress: a
470.5381 	DATA 	Keypress: a
471.6212 	DATA 	Keypress: n
471.7633 	EXP 	New trial (rep=1, index=8): {'leftStreamFlip': False, 'oneTarget': False, 'trialInstructionPos': (0, 1), 'probe': 'both', 'rightStreamFlip': False, 'horizVert': False, 'ISIframes': 2, 'rightResponseFirst': False}
471.7869 	INFO 	numtrials=360 and this trialDurFrames=4 or 66.6666666667 ms  task=T1
472.8706 	EXP 	window1: recordFrameIntervals = False
472.8789 	INFO 	Mouse: using default window
475.2713 	DATA 	Keypress: c
476.4047 	DATA 	Keypress: f
478.7379 	DATA 	Keypress: j
478.8804 	EXP 	New trial (rep=1, index=9): {'leftStreamFlip': False, 'oneTarget': False, 'trialInstructionPos': (0, -1), 'probe': 'both', 'rightStreamFlip': False, 'horizVert': False, 'ISIframes': 2, 'rightResponseFirst': False}
478.9033 	INFO 	numtrials=360 and this trialDurFrames=4 or 66.6666666667 ms  task=T1
480.0704 	EXP 	window1: recordFrameIntervals = False
480.0789 	INFO 	Mouse: using default window
482.8379 	DATA 	Keypress: s
485.2544 	DATA 	Keypress: j
485.7049 	DATA 	Keypress: k
485.8476 	EXP 	New trial (rep=1, index=10): {'leftStreamFlip': False, 'oneTarget': False, 'trialInstructionPos': (0, -1), 'probe': 'both', 'rightStreamFlip': False, 'horizVert': False, 'ISIframes': 2, 'rightResponseFirst': True}
485.8699 	INFO 	numtrials=360 and this trialDurFrames=4 or 66.6666666667 ms  task=T1
486.8540 	EXP 	window1: recordFrameIntervals = False
486.8626 	INFO 	Mouse: using default window
489.6548 	DATA 	Keypress: a
492.7045 	DATA 	Keypress: s
493.6213 	DATA 	Keypress: t
493.7647 	EXP 	New trial (rep=1, index=11): {'leftStreamFlip': False, 'oneTarget': False, 'trialInstructionPos': (0, 1), 'probe': 'both', 'rightStreamFlip': False, 'horizVert': False, 'ISIframes': 2, 'rightResponseFirst': False}
493.7871 	INFO 	numtrials=360 and this trialDurFrames=4 or 66.6666666667 ms  task=T1
494.9205 	EXP 	window1: recordFrameIntervals = False
494.9287 	INFO 	Mouse: using default window
498.2715 	DATA 	Keypress: e
499.4714 	DATA 	Keypress: f
500.1214 	DATA 	Keypress: j
500.2665 	EXP 	New trial (rep=2, index=0): {'leftStreamFlip': False, 'oneTarget': False, 'trialInstructionPos': (0, 1), 'probe': 'both', 'rightStreamFlip': False, 'horizVert': False, 'ISIframes': 2, 'rightResponseFirst': True}
500.2866 	INFO 	numtrials=360 and this trialDurFrames=4 or 66.6666666667 ms  task=T1
501.3206 	EXP 	window1: recordFrameIntervals = False
501.3289 	INFO 	Mouse: using default window
503.0376 	DATA 	Keypress: j
505.2376 	DATA 	Keypress: e
505.6713 	DATA 	Keypress: e
505.8159 	EXP 	New trial (rep=2, index=1): {'leftStreamFlip': False, 'oneTarget': False, 'trialInstructionPos': (0, -1), 'probe': 'both', 'rightStreamFlip': False, 'horizVert': False, 'ISIframes': 2, 'rightResponseFirst': True}
505.8367 	INFO 	numtrials=360 and this trialDurFrames=4 or 66.6666666667 ms  task=T1
506.9205 	EXP 	window1: recordFrameIntervals = False
506.9291 	INFO 	Mouse: using default window
508.9381 	DATA 	Keypress: k
510.2218 	DATA 	Keypress: m
511.2380 	DATA 	Keypress: h
511.3795 	EXP 	New trial (rep=2, index=2): {'leftStreamFlip': False, 'oneTarget': False, 'trialInstructionPos': (0, 1), 'probe': 'both', 'rightStreamFlip': False, 'horizVert': False, 'ISIframes': 2, 'rightResponseFirst': False}
511.4039 	INFO 	numtrials=360 and this trialDurFrames=4 or 66.6666666667 ms  task=T1
512.4213 	EXP 	window1: recordFrameIntervals = False
512.4293 	INFO 	Mouse: using default window
517.2213 	DATA 	Keypress: t
518.3546 	DATA 	Keypress: m
518.9880 	DATA 	Keypress: j
519.1304 	EXP 	New trial (rep=2, index=3): {'leftStreamFlip': False, 'oneTarget': False, 'trialInstructionPos': (0, 1), 'probe': 'both', 'rightStreamFlip': False, 'horizVert': False, 'ISIframes': 2, 'rightResponseFirst': True}
519.1535 	INFO 	numtrials=360 and this trialDurFrames=4 or 66.6666666667 ms  task=T1
520.2206 	EXP 	window1: recordFrameIntervals = False
520.2287 	INFO 	Mouse: using default window
524.0214 	DATA 	Keypress: i
525.5379 	DATA 	Keypress: y
526.6216 	DATA 	Keypress: f
526.7629 	EXP 	New trial (rep=2, index=4): {'leftStreamFlip': False, 'oneTarget': False, 'trialInstructionPos': (0, 1), 'probe': 'both', 'rightStreamFlip': False, 'horizVert': False, 'ISIframes': 2, 'rightResponseFirst': False}
526.7870 	INFO 	numtrials=360 and this trialDurFrames=4 or 66.6666666667 ms  task=T1
528.0040 	EXP 	window1: recordFrameIntervals = False
528.0126 	INFO 	Mouse: using default window
529.8381 	DATA 	Keypress: k
531.0546 	DATA 	Keypress: s
532.2553 	DATA 	Keypress: j
532.3977 	EXP 	New trial (rep=2, index=5): {'leftStreamFlip': False, 'oneTarget': False, 'trialInstructionPos': (0, -1), 'probe': 'both', 'rightStreamFlip': False, 'horizVert': False, 'ISIframes': 2, 'rightResponseFirst': False}
532.4201 	INFO 	numtrials=360 and this trialDurFrames=4 or 66.6666666667 ms  task=T1
533.4372 	EXP 	window1: recordFrameIntervals = False
533.4456 	INFO 	Mouse: using default window
539.0207 	DATA 	Keypress: k
541.8383 	DATA 	Keypress: s
542.7547 	DATA 	Keypress: j
542.8979 	EXP 	New trial (rep=2, index=6): {'leftStreamFlip': False, 'oneTarget': False, 'trialInstructionPos': (0, -1), 'probe': 'both', 'rightStreamFlip': False, 'horizVert': False, 'ISIframes': 2, 'rightResponseFirst': True}
542.9200 	INFO 	numtrials=360 and this trialDurFrames=4 or 66.6666666667 ms  task=T1
543.9706 	EXP 	window1: recordFrameIntervals = False
543.9787 	INFO 	Mouse: using default window
546.8048 	DATA 	Keypress: f
548.2058 	DATA 	Keypress: j
550.4373 	DATA 	Keypress: n
550.5791 	EXP 	New trial (rep=2, index=7): {'leftStreamFlip': False, 'oneTarget': False, 'trialInstructionPos': (0, -1), 'probe': 'both', 'rightStreamFlip': False, 'horizVert': False, 'ISIframes': 2, 'rightResponseFirst': False}
550.6031 	INFO 	numtrials=360 and this trialDurFrames=4 or 66.6666666667 ms  task=T1
551.6539 	EXP 	window1: recordFrameIntervals = False
551.6624 	INFO 	Mouse: using default window
554.2048 	DATA 	Keypress: c
555.7046 	DATA 	Keypress: n
556.8048 	DATA 	Keypress: t
556.9492 	EXP 	New trial (rep=2, index=8): {'leftStreamFlip': False, 'oneTarget': False, 'trialInstructionPos': (0, 1), 'probe': 'both', 'rightStreamFlip': False, 'horizVert': False, 'ISIframes': 2, 'rightResponseFirst': False}
556.9701 	INFO 	numtrials=360 and this trialDurFrames=4 or 66.6666666667 ms  task=T1
558.1879 	EXP 	window1: recordFrameIntervals = False
558.1964 	INFO 	Mouse: using default window
561.4381 	DATA 	Keypress: c
562.6874 	DATA 	Keypress: f
564.5710 	DATA 	Keypress: t
564.7097 	EXP 	New trial (rep=2, index=9): {'leftStreamFlip': False, 'oneTarget': False, 'trialInstructionPos': (0, -1), 'probe': 'both', 'rightStreamFlip': False, 'horizVert': False, 'ISIframes': 2, 'rightResponseFirst': True}
564.7365 	INFO 	numtrials=360 and this trialDurFrames=4 or 66.6666666667 ms  task=T1
565.8705 	EXP 	window1: recordFrameIntervals = False
565.8786 	INFO 	Mouse: using default window
568.0380 	DATA 	Keypress: m
569.0708 	DATA 	Keypress: c
569.9548 	DATA 	Keypress: t
570.0964 	EXP 	New trial (rep=2, index=10): {'leftStreamFlip': False, 'oneTarget': False, 'trialInstructionPos': (0, -1), 'probe': 'both', 'rightStreamFlip': False, 'horizVert': False, 'ISIframes': 2, 'rightResponseFirst': False}
570.1197 	INFO 	numtrials=360 and this trialDurFrames=4 or 66.6666666667 ms  task=T1
571.2371 	EXP 	window1: recordFrameIntervals = False
571.2454 	INFO 	Mouse: using default window
573.4057 	DATA 	Keypress: a
573.9378 	DATA 	Keypress: a
574.9048 	DATA 	Keypress: j
575.0556 	EXP 	New trial (rep=2, index=11): {'leftStreamFlip': False, 'oneTarget': False, 'trialInstructionPos': (0, 1), 'probe': 'both', 'rightStreamFlip': False, 'horizVert': False, 'ISIframes': 2, 'rightResponseFirst': True}
575.0702 	INFO 	numtrials=360 and this trialDurFrames=4 or 66.6666666667 ms  task=T1
576.1039 	EXP 	window1: recordFrameIntervals = False
576.1121 	INFO 	Mouse: using default window
579.2546 	DATA 	Keypress: a
580.7208 	DATA 	Keypress: c
582.0710 	DATA 	Keypress: u
582.2127 	EXP 	New trial (rep=3, index=0): {'leftStreamFlip': False, 'oneTarget': False, 'trialInstructionPos': (0, -1), 'probe': 'both', 'rightStreamFlip': False, 'horizVert': False, 'ISIframes': 2, 'rightResponseFirst': True}
582.2363 	INFO 	numtrials=360 and this trialDurFrames=4 or 66.6666666667 ms  task=T1
583.3377 	EXP 	window1: recordFrameIntervals = False
583.3456 	INFO 	Mouse: using default window
586.9375 	DATA 	Keypress: g
588.3213 	DATA 	Keypress: y
591.3378 	DATA 	Keypress: n
591.4810 	EXP 	New trial (rep=3, index=1): {'leftStreamFlip': False, 'oneTarget': False, 'trialInstructionPos': (0, 1), 'probe': 'both', 'rightStreamFlip': False, 'horizVert': False, 'ISIframes': 2, 'rightResponseFirst': False}
591.5033 	INFO 	numtrials=360 and this trialDurFrames=4 or 66.6666666667 ms  task=T1
592.6705 	EXP 	window1: recordFrameIntervals = False
592.6795 	INFO 	Mouse: using default window
594.5713 	DATA 	Keypress: z
595.8214 	DATA 	Keypress: c
597.3213 	DATA 	Keypress: t
597.4639 	EXP 	New trial (rep=3, index=2): {'leftStreamFlip': False, 'oneTarget': False, 'trialInstructionPos': (0, -1), 'probe': 'both', 'rightStreamFlip': False, 'horizVert': False, 'ISIframes': 2, 'rightResponseFirst': False}
597.4867 	INFO 	numtrials=360 and this trialDurFrames=4 or 66.6666666667 ms  task=T1
598.5704 	EXP 	window1: recordFrameIntervals = False
598.5787 	INFO 	Mouse: using default window
601.6046 	DATA 	Keypress: g
603.5713 	DATA 	Keypress: h
604.3880 	DATA 	Keypress: f
604.5308 	EXP 	New trial (rep=3, index=3): {'leftStreamFlip': False, 'oneTarget': False, 'trialInstructionPos': (0, 1), 'probe': 'both', 'rightStreamFlip': False, 'horizVert': False, 'ISIframes': 2, 'rightResponseFirst': True}
604.5533 	INFO 	numtrials=360 and this trialDurFrames=4 or 66.6666666667 ms  task=T1
605.6871 	EXP 	window1: recordFrameIntervals = False
605.6954 	INFO 	Mouse: using default window
608.8880 	DATA 	Keypress: s
613.3047 	DATA 	Keypress: s
614.5713 	DATA 	Keypress: z
614.7166 	EXP 	New trial (rep=3, index=4): {'leftStreamFlip': False, 'oneTarget': False, 'trialInstructionPos': (0, -1), 'probe': 'both', 'rightStreamFlip': False, 'horizVert': False, 'ISIframes': 2, 'rightResponseFirst': True}
614.7367 	INFO 	numtrials=360 and this trialDurFrames=4 or 66.6666666667 ms  task=T1
615.7373 	EXP 	window1: recordFrameIntervals = False
615.7454 	INFO 	Mouse: using default window
618.5212 	DATA 	Keypress: h
619.6215 	DATA 	Keypress: s
620.4379 	DATA 	Keypress: h
620.5812 	EXP 	New trial (rep=3, index=5): {'leftStreamFlip': False, 'oneTarget': False, 'trialInstructionPos': (0, -1), 'probe': 'both', 'rightStreamFlip': False, 'horizVert': False, 'ISIframes': 2, 'rightResponseFirst': True}
620.6036 	INFO 	numtrials=360 and this trialDurFrames=4 or 66.6666666667 ms  task=T1
621.6704 	EXP 	window1: recordFrameIntervals = False
621.6787 	INFO 	Mouse: using default window
624.1892 	DATA 	Keypress: e
625.4382 	DATA 	Keypress: f
626.2381 	DATA 	Keypress: h
626.3814 	EXP 	New trial (rep=3, index=6): {'leftStreamFlip': False, 'oneTarget': False, 'trialInstructionPos': (0, 1), 'probe': 'both', 'rightStreamFlip': False, 'horizVert': False, 'ISIframes': 2, 'rightResponseFirst': False}
626.4033 	INFO 	numtrials=360 and this trialDurFrames=4 or 66.6666666667 ms  task=T1
627.4204 	EXP 	window1: recordFrameIntervals = False
627.4287 	INFO 	Mouse: using default window
630.5046 	DATA 	Keypress: f
634.1874 	DATA 	Keypress: t
638.0880 	DATA 	Keypress: h
638.2300 	EXP 	New trial (rep=3, index=7): {'leftStreamFlip': False, 'oneTarget': False, 'trialInstructionPos': (0, -1), 'probe': 'both', 'rightStreamFlip': False, 'horizVert': False, 'ISIframes': 2, 'rightResponseFirst': False}
638.2531 	INFO 	numtrials=360 and this trialDurFrames=4 or 66.6666666667 ms  task=T1
639.3037 	EXP 	window1: recordFrameIntervals = False
639.3120 	INFO 	Mouse: using default window
641.8381 	DATA 	Keypress: c
642.8878 	DATA 	Keypress: e
643.6378 	DATA 	Keypress: t
643.7809 	EXP 	New trial (rep=3, index=8): {'leftStreamFlip': False, 'oneTarget': False, 'trialInstructionPos': (0, 1), 'probe': 'both', 'rightStreamFlip': False, 'horizVert': False, 'ISIframes': 2, 'rightResponseFirst': True}
643.8033 	INFO 	numtrials=360 and this trialDurFrames=4 or 66.6666666667 ms  task=T1
644.9037 	EXP 	window1: recordFrameIntervals = False
644.9121 	INFO 	Mouse: using default window
646.8379 	DATA 	Keypress: z
647.5714 	DATA 	Keypress: z
648.7046 	DATA 	Keypress: m
648.8477 	EXP 	New trial (rep=3, index=9): {'leftStreamFlip': False, 'oneTarget': False, 'trialInstructionPos': (0, 1), 'probe': 'both', 'rightStreamFlip': False, 'horizVert': False, 'ISIframes': 2, 'rightResponseFirst': True}
648.8701 	INFO 	numtrials=360 and this trialDurFrames=4 or 66.6666666667 ms  task=T1
649.8876 	EXP 	window1: recordFrameIntervals = False
649.8965 	INFO 	Mouse: using default window
651.9047 	DATA 	Keypress: k
652.9877 	DATA 	Keypress: f
654.0045 	DATA 	Keypress: n
654.1475 	EXP 	New trial (rep=3, index=10): {'leftStreamFlip': False, 'oneTarget': False, 'trialInstructionPos': (0, 1), 'probe': 'both', 'rightStreamFlip': False, 'horizVert': False, 'ISIframes': 2, 'rightResponseFirst': False}
654.1699 	INFO 	numtrials=360 and this trialDurFrames=4 or 66.6666666667 ms  task=T1
655.3704 	EXP 	window1: recordFrameIntervals = False
655.3787 	INFO 	Mouse: using default window
659.1211 	DATA 	Keypress: t
660.6714 	DATA 	Keypress: h
663.9540 	DATA 	Keypress: c
664.0941 	EXP 	New trial (rep=3, index=11): {'leftStreamFlip': False, 'oneTarget': False, 'trialInstructionPos': (0, -1), 'probe': 'both', 'rightStreamFlip': False, 'horizVert': False, 'ISIframes': 2, 'rightResponseFirst': False}
664.1203 	INFO 	numtrials=360 and this trialDurFrames=3 or 50.0 ms  task=T1
665.1044 	EXP 	window1: recordFrameIntervals = False
665.1120 	INFO 	Mouse: using default window
668.9713 	DATA 	Keypress: f
669.1546 	DATA 	Keypress: h
669.3891 	DATA 	Keypress: l
669.5469 	EXP 	New trial (rep=4, index=0): {'leftStreamFlip': False, 'oneTarget': False, 'trialInstructionPos': (0, 1), 'probe': 'both', 'rightStreamFlip': False, 'horizVert': False, 'ISIframes': 2, 'rightResponseFirst': False}
669.5695 	INFO 	numtrials=360 and this trialDurFrames=4 or 66.6666666667 ms  task=T1
670.6037 	EXP 	window1: recordFrameIntervals = False
670.6122 	INFO 	Mouse: using default window
673.9046 	DATA 	Keypress: m
674.9540 	DATA 	Keypress: h
676.3378 	DATA 	Keypress: k
676.4802 	EXP 	New trial (rep=4, index=1): {'leftStreamFlip': False, 'oneTarget': False, 'trialInstructionPos': (0, -1), 'probe': 'both', 'rightStreamFlip': False, 'horizVert': False, 'ISIframes': 2, 'rightResponseFirst': True}
676.5031 	INFO 	numtrials=360 and this trialDurFrames=4 or 66.6666666667 ms  task=T1
677.6203 	EXP 	window1: recordFrameIntervals = False
677.6286 	INFO 	Mouse: using default window
680.0708 	DATA 	Keypress: f
681.5046 	DATA 	Keypress: n
682.6712 	DATA 	Keypress: k
682.8126 	EXP 	New trial (rep=4, index=2): {'leftStreamFlip': False, 'oneTarget': False, 'trialInstructionPos': (0, -1), 'probe': 'both', 'rightStreamFlip': False, 'horizVert': False, 'ISIframes': 2, 'rightResponseFirst': True}
682.8369 	INFO 	numtrials=360 and this trialDurFrames=4 or 66.6666666667 ms  task=T1
683.8537 	EXP 	window1: recordFrameIntervals = False
683.8620 	INFO 	Mouse: using default window
685.7878 	DATA 	Keypress: y
693.7713 	DATA 	Keypress: a
696.4213 	DATA 	Keypress: k
696.5625 	EXP 	New trial (rep=4, index=3): {'leftStreamFlip': False, 'oneTarget': False, 'trialInstructionPos': (0, 1), 'probe': 'both', 'rightStreamFlip': False, 'horizVert': False, 'ISIframes': 2, 'rightResponseFirst': True}
696.5864 	INFO 	numtrials=360 and this trialDurFrames=4 or 66.6666666667 ms  task=T1
697.7205 	EXP 	window1: recordFrameIntervals = False
697.7294 	INFO 	Mouse: using default window
699.7881 	DATA 	Keypress: f
700.6548 	DATA 	Keypress: a
701.4546 	DATA 	Keypress: t
701.5970 	EXP 	New trial (rep=4, index=4): {'leftStreamFlip': False, 'oneTarget': False, 'trialInstructionPos': (0, 1), 'probe': 'both', 'rightStreamFlip': False, 'horizVert': False, 'ISIframes': 2, 'rightResponseFirst': False}
701.6195 	INFO 	numtrials=360 and this trialDurFrames=4 or 66.6666666667 ms  task=T1
702.7205 	EXP 	window1: recordFrameIntervals = False
702.7286 	INFO 	Mouse: using default window
704.7711 	DATA 	Keypress: u
705.9378 	DATA 	Keypress: m
707.7546 	DATA 	Keypress: t
707.8978 	EXP 	New trial (rep=4, index=5): {'leftStreamFlip': False, 'oneTarget': False, 'trialInstructionPos': (0, -1), 'probe': 'both', 'rightStreamFlip': False, 'horizVert': False, 'ISIframes': 2, 'rightResponseFirst': False}
707.9200 	INFO 	numtrials=360 and this trialDurFrames=4 or 66.6666666667 ms  task=T1
708.9378 	EXP 	window1: recordFrameIntervals = False
708.9455 	INFO 	Mouse: using default window
711.1543 	DATA 	Keypress: j
712.6876 	DATA 	Keypress: z
713.7712 	DATA 	Keypress: y
713.9137 	EXP 	New trial (rep=4, index=6): {'leftStreamFlip': False, 'oneTarget': False, 'trialInstructionPos': (0, 1), 'probe': 'both', 'rightStreamFlip': False, 'horizVert': False, 'ISIframes': 2, 'rightResponseFirst': False}
713.9364 	INFO 	numtrials=360 and this trialDurFrames=3 or 50.0 ms  task=T1
715.1038 	EXP 	window1: recordFrameIntervals = False
715.1121 	INFO 	Mouse: using default window
718.3878 	DATA 	Keypress: f
719.7711 	DATA 	Keypress: c
721.3380 	DATA 	Keypress: m
721.4787 	EXP 	New trial (rep=4, index=7): {'leftStreamFlip': False, 'oneTarget': False, 'trialInstructionPos': (0, -1), 'probe': 'both', 'rightStreamFlip': False, 'horizVert': False, 'ISIframes': 2, 'rightResponseFirst': False}
721.5033 	INFO 	numtrials=360 and this trialDurFrames=3 or 50.0 ms  task=T1
722.5039 	EXP 	window1: recordFrameIntervals = False
722.5122 	INFO 	Mouse: using default window
726.1713 	DATA 	Keypress: c
727.4047 	DATA 	Keypress: m
728.5211 	DATA 	Keypress: f
728.6641 	EXP 	New trial (rep=4, index=8): {'leftStreamFlip': False, 'oneTarget': False, 'trialInstructionPos': (0, -1), 'probe': 'both', 'rightStreamFlip': False, 'horizVert': False, 'ISIframes': 2, 'rightResponseFirst': True}
728.6866 	INFO 	numtrials=360 and this trialDurFrames=4 or 66.6666666667 ms  task=T1
729.7377 	EXP 	window1: recordFrameIntervals = False
729.7454 	INFO 	Mouse: using default window
732.4712 	DATA 	Keypress: m
733.7377 	DATA 	Keypress: c
734.7213 	DATA 	Keypress: t
734.8631 	EXP 	New trial (rep=4, index=9): {'leftStreamFlip': False, 'oneTarget': False, 'trialInstructionPos': (0, -1), 'probe': 'both', 'rightStreamFlip': False, 'horizVert': False, 'ISIframes': 2, 'rightResponseFirst': False}
734.8869 	INFO 	numtrials=360 and this trialDurFrames=4 or 66.6666666667 ms  task=T1
736.0537 	EXP 	window1: recordFrameIntervals = False
736.0624 	INFO 	Mouse: using default window
738.2216 	DATA 	Keypress: m
739.4375 	DATA 	Keypress: e
740.4711 	DATA 	Keypress: y
740.6128 	EXP 	New trial (rep=4, index=10): {'leftStreamFlip': False, 'oneTarget': False, 'trialInstructionPos': (0, 1), 'probe': 'both', 'rightStreamFlip': False, 'horizVert': False, 'ISIframes': 2, 'rightResponseFirst': True}
740.6367 	INFO 	numtrials=360 and this trialDurFrames=3 or 50.0 ms  task=T1
741.8037 	EXP 	window1: recordFrameIntervals = False
741.8118 	INFO 	Mouse: using default window
744.5212 	DATA 	Keypress: c
745.5211 	DATA 	Keypress: r
747.2876 	DATA 	Keypress: m
747.4303 	EXP 	New trial (rep=4, index=11): {'leftStreamFlip': False, 'oneTarget': False, 'trialInstructionPos': (0, 1), 'probe': 'both', 'rightStreamFlip': False, 'horizVert': False, 'ISIframes': 2, 'rightResponseFirst': True}
747.4533 	INFO 	numtrials=360 and this trialDurFrames=3 or 50.0 ms  task=T1
748.5203 	EXP 	window1: recordFrameIntervals = False
748.5288 	INFO 	Mouse: using default window
754.2874 	DATA 	Keypress: a
755.1039 	DATA 	Keypress: z
755.6707 	DATA 	Keypress: a
755.8135 	EXP 	New trial (rep=5, index=0): {'leftStreamFlip': False, 'oneTarget': False, 'trialInstructionPos': (0, -1), 'probe': 'both', 'rightStreamFlip': False, 'horizVert': False, 'ISIframes': 2, 'rightResponseFirst': True}
755.8366 	INFO 	numtrials=360 and this trialDurFrames=3 or 50.0 ms  task=T1
756.9036 	EXP 	window1: recordFrameIntervals = False
756.9123 	INFO 	Mouse: using default window
761.7889 	DATA 	Keypress: g
763.1874 	DATA 	Keypress: f
763.7378 	DATA 	Keypress: t
763.8796 	EXP 	New trial (rep=5, index=1): {'leftStreamFlip': False, 'oneTarget': False, 'trialInstructionPos': (0, -1), 'probe': 'both', 'rightStreamFlip': False, 'horizVert': False, 'ISIframes': 2, 'rightResponseFirst': False}
763.9031 	INFO 	numtrials=360 and this trialDurFrames=3 or 50.0 ms  task=T1
764.9036 	EXP 	window1: recordFrameIntervals = False
764.9125 	INFO 	Mouse: using default window
772.0044 	DATA 	Keypress: a
772.9713 	DATA 	Keypress: a
776.0211 	DATA 	Keypress: f
776.1638 	EXP 	New trial (rep=5, index=2): {'leftStreamFlip': False, 'oneTarget': False, 'trialInstructionPos': (0, 1), 'probe': 'both', 'rightStreamFlip': False, 'horizVert': False, 'ISIframes': 2, 'rightResponseFirst': False}
776.1865 	INFO 	numtrials=360 and this trialDurFrames=4 or 66.6666666667 ms  task=T1
777.3036 	EXP 	window1: recordFrameIntervals = False
777.3121 	INFO 	Mouse: using default window
779.1205 	DATA 	Keypress: z
784.2047 	DATA 	Keypress: i
785.6045 	DATA 	Keypress: g
785.7469 	EXP 	New trial (rep=5, index=3): {'leftStreamFlip': False, 'oneTarget': False, 'trialInstructionPos': (0, 1), 'probe': 'both', 'rightStreamFlip': False, 'horizVert': False, 'ISIframes': 2, 'rightResponseFirst': True}
785.7697 	INFO 	numtrials=360 and this trialDurFrames=4 or 66.6666666667 ms  task=T1
786.9036 	EXP 	window1: recordFrameIntervals = False
786.9119 	INFO 	Mouse: using default window
788.8713 	DATA 	Keypress: y
789.7877 	DATA 	Keypress: a
790.6048 	DATA 	Keypress: k
790.7472 	EXP 	New trial (rep=5, index=4): {'leftStreamFlip': False, 'oneTarget': False, 'trialInstructionPos': (0, 1), 'probe': 'both', 'rightStreamFlip': False, 'horizVert': False, 'ISIframes': 2, 'rightResponseFirst': False}
790.7697 	INFO 	numtrials=360 and this trialDurFrames=3 or 50.0 ms  task=T1
791.9704 	EXP 	window1: recordFrameIntervals = False
791.9785 	INFO 	Mouse: using default window
794.4045 	DATA 	Keypress: t
796.0221 	DATA 	Keypress: g
797.7377 	DATA 	Keypress: z
797.8825 	EXP 	New trial (rep=5, index=5): {'leftStreamFlip': False, 'oneTarget': False, 'trialInstructionPos': (0, -1), 'probe': 'both', 'rightStreamFlip': False, 'horizVert': False, 'ISIframes': 2, 'rightResponseFirst': True}
797.9032 	INFO 	numtrials=360 and this trialDurFrames=3 or 50.0 ms  task=T1
798.9043 	EXP 	window1: recordFrameIntervals = False
798.9122 	INFO 	Mouse: using default window
802.2712 	DATA 	Keypress: a
803.3046 	DATA 	Keypress: z
805.9545 	DATA 	Keypress: r
806.1263 	EXP 	New trial (rep=5, index=6): {'leftStreamFlip': False, 'oneTarget': False, 'trialInstructionPos': (0, -1), 'probe': 'both', 'rightStreamFlip': False, 'horizVert': False, 'ISIframes': 2, 'rightResponseFirst': True}
806.1541 	INFO 	numtrials=360 and this trialDurFrames=4 or 66.6666666667 ms  task=T1
807.2871 	EXP 	window1: recordFrameIntervals = False
807.2952 	INFO 	Mouse: using default window
810.4379 	DATA 	Keypress: r
811.3212 	DATA 	Keypress: c
812.3214 	DATA 	Keypress: t
812.4622 	EXP 	New trial (rep=5, index=7): {'leftStreamFlip': False, 'oneTarget': False, 'trialInstructionPos': (0, -1), 'probe': 'both', 'rightStreamFlip': False, 'horizVert': False, 'ISIframes': 2, 'rightResponseFirst': False}
812.4868 	INFO 	numtrials=360 and this trialDurFrames=4 or 66.6666666667 ms  task=T1
813.6703 	EXP 	window1: recordFrameIntervals = False
813.6785 	INFO 	Mouse: using default window
816.9214 	DATA 	Keypress: f
817.3888 	DATA 	Keypress: f
818.2047 	DATA 	Keypress: c
818.3525 	EXP 	New trial (rep=5, index=8): {'leftStreamFlip': False, 'oneTarget': False, 'trialInstructionPos': (0, 1), 'probe': 'both', 'rightStreamFlip': False, 'horizVert': False, 'ISIframes': 2, 'rightResponseFirst': False}
818.3698 	INFO 	numtrials=360 and this trialDurFrames=3 or 50.0 ms  task=T1
819.5542 	EXP 	window1: recordFrameIntervals = False
819.5620 	INFO 	Mouse: using default window
823.9045 	DATA 	Keypress: m
825.3045 	DATA 	Keypress: d
826.7877 	DATA 	Keypress: r
826.9296 	EXP 	New trial (rep=5, index=9): {'leftStreamFlip': False, 'oneTarget': False, 'trialInstructionPos': (0, 1), 'probe': 'both', 'rightStreamFlip': False, 'horizVert': False, 'ISIframes': 2, 'rightResponseFirst': True}
826.9531 	INFO 	numtrials=360 and this trialDurFrames=4 or 66.6666666667 ms  task=T1
827.9703 	EXP 	window1: recordFrameIntervals = False
827.9786 	INFO 	Mouse: using default window
831.3879 	DATA 	Keypress: g
832.6711 	DATA 	Keypress: y
833.6879 	DATA 	Keypress: f
833.8292 	EXP 	New trial (rep=5, index=10): {'leftStreamFlip': False, 'oneTarget': False, 'trialInstructionPos': (0, -1), 'probe': 'both', 'rightStreamFlip': False, 'horizVert': False, 'ISIframes': 2, 'rightResponseFirst': False}
833.8531 	INFO 	numtrials=360 and this trialDurFrames=4 or 66.6666666667 ms  task=T1
834.9871 	EXP 	window1: recordFrameIntervals = False
834.9953 	INFO 	Mouse: using default window
838.0045 	DATA 	Keypress: y
840.8041 	DATA 	Keypress: j
846.8207 	DATA 	Keypress: g
846.9591 	EXP 	New trial (rep=5, index=11): {'leftStreamFlip': False, 'oneTarget': False, 'trialInstructionPos': (0, 1), 'probe': 'both', 'rightStreamFlip': False, 'horizVert': False, 'ISIframes': 2, 'rightResponseFirst': True}
846.9861 	INFO 	numtrials=360 and this trialDurFrames=4 or 66.6666666667 ms  task=T1
847.9872 	EXP 	window1: recordFrameIntervals = False
847.9953 	INFO 	Mouse: using default window
850.5879 	DATA 	Keypress: n
851.8705 	DATA 	Keypress: r
853.0538 	DATA 	Keypress: n
853.2286 	EXP 	New trial (rep=6, index=0): {'leftStreamFlip': False, 'oneTarget': False, 'trialInstructionPos': (0, 1), 'probe': 'both', 'rightStreamFlip': False, 'horizVert': False, 'ISIframes': 2, 'rightResponseFirst': False}
853.2533 	INFO 	numtrials=360 and this trialDurFrames=4 or 66.6666666667 ms  task=T1
854.2878 	EXP 	window1: recordFrameIntervals = False
854.2956 	INFO 	Mouse: using default window
856.3373 	DATA 	Keypress: r
857.3538 	DATA 	Keypress: s
858.2876 	DATA 	Keypress: m
858.4313 	EXP 	New trial (rep=6, index=1): {'leftStreamFlip': False, 'oneTarget': False, 'trialInstructionPos': (0, -1), 'probe': 'both', 'rightStreamFlip': False, 'horizVert': False, 'ISIframes': 2, 'rightResponseFirst': True}
858.4531 	INFO 	numtrials=360 and this trialDurFrames=4 or 66.6666666667 ms  task=T1
859.6203 	EXP 	window1: recordFrameIntervals = False
859.6283 	INFO 	Mouse: using default window
861.2038 	DATA 	Keypress: g
868.4045 	DATA 	Keypress: f
871.9716 	DATA 	Keypress: f
872.1121 	EXP 	New trial (rep=6, index=2): {'leftStreamFlip': False, 'oneTarget': False, 'trialInstructionPos': (0, 1), 'probe': 'both', 'rightStreamFlip': False, 'horizVert': False, 'ISIframes': 2, 'rightResponseFirst': False}
872.1363 	INFO 	numtrials=360 and this trialDurFrames=4 or 66.6666666667 ms  task=T1
873.3036 	EXP 	window1: recordFrameIntervals = False
873.3119 	INFO 	Mouse: using default window
875.0047 	DATA 	Keypress: s
876.8707 	DATA 	Keypress: u
877.7716 	DATA 	Keypress: t
877.9138 	EXP 	New trial (rep=6, index=3): {'leftStreamFlip': False, 'oneTarget': False, 'trialInstructionPos': (0, 1), 'probe': 'both', 'rightStreamFlip': False, 'horizVert': False, 'ISIframes': 2, 'rightResponseFirst': True}
877.9366 	INFO 	numtrials=360 and this trialDurFrames=4 or 66.6666666667 ms  task=T1
879.0369 	EXP 	window1: recordFrameIntervals = False
879.0452 	INFO 	Mouse: using default window
881.2706 	DATA 	Keypress: f
882.3375 	DATA 	Keypress: c
883.2375 	DATA 	Keypress: t
883.3809 	EXP 	New trial (rep=6, index=4): {'leftStreamFlip': False, 'oneTarget': False, 'trialInstructionPos': (0, -1), 'probe': 'both', 'rightStreamFlip': False, 'horizVert': False, 'ISIframes': 2, 'rightResponseFirst': False}
883.4027 	INFO 	numtrials=360 and this trialDurFrames=4 or 66.6666666667 ms  task=T1
884.6037 	EXP 	window1: recordFrameIntervals = False
884.6118 	INFO 	Mouse: using default window
886.5546 	DATA 	Keypress: y
887.7045 	DATA 	Keypress: n
888.5711 	DATA 	Keypress: a
888.7131 	EXP 	New trial (rep=6, index=5): {'leftStreamFlip': False, 'oneTarget': False, 'trialInstructionPos': (0, -1), 'probe': 'both', 'rightStreamFlip': False, 'horizVert': False, 'ISIframes': 2, 'rightResponseFirst': False}
888.7363 	INFO 	numtrials=360 and this trialDurFrames=4 or 66.6666666667 ms  task=T1
889.9372 	EXP 	window1: recordFrameIntervals = False
889.9453 	INFO 	Mouse: using default window
892.8210 	DATA 	Keypress: k
893.9705 	DATA 	Keypress: f
895.4046 	DATA 	Keypress: k
895.5447 	EXP 	New trial (rep=6, index=6): {'leftStreamFlip': False, 'oneTarget': False, 'trialInstructionPos': (0, 1), 'probe': 'both', 'rightStreamFlip': False, 'horizVert': False, 'ISIframes': 2, 'rightResponseFirst': False}
895.5697 	INFO 	numtrials=360 and this trialDurFrames=3 or 50.0 ms  task=T1
896.6536 	EXP 	window1: recordFrameIntervals = False
896.6619 	INFO 	Mouse: using default window
899.3546 	DATA 	Keypress: n
900.3211 	DATA 	Keypress: z
901.4379 	DATA 	Keypress: j
901.5797 	EXP 	New trial (rep=6, index=7): {'leftStreamFlip': False, 'oneTarget': False, 'trialInstructionPos': (0, -1), 'probe': 'both', 'rightStreamFlip': False, 'horizVert': False, 'ISIframes': 2, 'rightResponseFirst': True}
901.6032 	INFO 	numtrials=360 and this trialDurFrames=3 or 50.0 ms  task=T1
902.8037 	EXP 	window1: recordFrameIntervals = False
902.8119 	INFO 	Mouse: using default window
905.5878 	DATA 	Keypress: g
906.4540 	DATA 	Keypress: f
907.1707 	DATA 	Keypress: a
907.3100 	EXP 	New trial (rep=6, index=8): {'leftStreamFlip': False, 'oneTarget': False, 'trialInstructionPos': (0, -1), 'probe': 'both', 'rightStreamFlip': False, 'horizVert': False, 'ISIframes': 2, 'rightResponseFirst': True}
907.3358 	INFO 	numtrials=360 and this trialDurFrames=4 or 66.6666666667 ms  task=T1
908.5035 	EXP 	window1: recordFrameIntervals = False
908.5113 	INFO 	Mouse: using default window
911.2872 	DATA 	Keypress: a
912.2873 	DATA 	Keypress: z
913.7540 	DATA 	Keypress: e
913.8939 	EXP 	New trial (rep=6, index=9): {'leftStreamFlip': False, 'oneTarget': False, 'trialInstructionPos': (0, 1), 'probe': 'both', 'rightStreamFlip': False, 'horizVert': False, 'ISIframes': 2, 'rightResponseFirst': True}
913.9193 	INFO 	numtrials=360 and this trialDurFrames=4 or 66.6666666667 ms  task=T1
915.0041 	EXP 	window1: recordFrameIntervals = False
915.0119 	INFO 	Mouse: using default window
919.9371 	DATA 	Keypress: s
920.4872 	DATA 	Keypress: s
922.7206 	DATA 	Keypress: a
922.8577 	EXP 	New trial (rep=6, index=10): {'leftStreamFlip': False, 'oneTarget': False, 'trialInstructionPos': (0, 1), 'probe': 'both', 'rightStreamFlip': False, 'horizVert': False, 'ISIframes': 2, 'rightResponseFirst': True}
922.8693 	INFO 	numtrials=360 and this trialDurFrames=3 or 50.0 ms  task=T1
924.0705 	EXP 	window1: recordFrameIntervals = False
924.0782 	INFO 	Mouse: using default window
926.5206 	DATA 	Keypress: a
928.2375 	DATA 	Keypress: n
929.5537 	DATA 	Keypress: y
929.6922 	EXP 	New trial (rep=6, index=11): {'leftStreamFlip': False, 'oneTarget': False, 'trialInstructionPos': (0, -1), 'probe': 'both', 'rightStreamFlip': False, 'horizVert': False, 'ISIframes': 2, 'rightResponseFirst': False}
929.7031 	INFO 	numtrials=360 and this trialDurFrames=4 or 66.6666666667 ms  task=T1
930.7038 	EXP 	window1: recordFrameIntervals = False
930.7120 	INFO 	Mouse: using default window
932.7207 	DATA 	Keypress: m
934.0040 	DATA 	Keypress: e
935.6207 	DATA 	Keypress: z
935.7618 	EXP 	New trial (rep=7, index=0): {'leftStreamFlip': False, 'oneTarget': False, 'trialInstructionPos': (0, 1), 'probe': 'both', 'rightStreamFlip': False, 'horizVert': False, 'ISIframes': 2, 'rightResponseFirst': True}
935.7860 	INFO 	numtrials=360 and this trialDurFrames=4 or 66.6666666667 ms  task=T1
936.9205 	EXP 	window1: recordFrameIntervals = False
936.9289 	INFO 	Mouse: using default window
938.6871 	DATA 	Keypress: g
939.7879 	DATA 	Keypress: n
940.4209 	DATA 	Keypress: c
940.5592 	EXP 	New trial (rep=7, index=1): {'leftStreamFlip': False, 'oneTarget': False, 'trialInstructionPos': (0, -1), 'probe': 'both', 'rightStreamFlip': False, 'horizVert': False, 'ISIframes': 2, 'rightResponseFirst': True}
940.5708 	INFO 	numtrials=360 and this trialDurFrames=3 or 50.0 ms  task=T1
941.5880 	EXP 	window1: recordFrameIntervals = False
941.5955 	INFO 	Mouse: using default window
945.5704 	DATA 	Keypress: z
946.1372 	DATA 	Keypress: z
947.6872 	DATA 	Keypress: z
947.8283 	EXP 	New trial (rep=7, index=2): {'leftStreamFlip': False, 'oneTarget': False, 'trialInstructionPos': (0, 1), 'probe': 'both', 'rightStreamFlip': False, 'horizVert': False, 'ISIframes': 2, 'rightResponseFirst': False}
947.8538 	INFO 	numtrials=360 and this trialDurFrames=4 or 66.6666666667 ms  task=T1
949.0535 	EXP 	window1: recordFrameIntervals = False
949.0623 	INFO 	Mouse: using default window
951.2371 	DATA 	Keypress: s
952.4711 	DATA 	Keypress: j
955.3211 	DATA 	Keypress: n
955.4617 	EXP 	New trial (rep=7, index=3): {'leftStreamFlip': False, 'oneTarget': False, 'trialInstructionPos': (0, 1), 'probe': 'both', 'rightStreamFlip': False, 'horizVert': False, 'ISIframes': 2, 'rightResponseFirst': True}
955.4866 	INFO 	numtrials=360 and this trialDurFrames=4 or 66.6666666667 ms  task=T1
956.6372 	EXP 	window1: recordFrameIntervals = False
956.6456 	INFO 	Mouse: using default window
959.3211 	DATA 	Keypress: j
960.2376 	DATA 	Keypress: z
961.2711 	DATA 	Keypress: y
961.4140 	EXP 	New trial (rep=7, index=4): {'leftStreamFlip': False, 'oneTarget': False, 'trialInstructionPos': (0, -1), 'probe': 'both', 'rightStreamFlip': False, 'horizVert': False, 'ISIframes': 2, 'rightResponseFirst': True}
961.4364 	INFO 	numtrials=360 and this trialDurFrames=3 or 50.0 ms  task=T1
962.6372 	EXP 	window1: recordFrameIntervals = False
962.6453 	INFO 	Mouse: using default window
964.5372 	DATA 	Keypress: a
966.7211 	DATA 	Keypress: y
967.5538 	DATA 	Keypress: k
967.6920 	EXP 	New trial (rep=7, index=5): {'leftStreamFlip': False, 'oneTarget': False, 'trialInstructionPos': (0, -1), 'probe': 'both', 'rightStreamFlip': False, 'horizVert': False, 'ISIframes': 2, 'rightResponseFirst': False}
967.7031 	INFO 	numtrials=360 and this trialDurFrames=4 or 66.6666666667 ms  task=T1
968.7536 	EXP 	window1: recordFrameIntervals = False
968.7619 	INFO 	Mouse: using default window
972.5878 	DATA 	Keypress: j
973.9876 	DATA 	Keypress: f
975.0039 	DATA 	Keypress: s
975.1446 	EXP 	New trial (rep=7, index=6): {'leftStreamFlip': False, 'oneTarget': False, 'trialInstructionPos': (0, 1), 'probe': 'both', 'rightStreamFlip': False, 'horizVert': False, 'ISIframes': 2, 'rightResponseFirst': False}
975.1698 	INFO 	numtrials=360 and this trialDurFrames=4 or 66.6666666667 ms  task=T1
976.2370 	EXP 	window1: recordFrameIntervals = False
976.2451 	INFO 	Mouse: using default window
978.4711 	DATA 	Keypress: n
979.7038 	DATA 	Keypress: s
980.5210 	DATA 	Keypress: g
980.6640 	EXP 	New trial (rep=7, index=7): {'leftStreamFlip': False, 'oneTarget': False, 'trialInstructionPos': (0, -1), 'probe': 'both', 'rightStreamFlip': False, 'horizVert': False, 'ISIframes': 2, 'rightResponseFirst': True}
980.6865 	INFO 	numtrials=360 and this trialDurFrames=3 or 50.0 ms  task=T1
981.7369 	EXP 	window1: recordFrameIntervals = False
981.7453 	INFO 	Mouse: using default window
986.4546 	DATA 	Keypress: n
989.2705 	DATA 	Keypress: a
994.0037 	DATA 	Keypress: e
994.1535 	EXP 	New trial (rep=7, index=8): {'leftStreamFlip': False, 'oneTarget': False, 'trialInstructionPos': (0, -1), 'probe': 'both', 'rightStreamFlip': False, 'horizVert': False, 'ISIframes': 2, 'rightResponseFirst': False}
994.1697 	INFO 	numtrials=360 and this trialDurFrames=4 or 66.6666666667 ms  task=T1
995.2702 	EXP 	window1: recordFrameIntervals = False
995.2786 	INFO 	Mouse: using default window
997.3890 	DATA 	Keypress: h
998.9379 	DATA 	Keypress: a
999.3545 	DATA 	Keypress: a
999.4974 	EXP 	New trial (rep=7, index=9): {'leftStreamFlip': False, 'oneTarget': False, 'trialInstructionPos': (0, -1), 'probe': 'both', 'rightStreamFlip': False, 'horizVert': False, 'ISIframes': 2, 'rightResponseFirst': False}
999.5199 	INFO 	numtrials=360 and this trialDurFrames=4 or 66.6666666667 ms  task=T1
1000.5878 	EXP 	window1: recordFrameIntervals = False
1000.5960 	INFO 	Mouse: using default window
1003.2539 	DATA 	Keypress: c
1004.9045 	DATA 	Keypress: h
1005.5211 	DATA 	Keypress: t
1005.6876 	EXP 	New trial (rep=7, index=10): {'leftStreamFlip': False, 'oneTarget': False, 'trialInstructionPos': (0, 1), 'probe': 'both', 'rightStreamFlip': False, 'horizVert': False, 'ISIframes': 2, 'rightResponseFirst': True}
1005.7030 	INFO 	numtrials=360 and this trialDurFrames=3 or 50.0 ms  task=T1
1006.7535 	EXP 	window1: recordFrameIntervals = False
1006.7619 	INFO 	Mouse: using default window
1015.1710 	DATA 	Keypress: s
1016.8377 	DATA 	Keypress: f
1017.5711 	DATA 	Keypress: s
1017.7124 	EXP 	New trial (rep=7, index=11): {'leftStreamFlip': False, 'oneTarget': False, 'trialInstructionPos': (0, 1), 'probe': 'both', 'rightStreamFlip': False, 'horizVert': False, 'ISIframes': 2, 'rightResponseFirst': False}
1017.7366 	INFO 	numtrials=360 and this trialDurFrames=4 or 66.6666666667 ms  task=T1
1018.9374 	EXP 	window1: recordFrameIntervals = False
1018.9451 	INFO 	Mouse: using default window
1021.1214 	DATA 	Keypress: f
1022.7380 	DATA 	Keypress: j
1024.7043 	DATA 	Keypress: t
1024.8424 	EXP 	New trial (rep=8, index=0): {'leftStreamFlip': False, 'oneTarget': False, 'trialInstructionPos': (0, 1), 'probe': 'both', 'rightStreamFlip': False, 'horizVert': False, 'ISIframes': 2, 'rightResponseFirst': False}
1024.8532 	INFO 	numtrials=360 and this trialDurFrames=4 or 66.6666666667 ms  task=T1
1026.0037 	EXP 	window1: recordFrameIntervals = False
1026.0122 	INFO 	Mouse: using default window
1027.9710 	DATA 	Keypress: g
1028.9376 	DATA 	Keypress: s
1030.1214 	DATA 	Keypress: z
1030.2627 	EXP 	New trial (rep=8, index=1): {'leftStreamFlip': False, 'oneTarget': False, 'trialInstructionPos': (0, 1), 'probe': 'both', 'rightStreamFlip': False, 'horizVert': False, 'ISIframes': 2, 'rightResponseFirst': True}
1030.2863 	INFO 	numtrials=360 and this trialDurFrames=3 or 50.0 ms  task=T1
1031.2535 	EXP 	window1: recordFrameIntervals = False
1031.2620 	INFO 	Mouse: using default window
1033.4878 	DATA 	Keypress: g
1034.0373 	DATA 	Keypress: g
1035.3039 	DATA 	Keypress: k
1035.4508 	EXP 	New trial (rep=8, index=2): {'leftStreamFlip': False, 'oneTarget': False, 'trialInstructionPos': (0, -1), 'probe': 'both', 'rightStreamFlip': False, 'horizVert': False, 'ISIframes': 2, 'rightResponseFirst': False}
1035.4695 	INFO 	numtrials=360 and this trialDurFrames=4 or 66.6666666667 ms  task=T1
1036.4535 	EXP 	window1: recordFrameIntervals = False
1036.4620 	INFO 	Mouse: using default window
1038.9044 	DATA 	Keypress: z
1040.0714 	DATA 	Keypress: y
1042.3203 	DATA 	Keypress: g
1042.4624 	EXP 	New trial (rep=8, index=3): {'leftStreamFlip': False, 'oneTarget': False, 'trialInstructionPos': (0, 1), 'probe': 'both', 'rightStreamFlip': False, 'horizVert': False, 'ISIframes': 2, 'rightResponseFirst': True}
1042.4864 	INFO 	numtrials=360 and this trialDurFrames=4 or 66.6666666667 ms  task=T1
1043.5701 	EXP 	window1: recordFrameIntervals = False
1043.5786 	INFO 	Mouse: using default window
1046.6877 	DATA 	Keypress: w
1047.7878 	DATA 	Keypress: m
1048.6376 	DATA 	Keypress: z
1048.7799 	EXP 	New trial (rep=8, index=4): {'leftStreamFlip': False, 'oneTarget': False, 'trialInstructionPos': (0, -1), 'probe': 'both', 'rightStreamFlip': False, 'horizVert': False, 'ISIframes': 2, 'rightResponseFirst': True}
1048.8030 	INFO 	numtrials=360 and this trialDurFrames=3 or 50.0 ms  task=T1
1049.8371 	EXP 	window1: recordFrameIntervals = False
1049.8453 	INFO 	Mouse: using default window
1051.9044 	DATA 	Keypress: z
1052.6876 	DATA 	Keypress: k
1054.0211 	DATA 	Keypress: g
1054.1644 	EXP 	New trial (rep=8, index=5): {'leftStreamFlip': False, 'oneTarget': False, 'trialInstructionPos': (0, -1), 'probe': 'both', 'rightStreamFlip': False, 'horizVert': False, 'ISIframes': 2, 'rightResponseFirst': True}
1054.1865 	INFO 	numtrials=360 and this trialDurFrames=4 or 66.6666666667 ms  task=T1
1055.2368 	EXP 	window1: recordFrameIntervals = False
1055.2452 	INFO 	Mouse: using default window
1058.3043 	DATA 	Keypress: g
1059.5043 	DATA 	Keypress: t
1061.1207 	DATA 	Keypress: c
1061.2632 	EXP 	New trial (rep=8, index=6): {'leftStreamFlip': False, 'oneTarget': False, 'trialInstructionPos': (0, 1), 'probe': 'both', 'rightStreamFlip': False, 'horizVert': False, 'ISIframes': 2, 'rightResponseFirst': False}
1061.2864 	INFO 	numtrials=360 and this trialDurFrames=4 or 66.6666666667 ms  task=T1
1062.3869 	EXP 	window1: recordFrameIntervals = False
1062.3952 	INFO 	Mouse: using default window
1064.5045 	DATA 	Keypress: t
1066.8545 	DATA 	Keypress: f
1070.9710 	DATA 	Keypress: t
1071.1123 	EXP 	New trial (rep=8, index=7): {'leftStreamFlip': False, 'oneTarget': False, 'trialInstructionPos': (0, 1), 'probe': 'both', 'rightStreamFlip': False, 'horizVert': False, 'ISIframes': 2, 'rightResponseFirst': False}
1071.1367 	INFO 	numtrials=360 and this trialDurFrames=4 or 66.6666666667 ms  task=T1
1072.3369 	EXP 	window1: recordFrameIntervals = False
1072.3452 	INFO 	Mouse: using default window
1074.9544 	DATA 	Keypress: s
1076.9724 	DATA 	Keypress: s
1077.8545 	DATA 	Keypress: t
1077.9948 	EXP 	New trial (rep=8, index=8): {'leftStreamFlip': False, 'oneTarget': False, 'trialInstructionPos': (0, -1), 'probe': 'both', 'rightStreamFlip': False, 'horizVert': False, 'ISIframes': 2, 'rightResponseFirst': False}
1078.0197 	INFO 	numtrials=360 and this trialDurFrames=4 or 66.6666666667 ms  task=T1
1079.0868 	EXP 	window1: recordFrameIntervals = False
1079.0950 	INFO 	Mouse: using default window
1082.1710 	DATA 	Keypress: k
1083.3210 	DATA 	Keypress: f
1084.7376 	DATA 	Keypress: g
1084.8863 	EXP 	New trial (rep=8, index=9): {'leftStreamFlip': False, 'oneTarget': False, 'trialInstructionPos': (0, 1), 'probe': 'both', 'rightStreamFlip': False, 'horizVert': False, 'ISIframes': 2, 'rightResponseFirst': True}
1084.9029 	INFO 	numtrials=360 and this trialDurFrames=4 or 66.6666666667 ms  task=T1
1085.9701 	EXP 	window1: recordFrameIntervals = False
1085.9785 	INFO 	Mouse: using default window
1088.9544 	DATA 	Keypress: u
1089.8877 	DATA 	Keypress: n
1091.0212 	DATA 	Keypress: a
1091.1622 	EXP 	New trial (rep=8, index=10): {'leftStreamFlip': False, 'oneTarget': False, 'trialInstructionPos': (0, -1), 'probe': 'both', 'rightStreamFlip': False, 'horizVert': False, 'ISIframes': 2, 'rightResponseFirst': True}
1091.1865 	INFO 	numtrials=360 and this trialDurFrames=4 or 66.6666666667 ms  task=T1
1092.2202 	EXP 	window1: recordFrameIntervals = False
1092.2285 	INFO 	Mouse: using default window
1094.5876 	DATA 	Keypress: z
1096.2546 	DATA 	Keypress: a
1097.9713 	DATA 	Keypress: s
1098.1161 	EXP 	New trial (rep=8, index=11): {'leftStreamFlip': False, 'oneTarget': False, 'trialInstructionPos': (0, -1), 'probe': 'both', 'rightStreamFlip': False, 'horizVert': False, 'ISIframes': 2, 'rightResponseFirst': False}
1098.1363 	INFO 	numtrials=360 and this trialDurFrames=4 or 66.6666666667 ms  task=T1
1099.3036 	EXP 	window1: recordFrameIntervals = False
1099.3120 	INFO 	Mouse: using default window
1101.7544 	DATA 	Keypress: n
1102.9045 	DATA 	Keypress: m
1104.5546 	DATA 	Keypress: g
1104.6981 	EXP 	New trial (rep=9, index=0): {'leftStreamFlip': False, 'oneTarget': False, 'trialInstructionPos': (0, -1), 'probe': 'both', 'rightStreamFlip': False, 'horizVert': False, 'ISIframes': 2, 'rightResponseFirst': True}
1104.7196 	INFO 	numtrials=360 and this trialDurFrames=4 or 66.6666666667 ms  task=T1
1105.7036 	EXP 	window1: recordFrameIntervals = False
1105.7119 	INFO 	Mouse: using default window
1108.5375 	DATA 	Keypress: f
1109.7040 	DATA 	Keypress: m
1110.9887 	DATA 	Keypress: e
1111.1452 	EXP 	New trial (rep=9, index=1): {'leftStreamFlip': False, 'oneTarget': False, 'trialInstructionPos': (0, -1), 'probe': 'both', 'rightStreamFlip': False, 'horizVert': False, 'ISIframes': 2, 'rightResponseFirst': False}
1111.1699 	INFO 	numtrials=360 and this trialDurFrames=4 or 66.6666666667 ms  task=T1
1112.3038 	EXP 	window1: recordFrameIntervals = False
1112.3117 	INFO 	Mouse: using default window
1114.8037 	DATA 	Keypress: f
1115.9209 	DATA 	Keypress: e
1117.3886 	DATA 	Keypress: k
1117.5463 	EXP 	New trial (rep=9, index=2): {'leftStreamFlip': False, 'oneTarget': False, 'trialInstructionPos': (0, 1), 'probe': 'both', 'rightStreamFlip': False, 'horizVert': False, 'ISIframes': 2, 'rightResponseFirst': False}
1117.5698 	INFO 	numtrials=360 and this trialDurFrames=4 or 66.6666666667 ms  task=T1
1118.7701 	EXP 	window1: recordFrameIntervals = False
1118.7784 	INFO 	Mouse: using default window
1120.7036 	DATA 	Keypress: r
1121.6374 	DATA 	Keypress: a
1122.7044 	DATA 	Keypress: t
1122.8467 	EXP 	New trial (rep=9, index=3): {'leftStreamFlip': False, 'oneTarget': False, 'trialInstructionPos': (0, 1), 'probe': 'both', 'rightStreamFlip': False, 'horizVert': False, 'ISIframes': 2, 'rightResponseFirst': True}
1122.8695 	INFO 	numtrials=360 and this trialDurFrames=4 or 66.6666666667 ms  task=T1
1123.8706 	EXP 	window1: recordFrameIntervals = False
1123.8786 	INFO 	Mouse: using default window
1125.6709 	DATA 	Keypress: g
1126.8710 	DATA 	Keypress: r
1127.7887 	DATA 	Keypress: f
1127.9446 	EXP 	New trial (rep=9, index=4): {'leftStreamFlip': False, 'oneTarget': False, 'trialInstructionPos': (0, -1), 'probe': 'both', 'rightStreamFlip': False, 'horizVert': False, 'ISIframes': 2, 'rightResponseFirst': False}
1127.9697 	INFO 	numtrials=360 and this trialDurFrames=4 or 66.6666666667 ms  task=T1
1129.0872 	EXP 	window1: recordFrameIntervals = False
1129.0961 	INFO 	Mouse: using default window
1131.5044 	DATA 	Keypress: g
1132.7874 	DATA 	Keypress: j
1134.9545 	DATA 	Keypress: h
1135.0956 	EXP 	New trial (rep=9, index=5): {'leftStreamFlip': False, 'oneTarget': False, 'trialInstructionPos': (0, -1), 'probe': 'both', 'rightStreamFlip': False, 'horizVert': False, 'ISIframes': 2, 'rightResponseFirst': False}
1135.1199 	INFO 	numtrials=360 and this trialDurFrames=4 or 66.6666666667 ms  task=T1
1136.2036 	EXP 	window1: recordFrameIntervals = False
1136.2117 	INFO 	Mouse: using default window
1138.3542 	DATA 	Keypress: f
1139.4377 	DATA 	Keypress: g
1140.9375 	DATA 	Keypress: m
1141.0803 	EXP 	New trial (rep=9, index=6): {'leftStreamFlip': False, 'oneTarget': False, 'trialInstructionPos': (0, 1), 'probe': 'both', 'rightStreamFlip': False, 'horizVert': False, 'ISIframes': 2, 'rightResponseFirst': True}
1141.1027 	INFO 	numtrials=360 and this trialDurFrames=3 or 50.0 ms  task=T1
1142.2201 	EXP 	window1: recordFrameIntervals = False
1142.2284 	INFO 	Mouse: using default window
1145.7887 	DATA 	Keypress: g
1147.0213 	DATA 	Keypress: m
1147.9209 	DATA 	Keypress: g
1148.0643 	EXP 	New trial (rep=9, index=7): {'leftStreamFlip': False, 'oneTarget': False, 'trialInstructionPos': (0, -1), 'probe': 'both', 'rightStreamFlip': False, 'horizVert': False, 'ISIframes': 2, 'rightResponseFirst': True}
1148.0864 	INFO 	numtrials=360 and this trialDurFrames=4 or 66.6666666667 ms  task=T1
1149.2702 	EXP 	window1: recordFrameIntervals = False
1149.2784 	INFO 	Mouse: using default window
1151.8710 	DATA 	Keypress: f
1152.6548 	DATA 	Keypress: f
1152.9376 	DATA 	Keypress: f
1153.0811 	EXP 	New trial (rep=9, index=8): {'leftStreamFlip': False, 'oneTarget': False, 'trialInstructionPos': (0, 1), 'probe': 'both', 'rightStreamFlip': False, 'horizVert': False, 'ISIframes': 2, 'rightResponseFirst': False}
1153.1033 	INFO 	numtrials=360 and this trialDurFrames=4 or 66.6666666667 ms  task=T1
1154.1207 	EXP 	window1: recordFrameIntervals = False
1154.1283 	INFO 	Mouse: using default window
1156.9541 	DATA 	Keypress: n
1157.9712 	DATA 	Keypress: r
1159.6876 	DATA 	Keypress: c
1159.8295 	EXP 	New trial (rep=9, index=9): {'leftStreamFlip': False, 'oneTarget': False, 'trialInstructionPos': (0, 1), 'probe': 'both', 'rightStreamFlip': False, 'horizVert': False, 'ISIframes': 2, 'rightResponseFirst': True}
1159.8528 	INFO 	numtrials=360 and this trialDurFrames=4 or 66.6666666667 ms  task=T1
1161.0701 	EXP 	window1: recordFrameIntervals = False
1161.0785 	INFO 	Mouse: using default window
1162.7210 	DATA 	Keypress: s
1163.9043 	DATA 	Keypress: k
1164.9871 	DATA 	Keypress: n
1165.1307 	EXP 	New trial (rep=9, index=10): {'leftStreamFlip': False, 'oneTarget': False, 'trialInstructionPos': (0, -1), 'probe': 'both', 'rightStreamFlip': False, 'horizVert': False, 'ISIframes': 2, 'rightResponseFirst': True}
1165.1528 	INFO 	numtrials=360 and this trialDurFrames=4 or 66.6666666667 ms  task=T1
1166.3535 	EXP 	window1: recordFrameIntervals = False
1166.3619 	INFO 	Mouse: using default window
1168.8875 	DATA 	Keypress: a
1170.4709 	DATA 	Keypress: m
1171.8877 	DATA 	Keypress: h
1172.0320 	EXP 	New trial (rep=9, index=11): {'leftStreamFlip': False, 'oneTarget': False, 'trialInstructionPos': (0, 1), 'probe': 'both', 'rightStreamFlip': False, 'horizVert': False, 'ISIframes': 2, 'rightResponseFirst': False}
1172.0530 	INFO 	numtrials=360 and this trialDurFrames=4 or 66.6666666667 ms  task=T1
1173.0701 	EXP 	window1: recordFrameIntervals = False
1173.0786 	INFO 	Mouse: using default window
1174.8042 	DATA 	Keypress: t
1175.8546 	DATA 	Keypress: k
1177.3722 	DATA 	Keypress: m
1177.5316 	EXP 	New trial (rep=10, index=0): {'leftStreamFlip': False, 'oneTarget': False, 'trialInstructionPos': (0, 1), 'probe': 'both', 'rightStreamFlip': False, 'horizVert': False, 'ISIframes': 2, 'rightResponseFirst': True}
1177.5531 	INFO 	numtrials=360 and this trialDurFrames=3 or 50.0 ms  task=T1
1178.6869 	EXP 	window1: recordFrameIntervals = False
1178.6951 	INFO 	Mouse: using default window
1181.1042 	DATA 	Keypress: h
1182.5212 	DATA 	Keypress: k
1183.1207 	DATA 	Keypress: j
1183.2631 	EXP 	New trial (rep=10, index=1): {'leftStreamFlip': False, 'oneTarget': False, 'trialInstructionPos': (0, -1), 'probe': 'both', 'rightStreamFlip': False, 'horizVert': False, 'ISIframes': 2, 'rightResponseFirst': True}
1183.2864 	INFO 	numtrials=360 and this trialDurFrames=3 or 50.0 ms  task=T1
1184.4874 	EXP 	window1: recordFrameIntervals = False
1184.4952 	INFO 	Mouse: using default window
1186.5544 	DATA 	Keypress: z
1188.0543 	DATA 	Keypress: z
1189.0211 	DATA 	Keypress: t
1189.1630 	EXP 	New trial (rep=10, index=2): {'leftStreamFlip': False, 'oneTarget': False, 'trialInstructionPos': (0, 1), 'probe': 'both', 'rightStreamFlip': False, 'horizVert': False, 'ISIframes': 2, 'rightResponseFirst': False}
1189.1864 	INFO 	numtrials=360 and this trialDurFrames=4 or 66.6666666667 ms  task=T1
1190.3868 	EXP 	window1: recordFrameIntervals = False
1190.3954 	INFO 	Mouse: using default window
1192.5543 	DATA 	Keypress: k
1193.4544 	DATA 	Keypress: s
1194.7870 	DATA 	Keypress: j
1194.9294 	EXP 	New trial (rep=10, index=3): {'leftStreamFlip': False, 'oneTarget': False, 'trialInstructionPos': (0, 1), 'probe': 'both', 'rightStreamFlip': False, 'horizVert': False, 'ISIframes': 2, 'rightResponseFirst': True}
1194.9531 	INFO 	numtrials=360 and this trialDurFrames=4 or 66.6666666667 ms  task=T1
1196.0700 	EXP 	window1: recordFrameIntervals = False
1196.0783 	INFO 	Mouse: using default window
1197.8870 	DATA 	Keypress: y
1199.2543 	DATA 	Keypress: m
1201.5043 	DATA 	Keypress: e
1201.6470 	EXP 	New trial (rep=10, index=4): {'leftStreamFlip': False, 'oneTarget': False, 'trialInstructionPos': (0, -1), 'probe': 'both', 'rightStreamFlip': False, 'horizVert': False, 'ISIframes': 2, 'rightResponseFirst': True}
1201.6698 	INFO 	numtrials=360 and this trialDurFrames=3 or 50.0 ms  task=T1
1202.8034 	EXP 	window1: recordFrameIntervals = False
1202.8118 	INFO 	Mouse: using default window
1205.6370 	DATA 	Keypress: e
1207.2044 	DATA 	Keypress: m
1208.6211 	DATA 	Keypress: f
1208.7632 	EXP 	New trial (rep=10, index=5): {'leftStreamFlip': False, 'oneTarget': False, 'trialInstructionPos': (0, 1), 'probe': 'both', 'rightStreamFlip': False, 'horizVert': False, 'ISIframes': 2, 'rightResponseFirst': True}
1208.7867 	INFO 	numtrials=360 and this trialDurFrames=4 or 66.6666666667 ms  task=T1
1209.8701 	EXP 	window1: recordFrameIntervals = False
1209.8783 	INFO 	Mouse: using default window
1212.7376 	DATA 	Keypress: h
1214.8876 	DATA 	Keypress: z
1217.5043 	DATA 	Keypress: r
1217.6530 	EXP 	New trial (rep=10, index=6): {'leftStreamFlip': False, 'oneTarget': False, 'trialInstructionPos': (0, -1), 'probe': 'both', 'rightStreamFlip': False, 'horizVert': False, 'ISIframes': 2, 'rightResponseFirst': False}
1217.6697 	INFO 	numtrials=360 and this trialDurFrames=4 or 66.6666666667 ms  task=T1
1218.7206 	EXP 	window1: recordFrameIntervals = False
1218.7285 	INFO 	Mouse: using default window
1221.3043 	DATA 	Keypress: j
1222.9870 	DATA 	Keypress: g
1225.7709 	DATA 	Keypress: f
1225.9115 	EXP 	New trial (rep=10, index=7): {'leftStreamFlip': False, 'oneTarget': False, 'trialInstructionPos': (0, -1), 'probe': 'both', 'rightStreamFlip': False, 'horizVert': False, 'ISIframes': 2, 'rightResponseFirst': True}
1225.9363 	INFO 	numtrials=360 and this trialDurFrames=3 or 50.0 ms  task=T1
1226.9201 	EXP 	window1: recordFrameIntervals = False
1226.9284 	INFO 	Mouse: using default window
1229.3702 	DATA 	Keypress: s
1230.3205 	DATA 	Keypress: k
1231.6046 	DATA 	Keypress: j
1231.7475 	EXP 	New trial (rep=10, index=8): {'leftStreamFlip': False, 'oneTarget': False, 'trialInstructionPos': (0, -1), 'probe': 'both', 'rightStreamFlip': False, 'horizVert': False, 'ISIframes': 2, 'rightResponseFirst': False}
1231.7696 	INFO 	numtrials=360 and this trialDurFrames=4 or 66.6666666667 ms  task=T1
1232.9034 	EXP 	window1: recordFrameIntervals = False
1232.9117 	INFO 	Mouse: using default window
1235.2210 	DATA 	Keypress: u
1236.1209 	DATA 	Keypress: r
1241.8544 	DATA 	Keypress: f
1241.9986 	EXP 	New trial (rep=10, index=9): {'leftStreamFlip': False, 'oneTarget': False, 'trialInstructionPos': (0, -1), 'probe': 'both', 'rightStreamFlip': False, 'horizVert': False, 'ISIframes': 2, 'rightResponseFirst': False}
1242.0196 	INFO 	numtrials=360 and this trialDurFrames=4 or 66.6666666667 ms  task=T1
1243.0534 	EXP 	window1: recordFrameIntervals = False
1243.0620 	INFO 	Mouse: using default window
1245.5874 	DATA 	Keypress: a
1246.6204 	DATA 	Keypress: z
1247.7703 	DATA 	Keypress: u
1247.9132 	EXP 	New trial (rep=10, index=10): {'leftStreamFlip': False, 'oneTarget': False, 'trialInstructionPos': (0, 1), 'probe': 'both', 'rightStreamFlip': False, 'horizVert': False, 'ISIframes': 2, 'rightResponseFirst': False}
1247.9361 	INFO 	numtrials=360 and this trialDurFrames=3 or 50.0 ms  task=T1
1249.1201 	EXP 	window1: recordFrameIntervals = False
1249.1285 	INFO 	Mouse: using default window
1251.7207 	DATA 	Keypress: f
1252.7710 	DATA 	Keypress: u
1255.3711 	DATA 	Keypress: r
1255.5129 	EXP 	New trial (rep=10, index=11): {'leftStreamFlip': False, 'oneTarget': False, 'trialInstructionPos': (0, 1), 'probe': 'both', 'rightStreamFlip': False, 'horizVert': False, 'ISIframes': 2, 'rightResponseFirst': False}
1255.5365 	INFO 	numtrials=360 and this trialDurFrames=4 or 66.6666666667 ms  task=T1
1256.7543 	EXP 	window1: recordFrameIntervals = False
1256.7618 	INFO 	Mouse: using default window
1258.9712 	DATA 	Keypress: m
1260.0205 	DATA 	Keypress: t
1260.8877 	DATA 	Keypress: n
1261.0286 	EXP 	New trial (rep=11, index=0): {'leftStreamFlip': False, 'oneTarget': False, 'trialInstructionPos': (0, -1), 'probe': 'both', 'rightStreamFlip': False, 'horizVert': False, 'ISIframes': 2, 'rightResponseFirst': True}
1261.0528 	INFO 	numtrials=360 and this trialDurFrames=4 or 66.6666666667 ms  task=T1
1262.1034 	EXP 	window1: recordFrameIntervals = False
1262.1117 	INFO 	Mouse: using default window
1264.1543 	DATA 	Keypress: n
1265.2543 	DATA 	Keypress: g
1266.5725 	DATA 	Keypress: r
1266.7292 	EXP 	New trial (rep=11, index=1): {'leftStreamFlip': False, 'oneTarget': False, 'trialInstructionPos': (0, -1), 'probe': 'both', 'rightStreamFlip': False, 'horizVert': False, 'ISIframes': 2, 'rightResponseFirst': False}
1266.7531 	INFO 	numtrials=360 and this trialDurFrames=3 or 50.0 ms  task=T1
1267.7200 	EXP 	window1: recordFrameIntervals = False
1267.7287 	INFO 	Mouse: using default window
1269.1543 	DATA 	Keypress: j
1270.9044 	DATA 	Keypress: j
1271.0703 	DATA 	Keypress: j
1271.2130 	EXP 	New trial (rep=11, index=2): {'leftStreamFlip': False, 'oneTarget': False, 'trialInstructionPos': (0, 1), 'probe': 'both', 'rightStreamFlip': False, 'horizVert': False, 'ISIframes': 2, 'rightResponseFirst': False}
1271.2365 	INFO 	numtrials=360 and this trialDurFrames=4 or 66.6666666667 ms  task=T1
1272.3367 	EXP 	window1: recordFrameIntervals = False
1272.3450 	INFO 	Mouse: using default window
1274.4875 	DATA 	Keypress: a
1275.6203 	DATA 	Keypress: f
1276.6548 	DATA 	Keypress: s
1276.7983 	EXP 	New trial (rep=11, index=3): {'leftStreamFlip': False, 'oneTarget': False, 'trialInstructionPos': (0, -1), 'probe': 'both', 'rightStreamFlip': False, 'horizVert': False, 'ISIframes': 2, 'rightResponseFirst': True}
1276.8195 	INFO 	numtrials=360 and this trialDurFrames=4 or 66.6666666667 ms  task=T1
1277.8701 	EXP 	window1: recordFrameIntervals = False
1277.8784 	INFO 	Mouse: using default window
1280.7710 	DATA 	Keypress: t
1281.7040 	DATA 	Keypress: s
1283.4703 	DATA 	Keypress: f
1283.6113 	EXP 	New trial (rep=11, index=4): {'leftStreamFlip': False, 'oneTarget': False, 'trialInstructionPos': (0, 1), 'probe': 'both', 'rightStreamFlip': False, 'horizVert': False, 'ISIframes': 2, 'rightResponseFirst': True}
1283.6363 	INFO 	numtrials=360 and this trialDurFrames=3 or 50.0 ms  task=T1
1284.8367 	EXP 	window1: recordFrameIntervals = False
1284.8449 	INFO 	Mouse: using default window
1288.2872 	DATA 	Keypress: f
1288.5711 	DATA 	Keypress: g
1289.2376 	DATA 	Keypress: g
1289.3812 	EXP 	New trial (rep=11, index=5): {'leftStreamFlip': False, 'oneTarget': False, 'trialInstructionPos': (0, -1), 'probe': 'both', 'rightStreamFlip': False, 'horizVert': False, 'ISIframes': 2, 'rightResponseFirst': False}
1289.4031 	INFO 	numtrials=360 and this trialDurFrames=4 or 66.6666666667 ms  task=T1
1290.4200 	EXP 	window1: recordFrameIntervals = False
1290.4285 	INFO 	Mouse: using default window
1293.2374 	DATA 	Keypress: n
1294.2709 	DATA 	Keypress: a
1296.2876 	DATA 	Keypress: m
1296.4302 	EXP 	New trial (rep=11, index=6): {'leftStreamFlip': False, 'oneTarget': False, 'trialInstructionPos': (0, 1), 'probe': 'both', 'rightStreamFlip': False, 'horizVert': False, 'ISIframes': 2, 'rightResponseFirst': False}
1296.4528 	INFO 	numtrials=360 and this trialDurFrames=4 or 66.6666666667 ms  task=T1
1297.5535 	EXP 	window1: recordFrameIntervals = False
1297.5616 	INFO 	Mouse: using default window
1299.9042 	DATA 	Keypress: j
1300.9711 	DATA 	Keypress: a
1302.8709 	DATA 	Keypress: j
1303.0140 	EXP 	New trial (rep=11, index=7): {'leftStreamFlip': False, 'oneTarget': False, 'trialInstructionPos': (0, -1), 'probe': 'both', 'rightStreamFlip': False, 'horizVert': False, 'ISIframes': 2, 'rightResponseFirst': False}
1303.0362 	INFO 	numtrials=360 and this trialDurFrames=3 or 50.0 ms  task=T1
1304.2034 	EXP 	window1: recordFrameIntervals = False
1304.2118 	INFO 	Mouse: using default window
1307.2550 	DATA 	Keypress: j
1308.1709 	DATA 	Keypress: a
1309.4211 	DATA 	Keypress: z
1309.5636 	EXP 	New trial (rep=11, index=8): {'leftStreamFlip': False, 'oneTarget': False, 'trialInstructionPos': (0, -1), 'probe': 'both', 'rightStreamFlip': False, 'horizVert': False, 'ISIframes': 2, 'rightResponseFirst': True}
1309.5864 	INFO 	numtrials=360 and this trialDurFrames=4 or 66.6666666667 ms  task=T1
1310.7867 	EXP 	window1: recordFrameIntervals = False
1310.7949 	INFO 	Mouse: using default window
1315.8543 	DATA 	Keypress: a
1317.3711 	DATA 	Keypress: h
1319.2207 	DATA 	Keypress: r
1319.3625 	EXP 	New trial (rep=11, index=9): {'leftStreamFlip': False, 'oneTarget': False, 'trialInstructionPos': (0, 1), 'probe': 'both', 'rightStreamFlip': False, 'horizVert': False, 'ISIframes': 2, 'rightResponseFirst': False}
1319.3863 	INFO 	numtrials=360 and this trialDurFrames=4 or 66.6666666667 ms  task=T1
1320.4700 	EXP 	window1: recordFrameIntervals = False
1320.4785 	INFO 	Mouse: using default window
1323.3708 	DATA 	Keypress: j
1324.7374 	DATA 	Keypress: e
1326.5544 	DATA 	Keypress: s
1326.6951 	EXP 	New trial (rep=11, index=10): {'leftStreamFlip': False, 'oneTarget': False, 'trialInstructionPos': (0, 1), 'probe': 'both', 'rightStreamFlip': False, 'horizVert': False, 'ISIframes': 2, 'rightResponseFirst': True}
1326.7198 	INFO 	numtrials=360 and this trialDurFrames=3 or 50.0 ms  task=T1
1327.8366 	EXP 	window1: recordFrameIntervals = False
1327.8451 	INFO 	Mouse: using default window
1329.7879 	DATA 	Keypress: h
1330.9039 	DATA 	Keypress: e
1332.8709 	DATA 	Keypress: r
1333.0119 	EXP 	New trial (rep=11, index=11): {'leftStreamFlip': False, 'oneTarget': False, 'trialInstructionPos': (0, 1), 'probe': 'both', 'rightStreamFlip': False, 'horizVert': False, 'ISIframes': 2, 'rightResponseFirst': True}
1333.0363 	INFO 	numtrials=360 and this trialDurFrames=3 or 50.0 ms  task=T1
1334.1700 	EXP 	window1: recordFrameIntervals = False
1334.1785 	INFO 	Mouse: using default window
1335.8380 	DATA 	Keypress: r
1336.9204 	DATA 	Keypress: c
1338.2374 	DATA 	Keypress: k
1338.3798 	EXP 	New trial (rep=12, index=0): {'leftStreamFlip': False, 'oneTarget': False, 'trialInstructionPos': (0, -1), 'probe': 'both', 'rightStreamFlip': False, 'horizVert': False, 'ISIframes': 2, 'rightResponseFirst': False}
1338.4030 	INFO 	numtrials=360 and this trialDurFrames=4 or 66.6666666667 ms  task=T1
1339.5534 	EXP 	window1: recordFrameIntervals = False
1339.5619 	INFO 	Mouse: using default window
1341.4377 	DATA 	Keypress: t
1342.5719 	DATA 	Keypress: h
1344.0042 	DATA 	Keypress: s
1344.1528 	EXP 	New trial (rep=12, index=1): {'leftStreamFlip': False, 'oneTarget': False, 'trialInstructionPos': (0, -1), 'probe': 'both', 'rightStreamFlip': False, 'horizVert': False, 'ISIframes': 2, 'rightResponseFirst': False}
1344.1694 	INFO 	numtrials=360 and this trialDurFrames=4 or 66.6666666667 ms  task=T1
1345.3034 	EXP 	window1: recordFrameIntervals = False
1345.3117 	INFO 	Mouse: using default window
1347.6206 	DATA 	Keypress: k
1348.4209 	DATA 	Keypress: a
1349.9874 	DATA 	Keypress: s
1350.1299 	EXP 	New trial (rep=12, index=2): {'leftStreamFlip': False, 'oneTarget': False, 'trialInstructionPos': (0, 1), 'probe': 'both', 'rightStreamFlip': False, 'horizVert': False, 'ISIframes': 2, 'rightResponseFirst': True}
1350.1532 	INFO 	numtrials=360 and this trialDurFrames=3 or 50.0 ms  task=T1
1351.1873 	EXP 	window1: recordFrameIntervals = False
1351.1949 	INFO 	Mouse: using default window
1352.8542 	DATA 	Keypress: r
1354.6702 	DATA 	Keypress: r
1357.1539 	DATA 	Keypress: r
1357.2965 	EXP 	New trial (rep=12, index=3): {'leftStreamFlip': False, 'oneTarget': False, 'trialInstructionPos': (0, -1), 'probe': 'both', 'rightStreamFlip': False, 'horizVert': False, 'ISIframes': 2, 'rightResponseFirst': True}
1357.3193 	INFO 	numtrials=360 and this trialDurFrames=4 or 66.6666666667 ms  task=T1
1358.5374 	EXP 	window1: recordFrameIntervals = False
1358.5460 	INFO 	Mouse: using default window
1360.7539 	DATA 	Keypress: s
1362.1048 	DATA 	Keypress: g
1363.7210 	DATA 	Keypress: h
1363.8624 	EXP 	New trial (rep=12, index=4): {'leftStreamFlip': False, 'oneTarget': False, 'trialInstructionPos': (0, -1), 'probe': 'both', 'rightStreamFlip': False, 'horizVert': False, 'ISIframes': 2, 'rightResponseFirst': True}
1363.8861 	INFO 	numtrials=360 and this trialDurFrames=4 or 66.6666666667 ms  task=T1
1364.8701 	EXP 	window1: recordFrameIntervals = False
1364.8783 	INFO 	Mouse: using default window
1367.3543 	DATA 	Keypress: h
1368.3375 	DATA 	Keypress: s
1369.9041 	DATA 	Keypress: c
1370.0465 	EXP 	New trial (rep=12, index=5): {'leftStreamFlip': False, 'oneTarget': False, 'trialInstructionPos': (0, -1), 'probe': 'both', 'rightStreamFlip': False, 'horizVert': False, 'ISIframes': 2, 'rightResponseFirst': False}
1370.0696 	INFO 	numtrials=360 and this trialDurFrames=3 or 50.0 ms  task=T1
1371.1206 	EXP 	window1: recordFrameIntervals = False
1371.1285 	INFO 	Mouse: using default window
1373.2375 	DATA 	Keypress: r
1375.0209 	DATA 	Keypress: g
1377.9876 	DATA 	Keypress: g
1378.1319 	EXP 	New trial (rep=12, index=6): {'leftStreamFlip': False, 'oneTarget': False, 'trialInstructionPos': (0, 1), 'probe': 'both', 'rightStreamFlip': False, 'horizVert': False, 'ISIframes': 2, 'rightResponseFirst': False}
1378.1528 	INFO 	numtrials=360 and this trialDurFrames=4 or 66.6666666667 ms  task=T1
1379.2035 	EXP 	window1: recordFrameIntervals = False
1379.2118 	INFO 	Mouse: using default window
1380.9542 	DATA 	Keypress: h
1381.9543 	DATA 	Keypress: m
1383.6543 	DATA 	Keypress: s
1383.7968 	EXP 	New trial (rep=12, index=7): {'leftStreamFlip': False, 'oneTarget': False, 'trialInstructionPos': (0, 1), 'probe': 'both', 'rightStreamFlip': False, 'horizVert': False, 'ISIframes': 2, 'rightResponseFirst': True}
1383.8196 	INFO 	numtrials=360 and this trialDurFrames=4 or 66.6666666667 ms  task=T1
1384.9200 	EXP 	window1: recordFrameIntervals = False
1384.9287 	INFO 	Mouse: using default window
1388.1042 	DATA 	Keypress: j
1389.5371 	DATA 	Keypress: n
1390.4876 	DATA 	Keypress: s
1390.6337 	EXP 	New trial (rep=12, index=8): {'leftStreamFlip': False, 'oneTarget': False, 'trialInstructionPos': (0, 1), 'probe': 'both', 'rightStreamFlip': False, 'horizVert': False, 'ISIframes': 2, 'rightResponseFirst': False}
1390.6526 	INFO 	numtrials=360 and this trialDurFrames=3 or 50.0 ms  task=T1
1391.7039 	EXP 	window1: recordFrameIntervals = False
1391.7131 	INFO 	Mouse: using default window
1393.5535 	DATA 	Keypress: m
1398.5374 	DATA 	Keypress: n
1401.4377 	DATA 	Keypress: k
1401.5791 	EXP 	New trial (rep=12, index=9): {'leftStreamFlip': False, 'oneTarget': False, 'trialInstructionPos': (0, 1), 'probe': 'both', 'rightStreamFlip': False, 'horizVert': False, 'ISIframes': 2, 'rightResponseFirst': True}
1401.6026 	INFO 	numtrials=360 and this trialDurFrames=3 or 50.0 ms  task=T1
1402.8033 	EXP 	window1: recordFrameIntervals = False
1402.8117 	INFO 	Mouse: using default window
1405.3876 	DATA 	Keypress: f
1405.7207 	DATA 	Keypress: h
1406.1211 	DATA 	Keypress: k
1406.2641 	EXP 	New trial (rep=12, index=10): {'leftStreamFlip': False, 'oneTarget': False, 'trialInstructionPos': (0, -1), 'probe': 'both', 'rightStreamFlip': False, 'horizVert': False, 'ISIframes': 2, 'rightResponseFirst': True}
1406.2860 	INFO 	numtrials=360 and this trialDurFrames=4 or 66.6666666667 ms  task=T1
1407.2700 	EXP 	window1: recordFrameIntervals = False
1407.2788 	INFO 	Mouse: using default window
1410.5876 	DATA 	Keypress: j
1411.0536 	DATA 	Keypress: j
1411.5706 	DATA 	Keypress: j
1411.7137 	EXP 	New trial (rep=12, index=11): {'leftStreamFlip': False, 'oneTarget': False, 'trialInstructionPos': (0, 1), 'probe': 'both', 'rightStreamFlip': False, 'horizVert': False, 'ISIframes': 2, 'rightResponseFirst': False}
1411.7362 	INFO 	numtrials=360 and this trialDurFrames=4 or 66.6666666667 ms  task=T1
1412.8373 	EXP 	window1: recordFrameIntervals = False
1412.8457 	INFO 	Mouse: using default window
1414.6535 	DATA 	Keypress: s
1415.6875 	DATA 	Keypress: k
1416.9876 	DATA 	Keypress: j
1417.1302 	EXP 	New trial (rep=13, index=0): {'leftStreamFlip': False, 'oneTarget': False, 'trialInstructionPos': (0, 1), 'probe': 'both', 'rightStreamFlip': False, 'horizVert': False, 'ISIframes': 2, 'rightResponseFirst': False}
1417.1528 	INFO 	numtrials=360 and this trialDurFrames=4 or 66.6666666667 ms  task=T1
1418.2200 	EXP 	window1: recordFrameIntervals = False
1418.2283 	INFO 	Mouse: using default window
1421.3035 	DATA 	Keypress: z
1423.0538 	DATA 	Keypress: f
1426.2208 	DATA 	Keypress: s
1426.3638 	EXP 	New trial (rep=13, index=1): {'leftStreamFlip': False, 'oneTarget': False, 'trialInstructionPos': (0, 1), 'probe': 'both', 'rightStreamFlip': False, 'horizVert': False, 'ISIframes': 2, 'rightResponseFirst': True}
1426.3860 	INFO 	numtrials=360 and this trialDurFrames=4 or 66.6666666667 ms  task=T1
1427.4700 	EXP 	window1: recordFrameIntervals = False
1427.4783 	INFO 	Mouse: using default window
1429.2542 	DATA 	Keypress: s
1430.8208 	DATA 	Keypress: j
1432.5709 	DATA 	Keypress: y
1432.7145 	EXP 	New trial (rep=13, index=2): {'leftStreamFlip': False, 'oneTarget': False, 'trialInstructionPos': (0, -1), 'probe': 'both', 'rightStreamFlip': False, 'horizVert': False, 'ISIframes': 2, 'rightResponseFirst': True}
1432.7363 	INFO 	numtrials=360 and this trialDurFrames=4 or 66.6666666667 ms  task=T1
1433.8369 	EXP 	window1: recordFrameIntervals = False
1433.8449 	INFO 	Mouse: using default window
1436.9724 	DATA 	Keypress: j
1437.9542 	DATA 	Keypress: s
1438.9724 	DATA 	Keypress: m
1439.1326 	EXP 	New trial (rep=13, index=3): {'leftStreamFlip': False, 'oneTarget': False, 'trialInstructionPos': (0, -1), 'probe': 'both', 'rightStreamFlip': False, 'horizVert': False, 'ISIframes': 2, 'rightResponseFirst': False}
1439.1528 	INFO 	numtrials=360 and this trialDurFrames=3 or 50.0 ms  task=T1
1440.2033 	EXP 	window1: recordFrameIntervals = False
1440.2115 	INFO 	Mouse: using default window
1442.1542 	DATA 	Keypress: n
1445.6375 	DATA 	Keypress: k
1448.6875 	DATA 	Keypress: a
1448.8285 	EXP 	New trial (rep=13, index=4): {'leftStreamFlip': False, 'oneTarget': False, 'trialInstructionPos': (0, 1), 'probe': 'both', 'rightStreamFlip': False, 'horizVert': False, 'ISIframes': 2, 'rightResponseFirst': True}
1448.8526 	INFO 	numtrials=360 and this trialDurFrames=4 or 66.6666666667 ms  task=T1
1449.9867 	EXP 	window1: recordFrameIntervals = False
1449.9951 	INFO 	Mouse: using default window
1451.7376 	DATA 	Keypress: t
1452.8373 	DATA 	Keypress: y
1454.3209 	DATA 	Keypress: a
1454.4633 	EXP 	New trial (rep=13, index=5): {'leftStreamFlip': False, 'oneTarget': False, 'trialInstructionPos': (0, -1), 'probe': 'both', 'rightStreamFlip': False, 'horizVert': False, 'ISIframes': 2, 'rightResponseFirst': True}
1454.4862 	INFO 	numtrials=360 and this trialDurFrames=4 or 66.6666666667 ms  task=T1
1455.5371 	EXP 	window1: recordFrameIntervals = False
1455.5448 	INFO 	Mouse: using default window
1457.5377 	DATA 	Keypress: u
1459.6709 	DATA 	Keypress: t
1461.0045 	DATA 	Keypress: r
1461.1512 	EXP 	New trial (rep=13, index=6): {'leftStreamFlip': False, 'oneTarget': False, 'trialInstructionPos': (0, -1), 'probe': 'both', 'rightStreamFlip': False, 'horizVert': False, 'ISIframes': 2, 'rightResponseFirst': False}
1461.1696 	INFO 	numtrials=360 and this trialDurFrames=3 or 50.0 ms  task=T1
1462.3033 	EXP 	window1: recordFrameIntervals = False
1462.3116 	INFO 	Mouse: using default window
1464.8541 	DATA 	Keypress: lctrl
1465.0208 	DATA 	Keypress: lshift
1475.3869 	DATA 	Keypress: lctrl
1475.5874 	DATA 	Keypress: lshift
1478.3536 	DATA 	Keypress: lctrl
1478.5870 	DATA 	Keypress: lshift
1478.7868 	DATA 	Keypress: z
1478.8070 	INFO 	Stopping at 16:29 on 07 Aug 2018
1478.8083 	ERROR 	user aborted experiment on keypress with trials done=162 of 361
1478.8094 	INFO 	Experiment timed out with trials done=162 of 361
1478.8313 	INFO 	Program terminating normally.
