11.8038 	EXP 	Created window1 = Window(allowGUI=False, allowStencil=False, autoLog=True, bitsMode=UNKNOWN, blendMode='avg', color=array([-0.7, -0.7, -0.7]), colorSpace='rgb', fullscr=UNKNOWN, gamma=None, lms=UNKNOWN, monitor=<psychopy.monitors.calibTools.Monitor object at 0x1BC24130>, name='window1', pos=[0, 0], screen=0, size=array([1920, 1080]), stereo=False, units='deg', useFBO=False, useRetina=False, viewOri=0.0, viewPos=None, viewScale=None, waitBlanking=False, winType='pyglet')
11.8039 	INFO 	Mouse: using default window
11.8042 	EXP 	window1: units = 'norm'
11.8995 	EXP 	Created unnamed ImageStim = ImageStim(autoLog=True, color=array([ 1.,  1.,  1.]), colorSpace='rgb', contrast=1.0, depth=0, flipHoriz=False, flipVert=False, image=str(...), interpolate=False, mask=None, maskParams=None, name='unnamed ImageStim', opacity=1.0, ori=0.0, pos=array([-0.5,  0. ]), size=array([ 1.290625  ,  3.24814815]), texRes=128, units='norm', win=Window(...))
11.9772 	EXP 	Created unnamed ImageStim = ImageStim(autoLog=True, color=array([ 1.,  1.,  1.]), colorSpace='rgb', contrast=1.0, depth=0, flipHoriz=False, flipVert=False, image=str(...), interpolate=False, mask=None, maskParams=None, name='unnamed ImageStim', opacity=1.0, ori=0.0, pos=array([ 0.5,  0. ]), size=array([ 1.290625  ,  3.24814815]), texRes=128, units='norm', win=Window(...))
11.9935 	EXP 	Created OKrespZone = GratingStim(autoDraw=False, autoLog=True, color=array([ 1. ,  0.5,  0.5]), colorSpace='rgb', contrast=1.0, depth=0, interpolate=False, mask='gauss', maskParams=None, name='OKrespZone', opacity=1.0, ori=0.0, phase=array([ 0.,  0.]), pos=array([-0.2 , -0.92]), rgbPedestal=array([ 0.,  0.,  0.]), sf=array([ 0.,  0.]), size=array([ 2.3,  0.2]), tex='sin', texRes=256, units='norm', win=Window(...))
12.1311 	EXP 	unnamed ImageStim: size = (1, 2)
12.1311 	EXP 	unnamed ImageStim: size = (1, 2)
20.5174 	DATA 	Mouse: wheel shift=(0,-1), pos=(68,664)
137.2672 	DATA 	Mouse: wheel shift=(0,-1), pos=(808,196)
137.3504 	DATA 	Mouse: wheel shift=(0,-1), pos=(808,196)
137.4337 	DATA 	Mouse: wheel shift=(0,-1), pos=(808,196)
198.4339 	DATA 	Mouse: Left button down, pos=(655,52)
198.4501 	EXP 	window1: units = 'deg'
198.4503 	EXP 	window1: units = 'norm'
198.4706 	EXP 	Created OKrespZone = GratingStim(autoDraw=False, autoLog=True, color=array([ 1. ,  0.5,  0.5]), colorSpace='rgb', contrast=1.0, depth=0, interpolate=False, mask='gauss', maskParams=None, name='OKrespZone', opacity=1.0, ori=0.0, phase=array([ 0.,  0.]), pos=array([-0.2 , -0.92]), rgbPedestal=array([ 0.,  0.,  0.]), sf=array([ 0.,  0.]), size=array([ 2.3,  0.2]), tex='sin', texRes=256, units='norm', win=Window(...))
198.5482 	EXP 	Created unnamed ImageStim = ImageStim(autoLog=True, color=array([ 1.,  1.,  1.]), colorSpace='rgb', contrast=1.0, depth=0, flipHoriz=False, flipVert=False, image='abgdj\\PISandConsentForm\\consentForm.png', interpolate=False, mask=None, maskParams=None, name='unnamed ImageStim', opacity=1.0, ori=0.0, pos=array([ 0.,  0.]), size=array([ 1.3375    ,  2.97407407]), texRes=128, units='norm', win=Window(...))
198.5859 	EXP 	Created unnamed GratingStim = GratingStim(autoDraw=False, autoLog=True, color=array([ 1. ,  0.5,  0.5]), colorSpace='rgb', contrast=1.0, depth=0, interpolate=False, mask='gauss', maskParams=None, name='unnamed GratingStim', opacity=1.0, ori=0.0, phase=array([ 0.,  0.]), pos=array([-0.2 , -0.42]), rgbPedestal=array([ 0.,  0.,  0.]), sf=array([ 0.,  0.]), size=array([ 0.3,  0.2]), tex='sin', texRes=256, units='norm', win=Window(...))
198.6172 	EXP 	Created unnamed GratingStim = GratingStim(autoDraw=False, autoLog=True, color=array([ 1. ,  0.5,  0.5]), colorSpace='rgb', contrast=1.0, depth=0, interpolate=False, mask='gauss', maskParams=None, name='unnamed GratingStim', opacity=1.0, ori=0.0, phase=array([ 0.,  0.]), pos=array([ 0.1 , -0.42]), rgbPedestal=array([ 0.,  0.,  0.]), sf=array([ 0.,  0.]), size=array([ 0.3,  0.2]), tex='sin', texRes=256, units='norm', win=Window(...))
198.6387 	EXP 	Created unnamed GratingStim = GratingStim(autoDraw=False, autoLog=True, color=array([ 1. ,  0.5,  0.5]), colorSpace='rgb', contrast=1.0, depth=0, interpolate=False, mask='gauss', maskParams=None, name='unnamed GratingStim', opacity=1.0, ori=0.0, phase=array([ 0.,  0.]), pos=array([-0.2 , -0.72]), rgbPedestal=array([ 0.,  0.,  0.]), sf=array([ 0.,  0.]), size=array([ 0.3,  0.2]), tex='sin', texRes=256, units='norm', win=Window(...))
198.6609 	EXP 	Created unnamed GratingStim = GratingStim(autoDraw=False, autoLog=True, color=array([ 1. ,  0.5,  0.5]), colorSpace='rgb', contrast=1.0, depth=0, interpolate=False, mask='gauss', maskParams=None, name='unnamed GratingStim', opacity=1.0, ori=0.0, phase=array([ 0.,  0.]), pos=array([ 0.1 , -0.72]), rgbPedestal=array([ 0.,  0.,  0.]), sf=array([ 0.,  0.]), size=array([ 0.3,  0.2]), tex='sin', texRes=256, units='norm', win=Window(...))
198.6639 	DATA 	Mouse:  Left button up, pos=(655,52)
198.6708 	EXP 	unnamed ImageStim: size = (1.1, 2)
235.0040 	DATA 	Mouse: Left button down, pos=(791,316)
235.1178 	DATA 	Mouse:  Left button up, pos=(791,316)
247.2005 	DATA 	Mouse: Left button down, pos=(771,158)
247.3504 	DATA 	Mouse:  Left button up, pos=(771,158)
248.2545 	DATA 	Mouse: Left button down, pos=(815,44)
248.2670 	EXP 	window1: units = 'deg'
248.2720 	EXP 	window1: mouseVisible = True
277.3034 	EXP 	Created window1 = Window(allowGUI=False, allowStencil=False, autoLog=True, bitsMode=UNKNOWN, blendMode='avg', color=array([-0.7, -0.7, -0.7]), colorSpace='rgb', fullscr=UNKNOWN, gamma=None, lms=UNKNOWN, monitor=<psychopy.monitors.calibTools.Monitor object at 0x1BC24130>, name='window1', pos=[0, 0], screen=0, size=array([1920, 1080]), stereo=False, units='deg', useFBO=False, useRetina=False, viewOri=0.0, viewPos=None, viewScale=None, waitBlanking=False, winType='pyglet')
281.6195 	INFO 	#[ PsychoPy2 RuntimeInfoStart ]
  #[[ PsychoPy ]] #---------
    psychopyVersion: 1.84.2
    psychopyHaveExtRush: True
  #[[ Experiment ]] #---------
    experimentAuthor: None
    experimentAuthVersion: None
    experimentRunTime: 2018_08_08 14:11 (Year_Month_Day Hour:Min)
    experimentRunTime.epoch: 1533701494
    experimentScript: psyc1002.py
    experimentScript.digestSHA1: 03993779484d600ea4c1b8cc2288f3d37a5025d5
    experimentScript.directory: U:\PSYC1002\abgdj
  #[[ System ]] #---------
    systemHaveInternetAccess: True
    systemHostName: W5FB5LG2
    systemLocale: English_Australia.1252
    systemMemFreeRAM: 4427.5390625
    systemMemTotalRAM: 8076.9453125
    systemPlatform: windowsversion=sys.getwindowsversion(major=6, minor=2, build=9200, platform=2, service_pack='')
    systemPyo.InputDevices: {4: {'host api index': 2, 'latency': 0.008707483299076557, 'default sr': 44100, 'name': u'Realtek ASIO'}}
    systemPyo.OutputDevices: {0: {'host api index': 0, 'latency': 0.09000000357627869, 'default sr': 44100, 'name': u'Microsoft Sound Mapper - Output'}, 1: {'host api index': 0, 'latency': 0.09000000357627869, 'default sr': 44100, 'name': u'Speakers / Headphones (Realtek '}, 2: {'host api index': 1, 'latency': 0.11999999731779099, 'default sr': 44100, 'name': u'Primary Sound Driver'}, 3: {'host api index': 1, 'latency': 0.11999999731779099, 'default sr': 44100, 'name': u'Speakers / Headphones (Realtek High Definition Audio)'}, 4: {'host api index': 2, 'latency': 0.008707483299076557, 'default sr': 44100, 'name': u'Realtek ASIO'}, 5: {'host api index': 3, 'latency': 0.003000000026077032, 'default sr': 48000, 'name': u'Speakers / Headphones (Realtek High Definition Audio)'}}
    systemPyoVersion: 0.8.0
    systemRebooted: System Boot Time:          8/08/2018, 2:00:46 AM
    systemSec.pythonSSL: True
    systemTimeNumpySD1000000_sec: 0.0080
    systemUser: yfan2776
    systemUserID: 1000
    systemUserProcCmdPid: nimdnsResponder.exe OneDrive.exe nierserver.exe LabStatsUserSpace.exe ssonsvr.exe AGSService.exe dwm.exe nidevldu.exe System sihost.exe csrss.exe SmcGui.exe niauth_daemon.exe wininit.exe SISIDSService.exe CmRcService.exe server_admin.exe winlogon.exe LabStatsClient.exe ShellExperienceHost.exe tagsrv.exe SearchUI.exe ctfmon.exe TrustedInstaller.exe RtkNGUI64.exe nidevmon.exe RAVBg64.exe SearchIndexer.exe TiWorker.exe ''Memory Compression'' explorer.exe server_runtime.exe conhost.exe smss.exe WmiPrvSE.exe NIWebServiceContainer.exe ApplicationWebServer.exe nimxs.exe fontdrvhost.exe taskhostw.exe nipxism.exe acrotray.exe redirector.exe nicitdl5.exe niLxiDiscovery.exe RtkAudioService64.exe cmd.exe SystemWebServer.exe unsecapp.exe tasklist.exe SecurityHealthService.exe sisipsutil.exe nidmsrv.exe Receiver.exe snowagent.exe wfcrun32.exe CcmExec.exe SISIPSService.exe concentr.exe lktsrv.exe nisvcloc.exe server_eventlog.exe pc-client.exe RuntimeBroker.exe lkcitdl.exe python.exe ''System Idle Process'' lkads.exe lsass.exe services.exe niDiscSvc.exe sqlwriter.exe AuthManSvr.exe MSASCuiL.exe spoolsv.exe svchost.exe ccSvcHst.exe SelfServicePlugin.exe ni_usbmon.exe SCNotification.exe armsvc.exe audiodg.exe
    systemUserProcCount: 168
    systemUserProcFlagged: Explorer
    systemUsersCount: False
  #[[ Window ]] #---------
    windowWinType: pyglet
    windowWaitBlanking: False
    windowUseNativeGamma: True
    windowUnits: deg
    windowSize_pix: [1920 1080]
    windowScreen: 0
    windowRgb: [-0.7 -0.7 -0.7]
    windowRefreshTimeSD_ms: 0.444
    windowRefreshTimeMedian_ms: 16.654
    windowRefreshTimeAvg_ms: 16.651
    windowRefreshThreshold_sec: 0.0200
    windowRecordFrameIntervals: False
    windowPos_pix: [0, 0]
    windowMonitor.name: testmonitor
    windowMonitor.getWidth_cm: 57.0
    windowMonitor.getLinearizeMethod: 1
    windowMonitor.getGammaGrid: [[  0.   1.   1.  nan  nan  nan]
 [  0.   1.   1.  nan  nan  nan]
 [  0.   1.   1.  nan  nan  nan]
 [  0.   1.   1.  nan  nan  nan]]
    windowMonitor.getDistance_cm: 57.0
    windowMonitor.gammaInterpolator2: None
    windowMonitor.gammaInterpolator: None
    windowMonitor.currentCalibName: 2018_08_08 14:06
    windowIsFullScr: True
    windowHaveShaders: True
    windowAllowGUI: False
  #[[ Python ]] #---------
    pythonWxVersion: 3.0.2.0 msw (classic)
    pythonVersion: 2.7.11
    pythonScipyVersion: 0.17.1
    pythonPygletVersion: 1.2.4
    pythonPygameVersion: 1.9.2pre
    pythonNumpyVersion: 1.11.0
    pythonMatplotlibVersion: 1.5.1
    pythonFullVersion: 2.7.11 (v2.7.11:6d1b6a68f775, Dec  5 2015, 20:32:19) [MSC v.1500 32 bit (Intel)]
    pythonExecutable: C:\Program Files (x86)\PsychoPy2\python.exe
  #[[ OpenGL ]] #---------
    openGLVersion: 4.4.0 - Build 20.19.15.4531
    openGLVendor: Intel
    openGLRenderingEngine: Intel(R) HD Graphics 530
    openGLmaxVerticesInVertexArray: 1048576
    False: openGLext.GL_STEREO
    True: openGLext.GL_EXT_framebuffer_object
    True: openGLext.GL_ARB_vertex_shader
    True: openGLext.GL_ARB_texture_non_power_of_two
    True: openGLext.GL_ARB_texture_float
    True: openGLext.GL_ARB_shader_objects
    True: openGLext.GL_ARB_multitexture
    True: openGLext.GL_ARB_fragment_program
#[ PsychoPy2 RuntimeInfoEnd ]

281.6673 	EXP 	window1: recordFrameIntervals = True
282.5013 	EXP 	window1: recordFrameIntervals = False
282.5020 	INFO 	Frames per second ~=60.1, which is close enough to desired val of 60.0
282.7006 	EXP 	Created sequence: random, trialTypes=12, nReps=30, seed=None
282.8283 	INFO 	Mouse: using default window
282.8490 	EXP 	Created OKrespZone = GratingStim(autoDraw=False, autoLog=True, color=array([ 1.,  1.,  1.]), colorSpace='rgb', contrast=1.0, depth=0, interpolate=False, mask='gauss', maskParams=None, name='OKrespZone', opacity=1.0, ori=0.0, phase=array([ 0.,  0.]), pos=array([ 0.  ,  0.88]), rgbPedestal=array([ 0.,  0.,  0.]), sf=array([ 0.,  0.]), size=array([ 2. ,  0.2]), tex='sin', texRes=256, units='norm', win=Window(...))
311.2274 	DATA 	Mouse: Left button down, pos=(127,816)
311.3394 	DATA 	Mouse:  Left button up, pos=(127,816)
331.0283 	DATA 	Mouse: Left button down, pos=(147,951)
331.1233 	DATA 	Mouse:  Left button up, pos=(147,952)
335.5565 	DATA 	Mouse: Left button down, pos=(894,736)
335.6673 	DATA 	Mouse:  Left button up, pos=(894,736)
341.7556 	DATA 	Mouse: Left button down, pos=(1073,413)
341.8753 	DATA 	Mouse:  Left button up, pos=(1073,413)
350.2195 	DATA 	Mouse: Left button down, pos=(1579,813)
350.3232 	DATA 	Mouse:  Left button up, pos=(1579,813)
356.5074 	DATA 	Mouse: Left button down, pos=(1749,324)
356.6191 	DATA 	Mouse:  Left button up, pos=(1749,324)
363.6116 	DATA 	Mouse: Left button down, pos=(732,953)
363.7231 	DATA 	Mouse:  Left button up, pos=(732,953)
376.4673 	DATA 	Mouse: Left button down, pos=(1342,600)
376.6032 	DATA 	Mouse:  Left button up, pos=(1342,600)
387.1635 	DATA 	Mouse: Left button down, pos=(94,748)
387.2912 	DATA 	Mouse:  Left button up, pos=(94,748)
389.2834 	DATA 	Mouse: Left button down, pos=(121,885)
389.4272 	DATA 	Mouse:  Left button up, pos=(121,885)
390.9075 	DATA 	Mouse: Left button down, pos=(897,1022)
390.9259 	INFO 	Experiment will have 360 trials. Letters will be drawn with superposed noise of 0.00%
390.9396 	EXP 	New trial (rep=0, index=0): {'leftStreamFlip': False, 'oneTarget': True, 'trialInstructionPos': (0, 1), 'probe': 'both', 'rightStreamFlip': False, 'horizVert': True, 'ISIframes': 3, 'rightResponseFirst': False}
390.9397 	INFO 	Starting main part of experiment
391.0537 	DATA 	Mouse:  Left button up, pos=(897,1022)
392.1181 	INFO 	numtrials=360 and this trialDurFrames=41 or 683.333333333 ms  task=T1
394.2177 	EXP 	window1: recordFrameIntervals = False
394.2279 	INFO 	Mouse: using default window
415.8371 	DATA 	Keypress: a
416.0179 	EXP 	New trial (rep=0, index=1): {'leftStreamFlip': False, 'oneTarget': False, 'trialInstructionPos': (0, -1), 'probe': 'both', 'rightStreamFlip': False, 'horizVert': True, 'ISIframes': 3, 'rightResponseFirst': False}
425.5337 	INFO 	numtrials=360 and this trialDurFrames=32 or 533.333333333 ms  task=T1
427.7170 	EXP 	window1: recordFrameIntervals = False
427.7250 	INFO 	Mouse: using default window
430.9171 	DATA 	Keypress: b
433.1504 	DATA 	Keypress: a
433.2953 	EXP 	New trial (rep=0, index=2): {'leftStreamFlip': False, 'oneTarget': False, 'trialInstructionPos': (0, 1), 'probe': 'both', 'rightStreamFlip': False, 'horizVert': True, 'ISIframes': 3, 'rightResponseFirst': True}
433.3171 	INFO 	numtrials=360 and this trialDurFrames=26 or 433.333333333 ms  task=T1
435.3004 	EXP 	window1: recordFrameIntervals = False
435.3085 	INFO 	Mouse: using default window
437.3179 	DATA 	Keypress: g
438.6840 	DATA 	Keypress: e
438.8248 	EXP 	New trial (rep=0, index=3): {'leftStreamFlip': False, 'oneTarget': False, 'trialInstructionPos': (0, 1), 'probe': 'both', 'rightStreamFlip': False, 'horizVert': True, 'ISIframes': 3, 'rightResponseFirst': False}
438.8342 	INFO 	numtrials=360 and this trialDurFrames=26 or 433.333333333 ms  task=T1
440.3837 	EXP 	window1: recordFrameIntervals = False
440.3927 	INFO 	Mouse: using default window
442.3504 	DATA 	Keypress: a
443.6178 	DATA 	Keypress: y
443.7569 	EXP 	New trial (rep=0, index=4): {'leftStreamFlip': False, 'oneTarget': True, 'trialInstructionPos': (0, -1), 'probe': 'both', 'rightStreamFlip': False, 'horizVert': True, 'ISIframes': 3, 'rightResponseFirst': True}
450.7672 	DATA 	Mouse: Left button down, pos=(1214,480)
450.9004 	DATA 	Mouse:  Left button up, pos=(1214,480)
452.1002 	INFO 	numtrials=360 and this trialDurFrames=20 or 333.333333333 ms  task=T1
453.4835 	EXP 	window1: recordFrameIntervals = False
453.4917 	INFO 	Mouse: using default window
455.5339 	DATA 	Keypress: s
455.6765 	EXP 	New trial (rep=0, index=5): {'leftStreamFlip': False, 'oneTarget': True, 'trialInstructionPos': (0, 1), 'probe': 'both', 'rightStreamFlip': False, 'horizVert': True, 'ISIframes': 3, 'rightResponseFirst': True}
455.6999 	INFO 	numtrials=360 and this trialDurFrames=5 or 83.3333333333 ms  task=T1
456.7669 	EXP 	window1: recordFrameIntervals = False
456.7754 	INFO 	Mouse: using default window
458.6536 	DATA 	Keypress: n
458.8103 	EXP 	New trial (rep=0, index=6): {'leftStreamFlip': False, 'oneTarget': True, 'trialInstructionPos': (0, -1), 'probe': 'both', 'rightStreamFlip': False, 'horizVert': True, 'ISIframes': 3, 'rightResponseFirst': False}
458.8334 	INFO 	numtrials=360 and this trialDurFrames=6 or 100.0 ms  task=T1
460.0670 	EXP 	window1: recordFrameIntervals = False
460.0755 	INFO 	Mouse: using default window
462.1671 	DATA 	Keypress: e
462.3092 	EXP 	New trial (rep=0, index=7): {'leftStreamFlip': False, 'oneTarget': False, 'trialInstructionPos': (0, -1), 'probe': 'both', 'rightStreamFlip': False, 'horizVert': True, 'ISIframes': 3, 'rightResponseFirst': True}
462.3343 	INFO 	numtrials=360 and this trialDurFrames=5 or 83.3333333333 ms  task=T1
463.4002 	EXP 	window1: recordFrameIntervals = False
463.4084 	INFO 	Mouse: using default window
464.7007 	DATA 	Keypress: m
468.5339 	DATA 	Keypress: j
468.6746 	EXP 	New trial (rep=0, index=8): {'leftStreamFlip': False, 'oneTarget': False, 'trialInstructionPos': (0, 1), 'probe': 'both', 'rightStreamFlip': False, 'horizVert': True, 'ISIframes': 3, 'rightResponseFirst': True}
468.7001 	INFO 	numtrials=360 and this trialDurFrames=5 or 83.3333333333 ms  task=T1
469.7169 	EXP 	window1: recordFrameIntervals = False
469.7253 	INFO 	Mouse: using default window
472.2341 	DATA 	Keypress: n
473.3672 	DATA 	Keypress: z
473.5058 	EXP 	New trial (rep=0, index=9): {'leftStreamFlip': False, 'oneTarget': False, 'trialInstructionPos': (0, -1), 'probe': 'both', 'rightStreamFlip': False, 'horizVert': True, 'ISIframes': 3, 'rightResponseFirst': False}
473.5342 	INFO 	numtrials=360 and this trialDurFrames=5 or 83.3333333333 ms  task=T1
474.6669 	EXP 	window1: recordFrameIntervals = False
474.6762 	INFO 	Mouse: using default window
479.2338 	DATA 	Keypress: m
482.3177 	DATA 	Keypress: z
482.4595 	EXP 	New trial (rep=0, index=10): {'leftStreamFlip': False, 'oneTarget': False, 'trialInstructionPos': (0, 1), 'probe': 'both', 'rightStreamFlip': False, 'horizVert': True, 'ISIframes': 3, 'rightResponseFirst': False}
482.4831 	INFO 	numtrials=360 and this trialDurFrames=5 or 83.3333333333 ms  task=T1
483.5007 	EXP 	window1: recordFrameIntervals = False
483.5088 	INFO 	Mouse: using default window
485.2841 	DATA 	Keypress: a
486.4339 	DATA 	Keypress: s
486.5766 	EXP 	New trial (rep=0, index=11): {'leftStreamFlip': False, 'oneTarget': False, 'trialInstructionPos': (0, -1), 'probe': 'both', 'rightStreamFlip': False, 'horizVert': True, 'ISIframes': 3, 'rightResponseFirst': True}
486.5996 	INFO 	numtrials=360 and this trialDurFrames=4 or 66.6666666667 ms  task=T1
487.7005 	EXP 	window1: recordFrameIntervals = False
487.7093 	INFO 	Mouse: using default window
491.5173 	DATA 	Keypress: s
494.9340 	DATA 	Keypress: c
495.0752 	EXP 	New trial (rep=1, index=0): {'leftStreamFlip': False, 'oneTarget': True, 'trialInstructionPos': (0, -1), 'probe': 'both', 'rightStreamFlip': False, 'horizVert': True, 'ISIframes': 3, 'rightResponseFirst': True}
495.1002 	INFO 	numtrials=360 and this trialDurFrames=5 or 83.3333333333 ms  task=T1
496.2669 	EXP 	window1: recordFrameIntervals = False
496.2763 	INFO 	Mouse: using default window
499.0845 	DATA 	Keypress: u
499.2232 	EXP 	New trial (rep=1, index=1): {'leftStreamFlip': False, 'oneTarget': True, 'trialInstructionPos': (0, -1), 'probe': 'both', 'rightStreamFlip': False, 'horizVert': True, 'ISIframes': 3, 'rightResponseFirst': False}
499.2337 	INFO 	numtrials=360 and this trialDurFrames=5 or 83.3333333333 ms  task=T1
500.2671 	EXP 	window1: recordFrameIntervals = False
500.2754 	INFO 	Mouse: using default window
501.8037 	DATA 	Keypress: g
501.9568 	EXP 	New trial (rep=1, index=2): {'leftStreamFlip': False, 'oneTarget': False, 'trialInstructionPos': (0, -1), 'probe': 'both', 'rightStreamFlip': False, 'horizVert': True, 'ISIframes': 3, 'rightResponseFirst': True}
501.9844 	INFO 	numtrials=360 and this trialDurFrames=5 or 83.3333333333 ms  task=T1
503.0169 	EXP 	window1: recordFrameIntervals = False
503.0254 	INFO 	Mouse: using default window
506.3338 	DATA 	Keypress: g
506.8339 	DATA 	Keypress: h
506.9754 	EXP 	New trial (rep=1, index=3): {'leftStreamFlip': False, 'oneTarget': False, 'trialInstructionPos': (0, -1), 'probe': 'both', 'rightStreamFlip': False, 'horizVert': True, 'ISIframes': 3, 'rightResponseFirst': False}
507.0001 	INFO 	numtrials=360 and this trialDurFrames=5 or 83.3333333333 ms  task=T1
508.0169 	EXP 	window1: recordFrameIntervals = False
508.0251 	INFO 	Mouse: using default window
512.3844 	DATA 	Keypress: n
513.3173 	DATA 	Keypress: t
513.4583 	EXP 	New trial (rep=1, index=4): {'leftStreamFlip': False, 'oneTarget': True, 'trialInstructionPos': (0, 1), 'probe': 'both', 'rightStreamFlip': False, 'horizVert': True, 'ISIframes': 3, 'rightResponseFirst': False}
513.4831 	INFO 	numtrials=360 and this trialDurFrames=5 or 83.3333333333 ms  task=T1
514.5003 	EXP 	window1: recordFrameIntervals = False
514.5107 	INFO 	Mouse: using default window
516.3005 	DATA 	Keypress: t
516.4542 	EXP 	New trial (rep=1, index=5): {'leftStreamFlip': False, 'oneTarget': False, 'trialInstructionPos': (0, 1), 'probe': 'both', 'rightStreamFlip': False, 'horizVert': True, 'ISIframes': 3, 'rightResponseFirst': True}
516.4663 	INFO 	numtrials=360 and this trialDurFrames=5 or 83.3333333333 ms  task=T1
517.4837 	EXP 	window1: recordFrameIntervals = False
517.4921 	INFO 	Mouse: using default window
520.1671 	DATA 	Keypress: n
524.2042 	DATA 	Keypress: n
524.3572 	EXP 	New trial (rep=1, index=6): {'leftStreamFlip': False, 'oneTarget': False, 'trialInstructionPos': (0, 1), 'probe': 'both', 'rightStreamFlip': False, 'horizVert': True, 'ISIframes': 3, 'rightResponseFirst': False}
524.3835 	INFO 	numtrials=360 and this trialDurFrames=5 or 83.3333333333 ms  task=T1
525.4171 	EXP 	window1: recordFrameIntervals = False
525.4258 	INFO 	Mouse: using default window
527.9843 	DATA 	Keypress: k
529.0371 	DATA 	Keypress: s
529.1935 	EXP 	New trial (rep=1, index=7): {'leftStreamFlip': False, 'oneTarget': False, 'trialInstructionPos': (0, -1), 'probe': 'both', 'rightStreamFlip': False, 'horizVert': True, 'ISIframes': 3, 'rightResponseFirst': True}
529.2163 	INFO 	numtrials=360 and this trialDurFrames=5 or 83.3333333333 ms  task=T1
530.4002 	EXP 	window1: recordFrameIntervals = False
530.4086 	INFO 	Mouse: using default window
532.8843 	DATA 	Keypress: e
535.1510 	DATA 	Keypress: s
535.2893 	EXP 	New trial (rep=1, index=8): {'leftStreamFlip': False, 'oneTarget': False, 'trialInstructionPos': (0, 1), 'probe': 'both', 'rightStreamFlip': False, 'horizVert': True, 'ISIframes': 3, 'rightResponseFirst': True}
535.3176 	INFO 	numtrials=360 and this trialDurFrames=5 or 83.3333333333 ms  task=T1
536.3171 	EXP 	window1: recordFrameIntervals = False
536.3250 	INFO 	Mouse: using default window
537.8369 	DATA 	Keypress: f
538.9844 	DATA 	Keypress: s
539.1241 	EXP 	New trial (rep=1, index=9): {'leftStreamFlip': False, 'oneTarget': False, 'trialInstructionPos': (0, 1), 'probe': 'both', 'rightStreamFlip': False, 'horizVert': True, 'ISIframes': 3, 'rightResponseFirst': False}
539.1498 	INFO 	numtrials=360 and this trialDurFrames=5 or 83.3333333333 ms  task=T1
540.3169 	EXP 	window1: recordFrameIntervals = False
540.3250 	INFO 	Mouse: using default window
543.1172 	DATA 	Keypress: m
544.4175 	DATA 	Keypress: n
544.5543 	EXP 	New trial (rep=1, index=10): {'leftStreamFlip': False, 'oneTarget': True, 'trialInstructionPos': (0, 1), 'probe': 'both', 'rightStreamFlip': False, 'horizVert': True, 'ISIframes': 3, 'rightResponseFirst': True}
544.5659 	INFO 	numtrials=360 and this trialDurFrames=5 or 83.3333333333 ms  task=T1
545.7003 	EXP 	window1: recordFrameIntervals = False
545.7088 	INFO 	Mouse: using default window
547.9008 	DATA 	Keypress: g
548.0406 	EXP 	New trial (rep=1, index=11): {'leftStreamFlip': False, 'oneTarget': False, 'trialInstructionPos': (0, -1), 'probe': 'both', 'rightStreamFlip': False, 'horizVert': True, 'ISIframes': 3, 'rightResponseFirst': False}
548.0663 	INFO 	numtrials=360 and this trialDurFrames=5 or 83.3333333333 ms  task=T1
549.0837 	EXP 	window1: recordFrameIntervals = False
549.0929 	INFO 	Mouse: using default window
550.8506 	DATA 	Keypress: h
551.8040 	DATA 	Keypress: t
551.9577 	EXP 	New trial (rep=2, index=0): {'leftStreamFlip': False, 'oneTarget': False, 'trialInstructionPos': (0, -1), 'probe': 'both', 'rightStreamFlip': False, 'horizVert': True, 'ISIframes': 3, 'rightResponseFirst': False}
551.9842 	INFO 	numtrials=360 and this trialDurFrames=5 or 83.3333333333 ms  task=T1
553.0170 	EXP 	window1: recordFrameIntervals = False
553.0255 	INFO 	Mouse: using default window
554.4678 	DATA 	Keypress: m
555.4174 	DATA 	Keypress: j
555.5559 	EXP 	New trial (rep=2, index=1): {'leftStreamFlip': False, 'oneTarget': False, 'trialInstructionPos': (0, 1), 'probe': 'both', 'rightStreamFlip': False, 'horizVert': True, 'ISIframes': 3, 'rightResponseFirst': False}
555.5673 	INFO 	numtrials=360 and this trialDurFrames=5 or 83.3333333333 ms  task=T1
556.7503 	EXP 	window1: recordFrameIntervals = False
556.7597 	INFO 	Mouse: using default window
558.3505 	DATA 	Keypress: g
559.3171 	DATA 	Keypress: j
559.4609 	EXP 	New trial (rep=2, index=2): {'leftStreamFlip': False, 'oneTarget': True, 'trialInstructionPos': (0, 1), 'probe': 'both', 'rightStreamFlip': False, 'horizVert': True, 'ISIframes': 3, 'rightResponseFirst': False}
559.4831 	INFO 	numtrials=360 and this trialDurFrames=5 or 83.3333333333 ms  task=T1
560.5837 	EXP 	window1: recordFrameIntervals = False
560.5922 	INFO 	Mouse: using default window
562.8839 	DATA 	Keypress: r
563.0241 	EXP 	New trial (rep=2, index=3): {'leftStreamFlip': False, 'oneTarget': False, 'trialInstructionPos': (0, 1), 'probe': 'both', 'rightStreamFlip': False, 'horizVert': True, 'ISIframes': 3, 'rightResponseFirst': True}
563.0499 	INFO 	numtrials=360 and this trialDurFrames=5 or 83.3333333333 ms  task=T1
564.1337 	EXP 	window1: recordFrameIntervals = False
564.1420 	INFO 	Mouse: using default window
565.5839 	DATA 	Keypress: s
566.4504 	DATA 	Keypress: g
566.5934 	EXP 	New trial (rep=2, index=4): {'leftStreamFlip': False, 'oneTarget': True, 'trialInstructionPos': (0, -1), 'probe': 'both', 'rightStreamFlip': False, 'horizVert': True, 'ISIframes': 3, 'rightResponseFirst': False}
566.6165 	INFO 	numtrials=360 and this trialDurFrames=5 or 83.3333333333 ms  task=T1
567.7169 	EXP 	window1: recordFrameIntervals = False
567.7252 	INFO 	Mouse: using default window
568.8171 	DATA 	Keypress: g
568.9564 	EXP 	New trial (rep=2, index=5): {'leftStreamFlip': False, 'oneTarget': False, 'trialInstructionPos': (0, 1), 'probe': 'both', 'rightStreamFlip': False, 'horizVert': True, 'ISIframes': 3, 'rightResponseFirst': True}
568.9835 	INFO 	numtrials=360 and this trialDurFrames=5 or 83.3333333333 ms  task=T1
570.0003 	EXP 	window1: recordFrameIntervals = False
570.0086 	INFO 	Mouse: using default window
571.7338 	DATA 	Keypress: h
572.4845 	DATA 	Keypress: t
572.6231 	EXP 	New trial (rep=2, index=6): {'leftStreamFlip': False, 'oneTarget': True, 'trialInstructionPos': (0, -1), 'probe': 'both', 'rightStreamFlip': False, 'horizVert': True, 'ISIframes': 3, 'rightResponseFirst': True}
572.6499 	INFO 	numtrials=360 and this trialDurFrames=5 or 83.3333333333 ms  task=T1
573.8002 	EXP 	window1: recordFrameIntervals = False
573.8084 	INFO 	Mouse: using default window
574.9339 	DATA 	Keypress: g
575.0742 	EXP 	New trial (rep=2, index=7): {'leftStreamFlip': False, 'oneTarget': False, 'trialInstructionPos': (0, -1), 'probe': 'both', 'rightStreamFlip': False, 'horizVert': True, 'ISIframes': 3, 'rightResponseFirst': True}
575.1010 	INFO 	numtrials=360 and this trialDurFrames=5 or 83.3333333333 ms  task=T1
576.1502 	EXP 	window1: recordFrameIntervals = False
576.1585 	INFO 	Mouse: using default window
577.8672 	DATA 	Keypress: s
578.8172 	DATA 	Keypress: m
578.9551 	EXP 	New trial (rep=2, index=8): {'leftStreamFlip': False, 'oneTarget': True, 'trialInstructionPos': (0, 1), 'probe': 'both', 'rightStreamFlip': False, 'horizVert': True, 'ISIframes': 3, 'rightResponseFirst': True}
578.9847 	INFO 	numtrials=360 and this trialDurFrames=5 or 83.3333333333 ms  task=T1
580.0171 	EXP 	window1: recordFrameIntervals = False
580.0254 	INFO 	Mouse: using default window
581.7838 	DATA 	Keypress: j
581.9250 	EXP 	New trial (rep=2, index=9): {'leftStreamFlip': False, 'oneTarget': False, 'trialInstructionPos': (0, -1), 'probe': 'both', 'rightStreamFlip': False, 'horizVert': True, 'ISIframes': 3, 'rightResponseFirst': True}
581.9502 	INFO 	numtrials=360 and this trialDurFrames=5 or 83.3333333333 ms  task=T1
583.1337 	EXP 	window1: recordFrameIntervals = False
583.1415 	INFO 	Mouse: using default window
586.1677 	DATA 	Keypress: n
586.8671 	DATA 	Keypress: z
587.0069 	EXP 	New trial (rep=2, index=10): {'leftStreamFlip': False, 'oneTarget': False, 'trialInstructionPos': (0, 1), 'probe': 'both', 'rightStreamFlip': False, 'horizVert': True, 'ISIframes': 3, 'rightResponseFirst': False}
587.0332 	INFO 	numtrials=360 and this trialDurFrames=5 or 83.3333333333 ms  task=T1
588.2004 	EXP 	window1: recordFrameIntervals = False
588.2088 	INFO 	Mouse: using default window
590.3505 	DATA 	Keypress: j
593.0673 	DATA 	Keypress: j
593.2078 	EXP 	New trial (rep=2, index=11): {'leftStreamFlip': False, 'oneTarget': False, 'trialInstructionPos': (0, -1), 'probe': 'both', 'rightStreamFlip': False, 'horizVert': True, 'ISIframes': 3, 'rightResponseFirst': False}
593.2334 	INFO 	numtrials=360 and this trialDurFrames=5 or 83.3333333333 ms  task=T1
594.2336 	EXP 	window1: recordFrameIntervals = False
594.2418 	INFO 	Mouse: using default window
596.5845 	DATA 	Keypress: c
597.4212 	DATA 	Keypress: j
597.5729 	EXP 	New trial (rep=3, index=0): {'leftStreamFlip': False, 'oneTarget': True, 'trialInstructionPos': (0, -1), 'probe': 'both', 'rightStreamFlip': False, 'horizVert': True, 'ISIframes': 3, 'rightResponseFirst': True}
597.5834 	INFO 	numtrials=360 and this trialDurFrames=5 or 83.3333333333 ms  task=T1
598.7337 	EXP 	window1: recordFrameIntervals = False
598.7421 	INFO 	Mouse: using default window
599.8207 	DATA 	Keypress: y
599.9727 	EXP 	New trial (rep=3, index=1): {'leftStreamFlip': False, 'oneTarget': True, 'trialInstructionPos': (0, 1), 'probe': 'both', 'rightStreamFlip': False, 'horizVert': True, 'ISIframes': 3, 'rightResponseFirst': True}
600.0009 	INFO 	numtrials=360 and this trialDurFrames=5 or 83.3333333333 ms  task=T1
601.1837 	EXP 	window1: recordFrameIntervals = False
601.1921 	INFO 	Mouse: using default window
602.1672 	DATA 	Keypress: j
602.3064 	EXP 	New trial (rep=3, index=2): {'leftStreamFlip': False, 'oneTarget': False, 'trialInstructionPos': (0, 1), 'probe': 'both', 'rightStreamFlip': False, 'horizVert': True, 'ISIframes': 3, 'rightResponseFirst': False}
602.3344 	INFO 	numtrials=360 and this trialDurFrames=5 or 83.3333333333 ms  task=T1
603.4170 	EXP 	window1: recordFrameIntervals = False
603.4258 	INFO 	Mouse: using default window
605.1339 	DATA 	Keypress: j
605.9671 	DATA 	Keypress: a
606.1081 	EXP 	New trial (rep=3, index=3): {'leftStreamFlip': False, 'oneTarget': False, 'trialInstructionPos': (0, 1), 'probe': 'both', 'rightStreamFlip': False, 'horizVert': True, 'ISIframes': 3, 'rightResponseFirst': False}
606.1332 	INFO 	numtrials=360 and this trialDurFrames=5 or 83.3333333333 ms  task=T1
607.1838 	EXP 	window1: recordFrameIntervals = False
607.1927 	INFO 	Mouse: using default window
608.8172 	DATA 	Keypress: n
609.7505 	DATA 	Keypress: g
609.8941 	EXP 	New trial (rep=3, index=4): {'leftStreamFlip': False, 'oneTarget': True, 'trialInstructionPos': (0, 1), 'probe': 'both', 'rightStreamFlip': False, 'horizVert': True, 'ISIframes': 3, 'rightResponseFirst': False}
609.9164 	INFO 	numtrials=360 and this trialDurFrames=5 or 83.3333333333 ms  task=T1
611.0670 	EXP 	window1: recordFrameIntervals = False
611.0754 	INFO 	Mouse: using default window
612.4505 	DATA 	Keypress: z
612.5892 	EXP 	New trial (rep=3, index=5): {'leftStreamFlip': False, 'oneTarget': False, 'trialInstructionPos': (0, -1), 'probe': 'both', 'rightStreamFlip': False, 'horizVert': True, 'ISIframes': 3, 'rightResponseFirst': True}
612.6176 	INFO 	numtrials=360 and this trialDurFrames=5 or 83.3333333333 ms  task=T1
613.7341 	EXP 	window1: recordFrameIntervals = False
613.7424 	INFO 	Mouse: using default window
615.6506 	DATA 	Keypress: u
620.4007 	DATA 	Keypress: f
620.5415 	EXP 	New trial (rep=3, index=6): {'leftStreamFlip': False, 'oneTarget': False, 'trialInstructionPos': (0, 1), 'probe': 'both', 'rightStreamFlip': False, 'horizVert': True, 'ISIframes': 3, 'rightResponseFirst': True}
620.5668 	INFO 	numtrials=360 and this trialDurFrames=5 or 83.3333333333 ms  task=T1
621.7671 	EXP 	window1: recordFrameIntervals = False
621.7760 	INFO 	Mouse: using default window
622.8505 	DATA 	Keypress: s
624.3510 	DATA 	Keypress: f
624.4908 	EXP 	New trial (rep=3, index=7): {'leftStreamFlip': False, 'oneTarget': False, 'trialInstructionPos': (0, -1), 'probe': 'both', 'rightStreamFlip': False, 'horizVert': True, 'ISIframes': 3, 'rightResponseFirst': False}
624.5162 	INFO 	numtrials=360 and this trialDurFrames=5 or 83.3333333333 ms  task=T1
625.5837 	EXP 	window1: recordFrameIntervals = False
625.5921 	INFO 	Mouse: using default window
627.7171 	DATA 	Keypress: i
628.3838 	DATA 	Keypress: g
628.5226 	EXP 	New trial (rep=3, index=8): {'leftStreamFlip': False, 'oneTarget': False, 'trialInstructionPos': (0, -1), 'probe': 'both', 'rightStreamFlip': False, 'horizVert': True, 'ISIframes': 3, 'rightResponseFirst': True}
628.5500 	INFO 	numtrials=360 and this trialDurFrames=5 or 83.3333333333 ms  task=T1
629.7503 	EXP 	window1: recordFrameIntervals = False
629.7586 	INFO 	Mouse: using default window
631.2005 	DATA 	Keypress: c
634.5843 	DATA 	Keypress: k
634.7234 	EXP 	New trial (rep=3, index=9): {'leftStreamFlip': False, 'oneTarget': False, 'trialInstructionPos': (0, 1), 'probe': 'both', 'rightStreamFlip': False, 'horizVert': True, 'ISIframes': 3, 'rightResponseFirst': True}
634.7499 	INFO 	numtrials=360 and this trialDurFrames=5 or 83.3333333333 ms  task=T1
635.9504 	EXP 	window1: recordFrameIntervals = False
635.9586 	INFO 	Mouse: using default window
637.2842 	DATA 	Keypress: f
638.2537 	DATA 	Keypress: k
638.4126 	EXP 	New trial (rep=3, index=10): {'leftStreamFlip': False, 'oneTarget': False, 'trialInstructionPos': (0, -1), 'probe': 'both', 'rightStreamFlip': False, 'horizVert': True, 'ISIframes': 3, 'rightResponseFirst': False}
638.4331 	INFO 	numtrials=360 and this trialDurFrames=5 or 83.3333333333 ms  task=T1
639.6336 	EXP 	window1: recordFrameIntervals = False
639.6416 	INFO 	Mouse: using default window
641.5512 	DATA 	Keypress: n
642.8006 	DATA 	Keypress: f
642.9414 	EXP 	New trial (rep=3, index=11): {'leftStreamFlip': False, 'oneTarget': True, 'trialInstructionPos': (0, -1), 'probe': 'both', 'rightStreamFlip': False, 'horizVert': True, 'ISIframes': 3, 'rightResponseFirst': False}
642.9667 	INFO 	numtrials=360 and this trialDurFrames=5 or 83.3333333333 ms  task=T1
644.0169 	EXP 	window1: recordFrameIntervals = False
644.0255 	INFO 	Mouse: using default window
646.1874 	DATA 	Keypress: f
646.3407 	EXP 	New trial (rep=4, index=0): {'leftStreamFlip': False, 'oneTarget': True, 'trialInstructionPos': (0, -1), 'probe': 'both', 'rightStreamFlip': False, 'horizVert': True, 'ISIframes': 3, 'rightResponseFirst': False}
646.3669 	INFO 	numtrials=360 and this trialDurFrames=5 or 83.3333333333 ms  task=T1
647.4002 	EXP 	window1: recordFrameIntervals = False
647.4090 	INFO 	Mouse: using default window
648.4171 	DATA 	Keypress: j
648.5564 	EXP 	New trial (rep=4, index=1): {'leftStreamFlip': False, 'oneTarget': False, 'trialInstructionPos': (0, -1), 'probe': 'both', 'rightStreamFlip': False, 'horizVert': True, 'ISIframes': 3, 'rightResponseFirst': True}
648.5850 	INFO 	numtrials=360 and this trialDurFrames=5 or 83.3333333333 ms  task=T1
649.7337 	EXP 	window1: recordFrameIntervals = False
649.7419 	INFO 	Mouse: using default window
652.7838 	DATA 	Keypress: n
654.3839 	DATA 	Keypress: n
654.5249 	EXP 	New trial (rep=4, index=2): {'leftStreamFlip': False, 'oneTarget': False, 'trialInstructionPos': (0, -1), 'probe': 'both', 'rightStreamFlip': False, 'horizVert': True, 'ISIframes': 3, 'rightResponseFirst': False}
654.5501 	INFO 	numtrials=360 and this trialDurFrames=4 or 66.6666666667 ms  task=T1
655.6337 	EXP 	window1: recordFrameIntervals = False
655.6421 	INFO 	Mouse: using default window
657.3872 	DATA 	Keypress: s
658.4006 	DATA 	Keypress: k
658.5405 	EXP 	New trial (rep=4, index=3): {'leftStreamFlip': False, 'oneTarget': False, 'trialInstructionPos': (0, -1), 'probe': 'both', 'rightStreamFlip': False, 'horizVert': True, 'ISIframes': 3, 'rightResponseFirst': True}
658.5663 	INFO 	numtrials=360 and this trialDurFrames=4 or 66.6666666667 ms  task=T1
659.7337 	EXP 	window1: recordFrameIntervals = False
659.7420 	INFO 	Mouse: using default window
661.6847 	DATA 	Keypress: e
662.7843 	DATA 	Keypress: y
662.9236 	EXP 	New trial (rep=4, index=4): {'leftStreamFlip': False, 'oneTarget': True, 'trialInstructionPos': (0, 1), 'probe': 'both', 'rightStreamFlip': False, 'horizVert': True, 'ISIframes': 3, 'rightResponseFirst': False}
662.9499 	INFO 	numtrials=360 and this trialDurFrames=4 or 66.6666666667 ms  task=T1
663.9671 	EXP 	window1: recordFrameIntervals = False
663.9760 	INFO 	Mouse: using default window
667.2005 	DATA 	Keypress: n
667.3398 	EXP 	New trial (rep=4, index=5): {'leftStreamFlip': False, 'oneTarget': False, 'trialInstructionPos': (0, 1), 'probe': 'both', 'rightStreamFlip': False, 'horizVert': True, 'ISIframes': 3, 'rightResponseFirst': True}
667.3675 	INFO 	numtrials=360 and this trialDurFrames=4 or 66.6666666667 ms  task=T1
668.5836 	EXP 	window1: recordFrameIntervals = False
668.5929 	INFO 	Mouse: using default window
671.2505 	DATA 	Keypress: a
672.1674 	DATA 	Keypress: e
672.3081 	EXP 	New trial (rep=4, index=6): {'leftStreamFlip': False, 'oneTarget': True, 'trialInstructionPos': (0, -1), 'probe': 'both', 'rightStreamFlip': False, 'horizVert': True, 'ISIframes': 3, 'rightResponseFirst': True}
672.3335 	INFO 	numtrials=360 and this trialDurFrames=4 or 66.6666666667 ms  task=T1
673.5171 	EXP 	window1: recordFrameIntervals = False
673.5256 	INFO 	Mouse: using default window
674.8845 	DATA 	Keypress: e
675.0235 	EXP 	New trial (rep=4, index=7): {'leftStreamFlip': False, 'oneTarget': False, 'trialInstructionPos': (0, 1), 'probe': 'both', 'rightStreamFlip': False, 'horizVert': True, 'ISIframes': 3, 'rightResponseFirst': False}
675.0499 	INFO 	numtrials=360 and this trialDurFrames=5 or 83.3333333333 ms  task=T1
676.1673 	EXP 	window1: recordFrameIntervals = False
676.1761 	INFO 	Mouse: using default window
678.1673 	DATA 	Keypress: r
679.9507 	DATA 	Keypress: a
680.0921 	EXP 	New trial (rep=4, index=8): {'leftStreamFlip': False, 'oneTarget': False, 'trialInstructionPos': (0, -1), 'probe': 'both', 'rightStreamFlip': False, 'horizVert': True, 'ISIframes': 3, 'rightResponseFirst': False}
680.1165 	INFO 	numtrials=360 and this trialDurFrames=5 or 83.3333333333 ms  task=T1
681.3338 	EXP 	window1: recordFrameIntervals = False
681.3421 	INFO 	Mouse: using default window
684.5840 	DATA 	Keypress: i
685.3683 	DATA 	Keypress: t
685.5077 	EXP 	New trial (rep=4, index=9): {'leftStreamFlip': False, 'oneTarget': True, 'trialInstructionPos': (0, 1), 'probe': 'both', 'rightStreamFlip': False, 'horizVert': True, 'ISIframes': 3, 'rightResponseFirst': True}
685.5332 	INFO 	numtrials=360 and this trialDurFrames=4 or 66.6666666667 ms  task=T1
686.6504 	EXP 	window1: recordFrameIntervals = False
686.6614 	INFO 	Mouse: using default window
688.6008 	DATA 	Keypress: k
688.7439 	EXP 	New trial (rep=4, index=10): {'leftStreamFlip': False, 'oneTarget': False, 'trialInstructionPos': (0, 1), 'probe': 'both', 'rightStreamFlip': False, 'horizVert': True, 'ISIframes': 3, 'rightResponseFirst': False}
688.7666 	INFO 	numtrials=360 and this trialDurFrames=5 or 83.3333333333 ms  task=T1
689.7670 	EXP 	window1: recordFrameIntervals = False
689.7758 	INFO 	Mouse: using default window
691.0843 	DATA 	Keypress: n
692.0339 	DATA 	Keypress: y
692.1754 	EXP 	New trial (rep=4, index=11): {'leftStreamFlip': False, 'oneTarget': False, 'trialInstructionPos': (0, 1), 'probe': 'both', 'rightStreamFlip': False, 'horizVert': True, 'ISIframes': 3, 'rightResponseFirst': True}
692.1999 	INFO 	numtrials=360 and this trialDurFrames=5 or 83.3333333333 ms  task=T1
693.3004 	EXP 	window1: recordFrameIntervals = False
693.3100 	INFO 	Mouse: using default window
695.1843 	DATA 	Keypress: r
695.7177 	DATA 	Keypress: h
695.8649 	EXP 	New trial (rep=5, index=0): {'leftStreamFlip': False, 'oneTarget': False, 'trialInstructionPos': (0, -1), 'probe': 'both', 'rightStreamFlip': False, 'horizVert': True, 'ISIframes': 3, 'rightResponseFirst': False}
695.8831 	INFO 	numtrials=360 and this trialDurFrames=4 or 66.6666666667 ms  task=T1
696.9004 	EXP 	window1: recordFrameIntervals = False
696.9098 	INFO 	Mouse: using default window
699.6173 	DATA 	Keypress: s
700.0350 	DATA 	Keypress: a
700.1753 	EXP 	New trial (rep=5, index=1): {'leftStreamFlip': False, 'oneTarget': False, 'trialInstructionPos': (0, -1), 'probe': 'both', 'rightStreamFlip': False, 'horizVert': True, 'ISIframes': 3, 'rightResponseFirst': True}
700.1998 	INFO 	numtrials=360 and this trialDurFrames=4 or 66.6666666667 ms  task=T1
701.3005 	EXP 	window1: recordFrameIntervals = False
701.3091 	INFO 	Mouse: using default window
703.4676 	DATA 	Keypress: r
704.2374 	DATA 	Keypress: a
704.3910 	EXP 	New trial (rep=5, index=2): {'leftStreamFlip': False, 'oneTarget': False, 'trialInstructionPos': (0, 1), 'probe': 'both', 'rightStreamFlip': False, 'horizVert': True, 'ISIframes': 3, 'rightResponseFirst': False}
704.4174 	INFO 	numtrials=360 and this trialDurFrames=4 or 66.6666666667 ms  task=T1
705.4504 	EXP 	window1: recordFrameIntervals = False
705.4592 	INFO 	Mouse: using default window
708.6202 	DATA 	Keypress: u
709.1677 	DATA 	Keypress: m
709.3069 	EXP 	New trial (rep=5, index=3): {'leftStreamFlip': False, 'oneTarget': False, 'trialInstructionPos': (0, 1), 'probe': 'both', 'rightStreamFlip': False, 'horizVert': True, 'ISIframes': 3, 'rightResponseFirst': True}
709.3343 	INFO 	numtrials=360 and this trialDurFrames=4 or 66.6666666667 ms  task=T1
710.5336 	EXP 	window1: recordFrameIntervals = False
710.5414 	INFO 	Mouse: using default window
711.9007 	DATA 	Keypress: c
714.6681 	DATA 	Keypress: m
714.8120 	EXP 	New trial (rep=5, index=4): {'leftStreamFlip': False, 'oneTarget': False, 'trialInstructionPos': (0, -1), 'probe': 'both', 'rightStreamFlip': False, 'horizVert': True, 'ISIframes': 3, 'rightResponseFirst': False}
714.8332 	INFO 	numtrials=360 and this trialDurFrames=4 or 66.6666666667 ms  task=T1
715.9837 	EXP 	window1: recordFrameIntervals = False
715.9921 	INFO 	Mouse: using default window
718.9171 	DATA 	Keypress: c
720.0506 	DATA 	Keypress: k
720.1914 	EXP 	New trial (rep=5, index=5): {'leftStreamFlip': False, 'oneTarget': True, 'trialInstructionPos': (0, 1), 'probe': 'both', 'rightStreamFlip': False, 'horizVert': True, 'ISIframes': 3, 'rightResponseFirst': False}
720.2166 	INFO 	numtrials=360 and this trialDurFrames=4 or 66.6666666667 ms  task=T1
721.2669 	EXP 	window1: recordFrameIntervals = False
721.2755 	INFO 	Mouse: using default window
725.2506 	DATA 	Keypress: z
725.3900 	EXP 	New trial (rep=5, index=6): {'leftStreamFlip': False, 'oneTarget': False, 'trialInstructionPos': (0, -1), 'probe': 'both', 'rightStreamFlip': False, 'horizVert': True, 'ISIframes': 3, 'rightResponseFirst': True}
725.4168 	INFO 	numtrials=360 and this trialDurFrames=4 or 66.6666666667 ms  task=T1
726.6337 	EXP 	window1: recordFrameIntervals = False
726.6425 	INFO 	Mouse: using default window
728.1338 	DATA 	Keypress: f
729.5338 	DATA 	Keypress: m
729.6747 	EXP 	New trial (rep=5, index=7): {'leftStreamFlip': False, 'oneTarget': False, 'trialInstructionPos': (0, 1), 'probe': 'both', 'rightStreamFlip': False, 'horizVert': True, 'ISIframes': 3, 'rightResponseFirst': True}
729.7011 	INFO 	numtrials=360 and this trialDurFrames=4 or 66.6666666667 ms  task=T1
730.8502 	EXP 	window1: recordFrameIntervals = False
730.8586 	INFO 	Mouse: using default window
732.1175 	DATA 	Keypress: h
733.3172 	DATA 	Keypress: m
733.4575 	EXP 	New trial (rep=5, index=8): {'leftStreamFlip': False, 'oneTarget': False, 'trialInstructionPos': (0, 1), 'probe': 'both', 'rightStreamFlip': False, 'horizVert': True, 'ISIframes': 3, 'rightResponseFirst': False}
733.4839 	INFO 	numtrials=360 and this trialDurFrames=4 or 66.6666666667 ms  task=T1
734.6336 	EXP 	window1: recordFrameIntervals = False
734.6419 	INFO 	Mouse: using default window
737.3006 	DATA 	Keypress: l
738.3506 	DATA 	Keypress: m
738.4921 	EXP 	New trial (rep=5, index=9): {'leftStreamFlip': False, 'oneTarget': True, 'trialInstructionPos': (0, -1), 'probe': 'both', 'rightStreamFlip': False, 'horizVert': True, 'ISIframes': 3, 'rightResponseFirst': True}
738.5168 	INFO 	numtrials=360 and this trialDurFrames=4 or 66.6666666667 ms  task=T1
739.5174 	EXP 	window1: recordFrameIntervals = False
739.5260 	INFO 	Mouse: using default window
741.0371 	DATA 	Keypress: g
741.1893 	EXP 	New trial (rep=5, index=10): {'leftStreamFlip': False, 'oneTarget': True, 'trialInstructionPos': (0, 1), 'probe': 'both', 'rightStreamFlip': False, 'horizVert': True, 'ISIframes': 3, 'rightResponseFirst': True}
741.2181 	INFO 	numtrials=360 and this trialDurFrames=4 or 66.6666666667 ms  task=T1
742.3004 	EXP 	window1: recordFrameIntervals = False
742.3087 	INFO 	Mouse: using default window
744.4338 	DATA 	Keypress: k
744.5738 	EXP 	New trial (rep=5, index=11): {'leftStreamFlip': False, 'oneTarget': True, 'trialInstructionPos': (0, -1), 'probe': 'both', 'rightStreamFlip': False, 'horizVert': True, 'ISIframes': 3, 'rightResponseFirst': False}
744.6010 	INFO 	numtrials=360 and this trialDurFrames=4 or 66.6666666667 ms  task=T1
745.6837 	EXP 	window1: recordFrameIntervals = False
745.6927 	INFO 	Mouse: using default window
746.7840 	DATA 	Keypress: m
746.9230 	EXP 	New trial (rep=6, index=0): {'leftStreamFlip': False, 'oneTarget': True, 'trialInstructionPos': (0, -1), 'probe': 'both', 'rightStreamFlip': False, 'horizVert': True, 'ISIframes': 3, 'rightResponseFirst': False}
746.9498 	INFO 	numtrials=360 and this trialDurFrames=5 or 83.3333333333 ms  task=T1
747.9502 	EXP 	window1: recordFrameIntervals = False
747.9590 	INFO 	Mouse: using default window
750.4006 	DATA 	Keypress: m
750.5401 	EXP 	New trial (rep=6, index=1): {'leftStreamFlip': False, 'oneTarget': False, 'trialInstructionPos': (0, 1), 'probe': 'both', 'rightStreamFlip': False, 'horizVert': True, 'ISIframes': 3, 'rightResponseFirst': False}
750.5667 	INFO 	numtrials=360 and this trialDurFrames=5 or 83.3333333333 ms  task=T1
751.7670 	EXP 	window1: recordFrameIntervals = False
751.7759 	INFO 	Mouse: using default window
752.9007 	DATA 	Keypress: s
756.5840 	DATA 	Keypress: j
756.7236 	EXP 	New trial (rep=6, index=2): {'leftStreamFlip': False, 'oneTarget': False, 'trialInstructionPos': (0, 1), 'probe': 'both', 'rightStreamFlip': False, 'horizVert': True, 'ISIframes': 3, 'rightResponseFirst': False}
756.7499 	INFO 	numtrials=360 and this trialDurFrames=5 or 83.3333333333 ms  task=T1
757.8670 	EXP 	window1: recordFrameIntervals = False
757.8755 	INFO 	Mouse: using default window
761.9671 	DATA 	Keypress: s
762.6847 	DATA 	Keypress: m
762.8235 	EXP 	New trial (rep=6, index=3): {'leftStreamFlip': False, 'oneTarget': False, 'trialInstructionPos': (0, 1), 'probe': 'both', 'rightStreamFlip': False, 'horizVert': True, 'ISIframes': 3, 'rightResponseFirst': True}
762.8501 	INFO 	numtrials=360 and this trialDurFrames=5 or 83.3333333333 ms  task=T1
763.9841 	EXP 	window1: recordFrameIntervals = False
763.9921 	INFO 	Mouse: using default window
766.7673 	DATA 	Keypress: n
767.9506 	DATA 	Keypress: s
768.0905 	EXP 	New trial (rep=6, index=4): {'leftStreamFlip': False, 'oneTarget': False, 'trialInstructionPos': (0, 1), 'probe': 'both', 'rightStreamFlip': False, 'horizVert': True, 'ISIframes': 3, 'rightResponseFirst': True}
768.1165 	INFO 	numtrials=360 and this trialDurFrames=5 or 83.3333333333 ms  task=T1
769.2504 	EXP 	window1: recordFrameIntervals = False
769.2587 	INFO 	Mouse: using default window
770.7845 	DATA 	Keypress: j
771.3673 	DATA 	Keypress: e
771.5087 	EXP 	New trial (rep=6, index=5): {'leftStreamFlip': False, 'oneTarget': True, 'trialInstructionPos': (0, -1), 'probe': 'both', 'rightStreamFlip': False, 'horizVert': True, 'ISIframes': 3, 'rightResponseFirst': True}
771.5336 	INFO 	numtrials=360 and this trialDurFrames=4 or 66.6666666667 ms  task=T1
772.7502 	EXP 	window1: recordFrameIntervals = False
772.7582 	INFO 	Mouse: using default window
774.6213 	DATA 	Keypress: s
774.7756 	EXP 	New trial (rep=6, index=6): {'leftStreamFlip': False, 'oneTarget': False, 'trialInstructionPos': (0, -1), 'probe': 'both', 'rightStreamFlip': False, 'horizVert': True, 'ISIframes': 3, 'rightResponseFirst': False}
774.7999 	INFO 	numtrials=360 and this trialDurFrames=4 or 66.6666666667 ms  task=T1
775.7837 	EXP 	window1: recordFrameIntervals = False
775.7928 	INFO 	Mouse: using default window
778.9505 	DATA 	Keypress: j
779.4672 	DATA 	Keypress: e
779.6119 	EXP 	New trial (rep=6, index=7): {'leftStreamFlip': False, 'oneTarget': False, 'trialInstructionPos': (0, -1), 'probe': 'both', 'rightStreamFlip': False, 'horizVert': True, 'ISIframes': 3, 'rightResponseFirst': True}
779.6330 	INFO 	numtrials=360 and this trialDurFrames=4 or 66.6666666667 ms  task=T1
780.6671 	EXP 	window1: recordFrameIntervals = False
780.6755 	INFO 	Mouse: using default window
782.9173 	DATA 	Keypress: u
783.9177 	DATA 	Keypress: n
784.0575 	EXP 	New trial (rep=6, index=8): {'leftStreamFlip': False, 'oneTarget': True, 'trialInstructionPos': (0, 1), 'probe': 'both', 'rightStreamFlip': False, 'horizVert': True, 'ISIframes': 3, 'rightResponseFirst': False}
784.0833 	INFO 	numtrials=360 and this trialDurFrames=4 or 66.6666666667 ms  task=T1
785.0836 	EXP 	window1: recordFrameIntervals = False
785.0920 	INFO 	Mouse: using default window
786.5174 	DATA 	Keypress: m
786.6569 	EXP 	New trial (rep=6, index=9): {'leftStreamFlip': False, 'oneTarget': False, 'trialInstructionPos': (0, -1), 'probe': 'both', 'rightStreamFlip': False, 'horizVert': True, 'ISIframes': 3, 'rightResponseFirst': False}
786.6844 	INFO 	numtrials=360 and this trialDurFrames=4 or 66.6666666667 ms  task=T1
787.8503 	EXP 	window1: recordFrameIntervals = False
787.8585 	INFO 	Mouse: using default window
789.3506 	DATA 	Keypress: a
790.5006 	DATA 	Keypress: s
790.6419 	EXP 	New trial (rep=6, index=10): {'leftStreamFlip': False, 'oneTarget': False, 'trialInstructionPos': (0, -1), 'probe': 'both', 'rightStreamFlip': False, 'horizVert': True, 'ISIframes': 3, 'rightResponseFirst': True}
790.6665 	INFO 	numtrials=360 and this trialDurFrames=5 or 83.3333333333 ms  task=T1
791.8503 	EXP 	window1: recordFrameIntervals = False
791.8589 	INFO 	Mouse: using default window
793.1839 	DATA 	Keypress: s
794.8505 	DATA 	Keypress: c
794.9889 	EXP 	New trial (rep=6, index=11): {'leftStreamFlip': False, 'oneTarget': True, 'trialInstructionPos': (0, 1), 'probe': 'both', 'rightStreamFlip': False, 'horizVert': True, 'ISIframes': 3, 'rightResponseFirst': True}
794.9998 	INFO 	numtrials=360 and this trialDurFrames=5 or 83.3333333333 ms  task=T1
796.1169 	EXP 	window1: recordFrameIntervals = False
796.1253 	INFO 	Mouse: using default window
797.3674 	DATA 	Keypress: h
797.5061 	EXP 	New trial (rep=7, index=0): {'leftStreamFlip': False, 'oneTarget': True, 'trialInstructionPos': (0, -1), 'probe': 'both', 'rightStreamFlip': False, 'horizVert': True, 'ISIframes': 3, 'rightResponseFirst': True}
797.5337 	INFO 	numtrials=360 and this trialDurFrames=5 or 83.3333333333 ms  task=T1
798.7170 	EXP 	window1: recordFrameIntervals = False
798.7262 	INFO 	Mouse: using default window
812.6006 	DATA 	Keypress: rctrl
812.7676 	DATA 	Keypress: lshift
812.9508 	DATA 	Keypress: z
813.0914 	EXP 	New trial (rep=7, index=1): {'leftStreamFlip': False, 'oneTarget': False, 'trialInstructionPos': (0, 1), 'probe': 'both', 'rightStreamFlip': False, 'horizVert': True, 'ISIframes': 3, 'rightResponseFirst': True}
813.1165 	INFO 	numtrials=360 and this trialDurFrames=5 or 83.3333333333 ms  task=T1
814.2004 	EXP 	window1: recordFrameIntervals = False
814.2088 	INFO 	Mouse: using default window
815.2338 	DATA 	Keypress: rctrl
815.4346 	DATA 	Keypress: lshift
815.9674 	DATA 	Keypress: a
817.0042 	DATA 	Keypress: lshift
817.0846 	DATA 	Keypress: rctrl
817.3673 	DATA 	Keypress: x
817.5113 	EXP 	New trial (rep=7, index=2): {'leftStreamFlip': False, 'oneTarget': True, 'trialInstructionPos': (0, -1), 'probe': 'both', 'rightStreamFlip': False, 'horizVert': True, 'ISIframes': 3, 'rightResponseFirst': False}
817.5332 	INFO 	numtrials=360 and this trialDurFrames=5 or 83.3333333333 ms  task=T1
818.6170 	EXP 	window1: recordFrameIntervals = False
818.6252 	INFO 	Mouse: using default window
1750.6675 	DATA 	Mouse: Left button down, pos=(952,555)
1750.7007 	DATA 	Mouse:  Left button up, pos=(1139,602)
1756.1179 	DATA 	Keypress: rctrl
1756.2674 	DATA 	Keypress: lshift
1756.5013 	DATA 	Keypress: z
1756.6432 	EXP 	New trial (rep=7, index=3): {'leftStreamFlip': False, 'oneTarget': True, 'trialInstructionPos': (0, 1), 'probe': 'both', 'rightStreamFlip': False, 'horizVert': True, 'ISIframes': 3, 'rightResponseFirst': False}
1756.6668 	INFO 	numtrials=360 and this trialDurFrames=5 or 83.3333333333 ms  task=T1
1757.8171 	EXP 	window1: recordFrameIntervals = False
1757.8254 	INFO 	Mouse: using default window
1759.1341 	DATA 	Keypress: rctrl
1759.2672 	DATA 	Keypress: lshift
1759.5005 	DATA 	Keypress: z
1759.5204 	INFO 	Stopping at 14:36 on 08 Aug 2018
1759.5217 	ERROR 	user aborted experiment on keypress with trials done=87 of 361
1759.5227 	INFO 	Experiment timed out with trials done=87 of 361
1759.5387 	INFO 	Program terminating normally.
