56.0186 	EXP 	Created window1 = Window(allowGUI=False, allowStencil=False, autoLog=True, bitsMode=UNKNOWN, blendMode='avg', color=array([-0.7, -0.7, -0.7]), colorSpace='rgb', fullscr=UNKNOWN, gamma=None, lms=UNKNOWN, monitor=<psychopy.monitors.calibTools.Monitor object at 0x1A705110>, name='window1', pos=[0, 0], screen=0, size=array([1920, 1080]), stereo=False, units='deg', useFBO=False, useRetina=False, viewOri=0.0, viewPos=None, viewScale=None, waitBlanking=False, winType='pyglet')
56.0186 	INFO 	Mouse: using default window
56.0188 	EXP 	window1: units = 'norm'
56.1072 	EXP 	Created unnamed ImageStim = ImageStim(autoLog=True, color=array([ 1.,  1.,  1.]), colorSpace='rgb', contrast=1.0, depth=0, flipHoriz=False, flipVert=False, image=str(...), interpolate=False, mask=None, maskParams=None, name='unnamed ImageStim', opacity=1.0, ori=0.0, pos=array([-0.5,  0. ]), size=array([ 1.290625  ,  3.24814815]), texRes=128, units='norm', win=Window(...))
56.1768 	EXP 	Created unnamed ImageStim = ImageStim(autoLog=True, color=array([ 1.,  1.,  1.]), colorSpace='rgb', contrast=1.0, depth=0, flipHoriz=False, flipVert=False, image=str(...), interpolate=False, mask=None, maskParams=None, name='unnamed ImageStim', opacity=1.0, ori=0.0, pos=array([ 0.5,  0. ]), size=array([ 1.290625  ,  3.24814815]), texRes=128, units='norm', win=Window(...))
56.1949 	EXP 	Created OKrespZone = GratingStim(autoDraw=False, autoLog=True, color=array([ 1. ,  0.5,  0.5]), colorSpace='rgb', contrast=1.0, depth=0, interpolate=False, mask='gauss', maskParams=None, name='OKrespZone', opacity=1.0, ori=0.0, phase=array([ 0.,  0.]), pos=array([-0.2 , -0.92]), rgbPedestal=array([ 0.,  0.,  0.]), sf=array([ 0.,  0.]), size=array([ 2.3,  0.2]), tex='sin', texRes=256, units='norm', win=Window(...))
56.3809 	EXP 	unnamed ImageStim: size = (1, 2)
56.3809 	EXP 	unnamed ImageStim: size = (1, 2)
60.3961 	DATA 	Mouse: wheel shift=(0,-1), pos=(1402,157)
60.6124 	DATA 	Mouse: Left button down, pos=(1400,163)
60.7115 	DATA 	Mouse:  Left button up, pos=(1400,163)
61.4120 	DATA 	Mouse: wheel shift=(0,-1), pos=(1210,100)
61.4615 	DATA 	Mouse: wheel shift=(0,-1), pos=(1208,108)
61.5110 	DATA 	Mouse: wheel shift=(0,-1), pos=(1208,108)
61.9803 	DATA 	Mouse: Left button down, pos=(888,41)
61.9937 	EXP 	window1: units = 'deg'
61.9942 	EXP 	window1: units = 'norm'
62.0148 	EXP 	Created OKrespZone = GratingStim(autoDraw=False, autoLog=True, color=array([ 1. ,  0.5,  0.5]), colorSpace='rgb', contrast=1.0, depth=0, interpolate=False, mask='gauss', maskParams=None, name='OKrespZone', opacity=1.0, ori=0.0, phase=array([ 0.,  0.]), pos=array([-0.2 , -0.92]), rgbPedestal=array([ 0.,  0.,  0.]), sf=array([ 0.,  0.]), size=array([ 2.3,  0.2]), tex='sin', texRes=256, units='norm', win=Window(...))
62.0868 	EXP 	Created unnamed ImageStim = ImageStim(autoLog=True, color=array([ 1.,  1.,  1.]), colorSpace='rgb', contrast=1.0, depth=0, flipHoriz=False, flipVert=False, image='abgdj\\PISandConsentForm\\consentForm.png', interpolate=False, mask=None, maskParams=None, name='unnamed ImageStim', opacity=1.0, ori=0.0, pos=array([ 0.,  0.]), size=array([ 1.3375    ,  2.97407407]), texRes=128, units='norm', win=Window(...))
62.1276 	EXP 	Created unnamed GratingStim = GratingStim(autoDraw=False, autoLog=True, color=array([ 1. ,  0.5,  0.5]), colorSpace='rgb', contrast=1.0, depth=0, interpolate=False, mask='gauss', maskParams=None, name='unnamed GratingStim', opacity=1.0, ori=0.0, phase=array([ 0.,  0.]), pos=array([-0.2 , -0.42]), rgbPedestal=array([ 0.,  0.,  0.]), sf=array([ 0.,  0.]), size=array([ 0.3,  0.2]), tex='sin', texRes=256, units='norm', win=Window(...))
62.1789 	EXP 	Created unnamed GratingStim = GratingStim(autoDraw=False, autoLog=True, color=array([ 1. ,  0.5,  0.5]), colorSpace='rgb', contrast=1.0, depth=0, interpolate=False, mask='gauss', maskParams=None, name='unnamed GratingStim', opacity=1.0, ori=0.0, phase=array([ 0.,  0.]), pos=array([ 0.1 , -0.42]), rgbPedestal=array([ 0.,  0.,  0.]), sf=array([ 0.,  0.]), size=array([ 0.3,  0.2]), tex='sin', texRes=256, units='norm', win=Window(...))
62.2038 	EXP 	Created unnamed GratingStim = GratingStim(autoDraw=False, autoLog=True, color=array([ 1. ,  0.5,  0.5]), colorSpace='rgb', contrast=1.0, depth=0, interpolate=False, mask='gauss', maskParams=None, name='unnamed GratingStim', opacity=1.0, ori=0.0, phase=array([ 0.,  0.]), pos=array([-0.2 , -0.72]), rgbPedestal=array([ 0.,  0.,  0.]), sf=array([ 0.,  0.]), size=array([ 0.3,  0.2]), tex='sin', texRes=256, units='norm', win=Window(...))
62.2276 	EXP 	Created unnamed GratingStim = GratingStim(autoDraw=False, autoLog=True, color=array([ 1. ,  0.5,  0.5]), colorSpace='rgb', contrast=1.0, depth=0, interpolate=False, mask='gauss', maskParams=None, name='unnamed GratingStim', opacity=1.0, ori=0.0, phase=array([ 0.,  0.]), pos=array([ 0.1 , -0.72]), rgbPedestal=array([ 0.,  0.,  0.]), sf=array([ 0.,  0.]), size=array([ 0.3,  0.2]), tex='sin', texRes=256, units='norm', win=Window(...))
62.2308 	DATA 	Mouse:  Left button up, pos=(888,41)
62.2368 	EXP 	unnamed ImageStim: size = (1.1, 2)
73.4112 	DATA 	Mouse: Left button down, pos=(722,315)
73.5474 	DATA 	Mouse:  Left button up, pos=(722,315)
74.5313 	DATA 	Mouse: Left button down, pos=(741,138)
74.6440 	DATA 	Mouse:  Left button up, pos=(741,138)
76.5107 	DATA 	Mouse: Left button down, pos=(848,40)
76.5273 	EXP 	window1: units = 'deg'
76.5334 	EXP 	window1: mouseVisible = True
115.2471 	EXP 	Created window1 = Window(allowGUI=False, allowStencil=False, autoLog=True, bitsMode=UNKNOWN, blendMode='avg', color=array([-0.7, -0.7, -0.7]), colorSpace='rgb', fullscr=UNKNOWN, gamma=None, lms=UNKNOWN, monitor=<psychopy.monitors.calibTools.Monitor object at 0x1A705110>, name='window1', pos=[0, 0], screen=0, size=array([1920, 1080]), stereo=False, units='deg', useFBO=False, useRetina=False, viewOri=0.0, viewPos=None, viewScale=None, waitBlanking=False, winType='pyglet')
119.8470 	INFO 	#[ PsychoPy2 RuntimeInfoStart ]
  #[[ PsychoPy ]] #---------
    psychopyVersion: 1.84.2
    psychopyHaveExtRush: True
  #[[ Experiment ]] #---------
    experimentAuthor: None
    experimentAuthVersion: None
    experimentRunTime: 2018_08_06 16:09 (Year_Month_Day Hour:Min)
    experimentRunTime.epoch: 1533535779
    experimentScript: psyc1002.py
    experimentScript.digestSHA1: 03993779484d600ea4c1b8cc2288f3d37a5025d5
    experimentScript.directory: U:\PSYC1002\abgdj
  #[[ System ]] #---------
    systemHaveInternetAccess: True
    systemHostName: W5FB2LG2
    systemLocale: English_Australia.1252
    systemMemFreeRAM: 4497.140625
    systemMemTotalRAM: 8076.9453125
    systemPlatform: windowsversion=sys.getwindowsversion(major=6, minor=2, build=9200, platform=2, service_pack='')
    systemPyo.InputDevices: {4: {'host api index': 2, 'latency': 0.008707483299076557, 'default sr': 44100, 'name': u'Realtek ASIO'}}
    systemPyo.OutputDevices: {0: {'host api index': 0, 'latency': 0.09000000357627869, 'default sr': 44100, 'name': u'Microsoft Sound Mapper - Output'}, 1: {'host api index': 0, 'latency': 0.09000000357627869, 'default sr': 44100, 'name': u'Speakers / Headphones (Realtek '}, 2: {'host api index': 1, 'latency': 0.11999999731779099, 'default sr': 44100, 'name': u'Primary Sound Driver'}, 3: {'host api index': 1, 'latency': 0.11999999731779099, 'default sr': 44100, 'name': u'Speakers / Headphones (Realtek High Definition Audio)'}, 4: {'host api index': 2, 'latency': 0.008707483299076557, 'default sr': 44100, 'name': u'Realtek ASIO'}, 5: {'host api index': 3, 'latency': 0.003000000026077032, 'default sr': 48000, 'name': u'Speakers / Headphones (Realtek High Definition Audio)'}}
    systemPyoVersion: 0.8.0
    systemRebooted: System Boot Time:          6/08/2018, 2:57:47 PM
    systemSec.pythonSSL: True
    systemTimeNumpySD1000000_sec: 0.0091
    systemUser: ytia2800
    systemUserID: 1000
    systemUserProcCmdPid: LabStatsUserSpace.exe dwm.exe TiWorker.exe CmRcService.exe nierserver.exe LabStatsClient.exe tagsrv.exe SearchUI.exe ApplicationFrameHost.exe OneDrive.exe nipxism.exe WmiPrvSE.exe niLxiDiscovery.exe SecurityHealthService.exe redirector.exe browser_broker.exe SearchProtocolHost.exe server_admin.exe fontdrvhost.exe lkads.exe svchost.exe ni_usbmon.exe AGSService.exe System SISIDSService.exe SelfServicePlugin.exe explorer.exe smss.exe ApplicationWebServer.exe RuntimeBroker.exe acrotray.exe niauth_daemon.exe cmd.exe nidmsrv.exe Receiver.exe SISIPSService.exe MicrosoftEdgeCP.exe lktsrv.exe lsass.exe python.exe RtkNGUI64.exe sisipsutil.exe armsvc.exe ssonsvr.exe concentr.exe nidevldu.exe taskhostw.exe ctfmon.exe RAVBg64.exe ''Memory Compression'' NIWebServiceContainer.exe nimxs.exe RtkAudioService64.exe SystemWebServer.exe tasklist.exe snowagent.exe CcmExec.exe SmcGui.exe nicitdl5.exe ''System Idle Process'' services.exe niDiscSvc.exe sqlwriter.exe MSASCuiL.exe SCNotification.exe nimdnsResponder.exe server_runtime.exe sihost.exe spoolsv.exe wininit.exe winlogon.exe ShellExperienceHost.exe nidevmon.exe SearchIndexer.exe csrss.exe TrustedInstaller.exe audiodg.exe pc-client.exe dllhost.exe MicrosoftEdge.exe unsecapp.exe ccSvcHst.exe wfcrun32.exe nisvcloc.exe server_eventlog.exe lkcitdl.exe AuthManSvr.exe conhost.exe
    systemUserProcCount: 181
    systemUserProcFlagged: Explorer
    systemUsersCount: False
  #[[ Window ]] #---------
    windowWinType: pyglet
    windowWaitBlanking: False
    windowUseNativeGamma: True
    windowUnits: deg
    windowSize_pix: [1920 1080]
    windowScreen: 0
    windowRgb: [-0.7 -0.7 -0.7]
    windowRefreshTimeSD_ms: 0.366
    windowRefreshTimeMedian_ms: 16.662
    windowRefreshTimeAvg_ms: 16.651
    windowRefreshThreshold_sec: 0.0200
    windowRecordFrameIntervals: False
    windowPos_pix: [0, 0]
    windowMonitor.name: testmonitor
    windowMonitor.getWidth_cm: 57.0
    windowMonitor.getLinearizeMethod: 1
    windowMonitor.getGammaGrid: [[  0.   1.   1.  nan  nan  nan]
 [  0.   1.   1.  nan  nan  nan]
 [  0.   1.   1.  nan  nan  nan]
 [  0.   1.   1.  nan  nan  nan]]
    windowMonitor.getDistance_cm: 57.0
    windowMonitor.gammaInterpolator2: None
    windowMonitor.gammaInterpolator: None
    windowMonitor.currentCalibName: 2018_08_06 16:05
    windowIsFullScr: True
    windowHaveShaders: True
    windowAllowGUI: False
  #[[ Python ]] #---------
    pythonWxVersion: 3.0.2.0 msw (classic)
    pythonVersion: 2.7.11
    pythonScipyVersion: 0.17.1
    pythonPygletVersion: 1.2.4
    pythonPygameVersion: 1.9.2pre
    pythonNumpyVersion: 1.11.0
    pythonMatplotlibVersion: 1.5.1
    pythonFullVersion: 2.7.11 (v2.7.11:6d1b6a68f775, Dec  5 2015, 20:32:19) [MSC v.1500 32 bit (Intel)]
    pythonExecutable: C:\Program Files (x86)\PsychoPy2\python.exe
  #[[ OpenGL ]] #---------
    openGLVersion: 4.4.0 - Build 20.19.15.4531
    openGLVendor: Intel
    openGLRenderingEngine: Intel(R) HD Graphics 530
    openGLmaxVerticesInVertexArray: 1048576
    False: openGLext.GL_STEREO
    True: openGLext.GL_EXT_framebuffer_object
    True: openGLext.GL_ARB_vertex_shader
    True: openGLext.GL_ARB_texture_non_power_of_two
    True: openGLext.GL_ARB_texture_float
    True: openGLext.GL_ARB_shader_objects
    True: openGLext.GL_ARB_multitexture
    True: openGLext.GL_ARB_fragment_program
#[ PsychoPy2 RuntimeInfoEnd ]

119.8948 	EXP 	window1: recordFrameIntervals = True
120.7274 	EXP 	window1: recordFrameIntervals = False
120.7343 	INFO 	Frames per second ~=60.4, which is close enough to desired val of 60.0
121.2359 	EXP 	Created sequence: random, trialTypes=12, nReps=30, seed=None
121.4398 	INFO 	Mouse: using default window
121.4632 	EXP 	Created OKrespZone = GratingStim(autoDraw=False, autoLog=True, color=array([ 1.,  1.,  1.]), colorSpace='rgb', contrast=1.0, depth=0, interpolate=False, mask='gauss', maskParams=None, name='OKrespZone', opacity=1.0, ori=0.0, phase=array([ 0.,  0.]), pos=array([ 0.  ,  0.88]), rgbPedestal=array([ 0.,  0.,  0.]), sf=array([ 0.,  0.]), size=array([ 2. ,  0.2]), tex='sin', texRes=256, units='norm', win=Window(...))
133.1469 	DATA 	Mouse: Left button down, pos=(154,958)
133.2337 	DATA 	Mouse:  Left button up, pos=(154,958)
133.7138 	DATA 	Mouse: Left button down, pos=(154,958)
133.7948 	DATA 	Mouse:  Left button up, pos=(154,958)
139.1857 	DATA 	Mouse: wheel shift=(0,-1), pos=(221,670)
140.8272 	DATA 	Mouse: Left button down, pos=(273,742)
140.9697 	DATA 	Mouse:  Left button up, pos=(273,742)
148.3061 	DATA 	Mouse: Left button down, pos=(925,544)
148.4097 	DATA 	Mouse:  Left button up, pos=(925,544)
149.5457 	DATA 	Mouse: wheel shift=(0,-1), pos=(784,551)
149.6016 	DATA 	Mouse: wheel shift=(0,-1), pos=(784,551)
149.6575 	DATA 	Mouse: wheel shift=(0,-1), pos=(784,551)
150.0417 	DATA 	Mouse: wheel shift=(0,-1), pos=(784,551)
157.8909 	DATA 	Mouse: Left button down, pos=(1165,669)
158.0097 	DATA 	Mouse:  Left button up, pos=(1165,669)
159.3457 	DATA 	Mouse: Left button down, pos=(1165,669)
159.4736 	DATA 	Mouse:  Left button up, pos=(1165,669)
160.6340 	DATA 	Mouse: Left button down, pos=(1270,816)
160.7216 	DATA 	Mouse:  Left button up, pos=(1270,816)
161.0577 	DATA 	Mouse: Left button down, pos=(1270,816)
161.1537 	DATA 	Mouse:  Left button up, pos=(1270,816)
161.8818 	DATA 	Mouse: Left button down, pos=(104,955)
161.9857 	DATA 	Mouse:  Left button up, pos=(104,955)
172.9146 	DATA 	Mouse: Left button down, pos=(506,254)
173.0017 	DATA 	Mouse:  Left button up, pos=(506,254)
179.3540 	DATA 	Mouse: Left button down, pos=(1707,388)
179.4976 	DATA 	Mouse:  Left button up, pos=(1707,388)
183.5619 	DATA 	Mouse: Left button down, pos=(1483,472)
183.6419 	DATA 	Mouse:  Left button up, pos=(1483,472)
184.6819 	DATA 	Mouse: Left button down, pos=(1339,534)
184.7777 	DATA 	Mouse:  Left button up, pos=(1339,534)
186.2021 	DATA 	Mouse: Left button down, pos=(1347,401)
186.2896 	DATA 	Mouse:  Left button up, pos=(1347,401)
187.8109 	DATA 	Mouse: Left button down, pos=(1355,818)
187.8976 	DATA 	Mouse:  Left button up, pos=(1355,818)
188.8819 	DATA 	Mouse: Left button down, pos=(1537,810)
188.9778 	DATA 	Mouse:  Left button up, pos=(1537,810)
191.4668 	DATA 	Mouse: Left button down, pos=(924,1013)
191.4896 	INFO 	Experiment will have 360 trials. Letters will be drawn with superposed noise of 0.00%
191.5058 	EXP 	New trial (rep=0, index=0): {'leftStreamFlip': False, 'oneTarget': False, 'trialInstructionPos': (0, 1), 'probe': 'both', 'rightStreamFlip': False, 'horizVert': True, 'ISIframes': 2, 'rightResponseFirst': False}
191.5059 	INFO 	Starting main part of experiment
191.5971 	DATA 	Mouse:  Left button up, pos=(924,1013)
192.6941 	INFO 	numtrials=360 and this trialDurFrames=28 or 466.666666667 ms  task=T1
194.5948 	EXP 	window1: recordFrameIntervals = False
194.6039 	INFO 	Mouse: using default window
201.7608 	DATA 	Keypress: d
202.9441 	DATA 	Keypress: o
203.0274 	DATA 	Keypress: g
207.3109 	DATA 	Keypress: f
207.8606 	DATA 	Keypress: o
207.9470 	DATA 	Keypress: g
208.1505 	EXP 	New trial (rep=0, index=1): {'leftStreamFlip': False, 'oneTarget': True, 'trialInstructionPos': (0, 1), 'probe': 'both', 'rightStreamFlip': False, 'horizVert': True, 'ISIframes': 2, 'rightResponseFirst': True}
212.5107 	DATA 	Mouse: Left button down, pos=(671,573)
212.5943 	DATA 	Mouse:  Left button up, pos=(671,573)
217.6605 	INFO 	numtrials=360 and this trialDurFrames=22 or 366.666666667 ms  task=T1
219.5939 	EXP 	window1: recordFrameIntervals = False
219.6024 	INFO 	Mouse: using default window
222.2107 	DATA 	Keypress: l
222.5606 	DATA 	Keypress: a
222.6611 	DATA 	Keypress: y
222.8086 	EXP 	New trial (rep=0, index=2): {'leftStreamFlip': False, 'oneTarget': False, 'trialInstructionPos': (0, -1), 'probe': 'both', 'rightStreamFlip': False, 'horizVert': True, 'ISIframes': 2, 'rightResponseFirst': False}
222.8276 	INFO 	numtrials=360 and this trialDurFrames=18 or 300.0 ms  task=T1
224.6271 	EXP 	window1: recordFrameIntervals = False
224.6361 	INFO 	Mouse: using default window
226.0274 	DATA 	Keypress: r
226.2273 	DATA 	Keypress: o
226.4441 	DATA 	Keypress: b
229.8440 	DATA 	Keypress: l
230.0445 	DATA 	Keypress: a
230.2941 	DATA 	Keypress: y
230.4390 	EXP 	New trial (rep=0, index=3): {'leftStreamFlip': False, 'oneTarget': True, 'trialInstructionPos': (0, 1), 'probe': 'both', 'rightStreamFlip': False, 'horizVert': True, 'ISIframes': 2, 'rightResponseFirst': False}
230.4613 	INFO 	numtrials=360 and this trialDurFrames=18 or 300.0 ms  task=T1
231.7607 	EXP 	window1: recordFrameIntervals = False
231.7711 	INFO 	Mouse: using default window
232.6441 	DATA 	Keypress: s
232.8109 	DATA 	Keypress: a
233.0443 	DATA 	Keypress: d
233.1873 	EXP 	New trial (rep=0, index=4): {'leftStreamFlip': False, 'oneTarget': False, 'trialInstructionPos': (0, -1), 'probe': 'both', 'rightStreamFlip': False, 'horizVert': True, 'ISIframes': 2, 'rightResponseFirst': True}
241.5443 	INFO 	numtrials=360 and this trialDurFrames=14 or 233.333333333 ms  task=T1
242.8940 	EXP 	window1: recordFrameIntervals = False
242.9022 	INFO 	Mouse: using default window
244.8440 	DATA 	Keypress: s
245.1274 	DATA 	Keypress: e
245.3940 	DATA 	Keypress: c
245.9801 	DATA 	Keypress: s
246.2106 	DATA 	Keypress: e
246.4285 	DATA 	Keypress: c
246.5711 	EXP 	New trial (rep=0, index=5): {'leftStreamFlip': False, 'oneTarget': True, 'trialInstructionPos': (0, -1), 'probe': 'both', 'rightStreamFlip': False, 'horizVert': True, 'ISIframes': 2, 'rightResponseFirst': False}
246.5934 	INFO 	numtrials=360 and this trialDurFrames=4 or 66.6666666667 ms  task=T1
247.7604 	EXP 	window1: recordFrameIntervals = False
247.7689 	INFO 	Mouse: using default window
251.5470 	DATA 	Keypress: d
251.6782 	DATA 	Keypress: o
251.8441 	DATA 	Keypress: g
251.9859 	EXP 	New trial (rep=0, index=6): {'leftStreamFlip': False, 'oneTarget': True, 'trialInstructionPos': (0, -1), 'probe': 'both', 'rightStreamFlip': False, 'horizVert': True, 'ISIframes': 2, 'rightResponseFirst': True}
252.0101 	INFO 	numtrials=360 and this trialDurFrames=5 or 83.3333333333 ms  task=T1
253.2106 	EXP 	window1: recordFrameIntervals = False
253.2192 	INFO 	Mouse: using default window
254.3441 	DATA 	Keypress: t
254.6953 	DATA 	Keypress: e
254.9277 	DATA 	Keypress: a
255.0708 	EXP 	New trial (rep=0, index=7): {'leftStreamFlip': False, 'oneTarget': False, 'trialInstructionPos': (0, -1), 'probe': 'both', 'rightStreamFlip': False, 'horizVert': True, 'ISIframes': 2, 'rightResponseFirst': True}
255.0934 	INFO 	numtrials=360 and this trialDurFrames=6 or 100.0 ms  task=T1
256.1273 	EXP 	window1: recordFrameIntervals = False
256.1361 	INFO 	Mouse: using default window
258.2274 	DATA 	Keypress: p
258.6273 	DATA 	Keypress: o
258.7274 	DATA 	Keypress: d
267.2108 	DATA 	Keypress: r
267.3940 	DATA 	Keypress: o
267.9441 	DATA 	Keypress: b
268.0885 	EXP 	New trial (rep=0, index=8): {'leftStreamFlip': False, 'oneTarget': False, 'trialInstructionPos': (0, -1), 'probe': 'both', 'rightStreamFlip': False, 'horizVert': True, 'ISIframes': 2, 'rightResponseFirst': False}
268.1101 	INFO 	numtrials=360 and this trialDurFrames=6 or 100.0 ms  task=T1
269.3438 	EXP 	window1: recordFrameIntervals = False
269.3522 	INFO 	Mouse: using default window
271.1942 	DATA 	Keypress: y
271.3775 	DATA 	Keypress: e
271.5941 	DATA 	Keypress: s
273.2941 	DATA 	Keypress: y
273.4611 	DATA 	Keypress: e
273.6775 	DATA 	Keypress: s
273.8212 	EXP 	New trial (rep=0, index=9): {'leftStreamFlip': False, 'oneTarget': False, 'trialInstructionPos': (0, 1), 'probe': 'both', 'rightStreamFlip': False, 'horizVert': True, 'ISIframes': 2, 'rightResponseFirst': True}
273.8438 	INFO 	numtrials=360 and this trialDurFrames=6 or 100.0 ms  task=T1
274.9106 	EXP 	window1: recordFrameIntervals = False
274.9187 	INFO 	Mouse: using default window
276.9942 	DATA 	Keypress: t
277.2442 	DATA 	Keypress: o
277.7774 	DATA 	Keypress: e
278.5275 	DATA 	Keypress: t
278.8943 	DATA 	Keypress: o
279.1108 	DATA 	Keypress: e
279.2562 	EXP 	New trial (rep=0, index=10): {'leftStreamFlip': False, 'oneTarget': False, 'trialInstructionPos': (0, 1), 'probe': 'both', 'rightStreamFlip': False, 'horizVert': True, 'ISIframes': 2, 'rightResponseFirst': True}
279.2767 	INFO 	numtrials=360 and this trialDurFrames=6 or 100.0 ms  task=T1
280.4774 	EXP 	window1: recordFrameIntervals = False
280.4865 	INFO 	Mouse: using default window
281.7941 	DATA 	Keypress: t
281.9630 	DATA 	Keypress: o
282.2275 	DATA 	Keypress: e
283.5276 	DATA 	Keypress: t
283.7777 	DATA 	Keypress: o
283.9791 	DATA 	Keypress: e
284.1400 	EXP 	New trial (rep=0, index=11): {'leftStreamFlip': False, 'oneTarget': False, 'trialInstructionPos': (0, 1), 'probe': 'both', 'rightStreamFlip': False, 'horizVert': True, 'ISIframes': 2, 'rightResponseFirst': False}
284.1604 	INFO 	numtrials=360 and this trialDurFrames=5 or 83.3333333333 ms  task=T1
285.2938 	EXP 	window1: recordFrameIntervals = False
285.3024 	INFO 	Mouse: using default window
286.1448 	DATA 	Keypress: a
286.6275 	DATA 	Keypress: s
287.1612 	DATA 	Keypress: k
289.1107 	DATA 	Keypress: a
289.2774 	DATA 	Keypress: s
289.4280 	DATA 	Keypress: k
289.5721 	EXP 	New trial (rep=1, index=0): {'leftStreamFlip': False, 'oneTarget': False, 'trialInstructionPos': (0, -1), 'probe': 'both', 'rightStreamFlip': False, 'horizVert': True, 'ISIframes': 2, 'rightResponseFirst': True}
289.5934 	INFO 	numtrials=360 and this trialDurFrames=5 or 83.3333333333 ms  task=T1
290.6273 	EXP 	window1: recordFrameIntervals = False
290.6364 	INFO 	Mouse: using default window
291.3941 	DATA 	Keypress: w
291.7941 	DATA 	Keypress: a
292.0774 	DATA 	Keypress: x
292.7274 	DATA 	Keypress: w
292.9280 	DATA 	Keypress: a
293.5608 	DATA 	Keypress: x
293.7061 	EXP 	New trial (rep=1, index=1): {'leftStreamFlip': False, 'oneTarget': True, 'trialInstructionPos': (0, 1), 'probe': 'both', 'rightStreamFlip': False, 'horizVert': True, 'ISIframes': 2, 'rightResponseFirst': False}
293.7265 	INFO 	numtrials=360 and this trialDurFrames=4 or 66.6666666667 ms  task=T1
294.7604 	EXP 	window1: recordFrameIntervals = False
294.7689 	INFO 	Mouse: using default window
296.4941 	DATA 	Keypress: g
296.8940 	DATA 	Keypress: a
296.9941 	DATA 	Keypress: y
297.1366 	EXP 	New trial (rep=1, index=2): {'leftStreamFlip': False, 'oneTarget': False, 'trialInstructionPos': (0, 1), 'probe': 'both', 'rightStreamFlip': False, 'horizVert': True, 'ISIframes': 2, 'rightResponseFirst': True}
297.1602 	INFO 	numtrials=360 and this trialDurFrames=5 or 83.3333333333 ms  task=T1
298.2273 	EXP 	window1: recordFrameIntervals = False
298.2356 	INFO 	Mouse: using default window
299.3941 	DATA 	Keypress: t
299.8778 	DATA 	Keypress: w
299.9635 	DATA 	Keypress: o
302.4774 	DATA 	Keypress: t
302.7273 	DATA 	Keypress: w
302.7941 	DATA 	Keypress: o
302.9386 	EXP 	New trial (rep=1, index=3): {'leftStreamFlip': False, 'oneTarget': False, 'trialInstructionPos': (0, 1), 'probe': 'both', 'rightStreamFlip': False, 'horizVert': True, 'ISIframes': 2, 'rightResponseFirst': False}
302.9599 	INFO 	numtrials=360 and this trialDurFrames=5 or 83.3333333333 ms  task=T1
304.1105 	EXP 	window1: recordFrameIntervals = False
304.1185 	INFO 	Mouse: using default window
305.9625 	DATA 	Keypress: o
306.1609 	DATA 	Keypress: d
306.3275 	DATA 	Keypress: d
307.0273 	DATA 	Keypress: o
307.2108 	DATA 	Keypress: d
307.3941 	DATA 	Keypress: d
307.5378 	EXP 	New trial (rep=1, index=4): {'leftStreamFlip': False, 'oneTarget': True, 'trialInstructionPos': (0, -1), 'probe': 'both', 'rightStreamFlip': False, 'horizVert': True, 'ISIframes': 2, 'rightResponseFirst': False}
307.5604 	INFO 	numtrials=360 and this trialDurFrames=4 or 66.6666666667 ms  task=T1
308.6939 	EXP 	window1: recordFrameIntervals = False
308.7020 	INFO 	Mouse: using default window
310.0440 	DATA 	Keypress: d
310.1942 	DATA 	Keypress: i
310.3946 	DATA 	Keypress: g
310.5351 	EXP 	New trial (rep=1, index=5): {'leftStreamFlip': False, 'oneTarget': False, 'trialInstructionPos': (0, 1), 'probe': 'both', 'rightStreamFlip': False, 'horizVert': True, 'ISIframes': 2, 'rightResponseFirst': True}
310.5602 	INFO 	numtrials=360 and this trialDurFrames=4 or 66.6666666667 ms  task=T1
311.7604 	EXP 	window1: recordFrameIntervals = False
311.7682 	INFO 	Mouse: using default window
313.1109 	DATA 	Keypress: f
313.4943 	DATA 	Keypress: i
313.9109 	DATA 	Keypress: x
314.8941 	DATA 	Keypress: f
315.1107 	DATA 	Keypress: i
315.4106 	DATA 	Keypress: x
315.5537 	EXP 	New trial (rep=1, index=6): {'leftStreamFlip': False, 'oneTarget': True, 'trialInstructionPos': (0, 1), 'probe': 'both', 'rightStreamFlip': False, 'horizVert': True, 'ISIframes': 2, 'rightResponseFirst': True}
315.5770 	INFO 	numtrials=360 and this trialDurFrames=4 or 66.6666666667 ms  task=T1
316.6605 	EXP 	window1: recordFrameIntervals = False
316.6690 	INFO 	Mouse: using default window
323.1803 	DATA 	Keypress: d
323.3442 	DATA 	Keypress: o
323.5274 	DATA 	Keypress: g
323.6685 	EXP 	New trial (rep=1, index=7): {'leftStreamFlip': False, 'oneTarget': False, 'trialInstructionPos': (0, 1), 'probe': 'both', 'rightStreamFlip': False, 'horizVert': True, 'ISIframes': 2, 'rightResponseFirst': False}
323.6935 	INFO 	numtrials=360 and this trialDurFrames=4 or 66.6666666667 ms  task=T1
324.6937 	EXP 	window1: recordFrameIntervals = False
324.7020 	INFO 	Mouse: using default window
325.9110 	DATA 	Keypress: r
326.2107 	DATA 	Keypress: a
326.2757 	DATA 	Keypress: t
327.5606 	DATA 	Keypress: r
327.8439 	DATA 	Keypress: a
327.8773 	DATA 	Keypress: t
328.0218 	EXP 	New trial (rep=1, index=8): {'leftStreamFlip': False, 'oneTarget': True, 'trialInstructionPos': (0, -1), 'probe': 'both', 'rightStreamFlip': False, 'horizVert': True, 'ISIframes': 2, 'rightResponseFirst': True}
328.0433 	INFO 	numtrials=360 and this trialDurFrames=5 or 83.3333333333 ms  task=T1
329.2771 	EXP 	window1: recordFrameIntervals = False
329.2862 	INFO 	Mouse: using default window
330.8941 	DATA 	Keypress: h
331.3606 	DATA 	Keypress: e
331.4274 	DATA 	Keypress: y
331.5687 	EXP 	New trial (rep=1, index=9): {'leftStreamFlip': False, 'oneTarget': False, 'trialInstructionPos': (0, -1), 'probe': 'both', 'rightStreamFlip': False, 'horizVert': True, 'ISIframes': 2, 'rightResponseFirst': False}
331.5937 	INFO 	numtrials=360 and this trialDurFrames=5 or 83.3333333333 ms  task=T1
332.7439 	EXP 	window1: recordFrameIntervals = False
332.7523 	INFO 	Mouse: using default window
335.5108 	DATA 	Keypress: y
335.6606 	DATA 	Keypress: e
335.9474 	DATA 	Keypress: s
337.2773 	DATA 	Keypress: y
337.3608 	DATA 	Keypress: e
337.5793 	DATA 	Keypress: s
337.7377 	EXP 	New trial (rep=1, index=10): {'leftStreamFlip': False, 'oneTarget': False, 'trialInstructionPos': (0, -1), 'probe': 'both', 'rightStreamFlip': False, 'horizVert': True, 'ISIframes': 2, 'rightResponseFirst': False}
337.7599 	INFO 	numtrials=360 and this trialDurFrames=5 or 83.3333333333 ms  task=T1
338.8771 	EXP 	window1: recordFrameIntervals = False
338.8858 	INFO 	Mouse: using default window
339.7107 	DATA 	Keypress: i
340.0606 	DATA 	Keypress: n
340.2440 	DATA 	Keypress: n
341.1637 	DATA 	Keypress: i
341.4941 	DATA 	Keypress: n
341.7273 	DATA 	Keypress: n
341.8714 	EXP 	New trial (rep=1, index=11): {'leftStreamFlip': False, 'oneTarget': False, 'trialInstructionPos': (0, -1), 'probe': 'both', 'rightStreamFlip': False, 'horizVert': True, 'ISIframes': 2, 'rightResponseFirst': True}
341.8934 	INFO 	numtrials=360 and this trialDurFrames=5 or 83.3333333333 ms  task=T1
342.0455 	DATA 	Keypress: space
342.9104 	EXP 	window1: recordFrameIntervals = False
342.9184 	INFO 	Mouse: using default window
343.8108 	DATA 	Keypress: s
344.1776 	DATA 	Keypress: e
344.4774 	DATA 	Keypress: x
346.1107 	DATA 	Keypress: s
346.5940 	DATA 	Keypress: i
346.7440 	DATA 	Keypress: x
346.8878 	EXP 	New trial (rep=2, index=0): {'leftStreamFlip': False, 'oneTarget': True, 'trialInstructionPos': (0, -1), 'probe': 'both', 'rightStreamFlip': False, 'horizVert': True, 'ISIframes': 2, 'rightResponseFirst': True}
346.9100 	INFO 	numtrials=360 and this trialDurFrames=5 or 83.3333333333 ms  task=T1
348.0271 	EXP 	window1: recordFrameIntervals = False
348.0357 	INFO 	Mouse: using default window
349.0441 	DATA 	Keypress: r
349.1608 	DATA 	Keypress: u
349.5106 	DATA 	Keypress: n
349.6511 	EXP 	New trial (rep=2, index=1): {'leftStreamFlip': False, 'oneTarget': True, 'trialInstructionPos': (0, 1), 'probe': 'both', 'rightStreamFlip': False, 'horizVert': True, 'ISIframes': 2, 'rightResponseFirst': False}
349.6778 	INFO 	numtrials=360 and this trialDurFrames=5 or 83.3333333333 ms  task=T1
350.9107 	EXP 	window1: recordFrameIntervals = False
350.9187 	INFO 	Mouse: using default window
351.9625 	DATA 	Keypress: b
352.3792 	DATA 	Keypress: o
352.5277 	DATA 	Keypress: w
352.6693 	EXP 	New trial (rep=2, index=2): {'leftStreamFlip': False, 'oneTarget': True, 'trialInstructionPos': (0, -1), 'probe': 'both', 'rightStreamFlip': False, 'horizVert': True, 'ISIframes': 2, 'rightResponseFirst': False}
352.6934 	INFO 	numtrials=360 and this trialDurFrames=5 or 83.3333333333 ms  task=T1
353.9275 	EXP 	window1: recordFrameIntervals = False
353.9356 	INFO 	Mouse: using default window
355.0275 	DATA 	Keypress: f
355.4108 	DATA 	Keypress: o
355.5273 	DATA 	Keypress: g
355.6665 	EXP 	New trial (rep=2, index=3): {'leftStreamFlip': False, 'oneTarget': False, 'trialInstructionPos': (0, -1), 'probe': 'both', 'rightStreamFlip': False, 'horizVert': True, 'ISIframes': 2, 'rightResponseFirst': True}
355.6930 	INFO 	numtrials=360 and this trialDurFrames=5 or 83.3333333333 ms  task=T1
356.8773 	EXP 	window1: recordFrameIntervals = False
356.8856 	INFO 	Mouse: using default window
358.6775 	DATA 	Keypress: a
361.3273 	DATA 	Keypress: i
361.4607 	DATA 	Keypress: n
366.2605 	DATA 	Keypress: a
366.4613 	DATA 	Keypress: n
367.9273 	DATA 	Keypress: backspace
368.2107 	DATA 	Keypress: u
368.3608 	DATA 	Keypress: n
368.5094 	EXP 	New trial (rep=2, index=4): {'leftStreamFlip': False, 'oneTarget': False, 'trialInstructionPos': (0, 1), 'probe': 'both', 'rightStreamFlip': False, 'horizVert': True, 'ISIframes': 2, 'rightResponseFirst': False}
368.5268 	INFO 	numtrials=360 and this trialDurFrames=5 or 83.3333333333 ms  task=T1
369.7105 	EXP 	window1: recordFrameIntervals = False
369.7189 	INFO 	Mouse: using default window
371.5608 	DATA 	Keypress: u
371.7941 	DATA 	Keypress: s
372.0439 	DATA 	Keypress: e
372.3607 	DATA 	Keypress: u
372.4607 	DATA 	Keypress: s
372.6453 	DATA 	Keypress: e
372.7899 	EXP 	New trial (rep=2, index=5): {'leftStreamFlip': False, 'oneTarget': False, 'trialInstructionPos': (0, -1), 'probe': 'both', 'rightStreamFlip': False, 'horizVert': True, 'ISIframes': 2, 'rightResponseFirst': False}
372.8102 	INFO 	numtrials=360 and this trialDurFrames=5 or 83.3333333333 ms  task=T1
373.8439 	EXP 	window1: recordFrameIntervals = False
373.8534 	INFO 	Mouse: using default window
374.9773 	DATA 	Keypress: p
375.1609 	DATA 	Keypress: a
375.4278 	DATA 	Keypress: y
376.3274 	DATA 	Keypress: p
376.4941 	DATA 	Keypress: a
376.6608 	DATA 	Keypress: y
376.8054 	EXP 	New trial (rep=2, index=6): {'leftStreamFlip': False, 'oneTarget': False, 'trialInstructionPos': (0, 1), 'probe': 'both', 'rightStreamFlip': False, 'horizVert': True, 'ISIframes': 2, 'rightResponseFirst': False}
376.8264 	INFO 	numtrials=360 and this trialDurFrames=5 or 83.3333333333 ms  task=T1
377.9107 	EXP 	window1: recordFrameIntervals = False
377.9184 	INFO 	Mouse: using default window
379.0273 	DATA 	Keypress: y
379.1609 	DATA 	Keypress: a
379.4108 	DATA 	Keypress: n
379.7607 	DATA 	Keypress: y
379.8774 	DATA 	Keypress: a
380.0441 	DATA 	Keypress: n
380.1875 	EXP 	New trial (rep=2, index=7): {'leftStreamFlip': False, 'oneTarget': False, 'trialInstructionPos': (0, -1), 'probe': 'both', 'rightStreamFlip': False, 'horizVert': True, 'ISIframes': 2, 'rightResponseFirst': False}
380.2103 	INFO 	numtrials=360 and this trialDurFrames=5 or 83.3333333333 ms  task=T1
381.2939 	EXP 	window1: recordFrameIntervals = False
381.3034 	INFO 	Mouse: using default window
382.6608 	DATA 	Keypress: k
382.9940 	DATA 	Keypress: e
383.1616 	DATA 	Keypress: y
384.0278 	DATA 	Keypress: k
384.3784 	DATA 	Keypress: e
384.4773 	DATA 	Keypress: y
384.6219 	EXP 	New trial (rep=2, index=8): {'leftStreamFlip': False, 'oneTarget': False, 'trialInstructionPos': (0, -1), 'probe': 'both', 'rightStreamFlip': False, 'horizVert': True, 'ISIframes': 2, 'rightResponseFirst': True}
384.6433 	INFO 	numtrials=360 and this trialDurFrames=5 or 83.3333333333 ms  task=T1
385.8105 	EXP 	window1: recordFrameIntervals = False
385.8190 	INFO 	Mouse: using default window
386.7273 	DATA 	Keypress: h
387.1780 	DATA 	Keypress: o
387.2942 	DATA 	Keypress: t
389.0275 	DATA 	Keypress: h
389.2775 	DATA 	Keypress: o
389.4110 	DATA 	Keypress: t
389.5522 	EXP 	New trial (rep=2, index=9): {'leftStreamFlip': False, 'oneTarget': True, 'trialInstructionPos': (0, 1), 'probe': 'both', 'rightStreamFlip': False, 'horizVert': True, 'ISIframes': 2, 'rightResponseFirst': True}
389.5766 	INFO 	numtrials=360 and this trialDurFrames=6 or 100.0 ms  task=T1
390.8276 	EXP 	window1: recordFrameIntervals = False
390.8367 	INFO 	Mouse: using default window
391.7110 	DATA 	Keypress: f
391.9946 	DATA 	Keypress: a
392.0945 	DATA 	Keypress: r
392.2383 	EXP 	New trial (rep=2, index=10): {'leftStreamFlip': False, 'oneTarget': False, 'trialInstructionPos': (0, 1), 'probe': 'both', 'rightStreamFlip': False, 'horizVert': True, 'ISIframes': 2, 'rightResponseFirst': True}
392.2595 	INFO 	numtrials=360 and this trialDurFrames=6 or 100.0 ms  task=T1
393.3438 	EXP 	window1: recordFrameIntervals = False
393.3521 	INFO 	Mouse: using default window
394.3608 	DATA 	Keypress: d
394.5942 	DATA 	Keypress: u
394.7441 	DATA 	Keypress: e
396.2108 	DATA 	Keypress: d
396.4440 	DATA 	Keypress: u
396.5607 	DATA 	Keypress: e
396.7050 	EXP 	New trial (rep=2, index=11): {'leftStreamFlip': False, 'oneTarget': False, 'trialInstructionPos': (0, 1), 'probe': 'both', 'rightStreamFlip': False, 'horizVert': True, 'ISIframes': 2, 'rightResponseFirst': True}
396.7270 	INFO 	numtrials=360 and this trialDurFrames=6 or 100.0 ms  task=T1
397.9274 	EXP 	window1: recordFrameIntervals = False
397.9364 	INFO 	Mouse: using default window
398.7108 	DATA 	Keypress: r
399.0110 	DATA 	Keypress: a
399.0775 	DATA 	Keypress: t
400.1609 	DATA 	Keypress: c
400.4277 	DATA 	Keypress: a
400.5441 	DATA 	Keypress: t
400.6872 	EXP 	New trial (rep=3, index=0): {'leftStreamFlip': False, 'oneTarget': False, 'trialInstructionPos': (0, -1), 'probe': 'both', 'rightStreamFlip': False, 'horizVert': True, 'ISIframes': 2, 'rightResponseFirst': True}
400.7101 	INFO 	numtrials=360 and this trialDurFrames=6 or 100.0 ms  task=T1
401.7439 	EXP 	window1: recordFrameIntervals = False
401.7523 	INFO 	Mouse: using default window
402.4275 	DATA 	Keypress: a
402.8440 	DATA 	Keypress: r
402.9441 	DATA 	Keypress: m
403.5607 	DATA 	Keypress: a
403.8942 	DATA 	Keypress: r
403.9946 	DATA 	Keypress: m
404.1381 	EXP 	New trial (rep=3, index=1): {'leftStreamFlip': False, 'oneTarget': False, 'trialInstructionPos': (0, -1), 'probe': 'both', 'rightStreamFlip': False, 'horizVert': True, 'ISIframes': 2, 'rightResponseFirst': False}
404.1605 	INFO 	numtrials=360 and this trialDurFrames=6 or 100.0 ms  task=T1
405.2446 	EXP 	window1: recordFrameIntervals = False
405.2526 	INFO 	Mouse: using default window
406.1941 	DATA 	Keypress: t
406.5781 	DATA 	Keypress: w
406.9440 	DATA 	Keypress: o
409.0440 	DATA 	Keypress: t
409.6443 	DATA 	Keypress: w
409.7773 	DATA 	Keypress: o
409.9235 	EXP 	New trial (rep=3, index=2): {'leftStreamFlip': False, 'oneTarget': True, 'trialInstructionPos': (0, -1), 'probe': 'both', 'rightStreamFlip': False, 'horizVert': True, 'ISIframes': 2, 'rightResponseFirst': True}
409.9433 	INFO 	numtrials=360 and this trialDurFrames=6 or 100.0 ms  task=T1
411.0938 	EXP 	window1: recordFrameIntervals = False
411.1024 	INFO 	Mouse: using default window
411.9276 	DATA 	Keypress: p
412.1274 	DATA 	Keypress: o
412.3273 	DATA 	Keypress: p
412.4695 	EXP 	New trial (rep=3, index=3): {'leftStreamFlip': False, 'oneTarget': False, 'trialInstructionPos': (0, 1), 'probe': 'both', 'rightStreamFlip': False, 'horizVert': True, 'ISIframes': 2, 'rightResponseFirst': False}
412.4946 	INFO 	numtrials=360 and this trialDurFrames=6 or 100.0 ms  task=T1
413.5771 	EXP 	window1: recordFrameIntervals = False
413.5856 	INFO 	Mouse: using default window
414.3609 	DATA 	Keypress: t
414.7107 	DATA 	Keypress: a
414.7775 	DATA 	Keypress: n
415.9776 	DATA 	Keypress: t
416.2942 	DATA 	Keypress: a
416.3942 	DATA 	Keypress: n
416.5384 	EXP 	New trial (rep=3, index=4): {'leftStreamFlip': False, 'oneTarget': False, 'trialInstructionPos': (0, 1), 'probe': 'both', 'rightStreamFlip': False, 'horizVert': True, 'ISIframes': 2, 'rightResponseFirst': True}
416.5600 	INFO 	numtrials=360 and this trialDurFrames=6 or 100.0 ms  task=T1
417.5939 	EXP 	window1: recordFrameIntervals = False
417.6023 	INFO 	Mouse: using default window
418.4941 	DATA 	Keypress: s
418.8108 	DATA 	Keypress: a
418.9940 	DATA 	Keypress: d
420.7275 	DATA 	Keypress: s
420.8941 	DATA 	Keypress: a
421.0609 	DATA 	Keypress: d
421.2058 	EXP 	New trial (rep=3, index=5): {'leftStreamFlip': False, 'oneTarget': False, 'trialInstructionPos': (0, -1), 'probe': 'both', 'rightStreamFlip': False, 'horizVert': True, 'ISIframes': 2, 'rightResponseFirst': False}
421.2268 	INFO 	numtrials=360 and this trialDurFrames=6 or 100.0 ms  task=T1
422.4771 	EXP 	window1: recordFrameIntervals = False
422.4857 	INFO 	Mouse: using default window
423.4607 	DATA 	Keypress: m
423.5634 	DATA 	Keypress: a
423.8443 	DATA 	Keypress: d
424.2441 	DATA 	Keypress: m
424.3775 	DATA 	Keypress: a
424.5442 	DATA 	Keypress: d
424.6904 	EXP 	New trial (rep=3, index=6): {'leftStreamFlip': False, 'oneTarget': False, 'trialInstructionPos': (0, -1), 'probe': 'both', 'rightStreamFlip': False, 'horizVert': True, 'ISIframes': 2, 'rightResponseFirst': True}
424.7103 	INFO 	numtrials=360 and this trialDurFrames=6 or 100.0 ms  task=T1
425.8941 	EXP 	window1: recordFrameIntervals = False
425.9027 	INFO 	Mouse: using default window
426.6441 	DATA 	Keypress: s
426.7775 	DATA 	Keypress: u
427.0441 	DATA 	Keypress: n
427.4445 	DATA 	Keypress: s
427.5636 	DATA 	Keypress: u
427.7940 	DATA 	Keypress: n
427.9391 	EXP 	New trial (rep=3, index=7): {'leftStreamFlip': False, 'oneTarget': True, 'trialInstructionPos': (0, 1), 'probe': 'both', 'rightStreamFlip': False, 'horizVert': True, 'ISIframes': 2, 'rightResponseFirst': False}
427.9604 	INFO 	numtrials=360 and this trialDurFrames=5 or 83.3333333333 ms  task=T1
429.1271 	EXP 	window1: recordFrameIntervals = False
429.1355 	INFO 	Mouse: using default window
431.1636 	DATA 	Keypress: n
431.3946 	DATA 	Keypress: e
431.5943 	DATA 	Keypress: w
431.7369 	EXP 	New trial (rep=3, index=8): {'leftStreamFlip': False, 'oneTarget': False, 'trialInstructionPos': (0, 1), 'probe': 'both', 'rightStreamFlip': False, 'horizVert': True, 'ISIframes': 2, 'rightResponseFirst': True}
431.7601 	INFO 	numtrials=360 and this trialDurFrames=6 or 100.0 ms  task=T1
432.8107 	EXP 	window1: recordFrameIntervals = False
432.8196 	INFO 	Mouse: using default window
433.6610 	DATA 	Keypress: z
434.0444 	DATA 	Keypress: i
434.2275 	DATA 	Keypress: p
435.6275 	DATA 	Keypress: z
435.9305 	DATA 	Keypress: a
436.0275 	DATA 	Keypress: p
436.1711 	EXP 	New trial (rep=3, index=9): {'leftStreamFlip': False, 'oneTarget': True, 'trialInstructionPos': (0, 1), 'probe': 'both', 'rightStreamFlip': False, 'horizVert': True, 'ISIframes': 2, 'rightResponseFirst': True}
436.1938 	INFO 	numtrials=360 and this trialDurFrames=6 or 100.0 ms  task=T1
437.4107 	EXP 	window1: recordFrameIntervals = False
437.4196 	INFO 	Mouse: using default window
438.2941 	DATA 	Keypress: t
438.5608 	DATA 	Keypress: o
438.6942 	DATA 	Keypress: y
438.8352 	EXP 	New trial (rep=3, index=10): {'leftStreamFlip': False, 'oneTarget': False, 'trialInstructionPos': (0, 1), 'probe': 'both', 'rightStreamFlip': False, 'horizVert': True, 'ISIframes': 2, 'rightResponseFirst': False}
438.8603 	INFO 	numtrials=360 and this trialDurFrames=6 or 100.0 ms  task=T1
440.0271 	EXP 	window1: recordFrameIntervals = False
440.0357 	INFO 	Mouse: using default window
440.8774 	DATA 	Keypress: c
441.2276 	DATA 	Keypress: a
441.3775 	DATA 	Keypress: p
442.5110 	DATA 	Keypress: c
442.9940 	DATA 	Keypress: a
443.1276 	DATA 	Keypress: p
443.2704 	EXP 	New trial (rep=3, index=11): {'leftStreamFlip': False, 'oneTarget': True, 'trialInstructionPos': (0, -1), 'probe': 'both', 'rightStreamFlip': False, 'horizVert': True, 'ISIframes': 2, 'rightResponseFirst': False}
443.2934 	INFO 	numtrials=360 and this trialDurFrames=6 or 100.0 ms  task=T1
444.3938 	EXP 	window1: recordFrameIntervals = False
444.4020 	INFO 	Mouse: using default window
445.6945 	DATA 	Keypress: t
445.8108 	DATA 	Keypress: i
446.0275 	DATA 	Keypress: e
446.1732 	EXP 	New trial (rep=4, index=0): {'leftStreamFlip': False, 'oneTarget': False, 'trialInstructionPos': (0, -1), 'probe': 'both', 'rightStreamFlip': False, 'horizVert': True, 'ISIframes': 2, 'rightResponseFirst': True}
446.1928 	INFO 	numtrials=360 and this trialDurFrames=6 or 100.0 ms  task=T1
447.2606 	EXP 	window1: recordFrameIntervals = False
447.2693 	INFO 	Mouse: using default window
448.8611 	DATA 	Keypress: b
449.1612 	DATA 	Keypress: a
449.9276 	DATA 	Keypress: y
450.7945 	DATA 	Keypress: p
450.9607 	DATA 	Keypress: a
451.2441 	DATA 	Keypress: y
451.3883 	EXP 	New trial (rep=4, index=1): {'leftStreamFlip': False, 'oneTarget': False, 'trialInstructionPos': (0, 1), 'probe': 'both', 'rightStreamFlip': False, 'horizVert': True, 'ISIframes': 2, 'rightResponseFirst': False}
451.4108 	INFO 	numtrials=360 and this trialDurFrames=6 or 100.0 ms  task=T1
452.5771 	EXP 	window1: recordFrameIntervals = False
452.5856 	INFO 	Mouse: using default window
453.9608 	DATA 	Keypress: z
454.4112 	DATA 	Keypress: o
454.5607 	DATA 	Keypress: o
455.9776 	DATA 	Keypress: z
456.7624 	DATA 	Keypress: o
456.9279 	DATA 	Keypress: o
457.0717 	EXP 	New trial (rep=4, index=2): {'leftStreamFlip': False, 'oneTarget': False, 'trialInstructionPos': (0, 1), 'probe': 'both', 'rightStreamFlip': False, 'horizVert': True, 'ISIframes': 2, 'rightResponseFirst': True}
457.0935 	INFO 	numtrials=360 and this trialDurFrames=6 or 100.0 ms  task=T1
458.1605 	EXP 	window1: recordFrameIntervals = False
458.1686 	INFO 	Mouse: using default window
458.9610 	DATA 	Keypress: a
459.4941 	DATA 	Keypress: g
459.5947 	DATA 	Keypress: o
460.6108 	DATA 	Keypress: a
461.1108 	DATA 	Keypress: g
461.1777 	DATA 	Keypress: o
461.3216 	EXP 	New trial (rep=4, index=3): {'leftStreamFlip': False, 'oneTarget': True, 'trialInstructionPos': (0, -1), 'probe': 'both', 'rightStreamFlip': False, 'horizVert': True, 'ISIframes': 2, 'rightResponseFirst': True}
461.3437 	INFO 	numtrials=360 and this trialDurFrames=6 or 100.0 ms  task=T1
462.4109 	EXP 	window1: recordFrameIntervals = False
462.4192 	INFO 	Mouse: using default window
463.8108 	DATA 	Keypress: r
464.2440 	DATA 	Keypress: i
464.3637 	DATA 	Keypress: p
464.5191 	EXP 	New trial (rep=4, index=4): {'leftStreamFlip': False, 'oneTarget': False, 'trialInstructionPos': (0, -1), 'probe': 'both', 'rightStreamFlip': False, 'horizVert': True, 'ISIframes': 2, 'rightResponseFirst': False}
464.5434 	INFO 	numtrials=360 and this trialDurFrames=6 or 100.0 ms  task=T1
465.7442 	EXP 	window1: recordFrameIntervals = False
465.7531 	INFO 	Mouse: using default window
466.6942 	DATA 	Keypress: e
466.9958 	DATA 	Keypress: n
467.1440 	DATA 	Keypress: d
468.0441 	DATA 	Keypress: e
468.3108 	DATA 	Keypress: n
468.4441 	DATA 	Keypress: d
468.5897 	EXP 	New trial (rep=4, index=5): {'leftStreamFlip': False, 'oneTarget': False, 'trialInstructionPos': (0, 1), 'probe': 'both', 'rightStreamFlip': False, 'horizVert': True, 'ISIframes': 2, 'rightResponseFirst': True}
468.6105 	INFO 	numtrials=360 and this trialDurFrames=6 or 100.0 ms  task=T1
469.7272 	EXP 	window1: recordFrameIntervals = False
469.7355 	INFO 	Mouse: using default window
470.7107 	DATA 	Keypress: n
471.1109 	DATA 	Keypress: u
471.2942 	DATA 	Keypress: t
472.8609 	DATA 	Keypress: a
473.4940 	DATA 	Keypress: n
473.5802 	DATA 	Keypress: u
473.7401 	EXP 	New trial (rep=4, index=6): {'leftStreamFlip': False, 'oneTarget': False, 'trialInstructionPos': (0, -1), 'probe': 'both', 'rightStreamFlip': False, 'horizVert': True, 'ISIframes': 2, 'rightResponseFirst': False}
473.7601 	INFO 	numtrials=360 and this trialDurFrames=6 or 100.0 ms  task=T1
474.9771 	EXP 	window1: recordFrameIntervals = False
474.9856 	INFO 	Mouse: using default window
476.1107 	DATA 	Keypress: b
477.5107 	DATA 	Keypress: backspace
477.8107 	DATA 	Keypress: e
478.0607 	DATA 	Keypress: y
478.1779 	DATA 	Keypress: e
479.0607 	DATA 	Keypress: b
479.3607 	DATA 	Keypress: y
479.5275 	DATA 	Keypress: e
479.6737 	EXP 	New trial (rep=4, index=7): {'leftStreamFlip': False, 'oneTarget': False, 'trialInstructionPos': (0, -1), 'probe': 'both', 'rightStreamFlip': False, 'horizVert': True, 'ISIframes': 2, 'rightResponseFirst': True}
479.6938 	INFO 	numtrials=360 and this trialDurFrames=6 or 100.0 ms  task=T1
480.7939 	EXP 	window1: recordFrameIntervals = False
480.8022 	INFO 	Mouse: using default window
481.9473 	DATA 	Keypress: s
482.0941 	DATA 	Keypress: i
482.7274 	DATA 	Keypress: x
483.8775 	DATA 	Keypress: s
484.2273 	DATA 	Keypress: e
484.5607 	DATA 	Keypress: x
484.7085 	EXP 	New trial (rep=4, index=8): {'leftStreamFlip': False, 'oneTarget': True, 'trialInstructionPos': (0, -1), 'probe': 'both', 'rightStreamFlip': False, 'horizVert': True, 'ISIframes': 2, 'rightResponseFirst': False}
484.7267 	INFO 	numtrials=360 and this trialDurFrames=6 or 100.0 ms  task=T1
485.7939 	EXP 	window1: recordFrameIntervals = False
485.8023 	INFO 	Mouse: using default window
486.7775 	DATA 	Keypress: p
487.4612 	DATA 	Keypress: e
487.6109 	DATA 	Keypress: t
487.7516 	EXP 	New trial (rep=4, index=9): {'leftStreamFlip': False, 'oneTarget': False, 'trialInstructionPos': (0, 1), 'probe': 'both', 'rightStreamFlip': False, 'horizVert': True, 'ISIframes': 2, 'rightResponseFirst': False}
487.7768 	INFO 	numtrials=360 and this trialDurFrames=6 or 100.0 ms  task=T1
488.9605 	EXP 	window1: recordFrameIntervals = False
488.9687 	INFO 	Mouse: using default window
490.1440 	DATA 	Keypress: j
491.3774 	DATA 	Keypress: e
491.4773 	DATA 	Keypress: t
492.0274 	DATA 	Keypress: j
492.3274 	DATA 	Keypress: e
492.3944 	DATA 	Keypress: t
492.5380 	EXP 	New trial (rep=4, index=10): {'leftStreamFlip': False, 'oneTarget': True, 'trialInstructionPos': (0, 1), 'probe': 'both', 'rightStreamFlip': False, 'horizVert': True, 'ISIframes': 2, 'rightResponseFirst': False}
492.5600 	INFO 	numtrials=360 and this trialDurFrames=6 or 100.0 ms  task=T1
493.7607 	EXP 	window1: recordFrameIntervals = False
493.7690 	INFO 	Mouse: using default window
494.6615 	DATA 	Keypress: c
495.0275 	DATA 	Keypress: u
495.2775 	DATA 	Keypress: t
495.4184 	EXP 	New trial (rep=4, index=11): {'leftStreamFlip': False, 'oneTarget': True, 'trialInstructionPos': (0, 1), 'probe': 'both', 'rightStreamFlip': False, 'horizVert': True, 'ISIframes': 2, 'rightResponseFirst': True}
495.4438 	INFO 	numtrials=360 and this trialDurFrames=6 or 100.0 ms  task=T1
496.5939 	EXP 	window1: recordFrameIntervals = False
496.6024 	INFO 	Mouse: using default window
497.4440 	DATA 	Keypress: t
497.5775 	DATA 	Keypress: a
497.8274 	DATA 	Keypress: g
497.9685 	EXP 	New trial (rep=5, index=0): {'leftStreamFlip': False, 'oneTarget': False, 'trialInstructionPos': (0, 1), 'probe': 'both', 'rightStreamFlip': False, 'horizVert': True, 'ISIframes': 2, 'rightResponseFirst': False}
497.9934 	INFO 	numtrials=360 and this trialDurFrames=6 or 100.0 ms  task=T1
499.2273 	EXP 	window1: recordFrameIntervals = False
499.2356 	INFO 	Mouse: using default window
499.9777 	DATA 	Keypress: b
500.1615 	DATA 	Keypress: e
500.3441 	DATA 	Keypress: e
501.0607 	DATA 	Keypress: b
501.1946 	DATA 	Keypress: e
501.3774 	DATA 	Keypress: e
501.5226 	EXP 	New trial (rep=5, index=1): {'leftStreamFlip': False, 'oneTarget': False, 'trialInstructionPos': (0, 1), 'probe': 'both', 'rightStreamFlip': False, 'horizVert': True, 'ISIframes': 2, 'rightResponseFirst': True}
501.5433 	INFO 	numtrials=360 and this trialDurFrames=6 or 100.0 ms  task=T1
502.5938 	EXP 	window1: recordFrameIntervals = False
502.6020 	INFO 	Mouse: using default window
504.4440 	DATA 	Keypress: b
504.9775 	DATA 	Keypress: o
505.1442 	DATA 	Keypress: y
505.5946 	DATA 	Keypress: t
505.6943 	DATA 	Keypress: o
505.8941 	DATA 	Keypress: y
506.0381 	EXP 	New trial (rep=5, index=2): {'leftStreamFlip': False, 'oneTarget': True, 'trialInstructionPos': (0, 1), 'probe': 'both', 'rightStreamFlip': False, 'horizVert': True, 'ISIframes': 2, 'rightResponseFirst': True}
506.0600 	INFO 	numtrials=360 and this trialDurFrames=6 or 100.0 ms  task=T1
507.0772 	EXP 	window1: recordFrameIntervals = False
507.0856 	INFO 	Mouse: using default window
507.8609 	DATA 	Keypress: c
508.1273 	DATA 	Keypress: a
508.2108 	DATA 	Keypress: t
508.3523 	EXP 	New trial (rep=5, index=3): {'leftStreamFlip': False, 'oneTarget': False, 'trialInstructionPos': (0, -1), 'probe': 'both', 'rightStreamFlip': False, 'horizVert': True, 'ISIframes': 2, 'rightResponseFirst': False}
508.3770 	INFO 	numtrials=360 and this trialDurFrames=6 or 100.0 ms  task=T1
509.4276 	EXP 	window1: recordFrameIntervals = False
509.4357 	INFO 	Mouse: using default window
511.9943 	DATA 	Keypress: s
512.1776 	DATA 	Keypress: i
512.3946 	DATA 	Keypress: x
512.9277 	DATA 	Keypress: f
513.0607 	DATA 	Keypress: i
513.3773 	DATA 	Keypress: x
513.5229 	EXP 	New trial (rep=5, index=4): {'leftStreamFlip': False, 'oneTarget': False, 'trialInstructionPos': (0, -1), 'probe': 'both', 'rightStreamFlip': False, 'horizVert': True, 'ISIframes': 2, 'rightResponseFirst': True}
513.5432 	INFO 	numtrials=360 and this trialDurFrames=6 or 100.0 ms  task=T1
514.7772 	EXP 	window1: recordFrameIntervals = False
514.7863 	INFO 	Mouse: using default window
516.8774 	DATA 	Keypress: f
517.9276 	DATA 	Keypress: backspace
518.2942 	DATA 	Keypress: d
518.5106 	DATA 	Keypress: u
518.7468 	DATA 	Keypress: g
520.9108 	DATA 	Keypress: f
521.0108 	DATA 	Keypress: o
521.1625 	DATA 	Keypress: g
521.3240 	EXP 	New trial (rep=5, index=5): {'leftStreamFlip': False, 'oneTarget': False, 'trialInstructionPos': (0, 1), 'probe': 'both', 'rightStreamFlip': False, 'horizVert': True, 'ISIframes': 2, 'rightResponseFirst': False}
521.3435 	INFO 	numtrials=360 and this trialDurFrames=6 or 100.0 ms  task=T1
522.4771 	EXP 	window1: recordFrameIntervals = False
522.4855 	INFO 	Mouse: using default window
523.9775 	DATA 	Keypress: b
524.4775 	DATA 	Keypress: o
524.8108 	DATA 	Keypress: y
525.8615 	DATA 	Keypress: t
526.1276 	DATA 	Keypress: o
526.3464 	DATA 	Keypress: y
526.5107 	EXP 	New trial (rep=5, index=6): {'leftStreamFlip': False, 'oneTarget': False, 'trialInstructionPos': (0, 1), 'probe': 'both', 'rightStreamFlip': False, 'horizVert': True, 'ISIframes': 2, 'rightResponseFirst': True}
526.5266 	INFO 	numtrials=360 and this trialDurFrames=6 or 100.0 ms  task=T1
527.6105 	EXP 	window1: recordFrameIntervals = False
527.6188 	INFO 	Mouse: using default window
529.4107 	DATA 	Keypress: b
529.5607 	DATA 	Keypress: i
529.8107 	DATA 	Keypress: g
532.8274 	DATA 	Keypress: f
533.0275 	DATA 	Keypress: i
533.2273 	DATA 	Keypress: g
533.3710 	EXP 	New trial (rep=5, index=7): {'leftStreamFlip': False, 'oneTarget': True, 'trialInstructionPos': (0, -1), 'probe': 'both', 'rightStreamFlip': False, 'horizVert': True, 'ISIframes': 2, 'rightResponseFirst': True}
533.3934 	INFO 	numtrials=360 and this trialDurFrames=5 or 83.3333333333 ms  task=T1
534.4273 	EXP 	window1: recordFrameIntervals = False
534.4370 	INFO 	Mouse: using default window
535.2607 	DATA 	Keypress: a
535.6108 	DATA 	Keypress: i
535.7273 	DATA 	Keypress: r
535.8698 	EXP 	New trial (rep=5, index=8): {'leftStreamFlip': False, 'oneTarget': False, 'trialInstructionPos': (0, -1), 'probe': 'both', 'rightStreamFlip': False, 'horizVert': True, 'ISIframes': 2, 'rightResponseFirst': True}
535.8932 	INFO 	numtrials=360 and this trialDurFrames=6 or 100.0 ms  task=T1
537.1443 	EXP 	window1: recordFrameIntervals = False
537.1524 	INFO 	Mouse: using default window
537.9629 	DATA 	Keypress: w
538.3464 	DATA 	Keypress: e
538.4940 	DATA 	Keypress: t
540.9940 	DATA 	Keypress: w
541.1275 	DATA 	Keypress: e
541.5942 	DATA 	Keypress: t
541.7376 	EXP 	New trial (rep=5, index=9): {'leftStreamFlip': False, 'oneTarget': False, 'trialInstructionPos': (0, -1), 'probe': 'both', 'rightStreamFlip': False, 'horizVert': True, 'ISIframes': 2, 'rightResponseFirst': False}
541.7600 	INFO 	numtrials=360 and this trialDurFrames=6 or 100.0 ms  task=T1
542.9438 	EXP 	window1: recordFrameIntervals = False
542.9522 	INFO 	Mouse: using default window
545.7109 	DATA 	Keypress: h
545.8275 	DATA 	Keypress: u
546.0107 	DATA 	Keypress: g
546.7279 	DATA 	Keypress: b
547.3274 	DATA 	Keypress: u
547.4774 	DATA 	Keypress: g
547.6235 	EXP 	New trial (rep=5, index=10): {'leftStreamFlip': False, 'oneTarget': True, 'trialInstructionPos': (0, -1), 'probe': 'both', 'rightStreamFlip': False, 'horizVert': True, 'ISIframes': 2, 'rightResponseFirst': False}
547.6433 	INFO 	numtrials=360 and this trialDurFrames=6 or 100.0 ms  task=T1
548.8940 	EXP 	window1: recordFrameIntervals = False
548.9016 	INFO 	Mouse: using default window
550.0108 	DATA 	Keypress: a
550.2440 	DATA 	Keypress: i
550.4274 	DATA 	Keypress: p
550.5695 	EXP 	New trial (rep=5, index=11): {'leftStreamFlip': False, 'oneTarget': True, 'trialInstructionPos': (0, 1), 'probe': 'both', 'rightStreamFlip': False, 'horizVert': True, 'ISIframes': 2, 'rightResponseFirst': False}
550.5939 	INFO 	numtrials=360 and this trialDurFrames=6 or 100.0 ms  task=T1
551.8274 	EXP 	window1: recordFrameIntervals = False
551.8361 	INFO 	Mouse: using default window
552.8949 	DATA 	Keypress: d
553.8274 	DATA 	Keypress: o
553.9274 	DATA 	Keypress: c
554.0691 	EXP 	New trial (rep=6, index=0): {'leftStreamFlip': False, 'oneTarget': False, 'trialInstructionPos': (0, -1), 'probe': 'both', 'rightStreamFlip': False, 'horizVert': True, 'ISIframes': 2, 'rightResponseFirst': False}
554.0933 	INFO 	numtrials=360 and this trialDurFrames=6 or 100.0 ms  task=T1
555.2103 	EXP 	window1: recordFrameIntervals = False
555.2190 	INFO 	Mouse: using default window
556.9775 	DATA 	Keypress: c
557.1777 	DATA 	Keypress: u
557.4442 	DATA 	Keypress: p
560.0774 	DATA 	Keypress: h
560.2108 	DATA 	Keypress: a
560.3777 	DATA 	Keypress: t
560.5212 	EXP 	New trial (rep=6, index=1): {'leftStreamFlip': False, 'oneTarget': False, 'trialInstructionPos': (0, -1), 'probe': 'both', 'rightStreamFlip': False, 'horizVert': True, 'ISIframes': 2, 'rightResponseFirst': True}
560.5434 	INFO 	numtrials=360 and this trialDurFrames=6 or 100.0 ms  task=T1
561.7439 	EXP 	window1: recordFrameIntervals = False
561.7525 	INFO 	Mouse: using default window
563.5780 	DATA 	Keypress: t
563.7442 	DATA 	Keypress: i
564.2275 	DATA 	Keypress: x
565.7774 	DATA 	Keypress: f
565.9464 	DATA 	Keypress: o
566.1611 	DATA 	Keypress: g
566.3057 	EXP 	New trial (rep=6, index=2): {'leftStreamFlip': False, 'oneTarget': True, 'trialInstructionPos': (0, -1), 'probe': 'both', 'rightStreamFlip': False, 'horizVert': True, 'ISIframes': 2, 'rightResponseFirst': True}
566.3266 	INFO 	numtrials=360 and this trialDurFrames=6 or 100.0 ms  task=T1
567.3772 	EXP 	window1: recordFrameIntervals = False
567.3854 	INFO 	Mouse: using default window
568.8441 	DATA 	Keypress: z
569.2442 	DATA 	Keypress: i
569.4775 	DATA 	Keypress: p
569.6182 	EXP 	New trial (rep=6, index=3): {'leftStreamFlip': False, 'oneTarget': True, 'trialInstructionPos': (0, 1), 'probe': 'both', 'rightStreamFlip': False, 'horizVert': True, 'ISIframes': 2, 'rightResponseFirst': True}
569.6436 	INFO 	numtrials=360 and this trialDurFrames=6 or 100.0 ms  task=T1
570.8105 	EXP 	window1: recordFrameIntervals = False
570.8192 	INFO 	Mouse: using default window
571.5107 	DATA 	Keypress: m
571.6276 	DATA 	Keypress: a
571.8441 	DATA 	Keypress: y
571.9859 	EXP 	New trial (rep=6, index=4): {'leftStreamFlip': False, 'oneTarget': True, 'trialInstructionPos': (0, 1), 'probe': 'both', 'rightStreamFlip': False, 'horizVert': True, 'ISIframes': 2, 'rightResponseFirst': False}
572.0099 	INFO 	numtrials=360 and this trialDurFrames=6 or 100.0 ms  task=T1
573.0605 	EXP 	window1: recordFrameIntervals = False
573.0699 	INFO 	Mouse: using default window
574.5274 	DATA 	Keypress: z
575.0941 	DATA 	Keypress: i
575.2773 	DATA 	Keypress: p
575.4195 	EXP 	New trial (rep=6, index=5): {'leftStreamFlip': False, 'oneTarget': False, 'trialInstructionPos': (0, 1), 'probe': 'both', 'rightStreamFlip': False, 'horizVert': True, 'ISIframes': 2, 'rightResponseFirst': False}
575.4435 	INFO 	numtrials=360 and this trialDurFrames=6 or 100.0 ms  task=T1
576.4939 	EXP 	window1: recordFrameIntervals = False
576.5022 	INFO 	Mouse: using default window
577.4608 	DATA 	Keypress: s
579.4940 	DATA 	Keypress: e
579.6612 	DATA 	Keypress: e
580.0275 	DATA 	Keypress: s
580.2940 	DATA 	Keypress: e
580.4440 	DATA 	Keypress: e
580.5901 	EXP 	New trial (rep=6, index=6): {'leftStreamFlip': False, 'oneTarget': False, 'trialInstructionPos': (0, 1), 'probe': 'both', 'rightStreamFlip': False, 'horizVert': True, 'ISIframes': 2, 'rightResponseFirst': True}
580.6104 	INFO 	numtrials=360 and this trialDurFrames=6 or 100.0 ms  task=T1
581.7939 	EXP 	window1: recordFrameIntervals = False
581.8022 	INFO 	Mouse: using default window
583.8441 	DATA 	Keypress: d
584.0439 	DATA 	Keypress: i
584.2275 	DATA 	Keypress: g
585.6441 	DATA 	Keypress: d
585.8941 	DATA 	Keypress: o
586.0274 	DATA 	Keypress: g
586.1724 	EXP 	New trial (rep=6, index=7): {'leftStreamFlip': False, 'oneTarget': False, 'trialInstructionPos': (0, 1), 'probe': 'both', 'rightStreamFlip': False, 'horizVert': True, 'ISIframes': 2, 'rightResponseFirst': False}
586.1937 	INFO 	numtrials=360 and this trialDurFrames=6 or 100.0 ms  task=T1
587.3105 	EXP 	window1: recordFrameIntervals = False
587.3189 	INFO 	Mouse: using default window
590.0441 	DATA 	Keypress: p
590.5274 	DATA 	Keypress: i
590.6441 	DATA 	Keypress: g
591.6274 	DATA 	Keypress: l
592.0440 	DATA 	Keypress: e
592.3275 	DATA 	Keypress: t
592.4714 	EXP 	New trial (rep=6, index=8): {'leftStreamFlip': False, 'oneTarget': False, 'trialInstructionPos': (0, 1), 'probe': 'both', 'rightStreamFlip': False, 'horizVert': True, 'ISIframes': 2, 'rightResponseFirst': True}
592.4936 	INFO 	numtrials=360 and this trialDurFrames=6 or 100.0 ms  task=T1
593.7272 	EXP 	window1: recordFrameIntervals = False
593.7347 	INFO 	Mouse: using default window
594.8275 	DATA 	Keypress: l
595.5440 	DATA 	Keypress: i
595.6609 	DATA 	Keypress: e
600.2275 	DATA 	Keypress: l
600.7274 	DATA 	Keypress: i
601.0274 	DATA 	Keypress: e
601.1717 	EXP 	New trial (rep=6, index=9): {'leftStreamFlip': False, 'oneTarget': False, 'trialInstructionPos': (0, -1), 'probe': 'both', 'rightStreamFlip': False, 'horizVert': True, 'ISIframes': 2, 'rightResponseFirst': True}
601.1936 	INFO 	numtrials=360 and this trialDurFrames=6 or 100.0 ms  task=T1
602.3438 	EXP 	window1: recordFrameIntervals = False
602.3521 	INFO 	Mouse: using default window
604.0607 	DATA 	Keypress: w
604.3107 	DATA 	Keypress: a
605.0606 	DATA 	Keypress: r
605.8440 	DATA 	Keypress: w
606.0942 	DATA 	Keypress: a
606.1943 	DATA 	Keypress: s
606.3377 	EXP 	New trial (rep=6, index=10): {'leftStreamFlip': False, 'oneTarget': False, 'trialInstructionPos': (0, -1), 'probe': 'both', 'rightStreamFlip': False, 'horizVert': True, 'ISIframes': 2, 'rightResponseFirst': False}
606.3600 	INFO 	numtrials=360 and this trialDurFrames=6 or 100.0 ms  task=T1
607.5940 	EXP 	window1: recordFrameIntervals = False
607.6024 	INFO 	Mouse: using default window
610.0607 	DATA 	Keypress: w
610.4942 	DATA 	Keypress: o
610.5943 	DATA 	Keypress: y
611.4615 	DATA 	Keypress: w
612.5776 	DATA 	Keypress: backspace
612.8947 	DATA 	Keypress: t
613.6442 	DATA 	Keypress: w
613.7442 	DATA 	Keypress: o
613.8921 	EXP 	New trial (rep=6, index=11): {'leftStreamFlip': False, 'oneTarget': True, 'trialInstructionPos': (0, -1), 'probe': 'both', 'rightStreamFlip': False, 'horizVert': True, 'ISIframes': 2, 'rightResponseFirst': False}
613.9101 	INFO 	numtrials=360 and this trialDurFrames=6 or 100.0 ms  task=T1
614.9275 	EXP 	window1: recordFrameIntervals = False
614.9358 	INFO 	Mouse: using default window
616.5774 	DATA 	Keypress: t
616.6274 	DATA 	Keypress: i
616.9115 	DATA 	Keypress: m
617.0537 	EXP 	New trial (rep=7, index=0): {'leftStreamFlip': False, 'oneTarget': True, 'trialInstructionPos': (0, 1), 'probe': 'both', 'rightStreamFlip': False, 'horizVert': True, 'ISIframes': 2, 'rightResponseFirst': False}
617.0760 	INFO 	numtrials=360 and this trialDurFrames=6 or 100.0 ms  task=T1
618.1607 	EXP 	window1: recordFrameIntervals = False
618.1696 	INFO 	Mouse: using default window
619.0816 	DATA 	Keypress: w
619.3941 	DATA 	Keypress: e
619.7108 	DATA 	Keypress: b
619.8525 	EXP 	New trial (rep=7, index=1): {'leftStreamFlip': False, 'oneTarget': False, 'trialInstructionPos': (0, -1), 'probe': 'both', 'rightStreamFlip': False, 'horizVert': True, 'ISIframes': 2, 'rightResponseFirst': True}
619.8771 	INFO 	numtrials=360 and this trialDurFrames=6 or 100.0 ms  task=T1
620.9274 	EXP 	window1: recordFrameIntervals = False
620.9362 	INFO 	Mouse: using default window
622.7635 	DATA 	Keypress: r
623.0778 	DATA 	Keypress: e
623.3608 	DATA 	Keypress: d
625.2441 	DATA 	Keypress: f
625.9614 	DATA 	Keypress: e
626.4442 	DATA 	Keypress: x
626.5877 	EXP 	New trial (rep=7, index=2): {'leftStreamFlip': False, 'oneTarget': False, 'trialInstructionPos': (0, -1), 'probe': 'both', 'rightStreamFlip': False, 'horizVert': True, 'ISIframes': 2, 'rightResponseFirst': False}
626.6100 	INFO 	numtrials=360 and this trialDurFrames=6 or 100.0 ms  task=T1
627.6939 	EXP 	window1: recordFrameIntervals = False
627.7024 	INFO 	Mouse: using default window
630.3775 	DATA 	Keypress: d
630.5941 	DATA 	Keypress: i
630.6775 	DATA 	Keypress: d
631.0607 	DATA 	Keypress: d
631.2113 	DATA 	Keypress: i
631.3108 	DATA 	Keypress: d
631.4538 	EXP 	New trial (rep=7, index=3): {'leftStreamFlip': False, 'oneTarget': True, 'trialInstructionPos': (0, -1), 'probe': 'both', 'rightStreamFlip': False, 'horizVert': True, 'ISIframes': 2, 'rightResponseFirst': False}
631.4768 	INFO 	numtrials=360 and this trialDurFrames=6 or 100.0 ms  task=T1
632.5939 	EXP 	window1: recordFrameIntervals = False
632.6024 	INFO 	Mouse: using default window
633.6775 	DATA 	Keypress: m
633.8441 	DATA 	Keypress: a
634.1440 	DATA 	Keypress: p
634.2856 	EXP 	New trial (rep=7, index=4): {'leftStreamFlip': False, 'oneTarget': False, 'trialInstructionPos': (0, -1), 'probe': 'both', 'rightStreamFlip': False, 'horizVert': True, 'ISIframes': 2, 'rightResponseFirst': True}
634.3096 	INFO 	numtrials=360 and this trialDurFrames=6 or 100.0 ms  task=T1
635.3939 	EXP 	window1: recordFrameIntervals = False
635.4021 	INFO 	Mouse: using default window
638.0610 	DATA 	Keypress: s
638.3308 	DATA 	Keypress: e
638.4778 	DATA 	Keypress: e
639.2440 	DATA 	Keypress: s
639.5781 	DATA 	Keypress: u
639.6941 	DATA 	Keypress: g
639.8392 	EXP 	New trial (rep=7, index=5): {'leftStreamFlip': False, 'oneTarget': False, 'trialInstructionPos': (0, 1), 'probe': 'both', 'rightStreamFlip': False, 'horizVert': True, 'ISIframes': 2, 'rightResponseFirst': False}
639.8602 	INFO 	numtrials=360 and this trialDurFrames=6 or 100.0 ms  task=T1
640.9772 	EXP 	window1: recordFrameIntervals = False
640.9855 	INFO 	Mouse: using default window
642.4607 	DATA 	Keypress: w
643.0942 	DATA 	Keypress: e
643.3941 	DATA 	Keypress: t
644.1107 	DATA 	Keypress: s
644.5940 	DATA 	Keypress: e
644.8783 	DATA 	Keypress: t
645.0227 	EXP 	New trial (rep=7, index=6): {'leftStreamFlip': False, 'oneTarget': False, 'trialInstructionPos': (0, 1), 'probe': 'both', 'rightStreamFlip': False, 'horizVert': True, 'ISIframes': 2, 'rightResponseFirst': False}
645.0432 	INFO 	numtrials=360 and this trialDurFrames=6 or 100.0 ms  task=T1
646.1105 	EXP 	window1: recordFrameIntervals = False
646.1187 	INFO 	Mouse: using default window
648.9609 	DATA 	Keypress: j
649.0107 	DATA 	Keypress: e
649.4279 	DATA 	Keypress: t
649.7443 	DATA 	Keypress: j
649.9275 	DATA 	Keypress: e
650.0775 	DATA 	Keypress: t
650.2215 	EXP 	New trial (rep=7, index=7): {'leftStreamFlip': False, 'oneTarget': True, 'trialInstructionPos': (0, 1), 'probe': 'both', 'rightStreamFlip': False, 'horizVert': True, 'ISIframes': 2, 'rightResponseFirst': True}
650.2435 	INFO 	numtrials=360 and this trialDurFrames=6 or 100.0 ms  task=T1
651.2605 	EXP 	window1: recordFrameIntervals = False
651.2688 	INFO 	Mouse: using default window
652.0940 	DATA 	Keypress: e
652.4607 	DATA 	Keypress: n
652.6274 	DATA 	Keypress: d
652.7675 	EXP 	New trial (rep=7, index=8): {'leftStreamFlip': False, 'oneTarget': False, 'trialInstructionPos': (0, 1), 'probe': 'both', 'rightStreamFlip': False, 'horizVert': True, 'ISIframes': 2, 'rightResponseFirst': True}
652.7945 	INFO 	numtrials=360 and this trialDurFrames=6 or 100.0 ms  task=T1
654.0438 	EXP 	window1: recordFrameIntervals = False
654.0523 	INFO 	Mouse: using default window
655.4289 	DATA 	Keypress: e
655.6613 	DATA 	Keypress: i
655.8442 	DATA 	Keypress: g
657.3107 	DATA 	Keypress: r
657.6275 	DATA 	Keypress: i
657.9464 	DATA 	Keypress: g
658.1049 	EXP 	New trial (rep=7, index=9): {'leftStreamFlip': False, 'oneTarget': False, 'trialInstructionPos': (0, -1), 'probe': 'both', 'rightStreamFlip': False, 'horizVert': True, 'ISIframes': 2, 'rightResponseFirst': False}
658.1268 	INFO 	numtrials=360 and this trialDurFrames=6 or 100.0 ms  task=T1
659.1773 	EXP 	window1: recordFrameIntervals = False
659.1850 	INFO 	Mouse: using default window
661.0778 	DATA 	Keypress: a
661.3107 	DATA 	Keypress: i
661.4940 	DATA 	Keypress: r
661.8613 	DATA 	Keypress: a
662.1776 	DATA 	Keypress: i
662.2942 	DATA 	Keypress: r
662.4373 	EXP 	New trial (rep=7, index=10): {'leftStreamFlip': False, 'oneTarget': True, 'trialInstructionPos': (0, -1), 'probe': 'both', 'rightStreamFlip': False, 'horizVert': True, 'ISIframes': 2, 'rightResponseFirst': True}
662.4600 	INFO 	numtrials=360 and this trialDurFrames=6 or 100.0 ms  task=T1
663.6105 	EXP 	window1: recordFrameIntervals = False
663.6188 	INFO 	Mouse: using default window
664.5608 	DATA 	Keypress: b
664.7626 	DATA 	Keypress: u
665.0441 	DATA 	Keypress: m
665.1861 	EXP 	New trial (rep=7, index=11): {'leftStreamFlip': False, 'oneTarget': False, 'trialInstructionPos': (0, 1), 'probe': 'both', 'rightStreamFlip': False, 'horizVert': True, 'ISIframes': 2, 'rightResponseFirst': True}
665.2101 	INFO 	numtrials=360 and this trialDurFrames=6 or 100.0 ms  task=T1
666.4440 	EXP 	window1: recordFrameIntervals = False
666.4529 	INFO 	Mouse: using default window
668.0774 	DATA 	Keypress: s
668.3633 	DATA 	Keypress: i
668.5608 	DATA 	Keypress: t
669.2774 	DATA 	Keypress: s
669.8275 	DATA 	Keypress: t
670.6777 	DATA 	Keypress: backspace
670.7778 	DATA 	Keypress: a
671.1630 	DATA 	Keypress: t
671.3221 	EXP 	New trial (rep=8, index=0): {'leftStreamFlip': False, 'oneTarget': False, 'trialInstructionPos': (0, -1), 'probe': 'both', 'rightStreamFlip': False, 'horizVert': True, 'ISIframes': 2, 'rightResponseFirst': True}
671.3432 	INFO 	numtrials=360 and this trialDurFrames=6 or 100.0 ms  task=T1
672.3939 	EXP 	window1: recordFrameIntervals = False
672.4024 	INFO 	Mouse: using default window
673.8109 	DATA 	Keypress: s
673.9942 	DATA 	Keypress: i
674.2607 	DATA 	Keypress: t
674.9775 	DATA 	Keypress: s
675.2277 	DATA 	Keypress: i
675.3609 	DATA 	Keypress: t
675.5059 	EXP 	New trial (rep=8, index=1): {'leftStreamFlip': False, 'oneTarget': True, 'trialInstructionPos': (0, 1), 'probe': 'both', 'rightStreamFlip': False, 'horizVert': True, 'ISIframes': 2, 'rightResponseFirst': False}
675.5273 	INFO 	numtrials=360 and this trialDurFrames=6 or 100.0 ms  task=T1
676.6272 	EXP 	window1: recordFrameIntervals = False
676.6358 	INFO 	Mouse: using default window
677.5943 	DATA 	Keypress: p
677.7274 	DATA 	Keypress: o
677.8609 	DATA 	Keypress: p
678.0030 	EXP 	New trial (rep=8, index=2): {'leftStreamFlip': False, 'oneTarget': True, 'trialInstructionPos': (0, -1), 'probe': 'both', 'rightStreamFlip': False, 'horizVert': True, 'ISIframes': 2, 'rightResponseFirst': False}
678.0266 	INFO 	numtrials=360 and this trialDurFrames=6 or 100.0 ms  task=T1
679.0939 	EXP 	window1: recordFrameIntervals = False
679.1023 	INFO 	Mouse: using default window
680.0109 	DATA 	Keypress: r
680.3625 	DATA 	Keypress: a
680.4940 	DATA 	Keypress: y
680.6357 	EXP 	New trial (rep=8, index=3): {'leftStreamFlip': False, 'oneTarget': False, 'trialInstructionPos': (0, -1), 'probe': 'both', 'rightStreamFlip': False, 'horizVert': True, 'ISIframes': 2, 'rightResponseFirst': False}
680.6601 	INFO 	numtrials=360 and this trialDurFrames=6 or 100.0 ms  task=T1
681.7607 	EXP 	window1: recordFrameIntervals = False
681.7685 	INFO 	Mouse: using default window
683.6114 	DATA 	Keypress: g
683.8941 	DATA 	Keypress: o
684.0277 	DATA 	Keypress: t
688.1774 	DATA 	Keypress: g
688.4941 	DATA 	Keypress: o
688.5940 	DATA 	Keypress: t
688.7379 	EXP 	New trial (rep=8, index=4): {'leftStreamFlip': False, 'oneTarget': False, 'trialInstructionPos': (0, -1), 'probe': 'both', 'rightStreamFlip': False, 'horizVert': True, 'ISIframes': 2, 'rightResponseFirst': False}
688.7600 	INFO 	numtrials=360 and this trialDurFrames=6 or 100.0 ms  task=T1
690.0105 	EXP 	window1: recordFrameIntervals = False
690.0190 	INFO 	Mouse: using default window
691.4109 	DATA 	Keypress: m
691.5309 	DATA 	Keypress: a
691.8607 	DATA 	Keypress: p
694.1612 	DATA 	Keypress: m
694.3109 	DATA 	Keypress: a
694.5273 	DATA 	Keypress: p
694.6722 	EXP 	New trial (rep=8, index=5): {'leftStreamFlip': False, 'oneTarget': False, 'trialInstructionPos': (0, 1), 'probe': 'both', 'rightStreamFlip': False, 'horizVert': True, 'ISIframes': 2, 'rightResponseFirst': True}
694.6935 	INFO 	numtrials=360 and this trialDurFrames=6 or 100.0 ms  task=T1
695.7604 	EXP 	window1: recordFrameIntervals = False
695.7688 	INFO 	Mouse: using default window
698.6441 	DATA 	Keypress: g
698.8274 	DATA 	Keypress: i
698.9607 	DATA 	Keypress: g
699.7442 	DATA 	Keypress: d
699.9274 	DATA 	Keypress: i
699.9944 	DATA 	Keypress: d
700.1366 	EXP 	New trial (rep=8, index=6): {'leftStreamFlip': False, 'oneTarget': False, 'trialInstructionPos': (0, 1), 'probe': 'both', 'rightStreamFlip': False, 'horizVert': True, 'ISIframes': 2, 'rightResponseFirst': True}
700.1600 	INFO 	numtrials=360 and this trialDurFrames=6 or 100.0 ms  task=T1
701.1940 	EXP 	window1: recordFrameIntervals = False
701.2031 	INFO 	Mouse: using default window
702.7778 	DATA 	Keypress: r
703.0107 	DATA 	Keypress: u
703.8941 	DATA 	Keypress: b
704.9277 	DATA 	Keypress: r
705.2440 	DATA 	Keypress: a
705.5312 	DATA 	Keypress: t
705.6875 	EXP 	New trial (rep=8, index=7): {'leftStreamFlip': False, 'oneTarget': False, 'trialInstructionPos': (0, 1), 'probe': 'both', 'rightStreamFlip': False, 'horizVert': True, 'ISIframes': 2, 'rightResponseFirst': False}
705.7101 	INFO 	numtrials=360 and this trialDurFrames=6 or 100.0 ms  task=T1
706.7270 	EXP 	window1: recordFrameIntervals = False
706.7356 	INFO 	Mouse: using default window
712.2275 	DATA 	Keypress: n
712.4607 	DATA 	Keypress: u
713.1106 	DATA 	Keypress: t
713.9473 	DATA 	Keypress: m
714.3111 	DATA 	Keypress: u
714.4442 	DATA 	Keypress: t
714.5853 	EXP 	New trial (rep=8, index=8): {'leftStreamFlip': False, 'oneTarget': True, 'trialInstructionPos': (0, 1), 'probe': 'both', 'rightStreamFlip': False, 'horizVert': True, 'ISIframes': 2, 'rightResponseFirst': True}
714.6098 	INFO 	numtrials=360 and this trialDurFrames=6 or 100.0 ms  task=T1
715.7776 	EXP 	window1: recordFrameIntervals = False
715.7868 	INFO 	Mouse: using default window
716.6275 	DATA 	Keypress: b
716.7304 	DATA 	Keypress: a
716.9608 	DATA 	Keypress: t
717.1011 	EXP 	New trial (rep=8, index=9): {'leftStreamFlip': False, 'oneTarget': True, 'trialInstructionPos': (0, -1), 'probe': 'both', 'rightStreamFlip': False, 'horizVert': True, 'ISIframes': 2, 'rightResponseFirst': True}
717.1261 	INFO 	numtrials=360 and this trialDurFrames=6 or 100.0 ms  task=T1
718.1781 	EXP 	window1: recordFrameIntervals = False
718.1866 	INFO 	Mouse: using default window
719.1304 	DATA 	Keypress: f
719.3274 	DATA 	Keypress: i
719.6273 	DATA 	Keypress: x
719.7774 	EXP 	New trial (rep=8, index=10): {'leftStreamFlip': False, 'oneTarget': False, 'trialInstructionPos': (0, -1), 'probe': 'both', 'rightStreamFlip': False, 'horizVert': True, 'ISIframes': 2, 'rightResponseFirst': True}
719.7925 	INFO 	numtrials=360 and this trialDurFrames=6 or 100.0 ms  task=T1
721.0105 	EXP 	window1: recordFrameIntervals = False
721.0187 	INFO 	Mouse: using default window
721.9608 	DATA 	Keypress: n
722.3943 	DATA 	Keypress: o
722.5110 	DATA 	Keypress: r
728.0442 	DATA 	Keypress: h
728.1609 	DATA 	Keypress: o
728.2945 	DATA 	Keypress: r
728.4379 	EXP 	New trial (rep=8, index=11): {'leftStreamFlip': False, 'oneTarget': False, 'trialInstructionPos': (0, 1), 'probe': 'both', 'rightStreamFlip': False, 'horizVert': True, 'ISIframes': 2, 'rightResponseFirst': False}
728.4598 	INFO 	numtrials=360 and this trialDurFrames=6 or 100.0 ms  task=T1
729.5107 	EXP 	window1: recordFrameIntervals = False
729.5194 	INFO 	Mouse: using default window
731.7608 	DATA 	Keypress: w
732.0276 	DATA 	Keypress: a
732.4114 	DATA 	Keypress: t
732.9607 	DATA 	Keypress: j
733.2276 	DATA 	Keypress: e
733.4949 	DATA 	Keypress: t
733.6373 	EXP 	New trial (rep=9, index=0): {'leftStreamFlip': False, 'oneTarget': False, 'trialInstructionPos': (0, -1), 'probe': 'both', 'rightStreamFlip': False, 'horizVert': True, 'ISIframes': 2, 'rightResponseFirst': False}
733.6594 	INFO 	numtrials=360 and this trialDurFrames=6 or 100.0 ms  task=T1
734.7938 	EXP 	window1: recordFrameIntervals = False
734.8027 	INFO 	Mouse: using default window
736.2607 	DATA 	Keypress: w
736.3468 	DATA 	Keypress: i
736.6939 	DATA 	Keypress: n
737.0773 	DATA 	Keypress: w
737.4279 	DATA 	Keypress: o
737.9110 	DATA 	Keypress: b
738.0534 	EXP 	New trial (rep=9, index=1): {'leftStreamFlip': False, 'oneTarget': True, 'trialInstructionPos': (0, -1), 'probe': 'both', 'rightStreamFlip': False, 'horizVert': True, 'ISIframes': 2, 'rightResponseFirst': True}
738.0762 	INFO 	numtrials=360 and this trialDurFrames=6 or 100.0 ms  task=T1
739.1773 	EXP 	window1: recordFrameIntervals = False
739.1868 	INFO 	Mouse: using default window
741.4616 	DATA 	Keypress: i
741.4982 	DATA 	Keypress: c
741.7943 	DATA 	Keypress: e
741.9356 	EXP 	New trial (rep=9, index=2): {'leftStreamFlip': False, 'oneTarget': False, 'trialInstructionPos': (0, -1), 'probe': 'both', 'rightStreamFlip': False, 'horizVert': True, 'ISIframes': 2, 'rightResponseFirst': True}
741.9594 	INFO 	numtrials=360 and this trialDurFrames=6 or 100.0 ms  task=T1
743.1442 	EXP 	window1: recordFrameIntervals = False
743.1555 	INFO 	Mouse: using default window
744.3947 	DATA 	Keypress: l
744.9275 	DATA 	Keypress: i
745.0775 	DATA 	Keypress: t
746.0108 	DATA 	Keypress: l
746.3644 	DATA 	Keypress: e
746.6116 	DATA 	Keypress: t
746.7602 	EXP 	New trial (rep=9, index=3): {'leftStreamFlip': False, 'oneTarget': False, 'trialInstructionPos': (0, -1), 'probe': 'both', 'rightStreamFlip': False, 'horizVert': True, 'ISIframes': 2, 'rightResponseFirst': True}
746.7764 	INFO 	numtrials=360 and this trialDurFrames=6 or 100.0 ms  task=T1
747.8612 	EXP 	window1: recordFrameIntervals = False
747.8687 	INFO 	Mouse: using default window
748.8275 	DATA 	Keypress: p
748.9613 	DATA 	Keypress: a
749.2945 	DATA 	Keypress: n
750.4607 	DATA 	Keypress: p
750.6444 	DATA 	Keypress: e
750.9773 	DATA 	Keypress: n
751.1216 	EXP 	New trial (rep=9, index=4): {'leftStreamFlip': False, 'oneTarget': False, 'trialInstructionPos': (0, 1), 'probe': 'both', 'rightStreamFlip': False, 'horizVert': True, 'ISIframes': 2, 'rightResponseFirst': False}
751.1432 	INFO 	numtrials=360 and this trialDurFrames=6 or 100.0 ms  task=T1
752.3273 	EXP 	window1: recordFrameIntervals = False
752.3363 	INFO 	Mouse: using default window
755.0774 	DATA 	Keypress: d
755.4774 	DATA 	Keypress: o
755.6441 	DATA 	Keypress: g
756.2110 	DATA 	Keypress: d
756.5441 	DATA 	Keypress: u
756.6777 	DATA 	Keypress: g
756.8221 	EXP 	New trial (rep=9, index=5): {'leftStreamFlip': False, 'oneTarget': False, 'trialInstructionPos': (0, -1), 'probe': 'both', 'rightStreamFlip': False, 'horizVert': True, 'ISIframes': 2, 'rightResponseFirst': False}
756.8435 	INFO 	numtrials=360 and this trialDurFrames=6 or 100.0 ms  task=T1
758.0938 	EXP 	window1: recordFrameIntervals = False
758.1021 	INFO 	Mouse: using default window
765.8607 	DATA 	Keypress: lctrl
765.8941 	DATA 	Keypress: z
767.1109 	DATA 	Keypress: backspace
773.1943 	DATA 	Keypress: lshift
773.9305 	DATA 	Keypress: lctrl
774.3779 	DATA 	Keypress: z
782.8943 	DATA 	Keypress: escape
785.1472 	DATA 	Keypress: backspace
966.8607 	DATA 	Keypress: lctrl
967.0276 	DATA 	Keypress: lshift
967.1779 	DATA 	Keypress: z
967.1966 	INFO 	Stopping at 16:23 on 06 Aug 2018
967.1984 	ERROR 	user aborted experiment on keypress with trials done=113 of 361
967.2206 	INFO 	Program terminating normally.
