0.5972 	WARNING 	Monitor specification not found. Creating a temporary one...
17.9079 	EXP 	Created window1 = Window(allowGUI=False, allowStencil=False, autoLog=True, bitsMode=UNKNOWN, blendMode='avg', color=array([-0.7, -0.7, -0.7]), colorSpace='rgb', fullscr=UNKNOWN, gamma=None, lms=UNKNOWN, monitor=<psychopy.monitors.calibTools.Monitor object at 0x1A493170>, name='window1', pos=[0, 0], screen=0, size=array([1920, 1080]), stereo=False, units='deg', useFBO=False, useRetina=False, viewOri=0.0, viewPos=None, viewScale=None, waitBlanking=False, winType='pyglet')
17.9079 	INFO 	Mouse: using default window
17.9082 	EXP 	window1: units = 'norm'
17.9983 	EXP 	Created unnamed ImageStim = ImageStim(autoLog=True, color=array([ 1.,  1.,  1.]), colorSpace='rgb', contrast=1.0, depth=0, flipHoriz=False, flipVert=False, image=str(...), interpolate=False, mask=None, maskParams=None, name='unnamed ImageStim', opacity=1.0, ori=0.0, pos=array([-0.5,  0. ]), size=array([ 1.290625  ,  3.24814815]), texRes=128, units='norm', win=Window(...))
18.0863 	EXP 	Created unnamed ImageStim = ImageStim(autoLog=True, color=array([ 1.,  1.,  1.]), colorSpace='rgb', contrast=1.0, depth=0, flipHoriz=False, flipVert=False, image=str(...), interpolate=False, mask=None, maskParams=None, name='unnamed ImageStim', opacity=1.0, ori=0.0, pos=array([ 0.5,  0. ]), size=array([ 1.290625  ,  3.24814815]), texRes=128, units='norm', win=Window(...))
18.1035 	EXP 	Created OKrespZone = GratingStim(autoDraw=False, autoLog=True, color=array([ 1. ,  0.5,  0.5]), colorSpace='rgb', contrast=1.0, depth=0, interpolate=False, mask='gauss', maskParams=None, name='OKrespZone', opacity=1.0, ori=0.0, phase=array([ 0.,  0.]), pos=array([-0.2 , -0.92]), rgbPedestal=array([ 0.,  0.,  0.]), sf=array([ 0.,  0.]), size=array([ 2.3,  0.2]), tex='sin', texRes=256, units='norm', win=Window(...))
18.2496 	EXP 	unnamed ImageStim: size = (1, 2)
18.2496 	EXP 	unnamed ImageStim: size = (1, 2)
23.2902 	DATA 	Mouse: Left button down, pos=(370,374)
23.4244 	DATA 	Mouse:  Left button up, pos=(370,374)
25.1066 	DATA 	Mouse: Left button down, pos=(875,32)
25.1221 	EXP 	window1: units = 'deg'
25.1230 	EXP 	window1: units = 'norm'
25.1412 	EXP 	Created OKrespZone = GratingStim(autoDraw=False, autoLog=True, color=array([ 1. ,  0.5,  0.5]), colorSpace='rgb', contrast=1.0, depth=0, interpolate=False, mask='gauss', maskParams=None, name='OKrespZone', opacity=1.0, ori=0.0, phase=array([ 0.,  0.]), pos=array([-0.2 , -0.92]), rgbPedestal=array([ 0.,  0.,  0.]), sf=array([ 0.,  0.]), size=array([ 2.3,  0.2]), tex='sin', texRes=256, units='norm', win=Window(...))
25.2132 	EXP 	Created unnamed ImageStim = ImageStim(autoLog=True, color=array([ 1.,  1.,  1.]), colorSpace='rgb', contrast=1.0, depth=0, flipHoriz=False, flipVert=False, image='abgdj\\PISandConsentForm\\consentForm.png', interpolate=False, mask=None, maskParams=None, name='unnamed ImageStim', opacity=1.0, ori=0.0, pos=array([ 0.,  0.]), size=array([ 1.3375    ,  2.97407407]), texRes=128, units='norm', win=Window(...))
25.2512 	EXP 	Created unnamed GratingStim = GratingStim(autoDraw=False, autoLog=True, color=array([ 1. ,  0.5,  0.5]), colorSpace='rgb', contrast=1.0, depth=0, interpolate=False, mask='gauss', maskParams=None, name='unnamed GratingStim', opacity=1.0, ori=0.0, phase=array([ 0.,  0.]), pos=array([-0.2 , -0.42]), rgbPedestal=array([ 0.,  0.,  0.]), sf=array([ 0.,  0.]), size=array([ 0.3,  0.2]), tex='sin', texRes=256, units='norm', win=Window(...))
25.2806 	EXP 	Created unnamed GratingStim = GratingStim(autoDraw=False, autoLog=True, color=array([ 1. ,  0.5,  0.5]), colorSpace='rgb', contrast=1.0, depth=0, interpolate=False, mask='gauss', maskParams=None, name='unnamed GratingStim', opacity=1.0, ori=0.0, phase=array([ 0.,  0.]), pos=array([ 0.1 , -0.42]), rgbPedestal=array([ 0.,  0.,  0.]), sf=array([ 0.,  0.]), size=array([ 0.3,  0.2]), tex='sin', texRes=256, units='norm', win=Window(...))
25.3004 	EXP 	Created unnamed GratingStim = GratingStim(autoDraw=False, autoLog=True, color=array([ 1. ,  0.5,  0.5]), colorSpace='rgb', contrast=1.0, depth=0, interpolate=False, mask='gauss', maskParams=None, name='unnamed GratingStim', opacity=1.0, ori=0.0, phase=array([ 0.,  0.]), pos=array([-0.2 , -0.72]), rgbPedestal=array([ 0.,  0.,  0.]), sf=array([ 0.,  0.]), size=array([ 0.3,  0.2]), tex='sin', texRes=256, units='norm', win=Window(...))
25.3204 	EXP 	Created unnamed GratingStim = GratingStim(autoDraw=False, autoLog=True, color=array([ 1. ,  0.5,  0.5]), colorSpace='rgb', contrast=1.0, depth=0, interpolate=False, mask='gauss', maskParams=None, name='unnamed GratingStim', opacity=1.0, ori=0.0, phase=array([ 0.,  0.]), pos=array([ 0.1 , -0.72]), rgbPedestal=array([ 0.,  0.,  0.]), sf=array([ 0.,  0.]), size=array([ 0.3,  0.2]), tex='sin', texRes=256, units='norm', win=Window(...))
25.3231 	DATA 	Mouse:  Left button up, pos=(875,32)
25.3309 	EXP 	unnamed ImageStim: size = (1.1, 2)
27.6250 	DATA 	Mouse: Left button down, pos=(781,302)
27.7063 	DATA 	Mouse:  Left button up, pos=(781,302)
28.5734 	DATA 	Mouse: Left button down, pos=(779,162)
28.6901 	DATA 	Mouse:  Left button up, pos=(779,162)
29.5562 	DATA 	Mouse: Left button down, pos=(749,42)
29.5720 	EXP 	window1: units = 'deg'
29.5770 	EXP 	window1: mouseVisible = True
40.9079 	EXP 	Created window1 = Window(allowGUI=False, allowStencil=False, autoLog=True, bitsMode=UNKNOWN, blendMode='avg', color=array([-0.7, -0.7, -0.7]), colorSpace='rgb', fullscr=UNKNOWN, gamma=None, lms=UNKNOWN, monitor=<psychopy.monitors.calibTools.Monitor object at 0x1A493170>, name='window1', pos=[0, 0], screen=0, size=array([1920, 1080]), stereo=False, units='deg', useFBO=False, useRetina=False, viewOri=0.0, viewPos=None, viewScale=None, waitBlanking=False, winType='pyglet')
45.2579 	INFO 	#[ PsychoPy2 RuntimeInfoStart ]
  #[[ PsychoPy ]] #---------
    psychopyVersion: 1.84.2
    psychopyHaveExtRush: True
  #[[ Experiment ]] #---------
    experimentAuthor: None
    experimentAuthVersion: None
    experimentRunTime: 2018_08_09 12:21 (Year_Month_Day Hour:Min)
    experimentRunTime.epoch: 1533781299
    experimentScript: psyc1002.py
    experimentScript.digestSHA1: 03993779484d600ea4c1b8cc2288f3d37a5025d5
    experimentScript.directory: U:\PSYC1002\abgdj
  #[[ System ]] #---------
    systemHaveInternetAccess: True
    systemHostName: W5143LG2
    systemLocale: English_Australia.1252
    systemMemFreeRAM: 3979.02734375
    systemMemTotalRAM: 8076.9453125
    systemPlatform: windowsversion=sys.getwindowsversion(major=6, minor=2, build=9200, platform=2, service_pack='')
    systemPyo.InputDevices: {4: {'host api index': 2, 'latency': 0.008707483299076557, 'default sr': 44100, 'name': u'Realtek ASIO'}}
    systemPyo.OutputDevices: {0: {'host api index': 0, 'latency': 0.09000000357627869, 'default sr': 44100, 'name': u'Microsoft Sound Mapper - Output'}, 1: {'host api index': 0, 'latency': 0.09000000357627869, 'default sr': 44100, 'name': u'Speakers / Headphones (Realtek '}, 2: {'host api index': 1, 'latency': 0.11999999731779099, 'default sr': 44100, 'name': u'Primary Sound Driver'}, 3: {'host api index': 1, 'latency': 0.11999999731779099, 'default sr': 44100, 'name': u'Speakers / Headphones (Realtek High Definition Audio)'}, 4: {'host api index': 2, 'latency': 0.008707483299076557, 'default sr': 44100, 'name': u'Realtek ASIO'}, 5: {'host api index': 3, 'latency': 0.003000000026077032, 'default sr': 48000, 'name': u'Speakers / Headphones (Realtek High Definition Audio)'}}
    systemPyoVersion: 0.8.0
    systemRebooted: System Boot Time:          9/08/2018, 2:17:49 AM
    systemSec.pythonSSL: True
    systemTimeNumpySD1000000_sec: 0.0082
    systemUser: zeyu9928
    systemUserID: 1000
    systemUserProcCmdPid: LabStatsUserSpace.exe dwm.exe TiWorker.exe CmRcService.exe nierserver.exe LabStatsClient.exe tagsrv.exe SearchUI.exe OneDrive.exe nipxism.exe TrustedInstaller.exe niLxiDiscovery.exe SecurityHealthService.exe redirector.exe SearchProtocolHost.exe server_admin.exe pc-client.exe lkads.exe SelfService.exe svchost.exe smartscreen.exe ni_usbmon.exe AGSService.exe System SISIDSService.exe SelfServicePlugin.exe explorer.exe smss.exe ApplicationWebServer.exe RuntimeBroker.exe acrotray.exe niauth_daemon.exe cmd.exe nidmsrv.exe Receiver.exe SISIPSService.exe lktsrv.exe lsass.exe python.exe RtkNGUI64.exe sisipsutil.exe AdobeUpdateService.exe armsvc.exe policyHost.exe ssonsvr.exe concentr.exe nidevldu.exe taskhostw.exe ctfmon.exe RAVBg64.exe ''Memory Compression'' NIWebServiceContainer.exe nimxs.exe RtkAudioService64.exe chrome.exe SystemWebServer.exe tasklist.exe snowagent.exe CcmExec.exe SearchFilterHost.exe SmcGui.exe nicitdl5.exe ''System Idle Process'' services.exe niDiscSvc.exe sqlwriter.exe MSASCuiL.exe SCNotification.exe nimdnsResponder.exe server_runtime.exe sihost.exe backgroundTaskHost.exe spoolsv.exe wininit.exe winlogon.exe ShellExperienceHost.exe nidevmon.exe SearchIndexer.exe csrss.exe WmiPrvSE.exe audiodg.exe fontdrvhost.exe dllhost.exe unsecapp.exe ccSvcHst.exe wfcrun32.exe nisvcloc.exe server_eventlog.exe lkcitdl.exe AuthManSvr.exe conhost.exe
    systemUserProcCount: 187
    systemUserProcFlagged: Explorer
    systemUsersCount: False
  #[[ Window ]] #---------
    windowWinType: pyglet
    windowWaitBlanking: False
    windowUseNativeGamma: True
    windowUnits: deg
    windowSize_pix: [1920 1080]
    windowScreen: 0
    windowRgb: [-0.7 -0.7 -0.7]
    windowRefreshTimeSD_ms: 0.263
    windowRefreshTimeMedian_ms: 16.677
    windowRefreshTimeAvg_ms: 16.664
    windowRefreshThreshold_sec: 0.0200
    windowRecordFrameIntervals: False
    windowPos_pix: [0, 0]
    windowMonitor.name: testmonitor
    windowMonitor.getWidth_cm: 57.0
    windowMonitor.getLinearizeMethod: 1
    windowMonitor.getGammaGrid: [[  0.   1.   1.  nan  nan  nan]
 [  0.   1.   1.  nan  nan  nan]
 [  0.   1.   1.  nan  nan  nan]
 [  0.   1.   1.  nan  nan  nan]]
    windowMonitor.getDistance_cm: 57.0
    windowMonitor.gammaInterpolator2: None
    windowMonitor.gammaInterpolator: None
    windowMonitor.currentCalibName: 2018_08_09 12:20
    windowIsFullScr: True
    windowHaveShaders: True
    windowAllowGUI: False
  #[[ Python ]] #---------
    pythonWxVersion: 3.0.2.0 msw (classic)
    pythonVersion: 2.7.11
    pythonScipyVersion: 0.17.1
    pythonPygletVersion: 1.2.4
    pythonPygameVersion: 1.9.2pre
    pythonNumpyVersion: 1.11.0
    pythonMatplotlibVersion: 1.5.1
    pythonFullVersion: 2.7.11 (v2.7.11:6d1b6a68f775, Dec  5 2015, 20:32:19) [MSC v.1500 32 bit (Intel)]
    pythonExecutable: C:\Program Files (x86)\PsychoPy2\python.exe
  #[[ OpenGL ]] #---------
    openGLVersion: 4.4.0 - Build 20.19.15.4454
    openGLVendor: Intel
    openGLRenderingEngine: Intel(R) HD Graphics 530
    openGLmaxVerticesInVertexArray: 1048576
    False: openGLext.GL_STEREO
    True: openGLext.GL_EXT_framebuffer_object
    True: openGLext.GL_ARB_vertex_shader
    True: openGLext.GL_ARB_texture_non_power_of_two
    True: openGLext.GL_ARB_texture_float
    True: openGLext.GL_ARB_shader_objects
    True: openGLext.GL_ARB_multitexture
    True: openGLext.GL_ARB_fragment_program
#[ PsychoPy2 RuntimeInfoEnd ]

45.3062 	EXP 	window1: recordFrameIntervals = True
46.1399 	EXP 	window1: recordFrameIntervals = False
46.1413 	INFO 	Frames per second ~=59.9, which is close enough to desired val of 60.0
46.3379 	EXP 	Created sequence: random, trialTypes=12, nReps=30, seed=None
46.4624 	INFO 	Mouse: using default window
46.4826 	EXP 	Created OKrespZone = GratingStim(autoDraw=False, autoLog=True, color=array([ 1.,  1.,  1.]), colorSpace='rgb', contrast=1.0, depth=0, interpolate=False, mask='gauss', maskParams=None, name='OKrespZone', opacity=1.0, ori=0.0, phase=array([ 0.,  0.]), pos=array([ 0.  ,  0.88]), rgbPedestal=array([ 0.,  0.,  0.]), sf=array([ 0.,  0.]), size=array([ 2. ,  0.2]), tex='sin', texRes=256, units='norm', win=Window(...))
54.6562 	DATA 	Mouse: Left button down, pos=(105,190)
54.7159 	DATA 	Mouse:  Left button up, pos=(105,190)
56.7601 	DATA 	Mouse: Left button down, pos=(298,471)
56.8199 	DATA 	Mouse:  Left button up, pos=(298,471)
59.9762 	DATA 	Mouse: Left button down, pos=(115,731)
60.0798 	DATA 	Mouse:  Left button up, pos=(115,731)
61.0001 	DATA 	Mouse: Left button down, pos=(98,540)
61.0958 	DATA 	Mouse:  Left button up, pos=(98,540)
62.6569 	DATA 	Mouse: Left button down, pos=(124,400)
62.8078 	DATA 	Mouse:  Left button up, pos=(124,400)
64.3845 	DATA 	Mouse: Left button down, pos=(534,44)
64.4878 	DATA 	Mouse:  Left button up, pos=(534,44)
65.2960 	DATA 	Mouse: Left button down, pos=(743,537)
65.3549 	DATA 	Mouse:  Left button up, pos=(743,537)
66.2242 	DATA 	Mouse: Left button down, pos=(735,749)
66.3198 	DATA 	Mouse:  Left button up, pos=(735,749)
67.8639 	DATA 	Mouse: Left button down, pos=(487,813)
67.9519 	DATA 	Mouse:  Left button up, pos=(487,813)
70.1201 	DATA 	Mouse: Left button down, pos=(942,533)
70.2398 	DATA 	Mouse:  Left button up, pos=(942,533)
72.5521 	DATA 	Mouse: Left button down, pos=(947,120)
72.6557 	DATA 	Mouse:  Left button up, pos=(947,120)
74.2240 	DATA 	Mouse: Left button down, pos=(1563,258)
74.3198 	DATA 	Mouse:  Left button up, pos=(1563,258)
76.3846 	DATA 	Mouse: Left button down, pos=(1743,454)
76.4558 	DATA 	Mouse:  Left button up, pos=(1743,454)
80.2959 	DATA 	Mouse: Left button down, pos=(1317,53)
80.4078 	DATA 	Mouse:  Left button up, pos=(1317,53)
81.6721 	DATA 	Mouse: Left button down, pos=(1132,466)
81.7438 	DATA 	Mouse:  Left button up, pos=(1132,466)
83.9200 	DATA 	Mouse: Left button down, pos=(1402,950)
83.9918 	DATA 	Mouse:  Left button up, pos=(1402,950)
85.2481 	DATA 	Mouse: Left button down, pos=(1736,954)
85.3129 	DATA 	Mouse:  Left button up, pos=(1736,954)
86.0241 	DATA 	Mouse: Left button down, pos=(1723,736)
86.1199 	DATA 	Mouse:  Left button up, pos=(1723,736)
87.6013 	DATA 	Mouse: Left button down, pos=(940,952)
87.6718 	DATA 	Mouse:  Left button up, pos=(940,952)
87.9600 	DATA 	Mouse: Left button down, pos=(922,1022)
87.9772 	INFO 	Experiment will have 360 trials. Letters will be drawn with superposed noise of 0.00%
87.9898 	EXP 	New trial (rep=0, index=0): {'leftStreamFlip': False, 'oneTarget': False, 'trialInstructionPos': (0, -1), 'probe': 'both', 'rightStreamFlip': False, 'horizVert': True, 'ISIframes': 3, 'rightResponseFirst': True}
87.9899 	INFO 	Starting main part of experiment
88.0745 	DATA 	Mouse:  Left button up, pos=(922,1022)
89.1729 	INFO 	numtrials=360 and this trialDurFrames=41 or 683.333333333 ms  task=T1
91.3565 	EXP 	window1: recordFrameIntervals = False
91.3654 	INFO 	Mouse: using default window
94.3922 	DATA 	Keypress: lshift
94.4742 	DATA 	Keypress: j
98.5741 	DATA 	Keypress: l
98.7571 	EXP 	New trial (rep=0, index=1): {'leftStreamFlip': False, 'oneTarget': False, 'trialInstructionPos': (0, -1), 'probe': 'both', 'rightStreamFlip': False, 'horizVert': True, 'ISIframes': 3, 'rightResponseFirst': False}
104.1413 	DATA 	Keypress: return
105.3394 	INFO 	numtrials=360 and this trialDurFrames=32 or 533.333333333 ms  task=T1
107.4226 	EXP 	window1: recordFrameIntervals = False
107.4293 	INFO 	Mouse: using default window
109.3737 	DATA 	Keypress: g
110.2897 	DATA 	Keypress: j
110.4315 	EXP 	New trial (rep=0, index=2): {'leftStreamFlip': False, 'oneTarget': True, 'trialInstructionPos': (0, -1), 'probe': 'both', 'rightStreamFlip': False, 'horizVert': True, 'ISIframes': 3, 'rightResponseFirst': False}
110.4557 	INFO 	numtrials=360 and this trialDurFrames=26 or 433.333333333 ms  task=T1
112.4894 	EXP 	window1: recordFrameIntervals = False
112.4964 	INFO 	Mouse: using default window
113.9918 	DATA 	Keypress: j
114.1504 	EXP 	New trial (rep=0, index=3): {'leftStreamFlip': False, 'oneTarget': False, 'trialInstructionPos': (0, -1), 'probe': 'both', 'rightStreamFlip': False, 'horizVert': True, 'ISIframes': 3, 'rightResponseFirst': True}
114.1727 	INFO 	numtrials=360 and this trialDurFrames=26 or 433.333333333 ms  task=T1
115.7062 	EXP 	window1: recordFrameIntervals = False
115.7130 	INFO 	Mouse: using default window
116.9568 	DATA 	Keypress: n
118.0085 	DATA 	Keypress: u
118.1655 	EXP 	New trial (rep=0, index=4): {'leftStreamFlip': False, 'oneTarget': False, 'trialInstructionPos': (0, 1), 'probe': 'both', 'rightStreamFlip': False, 'horizVert': True, 'ISIframes': 3, 'rightResponseFirst': True}
121.1399 	DATA 	Keypress: j
121.1726 	INFO 	numtrials=360 and this trialDurFrames=20 or 333.333333333 ms  task=T1
122.5228 	EXP 	window1: recordFrameIntervals = False
122.5296 	INFO 	Mouse: using default window
123.9405 	DATA 	Keypress: j
124.8413 	DATA 	Keypress: n
124.9839 	EXP 	New trial (rep=0, index=5): {'leftStreamFlip': False, 'oneTarget': True, 'trialInstructionPos': (0, 1), 'probe': 'both', 'rightStreamFlip': False, 'horizVert': True, 'ISIframes': 3, 'rightResponseFirst': True}
125.0052 	INFO 	numtrials=360 and this trialDurFrames=5 or 83.3333333333 ms  task=T1
126.2063 	EXP 	window1: recordFrameIntervals = False
126.2128 	INFO 	Mouse: using default window
127.6085 	DATA 	Keypress: c
127.7641 	EXP 	New trial (rep=0, index=6): {'leftStreamFlip': False, 'oneTarget': True, 'trialInstructionPos': (0, -1), 'probe': 'both', 'rightStreamFlip': False, 'horizVert': True, 'ISIframes': 3, 'rightResponseFirst': True}
127.7876 	INFO 	numtrials=360 and this trialDurFrames=6 or 100.0 ms  task=T1
128.8898 	EXP 	window1: recordFrameIntervals = False
128.8970 	INFO 	Mouse: using default window
130.0422 	DATA 	Keypress: t
130.1953 	EXP 	New trial (rep=0, index=7): {'leftStreamFlip': False, 'oneTarget': False, 'trialInstructionPos': (0, 1), 'probe': 'both', 'rightStreamFlip': False, 'horizVert': True, 'ISIframes': 3, 'rightResponseFirst': False}
130.2208 	INFO 	numtrials=360 and this trialDurFrames=7 or 116.666666667 ms  task=T1
131.2560 	EXP 	window1: recordFrameIntervals = False
131.2631 	INFO 	Mouse: using default window
133.6258 	DATA 	Keypress: j
133.9566 	DATA 	Keypress: t
134.0989 	EXP 	New trial (rep=0, index=8): {'leftStreamFlip': False, 'oneTarget': False, 'trialInstructionPos': (0, -1), 'probe': 'both', 'rightStreamFlip': False, 'horizVert': True, 'ISIframes': 3, 'rightResponseFirst': False}
134.1210 	INFO 	numtrials=360 and this trialDurFrames=7 or 116.666666667 ms  task=T1
135.1898 	EXP 	window1: recordFrameIntervals = False
135.1968 	INFO 	Mouse: using default window
137.4737 	DATA 	Keypress: g
137.9407 	DATA 	Keypress: e
138.0806 	EXP 	New trial (rep=0, index=9): {'leftStreamFlip': False, 'oneTarget': True, 'trialInstructionPos': (0, 1), 'probe': 'both', 'rightStreamFlip': False, 'horizVert': True, 'ISIframes': 3, 'rightResponseFirst': False}
138.1052 	INFO 	numtrials=360 and this trialDurFrames=7 or 116.666666667 ms  task=T1
139.2399 	EXP 	window1: recordFrameIntervals = False
139.2466 	INFO 	Mouse: using default window
140.0417 	DATA 	Keypress: g
140.1997 	EXP 	New trial (rep=0, index=10): {'leftStreamFlip': False, 'oneTarget': False, 'trialInstructionPos': (0, 1), 'probe': 'both', 'rightStreamFlip': False, 'horizVert': True, 'ISIframes': 3, 'rightResponseFirst': True}
140.2214 	INFO 	numtrials=360 and this trialDurFrames=7 or 116.666666667 ms  task=T1
141.3229 	EXP 	window1: recordFrameIntervals = False
141.3298 	INFO 	Mouse: using default window
142.8576 	DATA 	Keypress: h
143.1408 	DATA 	Keypress: r
143.2835 	EXP 	New trial (rep=0, index=11): {'leftStreamFlip': False, 'oneTarget': False, 'trialInstructionPos': (0, 1), 'probe': 'both', 'rightStreamFlip': False, 'horizVert': True, 'ISIframes': 3, 'rightResponseFirst': False}
143.3043 	INFO 	numtrials=360 and this trialDurFrames=6 or 100.0 ms  task=T1
144.3231 	EXP 	window1: recordFrameIntervals = False
144.3299 	INFO 	Mouse: using default window
145.5409 	DATA 	Keypress: c
145.8570 	DATA 	Keypress: a
145.9977 	EXP 	New trial (rep=1, index=0): {'leftStreamFlip': False, 'oneTarget': False, 'trialInstructionPos': (0, -1), 'probe': 'both', 'rightStreamFlip': False, 'horizVert': True, 'ISIframes': 3, 'rightResponseFirst': True}
146.0209 	INFO 	numtrials=360 and this trialDurFrames=7 or 116.666666667 ms  task=T1
147.0729 	EXP 	window1: recordFrameIntervals = False
147.0798 	INFO 	Mouse: using default window
148.4910 	DATA 	Keypress: h
148.6573 	DATA 	Keypress: e
148.7984 	EXP 	New trial (rep=1, index=1): {'leftStreamFlip': False, 'oneTarget': False, 'trialInstructionPos': (0, -1), 'probe': 'both', 'rightStreamFlip': False, 'horizVert': True, 'ISIframes': 3, 'rightResponseFirst': False}
148.8211 	INFO 	numtrials=360 and this trialDurFrames=7 or 116.666666667 ms  task=T1
149.9392 	EXP 	window1: recordFrameIntervals = False
149.9474 	INFO 	Mouse: using default window
151.7076 	DATA 	Keypress: n
151.7741 	DATA 	Keypress: u
151.9144 	EXP 	New trial (rep=1, index=2): {'leftStreamFlip': False, 'oneTarget': True, 'trialInstructionPos': (0, -1), 'probe': 'both', 'rightStreamFlip': False, 'horizVert': True, 'ISIframes': 3, 'rightResponseFirst': True}
151.9376 	INFO 	numtrials=360 and this trialDurFrames=6 or 100.0 ms  task=T1
152.9560 	EXP 	window1: recordFrameIntervals = False
152.9630 	INFO 	Mouse: using default window
154.3919 	DATA 	Keypress: h
154.5505 	EXP 	New trial (rep=1, index=3): {'leftStreamFlip': False, 'oneTarget': True, 'trialInstructionPos': (0, -1), 'probe': 'both', 'rightStreamFlip': False, 'horizVert': True, 'ISIframes': 3, 'rightResponseFirst': False}
154.5711 	INFO 	numtrials=360 and this trialDurFrames=6 or 100.0 ms  task=T1
155.8232 	EXP 	window1: recordFrameIntervals = False
155.8298 	INFO 	Mouse: using default window
156.5407 	DATA 	Keypress: t
156.6879 	EXP 	New trial (rep=1, index=4): {'leftStreamFlip': False, 'oneTarget': False, 'trialInstructionPos': (0, -1), 'probe': 'both', 'rightStreamFlip': False, 'horizVert': True, 'ISIframes': 3, 'rightResponseFirst': True}
156.7042 	INFO 	numtrials=360 and this trialDurFrames=6 or 100.0 ms  task=T1
157.7559 	EXP 	window1: recordFrameIntervals = False
157.7627 	INFO 	Mouse: using default window
158.6573 	DATA 	Keypress: a
158.8740 	DATA 	Keypress: t
159.0152 	EXP 	New trial (rep=1, index=5): {'leftStreamFlip': False, 'oneTarget': True, 'trialInstructionPos': (0, 1), 'probe': 'both', 'rightStreamFlip': False, 'horizVert': True, 'ISIframes': 3, 'rightResponseFirst': True}
159.0378 	INFO 	numtrials=360 and this trialDurFrames=6 or 100.0 ms  task=T1
160.1892 	EXP 	window1: recordFrameIntervals = False
160.1960 	INFO 	Mouse: using default window
160.9575 	DATA 	Keypress: h
161.0940 	EXP 	New trial (rep=1, index=6): {'leftStreamFlip': False, 'oneTarget': False, 'trialInstructionPos': (0, 1), 'probe': 'both', 'rightStreamFlip': False, 'horizVert': True, 'ISIframes': 3, 'rightResponseFirst': False}
161.1209 	INFO 	numtrials=360 and this trialDurFrames=6 or 100.0 ms  task=T1
162.3731 	EXP 	window1: recordFrameIntervals = False
162.3797 	INFO 	Mouse: using default window
164.4089 	DATA 	Keypress: y
164.7074 	DATA 	Keypress: m
164.8465 	EXP 	New trial (rep=1, index=7): {'leftStreamFlip': False, 'oneTarget': False, 'trialInstructionPos': (0, -1), 'probe': 'both', 'rightStreamFlip': False, 'horizVert': True, 'ISIframes': 3, 'rightResponseFirst': False}
164.8717 	INFO 	numtrials=360 and this trialDurFrames=6 or 100.0 ms  task=T1
166.0564 	EXP 	window1: recordFrameIntervals = False
166.0633 	INFO 	Mouse: using default window
167.1925 	DATA 	Keypress: r
167.4236 	DATA 	Keypress: f
167.5645 	EXP 	New trial (rep=1, index=8): {'leftStreamFlip': False, 'oneTarget': True, 'trialInstructionPos': (0, 1), 'probe': 'both', 'rightStreamFlip': False, 'horizVert': True, 'ISIframes': 3, 'rightResponseFirst': False}
167.5877 	INFO 	numtrials=360 and this trialDurFrames=6 or 100.0 ms  task=T1
168.8393 	EXP 	window1: recordFrameIntervals = False
168.8465 	INFO 	Mouse: using default window
169.6419 	DATA 	Keypress: h
169.7964 	EXP 	New trial (rep=1, index=9): {'leftStreamFlip': False, 'oneTarget': False, 'trialInstructionPos': (0, 1), 'probe': 'both', 'rightStreamFlip': False, 'horizVert': True, 'ISIframes': 3, 'rightResponseFirst': True}
169.8206 	INFO 	numtrials=360 and this trialDurFrames=6 or 100.0 ms  task=T1
171.0565 	EXP 	window1: recordFrameIntervals = False
171.0632 	INFO 	Mouse: using default window
172.3739 	DATA 	Keypress: c
172.5575 	DATA 	Keypress: g
172.6990 	EXP 	New trial (rep=1, index=10): {'leftStreamFlip': False, 'oneTarget': False, 'trialInstructionPos': (0, 1), 'probe': 'both', 'rightStreamFlip': False, 'horizVert': True, 'ISIframes': 3, 'rightResponseFirst': True}
172.7212 	INFO 	numtrials=360 and this trialDurFrames=5 or 83.3333333333 ms  task=T1
173.8563 	EXP 	window1: recordFrameIntervals = False
173.8631 	INFO 	Mouse: using default window
174.7908 	DATA 	Keypress: g
174.8576 	DATA 	Keypress: h
174.9982 	EXP 	New trial (rep=1, index=11): {'leftStreamFlip': False, 'oneTarget': False, 'trialInstructionPos': (0, 1), 'probe': 'both', 'rightStreamFlip': False, 'horizVert': True, 'ISIframes': 3, 'rightResponseFirst': False}
175.0209 	INFO 	numtrials=360 and this trialDurFrames=6 or 100.0 ms  task=T1
176.0399 	EXP 	window1: recordFrameIntervals = False
176.0466 	INFO 	Mouse: using default window
177.3906 	DATA 	Keypress: s
177.4400 	DATA 	Keypress: f
177.5820 	EXP 	New trial (rep=2, index=0): {'leftStreamFlip': False, 'oneTarget': False, 'trialInstructionPos': (0, -1), 'probe': 'both', 'rightStreamFlip': False, 'horizVert': True, 'ISIframes': 3, 'rightResponseFirst': False}
177.6051 	INFO 	numtrials=360 and this trialDurFrames=6 or 100.0 ms  task=T1
178.7403 	EXP 	window1: recordFrameIntervals = False
178.7469 	INFO 	Mouse: using default window
179.7246 	DATA 	Keypress: g
180.0256 	DATA 	Keypress: u
180.1806 	EXP 	New trial (rep=2, index=1): {'leftStreamFlip': False, 'oneTarget': True, 'trialInstructionPos': (0, 1), 'probe': 'both', 'rightStreamFlip': False, 'horizVert': True, 'ISIframes': 3, 'rightResponseFirst': False}
180.2045 	INFO 	numtrials=360 and this trialDurFrames=5 or 83.3333333333 ms  task=T1
181.4396 	EXP 	window1: recordFrameIntervals = False
181.4472 	INFO 	Mouse: using default window
182.2407 	DATA 	Keypress: k
182.3806 	EXP 	New trial (rep=2, index=2): {'leftStreamFlip': False, 'oneTarget': False, 'trialInstructionPos': (0, -1), 'probe': 'both', 'rightStreamFlip': False, 'horizVert': True, 'ISIframes': 3, 'rightResponseFirst': True}
182.4046 	INFO 	numtrials=360 and this trialDurFrames=5 or 83.3333333333 ms  task=T1
183.5065 	EXP 	window1: recordFrameIntervals = False
183.5154 	INFO 	Mouse: using default window
184.4742 	DATA 	Keypress: u
184.5568 	DATA 	Keypress: r
184.7071 	EXP 	New trial (rep=2, index=3): {'leftStreamFlip': False, 'oneTarget': False, 'trialInstructionPos': (0, 1), 'probe': 'both', 'rightStreamFlip': False, 'horizVert': True, 'ISIframes': 3, 'rightResponseFirst': True}
184.7213 	INFO 	numtrials=360 and this trialDurFrames=5 or 83.3333333333 ms  task=T1
185.7565 	EXP 	window1: recordFrameIntervals = False
185.7630 	INFO 	Mouse: using default window
186.9243 	DATA 	Keypress: e
186.9911 	DATA 	Keypress: r
187.1353 	EXP 	New trial (rep=2, index=4): {'leftStreamFlip': False, 'oneTarget': True, 'trialInstructionPos': (0, 1), 'probe': 'both', 'rightStreamFlip': False, 'horizVert': True, 'ISIframes': 3, 'rightResponseFirst': True}
187.1545 	INFO 	numtrials=360 and this trialDurFrames=5 or 83.3333333333 ms  task=T1
188.2403 	EXP 	window1: recordFrameIntervals = False
188.2470 	INFO 	Mouse: using default window
188.9075 	DATA 	Keypress: a
189.0481 	EXP 	New trial (rep=2, index=5): {'leftStreamFlip': False, 'oneTarget': False, 'trialInstructionPos': (0, -1), 'probe': 'both', 'rightStreamFlip': False, 'horizVert': True, 'ISIframes': 3, 'rightResponseFirst': False}
189.0710 	INFO 	numtrials=360 and this trialDurFrames=5 or 83.3333333333 ms  task=T1
190.2394 	EXP 	window1: recordFrameIntervals = False
190.2466 	INFO 	Mouse: using default window
191.8909 	DATA 	Keypress: u
192.3907 	DATA 	Keypress: z
192.5299 	EXP 	New trial (rep=2, index=6): {'leftStreamFlip': False, 'oneTarget': False, 'trialInstructionPos': (0, -1), 'probe': 'both', 'rightStreamFlip': False, 'horizVert': True, 'ISIframes': 3, 'rightResponseFirst': True}
192.5557 	INFO 	numtrials=360 and this trialDurFrames=5 or 83.3333333333 ms  task=T1
193.6402 	EXP 	window1: recordFrameIntervals = False
193.6466 	INFO 	Mouse: using default window
195.0742 	DATA 	Keypress: y
195.1405 	DATA 	Keypress: j
195.2816 	EXP 	New trial (rep=2, index=7): {'leftStreamFlip': False, 'oneTarget': True, 'trialInstructionPos': (0, -1), 'probe': 'both', 'rightStreamFlip': False, 'horizVert': True, 'ISIframes': 3, 'rightResponseFirst': False}
195.3041 	INFO 	numtrials=360 and this trialDurFrames=6 or 100.0 ms  task=T1
196.5400 	EXP 	window1: recordFrameIntervals = False
196.5467 	INFO 	Mouse: using default window
197.3739 	DATA 	Keypress: j
197.5134 	EXP 	New trial (rep=2, index=8): {'leftStreamFlip': False, 'oneTarget': False, 'trialInstructionPos': (0, 1), 'probe': 'both', 'rightStreamFlip': False, 'horizVert': True, 'ISIframes': 3, 'rightResponseFirst': False}
197.5381 	INFO 	numtrials=360 and this trialDurFrames=6 or 100.0 ms  task=T1
198.7398 	EXP 	window1: recordFrameIntervals = False
198.7466 	INFO 	Mouse: using default window
199.6908 	DATA 	Keypress: a
199.8240 	DATA 	Keypress: r
199.9667 	EXP 	New trial (rep=2, index=9): {'leftStreamFlip': False, 'oneTarget': False, 'trialInstructionPos': (0, 1), 'probe': 'both', 'rightStreamFlip': False, 'horizVert': True, 'ISIframes': 3, 'rightResponseFirst': False}
199.9878 	INFO 	numtrials=360 and this trialDurFrames=6 or 100.0 ms  task=T1
201.1900 	EXP 	window1: recordFrameIntervals = False
201.1969 	INFO 	Mouse: using default window
203.1235 	DATA 	Keypress: h
203.1921 	DATA 	Keypress: r
203.3496 	EXP 	New trial (rep=2, index=10): {'leftStreamFlip': False, 'oneTarget': True, 'trialInstructionPos': (0, -1), 'probe': 'both', 'rightStreamFlip': False, 'horizVert': True, 'ISIframes': 3, 'rightResponseFirst': True}
203.3719 	INFO 	numtrials=360 and this trialDurFrames=6 or 100.0 ms  task=T1
204.5732 	EXP 	window1: recordFrameIntervals = False
204.5802 	INFO 	Mouse: using default window
205.3902 	DATA 	Keypress: r
205.5313 	EXP 	New trial (rep=2, index=11): {'leftStreamFlip': False, 'oneTarget': False, 'trialInstructionPos': (0, 1), 'probe': 'both', 'rightStreamFlip': False, 'horizVert': True, 'ISIframes': 3, 'rightResponseFirst': True}
205.5545 	INFO 	numtrials=360 and this trialDurFrames=6 or 100.0 ms  task=T1
206.6231 	EXP 	window1: recordFrameIntervals = False
206.6295 	INFO 	Mouse: using default window
209.0573 	DATA 	Keypress: c
209.2088 	DATA 	Keypress: z
209.3664 	EXP 	New trial (rep=3, index=0): {'leftStreamFlip': False, 'oneTarget': False, 'trialInstructionPos': (0, 1), 'probe': 'both', 'rightStreamFlip': False, 'horizVert': True, 'ISIframes': 3, 'rightResponseFirst': False}
209.3876 	INFO 	numtrials=360 and this trialDurFrames=6 or 100.0 ms  task=T1
210.6226 	EXP 	window1: recordFrameIntervals = False
210.6297 	INFO 	Mouse: using default window
212.3903 	DATA 	Keypress: n
212.4586 	DATA 	Keypress: c
212.5984 	EXP 	New trial (rep=3, index=1): {'leftStreamFlip': False, 'oneTarget': False, 'trialInstructionPos': (0, -1), 'probe': 'both', 'rightStreamFlip': False, 'horizVert': True, 'ISIframes': 3, 'rightResponseFirst': False}
212.6214 	INFO 	numtrials=360 and this trialDurFrames=6 or 100.0 ms  task=T1
213.7893 	EXP 	window1: recordFrameIntervals = False
213.7961 	INFO 	Mouse: using default window
214.8087 	DATA 	Keypress: n
214.9067 	DATA 	Keypress: k
215.0449 	EXP 	New trial (rep=3, index=2): {'leftStreamFlip': False, 'oneTarget': False, 'trialInstructionPos': (0, -1), 'probe': 'both', 'rightStreamFlip': False, 'horizVert': True, 'ISIframes': 3, 'rightResponseFirst': False}
215.0708 	INFO 	numtrials=360 and this trialDurFrames=6 or 100.0 ms  task=T1
216.1063 	EXP 	window1: recordFrameIntervals = False
216.1134 	INFO 	Mouse: using default window
217.7242 	DATA 	Keypress: z
217.7738 	DATA 	Keypress: r
217.9147 	EXP 	New trial (rep=3, index=3): {'leftStreamFlip': False, 'oneTarget': True, 'trialInstructionPos': (0, 1), 'probe': 'both', 'rightStreamFlip': False, 'horizVert': True, 'ISIframes': 3, 'rightResponseFirst': True}
217.9382 	INFO 	numtrials=360 and this trialDurFrames=6 or 100.0 ms  task=T1
219.0067 	EXP 	window1: recordFrameIntervals = False
219.0146 	INFO 	Mouse: using default window
219.6251 	DATA 	Keypress: n
219.7789 	EXP 	New trial (rep=3, index=4): {'leftStreamFlip': False, 'oneTarget': True, 'trialInstructionPos': (0, -1), 'probe': 'both', 'rightStreamFlip': False, 'horizVert': True, 'ISIframes': 3, 'rightResponseFirst': True}
219.8044 	INFO 	numtrials=360 and this trialDurFrames=6 or 100.0 ms  task=T1
220.8401 	EXP 	window1: recordFrameIntervals = False
220.8463 	INFO 	Mouse: using default window
221.5739 	DATA 	Keypress: g
221.7139 	EXP 	New trial (rep=3, index=5): {'leftStreamFlip': False, 'oneTarget': False, 'trialInstructionPos': (0, 1), 'probe': 'both', 'rightStreamFlip': False, 'horizVert': True, 'ISIframes': 3, 'rightResponseFirst': True}
221.7378 	INFO 	numtrials=360 and this trialDurFrames=6 or 100.0 ms  task=T1
222.8728 	EXP 	window1: recordFrameIntervals = False
222.8804 	INFO 	Mouse: using default window
225.5243 	DATA 	Keypress: z
225.6089 	DATA 	Keypress: h
225.7656 	EXP 	New trial (rep=3, index=6): {'leftStreamFlip': False, 'oneTarget': True, 'trialInstructionPos': (0, -1), 'probe': 'both', 'rightStreamFlip': False, 'horizVert': True, 'ISIframes': 3, 'rightResponseFirst': False}
225.7876 	INFO 	numtrials=360 and this trialDurFrames=6 or 100.0 ms  task=T1
227.0403 	EXP 	window1: recordFrameIntervals = False
227.0487 	INFO 	Mouse: using default window
227.6735 	DATA 	Keypress: m
227.8161 	EXP 	New trial (rep=3, index=7): {'leftStreamFlip': False, 'oneTarget': False, 'trialInstructionPos': (0, 1), 'probe': 'both', 'rightStreamFlip': False, 'horizVert': True, 'ISIframes': 3, 'rightResponseFirst': False}
227.8377 	INFO 	numtrials=360 and this trialDurFrames=6 or 100.0 ms  task=T1
229.0562 	EXP 	window1: recordFrameIntervals = False
229.0630 	INFO 	Mouse: using default window
230.4248 	DATA 	Keypress: g
230.6242 	DATA 	Keypress: r
230.7636 	EXP 	New trial (rep=3, index=8): {'leftStreamFlip': False, 'oneTarget': True, 'trialInstructionPos': (0, 1), 'probe': 'both', 'rightStreamFlip': False, 'horizVert': True, 'ISIframes': 3, 'rightResponseFirst': False}
230.7878 	INFO 	numtrials=360 and this trialDurFrames=6 or 100.0 ms  task=T1
231.8729 	EXP 	window1: recordFrameIntervals = False
231.8799 	INFO 	Mouse: using default window
232.5571 	DATA 	Keypress: c
232.6970 	EXP 	New trial (rep=3, index=9): {'leftStreamFlip': False, 'oneTarget': False, 'trialInstructionPos': (0, -1), 'probe': 'both', 'rightStreamFlip': False, 'horizVert': True, 'ISIframes': 3, 'rightResponseFirst': True}
232.7213 	INFO 	numtrials=360 and this trialDurFrames=6 or 100.0 ms  task=T1
233.7898 	EXP 	window1: recordFrameIntervals = False
233.7961 	INFO 	Mouse: using default window
234.7239 	DATA 	Keypress: f
234.7921 	DATA 	Keypress: s
234.9477 	EXP 	New trial (rep=3, index=10): {'leftStreamFlip': False, 'oneTarget': False, 'trialInstructionPos': (0, -1), 'probe': 'both', 'rightStreamFlip': False, 'horizVert': True, 'ISIframes': 3, 'rightResponseFirst': True}
234.9711 	INFO 	numtrials=360 and this trialDurFrames=6 or 100.0 ms  task=T1
236.0403 	EXP 	window1: recordFrameIntervals = False
236.0476 	INFO 	Mouse: using default window
239.1239 	DATA 	Keypress: e
239.2256 	DATA 	Keypress: u
239.3834 	EXP 	New trial (rep=3, index=11): {'leftStreamFlip': False, 'oneTarget': False, 'trialInstructionPos': (0, 1), 'probe': 'both', 'rightStreamFlip': False, 'horizVert': True, 'ISIframes': 3, 'rightResponseFirst': True}
239.4044 	INFO 	numtrials=360 and this trialDurFrames=6 or 100.0 ms  task=T1
240.6233 	EXP 	window1: recordFrameIntervals = False
240.6294 	INFO 	Mouse: using default window
241.9243 	DATA 	Keypress: n
242.1413 	DATA 	Keypress: y
242.2823 	EXP 	New trial (rep=4, index=0): {'leftStreamFlip': False, 'oneTarget': False, 'trialInstructionPos': (0, -1), 'probe': 'both', 'rightStreamFlip': False, 'horizVert': True, 'ISIframes': 3, 'rightResponseFirst': False}
242.3046 	INFO 	numtrials=360 and this trialDurFrames=6 or 100.0 ms  task=T1
243.4231 	EXP 	window1: recordFrameIntervals = False
243.4300 	INFO 	Mouse: using default window
244.6574 	DATA 	Keypress: h
244.6806 	DATA 	Keypress: a
245.2256 	DATA 	Keypress: a
245.3825 	EXP 	New trial (rep=4, index=1): {'leftStreamFlip': False, 'oneTarget': False, 'trialInstructionPos': (0, 1), 'probe': 'both', 'rightStreamFlip': False, 'horizVert': True, 'ISIframes': 3, 'rightResponseFirst': True}
245.4044 	INFO 	numtrials=360 and this trialDurFrames=6 or 100.0 ms  task=T1
246.5560 	EXP 	window1: recordFrameIntervals = False
246.5634 	INFO 	Mouse: using default window
247.6908 	DATA 	Keypress: y
247.9076 	DATA 	Keypress: c
248.0478 	EXP 	New trial (rep=4, index=2): {'leftStreamFlip': False, 'oneTarget': False, 'trialInstructionPos': (0, -1), 'probe': 'both', 'rightStreamFlip': False, 'horizVert': True, 'ISIframes': 3, 'rightResponseFirst': False}
248.0722 	INFO 	numtrials=360 and this trialDurFrames=6 or 100.0 ms  task=T1
249.1733 	EXP 	window1: recordFrameIntervals = False
249.1804 	INFO 	Mouse: using default window
250.3740 	DATA 	Keypress: t
250.4915 	DATA 	Keypress: h
250.6345 	EXP 	New trial (rep=4, index=3): {'leftStreamFlip': False, 'oneTarget': True, 'trialInstructionPos': (0, 1), 'probe': 'both', 'rightStreamFlip': False, 'horizVert': True, 'ISIframes': 3, 'rightResponseFirst': True}
250.6545 	INFO 	numtrials=360 and this trialDurFrames=6 or 100.0 ms  task=T1
251.8730 	EXP 	window1: recordFrameIntervals = False
251.8802 	INFO 	Mouse: using default window
252.4422 	DATA 	Keypress: a
252.5970 	EXP 	New trial (rep=4, index=4): {'leftStreamFlip': False, 'oneTarget': False, 'trialInstructionPos': (0, 1), 'probe': 'both', 'rightStreamFlip': False, 'horizVert': True, 'ISIframes': 3, 'rightResponseFirst': True}
252.6222 	INFO 	numtrials=360 and this trialDurFrames=6 or 100.0 ms  task=T1
253.7899 	EXP 	window1: recordFrameIntervals = False
253.7971 	INFO 	Mouse: using default window
256.0087 	DATA 	Keypress: n
256.1080 	DATA 	Keypress: e
256.2473 	EXP 	New trial (rep=4, index=5): {'leftStreamFlip': False, 'oneTarget': False, 'trialInstructionPos': (0, 1), 'probe': 'both', 'rightStreamFlip': False, 'horizVert': True, 'ISIframes': 3, 'rightResponseFirst': False}
256.2718 	INFO 	numtrials=360 and this trialDurFrames=6 or 100.0 ms  task=T1
257.5067 	EXP 	window1: recordFrameIntervals = False
257.5135 	INFO 	Mouse: using default window
258.3741 	DATA 	Keypress: g
258.4742 	DATA 	Keypress: m
258.6125 	EXP 	New trial (rep=4, index=6): {'leftStreamFlip': False, 'oneTarget': False, 'trialInstructionPos': (0, -1), 'probe': 'both', 'rightStreamFlip': False, 'horizVert': True, 'ISIframes': 3, 'rightResponseFirst': True}
258.6382 	INFO 	numtrials=360 and this trialDurFrames=6 or 100.0 ms  task=T1
259.8735 	EXP 	window1: recordFrameIntervals = False
259.8798 	INFO 	Mouse: using default window
260.8908 	DATA 	Keypress: h
261.0407 	DATA 	Keypress: n
261.1815 	EXP 	New trial (rep=4, index=7): {'leftStreamFlip': False, 'oneTarget': True, 'trialInstructionPos': (0, -1), 'probe': 'both', 'rightStreamFlip': False, 'horizVert': True, 'ISIframes': 3, 'rightResponseFirst': True}
261.2050 	INFO 	numtrials=360 and this trialDurFrames=6 or 100.0 ms  task=T1
262.2396 	EXP 	window1: recordFrameIntervals = False
262.2469 	INFO 	Mouse: using default window
262.8255 	DATA 	Keypress: s
262.9807 	EXP 	New trial (rep=4, index=8): {'leftStreamFlip': False, 'oneTarget': True, 'trialInstructionPos': (0, -1), 'probe': 'both', 'rightStreamFlip': False, 'horizVert': True, 'ISIframes': 3, 'rightResponseFirst': False}
263.0045 	INFO 	numtrials=360 and this trialDurFrames=6 or 100.0 ms  task=T1
264.2399 	EXP 	window1: recordFrameIntervals = False
264.2468 	INFO 	Mouse: using default window
264.6070 	DATA 	Keypress: n
264.7505 	EXP 	New trial (rep=4, index=9): {'leftStreamFlip': False, 'oneTarget': False, 'trialInstructionPos': (0, 1), 'probe': 'both', 'rightStreamFlip': False, 'horizVert': True, 'ISIframes': 3, 'rightResponseFirst': False}
264.7716 	INFO 	numtrials=360 and this trialDurFrames=6 or 100.0 ms  task=T1
266.0065 	EXP 	window1: recordFrameIntervals = False
266.0138 	INFO 	Mouse: using default window
267.0241 	DATA 	Keypress: a
268.2239 	DATA 	Keypress: e
268.3660 	EXP 	New trial (rep=4, index=10): {'leftStreamFlip': False, 'oneTarget': False, 'trialInstructionPos': (0, -1), 'probe': 'both', 'rightStreamFlip': False, 'horizVert': True, 'ISIframes': 3, 'rightResponseFirst': True}
268.3879 	INFO 	numtrials=360 and this trialDurFrames=6 or 100.0 ms  task=T1
269.6231 	EXP 	window1: recordFrameIntervals = False
269.6303 	INFO 	Mouse: using default window
270.6408 	DATA 	Keypress: f
270.7921 	DATA 	Keypress: g
270.9494 	EXP 	New trial (rep=4, index=11): {'leftStreamFlip': False, 'oneTarget': True, 'trialInstructionPos': (0, 1), 'probe': 'both', 'rightStreamFlip': False, 'horizVert': True, 'ISIframes': 3, 'rightResponseFirst': False}
270.9724 	INFO 	numtrials=360 and this trialDurFrames=6 or 100.0 ms  task=T1
272.0732 	EXP 	window1: recordFrameIntervals = False
272.0804 	INFO 	Mouse: using default window
272.7910 	DATA 	Keypress: r
272.9312 	EXP 	New trial (rep=5, index=0): {'leftStreamFlip': False, 'oneTarget': False, 'trialInstructionPos': (0, -1), 'probe': 'both', 'rightStreamFlip': False, 'horizVert': True, 'ISIframes': 3, 'rightResponseFirst': False}
272.9551 	INFO 	numtrials=360 and this trialDurFrames=6 or 100.0 ms  task=T1
274.1066 	EXP 	window1: recordFrameIntervals = False
274.1134 	INFO 	Mouse: using default window
276.4743 	DATA 	Keypress: m
276.5907 	DATA 	Keypress: z
276.7319 	EXP 	New trial (rep=5, index=1): {'leftStreamFlip': False, 'oneTarget': True, 'trialInstructionPos': (0, 1), 'probe': 'both', 'rightStreamFlip': False, 'horizVert': True, 'ISIframes': 3, 'rightResponseFirst': False}
276.7546 	INFO 	numtrials=360 and this trialDurFrames=6 or 100.0 ms  task=T1
277.9236 	EXP 	window1: recordFrameIntervals = False
277.9307 	INFO 	Mouse: using default window
278.5236 	DATA 	Keypress: t
278.6655 	EXP 	New trial (rep=5, index=2): {'leftStreamFlip': False, 'oneTarget': False, 'trialInstructionPos': (0, 1), 'probe': 'both', 'rightStreamFlip': False, 'horizVert': True, 'ISIframes': 3, 'rightResponseFirst': False}
278.6879 	INFO 	numtrials=360 and this trialDurFrames=6 or 100.0 ms  task=T1
279.9230 	EXP 	window1: recordFrameIntervals = False
279.9294 	INFO 	Mouse: using default window
280.5231 	DATA 	Keypress: g
280.7075 	DATA 	Keypress: t
280.8478 	EXP 	New trial (rep=5, index=3): {'leftStreamFlip': False, 'oneTarget': False, 'trialInstructionPos': (0, -1), 'probe': 'both', 'rightStreamFlip': False, 'horizVert': True, 'ISIframes': 3, 'rightResponseFirst': False}
280.8715 	INFO 	numtrials=360 and this trialDurFrames=6 or 100.0 ms  task=T1
281.9234 	EXP 	window1: recordFrameIntervals = False
281.9302 	INFO 	Mouse: using default window
282.6076 	DATA 	Keypress: g
282.7743 	DATA 	Keypress: f
282.9170 	EXP 	New trial (rep=5, index=4): {'leftStreamFlip': False, 'oneTarget': False, 'trialInstructionPos': (0, -1), 'probe': 'both', 'rightStreamFlip': False, 'horizVert': True, 'ISIframes': 3, 'rightResponseFirst': True}
282.9380 	INFO 	numtrials=360 and this trialDurFrames=6 or 100.0 ms  task=T1
283.9733 	EXP 	window1: recordFrameIntervals = False
283.9803 	INFO 	Mouse: using default window
285.2091 	DATA 	Keypress: u
285.3071 	DATA 	Keypress: k
285.4479 	EXP 	New trial (rep=5, index=5): {'leftStreamFlip': False, 'oneTarget': False, 'trialInstructionPos': (0, 1), 'probe': 'both', 'rightStreamFlip': False, 'horizVert': True, 'ISIframes': 3, 'rightResponseFirst': False}
285.4711 	INFO 	numtrials=360 and this trialDurFrames=6 or 100.0 ms  task=T1
286.4900 	EXP 	window1: recordFrameIntervals = False
286.4966 	INFO 	Mouse: using default window
287.9075 	DATA 	Keypress: g
288.1243 	DATA 	Keypress: e
288.2649 	EXP 	New trial (rep=5, index=6): {'leftStreamFlip': False, 'oneTarget': True, 'trialInstructionPos': (0, -1), 'probe': 'both', 'rightStreamFlip': False, 'horizVert': True, 'ISIframes': 3, 'rightResponseFirst': False}
288.2884 	INFO 	numtrials=360 and this trialDurFrames=6 or 100.0 ms  task=T1
289.4566 	EXP 	window1: recordFrameIntervals = False
289.4635 	INFO 	Mouse: using default window
290.0907 	DATA 	Keypress: h
290.2269 	EXP 	New trial (rep=5, index=7): {'leftStreamFlip': False, 'oneTarget': False, 'trialInstructionPos': (0, 1), 'probe': 'both', 'rightStreamFlip': False, 'horizVert': True, 'ISIframes': 3, 'rightResponseFirst': True}
290.2541 	INFO 	numtrials=360 and this trialDurFrames=6 or 100.0 ms  task=T1
291.4398 	EXP 	window1: recordFrameIntervals = False
291.4488 	INFO 	Mouse: using default window
292.7241 	DATA 	Keypress: h
293.0072 	DATA 	Keypress: a
293.1488 	EXP 	New trial (rep=5, index=8): {'leftStreamFlip': False, 'oneTarget': True, 'trialInstructionPos': (0, 1), 'probe': 'both', 'rightStreamFlip': False, 'horizVert': True, 'ISIframes': 3, 'rightResponseFirst': True}
293.1715 	INFO 	numtrials=360 and this trialDurFrames=6 or 100.0 ms  task=T1
294.3061 	EXP 	window1: recordFrameIntervals = False
294.3133 	INFO 	Mouse: using default window
294.8743 	DATA 	Keypress: s
295.0161 	EXP 	New trial (rep=5, index=9): {'leftStreamFlip': False, 'oneTarget': True, 'trialInstructionPos': (0, -1), 'probe': 'both', 'rightStreamFlip': False, 'horizVert': True, 'ISIframes': 3, 'rightResponseFirst': True}
295.0379 	INFO 	numtrials=360 and this trialDurFrames=6 or 100.0 ms  task=T1
296.1570 	EXP 	window1: recordFrameIntervals = False
296.1639 	INFO 	Mouse: using default window
296.6247 	DATA 	Keypress: k
296.7637 	EXP 	New trial (rep=5, index=10): {'leftStreamFlip': False, 'oneTarget': False, 'trialInstructionPos': (0, 1), 'probe': 'both', 'rightStreamFlip': False, 'horizVert': True, 'ISIframes': 3, 'rightResponseFirst': True}
296.7884 	INFO 	numtrials=360 and this trialDurFrames=6 or 100.0 ms  task=T1
297.8064 	EXP 	window1: recordFrameIntervals = False
297.8138 	INFO 	Mouse: using default window
298.7746 	DATA 	Keypress: k
298.8253 	DATA 	Keypress: r
298.9889 	EXP 	New trial (rep=5, index=11): {'leftStreamFlip': False, 'oneTarget': False, 'trialInstructionPos': (0, -1), 'probe': 'both', 'rightStreamFlip': False, 'horizVert': True, 'ISIframes': 3, 'rightResponseFirst': True}
299.0065 	INFO 	numtrials=360 and this trialDurFrames=6 or 100.0 ms  task=T1
300.0732 	EXP 	window1: recordFrameIntervals = False
300.0795 	INFO 	Mouse: using default window
302.4744 	DATA 	Keypress: r
302.6076 	DATA 	Keypress: h
302.7476 	EXP 	New trial (rep=6, index=0): {'leftStreamFlip': False, 'oneTarget': False, 'trialInstructionPos': (0, 1), 'probe': 'both', 'rightStreamFlip': False, 'horizVert': True, 'ISIframes': 3, 'rightResponseFirst': True}
302.7721 	INFO 	numtrials=360 and this trialDurFrames=6 or 100.0 ms  task=T1
303.8563 	EXP 	window1: recordFrameIntervals = False
303.8634 	INFO 	Mouse: using default window
305.1075 	DATA 	Keypress: s
305.2086 	DATA 	Keypress: e
305.3656 	EXP 	New trial (rep=6, index=1): {'leftStreamFlip': False, 'oneTarget': False, 'trialInstructionPos': (0, -1), 'probe': 'both', 'rightStreamFlip': False, 'horizVert': True, 'ISIframes': 3, 'rightResponseFirst': False}
305.3876 	INFO 	numtrials=360 and this trialDurFrames=6 or 100.0 ms  task=T1
306.5563 	EXP 	window1: recordFrameIntervals = False
306.5634 	INFO 	Mouse: using default window
307.6583 	DATA 	Keypress: z
307.8573 	DATA 	Keypress: g
307.9981 	EXP 	New trial (rep=6, index=2): {'leftStreamFlip': False, 'oneTarget': True, 'trialInstructionPos': (0, 1), 'probe': 'both', 'rightStreamFlip': False, 'horizVert': True, 'ISIframes': 3, 'rightResponseFirst': True}
308.0217 	INFO 	numtrials=360 and this trialDurFrames=6 or 100.0 ms  task=T1
309.2230 	EXP 	window1: recordFrameIntervals = False
309.2301 	INFO 	Mouse: using default window
309.6418 	DATA 	Keypress: m
309.7979 	EXP 	New trial (rep=6, index=3): {'leftStreamFlip': False, 'oneTarget': True, 'trialInstructionPos': (0, -1), 'probe': 'both', 'rightStreamFlip': False, 'horizVert': True, 'ISIframes': 3, 'rightResponseFirst': True}
309.8222 	INFO 	numtrials=360 and this trialDurFrames=6 or 100.0 ms  task=T1
310.9064 	EXP 	window1: recordFrameIntervals = False
310.9135 	INFO 	Mouse: using default window
311.3412 	DATA 	Keypress: r
311.4806 	EXP 	New trial (rep=6, index=4): {'leftStreamFlip': False, 'oneTarget': False, 'trialInstructionPos': (0, -1), 'probe': 'both', 'rightStreamFlip': False, 'horizVert': True, 'ISIframes': 3, 'rightResponseFirst': True}
311.5045 	INFO 	numtrials=360 and this trialDurFrames=6 or 100.0 ms  task=T1
312.5731 	EXP 	window1: recordFrameIntervals = False
312.5805 	INFO 	Mouse: using default window
313.4575 	DATA 	Keypress: n
313.7239 	DATA 	Keypress: u
313.8660 	EXP 	New trial (rep=6, index=5): {'leftStreamFlip': False, 'oneTarget': False, 'trialInstructionPos': (0, 1), 'probe': 'both', 'rightStreamFlip': False, 'horizVert': True, 'ISIframes': 3, 'rightResponseFirst': False}
313.8880 	INFO 	numtrials=360 and this trialDurFrames=6 or 100.0 ms  task=T1
315.0234 	EXP 	window1: recordFrameIntervals = False
315.0301 	INFO 	Mouse: using default window
316.1244 	DATA 	Keypress: e
316.1741 	DATA 	Keypress: f
316.3127 	EXP 	New trial (rep=6, index=6): {'leftStreamFlip': False, 'oneTarget': True, 'trialInstructionPos': (0, -1), 'probe': 'both', 'rightStreamFlip': False, 'horizVert': True, 'ISIframes': 3, 'rightResponseFirst': False}
316.3384 	INFO 	numtrials=360 and this trialDurFrames=6 or 100.0 ms  task=T1
317.5897 	EXP 	window1: recordFrameIntervals = False
317.5967 	INFO 	Mouse: using default window
318.2743 	DATA 	Keypress: u
318.4185 	EXP 	New trial (rep=6, index=7): {'leftStreamFlip': False, 'oneTarget': True, 'trialInstructionPos': (0, 1), 'probe': 'both', 'rightStreamFlip': False, 'horizVert': True, 'ISIframes': 3, 'rightResponseFirst': False}
318.4383 	INFO 	numtrials=360 and this trialDurFrames=6 or 100.0 ms  task=T1
319.6401 	EXP 	window1: recordFrameIntervals = False
319.6462 	INFO 	Mouse: using default window
320.0745 	DATA 	Keypress: m
320.2148 	EXP 	New trial (rep=6, index=8): {'leftStreamFlip': False, 'oneTarget': False, 'trialInstructionPos': (0, 1), 'probe': 'both', 'rightStreamFlip': False, 'horizVert': True, 'ISIframes': 3, 'rightResponseFirst': True}
320.2380 	INFO 	numtrials=360 and this trialDurFrames=6 or 100.0 ms  task=T1
321.4067 	EXP 	window1: recordFrameIntervals = False
321.4135 	INFO 	Mouse: using default window
322.0914 	DATA 	Keypress: s
322.1742 	DATA 	Keypress: k
322.3141 	EXP 	New trial (rep=6, index=9): {'leftStreamFlip': False, 'oneTarget': False, 'trialInstructionPos': (0, -1), 'probe': 'both', 'rightStreamFlip': False, 'horizVert': True, 'ISIframes': 3, 'rightResponseFirst': True}
322.3376 	INFO 	numtrials=360 and this trialDurFrames=6 or 100.0 ms  task=T1
323.3566 	EXP 	window1: recordFrameIntervals = False
323.3633 	INFO 	Mouse: using default window
323.9910 	DATA 	Keypress: m
324.1074 	DATA 	Keypress: m
324.2509 	EXP 	New trial (rep=6, index=10): {'leftStreamFlip': False, 'oneTarget': False, 'trialInstructionPos': (0, 1), 'probe': 'both', 'rightStreamFlip': False, 'horizVert': True, 'ISIframes': 3, 'rightResponseFirst': False}
324.2708 	INFO 	numtrials=360 and this trialDurFrames=6 or 100.0 ms  task=T1
325.3568 	EXP 	window1: recordFrameIntervals = False
325.3638 	INFO 	Mouse: using default window
326.3413 	DATA 	Keypress: u
326.9742 	DATA 	Keypress: m
327.1179 	EXP 	New trial (rep=6, index=11): {'leftStreamFlip': False, 'oneTarget': False, 'trialInstructionPos': (0, -1), 'probe': 'both', 'rightStreamFlip': False, 'horizVert': True, 'ISIframes': 3, 'rightResponseFirst': False}
327.1377 	INFO 	numtrials=360 and this trialDurFrames=6 or 100.0 ms  task=T1
328.2398 	EXP 	window1: recordFrameIntervals = False
328.2469 	INFO 	Mouse: using default window
330.0089 	DATA 	Keypress: u
330.0592 	DATA 	Keypress: e
330.2187 	EXP 	New trial (rep=7, index=0): {'leftStreamFlip': False, 'oneTarget': False, 'trialInstructionPos': (0, -1), 'probe': 'both', 'rightStreamFlip': False, 'horizVert': True, 'ISIframes': 3, 'rightResponseFirst': False}
330.2382 	INFO 	numtrials=360 and this trialDurFrames=6 or 100.0 ms  task=T1
331.2730 	EXP 	window1: recordFrameIntervals = False
331.2801 	INFO 	Mouse: using default window
333.1079 	DATA 	Keypress: f
333.2583 	DATA 	Keypress: g
333.3974 	EXP 	New trial (rep=7, index=1): {'leftStreamFlip': False, 'oneTarget': False, 'trialInstructionPos': (0, 1), 'probe': 'both', 'rightStreamFlip': False, 'horizVert': True, 'ISIframes': 3, 'rightResponseFirst': False}
333.4212 	INFO 	numtrials=360 and this trialDurFrames=6 or 100.0 ms  task=T1
334.6737 	EXP 	window1: recordFrameIntervals = False
334.6810 	INFO 	Mouse: using default window
336.1575 	DATA 	Keypress: r
336.3412 	DATA 	Keypress: j
336.4827 	EXP 	New trial (rep=7, index=2): {'leftStreamFlip': False, 'oneTarget': False, 'trialInstructionPos': (0, 1), 'probe': 'both', 'rightStreamFlip': False, 'horizVert': True, 'ISIframes': 3, 'rightResponseFirst': True}
336.5055 	INFO 	numtrials=360 and this trialDurFrames=6 or 100.0 ms  task=T1
337.6896 	EXP 	window1: recordFrameIntervals = False
337.6969 	INFO 	Mouse: using default window
339.1926 	DATA 	Keypress: h
339.2743 	DATA 	Keypress: t
339.4159 	EXP 	New trial (rep=7, index=3): {'leftStreamFlip': False, 'oneTarget': True, 'trialInstructionPos': (0, 1), 'probe': 'both', 'rightStreamFlip': False, 'horizVert': True, 'ISIframes': 3, 'rightResponseFirst': False}
339.4384 	INFO 	numtrials=360 and this trialDurFrames=6 or 100.0 ms  task=T1
340.6900 	EXP 	window1: recordFrameIntervals = False
340.6962 	INFO 	Mouse: using default window
341.4410 	DATA 	Keypress: t
341.5784 	EXP 	New trial (rep=7, index=4): {'leftStreamFlip': False, 'oneTarget': False, 'trialInstructionPos': (0, 1), 'probe': 'both', 'rightStreamFlip': False, 'horizVert': True, 'ISIframes': 3, 'rightResponseFirst': True}
341.6048 	INFO 	numtrials=360 and this trialDurFrames=6 or 100.0 ms  task=T1
342.7401 	EXP 	window1: recordFrameIntervals = False
342.7469 	INFO 	Mouse: using default window
344.6413 	DATA 	Keypress: t
344.7560 	DATA 	Keypress: m
344.8989 	EXP 	New trial (rep=7, index=5): {'leftStreamFlip': False, 'oneTarget': False, 'trialInstructionPos': (0, -1), 'probe': 'both', 'rightStreamFlip': False, 'horizVert': True, 'ISIframes': 3, 'rightResponseFirst': True}
344.9214 	INFO 	numtrials=360 and this trialDurFrames=6 or 100.0 ms  task=T1
346.0563 	EXP 	window1: recordFrameIntervals = False
346.0635 	INFO 	Mouse: using default window
347.6586 	DATA 	Keypress: a
347.7746 	DATA 	Keypress: j
347.9152 	EXP 	New trial (rep=7, index=6): {'leftStreamFlip': False, 'oneTarget': True, 'trialInstructionPos': (0, 1), 'probe': 'both', 'rightStreamFlip': False, 'horizVert': True, 'ISIframes': 3, 'rightResponseFirst': True}
347.9380 	INFO 	numtrials=360 and this trialDurFrames=6 or 100.0 ms  task=T1
348.9564 	EXP 	window1: recordFrameIntervals = False
348.9634 	INFO 	Mouse: using default window
349.5073 	DATA 	Keypress: k
349.6472 	EXP 	New trial (rep=7, index=7): {'leftStreamFlip': False, 'oneTarget': True, 'trialInstructionPos': (0, -1), 'probe': 'both', 'rightStreamFlip': False, 'horizVert': True, 'ISIframes': 3, 'rightResponseFirst': False}
349.6711 	INFO 	numtrials=360 and this trialDurFrames=6 or 100.0 ms  task=T1
350.8729 	EXP 	window1: recordFrameIntervals = False
350.8802 	INFO 	Mouse: using default window
351.4249 	DATA 	Keypress: h
351.5663 	EXP 	New trial (rep=7, index=8): {'leftStreamFlip': False, 'oneTarget': False, 'trialInstructionPos': (0, 1), 'probe': 'both', 'rightStreamFlip': False, 'horizVert': True, 'ISIframes': 3, 'rightResponseFirst': False}
351.5885 	INFO 	numtrials=360 and this trialDurFrames=6 or 100.0 ms  task=T1
352.7069 	EXP 	window1: recordFrameIntervals = False
352.7135 	INFO 	Mouse: using default window
354.2744 	DATA 	Keypress: m
354.3410 	DATA 	Keypress: f
354.4843 	EXP 	New trial (rep=7, index=9): {'leftStreamFlip': False, 'oneTarget': False, 'trialInstructionPos': (0, -1), 'probe': 'both', 'rightStreamFlip': False, 'horizVert': True, 'ISIframes': 3, 'rightResponseFirst': False}
354.5046 	INFO 	numtrials=360 and this trialDurFrames=6 or 100.0 ms  task=T1
355.7234 	EXP 	window1: recordFrameIntervals = False
355.7303 	INFO 	Mouse: using default window
357.2746 	DATA 	Keypress: t
357.3571 	DATA 	Keypress: k
357.4989 	EXP 	New trial (rep=7, index=10): {'leftStreamFlip': False, 'oneTarget': True, 'trialInstructionPos': (0, -1), 'probe': 'both', 'rightStreamFlip': False, 'horizVert': True, 'ISIframes': 3, 'rightResponseFirst': True}
357.5220 	INFO 	numtrials=360 and this trialDurFrames=6 or 100.0 ms  task=T1
358.7234 	EXP 	window1: recordFrameIntervals = False
358.7296 	INFO 	Mouse: using default window
359.3411 	DATA 	Keypress: a
359.4829 	EXP 	New trial (rep=7, index=11): {'leftStreamFlip': False, 'oneTarget': False, 'trialInstructionPos': (0, -1), 'probe': 'both', 'rightStreamFlip': False, 'horizVert': True, 'ISIframes': 3, 'rightResponseFirst': True}
359.5046 	INFO 	numtrials=360 and this trialDurFrames=6 or 100.0 ms  task=T1
360.6897 	EXP 	window1: recordFrameIntervals = False
360.6968 	INFO 	Mouse: using default window
361.8578 	DATA 	Keypress: u
361.9247 	DATA 	Keypress: r
362.0681 	EXP 	New trial (rep=8, index=0): {'leftStreamFlip': False, 'oneTarget': False, 'trialInstructionPos': (0, 1), 'probe': 'both', 'rightStreamFlip': False, 'horizVert': True, 'ISIframes': 3, 'rightResponseFirst': False}
362.0887 	INFO 	numtrials=360 and this trialDurFrames=6 or 100.0 ms  task=T1
363.3237 	EXP 	window1: recordFrameIntervals = False
363.3302 	INFO 	Mouse: using default window
364.4099 	DATA 	Keypress: m
364.5409 	DATA 	Keypress: j
364.6816 	EXP 	New trial (rep=8, index=1): {'leftStreamFlip': False, 'oneTarget': False, 'trialInstructionPos': (0, -1), 'probe': 'both', 'rightStreamFlip': False, 'horizVert': True, 'ISIframes': 3, 'rightResponseFirst': True}
364.7050 	INFO 	numtrials=360 and this trialDurFrames=6 or 100.0 ms  task=T1
365.7893 	EXP 	window1: recordFrameIntervals = False
365.7965 	INFO 	Mouse: using default window
366.7747 	DATA 	Keypress: c
367.1908 	DATA 	Keypress: g
367.3366 	EXP 	New trial (rep=8, index=2): {'leftStreamFlip': False, 'oneTarget': False, 'trialInstructionPos': (0, -1), 'probe': 'both', 'rightStreamFlip': False, 'horizVert': True, 'ISIframes': 3, 'rightResponseFirst': False}
367.3547 	INFO 	numtrials=360 and this trialDurFrames=6 or 100.0 ms  task=T1
368.4735 	EXP 	window1: recordFrameIntervals = False
368.4810 	INFO 	Mouse: using default window
370.0915 	DATA 	Keypress: k
370.1573 	DATA 	Keypress: e
370.2983 	EXP 	New trial (rep=8, index=3): {'leftStreamFlip': False, 'oneTarget': True, 'trialInstructionPos': (0, 1), 'probe': 'both', 'rightStreamFlip': False, 'horizVert': True, 'ISIframes': 3, 'rightResponseFirst': False}
370.3213 	INFO 	numtrials=360 and this trialDurFrames=6 or 100.0 ms  task=T1
371.5405 	EXP 	window1: recordFrameIntervals = False
371.5470 	INFO 	Mouse: using default window
372.0091 	DATA 	Keypress: z
372.1662 	EXP 	New trial (rep=8, index=4): {'leftStreamFlip': False, 'oneTarget': False, 'trialInstructionPos': (0, 1), 'probe': 'both', 'rightStreamFlip': False, 'horizVert': True, 'ISIframes': 3, 'rightResponseFirst': False}
372.1881 	INFO 	numtrials=360 and this trialDurFrames=6 or 100.0 ms  task=T1
373.4071 	EXP 	window1: recordFrameIntervals = False
373.4137 	INFO 	Mouse: using default window
374.2410 	DATA 	Keypress: y
377.3745 	DATA 	Keypress: y
377.5218 	EXP 	New trial (rep=8, index=5): {'leftStreamFlip': False, 'oneTarget': True, 'trialInstructionPos': (0, -1), 'probe': 'both', 'rightStreamFlip': False, 'horizVert': True, 'ISIframes': 3, 'rightResponseFirst': True}
377.5381 	INFO 	numtrials=360 and this trialDurFrames=6 or 100.0 ms  task=T1
378.6065 	EXP 	window1: recordFrameIntervals = False
378.6129 	INFO 	Mouse: using default window
379.1924 	DATA 	Keypress: k
379.3489 	EXP 	New trial (rep=8, index=6): {'leftStreamFlip': False, 'oneTarget': True, 'trialInstructionPos': (0, 1), 'probe': 'both', 'rightStreamFlip': False, 'horizVert': True, 'ISIframes': 3, 'rightResponseFirst': True}
379.3720 	INFO 	numtrials=360 and this trialDurFrames=6 or 100.0 ms  task=T1
380.4397 	EXP 	window1: recordFrameIntervals = False
380.4467 	INFO 	Mouse: using default window
381.1924 	DATA 	Keypress: h
381.3463 	EXP 	New trial (rep=8, index=7): {'leftStreamFlip': False, 'oneTarget': False, 'trialInstructionPos': (0, -1), 'probe': 'both', 'rightStreamFlip': False, 'horizVert': True, 'ISIframes': 3, 'rightResponseFirst': True}
381.3713 	INFO 	numtrials=360 and this trialDurFrames=6 or 100.0 ms  task=T1
382.5232 	EXP 	window1: recordFrameIntervals = False
382.5302 	INFO 	Mouse: using default window
383.7910 	DATA 	Keypress: y
383.8585 	DATA 	Keypress: f
383.9987 	EXP 	New trial (rep=8, index=8): {'leftStreamFlip': False, 'oneTarget': False, 'trialInstructionPos': (0, 1), 'probe': 'both', 'rightStreamFlip': False, 'horizVert': True, 'ISIframes': 3, 'rightResponseFirst': True}
384.0215 	INFO 	numtrials=360 and this trialDurFrames=6 or 100.0 ms  task=T1
385.2563 	EXP 	window1: recordFrameIntervals = False
385.2638 	INFO 	Mouse: using default window
386.2077 	DATA 	Keypress: g
386.2375 	DATA 	Keypress: e
386.3849 	EXP 	New trial (rep=8, index=9): {'leftStreamFlip': False, 'oneTarget': False, 'trialInstructionPos': (0, -1), 'probe': 'both', 'rightStreamFlip': False, 'horizVert': True, 'ISIframes': 3, 'rightResponseFirst': False}
386.4050 	INFO 	numtrials=360 and this trialDurFrames=6 or 100.0 ms  task=T1
387.6070 	EXP 	window1: recordFrameIntervals = False
387.6136 	INFO 	Mouse: using default window
389.4744 	DATA 	Keypress: e
389.5408 	DATA 	Keypress: r
389.6816 	EXP 	New trial (rep=8, index=10): {'leftStreamFlip': False, 'oneTarget': False, 'trialInstructionPos': (0, 1), 'probe': 'both', 'rightStreamFlip': False, 'horizVert': True, 'ISIframes': 3, 'rightResponseFirst': True}
389.7053 	INFO 	numtrials=360 and this trialDurFrames=6 or 100.0 ms  task=T1
390.8737 	EXP 	window1: recordFrameIntervals = False
390.8802 	INFO 	Mouse: using default window
392.0413 	DATA 	Keypress: r
392.2243 	DATA 	Keypress: f
392.3649 	EXP 	New trial (rep=8, index=11): {'leftStreamFlip': False, 'oneTarget': True, 'trialInstructionPos': (0, -1), 'probe': 'both', 'rightStreamFlip': False, 'horizVert': True, 'ISIframes': 3, 'rightResponseFirst': False}
392.3882 	INFO 	numtrials=360 and this trialDurFrames=6 or 100.0 ms  task=T1
393.5403 	EXP 	window1: recordFrameIntervals = False
393.5471 	INFO 	Mouse: using default window
394.3077 	DATA 	Keypress: h
394.4485 	EXP 	New trial (rep=9, index=0): {'leftStreamFlip': False, 'oneTarget': True, 'trialInstructionPos': (0, -1), 'probe': 'both', 'rightStreamFlip': False, 'horizVert': True, 'ISIframes': 3, 'rightResponseFirst': True}
394.4728 	INFO 	numtrials=360 and this trialDurFrames=6 or 100.0 ms  task=T1
395.6233 	EXP 	window1: recordFrameIntervals = False
395.6301 	INFO 	Mouse: using default window
396.2912 	DATA 	Keypress: u
396.4316 	EXP 	New trial (rep=9, index=1): {'leftStreamFlip': False, 'oneTarget': False, 'trialInstructionPos': (0, 1), 'probe': 'both', 'rightStreamFlip': False, 'horizVert': True, 'ISIframes': 3, 'rightResponseFirst': False}
396.4548 	INFO 	numtrials=360 and this trialDurFrames=6 or 100.0 ms  task=T1
397.6904 	EXP 	window1: recordFrameIntervals = False
397.6971 	INFO 	Mouse: using default window
399.2909 	DATA 	Keypress: y
399.3406 	DATA 	Keypress: a
399.4765 	EXP 	New trial (rep=9, index=2): {'leftStreamFlip': False, 'oneTarget': False, 'trialInstructionPos': (0, 1), 'probe': 'both', 'rightStreamFlip': False, 'horizVert': True, 'ISIframes': 3, 'rightResponseFirst': True}
399.5039 	INFO 	numtrials=360 and this trialDurFrames=6 or 100.0 ms  task=T1
400.6737 	EXP 	window1: recordFrameIntervals = False
400.6805 	INFO 	Mouse: using default window
401.6580 	DATA 	Keypress: j
401.8075 	DATA 	Keypress: y
401.9491 	EXP 	New trial (rep=9, index=3): {'leftStreamFlip': False, 'oneTarget': False, 'trialInstructionPos': (0, -1), 'probe': 'both', 'rightStreamFlip': False, 'horizVert': True, 'ISIframes': 3, 'rightResponseFirst': False}
401.9715 	INFO 	numtrials=360 and this trialDurFrames=6 or 100.0 ms  task=T1
403.0399 	EXP 	window1: recordFrameIntervals = False
403.0470 	INFO 	Mouse: using default window
404.4259 	DATA 	Keypress: c
404.4651 	DATA 	Keypress: a
405.5746 	DATA 	Keypress: a
405.7149 	EXP 	New trial (rep=9, index=4): {'leftStreamFlip': False, 'oneTarget': False, 'trialInstructionPos': (0, -1), 'probe': 'both', 'rightStreamFlip': False, 'horizVert': True, 'ISIframes': 3, 'rightResponseFirst': True}
405.7381 	INFO 	numtrials=360 and this trialDurFrames=6 or 100.0 ms  task=T1
406.8068 	EXP 	window1: recordFrameIntervals = False
406.8143 	INFO 	Mouse: using default window
407.9576 	DATA 	Keypress: y
408.0916 	DATA 	Keypress: h
408.2295 	EXP 	New trial (rep=9, index=5): {'leftStreamFlip': False, 'oneTarget': False, 'trialInstructionPos': (0, 1), 'probe': 'both', 'rightStreamFlip': False, 'horizVert': True, 'ISIframes': 3, 'rightResponseFirst': False}
408.2546 	INFO 	numtrials=360 and this trialDurFrames=6 or 100.0 ms  task=T1
409.2902 	EXP 	window1: recordFrameIntervals = False
409.2970 	INFO 	Mouse: using default window
410.5410 	DATA 	Keypress: h
410.6079 	DATA 	Keypress: s
410.7440 	EXP 	New trial (rep=9, index=6): {'leftStreamFlip': False, 'oneTarget': True, 'trialInstructionPos': (0, 1), 'probe': 'both', 'rightStreamFlip': False, 'horizVert': True, 'ISIframes': 3, 'rightResponseFirst': False}
410.7711 	INFO 	numtrials=360 and this trialDurFrames=6 or 100.0 ms  task=T1
411.9070 	EXP 	window1: recordFrameIntervals = False
411.9140 	INFO 	Mouse: using default window
412.6577 	DATA 	Keypress: h
412.7980 	EXP 	New trial (rep=9, index=7): {'leftStreamFlip': False, 'oneTarget': False, 'trialInstructionPos': (0, -1), 'probe': 'both', 'rightStreamFlip': False, 'horizVert': True, 'ISIframes': 3, 'rightResponseFirst': False}
412.8215 	INFO 	numtrials=360 and this trialDurFrames=6 or 100.0 ms  task=T1
414.0239 	EXP 	window1: recordFrameIntervals = False
414.0303 	INFO 	Mouse: using default window
415.7574 	DATA 	Keypress: j
415.8740 	DATA 	Keypress: z
416.0150 	EXP 	New trial (rep=9, index=8): {'leftStreamFlip': False, 'oneTarget': True, 'trialInstructionPos': (0, -1), 'probe': 'both', 'rightStreamFlip': False, 'horizVert': True, 'ISIframes': 3, 'rightResponseFirst': False}
416.0385 	INFO 	numtrials=360 and this trialDurFrames=6 or 100.0 ms  task=T1
417.1571 	EXP 	window1: recordFrameIntervals = False
417.1632 	INFO 	Mouse: using default window
417.7580 	DATA 	Keypress: n
417.8967 	EXP 	New trial (rep=9, index=9): {'leftStreamFlip': False, 'oneTarget': False, 'trialInstructionPos': (0, 1), 'probe': 'both', 'rightStreamFlip': False, 'horizVert': True, 'ISIframes': 3, 'rightResponseFirst': True}
417.9221 	INFO 	numtrials=360 and this trialDurFrames=5 or 83.3333333333 ms  task=T1
419.0901 	EXP 	window1: recordFrameIntervals = False
419.0968 	INFO 	Mouse: using default window
420.4582 	DATA 	Keypress: n
420.5246 	DATA 	Keypress: e
420.6642 	EXP 	New trial (rep=9, index=10): {'leftStreamFlip': False, 'oneTarget': True, 'trialInstructionPos': (0, 1), 'probe': 'both', 'rightStreamFlip': False, 'horizVert': True, 'ISIframes': 3, 'rightResponseFirst': True}
420.6881 	INFO 	numtrials=360 and this trialDurFrames=5 or 83.3333333333 ms  task=T1
421.8238 	EXP 	window1: recordFrameIntervals = False
421.8327 	INFO 	Mouse: using default window
422.3927 	DATA 	Keypress: s
422.5485 	EXP 	New trial (rep=9, index=11): {'leftStreamFlip': False, 'oneTarget': False, 'trialInstructionPos': (0, -1), 'probe': 'both', 'rightStreamFlip': False, 'horizVert': True, 'ISIframes': 3, 'rightResponseFirst': True}
422.5714 	INFO 	numtrials=360 and this trialDurFrames=6 or 100.0 ms  task=T1
423.7232 	EXP 	window1: recordFrameIntervals = False
423.7302 	INFO 	Mouse: using default window
424.9410 	DATA 	Keypress: h
425.5923 	DATA 	Keypress: h
425.7519 	EXP 	New trial (rep=10, index=0): {'leftStreamFlip': False, 'oneTarget': False, 'trialInstructionPos': (0, 1), 'probe': 'both', 'rightStreamFlip': False, 'horizVert': True, 'ISIframes': 3, 'rightResponseFirst': False}
425.7715 	INFO 	numtrials=360 and this trialDurFrames=6 or 100.0 ms  task=T1
425.7778 	DATA 	Keypress: u
426.8570 	EXP 	window1: recordFrameIntervals = False
426.8646 	INFO 	Mouse: using default window
428.3073 	DATA 	Keypress: g
428.3746 	DATA 	Keypress: h
428.5200 	EXP 	New trial (rep=10, index=1): {'leftStreamFlip': False, 'oneTarget': False, 'trialInstructionPos': (0, 1), 'probe': 'both', 'rightStreamFlip': False, 'horizVert': True, 'ISIframes': 3, 'rightResponseFirst': False}
428.5381 	INFO 	numtrials=360 and this trialDurFrames=5 or 83.3333333333 ms  task=T1
429.5396 	EXP 	window1: recordFrameIntervals = False
429.5467 	INFO 	Mouse: using default window
430.4913 	DATA 	Keypress: h
430.5912 	DATA 	Keypress: f
430.7314 	EXP 	New trial (rep=10, index=2): {'leftStreamFlip': False, 'oneTarget': False, 'trialInstructionPos': (0, -1), 'probe': 'both', 'rightStreamFlip': False, 'horizVert': True, 'ISIframes': 3, 'rightResponseFirst': False}
430.7549 	INFO 	numtrials=360 and this trialDurFrames=6 or 100.0 ms  task=T1
431.8732 	EXP 	window1: recordFrameIntervals = False
431.8804 	INFO 	Mouse: using default window
432.7410 	DATA 	Keypress: y
432.9921 	DATA 	Keypress: y
433.1354 	EXP 	New trial (rep=10, index=3): {'leftStreamFlip': False, 'oneTarget': False, 'trialInstructionPos': (0, -1), 'probe': 'both', 'rightStreamFlip': False, 'horizVert': True, 'ISIframes': 3, 'rightResponseFirst': False}
433.1547 	INFO 	numtrials=360 and this trialDurFrames=6 or 100.0 ms  task=T1
434.1737 	EXP 	window1: recordFrameIntervals = False
434.1804 	INFO 	Mouse: using default window
435.3240 	DATA 	Keypress: u
435.8906 	DATA 	Keypress: u
436.0341 	EXP 	New trial (rep=10, index=4): {'leftStreamFlip': False, 'oneTarget': False, 'trialInstructionPos': (0, 1), 'probe': 'both', 'rightStreamFlip': False, 'horizVert': True, 'ISIframes': 3, 'rightResponseFirst': True}
436.0548 	INFO 	numtrials=360 and this trialDurFrames=5 or 83.3333333333 ms  task=T1
437.1233 	EXP 	window1: recordFrameIntervals = False
437.1297 	INFO 	Mouse: using default window
439.5924 	DATA 	Keypress: h
439.6902 	DATA 	Keypress: s
439.8324 	EXP 	New trial (rep=10, index=5): {'leftStreamFlip': False, 'oneTarget': False, 'trialInstructionPos': (0, 1), 'probe': 'both', 'rightStreamFlip': False, 'horizVert': True, 'ISIframes': 3, 'rightResponseFirst': True}
439.8550 	INFO 	numtrials=360 and this trialDurFrames=5 or 83.3333333333 ms  task=T1
440.9070 	EXP 	window1: recordFrameIntervals = False
440.9138 	INFO 	Mouse: using default window
441.9408 	DATA 	Keypress: h
442.0911 	DATA 	Keypress: a
442.2315 	EXP 	New trial (rep=10, index=6): {'leftStreamFlip': False, 'oneTarget': True, 'trialInstructionPos': (0, -1), 'probe': 'both', 'rightStreamFlip': False, 'horizVert': True, 'ISIframes': 3, 'rightResponseFirst': False}
442.2548 	INFO 	numtrials=360 and this trialDurFrames=5 or 83.3333333333 ms  task=T1
443.4571 	EXP 	window1: recordFrameIntervals = False
443.4640 	INFO 	Mouse: using default window
444.1080 	DATA 	Keypress: a
444.2515 	EXP 	New trial (rep=10, index=7): {'leftStreamFlip': False, 'oneTarget': True, 'trialInstructionPos': (0, 1), 'probe': 'both', 'rightStreamFlip': False, 'horizVert': True, 'ISIframes': 3, 'rightResponseFirst': False}
444.2715 	INFO 	numtrials=360 and this trialDurFrames=5 or 83.3333333333 ms  task=T1
445.3735 	EXP 	window1: recordFrameIntervals = False
445.3804 	INFO 	Mouse: using default window
446.1077 	DATA 	Keypress: g
446.2483 	EXP 	New trial (rep=10, index=8): {'leftStreamFlip': False, 'oneTarget': True, 'trialInstructionPos': (0, 1), 'probe': 'both', 'rightStreamFlip': False, 'horizVert': True, 'ISIframes': 3, 'rightResponseFirst': True}
446.2714 	INFO 	numtrials=360 and this trialDurFrames=5 or 83.3333333333 ms  task=T1
447.3567 	EXP 	window1: recordFrameIntervals = False
447.3637 	INFO 	Mouse: using default window
448.3239 	DATA 	Keypress: j
448.4680 	EXP 	New trial (rep=10, index=9): {'leftStreamFlip': False, 'oneTarget': False, 'trialInstructionPos': (0, -1), 'probe': 'both', 'rightStreamFlip': False, 'horizVert': True, 'ISIframes': 3, 'rightResponseFirst': True}
448.4883 	INFO 	numtrials=360 and this trialDurFrames=6 or 100.0 ms  task=T1
449.7070 	EXP 	window1: recordFrameIntervals = False
449.7142 	INFO 	Mouse: using default window
450.5908 	DATA 	Keypress: h
450.7929 	DATA 	Keypress: m
450.9475 	EXP 	New trial (rep=10, index=10): {'leftStreamFlip': False, 'oneTarget': True, 'trialInstructionPos': (0, -1), 'probe': 'both', 'rightStreamFlip': False, 'horizVert': True, 'ISIframes': 3, 'rightResponseFirst': True}
450.9721 	INFO 	numtrials=360 and this trialDurFrames=6 or 100.0 ms  task=T1
452.0904 	EXP 	window1: recordFrameIntervals = False
452.0969 	INFO 	Mouse: using default window
452.7914 	DATA 	Keypress: r
452.9332 	EXP 	New trial (rep=10, index=11): {'leftStreamFlip': False, 'oneTarget': False, 'trialInstructionPos': (0, -1), 'probe': 'both', 'rightStreamFlip': False, 'horizVert': True, 'ISIframes': 3, 'rightResponseFirst': True}
452.9553 	INFO 	numtrials=360 and this trialDurFrames=6 or 100.0 ms  task=T1
454.0907 	EXP 	window1: recordFrameIntervals = False
454.0978 	INFO 	Mouse: using default window
456.2911 	DATA 	Keypress: a
456.5076 	DATA 	Keypress: r
456.6476 	EXP 	New trial (rep=11, index=0): {'leftStreamFlip': False, 'oneTarget': False, 'trialInstructionPos': (0, -1), 'probe': 'both', 'rightStreamFlip': False, 'horizVert': True, 'ISIframes': 3, 'rightResponseFirst': False}
456.6715 	INFO 	numtrials=360 and this trialDurFrames=6 or 100.0 ms  task=T1
457.8399 	EXP 	window1: recordFrameIntervals = False
457.8472 	INFO 	Mouse: using default window
461.4906 	DATA 	Keypress: h
462.6911 	DATA 	Keypress: r
462.8320 	EXP 	New trial (rep=11, index=1): {'leftStreamFlip': False, 'oneTarget': True, 'trialInstructionPos': (0, -1), 'probe': 'both', 'rightStreamFlip': False, 'horizVert': True, 'ISIframes': 3, 'rightResponseFirst': True}
462.8554 	INFO 	numtrials=360 and this trialDurFrames=6 or 100.0 ms  task=T1
463.9572 	EXP 	window1: recordFrameIntervals = False
463.9638 	INFO 	Mouse: using default window
464.6079 	DATA 	Keypress: t
464.7466 	EXP 	New trial (rep=11, index=2): {'leftStreamFlip': False, 'oneTarget': False, 'trialInstructionPos': (0, 1), 'probe': 'both', 'rightStreamFlip': False, 'horizVert': True, 'ISIframes': 3, 'rightResponseFirst': False}
464.7717 	INFO 	numtrials=360 and this trialDurFrames=6 or 100.0 ms  task=T1
465.9063 	EXP 	window1: recordFrameIntervals = False
465.9141 	INFO 	Mouse: using default window
467.3741 	DATA 	Keypress: c
467.6413 	DATA 	Keypress: s
467.7762 	EXP 	New trial (rep=11, index=3): {'leftStreamFlip': False, 'oneTarget': False, 'trialInstructionPos': (0, 1), 'probe': 'both', 'rightStreamFlip': False, 'horizVert': True, 'ISIframes': 3, 'rightResponseFirst': True}
467.7894 	INFO 	numtrials=360 and this trialDurFrames=6 or 100.0 ms  task=T1
469.0059 	EXP 	window1: recordFrameIntervals = False
469.0132 	INFO 	Mouse: using default window
470.7401 	DATA 	Keypress: i
471.2256 	DATA 	Keypress: i
471.3778 	EXP 	New trial (rep=11, index=4): {'leftStreamFlip': False, 'oneTarget': False, 'trialInstructionPos': (0, -1), 'probe': 'both', 'rightStreamFlip': False, 'horizVert': True, 'ISIframes': 3, 'rightResponseFirst': True}
471.4045 	INFO 	numtrials=360 and this trialDurFrames=6 or 100.0 ms  task=T1
472.6565 	EXP 	window1: recordFrameIntervals = False
472.6640 	INFO 	Mouse: using default window
473.5080 	DATA 	Keypress: e
473.8741 	DATA 	Keypress: z
474.0105 	EXP 	New trial (rep=11, index=5): {'leftStreamFlip': False, 'oneTarget': False, 'trialInstructionPos': (0, -1), 'probe': 'both', 'rightStreamFlip': False, 'horizVert': True, 'ISIframes': 3, 'rightResponseFirst': False}
474.0385 	INFO 	numtrials=360 and this trialDurFrames=6 or 100.0 ms  task=T1
475.0564 	EXP 	window1: recordFrameIntervals = False
475.0635 	INFO 	Mouse: using default window
475.8909 	DATA 	Keypress: a
476.0579 	DATA 	Keypress: c
476.1962 	EXP 	New trial (rep=11, index=6): {'leftStreamFlip': False, 'oneTarget': False, 'trialInstructionPos': (0, -1), 'probe': 'both', 'rightStreamFlip': False, 'horizVert': True, 'ISIframes': 3, 'rightResponseFirst': True}
476.2211 	INFO 	numtrials=360 and this trialDurFrames=6 or 100.0 ms  task=T1
477.4394 	EXP 	window1: recordFrameIntervals = False
477.4463 	INFO 	Mouse: using default window
478.1243 	DATA 	Keypress: m
478.2069 	DATA 	Keypress: k
478.3483 	EXP 	New trial (rep=11, index=7): {'leftStreamFlip': False, 'oneTarget': True, 'trialInstructionPos': (0, 1), 'probe': 'both', 'rightStreamFlip': False, 'horizVert': True, 'ISIframes': 3, 'rightResponseFirst': True}
478.3717 	INFO 	numtrials=360 and this trialDurFrames=6 or 100.0 ms  task=T1
479.3891 	EXP 	window1: recordFrameIntervals = False
479.3960 	INFO 	Mouse: using default window
481.8737 	DATA 	Keypress: k
482.0212 	EXP 	New trial (rep=11, index=8): {'leftStreamFlip': False, 'oneTarget': False, 'trialInstructionPos': (0, 1), 'probe': 'both', 'rightStreamFlip': False, 'horizVert': True, 'ISIframes': 3, 'rightResponseFirst': False}
482.0377 	INFO 	numtrials=360 and this trialDurFrames=6 or 100.0 ms  task=T1
483.0895 	EXP 	window1: recordFrameIntervals = False
483.0961 	INFO 	Mouse: using default window
484.6575 	DATA 	Keypress: g
484.8090 	DATA 	Keypress: f
484.9612 	EXP 	New trial (rep=11, index=9): {'leftStreamFlip': False, 'oneTarget': True, 'trialInstructionPos': (0, -1), 'probe': 'both', 'rightStreamFlip': False, 'horizVert': True, 'ISIframes': 3, 'rightResponseFirst': False}
484.9878 	INFO 	numtrials=360 and this trialDurFrames=6 or 100.0 ms  task=T1
486.1890 	EXP 	window1: recordFrameIntervals = False
486.1965 	INFO 	Mouse: using default window
486.8251 	DATA 	Keypress: c
486.9603 	EXP 	New trial (rep=11, index=10): {'leftStreamFlip': False, 'oneTarget': True, 'trialInstructionPos': (0, 1), 'probe': 'both', 'rightStreamFlip': False, 'horizVert': True, 'ISIframes': 3, 'rightResponseFirst': False}
486.9879 	INFO 	numtrials=360 and this trialDurFrames=6 or 100.0 ms  task=T1
488.2234 	EXP 	window1: recordFrameIntervals = False
488.2296 	INFO 	Mouse: using default window
488.8420 	DATA 	Keypress: n
488.9915 	EXP 	New trial (rep=11, index=11): {'leftStreamFlip': False, 'oneTarget': False, 'trialInstructionPos': (0, 1), 'probe': 'both', 'rightStreamFlip': False, 'horizVert': True, 'ISIframes': 3, 'rightResponseFirst': True}
489.0218 	INFO 	numtrials=360 and this trialDurFrames=6 or 100.0 ms  task=T1
490.2066 	EXP 	window1: recordFrameIntervals = False
490.2139 	INFO 	Mouse: using default window
491.1922 	DATA 	Keypress: e
491.2429 	DATA 	Keypress: k
491.3765 	EXP 	New trial (rep=12, index=0): {'leftStreamFlip': False, 'oneTarget': False, 'trialInstructionPos': (0, -1), 'probe': 'both', 'rightStreamFlip': False, 'horizVert': True, 'ISIframes': 3, 'rightResponseFirst': False}
491.4063 	INFO 	numtrials=360 and this trialDurFrames=6 or 100.0 ms  task=T1
492.5395 	EXP 	window1: recordFrameIntervals = False
492.5467 	INFO 	Mouse: using default window
493.2582 	DATA 	Keypress: j
493.3742 	DATA 	Keypress: k
493.5121 	EXP 	New trial (rep=12, index=1): {'leftStreamFlip': False, 'oneTarget': True, 'trialInstructionPos': (0, -1), 'probe': 'both', 'rightStreamFlip': False, 'horizVert': True, 'ISIframes': 3, 'rightResponseFirst': True}
493.5382 	INFO 	numtrials=360 and this trialDurFrames=6 or 100.0 ms  task=T1
494.5564 	EXP 	window1: recordFrameIntervals = False
494.5632 	INFO 	Mouse: using default window
495.2256 	DATA 	Keypress: z
495.3750 	EXP 	New trial (rep=12, index=2): {'leftStreamFlip': False, 'oneTarget': True, 'trialInstructionPos': (0, 1), 'probe': 'both', 'rightStreamFlip': False, 'horizVert': True, 'ISIframes': 3, 'rightResponseFirst': False}
495.3894 	INFO 	numtrials=360 and this trialDurFrames=6 or 100.0 ms  task=T1
496.6233 	EXP 	window1: recordFrameIntervals = False
496.6297 	INFO 	Mouse: using default window
497.3742 	DATA 	Keypress: n
497.5118 	EXP 	New trial (rep=12, index=3): {'leftStreamFlip': False, 'oneTarget': False, 'trialInstructionPos': (0, 1), 'probe': 'both', 'rightStreamFlip': False, 'horizVert': True, 'ISIframes': 3, 'rightResponseFirst': False}
497.5400 	INFO 	numtrials=360 and this trialDurFrames=6 or 100.0 ms  task=T1
498.7891 	EXP 	window1: recordFrameIntervals = False
498.7964 	INFO 	Mouse: using default window
500.1410 	DATA 	Keypress: j
500.6745 	DATA 	Keypress: k
500.8166 	EXP 	New trial (rep=12, index=4): {'leftStreamFlip': False, 'oneTarget': False, 'trialInstructionPos': (0, 1), 'probe': 'both', 'rightStreamFlip': False, 'horizVert': True, 'ISIframes': 3, 'rightResponseFirst': True}
500.8382 	INFO 	numtrials=360 and this trialDurFrames=6 or 100.0 ms  task=T1
501.9400 	EXP 	window1: recordFrameIntervals = False
501.9468 	INFO 	Mouse: using default window
502.8256 	DATA 	Keypress: t
503.4246 	DATA 	Keypress: z
503.5657 	EXP 	New trial (rep=12, index=5): {'leftStreamFlip': False, 'oneTarget': False, 'trialInstructionPos': (0, -1), 'probe': 'both', 'rightStreamFlip': False, 'horizVert': True, 'ISIframes': 3, 'rightResponseFirst': True}
503.5883 	INFO 	numtrials=360 and this trialDurFrames=6 or 100.0 ms  task=T1
504.6901 	EXP 	window1: recordFrameIntervals = False
504.6971 	INFO 	Mouse: using default window
505.7246 	DATA 	Keypress: n
506.2407 	DATA 	Keypress: n
506.3826 	EXP 	New trial (rep=12, index=6): {'leftStreamFlip': False, 'oneTarget': False, 'trialInstructionPos': (0, -1), 'probe': 'both', 'rightStreamFlip': False, 'horizVert': True, 'ISIframes': 3, 'rightResponseFirst': True}
506.4053 	INFO 	numtrials=360 and this trialDurFrames=6 or 100.0 ms  task=T1
507.6234 	EXP 	window1: recordFrameIntervals = False
507.6302 	INFO 	Mouse: using default window
508.6580 	DATA 	Keypress: c
508.8091 	DATA 	Keypress: h
508.9649 	EXP 	New trial (rep=12, index=7): {'leftStreamFlip': False, 'oneTarget': False, 'trialInstructionPos': (0, -1), 'probe': 'both', 'rightStreamFlip': False, 'horizVert': True, 'ISIframes': 3, 'rightResponseFirst': False}
508.9881 	INFO 	numtrials=360 and this trialDurFrames=6 or 100.0 ms  task=T1
510.2401 	EXP 	window1: recordFrameIntervals = False
510.2473 	INFO 	Mouse: using default window
512.1741 	DATA 	Keypress: c
512.2571 	DATA 	Keypress: h
512.3991 	EXP 	New trial (rep=12, index=8): {'leftStreamFlip': False, 'oneTarget': False, 'trialInstructionPos': (0, 1), 'probe': 'both', 'rightStreamFlip': False, 'horizVert': True, 'ISIframes': 3, 'rightResponseFirst': False}
512.4226 	INFO 	numtrials=360 and this trialDurFrames=6 or 100.0 ms  task=T1
513.5406 	EXP 	window1: recordFrameIntervals = False
513.5471 	INFO 	Mouse: using default window
515.0909 	DATA 	Keypress: g
515.1926 	DATA 	Keypress: t
515.3500 	EXP 	New trial (rep=12, index=9): {'leftStreamFlip': False, 'oneTarget': True, 'trialInstructionPos': (0, 1), 'probe': 'both', 'rightStreamFlip': False, 'horizVert': True, 'ISIframes': 3, 'rightResponseFirst': True}
515.3721 	INFO 	numtrials=360 and this trialDurFrames=6 or 100.0 ms  task=T1
516.4737 	EXP 	window1: recordFrameIntervals = False
516.4806 	INFO 	Mouse: using default window
517.0913 	DATA 	Keypress: g
517.2309 	EXP 	New trial (rep=12, index=10): {'leftStreamFlip': False, 'oneTarget': False, 'trialInstructionPos': (0, 1), 'probe': 'both', 'rightStreamFlip': False, 'horizVert': True, 'ISIframes': 3, 'rightResponseFirst': True}
517.2550 	INFO 	numtrials=360 and this trialDurFrames=6 or 100.0 ms  task=T1
518.4402 	EXP 	window1: recordFrameIntervals = False
518.4471 	INFO 	Mouse: using default window
519.5747 	DATA 	Keypress: y
519.6417 	DATA 	Keypress: k
519.7826 	EXP 	New trial (rep=12, index=11): {'leftStreamFlip': False, 'oneTarget': True, 'trialInstructionPos': (0, -1), 'probe': 'both', 'rightStreamFlip': False, 'horizVert': True, 'ISIframes': 3, 'rightResponseFirst': False}
519.8048 	INFO 	numtrials=360 and this trialDurFrames=6 or 100.0 ms  task=T1
520.9572 	EXP 	window1: recordFrameIntervals = False
520.9640 	INFO 	Mouse: using default window
521.7084 	DATA 	Keypress: r
521.8475 	EXP 	New trial (rep=13, index=0): {'leftStreamFlip': False, 'oneTarget': False, 'trialInstructionPos': (0, 1), 'probe': 'both', 'rightStreamFlip': False, 'horizVert': True, 'ISIframes': 3, 'rightResponseFirst': True}
521.8724 	INFO 	numtrials=360 and this trialDurFrames=6 or 100.0 ms  task=T1
523.0415 	EXP 	window1: recordFrameIntervals = False
523.0480 	INFO 	Mouse: using default window
524.0260 	DATA 	Keypress: h
524.1244 	DATA 	Keypress: s
524.2660 	EXP 	New trial (rep=13, index=1): {'leftStreamFlip': False, 'oneTarget': False, 'trialInstructionPos': (0, -1), 'probe': 'both', 'rightStreamFlip': False, 'horizVert': True, 'ISIframes': 3, 'rightResponseFirst': True}
524.2889 	INFO 	numtrials=360 and this trialDurFrames=6 or 100.0 ms  task=T1
525.3238 	EXP 	window1: recordFrameIntervals = False
525.3309 	INFO 	Mouse: using default window
526.5409 	DATA 	Keypress: r
526.6408 	DATA 	Keypress: z
526.7771 	EXP 	New trial (rep=13, index=2): {'leftStreamFlip': False, 'oneTarget': False, 'trialInstructionPos': (0, -1), 'probe': 'both', 'rightStreamFlip': False, 'horizVert': True, 'ISIframes': 3, 'rightResponseFirst': False}
526.8046 	INFO 	numtrials=360 and this trialDurFrames=6 or 100.0 ms  task=T1
527.9740 	EXP 	window1: recordFrameIntervals = False
527.9808 	INFO 	Mouse: using default window
528.8096 	DATA 	Keypress: t
529.0746 	DATA 	Keypress: y
529.2154 	EXP 	New trial (rep=13, index=3): {'leftStreamFlip': False, 'oneTarget': True, 'trialInstructionPos': (0, 1), 'probe': 'both', 'rightStreamFlip': False, 'horizVert': True, 'ISIframes': 3, 'rightResponseFirst': False}
529.2383 	INFO 	numtrials=360 and this trialDurFrames=6 or 100.0 ms  task=T1
530.3235 	EXP 	window1: recordFrameIntervals = False
530.3327 	INFO 	Mouse: using default window
530.9247 	DATA 	Keypress: j
531.0626 	EXP 	New trial (rep=13, index=4): {'leftStreamFlip': False, 'oneTarget': False, 'trialInstructionPos': (0, 1), 'probe': 'both', 'rightStreamFlip': False, 'horizVert': True, 'ISIframes': 3, 'rightResponseFirst': False}
531.0878 	INFO 	numtrials=360 and this trialDurFrames=6 or 100.0 ms  task=T1
532.2401 	EXP 	window1: recordFrameIntervals = False
532.2466 	INFO 	Mouse: using default window
533.2576 	DATA 	Keypress: y
533.3913 	DATA 	Keypress: k
533.5302 	EXP 	New trial (rep=13, index=5): {'leftStreamFlip': False, 'oneTarget': True, 'trialInstructionPos': (0, -1), 'probe': 'both', 'rightStreamFlip': False, 'horizVert': True, 'ISIframes': 3, 'rightResponseFirst': True}
533.5547 	INFO 	numtrials=360 and this trialDurFrames=6 or 100.0 ms  task=T1
534.7735 	EXP 	window1: recordFrameIntervals = False
534.7803 	INFO 	Mouse: using default window
542.6914 	DATA 	Keypress: lctrl
542.8258 	DATA 	Keypress: lshift
543.0415 	DATA 	Keypress: z
543.0600 	INFO 	Stopping at 12:30 on 09 Aug 2018
543.0615 	ERROR 	user aborted experiment on keypress with trials done=161 of 361
543.0772 	INFO 	Program terminating normally.
