1.5574 	WARNING 	Monitor specification not found. Creating a temporary one...
31.0834 	EXP 	Created window1 = Window(allowGUI=False, allowStencil=False, autoLog=True, bitsMode=UNKNOWN, blendMode='avg', color=array([-0.7, -0.7, -0.7]), colorSpace='rgb', fullscr=UNKNOWN, gamma=None, lms=UNKNOWN, monitor=<psychopy.monitors.calibTools.Monitor object at 0x1ADF0050>, name='window1', pos=[0, 0], screen=0, size=array([1920, 1080]), stereo=False, units='deg', useFBO=False, useRetina=False, viewOri=0.0, viewPos=None, viewScale=None, waitBlanking=False, winType='pyglet')
31.0835 	INFO 	Mouse: using default window
31.0841 	EXP 	window1: units = 'norm'
31.1929 	EXP 	Created unnamed ImageStim = ImageStim(autoLog=True, color=array([ 1.,  1.,  1.]), colorSpace='rgb', contrast=1.0, depth=0, flipHoriz=False, flipVert=False, image=str(...), interpolate=False, mask=None, maskParams=None, name='unnamed ImageStim', opacity=1.0, ori=0.0, pos=array([-0.5,  0. ]), size=array([ 1.290625  ,  3.24814815]), texRes=128, units='norm', win=Window(...))
31.2602 	EXP 	Created unnamed ImageStim = ImageStim(autoLog=True, color=array([ 1.,  1.,  1.]), colorSpace='rgb', contrast=1.0, depth=0, flipHoriz=False, flipVert=False, image=str(...), interpolate=False, mask=None, maskParams=None, name='unnamed ImageStim', opacity=1.0, ori=0.0, pos=array([ 0.5,  0. ]), size=array([ 1.290625  ,  3.24814815]), texRes=128, units='norm', win=Window(...))
31.2763 	EXP 	Created OKrespZone = GratingStim(autoDraw=False, autoLog=True, color=array([ 1. ,  0.5,  0.5]), colorSpace='rgb', contrast=1.0, depth=0, interpolate=False, mask='gauss', maskParams=None, name='OKrespZone', opacity=1.0, ori=0.0, phase=array([ 0.,  0.]), pos=array([-0.2 , -0.92]), rgbPedestal=array([ 0.,  0.,  0.]), sf=array([ 0.,  0.]), size=array([ 2.3,  0.2]), tex='sin', texRes=256, units='norm', win=Window(...))
31.4485 	EXP 	unnamed ImageStim: size = (1, 2)
31.4485 	EXP 	unnamed ImageStim: size = (1, 2)
55.4222 	DATA 	Mouse: Left button down, pos=(878,36)
55.4384 	EXP 	window1: units = 'deg'
55.4387 	EXP 	window1: units = 'norm'
55.4607 	EXP 	Created OKrespZone = GratingStim(autoDraw=False, autoLog=True, color=array([ 1. ,  0.5,  0.5]), colorSpace='rgb', contrast=1.0, depth=0, interpolate=False, mask='gauss', maskParams=None, name='OKrespZone', opacity=1.0, ori=0.0, phase=array([ 0.,  0.]), pos=array([-0.2 , -0.92]), rgbPedestal=array([ 0.,  0.,  0.]), sf=array([ 0.,  0.]), size=array([ 2.3,  0.2]), tex='sin', texRes=256, units='norm', win=Window(...))
55.5491 	EXP 	Created unnamed ImageStim = ImageStim(autoLog=True, color=array([ 1.,  1.,  1.]), colorSpace='rgb', contrast=1.0, depth=0, flipHoriz=False, flipVert=False, image='abgdj\\PISandConsentForm\\consentForm.png', interpolate=False, mask=None, maskParams=None, name='unnamed ImageStim', opacity=1.0, ori=0.0, pos=array([ 0.,  0.]), size=array([ 1.3375    ,  2.97407407]), texRes=128, units='norm', win=Window(...))
55.5865 	EXP 	Created unnamed GratingStim = GratingStim(autoDraw=False, autoLog=True, color=array([ 1. ,  0.5,  0.5]), colorSpace='rgb', contrast=1.0, depth=0, interpolate=False, mask='gauss', maskParams=None, name='unnamed GratingStim', opacity=1.0, ori=0.0, phase=array([ 0.,  0.]), pos=array([-0.2 , -0.42]), rgbPedestal=array([ 0.,  0.,  0.]), sf=array([ 0.,  0.]), size=array([ 0.3,  0.2]), tex='sin', texRes=256, units='norm', win=Window(...))
55.6376 	EXP 	Created unnamed GratingStim = GratingStim(autoDraw=False, autoLog=True, color=array([ 1. ,  0.5,  0.5]), colorSpace='rgb', contrast=1.0, depth=0, interpolate=False, mask='gauss', maskParams=None, name='unnamed GratingStim', opacity=1.0, ori=0.0, phase=array([ 0.,  0.]), pos=array([ 0.1 , -0.42]), rgbPedestal=array([ 0.,  0.,  0.]), sf=array([ 0.,  0.]), size=array([ 0.3,  0.2]), tex='sin', texRes=256, units='norm', win=Window(...))
55.6598 	EXP 	Created unnamed GratingStim = GratingStim(autoDraw=False, autoLog=True, color=array([ 1. ,  0.5,  0.5]), colorSpace='rgb', contrast=1.0, depth=0, interpolate=False, mask='gauss', maskParams=None, name='unnamed GratingStim', opacity=1.0, ori=0.0, phase=array([ 0.,  0.]), pos=array([-0.2 , -0.72]), rgbPedestal=array([ 0.,  0.,  0.]), sf=array([ 0.,  0.]), size=array([ 0.3,  0.2]), tex='sin', texRes=256, units='norm', win=Window(...))
55.6820 	EXP 	Created unnamed GratingStim = GratingStim(autoDraw=False, autoLog=True, color=array([ 1. ,  0.5,  0.5]), colorSpace='rgb', contrast=1.0, depth=0, interpolate=False, mask='gauss', maskParams=None, name='unnamed GratingStim', opacity=1.0, ori=0.0, phase=array([ 0.,  0.]), pos=array([ 0.1 , -0.72]), rgbPedestal=array([ 0.,  0.,  0.]), sf=array([ 0.,  0.]), size=array([ 0.3,  0.2]), tex='sin', texRes=256, units='norm', win=Window(...))
55.6850 	DATA 	Mouse:  Left button up, pos=(878,36)
55.6911 	EXP 	unnamed ImageStim: size = (1.1, 2)
61.9058 	DATA 	Mouse: Left button down, pos=(765,317)
61.9754 	DATA 	Mouse:  Left button up, pos=(765,317)
70.8880 	DATA 	Mouse: Left button down, pos=(723,139)
70.9550 	DATA 	Mouse:  Left button up, pos=(723,139)
71.8051 	DATA 	Mouse: Left button down, pos=(806,32)
71.8215 	EXP 	window1: units = 'deg'
71.8308 	EXP 	window1: mouseVisible = True
106.0095 	EXP 	Created window1 = Window(allowGUI=False, allowStencil=False, autoLog=True, bitsMode=UNKNOWN, blendMode='avg', color=array([-0.7, -0.7, -0.7]), colorSpace='rgb', fullscr=UNKNOWN, gamma=None, lms=UNKNOWN, monitor=<psychopy.monitors.calibTools.Monitor object at 0x1ADF0050>, name='window1', pos=[0, 0], screen=0, size=array([1920, 1080]), stereo=False, units='deg', useFBO=False, useRetina=False, viewOri=0.0, viewPos=None, viewScale=None, waitBlanking=False, winType='pyglet')
110.4592 	INFO 	#[ PsychoPy2 RuntimeInfoStart ]
  #[[ PsychoPy ]] #---------
    psychopyVersion: 1.84.2
    psychopyHaveExtRush: True
  #[[ Experiment ]] #---------
    experimentAuthor: None
    experimentAuthVersion: None
    experimentRunTime: 2018_08_06 12:06 (Year_Month_Day Hour:Min)
    experimentRunTime.epoch: 1533521161
    experimentScript: psyc1002.py
    experimentScript.digestSHA1: 03993779484d600ea4c1b8cc2288f3d37a5025d5
    experimentScript.directory: U:\PSYC1002\abgdj
  #[[ System ]] #---------
    systemHaveInternetAccess: True
    systemHostName: W5FF4LG2
    systemLocale: English_United States.1252
    systemMemFreeRAM: 4505.01171875
    systemMemTotalRAM: 8076.9453125
    systemPlatform: windowsversion=sys.getwindowsversion(major=6, minor=2, build=9200, platform=2, service_pack='')
    systemPyo.InputDevices: {4: {'host api index': 2, 'latency': 0.008707483299076557, 'default sr': 44100, 'name': u'Realtek ASIO'}}
    systemPyo.OutputDevices: {0: {'host api index': 0, 'latency': 0.09000000357627869, 'default sr': 44100, 'name': u'Microsoft Sound Mapper - Output'}, 1: {'host api index': 0, 'latency': 0.09000000357627869, 'default sr': 44100, 'name': u'Speakers / Headphones (Realtek '}, 2: {'host api index': 1, 'latency': 0.11999999731779099, 'default sr': 44100, 'name': u'Primary Sound Driver'}, 3: {'host api index': 1, 'latency': 0.11999999731779099, 'default sr': 44100, 'name': u'Speakers / Headphones (Realtek High Definition Audio)'}, 4: {'host api index': 2, 'latency': 0.008707483299076557, 'default sr': 44100, 'name': u'Realtek ASIO'}, 5: {'host api index': 3, 'latency': 0.003000000026077032, 'default sr': 48000, 'name': u'Speakers / Headphones (Realtek High Definition Audio)'}}
    systemPyoVersion: 0.8.0
    systemRebooted: System Boot Time:          8/6/2018, 11:31:20 AM
    systemSec.pythonSSL: True
    systemTimeNumpySD1000000_sec: 0.0079
    systemUser: zhli0589
    systemUserID: 1000
    systemUserProcCmdPid: LabStatsUserSpace.exe dwm.exe TiWorker.exe CmRcService.exe nierserver.exe LabStatsClient.exe tagsrv.exe SearchUI.exe OneDrive.exe nipxism.exe SettingSyncHost.exe WmiPrvSE.exe niLxiDiscovery.exe SecurityHealthService.exe redirector.exe SearchProtocolHost.exe server_admin.exe pc-client.exe lkads.exe SelfService.exe svchost.exe smartscreen.exe ni_usbmon.exe AGSService.exe System SISIDSService.exe explorer.exe smss.exe ApplicationWebServer.exe RuntimeBroker.exe acrotray.exe niauth_daemon.exe cmd.exe nidmsrv.exe SISIPSService.exe lktsrv.exe lsass.exe python.exe RtkNGUI64.exe sisipsutil.exe AdobeUpdateService.exe armsvc.exe ssonsvr.exe concentr.exe nidevldu.exe taskhostw.exe ctfmon.exe RAVBg64.exe ''Memory Compression'' NIWebServiceContainer.exe nimxs.exe RtkAudioService64.exe SystemWebServer.exe tasklist.exe snowagent.exe CcmExec.exe SearchFilterHost.exe SmcGui.exe nicitdl5.exe services.exe niDiscSvc.exe sqlwriter.exe MSASCuiL.exe SCNotification.exe nimdnsResponder.exe server_runtime.exe sihost.exe spoolsv.exe wininit.exe winlogon.exe ShellExperienceHost.exe nidevmon.exe SearchIndexer.exe csrss.exe TrustedInstaller.exe audiodg.exe fontdrvhost.exe dllhost.exe unsecapp.exe ccSvcHst.exe wfcrun32.exe nisvcloc.exe server_eventlog.exe lkcitdl.exe AuthManSvr.exe conhost.exe
    systemUserProcCount: 172
    systemUserProcFlagged: Explorer
    systemUsersCount: False
  #[[ Window ]] #---------
    windowWinType: pyglet
    windowWaitBlanking: False
    windowUseNativeGamma: True
    windowUnits: deg
    windowSize_pix: [1920 1080]
    windowScreen: 0
    windowRgb: [-0.7 -0.7 -0.7]
    windowRefreshTimeSD_ms: 0.336
    windowRefreshTimeMedian_ms: 16.671
    windowRefreshTimeAvg_ms: 16.670
    windowRefreshThreshold_sec: 0.0202
    windowRecordFrameIntervals: False
    windowPos_pix: [0, 0]
    windowMonitor.name: testmonitor
    windowMonitor.getWidth_cm: 57.0
    windowMonitor.getLinearizeMethod: 1
    windowMonitor.getGammaGrid: [[  0.   1.   1.  nan  nan  nan]
 [  0.   1.   1.  nan  nan  nan]
 [  0.   1.   1.  nan  nan  nan]
 [  0.   1.   1.  nan  nan  nan]]
    windowMonitor.getDistance_cm: 57.0
    windowMonitor.gammaInterpolator2: None
    windowMonitor.gammaInterpolator: None
    windowMonitor.currentCalibName: 2018_08_06 12:04
    windowIsFullScr: True
    windowHaveShaders: True
    windowAllowGUI: False
  #[[ Python ]] #---------
    pythonWxVersion: 3.0.2.0 msw (classic)
    pythonVersion: 2.7.11
    pythonScipyVersion: 0.17.1
    pythonPygletVersion: 1.2.4
    pythonPygameVersion: 1.9.2pre
    pythonNumpyVersion: 1.11.0
    pythonMatplotlibVersion: 1.5.1
    pythonFullVersion: 2.7.11 (v2.7.11:6d1b6a68f775, Dec  5 2015, 20:32:19) [MSC v.1500 32 bit (Intel)]
    pythonExecutable: C:\Program Files (x86)\PsychoPy2\python.exe
  #[[ OpenGL ]] #---------
    openGLVersion: 4.4.0 - Build 21.20.16.4627
    openGLVendor: Intel
    openGLRenderingEngine: Intel(R) HD Graphics 530
    openGLmaxVerticesInVertexArray: 1048576
    False: openGLext.GL_STEREO
    True: openGLext.GL_EXT_framebuffer_object
    True: openGLext.GL_ARB_vertex_shader
    True: openGLext.GL_ARB_texture_non_power_of_two
    True: openGLext.GL_ARB_texture_float
    True: openGLext.GL_ARB_shader_objects
    True: openGLext.GL_ARB_multitexture
    True: openGLext.GL_ARB_fragment_program
#[ PsychoPy2 RuntimeInfoEnd ]

110.5048 	EXP 	window1: recordFrameIntervals = True
111.3394 	EXP 	window1: recordFrameIntervals = False
111.3468 	INFO 	Frames per second ~=60.0, which is close enough to desired val of 60.0
111.8305 	EXP 	Created sequence: random, trialTypes=12, nReps=30, seed=None
112.0546 	INFO 	Mouse: using default window
112.0774 	EXP 	Created OKrespZone = GratingStim(autoDraw=False, autoLog=True, color=array([ 1.,  1.,  1.]), colorSpace='rgb', contrast=1.0, depth=0, interpolate=False, mask='gauss', maskParams=None, name='OKrespZone', opacity=1.0, ori=0.0, phase=array([ 0.,  0.]), pos=array([ 0.  ,  0.88]), rgbPedestal=array([ 0.,  0.,  0.]), sf=array([ 0.,  0.]), size=array([ 2. ,  0.2]), tex='sin', texRes=256, units='norm', win=Window(...))
123.8647 	DATA 	Mouse: Left button down, pos=(725,607)
123.9427 	DATA 	Mouse:  Left button up, pos=(725,607)
126.2400 	DATA 	Mouse: Left button down, pos=(1352,739)
126.2963 	DATA 	Mouse:  Left button up, pos=(1352,739)
136.7923 	DATA 	Mouse: Left button down, pos=(165,389)
136.8472 	DATA 	Mouse:  Left button up, pos=(165,389)
139.6246 	DATA 	Mouse: Left button down, pos=(321,188)
139.6792 	DATA 	Mouse:  Left button up, pos=(321,188)
156.3760 	DATA 	Mouse: Left button down, pos=(1369,120)
156.4322 	DATA 	Mouse:  Left button up, pos=(1369,120)
161.3763 	DATA 	Mouse: Left button down, pos=(1710,320)
161.4322 	DATA 	Mouse:  Left button up, pos=(1710,320)
169.7125 	DATA 	Mouse: Left button down, pos=(1529,253)
169.7906 	DATA 	Mouse:  Left button up, pos=(1529,253)
171.2559 	DATA 	Mouse: Left button down, pos=(1534,405)
171.3348 	DATA 	Mouse:  Left button up, pos=(1534,405)
173.8959 	DATA 	Mouse: Left button down, pos=(1526,330)
173.9668 	DATA 	Mouse:  Left button up, pos=(1526,330)
178.1285 	DATA 	Mouse: Left button down, pos=(1772,115)
178.1841 	DATA 	Mouse:  Left button up, pos=(1772,115)
191.5761 	DATA 	Mouse: Left button down, pos=(1725,742)
191.6387 	DATA 	Mouse:  Left button up, pos=(1725,742)
192.3768 	DATA 	Mouse: Left button down, pos=(1715,681)
192.4627 	DATA 	Mouse:  Left button up, pos=(1715,681)
199.1684 	DATA 	Mouse: Left button down, pos=(129,190)
199.2240 	DATA 	Mouse:  Left button up, pos=(129,190)
212.1841 	DATA 	Mouse: Left button down, pos=(916,1022)
212.1995 	INFO 	Experiment will have 360 trials. Letters will be drawn with superposed noise of 0.00%
212.2190 	EXP 	New trial (rep=0, index=0): {'leftStreamFlip': False, 'oneTarget': False, 'trialInstructionPos': (0, -1), 'probe': 'both', 'rightStreamFlip': False, 'horizVert': True, 'ISIframes': 2, 'rightResponseFirst': True}
212.2191 	INFO 	Starting main part of experiment
212.2889 	DATA 	Mouse:  Left button up, pos=(916,1022)
213.4398 	INFO 	numtrials=360 and this trialDurFrames=28 or 466.666666667 ms  task=T1
215.5225 	EXP 	window1: recordFrameIntervals = False
215.5393 	INFO 	Mouse: using default window
224.5230 	DATA 	Keypress: t
224.9920 	DATA 	Keypress: o
225.1393 	DATA 	Keypress: p
251.0897 	DATA 	Keypress: w
251.2402 	DATA 	Keypress: h
251.3890 	DATA 	Keypress: y
251.5757 	EXP 	New trial (rep=0, index=1): {'leftStreamFlip': False, 'oneTarget': True, 'trialInstructionPos': (0, 1), 'probe': 'both', 'rightStreamFlip': False, 'horizVert': True, 'ISIframes': 2, 'rightResponseFirst': True}
261.0897 	INFO 	numtrials=360 and this trialDurFrames=22 or 366.666666667 ms  task=T1
263.0228 	EXP 	window1: recordFrameIntervals = False
263.0324 	INFO 	Mouse: using default window
266.1395 	DATA 	Keypress: h
266.2401 	DATA 	Keypress: i
266.4552 	DATA 	Keypress: t
266.6070 	EXP 	New trial (rep=0, index=2): {'leftStreamFlip': False, 'oneTarget': False, 'trialInstructionPos': (0, -1), 'probe': 'both', 'rightStreamFlip': False, 'horizVert': True, 'ISIframes': 2, 'rightResponseFirst': False}
266.6221 	INFO 	numtrials=360 and this trialDurFrames=18 or 300.0 ms  task=T1
268.5059 	EXP 	window1: recordFrameIntervals = False
268.5158 	INFO 	Mouse: using default window
272.0060 	DATA 	Keypress: m
272.1764 	DATA 	Keypress: a
274.0565 	DATA 	Keypress: t
282.2894 	DATA 	Keypress: h
282.3726 	DATA 	Keypress: i
283.3236 	DATA 	Keypress: t
283.4729 	EXP 	New trial (rep=0, index=3): {'leftStreamFlip': False, 'oneTarget': False, 'trialInstructionPos': (0, 1), 'probe': 'both', 'rightStreamFlip': False, 'horizVert': True, 'ISIframes': 2, 'rightResponseFirst': True}
283.4885 	INFO 	numtrials=360 and this trialDurFrames=18 or 300.0 ms  task=T1
284.7062 	EXP 	window1: recordFrameIntervals = False
284.7216 	INFO 	Mouse: using default window
286.7221 	DATA 	Keypress: s
286.8561 	DATA 	Keypress: i
287.0722 	DATA 	Keypress: n
288.3562 	DATA 	Keypress: z
288.5225 	DATA 	Keypress: i
289.2898 	DATA 	Keypress: p
289.4429 	EXP 	New trial (rep=0, index=4): {'leftStreamFlip': False, 'oneTarget': False, 'trialInstructionPos': (0, 1), 'probe': 'both', 'rightStreamFlip': False, 'horizVert': True, 'ISIframes': 2, 'rightResponseFirst': False}
297.7904 	INFO 	numtrials=360 and this trialDurFrames=14 or 233.333333333 ms  task=T1
299.0553 	EXP 	window1: recordFrameIntervals = False
299.0632 	INFO 	Mouse: using default window
303.0233 	DATA 	Keypress: c
303.4225 	DATA 	Keypress: r
303.8099 	DATA 	Keypress: y
305.5067 	DATA 	Keypress: d
305.8250 	DATA 	Keypress: r
305.9894 	DATA 	Keypress: y
306.1365 	EXP 	New trial (rep=0, index=5): {'leftStreamFlip': False, 'oneTarget': True, 'trialInstructionPos': (0, 1), 'probe': 'both', 'rightStreamFlip': False, 'horizVert': True, 'ISIframes': 2, 'rightResponseFirst': False}
306.1545 	INFO 	numtrials=360 and this trialDurFrames=4 or 66.6666666667 ms  task=T1
307.3068 	EXP 	window1: recordFrameIntervals = False
307.3181 	INFO 	Mouse: using default window
311.2726 	DATA 	Keypress: n
311.3595 	DATA 	Keypress: o
311.6224 	DATA 	Keypress: o
311.7692 	EXP 	New trial (rep=0, index=6): {'leftStreamFlip': False, 'oneTarget': True, 'trialInstructionPos': (0, -1), 'probe': 'both', 'rightStreamFlip': False, 'horizVert': True, 'ISIframes': 2, 'rightResponseFirst': False}
311.7878 	INFO 	numtrials=360 and this trialDurFrames=5 or 83.3333333333 ms  task=T1
312.9221 	EXP 	window1: recordFrameIntervals = False
312.9307 	INFO 	Mouse: using default window
314.5731 	DATA 	Keypress: h
314.8580 	DATA 	Keypress: e
314.9893 	DATA 	Keypress: y
315.1331 	EXP 	New trial (rep=0, index=7): {'leftStreamFlip': False, 'oneTarget': False, 'trialInstructionPos': (0, 1), 'probe': 'both', 'rightStreamFlip': False, 'horizVert': True, 'ISIframes': 2, 'rightResponseFirst': False}
315.1545 	INFO 	numtrials=360 and this trialDurFrames=4 or 66.6666666667 ms  task=T1
316.3398 	EXP 	window1: recordFrameIntervals = False
316.3490 	INFO 	Mouse: using default window
320.5729 	DATA 	Keypress: m
320.7078 	DATA 	Keypress: a
321.2398 	DATA 	Keypress: x
322.4907 	DATA 	Keypress: p
322.6562 	DATA 	Keypress: o
322.8060 	DATA 	Keypress: p
322.9542 	EXP 	New trial (rep=0, index=8): {'leftStreamFlip': False, 'oneTarget': True, 'trialInstructionPos': (0, -1), 'probe': 'both', 'rightStreamFlip': False, 'horizVert': True, 'ISIframes': 2, 'rightResponseFirst': True}
322.9712 	INFO 	numtrials=360 and this trialDurFrames=4 or 66.6666666667 ms  task=T1
324.1221 	EXP 	window1: recordFrameIntervals = False
324.1307 	INFO 	Mouse: using default window
326.5564 	DATA 	Keypress: d
326.7743 	DATA 	Keypress: i
327.5565 	DATA 	Keypress: backspace
327.7397 	DATA 	Keypress: backspace
328.5401 	DATA 	Keypress: b
329.0721 	DATA 	Keypress: i
329.2397 	DATA 	Keypress: d
329.3893 	EXP 	New trial (rep=0, index=9): {'leftStreamFlip': False, 'oneTarget': False, 'trialInstructionPos': (0, 1), 'probe': 'both', 'rightStreamFlip': False, 'horizVert': True, 'ISIframes': 2, 'rightResponseFirst': True}
329.4047 	INFO 	numtrials=360 and this trialDurFrames=5 or 83.3333333333 ms  task=T1
330.5232 	EXP 	window1: recordFrameIntervals = False
330.5416 	INFO 	Mouse: using default window
332.9400 	DATA 	Keypress: k
333.7565 	DATA 	Keypress: e
333.8891 	DATA 	Keypress: y
334.9943 	DATA 	Keypress: g
335.1737 	DATA 	Keypress: o
335.4726 	DATA 	Keypress: d
335.6240 	EXP 	New trial (rep=0, index=10): {'leftStreamFlip': False, 'oneTarget': False, 'trialInstructionPos': (0, -1), 'probe': 'both', 'rightStreamFlip': False, 'horizVert': True, 'ISIframes': 2, 'rightResponseFirst': False}
335.6376 	INFO 	numtrials=360 and this trialDurFrames=5 or 83.3333333333 ms  task=T1
336.7557 	EXP 	window1: recordFrameIntervals = False
336.7628 	INFO 	Mouse: using default window
340.1767 	DATA 	Keypress: g
340.3576 	DATA 	Keypress: u
340.5604 	DATA 	Keypress: e
342.4732 	DATA 	Keypress: d
342.6089 	DATA 	Keypress: i
342.7896 	DATA 	Keypress: e
342.9418 	EXP 	New trial (rep=0, index=11): {'leftStreamFlip': False, 'oneTarget': False, 'trialInstructionPos': (0, -1), 'probe': 'both', 'rightStreamFlip': False, 'horizVert': True, 'ISIframes': 2, 'rightResponseFirst': True}
342.9712 	INFO 	numtrials=360 and this trialDurFrames=5 or 83.3333333333 ms  task=T1
344.0887 	EXP 	window1: recordFrameIntervals = False
344.0972 	INFO 	Mouse: using default window
346.5225 	DATA 	Keypress: a
346.7727 	DATA 	Keypress: r
347.1728 	DATA 	Keypress: m
351.1401 	DATA 	Keypress: h
351.2569 	DATA 	Keypress: i
351.4571 	DATA 	Keypress: p
351.6057 	EXP 	New trial (rep=1, index=0): {'leftStreamFlip': False, 'oneTarget': False, 'trialInstructionPos': (0, -1), 'probe': 'both', 'rightStreamFlip': False, 'horizVert': True, 'ISIframes': 2, 'rightResponseFirst': False}
351.6213 	INFO 	numtrials=360 and this trialDurFrames=5 or 83.3333333333 ms  task=T1
352.7723 	EXP 	window1: recordFrameIntervals = False
352.7810 	INFO 	Mouse: using default window
355.2389 	DATA 	Keypress: m
355.7395 	DATA 	Keypress: a
356.1388 	DATA 	Keypress: x
357.2887 	DATA 	Keypress: f
357.5736 	DATA 	Keypress: i
357.9557 	DATA 	Keypress: x
358.1032 	EXP 	New trial (rep=1, index=1): {'leftStreamFlip': False, 'oneTarget': False, 'trialInstructionPos': (0, 1), 'probe': 'both', 'rightStreamFlip': False, 'horizVert': True, 'ISIframes': 2, 'rightResponseFirst': True}
358.1214 	INFO 	numtrials=360 and this trialDurFrames=6 or 100.0 ms  task=T1
359.3065 	EXP 	window1: recordFrameIntervals = False
359.3218 	INFO 	Mouse: using default window
361.6740 	DATA 	Keypress: i
362.0067 	DATA 	Keypress: n
362.4067 	DATA 	Keypress: k
363.7757 	DATA 	Keypress: d
364.0226 	DATA 	Keypress: r
364.3568 	DATA 	Keypress: y
364.5085 	EXP 	New trial (rep=1, index=2): {'leftStreamFlip': False, 'oneTarget': True, 'trialInstructionPos': (0, 1), 'probe': 'both', 'rightStreamFlip': False, 'horizVert': True, 'ISIframes': 2, 'rightResponseFirst': False}
364.5214 	INFO 	numtrials=360 and this trialDurFrames=6 or 100.0 ms  task=T1
365.6222 	EXP 	window1: recordFrameIntervals = False
365.6306 	INFO 	Mouse: using default window
367.0894 	DATA 	Keypress: t
367.2065 	DATA 	Keypress: i
367.4399 	DATA 	Keypress: l
367.5956 	EXP 	New trial (rep=1, index=3): {'leftStreamFlip': False, 'oneTarget': False, 'trialInstructionPos': (0, -1), 'probe': 'both', 'rightStreamFlip': False, 'horizVert': True, 'ISIframes': 2, 'rightResponseFirst': True}
367.6214 	INFO 	numtrials=360 and this trialDurFrames=5 or 83.3333333333 ms  task=T1
368.7390 	EXP 	window1: recordFrameIntervals = False
368.7493 	INFO 	Mouse: using default window
370.8066 	DATA 	Keypress: d
370.9594 	DATA 	Keypress: i
371.1238 	DATA 	Keypress: e
372.5232 	DATA 	Keypress: p
372.6732 	DATA 	Keypress: e
372.8556 	DATA 	Keypress: e
373.0042 	EXP 	New trial (rep=1, index=4): {'leftStreamFlip': False, 'oneTarget': True, 'trialInstructionPos': (0, -1), 'probe': 'both', 'rightStreamFlip': False, 'horizVert': True, 'ISIframes': 2, 'rightResponseFirst': False}
373.0230 	INFO 	numtrials=360 and this trialDurFrames=5 or 83.3333333333 ms  task=T1
374.0894 	EXP 	window1: recordFrameIntervals = False
374.0997 	INFO 	Mouse: using default window
375.5232 	DATA 	Keypress: o
375.6909 	DATA 	Keypress: u
375.9737 	DATA 	Keypress: r
376.1246 	EXP 	New trial (rep=1, index=5): {'leftStreamFlip': False, 'oneTarget': False, 'trialInstructionPos': (0, -1), 'probe': 'both', 'rightStreamFlip': False, 'horizVert': True, 'ISIframes': 2, 'rightResponseFirst': False}
376.1381 	INFO 	numtrials=360 and this trialDurFrames=5 or 83.3333333333 ms  task=T1
377.2729 	EXP 	window1: recordFrameIntervals = False
377.2858 	INFO 	Mouse: using default window
380.5403 	DATA 	Keypress: h
380.6570 	DATA 	Keypress: i
380.7898 	DATA 	Keypress: p
382.3565 	DATA 	Keypress: d
382.5085 	DATA 	Keypress: i
382.6257 	DATA 	Keypress: p
382.7864 	EXP 	New trial (rep=1, index=6): {'leftStreamFlip': False, 'oneTarget': False, 'trialInstructionPos': (0, 1), 'probe': 'both', 'rightStreamFlip': False, 'horizVert': True, 'ISIframes': 2, 'rightResponseFirst': False}
382.8045 	INFO 	numtrials=360 and this trialDurFrames=5 or 83.3333333333 ms  task=T1
383.8562 	EXP 	window1: recordFrameIntervals = False
383.8683 	INFO 	Mouse: using default window
387.8902 	DATA 	Keypress: r
388.1402 	DATA 	Keypress: o
388.3891 	DATA 	Keypress: b
389.3730 	DATA 	Keypress: r
389.5392 	DATA 	Keypress: o
389.8079 	DATA 	Keypress: b
390.0219 	EXP 	New trial (rep=1, index=7): {'leftStreamFlip': False, 'oneTarget': False, 'trialInstructionPos': (0, -1), 'probe': 'both', 'rightStreamFlip': False, 'horizVert': True, 'ISIframes': 2, 'rightResponseFirst': True}
390.0381 	INFO 	numtrials=360 and this trialDurFrames=4 or 66.6666666667 ms  task=T1
391.2229 	EXP 	window1: recordFrameIntervals = False
391.2361 	INFO 	Mouse: using default window
393.6559 	DATA 	Keypress: p
393.8400 	DATA 	Keypress: e
394.1227 	DATA 	Keypress: t
395.5071 	DATA 	Keypress: d
395.6230 	DATA 	Keypress: u
395.7563 	DATA 	Keypress: e
395.9100 	EXP 	New trial (rep=1, index=8): {'leftStreamFlip': False, 'oneTarget': False, 'trialInstructionPos': (0, 1), 'probe': 'both', 'rightStreamFlip': False, 'horizVert': True, 'ISIframes': 2, 'rightResponseFirst': True}
395.9389 	INFO 	numtrials=360 and this trialDurFrames=4 or 66.6666666667 ms  task=T1
396.9560 	EXP 	window1: recordFrameIntervals = False
396.9670 	INFO 	Mouse: using default window
399.9897 	DATA 	Keypress: d
400.1595 	DATA 	Keypress: i
400.2893 	DATA 	Keypress: e
400.9948 	DATA 	Keypress: b
401.0738 	DATA 	Keypress: e
401.3563 	DATA 	Keypress: d
401.5052 	EXP 	New trial (rep=1, index=9): {'leftStreamFlip': False, 'oneTarget': False, 'trialInstructionPos': (0, 1), 'probe': 'both', 'rightStreamFlip': False, 'horizVert': True, 'ISIframes': 2, 'rightResponseFirst': False}
401.5240 	INFO 	numtrials=360 and this trialDurFrames=5 or 83.3333333333 ms  task=T1
402.6396 	EXP 	window1: recordFrameIntervals = False
402.6567 	INFO 	Mouse: using default window
407.7394 	DATA 	Keypress: e
408.8225 	DATA 	Keypress: g
409.0583 	DATA 	Keypress: g
410.7247 	DATA 	Keypress: g
410.8733 	DATA 	Keypress: o
411.1230 	DATA 	Keypress: s
411.2709 	EXP 	New trial (rep=1, index=10): {'leftStreamFlip': False, 'oneTarget': True, 'trialInstructionPos': (0, 1), 'probe': 'both', 'rightStreamFlip': False, 'horizVert': True, 'ISIframes': 2, 'rightResponseFirst': True}
411.2878 	INFO 	numtrials=360 and this trialDurFrames=5 or 83.3333333333 ms  task=T1
412.4557 	EXP 	window1: recordFrameIntervals = False
412.4639 	INFO 	Mouse: using default window
413.3930 	DATA 	Keypress: s
413.6083 	DATA 	Keypress: e
414.3391 	DATA 	Keypress: c
414.4907 	EXP 	New trial (rep=1, index=11): {'leftStreamFlip': False, 'oneTarget': True, 'trialInstructionPos': (0, -1), 'probe': 'both', 'rightStreamFlip': False, 'horizVert': True, 'ISIframes': 2, 'rightResponseFirst': True}
414.5062 	INFO 	numtrials=360 and this trialDurFrames=6 or 100.0 ms  task=T1
415.6572 	EXP 	window1: recordFrameIntervals = False
415.6762 	INFO 	Mouse: using default window
417.2399 	DATA 	Keypress: b
417.3937 	DATA 	Keypress: u
417.5897 	DATA 	Keypress: g
417.7371 	EXP 	New trial (rep=2, index=0): {'leftStreamFlip': False, 'oneTarget': True, 'trialInstructionPos': (0, -1), 'probe': 'both', 'rightStreamFlip': False, 'horizVert': True, 'ISIframes': 2, 'rightResponseFirst': True}
417.7547 	INFO 	numtrials=360 and this trialDurFrames=6 or 100.0 ms  task=T1
418.9900 	EXP 	window1: recordFrameIntervals = False
419.0007 	INFO 	Mouse: using default window
420.1244 	DATA 	Keypress: e
420.9734 	DATA 	Keypress: g
421.1239 	DATA 	Keypress: o
421.2730 	EXP 	New trial (rep=2, index=1): {'leftStreamFlip': False, 'oneTarget': True, 'trialInstructionPos': (0, 1), 'probe': 'both', 'rightStreamFlip': False, 'horizVert': True, 'ISIframes': 2, 'rightResponseFirst': False}
421.2901 	INFO 	numtrials=360 and this trialDurFrames=6 or 100.0 ms  task=T1
422.3573 	EXP 	window1: recordFrameIntervals = False
422.3762 	INFO 	Mouse: using default window
423.5920 	DATA 	Keypress: r
423.7065 	DATA 	Keypress: e
424.0732 	DATA 	Keypress: d
424.2174 	EXP 	New trial (rep=2, index=2): {'leftStreamFlip': False, 'oneTarget': False, 'trialInstructionPos': (0, -1), 'probe': 'both', 'rightStreamFlip': False, 'horizVert': True, 'ISIframes': 2, 'rightResponseFirst': True}
424.2381 	INFO 	numtrials=360 and this trialDurFrames=7 or 116.666666667 ms  task=T1
425.4558 	EXP 	window1: recordFrameIntervals = False
425.4703 	INFO 	Mouse: using default window
427.3067 	DATA 	Keypress: w
428.3234 	DATA 	Keypress: backspace
428.5779 	DATA 	Keypress: t
428.7237 	DATA 	Keypress: w
428.9229 	DATA 	Keypress: o
430.2578 	DATA 	Keypress: r
430.3391 	DATA 	Keypress: a
430.6238 	DATA 	Keypress: p
430.7738 	EXP 	New trial (rep=2, index=3): {'leftStreamFlip': False, 'oneTarget': True, 'trialInstructionPos': (0, -1), 'probe': 'both', 'rightStreamFlip': False, 'horizVert': True, 'ISIframes': 2, 'rightResponseFirst': False}
430.7889 	INFO 	numtrials=360 and this trialDurFrames=7 or 116.666666667 ms  task=T1
431.8406 	EXP 	window1: recordFrameIntervals = False
431.8648 	INFO 	Mouse: using default window
432.7892 	DATA 	Keypress: o
433.1402 	DATA 	Keypress: f
433.3391 	DATA 	Keypress: f
433.4866 	EXP 	New trial (rep=2, index=4): {'leftStreamFlip': False, 'oneTarget': False, 'trialInstructionPos': (0, 1), 'probe': 'both', 'rightStreamFlip': False, 'horizVert': True, 'ISIframes': 2, 'rightResponseFirst': False}
433.5048 	INFO 	numtrials=360 and this trialDurFrames=6 or 100.0 ms  task=T1
434.6402 	EXP 	window1: recordFrameIntervals = False
434.6568 	INFO 	Mouse: using default window
437.4234 	DATA 	Keypress: w
437.5749 	DATA 	Keypress: i
437.7597 	DATA 	Keypress: n
439.4405 	DATA 	Keypress: c
439.6230 	DATA 	Keypress: o
439.7396 	DATA 	Keypress: p
439.8873 	EXP 	New trial (rep=2, index=5): {'leftStreamFlip': False, 'oneTarget': False, 'trialInstructionPos': (0, -1), 'probe': 'both', 'rightStreamFlip': False, 'horizVert': True, 'ISIframes': 2, 'rightResponseFirst': True}
439.9048 	INFO 	numtrials=360 and this trialDurFrames=6 or 100.0 ms  task=T1
441.1391 	EXP 	window1: recordFrameIntervals = False
441.1481 	INFO 	Mouse: using default window
444.8410 	DATA 	Keypress: w
445.3599 	DATA 	Keypress: h
445.5231 	DATA 	Keypress: a
448.7073 	DATA 	Keypress: m
448.9730 	DATA 	Keypress: a
449.4416 	DATA 	Keypress: x
449.5897 	EXP 	New trial (rep=2, index=6): {'leftStreamFlip': False, 'oneTarget': False, 'trialInstructionPos': (0, -1), 'probe': 'both', 'rightStreamFlip': False, 'horizVert': True, 'ISIframes': 2, 'rightResponseFirst': False}
449.6045 	INFO 	numtrials=360 and this trialDurFrames=7 or 116.666666667 ms  task=T1
450.7059 	EXP 	window1: recordFrameIntervals = False
450.7164 	INFO 	Mouse: using default window
452.2081 	DATA 	Keypress: w
452.3904 	DATA 	Keypress: i
452.6901 	DATA 	Keypress: n
454.1729 	DATA 	Keypress: w
454.2891 	DATA 	Keypress: i
454.4726 	DATA 	Keypress: n
454.6315 	EXP 	New trial (rep=2, index=7): {'leftStreamFlip': False, 'oneTarget': False, 'trialInstructionPos': (0, 1), 'probe': 'both', 'rightStreamFlip': False, 'horizVert': True, 'ISIframes': 2, 'rightResponseFirst': False}
454.6549 	INFO 	numtrials=360 and this trialDurFrames=7 or 116.666666667 ms  task=T1
455.7395 	EXP 	window1: recordFrameIntervals = False
455.7493 	INFO 	Mouse: using default window
458.4909 	DATA 	Keypress: t
458.7073 	DATA 	Keypress: r
459.0903 	DATA 	Keypress: u
460.0241 	DATA 	Keypress: w
460.1761 	DATA 	Keypress: e
460.3729 	DATA 	Keypress: e
460.5215 	EXP 	New trial (rep=2, index=8): {'leftStreamFlip': False, 'oneTarget': False, 'trialInstructionPos': (0, 1), 'probe': 'both', 'rightStreamFlip': False, 'horizVert': True, 'ISIframes': 2, 'rightResponseFirst': True}
460.5383 	INFO 	numtrials=360 and this trialDurFrames=7 or 116.666666667 ms  task=T1
461.6060 	EXP 	window1: recordFrameIntervals = False
461.6144 	INFO 	Mouse: using default window
463.5080 	DATA 	Keypress: e
463.6892 	DATA 	Keypress: a
464.4237 	DATA 	Keypress: r
465.3434 	DATA 	Keypress: t
465.7899 	DATA 	Keypress: e
465.9586 	DATA 	Keypress: a
466.1070 	EXP 	New trial (rep=2, index=9): {'leftStreamFlip': False, 'oneTarget': False, 'trialInstructionPos': (0, 1), 'probe': 'both', 'rightStreamFlip': False, 'horizVert': True, 'ISIframes': 2, 'rightResponseFirst': True}
466.1215 	INFO 	numtrials=360 and this trialDurFrames=7 or 116.666666667 ms  task=T1
467.3071 	EXP 	window1: recordFrameIntervals = False
467.3253 	INFO 	Mouse: using default window
468.8906 	DATA 	Keypress: i
469.2732 	DATA 	Keypress: l
469.4743 	DATA 	Keypress: l
470.3736 	DATA 	Keypress: b
470.7569 	DATA 	Keypress: o
471.4076 	DATA 	Keypress: x
471.5578 	EXP 	New trial (rep=2, index=10): {'leftStreamFlip': False, 'oneTarget': True, 'trialInstructionPos': (0, 1), 'probe': 'both', 'rightStreamFlip': False, 'horizVert': True, 'ISIframes': 2, 'rightResponseFirst': True}
471.5722 	INFO 	numtrials=360 and this trialDurFrames=7 or 116.666666667 ms  task=T1
472.7901 	EXP 	window1: recordFrameIntervals = False
472.8063 	INFO 	Mouse: using default window
473.8899 	DATA 	Keypress: e
474.0896 	DATA 	Keypress: n
474.2578 	DATA 	Keypress: d
474.4059 	EXP 	New trial (rep=2, index=11): {'leftStreamFlip': False, 'oneTarget': False, 'trialInstructionPos': (0, -1), 'probe': 'both', 'rightStreamFlip': False, 'horizVert': True, 'ISIframes': 2, 'rightResponseFirst': False}
474.4216 	INFO 	numtrials=360 and this trialDurFrames=7 or 116.666666667 ms  task=T1
475.4562 	EXP 	window1: recordFrameIntervals = False
475.4664 	INFO 	Mouse: using default window
478.5242 	DATA 	Keypress: x
478.6730 	DATA 	Keypress: o
479.0566 	DATA 	Keypress: s
481.6736 	DATA 	Keypress: g
481.7765 	DATA 	Keypress: y
482.0905 	DATA 	Keypress: comma
482.7752 	DATA 	Keypress: m
482.9235 	EXP 	New trial (rep=3, index=0): {'leftStreamFlip': False, 'oneTarget': False, 'trialInstructionPos': (0, -1), 'probe': 'both', 'rightStreamFlip': False, 'horizVert': True, 'ISIframes': 2, 'rightResponseFirst': True}
482.9381 	INFO 	numtrials=360 and this trialDurFrames=7 or 116.666666667 ms  task=T1
484.1894 	EXP 	window1: recordFrameIntervals = False
484.1984 	INFO 	Mouse: using default window
485.7946 	DATA 	Keypress: p
486.0900 	DATA 	Keypress: r
486.3232 	DATA 	Keypress: o
487.8570 	DATA 	Keypress: p
488.1074 	DATA 	Keypress: r
488.2560 	DATA 	Keypress: o
488.4048 	EXP 	New trial (rep=3, index=1): {'leftStreamFlip': False, 'oneTarget': True, 'trialInstructionPos': (0, 1), 'probe': 'both', 'rightStreamFlip': False, 'horizVert': True, 'ISIframes': 2, 'rightResponseFirst': False}
488.4216 	INFO 	numtrials=360 and this trialDurFrames=7 or 116.666666667 ms  task=T1
489.5071 	EXP 	window1: recordFrameIntervals = False
489.5162 	INFO 	Mouse: using default window
490.5937 	DATA 	Keypress: f
490.9401 	DATA 	Keypress: e
491.3240 	DATA 	Keypress: w
491.4668 	EXP 	New trial (rep=3, index=2): {'leftStreamFlip': False, 'oneTarget': True, 'trialInstructionPos': (0, -1), 'probe': 'both', 'rightStreamFlip': False, 'horizVert': True, 'ISIframes': 2, 'rightResponseFirst': True}
491.4884 	INFO 	numtrials=360 and this trialDurFrames=7 or 116.666666667 ms  task=T1
492.6907 	EXP 	window1: recordFrameIntervals = False
492.7031 	INFO 	Mouse: using default window
493.5400 	DATA 	Keypress: c
493.6556 	DATA 	Keypress: a
493.9564 	DATA 	Keypress: r
494.0990 	EXP 	New trial (rep=3, index=3): {'leftStreamFlip': False, 'oneTarget': False, 'trialInstructionPos': (0, 1), 'probe': 'both', 'rightStreamFlip': False, 'horizVert': True, 'ISIframes': 2, 'rightResponseFirst': False}
494.1216 	INFO 	numtrials=360 and this trialDurFrames=7 or 116.666666667 ms  task=T1
495.2730 	EXP 	window1: recordFrameIntervals = False
495.2893 	INFO 	Mouse: using default window
495.8908 	DATA 	Keypress: s
496.1228 	DATA 	Keypress: e
496.3241 	DATA 	Keypress: e
496.9559 	DATA 	Keypress: s
497.1578 	DATA 	Keypress: e
497.3727 	DATA 	Keypress: e
497.5257 	EXP 	New trial (rep=3, index=4): {'leftStreamFlip': False, 'oneTarget': False, 'trialInstructionPos': (0, 1), 'probe': 'both', 'rightStreamFlip': False, 'horizVert': True, 'ISIframes': 2, 'rightResponseFirst': True}
497.5396 	INFO 	numtrials=360 and this trialDurFrames=7 or 116.666666667 ms  task=T1
498.7736 	EXP 	window1: recordFrameIntervals = False
498.7833 	INFO 	Mouse: using default window
500.2559 	DATA 	Keypress: j
500.4074 	DATA 	Keypress: o
500.6099 	DATA 	Keypress: n
502.1933 	DATA 	Keypress: t
502.3241 	DATA 	Keypress: o
502.4233 	DATA 	Keypress: p
502.5740 	EXP 	New trial (rep=3, index=5): {'leftStreamFlip': False, 'oneTarget': False, 'trialInstructionPos': (0, -1), 'probe': 'both', 'rightStreamFlip': False, 'horizVert': True, 'ISIframes': 2, 'rightResponseFirst': False}
502.5883 	INFO 	numtrials=360 and this trialDurFrames=7 or 116.666666667 ms  task=T1
503.6726 	EXP 	window1: recordFrameIntervals = False
503.6819 	INFO 	Mouse: using default window
505.7403 	DATA 	Keypress: r
505.8727 	DATA 	Keypress: e
506.6059 	DATA 	Keypress: backspace
506.8063 	DATA 	Keypress: backspace
507.2245 	DATA 	Keypress: a
507.5414 	DATA 	Keypress: c
507.6740 	DATA 	Keypress: e
508.4568 	DATA 	Keypress: r
508.5455 	DATA 	Keypress: e
508.7734 	DATA 	Keypress: d
508.9290 	EXP 	New trial (rep=3, index=6): {'leftStreamFlip': False, 'oneTarget': False, 'trialInstructionPos': (0, 1), 'probe': 'both', 'rightStreamFlip': False, 'horizVert': True, 'ISIframes': 2, 'rightResponseFirst': True}
508.9557 	INFO 	numtrials=360 and this trialDurFrames=7 or 116.666666667 ms  task=T1
510.1729 	EXP 	window1: recordFrameIntervals = False
510.1863 	INFO 	Mouse: using default window
512.7083 	DATA 	Keypress: d
513.3928 	DATA 	Keypress: o
513.5908 	DATA 	Keypress: c
514.0566 	DATA 	Keypress: i
514.2739 	DATA 	Keypress: n
514.4572 	DATA 	Keypress: c
514.6063 	EXP 	New trial (rep=3, index=7): {'leftStreamFlip': False, 'oneTarget': False, 'trialInstructionPos': (0, 1), 'probe': 'both', 'rightStreamFlip': False, 'horizVert': True, 'ISIframes': 2, 'rightResponseFirst': False}
514.6216 	INFO 	numtrials=360 and this trialDurFrames=7 or 116.666666667 ms  task=T1
515.7239 	EXP 	window1: recordFrameIntervals = False
515.7404 	INFO 	Mouse: using default window
521.7436 	DATA 	Keypress: l
522.9398 	DATA 	Keypress: s
523.1561 	DATA 	Keypress: t
523.9398 	DATA 	Keypress: p
524.0901 	DATA 	Keypress: e
524.2741 	DATA 	Keypress: n
524.4275 	EXP 	New trial (rep=3, index=8): {'leftStreamFlip': False, 'oneTarget': False, 'trialInstructionPos': (0, -1), 'probe': 'both', 'rightStreamFlip': False, 'horizVert': True, 'ISIframes': 2, 'rightResponseFirst': False}
524.4391 	INFO 	numtrials=360 and this trialDurFrames=7 or 116.666666667 ms  task=T1
525.5232 	EXP 	window1: recordFrameIntervals = False
525.5342 	INFO 	Mouse: using default window
527.3932 	DATA 	Keypress: a
527.5735 	DATA 	Keypress: n
527.7780 	DATA 	Keypress: y
528.4395 	DATA 	Keypress: s
528.6064 	DATA 	Keypress: k
528.8070 	DATA 	Keypress: i
528.9604 	EXP 	New trial (rep=3, index=9): {'leftStreamFlip': False, 'oneTarget': True, 'trialInstructionPos': (0, 1), 'probe': 'both', 'rightStreamFlip': False, 'horizVert': True, 'ISIframes': 2, 'rightResponseFirst': True}
528.9892 	INFO 	numtrials=360 and this trialDurFrames=7 or 116.666666667 ms  task=T1
530.2227 	EXP 	window1: recordFrameIntervals = False
530.2318 	INFO 	Mouse: using default window
531.1227 	DATA 	Keypress: f
531.3229 	DATA 	Keypress: o
531.9561 	DATA 	Keypress: g
532.0977 	EXP 	New trial (rep=3, index=10): {'leftStreamFlip': False, 'oneTarget': True, 'trialInstructionPos': (0, -1), 'probe': 'both', 'rightStreamFlip': False, 'horizVert': True, 'ISIframes': 2, 'rightResponseFirst': False}
532.1218 	INFO 	numtrials=360 and this trialDurFrames=7 or 116.666666667 ms  task=T1
533.3895 	EXP 	window1: recordFrameIntervals = False
533.3983 	INFO 	Mouse: using default window
534.3230 	DATA 	Keypress: p
534.6060 	DATA 	Keypress: i
535.1065 	DATA 	Keypress: t
535.2549 	EXP 	New trial (rep=3, index=11): {'leftStreamFlip': False, 'oneTarget': False, 'trialInstructionPos': (0, -1), 'probe': 'both', 'rightStreamFlip': False, 'horizVert': True, 'ISIframes': 2, 'rightResponseFirst': True}
535.2721 	INFO 	numtrials=360 and this trialDurFrames=7 or 116.666666667 ms  task=T1
536.5233 	EXP 	window1: recordFrameIntervals = False
536.5330 	INFO 	Mouse: using default window
538.2091 	DATA 	Keypress: b
538.3898 	DATA 	Keypress: e
538.5760 	DATA 	Keypress: g
538.8904 	DATA 	Keypress: b
539.0564 	DATA 	Keypress: e
539.2062 	DATA 	Keypress: g
539.3536 	EXP 	New trial (rep=4, index=0): {'leftStreamFlip': False, 'oneTarget': True, 'trialInstructionPos': (0, 1), 'probe': 'both', 'rightStreamFlip': False, 'horizVert': True, 'ISIframes': 2, 'rightResponseFirst': False}
539.3734 	INFO 	numtrials=360 and this trialDurFrames=7 or 116.666666667 ms  task=T1
540.5399 	EXP 	window1: recordFrameIntervals = False
540.5493 	INFO 	Mouse: using default window
541.2404 	DATA 	Keypress: w
541.3564 	DATA 	Keypress: a
541.6574 	DATA 	Keypress: r
541.8062 	EXP 	New trial (rep=4, index=1): {'leftStreamFlip': False, 'oneTarget': False, 'trialInstructionPos': (0, 1), 'probe': 'both', 'rightStreamFlip': False, 'horizVert': True, 'ISIframes': 2, 'rightResponseFirst': True}
541.8218 	INFO 	numtrials=360 and this trialDurFrames=7 or 116.666666667 ms  task=T1
542.9730 	EXP 	window1: recordFrameIntervals = False
542.9840 	INFO 	Mouse: using default window
545.5741 	DATA 	Keypress: i
546.2096 	DATA 	Keypress: backspace
546.7918 	DATA 	Keypress: l
547.0256 	DATA 	Keypress: i
547.2743 	DATA 	Keypress: m
548.4895 	DATA 	Keypress: b
548.6397 	DATA 	Keypress: o
549.3401 	DATA 	Keypress: y
549.4909 	EXP 	New trial (rep=4, index=2): {'leftStreamFlip': False, 'oneTarget': False, 'trialInstructionPos': (0, -1), 'probe': 'both', 'rightStreamFlip': False, 'horizVert': True, 'ISIframes': 2, 'rightResponseFirst': True}
549.5051 	INFO 	numtrials=360 and this trialDurFrames=7 or 116.666666667 ms  task=T1
550.7735 	EXP 	window1: recordFrameIntervals = False
550.7868 	INFO 	Mouse: using default window
552.3908 	DATA 	Keypress: b
552.5567 	DATA 	Keypress: a
553.1243 	DATA 	Keypress: r
554.1399 	DATA 	Keypress: b
554.3066 	DATA 	Keypress: a
554.5229 	DATA 	Keypress: d
554.6717 	EXP 	New trial (rep=4, index=3): {'leftStreamFlip': False, 'oneTarget': False, 'trialInstructionPos': (0, 1), 'probe': 'both', 'rightStreamFlip': False, 'horizVert': True, 'ISIframes': 2, 'rightResponseFirst': False}
554.6903 	INFO 	numtrials=360 and this trialDurFrames=7 or 116.666666667 ms  task=T1
555.8565 	EXP 	window1: recordFrameIntervals = False
555.8659 	INFO 	Mouse: using default window
558.9062 	DATA 	Keypress: y
559.5729 	DATA 	Keypress: e
560.1068 	DATA 	Keypress: w
562.0892 	DATA 	Keypress: y
562.5250 	DATA 	Keypress: e
562.8578 	DATA 	Keypress: w
563.0065 	EXP 	New trial (rep=4, index=4): {'leftStreamFlip': False, 'oneTarget': True, 'trialInstructionPos': (0, -1), 'probe': 'both', 'rightStreamFlip': False, 'horizVert': True, 'ISIframes': 2, 'rightResponseFirst': True}
563.0217 	INFO 	numtrials=360 and this trialDurFrames=7 or 116.666666667 ms  task=T1
564.2575 	EXP 	window1: recordFrameIntervals = False
564.2748 	INFO 	Mouse: using default window
566.0238 	DATA 	Keypress: r
566.1764 	DATA 	Keypress: a
566.3574 	DATA 	Keypress: w
566.5062 	EXP 	New trial (rep=4, index=5): {'leftStreamFlip': False, 'oneTarget': True, 'trialInstructionPos': (0, 1), 'probe': 'both', 'rightStreamFlip': False, 'horizVert': True, 'ISIframes': 2, 'rightResponseFirst': True}
566.5220 	INFO 	numtrials=360 and this trialDurFrames=7 or 116.666666667 ms  task=T1
567.5741 	EXP 	window1: recordFrameIntervals = False
567.5896 	INFO 	Mouse: using default window
568.7569 	DATA 	Keypress: c
568.9074 	DATA 	Keypress: a
569.8251 	DATA 	Keypress: b
569.9695 	EXP 	New trial (rep=4, index=6): {'leftStreamFlip': False, 'oneTarget': False, 'trialInstructionPos': (0, -1), 'probe': 'both', 'rightStreamFlip': False, 'horizVert': True, 'ISIframes': 2, 'rightResponseFirst': True}
569.9884 	INFO 	numtrials=360 and this trialDurFrames=7 or 116.666666667 ms  task=T1
571.0904 	EXP 	window1: recordFrameIntervals = False
571.1065 	INFO 	Mouse: using default window
573.2242 	DATA 	Keypress: o
573.4096 	DATA 	Keypress: u
574.1938 	DATA 	Keypress: r
575.1067 	DATA 	Keypress: c
575.2398 	DATA 	Keypress: a
576.1568 	DATA 	Keypress: b
576.3026 	EXP 	New trial (rep=4, index=7): {'leftStreamFlip': False, 'oneTarget': False, 'trialInstructionPos': (0, 1), 'probe': 'both', 'rightStreamFlip': False, 'horizVert': True, 'ISIframes': 2, 'rightResponseFirst': True}
576.3219 	INFO 	numtrials=360 and this trialDurFrames=7 or 116.666666667 ms  task=T1
577.5401 	EXP 	window1: recordFrameIntervals = False
577.5513 	INFO 	Mouse: using default window
579.5396 	DATA 	Keypress: n
580.0070 	DATA 	Keypress: o
580.1934 	DATA 	Keypress: o
580.7727 	DATA 	Keypress: s
581.6924 	DATA 	Keypress: a
581.8568 	DATA 	Keypress: y
582.0087 	EXP 	New trial (rep=4, index=8): {'leftStreamFlip': False, 'oneTarget': True, 'trialInstructionPos': (0, -1), 'probe': 'both', 'rightStreamFlip': False, 'horizVert': True, 'ISIframes': 2, 'rightResponseFirst': False}
582.0218 	INFO 	numtrials=360 and this trialDurFrames=7 or 116.666666667 ms  task=T1
583.1726 	EXP 	window1: recordFrameIntervals = False
583.1806 	INFO 	Mouse: using default window
584.6396 	DATA 	Keypress: h
584.7568 	DATA 	Keypress: o
584.9066 	DATA 	Keypress: p
585.0550 	EXP 	New trial (rep=4, index=9): {'leftStreamFlip': False, 'oneTarget': False, 'trialInstructionPos': (0, -1), 'probe': 'both', 'rightStreamFlip': False, 'horizVert': True, 'ISIframes': 2, 'rightResponseFirst': False}
585.0718 	INFO 	numtrials=360 and this trialDurFrames=7 or 116.666666667 ms  task=T1
586.1399 	EXP 	window1: recordFrameIntervals = False
586.1518 	INFO 	Mouse: using default window
586.9764 	DATA 	Keypress: f
587.0734 	DATA 	Keypress: a
587.3573 	DATA 	Keypress: r
591.5900 	DATA 	Keypress: f
591.7399 	DATA 	Keypress: a
592.6408 	DATA 	Keypress: r
592.7877 	EXP 	New trial (rep=4, index=10): {'leftStreamFlip': False, 'oneTarget': False, 'trialInstructionPos': (0, -1), 'probe': 'both', 'rightStreamFlip': False, 'horizVert': True, 'ISIframes': 2, 'rightResponseFirst': False}
592.8050 	INFO 	numtrials=360 and this trialDurFrames=7 or 116.666666667 ms  task=T1
593.9730 	EXP 	window1: recordFrameIntervals = False
593.9839 	INFO 	Mouse: using default window
596.2254 	DATA 	Keypress: n
596.4920 	DATA 	Keypress: o
596.6901 	DATA 	Keypress: r
597.3404 	DATA 	Keypress: s
597.4729 	DATA 	Keypress: k
597.6909 	DATA 	Keypress: i
597.8411 	EXP 	New trial (rep=4, index=11): {'leftStreamFlip': False, 'oneTarget': False, 'trialInstructionPos': (0, 1), 'probe': 'both', 'rightStreamFlip': False, 'horizVert': True, 'ISIframes': 2, 'rightResponseFirst': False}
597.8550 	INFO 	numtrials=360 and this trialDurFrames=7 or 116.666666667 ms  task=T1
598.9227 	EXP 	window1: recordFrameIntervals = False
598.9313 	INFO 	Mouse: using default window
600.9401 	DATA 	Keypress: n
601.1068 	DATA 	Keypress: u
601.6741 	DATA 	Keypress: p
602.8406 	DATA 	Keypress: s
602.9729 	DATA 	Keypress: u
603.1744 	DATA 	Keypress: b
603.3277 	EXP 	New trial (rep=5, index=0): {'leftStreamFlip': False, 'oneTarget': False, 'trialInstructionPos': (0, 1), 'probe': 'both', 'rightStreamFlip': False, 'horizVert': True, 'ISIframes': 2, 'rightResponseFirst': True}
603.3561 	INFO 	numtrials=360 and this trialDurFrames=7 or 116.666666667 ms  task=T1
604.5900 	EXP 	window1: recordFrameIntervals = False
604.6067 	INFO 	Mouse: using default window
606.5230 	DATA 	Keypress: f
606.6729 	DATA 	Keypress: o
607.2247 	DATA 	Keypress: x
607.9923 	DATA 	Keypress: i
608.1571 	DATA 	Keypress: n
608.4238 	DATA 	Keypress: k
608.5745 	EXP 	New trial (rep=5, index=1): {'leftStreamFlip': False, 'oneTarget': False, 'trialInstructionPos': (0, 1), 'probe': 'both', 'rightStreamFlip': False, 'horizVert': True, 'ISIframes': 2, 'rightResponseFirst': False}
608.5884 	INFO 	numtrials=360 and this trialDurFrames=7 or 116.666666667 ms  task=T1
609.6744 	EXP 	window1: recordFrameIntervals = False
609.6925 	INFO 	Mouse: using default window
613.0411 	DATA 	Keypress: j
613.2564 	DATA 	Keypress: e
613.3564 	DATA 	Keypress: t
614.4566 	DATA 	Keypress: b
614.5735 	DATA 	Keypress: u
614.7902 	DATA 	Keypress: r
614.9403 	EXP 	New trial (rep=5, index=2): {'leftStreamFlip': False, 'oneTarget': True, 'trialInstructionPos': (0, 1), 'probe': 'both', 'rightStreamFlip': False, 'horizVert': True, 'ISIframes': 2, 'rightResponseFirst': True}
614.9549 	INFO 	numtrials=360 and this trialDurFrames=7 or 116.666666667 ms  task=T1
616.0072 	EXP 	window1: recordFrameIntervals = False
616.0304 	INFO 	Mouse: using default window
617.6575 	DATA 	Keypress: r
617.8094 	DATA 	Keypress: o
617.9400 	DATA 	Keypress: t
618.0842 	EXP 	New trial (rep=5, index=3): {'leftStreamFlip': False, 'oneTarget': True, 'trialInstructionPos': (0, 1), 'probe': 'both', 'rightStreamFlip': False, 'horizVert': True, 'ISIframes': 2, 'rightResponseFirst': False}
618.1055 	INFO 	numtrials=360 and this trialDurFrames=7 or 116.666666667 ms  task=T1
619.2077 	EXP 	window1: recordFrameIntervals = False
619.2243 	INFO 	Mouse: using default window
620.0739 	DATA 	Keypress: p
620.1931 	DATA 	Keypress: a
620.6737 	DATA 	Keypress: d
620.8206 	EXP 	New trial (rep=5, index=4): {'leftStreamFlip': False, 'oneTarget': False, 'trialInstructionPos': (0, -1), 'probe': 'both', 'rightStreamFlip': False, 'horizVert': True, 'ISIframes': 2, 'rightResponseFirst': False}
620.8386 	INFO 	numtrials=360 and this trialDurFrames=7 or 116.666666667 ms  task=T1
621.8905 	EXP 	window1: recordFrameIntervals = False
621.9014 	INFO 	Mouse: using default window
624.3423 	DATA 	Keypress: y
624.5764 	DATA 	Keypress: e
625.0247 	DATA 	Keypress: s
625.6729 	DATA 	Keypress: g
625.7932 	DATA 	Keypress: u
626.0420 	DATA 	Keypress: n
626.2035 	EXP 	New trial (rep=5, index=5): {'leftStreamFlip': False, 'oneTarget': True, 'trialInstructionPos': (0, -1), 'probe': 'both', 'rightStreamFlip': False, 'horizVert': True, 'ISIframes': 2, 'rightResponseFirst': False}
626.2218 	INFO 	numtrials=360 and this trialDurFrames=7 or 116.666666667 ms  task=T1
627.3737 	EXP 	window1: recordFrameIntervals = False
627.3838 	INFO 	Mouse: using default window
628.9572 	DATA 	Keypress: f
629.1914 	DATA 	Keypress: o
630.5933 	DATA 	Keypress: x
630.7512 	EXP 	New trial (rep=5, index=6): {'leftStreamFlip': False, 'oneTarget': False, 'trialInstructionPos': (0, 1), 'probe': 'both', 'rightStreamFlip': False, 'horizVert': True, 'ISIframes': 2, 'rightResponseFirst': True}
630.7719 	INFO 	numtrials=360 and this trialDurFrames=7 or 116.666666667 ms  task=T1
631.8231 	EXP 	window1: recordFrameIntervals = False
631.8341 	INFO 	Mouse: using default window
632.8402 	DATA 	Keypress: y
633.0400 	DATA 	Keypress: o
633.1249 	DATA 	Keypress: u
634.1403 	DATA 	Keypress: b
634.4086 	DATA 	Keypress: a
634.5233 	DATA 	Keypress: g
634.6730 	EXP 	New trial (rep=5, index=7): {'leftStreamFlip': False, 'oneTarget': True, 'trialInstructionPos': (0, -1), 'probe': 'both', 'rightStreamFlip': False, 'horizVert': True, 'ISIframes': 2, 'rightResponseFirst': True}
634.6884 	INFO 	numtrials=360 and this trialDurFrames=7 or 116.666666667 ms  task=T1
635.8728 	EXP 	window1: recordFrameIntervals = False
635.8821 	INFO 	Mouse: using default window
636.8743 	DATA 	Keypress: j
637.1901 	DATA 	Keypress: a
637.4067 	DATA 	Keypress: w
637.5506 	EXP 	New trial (rep=5, index=8): {'leftStreamFlip': False, 'oneTarget': False, 'trialInstructionPos': (0, -1), 'probe': 'both', 'rightStreamFlip': False, 'horizVert': True, 'ISIframes': 2, 'rightResponseFirst': False}
637.5719 	INFO 	numtrials=360 and this trialDurFrames=7 or 116.666666667 ms  task=T1
638.6743 	EXP 	window1: recordFrameIntervals = False
638.6924 	INFO 	Mouse: using default window
640.0242 	DATA 	Keypress: s
640.1401 	DATA 	Keypress: u
641.0569 	DATA 	Keypress: backspace
641.2248 	DATA 	Keypress: backspace
642.1253 	DATA 	Keypress: t
642.2243 	DATA 	Keypress: o
642.3235 	DATA 	Keypress: p
642.9075 	DATA 	Keypress: s
643.3406 	DATA 	Keypress: u
643.5902 	DATA 	Keypress: m
643.7426 	EXP 	New trial (rep=5, index=9): {'leftStreamFlip': False, 'oneTarget': False, 'trialInstructionPos': (0, 1), 'probe': 'both', 'rightStreamFlip': False, 'horizVert': True, 'ISIframes': 2, 'rightResponseFirst': False}
643.7557 	INFO 	numtrials=360 and this trialDurFrames=7 or 116.666666667 ms  task=T1
644.8904 	EXP 	window1: recordFrameIntervals = False
644.9017 	INFO 	Mouse: using default window
645.8741 	DATA 	Keypress: s
646.0902 	DATA 	Keypress: a
646.5607 	DATA 	Keypress: t
647.8078 	DATA 	Keypress: s
648.0231 	DATA 	Keypress: a
648.2079 	DATA 	Keypress: t
648.3561 	EXP 	New trial (rep=5, index=10): {'leftStreamFlip': False, 'oneTarget': False, 'trialInstructionPos': (0, -1), 'probe': 'both', 'rightStreamFlip': False, 'horizVert': True, 'ISIframes': 2, 'rightResponseFirst': True}
648.3733 	INFO 	numtrials=360 and this trialDurFrames=7 or 116.666666667 ms  task=T1
649.6408 	EXP 	window1: recordFrameIntervals = False
649.6570 	INFO 	Mouse: using default window
650.8402 	DATA 	Keypress: c
650.9453 	DATA 	Keypress: a
651.1576 	DATA 	Keypress: t
651.8424 	DATA 	Keypress: m
652.0236 	DATA 	Keypress: a
652.1234 	DATA 	Keypress: n
652.2700 	EXP 	New trial (rep=5, index=11): {'leftStreamFlip': False, 'oneTarget': False, 'trialInstructionPos': (0, -1), 'probe': 'both', 'rightStreamFlip': False, 'horizVert': True, 'ISIframes': 2, 'rightResponseFirst': True}
652.2885 	INFO 	numtrials=360 and this trialDurFrames=7 or 116.666666667 ms  task=T1
653.3738 	EXP 	window1: recordFrameIntervals = False
653.3850 	INFO 	Mouse: using default window
654.8242 	DATA 	Keypress: f
654.9566 	DATA 	Keypress: e
655.6745 	DATA 	Keypress: d
656.4230 	DATA 	Keypress: b
656.5770 	DATA 	Keypress: e
656.7238 	DATA 	Keypress: d
656.8738 	EXP 	New trial (rep=6, index=0): {'leftStreamFlip': False, 'oneTarget': False, 'trialInstructionPos': (0, -1), 'probe': 'both', 'rightStreamFlip': False, 'horizVert': True, 'ISIframes': 2, 'rightResponseFirst': False}
656.8885 	INFO 	numtrials=360 and this trialDurFrames=7 or 116.666666667 ms  task=T1
658.0239 	EXP 	window1: recordFrameIntervals = False
658.0401 	INFO 	Mouse: using default window
660.7901 	DATA 	Keypress: d
660.9437 	DATA 	Keypress: r
661.3767 	DATA 	Keypress: y
661.8746 	DATA 	Keypress: e
661.9904 	DATA 	Keypress: a
662.2404 	DATA 	Keypress: r
662.3892 	EXP 	New trial (rep=6, index=1): {'leftStreamFlip': False, 'oneTarget': False, 'trialInstructionPos': (0, 1), 'probe': 'both', 'rightStreamFlip': False, 'horizVert': True, 'ISIframes': 2, 'rightResponseFirst': True}
662.4053 	INFO 	numtrials=360 and this trialDurFrames=7 or 116.666666667 ms  task=T1
663.5074 	EXP 	window1: recordFrameIntervals = False
663.5247 	INFO 	Mouse: using default window
665.3935 	DATA 	Keypress: o
665.5407 	DATA 	Keypress: u
666.3412 	DATA 	Keypress: r
667.0065 	DATA 	Keypress: s
667.2409 	DATA 	Keypress: e
667.4237 	DATA 	Keypress: e
667.5726 	EXP 	New trial (rep=6, index=2): {'leftStreamFlip': False, 'oneTarget': True, 'trialInstructionPos': (0, 1), 'probe': 'both', 'rightStreamFlip': False, 'horizVert': True, 'ISIframes': 2, 'rightResponseFirst': False}
667.5887 	INFO 	numtrials=360 and this trialDurFrames=7 or 116.666666667 ms  task=T1
668.8231 	EXP 	window1: recordFrameIntervals = False
668.8309 	INFO 	Mouse: using default window
669.8071 	DATA 	Keypress: z
670.3237 	DATA 	Keypress: i
670.4237 	DATA 	Keypress: p
670.5694 	EXP 	New trial (rep=6, index=3): {'leftStreamFlip': False, 'oneTarget': False, 'trialInstructionPos': (0, 1), 'probe': 'both', 'rightStreamFlip': False, 'horizVert': True, 'ISIframes': 2, 'rightResponseFirst': False}
670.5885 	INFO 	numtrials=360 and this trialDurFrames=7 or 116.666666667 ms  task=T1
671.7736 	EXP 	window1: recordFrameIntervals = False
671.7834 	INFO 	Mouse: using default window
673.5075 	DATA 	Keypress: c
673.6570 	DATA 	Keypress: a
673.7927 	DATA 	Keypress: n
674.5410 	DATA 	Keypress: f
674.6898 	DATA 	Keypress: o
674.9899 	DATA 	Keypress: x
675.1367 	EXP 	New trial (rep=6, index=4): {'leftStreamFlip': False, 'oneTarget': True, 'trialInstructionPos': (0, 1), 'probe': 'both', 'rightStreamFlip': False, 'horizVert': True, 'ISIframes': 2, 'rightResponseFirst': True}
675.1552 	INFO 	numtrials=360 and this trialDurFrames=7 or 116.666666667 ms  task=T1
676.1903 	EXP 	window1: recordFrameIntervals = False
676.2059 	INFO 	Mouse: using default window
677.1245 	DATA 	Keypress: k
677.4093 	DATA 	Keypress: i
677.8236 	DATA 	Keypress: t
677.9685 	EXP 	New trial (rep=6, index=5): {'leftStreamFlip': False, 'oneTarget': False, 'trialInstructionPos': (0, -1), 'probe': 'both', 'rightStreamFlip': False, 'horizVert': True, 'ISIframes': 2, 'rightResponseFirst': True}
677.9887 	INFO 	numtrials=360 and this trialDurFrames=7 or 116.666666667 ms  task=T1
679.1395 	EXP 	window1: recordFrameIntervals = False
679.1476 	INFO 	Mouse: using default window
681.5412 	DATA 	Keypress: s
681.6923 	DATA 	Keypress: h
681.8912 	DATA 	Keypress: y
682.8232 	DATA 	Keypress: n
682.9573 	DATA 	Keypress: o
683.1072 	DATA 	Keypress: n
683.2604 	EXP 	New trial (rep=6, index=6): {'leftStreamFlip': False, 'oneTarget': False, 'trialInstructionPos': (0, -1), 'probe': 'both', 'rightStreamFlip': False, 'horizVert': True, 'ISIframes': 2, 'rightResponseFirst': False}
683.2895 	INFO 	numtrials=360 and this trialDurFrames=7 or 116.666666667 ms  task=T1
684.3905 	EXP 	window1: recordFrameIntervals = False
684.4018 	INFO 	Mouse: using default window
686.4425 	DATA 	Keypress: t
686.6236 	DATA 	Keypress: e
686.8397 	DATA 	Keypress: n
687.0738 	DATA 	Keypress: c
687.1742 	DATA 	Keypress: a
687.4093 	DATA 	Keypress: r
687.5756 	EXP 	New trial (rep=6, index=7): {'leftStreamFlip': False, 'oneTarget': True, 'trialInstructionPos': (0, -1), 'probe': 'both', 'rightStreamFlip': False, 'horizVert': True, 'ISIframes': 2, 'rightResponseFirst': True}
687.5886 	INFO 	numtrials=360 and this trialDurFrames=7 or 116.666666667 ms  task=T1
688.8075 	EXP 	window1: recordFrameIntervals = False
688.8255 	INFO 	Mouse: using default window
689.7563 	DATA 	Keypress: b
689.9232 	DATA 	Keypress: i
690.1241 	DATA 	Keypress: d
690.2685 	EXP 	New trial (rep=6, index=8): {'leftStreamFlip': False, 'oneTarget': False, 'trialInstructionPos': (0, 1), 'probe': 'both', 'rightStreamFlip': False, 'horizVert': True, 'ISIframes': 2, 'rightResponseFirst': True}
690.2887 	INFO 	numtrials=360 and this trialDurFrames=7 or 116.666666667 ms  task=T1
691.4576 	EXP 	window1: recordFrameIntervals = False
691.4763 	INFO 	Mouse: using default window
692.5077 	DATA 	Keypress: a
692.9605 	DATA 	Keypress: r
693.1732 	DATA 	Keypress: t
695.1898 	DATA 	Keypress: g
695.3569 	DATA 	Keypress: o
695.4748 	DATA 	Keypress: t
695.6246 	EXP 	New trial (rep=6, index=9): {'leftStreamFlip': False, 'oneTarget': False, 'trialInstructionPos': (0, -1), 'probe': 'both', 'rightStreamFlip': False, 'horizVert': True, 'ISIframes': 2, 'rightResponseFirst': True}
695.6387 	INFO 	numtrials=360 and this trialDurFrames=7 or 116.666666667 ms  task=T1
696.6906 	EXP 	window1: recordFrameIntervals = False
696.6999 	INFO 	Mouse: using default window
699.3567 	DATA 	Keypress: i
699.4403 	DATA 	Keypress: c
699.5570 	DATA 	Keypress: e
700.9620 	DATA 	Keypress: c
701.1072 	DATA 	Keypress: o
701.3069 	DATA 	Keypress: n
701.4552 	EXP 	New trial (rep=6, index=10): {'leftStreamFlip': False, 'oneTarget': False, 'trialInstructionPos': (0, 1), 'probe': 'both', 'rightStreamFlip': False, 'horizVert': True, 'ISIframes': 2, 'rightResponseFirst': False}
701.4721 	INFO 	numtrials=360 and this trialDurFrames=7 or 116.666666667 ms  task=T1
702.6236 	EXP 	window1: recordFrameIntervals = False
702.6386 	INFO 	Mouse: using default window
703.2903 	DATA 	Keypress: d
703.4098 	DATA 	Keypress: a
703.6573 	DATA 	Keypress: d
704.4912 	DATA 	Keypress: a
704.6579 	DATA 	Keypress: d
705.2086 	DATA 	Keypress: backspace
705.4740 	DATA 	Keypress: backspace
705.6237 	DATA 	Keypress: d
705.7574 	DATA 	Keypress: a
705.9236 	DATA 	Keypress: d
706.0746 	EXP 	New trial (rep=6, index=11): {'leftStreamFlip': False, 'oneTarget': True, 'trialInstructionPos': (0, -1), 'probe': 'both', 'rightStreamFlip': False, 'horizVert': True, 'ISIframes': 2, 'rightResponseFirst': False}
706.0888 	INFO 	numtrials=360 and this trialDurFrames=7 or 116.666666667 ms  task=T1
707.2579 	EXP 	window1: recordFrameIntervals = False
707.2740 	INFO 	Mouse: using default window
708.4735 	DATA 	Keypress: t
708.6418 	DATA 	Keypress: r
708.7592 	DATA 	Keypress: y
708.9052 	EXP 	New trial (rep=7, index=0): {'leftStreamFlip': False, 'oneTarget': False, 'trialInstructionPos': (0, 1), 'probe': 'both', 'rightStreamFlip': False, 'horizVert': True, 'ISIframes': 2, 'rightResponseFirst': False}
708.9224 	INFO 	numtrials=360 and this trialDurFrames=6 or 100.0 ms  task=T1
710.1238 	EXP 	window1: recordFrameIntervals = False
710.1319 	INFO 	Mouse: using default window
711.5401 	DATA 	Keypress: j
711.6405 	DATA 	Keypress: o
712.0899 	DATA 	Keypress: b
713.8590 	DATA 	Keypress: j
713.9734 	DATA 	Keypress: o
714.2095 	DATA 	Keypress: b
714.3713 	EXP 	New trial (rep=7, index=1): {'leftStreamFlip': False, 'oneTarget': True, 'trialInstructionPos': (0, -1), 'probe': 'both', 'rightStreamFlip': False, 'horizVert': True, 'ISIframes': 2, 'rightResponseFirst': True}
714.3888 	INFO 	numtrials=360 and this trialDurFrames=6 or 100.0 ms  task=T1
715.5245 	EXP 	window1: recordFrameIntervals = False
715.5448 	INFO 	Mouse: using default window
716.3235 	DATA 	Keypress: f
716.4402 	DATA 	Keypress: a
716.6577 	DATA 	Keypress: r
716.8086 	EXP 	New trial (rep=7, index=2): {'leftStreamFlip': False, 'oneTarget': False, 'trialInstructionPos': (0, 1), 'probe': 'both', 'rightStreamFlip': False, 'horizVert': True, 'ISIframes': 2, 'rightResponseFirst': False}
716.8236 	INFO 	numtrials=360 and this trialDurFrames=7 or 116.666666667 ms  task=T1
718.0569 	EXP 	window1: recordFrameIntervals = False
718.0677 	INFO 	Mouse: using default window
719.5579 	DATA 	Keypress: a
720.2406 	DATA 	Keypress: backspace
720.7737 	DATA 	Keypress: l
720.9899 	DATA 	Keypress: i
721.4907 	DATA 	Keypress: t
722.3235 	DATA 	Keypress: a
722.4747 	DATA 	Keypress: p
722.7411 	DATA 	Keypress: e
722.8937 	EXP 	New trial (rep=7, index=3): {'leftStreamFlip': False, 'oneTarget': False, 'trialInstructionPos': (0, -1), 'probe': 'both', 'rightStreamFlip': False, 'horizVert': True, 'ISIframes': 2, 'rightResponseFirst': False}
722.9223 	INFO 	numtrials=360 and this trialDurFrames=7 or 116.666666667 ms  task=T1
724.1065 	EXP 	window1: recordFrameIntervals = False
724.1223 	INFO 	Mouse: using default window
725.4572 	DATA 	Keypress: t
725.6068 	DATA 	Keypress: a
726.5080 	DATA 	Keypress: p
727.3243 	DATA 	Keypress: b
727.7581 	DATA 	Keypress: o
728.8747 	DATA 	Keypress: x
729.0209 	EXP 	New trial (rep=7, index=4): {'leftStreamFlip': False, 'oneTarget': True, 'trialInstructionPos': (0, -1), 'probe': 'both', 'rightStreamFlip': False, 'horizVert': True, 'ISIframes': 2, 'rightResponseFirst': False}
729.0385 	INFO 	numtrials=360 and this trialDurFrames=7 or 116.666666667 ms  task=T1
730.1074 	EXP 	window1: recordFrameIntervals = False
730.1246 	INFO 	Mouse: using default window
730.8913 	DATA 	Keypress: t
731.0405 	DATA 	Keypress: a
731.7237 	DATA 	Keypress: g
731.8667 	EXP 	New trial (rep=7, index=5): {'leftStreamFlip': False, 'oneTarget': False, 'trialInstructionPos': (0, 1), 'probe': 'both', 'rightStreamFlip': False, 'horizVert': True, 'ISIframes': 2, 'rightResponseFirst': True}
731.8887 	INFO 	numtrials=360 and this trialDurFrames=7 or 116.666666667 ms  task=T1
732.9566 	EXP 	window1: recordFrameIntervals = False
732.9649 	INFO 	Mouse: using default window
734.6908 	DATA 	Keypress: p
734.8401 	DATA 	Keypress: e
735.0241 	DATA 	Keypress: r
735.7413 	DATA 	Keypress: p
736.3232 	DATA 	Keypress: o
736.5772 	DATA 	Keypress: d
736.7378 	EXP 	New trial (rep=7, index=6): {'leftStreamFlip': False, 'oneTarget': False, 'trialInstructionPos': (0, -1), 'probe': 'both', 'rightStreamFlip': False, 'horizVert': True, 'ISIframes': 2, 'rightResponseFirst': True}
736.7553 	INFO 	numtrials=360 and this trialDurFrames=7 or 116.666666667 ms  task=T1
737.8741 	EXP 	window1: recordFrameIntervals = False
737.8879 	INFO 	Mouse: using default window
739.6912 	DATA 	Keypress: f
739.8738 	DATA 	Keypress: o
740.0756 	DATA 	Keypress: d
740.7744 	DATA 	Keypress: g
740.9096 	DATA 	Keypress: y
741.2246 	DATA 	Keypress: m
741.3736 	EXP 	New trial (rep=7, index=7): {'leftStreamFlip': False, 'oneTarget': False, 'trialInstructionPos': (0, -1), 'probe': 'both', 'rightStreamFlip': False, 'horizVert': True, 'ISIframes': 2, 'rightResponseFirst': False}
741.3890 	INFO 	numtrials=360 and this trialDurFrames=7 or 116.666666667 ms  task=T1
742.4399 	EXP 	window1: recordFrameIntervals = False
742.4491 	INFO 	Mouse: using default window
744.1568 	DATA 	Keypress: f
744.3072 	DATA 	Keypress: i
744.4740 	DATA 	Keypress: r
746.0907 	DATA 	Keypress: f
746.2260 	DATA 	Keypress: i
746.3571 	DATA 	Keypress: r
746.5102 	EXP 	New trial (rep=7, index=8): {'leftStreamFlip': False, 'oneTarget': True, 'trialInstructionPos': (0, 1), 'probe': 'both', 'rightStreamFlip': False, 'horizVert': True, 'ISIframes': 2, 'rightResponseFirst': True}
746.5397 	INFO 	numtrials=360 and this trialDurFrames=7 or 116.666666667 ms  task=T1
747.6403 	EXP 	window1: recordFrameIntervals = False
747.6510 	INFO 	Mouse: using default window
748.3746 	DATA 	Keypress: a
748.5414 	DATA 	Keypress: y
749.2414 	DATA 	Keypress: e
749.3891 	EXP 	New trial (rep=7, index=9): {'leftStreamFlip': False, 'oneTarget': False, 'trialInstructionPos': (0, -1), 'probe': 'both', 'rightStreamFlip': False, 'horizVert': True, 'ISIframes': 2, 'rightResponseFirst': True}
749.4055 	INFO 	numtrials=360 and this trialDurFrames=7 or 116.666666667 ms  task=T1
750.5580 	EXP 	window1: recordFrameIntervals = False
750.5815 	INFO 	Mouse: using default window
751.6738 	DATA 	Keypress: i
751.8571 	DATA 	Keypress: c
751.9753 	DATA 	Keypress: e
752.9764 	DATA 	Keypress: p
753.4247 	DATA 	Keypress: r
753.6254 	DATA 	Keypress: i
753.7720 	EXP 	New trial (rep=7, index=10): {'leftStreamFlip': False, 'oneTarget': True, 'trialInstructionPos': (0, 1), 'probe': 'both', 'rightStreamFlip': False, 'horizVert': True, 'ISIframes': 2, 'rightResponseFirst': False}
753.7888 	INFO 	numtrials=360 and this trialDurFrames=7 or 116.666666667 ms  task=T1
754.8243 	EXP 	window1: recordFrameIntervals = False
754.8331 	INFO 	Mouse: using default window
755.6075 	DATA 	Keypress: c
755.7237 	DATA 	Keypress: a
755.8079 	DATA 	Keypress: n
755.9710 	EXP 	New trial (rep=7, index=11): {'leftStreamFlip': False, 'oneTarget': False, 'trialInstructionPos': (0, 1), 'probe': 'both', 'rightStreamFlip': False, 'horizVert': True, 'ISIframes': 2, 'rightResponseFirst': True}
755.9890 	INFO 	numtrials=360 and this trialDurFrames=7 or 116.666666667 ms  task=T1
757.1739 	EXP 	window1: recordFrameIntervals = False
757.1877 	INFO 	Mouse: using default window
758.5578 	DATA 	Keypress: k
758.7749 	DATA 	Keypress: i
759.0914 	DATA 	Keypress: d
760.0077 	DATA 	Keypress: c
760.1577 	DATA 	Keypress: u
760.4078 	DATA 	Keypress: t
760.5554 	EXP 	New trial (rep=8, index=0): {'leftStreamFlip': False, 'oneTarget': False, 'trialInstructionPos': (0, -1), 'probe': 'both', 'rightStreamFlip': False, 'horizVert': True, 'ISIframes': 2, 'rightResponseFirst': True}
760.5722 	INFO 	numtrials=360 and this trialDurFrames=7 or 116.666666667 ms  task=T1
761.6403 	EXP 	window1: recordFrameIntervals = False
761.6500 	INFO 	Mouse: using default window
762.4574 	DATA 	Keypress: a
763.2909 	DATA 	Keypress: r
763.4737 	DATA 	Keypress: m
764.1404 	DATA 	Keypress: d
764.3243 	DATA 	Keypress: o
764.5399 	DATA 	Keypress: c
764.6915 	EXP 	New trial (rep=8, index=1): {'leftStreamFlip': False, 'oneTarget': False, 'trialInstructionPos': (0, 1), 'probe': 'both', 'rightStreamFlip': False, 'horizVert': True, 'ISIframes': 2, 'rightResponseFirst': True}
764.7055 	INFO 	numtrials=360 and this trialDurFrames=7 or 116.666666667 ms  task=T1
765.8079 	EXP 	window1: recordFrameIntervals = False
765.8256 	INFO 	Mouse: using default window
767.4078 	DATA 	Keypress: c
767.5235 	DATA 	Keypress: u
767.7601 	DATA 	Keypress: t
768.1406 	DATA 	Keypress: c
768.2904 	DATA 	Keypress: u
768.6239 	DATA 	Keypress: t
768.7776 	EXP 	New trial (rep=8, index=2): {'leftStreamFlip': False, 'oneTarget': False, 'trialInstructionPos': (0, 1), 'probe': 'both', 'rightStreamFlip': False, 'horizVert': True, 'ISIframes': 2, 'rightResponseFirst': False}
768.8063 	INFO 	numtrials=360 and this trialDurFrames=7 or 116.666666667 ms  task=T1
769.9580 	EXP 	window1: recordFrameIntervals = False
769.9735 	INFO 	Mouse: using default window
771.5415 	DATA 	Keypress: d
771.7576 	DATA 	Keypress: i
772.8590 	DATA 	Keypress: backspace
773.0904 	DATA 	Keypress: backspace
774.2735 	DATA 	Keypress: d
774.4078 	DATA 	Keypress: i
774.8732 	DATA 	Keypress: t
775.2078 	DATA 	Keypress: l
775.4574 	DATA 	Keypress: i
775.7072 	DATA 	Keypress: m
775.8608 	EXP 	New trial (rep=8, index=3): {'leftStreamFlip': False, 'oneTarget': False, 'trialInstructionPos': (0, -1), 'probe': 'both', 'rightStreamFlip': False, 'horizVert': True, 'ISIframes': 2, 'rightResponseFirst': True}
775.8892 	INFO 	numtrials=360 and this trialDurFrames=7 or 116.666666667 ms  task=T1
777.0073 	EXP 	window1: recordFrameIntervals = False
777.0166 	INFO 	Mouse: using default window
778.5934 	DATA 	Keypress: w
778.7734 	DATA 	Keypress: a
779.0242 	DATA 	Keypress: r
779.7404 	DATA 	Keypress: c
780.5063 	DATA 	Keypress: o
780.7065 	DATA 	Keypress: n
780.8532 	EXP 	New trial (rep=8, index=4): {'leftStreamFlip': False, 'oneTarget': False, 'trialInstructionPos': (0, 1), 'probe': 'both', 'rightStreamFlip': False, 'horizVert': True, 'ISIframes': 2, 'rightResponseFirst': True}
780.8722 	INFO 	numtrials=360 and this trialDurFrames=7 or 116.666666667 ms  task=T1
781.9400 	EXP 	window1: recordFrameIntervals = False
781.9486 	INFO 	Mouse: using default window
783.0407 	DATA 	Keypress: d
784.5238 	DATA 	Keypress: o
784.6738 	DATA 	Keypress: c
785.1397 	DATA 	Keypress: i
785.3567 	DATA 	Keypress: n
785.5400 	DATA 	Keypress: k
785.6825 	EXP 	New trial (rep=8, index=5): {'leftStreamFlip': False, 'oneTarget': True, 'trialInstructionPos': (0, -1), 'probe': 'both', 'rightStreamFlip': False, 'horizVert': True, 'ISIframes': 2, 'rightResponseFirst': False}
785.7061 	INFO 	numtrials=360 and this trialDurFrames=7 or 116.666666667 ms  task=T1
786.7729 	EXP 	window1: recordFrameIntervals = False
786.7812 	INFO 	Mouse: using default window
788.0233 	DATA 	Keypress: h
788.0900 	DATA 	Keypress: i
788.2241 	DATA 	Keypress: p
788.3831 	EXP 	New trial (rep=8, index=6): {'leftStreamFlip': False, 'oneTarget': False, 'trialInstructionPos': (0, -1), 'probe': 'both', 'rightStreamFlip': False, 'horizVert': True, 'ISIframes': 2, 'rightResponseFirst': False}
788.4057 	INFO 	numtrials=360 and this trialDurFrames=7 or 116.666666667 ms  task=T1
789.4899 	EXP 	window1: recordFrameIntervals = False
789.4995 	INFO 	Mouse: using default window
791.8912 	DATA 	Keypress: m
792.0744 	DATA 	Keypress: e
792.2408 	DATA 	Keypress: t
792.9412 	DATA 	Keypress: g
793.0573 	DATA 	Keypress: e
793.2072 	DATA 	Keypress: t
793.3563 	EXP 	New trial (rep=8, index=7): {'leftStreamFlip': False, 'oneTarget': False, 'trialInstructionPos': (0, 1), 'probe': 'both', 'rightStreamFlip': False, 'horizVert': True, 'ISIframes': 2, 'rightResponseFirst': False}
793.3738 	INFO 	numtrials=360 and this trialDurFrames=6 or 100.0 ms  task=T1
794.4571 	EXP 	window1: recordFrameIntervals = False
794.4680 	INFO 	Mouse: using default window
796.5930 	DATA 	Keypress: d
797.4738 	DATA 	Keypress: backspace
799.0906 	DATA 	Keypress: p
799.4745 	DATA 	Keypress: u
799.6904 	DATA 	Keypress: r
800.4910 	DATA 	Keypress: d
800.6590 	DATA 	Keypress: u
800.7754 	DATA 	Keypress: e
800.9289 	EXP 	New trial (rep=8, index=8): {'leftStreamFlip': False, 'oneTarget': True, 'trialInstructionPos': (0, 1), 'probe': 'both', 'rightStreamFlip': False, 'horizVert': True, 'ISIframes': 2, 'rightResponseFirst': False}
800.9557 	INFO 	numtrials=360 and this trialDurFrames=6 or 100.0 ms  task=T1
802.0243 	EXP 	window1: recordFrameIntervals = False
802.0404 	INFO 	Mouse: using default window
802.7926 	DATA 	Keypress: w
803.0096 	DATA 	Keypress: h
803.1572 	DATA 	Keypress: y
803.2998 	EXP 	New trial (rep=8, index=9): {'leftStreamFlip': False, 'oneTarget': True, 'trialInstructionPos': (0, -1), 'probe': 'both', 'rightStreamFlip': False, 'horizVert': True, 'ISIframes': 2, 'rightResponseFirst': True}
803.3223 	INFO 	numtrials=360 and this trialDurFrames=6 or 100.0 ms  task=T1
804.4582 	EXP 	window1: recordFrameIntervals = False
804.4797 	INFO 	Mouse: using default window
807.0903 	DATA 	Keypress: p
807.2403 	DATA 	Keypress: i
807.4593 	DATA 	Keypress: g
807.6052 	EXP 	New trial (rep=8, index=10): {'leftStreamFlip': False, 'oneTarget': True, 'trialInstructionPos': (0, 1), 'probe': 'both', 'rightStreamFlip': False, 'horizVert': True, 'ISIframes': 2, 'rightResponseFirst': True}
807.6223 	INFO 	numtrials=360 and this trialDurFrames=6 or 100.0 ms  task=T1
808.6740 	EXP 	window1: recordFrameIntervals = False
808.6896 	INFO 	Mouse: using default window
809.5570 	DATA 	Keypress: t
809.7399 	DATA 	Keypress: a
810.0078 	DATA 	Keypress: p
810.1581 	EXP 	New trial (rep=8, index=11): {'leftStreamFlip': False, 'oneTarget': False, 'trialInstructionPos': (0, -1), 'probe': 'both', 'rightStreamFlip': False, 'horizVert': True, 'ISIframes': 2, 'rightResponseFirst': False}
810.1726 	INFO 	numtrials=360 and this trialDurFrames=7 or 116.666666667 ms  task=T1
811.3575 	EXP 	window1: recordFrameIntervals = False
811.3753 	INFO 	Mouse: using default window
814.7746 	DATA 	Keypress: t
814.8915 	DATA 	Keypress: u
815.0904 	DATA 	Keypress: n
817.0247 	DATA 	Keypress: r
817.1574 	DATA 	Keypress: e
818.1403 	DATA 	Keypress: d
818.2879 	EXP 	New trial (rep=9, index=0): {'leftStreamFlip': False, 'oneTarget': True, 'trialInstructionPos': (0, -1), 'probe': 'both', 'rightStreamFlip': False, 'horizVert': True, 'ISIframes': 2, 'rightResponseFirst': False}
818.3056 	INFO 	numtrials=360 and this trialDurFrames=7 or 116.666666667 ms  task=T1
819.5578 	EXP 	window1: recordFrameIntervals = False
819.5762 	INFO 	Mouse: using default window
820.5738 	DATA 	Keypress: k
820.7421 	DATA 	Keypress: e
820.8578 	DATA 	Keypress: y
821.0005 	EXP 	New trial (rep=9, index=1): {'leftStreamFlip': False, 'oneTarget': False, 'trialInstructionPos': (0, 1), 'probe': 'both', 'rightStreamFlip': False, 'horizVert': True, 'ISIframes': 2, 'rightResponseFirst': False}
821.0223 	INFO 	numtrials=360 and this trialDurFrames=6 or 100.0 ms  task=T1
822.1407 	EXP 	window1: recordFrameIntervals = False
822.1543 	INFO 	Mouse: using default window
824.3086 	DATA 	Keypress: l
824.5742 	DATA 	Keypress: o
824.8411 	DATA 	Keypress: g
825.7446 	DATA 	Keypress: o
826.0909 	DATA 	Keypress: l
826.7916 	DATA 	Keypress: d
826.9388 	EXP 	New trial (rep=9, index=2): {'leftStreamFlip': False, 'oneTarget': False, 'trialInstructionPos': (0, 1), 'probe': 'both', 'rightStreamFlip': False, 'horizVert': True, 'ISIframes': 2, 'rightResponseFirst': True}
826.9558 	INFO 	numtrials=360 and this trialDurFrames=6 or 100.0 ms  task=T1
828.1902 	EXP 	window1: recordFrameIntervals = False
828.2015 	INFO 	Mouse: using default window
830.1781 	DATA 	Keypress: a
830.3758 	DATA 	Keypress: i
830.8083 	DATA 	Keypress: m
832.0738 	DATA 	Keypress: c
832.2084 	DATA 	Keypress: a
832.3585 	DATA 	Keypress: b
832.5056 	EXP 	New trial (rep=9, index=3): {'leftStreamFlip': False, 'oneTarget': False, 'trialInstructionPos': (0, 1), 'probe': 'both', 'rightStreamFlip': False, 'horizVert': True, 'ISIframes': 2, 'rightResponseFirst': False}
832.5226 	INFO 	numtrials=360 and this trialDurFrames=6 or 100.0 ms  task=T1
833.7069 	EXP 	window1: recordFrameIntervals = False
833.7204 	INFO 	Mouse: using default window
835.8079 	DATA 	Keypress: c
835.9237 	DATA 	Keypress: a
836.1411 	DATA 	Keypress: p
837.5915 	DATA 	Keypress: i
837.8088 	DATA 	Keypress: l
837.9574 	DATA 	Keypress: l
838.1095 	EXP 	New trial (rep=9, index=4): {'leftStreamFlip': False, 'oneTarget': False, 'trialInstructionPos': (0, -1), 'probe': 'both', 'rightStreamFlip': False, 'horizVert': True, 'ISIframes': 2, 'rightResponseFirst': False}
838.1239 	INFO 	numtrials=360 and this trialDurFrames=6 or 100.0 ms  task=T1
839.2566 	EXP 	window1: recordFrameIntervals = False
839.2648 	INFO 	Mouse: using default window
842.8249 	DATA 	Keypress: h
843.1739 	DATA 	Keypress: i
843.4245 	DATA 	Keypress: i
844.7075 	DATA 	Keypress: b
844.8578 	DATA 	Keypress: e
845.1742 	DATA 	Keypress: t
845.3223 	EXP 	New trial (rep=9, index=5): {'leftStreamFlip': False, 'oneTarget': False, 'trialInstructionPos': (0, -1), 'probe': 'both', 'rightStreamFlip': False, 'horizVert': True, 'ISIframes': 2, 'rightResponseFirst': True}
845.3390 	INFO 	numtrials=360 and this trialDurFrames=7 or 116.666666667 ms  task=T1
846.4405 	EXP 	window1: recordFrameIntervals = False
846.4539 	INFO 	Mouse: using default window
848.2248 	DATA 	Keypress: w
848.5898 	DATA 	Keypress: o
849.1085 	DATA 	Keypress: backspace
849.3064 	DATA 	Keypress: backspace
849.7735 	DATA 	Keypress: o
849.9739 	DATA 	Keypress: w
850.2243 	DATA 	Keypress: e
851.1739 	DATA 	Keypress: h
851.3067 	DATA 	Keypress: o
851.6563 	DATA 	Keypress: t
851.8159 	EXP 	New trial (rep=9, index=6): {'leftStreamFlip': False, 'oneTarget': False, 'trialInstructionPos': (0, 1), 'probe': 'both', 'rightStreamFlip': False, 'horizVert': True, 'ISIframes': 2, 'rightResponseFirst': True}
851.8387 	INFO 	numtrials=360 and this trialDurFrames=7 or 116.666666667 ms  task=T1
852.9575 	EXP 	window1: recordFrameIntervals = False
852.9749 	INFO 	Mouse: using default window
854.2246 	DATA 	Keypress: p
854.4905 	DATA 	Keypress: i
855.1568 	DATA 	Keypress: e
856.0416 	DATA 	Keypress: h
856.1736 	DATA 	Keypress: i
856.3911 	DATA 	Keypress: m
856.5379 	EXP 	New trial (rep=9, index=7): {'leftStreamFlip': False, 'oneTarget': False, 'trialInstructionPos': (0, -1), 'probe': 'both', 'rightStreamFlip': False, 'horizVert': True, 'ISIframes': 2, 'rightResponseFirst': True}
856.5555 	INFO 	numtrials=360 and this trialDurFrames=6 or 100.0 ms  task=T1
857.7237 	EXP 	window1: recordFrameIntervals = False
857.7330 	INFO 	Mouse: using default window
859.0083 	DATA 	Keypress: p
859.3742 	DATA 	Keypress: u
861.4408 	DATA 	Keypress: d
861.7083 	DATA 	Keypress: b
862.0399 	DATA 	Keypress: u
862.4232 	DATA 	Keypress: g
862.5664 	EXP 	New trial (rep=9, index=8): {'leftStreamFlip': False, 'oneTarget': True, 'trialInstructionPos': (0, 1), 'probe': 'both', 'rightStreamFlip': False, 'horizVert': True, 'ISIframes': 2, 'rightResponseFirst': False}
862.5889 	INFO 	numtrials=360 and this trialDurFrames=7 or 116.666666667 ms  task=T1
863.7398 	EXP 	window1: recordFrameIntervals = False
863.7483 	INFO 	Mouse: using default window
865.4244 	DATA 	Keypress: b
865.6901 	DATA 	Keypress: u
866.1738 	DATA 	Keypress: g
866.3182 	EXP 	New trial (rep=9, index=9): {'leftStreamFlip': False, 'oneTarget': True, 'trialInstructionPos': (0, 1), 'probe': 'both', 'rightStreamFlip': False, 'horizVert': True, 'ISIframes': 2, 'rightResponseFirst': True}
866.3391 	INFO 	numtrials=360 and this trialDurFrames=7 or 116.666666667 ms  task=T1
867.3727 	EXP 	window1: recordFrameIntervals = False
867.3799 	INFO 	Mouse: using default window
868.4404 	DATA 	Keypress: s
868.7242 	DATA 	Keypress: e
868.9397 	DATA 	Keypress: e
869.0866 	EXP 	New trial (rep=9, index=10): {'leftStreamFlip': False, 'oneTarget': False, 'trialInstructionPos': (0, -1), 'probe': 'both', 'rightStreamFlip': False, 'horizVert': True, 'ISIframes': 2, 'rightResponseFirst': False}
869.1061 	INFO 	numtrials=360 and this trialDurFrames=7 or 116.666666667 ms  task=T1
870.2900 	EXP 	window1: recordFrameIntervals = False
870.2973 	INFO 	Mouse: using default window
871.7926 	DATA 	Keypress: r
872.0739 	DATA 	Keypress: i
872.2237 	DATA 	Keypress: p
873.4898 	DATA 	Keypress: r
873.6565 	DATA 	Keypress: i
873.7902 	DATA 	Keypress: p
873.9316 	EXP 	New trial (rep=9, index=11): {'leftStreamFlip': False, 'oneTarget': True, 'trialInstructionPos': (0, -1), 'probe': 'both', 'rightStreamFlip': False, 'horizVert': True, 'ISIframes': 2, 'rightResponseFirst': True}
873.9551 	INFO 	numtrials=360 and this trialDurFrames=7 or 116.666666667 ms  task=T1
875.0565 	EXP 	window1: recordFrameIntervals = False
875.0665 	INFO 	Mouse: using default window
875.9402 	DATA 	Keypress: r
876.0737 	DATA 	Keypress: a
876.5947 	DATA 	Keypress: y
876.7490 	EXP 	New trial (rep=10, index=0): {'leftStreamFlip': False, 'oneTarget': False, 'trialInstructionPos': (0, 1), 'probe': 'both', 'rightStreamFlip': False, 'horizVert': True, 'ISIframes': 2, 'rightResponseFirst': True}
876.7728 	INFO 	numtrials=360 and this trialDurFrames=7 or 116.666666667 ms  task=T1
877.9897 	EXP 	window1: recordFrameIntervals = False
877.9976 	INFO 	Mouse: using default window
878.7401 	DATA 	Keypress: w
878.9068 	DATA 	Keypress: a
879.5902 	DATA 	Keypress: s
880.9238 	DATA 	Keypress: d
881.0406 	DATA 	Keypress: o
881.3070 	DATA 	Keypress: n
881.4597 	EXP 	New trial (rep=10, index=1): {'leftStreamFlip': False, 'oneTarget': False, 'trialInstructionPos': (0, 1), 'probe': 'both', 'rightStreamFlip': False, 'horizVert': True, 'ISIframes': 2, 'rightResponseFirst': False}
881.4738 	INFO 	numtrials=360 and this trialDurFrames=7 or 116.666666667 ms  task=T1
882.6566 	EXP 	window1: recordFrameIntervals = False
882.6655 	INFO 	Mouse: using default window
884.6409 	DATA 	Keypress: m
884.8403 	DATA 	Keypress: o
885.1236 	DATA 	Keypress: b
885.8418 	DATA 	Keypress: m
886.0915 	DATA 	Keypress: o
887.0742 	DATA 	Keypress: b
887.2198 	EXP 	New trial (rep=10, index=2): {'leftStreamFlip': False, 'oneTarget': False, 'trialInstructionPos': (0, 1), 'probe': 'both', 'rightStreamFlip': False, 'horizVert': True, 'ISIframes': 2, 'rightResponseFirst': True}
887.2387 	INFO 	numtrials=360 and this trialDurFrames=7 or 116.666666667 ms  task=T1
888.3065 	EXP 	window1: recordFrameIntervals = False
888.3153 	INFO 	Mouse: using default window
890.3066 	DATA 	Keypress: m
890.5079 	DATA 	Keypress: e
890.7236 	DATA 	Keypress: n
891.8910 	DATA 	Keypress: p
892.0422 	DATA 	Keypress: e
892.3902 	DATA 	Keypress: d
892.5414 	EXP 	New trial (rep=10, index=3): {'leftStreamFlip': False, 'oneTarget': False, 'trialInstructionPos': (0, -1), 'probe': 'both', 'rightStreamFlip': False, 'horizVert': True, 'ISIframes': 2, 'rightResponseFirst': True}
892.5557 	INFO 	numtrials=360 and this trialDurFrames=7 or 116.666666667 ms  task=T1
893.8235 	EXP 	window1: recordFrameIntervals = False
893.8326 	INFO 	Mouse: using default window
895.1251 	DATA 	Keypress: b
895.4587 	DATA 	Keypress: o
896.1072 	DATA 	Keypress: x
897.0251 	DATA 	Keypress: e
897.2740 	DATA 	Keypress: y
897.4097 	DATA 	Keypress: e
897.5714 	EXP 	New trial (rep=10, index=4): {'leftStreamFlip': False, 'oneTarget': False, 'trialInstructionPos': (0, 1), 'probe': 'both', 'rightStreamFlip': False, 'horizVert': True, 'ISIframes': 2, 'rightResponseFirst': False}
897.5908 	INFO 	numtrials=360 and this trialDurFrames=7 or 116.666666667 ms  task=T1
898.8581 	EXP 	window1: recordFrameIntervals = False
898.8774 	INFO 	Mouse: using default window
900.7075 	DATA 	Keypress: m
900.8408 	DATA 	Keypress: a
901.0099 	DATA 	Keypress: n
901.7252 	DATA 	Keypress: m
901.8409 	DATA 	Keypress: a
902.2419 	DATA 	Keypress: y
902.3870 	EXP 	New trial (rep=10, index=5): {'leftStreamFlip': False, 'oneTarget': False, 'trialInstructionPos': (0, -1), 'probe': 'both', 'rightStreamFlip': False, 'horizVert': True, 'ISIframes': 2, 'rightResponseFirst': True}
902.4059 	INFO 	numtrials=360 and this trialDurFrames=7 or 116.666666667 ms  task=T1
903.4745 	EXP 	window1: recordFrameIntervals = False
903.4856 	INFO 	Mouse: using default window
905.1429 	DATA 	Keypress: m
905.3073 	DATA 	Keypress: o
905.4921 	DATA 	Keypress: m
906.2252 	DATA 	Keypress: s
906.5085 	DATA 	Keypress: e
906.8405 	DATA 	Keypress: c
906.9906 	EXP 	New trial (rep=10, index=6): {'leftStreamFlip': False, 'oneTarget': True, 'trialInstructionPos': (0, -1), 'probe': 'both', 'rightStreamFlip': False, 'horizVert': True, 'ISIframes': 2, 'rightResponseFirst': False}
907.0068 	INFO 	numtrials=360 and this trialDurFrames=7 or 116.666666667 ms  task=T1
908.2733 	EXP 	window1: recordFrameIntervals = False
908.2827 	INFO 	Mouse: using default window
909.3070 	DATA 	Keypress: e
909.4909 	DATA 	Keypress: a
909.7401 	DATA 	Keypress: r
909.8839 	EXP 	New trial (rep=10, index=7): {'leftStreamFlip': False, 'oneTarget': True, 'trialInstructionPos': (0, 1), 'probe': 'both', 'rightStreamFlip': False, 'horizVert': True, 'ISIframes': 2, 'rightResponseFirst': False}
909.9060 	INFO 	numtrials=360 and this trialDurFrames=7 or 116.666666667 ms  task=T1
911.0250 	EXP 	window1: recordFrameIntervals = False
911.0443 	INFO 	Mouse: using default window
912.0247 	DATA 	Keypress: c
912.1453 	DATA 	Keypress: a
912.4255 	DATA 	Keypress: r
912.5668 	EXP 	New trial (rep=10, index=8): {'leftStreamFlip': False, 'oneTarget': False, 'trialInstructionPos': (0, -1), 'probe': 'both', 'rightStreamFlip': False, 'horizVert': True, 'ISIframes': 2, 'rightResponseFirst': False}
912.5892 	INFO 	numtrials=360 and this trialDurFrames=7 or 116.666666667 ms  task=T1
913.6911 	EXP 	window1: recordFrameIntervals = False
913.7020 	INFO 	Mouse: using default window
915.9085 	DATA 	Keypress: d
916.0244 	DATA 	Keypress: e
916.9455 	DATA 	Keypress: backspace
917.1250 	DATA 	Keypress: backspace
918.6591 	DATA 	Keypress: c
918.7582 	DATA 	Keypress: o
919.2581 	DATA 	Keypress: x
919.7612 	DATA 	Keypress: d
919.8749 	DATA 	Keypress: e
920.0742 	DATA 	Keypress: r
920.2283 	EXP 	New trial (rep=10, index=9): {'leftStreamFlip': False, 'oneTarget': True, 'trialInstructionPos': (0, -1), 'probe': 'both', 'rightStreamFlip': False, 'horizVert': True, 'ISIframes': 2, 'rightResponseFirst': True}
920.2559 	INFO 	numtrials=360 and this trialDurFrames=7 or 116.666666667 ms  task=T1
921.3745 	EXP 	window1: recordFrameIntervals = False
921.3839 	INFO 	Mouse: using default window
922.3744 	DATA 	Keypress: p
923.5916 	DATA 	Keypress: i
923.7610 	DATA 	Keypress: t
923.9190 	EXP 	New trial (rep=10, index=10): {'leftStreamFlip': False, 'oneTarget': False, 'trialInstructionPos': (0, -1), 'probe': 'both', 'rightStreamFlip': False, 'horizVert': True, 'ISIframes': 2, 'rightResponseFirst': False}
923.9394 	INFO 	numtrials=360 and this trialDurFrames=7 or 116.666666667 ms  task=T1
925.1074 	EXP 	window1: recordFrameIntervals = False
925.1170 	INFO 	Mouse: using default window
928.1238 	DATA 	Keypress: d
928.2100 	DATA 	Keypress: o
928.4901 	DATA 	Keypress: g
929.1241 	DATA 	Keypress: t
929.2584 	DATA 	Keypress: o
929.8582 	DATA 	Keypress: g
930.0078 	EXP 	New trial (rep=10, index=11): {'leftStreamFlip': False, 'oneTarget': True, 'trialInstructionPos': (0, 1), 'probe': 'both', 'rightStreamFlip': False, 'horizVert': True, 'ISIframes': 2, 'rightResponseFirst': True}
930.0242 	INFO 	numtrials=360 and this trialDurFrames=7 or 116.666666667 ms  task=T1
931.1741 	EXP 	window1: recordFrameIntervals = False
931.1898 	INFO 	Mouse: using default window
932.0422 	DATA 	Keypress: l
932.2916 	DATA 	Keypress: i
932.6925 	DATA 	Keypress: p
932.8387 	EXP 	New trial (rep=11, index=0): {'leftStreamFlip': False, 'oneTarget': True, 'trialInstructionPos': (0, -1), 'probe': 'both', 'rightStreamFlip': False, 'horizVert': True, 'ISIframes': 2, 'rightResponseFirst': False}
932.8559 	INFO 	numtrials=360 and this trialDurFrames=7 or 116.666666667 ms  task=T1
933.9902 	EXP 	window1: recordFrameIntervals = False
933.9997 	INFO 	Mouse: using default window
934.8927 	DATA 	Keypress: w
934.9927 	DATA 	Keypress: a
935.4247 	DATA 	Keypress: r
935.5739 	EXP 	New trial (rep=11, index=1): {'leftStreamFlip': False, 'oneTarget': True, 'trialInstructionPos': (0, 1), 'probe': 'both', 'rightStreamFlip': False, 'horizVert': True, 'ISIframes': 2, 'rightResponseFirst': True}
935.5892 	INFO 	numtrials=360 and this trialDurFrames=7 or 116.666666667 ms  task=T1
936.6899 	EXP 	window1: recordFrameIntervals = False
936.6973 	INFO 	Mouse: using default window
938.0073 	DATA 	Keypress: c
938.1904 	DATA 	Keypress: a
942.9606 	DATA 	Keypress: r
943.1224 	EXP 	New trial (rep=11, index=2): {'leftStreamFlip': False, 'oneTarget': False, 'trialInstructionPos': (0, 1), 'probe': 'both', 'rightStreamFlip': False, 'horizVert': True, 'ISIframes': 2, 'rightResponseFirst': True}
943.1395 	INFO 	numtrials=360 and this trialDurFrames=7 or 116.666666667 ms  task=T1
944.1910 	EXP 	window1: recordFrameIntervals = False
944.2014 	INFO 	Mouse: using default window
945.0908 	DATA 	Keypress: s
945.2594 	DATA 	Keypress: i
945.4413 	DATA 	Keypress: n
946.8746 	DATA 	Keypress: c
946.9927 	DATA 	Keypress: i
947.1920 	DATA 	Keypress: n
947.3383 	EXP 	New trial (rep=11, index=3): {'leftStreamFlip': False, 'oneTarget': True, 'trialInstructionPos': (0, -1), 'probe': 'both', 'rightStreamFlip': False, 'horizVert': True, 'ISIframes': 2, 'rightResponseFirst': True}
947.3561 	INFO 	numtrials=360 and this trialDurFrames=7 or 116.666666667 ms  task=T1
948.4584 	EXP 	window1: recordFrameIntervals = False
948.4772 	INFO 	Mouse: using default window
949.8412 	DATA 	Keypress: r
950.0403 	DATA 	Keypress: o
950.7093 	DATA 	Keypress: w
950.8592 	EXP 	New trial (rep=11, index=4): {'leftStreamFlip': False, 'oneTarget': False, 'trialInstructionPos': (0, -1), 'probe': 'both', 'rightStreamFlip': False, 'horizVert': True, 'ISIframes': 2, 'rightResponseFirst': False}
950.8728 	INFO 	numtrials=360 and this trialDurFrames=7 or 116.666666667 ms  task=T1
952.0077 	EXP 	window1: recordFrameIntervals = False
952.0176 	INFO 	Mouse: using default window
954.0086 	DATA 	Keypress: f
954.1744 	DATA 	Keypress: o
954.5446 	DATA 	Keypress: x
955.1910 	DATA 	Keypress: l
955.4247 	DATA 	Keypress: i
955.6760 	DATA 	Keypress: e
955.8256 	EXP 	New trial (rep=11, index=5): {'leftStreamFlip': False, 'oneTarget': False, 'trialInstructionPos': (0, -1), 'probe': 'both', 'rightStreamFlip': False, 'horizVert': True, 'ISIframes': 2, 'rightResponseFirst': True}
955.8396 	INFO 	numtrials=360 and this trialDurFrames=7 or 116.666666667 ms  task=T1
956.9247 	EXP 	window1: recordFrameIntervals = False
956.9365 	INFO 	Mouse: using default window
958.1908 	DATA 	Keypress: e
958.2740 	DATA 	Keypress: a
959.1411 	DATA 	Keypress: r
960.0261 	DATA 	Keypress: d
960.1911 	DATA 	Keypress: u
960.3736 	DATA 	Keypress: g
960.5247 	EXP 	New trial (rep=11, index=6): {'leftStreamFlip': False, 'oneTarget': False, 'trialInstructionPos': (0, -1), 'probe': 'both', 'rightStreamFlip': False, 'horizVert': True, 'ISIframes': 2, 'rightResponseFirst': True}
960.5394 	INFO 	numtrials=360 and this trialDurFrames=7 or 116.666666667 ms  task=T1
961.7920 	EXP 	window1: recordFrameIntervals = False
961.8048 	INFO 	Mouse: using default window
963.2912 	DATA 	Keypress: e
963.6415 	DATA 	Keypress: g
963.8406 	DATA 	Keypress: g
964.4916 	DATA 	Keypress: w
964.6597 	DATA 	Keypress: i
965.8754 	DATA 	Keypress: backspace
966.7418 	DATA 	Keypress: i
967.0915 	DATA 	Keypress: g
967.2430 	EXP 	New trial (rep=11, index=7): {'leftStreamFlip': False, 'oneTarget': False, 'trialInstructionPos': (0, 1), 'probe': 'both', 'rightStreamFlip': False, 'horizVert': True, 'ISIframes': 2, 'rightResponseFirst': True}
967.2563 	INFO 	numtrials=360 and this trialDurFrames=7 or 116.666666667 ms  task=T1
968.2908 	EXP 	window1: recordFrameIntervals = False
968.3002 	INFO 	Mouse: using default window
975.4248 	DATA 	Keypress: z
976.6082 	DATA 	Keypress: backspace
977.2745 	DATA 	Keypress: lctrl
977.6913 	DATA 	Keypress: z
978.4928 	DATA 	Keypress: backspace
978.8915 	DATA 	Keypress: lctrl
979.1085 	DATA 	Keypress: lshift
979.4249 	DATA 	Keypress: z
979.4461 	INFO 	Stopping at 12:20 on 06 Aug 2018
979.4473 	ERROR 	user aborted experiment on keypress with trials done=139 of 361
979.4712 	INFO 	Program terminating normally.
