3.5714 	WARNING 	Monitor specification not found. Creating a temporary one...
27.5324 	EXP 	Created window1 = Window(allowGUI=False, allowStencil=False, autoLog=True, bitsMode=UNKNOWN, blendMode='avg', color=array([-0.7, -0.7, -0.7]), colorSpace='rgb', fullscr=UNKNOWN, gamma=None, lms=UNKNOWN, monitor=<psychopy.monitors.calibTools.Monitor object at 0x1A999190>, name='window1', pos=[0, 0], screen=0, size=array([1920, 1080]), stereo=False, units='deg', useFBO=False, useRetina=False, viewOri=0.0, viewPos=None, viewScale=None, waitBlanking=False, winType='pyglet')
27.5325 	INFO 	Mouse: using default window
27.5327 	EXP 	window1: units = 'norm'
27.6322 	EXP 	Created unnamed ImageStim = ImageStim(autoLog=True, color=array([ 1.,  1.,  1.]), colorSpace='rgb', contrast=1.0, depth=0, flipHoriz=False, flipVert=False, image=str(...), interpolate=False, mask=None, maskParams=None, name='unnamed ImageStim', opacity=1.0, ori=0.0, pos=array([-0.5,  0. ]), size=array([ 1.290625  ,  3.24814815]), texRes=128, units='norm', win=Window(...))
27.6989 	EXP 	Created unnamed ImageStim = ImageStim(autoLog=True, color=array([ 1.,  1.,  1.]), colorSpace='rgb', contrast=1.0, depth=0, flipHoriz=False, flipVert=False, image=str(...), interpolate=False, mask=None, maskParams=None, name='unnamed ImageStim', opacity=1.0, ori=0.0, pos=array([ 0.5,  0. ]), size=array([ 1.290625  ,  3.24814815]), texRes=128, units='norm', win=Window(...))
27.7150 	EXP 	Created OKrespZone = GratingStim(autoDraw=False, autoLog=True, color=array([ 1. ,  0.5,  0.5]), colorSpace='rgb', contrast=1.0, depth=0, interpolate=False, mask='gauss', maskParams=None, name='OKrespZone', opacity=1.0, ori=0.0, phase=array([ 0.,  0.]), pos=array([-0.2 , -0.92]), rgbPedestal=array([ 0.,  0.,  0.]), sf=array([ 0.,  0.]), size=array([ 2.3,  0.2]), tex='sin', texRes=256, units='norm', win=Window(...))
27.8988 	EXP 	unnamed ImageStim: size = (1, 2)
27.8988 	EXP 	unnamed ImageStim: size = (1, 2)
137.0276 	DATA 	Mouse: Left button down, pos=(558,33)
137.0419 	EXP 	window1: units = 'deg'
137.0422 	EXP 	window1: units = 'norm'
137.0660 	EXP 	Created OKrespZone = GratingStim(autoDraw=False, autoLog=True, color=array([ 1. ,  0.5,  0.5]), colorSpace='rgb', contrast=1.0, depth=0, interpolate=False, mask='gauss', maskParams=None, name='OKrespZone', opacity=1.0, ori=0.0, phase=array([ 0.,  0.]), pos=array([-0.2 , -0.92]), rgbPedestal=array([ 0.,  0.,  0.]), sf=array([ 0.,  0.]), size=array([ 2.3,  0.2]), tex='sin', texRes=256, units='norm', win=Window(...))
137.1566 	EXP 	Created unnamed ImageStim = ImageStim(autoLog=True, color=array([ 1.,  1.,  1.]), colorSpace='rgb', contrast=1.0, depth=0, flipHoriz=False, flipVert=False, image='abgdj\\PISandConsentForm\\consentForm.png', interpolate=False, mask=None, maskParams=None, name='unnamed ImageStim', opacity=1.0, ori=0.0, pos=array([ 0.,  0.]), size=array([ 1.3375    ,  2.97407407]), texRes=128, units='norm', win=Window(...))
137.1987 	EXP 	Created unnamed GratingStim = GratingStim(autoDraw=False, autoLog=True, color=array([ 1. ,  0.5,  0.5]), colorSpace='rgb', contrast=1.0, depth=0, interpolate=False, mask='gauss', maskParams=None, name='unnamed GratingStim', opacity=1.0, ori=0.0, phase=array([ 0.,  0.]), pos=array([-0.2 , -0.42]), rgbPedestal=array([ 0.,  0.,  0.]), sf=array([ 0.,  0.]), size=array([ 0.3,  0.2]), tex='sin', texRes=256, units='norm', win=Window(...))
137.2420 	EXP 	Created unnamed GratingStim = GratingStim(autoDraw=False, autoLog=True, color=array([ 1. ,  0.5,  0.5]), colorSpace='rgb', contrast=1.0, depth=0, interpolate=False, mask='gauss', maskParams=None, name='unnamed GratingStim', opacity=1.0, ori=0.0, phase=array([ 0.,  0.]), pos=array([ 0.1 , -0.42]), rgbPedestal=array([ 0.,  0.,  0.]), sf=array([ 0.,  0.]), size=array([ 0.3,  0.2]), tex='sin', texRes=256, units='norm', win=Window(...))
137.2636 	EXP 	Created unnamed GratingStim = GratingStim(autoDraw=False, autoLog=True, color=array([ 1. ,  0.5,  0.5]), colorSpace='rgb', contrast=1.0, depth=0, interpolate=False, mask='gauss', maskParams=None, name='unnamed GratingStim', opacity=1.0, ori=0.0, phase=array([ 0.,  0.]), pos=array([-0.2 , -0.72]), rgbPedestal=array([ 0.,  0.,  0.]), sf=array([ 0.,  0.]), size=array([ 0.3,  0.2]), tex='sin', texRes=256, units='norm', win=Window(...))
137.2856 	EXP 	Created unnamed GratingStim = GratingStim(autoDraw=False, autoLog=True, color=array([ 1. ,  0.5,  0.5]), colorSpace='rgb', contrast=1.0, depth=0, interpolate=False, mask='gauss', maskParams=None, name='unnamed GratingStim', opacity=1.0, ori=0.0, phase=array([ 0.,  0.]), pos=array([ 0.1 , -0.72]), rgbPedestal=array([ 0.,  0.,  0.]), sf=array([ 0.,  0.]), size=array([ 0.3,  0.2]), tex='sin', texRes=256, units='norm', win=Window(...))
137.2898 	DATA 	Mouse:  Left button up, pos=(558,33)
137.2956 	EXP 	unnamed ImageStim: size = (1.1, 2)
143.0247 	DATA 	Mouse: Left button down, pos=(769,307)
143.1246 	DATA 	Mouse:  Left button up, pos=(769,307)
143.7581 	DATA 	Mouse: Left button down, pos=(771,149)
143.8578 	DATA 	Mouse:  Left button up, pos=(771,149)
197.5085 	DATA 	Mouse: Left button down, pos=(900,37)
197.5249 	EXP 	window1: units = 'deg'
197.5317 	EXP 	window1: mouseVisible = True
211.0117 	EXP 	Created window1 = Window(allowGUI=False, allowStencil=False, autoLog=True, bitsMode=UNKNOWN, blendMode='avg', color=array([-0.7, -0.7, -0.7]), colorSpace='rgb', fullscr=UNKNOWN, gamma=None, lms=UNKNOWN, monitor=<psychopy.monitors.calibTools.Monitor object at 0x1A999190>, name='window1', pos=[0, 0], screen=0, size=array([1920, 1080]), stereo=False, units='deg', useFBO=False, useRetina=False, viewOri=0.0, viewPos=None, viewScale=None, waitBlanking=False, winType='pyglet')
216.4462 	INFO 	#[ PsychoPy2 RuntimeInfoStart ]
  #[[ PsychoPy ]] #---------
    psychopyVersion: 1.84.2
    psychopyHaveExtRush: True
  #[[ Experiment ]] #---------
    experimentAuthor: None
    experimentAuthVersion: None
    experimentRunTime: 2018_08_01 12:44 (Year_Month_Day Hour:Min)
    experimentRunTime.epoch: 1533091442
    experimentScript: psyc1002.py
    experimentScript.digestSHA1: 54192af97dd76e67dd8faf41f61890fe38fff5f8
    experimentScript.directory: U:\PSYC1002\abgdj
  #[[ System ]] #---------
    systemHaveInternetAccess: True
    systemHostName: W5FF4LG2
    systemLocale: English_United States.1252
    systemMemFreeRAM: 3785.31640625
    systemMemTotalRAM: 8076.9453125
    systemPlatform: windowsversion=sys.getwindowsversion(major=6, minor=2, build=9200, platform=2, service_pack='')
    systemPyo.InputDevices: {4: {'host api index': 2, 'latency': 0.008707483299076557, 'default sr': 44100, 'name': u'Realtek ASIO'}}
    systemPyo.OutputDevices: {0: {'host api index': 0, 'latency': 0.09000000357627869, 'default sr': 44100, 'name': u'Microsoft Sound Mapper - Output'}, 1: {'host api index': 0, 'latency': 0.09000000357627869, 'default sr': 44100, 'name': u'Speakers / Headphones (Realtek '}, 2: {'host api index': 1, 'latency': 0.11999999731779099, 'default sr': 44100, 'name': u'Primary Sound Driver'}, 3: {'host api index': 1, 'latency': 0.11999999731779099, 'default sr': 44100, 'name': u'Speakers / Headphones (Realtek High Definition Audio)'}, 4: {'host api index': 2, 'latency': 0.008707483299076557, 'default sr': 44100, 'name': u'Realtek ASIO'}, 5: {'host api index': 3, 'latency': 0.003000000026077032, 'default sr': 48000, 'name': u'Speakers / Headphones (Realtek High Definition Audio)'}}
    systemPyoVersion: 0.8.0
    systemRebooted: System Boot Time:          8/1/2018, 2:17:06 AM
    systemSec.pythonSSL: True
    systemTimeNumpySD1000000_sec: 0.0074
    systemUser: bleo3225
    systemUserID: 1000
    systemUserProcCmdPid: LabStatsUserSpace.exe dwm.exe TiWorker.exe CmRcService.exe nierserver.exe LabStatsClient.exe tagsrv.exe SearchUI.exe rundll32.exe OneDrive.exe nipxism.exe WmiPrvSE.exe niLxiDiscovery.exe SecurityHealthService.exe redirector.exe server_admin.exe pc-client.exe lkads.exe svchost.exe ni_usbmon.exe AGSService.exe System SISIDSService.exe SelfServicePlugin.exe explorer.exe smss.exe ApplicationWebServer.exe RuntimeBroker.exe acrotray.exe niauth_daemon.exe cmd.exe nidmsrv.exe Receiver.exe SISIPSService.exe lktsrv.exe lsass.exe python.exe RtkNGUI64.exe sisipsutil.exe AdobeUpdateService.exe armsvc.exe ssonsvr.exe concentr.exe nidevldu.exe taskhostw.exe ctfmon.exe RAVBg64.exe ''Memory Compression'' NIWebServiceContainer.exe nimxs.exe RtkAudioService64.exe chrome.exe SystemWebServer.exe tasklist.exe snowagent.exe CcmExec.exe SmcGui.exe nicitdl5.exe services.exe niDiscSvc.exe sqlwriter.exe MSASCuiL.exe SCNotification.exe nimdnsResponder.exe server_runtime.exe sihost.exe spoolsv.exe wininit.exe winlogon.exe ShellExperienceHost.exe nidevmon.exe SearchIndexer.exe csrss.exe ''intelliadmin idletime.exe'' TrustedInstaller.exe audiodg.exe fontdrvhost.exe dllhost.exe unsecapp.exe ccSvcHst.exe wfcrun32.exe nisvcloc.exe server_eventlog.exe lkcitdl.exe AuthManSvr.exe conhost.exe
    systemUserProcCount: 183
    systemUserProcFlagged: Explorer
    systemUsersCount: False
  #[[ Window ]] #---------
    windowWinType: pyglet
    windowWaitBlanking: False
    windowUseNativeGamma: True
    windowUnits: deg
    windowSize_pix: [1920 1080]
    windowScreen: 0
    windowRgb: [-0.7 -0.7 -0.7]
    windowRefreshTimeSD_ms: 0.396
    windowRefreshTimeMedian_ms: 16.705
    windowRefreshTimeAvg_ms: 16.681
    windowRefreshThreshold_sec: 0.0200
    windowRecordFrameIntervals: False
    windowPos_pix: [0, 0]
    windowMonitor.name: testmonitor
    windowMonitor.getWidth_cm: 57.0
    windowMonitor.getLinearizeMethod: 1
    windowMonitor.getGammaGrid: [[  0.   1.   1.  nan  nan  nan]
 [  0.   1.   1.  nan  nan  nan]
 [  0.   1.   1.  nan  nan  nan]
 [  0.   1.   1.  nan  nan  nan]]
    windowMonitor.getDistance_cm: 57.0
    windowMonitor.gammaInterpolator2: None
    windowMonitor.gammaInterpolator: None
    windowMonitor.currentCalibName: 2018_08_01 12:40
    windowIsFullScr: True
    windowHaveShaders: True
    windowAllowGUI: False
  #[[ Python ]] #---------
    pythonWxVersion: 3.0.2.0 msw (classic)
    pythonVersion: 2.7.11
    pythonScipyVersion: 0.17.1
    pythonPygletVersion: 1.2.4
    pythonPygameVersion: 1.9.2pre
    pythonNumpyVersion: 1.11.0
    pythonMatplotlibVersion: 1.5.1
    pythonFullVersion: 2.7.11 (v2.7.11:6d1b6a68f775, Dec  5 2015, 20:32:19) [MSC v.1500 32 bit (Intel)]
    pythonExecutable: C:\Program Files (x86)\PsychoPy2\python.exe
  #[[ OpenGL ]] #---------
    openGLVersion: 4.4.0 - Build 21.20.16.4627
    openGLVendor: Intel
    openGLRenderingEngine: Intel(R) HD Graphics 530
    openGLmaxVerticesInVertexArray: 1048576
    False: openGLext.GL_STEREO
    True: openGLext.GL_EXT_framebuffer_object
    True: openGLext.GL_ARB_vertex_shader
    True: openGLext.GL_ARB_texture_non_power_of_two
    True: openGLext.GL_ARB_texture_float
    True: openGLext.GL_ARB_shader_objects
    True: openGLext.GL_ARB_multitexture
    True: openGLext.GL_ARB_fragment_program
#[ PsychoPy2 RuntimeInfoEnd ]

216.4912 	EXP 	window1: recordFrameIntervals = True
217.3244 	EXP 	window1: recordFrameIntervals = False
217.3270 	INFO 	Frames per second ~=60.0, which is close enough to desired val of 60.0
217.4569 	EXP 	Created sequence: random, trialTypes=12, nReps=30, seed=None
217.6538 	INFO 	Mouse: using default window
217.6735 	EXP 	Created OKrespZone = GratingStim(autoDraw=False, autoLog=True, color=array([ 1.,  1.,  1.]), colorSpace='rgb', contrast=1.0, depth=0, interpolate=False, mask='gauss', maskParams=None, name='OKrespZone', opacity=1.0, ori=0.0, phase=array([ 0.,  0.]), pos=array([ 0.  ,  0.88]), rgbPedestal=array([ 0.,  0.,  0.]), sf=array([ 0.,  0.]), size=array([ 2. ,  0.2]), tex='sin', texRes=256, units='norm', win=Window(...))
239.8881 	DATA 	Mouse: Left button down, pos=(134,955)
239.9905 	DATA 	Mouse:  Left button up, pos=(134,955)
247.1682 	DATA 	Mouse: Left button down, pos=(133,536)
247.2464 	DATA 	Mouse:  Left button up, pos=(133,535)
249.9122 	DATA 	Mouse: Left button down, pos=(133,321)
249.9748 	DATA 	Mouse:  Left button up, pos=(133,321)
251.4318 	DATA 	Mouse: Left button down, pos=(121,52)
251.5105 	DATA 	Mouse:  Left button up, pos=(119,51)
254.6879 	DATA 	Mouse: Left button down, pos=(340,881)
254.7463 	DATA 	Mouse:  Left button up, pos=(340,881)
257.2709 	DATA 	Mouse: Left button down, pos=(299,531)
257.3266 	DATA 	Mouse:  Left button up, pos=(299,531)
258.7916 	DATA 	Mouse: Left button down, pos=(315,464)
258.8704 	DATA 	Mouse:  Left button up, pos=(315,464)
261.6083 	DATA 	Mouse: Left button down, pos=(328,254)
261.6631 	DATA 	Mouse:  Left button up, pos=(328,254)
263.4801 	DATA 	Mouse: Left button down, pos=(322,121)
263.5424 	DATA 	Mouse:  Left button up, pos=(322,121)
265.8164 	DATA 	Mouse: Left button down, pos=(553,884)
265.8784 	DATA 	Mouse:  Left button up, pos=(553,884)
270.0232 	DATA 	Mouse: Left button down, pos=(526,604)
270.0792 	DATA 	Mouse:  Left button up, pos=(526,604)
274.8808 	DATA 	Mouse: Left button down, pos=(549,329)
274.9353 	DATA 	Mouse:  Left button up, pos=(549,329)
276.0874 	DATA 	Mouse: Left button down, pos=(576,51)
276.1584 	DATA 	Mouse:  Left button up, pos=(576,51)
278.8797 	DATA 	Mouse: Left button down, pos=(742,740)
278.9342 	DATA 	Mouse:  Left button up, pos=(742,740)
280.4880 	DATA 	Mouse: Left button down, pos=(769,606)
280.5454 	DATA 	Mouse:  Left button up, pos=(769,606)
282.3517 	DATA 	Mouse: Left button down, pos=(779,325)
282.4072 	DATA 	Mouse:  Left button up, pos=(779,325)
299.4147 	DATA 	Mouse: Left button down, pos=(908,1017)
299.4311 	INFO 	Experiment will have 360 trials. Letters will be drawn with superposed noise of 0.00%
299.4481 	EXP 	New trial (rep=0, index=0): {'leftStreamFlip': False, 'oneTarget': False, 'trialInstructionPos': (0, -1), 'probe': 'both', 'rightStreamFlip': False, 'horizVert': False, 'ISIframes': 1, 'rightResponseFirst': True}
299.4482 	INFO 	Starting main part of experiment
299.4918 	DATA 	Mouse:  Left button up, pos=(908,1017)
300.6405 	INFO 	numtrials=360 and this trialDurFrames=12 or 200.0 ms  task=T1
302.4922 	EXP 	window1: recordFrameIntervals = False
302.5094 	INFO 	Mouse: using default window
313.6752 	DATA 	Keypress: f
317.1761 	DATA 	Keypress: s
317.3612 	EXP 	New trial (rep=0, index=1): {'leftStreamFlip': False, 'oneTarget': True, 'trialInstructionPos': (0, -1), 'probe': 'both', 'rightStreamFlip': False, 'horizVert': False, 'ISIframes': 1, 'rightResponseFirst': False}
323.6439 	DATA 	Mouse: Left button down, pos=(1230,210)
323.7914 	DATA 	Mouse:  Left button up, pos=(1230,210)
326.8755 	INFO 	numtrials=360 and this trialDurFrames=8 or 133.333333333 ms  task=T1
328.5927 	EXP 	window1: recordFrameIntervals = False
328.6020 	INFO 	Mouse: using default window
330.3417 	DATA 	Keypress: k
330.4855 	EXP 	New trial (rep=0, index=2): {'leftStreamFlip': False, 'oneTarget': False, 'trialInstructionPos': (0, 1), 'probe': 'both', 'rightStreamFlip': False, 'horizVert': False, 'ISIframes': 1, 'rightResponseFirst': False}
330.5080 	INFO 	numtrials=360 and this trialDurFrames=5 or 83.3333333333 ms  task=T1
332.1092 	EXP 	window1: recordFrameIntervals = False
332.1265 	INFO 	Mouse: using default window
335.6761 	DATA 	Keypress: f
337.5438 	DATA 	Keypress: k
337.6890 	EXP 	New trial (rep=0, index=3): {'leftStreamFlip': False, 'oneTarget': False, 'trialInstructionPos': (0, 1), 'probe': 'both', 'rightStreamFlip': False, 'horizVert': False, 'ISIframes': 1, 'rightResponseFirst': True}
337.7071 	INFO 	numtrials=360 and this trialDurFrames=3 or 50.0 ms  task=T1
338.8424 	EXP 	window1: recordFrameIntervals = False
338.8578 	INFO 	Mouse: using default window
342.4088 	DATA 	Keypress: p
344.9917 	DATA 	Keypress: k
345.1380 	EXP 	New trial (rep=0, index=4): {'leftStreamFlip': False, 'oneTarget': False, 'trialInstructionPos': (0, -1), 'probe': 'both', 'rightStreamFlip': False, 'horizVert': False, 'ISIframes': 1, 'rightResponseFirst': True}
345.1573 	INFO 	numtrials=360 and this trialDurFrames=4 or 66.6666666667 ms  task=T1
346.2919 	EXP 	window1: recordFrameIntervals = False
346.3028 	INFO 	Mouse: using default window
349.1422 	DATA 	Keypress: s
350.7753 	DATA 	Keypress: g
350.9248 	EXP 	New trial (rep=0, index=5): {'leftStreamFlip': False, 'oneTarget': True, 'trialInstructionPos': (0, 1), 'probe': 'both', 'rightStreamFlip': False, 'horizVert': False, 'ISIframes': 1, 'rightResponseFirst': False}
350.9427 	INFO 	numtrials=360 and this trialDurFrames=4 or 66.6666666667 ms  task=T1
351.9757 	EXP 	window1: recordFrameIntervals = False
351.9976 	INFO 	Mouse: using default window
353.8090 	DATA 	Keypress: a
353.9537 	EXP 	New trial (rep=0, index=6): {'leftStreamFlip': False, 'oneTarget': True, 'trialInstructionPos': (0, 1), 'probe': 'both', 'rightStreamFlip': False, 'horizVert': False, 'ISIframes': 1, 'rightResponseFirst': True}
353.9740 	INFO 	numtrials=360 and this trialDurFrames=4 or 66.6666666667 ms  task=T1
355.1095 	EXP 	window1: recordFrameIntervals = False
355.1275 	INFO 	Mouse: using default window
357.5444 	DATA 	Keypress: s
357.7056 	EXP 	New trial (rep=0, index=7): {'leftStreamFlip': False, 'oneTarget': False, 'trialInstructionPos': (0, 1), 'probe': 'both', 'rightStreamFlip': False, 'horizVert': False, 'ISIframes': 1, 'rightResponseFirst': True}
357.7240 	INFO 	numtrials=360 and this trialDurFrames=4 or 66.6666666667 ms  task=T1
358.7425 	EXP 	window1: recordFrameIntervals = False
358.7519 	INFO 	Mouse: using default window
360.8436 	DATA 	Keypress: s
362.6752 	DATA 	Keypress: y
362.8218 	EXP 	New trial (rep=0, index=8): {'leftStreamFlip': False, 'oneTarget': False, 'trialInstructionPos': (0, 1), 'probe': 'both', 'rightStreamFlip': False, 'horizVert': False, 'ISIframes': 1, 'rightResponseFirst': False}
362.8414 	INFO 	numtrials=360 and this trialDurFrames=4 or 66.6666666667 ms  task=T1
363.8747 	EXP 	window1: recordFrameIntervals = False
363.8840 	INFO 	Mouse: using default window
366.0258 	DATA 	Keypress: s
367.4423 	DATA 	Keypress: h
367.5886 	EXP 	New trial (rep=0, index=9): {'leftStreamFlip': False, 'oneTarget': True, 'trialInstructionPos': (0, -1), 'probe': 'both', 'rightStreamFlip': False, 'horizVert': False, 'ISIframes': 1, 'rightResponseFirst': True}
367.6073 	INFO 	numtrials=360 and this trialDurFrames=4 or 66.6666666667 ms  task=T1
368.7929 	EXP 	window1: recordFrameIntervals = False
368.8047 	INFO 	Mouse: using default window
370.7606 	DATA 	Keypress: h
370.9063 	EXP 	New trial (rep=0, index=10): {'leftStreamFlip': False, 'oneTarget': False, 'trialInstructionPos': (0, -1), 'probe': 'both', 'rightStreamFlip': False, 'horizVert': False, 'ISIframes': 1, 'rightResponseFirst': False}
370.9240 	INFO 	numtrials=360 and this trialDurFrames=5 or 83.3333333333 ms  task=T1
372.1253 	EXP 	window1: recordFrameIntervals = False
372.1366 	INFO 	Mouse: using default window
375.0763 	DATA 	Keypress: a
376.7760 	DATA 	Keypress: j
376.9259 	EXP 	New trial (rep=0, index=11): {'leftStreamFlip': False, 'oneTarget': False, 'trialInstructionPos': (0, -1), 'probe': 'both', 'rightStreamFlip': False, 'horizVert': False, 'ISIframes': 1, 'rightResponseFirst': False}
376.9406 	INFO 	numtrials=360 and this trialDurFrames=5 or 83.3333333333 ms  task=T1
378.0595 	EXP 	window1: recordFrameIntervals = False
378.0715 	INFO 	Mouse: using default window
380.9593 	DATA 	Keypress: f
381.9583 	DATA 	Keypress: k
382.1060 	EXP 	New trial (rep=1, index=0): {'leftStreamFlip': False, 'oneTarget': True, 'trialInstructionPos': (0, -1), 'probe': 'both', 'rightStreamFlip': False, 'horizVert': False, 'ISIframes': 1, 'rightResponseFirst': True}
382.1238 	INFO 	numtrials=360 and this trialDurFrames=5 or 83.3333333333 ms  task=T1
383.2425 	EXP 	window1: recordFrameIntervals = False
383.2535 	INFO 	Mouse: using default window
385.0084 	DATA 	Keypress: z
385.1533 	EXP 	New trial (rep=1, index=1): {'leftStreamFlip': False, 'oneTarget': False, 'trialInstructionPos': (0, -1), 'probe': 'both', 'rightStreamFlip': False, 'horizVert': False, 'ISIframes': 1, 'rightResponseFirst': False}
385.1738 	INFO 	numtrials=360 and this trialDurFrames=5 or 83.3333333333 ms  task=T1
386.2755 	EXP 	window1: recordFrameIntervals = False
386.2864 	INFO 	Mouse: using default window
389.4252 	DATA 	Keypress: u
391.0932 	DATA 	Keypress: a
391.2376 	EXP 	New trial (rep=1, index=2): {'leftStreamFlip': False, 'oneTarget': False, 'trialInstructionPos': (0, -1), 'probe': 'both', 'rightStreamFlip': False, 'horizVert': False, 'ISIframes': 1, 'rightResponseFirst': True}
391.2572 	INFO 	numtrials=360 and this trialDurFrames=5 or 83.3333333333 ms  task=T1
392.2915 	EXP 	window1: recordFrameIntervals = False
392.3002 	INFO 	Mouse: using default window
394.6425 	DATA 	Keypress: s
397.5593 	DATA 	Keypress: n
397.7043 	EXP 	New trial (rep=1, index=3): {'leftStreamFlip': False, 'oneTarget': False, 'trialInstructionPos': (0, -1), 'probe': 'both', 'rightStreamFlip': False, 'horizVert': False, 'ISIframes': 1, 'rightResponseFirst': True}
397.7241 	INFO 	numtrials=360 and this trialDurFrames=5 or 83.3333333333 ms  task=T1
398.7750 	EXP 	window1: recordFrameIntervals = False
398.7883 	INFO 	Mouse: using default window
400.7930 	DATA 	Keypress: k
402.2750 	DATA 	Keypress: n
402.4222 	EXP 	New trial (rep=1, index=4): {'leftStreamFlip': False, 'oneTarget': False, 'trialInstructionPos': (0, 1), 'probe': 'both', 'rightStreamFlip': False, 'horizVert': False, 'ISIframes': 1, 'rightResponseFirst': False}
402.4409 	INFO 	numtrials=360 and this trialDurFrames=5 or 83.3333333333 ms  task=T1
403.6591 	EXP 	window1: recordFrameIntervals = False
403.6756 	INFO 	Mouse: using default window
406.3252 	DATA 	Keypress: j
407.4631 	DATA 	Keypress: n
407.6405 	EXP 	New trial (rep=1, index=5): {'leftStreamFlip': False, 'oneTarget': True, 'trialInstructionPos': (0, 1), 'probe': 'both', 'rightStreamFlip': False, 'horizVert': False, 'ISIframes': 1, 'rightResponseFirst': True}
407.6590 	INFO 	numtrials=360 and this trialDurFrames=5 or 83.3333333333 ms  task=T1
408.8248 	EXP 	window1: recordFrameIntervals = False
408.8326 	INFO 	Mouse: using default window
430.8260 	DATA 	Keypress: a
430.9708 	EXP 	New trial (rep=1, index=6): {'leftStreamFlip': False, 'oneTarget': False, 'trialInstructionPos': (0, 1), 'probe': 'both', 'rightStreamFlip': False, 'horizVert': False, 'ISIframes': 1, 'rightResponseFirst': True}
430.9910 	INFO 	numtrials=360 and this trialDurFrames=5 or 83.3333333333 ms  task=T1
432.0918 	EXP 	window1: recordFrameIntervals = False
432.1059 	INFO 	Mouse: using default window
434.5765 	DATA 	Keypress: r
436.1095 	DATA 	Keypress: y
436.2565 	EXP 	New trial (rep=1, index=7): {'leftStreamFlip': False, 'oneTarget': False, 'trialInstructionPos': (0, -1), 'probe': 'both', 'rightStreamFlip': False, 'horizVert': False, 'ISIframes': 1, 'rightResponseFirst': False}
436.2740 	INFO 	numtrials=360 and this trialDurFrames=5 or 83.3333333333 ms  task=T1
437.4417 	EXP 	window1: recordFrameIntervals = False
437.4505 	INFO 	Mouse: using default window
440.7763 	DATA 	Keypress: g
442.3118 	DATA 	Keypress: r
442.4699 	EXP 	New trial (rep=1, index=8): {'leftStreamFlip': False, 'oneTarget': True, 'trialInstructionPos': (0, -1), 'probe': 'both', 'rightStreamFlip': False, 'horizVert': False, 'ISIframes': 1, 'rightResponseFirst': False}
442.4908 	INFO 	numtrials=360 and this trialDurFrames=5 or 83.3333333333 ms  task=T1
443.7082 	EXP 	window1: recordFrameIntervals = False
443.7164 	INFO 	Mouse: using default window
444.9094 	DATA 	Keypress: c
445.0523 	EXP 	New trial (rep=1, index=9): {'leftStreamFlip': False, 'oneTarget': True, 'trialInstructionPos': (0, 1), 'probe': 'both', 'rightStreamFlip': False, 'horizVert': False, 'ISIframes': 1, 'rightResponseFirst': False}
445.0742 	INFO 	numtrials=360 and this trialDurFrames=5 or 83.3333333333 ms  task=T1
446.2765 	EXP 	window1: recordFrameIntervals = False
446.2916 	INFO 	Mouse: using default window
447.3588 	DATA 	Keypress: e
447.5053 	EXP 	New trial (rep=1, index=10): {'leftStreamFlip': False, 'oneTarget': False, 'trialInstructionPos': (0, 1), 'probe': 'both', 'rightStreamFlip': False, 'horizVert': False, 'ISIframes': 1, 'rightResponseFirst': True}
447.5261 	INFO 	numtrials=360 and this trialDurFrames=5 or 83.3333333333 ms  task=T1
448.5580 	EXP 	window1: recordFrameIntervals = False
448.5645 	INFO 	Mouse: using default window
450.3753 	DATA 	Keypress: e
451.6427 	DATA 	Keypress: a
451.7894 	EXP 	New trial (rep=1, index=11): {'leftStreamFlip': False, 'oneTarget': False, 'trialInstructionPos': (0, 1), 'probe': 'both', 'rightStreamFlip': False, 'horizVert': False, 'ISIframes': 1, 'rightResponseFirst': False}
451.8074 	INFO 	numtrials=360 and this trialDurFrames=5 or 83.3333333333 ms  task=T1
453.0261 	EXP 	window1: recordFrameIntervals = False
453.0438 	INFO 	Mouse: using default window
456.4434 	DATA 	Keypress: y
457.6424 	DATA 	Keypress: t
457.7885 	EXP 	New trial (rep=2, index=0): {'leftStreamFlip': False, 'oneTarget': False, 'trialInstructionPos': (0, -1), 'probe': 'both', 'rightStreamFlip': False, 'horizVert': False, 'ISIframes': 1, 'rightResponseFirst': False}
457.8074 	INFO 	numtrials=360 and this trialDurFrames=5 or 83.3333333333 ms  task=T1
459.0080 	EXP 	window1: recordFrameIntervals = False
459.0158 	INFO 	Mouse: using default window
461.6592 	DATA 	Keypress: n
462.7932 	DATA 	Keypress: r
462.9383 	EXP 	New trial (rep=2, index=1): {'leftStreamFlip': False, 'oneTarget': True, 'trialInstructionPos': (0, -1), 'probe': 'both', 'rightStreamFlip': False, 'horizVert': False, 'ISIframes': 1, 'rightResponseFirst': False}
462.9574 	INFO 	numtrials=360 and this trialDurFrames=5 or 83.3333333333 ms  task=T1
464.0423 	EXP 	window1: recordFrameIntervals = False
464.0524 	INFO 	Mouse: using default window
465.2260 	DATA 	Keypress: u
465.3678 	EXP 	New trial (rep=2, index=2): {'leftStreamFlip': False, 'oneTarget': False, 'trialInstructionPos': (0, 1), 'probe': 'both', 'rightStreamFlip': False, 'horizVert': False, 'ISIframes': 1, 'rightResponseFirst': True}
465.3909 	INFO 	numtrials=360 and this trialDurFrames=5 or 83.3333333333 ms  task=T1
466.4752 	EXP 	window1: recordFrameIntervals = False
466.4855 	INFO 	Mouse: using default window
468.4762 	DATA 	Keypress: u
469.6093 	DATA 	Keypress: h
469.7566 	EXP 	New trial (rep=2, index=3): {'leftStreamFlip': False, 'oneTarget': False, 'trialInstructionPos': (0, 1), 'probe': 'both', 'rightStreamFlip': False, 'horizVert': False, 'ISIframes': 1, 'rightResponseFirst': True}
469.7740 	INFO 	numtrials=360 and this trialDurFrames=5 or 83.3333333333 ms  task=T1
470.9931 	EXP 	window1: recordFrameIntervals = False
471.0151 	INFO 	Mouse: using default window
472.7918 	DATA 	Keypress: h
473.9421 	DATA 	Keypress: s
474.0895 	EXP 	New trial (rep=2, index=4): {'leftStreamFlip': False, 'oneTarget': False, 'trialInstructionPos': (0, -1), 'probe': 'both', 'rightStreamFlip': False, 'horizVert': False, 'ISIframes': 1, 'rightResponseFirst': True}
474.1073 	INFO 	numtrials=360 and this trialDurFrames=5 or 83.3333333333 ms  task=T1
475.3416 	EXP 	window1: recordFrameIntervals = False
475.3501 	INFO 	Mouse: using default window
478.4424 	DATA 	Keypress: u
479.3090 	DATA 	Keypress: n
479.4525 	EXP 	New trial (rep=2, index=5): {'leftStreamFlip': False, 'oneTarget': True, 'trialInstructionPos': (0, -1), 'probe': 'both', 'rightStreamFlip': False, 'horizVert': False, 'ISIframes': 1, 'rightResponseFirst': True}
479.4738 	INFO 	numtrials=360 and this trialDurFrames=5 or 83.3333333333 ms  task=T1
480.5593 	EXP 	window1: recordFrameIntervals = False
480.5685 	INFO 	Mouse: using default window
539.7265 	DATA 	Keypress: lctrl
539.9282 	DATA 	Keypress: lshift
540.5252 	DATA 	Keypress: z
540.5469 	INFO 	Stopping at 12:49 on 01 Aug 2018
540.5480 	ERROR 	user aborted experiment on keypress with trials done=29 of 361
540.5651 	INFO 	Program terminating normally.
